[2024-07-31T11:27:27.055+0900] {local_task_job_runner.py:120} INFO - ::group::Pre task execution logs
[2024-07-31T11:27:27.066+0900] {taskinstance.py:2076} INFO - Dependencies all met for dep_context=non-requeueable deps ti=<TaskInstance: movie.save.data scheduled__2024-07-27T02:10:00+00:00 [queued]>
[2024-07-31T11:27:27.070+0900] {taskinstance.py:2076} INFO - Dependencies all met for dep_context=requeueable deps ti=<TaskInstance: movie.save.data scheduled__2024-07-27T02:10:00+00:00 [queued]>
[2024-07-31T11:27:27.070+0900] {taskinstance.py:2306} INFO - Starting attempt 2 of 3
[2024-07-31T11:27:27.076+0900] {taskinstance.py:2330} INFO - Executing <Task(PythonVirtualenvOperator): save.data> on 2024-07-27 02:10:00+00:00
[2024-07-31T11:27:27.079+0900] {standard_task_runner.py:64} INFO - Started process 11016 to run task
[2024-07-31T11:27:27.081+0900] {standard_task_runner.py:90} INFO - Running: ['airflow', 'tasks', 'run', 'movie', 'save.data', 'scheduled__2024-07-27T02:10:00+00:00', '--job-id', '753', '--raw', '--subdir', 'DAGS_FOLDER/movie.py', '--cfg-path', '/var/folders/qv/0knwm5h50ml0skpppwpbks_r0000gp/T/tmpyfrnzt28']
[2024-07-31T11:27:27.083+0900] {standard_task_runner.py:91} INFO - Job 753: Subtask save.data
[2024-07-31T11:27:27.097+0900] {task_command.py:426} INFO - Running <TaskInstance: movie.save.data scheduled__2024-07-27T02:10:00+00:00 [running]> on host jeongui-MacBookPro.local
[2024-07-31T11:27:27.121+0900] {taskinstance.py:2648} INFO - Exporting env vars: AIRFLOW_CTX_DAG_OWNER='airflow' AIRFLOW_CTX_DAG_ID='movie' AIRFLOW_CTX_TASK_ID='save.data' AIRFLOW_CTX_EXECUTION_DATE='2024-07-27T02:10:00+00:00' AIRFLOW_CTX_TRY_NUMBER='2' AIRFLOW_CTX_DAG_RUN_ID='scheduled__2024-07-27T02:10:00+00:00'
[2024-07-31T11:27:27.122+0900] {taskinstance.py:430} INFO - ::endgroup::
[2024-07-31T11:27:27.128+0900] {baseoperator.py:400} WARNING - PythonVirtualenvOperator.execute cannot be called outside TaskInstance!
[2024-07-31T11:27:27.129+0900] {process_utils.py:183} INFO - Executing cmd: /Users/DE32/.pyenv/versions/3.11.9/envs/note/bin/python -m virtualenv /var/folders/qv/0knwm5h50ml0skpppwpbks_r0000gp/T/venvlo8zgbpo --python=python
[2024-07-31T11:27:27.131+0900] {process_utils.py:187} INFO - Output:
[2024-07-31T11:27:27.361+0900] {process_utils.py:191} INFO - created virtual environment CPython3.11.9.final.0-64 in 161ms
[2024-07-31T11:27:27.361+0900] {process_utils.py:191} INFO -   creator CPython3Posix(dest=/private/var/folders/qv/0knwm5h50ml0skpppwpbks_r0000gp/T/venvlo8zgbpo, clear=False, no_vcs_ignore=False, global=False)
[2024-07-31T11:27:27.362+0900] {process_utils.py:191} INFO -   seeder FromAppData(download=False, pip=bundle, setuptools=bundle, wheel=bundle, via=copy, app_data_dir=/Users/DE32/Library/Application Support/virtualenv)
[2024-07-31T11:27:27.362+0900] {process_utils.py:191} INFO -     added seed packages: pip==24.1.2, setuptools==70.2.0, wheel==0.43.0
[2024-07-31T11:27:27.362+0900] {process_utils.py:191} INFO -   activators BashActivator,CShellActivator,FishActivator,NushellActivator,PowerShellActivator,PythonActivator
[2024-07-31T11:27:27.373+0900] {process_utils.py:183} INFO - Executing cmd: /var/folders/qv/0knwm5h50ml0skpppwpbks_r0000gp/T/venvlo8zgbpo/bin/pip install -r /var/folders/qv/0knwm5h50ml0skpppwpbks_r0000gp/T/venvlo8zgbpo/requirements.txt
[2024-07-31T11:27:27.375+0900] {process_utils.py:187} INFO - Output:
[2024-07-31T11:27:28.133+0900] {process_utils.py:191} INFO - Collecting git+https://github.com/Jeonghoon2/movie.git@0.2/api (from -r /var/folders/qv/0knwm5h50ml0skpppwpbks_r0000gp/T/venvlo8zgbpo/requirements.txt (line 1))
[2024-07-31T11:27:28.133+0900] {process_utils.py:191} INFO -   Cloning https://github.com/Jeonghoon2/movie.git (to revision 0.2/api) to /private/var/folders/qv/0knwm5h50ml0skpppwpbks_r0000gp/T/pip-req-build-qixasjop
[2024-07-31T11:27:28.145+0900] {process_utils.py:191} INFO -   Running command git clone --filter=blob:none --quiet https://github.com/Jeonghoon2/movie.git /private/var/folders/qv/0knwm5h50ml0skpppwpbks_r0000gp/T/pip-req-build-qixasjop
[2024-07-31T11:27:29.680+0900] {process_utils.py:191} INFO -   Running command git checkout -b 0.2/api --track origin/0.2/api
[2024-07-31T11:27:30.375+0900] {process_utils.py:191} INFO -   Switched to a new branch '0.2/api'
[2024-07-31T11:27:30.375+0900] {process_utils.py:191} INFO -   branch '0.2/api' set up to track 'origin/0.2/api'.
[2024-07-31T11:27:30.376+0900] {process_utils.py:191} INFO -   Resolved https://github.com/Jeonghoon2/movie.git to commit 514cfb45f6fa577ee07d4fa2076f9283780af81e
[2024-07-31T11:27:30.399+0900] {process_utils.py:191} INFO -   Installing build dependencies: started
[2024-07-31T11:27:31.297+0900] {process_utils.py:191} INFO -   Installing build dependencies: finished with status 'done'
[2024-07-31T11:27:31.298+0900] {process_utils.py:191} INFO -   Getting requirements to build wheel: started
[2024-07-31T11:27:31.421+0900] {process_utils.py:191} INFO -   Getting requirements to build wheel: finished with status 'done'
[2024-07-31T11:27:31.422+0900] {process_utils.py:191} INFO -   Preparing metadata (pyproject.toml): started
[2024-07-31T11:27:31.546+0900] {process_utils.py:191} INFO -   Preparing metadata (pyproject.toml): finished with status 'done'
[2024-07-31T11:27:31.627+0900] {process_utils.py:191} INFO - Collecting requests>=2.32.3 (from mov==0.1.0->-r /var/folders/qv/0knwm5h50ml0skpppwpbks_r0000gp/T/venvlo8zgbpo/requirements.txt (line 1))
[2024-07-31T11:27:31.628+0900] {process_utils.py:191} INFO -   Using cached requests-2.32.3-py3-none-any.whl.metadata (4.6 kB)
[2024-07-31T11:27:31.701+0900] {process_utils.py:191} INFO - Collecting pandas>=2.2.2 (from mov==0.1.0->-r /var/folders/qv/0knwm5h50ml0skpppwpbks_r0000gp/T/venvlo8zgbpo/requirements.txt (line 1))
[2024-07-31T11:27:31.702+0900] {process_utils.py:191} INFO -   Using cached pandas-2.2.2-cp311-cp311-macosx_11_0_arm64.whl.metadata (19 kB)
[2024-07-31T11:27:31.811+0900] {process_utils.py:191} INFO - Collecting numpy>=2.0.1 (from mov==0.1.0->-r /var/folders/qv/0knwm5h50ml0skpppwpbks_r0000gp/T/venvlo8zgbpo/requirements.txt (line 1))
[2024-07-31T11:27:31.812+0900] {process_utils.py:191} INFO -   Using cached numpy-2.0.1-cp311-cp311-macosx_14_0_arm64.whl.metadata (60 kB)
[2024-07-31T11:27:31.861+0900] {process_utils.py:191} INFO - Collecting pyarrow>=17.0.0 (from mov==0.1.0->-r /var/folders/qv/0knwm5h50ml0skpppwpbks_r0000gp/T/venvlo8zgbpo/requirements.txt (line 1))
[2024-07-31T11:27:31.862+0900] {process_utils.py:191} INFO -   Using cached pyarrow-17.0.0-cp311-cp311-macosx_11_0_arm64.whl.metadata (3.3 kB)
[2024-07-31T11:27:31.886+0900] {process_utils.py:191} INFO - Collecting python-dateutil>=2.8.2 (from pandas>=2.2.2->mov==0.1.0->-r /var/folders/qv/0knwm5h50ml0skpppwpbks_r0000gp/T/venvlo8zgbpo/requirements.txt (line 1))
[2024-07-31T11:27:31.886+0900] {process_utils.py:191} INFO -   Using cached python_dateutil-2.9.0.post0-py2.py3-none-any.whl.metadata (8.4 kB)
[2024-07-31T11:27:31.925+0900] {process_utils.py:191} INFO - Collecting pytz>=2020.1 (from pandas>=2.2.2->mov==0.1.0->-r /var/folders/qv/0knwm5h50ml0skpppwpbks_r0000gp/T/venvlo8zgbpo/requirements.txt (line 1))
[2024-07-31T11:27:31.926+0900] {process_utils.py:191} INFO -   Using cached pytz-2024.1-py2.py3-none-any.whl.metadata (22 kB)
[2024-07-31T11:27:31.942+0900] {process_utils.py:191} INFO - Collecting tzdata>=2022.7 (from pandas>=2.2.2->mov==0.1.0->-r /var/folders/qv/0knwm5h50ml0skpppwpbks_r0000gp/T/venvlo8zgbpo/requirements.txt (line 1))
[2024-07-31T11:27:31.943+0900] {process_utils.py:191} INFO -   Using cached tzdata-2024.1-py2.py3-none-any.whl.metadata (1.4 kB)
[2024-07-31T11:27:31.994+0900] {process_utils.py:191} INFO - Collecting charset-normalizer<4,>=2 (from requests>=2.32.3->mov==0.1.0->-r /var/folders/qv/0knwm5h50ml0skpppwpbks_r0000gp/T/venvlo8zgbpo/requirements.txt (line 1))
[2024-07-31T11:27:31.995+0900] {process_utils.py:191} INFO -   Using cached charset_normalizer-3.3.2-cp311-cp311-macosx_11_0_arm64.whl.metadata (33 kB)
[2024-07-31T11:27:32.023+0900] {process_utils.py:191} INFO - Collecting idna<4,>=2.5 (from requests>=2.32.3->mov==0.1.0->-r /var/folders/qv/0knwm5h50ml0skpppwpbks_r0000gp/T/venvlo8zgbpo/requirements.txt (line 1))
[2024-07-31T11:27:32.024+0900] {process_utils.py:191} INFO -   Using cached idna-3.7-py3-none-any.whl.metadata (9.9 kB)
[2024-07-31T11:27:32.076+0900] {process_utils.py:191} INFO - Collecting urllib3<3,>=1.21.1 (from requests>=2.32.3->mov==0.1.0->-r /var/folders/qv/0knwm5h50ml0skpppwpbks_r0000gp/T/venvlo8zgbpo/requirements.txt (line 1))
[2024-07-31T11:27:32.077+0900] {process_utils.py:191} INFO -   Using cached urllib3-2.2.2-py3-none-any.whl.metadata (6.4 kB)
[2024-07-31T11:27:32.213+0900] {process_utils.py:191} INFO - Collecting certifi>=2017.4.17 (from requests>=2.32.3->mov==0.1.0->-r /var/folders/qv/0knwm5h50ml0skpppwpbks_r0000gp/T/venvlo8zgbpo/requirements.txt (line 1))
[2024-07-31T11:27:32.214+0900] {process_utils.py:191} INFO -   Using cached certifi-2024.7.4-py3-none-any.whl.metadata (2.2 kB)
[2024-07-31T11:27:32.300+0900] {process_utils.py:191} INFO - Collecting six>=1.5 (from python-dateutil>=2.8.2->pandas>=2.2.2->mov==0.1.0->-r /var/folders/qv/0knwm5h50ml0skpppwpbks_r0000gp/T/venvlo8zgbpo/requirements.txt (line 1))
[2024-07-31T11:27:32.301+0900] {process_utils.py:191} INFO -   Using cached six-1.16.0-py2.py3-none-any.whl.metadata (1.8 kB)
[2024-07-31T11:27:32.306+0900] {process_utils.py:191} INFO - Using cached numpy-2.0.1-cp311-cp311-macosx_14_0_arm64.whl (5.3 MB)
[2024-07-31T11:27:32.314+0900] {process_utils.py:191} INFO - Using cached pandas-2.2.2-cp311-cp311-macosx_11_0_arm64.whl (11.3 MB)
[2024-07-31T11:27:32.328+0900] {process_utils.py:191} INFO - Using cached pyarrow-17.0.0-cp311-cp311-macosx_11_0_arm64.whl (27.2 MB)
[2024-07-31T11:27:32.355+0900] {process_utils.py:191} INFO - Using cached requests-2.32.3-py3-none-any.whl (64 kB)
[2024-07-31T11:27:32.356+0900] {process_utils.py:191} INFO - Using cached certifi-2024.7.4-py3-none-any.whl (162 kB)
[2024-07-31T11:27:32.357+0900] {process_utils.py:191} INFO - Using cached charset_normalizer-3.3.2-cp311-cp311-macosx_11_0_arm64.whl (118 kB)
[2024-07-31T11:27:32.358+0900] {process_utils.py:191} INFO - Using cached idna-3.7-py3-none-any.whl (66 kB)
[2024-07-31T11:27:32.359+0900] {process_utils.py:191} INFO - Using cached python_dateutil-2.9.0.post0-py2.py3-none-any.whl (229 kB)
[2024-07-31T11:27:32.360+0900] {process_utils.py:191} INFO - Using cached pytz-2024.1-py2.py3-none-any.whl (505 kB)
[2024-07-31T11:27:32.361+0900] {process_utils.py:191} INFO - Using cached tzdata-2024.1-py2.py3-none-any.whl (345 kB)
[2024-07-31T11:27:32.362+0900] {process_utils.py:191} INFO - Using cached urllib3-2.2.2-py3-none-any.whl (121 kB)
[2024-07-31T11:27:32.363+0900] {process_utils.py:191} INFO - Using cached six-1.16.0-py2.py3-none-any.whl (11 kB)
[2024-07-31T11:27:32.405+0900] {process_utils.py:191} INFO - Building wheels for collected packages: mov
[2024-07-31T11:27:32.418+0900] {process_utils.py:191} INFO -   Building wheel for mov (pyproject.toml): started
[2024-07-31T11:27:32.552+0900] {process_utils.py:191} INFO -   Building wheel for mov (pyproject.toml): finished with status 'done'
[2024-07-31T11:27:32.553+0900] {process_utils.py:191} INFO -   Created wheel for mov: filename=mov-0.1.0-py3-none-any.whl size=3017 sha256=f9f4ea62bf8cfb896188437678877c7f6140ebaaeb3b709f0187de2c199cb947
[2024-07-31T11:27:32.553+0900] {process_utils.py:191} INFO -   Stored in directory: /private/var/folders/qv/0knwm5h50ml0skpppwpbks_r0000gp/T/pip-ephem-wheel-cache-fjucwgqa/wheels/cf/ab/a7/d0c528d20fa8a5f19e169bdf1d98f2b2cefe79d8527bb89200
[2024-07-31T11:27:32.554+0900] {process_utils.py:191} INFO - Successfully built mov
[2024-07-31T11:27:32.582+0900] {process_utils.py:191} INFO - Installing collected packages: pytz, urllib3, tzdata, six, numpy, idna, charset-normalizer, certifi, requests, python-dateutil, pyarrow, pandas, mov
[2024-07-31T11:27:37.148+0900] {process_utils.py:191} INFO - Successfully installed certifi-2024.7.4 charset-normalizer-3.3.2 idna-3.7 mov-0.1.0 numpy-2.0.1 pandas-2.2.2 pyarrow-17.0.0 python-dateutil-2.9.0.post0 pytz-2024.1 requests-2.32.3 six-1.16.0 tzdata-2024.1 urllib3-2.2.2
[2024-07-31T11:27:37.152+0900] {process_utils.py:191} INFO - 
[2024-07-31T11:27:37.152+0900] {process_utils.py:191} INFO - [notice] A new release of pip is available: 24.1.2 -> 24.2
[2024-07-31T11:27:37.152+0900] {process_utils.py:191} INFO - [notice] To update, run: python -m pip install --upgrade pip
[2024-07-31T11:27:37.283+0900] {process_utils.py:183} INFO - Executing cmd: /var/folders/qv/0knwm5h50ml0skpppwpbks_r0000gp/T/venvlo8zgbpo/bin/python /var/folders/qv/0knwm5h50ml0skpppwpbks_r0000gp/T/venv-callwoc0h_j6/script.py /var/folders/qv/0knwm5h50ml0skpppwpbks_r0000gp/T/venv-callwoc0h_j6/script.in /var/folders/qv/0knwm5h50ml0skpppwpbks_r0000gp/T/venv-callwoc0h_j6/script.out /var/folders/qv/0knwm5h50ml0skpppwpbks_r0000gp/T/venv-callwoc0h_j6/string_args.txt /var/folders/qv/0knwm5h50ml0skpppwpbks_r0000gp/T/venv-callwoc0h_j6/termination.log
[2024-07-31T11:27:37.285+0900] {process_utils.py:187} INFO - Output:
[2024-07-31T11:27:50.249+0900] {process_utils.py:191} INFO - *********************************
[2024-07-31T11:27:50.250+0900] {process_utils.py:191} INFO -    rnum  rank  rankInten rankOldAndNew  ... audiChange  audiAcc scrnCnt  showCnt
[2024-07-31T11:27:50.251+0900] {process_utils.py:191} INFO - 0     1     1          0           OLD  ...       89.2   839696    1948     8847
[2024-07-31T11:27:50.251+0900] {process_utils.py:191} INFO - 1     2     2          0           OLD  ...      124.0   442928    1167     4490
[2024-07-31T11:27:50.251+0900] {process_utils.py:191} INFO - 2     3     3          0           OLD  ...       95.0  2199605     875     2337
[2024-07-31T11:27:50.252+0900] {process_utils.py:191} INFO - 3     4     4          0           OLD  ...      116.9  8233699     769     1616
[2024-07-31T11:27:50.252+0900] {process_utils.py:191} INFO - 4     5     5          0           OLD  ...       50.9   530083     587     1055
[2024-07-31T11:27:50.252+0900] {process_utils.py:191} INFO - 5     6     6          0           OLD  ...       87.3  1693336     516      843
[2024-07-31T11:27:50.253+0900] {process_utils.py:191} INFO - 6     7     7          4           OLD  ...      565.6    42425      38       47
[2024-07-31T11:27:50.253+0900] {process_utils.py:191} INFO - 7     8     8         -1           OLD  ...       34.7   663939     323      480
[2024-07-31T11:27:50.253+0900] {process_utils.py:191} INFO - 8     9     9          0           NEW  ...      100.0     8111      15       17
[2024-07-31T11:27:50.254+0900] {process_utils.py:191} INFO - 9    10    10          2           OLD  ...       98.5    62397      57       75
[2024-07-31T11:27:50.254+0900] {process_utils.py:191} INFO - 
[2024-07-31T11:27:50.254+0900] {process_utils.py:191} INFO - [10 rows x 18 columns]
[2024-07-31T11:27:50.255+0900] {process_utils.py:191} INFO - *********************************
[2024-07-31T11:27:50.255+0900] {process_utils.py:191} INFO - rnum               int64
[2024-07-31T11:27:50.255+0900] {process_utils.py:191} INFO - rank               int64
[2024-07-31T11:27:50.255+0900] {process_utils.py:191} INFO - rankInten          int64
[2024-07-31T11:27:50.256+0900] {process_utils.py:191} INFO - rankOldAndNew     object
[2024-07-31T11:27:50.256+0900] {process_utils.py:191} INFO - movieCd           object
[2024-07-31T11:27:50.256+0900] {process_utils.py:191} INFO - movieNm           object
[2024-07-31T11:27:50.257+0900] {process_utils.py:191} INFO - openDt            object
[2024-07-31T11:27:50.257+0900] {process_utils.py:191} INFO - salesAmt           int64
[2024-07-31T11:27:50.257+0900] {process_utils.py:191} INFO - salesShare       float64
[2024-07-31T11:27:50.257+0900] {process_utils.py:191} INFO - salesInten         int64
[2024-07-31T11:27:50.258+0900] {process_utils.py:191} INFO - salesChange      float64
[2024-07-31T11:27:50.258+0900] {process_utils.py:191} INFO - salesAcc          object
[2024-07-31T11:27:50.258+0900] {process_utils.py:191} INFO - audiCnt            int64
[2024-07-31T11:27:50.258+0900] {process_utils.py:191} INFO - audiInten          int64
[2024-07-31T11:27:50.259+0900] {process_utils.py:191} INFO - audiChange       float64
[2024-07-31T11:27:50.259+0900] {process_utils.py:191} INFO - audiAcc            int64
[2024-07-31T11:27:50.259+0900] {process_utils.py:191} INFO - scrnCnt            int64
[2024-07-31T11:27:50.260+0900] {process_utils.py:191} INFO - showCnt            int64
[2024-07-31T11:27:50.260+0900] {process_utils.py:191} INFO - dtype: object
[2024-07-31T11:27:50.260+0900] {process_utils.py:191} INFO - 개봉일 기준 그룹핑 누적 관객수 합
[2024-07-31T11:27:50.260+0900] {process_utils.py:191} INFO -        openDt  audiCnt
[2024-07-31T11:27:50.261+0900] {process_utils.py:191} INFO - 0  2024-06-12    55961
[2024-07-31T11:27:50.261+0900] {process_utils.py:191} INFO - 1  2024-06-26    25681
[2024-07-31T11:27:50.261+0900] {process_utils.py:191} INFO - 2  2024-07-03    86134
[2024-07-31T11:27:50.261+0900] {process_utils.py:191} INFO - 3  2024-07-12     8198
[2024-07-31T11:27:50.262+0900] {process_utils.py:191} INFO - 4  2024-07-17    27516
[2024-07-31T11:27:50.262+0900] {process_utils.py:191} INFO - 5  2024-07-24   457474
[2024-07-31T11:27:50.262+0900] {process_utils.py:191} INFO - 6  2024-07-31    12120
[2024-07-31T11:27:50.262+0900] {process_utils.py:191} INFO - 7  2024-08-07     4061
[2024-07-31T11:27:50.688+0900] {python.py:237} INFO - Done. Returned value was: None
[2024-07-31T11:27:50.688+0900] {taskinstance.py:441} INFO - ::group::Post task execution logs
[2024-07-31T11:27:50.692+0900] {taskinstance.py:1206} INFO - Marking task as SUCCESS. dag_id=movie, task_id=save.data, run_id=scheduled__2024-07-27T02:10:00+00:00, execution_date=20240727T021000, start_date=20240731T022727, end_date=20240731T022750
[2024-07-31T11:27:50.700+0900] {local_task_job_runner.py:243} INFO - Task exited with return code 0
[2024-07-31T11:27:50.704+0900] {taskinstance.py:3503} INFO - 0 downstream tasks scheduled from follow-on schedule check
[2024-07-31T11:27:50.705+0900] {local_task_job_runner.py:222} INFO - ::endgroup::
[2024-07-31T19:48:21.356+0900] {local_task_job_runner.py:120} INFO - ::group::Pre task execution logs
[2024-07-31T19:48:21.366+0900] {taskinstance.py:2076} INFO - Dependencies all met for dep_context=non-requeueable deps ti=<TaskInstance: movie.save.data scheduled__2024-07-27T02:10:00+00:00 [queued]>
[2024-07-31T19:48:21.370+0900] {taskinstance.py:2076} INFO - Dependencies all met for dep_context=requeueable deps ti=<TaskInstance: movie.save.data scheduled__2024-07-27T02:10:00+00:00 [queued]>
[2024-07-31T19:48:21.370+0900] {taskinstance.py:2306} INFO - Starting attempt 2 of 3
[2024-07-31T19:48:21.376+0900] {taskinstance.py:2330} INFO - Executing <Task(PythonVirtualenvOperator): save.data> on 2024-07-27 02:10:00+00:00
[2024-07-31T19:48:21.379+0900] {standard_task_runner.py:64} INFO - Started process 33128 to run task
[2024-07-31T19:48:21.381+0900] {standard_task_runner.py:90} INFO - Running: ['airflow', 'tasks', 'run', 'movie', 'save.data', 'scheduled__2024-07-27T02:10:00+00:00', '--job-id', '970', '--raw', '--subdir', 'DAGS_FOLDER/movie.py', '--cfg-path', '/var/folders/qv/0knwm5h50ml0skpppwpbks_r0000gp/T/tmpwo2jvfos']
[2024-07-31T19:48:21.383+0900] {standard_task_runner.py:91} INFO - Job 970: Subtask save.data
[2024-07-31T19:48:21.397+0900] {task_command.py:426} INFO - Running <TaskInstance: movie.save.data scheduled__2024-07-27T02:10:00+00:00 [running]> on host jeongui-MacBookPro.local
[2024-07-31T19:48:21.418+0900] {taskinstance.py:2648} INFO - Exporting env vars: AIRFLOW_CTX_DAG_OWNER='airflow' AIRFLOW_CTX_DAG_ID='movie' AIRFLOW_CTX_TASK_ID='save.data' AIRFLOW_CTX_EXECUTION_DATE='2024-07-27T02:10:00+00:00' AIRFLOW_CTX_TRY_NUMBER='2' AIRFLOW_CTX_DAG_RUN_ID='scheduled__2024-07-27T02:10:00+00:00'
[2024-07-31T19:48:21.418+0900] {taskinstance.py:430} INFO - ::endgroup::
[2024-07-31T19:48:21.423+0900] {baseoperator.py:400} WARNING - PythonVirtualenvOperator.execute cannot be called outside TaskInstance!
[2024-07-31T19:48:21.424+0900] {process_utils.py:183} INFO - Executing cmd: /Users/DE32/.pyenv/versions/3.11.9/envs/note/bin/python -m virtualenv /var/folders/qv/0knwm5h50ml0skpppwpbks_r0000gp/T/venvqprnk31n --python=python
[2024-07-31T19:48:21.426+0900] {process_utils.py:187} INFO - Output:
[2024-07-31T19:48:21.600+0900] {process_utils.py:191} INFO - created virtual environment CPython3.11.9.final.0-64 in 116ms
[2024-07-31T19:48:21.600+0900] {process_utils.py:191} INFO -   creator CPython3Posix(dest=/private/var/folders/qv/0knwm5h50ml0skpppwpbks_r0000gp/T/venvqprnk31n, clear=False, no_vcs_ignore=False, global=False)
[2024-07-31T19:48:21.601+0900] {process_utils.py:191} INFO -   seeder FromAppData(download=False, pip=bundle, setuptools=bundle, wheel=bundle, via=copy, app_data_dir=/Users/DE32/Library/Application Support/virtualenv)
[2024-07-31T19:48:21.601+0900] {process_utils.py:191} INFO -     added seed packages: pip==24.1.2, setuptools==70.2.0, wheel==0.43.0
[2024-07-31T19:48:21.601+0900] {process_utils.py:191} INFO -   activators BashActivator,CShellActivator,FishActivator,NushellActivator,PowerShellActivator,PythonActivator
[2024-07-31T19:48:21.611+0900] {process_utils.py:183} INFO - Executing cmd: /var/folders/qv/0knwm5h50ml0skpppwpbks_r0000gp/T/venvqprnk31n/bin/pip install -r /var/folders/qv/0knwm5h50ml0skpppwpbks_r0000gp/T/venvqprnk31n/requirements.txt
[2024-07-31T19:48:21.613+0900] {process_utils.py:187} INFO - Output:
[2024-07-31T19:48:22.348+0900] {process_utils.py:191} INFO - Collecting git+https://github.com/Jeonghoon2/movie.git@0.2/api (from -r /var/folders/qv/0knwm5h50ml0skpppwpbks_r0000gp/T/venvqprnk31n/requirements.txt (line 1))
[2024-07-31T19:48:22.348+0900] {process_utils.py:191} INFO -   Cloning https://github.com/Jeonghoon2/movie.git (to revision 0.2/api) to /private/var/folders/qv/0knwm5h50ml0skpppwpbks_r0000gp/T/pip-req-build-z_4nojys
[2024-07-31T19:48:22.360+0900] {process_utils.py:191} INFO -   Running command git clone --filter=blob:none --quiet https://github.com/Jeonghoon2/movie.git /private/var/folders/qv/0knwm5h50ml0skpppwpbks_r0000gp/T/pip-req-build-z_4nojys
[2024-07-31T19:48:23.759+0900] {process_utils.py:191} INFO -   Running command git checkout -b 0.2/api --track origin/0.2/api
[2024-07-31T19:48:24.447+0900] {process_utils.py:191} INFO -   Switched to a new branch '0.2/api'
[2024-07-31T19:48:24.447+0900] {process_utils.py:191} INFO -   branch '0.2/api' set up to track 'origin/0.2/api'.
[2024-07-31T19:48:24.447+0900] {process_utils.py:191} INFO -   Resolved https://github.com/Jeonghoon2/movie.git to commit c2fdd392ce95b386519b05b3bab786608cdb1c58
[2024-07-31T19:48:24.470+0900] {process_utils.py:191} INFO -   Installing build dependencies: started
[2024-07-31T19:48:25.356+0900] {process_utils.py:191} INFO -   Installing build dependencies: finished with status 'done'
[2024-07-31T19:48:25.357+0900] {process_utils.py:191} INFO -   Getting requirements to build wheel: started
[2024-07-31T19:48:25.478+0900] {process_utils.py:191} INFO -   Getting requirements to build wheel: finished with status 'done'
[2024-07-31T19:48:25.479+0900] {process_utils.py:191} INFO -   Preparing metadata (pyproject.toml): started
[2024-07-31T19:48:25.603+0900] {process_utils.py:191} INFO -   Preparing metadata (pyproject.toml): finished with status 'done'
[2024-07-31T19:48:25.663+0900] {process_utils.py:191} INFO - Collecting requests>=2.32.3 (from mov==0.1.0->-r /var/folders/qv/0knwm5h50ml0skpppwpbks_r0000gp/T/venvqprnk31n/requirements.txt (line 1))
[2024-07-31T19:48:25.664+0900] {process_utils.py:191} INFO -   Using cached requests-2.32.3-py3-none-any.whl.metadata (4.6 kB)
[2024-07-31T19:48:25.727+0900] {process_utils.py:191} INFO - Collecting pandas>=2.2.2 (from mov==0.1.0->-r /var/folders/qv/0knwm5h50ml0skpppwpbks_r0000gp/T/venvqprnk31n/requirements.txt (line 1))
[2024-07-31T19:48:25.728+0900] {process_utils.py:191} INFO -   Using cached pandas-2.2.2-cp311-cp311-macosx_11_0_arm64.whl.metadata (19 kB)
[2024-07-31T19:48:25.825+0900] {process_utils.py:191} INFO - Collecting numpy>=2.0.1 (from mov==0.1.0->-r /var/folders/qv/0knwm5h50ml0skpppwpbks_r0000gp/T/venvqprnk31n/requirements.txt (line 1))
[2024-07-31T19:48:25.826+0900] {process_utils.py:191} INFO -   Using cached numpy-2.0.1-cp311-cp311-macosx_14_0_arm64.whl.metadata (60 kB)
[2024-07-31T19:48:25.875+0900] {process_utils.py:191} INFO - Collecting pyarrow>=17.0.0 (from mov==0.1.0->-r /var/folders/qv/0knwm5h50ml0skpppwpbks_r0000gp/T/venvqprnk31n/requirements.txt (line 1))
[2024-07-31T19:48:25.876+0900] {process_utils.py:191} INFO -   Using cached pyarrow-17.0.0-cp311-cp311-macosx_11_0_arm64.whl.metadata (3.3 kB)
[2024-07-31T19:48:25.896+0900] {process_utils.py:191} INFO - Collecting python-dateutil>=2.8.2 (from pandas>=2.2.2->mov==0.1.0->-r /var/folders/qv/0knwm5h50ml0skpppwpbks_r0000gp/T/venvqprnk31n/requirements.txt (line 1))
[2024-07-31T19:48:25.897+0900] {process_utils.py:191} INFO -   Using cached python_dateutil-2.9.0.post0-py2.py3-none-any.whl.metadata (8.4 kB)
[2024-07-31T19:48:25.926+0900] {process_utils.py:191} INFO - Collecting pytz>=2020.1 (from pandas>=2.2.2->mov==0.1.0->-r /var/folders/qv/0knwm5h50ml0skpppwpbks_r0000gp/T/venvqprnk31n/requirements.txt (line 1))
[2024-07-31T19:48:25.927+0900] {process_utils.py:191} INFO -   Using cached pytz-2024.1-py2.py3-none-any.whl.metadata (22 kB)
[2024-07-31T19:48:25.941+0900] {process_utils.py:191} INFO - Collecting tzdata>=2022.7 (from pandas>=2.2.2->mov==0.1.0->-r /var/folders/qv/0knwm5h50ml0skpppwpbks_r0000gp/T/venvqprnk31n/requirements.txt (line 1))
[2024-07-31T19:48:25.942+0900] {process_utils.py:191} INFO -   Using cached tzdata-2024.1-py2.py3-none-any.whl.metadata (1.4 kB)
[2024-07-31T19:48:25.988+0900] {process_utils.py:191} INFO - Collecting charset-normalizer<4,>=2 (from requests>=2.32.3->mov==0.1.0->-r /var/folders/qv/0knwm5h50ml0skpppwpbks_r0000gp/T/venvqprnk31n/requirements.txt (line 1))
[2024-07-31T19:48:25.989+0900] {process_utils.py:191} INFO -   Using cached charset_normalizer-3.3.2-cp311-cp311-macosx_11_0_arm64.whl.metadata (33 kB)
[2024-07-31T19:48:26.002+0900] {process_utils.py:191} INFO - Collecting idna<4,>=2.5 (from requests>=2.32.3->mov==0.1.0->-r /var/folders/qv/0knwm5h50ml0skpppwpbks_r0000gp/T/venvqprnk31n/requirements.txt (line 1))
[2024-07-31T19:48:26.003+0900] {process_utils.py:191} INFO -   Using cached idna-3.7-py3-none-any.whl.metadata (9.9 kB)
[2024-07-31T19:48:26.029+0900] {process_utils.py:191} INFO - Collecting urllib3<3,>=1.21.1 (from requests>=2.32.3->mov==0.1.0->-r /var/folders/qv/0knwm5h50ml0skpppwpbks_r0000gp/T/venvqprnk31n/requirements.txt (line 1))
[2024-07-31T19:48:26.029+0900] {process_utils.py:191} INFO -   Using cached urllib3-2.2.2-py3-none-any.whl.metadata (6.4 kB)
[2024-07-31T19:48:26.045+0900] {process_utils.py:191} INFO - Collecting certifi>=2017.4.17 (from requests>=2.32.3->mov==0.1.0->-r /var/folders/qv/0knwm5h50ml0skpppwpbks_r0000gp/T/venvqprnk31n/requirements.txt (line 1))
[2024-07-31T19:48:26.046+0900] {process_utils.py:191} INFO -   Using cached certifi-2024.7.4-py3-none-any.whl.metadata (2.2 kB)
[2024-07-31T19:48:26.071+0900] {process_utils.py:191} INFO - Collecting six>=1.5 (from python-dateutil>=2.8.2->pandas>=2.2.2->mov==0.1.0->-r /var/folders/qv/0knwm5h50ml0skpppwpbks_r0000gp/T/venvqprnk31n/requirements.txt (line 1))
[2024-07-31T19:48:26.072+0900] {process_utils.py:191} INFO -   Using cached six-1.16.0-py2.py3-none-any.whl.metadata (1.8 kB)
[2024-07-31T19:48:26.075+0900] {process_utils.py:191} INFO - Using cached numpy-2.0.1-cp311-cp311-macosx_14_0_arm64.whl (5.3 MB)
[2024-07-31T19:48:26.081+0900] {process_utils.py:191} INFO - Using cached pandas-2.2.2-cp311-cp311-macosx_11_0_arm64.whl (11.3 MB)
[2024-07-31T19:48:26.092+0900] {process_utils.py:191} INFO - Using cached pyarrow-17.0.0-cp311-cp311-macosx_11_0_arm64.whl (27.2 MB)
[2024-07-31T19:48:26.118+0900] {process_utils.py:191} INFO - Using cached requests-2.32.3-py3-none-any.whl (64 kB)
[2024-07-31T19:48:26.119+0900] {process_utils.py:191} INFO - Using cached certifi-2024.7.4-py3-none-any.whl (162 kB)
[2024-07-31T19:48:26.120+0900] {process_utils.py:191} INFO - Using cached charset_normalizer-3.3.2-cp311-cp311-macosx_11_0_arm64.whl (118 kB)
[2024-07-31T19:48:26.121+0900] {process_utils.py:191} INFO - Using cached idna-3.7-py3-none-any.whl (66 kB)
[2024-07-31T19:48:26.122+0900] {process_utils.py:191} INFO - Using cached python_dateutil-2.9.0.post0-py2.py3-none-any.whl (229 kB)
[2024-07-31T19:48:26.123+0900] {process_utils.py:191} INFO - Using cached pytz-2024.1-py2.py3-none-any.whl (505 kB)
[2024-07-31T19:48:26.124+0900] {process_utils.py:191} INFO - Using cached tzdata-2024.1-py2.py3-none-any.whl (345 kB)
[2024-07-31T19:48:26.125+0900] {process_utils.py:191} INFO - Using cached urllib3-2.2.2-py3-none-any.whl (121 kB)
[2024-07-31T19:48:26.126+0900] {process_utils.py:191} INFO - Using cached six-1.16.0-py2.py3-none-any.whl (11 kB)
[2024-07-31T19:48:26.168+0900] {process_utils.py:191} INFO - Building wheels for collected packages: mov
[2024-07-31T19:48:26.181+0900] {process_utils.py:191} INFO -   Building wheel for mov (pyproject.toml): started
[2024-07-31T19:48:26.314+0900] {process_utils.py:191} INFO -   Building wheel for mov (pyproject.toml): finished with status 'done'
[2024-07-31T19:48:26.315+0900] {process_utils.py:191} INFO -   Created wheel for mov: filename=mov-0.1.0-py3-none-any.whl size=3056 sha256=a86f620167041470917360f91857cd9014bb236844b2bcce71cfe092086ff4d4
[2024-07-31T19:48:26.315+0900] {process_utils.py:191} INFO -   Stored in directory: /private/var/folders/qv/0knwm5h50ml0skpppwpbks_r0000gp/T/pip-ephem-wheel-cache-nxgym937/wheels/cf/ab/a7/d0c528d20fa8a5f19e169bdf1d98f2b2cefe79d8527bb89200
[2024-07-31T19:48:26.316+0900] {process_utils.py:191} INFO - Successfully built mov
[2024-07-31T19:48:26.344+0900] {process_utils.py:191} INFO - Installing collected packages: pytz, urllib3, tzdata, six, numpy, idna, charset-normalizer, certifi, requests, python-dateutil, pyarrow, pandas, mov
[2024-07-31T19:48:30.832+0900] {process_utils.py:191} INFO - Successfully installed certifi-2024.7.4 charset-normalizer-3.3.2 idna-3.7 mov-0.1.0 numpy-2.0.1 pandas-2.2.2 pyarrow-17.0.0 python-dateutil-2.9.0.post0 pytz-2024.1 requests-2.32.3 six-1.16.0 tzdata-2024.1 urllib3-2.2.2
[2024-07-31T19:48:30.834+0900] {process_utils.py:191} INFO - 
[2024-07-31T19:48:30.835+0900] {process_utils.py:191} INFO - [notice] A new release of pip is available: 24.1.2 -> 24.2
[2024-07-31T19:48:30.835+0900] {process_utils.py:191} INFO - [notice] To update, run: python -m pip install --upgrade pip
[2024-07-31T19:48:30.965+0900] {process_utils.py:183} INFO - Executing cmd: /var/folders/qv/0knwm5h50ml0skpppwpbks_r0000gp/T/venvqprnk31n/bin/python /var/folders/qv/0knwm5h50ml0skpppwpbks_r0000gp/T/venv-call_7dyux54/script.py /var/folders/qv/0knwm5h50ml0skpppwpbks_r0000gp/T/venv-call_7dyux54/script.in /var/folders/qv/0knwm5h50ml0skpppwpbks_r0000gp/T/venv-call_7dyux54/script.out /var/folders/qv/0knwm5h50ml0skpppwpbks_r0000gp/T/venv-call_7dyux54/string_args.txt /var/folders/qv/0knwm5h50ml0skpppwpbks_r0000gp/T/venv-call_7dyux54/termination.log
[2024-07-31T19:48:30.967+0900] {process_utils.py:187} INFO - Output:
[2024-07-31T19:48:44.061+0900] {process_utils.py:191} INFO - *********************************
[2024-07-31T19:48:44.061+0900] {process_utils.py:191} INFO -    rnum  rank  rankInten  ... showCnt multiMovieYn repNationCd
[2024-07-31T19:48:44.062+0900] {process_utils.py:191} INFO - 0     1     1          0  ...    8847          NaN         NaN
[2024-07-31T19:48:44.062+0900] {process_utils.py:191} INFO - 1     2     2          0  ...    4490          NaN         NaN
[2024-07-31T19:48:44.062+0900] {process_utils.py:191} INFO - 2     3     3          0  ...    2337          NaN         NaN
[2024-07-31T19:48:44.063+0900] {process_utils.py:191} INFO - 3     4     4          0  ...    1616          NaN         NaN
[2024-07-31T19:48:44.063+0900] {process_utils.py:191} INFO - 4     5     5          0  ...    1055          NaN         NaN
[2024-07-31T19:48:44.063+0900] {process_utils.py:191} INFO - 5     6     6          0  ...     843          NaN         NaN
[2024-07-31T19:48:44.063+0900] {process_utils.py:191} INFO - 6     7     7          4  ...      47          NaN         NaN
[2024-07-31T19:48:44.064+0900] {process_utils.py:191} INFO - 7     8     8         -1  ...     480          NaN         NaN
[2024-07-31T19:48:44.064+0900] {process_utils.py:191} INFO - 8     9     9          0  ...      17          NaN         NaN
[2024-07-31T19:48:44.064+0900] {process_utils.py:191} INFO - 9    10    10          2  ...      75          NaN         NaN
[2024-07-31T19:48:44.065+0900] {process_utils.py:191} INFO - 
[2024-07-31T19:48:44.065+0900] {process_utils.py:191} INFO - [10 rows x 20 columns]
[2024-07-31T19:48:44.065+0900] {process_utils.py:191} INFO - *********************************
[2024-07-31T19:48:44.066+0900] {process_utils.py:191} INFO - rnum                int64
[2024-07-31T19:48:44.066+0900] {process_utils.py:191} INFO - rank                int64
[2024-07-31T19:48:44.066+0900] {process_utils.py:191} INFO - rankInten           int64
[2024-07-31T19:48:44.066+0900] {process_utils.py:191} INFO - rankOldAndNew      object
[2024-07-31T19:48:44.067+0900] {process_utils.py:191} INFO - movieCd            object
[2024-07-31T19:48:44.067+0900] {process_utils.py:191} INFO - movieNm            object
[2024-07-31T19:48:44.067+0900] {process_utils.py:191} INFO - openDt             object
[2024-07-31T19:48:44.067+0900] {process_utils.py:191} INFO - salesAmt            int64
[2024-07-31T19:48:44.068+0900] {process_utils.py:191} INFO - salesShare        float64
[2024-07-31T19:48:44.068+0900] {process_utils.py:191} INFO - salesInten          int64
[2024-07-31T19:48:44.068+0900] {process_utils.py:191} INFO - salesChange       float64
[2024-07-31T19:48:44.069+0900] {process_utils.py:191} INFO - salesAcc           object
[2024-07-31T19:48:44.069+0900] {process_utils.py:191} INFO - audiCnt             int64
[2024-07-31T19:48:44.069+0900] {process_utils.py:191} INFO - audiInten           int64
[2024-07-31T19:48:44.069+0900] {process_utils.py:191} INFO - audiChange        float64
[2024-07-31T19:48:44.070+0900] {process_utils.py:191} INFO - audiAcc             int64
[2024-07-31T19:48:44.070+0900] {process_utils.py:191} INFO - scrnCnt             int64
[2024-07-31T19:48:44.070+0900] {process_utils.py:191} INFO - showCnt             int64
[2024-07-31T19:48:44.070+0900] {process_utils.py:191} INFO - multiMovieYn     category
[2024-07-31T19:48:44.070+0900] {process_utils.py:191} INFO - repNationCd      category
[2024-07-31T19:48:44.071+0900] {process_utils.py:191} INFO - dtype: object
[2024-07-31T19:48:44.071+0900] {process_utils.py:191} INFO - 개봉일 기준 그룹핑 누적 관객수 합
[2024-07-31T19:48:44.071+0900] {process_utils.py:191} INFO -         openDt  audiCnt
[2024-07-31T19:48:44.071+0900] {process_utils.py:191} INFO - 0   1996-03-30     2258
[2024-07-31T19:48:44.071+0900] {process_utils.py:191} INFO - 1   2012-05-17      165
[2024-07-31T19:48:44.071+0900] {process_utils.py:191} INFO - 2   2014-07-24     1724
[2024-07-31T19:48:44.072+0900] {process_utils.py:191} INFO - 3   2018-03-22      193
[2024-07-31T19:48:44.072+0900] {process_utils.py:191} INFO - 4   2022-07-06      194
[2024-07-31T19:48:44.072+0900] {process_utils.py:191} INFO - 5   2023-09-27      370
[2024-07-31T19:48:44.072+0900] {process_utils.py:191} INFO - 6   2024-06-05      481
[2024-07-31T19:48:44.072+0900] {process_utils.py:191} INFO - 7   2024-06-12   167883
[2024-07-31T19:48:44.073+0900] {process_utils.py:191} INFO - 8   2024-06-19      163
[2024-07-31T19:48:44.073+0900] {process_utils.py:191} INFO - 9   2024-06-21     2627
[2024-07-31T19:48:44.073+0900] {process_utils.py:191} INFO - 10  2024-06-26    77043
[2024-07-31T19:48:44.073+0900] {process_utils.py:191} INFO - 11  2024-07-03   258402
[2024-07-31T19:48:44.073+0900] {process_utils.py:191} INFO - 12  2024-07-10     6064
[2024-07-31T19:48:44.074+0900] {process_utils.py:191} INFO - 13  2024-07-11     1927
[2024-07-31T19:48:44.074+0900] {process_utils.py:191} INFO - 14  2024-07-12    24594
[2024-07-31T19:48:44.074+0900] {process_utils.py:191} INFO - 15  2024-07-17    82548
[2024-07-31T19:48:44.074+0900] {process_utils.py:191} INFO - 16  2024-07-18     2187
[2024-07-31T19:48:44.075+0900] {process_utils.py:191} INFO - 17  2024-07-24  1372906
[2024-07-31T19:48:44.075+0900] {process_utils.py:191} INFO - 18  2024-07-27      559
[2024-07-31T19:48:44.075+0900] {process_utils.py:191} INFO - 19  2024-07-31    36602
[2024-07-31T19:48:44.075+0900] {process_utils.py:191} INFO - 20  2024-08-07    14128
[2024-07-31T19:48:44.507+0900] {python.py:237} INFO - Done. Returned value was: None
[2024-07-31T19:48:44.507+0900] {taskinstance.py:441} INFO - ::group::Post task execution logs
[2024-07-31T19:48:44.511+0900] {taskinstance.py:1206} INFO - Marking task as SUCCESS. dag_id=movie, task_id=save.data, run_id=scheduled__2024-07-27T02:10:00+00:00, execution_date=20240727T021000, start_date=20240731T104821, end_date=20240731T104844
[2024-07-31T19:48:44.557+0900] {local_task_job_runner.py:243} INFO - Task exited with return code 0
[2024-07-31T19:48:44.563+0900] {taskinstance.py:3503} INFO - 0 downstream tasks scheduled from follow-on schedule check
[2024-07-31T19:48:44.563+0900] {local_task_job_runner.py:222} INFO - ::endgroup::
