[2024-07-31T10:36:03.096+0900] {local_task_job_runner.py:120} INFO - ::group::Pre task execution logs
[2024-07-31T10:36:03.107+0900] {taskinstance.py:2076} INFO - Dependencies all met for dep_context=non-requeueable deps ti=<TaskInstance: movie.save.data scheduled__2024-07-27T02:10:00+00:00 [queued]>
[2024-07-31T10:36:03.111+0900] {taskinstance.py:2076} INFO - Dependencies all met for dep_context=requeueable deps ti=<TaskInstance: movie.save.data scheduled__2024-07-27T02:10:00+00:00 [queued]>
[2024-07-31T10:36:03.111+0900] {taskinstance.py:2306} INFO - Starting attempt 1 of 2
[2024-07-31T10:36:03.117+0900] {taskinstance.py:2330} INFO - Executing <Task(PythonVirtualenvOperator): save.data> on 2024-07-27 02:10:00+00:00
[2024-07-31T10:36:03.120+0900] {standard_task_runner.py:64} INFO - Started process 9538 to run task
[2024-07-31T10:36:03.122+0900] {standard_task_runner.py:90} INFO - Running: ['airflow', 'tasks', 'run', 'movie', 'save.data', 'scheduled__2024-07-27T02:10:00+00:00', '--job-id', '706', '--raw', '--subdir', 'DAGS_FOLDER/movie.py', '--cfg-path', '/var/folders/qv/0knwm5h50ml0skpppwpbks_r0000gp/T/tmphypja74x']
[2024-07-31T10:36:03.124+0900] {standard_task_runner.py:91} INFO - Job 706: Subtask save.data
[2024-07-31T10:36:03.138+0900] {task_command.py:426} INFO - Running <TaskInstance: movie.save.data scheduled__2024-07-27T02:10:00+00:00 [running]> on host jeongui-MacBookPro.local
[2024-07-31T10:36:03.158+0900] {taskinstance.py:2648} INFO - Exporting env vars: AIRFLOW_CTX_DAG_OWNER='airflow' AIRFLOW_CTX_DAG_ID='movie' AIRFLOW_CTX_TASK_ID='save.data' AIRFLOW_CTX_EXECUTION_DATE='2024-07-27T02:10:00+00:00' AIRFLOW_CTX_TRY_NUMBER='1' AIRFLOW_CTX_DAG_RUN_ID='scheduled__2024-07-27T02:10:00+00:00'
[2024-07-31T10:36:03.159+0900] {taskinstance.py:430} INFO - ::endgroup::
[2024-07-31T10:36:03.164+0900] {baseoperator.py:400} WARNING - PythonVirtualenvOperator.execute cannot be called outside TaskInstance!
[2024-07-31T10:36:03.164+0900] {process_utils.py:183} INFO - Executing cmd: /Users/DE32/.pyenv/versions/3.11.9/envs/note/bin/python -m virtualenv /var/folders/qv/0knwm5h50ml0skpppwpbks_r0000gp/T/venv5pxudqlg --python=python
[2024-07-31T10:36:03.166+0900] {process_utils.py:187} INFO - Output:
[2024-07-31T10:36:03.343+0900] {process_utils.py:191} INFO - created virtual environment CPython3.11.9.final.0-64 in 119ms
[2024-07-31T10:36:03.344+0900] {process_utils.py:191} INFO -   creator CPython3Posix(dest=/private/var/folders/qv/0knwm5h50ml0skpppwpbks_r0000gp/T/venv5pxudqlg, clear=False, no_vcs_ignore=False, global=False)
[2024-07-31T10:36:03.344+0900] {process_utils.py:191} INFO -   seeder FromAppData(download=False, pip=bundle, setuptools=bundle, wheel=bundle, via=copy, app_data_dir=/Users/DE32/Library/Application Support/virtualenv)
[2024-07-31T10:36:03.344+0900] {process_utils.py:191} INFO -     added seed packages: pip==24.1.2, setuptools==70.2.0, wheel==0.43.0
[2024-07-31T10:36:03.344+0900] {process_utils.py:191} INFO -   activators BashActivator,CShellActivator,FishActivator,NushellActivator,PowerShellActivator,PythonActivator
[2024-07-31T10:36:03.355+0900] {process_utils.py:183} INFO - Executing cmd: /var/folders/qv/0knwm5h50ml0skpppwpbks_r0000gp/T/venv5pxudqlg/bin/pip install -r /var/folders/qv/0knwm5h50ml0skpppwpbks_r0000gp/T/venv5pxudqlg/requirements.txt
[2024-07-31T10:36:03.357+0900] {process_utils.py:187} INFO - Output:
[2024-07-31T10:36:04.086+0900] {process_utils.py:191} INFO - Collecting git+https://github.com/Jeonghoon2/movie.git@0.2/api (from -r /var/folders/qv/0knwm5h50ml0skpppwpbks_r0000gp/T/venv5pxudqlg/requirements.txt (line 1))
[2024-07-31T10:36:04.086+0900] {process_utils.py:191} INFO -   Cloning https://github.com/Jeonghoon2/movie.git (to revision 0.2/api) to /private/var/folders/qv/0knwm5h50ml0skpppwpbks_r0000gp/T/pip-req-build-heo5qcfw
[2024-07-31T10:36:04.097+0900] {process_utils.py:191} INFO -   Running command git clone --filter=blob:none --quiet https://github.com/Jeonghoon2/movie.git /private/var/folders/qv/0knwm5h50ml0skpppwpbks_r0000gp/T/pip-req-build-heo5qcfw
[2024-07-31T10:36:05.841+0900] {process_utils.py:191} INFO -   Running command git checkout -b 0.2/api --track origin/0.2/api
[2024-07-31T10:36:06.413+0900] {process_utils.py:191} INFO -   Switched to a new branch '0.2/api'
[2024-07-31T10:36:06.414+0900] {process_utils.py:191} INFO -   branch '0.2/api' set up to track 'origin/0.2/api'.
[2024-07-31T10:36:06.414+0900] {process_utils.py:191} INFO -   Resolved https://github.com/Jeonghoon2/movie.git to commit 514cfb45f6fa577ee07d4fa2076f9283780af81e
[2024-07-31T10:36:06.437+0900] {process_utils.py:191} INFO -   Installing build dependencies: started
[2024-07-31T10:36:07.351+0900] {process_utils.py:191} INFO -   Installing build dependencies: finished with status 'done'
[2024-07-31T10:36:07.352+0900] {process_utils.py:191} INFO -   Getting requirements to build wheel: started
[2024-07-31T10:36:07.473+0900] {process_utils.py:191} INFO -   Getting requirements to build wheel: finished with status 'done'
[2024-07-31T10:36:07.474+0900] {process_utils.py:191} INFO -   Preparing metadata (pyproject.toml): started
[2024-07-31T10:36:07.597+0900] {process_utils.py:191} INFO -   Preparing metadata (pyproject.toml): finished with status 'done'
[2024-07-31T10:36:07.668+0900] {process_utils.py:191} INFO - Collecting requests>=2.32.3 (from mov==0.1.0->-r /var/folders/qv/0knwm5h50ml0skpppwpbks_r0000gp/T/venv5pxudqlg/requirements.txt (line 1))
[2024-07-31T10:36:07.669+0900] {process_utils.py:191} INFO -   Using cached requests-2.32.3-py3-none-any.whl.metadata (4.6 kB)
[2024-07-31T10:36:07.734+0900] {process_utils.py:191} INFO - Collecting pandas>=2.2.2 (from mov==0.1.0->-r /var/folders/qv/0knwm5h50ml0skpppwpbks_r0000gp/T/venv5pxudqlg/requirements.txt (line 1))
[2024-07-31T10:36:07.735+0900] {process_utils.py:191} INFO -   Using cached pandas-2.2.2-cp311-cp311-macosx_11_0_arm64.whl.metadata (19 kB)
[2024-07-31T10:36:07.838+0900] {process_utils.py:191} INFO - Collecting numpy>=2.0.1 (from mov==0.1.0->-r /var/folders/qv/0knwm5h50ml0skpppwpbks_r0000gp/T/venv5pxudqlg/requirements.txt (line 1))
[2024-07-31T10:36:07.839+0900] {process_utils.py:191} INFO -   Using cached numpy-2.0.1-cp311-cp311-macosx_14_0_arm64.whl.metadata (60 kB)
[2024-07-31T10:36:07.890+0900] {process_utils.py:191} INFO - Collecting pyarrow>=17.0.0 (from mov==0.1.0->-r /var/folders/qv/0knwm5h50ml0skpppwpbks_r0000gp/T/venv5pxudqlg/requirements.txt (line 1))
[2024-07-31T10:36:07.891+0900] {process_utils.py:191} INFO -   Using cached pyarrow-17.0.0-cp311-cp311-macosx_11_0_arm64.whl.metadata (3.3 kB)
[2024-07-31T10:36:07.917+0900] {process_utils.py:191} INFO - Collecting python-dateutil>=2.8.2 (from pandas>=2.2.2->mov==0.1.0->-r /var/folders/qv/0knwm5h50ml0skpppwpbks_r0000gp/T/venv5pxudqlg/requirements.txt (line 1))
[2024-07-31T10:36:07.917+0900] {process_utils.py:191} INFO -   Using cached python_dateutil-2.9.0.post0-py2.py3-none-any.whl.metadata (8.4 kB)
[2024-07-31T10:36:07.950+0900] {process_utils.py:191} INFO - Collecting pytz>=2020.1 (from pandas>=2.2.2->mov==0.1.0->-r /var/folders/qv/0knwm5h50ml0skpppwpbks_r0000gp/T/venv5pxudqlg/requirements.txt (line 1))
[2024-07-31T10:36:07.951+0900] {process_utils.py:191} INFO -   Using cached pytz-2024.1-py2.py3-none-any.whl.metadata (22 kB)
[2024-07-31T10:36:07.970+0900] {process_utils.py:191} INFO - Collecting tzdata>=2022.7 (from pandas>=2.2.2->mov==0.1.0->-r /var/folders/qv/0knwm5h50ml0skpppwpbks_r0000gp/T/venv5pxudqlg/requirements.txt (line 1))
[2024-07-31T10:36:07.970+0900] {process_utils.py:191} INFO -   Using cached tzdata-2024.1-py2.py3-none-any.whl.metadata (1.4 kB)
[2024-07-31T10:36:08.020+0900] {process_utils.py:191} INFO - Collecting charset-normalizer<4,>=2 (from requests>=2.32.3->mov==0.1.0->-r /var/folders/qv/0knwm5h50ml0skpppwpbks_r0000gp/T/venv5pxudqlg/requirements.txt (line 1))
[2024-07-31T10:36:08.021+0900] {process_utils.py:191} INFO -   Using cached charset_normalizer-3.3.2-cp311-cp311-macosx_11_0_arm64.whl.metadata (33 kB)
[2024-07-31T10:36:08.038+0900] {process_utils.py:191} INFO - Collecting idna<4,>=2.5 (from requests>=2.32.3->mov==0.1.0->-r /var/folders/qv/0knwm5h50ml0skpppwpbks_r0000gp/T/venv5pxudqlg/requirements.txt (line 1))
[2024-07-31T10:36:08.039+0900] {process_utils.py:191} INFO -   Using cached idna-3.7-py3-none-any.whl.metadata (9.9 kB)
[2024-07-31T10:36:08.077+0900] {process_utils.py:191} INFO - Collecting urllib3<3,>=1.21.1 (from requests>=2.32.3->mov==0.1.0->-r /var/folders/qv/0knwm5h50ml0skpppwpbks_r0000gp/T/venv5pxudqlg/requirements.txt (line 1))
[2024-07-31T10:36:08.077+0900] {process_utils.py:191} INFO -   Using cached urllib3-2.2.2-py3-none-any.whl.metadata (6.4 kB)
[2024-07-31T10:36:08.098+0900] {process_utils.py:191} INFO - Collecting certifi>=2017.4.17 (from requests>=2.32.3->mov==0.1.0->-r /var/folders/qv/0knwm5h50ml0skpppwpbks_r0000gp/T/venv5pxudqlg/requirements.txt (line 1))
[2024-07-31T10:36:08.099+0900] {process_utils.py:191} INFO -   Using cached certifi-2024.7.4-py3-none-any.whl.metadata (2.2 kB)
[2024-07-31T10:36:08.129+0900] {process_utils.py:191} INFO - Collecting six>=1.5 (from python-dateutil>=2.8.2->pandas>=2.2.2->mov==0.1.0->-r /var/folders/qv/0knwm5h50ml0skpppwpbks_r0000gp/T/venv5pxudqlg/requirements.txt (line 1))
[2024-07-31T10:36:08.130+0900] {process_utils.py:191} INFO -   Using cached six-1.16.0-py2.py3-none-any.whl.metadata (1.8 kB)
[2024-07-31T10:36:08.133+0900] {process_utils.py:191} INFO - Using cached numpy-2.0.1-cp311-cp311-macosx_14_0_arm64.whl (5.3 MB)
[2024-07-31T10:36:08.139+0900] {process_utils.py:191} INFO - Using cached pandas-2.2.2-cp311-cp311-macosx_11_0_arm64.whl (11.3 MB)
[2024-07-31T10:36:08.151+0900] {process_utils.py:191} INFO - Using cached pyarrow-17.0.0-cp311-cp311-macosx_11_0_arm64.whl (27.2 MB)
[2024-07-31T10:36:08.177+0900] {process_utils.py:191} INFO - Using cached requests-2.32.3-py3-none-any.whl (64 kB)
[2024-07-31T10:36:08.178+0900] {process_utils.py:191} INFO - Using cached certifi-2024.7.4-py3-none-any.whl (162 kB)
[2024-07-31T10:36:08.179+0900] {process_utils.py:191} INFO - Using cached charset_normalizer-3.3.2-cp311-cp311-macosx_11_0_arm64.whl (118 kB)
[2024-07-31T10:36:08.180+0900] {process_utils.py:191} INFO - Using cached idna-3.7-py3-none-any.whl (66 kB)
[2024-07-31T10:36:08.181+0900] {process_utils.py:191} INFO - Using cached python_dateutil-2.9.0.post0-py2.py3-none-any.whl (229 kB)
[2024-07-31T10:36:08.182+0900] {process_utils.py:191} INFO - Using cached pytz-2024.1-py2.py3-none-any.whl (505 kB)
[2024-07-31T10:36:08.183+0900] {process_utils.py:191} INFO - Using cached tzdata-2024.1-py2.py3-none-any.whl (345 kB)
[2024-07-31T10:36:08.184+0900] {process_utils.py:191} INFO - Using cached urllib3-2.2.2-py3-none-any.whl (121 kB)
[2024-07-31T10:36:08.185+0900] {process_utils.py:191} INFO - Using cached six-1.16.0-py2.py3-none-any.whl (11 kB)
[2024-07-31T10:36:08.227+0900] {process_utils.py:191} INFO - Building wheels for collected packages: mov
[2024-07-31T10:36:08.240+0900] {process_utils.py:191} INFO -   Building wheel for mov (pyproject.toml): started
[2024-07-31T10:36:08.373+0900] {process_utils.py:191} INFO -   Building wheel for mov (pyproject.toml): finished with status 'done'
[2024-07-31T10:36:08.374+0900] {process_utils.py:191} INFO -   Created wheel for mov: filename=mov-0.1.0-py3-none-any.whl size=3017 sha256=09fc8eb6d7b145407d27930e2559f5b696131527671f07ba2751c34afe46e99e
[2024-07-31T10:36:08.374+0900] {process_utils.py:191} INFO -   Stored in directory: /private/var/folders/qv/0knwm5h50ml0skpppwpbks_r0000gp/T/pip-ephem-wheel-cache-64nzv43p/wheels/cf/ab/a7/d0c528d20fa8a5f19e169bdf1d98f2b2cefe79d8527bb89200
[2024-07-31T10:36:08.375+0900] {process_utils.py:191} INFO - Successfully built mov
[2024-07-31T10:36:08.403+0900] {process_utils.py:191} INFO - Installing collected packages: pytz, urllib3, tzdata, six, numpy, idna, charset-normalizer, certifi, requests, python-dateutil, pyarrow, pandas, mov
[2024-07-31T10:36:12.872+0900] {process_utils.py:191} INFO - Successfully installed certifi-2024.7.4 charset-normalizer-3.3.2 idna-3.7 mov-0.1.0 numpy-2.0.1 pandas-2.2.2 pyarrow-17.0.0 python-dateutil-2.9.0.post0 pytz-2024.1 requests-2.32.3 six-1.16.0 tzdata-2024.1 urllib3-2.2.2
[2024-07-31T10:36:12.875+0900] {process_utils.py:191} INFO - 
[2024-07-31T10:36:12.875+0900] {process_utils.py:191} INFO - [notice] A new release of pip is available: 24.1.2 -> 24.2
[2024-07-31T10:36:12.876+0900] {process_utils.py:191} INFO - [notice] To update, run: python -m pip install --upgrade pip
[2024-07-31T10:36:13.003+0900] {process_utils.py:183} INFO - Executing cmd: /var/folders/qv/0knwm5h50ml0skpppwpbks_r0000gp/T/venv5pxudqlg/bin/python /var/folders/qv/0knwm5h50ml0skpppwpbks_r0000gp/T/venv-call_o2opn_x/script.py /var/folders/qv/0knwm5h50ml0skpppwpbks_r0000gp/T/venv-call_o2opn_x/script.in /var/folders/qv/0knwm5h50ml0skpppwpbks_r0000gp/T/venv-call_o2opn_x/script.out /var/folders/qv/0knwm5h50ml0skpppwpbks_r0000gp/T/venv-call_o2opn_x/string_args.txt /var/folders/qv/0knwm5h50ml0skpppwpbks_r0000gp/T/venv-call_o2opn_x/termination.log
[2024-07-31T10:36:13.004+0900] {process_utils.py:187} INFO - Output:
[2024-07-31T10:36:27.929+0900] {process_utils.py:191} INFO - *********************************
[2024-07-31T10:36:27.930+0900] {process_utils.py:191} INFO -    rnum  rank  rankInten rankOldAndNew  ... audiChange  audiAcc scrnCnt  showCnt
[2024-07-31T10:36:27.930+0900] {process_utils.py:191} INFO - 0     1     1          0           OLD  ...       89.2   839696    1948     8847
[2024-07-31T10:36:27.930+0900] {process_utils.py:191} INFO - 1     2     2          0           OLD  ...      124.0   442931    1167     4490
[2024-07-31T10:36:27.931+0900] {process_utils.py:191} INFO - 2     3     3          0           OLD  ...       95.0  2199605     875     2337
[2024-07-31T10:36:27.931+0900] {process_utils.py:191} INFO - 3     4     4          0           OLD  ...      116.9  8233699     769     1616
[2024-07-31T10:36:27.931+0900] {process_utils.py:191} INFO - 4     5     5          0           OLD  ...       50.9   530083     587     1055
[2024-07-31T10:36:27.932+0900] {process_utils.py:191} INFO - 5     6     6          0           OLD  ...       87.3  1693336     516      843
[2024-07-31T10:36:27.932+0900] {process_utils.py:191} INFO - 6     7     7          4           OLD  ...      565.6    42425      38       47
[2024-07-31T10:36:27.932+0900] {process_utils.py:191} INFO - 7     8     8         -1           OLD  ...       34.7   663939     323      480
[2024-07-31T10:36:27.933+0900] {process_utils.py:191} INFO - 8     9     9          0           NEW  ...      100.0     8111      15       17
[2024-07-31T10:36:27.933+0900] {process_utils.py:191} INFO - 9    10    10          2           OLD  ...       98.5    62397      57       75
[2024-07-31T10:36:27.933+0900] {process_utils.py:191} INFO - 
[2024-07-31T10:36:27.934+0900] {process_utils.py:191} INFO - [10 rows x 18 columns]
[2024-07-31T10:36:27.934+0900] {process_utils.py:191} INFO - *********************************
[2024-07-31T10:36:27.934+0900] {process_utils.py:191} INFO - rnum               int64
[2024-07-31T10:36:27.934+0900] {process_utils.py:191} INFO - rank               int64
[2024-07-31T10:36:27.935+0900] {process_utils.py:191} INFO - rankInten          int64
[2024-07-31T10:36:27.935+0900] {process_utils.py:191} INFO - rankOldAndNew     object
[2024-07-31T10:36:27.935+0900] {process_utils.py:191} INFO - movieCd           object
[2024-07-31T10:36:27.936+0900] {process_utils.py:191} INFO - movieNm           object
[2024-07-31T10:36:27.936+0900] {process_utils.py:191} INFO - openDt            object
[2024-07-31T10:36:27.936+0900] {process_utils.py:191} INFO - salesAmt           int64
[2024-07-31T10:36:27.936+0900] {process_utils.py:191} INFO - salesShare       float64
[2024-07-31T10:36:27.937+0900] {process_utils.py:191} INFO - salesInten         int64
[2024-07-31T10:36:27.937+0900] {process_utils.py:191} INFO - salesChange      float64
[2024-07-31T10:36:27.937+0900] {process_utils.py:191} INFO - salesAcc          object
[2024-07-31T10:36:27.937+0900] {process_utils.py:191} INFO - audiCnt            int64
[2024-07-31T10:36:27.937+0900] {process_utils.py:191} INFO - audiInten          int64
[2024-07-31T10:36:27.938+0900] {process_utils.py:191} INFO - audiChange       float64
[2024-07-31T10:36:27.938+0900] {process_utils.py:191} INFO - audiAcc            int64
[2024-07-31T10:36:27.938+0900] {process_utils.py:191} INFO - scrnCnt            int64
[2024-07-31T10:36:27.938+0900] {process_utils.py:191} INFO - showCnt            int64
[2024-07-31T10:36:27.939+0900] {process_utils.py:191} INFO - dtype: object
[2024-07-31T10:36:27.939+0900] {process_utils.py:191} INFO - 개봉일 기준 그룹핑 누적 관객수 합
[2024-07-31T10:36:27.939+0900] {process_utils.py:191} INFO -        openDt  audiCnt
[2024-07-31T10:36:27.939+0900] {process_utils.py:191} INFO - 0  2024-06-12    55961
[2024-07-31T10:36:27.940+0900] {process_utils.py:191} INFO - 1  2024-06-26    25681
[2024-07-31T10:36:27.940+0900] {process_utils.py:191} INFO - 2  2024-07-03    86134
[2024-07-31T10:36:27.940+0900] {process_utils.py:191} INFO - 3  2024-07-12     8198
[2024-07-31T10:36:27.940+0900] {process_utils.py:191} INFO - 4  2024-07-17    27516
[2024-07-31T10:36:27.941+0900] {process_utils.py:191} INFO - 5  2024-07-24   457477
[2024-07-31T10:36:27.941+0900] {process_utils.py:191} INFO - 6  2024-07-31    12120
[2024-07-31T10:36:27.941+0900] {process_utils.py:191} INFO - 7  2024-08-07     4061
[2024-07-31T10:36:28.357+0900] {python.py:237} INFO - Done. Returned value was: None
[2024-07-31T10:36:28.357+0900] {taskinstance.py:441} INFO - ::group::Post task execution logs
[2024-07-31T10:36:28.361+0900] {taskinstance.py:1206} INFO - Marking task as SUCCESS. dag_id=movie, task_id=save.data, run_id=scheduled__2024-07-27T02:10:00+00:00, execution_date=20240727T021000, start_date=20240731T013603, end_date=20240731T013628
[2024-07-31T10:36:28.408+0900] {local_task_job_runner.py:243} INFO - Task exited with return code 0
[2024-07-31T10:36:28.414+0900] {taskinstance.py:3503} INFO - 0 downstream tasks scheduled from follow-on schedule check
[2024-07-31T10:36:28.414+0900] {local_task_job_runner.py:222} INFO - ::endgroup::
[2024-07-31T16:53:37.550+0900] {local_task_job_runner.py:120} INFO - ::group::Pre task execution logs
[2024-07-31T16:53:37.561+0900] {taskinstance.py:2076} INFO - Dependencies all met for dep_context=non-requeueable deps ti=<TaskInstance: movie.save.data scheduled__2024-07-27T02:10:00+00:00 [queued]>
[2024-07-31T16:53:37.564+0900] {taskinstance.py:2076} INFO - Dependencies all met for dep_context=requeueable deps ti=<TaskInstance: movie.save.data scheduled__2024-07-27T02:10:00+00:00 [queued]>
[2024-07-31T16:53:37.565+0900] {taskinstance.py:2306} INFO - Starting attempt 1 of 2
[2024-07-31T16:53:37.570+0900] {taskinstance.py:2330} INFO - Executing <Task(PythonVirtualenvOperator): save.data> on 2024-07-27 02:10:00+00:00
[2024-07-31T16:53:37.573+0900] {standard_task_runner.py:64} INFO - Started process 20628 to run task
[2024-07-31T16:53:37.576+0900] {standard_task_runner.py:90} INFO - Running: ['airflow', 'tasks', 'run', 'movie', 'save.data', 'scheduled__2024-07-27T02:10:00+00:00', '--job-id', '866', '--raw', '--subdir', 'DAGS_FOLDER/movie.py', '--cfg-path', '/var/folders/qv/0knwm5h50ml0skpppwpbks_r0000gp/T/tmp4cgx9d34']
[2024-07-31T16:53:37.577+0900] {standard_task_runner.py:91} INFO - Job 866: Subtask save.data
[2024-07-31T16:53:37.591+0900] {task_command.py:426} INFO - Running <TaskInstance: movie.save.data scheduled__2024-07-27T02:10:00+00:00 [running]> on host jeongui-MacBookPro.local
[2024-07-31T16:53:37.611+0900] {taskinstance.py:2648} INFO - Exporting env vars: AIRFLOW_CTX_DAG_OWNER='airflow' AIRFLOW_CTX_DAG_ID='movie' AIRFLOW_CTX_TASK_ID='save.data' AIRFLOW_CTX_EXECUTION_DATE='2024-07-27T02:10:00+00:00' AIRFLOW_CTX_TRY_NUMBER='1' AIRFLOW_CTX_DAG_RUN_ID='scheduled__2024-07-27T02:10:00+00:00'
[2024-07-31T16:53:37.611+0900] {taskinstance.py:430} INFO - ::endgroup::
[2024-07-31T16:53:37.616+0900] {baseoperator.py:400} WARNING - PythonVirtualenvOperator.execute cannot be called outside TaskInstance!
[2024-07-31T16:53:37.617+0900] {process_utils.py:183} INFO - Executing cmd: /Users/DE32/.pyenv/versions/3.11.9/envs/note/bin/python -m virtualenv /var/folders/qv/0knwm5h50ml0skpppwpbks_r0000gp/T/venve33_hbpb --python=python
[2024-07-31T16:53:37.619+0900] {process_utils.py:187} INFO - Output:
[2024-07-31T16:53:37.835+0900] {process_utils.py:191} INFO - created virtual environment CPython3.11.9.final.0-64 in 147ms
[2024-07-31T16:53:37.835+0900] {process_utils.py:191} INFO -   creator CPython3Posix(dest=/private/var/folders/qv/0knwm5h50ml0skpppwpbks_r0000gp/T/venve33_hbpb, clear=False, no_vcs_ignore=False, global=False)
[2024-07-31T16:53:37.835+0900] {process_utils.py:191} INFO -   seeder FromAppData(download=False, pip=bundle, setuptools=bundle, wheel=bundle, via=copy, app_data_dir=/Users/DE32/Library/Application Support/virtualenv)
[2024-07-31T16:53:37.835+0900] {process_utils.py:191} INFO -     added seed packages: pip==24.1.2, setuptools==70.2.0, wheel==0.43.0
[2024-07-31T16:53:37.836+0900] {process_utils.py:191} INFO -   activators BashActivator,CShellActivator,FishActivator,NushellActivator,PowerShellActivator,PythonActivator
[2024-07-31T16:53:37.846+0900] {process_utils.py:183} INFO - Executing cmd: /var/folders/qv/0knwm5h50ml0skpppwpbks_r0000gp/T/venve33_hbpb/bin/pip install -r /var/folders/qv/0knwm5h50ml0skpppwpbks_r0000gp/T/venve33_hbpb/requirements.txt
[2024-07-31T16:53:37.848+0900] {process_utils.py:187} INFO - Output:
[2024-07-31T16:53:38.578+0900] {process_utils.py:191} INFO - Collecting git+https://github.com/Jeonghoon2/movie.git@0.2/api (from -r /var/folders/qv/0knwm5h50ml0skpppwpbks_r0000gp/T/venve33_hbpb/requirements.txt (line 1))
[2024-07-31T16:53:38.578+0900] {process_utils.py:191} INFO -   Cloning https://github.com/Jeonghoon2/movie.git (to revision 0.2/api) to /private/var/folders/qv/0knwm5h50ml0skpppwpbks_r0000gp/T/pip-req-build-lbibx0fa
[2024-07-31T16:53:38.591+0900] {process_utils.py:191} INFO -   Running command git clone --filter=blob:none --quiet https://github.com/Jeonghoon2/movie.git /private/var/folders/qv/0knwm5h50ml0skpppwpbks_r0000gp/T/pip-req-build-lbibx0fa
[2024-07-31T16:53:39.878+0900] {process_utils.py:191} INFO -   Running command git checkout -b 0.2/api --track origin/0.2/api
[2024-07-31T16:53:40.519+0900] {process_utils.py:191} INFO -   Switched to a new branch '0.2/api'
[2024-07-31T16:53:40.520+0900] {process_utils.py:191} INFO -   branch '0.2/api' set up to track 'origin/0.2/api'.
[2024-07-31T16:53:40.520+0900] {process_utils.py:191} INFO -   Resolved https://github.com/Jeonghoon2/movie.git to commit 34de3b5e993ea074744539373447116355ac95da
[2024-07-31T16:53:40.543+0900] {process_utils.py:191} INFO -   Installing build dependencies: started
[2024-07-31T16:53:41.430+0900] {process_utils.py:191} INFO -   Installing build dependencies: finished with status 'done'
[2024-07-31T16:53:41.431+0900] {process_utils.py:191} INFO -   Getting requirements to build wheel: started
[2024-07-31T16:53:41.552+0900] {process_utils.py:191} INFO -   Getting requirements to build wheel: finished with status 'done'
[2024-07-31T16:53:41.553+0900] {process_utils.py:191} INFO -   Preparing metadata (pyproject.toml): started
[2024-07-31T16:53:41.676+0900] {process_utils.py:191} INFO -   Preparing metadata (pyproject.toml): finished with status 'done'
[2024-07-31T16:53:41.738+0900] {process_utils.py:191} INFO - Collecting requests>=2.32.3 (from mov==0.1.0->-r /var/folders/qv/0knwm5h50ml0skpppwpbks_r0000gp/T/venve33_hbpb/requirements.txt (line 1))
[2024-07-31T16:53:41.739+0900] {process_utils.py:191} INFO -   Using cached requests-2.32.3-py3-none-any.whl.metadata (4.6 kB)
[2024-07-31T16:53:41.805+0900] {process_utils.py:191} INFO - Collecting pandas>=2.2.2 (from mov==0.1.0->-r /var/folders/qv/0knwm5h50ml0skpppwpbks_r0000gp/T/venve33_hbpb/requirements.txt (line 1))
[2024-07-31T16:53:41.806+0900] {process_utils.py:191} INFO -   Using cached pandas-2.2.2-cp311-cp311-macosx_11_0_arm64.whl.metadata (19 kB)
[2024-07-31T16:53:41.903+0900] {process_utils.py:191} INFO - Collecting numpy>=2.0.1 (from mov==0.1.0->-r /var/folders/qv/0knwm5h50ml0skpppwpbks_r0000gp/T/venve33_hbpb/requirements.txt (line 1))
[2024-07-31T16:53:41.904+0900] {process_utils.py:191} INFO -   Using cached numpy-2.0.1-cp311-cp311-macosx_14_0_arm64.whl.metadata (60 kB)
[2024-07-31T16:53:41.956+0900] {process_utils.py:191} INFO - Collecting pyarrow>=17.0.0 (from mov==0.1.0->-r /var/folders/qv/0knwm5h50ml0skpppwpbks_r0000gp/T/venve33_hbpb/requirements.txt (line 1))
[2024-07-31T16:53:41.957+0900] {process_utils.py:191} INFO -   Using cached pyarrow-17.0.0-cp311-cp311-macosx_11_0_arm64.whl.metadata (3.3 kB)
[2024-07-31T16:53:41.977+0900] {process_utils.py:191} INFO - Collecting python-dateutil>=2.8.2 (from pandas>=2.2.2->mov==0.1.0->-r /var/folders/qv/0knwm5h50ml0skpppwpbks_r0000gp/T/venve33_hbpb/requirements.txt (line 1))
[2024-07-31T16:53:41.978+0900] {process_utils.py:191} INFO -   Using cached python_dateutil-2.9.0.post0-py2.py3-none-any.whl.metadata (8.4 kB)
[2024-07-31T16:53:42.006+0900] {process_utils.py:191} INFO - Collecting pytz>=2020.1 (from pandas>=2.2.2->mov==0.1.0->-r /var/folders/qv/0knwm5h50ml0skpppwpbks_r0000gp/T/venve33_hbpb/requirements.txt (line 1))
[2024-07-31T16:53:42.007+0900] {process_utils.py:191} INFO -   Using cached pytz-2024.1-py2.py3-none-any.whl.metadata (22 kB)
[2024-07-31T16:53:42.022+0900] {process_utils.py:191} INFO - Collecting tzdata>=2022.7 (from pandas>=2.2.2->mov==0.1.0->-r /var/folders/qv/0knwm5h50ml0skpppwpbks_r0000gp/T/venve33_hbpb/requirements.txt (line 1))
[2024-07-31T16:53:42.022+0900] {process_utils.py:191} INFO -   Using cached tzdata-2024.1-py2.py3-none-any.whl.metadata (1.4 kB)
[2024-07-31T16:53:42.065+0900] {process_utils.py:191} INFO - Collecting charset-normalizer<4,>=2 (from requests>=2.32.3->mov==0.1.0->-r /var/folders/qv/0knwm5h50ml0skpppwpbks_r0000gp/T/venve33_hbpb/requirements.txt (line 1))
[2024-07-31T16:53:42.066+0900] {process_utils.py:191} INFO -   Using cached charset_normalizer-3.3.2-cp311-cp311-macosx_11_0_arm64.whl.metadata (33 kB)
[2024-07-31T16:53:42.081+0900] {process_utils.py:191} INFO - Collecting idna<4,>=2.5 (from requests>=2.32.3->mov==0.1.0->-r /var/folders/qv/0knwm5h50ml0skpppwpbks_r0000gp/T/venve33_hbpb/requirements.txt (line 1))
[2024-07-31T16:53:42.082+0900] {process_utils.py:191} INFO -   Using cached idna-3.7-py3-none-any.whl.metadata (9.9 kB)
[2024-07-31T16:53:42.108+0900] {process_utils.py:191} INFO - Collecting urllib3<3,>=1.21.1 (from requests>=2.32.3->mov==0.1.0->-r /var/folders/qv/0knwm5h50ml0skpppwpbks_r0000gp/T/venve33_hbpb/requirements.txt (line 1))
[2024-07-31T16:53:42.108+0900] {process_utils.py:191} INFO -   Using cached urllib3-2.2.2-py3-none-any.whl.metadata (6.4 kB)
[2024-07-31T16:53:42.125+0900] {process_utils.py:191} INFO - Collecting certifi>=2017.4.17 (from requests>=2.32.3->mov==0.1.0->-r /var/folders/qv/0knwm5h50ml0skpppwpbks_r0000gp/T/venve33_hbpb/requirements.txt (line 1))
[2024-07-31T16:53:42.126+0900] {process_utils.py:191} INFO -   Using cached certifi-2024.7.4-py3-none-any.whl.metadata (2.2 kB)
[2024-07-31T16:53:42.151+0900] {process_utils.py:191} INFO - Collecting six>=1.5 (from python-dateutil>=2.8.2->pandas>=2.2.2->mov==0.1.0->-r /var/folders/qv/0knwm5h50ml0skpppwpbks_r0000gp/T/venve33_hbpb/requirements.txt (line 1))
[2024-07-31T16:53:42.152+0900] {process_utils.py:191} INFO -   Using cached six-1.16.0-py2.py3-none-any.whl.metadata (1.8 kB)
[2024-07-31T16:53:42.155+0900] {process_utils.py:191} INFO - Using cached numpy-2.0.1-cp311-cp311-macosx_14_0_arm64.whl (5.3 MB)
[2024-07-31T16:53:42.161+0900] {process_utils.py:191} INFO - Using cached pandas-2.2.2-cp311-cp311-macosx_11_0_arm64.whl (11.3 MB)
[2024-07-31T16:53:42.173+0900] {process_utils.py:191} INFO - Using cached pyarrow-17.0.0-cp311-cp311-macosx_11_0_arm64.whl (27.2 MB)
[2024-07-31T16:53:42.199+0900] {process_utils.py:191} INFO - Using cached requests-2.32.3-py3-none-any.whl (64 kB)
[2024-07-31T16:53:42.200+0900] {process_utils.py:191} INFO - Using cached certifi-2024.7.4-py3-none-any.whl (162 kB)
[2024-07-31T16:53:42.201+0900] {process_utils.py:191} INFO - Using cached charset_normalizer-3.3.2-cp311-cp311-macosx_11_0_arm64.whl (118 kB)
[2024-07-31T16:53:42.202+0900] {process_utils.py:191} INFO - Using cached idna-3.7-py3-none-any.whl (66 kB)
[2024-07-31T16:53:42.203+0900] {process_utils.py:191} INFO - Using cached python_dateutil-2.9.0.post0-py2.py3-none-any.whl (229 kB)
[2024-07-31T16:53:42.204+0900] {process_utils.py:191} INFO - Using cached pytz-2024.1-py2.py3-none-any.whl (505 kB)
[2024-07-31T16:53:42.205+0900] {process_utils.py:191} INFO - Using cached tzdata-2024.1-py2.py3-none-any.whl (345 kB)
[2024-07-31T16:53:42.206+0900] {process_utils.py:191} INFO - Using cached urllib3-2.2.2-py3-none-any.whl (121 kB)
[2024-07-31T16:53:42.207+0900] {process_utils.py:191} INFO - Using cached six-1.16.0-py2.py3-none-any.whl (11 kB)
[2024-07-31T16:53:42.249+0900] {process_utils.py:191} INFO - Building wheels for collected packages: mov
[2024-07-31T16:53:42.263+0900] {process_utils.py:191} INFO -   Building wheel for mov (pyproject.toml): started
[2024-07-31T16:53:42.397+0900] {process_utils.py:191} INFO -   Building wheel for mov (pyproject.toml): finished with status 'done'
[2024-07-31T16:53:42.397+0900] {process_utils.py:191} INFO -   Created wheel for mov: filename=mov-0.1.0-py3-none-any.whl size=3035 sha256=3c22a421be9dfcbd41ce9af954d95a90e4c2c2ce77147386befcfe35b33883b7
[2024-07-31T16:53:42.398+0900] {process_utils.py:191} INFO -   Stored in directory: /private/var/folders/qv/0knwm5h50ml0skpppwpbks_r0000gp/T/pip-ephem-wheel-cache-vtq61607/wheels/cf/ab/a7/d0c528d20fa8a5f19e169bdf1d98f2b2cefe79d8527bb89200
[2024-07-31T16:53:42.399+0900] {process_utils.py:191} INFO - Successfully built mov
[2024-07-31T16:53:42.427+0900] {process_utils.py:191} INFO - Installing collected packages: pytz, urllib3, tzdata, six, numpy, idna, charset-normalizer, certifi, requests, python-dateutil, pyarrow, pandas, mov
[2024-07-31T16:53:46.874+0900] {process_utils.py:191} INFO - Successfully installed certifi-2024.7.4 charset-normalizer-3.3.2 idna-3.7 mov-0.1.0 numpy-2.0.1 pandas-2.2.2 pyarrow-17.0.0 python-dateutil-2.9.0.post0 pytz-2024.1 requests-2.32.3 six-1.16.0 tzdata-2024.1 urllib3-2.2.2
[2024-07-31T16:53:46.877+0900] {process_utils.py:191} INFO - 
[2024-07-31T16:53:46.877+0900] {process_utils.py:191} INFO - [notice] A new release of pip is available: 24.1.2 -> 24.2
[2024-07-31T16:53:46.877+0900] {process_utils.py:191} INFO - [notice] To update, run: python -m pip install --upgrade pip
[2024-07-31T16:53:47.007+0900] {process_utils.py:183} INFO - Executing cmd: /var/folders/qv/0knwm5h50ml0skpppwpbks_r0000gp/T/venve33_hbpb/bin/python /var/folders/qv/0knwm5h50ml0skpppwpbks_r0000gp/T/venv-calll49q8ohr/script.py /var/folders/qv/0knwm5h50ml0skpppwpbks_r0000gp/T/venv-calll49q8ohr/script.in /var/folders/qv/0knwm5h50ml0skpppwpbks_r0000gp/T/venv-calll49q8ohr/script.out /var/folders/qv/0knwm5h50ml0skpppwpbks_r0000gp/T/venv-calll49q8ohr/string_args.txt /var/folders/qv/0knwm5h50ml0skpppwpbks_r0000gp/T/venv-calll49q8ohr/termination.log
[2024-07-31T16:53:47.009+0900] {process_utils.py:187} INFO - Output:
[2024-07-31T16:54:03.079+0900] {process_utils.py:191} INFO - *********************************
[2024-07-31T16:54:03.080+0900] {process_utils.py:191} INFO -    rnum  rank  rankInten rankOldAndNew  ... audiChange  audiAcc scrnCnt  showCnt
[2024-07-31T16:54:03.080+0900] {process_utils.py:191} INFO - 0     1     1          0           OLD  ...       89.2   839684    1948     8847
[2024-07-31T16:54:03.081+0900] {process_utils.py:191} INFO - 1     2     2          0           OLD  ...      124.0   442928    1167     4490
[2024-07-31T16:54:03.081+0900] {process_utils.py:191} INFO - 2     3     3          0           OLD  ...       95.0  2199605     875     2337
[2024-07-31T16:54:03.081+0900] {process_utils.py:191} INFO - 3     4     4          0           OLD  ...      116.9  8233696     769     1616
[2024-07-31T16:54:03.082+0900] {process_utils.py:191} INFO - 4     5     5          0           OLD  ...       50.9   530083     587     1055
[2024-07-31T16:54:03.082+0900] {process_utils.py:191} INFO - 5     6     6          0           OLD  ...       87.3  1693423     516      843
[2024-07-31T16:54:03.082+0900] {process_utils.py:191} INFO - 6     7     7          4           OLD  ...      565.6    42425      38       47
[2024-07-31T16:54:03.083+0900] {process_utils.py:191} INFO - 7     8     8         -1           OLD  ...       34.7   663939     323      480
[2024-07-31T16:54:03.083+0900] {process_utils.py:191} INFO - 8     9     9          0           NEW  ...      100.0     8111      15       17
[2024-07-31T16:54:03.083+0900] {process_utils.py:191} INFO - 9    10    10          2           OLD  ...       98.5    62397      57       75
[2024-07-31T16:54:03.084+0900] {process_utils.py:191} INFO - 
[2024-07-31T16:54:03.084+0900] {process_utils.py:191} INFO - [10 rows x 18 columns]
[2024-07-31T16:54:03.084+0900] {process_utils.py:191} INFO - *********************************
[2024-07-31T16:54:03.084+0900] {process_utils.py:191} INFO - rnum               int64
[2024-07-31T16:54:03.085+0900] {process_utils.py:191} INFO - rank               int64
[2024-07-31T16:54:03.085+0900] {process_utils.py:191} INFO - rankInten          int64
[2024-07-31T16:54:03.085+0900] {process_utils.py:191} INFO - rankOldAndNew     object
[2024-07-31T16:54:03.086+0900] {process_utils.py:191} INFO - movieCd           object
[2024-07-31T16:54:03.086+0900] {process_utils.py:191} INFO - movieNm           object
[2024-07-31T16:54:03.086+0900] {process_utils.py:191} INFO - openDt            object
[2024-07-31T16:54:03.086+0900] {process_utils.py:191} INFO - salesAmt           int64
[2024-07-31T16:54:03.087+0900] {process_utils.py:191} INFO - salesShare       float64
[2024-07-31T16:54:03.087+0900] {process_utils.py:191} INFO - salesInten         int64
[2024-07-31T16:54:03.087+0900] {process_utils.py:191} INFO - salesChange      float64
[2024-07-31T16:54:03.088+0900] {process_utils.py:191} INFO - salesAcc          object
[2024-07-31T16:54:03.088+0900] {process_utils.py:191} INFO - audiCnt            int64
[2024-07-31T16:54:03.088+0900] {process_utils.py:191} INFO - audiInten          int64
[2024-07-31T16:54:03.088+0900] {process_utils.py:191} INFO - audiChange       float64
[2024-07-31T16:54:03.088+0900] {process_utils.py:191} INFO - audiAcc            int64
[2024-07-31T16:54:03.089+0900] {process_utils.py:191} INFO - scrnCnt            int64
[2024-07-31T16:54:03.089+0900] {process_utils.py:191} INFO - showCnt            int64
[2024-07-31T16:54:03.089+0900] {process_utils.py:191} INFO - dtype: object
[2024-07-31T16:54:03.089+0900] {process_utils.py:191} INFO - 개봉일 기준 그룹핑 누적 관객수 합
[2024-07-31T16:54:03.090+0900] {process_utils.py:191} INFO -        openDt  audiCnt
[2024-07-31T16:54:03.090+0900] {process_utils.py:191} INFO - 0  2024-06-12    55961
[2024-07-31T16:54:03.090+0900] {process_utils.py:191} INFO - 1  2024-06-26    25681
[2024-07-31T16:54:03.090+0900] {process_utils.py:191} INFO - 2  2024-07-03    86134
[2024-07-31T16:54:03.091+0900] {process_utils.py:191} INFO - 3  2024-07-12     8198
[2024-07-31T16:54:03.091+0900] {process_utils.py:191} INFO - 4  2024-07-17    27516
[2024-07-31T16:54:03.091+0900] {process_utils.py:191} INFO - 5  2024-07-24   457472
[2024-07-31T16:54:03.091+0900] {process_utils.py:191} INFO - 6  2024-07-31    12120
[2024-07-31T16:54:03.092+0900] {process_utils.py:191} INFO - 7  2024-08-07     4061
[2024-07-31T16:54:03.535+0900] {python.py:237} INFO - Done. Returned value was: None
[2024-07-31T16:54:03.536+0900] {taskinstance.py:441} INFO - ::group::Post task execution logs
[2024-07-31T16:54:03.539+0900] {taskinstance.py:1206} INFO - Marking task as SUCCESS. dag_id=movie, task_id=save.data, run_id=scheduled__2024-07-27T02:10:00+00:00, execution_date=20240727T021000, start_date=20240731T075337, end_date=20240731T075403
[2024-07-31T16:54:03.571+0900] {local_task_job_runner.py:243} INFO - Task exited with return code 0
[2024-07-31T16:54:03.577+0900] {taskinstance.py:3503} INFO - 0 downstream tasks scheduled from follow-on schedule check
[2024-07-31T16:54:03.577+0900] {local_task_job_runner.py:222} INFO - ::endgroup::
