[2024-07-31T19:53:25.643+0900] {local_task_job_runner.py:120} INFO - ::group::Pre task execution logs
[2024-07-31T19:53:25.654+0900] {taskinstance.py:2076} INFO - Dependencies all met for dep_context=non-requeueable deps ti=<TaskInstance: movie.nation.k scheduled__2024-07-29T02:10:00+00:00 [queued]>
[2024-07-31T19:53:25.658+0900] {taskinstance.py:2076} INFO - Dependencies all met for dep_context=requeueable deps ti=<TaskInstance: movie.nation.k scheduled__2024-07-29T02:10:00+00:00 [queued]>
[2024-07-31T19:53:25.658+0900] {taskinstance.py:2306} INFO - Starting attempt 2 of 3
[2024-07-31T19:53:25.664+0900] {taskinstance.py:2330} INFO - Executing <Task(PythonVirtualenvOperator): nation.k> on 2024-07-29 02:10:00+00:00
[2024-07-31T19:53:25.666+0900] {standard_task_runner.py:64} INFO - Started process 33406 to run task
[2024-07-31T19:53:25.669+0900] {standard_task_runner.py:90} INFO - Running: ['airflow', 'tasks', 'run', 'movie', 'nation.k', 'scheduled__2024-07-29T02:10:00+00:00', '--job-id', '986', '--raw', '--subdir', 'DAGS_FOLDER/movie.py', '--cfg-path', '/var/folders/qv/0knwm5h50ml0skpppwpbks_r0000gp/T/tmp36lynwig']
[2024-07-31T19:53:25.671+0900] {standard_task_runner.py:91} INFO - Job 986: Subtask nation.k
[2024-07-31T19:53:25.685+0900] {task_command.py:426} INFO - Running <TaskInstance: movie.nation.k scheduled__2024-07-29T02:10:00+00:00 [running]> on host jeongui-MacBookPro.local
[2024-07-31T19:53:25.706+0900] {taskinstance.py:2648} INFO - Exporting env vars: AIRFLOW_CTX_DAG_OWNER='airflow' AIRFLOW_CTX_DAG_ID='movie' AIRFLOW_CTX_TASK_ID='nation.k' AIRFLOW_CTX_EXECUTION_DATE='2024-07-29T02:10:00+00:00' AIRFLOW_CTX_TRY_NUMBER='2' AIRFLOW_CTX_DAG_RUN_ID='scheduled__2024-07-29T02:10:00+00:00'
[2024-07-31T19:53:25.707+0900] {taskinstance.py:430} INFO - ::endgroup::
[2024-07-31T19:53:25.712+0900] {baseoperator.py:400} WARNING - PythonVirtualenvOperator.execute cannot be called outside TaskInstance!
[2024-07-31T19:53:25.713+0900] {process_utils.py:183} INFO - Executing cmd: /Users/DE32/.pyenv/versions/3.11.9/envs/note/bin/python -m virtualenv /var/folders/qv/0knwm5h50ml0skpppwpbks_r0000gp/T/venv9l92wxbw --python=python
[2024-07-31T19:53:25.715+0900] {process_utils.py:187} INFO - Output:
[2024-07-31T19:53:25.891+0900] {process_utils.py:191} INFO - created virtual environment CPython3.11.9.final.0-64 in 116ms
[2024-07-31T19:53:25.891+0900] {process_utils.py:191} INFO -   creator CPython3Posix(dest=/private/var/folders/qv/0knwm5h50ml0skpppwpbks_r0000gp/T/venv9l92wxbw, clear=False, no_vcs_ignore=False, global=False)
[2024-07-31T19:53:25.892+0900] {process_utils.py:191} INFO -   seeder FromAppData(download=False, pip=bundle, setuptools=bundle, wheel=bundle, via=copy, app_data_dir=/Users/DE32/Library/Application Support/virtualenv)
[2024-07-31T19:53:25.892+0900] {process_utils.py:191} INFO -     added seed packages: pip==24.1.2, setuptools==70.2.0, wheel==0.43.0
[2024-07-31T19:53:25.892+0900] {process_utils.py:191} INFO -   activators BashActivator,CShellActivator,FishActivator,NushellActivator,PowerShellActivator,PythonActivator
[2024-07-31T19:53:25.902+0900] {process_utils.py:183} INFO - Executing cmd: /var/folders/qv/0knwm5h50ml0skpppwpbks_r0000gp/T/venv9l92wxbw/bin/pip install -r /var/folders/qv/0knwm5h50ml0skpppwpbks_r0000gp/T/venv9l92wxbw/requirements.txt
[2024-07-31T19:53:25.904+0900] {process_utils.py:187} INFO - Output:
[2024-07-31T19:53:26.727+0900] {process_utils.py:191} INFO - Collecting git+https://github.com/Jeonghoon2/movie.git@0.2/api (from -r /var/folders/qv/0knwm5h50ml0skpppwpbks_r0000gp/T/venv9l92wxbw/requirements.txt (line 1))
[2024-07-31T19:53:26.727+0900] {process_utils.py:191} INFO -   Cloning https://github.com/Jeonghoon2/movie.git (to revision 0.2/api) to /private/var/folders/qv/0knwm5h50ml0skpppwpbks_r0000gp/T/pip-req-build-uxi9hkkb
[2024-07-31T19:53:26.741+0900] {process_utils.py:191} INFO -   Running command git clone --filter=blob:none --quiet https://github.com/Jeonghoon2/movie.git /private/var/folders/qv/0knwm5h50ml0skpppwpbks_r0000gp/T/pip-req-build-uxi9hkkb
[2024-07-31T19:53:28.432+0900] {process_utils.py:191} INFO -   Running command git checkout -b 0.2/api --track origin/0.2/api
[2024-07-31T19:53:29.044+0900] {process_utils.py:191} INFO -   Switched to a new branch '0.2/api'
[2024-07-31T19:53:29.044+0900] {process_utils.py:191} INFO -   branch '0.2/api' set up to track 'origin/0.2/api'.
[2024-07-31T19:53:29.045+0900] {process_utils.py:191} INFO -   Resolved https://github.com/Jeonghoon2/movie.git to commit c2fdd392ce95b386519b05b3bab786608cdb1c58
[2024-07-31T19:53:29.067+0900] {process_utils.py:191} INFO -   Installing build dependencies: started
[2024-07-31T19:53:29.954+0900] {process_utils.py:191} INFO -   Installing build dependencies: finished with status 'done'
[2024-07-31T19:53:29.955+0900] {process_utils.py:191} INFO -   Getting requirements to build wheel: started
[2024-07-31T19:53:30.080+0900] {process_utils.py:191} INFO -   Getting requirements to build wheel: finished with status 'done'
[2024-07-31T19:53:30.081+0900] {process_utils.py:191} INFO -   Preparing metadata (pyproject.toml): started
[2024-07-31T19:53:30.207+0900] {process_utils.py:191} INFO -   Preparing metadata (pyproject.toml): finished with status 'done'
[2024-07-31T19:53:30.261+0900] {process_utils.py:191} INFO - Collecting requests>=2.32.3 (from mov==0.1.0->-r /var/folders/qv/0knwm5h50ml0skpppwpbks_r0000gp/T/venv9l92wxbw/requirements.txt (line 1))
[2024-07-31T19:53:30.262+0900] {process_utils.py:191} INFO -   Using cached requests-2.32.3-py3-none-any.whl.metadata (4.6 kB)
[2024-07-31T19:53:30.327+0900] {process_utils.py:191} INFO - Collecting pandas>=2.2.2 (from mov==0.1.0->-r /var/folders/qv/0knwm5h50ml0skpppwpbks_r0000gp/T/venv9l92wxbw/requirements.txt (line 1))
[2024-07-31T19:53:30.328+0900] {process_utils.py:191} INFO -   Using cached pandas-2.2.2-cp311-cp311-macosx_11_0_arm64.whl.metadata (19 kB)
[2024-07-31T19:53:30.427+0900] {process_utils.py:191} INFO - Collecting numpy>=2.0.1 (from mov==0.1.0->-r /var/folders/qv/0knwm5h50ml0skpppwpbks_r0000gp/T/venv9l92wxbw/requirements.txt (line 1))
[2024-07-31T19:53:30.428+0900] {process_utils.py:191} INFO -   Using cached numpy-2.0.1-cp311-cp311-macosx_14_0_arm64.whl.metadata (60 kB)
[2024-07-31T19:53:30.475+0900] {process_utils.py:191} INFO - Collecting pyarrow>=17.0.0 (from mov==0.1.0->-r /var/folders/qv/0knwm5h50ml0skpppwpbks_r0000gp/T/venv9l92wxbw/requirements.txt (line 1))
[2024-07-31T19:53:30.476+0900] {process_utils.py:191} INFO -   Using cached pyarrow-17.0.0-cp311-cp311-macosx_11_0_arm64.whl.metadata (3.3 kB)
[2024-07-31T19:53:30.496+0900] {process_utils.py:191} INFO - Collecting python-dateutil>=2.8.2 (from pandas>=2.2.2->mov==0.1.0->-r /var/folders/qv/0knwm5h50ml0skpppwpbks_r0000gp/T/venv9l92wxbw/requirements.txt (line 1))
[2024-07-31T19:53:30.497+0900] {process_utils.py:191} INFO -   Using cached python_dateutil-2.9.0.post0-py2.py3-none-any.whl.metadata (8.4 kB)
[2024-07-31T19:53:30.524+0900] {process_utils.py:191} INFO - Collecting pytz>=2020.1 (from pandas>=2.2.2->mov==0.1.0->-r /var/folders/qv/0knwm5h50ml0skpppwpbks_r0000gp/T/venv9l92wxbw/requirements.txt (line 1))
[2024-07-31T19:53:30.525+0900] {process_utils.py:191} INFO -   Using cached pytz-2024.1-py2.py3-none-any.whl.metadata (22 kB)
[2024-07-31T19:53:30.556+0900] {process_utils.py:191} INFO - Collecting tzdata>=2022.7 (from pandas>=2.2.2->mov==0.1.0->-r /var/folders/qv/0knwm5h50ml0skpppwpbks_r0000gp/T/venv9l92wxbw/requirements.txt (line 1))
[2024-07-31T19:53:30.557+0900] {process_utils.py:191} INFO -   Using cached tzdata-2024.1-py2.py3-none-any.whl.metadata (1.4 kB)
[2024-07-31T19:53:30.605+0900] {process_utils.py:191} INFO - Collecting charset-normalizer<4,>=2 (from requests>=2.32.3->mov==0.1.0->-r /var/folders/qv/0knwm5h50ml0skpppwpbks_r0000gp/T/venv9l92wxbw/requirements.txt (line 1))
[2024-07-31T19:53:30.605+0900] {process_utils.py:191} INFO -   Using cached charset_normalizer-3.3.2-cp311-cp311-macosx_11_0_arm64.whl.metadata (33 kB)
[2024-07-31T19:53:30.621+0900] {process_utils.py:191} INFO - Collecting idna<4,>=2.5 (from requests>=2.32.3->mov==0.1.0->-r /var/folders/qv/0knwm5h50ml0skpppwpbks_r0000gp/T/venv9l92wxbw/requirements.txt (line 1))
[2024-07-31T19:53:30.621+0900] {process_utils.py:191} INFO -   Using cached idna-3.7-py3-none-any.whl.metadata (9.9 kB)
[2024-07-31T19:53:30.649+0900] {process_utils.py:191} INFO - Collecting urllib3<3,>=1.21.1 (from requests>=2.32.3->mov==0.1.0->-r /var/folders/qv/0knwm5h50ml0skpppwpbks_r0000gp/T/venv9l92wxbw/requirements.txt (line 1))
[2024-07-31T19:53:30.650+0900] {process_utils.py:191} INFO -   Using cached urllib3-2.2.2-py3-none-any.whl.metadata (6.4 kB)
[2024-07-31T19:53:30.666+0900] {process_utils.py:191} INFO - Collecting certifi>=2017.4.17 (from requests>=2.32.3->mov==0.1.0->-r /var/folders/qv/0knwm5h50ml0skpppwpbks_r0000gp/T/venv9l92wxbw/requirements.txt (line 1))
[2024-07-31T19:53:30.667+0900] {process_utils.py:191} INFO -   Using cached certifi-2024.7.4-py3-none-any.whl.metadata (2.2 kB)
[2024-07-31T19:53:30.692+0900] {process_utils.py:191} INFO - Collecting six>=1.5 (from python-dateutil>=2.8.2->pandas>=2.2.2->mov==0.1.0->-r /var/folders/qv/0knwm5h50ml0skpppwpbks_r0000gp/T/venv9l92wxbw/requirements.txt (line 1))
[2024-07-31T19:53:30.693+0900] {process_utils.py:191} INFO -   Using cached six-1.16.0-py2.py3-none-any.whl.metadata (1.8 kB)
[2024-07-31T19:53:30.696+0900] {process_utils.py:191} INFO - Using cached numpy-2.0.1-cp311-cp311-macosx_14_0_arm64.whl (5.3 MB)
[2024-07-31T19:53:30.702+0900] {process_utils.py:191} INFO - Using cached pandas-2.2.2-cp311-cp311-macosx_11_0_arm64.whl (11.3 MB)
[2024-07-31T19:53:30.714+0900] {process_utils.py:191} INFO - Using cached pyarrow-17.0.0-cp311-cp311-macosx_11_0_arm64.whl (27.2 MB)
[2024-07-31T19:53:30.741+0900] {process_utils.py:191} INFO - Using cached requests-2.32.3-py3-none-any.whl (64 kB)
[2024-07-31T19:53:30.742+0900] {process_utils.py:191} INFO - Using cached certifi-2024.7.4-py3-none-any.whl (162 kB)
[2024-07-31T19:53:30.743+0900] {process_utils.py:191} INFO - Using cached charset_normalizer-3.3.2-cp311-cp311-macosx_11_0_arm64.whl (118 kB)
[2024-07-31T19:53:30.744+0900] {process_utils.py:191} INFO - Using cached idna-3.7-py3-none-any.whl (66 kB)
[2024-07-31T19:53:30.744+0900] {process_utils.py:191} INFO - Using cached python_dateutil-2.9.0.post0-py2.py3-none-any.whl (229 kB)
[2024-07-31T19:53:30.745+0900] {process_utils.py:191} INFO - Using cached pytz-2024.1-py2.py3-none-any.whl (505 kB)
[2024-07-31T19:53:30.747+0900] {process_utils.py:191} INFO - Using cached tzdata-2024.1-py2.py3-none-any.whl (345 kB)
[2024-07-31T19:53:30.748+0900] {process_utils.py:191} INFO - Using cached urllib3-2.2.2-py3-none-any.whl (121 kB)
[2024-07-31T19:53:30.749+0900] {process_utils.py:191} INFO - Using cached six-1.16.0-py2.py3-none-any.whl (11 kB)
[2024-07-31T19:53:30.791+0900] {process_utils.py:191} INFO - Building wheels for collected packages: mov
[2024-07-31T19:53:30.804+0900] {process_utils.py:191} INFO -   Building wheel for mov (pyproject.toml): started
[2024-07-31T19:53:30.939+0900] {process_utils.py:191} INFO -   Building wheel for mov (pyproject.toml): finished with status 'done'
[2024-07-31T19:53:30.940+0900] {process_utils.py:191} INFO -   Created wheel for mov: filename=mov-0.1.0-py3-none-any.whl size=3056 sha256=4ecb2bb304b6542d049bfe6f5586d01d83d8da9f9199f585fc89e79c55acdf6d
[2024-07-31T19:53:30.940+0900] {process_utils.py:191} INFO -   Stored in directory: /private/var/folders/qv/0knwm5h50ml0skpppwpbks_r0000gp/T/pip-ephem-wheel-cache-zlg00low/wheels/cf/ab/a7/d0c528d20fa8a5f19e169bdf1d98f2b2cefe79d8527bb89200
[2024-07-31T19:53:30.941+0900] {process_utils.py:191} INFO - Successfully built mov
[2024-07-31T19:53:30.969+0900] {process_utils.py:191} INFO - Installing collected packages: pytz, urllib3, tzdata, six, numpy, idna, charset-normalizer, certifi, requests, python-dateutil, pyarrow, pandas, mov
[2024-07-31T19:53:35.502+0900] {process_utils.py:191} INFO - Successfully installed certifi-2024.7.4 charset-normalizer-3.3.2 idna-3.7 mov-0.1.0 numpy-2.0.1 pandas-2.2.2 pyarrow-17.0.0 python-dateutil-2.9.0.post0 pytz-2024.1 requests-2.32.3 six-1.16.0 tzdata-2024.1 urllib3-2.2.2
[2024-07-31T19:53:35.505+0900] {process_utils.py:191} INFO - 
[2024-07-31T19:53:35.506+0900] {process_utils.py:191} INFO - [notice] A new release of pip is available: 24.1.2 -> 24.2
[2024-07-31T19:53:35.506+0900] {process_utils.py:191} INFO - [notice] To update, run: python -m pip install --upgrade pip
[2024-07-31T19:53:35.638+0900] {logging_mixin.py:188} WARNING - /Users/DE32/.pyenv/versions/3.11.9/envs/note/lib/python3.11/site-packages/airflow/utils/context.py:212 AirflowContextDeprecationWarning: Accessing 'next_ds' from the template is deprecated and will be removed in a future version. Please use '{{ data_interval_end | ds }}' instead.
[2024-07-31T19:53:35.639+0900] {logging_mixin.py:188} WARNING - /Users/DE32/.pyenv/versions/3.11.9/envs/note/lib/python3.11/site-packages/airflow/utils/context.py:212 AirflowContextDeprecationWarning: Accessing 'next_ds_nodash' from the template is deprecated and will be removed in a future version. Please use '{{ data_interval_end | ds_nodash }}' instead.
[2024-07-31T19:53:35.639+0900] {logging_mixin.py:188} WARNING - /Users/DE32/.pyenv/versions/3.11.9/envs/note/lib/python3.11/site-packages/airflow/utils/context.py:212 AirflowContextDeprecationWarning: Accessing 'prev_ds' from the template is deprecated and will be removed in a future version.
[2024-07-31T19:53:35.639+0900] {logging_mixin.py:188} WARNING - /Users/DE32/.pyenv/versions/3.11.9/envs/note/lib/python3.11/site-packages/airflow/utils/context.py:212 AirflowContextDeprecationWarning: Accessing 'prev_ds_nodash' from the template is deprecated and will be removed in a future version.
[2024-07-31T19:53:35.640+0900] {logging_mixin.py:188} WARNING - /Users/DE32/.pyenv/versions/3.11.9/envs/note/lib/python3.11/site-packages/airflow/utils/context.py:212 AirflowContextDeprecationWarning: Accessing 'tomorrow_ds' from the template is deprecated and will be removed in a future version.
[2024-07-31T19:53:35.640+0900] {logging_mixin.py:188} WARNING - /Users/DE32/.pyenv/versions/3.11.9/envs/note/lib/python3.11/site-packages/airflow/utils/context.py:212 AirflowContextDeprecationWarning: Accessing 'tomorrow_ds_nodash' from the template is deprecated and will be removed in a future version.
[2024-07-31T19:53:35.640+0900] {logging_mixin.py:188} WARNING - /Users/DE32/.pyenv/versions/3.11.9/envs/note/lib/python3.11/site-packages/airflow/utils/context.py:212 AirflowContextDeprecationWarning: Accessing 'yesterday_ds' from the template is deprecated and will be removed in a future version.
[2024-07-31T19:53:35.641+0900] {logging_mixin.py:188} WARNING - /Users/DE32/.pyenv/versions/3.11.9/envs/note/lib/python3.11/site-packages/airflow/utils/context.py:212 AirflowContextDeprecationWarning: Accessing 'yesterday_ds_nodash' from the template is deprecated and will be removed in a future version.
[2024-07-31T19:53:35.644+0900] {process_utils.py:183} INFO - Executing cmd: /var/folders/qv/0knwm5h50ml0skpppwpbks_r0000gp/T/venv9l92wxbw/bin/python /var/folders/qv/0knwm5h50ml0skpppwpbks_r0000gp/T/venv-callmgv6bmv5/script.py /var/folders/qv/0knwm5h50ml0skpppwpbks_r0000gp/T/venv-callmgv6bmv5/script.in /var/folders/qv/0knwm5h50ml0skpppwpbks_r0000gp/T/venv-callmgv6bmv5/script.out /var/folders/qv/0knwm5h50ml0skpppwpbks_r0000gp/T/venv-callmgv6bmv5/string_args.txt /var/folders/qv/0knwm5h50ml0skpppwpbks_r0000gp/T/venv-callmgv6bmv5/termination.log
[2024-07-31T19:53:35.646+0900] {process_utils.py:187} INFO - Output:
[2024-07-31T19:53:49.546+0900] {process_utils.py:191} INFO - {'boxOfficeResult': {'boxofficeType': '일별 박스오피스', 'showRange': '20240729~20240729', 'dailyBoxOfficeList': [{'rnum': '1', 'rank': '1', 'rankInten': '0', 'rankOldAndNew': 'OLD', 'movieCd': '20212932', 'movieNm': '탈주', 'openDt': '2024-07-03', 'salesAmt': '380424164', 'salesShare': '61.6', 'salesInten': '-413834064', 'salesChange': '-52.1', 'salesAcc': '22032089479', 'audiCnt': '40770', 'audiInten': '-41681', 'audiChange': '-50.6', 'audiAcc': '2322824', 'scrnCnt': '840', 'showCnt': '2337'}, {'rnum': '2', 'rank': '2', 'rankInten': '0', 'rankOldAndNew': 'OLD', 'movieCd': '20208245', 'movieNm': '핸섬가이즈', 'openDt': '2024-06-26', 'salesAmt': '123003211', 'salesShare': '19.9', 'salesInten': '-104788357', 'salesChange': '-46', 'salesAcc': '16180942049', 'audiCnt': '13201', 'audiInten': '-10346', 'audiChange': '-43.9', 'audiAcc': '1730418', 'scrnCnt': '551', 'showCnt': '929'}, {'rnum': '3', 'rank': '3', 'rankInten': '0', 'rankOldAndNew': 'OLD', 'movieCd': '20208911', 'movieNm': '탈출: 프로젝트 사일런스', 'openDt': '2024-07-12', 'salesAmt': '45427502', 'salesShare': '7.4', 'salesInten': '-34228603', 'salesChange': '-43', 'salesAcc': '6599250733', 'audiCnt': '4637', 'audiInten': '-3483', 'audiChange': '-42.9', 'audiAcc': '676696', 'scrnCnt': '320', 'showCnt': '455'}, {'rnum': '4', 'rank': '4', 'rankInten': '0', 'rankOldAndNew': 'OLD', 'movieCd': '20224666', 'movieNm': '파일럿', 'openDt': '2024-07-31', 'salesAmt': '15785000', 'salesShare': '2.6', 'salesInten': '-63592067', 'salesChange': '-80.1', 'salesAcc': '511018434', 'audiCnt': '2085', 'audiInten': '-4616', 'audiChange': '-68.9', 'audiAcc': '51211', 'scrnCnt': '12', 'showCnt': '16'}, {'rnum': '5', 'rank': '5', 'rankInten': '1', 'rankOldAndNew': 'OLD', 'movieCd': '20248465', 'movieNm': '하이재킹', 'openDt': '2024-06-21', 'salesAmt': '14122468', 'salesShare': '2.3', 'salesInten': '-10633639', 'salesChange': '-43', 'salesAcc': '16808110112', 'audiCnt': '1565', 'audiInten': '-983', 'audiChange': '-38.6', 'audiAcc': '1769416', 'scrnCnt': '125', 'showCnt': '152'}, {'rnum': '6', 'rank': '6', 'rankInten': '1', 'rankOldAndNew': 'OLD', 'movieCd': '20241984', 'movieNm': '2023 영탁 단독 콘서트 : 탁쇼2', 'openDt': '2024-07-18', 'salesAmt': '17868000', 'salesShare': '2.9', 'salesInten': '-28416500', 'salesChange': '-61.4', 'salesAcc': '758841500', 'audiCnt': '715', 'audiInten': '-1137', 'audiChange': '-61.4', 'audiAcc': '30361', 'scrnCnt': '45', 'showCnt': '56'}, {'rnum': '7', 'rank': '7', 'rankInten': '0', 'rankOldAndNew': 'NEW', 'movieCd': '20212336', 'movieNm': '수카바티: 극락축구단', 'openDt': '2024-07-31', 'salesAmt': '5105000', 'salesShare': '0.8', 'salesInten': '5105000', 'salesChange': '100', 'salesAcc': '18792000', 'audiCnt': '536', 'audiInten': '536', 'audiChange': '100', 'audiAcc': '2048', 'scrnCnt': '2', 'showCnt': '2'}, {'rnum': '8', 'rank': '8', 'rankInten': '0', 'rankOldAndNew': 'OLD', 'movieCd': '20242349', 'movieNm': '이준호 콘서트 : 다시 만나는 날', 'openDt': '2024-07-24', 'salesAmt': '6399000', 'salesShare': '1.0', 'salesInten': '-7451000', 'salesChange': '-53.8', 'salesAcc': '166211500', 'audiCnt': '256', 'audiInten': '-298', 'audiChange': '-53.8', 'audiAcc': '6649', 'scrnCnt': '46', 'showCnt': '58'}, {'rnum': '9', 'rank': '9', 'rankInten': '1', 'rankOldAndNew': 'OLD', 'movieCd': '20240984', 'movieNm': '박정희: 경제대국을 꿈꾼 남자', 'openDt': '2024-07-10', 'salesAmt': '1193378', 'salesShare': '0.2', 'salesInten': '23278', 'salesChange': '2', 'salesAcc': '136190638', 'audiCnt': '151', 'audiInten': '11', 'audiChange': '7.9', 'audiAcc': '15677', 'scrnCnt': '13', 'showCnt': '13'}, {'rnum': '10', 'rank': '10', 'rankInten': '0', 'rankOldAndNew': 'NEW', 'movieCd': '20229299', 'movieNm': '똥 싸는 소리', 'openDt': '2024-07-31', 'salesAmt': '781000', 'salesShare': '0.1', 'salesInten': '781000', 'salesChange': '100', 'salesAcc': '809000', 'audiCnt': '103', 'audiInten': '103', 'audiChange': '100', 'audiAcc': '131', 'scrnCnt': '1', 'showCnt': '1'}]}}
[2024-07-31T19:53:49.548+0900] {process_utils.py:191} INFO - partitioning List : ['load_dt', 'repNationCd']
[2024-07-31T19:53:49.548+0900] {process_utils.py:191} INFO -   rnum rank rankInten rankOldAndNew  ... scrnCnt showCnt   load_dt repNationCd
[2024-07-31T19:53:49.548+0900] {process_utils.py:191} INFO - 0    1    1         0           OLD  ...     840    2337  20240729           K
[2024-07-31T19:53:49.548+0900] {process_utils.py:191} INFO - 1    2    2         0           OLD  ...     551     929  20240729           K
[2024-07-31T19:53:49.549+0900] {process_utils.py:191} INFO - 2    3    3         0           OLD  ...     320     455  20240729           K
[2024-07-31T19:53:49.549+0900] {process_utils.py:191} INFO - 3    4    4         0           OLD  ...      12      16  20240729           K
[2024-07-31T19:53:49.549+0900] {process_utils.py:191} INFO - 4    5    5         1           OLD  ...     125     152  20240729           K
[2024-07-31T19:53:49.549+0900] {process_utils.py:191} INFO - 5    6    6         1           OLD  ...      45      56  20240729           K
[2024-07-31T19:53:49.549+0900] {process_utils.py:191} INFO - 6    7    7         0           NEW  ...       2       2  20240729           K
[2024-07-31T19:53:49.550+0900] {process_utils.py:191} INFO - 7    8    8         0           OLD  ...      46      58  20240729           K
[2024-07-31T19:53:49.550+0900] {process_utils.py:191} INFO - 8    9    9         1           OLD  ...      13      13  20240729           K
[2024-07-31T19:53:49.550+0900] {process_utils.py:191} INFO - 9   10   10         0           NEW  ...       1       1  20240729           K
[2024-07-31T19:53:49.550+0900] {process_utils.py:191} INFO - 
[2024-07-31T19:53:49.551+0900] {process_utils.py:191} INFO - [10 rows x 20 columns]
[2024-07-31T19:53:50.019+0900] {python.py:237} INFO - Done. Returned value was: None
[2024-07-31T19:53:50.019+0900] {taskinstance.py:441} INFO - ::group::Post task execution logs
[2024-07-31T19:53:50.023+0900] {taskinstance.py:1206} INFO - Marking task as SUCCESS. dag_id=movie, task_id=nation.k, run_id=scheduled__2024-07-29T02:10:00+00:00, execution_date=20240729T021000, start_date=20240731T105325, end_date=20240731T105350
[2024-07-31T19:53:50.069+0900] {local_task_job_runner.py:243} INFO - Task exited with return code 0
[2024-07-31T19:53:50.077+0900] {taskinstance.py:3503} INFO - 0 downstream tasks scheduled from follow-on schedule check
[2024-07-31T19:53:50.078+0900] {local_task_job_runner.py:222} INFO - ::endgroup::
