[2024-07-31T16:44:14.289+0900] {local_task_job_runner.py:120} INFO - ::group::Pre task execution logs
[2024-07-31T16:44:14.297+0900] {taskinstance.py:2066} INFO - Dependencies not met for <TaskInstance: movie.nation.k scheduled__2024-07-29T02:10:00+00:00 [failed]>, dependency 'Task Instance State' FAILED: Task is in the 'failed' state.
[2024-07-31T16:44:14.300+0900] {taskinstance.py:2066} INFO - Dependencies not met for <TaskInstance: movie.nation.k scheduled__2024-07-29T02:10:00+00:00 [failed]>, dependency 'Trigger Rule' FAILED: Task's trigger rule 'all_success' requires all upstream tasks to have succeeded, but found 1 non-success(es). upstream_states=_UpstreamTIStates(success=0, skipped=0, failed=1, upstream_failed=0, removed=0, done=1, success_setup=0, skipped_setup=0), upstream_task_ids={'get.start'}
[2024-07-31T16:44:14.301+0900] {local_task_job_runner.py:163} INFO - Task is not able to be run
[2024-07-31T16:57:26.000+0900] {local_task_job_runner.py:120} INFO - ::group::Pre task execution logs
[2024-07-31T16:57:26.011+0900] {taskinstance.py:2076} INFO - Dependencies all met for dep_context=non-requeueable deps ti=<TaskInstance: movie.nation.k scheduled__2024-07-29T02:10:00+00:00 [queued]>
[2024-07-31T16:57:26.014+0900] {taskinstance.py:2076} INFO - Dependencies all met for dep_context=requeueable deps ti=<TaskInstance: movie.nation.k scheduled__2024-07-29T02:10:00+00:00 [queued]>
[2024-07-31T16:57:26.014+0900] {taskinstance.py:2306} INFO - Starting attempt 1 of 2
[2024-07-31T16:57:26.020+0900] {taskinstance.py:2330} INFO - Executing <Task(PythonVirtualenvOperator): nation.k> on 2024-07-29 02:10:00+00:00
[2024-07-31T16:57:26.023+0900] {standard_task_runner.py:64} INFO - Started process 20845 to run task
[2024-07-31T16:57:26.025+0900] {standard_task_runner.py:90} INFO - Running: ['airflow', 'tasks', 'run', 'movie', 'nation.k', 'scheduled__2024-07-29T02:10:00+00:00', '--job-id', '879', '--raw', '--subdir', 'DAGS_FOLDER/movie.py', '--cfg-path', '/var/folders/qv/0knwm5h50ml0skpppwpbks_r0000gp/T/tmpw6cl7zf7']
[2024-07-31T16:57:26.027+0900] {standard_task_runner.py:91} INFO - Job 879: Subtask nation.k
[2024-07-31T16:57:26.040+0900] {task_command.py:426} INFO - Running <TaskInstance: movie.nation.k scheduled__2024-07-29T02:10:00+00:00 [running]> on host jeongui-MacBookPro.local
[2024-07-31T16:57:26.061+0900] {taskinstance.py:2648} INFO - Exporting env vars: AIRFLOW_CTX_DAG_OWNER='airflow' AIRFLOW_CTX_DAG_ID='movie' AIRFLOW_CTX_TASK_ID='nation.k' AIRFLOW_CTX_EXECUTION_DATE='2024-07-29T02:10:00+00:00' AIRFLOW_CTX_TRY_NUMBER='1' AIRFLOW_CTX_DAG_RUN_ID='scheduled__2024-07-29T02:10:00+00:00'
[2024-07-31T16:57:26.061+0900] {taskinstance.py:430} INFO - ::endgroup::
[2024-07-31T16:57:26.067+0900] {baseoperator.py:400} WARNING - PythonVirtualenvOperator.execute cannot be called outside TaskInstance!
[2024-07-31T16:57:26.067+0900] {process_utils.py:183} INFO - Executing cmd: /Users/DE32/.pyenv/versions/3.11.9/envs/note/bin/python -m virtualenv /var/folders/qv/0knwm5h50ml0skpppwpbks_r0000gp/T/venvb4kzgm8d --python=python
[2024-07-31T16:57:26.069+0900] {process_utils.py:187} INFO - Output:
[2024-07-31T16:57:26.274+0900] {process_utils.py:191} INFO - created virtual environment CPython3.11.9.final.0-64 in 138ms
[2024-07-31T16:57:26.274+0900] {process_utils.py:191} INFO -   creator CPython3Posix(dest=/private/var/folders/qv/0knwm5h50ml0skpppwpbks_r0000gp/T/venvb4kzgm8d, clear=False, no_vcs_ignore=False, global=False)
[2024-07-31T16:57:26.274+0900] {process_utils.py:191} INFO -   seeder FromAppData(download=False, pip=bundle, setuptools=bundle, wheel=bundle, via=copy, app_data_dir=/Users/DE32/Library/Application Support/virtualenv)
[2024-07-31T16:57:26.274+0900] {process_utils.py:191} INFO -     added seed packages: pip==24.1.2, setuptools==70.2.0, wheel==0.43.0
[2024-07-31T16:57:26.275+0900] {process_utils.py:191} INFO -   activators BashActivator,CShellActivator,FishActivator,NushellActivator,PowerShellActivator,PythonActivator
[2024-07-31T16:57:26.285+0900] {process_utils.py:183} INFO - Executing cmd: /var/folders/qv/0knwm5h50ml0skpppwpbks_r0000gp/T/venvb4kzgm8d/bin/pip install -r /var/folders/qv/0knwm5h50ml0skpppwpbks_r0000gp/T/venvb4kzgm8d/requirements.txt
[2024-07-31T16:57:26.287+0900] {process_utils.py:187} INFO - Output:
[2024-07-31T16:57:27.009+0900] {process_utils.py:191} INFO - Collecting git+https://github.com/Jeonghoon2/movie.git@0.2/api (from -r /var/folders/qv/0knwm5h50ml0skpppwpbks_r0000gp/T/venvb4kzgm8d/requirements.txt (line 1))
[2024-07-31T16:57:27.009+0900] {process_utils.py:191} INFO -   Cloning https://github.com/Jeonghoon2/movie.git (to revision 0.2/api) to /private/var/folders/qv/0knwm5h50ml0skpppwpbks_r0000gp/T/pip-req-build-xrl7cqpc
[2024-07-31T16:57:27.021+0900] {process_utils.py:191} INFO -   Running command git clone --filter=blob:none --quiet https://github.com/Jeonghoon2/movie.git /private/var/folders/qv/0knwm5h50ml0skpppwpbks_r0000gp/T/pip-req-build-xrl7cqpc
[2024-07-31T16:57:28.378+0900] {process_utils.py:191} INFO -   Running command git checkout -b 0.2/api --track origin/0.2/api
[2024-07-31T16:57:29.083+0900] {process_utils.py:191} INFO -   Switched to a new branch '0.2/api'
[2024-07-31T16:57:29.084+0900] {process_utils.py:191} INFO -   branch '0.2/api' set up to track 'origin/0.2/api'.
[2024-07-31T16:57:29.084+0900] {process_utils.py:191} INFO -   Resolved https://github.com/Jeonghoon2/movie.git to commit 34de3b5e993ea074744539373447116355ac95da
[2024-07-31T16:57:29.106+0900] {process_utils.py:191} INFO -   Installing build dependencies: started
[2024-07-31T16:57:29.987+0900] {process_utils.py:191} INFO -   Installing build dependencies: finished with status 'done'
[2024-07-31T16:57:29.988+0900] {process_utils.py:191} INFO -   Getting requirements to build wheel: started
[2024-07-31T16:57:30.108+0900] {process_utils.py:191} INFO -   Getting requirements to build wheel: finished with status 'done'
[2024-07-31T16:57:30.110+0900] {process_utils.py:191} INFO -   Preparing metadata (pyproject.toml): started
[2024-07-31T16:57:30.234+0900] {process_utils.py:191} INFO -   Preparing metadata (pyproject.toml): finished with status 'done'
[2024-07-31T16:57:31.341+0900] {process_utils.py:191} INFO - Collecting requests>=2.32.3 (from mov==0.1.0->-r /var/folders/qv/0knwm5h50ml0skpppwpbks_r0000gp/T/venvb4kzgm8d/requirements.txt (line 1))
[2024-07-31T16:57:31.343+0900] {process_utils.py:191} INFO -   Using cached requests-2.32.3-py3-none-any.whl.metadata (4.6 kB)
[2024-07-31T16:57:31.420+0900] {process_utils.py:191} INFO - Collecting pandas>=2.2.2 (from mov==0.1.0->-r /var/folders/qv/0knwm5h50ml0skpppwpbks_r0000gp/T/venvb4kzgm8d/requirements.txt (line 1))
[2024-07-31T16:57:31.421+0900] {process_utils.py:191} INFO -   Using cached pandas-2.2.2-cp311-cp311-macosx_11_0_arm64.whl.metadata (19 kB)
[2024-07-31T16:57:31.521+0900] {process_utils.py:191} INFO - Collecting numpy>=2.0.1 (from mov==0.1.0->-r /var/folders/qv/0knwm5h50ml0skpppwpbks_r0000gp/T/venvb4kzgm8d/requirements.txt (line 1))
[2024-07-31T16:57:31.522+0900] {process_utils.py:191} INFO -   Using cached numpy-2.0.1-cp311-cp311-macosx_14_0_arm64.whl.metadata (60 kB)
[2024-07-31T16:57:31.583+0900] {process_utils.py:191} INFO - Collecting pyarrow>=17.0.0 (from mov==0.1.0->-r /var/folders/qv/0knwm5h50ml0skpppwpbks_r0000gp/T/venvb4kzgm8d/requirements.txt (line 1))
[2024-07-31T16:57:31.584+0900] {process_utils.py:191} INFO -   Using cached pyarrow-17.0.0-cp311-cp311-macosx_11_0_arm64.whl.metadata (3.3 kB)
[2024-07-31T16:57:31.604+0900] {process_utils.py:191} INFO - Collecting python-dateutil>=2.8.2 (from pandas>=2.2.2->mov==0.1.0->-r /var/folders/qv/0knwm5h50ml0skpppwpbks_r0000gp/T/venvb4kzgm8d/requirements.txt (line 1))
[2024-07-31T16:57:31.604+0900] {process_utils.py:191} INFO -   Using cached python_dateutil-2.9.0.post0-py2.py3-none-any.whl.metadata (8.4 kB)
[2024-07-31T16:57:31.634+0900] {process_utils.py:191} INFO - Collecting pytz>=2020.1 (from pandas>=2.2.2->mov==0.1.0->-r /var/folders/qv/0knwm5h50ml0skpppwpbks_r0000gp/T/venvb4kzgm8d/requirements.txt (line 1))
[2024-07-31T16:57:31.635+0900] {process_utils.py:191} INFO -   Using cached pytz-2024.1-py2.py3-none-any.whl.metadata (22 kB)
[2024-07-31T16:57:31.648+0900] {process_utils.py:191} INFO - Collecting tzdata>=2022.7 (from pandas>=2.2.2->mov==0.1.0->-r /var/folders/qv/0knwm5h50ml0skpppwpbks_r0000gp/T/venvb4kzgm8d/requirements.txt (line 1))
[2024-07-31T16:57:31.649+0900] {process_utils.py:191} INFO -   Using cached tzdata-2024.1-py2.py3-none-any.whl.metadata (1.4 kB)
[2024-07-31T16:57:31.693+0900] {process_utils.py:191} INFO - Collecting charset-normalizer<4,>=2 (from requests>=2.32.3->mov==0.1.0->-r /var/folders/qv/0knwm5h50ml0skpppwpbks_r0000gp/T/venvb4kzgm8d/requirements.txt (line 1))
[2024-07-31T16:57:31.694+0900] {process_utils.py:191} INFO -   Using cached charset_normalizer-3.3.2-cp311-cp311-macosx_11_0_arm64.whl.metadata (33 kB)
[2024-07-31T16:57:31.708+0900] {process_utils.py:191} INFO - Collecting idna<4,>=2.5 (from requests>=2.32.3->mov==0.1.0->-r /var/folders/qv/0knwm5h50ml0skpppwpbks_r0000gp/T/venvb4kzgm8d/requirements.txt (line 1))
[2024-07-31T16:57:31.709+0900] {process_utils.py:191} INFO -   Using cached idna-3.7-py3-none-any.whl.metadata (9.9 kB)
[2024-07-31T16:57:31.738+0900] {process_utils.py:191} INFO - Collecting urllib3<3,>=1.21.1 (from requests>=2.32.3->mov==0.1.0->-r /var/folders/qv/0knwm5h50ml0skpppwpbks_r0000gp/T/venvb4kzgm8d/requirements.txt (line 1))
[2024-07-31T16:57:31.739+0900] {process_utils.py:191} INFO -   Using cached urllib3-2.2.2-py3-none-any.whl.metadata (6.4 kB)
[2024-07-31T16:57:31.755+0900] {process_utils.py:191} INFO - Collecting certifi>=2017.4.17 (from requests>=2.32.3->mov==0.1.0->-r /var/folders/qv/0knwm5h50ml0skpppwpbks_r0000gp/T/venvb4kzgm8d/requirements.txt (line 1))
[2024-07-31T16:57:31.756+0900] {process_utils.py:191} INFO -   Using cached certifi-2024.7.4-py3-none-any.whl.metadata (2.2 kB)
[2024-07-31T16:57:31.780+0900] {process_utils.py:191} INFO - Collecting six>=1.5 (from python-dateutil>=2.8.2->pandas>=2.2.2->mov==0.1.0->-r /var/folders/qv/0knwm5h50ml0skpppwpbks_r0000gp/T/venvb4kzgm8d/requirements.txt (line 1))
[2024-07-31T16:57:31.781+0900] {process_utils.py:191} INFO -   Using cached six-1.16.0-py2.py3-none-any.whl.metadata (1.8 kB)
[2024-07-31T16:57:31.784+0900] {process_utils.py:191} INFO - Using cached numpy-2.0.1-cp311-cp311-macosx_14_0_arm64.whl (5.3 MB)
[2024-07-31T16:57:31.790+0900] {process_utils.py:191} INFO - Using cached pandas-2.2.2-cp311-cp311-macosx_11_0_arm64.whl (11.3 MB)
[2024-07-31T16:57:31.801+0900] {process_utils.py:191} INFO - Using cached pyarrow-17.0.0-cp311-cp311-macosx_11_0_arm64.whl (27.2 MB)
[2024-07-31T16:57:31.828+0900] {process_utils.py:191} INFO - Using cached requests-2.32.3-py3-none-any.whl (64 kB)
[2024-07-31T16:57:31.829+0900] {process_utils.py:191} INFO - Using cached certifi-2024.7.4-py3-none-any.whl (162 kB)
[2024-07-31T16:57:31.830+0900] {process_utils.py:191} INFO - Using cached charset_normalizer-3.3.2-cp311-cp311-macosx_11_0_arm64.whl (118 kB)
[2024-07-31T16:57:31.831+0900] {process_utils.py:191} INFO - Using cached idna-3.7-py3-none-any.whl (66 kB)
[2024-07-31T16:57:31.831+0900] {process_utils.py:191} INFO - Using cached python_dateutil-2.9.0.post0-py2.py3-none-any.whl (229 kB)
[2024-07-31T16:57:31.832+0900] {process_utils.py:191} INFO - Using cached pytz-2024.1-py2.py3-none-any.whl (505 kB)
[2024-07-31T16:57:31.834+0900] {process_utils.py:191} INFO - Using cached tzdata-2024.1-py2.py3-none-any.whl (345 kB)
[2024-07-31T16:57:31.835+0900] {process_utils.py:191} INFO - Using cached urllib3-2.2.2-py3-none-any.whl (121 kB)
[2024-07-31T16:57:31.835+0900] {process_utils.py:191} INFO - Using cached six-1.16.0-py2.py3-none-any.whl (11 kB)
[2024-07-31T16:57:31.877+0900] {process_utils.py:191} INFO - Building wheels for collected packages: mov
[2024-07-31T16:57:31.890+0900] {process_utils.py:191} INFO -   Building wheel for mov (pyproject.toml): started
[2024-07-31T16:57:32.023+0900] {process_utils.py:191} INFO -   Building wheel for mov (pyproject.toml): finished with status 'done'
[2024-07-31T16:57:32.024+0900] {process_utils.py:191} INFO -   Created wheel for mov: filename=mov-0.1.0-py3-none-any.whl size=3035 sha256=56126112d4010f67fa72ed4ce6b0942c1885f374b3aeb1f22094268cc98f7602
[2024-07-31T16:57:32.024+0900] {process_utils.py:191} INFO -   Stored in directory: /private/var/folders/qv/0knwm5h50ml0skpppwpbks_r0000gp/T/pip-ephem-wheel-cache-nw3ourk4/wheels/cf/ab/a7/d0c528d20fa8a5f19e169bdf1d98f2b2cefe79d8527bb89200
[2024-07-31T16:57:32.025+0900] {process_utils.py:191} INFO - Successfully built mov
[2024-07-31T16:57:32.053+0900] {process_utils.py:191} INFO - Installing collected packages: pytz, urllib3, tzdata, six, numpy, idna, charset-normalizer, certifi, requests, python-dateutil, pyarrow, pandas, mov
[2024-07-31T16:57:36.478+0900] {process_utils.py:191} INFO - Successfully installed certifi-2024.7.4 charset-normalizer-3.3.2 idna-3.7 mov-0.1.0 numpy-2.0.1 pandas-2.2.2 pyarrow-17.0.0 python-dateutil-2.9.0.post0 pytz-2024.1 requests-2.32.3 six-1.16.0 tzdata-2024.1 urllib3-2.2.2
[2024-07-31T16:57:36.482+0900] {process_utils.py:191} INFO - 
[2024-07-31T16:57:36.482+0900] {process_utils.py:191} INFO - [notice] A new release of pip is available: 24.1.2 -> 24.2
[2024-07-31T16:57:36.482+0900] {process_utils.py:191} INFO - [notice] To update, run: python -m pip install --upgrade pip
[2024-07-31T16:57:36.608+0900] {logging_mixin.py:188} WARNING - /Users/DE32/.pyenv/versions/3.11.9/envs/note/lib/python3.11/site-packages/airflow/utils/context.py:212 AirflowContextDeprecationWarning: Accessing 'next_ds' from the template is deprecated and will be removed in a future version. Please use '{{ data_interval_end | ds }}' instead.
[2024-07-31T16:57:36.609+0900] {logging_mixin.py:188} WARNING - /Users/DE32/.pyenv/versions/3.11.9/envs/note/lib/python3.11/site-packages/airflow/utils/context.py:212 AirflowContextDeprecationWarning: Accessing 'next_ds_nodash' from the template is deprecated and will be removed in a future version. Please use '{{ data_interval_end | ds_nodash }}' instead.
[2024-07-31T16:57:36.609+0900] {logging_mixin.py:188} WARNING - /Users/DE32/.pyenv/versions/3.11.9/envs/note/lib/python3.11/site-packages/airflow/utils/context.py:212 AirflowContextDeprecationWarning: Accessing 'prev_ds' from the template is deprecated and will be removed in a future version.
[2024-07-31T16:57:36.610+0900] {logging_mixin.py:188} WARNING - /Users/DE32/.pyenv/versions/3.11.9/envs/note/lib/python3.11/site-packages/airflow/utils/context.py:212 AirflowContextDeprecationWarning: Accessing 'prev_ds_nodash' from the template is deprecated and will be removed in a future version.
[2024-07-31T16:57:36.610+0900] {logging_mixin.py:188} WARNING - /Users/DE32/.pyenv/versions/3.11.9/envs/note/lib/python3.11/site-packages/airflow/utils/context.py:212 AirflowContextDeprecationWarning: Accessing 'tomorrow_ds' from the template is deprecated and will be removed in a future version.
[2024-07-31T16:57:36.610+0900] {logging_mixin.py:188} WARNING - /Users/DE32/.pyenv/versions/3.11.9/envs/note/lib/python3.11/site-packages/airflow/utils/context.py:212 AirflowContextDeprecationWarning: Accessing 'tomorrow_ds_nodash' from the template is deprecated and will be removed in a future version.
[2024-07-31T16:57:36.611+0900] {logging_mixin.py:188} WARNING - /Users/DE32/.pyenv/versions/3.11.9/envs/note/lib/python3.11/site-packages/airflow/utils/context.py:212 AirflowContextDeprecationWarning: Accessing 'yesterday_ds' from the template is deprecated and will be removed in a future version.
[2024-07-31T16:57:36.611+0900] {logging_mixin.py:188} WARNING - /Users/DE32/.pyenv/versions/3.11.9/envs/note/lib/python3.11/site-packages/airflow/utils/context.py:212 AirflowContextDeprecationWarning: Accessing 'yesterday_ds_nodash' from the template is deprecated and will be removed in a future version.
[2024-07-31T16:57:36.615+0900] {process_utils.py:183} INFO - Executing cmd: /var/folders/qv/0knwm5h50ml0skpppwpbks_r0000gp/T/venvb4kzgm8d/bin/python /var/folders/qv/0knwm5h50ml0skpppwpbks_r0000gp/T/venv-callpd5vqw6u/script.py /var/folders/qv/0knwm5h50ml0skpppwpbks_r0000gp/T/venv-callpd5vqw6u/script.in /var/folders/qv/0knwm5h50ml0skpppwpbks_r0000gp/T/venv-callpd5vqw6u/script.out /var/folders/qv/0knwm5h50ml0skpppwpbks_r0000gp/T/venv-callpd5vqw6u/string_args.txt /var/folders/qv/0knwm5h50ml0skpppwpbks_r0000gp/T/venv-callpd5vqw6u/termination.log
[2024-07-31T16:57:36.617+0900] {process_utils.py:187} INFO - Output:
[2024-07-31T16:57:48.090+0900] {process_utils.py:191} INFO - {'boxOfficeResult': {'boxofficeType': '일별 박스오피스', 'showRange': '20120101~20120101', 'dailyBoxOfficeList': [{'rnum': '1', 'rank': '1', 'rankInten': '0', 'rankOldAndNew': 'OLD', 'movieCd': '20110295', 'movieNm': '마이 웨이', 'openDt': '2011-12-21', 'salesAmt': '1189058500', 'salesShare': '54.4', 'salesInten': '-105894500', 'salesChange': '-8.2', 'salesAcc': '13002897500', 'audiCnt': '153501', 'audiInten': '-16465', 'audiChange': '-9.7', 'audiAcc': '1739543', 'scrnCnt': '588', 'showCnt': '2321'}, {'rnum': '2', 'rank': '2', 'rankInten': '0', 'rankOldAndNew': 'OLD', 'movieCd': '20113260', 'movieNm': '퍼펙트 게임', 'openDt': '2011-12-21', 'salesAmt': '644532000', 'salesShare': '29.5', 'salesInten': '-75116500', 'salesChange': '-10.4', 'salesAcc': '6640940000', 'audiCnt': '83644', 'audiInten': '-12225', 'audiChange': '-12.8', 'audiAcc': '895416', 'scrnCnt': '396', 'showCnt': '1364'}, {'rnum': '3', 'rank': '3', 'rankInten': '0', 'rankOldAndNew': 'OLD', 'movieCd': '20113381', 'movieNm': '오싹한 연애', 'openDt': '2011-12-01', 'salesAmt': '344871000', 'salesShare': '15.8', 'salesInten': '-107005500', 'salesChange': '-23.7', 'salesAcc': '20634684500', 'audiCnt': '45062', 'audiInten': '-15926', 'audiChange': '-26.1', 'audiAcc': '2823060', 'scrnCnt': '243', 'showCnt': '839'}, {'rnum': '4', 'rank': '4', 'rankInten': '0', 'rankOldAndNew': 'OLD', 'movieCd': '20119659', 'movieNm': '량강도 아이들', 'openDt': '2011-11-17', 'salesAmt': '2139500', 'salesShare': '0.1', 'salesInten': '110500', 'salesChange': '5.4', 'salesAcc': '68282500', 'audiCnt': '271', 'audiInten': '4', 'audiChange': '1.5', 'audiAcc': '10172', 'scrnCnt': '11', 'showCnt': '35'}, {'rnum': '5', 'rank': '5', 'rankInten': '0', 'rankOldAndNew': 'NEW', 'movieCd': '20101344', 'movieNm': '파수꾼', 'openDt': '2011-03-03', 'salesAmt': '1015000', 'salesShare': '0.0', 'salesInten': '1015000', 'salesChange': '100', 'salesAcc': '170888700', 'audiCnt': '127', 'audiInten': '127', 'audiChange': '100', 'audiAcc': '22112', 'scrnCnt': '1', 'showCnt': '1'}, {'rnum': '6', 'rank': '6', 'rankInten': '0', 'rankOldAndNew': 'NEW', 'movieCd': '20113743', 'movieNm': '댄싱퀸', 'openDt': '2012-01-18', 'salesAmt': '1008000', 'salesShare': '0.0', 'salesInten': '1008000', 'salesChange': '100', 'salesAcc': '1008000', 'audiCnt': '126', 'audiInten': '126', 'audiChange': '100', 'audiAcc': '126', 'scrnCnt': '1', 'showCnt': '1'}, {'rnum': '7', 'rank': '7', 'rankInten': '0', 'rankOldAndNew': 'NEW', 'movieCd': '20110985', 'movieNm': '줄탁동시', 'openDt': '2012-03-01', 'salesAmt': '864000', 'salesShare': '0.0', 'salesInten': '864000', 'salesChange': '100', 'salesAcc': '2047000', 'audiCnt': '108', 'audiInten': '108', 'audiChange': '100', 'audiAcc': '305', 'scrnCnt': '1', 'showCnt': '1'}, {'rnum': '8', 'rank': '8', 'rankInten': '3', 'rankOldAndNew': 'OLD', 'movieCd': '20119436', 'movieNm': '오래된 인력거', 'openDt': '2011-12-15', 'salesAmt': '546000', 'salesShare': '0.0', 'salesInten': '359000', 'salesChange': '192', 'salesAcc': '15047800', 'audiCnt': '104', 'audiInten': '65', 'audiChange': '166.7', 'audiAcc': '2272', 'scrnCnt': '3', 'showCnt': '5'}, {'rnum': '9', 'rank': '9', 'rankInten': '0', 'rankOldAndNew': 'NEW', 'movieCd': '20111031', 'movieNm': '돼지의 왕', 'openDt': '2011-11-03', 'salesAmt': '509000', 'salesShare': '0.0', 'salesInten': '509000', 'salesChange': '100', 'salesAcc': '144630300', 'audiCnt': '57', 'audiInten': '57', 'audiChange': '100', 'audiAcc': '18660', 'scrnCnt': '2', 'showCnt': '2'}, {'rnum': '10', 'rank': '10', 'rankInten': '-3', 'rankOldAndNew': 'OLD', 'movieCd': '20112695', 'movieNm': '완득이', 'openDt': '2011-10-20', 'salesAmt': '339000', 'salesShare': '0.0', 'salesInten': '-97000', 'salesChange': '-22.2', 'salesAcc': '38526500500', 'audiCnt': '54', 'audiInten': '-22', 'audiChange': '-28.9', 'audiAcc': '5309982', 'scrnCnt': '2', 'showCnt': '4'}]}}
[2024-07-31T16:57:48.569+0900] {python.py:237} INFO - Done. Returned value was: None
[2024-07-31T16:57:48.570+0900] {taskinstance.py:441} INFO - ::group::Post task execution logs
[2024-07-31T16:57:48.573+0900] {taskinstance.py:1206} INFO - Marking task as SUCCESS. dag_id=movie, task_id=nation.k, run_id=scheduled__2024-07-29T02:10:00+00:00, execution_date=20240729T021000, start_date=20240731T075726, end_date=20240731T075748
[2024-07-31T16:57:48.625+0900] {local_task_job_runner.py:243} INFO - Task exited with return code 0
[2024-07-31T16:57:48.634+0900] {taskinstance.py:3503} INFO - 0 downstream tasks scheduled from follow-on schedule check
[2024-07-31T16:57:48.634+0900] {local_task_job_runner.py:222} INFO - ::endgroup::
