[2024-07-31T11:29:52.830+0900] {local_task_job_runner.py:120} INFO - ::group::Pre task execution logs
[2024-07-31T11:29:52.841+0900] {taskinstance.py:2076} INFO - Dependencies all met for dep_context=non-requeueable deps ti=<TaskInstance: movie.throw.err scheduled__2024-07-29T02:10:00+00:00 [queued]>
[2024-07-31T11:29:52.844+0900] {taskinstance.py:2076} INFO - Dependencies all met for dep_context=requeueable deps ti=<TaskInstance: movie.throw.err scheduled__2024-07-29T02:10:00+00:00 [queued]>
[2024-07-31T11:29:52.844+0900] {taskinstance.py:2306} INFO - Starting attempt 2 of 2
[2024-07-31T11:29:52.851+0900] {taskinstance.py:2330} INFO - Executing <Task(BashOperator): throw.err> on 2024-07-29 02:10:00+00:00
[2024-07-31T11:29:52.853+0900] {standard_task_runner.py:64} INFO - Started process 11265 to run task
[2024-07-31T11:29:52.856+0900] {standard_task_runner.py:90} INFO - Running: ['airflow', 'tasks', 'run', 'movie', 'throw.err', 'scheduled__2024-07-29T02:10:00+00:00', '--job-id', '763', '--raw', '--subdir', 'DAGS_FOLDER/movie.py', '--cfg-path', '/var/folders/qv/0knwm5h50ml0skpppwpbks_r0000gp/T/tmpjrzy3n9w']
[2024-07-31T11:29:52.858+0900] {standard_task_runner.py:91} INFO - Job 763: Subtask throw.err
[2024-07-31T11:29:52.879+0900] {task_command.py:426} INFO - Running <TaskInstance: movie.throw.err scheduled__2024-07-29T02:10:00+00:00 [running]> on host jeongui-MacBookPro.local
[2024-07-31T11:29:52.904+0900] {taskinstance.py:2648} INFO - Exporting env vars: AIRFLOW_CTX_DAG_OWNER='airflow' AIRFLOW_CTX_DAG_ID='movie' AIRFLOW_CTX_TASK_ID='throw.err' AIRFLOW_CTX_EXECUTION_DATE='2024-07-29T02:10:00+00:00' AIRFLOW_CTX_TRY_NUMBER='2' AIRFLOW_CTX_DAG_RUN_ID='scheduled__2024-07-29T02:10:00+00:00'
[2024-07-31T11:29:52.904+0900] {taskinstance.py:430} INFO - ::endgroup::
[2024-07-31T11:29:52.910+0900] {subprocess.py:63} INFO - Tmp dir root location: /var/folders/qv/0knwm5h50ml0skpppwpbks_r0000gp/T
[2024-07-31T11:29:52.911+0900] {subprocess.py:75} INFO - Running command: ['/bin/bash', '-c', 'exit 1']
[2024-07-31T11:29:52.913+0900] {subprocess.py:86} INFO - Output:
[2024-07-31T11:29:52.915+0900] {subprocess.py:97} INFO - Command exited with return code 1
[2024-07-31T11:29:52.916+0900] {taskinstance.py:441} INFO - ::group::Post task execution logs
[2024-07-31T11:29:52.919+0900] {taskinstance.py:2905} ERROR - Task failed with exception
Traceback (most recent call last):
  File "/Users/DE32/.pyenv/versions/3.11.9/envs/note/lib/python3.11/site-packages/airflow/models/taskinstance.py", line 465, in _execute_task
    result = _execute_callable(context=context, **execute_callable_kwargs)
             ^^^^^^^^^^^^^^^^^^^^^^^^^^^^^^^^^^^^^^^^^^^^^^^^^^^^^^^^^^^^^
  File "/Users/DE32/.pyenv/versions/3.11.9/envs/note/lib/python3.11/site-packages/airflow/models/taskinstance.py", line 432, in _execute_callable
    return execute_callable(context=context, **execute_callable_kwargs)
           ^^^^^^^^^^^^^^^^^^^^^^^^^^^^^^^^^^^^^^^^^^^^^^^^^^^^^^^^^^^^
  File "/Users/DE32/.pyenv/versions/3.11.9/envs/note/lib/python3.11/site-packages/airflow/models/baseoperator.py", line 401, in wrapper
    return func(self, *args, **kwargs)
           ^^^^^^^^^^^^^^^^^^^^^^^^^^^
  File "/Users/DE32/.pyenv/versions/3.11.9/envs/note/lib/python3.11/site-packages/airflow/operators/bash.py", line 243, in execute
    raise AirflowException(
airflow.exceptions.AirflowException: Bash command failed. The command returned a non-zero exit code 1.
[2024-07-31T11:29:52.920+0900] {taskinstance.py:1206} INFO - Marking task as FAILED. dag_id=movie, task_id=throw.err, run_id=scheduled__2024-07-29T02:10:00+00:00, execution_date=20240729T021000, start_date=20240731T022952, end_date=20240731T022952
[2024-07-31T11:29:52.924+0900] {standard_task_runner.py:110} ERROR - Failed to execute job 763 for task throw.err (Bash command failed. The command returned a non-zero exit code 1.; 11265)
[2024-07-31T11:29:52.963+0900] {local_task_job_runner.py:243} INFO - Task exited with return code 1
[2024-07-31T11:29:52.971+0900] {taskinstance.py:3503} INFO - 0 downstream tasks scheduled from follow-on schedule check
[2024-07-31T11:29:52.971+0900] {local_task_job_runner.py:222} INFO - ::endgroup::
[2024-07-31T16:44:02.298+0900] {local_task_job_runner.py:120} INFO - ::group::Pre task execution logs
[2024-07-31T16:44:02.312+0900] {taskinstance.py:2076} INFO - Dependencies all met for dep_context=non-requeueable deps ti=<TaskInstance: movie.throw.err scheduled__2024-07-29T02:10:00+00:00 [queued]>
[2024-07-31T16:44:02.316+0900] {taskinstance.py:2076} INFO - Dependencies all met for dep_context=requeueable deps ti=<TaskInstance: movie.throw.err scheduled__2024-07-29T02:10:00+00:00 [queued]>
[2024-07-31T16:44:02.316+0900] {taskinstance.py:2306} INFO - Starting attempt 2 of 2
[2024-07-31T16:44:02.324+0900] {taskinstance.py:2330} INFO - Executing <Task(BashOperator): throw.err> on 2024-07-29 02:10:00+00:00
[2024-07-31T16:44:02.329+0900] {standard_task_runner.py:64} INFO - Started process 20038 to run task
[2024-07-31T16:44:02.332+0900] {standard_task_runner.py:90} INFO - Running: ['airflow', 'tasks', 'run', 'movie', 'throw.err', 'scheduled__2024-07-29T02:10:00+00:00', '--job-id', '838', '--raw', '--subdir', 'DAGS_FOLDER/movie.py', '--cfg-path', '/var/folders/qv/0knwm5h50ml0skpppwpbks_r0000gp/T/tmp68b0udtb']
[2024-07-31T16:44:02.333+0900] {standard_task_runner.py:91} INFO - Job 838: Subtask throw.err
[2024-07-31T16:44:02.351+0900] {task_command.py:426} INFO - Running <TaskInstance: movie.throw.err scheduled__2024-07-29T02:10:00+00:00 [running]> on host jeongui-MacBookPro.local
[2024-07-31T16:44:02.379+0900] {taskinstance.py:2648} INFO - Exporting env vars: AIRFLOW_CTX_DAG_OWNER='airflow' AIRFLOW_CTX_DAG_ID='movie' AIRFLOW_CTX_TASK_ID='throw.err' AIRFLOW_CTX_EXECUTION_DATE='2024-07-29T02:10:00+00:00' AIRFLOW_CTX_TRY_NUMBER='2' AIRFLOW_CTX_DAG_RUN_ID='scheduled__2024-07-29T02:10:00+00:00'
[2024-07-31T16:44:02.380+0900] {taskinstance.py:430} INFO - ::endgroup::
[2024-07-31T16:44:02.385+0900] {subprocess.py:63} INFO - Tmp dir root location: /var/folders/qv/0knwm5h50ml0skpppwpbks_r0000gp/T
[2024-07-31T16:44:02.385+0900] {subprocess.py:75} INFO - Running command: ['/bin/bash', '-c', 'exit 1']
[2024-07-31T16:44:02.388+0900] {subprocess.py:86} INFO - Output:
[2024-07-31T16:44:02.391+0900] {subprocess.py:97} INFO - Command exited with return code 1
[2024-07-31T16:44:02.392+0900] {taskinstance.py:441} INFO - ::group::Post task execution logs
[2024-07-31T16:44:02.396+0900] {taskinstance.py:2905} ERROR - Task failed with exception
Traceback (most recent call last):
  File "/Users/DE32/.pyenv/versions/3.11.9/envs/note/lib/python3.11/site-packages/airflow/models/taskinstance.py", line 465, in _execute_task
    result = _execute_callable(context=context, **execute_callable_kwargs)
             ^^^^^^^^^^^^^^^^^^^^^^^^^^^^^^^^^^^^^^^^^^^^^^^^^^^^^^^^^^^^^
  File "/Users/DE32/.pyenv/versions/3.11.9/envs/note/lib/python3.11/site-packages/airflow/models/taskinstance.py", line 432, in _execute_callable
    return execute_callable(context=context, **execute_callable_kwargs)
           ^^^^^^^^^^^^^^^^^^^^^^^^^^^^^^^^^^^^^^^^^^^^^^^^^^^^^^^^^^^^
  File "/Users/DE32/.pyenv/versions/3.11.9/envs/note/lib/python3.11/site-packages/airflow/models/baseoperator.py", line 401, in wrapper
    return func(self, *args, **kwargs)
           ^^^^^^^^^^^^^^^^^^^^^^^^^^^
  File "/Users/DE32/.pyenv/versions/3.11.9/envs/note/lib/python3.11/site-packages/airflow/operators/bash.py", line 243, in execute
    raise AirflowException(
airflow.exceptions.AirflowException: Bash command failed. The command returned a non-zero exit code 1.
[2024-07-31T16:44:02.398+0900] {taskinstance.py:1206} INFO - Marking task as FAILED. dag_id=movie, task_id=throw.err, run_id=scheduled__2024-07-29T02:10:00+00:00, execution_date=20240729T021000, start_date=20240731T074402, end_date=20240731T074402
[2024-07-31T16:44:02.402+0900] {standard_task_runner.py:110} ERROR - Failed to execute job 838 for task throw.err (Bash command failed. The command returned a non-zero exit code 1.; 20038)
[2024-07-31T16:44:02.437+0900] {local_task_job_runner.py:243} INFO - Task exited with return code 1
[2024-07-31T16:44:02.446+0900] {taskinstance.py:3503} INFO - 0 downstream tasks scheduled from follow-on schedule check
[2024-07-31T16:44:02.446+0900] {local_task_job_runner.py:222} INFO - ::endgroup::
