[2024-07-31T11:29:40.892+0900] {local_task_job_runner.py:120} INFO - ::group::Pre task execution logs
[2024-07-31T11:29:40.902+0900] {taskinstance.py:2076} INFO - Dependencies all met for dep_context=non-requeueable deps ti=<TaskInstance: movie.throw.err scheduled__2024-07-29T02:10:00+00:00 [queued]>
[2024-07-31T11:29:40.905+0900] {taskinstance.py:2076} INFO - Dependencies all met for dep_context=requeueable deps ti=<TaskInstance: movie.throw.err scheduled__2024-07-29T02:10:00+00:00 [queued]>
[2024-07-31T11:29:40.906+0900] {taskinstance.py:2306} INFO - Starting attempt 1 of 2
[2024-07-31T11:29:40.912+0900] {taskinstance.py:2330} INFO - Executing <Task(BashOperator): throw.err> on 2024-07-29 02:10:00+00:00
[2024-07-31T11:29:40.915+0900] {standard_task_runner.py:64} INFO - Started process 11244 to run task
[2024-07-31T11:29:40.917+0900] {standard_task_runner.py:90} INFO - Running: ['airflow', 'tasks', 'run', 'movie', 'throw.err', 'scheduled__2024-07-29T02:10:00+00:00', '--job-id', '761', '--raw', '--subdir', 'DAGS_FOLDER/movie.py', '--cfg-path', '/var/folders/qv/0knwm5h50ml0skpppwpbks_r0000gp/T/tmpr6kfut0b']
[2024-07-31T11:29:40.919+0900] {standard_task_runner.py:91} INFO - Job 761: Subtask throw.err
[2024-07-31T11:29:40.934+0900] {task_command.py:426} INFO - Running <TaskInstance: movie.throw.err scheduled__2024-07-29T02:10:00+00:00 [running]> on host jeongui-MacBookPro.local
[2024-07-31T11:29:40.955+0900] {taskinstance.py:2648} INFO - Exporting env vars: AIRFLOW_CTX_DAG_OWNER='airflow' AIRFLOW_CTX_DAG_ID='movie' AIRFLOW_CTX_TASK_ID='throw.err' AIRFLOW_CTX_EXECUTION_DATE='2024-07-29T02:10:00+00:00' AIRFLOW_CTX_TRY_NUMBER='1' AIRFLOW_CTX_DAG_RUN_ID='scheduled__2024-07-29T02:10:00+00:00'
[2024-07-31T11:29:40.955+0900] {taskinstance.py:430} INFO - ::endgroup::
[2024-07-31T11:29:40.961+0900] {subprocess.py:63} INFO - Tmp dir root location: /var/folders/qv/0knwm5h50ml0skpppwpbks_r0000gp/T
[2024-07-31T11:29:40.961+0900] {subprocess.py:75} INFO - Running command: ['/bin/bash', '-c', 'exit 1']
[2024-07-31T11:29:40.964+0900] {subprocess.py:86} INFO - Output:
[2024-07-31T11:29:40.966+0900] {subprocess.py:97} INFO - Command exited with return code 1
[2024-07-31T11:29:40.966+0900] {taskinstance.py:441} INFO - ::group::Post task execution logs
[2024-07-31T11:29:40.969+0900] {taskinstance.py:2905} ERROR - Task failed with exception
Traceback (most recent call last):
  File "/Users/DE32/.pyenv/versions/3.11.9/envs/note/lib/python3.11/site-packages/airflow/models/taskinstance.py", line 465, in _execute_task
    result = _execute_callable(context=context, **execute_callable_kwargs)
             ^^^^^^^^^^^^^^^^^^^^^^^^^^^^^^^^^^^^^^^^^^^^^^^^^^^^^^^^^^^^^
  File "/Users/DE32/.pyenv/versions/3.11.9/envs/note/lib/python3.11/site-packages/airflow/models/taskinstance.py", line 432, in _execute_callable
    return execute_callable(context=context, **execute_callable_kwargs)
           ^^^^^^^^^^^^^^^^^^^^^^^^^^^^^^^^^^^^^^^^^^^^^^^^^^^^^^^^^^^^
  File "/Users/DE32/.pyenv/versions/3.11.9/envs/note/lib/python3.11/site-packages/airflow/models/baseoperator.py", line 401, in wrapper
    return func(self, *args, **kwargs)
           ^^^^^^^^^^^^^^^^^^^^^^^^^^^
  File "/Users/DE32/.pyenv/versions/3.11.9/envs/note/lib/python3.11/site-packages/airflow/operators/bash.py", line 243, in execute
    raise AirflowException(
airflow.exceptions.AirflowException: Bash command failed. The command returned a non-zero exit code 1.
[2024-07-31T11:29:40.971+0900] {taskinstance.py:1206} INFO - Marking task as UP_FOR_RETRY. dag_id=movie, task_id=throw.err, run_id=scheduled__2024-07-29T02:10:00+00:00, execution_date=20240729T021000, start_date=20240731T022940, end_date=20240731T022940
[2024-07-31T11:29:40.975+0900] {standard_task_runner.py:110} ERROR - Failed to execute job 761 for task throw.err (Bash command failed. The command returned a non-zero exit code 1.; 11244)
[2024-07-31T11:29:40.979+0900] {local_task_job_runner.py:243} INFO - Task exited with return code 1
[2024-07-31T11:29:40.986+0900] {taskinstance.py:3503} INFO - 0 downstream tasks scheduled from follow-on schedule check
[2024-07-31T11:29:40.986+0900] {local_task_job_runner.py:222} INFO - ::endgroup::
[2024-07-31T16:43:48.943+0900] {local_task_job_runner.py:120} INFO - ::group::Pre task execution logs
[2024-07-31T16:43:48.955+0900] {taskinstance.py:2076} INFO - Dependencies all met for dep_context=non-requeueable deps ti=<TaskInstance: movie.throw.err scheduled__2024-07-29T02:10:00+00:00 [queued]>
[2024-07-31T16:43:48.958+0900] {taskinstance.py:2076} INFO - Dependencies all met for dep_context=requeueable deps ti=<TaskInstance: movie.throw.err scheduled__2024-07-29T02:10:00+00:00 [queued]>
[2024-07-31T16:43:48.958+0900] {taskinstance.py:2306} INFO - Starting attempt 1 of 2
[2024-07-31T16:43:48.964+0900] {taskinstance.py:2330} INFO - Executing <Task(BashOperator): throw.err> on 2024-07-29 02:10:00+00:00
[2024-07-31T16:43:48.967+0900] {standard_task_runner.py:64} INFO - Started process 20029 to run task
[2024-07-31T16:43:48.970+0900] {standard_task_runner.py:90} INFO - Running: ['airflow', 'tasks', 'run', 'movie', 'throw.err', 'scheduled__2024-07-29T02:10:00+00:00', '--job-id', '836', '--raw', '--subdir', 'DAGS_FOLDER/movie.py', '--cfg-path', '/var/folders/qv/0knwm5h50ml0skpppwpbks_r0000gp/T/tmpvp14t2rm']
[2024-07-31T16:43:48.971+0900] {standard_task_runner.py:91} INFO - Job 836: Subtask throw.err
[2024-07-31T16:43:48.987+0900] {task_command.py:426} INFO - Running <TaskInstance: movie.throw.err scheduled__2024-07-29T02:10:00+00:00 [running]> on host jeongui-MacBookPro.local
[2024-07-31T16:43:49.007+0900] {taskinstance.py:2648} INFO - Exporting env vars: AIRFLOW_CTX_DAG_OWNER='airflow' AIRFLOW_CTX_DAG_ID='movie' AIRFLOW_CTX_TASK_ID='throw.err' AIRFLOW_CTX_EXECUTION_DATE='2024-07-29T02:10:00+00:00' AIRFLOW_CTX_TRY_NUMBER='1' AIRFLOW_CTX_DAG_RUN_ID='scheduled__2024-07-29T02:10:00+00:00'
[2024-07-31T16:43:49.007+0900] {taskinstance.py:430} INFO - ::endgroup::
[2024-07-31T16:43:49.012+0900] {subprocess.py:63} INFO - Tmp dir root location: /var/folders/qv/0knwm5h50ml0skpppwpbks_r0000gp/T
[2024-07-31T16:43:49.013+0900] {subprocess.py:75} INFO - Running command: ['/bin/bash', '-c', 'exit 1']
[2024-07-31T16:43:49.015+0900] {subprocess.py:86} INFO - Output:
[2024-07-31T16:43:49.019+0900] {subprocess.py:97} INFO - Command exited with return code 1
[2024-07-31T16:43:49.020+0900] {taskinstance.py:441} INFO - ::group::Post task execution logs
[2024-07-31T16:43:49.023+0900] {taskinstance.py:2905} ERROR - Task failed with exception
Traceback (most recent call last):
  File "/Users/DE32/.pyenv/versions/3.11.9/envs/note/lib/python3.11/site-packages/airflow/models/taskinstance.py", line 465, in _execute_task
    result = _execute_callable(context=context, **execute_callable_kwargs)
             ^^^^^^^^^^^^^^^^^^^^^^^^^^^^^^^^^^^^^^^^^^^^^^^^^^^^^^^^^^^^^
  File "/Users/DE32/.pyenv/versions/3.11.9/envs/note/lib/python3.11/site-packages/airflow/models/taskinstance.py", line 432, in _execute_callable
    return execute_callable(context=context, **execute_callable_kwargs)
           ^^^^^^^^^^^^^^^^^^^^^^^^^^^^^^^^^^^^^^^^^^^^^^^^^^^^^^^^^^^^
  File "/Users/DE32/.pyenv/versions/3.11.9/envs/note/lib/python3.11/site-packages/airflow/models/baseoperator.py", line 401, in wrapper
    return func(self, *args, **kwargs)
           ^^^^^^^^^^^^^^^^^^^^^^^^^^^
  File "/Users/DE32/.pyenv/versions/3.11.9/envs/note/lib/python3.11/site-packages/airflow/operators/bash.py", line 243, in execute
    raise AirflowException(
airflow.exceptions.AirflowException: Bash command failed. The command returned a non-zero exit code 1.
[2024-07-31T16:43:49.025+0900] {taskinstance.py:1206} INFO - Marking task as UP_FOR_RETRY. dag_id=movie, task_id=throw.err, run_id=scheduled__2024-07-29T02:10:00+00:00, execution_date=20240729T021000, start_date=20240731T074348, end_date=20240731T074349
[2024-07-31T16:43:49.028+0900] {standard_task_runner.py:110} ERROR - Failed to execute job 836 for task throw.err (Bash command failed. The command returned a non-zero exit code 1.; 20029)
[2024-07-31T16:43:49.031+0900] {local_task_job_runner.py:243} INFO - Task exited with return code 1
[2024-07-31T16:43:49.037+0900] {taskinstance.py:3503} INFO - 0 downstream tasks scheduled from follow-on schedule check
[2024-07-31T16:43:49.037+0900] {local_task_job_runner.py:222} INFO - ::endgroup::
