[2024-07-24T14:13:08.133+0900] {local_task_job_runner.py:120} INFO - ::group::Pre task execution logs
[2024-07-24T14:13:08.141+0900] {taskinstance.py:2076} INFO - Dependencies all met for dep_context=non-requeueable deps ti=<TaskInstance: simple_bash.print.date scheduled__2024-07-20T00:00:00+00:00 [queued]>
[2024-07-24T14:13:08.143+0900] {taskinstance.py:2076} INFO - Dependencies all met for dep_context=requeueable deps ti=<TaskInstance: simple_bash.print.date scheduled__2024-07-20T00:00:00+00:00 [queued]>
[2024-07-24T14:13:08.143+0900] {taskinstance.py:2306} INFO - Starting attempt 2 of 3
[2024-07-24T14:13:08.147+0900] {taskinstance.py:2330} INFO - Executing <Task(BashOperator): print.date> on 2024-07-20 00:00:00+00:00
[2024-07-24T14:13:08.149+0900] {standard_task_runner.py:64} INFO - Started process 89869 to run task
[2024-07-24T14:13:08.152+0900] {standard_task_runner.py:90} INFO - Running: ['airflow', 'tasks', 'run', 'simple_bash', 'print.date', 'scheduled__2024-07-20T00:00:00+00:00', '--job-id', '68', '--raw', '--subdir', 'DAGS_FOLDER/simple_bash.py', '--cfg-path', '/var/folders/qv/0knwm5h50ml0skpppwpbks_r0000gp/T/tmpmkiymd7u']
[2024-07-24T14:13:08.153+0900] {standard_task_runner.py:91} INFO - Job 68: Subtask print.date
[2024-07-24T14:13:08.167+0900] {task_command.py:426} INFO - Running <TaskInstance: simple_bash.print.date scheduled__2024-07-20T00:00:00+00:00 [running]> on host jeongui-MacBookPro.local
[2024-07-24T14:13:08.184+0900] {logging_mixin.py:188} WARNING - /Users/DE32/.pyenv/versions/3.11.9/envs/note/lib/python3.11/site-packages/airflow/utils/context.py:212 AirflowContextDeprecationWarning: Accessing 'execution_date' from the template is deprecated and will be removed in a future version. Please use 'data_interval_start' or 'logical_date' instead.
[2024-07-24T14:13:08.184+0900] {logging_mixin.py:188} WARNING - /Users/DE32/.pyenv/versions/3.11.9/envs/note/lib/python3.11/site-packages/airflow/utils/context.py:212 AirflowContextDeprecationWarning: Accessing 'next_execution_date' from the template is deprecated and will be removed in a future version. Please use 'data_interval_end' instead.
[2024-07-24T14:13:08.185+0900] {logging_mixin.py:188} WARNING - /Users/DE32/.pyenv/versions/3.11.9/envs/note/lib/python3.11/site-packages/airflow/utils/context.py:212 AirflowContextDeprecationWarning: Accessing 'prev_execution_date' from the template is deprecated and will be removed in a future version.
[2024-07-24T14:13:08.192+0900] {taskinstance.py:2648} INFO - Exporting env vars: AIRFLOW_CTX_DAG_OWNER='airflow' AIRFLOW_CTX_DAG_ID='simple_bash' AIRFLOW_CTX_TASK_ID='print.date' AIRFLOW_CTX_EXECUTION_DATE='2024-07-20T00:00:00+00:00' AIRFLOW_CTX_TRY_NUMBER='2' AIRFLOW_CTX_DAG_RUN_ID='scheduled__2024-07-20T00:00:00+00:00'
[2024-07-24T14:13:08.193+0900] {taskinstance.py:430} INFO - ::endgroup::
[2024-07-24T14:13:08.198+0900] {subprocess.py:63} INFO - Tmp dir root location: /var/folders/qv/0knwm5h50ml0skpppwpbks_r0000gp/T
[2024-07-24T14:13:08.199+0900] {subprocess.py:75} INFO - Running command: ['/bin/bash', '-c', '\n            echo "date => `date`"\n            echo "ds => 2024-07-20"\n            echo "ds_nodash => 20240720"\n            echo "logical_date => 2024-07-20 00:00:00+00:00"\n            echo "logical_date => 2024-07-20 00:00:00"\n            echo "execution_date => 2024-07-20 00:00:00+00:00"\n            echo "execution_date => 2024-07-20 00:00:00"\n            echo "next_execution_date => 2024-07-21 00:00:00"\n            echo "prev_execution_date => 2024-07-19 00:00:00"\n            echo "ts => 2024-07-20T00:00:00+00:00"\n        ']
[2024-07-24T14:13:08.202+0900] {subprocess.py:86} INFO - Output:
[2024-07-24T14:13:08.205+0900] {subprocess.py:93} INFO - date => 2024년 7월 24일 수요일 14시 13분 08초 KST
[2024-07-24T14:13:08.205+0900] {subprocess.py:93} INFO - ds => 2024-07-20
[2024-07-24T14:13:08.205+0900] {subprocess.py:93} INFO - ds_nodash => 20240720
[2024-07-24T14:13:08.206+0900] {subprocess.py:93} INFO - logical_date => 2024-07-20 00:00:00+00:00
[2024-07-24T14:13:08.206+0900] {subprocess.py:93} INFO - logical_date => 2024-07-20 00:00:00
[2024-07-24T14:13:08.206+0900] {subprocess.py:93} INFO - execution_date => 2024-07-20 00:00:00+00:00
[2024-07-24T14:13:08.206+0900] {subprocess.py:93} INFO - execution_date => 2024-07-20 00:00:00
[2024-07-24T14:13:08.206+0900] {subprocess.py:93} INFO - next_execution_date => 2024-07-21 00:00:00
[2024-07-24T14:13:08.206+0900] {subprocess.py:93} INFO - prev_execution_date => 2024-07-19 00:00:00
[2024-07-24T14:13:08.206+0900] {subprocess.py:93} INFO - ts => 2024-07-20T00:00:00+00:00
[2024-07-24T14:13:08.207+0900] {subprocess.py:97} INFO - Command exited with return code 0
[2024-07-24T14:13:08.207+0900] {taskinstance.py:441} INFO - ::group::Post task execution logs
[2024-07-24T14:13:08.212+0900] {taskinstance.py:1206} INFO - Marking task as SUCCESS. dag_id=simple_bash, task_id=print.date, run_id=scheduled__2024-07-20T00:00:00+00:00, execution_date=20240720T000000, start_date=20240724T051308, end_date=20240724T051308
[2024-07-24T14:13:08.259+0900] {local_task_job_runner.py:243} INFO - Task exited with return code 0
[2024-07-24T14:13:08.269+0900] {taskinstance.py:3503} INFO - 1 downstream tasks scheduled from follow-on schedule check
[2024-07-24T14:13:08.270+0900] {local_task_job_runner.py:222} INFO - ::endgroup::
[2024-07-24T14:33:14.184+0900] {local_task_job_runner.py:120} INFO - ::group::Pre task execution logs
[2024-07-24T14:33:14.192+0900] {taskinstance.py:2076} INFO - Dependencies all met for dep_context=non-requeueable deps ti=<TaskInstance: simple_bash.print.date scheduled__2024-07-20T00:00:00+00:00 [queued]>
[2024-07-24T14:33:14.195+0900] {taskinstance.py:2076} INFO - Dependencies all met for dep_context=requeueable deps ti=<TaskInstance: simple_bash.print.date scheduled__2024-07-20T00:00:00+00:00 [queued]>
[2024-07-24T14:33:14.195+0900] {taskinstance.py:2306} INFO - Starting attempt 2 of 2
[2024-07-24T14:33:14.199+0900] {taskinstance.py:2330} INFO - Executing <Task(BashOperator): print.date> on 2024-07-20 00:00:00+00:00
[2024-07-24T14:33:14.201+0900] {standard_task_runner.py:64} INFO - Started process 92259 to run task
[2024-07-24T14:33:14.204+0900] {standard_task_runner.py:90} INFO - Running: ['airflow', 'tasks', 'run', 'simple_bash', 'print.date', 'scheduled__2024-07-20T00:00:00+00:00', '--job-id', '160', '--raw', '--subdir', 'DAGS_FOLDER/simple_bash.py', '--cfg-path', '/var/folders/qv/0knwm5h50ml0skpppwpbks_r0000gp/T/tmprgh1azxv']
[2024-07-24T14:33:14.205+0900] {standard_task_runner.py:91} INFO - Job 160: Subtask print.date
[2024-07-24T14:33:14.218+0900] {task_command.py:426} INFO - Running <TaskInstance: simple_bash.print.date scheduled__2024-07-20T00:00:00+00:00 [running]> on host jeongui-MacBookPro.local
[2024-07-24T14:33:14.235+0900] {logging_mixin.py:188} WARNING - /Users/DE32/.pyenv/versions/3.11.9/envs/note/lib/python3.11/site-packages/airflow/utils/context.py:212 AirflowContextDeprecationWarning: Accessing 'execution_date' from the template is deprecated and will be removed in a future version. Please use 'data_interval_start' or 'logical_date' instead.
[2024-07-24T14:33:14.236+0900] {logging_mixin.py:188} WARNING - /Users/DE32/.pyenv/versions/3.11.9/envs/note/lib/python3.11/site-packages/airflow/utils/context.py:212 AirflowContextDeprecationWarning: Accessing 'next_execution_date' from the template is deprecated and will be removed in a future version. Please use 'data_interval_end' instead.
[2024-07-24T14:33:14.236+0900] {logging_mixin.py:188} WARNING - /Users/DE32/.pyenv/versions/3.11.9/envs/note/lib/python3.11/site-packages/airflow/utils/context.py:212 AirflowContextDeprecationWarning: Accessing 'prev_execution_date' from the template is deprecated and will be removed in a future version.
[2024-07-24T14:33:14.243+0900] {taskinstance.py:2648} INFO - Exporting env vars: AIRFLOW_CTX_DAG_OWNER='airflow' AIRFLOW_CTX_DAG_ID='simple_bash' AIRFLOW_CTX_TASK_ID='print.date' AIRFLOW_CTX_EXECUTION_DATE='2024-07-20T00:00:00+00:00' AIRFLOW_CTX_TRY_NUMBER='2' AIRFLOW_CTX_DAG_RUN_ID='scheduled__2024-07-20T00:00:00+00:00'
[2024-07-24T14:33:14.244+0900] {taskinstance.py:430} INFO - ::endgroup::
[2024-07-24T14:33:14.250+0900] {subprocess.py:63} INFO - Tmp dir root location: /var/folders/qv/0knwm5h50ml0skpppwpbks_r0000gp/T
[2024-07-24T14:33:14.250+0900] {subprocess.py:75} INFO - Running command: ['/bin/bash', '-c', '\n            echo "date => `date`"\n            echo "ds => 2024-07-20"\n            echo "ds_nodash => 20240720"\n            echo "logical_date => 2024-07-20 00:00:00+00:00"\n            echo "logical_date => 2024-07-20 00:00:00"\n            echo "execution_date => 2024-07-20 00:00:00+00:00"\n            echo "execution_date => 2024-07-20 00:00:00"\n            echo "next_execution_date => 2024-07-21 00:00:00"\n            echo "prev_execution_date => 2024-07-19 00:00:00"\n            echo "ts => 2024-07-20T00:00:00+00:00"\n        ']
[2024-07-24T14:33:14.253+0900] {subprocess.py:86} INFO - Output:
[2024-07-24T14:33:14.256+0900] {subprocess.py:93} INFO - date => 2024년 7월 24일 수요일 14시 33분 14초 KST
[2024-07-24T14:33:14.256+0900] {subprocess.py:93} INFO - ds => 2024-07-20
[2024-07-24T14:33:14.256+0900] {subprocess.py:93} INFO - ds_nodash => 20240720
[2024-07-24T14:33:14.257+0900] {subprocess.py:93} INFO - logical_date => 2024-07-20 00:00:00+00:00
[2024-07-24T14:33:14.257+0900] {subprocess.py:93} INFO - logical_date => 2024-07-20 00:00:00
[2024-07-24T14:33:14.257+0900] {subprocess.py:93} INFO - execution_date => 2024-07-20 00:00:00+00:00
[2024-07-24T14:33:14.257+0900] {subprocess.py:93} INFO - execution_date => 2024-07-20 00:00:00
[2024-07-24T14:33:14.257+0900] {subprocess.py:93} INFO - next_execution_date => 2024-07-21 00:00:00
[2024-07-24T14:33:14.257+0900] {subprocess.py:93} INFO - prev_execution_date => 2024-07-19 00:00:00
[2024-07-24T14:33:14.257+0900] {subprocess.py:93} INFO - ts => 2024-07-20T00:00:00+00:00
[2024-07-24T14:33:14.258+0900] {subprocess.py:97} INFO - Command exited with return code 0
[2024-07-24T14:33:14.258+0900] {taskinstance.py:441} INFO - ::group::Post task execution logs
[2024-07-24T14:33:14.263+0900] {taskinstance.py:1206} INFO - Marking task as SUCCESS. dag_id=simple_bash, task_id=print.date, run_id=scheduled__2024-07-20T00:00:00+00:00, execution_date=20240720T000000, start_date=20240724T053314, end_date=20240724T053314
[2024-07-24T14:33:14.308+0900] {local_task_job_runner.py:243} INFO - Task exited with return code 0
[2024-07-24T14:33:14.318+0900] {taskinstance.py:3503} INFO - 1 downstream tasks scheduled from follow-on schedule check
[2024-07-24T14:33:14.319+0900] {local_task_job_runner.py:222} INFO - ::endgroup::
