[2024-07-31T11:23:18.356+0900] {local_task_job_runner.py:120} INFO - ::group::Pre task execution logs
[2024-07-31T11:23:18.366+0900] {taskinstance.py:2076} INFO - Dependencies all met for dep_context=non-requeueable deps ti=<TaskInstance: movie.branch.op scheduled__2024-07-25T02:10:00+00:00 [queued]>
[2024-07-31T11:23:18.369+0900] {taskinstance.py:2076} INFO - Dependencies all met for dep_context=requeueable deps ti=<TaskInstance: movie.branch.op scheduled__2024-07-25T02:10:00+00:00 [queued]>
[2024-07-31T11:23:18.369+0900] {taskinstance.py:2306} INFO - Starting attempt 3 of 4
[2024-07-31T11:23:18.375+0900] {taskinstance.py:2330} INFO - Executing <Task(BranchPythonOperator): branch.op> on 2024-07-25 02:10:00+00:00
[2024-07-31T11:23:18.378+0900] {standard_task_runner.py:64} INFO - Started process 10821 to run task
[2024-07-31T11:23:18.380+0900] {standard_task_runner.py:90} INFO - Running: ['airflow', 'tasks', 'run', 'movie', 'branch.op', 'scheduled__2024-07-25T02:10:00+00:00', '--job-id', '736', '--raw', '--subdir', 'DAGS_FOLDER/movie.py', '--cfg-path', '/var/folders/qv/0knwm5h50ml0skpppwpbks_r0000gp/T/tmpuqllwzwa']
[2024-07-31T11:23:18.382+0900] {standard_task_runner.py:91} INFO - Job 736: Subtask branch.op
[2024-07-31T11:23:18.396+0900] {task_command.py:426} INFO - Running <TaskInstance: movie.branch.op scheduled__2024-07-25T02:10:00+00:00 [running]> on host jeongui-MacBookPro.local
[2024-07-31T11:23:18.418+0900] {taskinstance.py:2648} INFO - Exporting env vars: AIRFLOW_CTX_DAG_OWNER='airflow' AIRFLOW_CTX_DAG_ID='movie' AIRFLOW_CTX_TASK_ID='branch.op' AIRFLOW_CTX_EXECUTION_DATE='2024-07-25T02:10:00+00:00' AIRFLOW_CTX_TRY_NUMBER='3' AIRFLOW_CTX_DAG_RUN_ID='scheduled__2024-07-25T02:10:00+00:00'
[2024-07-31T11:23:18.418+0900] {taskinstance.py:430} INFO - ::endgroup::
[2024-07-31T11:23:18.426+0900] {baseoperator.py:400} WARNING - BranchPythonOperator.execute cannot be called outside TaskInstance!
[2024-07-31T11:23:18.426+0900] {python.py:237} INFO - Done. Returned value was: rm.dir
[2024-07-31T11:23:18.427+0900] {branch.py:36} INFO - Branch into rm.dir
[2024-07-31T11:23:18.427+0900] {skipmixin.py:178} INFO - Following branch rm.dir
[2024-07-31T11:23:18.430+0900] {skipmixin.py:246} INFO - Skipping tasks [('echo.task', -1)]
[2024-07-31T11:23:18.439+0900] {taskinstance.py:441} INFO - ::group::Post task execution logs
[2024-07-31T11:23:18.443+0900] {taskinstance.py:1206} INFO - Marking task as SUCCESS. dag_id=movie, task_id=branch.op, run_id=scheduled__2024-07-25T02:10:00+00:00, execution_date=20240725T021000, start_date=20240731T022318, end_date=20240731T022318
[2024-07-31T11:23:18.487+0900] {local_task_job_runner.py:243} INFO - Task exited with return code 0
[2024-07-31T11:23:18.501+0900] {taskinstance.py:3503} INFO - 1 downstream tasks scheduled from follow-on schedule check
[2024-07-31T11:23:18.501+0900] {local_task_job_runner.py:222} INFO - ::endgroup::
[2024-07-31T19:38:04.969+0900] {local_task_job_runner.py:120} INFO - ::group::Pre task execution logs
[2024-07-31T19:38:04.980+0900] {taskinstance.py:2076} INFO - Dependencies all met for dep_context=non-requeueable deps ti=<TaskInstance: movie.branch.op scheduled__2024-07-25T02:10:00+00:00 [queued]>
[2024-07-31T19:38:04.983+0900] {taskinstance.py:2076} INFO - Dependencies all met for dep_context=requeueable deps ti=<TaskInstance: movie.branch.op scheduled__2024-07-25T02:10:00+00:00 [queued]>
[2024-07-31T19:38:04.983+0900] {taskinstance.py:2306} INFO - Starting attempt 3 of 4
[2024-07-31T19:38:04.990+0900] {taskinstance.py:2330} INFO - Executing <Task(BranchPythonOperator): branch.op> on 2024-07-25 02:10:00+00:00
[2024-07-31T19:38:04.993+0900] {standard_task_runner.py:64} INFO - Started process 32547 to run task
[2024-07-31T19:38:04.996+0900] {standard_task_runner.py:90} INFO - Running: ['airflow', 'tasks', 'run', 'movie', 'branch.op', 'scheduled__2024-07-25T02:10:00+00:00', '--job-id', '941', '--raw', '--subdir', 'DAGS_FOLDER/movie.py', '--cfg-path', '/var/folders/qv/0knwm5h50ml0skpppwpbks_r0000gp/T/tmp37fs1fhf']
[2024-07-31T19:38:04.997+0900] {standard_task_runner.py:91} INFO - Job 941: Subtask branch.op
[2024-07-31T19:38:05.013+0900] {task_command.py:426} INFO - Running <TaskInstance: movie.branch.op scheduled__2024-07-25T02:10:00+00:00 [running]> on host jeongui-MacBookPro.local
[2024-07-31T19:38:05.034+0900] {taskinstance.py:2648} INFO - Exporting env vars: AIRFLOW_CTX_DAG_OWNER='airflow' AIRFLOW_CTX_DAG_ID='movie' AIRFLOW_CTX_TASK_ID='branch.op' AIRFLOW_CTX_EXECUTION_DATE='2024-07-25T02:10:00+00:00' AIRFLOW_CTX_TRY_NUMBER='3' AIRFLOW_CTX_DAG_RUN_ID='scheduled__2024-07-25T02:10:00+00:00'
[2024-07-31T19:38:05.035+0900] {taskinstance.py:430} INFO - ::endgroup::
[2024-07-31T19:38:05.042+0900] {baseoperator.py:400} WARNING - BranchPythonOperator.execute cannot be called outside TaskInstance!
[2024-07-31T19:38:05.042+0900] {python.py:237} INFO - Done. Returned value was: ('get.data', 'echo.task')
[2024-07-31T19:38:05.042+0900] {branch.py:36} INFO - Branch into ('get.data', 'echo.task')
[2024-07-31T19:38:05.043+0900] {skipmixin.py:178} INFO - Following branch ('get.data', 'echo.task')
[2024-07-31T19:38:05.045+0900] {skipmixin.py:246} INFO - Skipping tasks [('rm.dir', -1)]
[2024-07-31T19:38:05.049+0900] {taskinstance.py:441} INFO - ::group::Post task execution logs
[2024-07-31T19:38:05.052+0900] {taskinstance.py:1206} INFO - Marking task as SUCCESS. dag_id=movie, task_id=branch.op, run_id=scheduled__2024-07-25T02:10:00+00:00, execution_date=20240725T021000, start_date=20240731T103804, end_date=20240731T103805
[2024-07-31T19:38:05.058+0900] {local_task_job_runner.py:243} INFO - Task exited with return code 0
[2024-07-31T19:38:05.068+0900] {taskinstance.py:3503} INFO - 1 downstream tasks scheduled from follow-on schedule check
[2024-07-31T19:38:05.069+0900] {local_task_job_runner.py:222} INFO - ::endgroup::
