[2024-07-31T10:01:58.270+0900] {local_task_job_runner.py:120} INFO - ::group::Pre task execution logs
[2024-07-31T10:01:58.283+0900] {taskinstance.py:2076} INFO - Dependencies all met for dep_context=non-requeueable deps ti=<TaskInstance: movie.branch.op scheduled__2024-07-25T02:10:00+00:00 [queued]>
[2024-07-31T10:01:58.287+0900] {taskinstance.py:2076} INFO - Dependencies all met for dep_context=requeueable deps ti=<TaskInstance: movie.branch.op scheduled__2024-07-25T02:10:00+00:00 [queued]>
[2024-07-31T10:01:58.287+0900] {taskinstance.py:2306} INFO - Starting attempt 1 of 2
[2024-07-31T10:01:58.292+0900] {taskinstance.py:2330} INFO - Executing <Task(BranchPythonOperator): branch.op> on 2024-07-25 02:10:00+00:00
[2024-07-31T10:01:58.295+0900] {standard_task_runner.py:64} INFO - Started process 7374 to run task
[2024-07-31T10:01:58.298+0900] {standard_task_runner.py:90} INFO - Running: ['airflow', 'tasks', 'run', 'movie', 'branch.op', 'scheduled__2024-07-25T02:10:00+00:00', '--job-id', '679', '--raw', '--subdir', 'DAGS_FOLDER/movie.py', '--cfg-path', '/var/folders/qv/0knwm5h50ml0skpppwpbks_r0000gp/T/tmpdj61x66n']
[2024-07-31T10:01:58.299+0900] {standard_task_runner.py:91} INFO - Job 679: Subtask branch.op
[2024-07-31T10:01:58.313+0900] {task_command.py:426} INFO - Running <TaskInstance: movie.branch.op scheduled__2024-07-25T02:10:00+00:00 [running]> on host jeongui-MacBookPro.local
[2024-07-31T10:01:58.332+0900] {taskinstance.py:2648} INFO - Exporting env vars: AIRFLOW_CTX_DAG_OWNER='airflow' AIRFLOW_CTX_DAG_ID='movie' AIRFLOW_CTX_TASK_ID='branch.op' AIRFLOW_CTX_EXECUTION_DATE='2024-07-25T02:10:00+00:00' AIRFLOW_CTX_TRY_NUMBER='1' AIRFLOW_CTX_DAG_RUN_ID='scheduled__2024-07-25T02:10:00+00:00'
[2024-07-31T10:01:58.333+0900] {taskinstance.py:430} INFO - ::endgroup::
[2024-07-31T10:01:58.338+0900] {baseoperator.py:400} WARNING - BranchPythonOperator.execute cannot be called outside TaskInstance!
[2024-07-31T10:01:58.338+0900] {python.py:237} INFO - Done. Returned value was: rm.dir
[2024-07-31T10:01:58.339+0900] {branch.py:36} INFO - Branch into rm.dir
[2024-07-31T10:01:58.339+0900] {skipmixin.py:178} INFO - Following branch rm.dir
[2024-07-31T10:01:58.341+0900] {skipmixin.py:246} INFO - Skipping tasks [('echo.task', -1)]
[2024-07-31T10:01:58.345+0900] {taskinstance.py:441} INFO - ::group::Post task execution logs
[2024-07-31T10:01:58.348+0900] {taskinstance.py:1206} INFO - Marking task as SUCCESS. dag_id=movie, task_id=branch.op, run_id=scheduled__2024-07-25T02:10:00+00:00, execution_date=20240725T021000, start_date=20240731T010158, end_date=20240731T010158
[2024-07-31T10:01:58.360+0900] {local_task_job_runner.py:243} INFO - Task exited with return code 0
[2024-07-31T10:01:58.375+0900] {taskinstance.py:3503} INFO - 1 downstream tasks scheduled from follow-on schedule check
[2024-07-31T10:01:58.376+0900] {local_task_job_runner.py:222} INFO - ::endgroup::
[2024-07-31T16:31:06.076+0900] {local_task_job_runner.py:120} INFO - ::group::Pre task execution logs
[2024-07-31T16:31:06.087+0900] {taskinstance.py:2076} INFO - Dependencies all met for dep_context=non-requeueable deps ti=<TaskInstance: movie.branch.op scheduled__2024-07-25T02:10:00+00:00 [queued]>
[2024-07-31T16:31:06.090+0900] {taskinstance.py:2076} INFO - Dependencies all met for dep_context=requeueable deps ti=<TaskInstance: movie.branch.op scheduled__2024-07-25T02:10:00+00:00 [queued]>
[2024-07-31T16:31:06.090+0900] {taskinstance.py:2306} INFO - Starting attempt 1 of 2
[2024-07-31T16:31:06.096+0900] {taskinstance.py:2330} INFO - Executing <Task(BranchPythonOperator): branch.op> on 2024-07-25 02:10:00+00:00
[2024-07-31T16:31:06.099+0900] {standard_task_runner.py:64} INFO - Started process 18982 to run task
[2024-07-31T16:31:06.101+0900] {standard_task_runner.py:90} INFO - Running: ['airflow', 'tasks', 'run', 'movie', 'branch.op', 'scheduled__2024-07-25T02:10:00+00:00', '--job-id', '787', '--raw', '--subdir', 'DAGS_FOLDER/movie.py', '--cfg-path', '/var/folders/qv/0knwm5h50ml0skpppwpbks_r0000gp/T/tmpo_r417eh']
[2024-07-31T16:31:06.103+0900] {standard_task_runner.py:91} INFO - Job 787: Subtask branch.op
[2024-07-31T16:31:06.117+0900] {task_command.py:426} INFO - Running <TaskInstance: movie.branch.op scheduled__2024-07-25T02:10:00+00:00 [running]> on host jeongui-MacBookPro.local
[2024-07-31T16:31:06.136+0900] {taskinstance.py:2648} INFO - Exporting env vars: AIRFLOW_CTX_DAG_OWNER='airflow' AIRFLOW_CTX_DAG_ID='movie' AIRFLOW_CTX_TASK_ID='branch.op' AIRFLOW_CTX_EXECUTION_DATE='2024-07-25T02:10:00+00:00' AIRFLOW_CTX_TRY_NUMBER='1' AIRFLOW_CTX_DAG_RUN_ID='scheduled__2024-07-25T02:10:00+00:00'
[2024-07-31T16:31:06.136+0900] {taskinstance.py:430} INFO - ::endgroup::
[2024-07-31T16:31:06.141+0900] {baseoperator.py:400} WARNING - BranchPythonOperator.execute cannot be called outside TaskInstance!
[2024-07-31T16:31:06.141+0900] {python.py:237} INFO - Done. Returned value was: rm.dir
[2024-07-31T16:31:06.141+0900] {branch.py:36} INFO - Branch into rm.dir
[2024-07-31T16:31:06.141+0900] {skipmixin.py:178} INFO - Following branch rm.dir
[2024-07-31T16:31:06.145+0900] {skipmixin.py:246} INFO - Skipping tasks [('echo.task', -1)]
[2024-07-31T16:31:06.149+0900] {taskinstance.py:441} INFO - ::group::Post task execution logs
[2024-07-31T16:31:06.152+0900] {taskinstance.py:1206} INFO - Marking task as SUCCESS. dag_id=movie, task_id=branch.op, run_id=scheduled__2024-07-25T02:10:00+00:00, execution_date=20240725T021000, start_date=20240731T073106, end_date=20240731T073106
[2024-07-31T16:31:06.163+0900] {local_task_job_runner.py:243} INFO - Task exited with return code 0
[2024-07-31T16:31:06.174+0900] {taskinstance.py:3503} INFO - 1 downstream tasks scheduled from follow-on schedule check
[2024-07-31T16:31:06.174+0900] {local_task_job_runner.py:222} INFO - ::endgroup::
