[2024-07-31T10:30:24.677+0900] {local_task_job_runner.py:120} INFO - ::group::Pre task execution logs
[2024-07-31T10:30:24.687+0900] {taskinstance.py:2076} INFO - Dependencies all met for dep_context=non-requeueable deps ti=<TaskInstance: movie.branch.op scheduled__2024-07-25T02:10:00+00:00 [queued]>
[2024-07-31T10:30:24.690+0900] {taskinstance.py:2076} INFO - Dependencies all met for dep_context=requeueable deps ti=<TaskInstance: movie.branch.op scheduled__2024-07-25T02:10:00+00:00 [queued]>
[2024-07-31T10:30:24.690+0900] {taskinstance.py:2306} INFO - Starting attempt 2 of 3
[2024-07-31T10:30:24.696+0900] {taskinstance.py:2330} INFO - Executing <Task(BranchPythonOperator): branch.op> on 2024-07-25 02:10:00+00:00
[2024-07-31T10:30:24.698+0900] {standard_task_runner.py:64} INFO - Started process 9263 to run task
[2024-07-31T10:30:24.701+0900] {standard_task_runner.py:90} INFO - Running: ['airflow', 'tasks', 'run', 'movie', 'branch.op', 'scheduled__2024-07-25T02:10:00+00:00', '--job-id', '683', '--raw', '--subdir', 'DAGS_FOLDER/movie.py', '--cfg-path', '/var/folders/qv/0knwm5h50ml0skpppwpbks_r0000gp/T/tmpov2irxvm']
[2024-07-31T10:30:24.702+0900] {standard_task_runner.py:91} INFO - Job 683: Subtask branch.op
[2024-07-31T10:30:24.717+0900] {task_command.py:426} INFO - Running <TaskInstance: movie.branch.op scheduled__2024-07-25T02:10:00+00:00 [running]> on host jeongui-MacBookPro.local
[2024-07-31T10:30:24.737+0900] {taskinstance.py:2648} INFO - Exporting env vars: AIRFLOW_CTX_DAG_OWNER='airflow' AIRFLOW_CTX_DAG_ID='movie' AIRFLOW_CTX_TASK_ID='branch.op' AIRFLOW_CTX_EXECUTION_DATE='2024-07-25T02:10:00+00:00' AIRFLOW_CTX_TRY_NUMBER='2' AIRFLOW_CTX_DAG_RUN_ID='scheduled__2024-07-25T02:10:00+00:00'
[2024-07-31T10:30:24.738+0900] {taskinstance.py:430} INFO - ::endgroup::
[2024-07-31T10:30:24.743+0900] {baseoperator.py:400} WARNING - BranchPythonOperator.execute cannot be called outside TaskInstance!
[2024-07-31T10:30:24.744+0900] {python.py:237} INFO - Done. Returned value was: rm.dir
[2024-07-31T10:30:24.744+0900] {branch.py:36} INFO - Branch into rm.dir
[2024-07-31T10:30:24.744+0900] {skipmixin.py:178} INFO - Following branch rm.dir
[2024-07-31T10:30:24.748+0900] {skipmixin.py:246} INFO - Skipping tasks [('echo.task', -1)]
[2024-07-31T10:30:24.752+0900] {taskinstance.py:441} INFO - ::group::Post task execution logs
[2024-07-31T10:30:24.755+0900] {taskinstance.py:1206} INFO - Marking task as SUCCESS. dag_id=movie, task_id=branch.op, run_id=scheduled__2024-07-25T02:10:00+00:00, execution_date=20240725T021000, start_date=20240731T013024, end_date=20240731T013024
[2024-07-31T10:30:24.763+0900] {local_task_job_runner.py:243} INFO - Task exited with return code 0
[2024-07-31T10:30:24.773+0900] {taskinstance.py:3503} INFO - 1 downstream tasks scheduled from follow-on schedule check
[2024-07-31T10:30:24.774+0900] {local_task_job_runner.py:222} INFO - ::endgroup::
[2024-07-31T19:23:18.796+0900] {local_task_job_runner.py:120} INFO - ::group::Pre task execution logs
[2024-07-31T19:23:18.807+0900] {taskinstance.py:2076} INFO - Dependencies all met for dep_context=non-requeueable deps ti=<TaskInstance: movie.branch.op scheduled__2024-07-25T02:10:00+00:00 [queued]>
[2024-07-31T19:23:18.810+0900] {taskinstance.py:2076} INFO - Dependencies all met for dep_context=requeueable deps ti=<TaskInstance: movie.branch.op scheduled__2024-07-25T02:10:00+00:00 [queued]>
[2024-07-31T19:23:18.810+0900] {taskinstance.py:2306} INFO - Starting attempt 2 of 3
[2024-07-31T19:23:18.816+0900] {taskinstance.py:2330} INFO - Executing <Task(BranchPythonOperator): branch.op> on 2024-07-25 02:10:00+00:00
[2024-07-31T19:23:18.819+0900] {standard_task_runner.py:64} INFO - Started process 30903 to run task
[2024-07-31T19:23:18.822+0900] {standard_task_runner.py:90} INFO - Running: ['airflow', 'tasks', 'run', 'movie', 'branch.op', 'scheduled__2024-07-25T02:10:00+00:00', '--job-id', '911', '--raw', '--subdir', 'DAGS_FOLDER/movie.py', '--cfg-path', '/var/folders/qv/0knwm5h50ml0skpppwpbks_r0000gp/T/tmp8s8kjnnu']
[2024-07-31T19:23:18.823+0900] {standard_task_runner.py:91} INFO - Job 911: Subtask branch.op
[2024-07-31T19:23:18.837+0900] {task_command.py:426} INFO - Running <TaskInstance: movie.branch.op scheduled__2024-07-25T02:10:00+00:00 [running]> on host jeongui-MacBookPro.local
[2024-07-31T19:23:18.860+0900] {taskinstance.py:2648} INFO - Exporting env vars: AIRFLOW_CTX_DAG_OWNER='airflow' AIRFLOW_CTX_DAG_ID='movie' AIRFLOW_CTX_TASK_ID='branch.op' AIRFLOW_CTX_EXECUTION_DATE='2024-07-25T02:10:00+00:00' AIRFLOW_CTX_TRY_NUMBER='2' AIRFLOW_CTX_DAG_RUN_ID='scheduled__2024-07-25T02:10:00+00:00'
[2024-07-31T19:23:18.860+0900] {taskinstance.py:430} INFO - ::endgroup::
[2024-07-31T19:23:18.868+0900] {baseoperator.py:400} WARNING - BranchPythonOperator.execute cannot be called outside TaskInstance!
[2024-07-31T19:23:18.868+0900] {python.py:237} INFO - Done. Returned value was: ('get.data', 'echo.task')
[2024-07-31T19:23:18.868+0900] {branch.py:36} INFO - Branch into ('get.data', 'echo.task')
[2024-07-31T19:23:18.868+0900] {skipmixin.py:178} INFO - Following branch ('get.data', 'echo.task')
[2024-07-31T19:23:18.871+0900] {skipmixin.py:246} INFO - Skipping tasks [('rm.dir', -1)]
[2024-07-31T19:23:18.875+0900] {taskinstance.py:441} INFO - ::group::Post task execution logs
[2024-07-31T19:23:18.878+0900] {taskinstance.py:1206} INFO - Marking task as SUCCESS. dag_id=movie, task_id=branch.op, run_id=scheduled__2024-07-25T02:10:00+00:00, execution_date=20240725T021000, start_date=20240731T102318, end_date=20240731T102318
[2024-07-31T19:23:18.883+0900] {local_task_job_runner.py:243} INFO - Task exited with return code 0
[2024-07-31T19:23:18.894+0900] {taskinstance.py:3503} INFO - 1 downstream tasks scheduled from follow-on schedule check
[2024-07-31T19:23:18.895+0900] {local_task_job_runner.py:222} INFO - ::endgroup::
