[2024-07-24T14:16:15.887+0900] {local_task_job_runner.py:120} INFO - ::group::Pre task execution logs
[2024-07-24T14:16:15.895+0900] {taskinstance.py:2076} INFO - Dependencies all met for dep_context=non-requeueable deps ti=<TaskInstance: simple_bash.cut.log scheduled__2024-07-15T00:00:00+00:00 [queued]>
[2024-07-24T14:16:15.897+0900] {taskinstance.py:2076} INFO - Dependencies all met for dep_context=requeueable deps ti=<TaskInstance: simple_bash.cut.log scheduled__2024-07-15T00:00:00+00:00 [queued]>
[2024-07-24T14:16:15.897+0900] {taskinstance.py:2306} INFO - Starting attempt 3 of 3
[2024-07-24T14:16:15.901+0900] {taskinstance.py:2330} INFO - Executing <Task(BashOperator): cut.log> on 2024-07-15 00:00:00+00:00
[2024-07-24T14:16:15.904+0900] {standard_task_runner.py:64} INFO - Started process 90526 to run task
[2024-07-24T14:16:15.906+0900] {standard_task_runner.py:90} INFO - Running: ['airflow', 'tasks', 'run', 'simple_bash', 'cut.log', 'scheduled__2024-07-15T00:00:00+00:00', '--job-id', '99', '--raw', '--subdir', 'DAGS_FOLDER/simple_bash.py', '--cfg-path', '/var/folders/qv/0knwm5h50ml0skpppwpbks_r0000gp/T/tmpuhcqjl_2']
[2024-07-24T14:16:15.908+0900] {standard_task_runner.py:91} INFO - Job 99: Subtask cut.log
[2024-07-24T14:16:15.922+0900] {task_command.py:426} INFO - Running <TaskInstance: simple_bash.cut.log scheduled__2024-07-15T00:00:00+00:00 [running]> on host jeongui-MacBookPro.local
[2024-07-24T14:16:15.943+0900] {taskinstance.py:2648} INFO - Exporting env vars: AIRFLOW_CTX_DAG_OWNER='airflow' AIRFLOW_CTX_DAG_ID='simple_bash' AIRFLOW_CTX_TASK_ID='cut.log' AIRFLOW_CTX_EXECUTION_DATE='2024-07-15T00:00:00+00:00' AIRFLOW_CTX_TRY_NUMBER='3' AIRFLOW_CTX_DAG_RUN_ID='scheduled__2024-07-15T00:00:00+00:00'
[2024-07-24T14:16:15.943+0900] {taskinstance.py:430} INFO - ::endgroup::
[2024-07-24T14:16:15.949+0900] {subprocess.py:63} INFO - Tmp dir root location: /var/folders/qv/0knwm5h50ml0skpppwpbks_r0000gp/T
[2024-07-24T14:16:15.950+0900] {subprocess.py:75} INFO - Running command: ['/bin/bash', '-c', '\n            echo "cut"\n\t\t\tmkdir -p ~/data/cut/20240715\n\t\t\tcat ~/data/20240715/*.log | cut -d\' \' -f1 > ~/data/cut/20240715/cut.log\n        ']
[2024-07-24T14:16:15.953+0900] {subprocess.py:86} INFO - Output:
[2024-07-24T14:16:15.954+0900] {subprocess.py:93} INFO - cut
[2024-07-24T14:16:15.957+0900] {subprocess.py:93} INFO - cut: stdin: Illegal byte sequence
[2024-07-24T14:16:15.957+0900] {subprocess.py:97} INFO - Command exited with return code 1
[2024-07-24T14:16:15.958+0900] {taskinstance.py:441} INFO - ::group::Post task execution logs
[2024-07-24T14:16:15.961+0900] {taskinstance.py:2905} ERROR - Task failed with exception
Traceback (most recent call last):
  File "/Users/DE32/.pyenv/versions/3.11.9/envs/note/lib/python3.11/site-packages/airflow/models/taskinstance.py", line 465, in _execute_task
    result = _execute_callable(context=context, **execute_callable_kwargs)
             ^^^^^^^^^^^^^^^^^^^^^^^^^^^^^^^^^^^^^^^^^^^^^^^^^^^^^^^^^^^^^
  File "/Users/DE32/.pyenv/versions/3.11.9/envs/note/lib/python3.11/site-packages/airflow/models/taskinstance.py", line 432, in _execute_callable
    return execute_callable(context=context, **execute_callable_kwargs)
           ^^^^^^^^^^^^^^^^^^^^^^^^^^^^^^^^^^^^^^^^^^^^^^^^^^^^^^^^^^^^
  File "/Users/DE32/.pyenv/versions/3.11.9/envs/note/lib/python3.11/site-packages/airflow/models/baseoperator.py", line 401, in wrapper
    return func(self, *args, **kwargs)
           ^^^^^^^^^^^^^^^^^^^^^^^^^^^
  File "/Users/DE32/.pyenv/versions/3.11.9/envs/note/lib/python3.11/site-packages/airflow/operators/bash.py", line 243, in execute
    raise AirflowException(
airflow.exceptions.AirflowException: Bash command failed. The command returned a non-zero exit code 1.
[2024-07-24T14:16:15.963+0900] {taskinstance.py:1206} INFO - Marking task as FAILED. dag_id=simple_bash, task_id=cut.log, run_id=scheduled__2024-07-15T00:00:00+00:00, execution_date=20240715T000000, start_date=20240724T051615, end_date=20240724T051615
[2024-07-24T14:16:15.968+0900] {standard_task_runner.py:110} ERROR - Failed to execute job 99 for task cut.log (Bash command failed. The command returned a non-zero exit code 1.; 90526)
[2024-07-24T14:16:16.007+0900] {local_task_job_runner.py:243} INFO - Task exited with return code 1
[2024-07-24T14:16:16.016+0900] {taskinstance.py:3503} INFO - 0 downstream tasks scheduled from follow-on schedule check
[2024-07-24T14:16:16.017+0900] {local_task_job_runner.py:222} INFO - ::endgroup::
