[2024-07-24T14:08:14.529+0900] {local_task_job_runner.py:120} INFO - ::group::Pre task execution logs
[2024-07-24T14:08:14.536+0900] {taskinstance.py:2076} INFO - Dependencies all met for dep_context=non-requeueable deps ti=<TaskInstance: simple_bash.cut.log scheduled__2024-07-15T00:00:00+00:00 [queued]>
[2024-07-24T14:08:14.539+0900] {taskinstance.py:2076} INFO - Dependencies all met for dep_context=requeueable deps ti=<TaskInstance: simple_bash.cut.log scheduled__2024-07-15T00:00:00+00:00 [queued]>
[2024-07-24T14:08:14.539+0900] {taskinstance.py:2306} INFO - Starting attempt 1 of 2
[2024-07-24T14:08:14.543+0900] {taskinstance.py:2330} INFO - Executing <Task(BashOperator): cut.log> on 2024-07-15 00:00:00+00:00
[2024-07-24T14:08:14.546+0900] {standard_task_runner.py:64} INFO - Started process 89572 to run task
[2024-07-24T14:08:14.548+0900] {standard_task_runner.py:90} INFO - Running: ['airflow', 'tasks', 'run', 'simple_bash', 'cut.log', 'scheduled__2024-07-15T00:00:00+00:00', '--job-id', '22', '--raw', '--subdir', 'DAGS_FOLDER/simple_bash.py', '--cfg-path', '/var/folders/qv/0knwm5h50ml0skpppwpbks_r0000gp/T/tmpk5luv5we']
[2024-07-24T14:08:14.549+0900] {standard_task_runner.py:91} INFO - Job 22: Subtask cut.log
[2024-07-24T14:08:14.564+0900] {task_command.py:426} INFO - Running <TaskInstance: simple_bash.cut.log scheduled__2024-07-15T00:00:00+00:00 [running]> on host jeongui-MacBookPro.local
[2024-07-24T14:08:14.584+0900] {taskinstance.py:2648} INFO - Exporting env vars: AIRFLOW_CTX_DAG_OWNER='airflow' AIRFLOW_CTX_DAG_ID='simple_bash' AIRFLOW_CTX_TASK_ID='cut.log' AIRFLOW_CTX_EXECUTION_DATE='2024-07-15T00:00:00+00:00' AIRFLOW_CTX_TRY_NUMBER='1' AIRFLOW_CTX_DAG_RUN_ID='scheduled__2024-07-15T00:00:00+00:00'
[2024-07-24T14:08:14.585+0900] {taskinstance.py:430} INFO - ::endgroup::
[2024-07-24T14:08:14.591+0900] {subprocess.py:63} INFO - Tmp dir root location: /var/folders/qv/0knwm5h50ml0skpppwpbks_r0000gp/T
[2024-07-24T14:08:14.591+0900] {subprocess.py:75} INFO - Running command: ['/bin/bash', '-c', '\n            echo "cut"\n\t\t\tmkdir -p ~/data/cut/20240715\n\t\t\tcat ~/data/20240715/*.log | cut -d\' \' -f1 | sort | uniq -c | sort >> ~/data/cut/20240715/cut.log\n        ']
[2024-07-24T14:08:14.594+0900] {subprocess.py:86} INFO - Output:
[2024-07-24T14:08:14.595+0900] {subprocess.py:93} INFO - cut
[2024-07-24T14:08:14.599+0900] {subprocess.py:93} INFO - cut: stdin: Illegal byte sequence
[2024-07-24T14:08:14.599+0900] {subprocess.py:97} INFO - Command exited with return code 0
[2024-07-24T14:08:14.600+0900] {taskinstance.py:441} INFO - ::group::Post task execution logs
[2024-07-24T14:08:14.606+0900] {taskinstance.py:1206} INFO - Marking task as SUCCESS. dag_id=simple_bash, task_id=cut.log, run_id=scheduled__2024-07-15T00:00:00+00:00, execution_date=20240715T000000, start_date=20240724T050814, end_date=20240724T050814
[2024-07-24T14:08:14.653+0900] {local_task_job_runner.py:243} INFO - Task exited with return code 0
[2024-07-24T14:08:14.663+0900] {taskinstance.py:3503} INFO - 1 downstream tasks scheduled from follow-on schedule check
[2024-07-24T14:08:14.664+0900] {local_task_job_runner.py:222} INFO - ::endgroup::
[2024-07-24T14:20:26.443+0900] {local_task_job_runner.py:120} INFO - ::group::Pre task execution logs
[2024-07-24T14:20:26.450+0900] {taskinstance.py:2076} INFO - Dependencies all met for dep_context=non-requeueable deps ti=<TaskInstance: simple_bash.cut.log scheduled__2024-07-15T00:00:00+00:00 [queued]>
[2024-07-24T14:20:26.452+0900] {taskinstance.py:2076} INFO - Dependencies all met for dep_context=requeueable deps ti=<TaskInstance: simple_bash.cut.log scheduled__2024-07-15T00:00:00+00:00 [queued]>
[2024-07-24T14:20:26.452+0900] {taskinstance.py:2306} INFO - Starting attempt 1 of 1
[2024-07-24T14:20:26.456+0900] {taskinstance.py:2330} INFO - Executing <Task(BashOperator): cut.log> on 2024-07-15 00:00:00+00:00
[2024-07-24T14:20:26.459+0900] {standard_task_runner.py:64} INFO - Started process 90888 to run task
[2024-07-24T14:20:26.461+0900] {standard_task_runner.py:90} INFO - Running: ['airflow', 'tasks', 'run', 'simple_bash', 'cut.log', 'scheduled__2024-07-15T00:00:00+00:00', '--job-id', '118', '--raw', '--subdir', 'DAGS_FOLDER/simple_bash.py', '--cfg-path', '/var/folders/qv/0knwm5h50ml0skpppwpbks_r0000gp/T/tmphuytx35a']
[2024-07-24T14:20:26.462+0900] {standard_task_runner.py:91} INFO - Job 118: Subtask cut.log
[2024-07-24T14:20:26.477+0900] {task_command.py:426} INFO - Running <TaskInstance: simple_bash.cut.log scheduled__2024-07-15T00:00:00+00:00 [running]> on host jeongui-MacBookPro.local
[2024-07-24T14:20:26.498+0900] {taskinstance.py:2648} INFO - Exporting env vars: AIRFLOW_CTX_DAG_OWNER='airflow' AIRFLOW_CTX_DAG_ID='simple_bash' AIRFLOW_CTX_TASK_ID='cut.log' AIRFLOW_CTX_EXECUTION_DATE='2024-07-15T00:00:00+00:00' AIRFLOW_CTX_TRY_NUMBER='1' AIRFLOW_CTX_DAG_RUN_ID='scheduled__2024-07-15T00:00:00+00:00'
[2024-07-24T14:20:26.498+0900] {taskinstance.py:430} INFO - ::endgroup::
[2024-07-24T14:20:26.504+0900] {subprocess.py:63} INFO - Tmp dir root location: /var/folders/qv/0knwm5h50ml0skpppwpbks_r0000gp/T
[2024-07-24T14:20:26.504+0900] {subprocess.py:75} INFO - Running command: ['/bin/bash', '-c', '\n            echo "cut"\n\t\t\tLANG=C\n\t\t\tmkdir -p ~/data/cut/20240715\n\t\t\tcat ~/data/20240715/*.log | cut -d\' \' -f1 > ~/data/cut/20240715/cut.log\n        ']
[2024-07-24T14:20:26.507+0900] {subprocess.py:86} INFO - Output:
[2024-07-24T14:20:26.509+0900] {subprocess.py:93} INFO - cut
[2024-07-24T14:20:26.514+0900] {subprocess.py:97} INFO - Command exited with return code 0
[2024-07-24T14:20:26.514+0900] {taskinstance.py:441} INFO - ::group::Post task execution logs
[2024-07-24T14:20:26.520+0900] {taskinstance.py:1206} INFO - Marking task as SUCCESS. dag_id=simple_bash, task_id=cut.log, run_id=scheduled__2024-07-15T00:00:00+00:00, execution_date=20240715T000000, start_date=20240724T052026, end_date=20240724T052026
[2024-07-24T14:20:26.564+0900] {local_task_job_runner.py:243} INFO - Task exited with return code 0
[2024-07-24T14:20:26.573+0900] {taskinstance.py:3503} INFO - 1 downstream tasks scheduled from follow-on schedule check
[2024-07-24T14:20:26.574+0900] {local_task_job_runner.py:222} INFO - ::endgroup::
