[2024-07-31T19:51:23.319+0900] {local_task_job_runner.py:120} INFO - ::group::Pre task execution logs
[2024-07-31T19:51:23.330+0900] {taskinstance.py:2076} INFO - Dependencies all met for dep_context=non-requeueable deps ti=<TaskInstance: movie.multi.n scheduled__2024-07-28T02:10:00+00:00 [queued]>
[2024-07-31T19:51:23.333+0900] {taskinstance.py:2076} INFO - Dependencies all met for dep_context=requeueable deps ti=<TaskInstance: movie.multi.n scheduled__2024-07-28T02:10:00+00:00 [queued]>
[2024-07-31T19:51:23.333+0900] {taskinstance.py:2306} INFO - Starting attempt 4 of 5
[2024-07-31T19:51:23.339+0900] {taskinstance.py:2330} INFO - Executing <Task(PythonVirtualenvOperator): multi.n> on 2024-07-28 02:10:00+00:00
[2024-07-31T19:51:23.342+0900] {standard_task_runner.py:64} INFO - Started process 33293 to run task
[2024-07-31T19:51:23.344+0900] {standard_task_runner.py:90} INFO - Running: ['airflow', 'tasks', 'run', 'movie', 'multi.n', 'scheduled__2024-07-28T02:10:00+00:00', '--job-id', '979', '--raw', '--subdir', 'DAGS_FOLDER/movie.py', '--cfg-path', '/var/folders/qv/0knwm5h50ml0skpppwpbks_r0000gp/T/tmpe7hegqrr']
[2024-07-31T19:51:23.346+0900] {standard_task_runner.py:91} INFO - Job 979: Subtask multi.n
[2024-07-31T19:51:23.360+0900] {task_command.py:426} INFO - Running <TaskInstance: movie.multi.n scheduled__2024-07-28T02:10:00+00:00 [running]> on host jeongui-MacBookPro.local
[2024-07-31T19:51:23.382+0900] {taskinstance.py:2648} INFO - Exporting env vars: AIRFLOW_CTX_DAG_OWNER='airflow' AIRFLOW_CTX_DAG_ID='movie' AIRFLOW_CTX_TASK_ID='multi.n' AIRFLOW_CTX_EXECUTION_DATE='2024-07-28T02:10:00+00:00' AIRFLOW_CTX_TRY_NUMBER='4' AIRFLOW_CTX_DAG_RUN_ID='scheduled__2024-07-28T02:10:00+00:00'
[2024-07-31T19:51:23.382+0900] {taskinstance.py:430} INFO - ::endgroup::
[2024-07-31T19:51:23.387+0900] {baseoperator.py:400} WARNING - PythonVirtualenvOperator.execute cannot be called outside TaskInstance!
[2024-07-31T19:51:23.388+0900] {process_utils.py:183} INFO - Executing cmd: /Users/DE32/.pyenv/versions/3.11.9/envs/note/bin/python -m virtualenv /var/folders/qv/0knwm5h50ml0skpppwpbks_r0000gp/T/venvsrpuph6i --python=python
[2024-07-31T19:51:23.390+0900] {process_utils.py:187} INFO - Output:
[2024-07-31T19:51:23.562+0900] {process_utils.py:191} INFO - created virtual environment CPython3.11.9.final.0-64 in 114ms
[2024-07-31T19:51:23.563+0900] {process_utils.py:191} INFO -   creator CPython3Posix(dest=/private/var/folders/qv/0knwm5h50ml0skpppwpbks_r0000gp/T/venvsrpuph6i, clear=False, no_vcs_ignore=False, global=False)
[2024-07-31T19:51:23.563+0900] {process_utils.py:191} INFO -   seeder FromAppData(download=False, pip=bundle, setuptools=bundle, wheel=bundle, via=copy, app_data_dir=/Users/DE32/Library/Application Support/virtualenv)
[2024-07-31T19:51:23.563+0900] {process_utils.py:191} INFO -     added seed packages: pip==24.1.2, setuptools==70.2.0, wheel==0.43.0
[2024-07-31T19:51:23.563+0900] {process_utils.py:191} INFO -   activators BashActivator,CShellActivator,FishActivator,NushellActivator,PowerShellActivator,PythonActivator
[2024-07-31T19:51:23.574+0900] {process_utils.py:183} INFO - Executing cmd: /var/folders/qv/0knwm5h50ml0skpppwpbks_r0000gp/T/venvsrpuph6i/bin/pip install -r /var/folders/qv/0knwm5h50ml0skpppwpbks_r0000gp/T/venvsrpuph6i/requirements.txt
[2024-07-31T19:51:23.576+0900] {process_utils.py:187} INFO - Output:
[2024-07-31T19:51:24.308+0900] {process_utils.py:191} INFO - Collecting git+https://github.com/Jeonghoon2/movie.git@0.2/api (from -r /var/folders/qv/0knwm5h50ml0skpppwpbks_r0000gp/T/venvsrpuph6i/requirements.txt (line 1))
[2024-07-31T19:51:24.308+0900] {process_utils.py:191} INFO -   Cloning https://github.com/Jeonghoon2/movie.git (to revision 0.2/api) to /private/var/folders/qv/0knwm5h50ml0skpppwpbks_r0000gp/T/pip-req-build-cv161t6n
[2024-07-31T19:51:24.320+0900] {process_utils.py:191} INFO -   Running command git clone --filter=blob:none --quiet https://github.com/Jeonghoon2/movie.git /private/var/folders/qv/0knwm5h50ml0skpppwpbks_r0000gp/T/pip-req-build-cv161t6n
[2024-07-31T19:51:25.913+0900] {process_utils.py:191} INFO -   Running command git checkout -b 0.2/api --track origin/0.2/api
[2024-07-31T19:51:26.612+0900] {process_utils.py:191} INFO -   Switched to a new branch '0.2/api'
[2024-07-31T19:51:26.612+0900] {process_utils.py:191} INFO -   branch '0.2/api' set up to track 'origin/0.2/api'.
[2024-07-31T19:51:26.613+0900] {process_utils.py:191} INFO -   Resolved https://github.com/Jeonghoon2/movie.git to commit c2fdd392ce95b386519b05b3bab786608cdb1c58
[2024-07-31T19:51:26.635+0900] {process_utils.py:191} INFO -   Installing build dependencies: started
[2024-07-31T19:51:27.519+0900] {process_utils.py:191} INFO -   Installing build dependencies: finished with status 'done'
[2024-07-31T19:51:27.520+0900] {process_utils.py:191} INFO -   Getting requirements to build wheel: started
[2024-07-31T19:51:27.641+0900] {process_utils.py:191} INFO -   Getting requirements to build wheel: finished with status 'done'
[2024-07-31T19:51:27.642+0900] {process_utils.py:191} INFO -   Preparing metadata (pyproject.toml): started
[2024-07-31T19:51:27.766+0900] {process_utils.py:191} INFO -   Preparing metadata (pyproject.toml): finished with status 'done'
[2024-07-31T19:51:27.827+0900] {process_utils.py:191} INFO - Collecting requests>=2.32.3 (from mov==0.1.0->-r /var/folders/qv/0knwm5h50ml0skpppwpbks_r0000gp/T/venvsrpuph6i/requirements.txt (line 1))
[2024-07-31T19:51:27.828+0900] {process_utils.py:191} INFO -   Using cached requests-2.32.3-py3-none-any.whl.metadata (4.6 kB)
[2024-07-31T19:51:27.932+0900] {process_utils.py:191} INFO - Collecting pandas>=2.2.2 (from mov==0.1.0->-r /var/folders/qv/0knwm5h50ml0skpppwpbks_r0000gp/T/venvsrpuph6i/requirements.txt (line 1))
[2024-07-31T19:51:27.933+0900] {process_utils.py:191} INFO -   Using cached pandas-2.2.2-cp311-cp311-macosx_11_0_arm64.whl.metadata (19 kB)
[2024-07-31T19:51:28.030+0900] {process_utils.py:191} INFO - Collecting numpy>=2.0.1 (from mov==0.1.0->-r /var/folders/qv/0knwm5h50ml0skpppwpbks_r0000gp/T/venvsrpuph6i/requirements.txt (line 1))
[2024-07-31T19:51:28.031+0900] {process_utils.py:191} INFO -   Using cached numpy-2.0.1-cp311-cp311-macosx_14_0_arm64.whl.metadata (60 kB)
[2024-07-31T19:51:28.078+0900] {process_utils.py:191} INFO - Collecting pyarrow>=17.0.0 (from mov==0.1.0->-r /var/folders/qv/0knwm5h50ml0skpppwpbks_r0000gp/T/venvsrpuph6i/requirements.txt (line 1))
[2024-07-31T19:51:28.078+0900] {process_utils.py:191} INFO -   Using cached pyarrow-17.0.0-cp311-cp311-macosx_11_0_arm64.whl.metadata (3.3 kB)
[2024-07-31T19:51:28.098+0900] {process_utils.py:191} INFO - Collecting python-dateutil>=2.8.2 (from pandas>=2.2.2->mov==0.1.0->-r /var/folders/qv/0knwm5h50ml0skpppwpbks_r0000gp/T/venvsrpuph6i/requirements.txt (line 1))
[2024-07-31T19:51:28.099+0900] {process_utils.py:191} INFO -   Using cached python_dateutil-2.9.0.post0-py2.py3-none-any.whl.metadata (8.4 kB)
[2024-07-31T19:51:28.127+0900] {process_utils.py:191} INFO - Collecting pytz>=2020.1 (from pandas>=2.2.2->mov==0.1.0->-r /var/folders/qv/0knwm5h50ml0skpppwpbks_r0000gp/T/venvsrpuph6i/requirements.txt (line 1))
[2024-07-31T19:51:28.128+0900] {process_utils.py:191} INFO -   Using cached pytz-2024.1-py2.py3-none-any.whl.metadata (22 kB)
[2024-07-31T19:51:28.141+0900] {process_utils.py:191} INFO - Collecting tzdata>=2022.7 (from pandas>=2.2.2->mov==0.1.0->-r /var/folders/qv/0knwm5h50ml0skpppwpbks_r0000gp/T/venvsrpuph6i/requirements.txt (line 1))
[2024-07-31T19:51:28.142+0900] {process_utils.py:191} INFO -   Using cached tzdata-2024.1-py2.py3-none-any.whl.metadata (1.4 kB)
[2024-07-31T19:51:28.184+0900] {process_utils.py:191} INFO - Collecting charset-normalizer<4,>=2 (from requests>=2.32.3->mov==0.1.0->-r /var/folders/qv/0knwm5h50ml0skpppwpbks_r0000gp/T/venvsrpuph6i/requirements.txt (line 1))
[2024-07-31T19:51:28.185+0900] {process_utils.py:191} INFO -   Using cached charset_normalizer-3.3.2-cp311-cp311-macosx_11_0_arm64.whl.metadata (33 kB)
[2024-07-31T19:51:28.198+0900] {process_utils.py:191} INFO - Collecting idna<4,>=2.5 (from requests>=2.32.3->mov==0.1.0->-r /var/folders/qv/0knwm5h50ml0skpppwpbks_r0000gp/T/venvsrpuph6i/requirements.txt (line 1))
[2024-07-31T19:51:28.198+0900] {process_utils.py:191} INFO -   Using cached idna-3.7-py3-none-any.whl.metadata (9.9 kB)
[2024-07-31T19:51:28.225+0900] {process_utils.py:191} INFO - Collecting urllib3<3,>=1.21.1 (from requests>=2.32.3->mov==0.1.0->-r /var/folders/qv/0knwm5h50ml0skpppwpbks_r0000gp/T/venvsrpuph6i/requirements.txt (line 1))
[2024-07-31T19:51:28.226+0900] {process_utils.py:191} INFO -   Using cached urllib3-2.2.2-py3-none-any.whl.metadata (6.4 kB)
[2024-07-31T19:51:28.241+0900] {process_utils.py:191} INFO - Collecting certifi>=2017.4.17 (from requests>=2.32.3->mov==0.1.0->-r /var/folders/qv/0knwm5h50ml0skpppwpbks_r0000gp/T/venvsrpuph6i/requirements.txt (line 1))
[2024-07-31T19:51:28.242+0900] {process_utils.py:191} INFO -   Using cached certifi-2024.7.4-py3-none-any.whl.metadata (2.2 kB)
[2024-07-31T19:51:28.266+0900] {process_utils.py:191} INFO - Collecting six>=1.5 (from python-dateutil>=2.8.2->pandas>=2.2.2->mov==0.1.0->-r /var/folders/qv/0knwm5h50ml0skpppwpbks_r0000gp/T/venvsrpuph6i/requirements.txt (line 1))
[2024-07-31T19:51:28.267+0900] {process_utils.py:191} INFO -   Using cached six-1.16.0-py2.py3-none-any.whl.metadata (1.8 kB)
[2024-07-31T19:51:28.270+0900] {process_utils.py:191} INFO - Using cached numpy-2.0.1-cp311-cp311-macosx_14_0_arm64.whl (5.3 MB)
[2024-07-31T19:51:28.276+0900] {process_utils.py:191} INFO - Using cached pandas-2.2.2-cp311-cp311-macosx_11_0_arm64.whl (11.3 MB)
[2024-07-31T19:51:28.287+0900] {process_utils.py:191} INFO - Using cached pyarrow-17.0.0-cp311-cp311-macosx_11_0_arm64.whl (27.2 MB)
[2024-07-31T19:51:28.313+0900] {process_utils.py:191} INFO - Using cached requests-2.32.3-py3-none-any.whl (64 kB)
[2024-07-31T19:51:28.314+0900] {process_utils.py:191} INFO - Using cached certifi-2024.7.4-py3-none-any.whl (162 kB)
[2024-07-31T19:51:28.315+0900] {process_utils.py:191} INFO - Using cached charset_normalizer-3.3.2-cp311-cp311-macosx_11_0_arm64.whl (118 kB)
[2024-07-31T19:51:28.316+0900] {process_utils.py:191} INFO - Using cached idna-3.7-py3-none-any.whl (66 kB)
[2024-07-31T19:51:28.317+0900] {process_utils.py:191} INFO - Using cached python_dateutil-2.9.0.post0-py2.py3-none-any.whl (229 kB)
[2024-07-31T19:51:28.318+0900] {process_utils.py:191} INFO - Using cached pytz-2024.1-py2.py3-none-any.whl (505 kB)
[2024-07-31T19:51:28.319+0900] {process_utils.py:191} INFO - Using cached tzdata-2024.1-py2.py3-none-any.whl (345 kB)
[2024-07-31T19:51:28.320+0900] {process_utils.py:191} INFO - Using cached urllib3-2.2.2-py3-none-any.whl (121 kB)
[2024-07-31T19:51:28.321+0900] {process_utils.py:191} INFO - Using cached six-1.16.0-py2.py3-none-any.whl (11 kB)
[2024-07-31T19:51:28.364+0900] {process_utils.py:191} INFO - Building wheels for collected packages: mov
[2024-07-31T19:51:28.377+0900] {process_utils.py:191} INFO -   Building wheel for mov (pyproject.toml): started
[2024-07-31T19:51:28.511+0900] {process_utils.py:191} INFO -   Building wheel for mov (pyproject.toml): finished with status 'done'
[2024-07-31T19:51:28.512+0900] {process_utils.py:191} INFO -   Created wheel for mov: filename=mov-0.1.0-py3-none-any.whl size=3056 sha256=7863de44a16c7992af19fd685913094a85129bd7d260d6ed105af6f0eafaede4
[2024-07-31T19:51:28.512+0900] {process_utils.py:191} INFO -   Stored in directory: /private/var/folders/qv/0knwm5h50ml0skpppwpbks_r0000gp/T/pip-ephem-wheel-cache-xsvagada/wheels/cf/ab/a7/d0c528d20fa8a5f19e169bdf1d98f2b2cefe79d8527bb89200
[2024-07-31T19:51:28.513+0900] {process_utils.py:191} INFO - Successfully built mov
[2024-07-31T19:51:28.541+0900] {process_utils.py:191} INFO - Installing collected packages: pytz, urllib3, tzdata, six, numpy, idna, charset-normalizer, certifi, requests, python-dateutil, pyarrow, pandas, mov
[2024-07-31T19:51:33.054+0900] {process_utils.py:191} INFO - Successfully installed certifi-2024.7.4 charset-normalizer-3.3.2 idna-3.7 mov-0.1.0 numpy-2.0.1 pandas-2.2.2 pyarrow-17.0.0 python-dateutil-2.9.0.post0 pytz-2024.1 requests-2.32.3 six-1.16.0 tzdata-2024.1 urllib3-2.2.2
[2024-07-31T19:51:33.057+0900] {process_utils.py:191} INFO - 
[2024-07-31T19:51:33.057+0900] {process_utils.py:191} INFO - [notice] A new release of pip is available: 24.1.2 -> 24.2
[2024-07-31T19:51:33.057+0900] {process_utils.py:191} INFO - [notice] To update, run: python -m pip install --upgrade pip
[2024-07-31T19:51:33.204+0900] {logging_mixin.py:188} WARNING - /Users/DE32/.pyenv/versions/3.11.9/envs/note/lib/python3.11/site-packages/airflow/utils/context.py:212 AirflowContextDeprecationWarning: Accessing 'next_ds' from the template is deprecated and will be removed in a future version. Please use '{{ data_interval_end | ds }}' instead.
[2024-07-31T19:51:33.205+0900] {logging_mixin.py:188} WARNING - /Users/DE32/.pyenv/versions/3.11.9/envs/note/lib/python3.11/site-packages/airflow/utils/context.py:212 AirflowContextDeprecationWarning: Accessing 'next_ds_nodash' from the template is deprecated and will be removed in a future version. Please use '{{ data_interval_end | ds_nodash }}' instead.
[2024-07-31T19:51:33.205+0900] {logging_mixin.py:188} WARNING - /Users/DE32/.pyenv/versions/3.11.9/envs/note/lib/python3.11/site-packages/airflow/utils/context.py:212 AirflowContextDeprecationWarning: Accessing 'prev_ds' from the template is deprecated and will be removed in a future version.
[2024-07-31T19:51:33.206+0900] {logging_mixin.py:188} WARNING - /Users/DE32/.pyenv/versions/3.11.9/envs/note/lib/python3.11/site-packages/airflow/utils/context.py:212 AirflowContextDeprecationWarning: Accessing 'prev_ds_nodash' from the template is deprecated and will be removed in a future version.
[2024-07-31T19:51:33.206+0900] {logging_mixin.py:188} WARNING - /Users/DE32/.pyenv/versions/3.11.9/envs/note/lib/python3.11/site-packages/airflow/utils/context.py:212 AirflowContextDeprecationWarning: Accessing 'tomorrow_ds' from the template is deprecated and will be removed in a future version.
[2024-07-31T19:51:33.207+0900] {logging_mixin.py:188} WARNING - /Users/DE32/.pyenv/versions/3.11.9/envs/note/lib/python3.11/site-packages/airflow/utils/context.py:212 AirflowContextDeprecationWarning: Accessing 'tomorrow_ds_nodash' from the template is deprecated and will be removed in a future version.
[2024-07-31T19:51:33.207+0900] {logging_mixin.py:188} WARNING - /Users/DE32/.pyenv/versions/3.11.9/envs/note/lib/python3.11/site-packages/airflow/utils/context.py:212 AirflowContextDeprecationWarning: Accessing 'yesterday_ds' from the template is deprecated and will be removed in a future version.
[2024-07-31T19:51:33.207+0900] {logging_mixin.py:188} WARNING - /Users/DE32/.pyenv/versions/3.11.9/envs/note/lib/python3.11/site-packages/airflow/utils/context.py:212 AirflowContextDeprecationWarning: Accessing 'yesterday_ds_nodash' from the template is deprecated and will be removed in a future version.
[2024-07-31T19:51:33.210+0900] {process_utils.py:183} INFO - Executing cmd: /var/folders/qv/0knwm5h50ml0skpppwpbks_r0000gp/T/venvsrpuph6i/bin/python /var/folders/qv/0knwm5h50ml0skpppwpbks_r0000gp/T/venv-call9me6ailr/script.py /var/folders/qv/0knwm5h50ml0skpppwpbks_r0000gp/T/venv-call9me6ailr/script.in /var/folders/qv/0knwm5h50ml0skpppwpbks_r0000gp/T/venv-call9me6ailr/script.out /var/folders/qv/0knwm5h50ml0skpppwpbks_r0000gp/T/venv-call9me6ailr/string_args.txt /var/folders/qv/0knwm5h50ml0skpppwpbks_r0000gp/T/venv-call9me6ailr/termination.log
[2024-07-31T19:51:33.212+0900] {process_utils.py:187} INFO - Output:
[2024-07-31T19:51:47.066+0900] {process_utils.py:191} INFO - {'boxOfficeResult': {'boxofficeType': '일별 박스오피스', 'showRange': '20240728~20240728', 'dailyBoxOfficeList': [{'rnum': '1', 'rank': '1', 'rankInten': '0', 'rankOldAndNew': 'OLD', 'movieCd': '20247781', 'movieNm': '데드풀과 울버린', 'openDt': '2024-07-24', 'salesAmt': '2569022883', 'salesShare': '41.8', 'salesInten': '-698920584', 'salesChange': '-21.4', 'salesAcc': '11304620623', 'audiCnt': '246319', 'audiInten': '-65282', 'audiChange': '-21', 'audiAcc': '1086003', 'scrnCnt': '1919', 'showCnt': '8414'}, {'rnum': '2', 'rank': '2', 'rankInten': '0', 'rankOldAndNew': 'OLD', 'movieCd': '20247440', 'movieNm': '슈퍼배드 4', 'openDt': '2024-07-24', 'salesAmt': '1361684323', 'salesShare': '22.1', 'salesInten': '-3961519', 'salesChange': '-0.3', 'salesAcc': '5492435247', 'audiCnt': '145484', 'audiInten': '-387', 'audiChange': '-0.3', 'audiAcc': '588412', 'scrnCnt': '1178', 'showCnt': '4406'}, {'rnum': '3', 'rank': '3', 'rankInten': '0', 'rankOldAndNew': 'OLD', 'movieCd': '20212932', 'movieNm': '탈주', 'openDt': '2024-07-03', 'salesAmt': '794258228', 'salesShare': '12.9', 'salesInten': '-3188334', 'salesChange': '-0.4', 'salesAcc': '21651689315', 'audiCnt': '82451', 'audiInten': '-152', 'audiChange': '-0.2', 'audiAcc': '2282056', 'scrnCnt': '899', 'showCnt': '2339'}, {'rnum': '4', 'rank': '4', 'rankInten': '0', 'rankOldAndNew': 'OLD', 'movieCd': '20235974', 'movieNm': '인사이드 아웃 2', 'openDt': '2024-06-12', 'salesAmt': '564806082', 'salesShare': '9.2', 'salesInten': '20651916', 'salesChange': '3.8', 'salesAcc': '79738373801', 'audiCnt': '58197', 'audiInten': '2236', 'audiChange': '4', 'audiAcc': '8291893', 'scrnCnt': '777', 'showCnt': '1608'}, {'rnum': '5', 'rank': '5', 'rankInten': '0', 'rankOldAndNew': 'OLD', 'movieCd': '20240983', 'movieNm': '명탐정 코난: 100만 달러의 펜타그램', 'openDt': '2024-07-17', 'salesAmt': '260530502', 'salesShare': '4.2', 'salesInten': '-5113429', 'salesChange': '-1.9', 'salesAcc': '5479615323', 'audiCnt': '27182', 'audiInten': '-334', 'audiChange': '-1.2', 'audiAcc': '557265', 'scrnCnt': '575', 'showCnt': '1032'}, {'rnum': '6', 'rank': '6', 'rankInten': '0', 'rankOldAndNew': 'OLD', 'movieCd': '20208245', 'movieNm': '핸섬가이즈', 'openDt': '2024-06-26', 'salesAmt': '227791568', 'salesShare': '3.7', 'salesInten': '-22713058', 'salesChange': '-9.1', 'salesAcc': '16057938838', 'audiCnt': '23547', 'audiInten': '-2134', 'audiChange': '-8.3', 'audiAcc': '1717217', 'scrnCnt': '528', 'showCnt': '837'}, {'rnum': '7', 'rank': '7', 'rankInten': '1', 'rankOldAndNew': 'OLD', 'movieCd': '20208911', 'movieNm': '탈출: 프로젝트 사일런스', 'openDt': '2024-07-12', 'salesAmt': '79656105', 'salesShare': '1.3', 'salesInten': '-589658', 'salesChange': '-0.7', 'salesAcc': '6553823231', 'audiCnt': '8120', 'audiInten': '-78', 'audiChange': '-1', 'audiAcc': '672059', 'scrnCnt': '332', 'showCnt': '469'}, {'rnum': '8', 'rank': '8', 'rankInten': '-1', 'rankOldAndNew': 'OLD', 'movieCd': '20224666', 'movieNm': '파일럿', 'openDt': '2024-07-31', 'salesAmt': '79377067', 'salesShare': '1.3', 'salesInten': '-52225300', 'salesChange': '-39.7', 'salesAcc': '495233434', 'audiCnt': '6701', 'audiInten': '-5419', 'audiChange': '-44.7', 'audiAcc': '49126', 'scrnCnt': '18', 'showCnt': '26'}, {'rnum': '9', 'rank': '9', 'rankInten': '0', 'rankOldAndNew': 'OLD', 'movieCd': '20249733', 'movieNm': '사랑의 하츄핑', 'openDt': '2024-08-07', 'salesAmt': '40034300', 'salesShare': '0.7', 'salesInten': '-8775650', 'salesChange': '-18', 'salesAcc': '128831250', 'audiCnt': '3435', 'audiInten': '-626', 'audiChange': '-15.4', 'audiAcc': '11546', 'scrnCnt': '12', 'showCnt': '16'}, {'rnum': '10', 'rank': '10', 'rankInten': '0', 'rankOldAndNew': 'OLD', 'movieCd': '20240850', 'movieNm': '극장판 도라에몽: 진구의 지구 교향곡', 'openDt': '2024-07-10', 'salesAmt': '27153500', 'salesShare': '0.4', 'salesInten': '2851300', 'salesChange': '11.7', 'salesAcc': '625575900', 'audiCnt': '3111', 'audiInten': '223', 'audiChange': '7.7', 'audiAcc': '72380', 'scrnCnt': '129', 'showCnt': '169'}]}}
[2024-07-31T19:51:47.067+0900] {process_utils.py:191} INFO - partitioning List : ['load_dt', 'multiMovieYn']
[2024-07-31T19:51:47.068+0900] {process_utils.py:191} INFO -   rnum rank rankInten rankOldAndNew  ... scrnCnt showCnt   load_dt multiMovieYn
[2024-07-31T19:51:47.068+0900] {process_utils.py:191} INFO - 0    1    1         0           OLD  ...    1919    8414  20240728            N
[2024-07-31T19:51:47.068+0900] {process_utils.py:191} INFO - 1    2    2         0           OLD  ...    1178    4406  20240728            N
[2024-07-31T19:51:47.069+0900] {process_utils.py:191} INFO - 2    3    3         0           OLD  ...     899    2339  20240728            N
[2024-07-31T19:51:47.069+0900] {process_utils.py:191} INFO - 3    4    4         0           OLD  ...     777    1608  20240728            N
[2024-07-31T19:51:47.070+0900] {process_utils.py:191} INFO - 4    5    5         0           OLD  ...     575    1032  20240728            N
[2024-07-31T19:51:47.070+0900] {process_utils.py:191} INFO - 5    6    6         0           OLD  ...     528     837  20240728            N
[2024-07-31T19:51:47.070+0900] {process_utils.py:191} INFO - 6    7    7         1           OLD  ...     332     469  20240728            N
[2024-07-31T19:51:47.071+0900] {process_utils.py:191} INFO - 7    8    8        -1           OLD  ...      18      26  20240728            N
[2024-07-31T19:51:47.071+0900] {process_utils.py:191} INFO - 8    9    9         0           OLD  ...      12      16  20240728            N
[2024-07-31T19:51:47.071+0900] {process_utils.py:191} INFO - 9   10   10         0           OLD  ...     129     169  20240728            N
[2024-07-31T19:51:47.072+0900] {process_utils.py:191} INFO - 
[2024-07-31T19:51:47.072+0900] {process_utils.py:191} INFO - [10 rows x 20 columns]
[2024-07-31T19:51:47.512+0900] {python.py:237} INFO - Done. Returned value was: None
[2024-07-31T19:51:47.512+0900] {taskinstance.py:441} INFO - ::group::Post task execution logs
[2024-07-31T19:51:47.516+0900] {taskinstance.py:1206} INFO - Marking task as SUCCESS. dag_id=movie, task_id=multi.n, run_id=scheduled__2024-07-28T02:10:00+00:00, execution_date=20240728T021000, start_date=20240731T105123, end_date=20240731T105147
[2024-07-31T19:51:47.570+0900] {local_task_job_runner.py:243} INFO - Task exited with return code 0
[2024-07-31T19:51:47.579+0900] {taskinstance.py:3503} INFO - 0 downstream tasks scheduled from follow-on schedule check
[2024-07-31T19:51:47.579+0900] {local_task_job_runner.py:222} INFO - ::endgroup::
