[2024-07-31T19:25:50.558+0900] {local_task_job_runner.py:120} INFO - ::group::Pre task execution logs
[2024-07-31T19:25:50.570+0900] {taskinstance.py:2066} INFO - Dependencies not met for <TaskInstance: movie.multi.n scheduled__2024-07-25T02:10:00+00:00 [failed]>, dependency 'Task Instance State' FAILED: Task is in the 'failed' state.
[2024-07-31T19:25:50.573+0900] {taskinstance.py:2066} INFO - Dependencies not met for <TaskInstance: movie.multi.n scheduled__2024-07-25T02:10:00+00:00 [failed]>, dependency 'Trigger Rule' FAILED: Task's trigger rule 'all_success' requires all upstream tasks to have succeeded, but found 1 non-success(es). upstream_states=_UpstreamTIStates(success=0, skipped=0, failed=1, upstream_failed=0, removed=0, done=1, success_setup=0, skipped_setup=0), upstream_task_ids={'get.start'}
[2024-07-31T19:25:50.573+0900] {local_task_job_runner.py:163} INFO - Task is not able to be run
[2024-07-31T19:40:37.075+0900] {local_task_job_runner.py:120} INFO - ::group::Pre task execution logs
[2024-07-31T19:40:37.086+0900] {taskinstance.py:2076} INFO - Dependencies all met for dep_context=non-requeueable deps ti=<TaskInstance: movie.multi.n scheduled__2024-07-25T02:10:00+00:00 [queued]>
[2024-07-31T19:40:37.090+0900] {taskinstance.py:2076} INFO - Dependencies all met for dep_context=requeueable deps ti=<TaskInstance: movie.multi.n scheduled__2024-07-25T02:10:00+00:00 [queued]>
[2024-07-31T19:40:37.090+0900] {taskinstance.py:2306} INFO - Starting attempt 4 of 5
[2024-07-31T19:40:37.096+0900] {taskinstance.py:2330} INFO - Executing <Task(PythonVirtualenvOperator): multi.n> on 2024-07-25 02:10:00+00:00
[2024-07-31T19:40:37.099+0900] {standard_task_runner.py:64} INFO - Started process 32683 to run task
[2024-07-31T19:40:37.101+0900] {standard_task_runner.py:90} INFO - Running: ['airflow', 'tasks', 'run', 'movie', 'multi.n', 'scheduled__2024-07-25T02:10:00+00:00', '--job-id', '949', '--raw', '--subdir', 'DAGS_FOLDER/movie.py', '--cfg-path', '/var/folders/qv/0knwm5h50ml0skpppwpbks_r0000gp/T/tmp8e_c8io_']
[2024-07-31T19:40:37.103+0900] {standard_task_runner.py:91} INFO - Job 949: Subtask multi.n
[2024-07-31T19:40:37.118+0900] {task_command.py:426} INFO - Running <TaskInstance: movie.multi.n scheduled__2024-07-25T02:10:00+00:00 [running]> on host jeongui-MacBookPro.local
[2024-07-31T19:40:37.140+0900] {taskinstance.py:2648} INFO - Exporting env vars: AIRFLOW_CTX_DAG_OWNER='airflow' AIRFLOW_CTX_DAG_ID='movie' AIRFLOW_CTX_TASK_ID='multi.n' AIRFLOW_CTX_EXECUTION_DATE='2024-07-25T02:10:00+00:00' AIRFLOW_CTX_TRY_NUMBER='4' AIRFLOW_CTX_DAG_RUN_ID='scheduled__2024-07-25T02:10:00+00:00'
[2024-07-31T19:40:37.140+0900] {taskinstance.py:430} INFO - ::endgroup::
[2024-07-31T19:40:37.145+0900] {baseoperator.py:400} WARNING - PythonVirtualenvOperator.execute cannot be called outside TaskInstance!
[2024-07-31T19:40:37.146+0900] {process_utils.py:183} INFO - Executing cmd: /Users/DE32/.pyenv/versions/3.11.9/envs/note/bin/python -m virtualenv /var/folders/qv/0knwm5h50ml0skpppwpbks_r0000gp/T/venvzcitwu2d --python=python
[2024-07-31T19:40:37.148+0900] {process_utils.py:187} INFO - Output:
[2024-07-31T19:40:37.382+0900] {process_utils.py:191} INFO - created virtual environment CPython3.11.9.final.0-64 in 166ms
[2024-07-31T19:40:37.382+0900] {process_utils.py:191} INFO -   creator CPython3Posix(dest=/private/var/folders/qv/0knwm5h50ml0skpppwpbks_r0000gp/T/venvzcitwu2d, clear=False, no_vcs_ignore=False, global=False)
[2024-07-31T19:40:37.382+0900] {process_utils.py:191} INFO -   seeder FromAppData(download=False, pip=bundle, setuptools=bundle, wheel=bundle, via=copy, app_data_dir=/Users/DE32/Library/Application Support/virtualenv)
[2024-07-31T19:40:37.383+0900] {process_utils.py:191} INFO -     added seed packages: pip==24.1.2, setuptools==70.2.0, wheel==0.43.0
[2024-07-31T19:40:37.383+0900] {process_utils.py:191} INFO -   activators BashActivator,CShellActivator,FishActivator,NushellActivator,PowerShellActivator,PythonActivator
[2024-07-31T19:40:37.393+0900] {process_utils.py:183} INFO - Executing cmd: /var/folders/qv/0knwm5h50ml0skpppwpbks_r0000gp/T/venvzcitwu2d/bin/pip install -r /var/folders/qv/0knwm5h50ml0skpppwpbks_r0000gp/T/venvzcitwu2d/requirements.txt
[2024-07-31T19:40:37.395+0900] {process_utils.py:187} INFO - Output:
[2024-07-31T19:40:38.130+0900] {process_utils.py:191} INFO - Collecting git+https://github.com/Jeonghoon2/movie.git@0.2/api (from -r /var/folders/qv/0knwm5h50ml0skpppwpbks_r0000gp/T/venvzcitwu2d/requirements.txt (line 1))
[2024-07-31T19:40:38.131+0900] {process_utils.py:191} INFO -   Cloning https://github.com/Jeonghoon2/movie.git (to revision 0.2/api) to /private/var/folders/qv/0knwm5h50ml0skpppwpbks_r0000gp/T/pip-req-build-j9eb3foo
[2024-07-31T19:40:38.143+0900] {process_utils.py:191} INFO -   Running command git clone --filter=blob:none --quiet https://github.com/Jeonghoon2/movie.git /private/var/folders/qv/0knwm5h50ml0skpppwpbks_r0000gp/T/pip-req-build-j9eb3foo
[2024-07-31T19:40:39.555+0900] {process_utils.py:191} INFO -   Running command git checkout -b 0.2/api --track origin/0.2/api
[2024-07-31T19:40:40.174+0900] {process_utils.py:191} INFO -   Switched to a new branch '0.2/api'
[2024-07-31T19:40:40.175+0900] {process_utils.py:191} INFO -   branch '0.2/api' set up to track 'origin/0.2/api'.
[2024-07-31T19:40:40.175+0900] {process_utils.py:191} INFO -   Resolved https://github.com/Jeonghoon2/movie.git to commit c2fdd392ce95b386519b05b3bab786608cdb1c58
[2024-07-31T19:40:40.197+0900] {process_utils.py:191} INFO -   Installing build dependencies: started
[2024-07-31T19:40:41.092+0900] {process_utils.py:191} INFO -   Installing build dependencies: finished with status 'done'
[2024-07-31T19:40:41.092+0900] {process_utils.py:191} INFO -   Getting requirements to build wheel: started
[2024-07-31T19:40:41.215+0900] {process_utils.py:191} INFO -   Getting requirements to build wheel: finished with status 'done'
[2024-07-31T19:40:41.216+0900] {process_utils.py:191} INFO -   Preparing metadata (pyproject.toml): started
[2024-07-31T19:40:41.342+0900] {process_utils.py:191} INFO -   Preparing metadata (pyproject.toml): finished with status 'done'
[2024-07-31T19:40:41.403+0900] {process_utils.py:191} INFO - Collecting requests>=2.32.3 (from mov==0.1.0->-r /var/folders/qv/0knwm5h50ml0skpppwpbks_r0000gp/T/venvzcitwu2d/requirements.txt (line 1))
[2024-07-31T19:40:41.404+0900] {process_utils.py:191} INFO -   Using cached requests-2.32.3-py3-none-any.whl.metadata (4.6 kB)
[2024-07-31T19:40:41.468+0900] {process_utils.py:191} INFO - Collecting pandas>=2.2.2 (from mov==0.1.0->-r /var/folders/qv/0knwm5h50ml0skpppwpbks_r0000gp/T/venvzcitwu2d/requirements.txt (line 1))
[2024-07-31T19:40:41.469+0900] {process_utils.py:191} INFO -   Using cached pandas-2.2.2-cp311-cp311-macosx_11_0_arm64.whl.metadata (19 kB)
[2024-07-31T19:40:41.572+0900] {process_utils.py:191} INFO - Collecting numpy>=2.0.1 (from mov==0.1.0->-r /var/folders/qv/0knwm5h50ml0skpppwpbks_r0000gp/T/venvzcitwu2d/requirements.txt (line 1))
[2024-07-31T19:40:41.573+0900] {process_utils.py:191} INFO -   Using cached numpy-2.0.1-cp311-cp311-macosx_14_0_arm64.whl.metadata (60 kB)
[2024-07-31T19:40:41.620+0900] {process_utils.py:191} INFO - Collecting pyarrow>=17.0.0 (from mov==0.1.0->-r /var/folders/qv/0knwm5h50ml0skpppwpbks_r0000gp/T/venvzcitwu2d/requirements.txt (line 1))
[2024-07-31T19:40:41.621+0900] {process_utils.py:191} INFO -   Using cached pyarrow-17.0.0-cp311-cp311-macosx_11_0_arm64.whl.metadata (3.3 kB)
[2024-07-31T19:40:41.642+0900] {process_utils.py:191} INFO - Collecting python-dateutil>=2.8.2 (from pandas>=2.2.2->mov==0.1.0->-r /var/folders/qv/0knwm5h50ml0skpppwpbks_r0000gp/T/venvzcitwu2d/requirements.txt (line 1))
[2024-07-31T19:40:41.643+0900] {process_utils.py:191} INFO -   Using cached python_dateutil-2.9.0.post0-py2.py3-none-any.whl.metadata (8.4 kB)
[2024-07-31T19:40:41.671+0900] {process_utils.py:191} INFO - Collecting pytz>=2020.1 (from pandas>=2.2.2->mov==0.1.0->-r /var/folders/qv/0knwm5h50ml0skpppwpbks_r0000gp/T/venvzcitwu2d/requirements.txt (line 1))
[2024-07-31T19:40:41.672+0900] {process_utils.py:191} INFO -   Using cached pytz-2024.1-py2.py3-none-any.whl.metadata (22 kB)
[2024-07-31T19:40:41.689+0900] {process_utils.py:191} INFO - Collecting tzdata>=2022.7 (from pandas>=2.2.2->mov==0.1.0->-r /var/folders/qv/0knwm5h50ml0skpppwpbks_r0000gp/T/venvzcitwu2d/requirements.txt (line 1))
[2024-07-31T19:40:41.689+0900] {process_utils.py:191} INFO -   Using cached tzdata-2024.1-py2.py3-none-any.whl.metadata (1.4 kB)
[2024-07-31T19:40:41.734+0900] {process_utils.py:191} INFO - Collecting charset-normalizer<4,>=2 (from requests>=2.32.3->mov==0.1.0->-r /var/folders/qv/0knwm5h50ml0skpppwpbks_r0000gp/T/venvzcitwu2d/requirements.txt (line 1))
[2024-07-31T19:40:41.734+0900] {process_utils.py:191} INFO -   Using cached charset_normalizer-3.3.2-cp311-cp311-macosx_11_0_arm64.whl.metadata (33 kB)
[2024-07-31T19:40:41.748+0900] {process_utils.py:191} INFO - Collecting idna<4,>=2.5 (from requests>=2.32.3->mov==0.1.0->-r /var/folders/qv/0knwm5h50ml0skpppwpbks_r0000gp/T/venvzcitwu2d/requirements.txt (line 1))
[2024-07-31T19:40:41.749+0900] {process_utils.py:191} INFO -   Using cached idna-3.7-py3-none-any.whl.metadata (9.9 kB)
[2024-07-31T19:40:41.780+0900] {process_utils.py:191} INFO - Collecting urllib3<3,>=1.21.1 (from requests>=2.32.3->mov==0.1.0->-r /var/folders/qv/0knwm5h50ml0skpppwpbks_r0000gp/T/venvzcitwu2d/requirements.txt (line 1))
[2024-07-31T19:40:41.781+0900] {process_utils.py:191} INFO -   Using cached urllib3-2.2.2-py3-none-any.whl.metadata (6.4 kB)
[2024-07-31T19:40:41.796+0900] {process_utils.py:191} INFO - Collecting certifi>=2017.4.17 (from requests>=2.32.3->mov==0.1.0->-r /var/folders/qv/0knwm5h50ml0skpppwpbks_r0000gp/T/venvzcitwu2d/requirements.txt (line 1))
[2024-07-31T19:40:41.797+0900] {process_utils.py:191} INFO -   Using cached certifi-2024.7.4-py3-none-any.whl.metadata (2.2 kB)
[2024-07-31T19:40:41.821+0900] {process_utils.py:191} INFO - Collecting six>=1.5 (from python-dateutil>=2.8.2->pandas>=2.2.2->mov==0.1.0->-r /var/folders/qv/0knwm5h50ml0skpppwpbks_r0000gp/T/venvzcitwu2d/requirements.txt (line 1))
[2024-07-31T19:40:41.821+0900] {process_utils.py:191} INFO -   Using cached six-1.16.0-py2.py3-none-any.whl.metadata (1.8 kB)
[2024-07-31T19:40:41.825+0900] {process_utils.py:191} INFO - Using cached numpy-2.0.1-cp311-cp311-macosx_14_0_arm64.whl (5.3 MB)
[2024-07-31T19:40:41.831+0900] {process_utils.py:191} INFO - Using cached pandas-2.2.2-cp311-cp311-macosx_11_0_arm64.whl (11.3 MB)
[2024-07-31T19:40:41.842+0900] {process_utils.py:191} INFO - Using cached pyarrow-17.0.0-cp311-cp311-macosx_11_0_arm64.whl (27.2 MB)
[2024-07-31T19:40:41.869+0900] {process_utils.py:191} INFO - Using cached requests-2.32.3-py3-none-any.whl (64 kB)
[2024-07-31T19:40:41.870+0900] {process_utils.py:191} INFO - Using cached certifi-2024.7.4-py3-none-any.whl (162 kB)
[2024-07-31T19:40:41.871+0900] {process_utils.py:191} INFO - Using cached charset_normalizer-3.3.2-cp311-cp311-macosx_11_0_arm64.whl (118 kB)
[2024-07-31T19:40:41.872+0900] {process_utils.py:191} INFO - Using cached idna-3.7-py3-none-any.whl (66 kB)
[2024-07-31T19:40:41.873+0900] {process_utils.py:191} INFO - Using cached python_dateutil-2.9.0.post0-py2.py3-none-any.whl (229 kB)
[2024-07-31T19:40:41.874+0900] {process_utils.py:191} INFO - Using cached pytz-2024.1-py2.py3-none-any.whl (505 kB)
[2024-07-31T19:40:41.875+0900] {process_utils.py:191} INFO - Using cached tzdata-2024.1-py2.py3-none-any.whl (345 kB)
[2024-07-31T19:40:41.876+0900] {process_utils.py:191} INFO - Using cached urllib3-2.2.2-py3-none-any.whl (121 kB)
[2024-07-31T19:40:41.877+0900] {process_utils.py:191} INFO - Using cached six-1.16.0-py2.py3-none-any.whl (11 kB)
[2024-07-31T19:40:41.919+0900] {process_utils.py:191} INFO - Building wheels for collected packages: mov
[2024-07-31T19:40:41.931+0900] {process_utils.py:191} INFO -   Building wheel for mov (pyproject.toml): started
[2024-07-31T19:40:42.066+0900] {process_utils.py:191} INFO -   Building wheel for mov (pyproject.toml): finished with status 'done'
[2024-07-31T19:40:42.067+0900] {process_utils.py:191} INFO -   Created wheel for mov: filename=mov-0.1.0-py3-none-any.whl size=3056 sha256=5f100e1ecf3186b0b87c2baa1a31bcd3eaa26a92f6a65e05313767edc504d408
[2024-07-31T19:40:42.067+0900] {process_utils.py:191} INFO -   Stored in directory: /private/var/folders/qv/0knwm5h50ml0skpppwpbks_r0000gp/T/pip-ephem-wheel-cache-0311whze/wheels/cf/ab/a7/d0c528d20fa8a5f19e169bdf1d98f2b2cefe79d8527bb89200
[2024-07-31T19:40:42.068+0900] {process_utils.py:191} INFO - Successfully built mov
[2024-07-31T19:40:42.096+0900] {process_utils.py:191} INFO - Installing collected packages: pytz, urllib3, tzdata, six, numpy, idna, charset-normalizer, certifi, requests, python-dateutil, pyarrow, pandas, mov
[2024-07-31T19:40:46.566+0900] {process_utils.py:191} INFO - Successfully installed certifi-2024.7.4 charset-normalizer-3.3.2 idna-3.7 mov-0.1.0 numpy-2.0.1 pandas-2.2.2 pyarrow-17.0.0 python-dateutil-2.9.0.post0 pytz-2024.1 requests-2.32.3 six-1.16.0 tzdata-2024.1 urllib3-2.2.2
[2024-07-31T19:40:46.569+0900] {process_utils.py:191} INFO - 
[2024-07-31T19:40:46.569+0900] {process_utils.py:191} INFO - [notice] A new release of pip is available: 24.1.2 -> 24.2
[2024-07-31T19:40:46.569+0900] {process_utils.py:191} INFO - [notice] To update, run: python -m pip install --upgrade pip
[2024-07-31T19:40:46.701+0900] {logging_mixin.py:188} WARNING - /Users/DE32/.pyenv/versions/3.11.9/envs/note/lib/python3.11/site-packages/airflow/utils/context.py:212 AirflowContextDeprecationWarning: Accessing 'next_ds' from the template is deprecated and will be removed in a future version. Please use '{{ data_interval_end | ds }}' instead.
[2024-07-31T19:40:46.702+0900] {logging_mixin.py:188} WARNING - /Users/DE32/.pyenv/versions/3.11.9/envs/note/lib/python3.11/site-packages/airflow/utils/context.py:212 AirflowContextDeprecationWarning: Accessing 'next_ds_nodash' from the template is deprecated and will be removed in a future version. Please use '{{ data_interval_end | ds_nodash }}' instead.
[2024-07-31T19:40:46.702+0900] {logging_mixin.py:188} WARNING - /Users/DE32/.pyenv/versions/3.11.9/envs/note/lib/python3.11/site-packages/airflow/utils/context.py:212 AirflowContextDeprecationWarning: Accessing 'prev_ds' from the template is deprecated and will be removed in a future version.
[2024-07-31T19:40:46.703+0900] {logging_mixin.py:188} WARNING - /Users/DE32/.pyenv/versions/3.11.9/envs/note/lib/python3.11/site-packages/airflow/utils/context.py:212 AirflowContextDeprecationWarning: Accessing 'prev_ds_nodash' from the template is deprecated and will be removed in a future version.
[2024-07-31T19:40:46.703+0900] {logging_mixin.py:188} WARNING - /Users/DE32/.pyenv/versions/3.11.9/envs/note/lib/python3.11/site-packages/airflow/utils/context.py:212 AirflowContextDeprecationWarning: Accessing 'tomorrow_ds' from the template is deprecated and will be removed in a future version.
[2024-07-31T19:40:46.703+0900] {logging_mixin.py:188} WARNING - /Users/DE32/.pyenv/versions/3.11.9/envs/note/lib/python3.11/site-packages/airflow/utils/context.py:212 AirflowContextDeprecationWarning: Accessing 'tomorrow_ds_nodash' from the template is deprecated and will be removed in a future version.
[2024-07-31T19:40:46.704+0900] {logging_mixin.py:188} WARNING - /Users/DE32/.pyenv/versions/3.11.9/envs/note/lib/python3.11/site-packages/airflow/utils/context.py:212 AirflowContextDeprecationWarning: Accessing 'yesterday_ds' from the template is deprecated and will be removed in a future version.
[2024-07-31T19:40:46.704+0900] {logging_mixin.py:188} WARNING - /Users/DE32/.pyenv/versions/3.11.9/envs/note/lib/python3.11/site-packages/airflow/utils/context.py:212 AirflowContextDeprecationWarning: Accessing 'yesterday_ds_nodash' from the template is deprecated and will be removed in a future version.
[2024-07-31T19:40:46.708+0900] {process_utils.py:183} INFO - Executing cmd: /var/folders/qv/0knwm5h50ml0skpppwpbks_r0000gp/T/venvzcitwu2d/bin/python /var/folders/qv/0knwm5h50ml0skpppwpbks_r0000gp/T/venv-callhrdrtuks/script.py /var/folders/qv/0knwm5h50ml0skpppwpbks_r0000gp/T/venv-callhrdrtuks/script.in /var/folders/qv/0knwm5h50ml0skpppwpbks_r0000gp/T/venv-callhrdrtuks/script.out /var/folders/qv/0knwm5h50ml0skpppwpbks_r0000gp/T/venv-callhrdrtuks/string_args.txt /var/folders/qv/0knwm5h50ml0skpppwpbks_r0000gp/T/venv-callhrdrtuks/termination.log
[2024-07-31T19:40:46.710+0900] {process_utils.py:187} INFO - Output:
[2024-07-31T19:41:00.419+0900] {process_utils.py:191} INFO - {'boxOfficeResult': {'boxofficeType': '일별 박스오피스', 'showRange': '20240725~20240725', 'dailyBoxOfficeList': [{'rnum': '1', 'rank': '1', 'rankInten': '0', 'rankOldAndNew': 'OLD', 'movieCd': '20247781', 'movieNm': '데드풀과 울버린', 'openDt': '2024-07-24', 'salesAmt': '1344445878', 'salesShare': '47.8', 'salesInten': '-1012444419', 'salesChange': '-43', 'salesAcc': '3729131175', 'audiCnt': '131665', 'audiInten': '-98461', 'audiChange': '-42.8', 'audiAcc': '363426', 'scrnCnt': '1908', 'showCnt': '8054'}, {'rnum': '2', 'rank': '2', 'rankInten': '0', 'rankOldAndNew': 'OLD', 'movieCd': '20247440', 'movieNm': '슈퍼배드 4', 'openDt': '2024-07-24', 'salesAmt': '483981249', 'salesShare': '17.2', 'salesInten': '-180006940', 'salesChange': '-27.1', 'salesAcc': '2155987776', 'audiCnt': '53655', 'audiInten': '-19690', 'audiChange': '-26.8', 'audiAcc': '231946', 'scrnCnt': '997', 'showCnt': '3750'}, {'rnum': '3', 'rank': '3', 'rankInten': '0', 'rankOldAndNew': 'OLD', 'movieCd': '20212932', 'movieNm': '탈주', 'openDt': '2024-07-03', 'salesAmt': '317669651', 'salesShare': '11.3', 'salesInten': '-18247944', 'salesChange': '-5.4', 'salesAcc': '19650284180', 'audiCnt': '34225', 'audiInten': '-1499', 'audiChange': '-4.2', 'audiAcc': '2074632', 'scrnCnt': '884', 'showCnt': '2222'}, {'rnum': '4', 'rank': '4', 'rankInten': '1', 'rankOldAndNew': 'OLD', 'movieCd': '20235974', 'movieNm': '인사이드 아웃 2', 'openDt': '2024-06-12', 'salesAmt': '191810106', 'salesShare': '6.8', 'salesInten': '27746483', 'salesChange': '16.9', 'salesAcc': '78378437964', 'audiCnt': '20542', 'audiInten': '3083', 'audiChange': '17.7', 'audiAcc': '8151936', 'scrnCnt': '639', 'showCnt': '1191'}, {'rnum': '5', 'rank': '5', 'rankInten': '-1', 'rankOldAndNew': 'OLD', 'movieCd': '20240983', 'movieNm': '명탐정 코난: 100만 달러의 펜타그램', 'openDt': '2024-07-17', 'salesAmt': '180717774', 'salesShare': '6.4', 'salesInten': '-109841213', 'salesChange': '-37.8', 'salesAcc': '4776943053', 'audiCnt': '19378', 'audiInten': '-12440', 'audiChange': '-39.1', 'audiAcc': '484329', 'scrnCnt': '620', 'showCnt': '1246'}, {'rnum': '6', 'rank': '6', 'rankInten': '0', 'rankOldAndNew': 'OLD', 'movieCd': '20208245', 'movieNm': '핸섬가이즈', 'openDt': '2024-06-26', 'salesAmt': '95425447', 'salesShare': '3.4', 'salesInten': '1490585', 'salesChange': '1.6', 'salesAcc': '15447381815', 'audiCnt': '10198', 'audiInten': '-25', 'audiChange': '-0.2', 'audiAcc': '1654281', 'scrnCnt': '550', 'showCnt': '924'}, {'rnum': '7', 'rank': '7', 'rankInten': '0', 'rankOldAndNew': 'OLD', 'movieCd': '20208911', 'movieNm': '탈출: 프로젝트 사일런스', 'openDt': '2024-07-12', 'salesAmt': '56477314', 'salesShare': '2.0', 'salesInten': '-5011237', 'salesChange': '-8.1', 'salesAcc': '6334190309', 'audiCnt': '5965', 'audiInten': '-770', 'audiChange': '-11.4', 'audiAcc': '649657', 'scrnCnt': '413', 'showCnt': '625'}, {'rnum': '8', 'rank': '8', 'rankInten': '5', 'rankOldAndNew': 'OLD', 'movieCd': '20241343', 'movieNm': '우마무스메 프리티 더비 새로운 시대의 문', 'openDt': '2024-07-11', 'salesAmt': '32392771', 'salesShare': '1.2', 'salesInten': '27766571', 'salesChange': '600.2', 'salesAcc': '396228587', 'audiCnt': '3251', 'audiInten': '2818', 'audiChange': '650.8', 'audiAcc': '36810', 'scrnCnt': '77', 'showCnt': '93'}, {'rnum': '9', 'rank': '9', 'rankInten': '1', 'rankOldAndNew': 'OLD', 'movieCd': '20224666', 'movieNm': '파일럿', 'openDt': '2024-07-31', 'salesAmt': '20152000', 'salesShare': '0.7', 'salesInten': '5494000', 'salesChange': '37.5', 'salesAcc': '268750000', 'audiCnt': '2274', 'audiInten': '420', 'audiChange': '22.7', 'audiAcc': '28484', 'scrnCnt': '10', 'showCnt': '14'}, {'rnum': '10', 'rank': '10', 'rankInten': '-1', 'rankOldAndNew': 'OLD', 'movieCd': '20248465', 'movieNm': '하이재킹', 'openDt': '2024-06-21', 'salesAmt': '18582373', 'salesShare': '0.7', 'salesInten': '748878', 'salesChange': '4.2', 'salesAcc': '16724456634', 'audiCnt': '2037', 'audiInten': '82', 'audiChange': '4.2', 'audiAcc': '1760743', 'scrnCnt': '155', 'showCnt': '189'}]}}
[2024-07-31T19:41:00.420+0900] {process_utils.py:191} INFO - partitioning List : ['load_dt', 'multiMovieYn']
[2024-07-31T19:41:00.421+0900] {process_utils.py:191} INFO -   rnum rank rankInten rankOldAndNew  ... scrnCnt showCnt   load_dt multiMovieYn
[2024-07-31T19:41:00.421+0900] {process_utils.py:191} INFO - 0    1    1         0           OLD  ...    1908    8054  20240725            N
[2024-07-31T19:41:00.422+0900] {process_utils.py:191} INFO - 1    2    2         0           OLD  ...     997    3750  20240725            N
[2024-07-31T19:41:00.422+0900] {process_utils.py:191} INFO - 2    3    3         0           OLD  ...     884    2222  20240725            N
[2024-07-31T19:41:00.422+0900] {process_utils.py:191} INFO - 3    4    4         1           OLD  ...     639    1191  20240725            N
[2024-07-31T19:41:00.423+0900] {process_utils.py:191} INFO - 4    5    5        -1           OLD  ...     620    1246  20240725            N
[2024-07-31T19:41:00.423+0900] {process_utils.py:191} INFO - 5    6    6         0           OLD  ...     550     924  20240725            N
[2024-07-31T19:41:00.424+0900] {process_utils.py:191} INFO - 6    7    7         0           OLD  ...     413     625  20240725            N
[2024-07-31T19:41:00.424+0900] {process_utils.py:191} INFO - 7    8    8         5           OLD  ...      77      93  20240725            N
[2024-07-31T19:41:00.424+0900] {process_utils.py:191} INFO - 8    9    9         1           OLD  ...      10      14  20240725            N
[2024-07-31T19:41:00.425+0900] {process_utils.py:191} INFO - 9   10   10        -1           OLD  ...     155     189  20240725            N
[2024-07-31T19:41:00.425+0900] {process_utils.py:191} INFO - 
[2024-07-31T19:41:00.425+0900] {process_utils.py:191} INFO - [10 rows x 20 columns]
[2024-07-31T19:41:00.877+0900] {python.py:237} INFO - Done. Returned value was: None
[2024-07-31T19:41:00.878+0900] {taskinstance.py:441} INFO - ::group::Post task execution logs
[2024-07-31T19:41:00.881+0900] {taskinstance.py:1206} INFO - Marking task as SUCCESS. dag_id=movie, task_id=multi.n, run_id=scheduled__2024-07-25T02:10:00+00:00, execution_date=20240725T021000, start_date=20240731T104037, end_date=20240731T104100
[2024-07-31T19:41:00.893+0900] {local_task_job_runner.py:243} INFO - Task exited with return code 0
[2024-07-31T19:41:00.900+0900] {taskinstance.py:3503} INFO - 0 downstream tasks scheduled from follow-on schedule check
[2024-07-31T19:41:00.900+0900] {local_task_job_runner.py:222} INFO - ::endgroup::
