[2024-07-29T14:00:47.254+0900] {local_task_job_runner.py:120} INFO - ::group::Pre task execution logs
[2024-07-29T14:00:47.265+0900] {taskinstance.py:2076} INFO - Dependencies all met for dep_context=non-requeueable deps ti=<TaskInstance: make_parquet.check.done scheduled__2024-07-28T04:10:00+00:00 [queued]>
[2024-07-29T14:00:47.268+0900] {taskinstance.py:2076} INFO - Dependencies all met for dep_context=requeueable deps ti=<TaskInstance: make_parquet.check.done scheduled__2024-07-28T04:10:00+00:00 [queued]>
[2024-07-29T14:00:47.268+0900] {taskinstance.py:2306} INFO - Starting attempt 2 of 2
[2024-07-29T14:00:47.273+0900] {taskinstance.py:2330} INFO - Executing <Task(BashOperator): check.done> on 2024-07-28 04:10:00+00:00
[2024-07-29T14:00:47.276+0900] {standard_task_runner.py:64} INFO - Started process 74730 to run task
[2024-07-29T14:00:47.279+0900] {standard_task_runner.py:90} INFO - Running: ['airflow', 'tasks', 'run', 'make_parquet', 'check.done', 'scheduled__2024-07-28T04:10:00+00:00', '--job-id', '532', '--raw', '--subdir', 'DAGS_FOLDER/make_parquet.py', '--cfg-path', '/var/folders/qv/0knwm5h50ml0skpppwpbks_r0000gp/T/tmpx95mcysu']
[2024-07-29T14:00:47.280+0900] {standard_task_runner.py:91} INFO - Job 532: Subtask check.done
[2024-07-29T14:00:47.298+0900] {task_command.py:426} INFO - Running <TaskInstance: make_parquet.check.done scheduled__2024-07-28T04:10:00+00:00 [running]> on host jeongui-MacBookPro.local
[2024-07-29T14:00:47.320+0900] {taskinstance.py:2648} INFO - Exporting env vars: AIRFLOW_CTX_DAG_OWNER='airflow' AIRFLOW_CTX_DAG_ID='make_parquet' AIRFLOW_CTX_TASK_ID='check.done' AIRFLOW_CTX_EXECUTION_DATE='2024-07-28T04:10:00+00:00' AIRFLOW_CTX_TRY_NUMBER='2' AIRFLOW_CTX_DAG_RUN_ID='scheduled__2024-07-28T04:10:00+00:00'
[2024-07-29T14:00:47.321+0900] {taskinstance.py:430} INFO - ::endgroup::
[2024-07-29T14:00:47.327+0900] {subprocess.py:63} INFO - Tmp dir root location: /var/folders/qv/0knwm5h50ml0skpppwpbks_r0000gp/T
[2024-07-29T14:00:47.328+0900] {subprocess.py:75} INFO - Running command: ['/bin/bash', '-c', '\n        DONE_FILE=~/data/done/_import/20240728/_DONE\n        bash /Users/DE32/airflow/sh/simple_done_check.sh $DONE_FILE\n        ']
[2024-07-29T14:00:47.331+0900] {subprocess.py:86} INFO - Output:
[2024-07-29T14:00:47.334+0900] {subprocess.py:93} INFO - _DONE Path = /Users/DE32/data/done/_import/20240728/_DONE
[2024-07-29T14:00:47.334+0900] {subprocess.py:93} INFO - I'll be back =>
[2024-07-29T14:00:47.335+0900] {subprocess.py:97} INFO - Command exited with return code 1
[2024-07-29T14:00:47.335+0900] {taskinstance.py:441} INFO - ::group::Post task execution logs
[2024-07-29T14:00:47.338+0900] {taskinstance.py:2905} ERROR - Task failed with exception
Traceback (most recent call last):
  File "/Users/DE32/.pyenv/versions/3.11.9/envs/note/lib/python3.11/site-packages/airflow/models/taskinstance.py", line 465, in _execute_task
    result = _execute_callable(context=context, **execute_callable_kwargs)
             ^^^^^^^^^^^^^^^^^^^^^^^^^^^^^^^^^^^^^^^^^^^^^^^^^^^^^^^^^^^^^
  File "/Users/DE32/.pyenv/versions/3.11.9/envs/note/lib/python3.11/site-packages/airflow/models/taskinstance.py", line 432, in _execute_callable
    return execute_callable(context=context, **execute_callable_kwargs)
           ^^^^^^^^^^^^^^^^^^^^^^^^^^^^^^^^^^^^^^^^^^^^^^^^^^^^^^^^^^^^
  File "/Users/DE32/.pyenv/versions/3.11.9/envs/note/lib/python3.11/site-packages/airflow/models/baseoperator.py", line 401, in wrapper
    return func(self, *args, **kwargs)
           ^^^^^^^^^^^^^^^^^^^^^^^^^^^
  File "/Users/DE32/.pyenv/versions/3.11.9/envs/note/lib/python3.11/site-packages/airflow/operators/bash.py", line 243, in execute
    raise AirflowException(
airflow.exceptions.AirflowException: Bash command failed. The command returned a non-zero exit code 1.
[2024-07-29T14:00:47.340+0900] {taskinstance.py:1206} INFO - Marking task as FAILED. dag_id=make_parquet, task_id=check.done, run_id=scheduled__2024-07-28T04:10:00+00:00, execution_date=20240728T041000, start_date=20240729T050047, end_date=20240729T050047
[2024-07-29T14:00:47.344+0900] {standard_task_runner.py:110} ERROR - Failed to execute job 532 for task check.done (Bash command failed. The command returned a non-zero exit code 1.; 74730)
[2024-07-29T14:00:47.386+0900] {local_task_job_runner.py:243} INFO - Task exited with return code 1
[2024-07-29T14:00:47.396+0900] {taskinstance.py:3503} INFO - 1 downstream tasks scheduled from follow-on schedule check
[2024-07-29T14:00:47.397+0900] {local_task_job_runner.py:222} INFO - ::endgroup::
