[2024-07-24T12:27:47.294+0900] {processor.py:161} INFO - Started process (PID=86480) to work on /Users/DE32/.pyenv/versions/3.11.9/envs/note/lib/python3.11/site-packages/airflow/example_dags/example_time_delta_sensor_async.py
[2024-07-24T12:27:47.294+0900] {processor.py:830} INFO - Processing file /Users/DE32/.pyenv/versions/3.11.9/envs/note/lib/python3.11/site-packages/airflow/example_dags/example_time_delta_sensor_async.py for tasks to queue
[2024-07-24T12:27:47.295+0900] {logging_mixin.py:188} INFO - [2024-07-24T12:27:47.295+0900] {dagbag.py:545} INFO - Filling up the DagBag from /Users/DE32/.pyenv/versions/3.11.9/envs/note/lib/python3.11/site-packages/airflow/example_dags/example_time_delta_sensor_async.py
[2024-07-24T12:27:47.298+0900] {processor.py:840} INFO - DAG(s) 'example_time_delta_sensor_async' retrieved from /Users/DE32/.pyenv/versions/3.11.9/envs/note/lib/python3.11/site-packages/airflow/example_dags/example_time_delta_sensor_async.py
[2024-07-24T12:27:47.368+0900] {logging_mixin.py:188} INFO - [2024-07-24T12:27:47.367+0900] {override.py:1858} INFO - Created Permission View: can edit on DAG:example_time_delta_sensor_async
[2024-07-24T12:27:47.371+0900] {logging_mixin.py:188} INFO - [2024-07-24T12:27:47.370+0900] {override.py:1858} INFO - Created Permission View: can delete on DAG:example_time_delta_sensor_async
[2024-07-24T12:27:47.372+0900] {logging_mixin.py:188} INFO - [2024-07-24T12:27:47.372+0900] {override.py:1858} INFO - Created Permission View: can read on DAG:example_time_delta_sensor_async
[2024-07-24T12:27:47.372+0900] {logging_mixin.py:188} INFO - [2024-07-24T12:27:47.372+0900] {dag.py:3089} INFO - Sync 1 DAGs
[2024-07-24T12:27:47.376+0900] {logging_mixin.py:188} INFO - [2024-07-24T12:27:47.376+0900] {dag.py:3111} INFO - Creating ORM DAG for example_time_delta_sensor_async
[2024-07-24T12:27:47.376+0900] {logging_mixin.py:188} INFO - [2024-07-24T12:27:47.376+0900] {dag.py:3947} INFO - Setting next_dagrun for example_time_delta_sensor_async to None, run_after=None
[2024-07-24T12:27:47.382+0900] {processor.py:183} INFO - Processing /Users/DE32/.pyenv/versions/3.11.9/envs/note/lib/python3.11/site-packages/airflow/example_dags/example_time_delta_sensor_async.py took 0.089 seconds
[2024-07-24T12:29:13.799+0900] {processor.py:161} INFO - Started process (PID=86689) to work on /Users/DE32/.pyenv/versions/3.11.9/envs/note/lib/python3.11/site-packages/airflow/example_dags/example_time_delta_sensor_async.py
[2024-07-24T12:29:13.799+0900] {processor.py:830} INFO - Processing file /Users/DE32/.pyenv/versions/3.11.9/envs/note/lib/python3.11/site-packages/airflow/example_dags/example_time_delta_sensor_async.py for tasks to queue
[2024-07-24T12:29:13.800+0900] {logging_mixin.py:188} INFO - [2024-07-24T12:29:13.800+0900] {dagbag.py:545} INFO - Filling up the DagBag from /Users/DE32/.pyenv/versions/3.11.9/envs/note/lib/python3.11/site-packages/airflow/example_dags/example_time_delta_sensor_async.py
[2024-07-24T12:29:13.803+0900] {processor.py:840} INFO - DAG(s) 'example_time_delta_sensor_async' retrieved from /Users/DE32/.pyenv/versions/3.11.9/envs/note/lib/python3.11/site-packages/airflow/example_dags/example_time_delta_sensor_async.py
[2024-07-24T12:29:13.841+0900] {logging_mixin.py:188} INFO - [2024-07-24T12:29:13.841+0900] {dag.py:3089} INFO - Sync 1 DAGs
[2024-07-24T12:29:13.844+0900] {logging_mixin.py:188} INFO - [2024-07-24T12:29:13.844+0900] {dag.py:3947} INFO - Setting next_dagrun for example_time_delta_sensor_async to None, run_after=None
[2024-07-24T12:29:13.852+0900] {processor.py:183} INFO - Processing /Users/DE32/.pyenv/versions/3.11.9/envs/note/lib/python3.11/site-packages/airflow/example_dags/example_time_delta_sensor_async.py took 0.054 seconds
[2024-07-24T12:30:09.529+0900] {processor.py:161} INFO - Started process (PID=86749) to work on /Users/DE32/.pyenv/versions/3.11.9/envs/note/lib/python3.11/site-packages/airflow/example_dags/example_time_delta_sensor_async.py
[2024-07-24T12:30:09.529+0900] {processor.py:830} INFO - Processing file /Users/DE32/.pyenv/versions/3.11.9/envs/note/lib/python3.11/site-packages/airflow/example_dags/example_time_delta_sensor_async.py for tasks to queue
[2024-07-24T12:30:09.530+0900] {logging_mixin.py:188} INFO - [2024-07-24T12:30:09.530+0900] {dagbag.py:545} INFO - Filling up the DagBag from /Users/DE32/.pyenv/versions/3.11.9/envs/note/lib/python3.11/site-packages/airflow/example_dags/example_time_delta_sensor_async.py
[2024-07-24T12:30:09.533+0900] {processor.py:840} INFO - DAG(s) 'example_time_delta_sensor_async' retrieved from /Users/DE32/.pyenv/versions/3.11.9/envs/note/lib/python3.11/site-packages/airflow/example_dags/example_time_delta_sensor_async.py
[2024-07-24T12:30:09.570+0900] {logging_mixin.py:188} INFO - [2024-07-24T12:30:09.570+0900] {dag.py:3089} INFO - Sync 1 DAGs
[2024-07-24T12:30:09.574+0900] {logging_mixin.py:188} INFO - [2024-07-24T12:30:09.574+0900] {dag.py:3947} INFO - Setting next_dagrun for example_time_delta_sensor_async to None, run_after=None
[2024-07-24T12:30:09.581+0900] {processor.py:183} INFO - Processing /Users/DE32/.pyenv/versions/3.11.9/envs/note/lib/python3.11/site-packages/airflow/example_dags/example_time_delta_sensor_async.py took 0.053 seconds
