[2024-07-24T12:28:26.040+0900] {processor.py:161} INFO - Started process (PID=86512) to work on /Users/DE32/.pyenv/versions/3.11.9/envs/note/lib/python3.11/site-packages/airflow/example_dags/example_external_task_marker_dag.py
[2024-07-24T12:28:26.040+0900] {processor.py:830} INFO - Processing file /Users/DE32/.pyenv/versions/3.11.9/envs/note/lib/python3.11/site-packages/airflow/example_dags/example_external_task_marker_dag.py for tasks to queue
[2024-07-24T12:28:26.040+0900] {logging_mixin.py:188} INFO - [2024-07-24T12:28:26.040+0900] {dagbag.py:545} INFO - Filling up the DagBag from /Users/DE32/.pyenv/versions/3.11.9/envs/note/lib/python3.11/site-packages/airflow/example_dags/example_external_task_marker_dag.py
[2024-07-24T12:28:26.045+0900] {processor.py:840} INFO - DAG(s) 'example_external_task_marker_child', 'example_external_task_marker_parent' retrieved from /Users/DE32/.pyenv/versions/3.11.9/envs/note/lib/python3.11/site-packages/airflow/example_dags/example_external_task_marker_dag.py
[2024-07-24T12:28:26.112+0900] {logging_mixin.py:188} INFO - [2024-07-24T12:28:26.112+0900] {override.py:1858} INFO - Created Permission View: can read on DAG:example_external_task_marker_child
[2024-07-24T12:28:26.115+0900] {logging_mixin.py:188} INFO - [2024-07-24T12:28:26.115+0900] {override.py:1858} INFO - Created Permission View: can edit on DAG:example_external_task_marker_child
[2024-07-24T12:28:26.117+0900] {logging_mixin.py:188} INFO - [2024-07-24T12:28:26.117+0900] {override.py:1858} INFO - Created Permission View: can delete on DAG:example_external_task_marker_child
[2024-07-24T12:28:26.121+0900] {logging_mixin.py:188} INFO - [2024-07-24T12:28:26.121+0900] {override.py:1858} INFO - Created Permission View: can read on DAG:example_external_task_marker_parent
[2024-07-24T12:28:26.122+0900] {logging_mixin.py:188} INFO - [2024-07-24T12:28:26.122+0900] {override.py:1858} INFO - Created Permission View: can edit on DAG:example_external_task_marker_parent
[2024-07-24T12:28:26.124+0900] {logging_mixin.py:188} INFO - [2024-07-24T12:28:26.124+0900] {override.py:1858} INFO - Created Permission View: can delete on DAG:example_external_task_marker_parent
[2024-07-24T12:28:26.124+0900] {logging_mixin.py:188} INFO - [2024-07-24T12:28:26.124+0900] {dag.py:3089} INFO - Sync 2 DAGs
[2024-07-24T12:28:26.128+0900] {logging_mixin.py:188} INFO - [2024-07-24T12:28:26.128+0900] {dag.py:3111} INFO - Creating ORM DAG for example_external_task_marker_child
[2024-07-24T12:28:26.128+0900] {logging_mixin.py:188} INFO - [2024-07-24T12:28:26.128+0900] {dag.py:3111} INFO - Creating ORM DAG for example_external_task_marker_parent
[2024-07-24T12:28:26.128+0900] {logging_mixin.py:188} INFO - [2024-07-24T12:28:26.128+0900] {dag.py:3947} INFO - Setting next_dagrun for example_external_task_marker_child to None, run_after=None
[2024-07-24T12:28:26.128+0900] {logging_mixin.py:188} INFO - [2024-07-24T12:28:26.128+0900] {dag.py:3947} INFO - Setting next_dagrun for example_external_task_marker_parent to None, run_after=None
[2024-07-24T12:28:26.134+0900] {processor.py:183} INFO - Processing /Users/DE32/.pyenv/versions/3.11.9/envs/note/lib/python3.11/site-packages/airflow/example_dags/example_external_task_marker_dag.py took 0.095 seconds
[2024-07-24T12:30:18.111+0900] {processor.py:161} INFO - Started process (PID=86754) to work on /Users/DE32/.pyenv/versions/3.11.9/envs/note/lib/python3.11/site-packages/airflow/example_dags/example_external_task_marker_dag.py
[2024-07-24T12:30:18.111+0900] {processor.py:830} INFO - Processing file /Users/DE32/.pyenv/versions/3.11.9/envs/note/lib/python3.11/site-packages/airflow/example_dags/example_external_task_marker_dag.py for tasks to queue
[2024-07-24T12:30:18.111+0900] {logging_mixin.py:188} INFO - [2024-07-24T12:30:18.111+0900] {dagbag.py:545} INFO - Filling up the DagBag from /Users/DE32/.pyenv/versions/3.11.9/envs/note/lib/python3.11/site-packages/airflow/example_dags/example_external_task_marker_dag.py
[2024-07-24T12:30:18.116+0900] {processor.py:840} INFO - DAG(s) 'example_external_task_marker_child', 'example_external_task_marker_parent' retrieved from /Users/DE32/.pyenv/versions/3.11.9/envs/note/lib/python3.11/site-packages/airflow/example_dags/example_external_task_marker_dag.py
[2024-07-24T12:30:18.153+0900] {logging_mixin.py:188} INFO - [2024-07-24T12:30:18.152+0900] {dag.py:3089} INFO - Sync 2 DAGs
[2024-07-24T12:30:18.156+0900] {logging_mixin.py:188} INFO - [2024-07-24T12:30:18.156+0900] {dag.py:3947} INFO - Setting next_dagrun for example_external_task_marker_child to None, run_after=None
[2024-07-24T12:30:18.157+0900] {logging_mixin.py:188} INFO - [2024-07-24T12:30:18.157+0900] {dag.py:3947} INFO - Setting next_dagrun for example_external_task_marker_parent to None, run_after=None
[2024-07-24T12:30:18.164+0900] {processor.py:183} INFO - Processing /Users/DE32/.pyenv/versions/3.11.9/envs/note/lib/python3.11/site-packages/airflow/example_dags/example_external_task_marker_dag.py took 0.054 seconds
