[2024-07-24T12:27:52.711+0900] {processor.py:161} INFO - Started process (PID=86483) to work on /Users/DE32/.pyenv/versions/3.11.9/envs/note/lib/python3.11/site-packages/airflow/example_dags/example_subdag_operator.py
[2024-07-24T12:27:52.711+0900] {processor.py:830} INFO - Processing file /Users/DE32/.pyenv/versions/3.11.9/envs/note/lib/python3.11/site-packages/airflow/example_dags/example_subdag_operator.py for tasks to queue
[2024-07-24T12:27:52.712+0900] {logging_mixin.py:188} INFO - [2024-07-24T12:27:52.712+0900] {dagbag.py:545} INFO - Filling up the DagBag from /Users/DE32/.pyenv/versions/3.11.9/envs/note/lib/python3.11/site-packages/airflow/example_dags/example_subdag_operator.py
[2024-07-24T12:27:52.746+0900] {processor.py:840} INFO - DAG(s) 'example_subdag_operator.section-1', 'example_subdag_operator.section-2', 'example_subdag_operator' retrieved from /Users/DE32/.pyenv/versions/3.11.9/envs/note/lib/python3.11/site-packages/airflow/example_dags/example_subdag_operator.py
[2024-07-24T12:27:52.790+0900] {logging_mixin.py:188} INFO - [2024-07-24T12:27:52.790+0900] {override.py:1858} INFO - Created Permission View: can delete on DAG:example_subdag_operator
[2024-07-24T12:27:52.793+0900] {logging_mixin.py:188} INFO - [2024-07-24T12:27:52.793+0900] {override.py:1858} INFO - Created Permission View: can edit on DAG:example_subdag_operator
[2024-07-24T12:27:52.795+0900] {logging_mixin.py:188} INFO - [2024-07-24T12:27:52.795+0900] {override.py:1858} INFO - Created Permission View: can read on DAG:example_subdag_operator
[2024-07-24T12:27:52.795+0900] {logging_mixin.py:188} INFO - [2024-07-24T12:27:52.795+0900] {dag.py:3089} INFO - Sync 3 DAGs
[2024-07-24T12:27:52.799+0900] {logging_mixin.py:188} INFO - [2024-07-24T12:27:52.799+0900] {dag.py:3111} INFO - Creating ORM DAG for example_subdag_operator.section-2
[2024-07-24T12:27:52.799+0900] {logging_mixin.py:188} INFO - [2024-07-24T12:27:52.799+0900] {dag.py:3111} INFO - Creating ORM DAG for example_subdag_operator.section-1
[2024-07-24T12:27:52.799+0900] {logging_mixin.py:188} INFO - [2024-07-24T12:27:52.799+0900] {dag.py:3111} INFO - Creating ORM DAG for example_subdag_operator
[2024-07-24T12:27:52.802+0900] {logging_mixin.py:188} INFO - [2024-07-24T12:27:52.802+0900] {dag.py:3947} INFO - Setting next_dagrun for example_subdag_operator to 2022-01-01 00:00:00+00:00, run_after=2022-01-01 00:00:00+00:00
[2024-07-24T12:27:52.802+0900] {logging_mixin.py:188} INFO - [2024-07-24T12:27:52.802+0900] {dag.py:3947} INFO - Setting next_dagrun for example_subdag_operator.section-1 to None, run_after=None
[2024-07-24T12:27:52.802+0900] {logging_mixin.py:188} INFO - [2024-07-24T12:27:52.802+0900] {dag.py:3947} INFO - Setting next_dagrun for example_subdag_operator.section-2 to None, run_after=None
[2024-07-24T12:27:52.804+0900] {logging_mixin.py:188} INFO - [2024-07-24T12:27:52.804+0900] {dag.py:3089} INFO - Sync 2 DAGs
[2024-07-24T12:27:52.805+0900] {logging_mixin.py:188} INFO - [2024-07-24T12:27:52.805+0900] {dag.py:3947} INFO - Setting next_dagrun for example_subdag_operator.section-1 to None, run_after=None
[2024-07-24T12:27:52.806+0900] {logging_mixin.py:188} INFO - [2024-07-24T12:27:52.806+0900] {dag.py:3947} INFO - Setting next_dagrun for example_subdag_operator.section-2 to None, run_after=None
[2024-07-24T12:27:52.811+0900] {processor.py:183} INFO - Processing /Users/DE32/.pyenv/versions/3.11.9/envs/note/lib/python3.11/site-packages/airflow/example_dags/example_subdag_operator.py took 0.101 seconds
[2024-07-24T12:29:18.031+0900] {processor.py:161} INFO - Started process (PID=86692) to work on /Users/DE32/.pyenv/versions/3.11.9/envs/note/lib/python3.11/site-packages/airflow/example_dags/example_subdag_operator.py
[2024-07-24T12:29:18.031+0900] {processor.py:830} INFO - Processing file /Users/DE32/.pyenv/versions/3.11.9/envs/note/lib/python3.11/site-packages/airflow/example_dags/example_subdag_operator.py for tasks to queue
[2024-07-24T12:29:18.031+0900] {logging_mixin.py:188} INFO - [2024-07-24T12:29:18.031+0900] {dagbag.py:545} INFO - Filling up the DagBag from /Users/DE32/.pyenv/versions/3.11.9/envs/note/lib/python3.11/site-packages/airflow/example_dags/example_subdag_operator.py
[2024-07-24T12:29:18.064+0900] {processor.py:840} INFO - DAG(s) 'example_subdag_operator.section-1', 'example_subdag_operator.section-2', 'example_subdag_operator' retrieved from /Users/DE32/.pyenv/versions/3.11.9/envs/note/lib/python3.11/site-packages/airflow/example_dags/example_subdag_operator.py
[2024-07-24T12:29:18.076+0900] {logging_mixin.py:188} INFO - [2024-07-24T12:29:18.076+0900] {dag.py:3089} INFO - Sync 3 DAGs
[2024-07-24T12:29:18.083+0900] {logging_mixin.py:188} INFO - [2024-07-24T12:29:18.083+0900] {dag.py:3947} INFO - Setting next_dagrun for example_subdag_operator to 2022-01-01 00:00:00+00:00, run_after=2022-01-01 00:00:00+00:00
[2024-07-24T12:29:18.084+0900] {logging_mixin.py:188} INFO - [2024-07-24T12:29:18.084+0900] {dag.py:3947} INFO - Setting next_dagrun for example_subdag_operator.section-1 to None, run_after=None
[2024-07-24T12:29:18.084+0900] {logging_mixin.py:188} INFO - [2024-07-24T12:29:18.084+0900] {dag.py:3947} INFO - Setting next_dagrun for example_subdag_operator.section-2 to None, run_after=None
[2024-07-24T12:29:18.086+0900] {logging_mixin.py:188} INFO - [2024-07-24T12:29:18.086+0900] {dag.py:3089} INFO - Sync 2 DAGs
[2024-07-24T12:29:18.087+0900] {logging_mixin.py:188} INFO - [2024-07-24T12:29:18.087+0900] {dag.py:3947} INFO - Setting next_dagrun for example_subdag_operator.section-1 to None, run_after=None
[2024-07-24T12:29:18.087+0900] {logging_mixin.py:188} INFO - [2024-07-24T12:29:18.087+0900] {dag.py:3947} INFO - Setting next_dagrun for example_subdag_operator.section-2 to None, run_after=None
[2024-07-24T12:29:18.092+0900] {processor.py:183} INFO - Processing /Users/DE32/.pyenv/versions/3.11.9/envs/note/lib/python3.11/site-packages/airflow/example_dags/example_subdag_operator.py took 0.062 seconds
