[2024-07-24T12:28:46.251+0900] {processor.py:161} INFO - Started process (PID=86541) to work on /Users/DE32/.pyenv/versions/3.11.9/envs/note/lib/python3.11/site-packages/airflow/example_dags/example_branch_datetime_operator.py
[2024-07-24T12:28:46.251+0900] {processor.py:830} INFO - Processing file /Users/DE32/.pyenv/versions/3.11.9/envs/note/lib/python3.11/site-packages/airflow/example_dags/example_branch_datetime_operator.py for tasks to queue
[2024-07-24T12:28:46.251+0900] {logging_mixin.py:188} INFO - [2024-07-24T12:28:46.251+0900] {dagbag.py:545} INFO - Filling up the DagBag from /Users/DE32/.pyenv/versions/3.11.9/envs/note/lib/python3.11/site-packages/airflow/example_dags/example_branch_datetime_operator.py
[2024-07-24T12:28:46.256+0900] {processor.py:840} INFO - DAG(s) 'example_branch_datetime_operator_3', 'example_branch_datetime_operator', 'example_branch_datetime_operator_2' retrieved from /Users/DE32/.pyenv/versions/3.11.9/envs/note/lib/python3.11/site-packages/airflow/example_dags/example_branch_datetime_operator.py
[2024-07-24T12:28:46.321+0900] {logging_mixin.py:188} INFO - [2024-07-24T12:28:46.321+0900] {override.py:1858} INFO - Created Permission View: can delete on DAG:example_branch_datetime_operator_3
[2024-07-24T12:28:46.324+0900] {logging_mixin.py:188} INFO - [2024-07-24T12:28:46.324+0900] {override.py:1858} INFO - Created Permission View: can edit on DAG:example_branch_datetime_operator_3
[2024-07-24T12:28:46.326+0900] {logging_mixin.py:188} INFO - [2024-07-24T12:28:46.326+0900] {override.py:1858} INFO - Created Permission View: can read on DAG:example_branch_datetime_operator_3
[2024-07-24T12:28:46.330+0900] {logging_mixin.py:188} INFO - [2024-07-24T12:28:46.330+0900] {override.py:1858} INFO - Created Permission View: can delete on DAG:example_branch_datetime_operator
[2024-07-24T12:28:46.332+0900] {logging_mixin.py:188} INFO - [2024-07-24T12:28:46.331+0900] {override.py:1858} INFO - Created Permission View: can edit on DAG:example_branch_datetime_operator
[2024-07-24T12:28:46.333+0900] {logging_mixin.py:188} INFO - [2024-07-24T12:28:46.333+0900] {override.py:1858} INFO - Created Permission View: can read on DAG:example_branch_datetime_operator
[2024-07-24T12:28:46.337+0900] {logging_mixin.py:188} INFO - [2024-07-24T12:28:46.337+0900] {override.py:1858} INFO - Created Permission View: can delete on DAG:example_branch_datetime_operator_2
[2024-07-24T12:28:46.339+0900] {logging_mixin.py:188} INFO - [2024-07-24T12:28:46.339+0900] {override.py:1858} INFO - Created Permission View: can edit on DAG:example_branch_datetime_operator_2
[2024-07-24T12:28:46.341+0900] {logging_mixin.py:188} INFO - [2024-07-24T12:28:46.341+0900] {override.py:1858} INFO - Created Permission View: can read on DAG:example_branch_datetime_operator_2
[2024-07-24T12:28:46.341+0900] {logging_mixin.py:188} INFO - [2024-07-24T12:28:46.341+0900] {dag.py:3089} INFO - Sync 3 DAGs
[2024-07-24T12:28:46.344+0900] {logging_mixin.py:188} INFO - [2024-07-24T12:28:46.344+0900] {dag.py:3111} INFO - Creating ORM DAG for example_branch_datetime_operator
[2024-07-24T12:28:46.344+0900] {logging_mixin.py:188} INFO - [2024-07-24T12:28:46.344+0900] {dag.py:3111} INFO - Creating ORM DAG for example_branch_datetime_operator_2
[2024-07-24T12:28:46.345+0900] {logging_mixin.py:188} INFO - [2024-07-24T12:28:46.345+0900] {dag.py:3111} INFO - Creating ORM DAG for example_branch_datetime_operator_3
[2024-07-24T12:28:46.348+0900] {logging_mixin.py:188} INFO - [2024-07-24T12:28:46.348+0900] {dag.py:3947} INFO - Setting next_dagrun for example_branch_datetime_operator to 2024-07-23 00:00:00+00:00, run_after=2024-07-24 00:00:00+00:00
[2024-07-24T12:28:46.348+0900] {logging_mixin.py:188} INFO - [2024-07-24T12:28:46.348+0900] {dag.py:3947} INFO - Setting next_dagrun for example_branch_datetime_operator_2 to 2024-07-23 00:00:00+00:00, run_after=2024-07-24 00:00:00+00:00
[2024-07-24T12:28:46.349+0900] {logging_mixin.py:188} INFO - [2024-07-24T12:28:46.349+0900] {dag.py:3947} INFO - Setting next_dagrun for example_branch_datetime_operator_3 to 2024-07-23 00:00:00+00:00, run_after=2024-07-24 00:00:00+00:00
[2024-07-24T12:28:46.355+0900] {processor.py:183} INFO - Processing /Users/DE32/.pyenv/versions/3.11.9/envs/note/lib/python3.11/site-packages/airflow/example_dags/example_branch_datetime_operator.py took 0.105 seconds
[2024-07-24T12:30:38.757+0900] {processor.py:161} INFO - Started process (PID=86766) to work on /Users/DE32/.pyenv/versions/3.11.9/envs/note/lib/python3.11/site-packages/airflow/example_dags/example_branch_datetime_operator.py
[2024-07-24T12:30:38.757+0900] {processor.py:830} INFO - Processing file /Users/DE32/.pyenv/versions/3.11.9/envs/note/lib/python3.11/site-packages/airflow/example_dags/example_branch_datetime_operator.py for tasks to queue
[2024-07-24T12:30:38.758+0900] {logging_mixin.py:188} INFO - [2024-07-24T12:30:38.758+0900] {dagbag.py:545} INFO - Filling up the DagBag from /Users/DE32/.pyenv/versions/3.11.9/envs/note/lib/python3.11/site-packages/airflow/example_dags/example_branch_datetime_operator.py
[2024-07-24T12:30:38.762+0900] {processor.py:840} INFO - DAG(s) 'example_branch_datetime_operator_2', 'example_branch_datetime_operator_3', 'example_branch_datetime_operator' retrieved from /Users/DE32/.pyenv/versions/3.11.9/envs/note/lib/python3.11/site-packages/airflow/example_dags/example_branch_datetime_operator.py
[2024-07-24T12:30:38.799+0900] {logging_mixin.py:188} INFO - [2024-07-24T12:30:38.798+0900] {dag.py:3089} INFO - Sync 3 DAGs
[2024-07-24T12:30:38.805+0900] {logging_mixin.py:188} INFO - [2024-07-24T12:30:38.805+0900] {dag.py:3947} INFO - Setting next_dagrun for example_branch_datetime_operator to 2024-07-23 00:00:00+00:00, run_after=2024-07-24 00:00:00+00:00
[2024-07-24T12:30:38.807+0900] {logging_mixin.py:188} INFO - [2024-07-24T12:30:38.807+0900] {dag.py:3947} INFO - Setting next_dagrun for example_branch_datetime_operator_2 to 2024-07-23 00:00:00+00:00, run_after=2024-07-24 00:00:00+00:00
[2024-07-24T12:30:38.808+0900] {logging_mixin.py:188} INFO - [2024-07-24T12:30:38.807+0900] {dag.py:3947} INFO - Setting next_dagrun for example_branch_datetime_operator_3 to 2024-07-23 00:00:00+00:00, run_after=2024-07-24 00:00:00+00:00
[2024-07-24T12:30:38.813+0900] {processor.py:183} INFO - Processing /Users/DE32/.pyenv/versions/3.11.9/envs/note/lib/python3.11/site-packages/airflow/example_dags/example_branch_datetime_operator.py took 0.058 seconds
