[2024-07-24T12:27:40.088+0900] {processor.py:161} INFO - Started process (PID=86476) to work on /Users/DE32/.pyenv/versions/3.11.9/envs/note/lib/python3.11/site-packages/airflow/example_dags/example_xcomargs.py
[2024-07-24T12:27:40.088+0900] {processor.py:830} INFO - Processing file /Users/DE32/.pyenv/versions/3.11.9/envs/note/lib/python3.11/site-packages/airflow/example_dags/example_xcomargs.py for tasks to queue
[2024-07-24T12:27:40.088+0900] {logging_mixin.py:188} INFO - [2024-07-24T12:27:40.088+0900] {dagbag.py:545} INFO - Filling up the DagBag from /Users/DE32/.pyenv/versions/3.11.9/envs/note/lib/python3.11/site-packages/airflow/example_dags/example_xcomargs.py
[2024-07-24T12:27:40.103+0900] {processor.py:840} INFO - DAG(s) 'example_xcom_args', 'example_xcom_args_with_operators' retrieved from /Users/DE32/.pyenv/versions/3.11.9/envs/note/lib/python3.11/site-packages/airflow/example_dags/example_xcomargs.py
[2024-07-24T12:27:40.169+0900] {logging_mixin.py:188} INFO - [2024-07-24T12:27:40.168+0900] {override.py:1858} INFO - Created Permission View: can edit on DAG:example_xcom_args
[2024-07-24T12:27:40.171+0900] {logging_mixin.py:188} INFO - [2024-07-24T12:27:40.171+0900] {override.py:1858} INFO - Created Permission View: can delete on DAG:example_xcom_args
[2024-07-24T12:27:40.173+0900] {logging_mixin.py:188} INFO - [2024-07-24T12:27:40.173+0900] {override.py:1858} INFO - Created Permission View: can read on DAG:example_xcom_args
[2024-07-24T12:27:40.177+0900] {logging_mixin.py:188} INFO - [2024-07-24T12:27:40.177+0900] {override.py:1858} INFO - Created Permission View: can edit on DAG:example_xcom_args_with_operators
[2024-07-24T12:27:40.179+0900] {logging_mixin.py:188} INFO - [2024-07-24T12:27:40.179+0900] {override.py:1858} INFO - Created Permission View: can delete on DAG:example_xcom_args_with_operators
[2024-07-24T12:27:40.181+0900] {logging_mixin.py:188} INFO - [2024-07-24T12:27:40.181+0900] {override.py:1858} INFO - Created Permission View: can read on DAG:example_xcom_args_with_operators
[2024-07-24T12:27:40.181+0900] {logging_mixin.py:188} INFO - [2024-07-24T12:27:40.181+0900] {dag.py:3089} INFO - Sync 2 DAGs
[2024-07-24T12:27:40.211+0900] {logging_mixin.py:188} INFO - [2024-07-24T12:27:40.210+0900] {dag.py:3111} INFO - Creating ORM DAG for example_xcom_args_with_operators
[2024-07-24T12:27:40.211+0900] {logging_mixin.py:188} INFO - [2024-07-24T12:27:40.211+0900] {dag.py:3111} INFO - Creating ORM DAG for example_xcom_args
[2024-07-24T12:27:40.211+0900] {logging_mixin.py:188} INFO - [2024-07-24T12:27:40.211+0900] {dag.py:3947} INFO - Setting next_dagrun for example_xcom_args to None, run_after=None
[2024-07-24T12:27:40.211+0900] {logging_mixin.py:188} INFO - [2024-07-24T12:27:40.211+0900] {dag.py:3947} INFO - Setting next_dagrun for example_xcom_args_with_operators to None, run_after=None
[2024-07-24T12:27:40.217+0900] {processor.py:183} INFO - Processing /Users/DE32/.pyenv/versions/3.11.9/envs/note/lib/python3.11/site-packages/airflow/example_dags/example_xcomargs.py took 0.130 seconds
[2024-07-24T12:29:07.565+0900] {processor.py:161} INFO - Started process (PID=86656) to work on /Users/DE32/.pyenv/versions/3.11.9/envs/note/lib/python3.11/site-packages/airflow/example_dags/example_xcomargs.py
[2024-07-24T12:29:07.565+0900] {processor.py:830} INFO - Processing file /Users/DE32/.pyenv/versions/3.11.9/envs/note/lib/python3.11/site-packages/airflow/example_dags/example_xcomargs.py for tasks to queue
[2024-07-24T12:29:07.565+0900] {logging_mixin.py:188} INFO - [2024-07-24T12:29:07.565+0900] {dagbag.py:545} INFO - Filling up the DagBag from /Users/DE32/.pyenv/versions/3.11.9/envs/note/lib/python3.11/site-packages/airflow/example_dags/example_xcomargs.py
[2024-07-24T12:29:07.580+0900] {processor.py:840} INFO - DAG(s) 'example_xcom_args', 'example_xcom_args_with_operators' retrieved from /Users/DE32/.pyenv/versions/3.11.9/envs/note/lib/python3.11/site-packages/airflow/example_dags/example_xcomargs.py
[2024-07-24T12:29:07.615+0900] {logging_mixin.py:188} INFO - [2024-07-24T12:29:07.614+0900] {dag.py:3089} INFO - Sync 2 DAGs
[2024-07-24T12:29:07.618+0900] {logging_mixin.py:188} INFO - [2024-07-24T12:29:07.618+0900] {dag.py:3947} INFO - Setting next_dagrun for example_xcom_args to None, run_after=None
[2024-07-24T12:29:07.620+0900] {logging_mixin.py:188} INFO - [2024-07-24T12:29:07.620+0900] {dag.py:3947} INFO - Setting next_dagrun for example_xcom_args_with_operators to None, run_after=None
[2024-07-24T12:29:07.631+0900] {processor.py:183} INFO - Processing /Users/DE32/.pyenv/versions/3.11.9/envs/note/lib/python3.11/site-packages/airflow/example_dags/example_xcomargs.py took 0.068 seconds
[2024-07-24T12:30:02.665+0900] {processor.py:161} INFO - Started process (PID=86744) to work on /Users/DE32/.pyenv/versions/3.11.9/envs/note/lib/python3.11/site-packages/airflow/example_dags/example_xcomargs.py
[2024-07-24T12:30:02.666+0900] {processor.py:830} INFO - Processing file /Users/DE32/.pyenv/versions/3.11.9/envs/note/lib/python3.11/site-packages/airflow/example_dags/example_xcomargs.py for tasks to queue
[2024-07-24T12:30:02.666+0900] {logging_mixin.py:188} INFO - [2024-07-24T12:30:02.666+0900] {dagbag.py:545} INFO - Filling up the DagBag from /Users/DE32/.pyenv/versions/3.11.9/envs/note/lib/python3.11/site-packages/airflow/example_dags/example_xcomargs.py
[2024-07-24T12:30:02.680+0900] {processor.py:840} INFO - DAG(s) 'example_xcom_args_with_operators', 'example_xcom_args' retrieved from /Users/DE32/.pyenv/versions/3.11.9/envs/note/lib/python3.11/site-packages/airflow/example_dags/example_xcomargs.py
[2024-07-24T12:30:02.715+0900] {logging_mixin.py:188} INFO - [2024-07-24T12:30:02.715+0900] {dag.py:3089} INFO - Sync 2 DAGs
[2024-07-24T12:30:02.718+0900] {logging_mixin.py:188} INFO - [2024-07-24T12:30:02.718+0900] {dag.py:3947} INFO - Setting next_dagrun for example_xcom_args to None, run_after=None
[2024-07-24T12:30:02.719+0900] {logging_mixin.py:188} INFO - [2024-07-24T12:30:02.719+0900] {dag.py:3947} INFO - Setting next_dagrun for example_xcom_args_with_operators to None, run_after=None
[2024-07-24T12:30:02.725+0900] {processor.py:183} INFO - Processing /Users/DE32/.pyenv/versions/3.11.9/envs/note/lib/python3.11/site-packages/airflow/example_dags/example_xcomargs.py took 0.061 seconds
