[2024-07-24T12:27:45.670+0900] {processor.py:161} INFO - Started process (PID=86479) to work on /Users/DE32/.pyenv/versions/3.11.9/envs/note/lib/python3.11/site-packages/airflow/example_dags/example_trigger_controller_dag.py
[2024-07-24T12:27:45.671+0900] {processor.py:830} INFO - Processing file /Users/DE32/.pyenv/versions/3.11.9/envs/note/lib/python3.11/site-packages/airflow/example_dags/example_trigger_controller_dag.py for tasks to queue
[2024-07-24T12:27:45.671+0900] {logging_mixin.py:188} INFO - [2024-07-24T12:27:45.671+0900] {dagbag.py:545} INFO - Filling up the DagBag from /Users/DE32/.pyenv/versions/3.11.9/envs/note/lib/python3.11/site-packages/airflow/example_dags/example_trigger_controller_dag.py
[2024-07-24T12:27:45.675+0900] {processor.py:840} INFO - DAG(s) 'example_trigger_controller_dag' retrieved from /Users/DE32/.pyenv/versions/3.11.9/envs/note/lib/python3.11/site-packages/airflow/example_dags/example_trigger_controller_dag.py
[2024-07-24T12:27:45.740+0900] {logging_mixin.py:188} INFO - [2024-07-24T12:27:45.740+0900] {override.py:1858} INFO - Created Permission View: can read on DAG:example_trigger_controller_dag
[2024-07-24T12:27:45.743+0900] {logging_mixin.py:188} INFO - [2024-07-24T12:27:45.743+0900] {override.py:1858} INFO - Created Permission View: can delete on DAG:example_trigger_controller_dag
[2024-07-24T12:27:45.745+0900] {logging_mixin.py:188} INFO - [2024-07-24T12:27:45.745+0900] {override.py:1858} INFO - Created Permission View: can edit on DAG:example_trigger_controller_dag
[2024-07-24T12:27:45.745+0900] {logging_mixin.py:188} INFO - [2024-07-24T12:27:45.745+0900] {dag.py:3089} INFO - Sync 1 DAGs
[2024-07-24T12:27:45.749+0900] {logging_mixin.py:188} INFO - [2024-07-24T12:27:45.749+0900] {dag.py:3111} INFO - Creating ORM DAG for example_trigger_controller_dag
[2024-07-24T12:27:45.751+0900] {logging_mixin.py:188} INFO - [2024-07-24T12:27:45.751+0900] {dag.py:3947} INFO - Setting next_dagrun for example_trigger_controller_dag to 2021-01-01 00:00:00+00:00, run_after=2021-01-01 00:00:00+00:00
[2024-07-24T12:27:45.757+0900] {processor.py:183} INFO - Processing /Users/DE32/.pyenv/versions/3.11.9/envs/note/lib/python3.11/site-packages/airflow/example_dags/example_trigger_controller_dag.py took 0.088 seconds
[2024-07-24T12:29:12.763+0900] {processor.py:161} INFO - Started process (PID=86688) to work on /Users/DE32/.pyenv/versions/3.11.9/envs/note/lib/python3.11/site-packages/airflow/example_dags/example_trigger_controller_dag.py
[2024-07-24T12:29:12.763+0900] {processor.py:830} INFO - Processing file /Users/DE32/.pyenv/versions/3.11.9/envs/note/lib/python3.11/site-packages/airflow/example_dags/example_trigger_controller_dag.py for tasks to queue
[2024-07-24T12:29:12.763+0900] {logging_mixin.py:188} INFO - [2024-07-24T12:29:12.763+0900] {dagbag.py:545} INFO - Filling up the DagBag from /Users/DE32/.pyenv/versions/3.11.9/envs/note/lib/python3.11/site-packages/airflow/example_dags/example_trigger_controller_dag.py
[2024-07-24T12:29:12.767+0900] {processor.py:840} INFO - DAG(s) 'example_trigger_controller_dag' retrieved from /Users/DE32/.pyenv/versions/3.11.9/envs/note/lib/python3.11/site-packages/airflow/example_dags/example_trigger_controller_dag.py
[2024-07-24T12:29:12.800+0900] {logging_mixin.py:188} INFO - [2024-07-24T12:29:12.799+0900] {dag.py:3089} INFO - Sync 1 DAGs
[2024-07-24T12:29:12.805+0900] {logging_mixin.py:188} INFO - [2024-07-24T12:29:12.805+0900] {dag.py:3947} INFO - Setting next_dagrun for example_trigger_controller_dag to 2021-01-01 00:00:00+00:00, run_after=2021-01-01 00:00:00+00:00
[2024-07-24T12:29:12.812+0900] {processor.py:183} INFO - Processing /Users/DE32/.pyenv/versions/3.11.9/envs/note/lib/python3.11/site-packages/airflow/example_dags/example_trigger_controller_dag.py took 0.051 seconds
[2024-07-24T12:30:07.815+0900] {processor.py:161} INFO - Started process (PID=86748) to work on /Users/DE32/.pyenv/versions/3.11.9/envs/note/lib/python3.11/site-packages/airflow/example_dags/example_trigger_controller_dag.py
[2024-07-24T12:30:07.815+0900] {processor.py:830} INFO - Processing file /Users/DE32/.pyenv/versions/3.11.9/envs/note/lib/python3.11/site-packages/airflow/example_dags/example_trigger_controller_dag.py for tasks to queue
[2024-07-24T12:30:07.816+0900] {logging_mixin.py:188} INFO - [2024-07-24T12:30:07.816+0900] {dagbag.py:545} INFO - Filling up the DagBag from /Users/DE32/.pyenv/versions/3.11.9/envs/note/lib/python3.11/site-packages/airflow/example_dags/example_trigger_controller_dag.py
[2024-07-24T12:30:07.820+0900] {processor.py:840} INFO - DAG(s) 'example_trigger_controller_dag' retrieved from /Users/DE32/.pyenv/versions/3.11.9/envs/note/lib/python3.11/site-packages/airflow/example_dags/example_trigger_controller_dag.py
[2024-07-24T12:30:07.852+0900] {logging_mixin.py:188} INFO - [2024-07-24T12:30:07.851+0900] {dag.py:3089} INFO - Sync 1 DAGs
[2024-07-24T12:30:07.857+0900] {logging_mixin.py:188} INFO - [2024-07-24T12:30:07.857+0900] {dag.py:3947} INFO - Setting next_dagrun for example_trigger_controller_dag to 2021-01-01 00:00:00+00:00, run_after=2021-01-01 00:00:00+00:00
[2024-07-24T12:30:07.864+0900] {processor.py:183} INFO - Processing /Users/DE32/.pyenv/versions/3.11.9/envs/note/lib/python3.11/site-packages/airflow/example_dags/example_trigger_controller_dag.py took 0.050 seconds
