[2024-07-24T12:27:41.978+0900] {processor.py:161} INFO - Started process (PID=86477) to work on /Users/DE32/.pyenv/versions/3.11.9/envs/note/lib/python3.11/site-packages/airflow/example_dags/example_xcom.py
[2024-07-24T12:27:41.978+0900] {processor.py:830} INFO - Processing file /Users/DE32/.pyenv/versions/3.11.9/envs/note/lib/python3.11/site-packages/airflow/example_dags/example_xcom.py for tasks to queue
[2024-07-24T12:27:41.978+0900] {logging_mixin.py:188} INFO - [2024-07-24T12:27:41.978+0900] {dagbag.py:545} INFO - Filling up the DagBag from /Users/DE32/.pyenv/versions/3.11.9/envs/note/lib/python3.11/site-packages/airflow/example_dags/example_xcom.py
[2024-07-24T12:27:41.993+0900] {processor.py:840} INFO - DAG(s) 'example_xcom' retrieved from /Users/DE32/.pyenv/versions/3.11.9/envs/note/lib/python3.11/site-packages/airflow/example_dags/example_xcom.py
[2024-07-24T12:27:42.063+0900] {logging_mixin.py:188} INFO - [2024-07-24T12:27:42.063+0900] {override.py:1858} INFO - Created Permission View: can read on DAG:example_xcom
[2024-07-24T12:27:42.067+0900] {logging_mixin.py:188} INFO - [2024-07-24T12:27:42.066+0900] {override.py:1858} INFO - Created Permission View: can edit on DAG:example_xcom
[2024-07-24T12:27:42.068+0900] {logging_mixin.py:188} INFO - [2024-07-24T12:27:42.068+0900] {override.py:1858} INFO - Created Permission View: can delete on DAG:example_xcom
[2024-07-24T12:27:42.068+0900] {logging_mixin.py:188} INFO - [2024-07-24T12:27:42.068+0900] {dag.py:3089} INFO - Sync 1 DAGs
[2024-07-24T12:27:42.103+0900] {logging_mixin.py:188} INFO - [2024-07-24T12:27:42.103+0900] {dag.py:3111} INFO - Creating ORM DAG for example_xcom
[2024-07-24T12:27:42.107+0900] {logging_mixin.py:188} INFO - [2024-07-24T12:27:42.107+0900] {dag.py:3947} INFO - Setting next_dagrun for example_xcom to 2021-01-01 00:00:00+00:00, run_after=2021-01-01 00:00:00+00:00
[2024-07-24T12:27:42.113+0900] {processor.py:183} INFO - Processing /Users/DE32/.pyenv/versions/3.11.9/envs/note/lib/python3.11/site-packages/airflow/example_dags/example_xcom.py took 0.136 seconds
[2024-07-24T12:29:09.297+0900] {processor.py:161} INFO - Started process (PID=86679) to work on /Users/DE32/.pyenv/versions/3.11.9/envs/note/lib/python3.11/site-packages/airflow/example_dags/example_xcom.py
[2024-07-24T12:29:09.297+0900] {processor.py:830} INFO - Processing file /Users/DE32/.pyenv/versions/3.11.9/envs/note/lib/python3.11/site-packages/airflow/example_dags/example_xcom.py for tasks to queue
[2024-07-24T12:29:09.297+0900] {logging_mixin.py:188} INFO - [2024-07-24T12:29:09.297+0900] {dagbag.py:545} INFO - Filling up the DagBag from /Users/DE32/.pyenv/versions/3.11.9/envs/note/lib/python3.11/site-packages/airflow/example_dags/example_xcom.py
[2024-07-24T12:29:09.311+0900] {processor.py:840} INFO - DAG(s) 'example_xcom' retrieved from /Users/DE32/.pyenv/versions/3.11.9/envs/note/lib/python3.11/site-packages/airflow/example_dags/example_xcom.py
[2024-07-24T12:29:09.345+0900] {logging_mixin.py:188} INFO - [2024-07-24T12:29:09.345+0900] {dag.py:3089} INFO - Sync 1 DAGs
[2024-07-24T12:29:09.351+0900] {logging_mixin.py:188} INFO - [2024-07-24T12:29:09.351+0900] {dag.py:3947} INFO - Setting next_dagrun for example_xcom to 2021-01-01 00:00:00+00:00, run_after=2021-01-01 00:00:00+00:00
[2024-07-24T12:29:09.357+0900] {processor.py:183} INFO - Processing /Users/DE32/.pyenv/versions/3.11.9/envs/note/lib/python3.11/site-packages/airflow/example_dags/example_xcom.py took 0.062 seconds
[2024-07-24T12:30:04.399+0900] {processor.py:161} INFO - Started process (PID=86745) to work on /Users/DE32/.pyenv/versions/3.11.9/envs/note/lib/python3.11/site-packages/airflow/example_dags/example_xcom.py
[2024-07-24T12:30:04.400+0900] {processor.py:830} INFO - Processing file /Users/DE32/.pyenv/versions/3.11.9/envs/note/lib/python3.11/site-packages/airflow/example_dags/example_xcom.py for tasks to queue
[2024-07-24T12:30:04.400+0900] {logging_mixin.py:188} INFO - [2024-07-24T12:30:04.400+0900] {dagbag.py:545} INFO - Filling up the DagBag from /Users/DE32/.pyenv/versions/3.11.9/envs/note/lib/python3.11/site-packages/airflow/example_dags/example_xcom.py
[2024-07-24T12:30:04.414+0900] {processor.py:840} INFO - DAG(s) 'example_xcom' retrieved from /Users/DE32/.pyenv/versions/3.11.9/envs/note/lib/python3.11/site-packages/airflow/example_dags/example_xcom.py
[2024-07-24T12:30:04.449+0900] {logging_mixin.py:188} INFO - [2024-07-24T12:30:04.449+0900] {dag.py:3089} INFO - Sync 1 DAGs
[2024-07-24T12:30:04.454+0900] {logging_mixin.py:188} INFO - [2024-07-24T12:30:04.454+0900] {dag.py:3947} INFO - Setting next_dagrun for example_xcom to 2021-01-01 00:00:00+00:00, run_after=2021-01-01 00:00:00+00:00
[2024-07-24T12:30:04.461+0900] {processor.py:183} INFO - Processing /Users/DE32/.pyenv/versions/3.11.9/envs/note/lib/python3.11/site-packages/airflow/example_dags/example_xcom.py took 0.062 seconds
