[2024-07-24T12:27:43.829+0900] {processor.py:161} INFO - Started process (PID=86478) to work on /Users/DE32/.pyenv/versions/3.11.9/envs/note/lib/python3.11/site-packages/airflow/example_dags/example_trigger_target_dag.py
[2024-07-24T12:27:43.830+0900] {processor.py:830} INFO - Processing file /Users/DE32/.pyenv/versions/3.11.9/envs/note/lib/python3.11/site-packages/airflow/example_dags/example_trigger_target_dag.py for tasks to queue
[2024-07-24T12:27:43.830+0900] {logging_mixin.py:188} INFO - [2024-07-24T12:27:43.830+0900] {dagbag.py:545} INFO - Filling up the DagBag from /Users/DE32/.pyenv/versions/3.11.9/envs/note/lib/python3.11/site-packages/airflow/example_dags/example_trigger_target_dag.py
[2024-07-24T12:27:43.844+0900] {processor.py:840} INFO - DAG(s) 'example_trigger_target_dag' retrieved from /Users/DE32/.pyenv/versions/3.11.9/envs/note/lib/python3.11/site-packages/airflow/example_dags/example_trigger_target_dag.py
[2024-07-24T12:27:43.910+0900] {logging_mixin.py:188} INFO - [2024-07-24T12:27:43.909+0900] {override.py:1858} INFO - Created Permission View: can delete on DAG:example_trigger_target_dag
[2024-07-24T12:27:43.913+0900] {logging_mixin.py:188} INFO - [2024-07-24T12:27:43.912+0900] {override.py:1858} INFO - Created Permission View: can read on DAG:example_trigger_target_dag
[2024-07-24T12:27:43.914+0900] {logging_mixin.py:188} INFO - [2024-07-24T12:27:43.914+0900] {override.py:1858} INFO - Created Permission View: can edit on DAG:example_trigger_target_dag
[2024-07-24T12:27:43.914+0900] {logging_mixin.py:188} INFO - [2024-07-24T12:27:43.914+0900] {dag.py:3089} INFO - Sync 1 DAGs
[2024-07-24T12:27:43.948+0900] {logging_mixin.py:188} INFO - [2024-07-24T12:27:43.947+0900] {dag.py:3111} INFO - Creating ORM DAG for example_trigger_target_dag
[2024-07-24T12:27:43.948+0900] {logging_mixin.py:188} INFO - [2024-07-24T12:27:43.948+0900] {dag.py:3947} INFO - Setting next_dagrun for example_trigger_target_dag to None, run_after=None
[2024-07-24T12:27:43.954+0900] {processor.py:183} INFO - Processing /Users/DE32/.pyenv/versions/3.11.9/envs/note/lib/python3.11/site-packages/airflow/example_dags/example_trigger_target_dag.py took 0.126 seconds
[2024-07-24T12:29:11.026+0900] {processor.py:161} INFO - Started process (PID=86684) to work on /Users/DE32/.pyenv/versions/3.11.9/envs/note/lib/python3.11/site-packages/airflow/example_dags/example_trigger_target_dag.py
[2024-07-24T12:29:11.027+0900] {processor.py:830} INFO - Processing file /Users/DE32/.pyenv/versions/3.11.9/envs/note/lib/python3.11/site-packages/airflow/example_dags/example_trigger_target_dag.py for tasks to queue
[2024-07-24T12:29:11.027+0900] {logging_mixin.py:188} INFO - [2024-07-24T12:29:11.027+0900] {dagbag.py:545} INFO - Filling up the DagBag from /Users/DE32/.pyenv/versions/3.11.9/envs/note/lib/python3.11/site-packages/airflow/example_dags/example_trigger_target_dag.py
[2024-07-24T12:29:11.040+0900] {processor.py:840} INFO - DAG(s) 'example_trigger_target_dag' retrieved from /Users/DE32/.pyenv/versions/3.11.9/envs/note/lib/python3.11/site-packages/airflow/example_dags/example_trigger_target_dag.py
[2024-07-24T12:29:11.074+0900] {logging_mixin.py:188} INFO - [2024-07-24T12:29:11.074+0900] {dag.py:3089} INFO - Sync 1 DAGs
[2024-07-24T12:29:11.077+0900] {logging_mixin.py:188} INFO - [2024-07-24T12:29:11.077+0900] {dag.py:3947} INFO - Setting next_dagrun for example_trigger_target_dag to None, run_after=None
[2024-07-24T12:29:11.084+0900] {processor.py:183} INFO - Processing /Users/DE32/.pyenv/versions/3.11.9/envs/note/lib/python3.11/site-packages/airflow/example_dags/example_trigger_target_dag.py took 0.059 seconds
[2024-07-24T12:30:06.110+0900] {processor.py:161} INFO - Started process (PID=86747) to work on /Users/DE32/.pyenv/versions/3.11.9/envs/note/lib/python3.11/site-packages/airflow/example_dags/example_trigger_target_dag.py
[2024-07-24T12:30:06.111+0900] {processor.py:830} INFO - Processing file /Users/DE32/.pyenv/versions/3.11.9/envs/note/lib/python3.11/site-packages/airflow/example_dags/example_trigger_target_dag.py for tasks to queue
[2024-07-24T12:30:06.111+0900] {logging_mixin.py:188} INFO - [2024-07-24T12:30:06.111+0900] {dagbag.py:545} INFO - Filling up the DagBag from /Users/DE32/.pyenv/versions/3.11.9/envs/note/lib/python3.11/site-packages/airflow/example_dags/example_trigger_target_dag.py
[2024-07-24T12:30:06.124+0900] {processor.py:840} INFO - DAG(s) 'example_trigger_target_dag' retrieved from /Users/DE32/.pyenv/versions/3.11.9/envs/note/lib/python3.11/site-packages/airflow/example_dags/example_trigger_target_dag.py
[2024-07-24T12:30:06.158+0900] {logging_mixin.py:188} INFO - [2024-07-24T12:30:06.158+0900] {dag.py:3089} INFO - Sync 1 DAGs
[2024-07-24T12:30:06.161+0900] {logging_mixin.py:188} INFO - [2024-07-24T12:30:06.161+0900] {dag.py:3947} INFO - Setting next_dagrun for example_trigger_target_dag to None, run_after=None
[2024-07-24T12:30:06.168+0900] {processor.py:183} INFO - Processing /Users/DE32/.pyenv/versions/3.11.9/envs/note/lib/python3.11/site-packages/airflow/example_dags/example_trigger_target_dag.py took 0.059 seconds
