[2024-07-24T12:28:10.549+0900] {processor.py:161} INFO - Started process (PID=86494) to work on /Users/DE32/.pyenv/versions/3.11.9/envs/note/lib/python3.11/site-packages/airflow/example_dags/example_python_decorator.py
[2024-07-24T12:28:10.550+0900] {processor.py:830} INFO - Processing file /Users/DE32/.pyenv/versions/3.11.9/envs/note/lib/python3.11/site-packages/airflow/example_dags/example_python_decorator.py for tasks to queue
[2024-07-24T12:28:10.550+0900] {logging_mixin.py:188} INFO - [2024-07-24T12:28:10.550+0900] {dagbag.py:545} INFO - Filling up the DagBag from /Users/DE32/.pyenv/versions/3.11.9/envs/note/lib/python3.11/site-packages/airflow/example_dags/example_python_decorator.py
[2024-07-24T12:28:10.564+0900] {logging_mixin.py:188} INFO - [2024-07-24T12:28:10.563+0900] {example_python_decorator.py:80} WARNING - The virtalenv_python example task requires virtualenv, please install it.
[2024-07-24T12:28:10.564+0900] {processor.py:840} INFO - DAG(s) 'example_python_decorator' retrieved from /Users/DE32/.pyenv/versions/3.11.9/envs/note/lib/python3.11/site-packages/airflow/example_dags/example_python_decorator.py
[2024-07-24T12:28:10.629+0900] {logging_mixin.py:188} INFO - [2024-07-24T12:28:10.628+0900] {override.py:1858} INFO - Created Permission View: can edit on DAG:example_python_decorator
[2024-07-24T12:28:10.631+0900] {logging_mixin.py:188} INFO - [2024-07-24T12:28:10.631+0900] {override.py:1858} INFO - Created Permission View: can delete on DAG:example_python_decorator
[2024-07-24T12:28:10.633+0900] {logging_mixin.py:188} INFO - [2024-07-24T12:28:10.633+0900] {override.py:1858} INFO - Created Permission View: can read on DAG:example_python_decorator
[2024-07-24T12:28:10.634+0900] {logging_mixin.py:188} INFO - [2024-07-24T12:28:10.634+0900] {dag.py:3089} INFO - Sync 1 DAGs
[2024-07-24T12:28:10.665+0900] {logging_mixin.py:188} INFO - [2024-07-24T12:28:10.664+0900] {dag.py:3111} INFO - Creating ORM DAG for example_python_decorator
[2024-07-24T12:28:10.665+0900] {logging_mixin.py:188} INFO - [2024-07-24T12:28:10.665+0900] {dag.py:3947} INFO - Setting next_dagrun for example_python_decorator to None, run_after=None
[2024-07-24T12:28:10.671+0900] {processor.py:183} INFO - Processing /Users/DE32/.pyenv/versions/3.11.9/envs/note/lib/python3.11/site-packages/airflow/example_dags/example_python_decorator.py took 0.122 seconds
[2024-07-24T12:29:35.206+0900] {processor.py:161} INFO - Started process (PID=86702) to work on /Users/DE32/.pyenv/versions/3.11.9/envs/note/lib/python3.11/site-packages/airflow/example_dags/example_python_decorator.py
[2024-07-24T12:29:35.206+0900] {processor.py:830} INFO - Processing file /Users/DE32/.pyenv/versions/3.11.9/envs/note/lib/python3.11/site-packages/airflow/example_dags/example_python_decorator.py for tasks to queue
[2024-07-24T12:29:35.207+0900] {logging_mixin.py:188} INFO - [2024-07-24T12:29:35.206+0900] {dagbag.py:545} INFO - Filling up the DagBag from /Users/DE32/.pyenv/versions/3.11.9/envs/note/lib/python3.11/site-packages/airflow/example_dags/example_python_decorator.py
[2024-07-24T12:29:35.221+0900] {logging_mixin.py:188} INFO - [2024-07-24T12:29:35.221+0900] {example_python_decorator.py:80} WARNING - The virtalenv_python example task requires virtualenv, please install it.
[2024-07-24T12:29:35.221+0900] {processor.py:840} INFO - DAG(s) 'example_python_decorator' retrieved from /Users/DE32/.pyenv/versions/3.11.9/envs/note/lib/python3.11/site-packages/airflow/example_dags/example_python_decorator.py
[2024-07-24T12:29:35.256+0900] {logging_mixin.py:188} INFO - [2024-07-24T12:29:35.256+0900] {dag.py:3089} INFO - Sync 1 DAGs
[2024-07-24T12:29:35.259+0900] {logging_mixin.py:188} INFO - [2024-07-24T12:29:35.259+0900] {dag.py:3947} INFO - Setting next_dagrun for example_python_decorator to None, run_after=None
[2024-07-24T12:29:35.266+0900] {processor.py:183} INFO - Processing /Users/DE32/.pyenv/versions/3.11.9/envs/note/lib/python3.11/site-packages/airflow/example_dags/example_python_decorator.py took 0.061 seconds
