[2024-07-24T12:27:49.075+0900] {processor.py:161} INFO - Started process (PID=86481) to work on /Users/DE32/.pyenv/versions/3.11.9/envs/note/lib/python3.11/site-packages/airflow/example_dags/example_task_group_decorator.py
[2024-07-24T12:27:49.075+0900] {processor.py:830} INFO - Processing file /Users/DE32/.pyenv/versions/3.11.9/envs/note/lib/python3.11/site-packages/airflow/example_dags/example_task_group_decorator.py for tasks to queue
[2024-07-24T12:27:49.076+0900] {logging_mixin.py:188} INFO - [2024-07-24T12:27:49.076+0900] {dagbag.py:545} INFO - Filling up the DagBag from /Users/DE32/.pyenv/versions/3.11.9/envs/note/lib/python3.11/site-packages/airflow/example_dags/example_task_group_decorator.py
[2024-07-24T12:27:49.092+0900] {processor.py:840} INFO - DAG(s) 'example_task_group_decorator' retrieved from /Users/DE32/.pyenv/versions/3.11.9/envs/note/lib/python3.11/site-packages/airflow/example_dags/example_task_group_decorator.py
[2024-07-24T12:27:49.160+0900] {logging_mixin.py:188} INFO - [2024-07-24T12:27:49.160+0900] {override.py:1858} INFO - Created Permission View: can read on DAG:example_task_group_decorator
[2024-07-24T12:27:49.163+0900] {logging_mixin.py:188} INFO - [2024-07-24T12:27:49.163+0900] {override.py:1858} INFO - Created Permission View: can delete on DAG:example_task_group_decorator
[2024-07-24T12:27:49.165+0900] {logging_mixin.py:188} INFO - [2024-07-24T12:27:49.165+0900] {override.py:1858} INFO - Created Permission View: can edit on DAG:example_task_group_decorator
[2024-07-24T12:27:49.165+0900] {logging_mixin.py:188} INFO - [2024-07-24T12:27:49.165+0900] {dag.py:3089} INFO - Sync 1 DAGs
[2024-07-24T12:27:49.198+0900] {logging_mixin.py:188} INFO - [2024-07-24T12:27:49.197+0900] {dag.py:3111} INFO - Creating ORM DAG for example_task_group_decorator
[2024-07-24T12:27:49.201+0900] {logging_mixin.py:188} INFO - [2024-07-24T12:27:49.200+0900] {dag.py:3947} INFO - Setting next_dagrun for example_task_group_decorator to 2024-07-23 00:00:00+00:00, run_after=2024-07-24 00:00:00+00:00
[2024-07-24T12:27:49.207+0900] {processor.py:183} INFO - Processing /Users/DE32/.pyenv/versions/3.11.9/envs/note/lib/python3.11/site-packages/airflow/example_dags/example_task_group_decorator.py took 0.134 seconds
[2024-07-24T12:29:14.588+0900] {processor.py:161} INFO - Started process (PID=86690) to work on /Users/DE32/.pyenv/versions/3.11.9/envs/note/lib/python3.11/site-packages/airflow/example_dags/example_task_group_decorator.py
[2024-07-24T12:29:14.588+0900] {processor.py:830} INFO - Processing file /Users/DE32/.pyenv/versions/3.11.9/envs/note/lib/python3.11/site-packages/airflow/example_dags/example_task_group_decorator.py for tasks to queue
[2024-07-24T12:29:14.588+0900] {logging_mixin.py:188} INFO - [2024-07-24T12:29:14.588+0900] {dagbag.py:545} INFO - Filling up the DagBag from /Users/DE32/.pyenv/versions/3.11.9/envs/note/lib/python3.11/site-packages/airflow/example_dags/example_task_group_decorator.py
[2024-07-24T12:29:14.604+0900] {processor.py:840} INFO - DAG(s) 'example_task_group_decorator' retrieved from /Users/DE32/.pyenv/versions/3.11.9/envs/note/lib/python3.11/site-packages/airflow/example_dags/example_task_group_decorator.py
[2024-07-24T12:29:14.640+0900] {logging_mixin.py:188} INFO - [2024-07-24T12:29:14.640+0900] {dag.py:3089} INFO - Sync 1 DAGs
[2024-07-24T12:29:14.646+0900] {logging_mixin.py:188} INFO - [2024-07-24T12:29:14.646+0900] {dag.py:3947} INFO - Setting next_dagrun for example_task_group_decorator to 2024-07-23 00:00:00+00:00, run_after=2024-07-24 00:00:00+00:00
[2024-07-24T12:29:14.652+0900] {processor.py:183} INFO - Processing /Users/DE32/.pyenv/versions/3.11.9/envs/note/lib/python3.11/site-packages/airflow/example_dags/example_task_group_decorator.py took 0.066 seconds
[2024-07-24T12:30:11.251+0900] {processor.py:161} INFO - Started process (PID=86750) to work on /Users/DE32/.pyenv/versions/3.11.9/envs/note/lib/python3.11/site-packages/airflow/example_dags/example_task_group_decorator.py
[2024-07-24T12:30:11.252+0900] {processor.py:830} INFO - Processing file /Users/DE32/.pyenv/versions/3.11.9/envs/note/lib/python3.11/site-packages/airflow/example_dags/example_task_group_decorator.py for tasks to queue
[2024-07-24T12:30:11.252+0900] {logging_mixin.py:188} INFO - [2024-07-24T12:30:11.252+0900] {dagbag.py:545} INFO - Filling up the DagBag from /Users/DE32/.pyenv/versions/3.11.9/envs/note/lib/python3.11/site-packages/airflow/example_dags/example_task_group_decorator.py
[2024-07-24T12:30:11.268+0900] {processor.py:840} INFO - DAG(s) 'example_task_group_decorator' retrieved from /Users/DE32/.pyenv/versions/3.11.9/envs/note/lib/python3.11/site-packages/airflow/example_dags/example_task_group_decorator.py
[2024-07-24T12:30:11.305+0900] {logging_mixin.py:188} INFO - [2024-07-24T12:30:11.305+0900] {dag.py:3089} INFO - Sync 1 DAGs
[2024-07-24T12:30:11.311+0900] {logging_mixin.py:188} INFO - [2024-07-24T12:30:11.310+0900] {dag.py:3947} INFO - Setting next_dagrun for example_task_group_decorator to 2024-07-23 00:00:00+00:00, run_after=2024-07-24 00:00:00+00:00
[2024-07-24T12:30:11.317+0900] {processor.py:183} INFO - Processing /Users/DE32/.pyenv/versions/3.11.9/envs/note/lib/python3.11/site-packages/airflow/example_dags/example_task_group_decorator.py took 0.067 seconds
