[2024-07-24T12:28:33.156+0900] {processor.py:161} INFO - Started process (PID=86516) to work on /Users/DE32/.pyenv/versions/3.11.9/envs/note/lib/python3.11/site-packages/airflow/example_dags/example_datasets.py
[2024-07-24T12:28:33.157+0900] {processor.py:830} INFO - Processing file /Users/DE32/.pyenv/versions/3.11.9/envs/note/lib/python3.11/site-packages/airflow/example_dags/example_datasets.py for tasks to queue
[2024-07-24T12:28:33.157+0900] {logging_mixin.py:188} INFO - [2024-07-24T12:28:33.157+0900] {dagbag.py:545} INFO - Filling up the DagBag from /Users/DE32/.pyenv/versions/3.11.9/envs/note/lib/python3.11/site-packages/airflow/example_dags/example_datasets.py
[2024-07-24T12:28:33.176+0900] {processor.py:840} INFO - DAG(s) 'consume_1_or_2_with_dataset_expressions', 'dataset_consumes_1', 'dataset_produces_1', 'dataset_produces_2', 'dataset_consumes_1_and_2', 'consume_1_and_2_with_dataset_expressions', 'consume_1_or_both_2_and_3_with_dataset_expressions', 'dataset_consumes_1_never_scheduled', 'conditional_dataset_and_time_based_timetable', 'dataset_consumes_unknown_never_scheduled' retrieved from /Users/DE32/.pyenv/versions/3.11.9/envs/note/lib/python3.11/site-packages/airflow/example_dags/example_datasets.py
[2024-07-24T12:28:33.293+0900] {logging_mixin.py:188} INFO - [2024-07-24T12:28:33.292+0900] {override.py:1858} INFO - Created Permission View: can read on DAG:consume_1_or_2_with_dataset_expressions
[2024-07-24T12:28:33.296+0900] {logging_mixin.py:188} INFO - [2024-07-24T12:28:33.296+0900] {override.py:1858} INFO - Created Permission View: can delete on DAG:consume_1_or_2_with_dataset_expressions
[2024-07-24T12:28:33.298+0900] {logging_mixin.py:188} INFO - [2024-07-24T12:28:33.298+0900] {override.py:1858} INFO - Created Permission View: can edit on DAG:consume_1_or_2_with_dataset_expressions
[2024-07-24T12:28:33.303+0900] {logging_mixin.py:188} INFO - [2024-07-24T12:28:33.303+0900] {override.py:1858} INFO - Created Permission View: can read on DAG:dataset_consumes_1
[2024-07-24T12:28:33.306+0900] {logging_mixin.py:188} INFO - [2024-07-24T12:28:33.306+0900] {override.py:1858} INFO - Created Permission View: can delete on DAG:dataset_consumes_1
[2024-07-24T12:28:33.309+0900] {logging_mixin.py:188} INFO - [2024-07-24T12:28:33.309+0900] {override.py:1858} INFO - Created Permission View: can edit on DAG:dataset_consumes_1
[2024-07-24T12:28:33.313+0900] {logging_mixin.py:188} INFO - [2024-07-24T12:28:33.313+0900] {override.py:1858} INFO - Created Permission View: can read on DAG:dataset_produces_1
[2024-07-24T12:28:33.314+0900] {logging_mixin.py:188} INFO - [2024-07-24T12:28:33.314+0900] {override.py:1858} INFO - Created Permission View: can delete on DAG:dataset_produces_1
[2024-07-24T12:28:33.316+0900] {logging_mixin.py:188} INFO - [2024-07-24T12:28:33.316+0900] {override.py:1858} INFO - Created Permission View: can edit on DAG:dataset_produces_1
[2024-07-24T12:28:33.322+0900] {logging_mixin.py:188} INFO - [2024-07-24T12:28:33.322+0900] {override.py:1858} INFO - Created Permission View: can read on DAG:dataset_produces_2
[2024-07-24T12:28:33.324+0900] {logging_mixin.py:188} INFO - [2024-07-24T12:28:33.324+0900] {override.py:1858} INFO - Created Permission View: can delete on DAG:dataset_produces_2
[2024-07-24T12:28:33.326+0900] {logging_mixin.py:188} INFO - [2024-07-24T12:28:33.326+0900] {override.py:1858} INFO - Created Permission View: can edit on DAG:dataset_produces_2
[2024-07-24T12:28:33.330+0900] {logging_mixin.py:188} INFO - [2024-07-24T12:28:33.330+0900] {override.py:1858} INFO - Created Permission View: can read on DAG:dataset_consumes_1_and_2
[2024-07-24T12:28:33.332+0900] {logging_mixin.py:188} INFO - [2024-07-24T12:28:33.332+0900] {override.py:1858} INFO - Created Permission View: can delete on DAG:dataset_consumes_1_and_2
[2024-07-24T12:28:33.334+0900] {logging_mixin.py:188} INFO - [2024-07-24T12:28:33.334+0900] {override.py:1858} INFO - Created Permission View: can edit on DAG:dataset_consumes_1_and_2
[2024-07-24T12:28:33.339+0900] {logging_mixin.py:188} INFO - [2024-07-24T12:28:33.339+0900] {override.py:1858} INFO - Created Permission View: can read on DAG:consume_1_and_2_with_dataset_expressions
[2024-07-24T12:28:33.341+0900] {logging_mixin.py:188} INFO - [2024-07-24T12:28:33.341+0900] {override.py:1858} INFO - Created Permission View: can delete on DAG:consume_1_and_2_with_dataset_expressions
[2024-07-24T12:28:33.343+0900] {logging_mixin.py:188} INFO - [2024-07-24T12:28:33.343+0900] {override.py:1858} INFO - Created Permission View: can edit on DAG:consume_1_and_2_with_dataset_expressions
[2024-07-24T12:28:33.347+0900] {logging_mixin.py:188} INFO - [2024-07-24T12:28:33.347+0900] {override.py:1858} INFO - Created Permission View: can read on DAG:consume_1_or_both_2_and_3_with_dataset_expressions
[2024-07-24T12:28:33.349+0900] {logging_mixin.py:188} INFO - [2024-07-24T12:28:33.349+0900] {override.py:1858} INFO - Created Permission View: can delete on DAG:consume_1_or_both_2_and_3_with_dataset_expressions
[2024-07-24T12:28:33.351+0900] {logging_mixin.py:188} INFO - [2024-07-24T12:28:33.351+0900] {override.py:1858} INFO - Created Permission View: can edit on DAG:consume_1_or_both_2_and_3_with_dataset_expressions
[2024-07-24T12:28:33.356+0900] {logging_mixin.py:188} INFO - [2024-07-24T12:28:33.356+0900] {override.py:1858} INFO - Created Permission View: can read on DAG:dataset_consumes_1_never_scheduled
[2024-07-24T12:28:33.358+0900] {logging_mixin.py:188} INFO - [2024-07-24T12:28:33.358+0900] {override.py:1858} INFO - Created Permission View: can delete on DAG:dataset_consumes_1_never_scheduled
[2024-07-24T12:28:33.363+0900] {logging_mixin.py:188} INFO - [2024-07-24T12:28:33.362+0900] {override.py:1858} INFO - Created Permission View: can edit on DAG:dataset_consumes_1_never_scheduled
[2024-07-24T12:28:33.369+0900] {logging_mixin.py:188} INFO - [2024-07-24T12:28:33.369+0900] {override.py:1858} INFO - Created Permission View: can read on DAG:conditional_dataset_and_time_based_timetable
[2024-07-24T12:28:33.371+0900] {logging_mixin.py:188} INFO - [2024-07-24T12:28:33.371+0900] {override.py:1858} INFO - Created Permission View: can delete on DAG:conditional_dataset_and_time_based_timetable
[2024-07-24T12:28:33.374+0900] {logging_mixin.py:188} INFO - [2024-07-24T12:28:33.373+0900] {override.py:1858} INFO - Created Permission View: can edit on DAG:conditional_dataset_and_time_based_timetable
[2024-07-24T12:28:33.379+0900] {logging_mixin.py:188} INFO - [2024-07-24T12:28:33.379+0900] {override.py:1858} INFO - Created Permission View: can read on DAG:dataset_consumes_unknown_never_scheduled
[2024-07-24T12:28:33.381+0900] {logging_mixin.py:188} INFO - [2024-07-24T12:28:33.381+0900] {override.py:1858} INFO - Created Permission View: can delete on DAG:dataset_consumes_unknown_never_scheduled
[2024-07-24T12:28:33.383+0900] {logging_mixin.py:188} INFO - [2024-07-24T12:28:33.383+0900] {override.py:1858} INFO - Created Permission View: can edit on DAG:dataset_consumes_unknown_never_scheduled
[2024-07-24T12:28:33.383+0900] {logging_mixin.py:188} INFO - [2024-07-24T12:28:33.383+0900] {dag.py:3089} INFO - Sync 10 DAGs
[2024-07-24T12:28:33.387+0900] {logging_mixin.py:188} INFO - [2024-07-24T12:28:33.387+0900] {dag.py:3111} INFO - Creating ORM DAG for dataset_produces_1
[2024-07-24T12:28:33.387+0900] {logging_mixin.py:188} INFO - [2024-07-24T12:28:33.387+0900] {dag.py:3111} INFO - Creating ORM DAG for consume_1_or_both_2_and_3_with_dataset_expressions
[2024-07-24T12:28:33.387+0900] {logging_mixin.py:188} INFO - [2024-07-24T12:28:33.387+0900] {dag.py:3111} INFO - Creating ORM DAG for dataset_consumes_unknown_never_scheduled
[2024-07-24T12:28:33.388+0900] {logging_mixin.py:188} INFO - [2024-07-24T12:28:33.387+0900] {dag.py:3111} INFO - Creating ORM DAG for conditional_dataset_and_time_based_timetable
[2024-07-24T12:28:33.388+0900] {logging_mixin.py:188} INFO - [2024-07-24T12:28:33.388+0900] {dag.py:3111} INFO - Creating ORM DAG for consume_1_or_2_with_dataset_expressions
[2024-07-24T12:28:33.388+0900] {logging_mixin.py:188} INFO - [2024-07-24T12:28:33.388+0900] {dag.py:3111} INFO - Creating ORM DAG for dataset_produces_2
[2024-07-24T12:28:33.388+0900] {logging_mixin.py:188} INFO - [2024-07-24T12:28:33.388+0900] {dag.py:3111} INFO - Creating ORM DAG for consume_1_and_2_with_dataset_expressions
[2024-07-24T12:28:33.389+0900] {logging_mixin.py:188} INFO - [2024-07-24T12:28:33.388+0900] {dag.py:3111} INFO - Creating ORM DAG for dataset_consumes_1
[2024-07-24T12:28:33.389+0900] {logging_mixin.py:188} INFO - [2024-07-24T12:28:33.389+0900] {dag.py:3111} INFO - Creating ORM DAG for dataset_consumes_1_never_scheduled
[2024-07-24T12:28:33.389+0900] {logging_mixin.py:188} INFO - [2024-07-24T12:28:33.389+0900] {dag.py:3111} INFO - Creating ORM DAG for dataset_consumes_1_and_2
[2024-07-24T12:28:33.392+0900] {logging_mixin.py:188} INFO - [2024-07-24T12:28:33.392+0900] {dag.py:3947} INFO - Setting next_dagrun for conditional_dataset_and_time_based_timetable to 2024-07-24 01:00:00+00:00, run_after=2024-07-24 01:00:00+00:00
[2024-07-24T12:28:33.393+0900] {logging_mixin.py:188} INFO - [2024-07-24T12:28:33.393+0900] {dag.py:3947} INFO - Setting next_dagrun for consume_1_and_2_with_dataset_expressions to None, run_after=None
[2024-07-24T12:28:33.393+0900] {logging_mixin.py:188} INFO - [2024-07-24T12:28:33.393+0900] {dag.py:3947} INFO - Setting next_dagrun for consume_1_or_2_with_dataset_expressions to None, run_after=None
[2024-07-24T12:28:33.393+0900] {logging_mixin.py:188} INFO - [2024-07-24T12:28:33.393+0900] {dag.py:3947} INFO - Setting next_dagrun for consume_1_or_both_2_and_3_with_dataset_expressions to None, run_after=None
[2024-07-24T12:28:33.393+0900] {logging_mixin.py:188} INFO - [2024-07-24T12:28:33.393+0900] {dag.py:3947} INFO - Setting next_dagrun for dataset_consumes_1 to None, run_after=None
[2024-07-24T12:28:33.393+0900] {logging_mixin.py:188} INFO - [2024-07-24T12:28:33.393+0900] {dag.py:3947} INFO - Setting next_dagrun for dataset_consumes_1_and_2 to None, run_after=None
[2024-07-24T12:28:33.394+0900] {logging_mixin.py:188} INFO - [2024-07-24T12:28:33.394+0900] {dag.py:3947} INFO - Setting next_dagrun for dataset_consumes_1_never_scheduled to None, run_after=None
[2024-07-24T12:28:33.394+0900] {logging_mixin.py:188} INFO - [2024-07-24T12:28:33.394+0900] {dag.py:3947} INFO - Setting next_dagrun for dataset_consumes_unknown_never_scheduled to None, run_after=None
[2024-07-24T12:28:33.394+0900] {logging_mixin.py:188} INFO - [2024-07-24T12:28:33.394+0900] {dag.py:3947} INFO - Setting next_dagrun for dataset_produces_1 to 2024-07-23 00:00:00+00:00, run_after=2024-07-24 00:00:00+00:00
[2024-07-24T12:28:33.395+0900] {logging_mixin.py:188} INFO - [2024-07-24T12:28:33.395+0900] {dag.py:3947} INFO - Setting next_dagrun for dataset_produces_2 to None, run_after=None
[2024-07-24T12:28:33.445+0900] {processor.py:183} INFO - Processing /Users/DE32/.pyenv/versions/3.11.9/envs/note/lib/python3.11/site-packages/airflow/example_dags/example_datasets.py took 0.290 seconds
[2024-07-24T12:30:24.972+0900] {processor.py:161} INFO - Started process (PID=86758) to work on /Users/DE32/.pyenv/versions/3.11.9/envs/note/lib/python3.11/site-packages/airflow/example_dags/example_datasets.py
[2024-07-24T12:30:24.972+0900] {processor.py:830} INFO - Processing file /Users/DE32/.pyenv/versions/3.11.9/envs/note/lib/python3.11/site-packages/airflow/example_dags/example_datasets.py for tasks to queue
[2024-07-24T12:30:24.972+0900] {logging_mixin.py:188} INFO - [2024-07-24T12:30:24.972+0900] {dagbag.py:545} INFO - Filling up the DagBag from /Users/DE32/.pyenv/versions/3.11.9/envs/note/lib/python3.11/site-packages/airflow/example_dags/example_datasets.py
[2024-07-24T12:30:24.987+0900] {processor.py:840} INFO - DAG(s) 'consume_1_and_2_with_dataset_expressions', 'dataset_consumes_1_and_2', 'consume_1_or_both_2_and_3_with_dataset_expressions', 'conditional_dataset_and_time_based_timetable', 'dataset_consumes_1', 'dataset_consumes_unknown_never_scheduled', 'dataset_produces_2', 'dataset_produces_1', 'dataset_consumes_1_never_scheduled', 'consume_1_or_2_with_dataset_expressions' retrieved from /Users/DE32/.pyenv/versions/3.11.9/envs/note/lib/python3.11/site-packages/airflow/example_dags/example_datasets.py
[2024-07-24T12:30:25.030+0900] {logging_mixin.py:188} INFO - [2024-07-24T12:30:25.030+0900] {dag.py:3089} INFO - Sync 10 DAGs
[2024-07-24T12:30:25.037+0900] {logging_mixin.py:188} INFO - [2024-07-24T12:30:25.037+0900] {dag.py:3947} INFO - Setting next_dagrun for conditional_dataset_and_time_based_timetable to 2024-07-24 01:00:00+00:00, run_after=2024-07-24 01:00:00+00:00
[2024-07-24T12:30:25.039+0900] {logging_mixin.py:188} INFO - [2024-07-24T12:30:25.038+0900] {dag.py:3947} INFO - Setting next_dagrun for consume_1_and_2_with_dataset_expressions to None, run_after=None
[2024-07-24T12:30:25.039+0900] {logging_mixin.py:188} INFO - [2024-07-24T12:30:25.039+0900] {dag.py:3947} INFO - Setting next_dagrun for consume_1_or_2_with_dataset_expressions to None, run_after=None
[2024-07-24T12:30:25.039+0900] {logging_mixin.py:188} INFO - [2024-07-24T12:30:25.039+0900] {dag.py:3947} INFO - Setting next_dagrun for consume_1_or_both_2_and_3_with_dataset_expressions to None, run_after=None
[2024-07-24T12:30:25.039+0900] {logging_mixin.py:188} INFO - [2024-07-24T12:30:25.039+0900] {dag.py:3947} INFO - Setting next_dagrun for dataset_consumes_1 to None, run_after=None
[2024-07-24T12:30:25.040+0900] {logging_mixin.py:188} INFO - [2024-07-24T12:30:25.040+0900] {dag.py:3947} INFO - Setting next_dagrun for dataset_consumes_1_and_2 to None, run_after=None
[2024-07-24T12:30:25.040+0900] {logging_mixin.py:188} INFO - [2024-07-24T12:30:25.040+0900] {dag.py:3947} INFO - Setting next_dagrun for dataset_consumes_1_never_scheduled to None, run_after=None
[2024-07-24T12:30:25.040+0900] {logging_mixin.py:188} INFO - [2024-07-24T12:30:25.040+0900] {dag.py:3947} INFO - Setting next_dagrun for dataset_consumes_unknown_never_scheduled to None, run_after=None
[2024-07-24T12:30:25.041+0900] {logging_mixin.py:188} INFO - [2024-07-24T12:30:25.041+0900] {dag.py:3947} INFO - Setting next_dagrun for dataset_produces_1 to 2024-07-23 00:00:00+00:00, run_after=2024-07-24 00:00:00+00:00
[2024-07-24T12:30:25.041+0900] {logging_mixin.py:188} INFO - [2024-07-24T12:30:25.041+0900] {dag.py:3947} INFO - Setting next_dagrun for dataset_produces_2 to None, run_after=None
[2024-07-24T12:30:25.050+0900] {processor.py:183} INFO - Processing /Users/DE32/.pyenv/versions/3.11.9/envs/note/lib/python3.11/site-packages/airflow/example_dags/example_datasets.py took 0.080 seconds
