[2024-07-24T12:27:33.225+0900] {processor.py:161} INFO - Started process (PID=86472) to work on /Users/DE32/.pyenv/versions/3.11.9/envs/note/lib/python3.11/site-packages/airflow/example_dags/tutorial_taskflow_api.py
[2024-07-24T12:27:33.226+0900] {processor.py:830} INFO - Processing file /Users/DE32/.pyenv/versions/3.11.9/envs/note/lib/python3.11/site-packages/airflow/example_dags/tutorial_taskflow_api.py for tasks to queue
[2024-07-24T12:27:33.226+0900] {logging_mixin.py:188} INFO - [2024-07-24T12:27:33.226+0900] {dagbag.py:545} INFO - Filling up the DagBag from /Users/DE32/.pyenv/versions/3.11.9/envs/note/lib/python3.11/site-packages/airflow/example_dags/tutorial_taskflow_api.py
[2024-07-24T12:27:33.239+0900] {processor.py:840} INFO - DAG(s) 'tutorial_taskflow_api' retrieved from /Users/DE32/.pyenv/versions/3.11.9/envs/note/lib/python3.11/site-packages/airflow/example_dags/tutorial_taskflow_api.py
[2024-07-24T12:27:33.304+0900] {logging_mixin.py:188} INFO - [2024-07-24T12:27:33.304+0900] {override.py:1858} INFO - Created Permission View: can read on DAG:tutorial_taskflow_api
[2024-07-24T12:27:33.307+0900] {logging_mixin.py:188} INFO - [2024-07-24T12:27:33.307+0900] {override.py:1858} INFO - Created Permission View: can delete on DAG:tutorial_taskflow_api
[2024-07-24T12:27:33.309+0900] {logging_mixin.py:188} INFO - [2024-07-24T12:27:33.309+0900] {override.py:1858} INFO - Created Permission View: can edit on DAG:tutorial_taskflow_api
[2024-07-24T12:27:33.309+0900] {logging_mixin.py:188} INFO - [2024-07-24T12:27:33.309+0900] {dag.py:3089} INFO - Sync 1 DAGs
[2024-07-24T12:27:33.339+0900] {logging_mixin.py:188} INFO - [2024-07-24T12:27:33.339+0900] {dag.py:3111} INFO - Creating ORM DAG for tutorial_taskflow_api
[2024-07-24T12:27:33.339+0900] {logging_mixin.py:188} INFO - [2024-07-24T12:27:33.339+0900] {dag.py:3947} INFO - Setting next_dagrun for tutorial_taskflow_api to None, run_after=None
[2024-07-24T12:27:33.345+0900] {processor.py:183} INFO - Processing /Users/DE32/.pyenv/versions/3.11.9/envs/note/lib/python3.11/site-packages/airflow/example_dags/tutorial_taskflow_api.py took 0.120 seconds
[2024-07-24T12:29:00.695+0900] {processor.py:161} INFO - Started process (PID=86612) to work on /Users/DE32/.pyenv/versions/3.11.9/envs/note/lib/python3.11/site-packages/airflow/example_dags/tutorial_taskflow_api.py
[2024-07-24T12:29:00.695+0900] {processor.py:830} INFO - Processing file /Users/DE32/.pyenv/versions/3.11.9/envs/note/lib/python3.11/site-packages/airflow/example_dags/tutorial_taskflow_api.py for tasks to queue
[2024-07-24T12:29:00.696+0900] {logging_mixin.py:188} INFO - [2024-07-24T12:29:00.696+0900] {dagbag.py:545} INFO - Filling up the DagBag from /Users/DE32/.pyenv/versions/3.11.9/envs/note/lib/python3.11/site-packages/airflow/example_dags/tutorial_taskflow_api.py
[2024-07-24T12:29:00.709+0900] {processor.py:840} INFO - DAG(s) 'tutorial_taskflow_api' retrieved from /Users/DE32/.pyenv/versions/3.11.9/envs/note/lib/python3.11/site-packages/airflow/example_dags/tutorial_taskflow_api.py
[2024-07-24T12:29:00.743+0900] {logging_mixin.py:188} INFO - [2024-07-24T12:29:00.743+0900] {dag.py:3089} INFO - Sync 1 DAGs
[2024-07-24T12:29:00.747+0900] {logging_mixin.py:188} INFO - [2024-07-24T12:29:00.747+0900] {dag.py:3947} INFO - Setting next_dagrun for tutorial_taskflow_api to None, run_after=None
[2024-07-24T12:29:00.753+0900] {processor.py:183} INFO - Processing /Users/DE32/.pyenv/versions/3.11.9/envs/note/lib/python3.11/site-packages/airflow/example_dags/tutorial_taskflow_api.py took 0.059 seconds
[2024-07-24T12:29:55.814+0900] {processor.py:161} INFO - Started process (PID=86740) to work on /Users/DE32/.pyenv/versions/3.11.9/envs/note/lib/python3.11/site-packages/airflow/example_dags/tutorial_taskflow_api.py
[2024-07-24T12:29:55.814+0900] {processor.py:830} INFO - Processing file /Users/DE32/.pyenv/versions/3.11.9/envs/note/lib/python3.11/site-packages/airflow/example_dags/tutorial_taskflow_api.py for tasks to queue
[2024-07-24T12:29:55.814+0900] {logging_mixin.py:188} INFO - [2024-07-24T12:29:55.814+0900] {dagbag.py:545} INFO - Filling up the DagBag from /Users/DE32/.pyenv/versions/3.11.9/envs/note/lib/python3.11/site-packages/airflow/example_dags/tutorial_taskflow_api.py
[2024-07-24T12:29:55.828+0900] {processor.py:840} INFO - DAG(s) 'tutorial_taskflow_api' retrieved from /Users/DE32/.pyenv/versions/3.11.9/envs/note/lib/python3.11/site-packages/airflow/example_dags/tutorial_taskflow_api.py
[2024-07-24T12:29:55.861+0900] {logging_mixin.py:188} INFO - [2024-07-24T12:29:55.861+0900] {dag.py:3089} INFO - Sync 1 DAGs
[2024-07-24T12:29:55.864+0900] {logging_mixin.py:188} INFO - [2024-07-24T12:29:55.864+0900] {dag.py:3947} INFO - Setting next_dagrun for tutorial_taskflow_api to None, run_after=None
[2024-07-24T12:29:55.871+0900] {processor.py:183} INFO - Processing /Users/DE32/.pyenv/versions/3.11.9/envs/note/lib/python3.11/site-packages/airflow/example_dags/tutorial_taskflow_api.py took 0.058 seconds
[2024-07-24T12:30:54.310+0900] {processor.py:161} INFO - Started process (PID=86778) to work on /Users/DE32/.pyenv/versions/3.11.9/envs/note/lib/python3.11/site-packages/airflow/example_dags/tutorial_taskflow_api.py
[2024-07-24T12:30:54.310+0900] {processor.py:830} INFO - Processing file /Users/DE32/.pyenv/versions/3.11.9/envs/note/lib/python3.11/site-packages/airflow/example_dags/tutorial_taskflow_api.py for tasks to queue
[2024-07-24T12:30:54.310+0900] {logging_mixin.py:188} INFO - [2024-07-24T12:30:54.310+0900] {dagbag.py:545} INFO - Filling up the DagBag from /Users/DE32/.pyenv/versions/3.11.9/envs/note/lib/python3.11/site-packages/airflow/example_dags/tutorial_taskflow_api.py
[2024-07-24T12:30:54.324+0900] {processor.py:840} INFO - DAG(s) 'tutorial_taskflow_api' retrieved from /Users/DE32/.pyenv/versions/3.11.9/envs/note/lib/python3.11/site-packages/airflow/example_dags/tutorial_taskflow_api.py
[2024-07-24T12:30:54.358+0900] {logging_mixin.py:188} INFO - [2024-07-24T12:30:54.358+0900] {dag.py:3089} INFO - Sync 1 DAGs
[2024-07-24T12:30:54.361+0900] {logging_mixin.py:188} INFO - [2024-07-24T12:30:54.361+0900] {dag.py:3947} INFO - Setting next_dagrun for tutorial_taskflow_api to None, run_after=None
[2024-07-24T12:30:54.368+0900] {processor.py:183} INFO - Processing /Users/DE32/.pyenv/versions/3.11.9/envs/note/lib/python3.11/site-packages/airflow/example_dags/tutorial_taskflow_api.py took 0.059 seconds
