[2024-07-24T12:27:38.305+0900] {processor.py:161} INFO - Started process (PID=86475) to work on /Users/DE32/.pyenv/versions/3.11.9/envs/note/lib/python3.11/site-packages/airflow/example_dags/tutorial.py
[2024-07-24T12:27:38.305+0900] {processor.py:830} INFO - Processing file /Users/DE32/.pyenv/versions/3.11.9/envs/note/lib/python3.11/site-packages/airflow/example_dags/tutorial.py for tasks to queue
[2024-07-24T12:27:38.305+0900] {logging_mixin.py:188} INFO - [2024-07-24T12:27:38.305+0900] {dagbag.py:545} INFO - Filling up the DagBag from /Users/DE32/.pyenv/versions/3.11.9/envs/note/lib/python3.11/site-packages/airflow/example_dags/tutorial.py
[2024-07-24T12:27:38.308+0900] {processor.py:840} INFO - DAG(s) 'tutorial' retrieved from /Users/DE32/.pyenv/versions/3.11.9/envs/note/lib/python3.11/site-packages/airflow/example_dags/tutorial.py
[2024-07-24T12:27:38.376+0900] {logging_mixin.py:188} INFO - [2024-07-24T12:27:38.376+0900] {override.py:1858} INFO - Created Permission View: can read on DAG:tutorial
[2024-07-24T12:27:38.379+0900] {logging_mixin.py:188} INFO - [2024-07-24T12:27:38.379+0900] {override.py:1858} INFO - Created Permission View: can delete on DAG:tutorial
[2024-07-24T12:27:38.381+0900] {logging_mixin.py:188} INFO - [2024-07-24T12:27:38.381+0900] {override.py:1858} INFO - Created Permission View: can edit on DAG:tutorial
[2024-07-24T12:27:38.381+0900] {logging_mixin.py:188} INFO - [2024-07-24T12:27:38.381+0900] {dag.py:3089} INFO - Sync 1 DAGs
[2024-07-24T12:27:38.384+0900] {logging_mixin.py:188} INFO - [2024-07-24T12:27:38.384+0900] {dag.py:3111} INFO - Creating ORM DAG for tutorial
[2024-07-24T12:27:38.387+0900] {logging_mixin.py:188} INFO - [2024-07-24T12:27:38.387+0900] {dag.py:3947} INFO - Setting next_dagrun for tutorial to 2024-07-23 00:00:00+00:00, run_after=2024-07-24 00:00:00+00:00
[2024-07-24T12:27:38.393+0900] {processor.py:183} INFO - Processing /Users/DE32/.pyenv/versions/3.11.9/envs/note/lib/python3.11/site-packages/airflow/example_dags/tutorial.py took 0.089 seconds
[2024-07-24T12:29:05.845+0900] {processor.py:161} INFO - Started process (PID=86648) to work on /Users/DE32/.pyenv/versions/3.11.9/envs/note/lib/python3.11/site-packages/airflow/example_dags/tutorial.py
[2024-07-24T12:29:05.846+0900] {processor.py:830} INFO - Processing file /Users/DE32/.pyenv/versions/3.11.9/envs/note/lib/python3.11/site-packages/airflow/example_dags/tutorial.py for tasks to queue
[2024-07-24T12:29:05.846+0900] {logging_mixin.py:188} INFO - [2024-07-24T12:29:05.846+0900] {dagbag.py:545} INFO - Filling up the DagBag from /Users/DE32/.pyenv/versions/3.11.9/envs/note/lib/python3.11/site-packages/airflow/example_dags/tutorial.py
[2024-07-24T12:29:05.849+0900] {processor.py:840} INFO - DAG(s) 'tutorial' retrieved from /Users/DE32/.pyenv/versions/3.11.9/envs/note/lib/python3.11/site-packages/airflow/example_dags/tutorial.py
[2024-07-24T12:29:05.884+0900] {logging_mixin.py:188} INFO - [2024-07-24T12:29:05.883+0900] {dag.py:3089} INFO - Sync 1 DAGs
[2024-07-24T12:29:05.889+0900] {logging_mixin.py:188} INFO - [2024-07-24T12:29:05.889+0900] {dag.py:3947} INFO - Setting next_dagrun for tutorial to 2024-07-23 00:00:00+00:00, run_after=2024-07-24 00:00:00+00:00
[2024-07-24T12:29:05.896+0900] {processor.py:183} INFO - Processing /Users/DE32/.pyenv/versions/3.11.9/envs/note/lib/python3.11/site-packages/airflow/example_dags/tutorial.py took 0.052 seconds
[2024-07-24T12:30:00.973+0900] {processor.py:161} INFO - Started process (PID=86743) to work on /Users/DE32/.pyenv/versions/3.11.9/envs/note/lib/python3.11/site-packages/airflow/example_dags/tutorial.py
[2024-07-24T12:30:00.973+0900] {processor.py:830} INFO - Processing file /Users/DE32/.pyenv/versions/3.11.9/envs/note/lib/python3.11/site-packages/airflow/example_dags/tutorial.py for tasks to queue
[2024-07-24T12:30:00.973+0900] {logging_mixin.py:188} INFO - [2024-07-24T12:30:00.973+0900] {dagbag.py:545} INFO - Filling up the DagBag from /Users/DE32/.pyenv/versions/3.11.9/envs/note/lib/python3.11/site-packages/airflow/example_dags/tutorial.py
[2024-07-24T12:30:00.976+0900] {processor.py:840} INFO - DAG(s) 'tutorial' retrieved from /Users/DE32/.pyenv/versions/3.11.9/envs/note/lib/python3.11/site-packages/airflow/example_dags/tutorial.py
[2024-07-24T12:30:01.011+0900] {logging_mixin.py:188} INFO - [2024-07-24T12:30:01.011+0900] {dag.py:3089} INFO - Sync 1 DAGs
[2024-07-24T12:30:01.016+0900] {logging_mixin.py:188} INFO - [2024-07-24T12:30:01.016+0900] {dag.py:3947} INFO - Setting next_dagrun for tutorial to 2024-07-23 00:00:00+00:00, run_after=2024-07-24 00:00:00+00:00
[2024-07-24T12:30:01.023+0900] {processor.py:183} INFO - Processing /Users/DE32/.pyenv/versions/3.11.9/envs/note/lib/python3.11/site-packages/airflow/example_dags/tutorial.py took 0.052 seconds
[2024-07-24T12:30:59.467+0900] {processor.py:161} INFO - Started process (PID=86781) to work on /Users/DE32/.pyenv/versions/3.11.9/envs/note/lib/python3.11/site-packages/airflow/example_dags/tutorial.py
[2024-07-24T12:30:59.467+0900] {processor.py:830} INFO - Processing file /Users/DE32/.pyenv/versions/3.11.9/envs/note/lib/python3.11/site-packages/airflow/example_dags/tutorial.py for tasks to queue
[2024-07-24T12:30:59.468+0900] {logging_mixin.py:188} INFO - [2024-07-24T12:30:59.468+0900] {dagbag.py:545} INFO - Filling up the DagBag from /Users/DE32/.pyenv/versions/3.11.9/envs/note/lib/python3.11/site-packages/airflow/example_dags/tutorial.py
[2024-07-24T12:30:59.470+0900] {processor.py:840} INFO - DAG(s) 'tutorial' retrieved from /Users/DE32/.pyenv/versions/3.11.9/envs/note/lib/python3.11/site-packages/airflow/example_dags/tutorial.py
[2024-07-24T12:30:59.505+0900] {logging_mixin.py:188} INFO - [2024-07-24T12:30:59.505+0900] {dag.py:3089} INFO - Sync 1 DAGs
[2024-07-24T12:30:59.510+0900] {logging_mixin.py:188} INFO - [2024-07-24T12:30:59.510+0900] {dag.py:3947} INFO - Setting next_dagrun for tutorial to 2024-07-23 00:00:00+00:00, run_after=2024-07-24 00:00:00+00:00
[2024-07-24T12:30:59.517+0900] {processor.py:183} INFO - Processing /Users/DE32/.pyenv/versions/3.11.9/envs/note/lib/python3.11/site-packages/airflow/example_dags/tutorial.py took 0.051 seconds
