[2024-07-24T12:27:35.030+0900] {processor.py:161} INFO - Started process (PID=86473) to work on /Users/DE32/.pyenv/versions/3.11.9/envs/note/lib/python3.11/site-packages/airflow/example_dags/tutorial_objectstorage.py
[2024-07-24T12:27:35.031+0900] {processor.py:830} INFO - Processing file /Users/DE32/.pyenv/versions/3.11.9/envs/note/lib/python3.11/site-packages/airflow/example_dags/tutorial_objectstorage.py for tasks to queue
[2024-07-24T12:27:35.031+0900] {logging_mixin.py:188} INFO - [2024-07-24T12:27:35.031+0900] {dagbag.py:545} INFO - Filling up the DagBag from /Users/DE32/.pyenv/versions/3.11.9/envs/note/lib/python3.11/site-packages/airflow/example_dags/tutorial_objectstorage.py
[2024-07-24T12:27:35.056+0900] {processor.py:840} INFO - DAG(s) 'tutorial_objectstorage' retrieved from /Users/DE32/.pyenv/versions/3.11.9/envs/note/lib/python3.11/site-packages/airflow/example_dags/tutorial_objectstorage.py
[2024-07-24T12:27:35.146+0900] {logging_mixin.py:188} INFO - [2024-07-24T12:27:35.146+0900] {override.py:1858} INFO - Created Permission View: can delete on DAG:tutorial_objectstorage
[2024-07-24T12:27:35.150+0900] {logging_mixin.py:188} INFO - [2024-07-24T12:27:35.150+0900] {override.py:1858} INFO - Created Permission View: can edit on DAG:tutorial_objectstorage
[2024-07-24T12:27:35.152+0900] {logging_mixin.py:188} INFO - [2024-07-24T12:27:35.152+0900] {override.py:1858} INFO - Created Permission View: can read on DAG:tutorial_objectstorage
[2024-07-24T12:27:35.152+0900] {logging_mixin.py:188} INFO - [2024-07-24T12:27:35.152+0900] {dag.py:3089} INFO - Sync 1 DAGs
[2024-07-24T12:27:35.155+0900] {logging_mixin.py:188} INFO - [2024-07-24T12:27:35.155+0900] {dag.py:3111} INFO - Creating ORM DAG for tutorial_objectstorage
[2024-07-24T12:27:35.155+0900] {logging_mixin.py:188} INFO - [2024-07-24T12:27:35.155+0900] {dag.py:3947} INFO - Setting next_dagrun for tutorial_objectstorage to None, run_after=None
[2024-07-24T12:27:35.161+0900] {processor.py:183} INFO - Processing /Users/DE32/.pyenv/versions/3.11.9/envs/note/lib/python3.11/site-packages/airflow/example_dags/tutorial_objectstorage.py took 0.132 seconds
[2024-07-24T12:29:02.376+0900] {processor.py:161} INFO - Started process (PID=86623) to work on /Users/DE32/.pyenv/versions/3.11.9/envs/note/lib/python3.11/site-packages/airflow/example_dags/tutorial_objectstorage.py
[2024-07-24T12:29:02.377+0900] {processor.py:830} INFO - Processing file /Users/DE32/.pyenv/versions/3.11.9/envs/note/lib/python3.11/site-packages/airflow/example_dags/tutorial_objectstorage.py for tasks to queue
[2024-07-24T12:29:02.377+0900] {logging_mixin.py:188} INFO - [2024-07-24T12:29:02.377+0900] {dagbag.py:545} INFO - Filling up the DagBag from /Users/DE32/.pyenv/versions/3.11.9/envs/note/lib/python3.11/site-packages/airflow/example_dags/tutorial_objectstorage.py
[2024-07-24T12:29:02.404+0900] {processor.py:840} INFO - DAG(s) 'tutorial_objectstorage' retrieved from /Users/DE32/.pyenv/versions/3.11.9/envs/note/lib/python3.11/site-packages/airflow/example_dags/tutorial_objectstorage.py
[2024-07-24T12:29:02.437+0900] {logging_mixin.py:188} INFO - [2024-07-24T12:29:02.437+0900] {dag.py:3089} INFO - Sync 1 DAGs
[2024-07-24T12:29:02.441+0900] {logging_mixin.py:188} INFO - [2024-07-24T12:29:02.441+0900] {dag.py:3947} INFO - Setting next_dagrun for tutorial_objectstorage to None, run_after=None
[2024-07-24T12:29:02.448+0900] {processor.py:183} INFO - Processing /Users/DE32/.pyenv/versions/3.11.9/envs/note/lib/python3.11/site-packages/airflow/example_dags/tutorial_objectstorage.py took 0.073 seconds
[2024-07-24T12:29:57.526+0900] {processor.py:161} INFO - Started process (PID=86741) to work on /Users/DE32/.pyenv/versions/3.11.9/envs/note/lib/python3.11/site-packages/airflow/example_dags/tutorial_objectstorage.py
[2024-07-24T12:29:57.527+0900] {processor.py:830} INFO - Processing file /Users/DE32/.pyenv/versions/3.11.9/envs/note/lib/python3.11/site-packages/airflow/example_dags/tutorial_objectstorage.py for tasks to queue
[2024-07-24T12:29:57.527+0900] {logging_mixin.py:188} INFO - [2024-07-24T12:29:57.527+0900] {dagbag.py:545} INFO - Filling up the DagBag from /Users/DE32/.pyenv/versions/3.11.9/envs/note/lib/python3.11/site-packages/airflow/example_dags/tutorial_objectstorage.py
[2024-07-24T12:29:57.553+0900] {processor.py:840} INFO - DAG(s) 'tutorial_objectstorage' retrieved from /Users/DE32/.pyenv/versions/3.11.9/envs/note/lib/python3.11/site-packages/airflow/example_dags/tutorial_objectstorage.py
[2024-07-24T12:29:57.587+0900] {logging_mixin.py:188} INFO - [2024-07-24T12:29:57.587+0900] {dag.py:3089} INFO - Sync 1 DAGs
[2024-07-24T12:29:57.590+0900] {logging_mixin.py:188} INFO - [2024-07-24T12:29:57.590+0900] {dag.py:3947} INFO - Setting next_dagrun for tutorial_objectstorage to None, run_after=None
[2024-07-24T12:29:57.597+0900] {processor.py:183} INFO - Processing /Users/DE32/.pyenv/versions/3.11.9/envs/note/lib/python3.11/site-packages/airflow/example_dags/tutorial_objectstorage.py took 0.072 seconds
[2024-07-24T12:30:56.015+0900] {processor.py:161} INFO - Started process (PID=86779) to work on /Users/DE32/.pyenv/versions/3.11.9/envs/note/lib/python3.11/site-packages/airflow/example_dags/tutorial_objectstorage.py
[2024-07-24T12:30:56.015+0900] {processor.py:830} INFO - Processing file /Users/DE32/.pyenv/versions/3.11.9/envs/note/lib/python3.11/site-packages/airflow/example_dags/tutorial_objectstorage.py for tasks to queue
[2024-07-24T12:30:56.015+0900] {logging_mixin.py:188} INFO - [2024-07-24T12:30:56.015+0900] {dagbag.py:545} INFO - Filling up the DagBag from /Users/DE32/.pyenv/versions/3.11.9/envs/note/lib/python3.11/site-packages/airflow/example_dags/tutorial_objectstorage.py
[2024-07-24T12:30:56.042+0900] {processor.py:840} INFO - DAG(s) 'tutorial_objectstorage' retrieved from /Users/DE32/.pyenv/versions/3.11.9/envs/note/lib/python3.11/site-packages/airflow/example_dags/tutorial_objectstorage.py
[2024-07-24T12:30:56.076+0900] {logging_mixin.py:188} INFO - [2024-07-24T12:30:56.076+0900] {dag.py:3089} INFO - Sync 1 DAGs
[2024-07-24T12:30:56.080+0900] {logging_mixin.py:188} INFO - [2024-07-24T12:30:56.080+0900] {dag.py:3947} INFO - Setting next_dagrun for tutorial_objectstorage to None, run_after=None
[2024-07-24T12:30:56.087+0900] {processor.py:183} INFO - Processing /Users/DE32/.pyenv/versions/3.11.9/envs/note/lib/python3.11/site-packages/airflow/example_dags/tutorial_objectstorage.py took 0.073 seconds
