[2024-07-29T16:49:35.176+0900] {local_task_job_runner.py:120} INFO - ::group::Pre task execution logs
[2024-07-29T16:49:35.184+0900] {taskinstance.py:2076} INFO - Dependencies all met for dep_context=non-requeueable deps ti=<TaskInstance: movie.get_data scheduled__2024-07-26T04:10:00+00:00 [queued]>
[2024-07-29T16:49:35.186+0900] {taskinstance.py:2076} INFO - Dependencies all met for dep_context=requeueable deps ti=<TaskInstance: movie.get_data scheduled__2024-07-26T04:10:00+00:00 [queued]>
[2024-07-29T16:49:35.186+0900] {taskinstance.py:2306} INFO - Starting attempt 3 of 3
[2024-07-29T16:49:35.190+0900] {taskinstance.py:2330} INFO - Executing <Task(PythonOperator): get_data> on 2024-07-26 04:10:00+00:00
[2024-07-29T16:49:35.193+0900] {standard_task_runner.py:64} INFO - Started process 10085 to run task
[2024-07-29T16:49:35.196+0900] {standard_task_runner.py:90} INFO - Running: ['airflow', 'tasks', 'run', 'movie', 'get_data', 'scheduled__2024-07-26T04:10:00+00:00', '--job-id', '582', '--raw', '--subdir', 'DAGS_FOLDER/movie.py', '--cfg-path', '/var/folders/qv/0knwm5h50ml0skpppwpbks_r0000gp/T/tmpoqh3gdr_']
[2024-07-29T16:49:35.198+0900] {standard_task_runner.py:91} INFO - Job 582: Subtask get_data
[2024-07-29T16:49:35.215+0900] {task_command.py:426} INFO - Running <TaskInstance: movie.get_data scheduled__2024-07-26T04:10:00+00:00 [running]> on host jeongui-MacBookPro.local
[2024-07-29T16:49:35.237+0900] {taskinstance.py:2648} INFO - Exporting env vars: AIRFLOW_CTX_DAG_OWNER='airflow' AIRFLOW_CTX_DAG_ID='movie' AIRFLOW_CTX_TASK_ID='get_data' AIRFLOW_CTX_EXECUTION_DATE='2024-07-26T04:10:00+00:00' AIRFLOW_CTX_TRY_NUMBER='3' AIRFLOW_CTX_DAG_RUN_ID='scheduled__2024-07-26T04:10:00+00:00'
[2024-07-29T16:49:35.238+0900] {taskinstance.py:430} INFO - ::endgroup::
[2024-07-29T16:49:35.243+0900] {logging_mixin.py:188} INFO - 2024-07-26
[2024-07-29T16:49:35.243+0900] {logging_mixin.py:188} INFO - {'conf': <airflow.configuration.AirflowConfigParser object at 0x100ab21d0>, 'dag': <DAG: movie>, 'dag_run': <DagRun movie @ 2024-07-26 04:10:00+00:00: scheduled__2024-07-26T04:10:00+00:00, state:running, queued_at: 2024-07-29 07:39:49.215369+00:00. externally triggered: False>, 'data_interval_end': DateTime(2024, 7, 27, 4, 10, 0, tzinfo=Timezone('UTC')), 'data_interval_start': DateTime(2024, 7, 26, 4, 10, 0, tzinfo=Timezone('UTC')), 'ds_nodash': '20240726', 'execution_date': <Proxy at 0x1126ae5c0 with factory functools.partial(<function lazy_mapping_from_context.<locals>._deprecated_proxy_factory at 0x1126fdbc0>, 'execution_date', DateTime(2024, 7, 26, 4, 10, 0, tzinfo=Timezone('UTC')))>, 'expanded_ti_count': None, 'inlets': [], 'logical_date': DateTime(2024, 7, 26, 4, 10, 0, tzinfo=Timezone('UTC')), 'macros': <module 'airflow.macros' from '/Users/DE32/.pyenv/versions/3.11.9/envs/note/lib/python3.11/site-packages/airflow/macros/__init__.py'>, 'map_index_template': None, 'next_ds': <Proxy at 0x112766440 with factory functools.partial(<function lazy_mapping_from_context.<locals>._deprecated_proxy_factory at 0x1126fdbc0>, 'next_ds', '2024-07-27')>, 'next_ds_nodash': <Proxy at 0x112765900 with factory functools.partial(<function lazy_mapping_from_context.<locals>._deprecated_proxy_factory at 0x1126fdbc0>, 'next_ds_nodash', '20240727')>, 'next_execution_date': <Proxy at 0x1126f3900 with factory functools.partial(<function lazy_mapping_from_context.<locals>._deprecated_proxy_factory at 0x1126fdbc0>, 'next_execution_date', DateTime(2024, 7, 27, 4, 10, 0, tzinfo=Timezone('UTC')))>, 'outlets': [], 'params': {}, 'prev_data_interval_start_success': None, 'prev_data_interval_end_success': None, 'prev_ds': <Proxy at 0x112780d40 with factory functools.partial(<function lazy_mapping_from_context.<locals>._deprecated_proxy_factory at 0x1126fdbc0>, 'prev_ds', '2024-07-25')>, 'prev_ds_nodash': <Proxy at 0x1127ad0c0 with factory functools.partial(<function lazy_mapping_from_context.<locals>._deprecated_proxy_factory at 0x1126fdbc0>, 'prev_ds_nodash', '20240725')>, 'prev_execution_date': <Proxy at 0x1127ad180 with factory functools.partial(<function lazy_mapping_from_context.<locals>._deprecated_proxy_factory at 0x1126fdbc0>, 'prev_execution_date', DateTime(2024, 7, 25, 4, 10, 0, tzinfo=Timezone('UTC')))>, 'prev_execution_date_success': <Proxy at 0x1127ad240 with factory functools.partial(<function lazy_mapping_from_context.<locals>._deprecated_proxy_factory at 0x1126fdbc0>, 'prev_execution_date_success', None)>, 'prev_start_date_success': None, 'prev_end_date_success': None, 'run_id': 'scheduled__2024-07-26T04:10:00+00:00', 'task': <Task(PythonOperator): get_data>, 'task_instance': <TaskInstance: movie.get_data scheduled__2024-07-26T04:10:00+00:00 [running]>, 'task_instance_key_str': 'movie__get_data__20240726', 'test_mode': False, 'ti': <TaskInstance: movie.get_data scheduled__2024-07-26T04:10:00+00:00 [running]>, 'tomorrow_ds': <Proxy at 0x1127ad300 with factory functools.partial(<function lazy_mapping_from_context.<locals>._deprecated_proxy_factory at 0x1126fdbc0>, 'tomorrow_ds', '2024-07-27')>, 'tomorrow_ds_nodash': <Proxy at 0x1127ad3c0 with factory functools.partial(<function lazy_mapping_from_context.<locals>._deprecated_proxy_factory at 0x1126fdbc0>, 'tomorrow_ds_nodash', '20240727')>, 'triggering_dataset_events': <Proxy at 0x112703940 with factory <function _get_template_context.<locals>.get_triggering_events at 0x1126b37e0>>, 'ts': '2024-07-26T04:10:00+00:00', 'ts_nodash': '20240726T041000', 'ts_nodash_with_tz': '20240726T041000+0000', 'var': {'json': None, 'value': None}, 'conn': None, 'yesterday_ds': <Proxy at 0x1127ad480 with factory functools.partial(<function lazy_mapping_from_context.<locals>._deprecated_proxy_factory at 0x1126fdbc0>, 'yesterday_ds', '2024-07-25')>, 'yesterday_ds_nodash': <Proxy at 0x1127ad540 with factory functools.partial(<function lazy_mapping_from_context.<locals>._deprecated_proxy_factory at 0x1126fdbc0>, 'yesterday_ds_nodash', '20240725')>, 'templates_dict': None}
[2024-07-29T16:49:35.243+0900] {logging_mixin.py:188} INFO - ====================
[2024-07-29T16:49:35.244+0900] {logging_mixin.py:188} INFO - ds_nodash => 20240726
[2024-07-29T16:49:35.244+0900] {logging_mixin.py:188} INFO - kwargs type => <class 'dict'>
[2024-07-29T16:49:35.244+0900] {logging_mixin.py:188} INFO - ====================
[2024-07-29T16:49:35.245+0900] {taskinstance.py:441} INFO - ::group::Post task execution logs
[2024-07-29T16:49:35.246+0900] {taskinstance.py:2905} ERROR - Task failed with exception
Traceback (most recent call last):
  File "/Users/DE32/.pyenv/versions/3.11.9/envs/note/lib/python3.11/site-packages/airflow/models/taskinstance.py", line 465, in _execute_task
    result = _execute_callable(context=context, **execute_callable_kwargs)
             ^^^^^^^^^^^^^^^^^^^^^^^^^^^^^^^^^^^^^^^^^^^^^^^^^^^^^^^^^^^^^
  File "/Users/DE32/.pyenv/versions/3.11.9/envs/note/lib/python3.11/site-packages/airflow/models/taskinstance.py", line 432, in _execute_callable
    return execute_callable(context=context, **execute_callable_kwargs)
           ^^^^^^^^^^^^^^^^^^^^^^^^^^^^^^^^^^^^^^^^^^^^^^^^^^^^^^^^^^^^
  File "/Users/DE32/.pyenv/versions/3.11.9/envs/note/lib/python3.11/site-packages/airflow/models/baseoperator.py", line 401, in wrapper
    return func(self, *args, **kwargs)
           ^^^^^^^^^^^^^^^^^^^^^^^^^^^
  File "/Users/DE32/.pyenv/versions/3.11.9/envs/note/lib/python3.11/site-packages/airflow/operators/python.py", line 235, in execute
    return_value = self.execute_callable()
                   ^^^^^^^^^^^^^^^^^^^^^^^
  File "/Users/DE32/.pyenv/versions/3.11.9/envs/note/lib/python3.11/site-packages/airflow/operators/python.py", line 252, in execute_callable
    return self.python_callable(*self.op_args, **self.op_kwargs)
           ^^^^^^^^^^^^^^^^^^^^^^^^^^^^^^^^^^^^^^^^^^^^^^^^^^^^^
  File "/Users/DE32/airflow/dags/movie.py", line 32, in get_data
    from movie.api.call import get_key, save2df
ModuleNotFoundError: No module named 'movie.api'; 'movie' is not a package
[2024-07-29T16:49:35.248+0900] {taskinstance.py:1206} INFO - Marking task as FAILED. dag_id=movie, task_id=get_data, run_id=scheduled__2024-07-26T04:10:00+00:00, execution_date=20240726T041000, start_date=20240729T074935, end_date=20240729T074935
[2024-07-29T16:49:35.252+0900] {standard_task_runner.py:110} ERROR - Failed to execute job 582 for task get_data (No module named 'movie.api'; 'movie' is not a package; 10085)
[2024-07-29T16:49:35.258+0900] {local_task_job_runner.py:243} INFO - Task exited with return code 1
[2024-07-29T16:49:35.266+0900] {taskinstance.py:3503} INFO - 0 downstream tasks scheduled from follow-on schedule check
[2024-07-29T16:49:35.267+0900] {local_task_job_runner.py:222} INFO - ::endgroup::
