[2024-07-24T16:25:27.089+0900] {local_task_job_runner.py:120} INFO - ::group::Pre task execution logs
[2024-07-24T16:25:27.096+0900] {taskinstance.py:2076} INFO - Dependencies all met for dep_context=non-requeueable deps ti=<TaskInstance: make_parquet.to.parquet scheduled__2024-07-12T00:00:00+00:00 [queued]>
[2024-07-24T16:25:27.099+0900] {taskinstance.py:2076} INFO - Dependencies all met for dep_context=requeueable deps ti=<TaskInstance: make_parquet.to.parquet scheduled__2024-07-12T00:00:00+00:00 [queued]>
[2024-07-24T16:25:27.099+0900] {taskinstance.py:2306} INFO - Starting attempt 3 of 4
[2024-07-24T16:25:27.102+0900] {taskinstance.py:2330} INFO - Executing <Task(BashOperator): to.parquet> on 2024-07-12 00:00:00+00:00
[2024-07-24T16:25:27.105+0900] {standard_task_runner.py:64} INFO - Started process 99125 to run task
[2024-07-24T16:25:27.107+0900] {standard_task_runner.py:90} INFO - Running: ['airflow', 'tasks', 'run', 'make_parquet', 'to.parquet', 'scheduled__2024-07-12T00:00:00+00:00', '--job-id', '439', '--raw', '--subdir', 'DAGS_FOLDER/make_parquet.py', '--cfg-path', '/var/folders/qv/0knwm5h50ml0skpppwpbks_r0000gp/T/tmpgltkjm4f']
[2024-07-24T16:25:27.109+0900] {standard_task_runner.py:91} INFO - Job 439: Subtask to.parquet
[2024-07-24T16:25:27.122+0900] {task_command.py:426} INFO - Running <TaskInstance: make_parquet.to.parquet scheduled__2024-07-12T00:00:00+00:00 [running]> on host jeongui-MacBookPro.local
[2024-07-24T16:25:27.146+0900] {taskinstance.py:2648} INFO - Exporting env vars: AIRFLOW_CTX_DAG_OWNER='airflow' AIRFLOW_CTX_DAG_ID='make_parquet' AIRFLOW_CTX_TASK_ID='to.parquet' AIRFLOW_CTX_EXECUTION_DATE='2024-07-12T00:00:00+00:00' AIRFLOW_CTX_TRY_NUMBER='3' AIRFLOW_CTX_DAG_RUN_ID='scheduled__2024-07-12T00:00:00+00:00'
[2024-07-24T16:25:27.146+0900] {taskinstance.py:430} INFO - ::endgroup::
[2024-07-24T16:25:27.154+0900] {subprocess.py:63} INFO - Tmp dir root location: /var/folders/qv/0knwm5h50ml0skpppwpbks_r0000gp/T
[2024-07-24T16:25:27.155+0900] {subprocess.py:75} INFO - Running command: ['/bin/bash', '-c', '\n        echo "to.parquet"\n\n        READ_PATH=~/data/csv/20240712/csv.csv\n        SAVE_PATH=~/data/parquet/20240712/parquet.parquet\n\n        mkdir -p $SAVE_PATH\n\n        python ~/airflow/operator/csv2parquet.py $READ_PATH $SAVE_PATH\n        ']
[2024-07-24T16:25:27.158+0900] {subprocess.py:86} INFO - Output:
[2024-07-24T16:25:27.160+0900] {subprocess.py:93} INFO - to.parquet
[2024-07-24T16:25:27.477+0900] {subprocess.py:93} INFO - Traceback (most recent call last):
[2024-07-24T16:25:27.477+0900] {subprocess.py:93} INFO -   File "/Users/DE32/airflow/operator/csv2parquet.py", line 22, in <module>
[2024-07-24T16:25:27.478+0900] {subprocess.py:93} INFO -     df.to_parquet(f'{SAVE_PATH}/parquet.parquet')
[2024-07-24T16:25:27.478+0900] {subprocess.py:93} INFO -   File "/Users/DE32/.pyenv/versions/note/lib/python3.11/site-packages/pandas/util/_decorators.py", line 333, in wrapper
[2024-07-24T16:25:27.478+0900] {subprocess.py:93} INFO -     return func(*args, **kwargs)
[2024-07-24T16:25:27.478+0900] {subprocess.py:93} INFO -            ^^^^^^^^^^^^^^^^^^^^^
[2024-07-24T16:25:27.478+0900] {subprocess.py:93} INFO -   File "/Users/DE32/.pyenv/versions/note/lib/python3.11/site-packages/pandas/core/frame.py", line 3113, in to_parquet
[2024-07-24T16:25:27.479+0900] {subprocess.py:93} INFO -     return to_parquet(
[2024-07-24T16:25:27.479+0900] {subprocess.py:93} INFO -            ^^^^^^^^^^^
[2024-07-24T16:25:27.479+0900] {subprocess.py:93} INFO -   File "/Users/DE32/.pyenv/versions/note/lib/python3.11/site-packages/pandas/io/parquet.py", line 476, in to_parquet
[2024-07-24T16:25:27.479+0900] {subprocess.py:93} INFO -     impl = get_engine(engine)
[2024-07-24T16:25:27.479+0900] {subprocess.py:93} INFO -            ^^^^^^^^^^^^^^^^^^
[2024-07-24T16:25:27.479+0900] {subprocess.py:93} INFO -   File "/Users/DE32/.pyenv/versions/note/lib/python3.11/site-packages/pandas/io/parquet.py", line 67, in get_engine
[2024-07-24T16:25:27.479+0900] {subprocess.py:93} INFO -     raise ImportError(
[2024-07-24T16:25:27.480+0900] {subprocess.py:93} INFO - ImportError: Unable to find a usable engine; tried using: 'pyarrow', 'fastparquet'.
[2024-07-24T16:25:27.480+0900] {subprocess.py:93} INFO - A suitable version of pyarrow or fastparquet is required for parquet support.
[2024-07-24T16:25:27.480+0900] {subprocess.py:93} INFO - Trying to import the above resulted in these errors:
[2024-07-24T16:25:27.480+0900] {subprocess.py:93} INFO -  - Missing optional dependency 'pyarrow'. pyarrow is required for parquet support. Use pip or conda to install pyarrow.
[2024-07-24T16:25:27.480+0900] {subprocess.py:93} INFO -  - Missing optional dependency 'fastparquet'. fastparquet is required for parquet support. Use pip or conda to install fastparquet.
[2024-07-24T16:25:27.505+0900] {subprocess.py:97} INFO - Command exited with return code 1
[2024-07-24T16:25:27.505+0900] {taskinstance.py:441} INFO - ::group::Post task execution logs
[2024-07-24T16:25:27.509+0900] {taskinstance.py:2905} ERROR - Task failed with exception
Traceback (most recent call last):
  File "/Users/DE32/.pyenv/versions/3.11.9/envs/note/lib/python3.11/site-packages/airflow/models/taskinstance.py", line 465, in _execute_task
    result = _execute_callable(context=context, **execute_callable_kwargs)
             ^^^^^^^^^^^^^^^^^^^^^^^^^^^^^^^^^^^^^^^^^^^^^^^^^^^^^^^^^^^^^
  File "/Users/DE32/.pyenv/versions/3.11.9/envs/note/lib/python3.11/site-packages/airflow/models/taskinstance.py", line 432, in _execute_callable
    return execute_callable(context=context, **execute_callable_kwargs)
           ^^^^^^^^^^^^^^^^^^^^^^^^^^^^^^^^^^^^^^^^^^^^^^^^^^^^^^^^^^^^
  File "/Users/DE32/.pyenv/versions/3.11.9/envs/note/lib/python3.11/site-packages/airflow/models/baseoperator.py", line 401, in wrapper
    return func(self, *args, **kwargs)
           ^^^^^^^^^^^^^^^^^^^^^^^^^^^
  File "/Users/DE32/.pyenv/versions/3.11.9/envs/note/lib/python3.11/site-packages/airflow/operators/bash.py", line 243, in execute
    raise AirflowException(
airflow.exceptions.AirflowException: Bash command failed. The command returned a non-zero exit code 1.
[2024-07-24T16:25:27.511+0900] {taskinstance.py:1206} INFO - Marking task as UP_FOR_RETRY. dag_id=make_parquet, task_id=to.parquet, run_id=scheduled__2024-07-12T00:00:00+00:00, execution_date=20240712T000000, start_date=20240724T072527, end_date=20240724T072527
[2024-07-24T16:25:27.515+0900] {standard_task_runner.py:110} ERROR - Failed to execute job 439 for task to.parquet (Bash command failed. The command returned a non-zero exit code 1.; 99125)
[2024-07-24T16:25:27.529+0900] {local_task_job_runner.py:243} INFO - Task exited with return code 1
[2024-07-24T16:25:27.535+0900] {taskinstance.py:3503} INFO - 0 downstream tasks scheduled from follow-on schedule check
[2024-07-24T16:25:27.536+0900] {local_task_job_runner.py:222} INFO - ::endgroup::
[2024-07-24T17:14:07.440+0900] {local_task_job_runner.py:120} INFO - ::group::Pre task execution logs
[2024-07-24T17:14:07.447+0900] {taskinstance.py:2076} INFO - Dependencies all met for dep_context=non-requeueable deps ti=<TaskInstance: make_parquet.to.parquet scheduled__2024-07-12T00:00:00+00:00 [queued]>
[2024-07-24T17:14:07.449+0900] {taskinstance.py:2076} INFO - Dependencies all met for dep_context=requeueable deps ti=<TaskInstance: make_parquet.to.parquet scheduled__2024-07-12T00:00:00+00:00 [queued]>
[2024-07-24T17:14:07.450+0900] {taskinstance.py:2306} INFO - Starting attempt 3 of 3
[2024-07-24T17:14:07.453+0900] {taskinstance.py:2330} INFO - Executing <Task(BashOperator): to.parquet> on 2024-07-12 00:00:00+00:00
[2024-07-24T17:14:07.456+0900] {standard_task_runner.py:64} INFO - Started process 5076 to run task
[2024-07-24T17:14:07.458+0900] {standard_task_runner.py:90} INFO - Running: ['airflow', 'tasks', 'run', 'make_parquet', 'to.parquet', 'scheduled__2024-07-12T00:00:00+00:00', '--job-id', '440', '--raw', '--subdir', 'DAGS_FOLDER/make_parquet.py', '--cfg-path', '/var/folders/qv/0knwm5h50ml0skpppwpbks_r0000gp/T/tmpwh1g7htw']
[2024-07-24T17:14:07.460+0900] {standard_task_runner.py:91} INFO - Job 440: Subtask to.parquet
[2024-07-24T17:14:07.473+0900] {task_command.py:426} INFO - Running <TaskInstance: make_parquet.to.parquet scheduled__2024-07-12T00:00:00+00:00 [running]> on host jeongui-MacBookPro.local
[2024-07-24T17:14:07.495+0900] {taskinstance.py:2648} INFO - Exporting env vars: AIRFLOW_CTX_DAG_OWNER='airflow' AIRFLOW_CTX_DAG_ID='make_parquet' AIRFLOW_CTX_TASK_ID='to.parquet' AIRFLOW_CTX_EXECUTION_DATE='2024-07-12T00:00:00+00:00' AIRFLOW_CTX_TRY_NUMBER='3' AIRFLOW_CTX_DAG_RUN_ID='scheduled__2024-07-12T00:00:00+00:00'
[2024-07-24T17:14:07.496+0900] {taskinstance.py:430} INFO - ::endgroup::
[2024-07-24T17:14:07.501+0900] {subprocess.py:63} INFO - Tmp dir root location: /var/folders/qv/0knwm5h50ml0skpppwpbks_r0000gp/T
[2024-07-24T17:14:07.502+0900] {subprocess.py:75} INFO - Running command: ['/bin/bash', '-c', '\n        echo "to.parquet"\n\n        READ_PATH=~/data/csv/20240712/csv.csv\n        SAVE_PATH=~/data/parquet/\n\n        mkdir -p $SAVE_PATH\n\n        python ~/airflow/operator/csv2parquet.py $READ_PATH $SAVE_PATH\n        ']
[2024-07-24T17:14:07.505+0900] {subprocess.py:86} INFO - Output:
[2024-07-24T17:14:07.506+0900] {subprocess.py:93} INFO - to.parquet
[2024-07-24T17:14:07.960+0900] {subprocess.py:93} INFO - 0
[2024-07-24T17:33:53.340+0900] {local_task_job_runner.py:222} INFO - ::endgroup::
[2024-07-24T17:33:53.356+0900] {process_utils.py:132} INFO - Sending 15 to group 5076. PIDs of all processes in the group: [5077, 5079, 5076]
[2024-07-24T17:33:53.356+0900] {process_utils.py:87} INFO - Sending the signal 15 to group 5076
[2024-07-24T17:33:53.356+0900] {taskinstance.py:2611} ERROR - Received SIGTERM. Terminating subprocesses.
[2024-07-24T17:33:53.357+0900] {subprocess.py:104} INFO - Sending SIGTERM signal to process group
[2024-07-24T17:33:53.359+0900] {taskinstance.py:441} INFO - ::group::Post task execution logs
[2024-07-24T17:33:53.364+0900] {process_utils.py:80} INFO - Process psutil.Process(pid=5079, status='terminated', started='17:14:07') (5079) terminated with exit code None
[2024-07-24T17:33:53.369+0900] {taskinstance.py:2905} ERROR - Task failed with exception
Traceback (most recent call last):
  File "/Users/DE32/.pyenv/versions/3.11.9/envs/note/lib/python3.11/site-packages/airflow/models/taskinstance.py", line 465, in _execute_task
    result = _execute_callable(context=context, **execute_callable_kwargs)
             ^^^^^^^^^^^^^^^^^^^^^^^^^^^^^^^^^^^^^^^^^^^^^^^^^^^^^^^^^^^^^
  File "/Users/DE32/.pyenv/versions/3.11.9/envs/note/lib/python3.11/site-packages/airflow/models/taskinstance.py", line 432, in _execute_callable
    return execute_callable(context=context, **execute_callable_kwargs)
           ^^^^^^^^^^^^^^^^^^^^^^^^^^^^^^^^^^^^^^^^^^^^^^^^^^^^^^^^^^^^
  File "/Users/DE32/.pyenv/versions/3.11.9/envs/note/lib/python3.11/site-packages/airflow/models/baseoperator.py", line 401, in wrapper
    return func(self, *args, **kwargs)
           ^^^^^^^^^^^^^^^^^^^^^^^^^^^
  File "/Users/DE32/.pyenv/versions/3.11.9/envs/note/lib/python3.11/site-packages/airflow/operators/bash.py", line 234, in execute
    result = self.subprocess_hook.run_command(
             ^^^^^^^^^^^^^^^^^^^^^^^^^^^^^^^^^
  File "/Users/DE32/.pyenv/versions/3.11.9/envs/note/lib/python3.11/site-packages/airflow/hooks/subprocess.py", line 91, in run_command
    for raw_line in iter(self.sub_process.stdout.readline, b""):
  File "/Users/DE32/.pyenv/versions/3.11.9/envs/note/lib/python3.11/site-packages/airflow/models/taskinstance.py", line 2613, in signal_handler
    raise AirflowTaskTerminated("Task received SIGTERM signal")
airflow.exceptions.AirflowTaskTerminated: Task received SIGTERM signal
[2024-07-24T17:33:53.375+0900] {taskinstance.py:1206} INFO - Marking task as FAILED. dag_id=make_parquet, task_id=to.parquet, run_id=scheduled__2024-07-12T00:00:00+00:00, execution_date=20240712T000000, start_date=20240724T081407, end_date=20240724T083353
[2024-07-24T17:33:53.397+0900] {process_utils.py:80} INFO - Process psutil.Process(pid=5076, status='terminated', exitcode=2, started='17:14:07') (5076) terminated with exit code 2
[2024-07-24T17:33:53.397+0900] {process_utils.py:80} INFO - Process psutil.Process(pid=5077, status='terminated', started='17:14:07') (5077) terminated with exit code None
