[2024-07-24T16:29:33.897+0900] {local_task_job_runner.py:120} INFO - ::group::Pre task execution logs
[2024-07-24T16:29:33.904+0900] {taskinstance.py:2076} INFO - Dependencies all met for dep_context=non-requeueable deps ti=<TaskInstance: make_parquet.to.parquet scheduled__2024-07-12T00:00:00+00:00 [queued]>
[2024-07-24T16:29:33.907+0900] {taskinstance.py:2076} INFO - Dependencies all met for dep_context=requeueable deps ti=<TaskInstance: make_parquet.to.parquet scheduled__2024-07-12T00:00:00+00:00 [queued]>
[2024-07-24T16:29:33.907+0900] {taskinstance.py:2306} INFO - Starting attempt 6 of 7
[2024-07-24T16:29:33.910+0900] {taskinstance.py:2330} INFO - Executing <Task(BashOperator): to.parquet> on 2024-07-12 00:00:00+00:00
[2024-07-24T16:29:33.913+0900] {standard_task_runner.py:64} INFO - Started process 403 to run task
[2024-07-24T16:29:33.915+0900] {standard_task_runner.py:90} INFO - Running: ['airflow', 'tasks', 'run', 'make_parquet', 'to.parquet', 'scheduled__2024-07-12T00:00:00+00:00', '--job-id', '476', '--raw', '--subdir', 'DAGS_FOLDER/make_parquet.py', '--cfg-path', '/var/folders/qv/0knwm5h50ml0skpppwpbks_r0000gp/T/tmp7o0a3czn']
[2024-07-24T16:29:33.916+0900] {standard_task_runner.py:91} INFO - Job 476: Subtask to.parquet
[2024-07-24T16:29:33.930+0900] {task_command.py:426} INFO - Running <TaskInstance: make_parquet.to.parquet scheduled__2024-07-12T00:00:00+00:00 [running]> on host jeongui-MacBookPro.local
[2024-07-24T16:29:33.952+0900] {taskinstance.py:2648} INFO - Exporting env vars: AIRFLOW_CTX_DAG_OWNER='airflow' AIRFLOW_CTX_DAG_ID='make_parquet' AIRFLOW_CTX_TASK_ID='to.parquet' AIRFLOW_CTX_EXECUTION_DATE='2024-07-12T00:00:00+00:00' AIRFLOW_CTX_TRY_NUMBER='6' AIRFLOW_CTX_DAG_RUN_ID='scheduled__2024-07-12T00:00:00+00:00'
[2024-07-24T16:29:33.952+0900] {taskinstance.py:430} INFO - ::endgroup::
[2024-07-24T16:29:33.958+0900] {subprocess.py:63} INFO - Tmp dir root location: /var/folders/qv/0knwm5h50ml0skpppwpbks_r0000gp/T
[2024-07-24T16:29:33.958+0900] {subprocess.py:75} INFO - Running command: ['/bin/bash', '-c', '\n        echo "to.parquet"\n\n        READ_PATH=~/data/csv/20240712/csv.csv\n        SAVE_PATH=~/data/parquet/20240712/parquet.parquet\n\n        mkdir -p $SAVE_PATH\n\n        python ~/airflow/operator/csv2parquet.py $READ_PATH $SAVE_PATH\n        ']
[2024-07-24T16:29:33.961+0900] {subprocess.py:86} INFO - Output:
[2024-07-24T16:29:33.963+0900] {subprocess.py:93} INFO - to.parquet
[2024-07-24T16:29:34.216+0900] {subprocess.py:97} INFO - Command exited with return code 0
[2024-07-24T16:29:34.217+0900] {taskinstance.py:441} INFO - ::group::Post task execution logs
[2024-07-24T16:29:34.223+0900] {taskinstance.py:1206} INFO - Marking task as SUCCESS. dag_id=make_parquet, task_id=to.parquet, run_id=scheduled__2024-07-12T00:00:00+00:00, execution_date=20240712T000000, start_date=20240724T072933, end_date=20240724T072934
[2024-07-24T16:29:34.244+0900] {local_task_job_runner.py:243} INFO - Task exited with return code 0
[2024-07-24T16:29:34.249+0900] {taskinstance.py:3503} INFO - 0 downstream tasks scheduled from follow-on schedule check
[2024-07-24T16:29:34.249+0900] {local_task_job_runner.py:222} INFO - ::endgroup::
