[2024-07-31T09:30:26.746+0900] {local_task_job_runner.py:120} INFO - ::group::Pre task execution logs
[2024-07-31T09:30:26.761+0900] {taskinstance.py:2076} INFO - Dependencies all met for dep_context=non-requeueable deps ti=<TaskInstance: movie.branch.op scheduled__2024-07-29T02:10:00+00:00 [queued]>
[2024-07-31T09:30:26.764+0900] {taskinstance.py:2076} INFO - Dependencies all met for dep_context=requeueable deps ti=<TaskInstance: movie.branch.op scheduled__2024-07-29T02:10:00+00:00 [queued]>
[2024-07-31T09:30:26.764+0900] {taskinstance.py:2306} INFO - Starting attempt 2 of 3
[2024-07-31T09:30:26.769+0900] {taskinstance.py:2330} INFO - Executing <Task(BranchPythonOperator): branch.op> on 2024-07-29 02:10:00+00:00
[2024-07-31T09:30:26.772+0900] {standard_task_runner.py:64} INFO - Started process 6643 to run task
[2024-07-31T09:30:26.774+0900] {standard_task_runner.py:90} INFO - Running: ['airflow', 'tasks', 'run', 'movie', 'branch.op', 'scheduled__2024-07-29T02:10:00+00:00', '--job-id', '697', '--raw', '--subdir', 'DAGS_FOLDER/movie.py', '--cfg-path', '/var/folders/qv/0knwm5h50ml0skpppwpbks_r0000gp/T/tmpp_hwkpbi']
[2024-07-31T09:30:26.776+0900] {standard_task_runner.py:91} INFO - Job 697: Subtask branch.op
[2024-07-31T09:30:26.790+0900] {task_command.py:426} INFO - Running <TaskInstance: movie.branch.op scheduled__2024-07-29T02:10:00+00:00 [running]> on host jeongui-MacBookPro.local
[2024-07-31T09:30:26.812+0900] {taskinstance.py:2648} INFO - Exporting env vars: AIRFLOW_CTX_DAG_OWNER='airflow' AIRFLOW_CTX_DAG_ID='movie' AIRFLOW_CTX_TASK_ID='branch.op' AIRFLOW_CTX_EXECUTION_DATE='2024-07-29T02:10:00+00:00' AIRFLOW_CTX_TRY_NUMBER='2' AIRFLOW_CTX_DAG_RUN_ID='scheduled__2024-07-29T02:10:00+00:00'
[2024-07-31T09:30:26.812+0900] {taskinstance.py:430} INFO - ::endgroup::
[2024-07-31T09:30:26.817+0900] {baseoperator.py:400} WARNING - BranchPythonOperator.execute cannot be called outside TaskInstance!
[2024-07-31T09:30:26.817+0900] {python.py:237} INFO - Done. Returned value was: rm.dir
[2024-07-31T09:30:26.817+0900] {branch.py:36} INFO - Branch into rm.dir
[2024-07-31T09:30:26.817+0900] {skipmixin.py:178} INFO - Following branch rm.dir
[2024-07-31T09:30:26.820+0900] {skipmixin.py:246} INFO - Skipping tasks [('echo.task', -1)]
[2024-07-31T09:30:26.825+0900] {taskinstance.py:441} INFO - ::group::Post task execution logs
[2024-07-31T09:30:26.828+0900] {taskinstance.py:1206} INFO - Marking task as SUCCESS. dag_id=movie, task_id=branch.op, run_id=scheduled__2024-07-29T02:10:00+00:00, execution_date=20240729T021000, start_date=20240731T003026, end_date=20240731T003026
[2024-07-31T09:30:26.836+0900] {local_task_job_runner.py:243} INFO - Task exited with return code 0
[2024-07-31T09:30:26.848+0900] {taskinstance.py:3503} INFO - 1 downstream tasks scheduled from follow-on schedule check
[2024-07-31T09:30:26.849+0900] {local_task_job_runner.py:222} INFO - ::endgroup::
[2024-07-31T11:29:34.979+0900] {local_task_job_runner.py:120} INFO - ::group::Pre task execution logs
[2024-07-31T11:29:34.989+0900] {taskinstance.py:2076} INFO - Dependencies all met for dep_context=non-requeueable deps ti=<TaskInstance: movie.branch.op scheduled__2024-07-29T02:10:00+00:00 [queued]>
[2024-07-31T11:29:34.992+0900] {taskinstance.py:2076} INFO - Dependencies all met for dep_context=requeueable deps ti=<TaskInstance: movie.branch.op scheduled__2024-07-29T02:10:00+00:00 [queued]>
[2024-07-31T11:29:34.992+0900] {taskinstance.py:2306} INFO - Starting attempt 2 of 3
[2024-07-31T11:29:34.999+0900] {taskinstance.py:2330} INFO - Executing <Task(BranchPythonOperator): branch.op> on 2024-07-29 02:10:00+00:00
[2024-07-31T11:29:35.001+0900] {standard_task_runner.py:64} INFO - Started process 11240 to run task
[2024-07-31T11:29:35.004+0900] {standard_task_runner.py:90} INFO - Running: ['airflow', 'tasks', 'run', 'movie', 'branch.op', 'scheduled__2024-07-29T02:10:00+00:00', '--job-id', '760', '--raw', '--subdir', 'DAGS_FOLDER/movie.py', '--cfg-path', '/var/folders/qv/0knwm5h50ml0skpppwpbks_r0000gp/T/tmps24lrxfp']
[2024-07-31T11:29:35.005+0900] {standard_task_runner.py:91} INFO - Job 760: Subtask branch.op
[2024-07-31T11:29:35.021+0900] {task_command.py:426} INFO - Running <TaskInstance: movie.branch.op scheduled__2024-07-29T02:10:00+00:00 [running]> on host jeongui-MacBookPro.local
[2024-07-31T11:29:35.044+0900] {taskinstance.py:2648} INFO - Exporting env vars: AIRFLOW_CTX_DAG_OWNER='airflow' AIRFLOW_CTX_DAG_ID='movie' AIRFLOW_CTX_TASK_ID='branch.op' AIRFLOW_CTX_EXECUTION_DATE='2024-07-29T02:10:00+00:00' AIRFLOW_CTX_TRY_NUMBER='2' AIRFLOW_CTX_DAG_RUN_ID='scheduled__2024-07-29T02:10:00+00:00'
[2024-07-31T11:29:35.045+0900] {taskinstance.py:430} INFO - ::endgroup::
[2024-07-31T11:29:35.050+0900] {baseoperator.py:400} WARNING - BranchPythonOperator.execute cannot be called outside TaskInstance!
[2024-07-31T11:29:35.050+0900] {python.py:237} INFO - Done. Returned value was: rm.dir
[2024-07-31T11:29:35.051+0900] {branch.py:36} INFO - Branch into rm.dir
[2024-07-31T11:29:35.051+0900] {skipmixin.py:178} INFO - Following branch rm.dir
[2024-07-31T11:29:35.053+0900] {skipmixin.py:246} INFO - Skipping tasks [('echo.task', -1)]
[2024-07-31T11:29:35.057+0900] {taskinstance.py:441} INFO - ::group::Post task execution logs
[2024-07-31T11:29:35.060+0900] {taskinstance.py:1206} INFO - Marking task as SUCCESS. dag_id=movie, task_id=branch.op, run_id=scheduled__2024-07-29T02:10:00+00:00, execution_date=20240729T021000, start_date=20240731T022934, end_date=20240731T022935
[2024-07-31T11:29:35.066+0900] {local_task_job_runner.py:243} INFO - Task exited with return code 0
[2024-07-31T11:29:35.077+0900] {taskinstance.py:3503} INFO - 1 downstream tasks scheduled from follow-on schedule check
[2024-07-31T11:29:35.077+0900] {local_task_job_runner.py:222} INFO - ::endgroup::
[2024-07-31T16:56:31.340+0900] {local_task_job_runner.py:120} INFO - ::group::Pre task execution logs
[2024-07-31T16:56:31.350+0900] {taskinstance.py:2076} INFO - Dependencies all met for dep_context=non-requeueable deps ti=<TaskInstance: movie.branch.op scheduled__2024-07-29T02:10:00+00:00 [queued]>
[2024-07-31T16:56:31.353+0900] {taskinstance.py:2076} INFO - Dependencies all met for dep_context=requeueable deps ti=<TaskInstance: movie.branch.op scheduled__2024-07-29T02:10:00+00:00 [queued]>
[2024-07-31T16:56:31.353+0900] {taskinstance.py:2306} INFO - Starting attempt 2 of 3
[2024-07-31T16:56:31.359+0900] {taskinstance.py:2330} INFO - Executing <Task(BranchPythonOperator): branch.op> on 2024-07-29 02:10:00+00:00
[2024-07-31T16:56:31.362+0900] {standard_task_runner.py:64} INFO - Started process 20799 to run task
[2024-07-31T16:56:31.364+0900] {standard_task_runner.py:90} INFO - Running: ['airflow', 'tasks', 'run', 'movie', 'branch.op', 'scheduled__2024-07-29T02:10:00+00:00', '--job-id', '874', '--raw', '--subdir', 'DAGS_FOLDER/movie.py', '--cfg-path', '/var/folders/qv/0knwm5h50ml0skpppwpbks_r0000gp/T/tmp_9kfj9_u']
[2024-07-31T16:56:31.366+0900] {standard_task_runner.py:91} INFO - Job 874: Subtask branch.op
[2024-07-31T16:56:31.381+0900] {task_command.py:426} INFO - Running <TaskInstance: movie.branch.op scheduled__2024-07-29T02:10:00+00:00 [running]> on host jeongui-MacBookPro.local
[2024-07-31T16:56:31.402+0900] {taskinstance.py:2648} INFO - Exporting env vars: AIRFLOW_CTX_DAG_OWNER='airflow' AIRFLOW_CTX_DAG_ID='movie' AIRFLOW_CTX_TASK_ID='branch.op' AIRFLOW_CTX_EXECUTION_DATE='2024-07-29T02:10:00+00:00' AIRFLOW_CTX_TRY_NUMBER='2' AIRFLOW_CTX_DAG_RUN_ID='scheduled__2024-07-29T02:10:00+00:00'
[2024-07-31T16:56:31.403+0900] {taskinstance.py:430} INFO - ::endgroup::
[2024-07-31T16:56:31.408+0900] {baseoperator.py:400} WARNING - BranchPythonOperator.execute cannot be called outside TaskInstance!
[2024-07-31T16:56:31.408+0900] {python.py:237} INFO - Done. Returned value was: ('get.data', 'echo.task')
[2024-07-31T16:56:31.408+0900] {branch.py:36} INFO - Branch into ('get.data', 'echo.task')
[2024-07-31T16:56:31.409+0900] {skipmixin.py:178} INFO - Following branch ('get.data', 'echo.task')
[2024-07-31T16:56:31.411+0900] {skipmixin.py:246} INFO - Skipping tasks [('rm.dir', -1)]
[2024-07-31T16:56:31.415+0900] {taskinstance.py:441} INFO - ::group::Post task execution logs
[2024-07-31T16:56:31.418+0900] {taskinstance.py:1206} INFO - Marking task as SUCCESS. dag_id=movie, task_id=branch.op, run_id=scheduled__2024-07-29T02:10:00+00:00, execution_date=20240729T021000, start_date=20240731T075631, end_date=20240731T075631
[2024-07-31T16:56:31.438+0900] {local_task_job_runner.py:243} INFO - Task exited with return code 0
[2024-07-31T16:56:31.449+0900] {taskinstance.py:3503} INFO - 1 downstream tasks scheduled from follow-on schedule check
[2024-07-31T16:56:31.449+0900] {local_task_job_runner.py:222} INFO - ::endgroup::
