[2024-07-31T11:10:57.048+0900] {local_task_job_runner.py:120} INFO - ::group::Pre task execution logs
[2024-07-31T11:10:57.058+0900] {taskinstance.py:2076} INFO - Dependencies all met for dep_context=non-requeueable deps ti=<TaskInstance: movie.join scheduled__2024-07-30T02:10:00+00:00 [queued]>
[2024-07-31T11:10:57.062+0900] {taskinstance.py:2076} INFO - Dependencies all met for dep_context=requeueable deps ti=<TaskInstance: movie.join scheduled__2024-07-30T02:10:00+00:00 [queued]>
[2024-07-31T11:10:57.062+0900] {taskinstance.py:2306} INFO - Starting attempt 2 of 2
[2024-07-31T11:10:57.068+0900] {taskinstance.py:2330} INFO - Executing <Task(BashOperator): join> on 2024-07-30 02:10:00+00:00
[2024-07-31T11:10:57.071+0900] {standard_task_runner.py:64} INFO - Started process 10175 to run task
[2024-07-31T11:10:57.073+0900] {standard_task_runner.py:90} INFO - Running: ['airflow', 'tasks', 'run', 'movie', 'join', 'scheduled__2024-07-30T02:10:00+00:00', '--job-id', '723', '--raw', '--subdir', 'DAGS_FOLDER/movie.py', '--cfg-path', '/var/folders/qv/0knwm5h50ml0skpppwpbks_r0000gp/T/tmpo7f_5qor']
[2024-07-31T11:10:57.075+0900] {standard_task_runner.py:91} INFO - Job 723: Subtask join
[2024-07-31T11:10:57.089+0900] {task_command.py:426} INFO - Running <TaskInstance: movie.join scheduled__2024-07-30T02:10:00+00:00 [running]> on host jeongui-MacBookPro.local
[2024-07-31T11:10:57.110+0900] {taskinstance.py:2648} INFO - Exporting env vars: AIRFLOW_CTX_DAG_OWNER='airflow' AIRFLOW_CTX_DAG_ID='movie' AIRFLOW_CTX_TASK_ID='join' AIRFLOW_CTX_EXECUTION_DATE='2024-07-30T02:10:00+00:00' AIRFLOW_CTX_TRY_NUMBER='2' AIRFLOW_CTX_DAG_RUN_ID='scheduled__2024-07-30T02:10:00+00:00'
[2024-07-31T11:10:57.111+0900] {taskinstance.py:430} INFO - ::endgroup::
[2024-07-31T11:10:57.117+0900] {subprocess.py:63} INFO - Tmp dir root location: /var/folders/qv/0knwm5h50ml0skpppwpbks_r0000gp/T
[2024-07-31T11:10:57.117+0900] {subprocess.py:75} INFO - Running command: ['/bin/bash', '-c', 'exit 1']
[2024-07-31T11:10:57.120+0900] {subprocess.py:86} INFO - Output:
[2024-07-31T11:10:57.123+0900] {subprocess.py:97} INFO - Command exited with return code 1
[2024-07-31T11:10:57.124+0900] {taskinstance.py:441} INFO - ::group::Post task execution logs
[2024-07-31T11:10:57.127+0900] {taskinstance.py:2905} ERROR - Task failed with exception
Traceback (most recent call last):
  File "/Users/DE32/.pyenv/versions/3.11.9/envs/note/lib/python3.11/site-packages/airflow/models/taskinstance.py", line 465, in _execute_task
    result = _execute_callable(context=context, **execute_callable_kwargs)
             ^^^^^^^^^^^^^^^^^^^^^^^^^^^^^^^^^^^^^^^^^^^^^^^^^^^^^^^^^^^^^
  File "/Users/DE32/.pyenv/versions/3.11.9/envs/note/lib/python3.11/site-packages/airflow/models/taskinstance.py", line 432, in _execute_callable
    return execute_callable(context=context, **execute_callable_kwargs)
           ^^^^^^^^^^^^^^^^^^^^^^^^^^^^^^^^^^^^^^^^^^^^^^^^^^^^^^^^^^^^
  File "/Users/DE32/.pyenv/versions/3.11.9/envs/note/lib/python3.11/site-packages/airflow/models/baseoperator.py", line 401, in wrapper
    return func(self, *args, **kwargs)
           ^^^^^^^^^^^^^^^^^^^^^^^^^^^
  File "/Users/DE32/.pyenv/versions/3.11.9/envs/note/lib/python3.11/site-packages/airflow/operators/bash.py", line 243, in execute
    raise AirflowException(
airflow.exceptions.AirflowException: Bash command failed. The command returned a non-zero exit code 1.
[2024-07-31T11:10:57.129+0900] {taskinstance.py:1206} INFO - Marking task as FAILED. dag_id=movie, task_id=join, run_id=scheduled__2024-07-30T02:10:00+00:00, execution_date=20240730T021000, start_date=20240731T021057, end_date=20240731T021057
[2024-07-31T11:10:57.133+0900] {standard_task_runner.py:110} ERROR - Failed to execute job 723 for task join (Bash command failed. The command returned a non-zero exit code 1.; 10175)
[2024-07-31T11:10:57.135+0900] {local_task_job_runner.py:243} INFO - Task exited with return code 1
[2024-07-31T11:10:57.142+0900] {taskinstance.py:3503} INFO - 0 downstream tasks scheduled from follow-on schedule check
[2024-07-31T11:10:57.143+0900] {local_task_job_runner.py:222} INFO - ::endgroup::
