[2024-07-31T11:21:03.397+0900] {local_task_job_runner.py:120} INFO - ::group::Pre task execution logs
[2024-07-31T11:21:03.407+0900] {taskinstance.py:2076} INFO - Dependencies all met for dep_context=non-requeueable deps ti=<TaskInstance: movie.save.data scheduled__2024-07-30T02:10:00+00:00 [queued]>
[2024-07-31T11:21:03.410+0900] {taskinstance.py:2076} INFO - Dependencies all met for dep_context=requeueable deps ti=<TaskInstance: movie.save.data scheduled__2024-07-30T02:10:00+00:00 [queued]>
[2024-07-31T11:21:03.410+0900] {taskinstance.py:2306} INFO - Starting attempt 1 of 2
[2024-07-31T11:21:03.416+0900] {taskinstance.py:2330} INFO - Executing <Task(PythonVirtualenvOperator): save.data> on 2024-07-30 02:10:00+00:00
[2024-07-31T11:21:03.419+0900] {standard_task_runner.py:64} INFO - Started process 10704 to run task
[2024-07-31T11:21:03.421+0900] {standard_task_runner.py:90} INFO - Running: ['airflow', 'tasks', 'run', 'movie', 'save.data', 'scheduled__2024-07-30T02:10:00+00:00', '--job-id', '729', '--raw', '--subdir', 'DAGS_FOLDER/movie.py', '--cfg-path', '/var/folders/qv/0knwm5h50ml0skpppwpbks_r0000gp/T/tmp7xw2_ia1']
[2024-07-31T11:21:03.423+0900] {standard_task_runner.py:91} INFO - Job 729: Subtask save.data
[2024-07-31T11:21:03.437+0900] {task_command.py:426} INFO - Running <TaskInstance: movie.save.data scheduled__2024-07-30T02:10:00+00:00 [running]> on host jeongui-MacBookPro.local
[2024-07-31T11:21:03.457+0900] {taskinstance.py:2648} INFO - Exporting env vars: AIRFLOW_CTX_DAG_OWNER='airflow' AIRFLOW_CTX_DAG_ID='movie' AIRFLOW_CTX_TASK_ID='save.data' AIRFLOW_CTX_EXECUTION_DATE='2024-07-30T02:10:00+00:00' AIRFLOW_CTX_TRY_NUMBER='1' AIRFLOW_CTX_DAG_RUN_ID='scheduled__2024-07-30T02:10:00+00:00'
[2024-07-31T11:21:03.458+0900] {taskinstance.py:430} INFO - ::endgroup::
[2024-07-31T11:21:03.465+0900] {baseoperator.py:400} WARNING - PythonVirtualenvOperator.execute cannot be called outside TaskInstance!
[2024-07-31T11:21:03.465+0900] {process_utils.py:183} INFO - Executing cmd: /Users/DE32/.pyenv/versions/3.11.9/envs/note/bin/python -m virtualenv /var/folders/qv/0knwm5h50ml0skpppwpbks_r0000gp/T/venv9gn39lj0 --python=python
[2024-07-31T11:21:03.467+0900] {process_utils.py:187} INFO - Output:
[2024-07-31T11:21:03.698+0900] {process_utils.py:191} INFO - created virtual environment CPython3.11.9.final.0-64 in 164ms
[2024-07-31T11:21:03.699+0900] {process_utils.py:191} INFO -   creator CPython3Posix(dest=/private/var/folders/qv/0knwm5h50ml0skpppwpbks_r0000gp/T/venv9gn39lj0, clear=False, no_vcs_ignore=False, global=False)
[2024-07-31T11:21:03.699+0900] {process_utils.py:191} INFO -   seeder FromAppData(download=False, pip=bundle, setuptools=bundle, wheel=bundle, via=copy, app_data_dir=/Users/DE32/Library/Application Support/virtualenv)
[2024-07-31T11:21:03.699+0900] {process_utils.py:191} INFO -     added seed packages: pip==24.1.2, setuptools==70.2.0, wheel==0.43.0
[2024-07-31T11:21:03.699+0900] {process_utils.py:191} INFO -   activators BashActivator,CShellActivator,FishActivator,NushellActivator,PowerShellActivator,PythonActivator
[2024-07-31T11:21:03.710+0900] {process_utils.py:183} INFO - Executing cmd: /var/folders/qv/0knwm5h50ml0skpppwpbks_r0000gp/T/venv9gn39lj0/bin/pip install -r /var/folders/qv/0knwm5h50ml0skpppwpbks_r0000gp/T/venv9gn39lj0/requirements.txt
[2024-07-31T11:21:03.712+0900] {process_utils.py:187} INFO - Output:
[2024-07-31T11:21:04.442+0900] {process_utils.py:191} INFO - Collecting git+https://github.com/Jeonghoon2/movie.git@0.2/api (from -r /var/folders/qv/0knwm5h50ml0skpppwpbks_r0000gp/T/venv9gn39lj0/requirements.txt (line 1))
[2024-07-31T11:21:04.443+0900] {process_utils.py:191} INFO -   Cloning https://github.com/Jeonghoon2/movie.git (to revision 0.2/api) to /private/var/folders/qv/0knwm5h50ml0skpppwpbks_r0000gp/T/pip-req-build-cffpb43v
[2024-07-31T11:21:04.455+0900] {process_utils.py:191} INFO -   Running command git clone --filter=blob:none --quiet https://github.com/Jeonghoon2/movie.git /private/var/folders/qv/0knwm5h50ml0skpppwpbks_r0000gp/T/pip-req-build-cffpb43v
[2024-07-31T11:21:05.952+0900] {process_utils.py:191} INFO -   Running command git checkout -b 0.2/api --track origin/0.2/api
[2024-07-31T11:21:06.458+0900] {process_utils.py:191} INFO -   Switched to a new branch '0.2/api'
[2024-07-31T11:21:06.459+0900] {process_utils.py:191} INFO -   branch '0.2/api' set up to track 'origin/0.2/api'.
[2024-07-31T11:21:06.459+0900] {process_utils.py:191} INFO -   Resolved https://github.com/Jeonghoon2/movie.git to commit 514cfb45f6fa577ee07d4fa2076f9283780af81e
[2024-07-31T11:21:06.481+0900] {process_utils.py:191} INFO -   Installing build dependencies: started
[2024-07-31T11:21:07.425+0900] {process_utils.py:191} INFO -   Installing build dependencies: finished with status 'done'
[2024-07-31T11:21:07.425+0900] {process_utils.py:191} INFO -   Getting requirements to build wheel: started
[2024-07-31T11:21:07.548+0900] {process_utils.py:191} INFO -   Getting requirements to build wheel: finished with status 'done'
[2024-07-31T11:21:07.549+0900] {process_utils.py:191} INFO -   Preparing metadata (pyproject.toml): started
[2024-07-31T11:21:07.674+0900] {process_utils.py:191} INFO -   Preparing metadata (pyproject.toml): finished with status 'done'
[2024-07-31T11:21:07.757+0900] {process_utils.py:191} INFO - Collecting requests>=2.32.3 (from mov==0.1.0->-r /var/folders/qv/0knwm5h50ml0skpppwpbks_r0000gp/T/venv9gn39lj0/requirements.txt (line 1))
[2024-07-31T11:21:07.758+0900] {process_utils.py:191} INFO -   Using cached requests-2.32.3-py3-none-any.whl.metadata (4.6 kB)
[2024-07-31T11:21:07.824+0900] {process_utils.py:191} INFO - Collecting pandas>=2.2.2 (from mov==0.1.0->-r /var/folders/qv/0knwm5h50ml0skpppwpbks_r0000gp/T/venv9gn39lj0/requirements.txt (line 1))
[2024-07-31T11:21:07.825+0900] {process_utils.py:191} INFO -   Using cached pandas-2.2.2-cp311-cp311-macosx_11_0_arm64.whl.metadata (19 kB)
[2024-07-31T11:21:07.931+0900] {process_utils.py:191} INFO - Collecting numpy>=2.0.1 (from mov==0.1.0->-r /var/folders/qv/0knwm5h50ml0skpppwpbks_r0000gp/T/venv9gn39lj0/requirements.txt (line 1))
[2024-07-31T11:21:07.932+0900] {process_utils.py:191} INFO -   Using cached numpy-2.0.1-cp311-cp311-macosx_14_0_arm64.whl.metadata (60 kB)
[2024-07-31T11:21:07.981+0900] {process_utils.py:191} INFO - Collecting pyarrow>=17.0.0 (from mov==0.1.0->-r /var/folders/qv/0knwm5h50ml0skpppwpbks_r0000gp/T/venv9gn39lj0/requirements.txt (line 1))
[2024-07-31T11:21:07.982+0900] {process_utils.py:191} INFO -   Using cached pyarrow-17.0.0-cp311-cp311-macosx_11_0_arm64.whl.metadata (3.3 kB)
[2024-07-31T11:21:08.005+0900] {process_utils.py:191} INFO - Collecting python-dateutil>=2.8.2 (from pandas>=2.2.2->mov==0.1.0->-r /var/folders/qv/0knwm5h50ml0skpppwpbks_r0000gp/T/venv9gn39lj0/requirements.txt (line 1))
[2024-07-31T11:21:08.006+0900] {process_utils.py:191} INFO -   Using cached python_dateutil-2.9.0.post0-py2.py3-none-any.whl.metadata (8.4 kB)
[2024-07-31T11:21:08.038+0900] {process_utils.py:191} INFO - Collecting pytz>=2020.1 (from pandas>=2.2.2->mov==0.1.0->-r /var/folders/qv/0knwm5h50ml0skpppwpbks_r0000gp/T/venv9gn39lj0/requirements.txt (line 1))
[2024-07-31T11:21:08.039+0900] {process_utils.py:191} INFO -   Using cached pytz-2024.1-py2.py3-none-any.whl.metadata (22 kB)
[2024-07-31T11:21:08.067+0900] {process_utils.py:191} INFO - Collecting tzdata>=2022.7 (from pandas>=2.2.2->mov==0.1.0->-r /var/folders/qv/0knwm5h50ml0skpppwpbks_r0000gp/T/venv9gn39lj0/requirements.txt (line 1))
[2024-07-31T11:21:08.068+0900] {process_utils.py:191} INFO -   Using cached tzdata-2024.1-py2.py3-none-any.whl.metadata (1.4 kB)
[2024-07-31T11:21:08.124+0900] {process_utils.py:191} INFO - Collecting charset-normalizer<4,>=2 (from requests>=2.32.3->mov==0.1.0->-r /var/folders/qv/0knwm5h50ml0skpppwpbks_r0000gp/T/venv9gn39lj0/requirements.txt (line 1))
[2024-07-31T11:21:08.125+0900] {process_utils.py:191} INFO -   Using cached charset_normalizer-3.3.2-cp311-cp311-macosx_11_0_arm64.whl.metadata (33 kB)
[2024-07-31T11:21:08.140+0900] {process_utils.py:191} INFO - Collecting idna<4,>=2.5 (from requests>=2.32.3->mov==0.1.0->-r /var/folders/qv/0knwm5h50ml0skpppwpbks_r0000gp/T/venv9gn39lj0/requirements.txt (line 1))
[2024-07-31T11:21:08.140+0900] {process_utils.py:191} INFO -   Using cached idna-3.7-py3-none-any.whl.metadata (9.9 kB)
[2024-07-31T11:21:08.169+0900] {process_utils.py:191} INFO - Collecting urllib3<3,>=1.21.1 (from requests>=2.32.3->mov==0.1.0->-r /var/folders/qv/0knwm5h50ml0skpppwpbks_r0000gp/T/venv9gn39lj0/requirements.txt (line 1))
[2024-07-31T11:21:08.170+0900] {process_utils.py:191} INFO -   Using cached urllib3-2.2.2-py3-none-any.whl.metadata (6.4 kB)
[2024-07-31T11:21:08.187+0900] {process_utils.py:191} INFO - Collecting certifi>=2017.4.17 (from requests>=2.32.3->mov==0.1.0->-r /var/folders/qv/0knwm5h50ml0skpppwpbks_r0000gp/T/venv9gn39lj0/requirements.txt (line 1))
[2024-07-31T11:21:08.188+0900] {process_utils.py:191} INFO -   Using cached certifi-2024.7.4-py3-none-any.whl.metadata (2.2 kB)
[2024-07-31T11:21:08.217+0900] {process_utils.py:191} INFO - Collecting six>=1.5 (from python-dateutil>=2.8.2->pandas>=2.2.2->mov==0.1.0->-r /var/folders/qv/0knwm5h50ml0skpppwpbks_r0000gp/T/venv9gn39lj0/requirements.txt (line 1))
[2024-07-31T11:21:08.218+0900] {process_utils.py:191} INFO -   Using cached six-1.16.0-py2.py3-none-any.whl.metadata (1.8 kB)
[2024-07-31T11:21:08.221+0900] {process_utils.py:191} INFO - Using cached numpy-2.0.1-cp311-cp311-macosx_14_0_arm64.whl (5.3 MB)
[2024-07-31T11:21:08.227+0900] {process_utils.py:191} INFO - Using cached pandas-2.2.2-cp311-cp311-macosx_11_0_arm64.whl (11.3 MB)
[2024-07-31T11:21:08.238+0900] {process_utils.py:191} INFO - Using cached pyarrow-17.0.0-cp311-cp311-macosx_11_0_arm64.whl (27.2 MB)
[2024-07-31T11:21:08.265+0900] {process_utils.py:191} INFO - Using cached requests-2.32.3-py3-none-any.whl (64 kB)
[2024-07-31T11:21:08.265+0900] {process_utils.py:191} INFO - Using cached certifi-2024.7.4-py3-none-any.whl (162 kB)
[2024-07-31T11:21:08.266+0900] {process_utils.py:191} INFO - Using cached charset_normalizer-3.3.2-cp311-cp311-macosx_11_0_arm64.whl (118 kB)
[2024-07-31T11:21:08.267+0900] {process_utils.py:191} INFO - Using cached idna-3.7-py3-none-any.whl (66 kB)
[2024-07-31T11:21:08.268+0900] {process_utils.py:191} INFO - Using cached python_dateutil-2.9.0.post0-py2.py3-none-any.whl (229 kB)
[2024-07-31T11:21:08.269+0900] {process_utils.py:191} INFO - Using cached pytz-2024.1-py2.py3-none-any.whl (505 kB)
[2024-07-31T11:21:08.270+0900] {process_utils.py:191} INFO - Using cached tzdata-2024.1-py2.py3-none-any.whl (345 kB)
[2024-07-31T11:21:08.272+0900] {process_utils.py:191} INFO - Using cached urllib3-2.2.2-py3-none-any.whl (121 kB)
[2024-07-31T11:21:08.272+0900] {process_utils.py:191} INFO - Using cached six-1.16.0-py2.py3-none-any.whl (11 kB)
[2024-07-31T11:21:08.315+0900] {process_utils.py:191} INFO - Building wheels for collected packages: mov
[2024-07-31T11:21:08.328+0900] {process_utils.py:191} INFO -   Building wheel for mov (pyproject.toml): started
[2024-07-31T11:21:08.462+0900] {process_utils.py:191} INFO -   Building wheel for mov (pyproject.toml): finished with status 'done'
[2024-07-31T11:21:08.463+0900] {process_utils.py:191} INFO -   Created wheel for mov: filename=mov-0.1.0-py3-none-any.whl size=3017 sha256=2262073f8724d60d6bd7db775cb6d0b310fda6b25ecd55c9f6dec17c621552a6
[2024-07-31T11:21:08.463+0900] {process_utils.py:191} INFO -   Stored in directory: /private/var/folders/qv/0knwm5h50ml0skpppwpbks_r0000gp/T/pip-ephem-wheel-cache-69o_pu4n/wheels/cf/ab/a7/d0c528d20fa8a5f19e169bdf1d98f2b2cefe79d8527bb89200
[2024-07-31T11:21:08.464+0900] {process_utils.py:191} INFO - Successfully built mov
[2024-07-31T11:21:08.491+0900] {process_utils.py:191} INFO - Installing collected packages: pytz, urllib3, tzdata, six, numpy, idna, charset-normalizer, certifi, requests, python-dateutil, pyarrow, pandas, mov
[2024-07-31T11:21:12.993+0900] {process_utils.py:191} INFO - Successfully installed certifi-2024.7.4 charset-normalizer-3.3.2 idna-3.7 mov-0.1.0 numpy-2.0.1 pandas-2.2.2 pyarrow-17.0.0 python-dateutil-2.9.0.post0 pytz-2024.1 requests-2.32.3 six-1.16.0 tzdata-2024.1 urllib3-2.2.2
[2024-07-31T11:21:12.997+0900] {process_utils.py:191} INFO - 
[2024-07-31T11:21:12.997+0900] {process_utils.py:191} INFO - [notice] A new release of pip is available: 24.1.2 -> 24.2
[2024-07-31T11:21:12.997+0900] {process_utils.py:191} INFO - [notice] To update, run: python -m pip install --upgrade pip
[2024-07-31T11:21:13.130+0900] {process_utils.py:183} INFO - Executing cmd: /var/folders/qv/0knwm5h50ml0skpppwpbks_r0000gp/T/venv9gn39lj0/bin/python /var/folders/qv/0knwm5h50ml0skpppwpbks_r0000gp/T/venv-callb0uaj_o0/script.py /var/folders/qv/0knwm5h50ml0skpppwpbks_r0000gp/T/venv-callb0uaj_o0/script.in /var/folders/qv/0knwm5h50ml0skpppwpbks_r0000gp/T/venv-callb0uaj_o0/script.out /var/folders/qv/0knwm5h50ml0skpppwpbks_r0000gp/T/venv-callb0uaj_o0/string_args.txt /var/folders/qv/0knwm5h50ml0skpppwpbks_r0000gp/T/venv-callb0uaj_o0/termination.log
[2024-07-31T11:21:13.132+0900] {process_utils.py:187} INFO - Output:
[2024-07-31T11:21:26.465+0900] {process_utils.py:191} INFO - *********************************
[2024-07-31T11:21:26.465+0900] {process_utils.py:191} INFO -    rnum  rank  rankInten rankOldAndNew  ... audiChange  audiAcc scrnCnt  showCnt
[2024-07-31T11:21:26.466+0900] {process_utils.py:191} INFO - 0     1     1          1           OLD  ...       -0.2   748321    1081     4080
[2024-07-31T11:21:26.466+0900] {process_utils.py:191} INFO - 1     2     2         -1           OLD  ...      -14.6  1257614    1769     7207
[2024-07-31T11:21:26.467+0900] {process_utils.py:191} INFO - 2     3     3          0           OLD  ...        1.8  2364338     900     2432
[2024-07-31T11:21:26.467+0900] {process_utils.py:191} INFO - 3     4     4          0           OLD  ...        3.1  8367822     814     1746
[2024-07-31T11:21:26.467+0900] {process_utils.py:191} INFO - 4     5     5          0           OLD  ...       -1.2   588839     591     1101
[2024-07-31T11:21:26.468+0900] {process_utils.py:191} INFO - 5     6     6          0           OLD  ...        2.2  1743573     586      977
[2024-07-31T11:21:26.468+0900] {process_utils.py:191} INFO - 6     7     7          0           OLD  ...        9.9   681791     334      476
[2024-07-31T11:21:26.468+0900] {process_utils.py:191} INFO - 7     8     8          1           OLD  ...        7.2    76426     118      149
[2024-07-31T11:21:26.469+0900] {process_utils.py:191} INFO - 8     9     9          1           OLD  ...        5.6    69483      52       63
[2024-07-31T11:21:26.469+0900] {process_utils.py:191} INFO - 9    10    10          1           OLD  ...        7.3  1771095     129      160
[2024-07-31T11:21:26.469+0900] {process_utils.py:191} INFO - 
[2024-07-31T11:21:26.469+0900] {process_utils.py:191} INFO - [10 rows x 18 columns]
[2024-07-31T11:21:26.470+0900] {process_utils.py:191} INFO - *********************************
[2024-07-31T11:21:26.470+0900] {process_utils.py:191} INFO - rnum               int64
[2024-07-31T11:21:26.470+0900] {process_utils.py:191} INFO - rank               int64
[2024-07-31T11:21:26.471+0900] {process_utils.py:191} INFO - rankInten          int64
[2024-07-31T11:21:26.471+0900] {process_utils.py:191} INFO - rankOldAndNew     object
[2024-07-31T11:21:26.471+0900] {process_utils.py:191} INFO - movieCd           object
[2024-07-31T11:21:26.471+0900] {process_utils.py:191} INFO - movieNm           object
[2024-07-31T11:21:26.472+0900] {process_utils.py:191} INFO - openDt            object
[2024-07-31T11:21:26.472+0900] {process_utils.py:191} INFO - salesAmt           int64
[2024-07-31T11:21:26.472+0900] {process_utils.py:191} INFO - salesShare       float64
[2024-07-31T11:21:26.472+0900] {process_utils.py:191} INFO - salesInten         int64
[2024-07-31T11:21:26.473+0900] {process_utils.py:191} INFO - salesChange      float64
[2024-07-31T11:21:26.473+0900] {process_utils.py:191} INFO - salesAcc          object
[2024-07-31T11:21:26.473+0900] {process_utils.py:191} INFO - audiCnt            int64
[2024-07-31T11:21:26.474+0900] {process_utils.py:191} INFO - audiInten          int64
[2024-07-31T11:21:26.474+0900] {process_utils.py:191} INFO - audiChange       float64
[2024-07-31T11:21:26.474+0900] {process_utils.py:191} INFO - audiAcc            int64
[2024-07-31T11:21:26.474+0900] {process_utils.py:191} INFO - scrnCnt            int64
[2024-07-31T11:21:26.475+0900] {process_utils.py:191} INFO - showCnt            int64
[2024-07-31T11:21:26.475+0900] {process_utils.py:191} INFO - dtype: object
[2024-07-31T11:21:26.475+0900] {process_utils.py:191} INFO - 개봉일 기준 그룹핑 누적 관객수 합
[2024-07-31T11:21:26.475+0900] {process_utils.py:191} INFO -        openDt  audiCnt
[2024-07-31T11:21:26.476+0900] {process_utils.py:191} INFO - 0  2024-06-12    38549
[2024-07-31T11:21:26.476+0900] {process_utils.py:191} INFO - 1  2024-06-21     1679
[2024-07-31T11:21:26.476+0900] {process_utils.py:191} INFO - 2  2024-06-26    13489
[2024-07-31T11:21:26.476+0900] {process_utils.py:191} INFO - 3  2024-07-03    43484
[2024-07-31T11:21:26.477+0900] {process_utils.py:191} INFO - 4  2024-07-10     2093
[2024-07-31T11:21:26.477+0900] {process_utils.py:191} INFO - 5  2024-07-12     5095
[2024-07-31T11:21:26.477+0900] {process_utils.py:191} INFO - 6  2024-07-17    15694
[2024-07-31T11:21:26.477+0900] {process_utils.py:191} INFO - 7  2024-07-24   158922
[2024-07-31T11:21:26.932+0900] {python.py:237} INFO - Done. Returned value was: None
[2024-07-31T11:21:26.932+0900] {taskinstance.py:441} INFO - ::group::Post task execution logs
[2024-07-31T11:21:26.936+0900] {taskinstance.py:1206} INFO - Marking task as SUCCESS. dag_id=movie, task_id=save.data, run_id=scheduled__2024-07-30T02:10:00+00:00, execution_date=20240730T021000, start_date=20240731T022103, end_date=20240731T022126
[2024-07-31T11:21:26.947+0900] {local_task_job_runner.py:243} INFO - Task exited with return code 0
[2024-07-31T11:21:26.952+0900] {taskinstance.py:3503} INFO - 0 downstream tasks scheduled from follow-on schedule check
[2024-07-31T11:21:26.952+0900] {local_task_job_runner.py:222} INFO - ::endgroup::
[2024-07-31T17:02:54.610+0900] {local_task_job_runner.py:120} INFO - ::group::Pre task execution logs
[2024-07-31T17:02:54.620+0900] {taskinstance.py:2076} INFO - Dependencies all met for dep_context=non-requeueable deps ti=<TaskInstance: movie.save.data scheduled__2024-07-30T02:10:00+00:00 [queued]>
[2024-07-31T17:02:54.623+0900] {taskinstance.py:2076} INFO - Dependencies all met for dep_context=requeueable deps ti=<TaskInstance: movie.save.data scheduled__2024-07-30T02:10:00+00:00 [queued]>
[2024-07-31T17:02:54.623+0900] {taskinstance.py:2306} INFO - Starting attempt 1 of 2
[2024-07-31T17:02:54.629+0900] {taskinstance.py:2330} INFO - Executing <Task(PythonVirtualenvOperator): save.data> on 2024-07-30 02:10:00+00:00
[2024-07-31T17:02:54.632+0900] {standard_task_runner.py:64} INFO - Started process 21179 to run task
[2024-07-31T17:02:54.635+0900] {standard_task_runner.py:90} INFO - Running: ['airflow', 'tasks', 'run', 'movie', 'save.data', 'scheduled__2024-07-30T02:10:00+00:00', '--job-id', '893', '--raw', '--subdir', 'DAGS_FOLDER/movie.py', '--cfg-path', '/var/folders/qv/0knwm5h50ml0skpppwpbks_r0000gp/T/tmpn6ikeac8']
[2024-07-31T17:02:54.636+0900] {standard_task_runner.py:91} INFO - Job 893: Subtask save.data
[2024-07-31T17:02:54.650+0900] {task_command.py:426} INFO - Running <TaskInstance: movie.save.data scheduled__2024-07-30T02:10:00+00:00 [running]> on host jeongui-MacBookPro.local
[2024-07-31T17:02:54.669+0900] {taskinstance.py:2648} INFO - Exporting env vars: AIRFLOW_CTX_DAG_OWNER='airflow' AIRFLOW_CTX_DAG_ID='movie' AIRFLOW_CTX_TASK_ID='save.data' AIRFLOW_CTX_EXECUTION_DATE='2024-07-30T02:10:00+00:00' AIRFLOW_CTX_TRY_NUMBER='1' AIRFLOW_CTX_DAG_RUN_ID='scheduled__2024-07-30T02:10:00+00:00'
[2024-07-31T17:02:54.670+0900] {taskinstance.py:430} INFO - ::endgroup::
[2024-07-31T17:02:54.675+0900] {baseoperator.py:400} WARNING - PythonVirtualenvOperator.execute cannot be called outside TaskInstance!
[2024-07-31T17:02:54.676+0900] {process_utils.py:183} INFO - Executing cmd: /Users/DE32/.pyenv/versions/3.11.9/envs/note/bin/python -m virtualenv /var/folders/qv/0knwm5h50ml0skpppwpbks_r0000gp/T/venvbwdwhapf --python=python
[2024-07-31T17:02:54.677+0900] {process_utils.py:187} INFO - Output:
[2024-07-31T17:02:54.851+0900] {process_utils.py:191} INFO - created virtual environment CPython3.11.9.final.0-64 in 116ms
[2024-07-31T17:02:54.852+0900] {process_utils.py:191} INFO -   creator CPython3Posix(dest=/private/var/folders/qv/0knwm5h50ml0skpppwpbks_r0000gp/T/venvbwdwhapf, clear=False, no_vcs_ignore=False, global=False)
[2024-07-31T17:02:54.852+0900] {process_utils.py:191} INFO -   seeder FromAppData(download=False, pip=bundle, setuptools=bundle, wheel=bundle, via=copy, app_data_dir=/Users/DE32/Library/Application Support/virtualenv)
[2024-07-31T17:02:54.852+0900] {process_utils.py:191} INFO -     added seed packages: pip==24.1.2, setuptools==70.2.0, wheel==0.43.0
[2024-07-31T17:02:54.852+0900] {process_utils.py:191} INFO -   activators BashActivator,CShellActivator,FishActivator,NushellActivator,PowerShellActivator,PythonActivator
[2024-07-31T17:02:54.863+0900] {process_utils.py:183} INFO - Executing cmd: /var/folders/qv/0knwm5h50ml0skpppwpbks_r0000gp/T/venvbwdwhapf/bin/pip install -r /var/folders/qv/0knwm5h50ml0skpppwpbks_r0000gp/T/venvbwdwhapf/requirements.txt
[2024-07-31T17:02:54.865+0900] {process_utils.py:187} INFO - Output:
[2024-07-31T17:02:55.585+0900] {process_utils.py:191} INFO - Collecting git+https://github.com/Jeonghoon2/movie.git@0.2/api (from -r /var/folders/qv/0knwm5h50ml0skpppwpbks_r0000gp/T/venvbwdwhapf/requirements.txt (line 1))
[2024-07-31T17:02:55.585+0900] {process_utils.py:191} INFO -   Cloning https://github.com/Jeonghoon2/movie.git (to revision 0.2/api) to /private/var/folders/qv/0knwm5h50ml0skpppwpbks_r0000gp/T/pip-req-build-ki3fs8eo
[2024-07-31T17:02:55.597+0900] {process_utils.py:191} INFO -   Running command git clone --filter=blob:none --quiet https://github.com/Jeonghoon2/movie.git /private/var/folders/qv/0knwm5h50ml0skpppwpbks_r0000gp/T/pip-req-build-ki3fs8eo
[2024-07-31T17:02:56.976+0900] {process_utils.py:191} INFO -   Running command git checkout -b 0.2/api --track origin/0.2/api
[2024-07-31T17:02:57.585+0900] {process_utils.py:191} INFO -   Switched to a new branch '0.2/api'
[2024-07-31T17:02:57.586+0900] {process_utils.py:191} INFO -   branch '0.2/api' set up to track 'origin/0.2/api'.
[2024-07-31T17:02:57.586+0900] {process_utils.py:191} INFO -   Resolved https://github.com/Jeonghoon2/movie.git to commit 34de3b5e993ea074744539373447116355ac95da
[2024-07-31T17:02:57.608+0900] {process_utils.py:191} INFO -   Installing build dependencies: started
[2024-07-31T17:02:58.717+0900] {process_utils.py:191} INFO -   Installing build dependencies: finished with status 'done'
[2024-07-31T17:02:58.718+0900] {process_utils.py:191} INFO -   Getting requirements to build wheel: started
[2024-07-31T17:02:58.840+0900] {process_utils.py:191} INFO -   Getting requirements to build wheel: finished with status 'done'
[2024-07-31T17:02:58.841+0900] {process_utils.py:191} INFO -   Preparing metadata (pyproject.toml): started
[2024-07-31T17:02:58.965+0900] {process_utils.py:191} INFO -   Preparing metadata (pyproject.toml): finished with status 'done'
[2024-07-31T17:02:59.031+0900] {process_utils.py:191} INFO - Collecting requests>=2.32.3 (from mov==0.1.0->-r /var/folders/qv/0knwm5h50ml0skpppwpbks_r0000gp/T/venvbwdwhapf/requirements.txt (line 1))
[2024-07-31T17:02:59.032+0900] {process_utils.py:191} INFO -   Using cached requests-2.32.3-py3-none-any.whl.metadata (4.6 kB)
[2024-07-31T17:02:59.097+0900] {process_utils.py:191} INFO - Collecting pandas>=2.2.2 (from mov==0.1.0->-r /var/folders/qv/0knwm5h50ml0skpppwpbks_r0000gp/T/venvbwdwhapf/requirements.txt (line 1))
[2024-07-31T17:02:59.098+0900] {process_utils.py:191} INFO -   Using cached pandas-2.2.2-cp311-cp311-macosx_11_0_arm64.whl.metadata (19 kB)
[2024-07-31T17:02:59.195+0900] {process_utils.py:191} INFO - Collecting numpy>=2.0.1 (from mov==0.1.0->-r /var/folders/qv/0knwm5h50ml0skpppwpbks_r0000gp/T/venvbwdwhapf/requirements.txt (line 1))
[2024-07-31T17:02:59.196+0900] {process_utils.py:191} INFO -   Using cached numpy-2.0.1-cp311-cp311-macosx_14_0_arm64.whl.metadata (60 kB)
[2024-07-31T17:02:59.243+0900] {process_utils.py:191} INFO - Collecting pyarrow>=17.0.0 (from mov==0.1.0->-r /var/folders/qv/0knwm5h50ml0skpppwpbks_r0000gp/T/venvbwdwhapf/requirements.txt (line 1))
[2024-07-31T17:02:59.244+0900] {process_utils.py:191} INFO -   Using cached pyarrow-17.0.0-cp311-cp311-macosx_11_0_arm64.whl.metadata (3.3 kB)
[2024-07-31T17:02:59.265+0900] {process_utils.py:191} INFO - Collecting python-dateutil>=2.8.2 (from pandas>=2.2.2->mov==0.1.0->-r /var/folders/qv/0knwm5h50ml0skpppwpbks_r0000gp/T/venvbwdwhapf/requirements.txt (line 1))
[2024-07-31T17:02:59.266+0900] {process_utils.py:191} INFO -   Using cached python_dateutil-2.9.0.post0-py2.py3-none-any.whl.metadata (8.4 kB)
[2024-07-31T17:02:59.294+0900] {process_utils.py:191} INFO - Collecting pytz>=2020.1 (from pandas>=2.2.2->mov==0.1.0->-r /var/folders/qv/0knwm5h50ml0skpppwpbks_r0000gp/T/venvbwdwhapf/requirements.txt (line 1))
[2024-07-31T17:02:59.294+0900] {process_utils.py:191} INFO -   Using cached pytz-2024.1-py2.py3-none-any.whl.metadata (22 kB)
[2024-07-31T17:02:59.311+0900] {process_utils.py:191} INFO - Collecting tzdata>=2022.7 (from pandas>=2.2.2->mov==0.1.0->-r /var/folders/qv/0knwm5h50ml0skpppwpbks_r0000gp/T/venvbwdwhapf/requirements.txt (line 1))
[2024-07-31T17:02:59.311+0900] {process_utils.py:191} INFO -   Using cached tzdata-2024.1-py2.py3-none-any.whl.metadata (1.4 kB)
[2024-07-31T17:02:59.356+0900] {process_utils.py:191} INFO - Collecting charset-normalizer<4,>=2 (from requests>=2.32.3->mov==0.1.0->-r /var/folders/qv/0knwm5h50ml0skpppwpbks_r0000gp/T/venvbwdwhapf/requirements.txt (line 1))
[2024-07-31T17:02:59.357+0900] {process_utils.py:191} INFO -   Using cached charset_normalizer-3.3.2-cp311-cp311-macosx_11_0_arm64.whl.metadata (33 kB)
[2024-07-31T17:02:59.373+0900] {process_utils.py:191} INFO - Collecting idna<4,>=2.5 (from requests>=2.32.3->mov==0.1.0->-r /var/folders/qv/0knwm5h50ml0skpppwpbks_r0000gp/T/venvbwdwhapf/requirements.txt (line 1))
[2024-07-31T17:02:59.373+0900] {process_utils.py:191} INFO -   Using cached idna-3.7-py3-none-any.whl.metadata (9.9 kB)
[2024-07-31T17:02:59.399+0900] {process_utils.py:191} INFO - Collecting urllib3<3,>=1.21.1 (from requests>=2.32.3->mov==0.1.0->-r /var/folders/qv/0knwm5h50ml0skpppwpbks_r0000gp/T/venvbwdwhapf/requirements.txt (line 1))
[2024-07-31T17:02:59.400+0900] {process_utils.py:191} INFO -   Using cached urllib3-2.2.2-py3-none-any.whl.metadata (6.4 kB)
[2024-07-31T17:02:59.416+0900] {process_utils.py:191} INFO - Collecting certifi>=2017.4.17 (from requests>=2.32.3->mov==0.1.0->-r /var/folders/qv/0knwm5h50ml0skpppwpbks_r0000gp/T/venvbwdwhapf/requirements.txt (line 1))
[2024-07-31T17:02:59.417+0900] {process_utils.py:191} INFO -   Using cached certifi-2024.7.4-py3-none-any.whl.metadata (2.2 kB)
[2024-07-31T17:02:59.442+0900] {process_utils.py:191} INFO - Collecting six>=1.5 (from python-dateutil>=2.8.2->pandas>=2.2.2->mov==0.1.0->-r /var/folders/qv/0knwm5h50ml0skpppwpbks_r0000gp/T/venvbwdwhapf/requirements.txt (line 1))
[2024-07-31T17:02:59.443+0900] {process_utils.py:191} INFO -   Using cached six-1.16.0-py2.py3-none-any.whl.metadata (1.8 kB)
[2024-07-31T17:02:59.446+0900] {process_utils.py:191} INFO - Using cached numpy-2.0.1-cp311-cp311-macosx_14_0_arm64.whl (5.3 MB)
[2024-07-31T17:02:59.452+0900] {process_utils.py:191} INFO - Using cached pandas-2.2.2-cp311-cp311-macosx_11_0_arm64.whl (11.3 MB)
[2024-07-31T17:02:59.464+0900] {process_utils.py:191} INFO - Using cached pyarrow-17.0.0-cp311-cp311-macosx_11_0_arm64.whl (27.2 MB)
[2024-07-31T17:02:59.490+0900] {process_utils.py:191} INFO - Using cached requests-2.32.3-py3-none-any.whl (64 kB)
[2024-07-31T17:02:59.491+0900] {process_utils.py:191} INFO - Using cached certifi-2024.7.4-py3-none-any.whl (162 kB)
[2024-07-31T17:02:59.492+0900] {process_utils.py:191} INFO - Using cached charset_normalizer-3.3.2-cp311-cp311-macosx_11_0_arm64.whl (118 kB)
[2024-07-31T17:02:59.493+0900] {process_utils.py:191} INFO - Using cached idna-3.7-py3-none-any.whl (66 kB)
[2024-07-31T17:02:59.494+0900] {process_utils.py:191} INFO - Using cached python_dateutil-2.9.0.post0-py2.py3-none-any.whl (229 kB)
[2024-07-31T17:02:59.495+0900] {process_utils.py:191} INFO - Using cached pytz-2024.1-py2.py3-none-any.whl (505 kB)
[2024-07-31T17:02:59.496+0900] {process_utils.py:191} INFO - Using cached tzdata-2024.1-py2.py3-none-any.whl (345 kB)
[2024-07-31T17:02:59.497+0900] {process_utils.py:191} INFO - Using cached urllib3-2.2.2-py3-none-any.whl (121 kB)
[2024-07-31T17:02:59.498+0900] {process_utils.py:191} INFO - Using cached six-1.16.0-py2.py3-none-any.whl (11 kB)
[2024-07-31T17:02:59.540+0900] {process_utils.py:191} INFO - Building wheels for collected packages: mov
[2024-07-31T17:02:59.553+0900] {process_utils.py:191} INFO -   Building wheel for mov (pyproject.toml): started
[2024-07-31T17:02:59.687+0900] {process_utils.py:191} INFO -   Building wheel for mov (pyproject.toml): finished with status 'done'
[2024-07-31T17:02:59.688+0900] {process_utils.py:191} INFO -   Created wheel for mov: filename=mov-0.1.0-py3-none-any.whl size=3035 sha256=10b847036a6cfbb5dfc3dcf0e317bec724f1132e7925c050ee14263115e78e81
[2024-07-31T17:02:59.688+0900] {process_utils.py:191} INFO -   Stored in directory: /private/var/folders/qv/0knwm5h50ml0skpppwpbks_r0000gp/T/pip-ephem-wheel-cache-vzsfhv1g/wheels/cf/ab/a7/d0c528d20fa8a5f19e169bdf1d98f2b2cefe79d8527bb89200
[2024-07-31T17:02:59.689+0900] {process_utils.py:191} INFO - Successfully built mov
[2024-07-31T17:02:59.717+0900] {process_utils.py:191} INFO - Installing collected packages: pytz, urllib3, tzdata, six, numpy, idna, charset-normalizer, certifi, requests, python-dateutil, pyarrow, pandas, mov
[2024-07-31T17:03:04.210+0900] {process_utils.py:191} INFO - Successfully installed certifi-2024.7.4 charset-normalizer-3.3.2 idna-3.7 mov-0.1.0 numpy-2.0.1 pandas-2.2.2 pyarrow-17.0.0 python-dateutil-2.9.0.post0 pytz-2024.1 requests-2.32.3 six-1.16.0 tzdata-2024.1 urllib3-2.2.2
[2024-07-31T17:03:04.214+0900] {process_utils.py:191} INFO - 
[2024-07-31T17:03:04.214+0900] {process_utils.py:191} INFO - [notice] A new release of pip is available: 24.1.2 -> 24.2
[2024-07-31T17:03:04.214+0900] {process_utils.py:191} INFO - [notice] To update, run: python -m pip install --upgrade pip
[2024-07-31T17:03:04.348+0900] {process_utils.py:183} INFO - Executing cmd: /var/folders/qv/0knwm5h50ml0skpppwpbks_r0000gp/T/venvbwdwhapf/bin/python /var/folders/qv/0knwm5h50ml0skpppwpbks_r0000gp/T/venv-callidc5sq4l/script.py /var/folders/qv/0knwm5h50ml0skpppwpbks_r0000gp/T/venv-callidc5sq4l/script.in /var/folders/qv/0knwm5h50ml0skpppwpbks_r0000gp/T/venv-callidc5sq4l/script.out /var/folders/qv/0knwm5h50ml0skpppwpbks_r0000gp/T/venv-callidc5sq4l/string_args.txt /var/folders/qv/0knwm5h50ml0skpppwpbks_r0000gp/T/venv-callidc5sq4l/termination.log
[2024-07-31T17:03:04.350+0900] {process_utils.py:187} INFO - Output:
[2024-07-31T17:03:17.726+0900] {process_utils.py:191} INFO - *********************************
[2024-07-31T17:03:17.727+0900] {process_utils.py:191} INFO -    rnum  rank  rankInten rankOldAndNew  ... audiChange  audiAcc scrnCnt  showCnt
[2024-07-31T17:03:17.728+0900] {process_utils.py:191} INFO - 0     1     1          1           OLD  ...       -0.2   748320    1081     4080
[2024-07-31T17:03:17.728+0900] {process_utils.py:191} INFO - 1     2     2         -1           OLD  ...      -14.6  1257556    1769     7207
[2024-07-31T17:03:17.728+0900] {process_utils.py:191} INFO - 2     3     3          0           OLD  ...        1.8  2364338     900     2432
[2024-07-31T17:03:17.729+0900] {process_utils.py:191} INFO - 3     4     4          0           OLD  ...        3.1  8367819     814     1746
[2024-07-31T17:03:17.729+0900] {process_utils.py:191} INFO - 4     5     5          0           OLD  ...       -1.2   588839     591     1101
[2024-07-31T17:03:17.729+0900] {process_utils.py:191} INFO - 5     6     6          0           OLD  ...        2.2  1743660     586      977
[2024-07-31T17:03:17.730+0900] {process_utils.py:191} INFO - 6     7     7          0           OLD  ...        9.9   681791     334      476
[2024-07-31T17:03:17.730+0900] {process_utils.py:191} INFO - 7     8     8          1           OLD  ...        7.2    76426     118      149
[2024-07-31T17:03:17.730+0900] {process_utils.py:191} INFO - 8     9     9          1           OLD  ...        5.6    69483      52       63
[2024-07-31T17:03:17.731+0900] {process_utils.py:191} INFO - 9    10    10          1           OLD  ...        7.3  1771095     129      160
[2024-07-31T17:03:17.731+0900] {process_utils.py:191} INFO - 
[2024-07-31T17:03:17.731+0900] {process_utils.py:191} INFO - [10 rows x 18 columns]
[2024-07-31T17:03:17.732+0900] {process_utils.py:191} INFO - *********************************
[2024-07-31T17:03:17.732+0900] {process_utils.py:191} INFO - rnum               int64
[2024-07-31T17:03:17.732+0900] {process_utils.py:191} INFO - rank               int64
[2024-07-31T17:03:17.733+0900] {process_utils.py:191} INFO - rankInten          int64
[2024-07-31T17:03:17.733+0900] {process_utils.py:191} INFO - rankOldAndNew     object
[2024-07-31T17:03:17.733+0900] {process_utils.py:191} INFO - movieCd           object
[2024-07-31T17:03:17.733+0900] {process_utils.py:191} INFO - movieNm           object
[2024-07-31T17:03:17.734+0900] {process_utils.py:191} INFO - openDt            object
[2024-07-31T17:03:17.734+0900] {process_utils.py:191} INFO - salesAmt           int64
[2024-07-31T17:03:17.734+0900] {process_utils.py:191} INFO - salesShare       float64
[2024-07-31T17:03:17.734+0900] {process_utils.py:191} INFO - salesInten         int64
[2024-07-31T17:03:17.735+0900] {process_utils.py:191} INFO - salesChange      float64
[2024-07-31T17:03:17.735+0900] {process_utils.py:191} INFO - salesAcc          object
[2024-07-31T17:03:17.735+0900] {process_utils.py:191} INFO - audiCnt            int64
[2024-07-31T17:03:17.735+0900] {process_utils.py:191} INFO - audiInten          int64
[2024-07-31T17:03:17.736+0900] {process_utils.py:191} INFO - audiChange       float64
[2024-07-31T17:03:17.736+0900] {process_utils.py:191} INFO - audiAcc            int64
[2024-07-31T17:03:17.736+0900] {process_utils.py:191} INFO - scrnCnt            int64
[2024-07-31T17:03:17.736+0900] {process_utils.py:191} INFO - showCnt            int64
[2024-07-31T17:03:17.736+0900] {process_utils.py:191} INFO - dtype: object
[2024-07-31T17:03:17.737+0900] {process_utils.py:191} INFO - 개봉일 기준 그룹핑 누적 관객수 합
[2024-07-31T17:03:17.737+0900] {process_utils.py:191} INFO -        openDt  audiCnt
[2024-07-31T17:03:17.737+0900] {process_utils.py:191} INFO - 0  2024-06-12    38549
[2024-07-31T17:03:17.737+0900] {process_utils.py:191} INFO - 1  2024-06-21     1679
[2024-07-31T17:03:17.738+0900] {process_utils.py:191} INFO - 2  2024-06-26    13489
[2024-07-31T17:03:17.738+0900] {process_utils.py:191} INFO - 3  2024-07-03    43484
[2024-07-31T17:03:17.738+0900] {process_utils.py:191} INFO - 4  2024-07-10     2093
[2024-07-31T17:03:17.738+0900] {process_utils.py:191} INFO - 5  2024-07-12     5095
[2024-07-31T17:03:17.739+0900] {process_utils.py:191} INFO - 6  2024-07-17    15694
[2024-07-31T17:03:17.739+0900] {process_utils.py:191} INFO - 7  2024-07-24   158876
[2024-07-31T17:03:18.185+0900] {python.py:237} INFO - Done. Returned value was: None
[2024-07-31T17:03:18.186+0900] {taskinstance.py:441} INFO - ::group::Post task execution logs
[2024-07-31T17:03:18.190+0900] {taskinstance.py:1206} INFO - Marking task as SUCCESS. dag_id=movie, task_id=save.data, run_id=scheduled__2024-07-30T02:10:00+00:00, execution_date=20240730T021000, start_date=20240731T080254, end_date=20240731T080318
[2024-07-31T17:03:18.239+0900] {local_task_job_runner.py:243} INFO - Task exited with return code 0
[2024-07-31T17:03:18.245+0900] {taskinstance.py:3503} INFO - 0 downstream tasks scheduled from follow-on schedule check
[2024-07-31T17:03:18.246+0900] {local_task_job_runner.py:222} INFO - ::endgroup::
