[2024-07-31T11:20:02.902+0900] {local_task_job_runner.py:120} INFO - ::group::Pre task execution logs
[2024-07-31T11:20:02.909+0900] {taskinstance.py:2076} INFO - Dependencies all met for dep_context=non-requeueable deps ti=<TaskInstance: movie.branch.op scheduled__2024-07-30T02:10:00+00:00 [queued]>
[2024-07-31T11:20:02.911+0900] {taskinstance.py:2076} INFO - Dependencies all met for dep_context=requeueable deps ti=<TaskInstance: movie.branch.op scheduled__2024-07-30T02:10:00+00:00 [queued]>
[2024-07-31T11:20:02.911+0900] {taskinstance.py:2306} INFO - Starting attempt 2 of 3
[2024-07-31T11:20:02.917+0900] {taskinstance.py:2330} INFO - Executing <Task(BranchPythonOperator): branch.op> on 2024-07-30 02:10:00+00:00
[2024-07-31T11:20:02.920+0900] {standard_task_runner.py:64} INFO - Started process 10660 to run task
[2024-07-31T11:20:02.922+0900] {standard_task_runner.py:90} INFO - Running: ['airflow', 'tasks', 'run', 'movie', 'branch.op', 'scheduled__2024-07-30T02:10:00+00:00', '--job-id', '724', '--raw', '--subdir', 'DAGS_FOLDER/movie.py', '--cfg-path', '/var/folders/qv/0knwm5h50ml0skpppwpbks_r0000gp/T/tmpc73rfhcu']
[2024-07-31T11:20:02.923+0900] {standard_task_runner.py:91} INFO - Job 724: Subtask branch.op
[2024-07-31T11:20:02.940+0900] {task_command.py:426} INFO - Running <TaskInstance: movie.branch.op scheduled__2024-07-30T02:10:00+00:00 [running]> on host jeongui-MacBookPro.local
[2024-07-31T11:20:02.964+0900] {taskinstance.py:2648} INFO - Exporting env vars: AIRFLOW_CTX_DAG_OWNER='airflow' AIRFLOW_CTX_DAG_ID='movie' AIRFLOW_CTX_TASK_ID='branch.op' AIRFLOW_CTX_EXECUTION_DATE='2024-07-30T02:10:00+00:00' AIRFLOW_CTX_TRY_NUMBER='2' AIRFLOW_CTX_DAG_RUN_ID='scheduled__2024-07-30T02:10:00+00:00'
[2024-07-31T11:20:02.964+0900] {taskinstance.py:430} INFO - ::endgroup::
[2024-07-31T11:20:02.971+0900] {baseoperator.py:400} WARNING - BranchPythonOperator.execute cannot be called outside TaskInstance!
[2024-07-31T11:20:02.972+0900] {python.py:237} INFO - Done. Returned value was: rm.dir
[2024-07-31T11:20:02.972+0900] {branch.py:36} INFO - Branch into rm.dir
[2024-07-31T11:20:02.972+0900] {skipmixin.py:178} INFO - Following branch rm.dir
[2024-07-31T11:20:02.975+0900] {skipmixin.py:246} INFO - Skipping tasks [('echo.task', -1)]
[2024-07-31T11:20:02.978+0900] {taskinstance.py:441} INFO - ::group::Post task execution logs
[2024-07-31T11:20:02.981+0900] {taskinstance.py:1206} INFO - Marking task as SUCCESS. dag_id=movie, task_id=branch.op, run_id=scheduled__2024-07-30T02:10:00+00:00, execution_date=20240730T021000, start_date=20240731T022002, end_date=20240731T022002
[2024-07-31T11:20:03.029+0900] {local_task_job_runner.py:243} INFO - Task exited with return code 0
[2024-07-31T11:20:03.042+0900] {taskinstance.py:3503} INFO - 1 downstream tasks scheduled from follow-on schedule check
[2024-07-31T11:20:03.042+0900] {local_task_job_runner.py:222} INFO - ::endgroup::
[2024-07-31T19:56:12.301+0900] {local_task_job_runner.py:120} INFO - ::group::Pre task execution logs
[2024-07-31T19:56:12.311+0900] {taskinstance.py:2076} INFO - Dependencies all met for dep_context=non-requeueable deps ti=<TaskInstance: movie.branch.op scheduled__2024-07-30T02:10:00+00:00 [queued]>
[2024-07-31T19:56:12.313+0900] {taskinstance.py:2076} INFO - Dependencies all met for dep_context=requeueable deps ti=<TaskInstance: movie.branch.op scheduled__2024-07-30T02:10:00+00:00 [queued]>
[2024-07-31T19:56:12.314+0900] {taskinstance.py:2306} INFO - Starting attempt 2 of 3
[2024-07-31T19:56:12.320+0900] {taskinstance.py:2330} INFO - Executing <Task(BranchPythonOperator): branch.op> on 2024-07-30 02:10:00+00:00
[2024-07-31T19:56:12.322+0900] {standard_task_runner.py:64} INFO - Started process 33630 to run task
[2024-07-31T19:56:12.325+0900] {standard_task_runner.py:90} INFO - Running: ['airflow', 'tasks', 'run', 'movie', 'branch.op', 'scheduled__2024-07-30T02:10:00+00:00', '--job-id', '991', '--raw', '--subdir', 'DAGS_FOLDER/movie.py', '--cfg-path', '/var/folders/qv/0knwm5h50ml0skpppwpbks_r0000gp/T/tmpxo13cv_p']
[2024-07-31T19:56:12.326+0900] {standard_task_runner.py:91} INFO - Job 991: Subtask branch.op
[2024-07-31T19:56:12.340+0900] {task_command.py:426} INFO - Running <TaskInstance: movie.branch.op scheduled__2024-07-30T02:10:00+00:00 [running]> on host jeongui-MacBookPro.local
[2024-07-31T19:56:12.363+0900] {taskinstance.py:2648} INFO - Exporting env vars: AIRFLOW_CTX_DAG_OWNER='airflow' AIRFLOW_CTX_DAG_ID='movie' AIRFLOW_CTX_TASK_ID='branch.op' AIRFLOW_CTX_EXECUTION_DATE='2024-07-30T02:10:00+00:00' AIRFLOW_CTX_TRY_NUMBER='2' AIRFLOW_CTX_DAG_RUN_ID='scheduled__2024-07-30T02:10:00+00:00'
[2024-07-31T19:56:12.363+0900] {taskinstance.py:430} INFO - ::endgroup::
[2024-07-31T19:56:12.370+0900] {baseoperator.py:400} WARNING - BranchPythonOperator.execute cannot be called outside TaskInstance!
[2024-07-31T19:56:12.371+0900] {python.py:237} INFO - Done. Returned value was: ('get.data', 'echo.task')
[2024-07-31T19:56:12.371+0900] {branch.py:36} INFO - Branch into ('get.data', 'echo.task')
[2024-07-31T19:56:12.371+0900] {skipmixin.py:178} INFO - Following branch ('get.data', 'echo.task')
[2024-07-31T19:56:12.374+0900] {skipmixin.py:246} INFO - Skipping tasks [('rm.dir', -1)]
[2024-07-31T19:56:12.378+0900] {taskinstance.py:441} INFO - ::group::Post task execution logs
[2024-07-31T19:56:12.381+0900] {taskinstance.py:1206} INFO - Marking task as SUCCESS. dag_id=movie, task_id=branch.op, run_id=scheduled__2024-07-30T02:10:00+00:00, execution_date=20240730T021000, start_date=20240731T105612, end_date=20240731T105612
[2024-07-31T19:56:12.385+0900] {local_task_job_runner.py:243} INFO - Task exited with return code 0
[2024-07-31T19:56:12.396+0900] {taskinstance.py:3503} INFO - 1 downstream tasks scheduled from follow-on schedule check
[2024-07-31T19:56:12.397+0900] {local_task_job_runner.py:222} INFO - ::endgroup::
