[2024-07-31T11:10:07.878+0900] {local_task_job_runner.py:120} INFO - ::group::Pre task execution logs
[2024-07-31T11:10:07.888+0900] {taskinstance.py:2076} INFO - Dependencies all met for dep_context=non-requeueable deps ti=<TaskInstance: movie.branch.op scheduled__2024-07-30T02:10:00+00:00 [queued]>
[2024-07-31T11:10:07.891+0900] {taskinstance.py:2076} INFO - Dependencies all met for dep_context=requeueable deps ti=<TaskInstance: movie.branch.op scheduled__2024-07-30T02:10:00+00:00 [queued]>
[2024-07-31T11:10:07.892+0900] {taskinstance.py:2306} INFO - Starting attempt 1 of 2
[2024-07-31T11:10:07.898+0900] {taskinstance.py:2330} INFO - Executing <Task(BranchPythonOperator): branch.op> on 2024-07-30 02:10:00+00:00
[2024-07-31T11:10:07.901+0900] {standard_task_runner.py:64} INFO - Started process 10136 to run task
[2024-07-31T11:10:07.904+0900] {standard_task_runner.py:90} INFO - Running: ['airflow', 'tasks', 'run', 'movie', 'branch.op', 'scheduled__2024-07-30T02:10:00+00:00', '--job-id', '719', '--raw', '--subdir', 'DAGS_FOLDER/movie.py', '--cfg-path', '/var/folders/qv/0knwm5h50ml0skpppwpbks_r0000gp/T/tmpez22jbzz']
[2024-07-31T11:10:07.906+0900] {standard_task_runner.py:91} INFO - Job 719: Subtask branch.op
[2024-07-31T11:10:07.921+0900] {task_command.py:426} INFO - Running <TaskInstance: movie.branch.op scheduled__2024-07-30T02:10:00+00:00 [running]> on host jeongui-MacBookPro.local
[2024-07-31T11:10:07.942+0900] {taskinstance.py:2648} INFO - Exporting env vars: AIRFLOW_CTX_DAG_OWNER='airflow' AIRFLOW_CTX_DAG_ID='movie' AIRFLOW_CTX_TASK_ID='branch.op' AIRFLOW_CTX_EXECUTION_DATE='2024-07-30T02:10:00+00:00' AIRFLOW_CTX_TRY_NUMBER='1' AIRFLOW_CTX_DAG_RUN_ID='scheduled__2024-07-30T02:10:00+00:00'
[2024-07-31T11:10:07.942+0900] {taskinstance.py:430} INFO - ::endgroup::
[2024-07-31T11:10:07.949+0900] {baseoperator.py:400} WARNING - BranchPythonOperator.execute cannot be called outside TaskInstance!
[2024-07-31T11:10:07.949+0900] {python.py:237} INFO - Done. Returned value was: ('get.data', 'echo.task')
[2024-07-31T11:10:07.949+0900] {branch.py:36} INFO - Branch into ('get.data', 'echo.task')
[2024-07-31T11:10:07.950+0900] {skipmixin.py:178} INFO - Following branch ('get.data', 'echo.task')
[2024-07-31T11:10:07.952+0900] {skipmixin.py:246} INFO - Skipping tasks [('rm.dir', -1)]
[2024-07-31T11:10:07.956+0900] {taskinstance.py:441} INFO - ::group::Post task execution logs
[2024-07-31T11:10:07.959+0900] {taskinstance.py:1206} INFO - Marking task as SUCCESS. dag_id=movie, task_id=branch.op, run_id=scheduled__2024-07-30T02:10:00+00:00, execution_date=20240730T021000, start_date=20240731T021007, end_date=20240731T021007
[2024-07-31T11:10:07.966+0900] {local_task_job_runner.py:243} INFO - Task exited with return code 0
[2024-07-31T11:10:07.977+0900] {taskinstance.py:3503} INFO - 1 downstream tasks scheduled from follow-on schedule check
[2024-07-31T11:10:07.978+0900] {local_task_job_runner.py:222} INFO - ::endgroup::
[2024-07-31T17:00:00.716+0900] {local_task_job_runner.py:120} INFO - ::group::Pre task execution logs
[2024-07-31T17:00:00.727+0900] {taskinstance.py:2076} INFO - Dependencies all met for dep_context=non-requeueable deps ti=<TaskInstance: movie.branch.op scheduled__2024-07-30T02:10:00+00:00 [queued]>
[2024-07-31T17:00:00.730+0900] {taskinstance.py:2076} INFO - Dependencies all met for dep_context=requeueable deps ti=<TaskInstance: movie.branch.op scheduled__2024-07-30T02:10:00+00:00 [queued]>
[2024-07-31T17:00:00.730+0900] {taskinstance.py:2306} INFO - Starting attempt 1 of 2
[2024-07-31T17:00:00.736+0900] {taskinstance.py:2330} INFO - Executing <Task(BranchPythonOperator): branch.op> on 2024-07-30 02:10:00+00:00
[2024-07-31T17:00:00.739+0900] {standard_task_runner.py:64} INFO - Started process 21009 to run task
[2024-07-31T17:00:00.741+0900] {standard_task_runner.py:90} INFO - Running: ['airflow', 'tasks', 'run', 'movie', 'branch.op', 'scheduled__2024-07-30T02:10:00+00:00', '--job-id', '884', '--raw', '--subdir', 'DAGS_FOLDER/movie.py', '--cfg-path', '/var/folders/qv/0knwm5h50ml0skpppwpbks_r0000gp/T/tmpnhzlz5y_']
[2024-07-31T17:00:00.743+0900] {standard_task_runner.py:91} INFO - Job 884: Subtask branch.op
[2024-07-31T17:00:00.757+0900] {task_command.py:426} INFO - Running <TaskInstance: movie.branch.op scheduled__2024-07-30T02:10:00+00:00 [running]> on host jeongui-MacBookPro.local
[2024-07-31T17:00:00.777+0900] {taskinstance.py:2648} INFO - Exporting env vars: AIRFLOW_CTX_DAG_OWNER='airflow' AIRFLOW_CTX_DAG_ID='movie' AIRFLOW_CTX_TASK_ID='branch.op' AIRFLOW_CTX_EXECUTION_DATE='2024-07-30T02:10:00+00:00' AIRFLOW_CTX_TRY_NUMBER='1' AIRFLOW_CTX_DAG_RUN_ID='scheduled__2024-07-30T02:10:00+00:00'
[2024-07-31T17:00:00.777+0900] {taskinstance.py:430} INFO - ::endgroup::
[2024-07-31T17:00:00.783+0900] {baseoperator.py:400} WARNING - BranchPythonOperator.execute cannot be called outside TaskInstance!
[2024-07-31T17:00:00.783+0900] {python.py:237} INFO - Done. Returned value was: rm.dir
[2024-07-31T17:00:00.783+0900] {branch.py:36} INFO - Branch into rm.dir
[2024-07-31T17:00:00.783+0900] {skipmixin.py:178} INFO - Following branch rm.dir
[2024-07-31T17:00:00.786+0900] {skipmixin.py:246} INFO - Skipping tasks [('echo.task', -1)]
[2024-07-31T17:00:00.790+0900] {taskinstance.py:441} INFO - ::group::Post task execution logs
[2024-07-31T17:00:00.793+0900] {taskinstance.py:1206} INFO - Marking task as SUCCESS. dag_id=movie, task_id=branch.op, run_id=scheduled__2024-07-30T02:10:00+00:00, execution_date=20240730T021000, start_date=20240731T080000, end_date=20240731T080000
[2024-07-31T17:00:00.815+0900] {local_task_job_runner.py:243} INFO - Task exited with return code 0
[2024-07-31T17:00:00.826+0900] {taskinstance.py:3503} INFO - 1 downstream tasks scheduled from follow-on schedule check
[2024-07-31T17:00:00.826+0900] {local_task_job_runner.py:222} INFO - ::endgroup::
