[2024-08-01T10:00:00.293+0900] {processor.py:161} INFO - Started process (PID=4172) to work on /Users/DE32/airflow/dags/make_parquet.py
[2024-08-01T10:00:00.293+0900] {processor.py:830} INFO - Processing file /Users/DE32/airflow/dags/make_parquet.py for tasks to queue
[2024-08-01T10:00:00.294+0900] {logging_mixin.py:188} INFO - [2024-08-01T10:00:00.294+0900] {dagbag.py:545} INFO - Filling up the DagBag from /Users/DE32/airflow/dags/make_parquet.py
[2024-08-01T10:00:00.298+0900] {processor.py:840} INFO - DAG(s) 'make_parquet' retrieved from /Users/DE32/airflow/dags/make_parquet.py
[2024-08-01T10:00:00.303+0900] {logging_mixin.py:188} INFO - [2024-08-01T10:00:00.303+0900] {dag.py:3089} INFO - Sync 1 DAGs
[2024-08-01T10:00:00.338+0900] {logging_mixin.py:188} INFO - [2024-08-01T10:00:00.338+0900] {dag.py:3947} INFO - Setting next_dagrun for make_parquet to 2024-07-31 04:10:00+00:00, run_after=2024-08-01 04:10:00+00:00
[2024-08-01T10:00:00.379+0900] {processor.py:183} INFO - Processing /Users/DE32/airflow/dags/make_parquet.py took 0.087 seconds
[2024-08-01T10:00:32.469+0900] {processor.py:161} INFO - Started process (PID=4205) to work on /Users/DE32/airflow/dags/make_parquet.py
[2024-08-01T10:00:32.470+0900] {processor.py:830} INFO - Processing file /Users/DE32/airflow/dags/make_parquet.py for tasks to queue
[2024-08-01T10:00:32.470+0900] {logging_mixin.py:188} INFO - [2024-08-01T10:00:32.470+0900] {dagbag.py:545} INFO - Filling up the DagBag from /Users/DE32/airflow/dags/make_parquet.py
[2024-08-01T10:00:32.474+0900] {processor.py:840} INFO - DAG(s) 'make_parquet' retrieved from /Users/DE32/airflow/dags/make_parquet.py
[2024-08-01T10:00:32.569+0900] {logging_mixin.py:188} INFO - [2024-08-01T10:00:32.569+0900] {dag.py:3089} INFO - Sync 1 DAGs
[2024-08-01T10:00:32.576+0900] {logging_mixin.py:188} INFO - [2024-08-01T10:00:32.576+0900] {dag.py:3947} INFO - Setting next_dagrun for make_parquet to 2024-07-31 04:10:00+00:00, run_after=2024-08-01 04:10:00+00:00
[2024-08-01T10:00:32.582+0900] {processor.py:183} INFO - Processing /Users/DE32/airflow/dags/make_parquet.py took 0.114 seconds
[2024-08-01T10:01:04.116+0900] {processor.py:161} INFO - Started process (PID=4215) to work on /Users/DE32/airflow/dags/make_parquet.py
[2024-08-01T10:01:04.117+0900] {processor.py:830} INFO - Processing file /Users/DE32/airflow/dags/make_parquet.py for tasks to queue
[2024-08-01T10:01:04.117+0900] {logging_mixin.py:188} INFO - [2024-08-01T10:01:04.117+0900] {dagbag.py:545} INFO - Filling up the DagBag from /Users/DE32/airflow/dags/make_parquet.py
[2024-08-01T10:01:04.121+0900] {processor.py:840} INFO - DAG(s) 'make_parquet' retrieved from /Users/DE32/airflow/dags/make_parquet.py
[2024-08-01T10:01:04.155+0900] {logging_mixin.py:188} INFO - [2024-08-01T10:01:04.155+0900] {dag.py:3089} INFO - Sync 1 DAGs
[2024-08-01T10:01:04.186+0900] {logging_mixin.py:188} INFO - [2024-08-01T10:01:04.186+0900] {dag.py:3947} INFO - Setting next_dagrun for make_parquet to 2024-07-31 04:10:00+00:00, run_after=2024-08-01 04:10:00+00:00
[2024-08-01T10:01:04.193+0900] {processor.py:183} INFO - Processing /Users/DE32/airflow/dags/make_parquet.py took 0.078 seconds
[2024-08-01T10:01:35.126+0900] {processor.py:161} INFO - Started process (PID=4237) to work on /Users/DE32/airflow/dags/make_parquet.py
[2024-08-01T10:01:35.127+0900] {processor.py:830} INFO - Processing file /Users/DE32/airflow/dags/make_parquet.py for tasks to queue
[2024-08-01T10:01:35.128+0900] {logging_mixin.py:188} INFO - [2024-08-01T10:01:35.128+0900] {dagbag.py:545} INFO - Filling up the DagBag from /Users/DE32/airflow/dags/make_parquet.py
[2024-08-01T10:01:35.132+0900] {processor.py:840} INFO - DAG(s) 'make_parquet' retrieved from /Users/DE32/airflow/dags/make_parquet.py
[2024-08-01T10:01:35.166+0900] {logging_mixin.py:188} INFO - [2024-08-01T10:01:35.166+0900] {dag.py:3089} INFO - Sync 1 DAGs
[2024-08-01T10:01:35.198+0900] {logging_mixin.py:188} INFO - [2024-08-01T10:01:35.198+0900] {dag.py:3947} INFO - Setting next_dagrun for make_parquet to 2024-07-31 04:10:00+00:00, run_after=2024-08-01 04:10:00+00:00
[2024-08-01T10:01:35.205+0900] {processor.py:183} INFO - Processing /Users/DE32/airflow/dags/make_parquet.py took 0.079 seconds
[2024-08-01T10:02:06.180+0900] {processor.py:161} INFO - Started process (PID=4244) to work on /Users/DE32/airflow/dags/make_parquet.py
[2024-08-01T10:02:06.180+0900] {processor.py:830} INFO - Processing file /Users/DE32/airflow/dags/make_parquet.py for tasks to queue
[2024-08-01T10:02:06.181+0900] {logging_mixin.py:188} INFO - [2024-08-01T10:02:06.181+0900] {dagbag.py:545} INFO - Filling up the DagBag from /Users/DE32/airflow/dags/make_parquet.py
[2024-08-01T10:02:06.185+0900] {processor.py:840} INFO - DAG(s) 'make_parquet' retrieved from /Users/DE32/airflow/dags/make_parquet.py
[2024-08-01T10:02:06.219+0900] {logging_mixin.py:188} INFO - [2024-08-01T10:02:06.219+0900] {dag.py:3089} INFO - Sync 1 DAGs
[2024-08-01T10:02:06.251+0900] {logging_mixin.py:188} INFO - [2024-08-01T10:02:06.251+0900] {dag.py:3947} INFO - Setting next_dagrun for make_parquet to 2024-07-31 04:10:00+00:00, run_after=2024-08-01 04:10:00+00:00
[2024-08-01T10:02:06.257+0900] {processor.py:183} INFO - Processing /Users/DE32/airflow/dags/make_parquet.py took 0.078 seconds
[2024-08-01T10:02:37.286+0900] {processor.py:161} INFO - Started process (PID=4249) to work on /Users/DE32/airflow/dags/make_parquet.py
[2024-08-01T10:02:37.286+0900] {processor.py:830} INFO - Processing file /Users/DE32/airflow/dags/make_parquet.py for tasks to queue
[2024-08-01T10:02:37.286+0900] {logging_mixin.py:188} INFO - [2024-08-01T10:02:37.286+0900] {dagbag.py:545} INFO - Filling up the DagBag from /Users/DE32/airflow/dags/make_parquet.py
[2024-08-01T10:02:37.290+0900] {processor.py:840} INFO - DAG(s) 'make_parquet' retrieved from /Users/DE32/airflow/dags/make_parquet.py
[2024-08-01T10:02:37.324+0900] {logging_mixin.py:188} INFO - [2024-08-01T10:02:37.324+0900] {dag.py:3089} INFO - Sync 1 DAGs
[2024-08-01T10:02:37.356+0900] {logging_mixin.py:188} INFO - [2024-08-01T10:02:37.356+0900] {dag.py:3947} INFO - Setting next_dagrun for make_parquet to 2024-07-31 04:10:00+00:00, run_after=2024-08-01 04:10:00+00:00
[2024-08-01T10:02:37.363+0900] {processor.py:183} INFO - Processing /Users/DE32/airflow/dags/make_parquet.py took 0.078 seconds
[2024-08-01T10:03:08.372+0900] {processor.py:161} INFO - Started process (PID=4254) to work on /Users/DE32/airflow/dags/make_parquet.py
[2024-08-01T10:03:08.373+0900] {processor.py:830} INFO - Processing file /Users/DE32/airflow/dags/make_parquet.py for tasks to queue
[2024-08-01T10:03:08.373+0900] {logging_mixin.py:188} INFO - [2024-08-01T10:03:08.373+0900] {dagbag.py:545} INFO - Filling up the DagBag from /Users/DE32/airflow/dags/make_parquet.py
[2024-08-01T10:03:08.377+0900] {processor.py:840} INFO - DAG(s) 'make_parquet' retrieved from /Users/DE32/airflow/dags/make_parquet.py
[2024-08-01T10:03:08.411+0900] {logging_mixin.py:188} INFO - [2024-08-01T10:03:08.410+0900] {dag.py:3089} INFO - Sync 1 DAGs
[2024-08-01T10:03:08.442+0900] {logging_mixin.py:188} INFO - [2024-08-01T10:03:08.442+0900] {dag.py:3947} INFO - Setting next_dagrun for make_parquet to 2024-07-31 04:10:00+00:00, run_after=2024-08-01 04:10:00+00:00
[2024-08-01T10:03:08.449+0900] {processor.py:183} INFO - Processing /Users/DE32/airflow/dags/make_parquet.py took 0.077 seconds
[2024-08-01T10:03:39.747+0900] {processor.py:161} INFO - Started process (PID=4263) to work on /Users/DE32/airflow/dags/make_parquet.py
[2024-08-01T10:03:39.748+0900] {processor.py:830} INFO - Processing file /Users/DE32/airflow/dags/make_parquet.py for tasks to queue
[2024-08-01T10:03:39.748+0900] {logging_mixin.py:188} INFO - [2024-08-01T10:03:39.748+0900] {dagbag.py:545} INFO - Filling up the DagBag from /Users/DE32/airflow/dags/make_parquet.py
[2024-08-01T10:03:39.753+0900] {processor.py:840} INFO - DAG(s) 'make_parquet' retrieved from /Users/DE32/airflow/dags/make_parquet.py
[2024-08-01T10:03:39.787+0900] {logging_mixin.py:188} INFO - [2024-08-01T10:03:39.787+0900] {dag.py:3089} INFO - Sync 1 DAGs
[2024-08-01T10:03:39.820+0900] {logging_mixin.py:188} INFO - [2024-08-01T10:03:39.819+0900] {dag.py:3947} INFO - Setting next_dagrun for make_parquet to 2024-07-31 04:10:00+00:00, run_after=2024-08-01 04:10:00+00:00
[2024-08-01T10:03:39.826+0900] {processor.py:183} INFO - Processing /Users/DE32/airflow/dags/make_parquet.py took 0.080 seconds
[2024-08-01T10:04:10.868+0900] {processor.py:161} INFO - Started process (PID=4272) to work on /Users/DE32/airflow/dags/make_parquet.py
[2024-08-01T10:04:10.869+0900] {processor.py:830} INFO - Processing file /Users/DE32/airflow/dags/make_parquet.py for tasks to queue
[2024-08-01T10:04:10.869+0900] {logging_mixin.py:188} INFO - [2024-08-01T10:04:10.869+0900] {dagbag.py:545} INFO - Filling up the DagBag from /Users/DE32/airflow/dags/make_parquet.py
[2024-08-01T10:04:10.873+0900] {processor.py:840} INFO - DAG(s) 'make_parquet' retrieved from /Users/DE32/airflow/dags/make_parquet.py
[2024-08-01T10:04:10.907+0900] {logging_mixin.py:188} INFO - [2024-08-01T10:04:10.907+0900] {dag.py:3089} INFO - Sync 1 DAGs
[2024-08-01T10:04:10.940+0900] {logging_mixin.py:188} INFO - [2024-08-01T10:04:10.940+0900] {dag.py:3947} INFO - Setting next_dagrun for make_parquet to 2024-07-31 04:10:00+00:00, run_after=2024-08-01 04:10:00+00:00
[2024-08-01T10:04:10.947+0900] {processor.py:183} INFO - Processing /Users/DE32/airflow/dags/make_parquet.py took 0.080 seconds
[2024-08-01T10:04:41.942+0900] {processor.py:161} INFO - Started process (PID=4969) to work on /Users/DE32/airflow/dags/make_parquet.py
[2024-08-01T10:04:41.944+0900] {processor.py:830} INFO - Processing file /Users/DE32/airflow/dags/make_parquet.py for tasks to queue
[2024-08-01T10:04:41.944+0900] {logging_mixin.py:188} INFO - [2024-08-01T10:04:41.944+0900] {dagbag.py:545} INFO - Filling up the DagBag from /Users/DE32/airflow/dags/make_parquet.py
[2024-08-01T10:04:41.948+0900] {processor.py:840} INFO - DAG(s) 'make_parquet' retrieved from /Users/DE32/airflow/dags/make_parquet.py
[2024-08-01T10:04:41.982+0900] {logging_mixin.py:188} INFO - [2024-08-01T10:04:41.982+0900] {dag.py:3089} INFO - Sync 1 DAGs
[2024-08-01T10:04:42.015+0900] {logging_mixin.py:188} INFO - [2024-08-01T10:04:42.015+0900] {dag.py:3947} INFO - Setting next_dagrun for make_parquet to 2024-07-31 04:10:00+00:00, run_after=2024-08-01 04:10:00+00:00
[2024-08-01T10:04:42.022+0900] {processor.py:183} INFO - Processing /Users/DE32/airflow/dags/make_parquet.py took 0.080 seconds
[2024-08-01T10:05:13.291+0900] {processor.py:161} INFO - Started process (PID=4979) to work on /Users/DE32/airflow/dags/make_parquet.py
[2024-08-01T10:05:13.292+0900] {processor.py:830} INFO - Processing file /Users/DE32/airflow/dags/make_parquet.py for tasks to queue
[2024-08-01T10:05:13.293+0900] {logging_mixin.py:188} INFO - [2024-08-01T10:05:13.292+0900] {dagbag.py:545} INFO - Filling up the DagBag from /Users/DE32/airflow/dags/make_parquet.py
[2024-08-01T10:05:13.297+0900] {processor.py:840} INFO - DAG(s) 'make_parquet' retrieved from /Users/DE32/airflow/dags/make_parquet.py
[2024-08-01T10:05:13.331+0900] {logging_mixin.py:188} INFO - [2024-08-01T10:05:13.331+0900] {dag.py:3089} INFO - Sync 1 DAGs
[2024-08-01T10:05:13.364+0900] {logging_mixin.py:188} INFO - [2024-08-01T10:05:13.364+0900] {dag.py:3947} INFO - Setting next_dagrun for make_parquet to 2024-07-31 04:10:00+00:00, run_after=2024-08-01 04:10:00+00:00
[2024-08-01T10:05:13.371+0900] {processor.py:183} INFO - Processing /Users/DE32/airflow/dags/make_parquet.py took 0.080 seconds
[2024-08-01T10:05:44.149+0900] {processor.py:161} INFO - Started process (PID=5353) to work on /Users/DE32/airflow/dags/make_parquet.py
[2024-08-01T10:05:44.149+0900] {processor.py:830} INFO - Processing file /Users/DE32/airflow/dags/make_parquet.py for tasks to queue
[2024-08-01T10:05:44.149+0900] {logging_mixin.py:188} INFO - [2024-08-01T10:05:44.149+0900] {dagbag.py:545} INFO - Filling up the DagBag from /Users/DE32/airflow/dags/make_parquet.py
[2024-08-01T10:05:44.153+0900] {processor.py:840} INFO - DAG(s) 'make_parquet' retrieved from /Users/DE32/airflow/dags/make_parquet.py
[2024-08-01T10:05:44.188+0900] {logging_mixin.py:188} INFO - [2024-08-01T10:05:44.188+0900] {dag.py:3089} INFO - Sync 1 DAGs
[2024-08-01T10:05:44.221+0900] {logging_mixin.py:188} INFO - [2024-08-01T10:05:44.221+0900] {dag.py:3947} INFO - Setting next_dagrun for make_parquet to 2024-07-31 04:10:00+00:00, run_after=2024-08-01 04:10:00+00:00
[2024-08-01T10:05:44.228+0900] {processor.py:183} INFO - Processing /Users/DE32/airflow/dags/make_parquet.py took 0.080 seconds
[2024-08-01T10:06:14.997+0900] {processor.py:161} INFO - Started process (PID=5829) to work on /Users/DE32/airflow/dags/make_parquet.py
[2024-08-01T10:06:14.997+0900] {processor.py:830} INFO - Processing file /Users/DE32/airflow/dags/make_parquet.py for tasks to queue
[2024-08-01T10:06:14.997+0900] {logging_mixin.py:188} INFO - [2024-08-01T10:06:14.997+0900] {dagbag.py:545} INFO - Filling up the DagBag from /Users/DE32/airflow/dags/make_parquet.py
[2024-08-01T10:06:15.001+0900] {processor.py:840} INFO - DAG(s) 'make_parquet' retrieved from /Users/DE32/airflow/dags/make_parquet.py
[2024-08-01T10:06:15.036+0900] {logging_mixin.py:188} INFO - [2024-08-01T10:06:15.036+0900] {dag.py:3089} INFO - Sync 1 DAGs
[2024-08-01T10:06:15.070+0900] {logging_mixin.py:188} INFO - [2024-08-01T10:06:15.069+0900] {dag.py:3947} INFO - Setting next_dagrun for make_parquet to 2024-07-31 04:10:00+00:00, run_after=2024-08-01 04:10:00+00:00
[2024-08-01T10:06:15.077+0900] {processor.py:183} INFO - Processing /Users/DE32/airflow/dags/make_parquet.py took 0.081 seconds
