[2024-08-01T09:59:58.467+0900] {processor.py:161} INFO - Started process (PID=4169) to work on /Users/DE32/airflow/dags/movie.py
[2024-08-01T09:59:58.467+0900] {processor.py:830} INFO - Processing file /Users/DE32/airflow/dags/movie.py for tasks to queue
[2024-08-01T09:59:58.467+0900] {logging_mixin.py:188} INFO - [2024-08-01T09:59:58.467+0900] {dagbag.py:545} INFO - Filling up the DagBag from /Users/DE32/airflow/dags/movie.py
[2024-08-01T09:59:58.480+0900] {processor.py:840} INFO - DAG(s) 'movie' retrieved from /Users/DE32/airflow/dags/movie.py
[2024-08-01T09:59:58.485+0900] {logging_mixin.py:188} INFO - [2024-08-01T09:59:58.485+0900] {dag.py:3089} INFO - Sync 1 DAGs
[2024-08-01T09:59:58.543+0900] {logging_mixin.py:188} INFO - [2024-08-01T09:59:58.543+0900] {dag.py:3947} INFO - Setting next_dagrun for movie to 2024-07-31 02:10:00+00:00, run_after=2024-08-01 02:10:00+00:00
[2024-08-01T09:59:58.549+0900] {processor.py:183} INFO - Processing /Users/DE32/airflow/dags/movie.py took 0.084 seconds
[2024-08-01T10:00:30.465+0900] {processor.py:161} INFO - Started process (PID=4203) to work on /Users/DE32/airflow/dags/movie.py
[2024-08-01T10:00:30.466+0900] {processor.py:830} INFO - Processing file /Users/DE32/airflow/dags/movie.py for tasks to queue
[2024-08-01T10:00:30.466+0900] {logging_mixin.py:188} INFO - [2024-08-01T10:00:30.466+0900] {dagbag.py:545} INFO - Filling up the DagBag from /Users/DE32/airflow/dags/movie.py
[2024-08-01T10:00:30.480+0900] {processor.py:840} INFO - DAG(s) 'movie' retrieved from /Users/DE32/airflow/dags/movie.py
[2024-08-01T10:00:30.671+0900] {logging_mixin.py:188} INFO - [2024-08-01T10:00:30.671+0900] {dag.py:3089} INFO - Sync 1 DAGs
[2024-08-01T10:00:30.680+0900] {logging_mixin.py:188} INFO - [2024-08-01T10:00:30.680+0900] {dag.py:3947} INFO - Setting next_dagrun for movie to 2024-07-31 02:10:00+00:00, run_after=2024-08-01 02:10:00+00:00
[2024-08-01T10:00:30.688+0900] {processor.py:183} INFO - Processing /Users/DE32/airflow/dags/movie.py took 0.224 seconds
[2024-08-01T10:01:02.260+0900] {processor.py:161} INFO - Started process (PID=4213) to work on /Users/DE32/airflow/dags/movie.py
[2024-08-01T10:01:02.260+0900] {processor.py:830} INFO - Processing file /Users/DE32/airflow/dags/movie.py for tasks to queue
[2024-08-01T10:01:02.260+0900] {logging_mixin.py:188} INFO - [2024-08-01T10:01:02.260+0900] {dagbag.py:545} INFO - Filling up the DagBag from /Users/DE32/airflow/dags/movie.py
[2024-08-01T10:01:02.273+0900] {processor.py:840} INFO - DAG(s) 'movie' retrieved from /Users/DE32/airflow/dags/movie.py
[2024-08-01T10:01:02.363+0900] {logging_mixin.py:188} INFO - [2024-08-01T10:01:02.362+0900] {dag.py:3089} INFO - Sync 1 DAGs
[2024-08-01T10:01:02.369+0900] {logging_mixin.py:188} INFO - [2024-08-01T10:01:02.369+0900] {dag.py:3947} INFO - Setting next_dagrun for movie to 2024-07-31 02:10:00+00:00, run_after=2024-08-01 02:10:00+00:00
[2024-08-01T10:01:02.376+0900] {processor.py:183} INFO - Processing /Users/DE32/airflow/dags/movie.py took 0.117 seconds
[2024-08-01T10:01:33.289+0900] {processor.py:161} INFO - Started process (PID=4236) to work on /Users/DE32/airflow/dags/movie.py
[2024-08-01T10:01:33.290+0900] {processor.py:830} INFO - Processing file /Users/DE32/airflow/dags/movie.py for tasks to queue
[2024-08-01T10:01:33.290+0900] {logging_mixin.py:188} INFO - [2024-08-01T10:01:33.290+0900] {dagbag.py:545} INFO - Filling up the DagBag from /Users/DE32/airflow/dags/movie.py
[2024-08-01T10:01:33.302+0900] {processor.py:840} INFO - DAG(s) 'movie' retrieved from /Users/DE32/airflow/dags/movie.py
[2024-08-01T10:01:33.392+0900] {logging_mixin.py:188} INFO - [2024-08-01T10:01:33.391+0900] {dag.py:3089} INFO - Sync 1 DAGs
[2024-08-01T10:01:33.398+0900] {logging_mixin.py:188} INFO - [2024-08-01T10:01:33.398+0900] {dag.py:3947} INFO - Setting next_dagrun for movie to 2024-07-31 02:10:00+00:00, run_after=2024-08-01 02:10:00+00:00
[2024-08-01T10:01:33.404+0900] {processor.py:183} INFO - Processing /Users/DE32/airflow/dags/movie.py took 0.117 seconds
[2024-08-01T10:02:04.346+0900] {processor.py:161} INFO - Started process (PID=4243) to work on /Users/DE32/airflow/dags/movie.py
[2024-08-01T10:02:04.347+0900] {processor.py:830} INFO - Processing file /Users/DE32/airflow/dags/movie.py for tasks to queue
[2024-08-01T10:02:04.347+0900] {logging_mixin.py:188} INFO - [2024-08-01T10:02:04.347+0900] {dagbag.py:545} INFO - Filling up the DagBag from /Users/DE32/airflow/dags/movie.py
[2024-08-01T10:02:04.359+0900] {processor.py:840} INFO - DAG(s) 'movie' retrieved from /Users/DE32/airflow/dags/movie.py
[2024-08-01T10:02:04.449+0900] {logging_mixin.py:188} INFO - [2024-08-01T10:02:04.448+0900] {dag.py:3089} INFO - Sync 1 DAGs
[2024-08-01T10:02:04.455+0900] {logging_mixin.py:188} INFO - [2024-08-01T10:02:04.455+0900] {dag.py:3947} INFO - Setting next_dagrun for movie to 2024-07-31 02:10:00+00:00, run_after=2024-08-01 02:10:00+00:00
[2024-08-01T10:02:04.462+0900] {processor.py:183} INFO - Processing /Users/DE32/airflow/dags/movie.py took 0.116 seconds
[2024-08-01T10:02:35.449+0900] {processor.py:161} INFO - Started process (PID=4248) to work on /Users/DE32/airflow/dags/movie.py
[2024-08-01T10:02:35.450+0900] {processor.py:830} INFO - Processing file /Users/DE32/airflow/dags/movie.py for tasks to queue
[2024-08-01T10:02:35.450+0900] {logging_mixin.py:188} INFO - [2024-08-01T10:02:35.450+0900] {dagbag.py:545} INFO - Filling up the DagBag from /Users/DE32/airflow/dags/movie.py
[2024-08-01T10:02:35.462+0900] {processor.py:840} INFO - DAG(s) 'movie' retrieved from /Users/DE32/airflow/dags/movie.py
[2024-08-01T10:02:35.551+0900] {logging_mixin.py:188} INFO - [2024-08-01T10:02:35.551+0900] {dag.py:3089} INFO - Sync 1 DAGs
[2024-08-01T10:02:35.558+0900] {logging_mixin.py:188} INFO - [2024-08-01T10:02:35.558+0900] {dag.py:3947} INFO - Setting next_dagrun for movie to 2024-07-31 02:10:00+00:00, run_after=2024-08-01 02:10:00+00:00
[2024-08-01T10:02:35.565+0900] {processor.py:183} INFO - Processing /Users/DE32/airflow/dags/movie.py took 0.116 seconds
[2024-08-01T10:03:06.539+0900] {processor.py:161} INFO - Started process (PID=4253) to work on /Users/DE32/airflow/dags/movie.py
[2024-08-01T10:03:06.539+0900] {processor.py:830} INFO - Processing file /Users/DE32/airflow/dags/movie.py for tasks to queue
[2024-08-01T10:03:06.539+0900] {logging_mixin.py:188} INFO - [2024-08-01T10:03:06.539+0900] {dagbag.py:545} INFO - Filling up the DagBag from /Users/DE32/airflow/dags/movie.py
[2024-08-01T10:03:06.551+0900] {processor.py:840} INFO - DAG(s) 'movie' retrieved from /Users/DE32/airflow/dags/movie.py
[2024-08-01T10:03:06.640+0900] {logging_mixin.py:188} INFO - [2024-08-01T10:03:06.640+0900] {dag.py:3089} INFO - Sync 1 DAGs
[2024-08-01T10:03:06.647+0900] {logging_mixin.py:188} INFO - [2024-08-01T10:03:06.647+0900] {dag.py:3947} INFO - Setting next_dagrun for movie to 2024-07-31 02:10:00+00:00, run_after=2024-08-01 02:10:00+00:00
[2024-08-01T10:03:06.654+0900] {processor.py:183} INFO - Processing /Users/DE32/airflow/dags/movie.py took 0.116 seconds
[2024-08-01T10:03:37.883+0900] {processor.py:161} INFO - Started process (PID=4261) to work on /Users/DE32/airflow/dags/movie.py
[2024-08-01T10:03:37.884+0900] {processor.py:830} INFO - Processing file /Users/DE32/airflow/dags/movie.py for tasks to queue
[2024-08-01T10:03:37.884+0900] {logging_mixin.py:188} INFO - [2024-08-01T10:03:37.884+0900] {dagbag.py:545} INFO - Filling up the DagBag from /Users/DE32/airflow/dags/movie.py
[2024-08-01T10:03:37.901+0900] {processor.py:840} INFO - DAG(s) 'movie' retrieved from /Users/DE32/airflow/dags/movie.py
[2024-08-01T10:03:38.013+0900] {logging_mixin.py:188} INFO - [2024-08-01T10:03:38.013+0900] {dag.py:3089} INFO - Sync 1 DAGs
[2024-08-01T10:03:38.020+0900] {logging_mixin.py:188} INFO - [2024-08-01T10:03:38.020+0900] {dag.py:3947} INFO - Setting next_dagrun for movie to 2024-07-31 02:10:00+00:00, run_after=2024-08-01 02:10:00+00:00
[2024-08-01T10:03:38.027+0900] {processor.py:183} INFO - Processing /Users/DE32/airflow/dags/movie.py took 0.145 seconds
[2024-08-01T10:04:08.999+0900] {processor.py:161} INFO - Started process (PID=4271) to work on /Users/DE32/airflow/dags/movie.py
[2024-08-01T10:04:09.000+0900] {processor.py:830} INFO - Processing file /Users/DE32/airflow/dags/movie.py for tasks to queue
[2024-08-01T10:04:09.000+0900] {logging_mixin.py:188} INFO - [2024-08-01T10:04:09.000+0900] {dagbag.py:545} INFO - Filling up the DagBag from /Users/DE32/airflow/dags/movie.py
[2024-08-01T10:04:09.013+0900] {processor.py:840} INFO - DAG(s) 'movie' retrieved from /Users/DE32/airflow/dags/movie.py
[2024-08-01T10:04:09.105+0900] {logging_mixin.py:188} INFO - [2024-08-01T10:04:09.105+0900] {dag.py:3089} INFO - Sync 1 DAGs
[2024-08-01T10:04:09.112+0900] {logging_mixin.py:188} INFO - [2024-08-01T10:04:09.112+0900] {dag.py:3947} INFO - Setting next_dagrun for movie to 2024-07-31 02:10:00+00:00, run_after=2024-08-01 02:10:00+00:00
[2024-08-01T10:04:09.118+0900] {processor.py:183} INFO - Processing /Users/DE32/airflow/dags/movie.py took 0.120 seconds
[2024-08-01T10:04:40.108+0900] {processor.py:161} INFO - Started process (PID=4901) to work on /Users/DE32/airflow/dags/movie.py
[2024-08-01T10:04:40.109+0900] {processor.py:830} INFO - Processing file /Users/DE32/airflow/dags/movie.py for tasks to queue
[2024-08-01T10:04:40.110+0900] {logging_mixin.py:188} INFO - [2024-08-01T10:04:40.110+0900] {dagbag.py:545} INFO - Filling up the DagBag from /Users/DE32/airflow/dags/movie.py
[2024-08-01T10:04:40.122+0900] {processor.py:840} INFO - DAG(s) 'movie' retrieved from /Users/DE32/airflow/dags/movie.py
[2024-08-01T10:04:40.213+0900] {logging_mixin.py:188} INFO - [2024-08-01T10:04:40.213+0900] {dag.py:3089} INFO - Sync 1 DAGs
[2024-08-01T10:04:40.220+0900] {logging_mixin.py:188} INFO - [2024-08-01T10:04:40.220+0900] {dag.py:3947} INFO - Setting next_dagrun for movie to 2024-07-31 02:10:00+00:00, run_after=2024-08-01 02:10:00+00:00
[2024-08-01T10:04:40.227+0900] {processor.py:183} INFO - Processing /Users/DE32/airflow/dags/movie.py took 0.119 seconds
[2024-08-01T10:05:11.422+0900] {processor.py:161} INFO - Started process (PID=4978) to work on /Users/DE32/airflow/dags/movie.py
[2024-08-01T10:05:11.423+0900] {processor.py:830} INFO - Processing file /Users/DE32/airflow/dags/movie.py for tasks to queue
[2024-08-01T10:05:11.423+0900] {logging_mixin.py:188} INFO - [2024-08-01T10:05:11.423+0900] {dagbag.py:545} INFO - Filling up the DagBag from /Users/DE32/airflow/dags/movie.py
[2024-08-01T10:05:11.440+0900] {processor.py:840} INFO - DAG(s) 'movie' retrieved from /Users/DE32/airflow/dags/movie.py
[2024-08-01T10:05:11.555+0900] {logging_mixin.py:188} INFO - [2024-08-01T10:05:11.555+0900] {dag.py:3089} INFO - Sync 1 DAGs
[2024-08-01T10:05:11.562+0900] {logging_mixin.py:188} INFO - [2024-08-01T10:05:11.561+0900] {dag.py:3947} INFO - Setting next_dagrun for movie to 2024-07-31 02:10:00+00:00, run_after=2024-08-01 02:10:00+00:00
[2024-08-01T10:05:11.568+0900] {processor.py:183} INFO - Processing /Users/DE32/airflow/dags/movie.py took 0.147 seconds
[2024-08-01T10:05:42.698+0900] {processor.py:161} INFO - Started process (PID=5352) to work on /Users/DE32/airflow/dags/movie.py
[2024-08-01T10:05:42.698+0900] {processor.py:830} INFO - Processing file /Users/DE32/airflow/dags/movie.py for tasks to queue
[2024-08-01T10:05:42.698+0900] {logging_mixin.py:188} INFO - [2024-08-01T10:05:42.698+0900] {dagbag.py:545} INFO - Filling up the DagBag from /Users/DE32/airflow/dags/movie.py
[2024-08-01T10:05:42.711+0900] {processor.py:840} INFO - DAG(s) 'movie' retrieved from /Users/DE32/airflow/dags/movie.py
[2024-08-01T10:05:42.802+0900] {logging_mixin.py:188} INFO - [2024-08-01T10:05:42.802+0900] {dag.py:3089} INFO - Sync 1 DAGs
[2024-08-01T10:05:42.808+0900] {logging_mixin.py:188} INFO - [2024-08-01T10:05:42.808+0900] {dag.py:3947} INFO - Setting next_dagrun for movie to 2024-07-31 02:10:00+00:00, run_after=2024-08-01 02:10:00+00:00
[2024-08-01T10:05:42.815+0900] {processor.py:183} INFO - Processing /Users/DE32/airflow/dags/movie.py took 0.118 seconds
[2024-08-01T10:06:13.525+0900] {processor.py:161} INFO - Started process (PID=5826) to work on /Users/DE32/airflow/dags/movie.py
[2024-08-01T10:06:13.526+0900] {processor.py:830} INFO - Processing file /Users/DE32/airflow/dags/movie.py for tasks to queue
[2024-08-01T10:06:13.526+0900] {logging_mixin.py:188} INFO - [2024-08-01T10:06:13.526+0900] {dagbag.py:545} INFO - Filling up the DagBag from /Users/DE32/airflow/dags/movie.py
[2024-08-01T10:06:13.539+0900] {processor.py:840} INFO - DAG(s) 'movie' retrieved from /Users/DE32/airflow/dags/movie.py
[2024-08-01T10:06:13.630+0900] {logging_mixin.py:188} INFO - [2024-08-01T10:06:13.630+0900] {dag.py:3089} INFO - Sync 1 DAGs
[2024-08-01T10:06:13.636+0900] {logging_mixin.py:188} INFO - [2024-08-01T10:06:13.636+0900] {dag.py:3947} INFO - Setting next_dagrun for movie to 2024-07-31 02:10:00+00:00, run_after=2024-08-01 02:10:00+00:00
[2024-08-01T10:06:13.643+0900] {processor.py:183} INFO - Processing /Users/DE32/airflow/dags/movie.py took 0.119 seconds
[2024-08-01T10:06:44.446+0900] {processor.py:161} INFO - Started process (PID=6460) to work on /Users/DE32/airflow/dags/movie.py
[2024-08-01T10:06:44.446+0900] {processor.py:830} INFO - Processing file /Users/DE32/airflow/dags/movie.py for tasks to queue
[2024-08-01T10:06:44.447+0900] {logging_mixin.py:188} INFO - [2024-08-01T10:06:44.447+0900] {dagbag.py:545} INFO - Filling up the DagBag from /Users/DE32/airflow/dags/movie.py
[2024-08-01T10:06:44.459+0900] {processor.py:840} INFO - DAG(s) 'movie' retrieved from /Users/DE32/airflow/dags/movie.py
[2024-08-01T10:06:44.550+0900] {logging_mixin.py:188} INFO - [2024-08-01T10:06:44.550+0900] {dag.py:3089} INFO - Sync 1 DAGs
[2024-08-01T10:06:44.556+0900] {logging_mixin.py:188} INFO - [2024-08-01T10:06:44.556+0900] {dag.py:3947} INFO - Setting next_dagrun for movie to 2024-07-31 02:10:00+00:00, run_after=2024-08-01 02:10:00+00:00
[2024-08-01T10:06:44.563+0900] {processor.py:183} INFO - Processing /Users/DE32/airflow/dags/movie.py took 0.118 seconds
[2024-08-01T10:07:15.506+0900] {processor.py:161} INFO - Started process (PID=7143) to work on /Users/DE32/airflow/dags/movie.py
[2024-08-01T10:07:15.507+0900] {processor.py:830} INFO - Processing file /Users/DE32/airflow/dags/movie.py for tasks to queue
[2024-08-01T10:07:15.507+0900] {logging_mixin.py:188} INFO - [2024-08-01T10:07:15.507+0900] {dagbag.py:545} INFO - Filling up the DagBag from /Users/DE32/airflow/dags/movie.py
[2024-08-01T10:07:15.519+0900] {processor.py:840} INFO - DAG(s) 'movie' retrieved from /Users/DE32/airflow/dags/movie.py
[2024-08-01T10:07:15.609+0900] {logging_mixin.py:188} INFO - [2024-08-01T10:07:15.609+0900] {dag.py:3089} INFO - Sync 1 DAGs
[2024-08-01T10:07:15.615+0900] {logging_mixin.py:188} INFO - [2024-08-01T10:07:15.615+0900] {dag.py:3947} INFO - Setting next_dagrun for movie to 2024-07-31 02:10:00+00:00, run_after=2024-08-01 02:10:00+00:00
[2024-08-01T10:07:15.622+0900] {processor.py:183} INFO - Processing /Users/DE32/airflow/dags/movie.py took 0.117 seconds
