[2024-07-31T19:42:41.744+0900] {local_task_job_runner.py:120} INFO - ::group::Pre task execution logs
[2024-07-31T19:42:41.758+0900] {taskinstance.py:2076} INFO - Dependencies all met for dep_context=non-requeueable deps ti=<TaskInstance: movie.nation.k scheduled__2024-07-26T02:10:00+00:00 [queued]>
[2024-07-31T19:42:41.761+0900] {taskinstance.py:2076} INFO - Dependencies all met for dep_context=requeueable deps ti=<TaskInstance: movie.nation.k scheduled__2024-07-26T02:10:00+00:00 [queued]>
[2024-07-31T19:42:41.761+0900] {taskinstance.py:2306} INFO - Starting attempt 2 of 3
[2024-07-31T19:42:41.767+0900] {taskinstance.py:2330} INFO - Executing <Task(PythonVirtualenvOperator): nation.k> on 2024-07-26 02:10:00+00:00
[2024-07-31T19:42:41.770+0900] {standard_task_runner.py:64} INFO - Started process 32793 to run task
[2024-07-31T19:42:41.772+0900] {standard_task_runner.py:90} INFO - Running: ['airflow', 'tasks', 'run', 'movie', 'nation.k', 'scheduled__2024-07-26T02:10:00+00:00', '--job-id', '956', '--raw', '--subdir', 'DAGS_FOLDER/movie.py', '--cfg-path', '/var/folders/qv/0knwm5h50ml0skpppwpbks_r0000gp/T/tmpe__nh463']
[2024-07-31T19:42:41.774+0900] {standard_task_runner.py:91} INFO - Job 956: Subtask nation.k
[2024-07-31T19:42:41.787+0900] {task_command.py:426} INFO - Running <TaskInstance: movie.nation.k scheduled__2024-07-26T02:10:00+00:00 [running]> on host jeongui-MacBookPro.local
[2024-07-31T19:42:41.810+0900] {taskinstance.py:2648} INFO - Exporting env vars: AIRFLOW_CTX_DAG_OWNER='airflow' AIRFLOW_CTX_DAG_ID='movie' AIRFLOW_CTX_TASK_ID='nation.k' AIRFLOW_CTX_EXECUTION_DATE='2024-07-26T02:10:00+00:00' AIRFLOW_CTX_TRY_NUMBER='2' AIRFLOW_CTX_DAG_RUN_ID='scheduled__2024-07-26T02:10:00+00:00'
[2024-07-31T19:42:41.811+0900] {taskinstance.py:430} INFO - ::endgroup::
[2024-07-31T19:42:41.819+0900] {baseoperator.py:400} WARNING - PythonVirtualenvOperator.execute cannot be called outside TaskInstance!
[2024-07-31T19:42:41.819+0900] {process_utils.py:183} INFO - Executing cmd: /Users/DE32/.pyenv/versions/3.11.9/envs/note/bin/python -m virtualenv /var/folders/qv/0knwm5h50ml0skpppwpbks_r0000gp/T/venvyahs02zl --python=python
[2024-07-31T19:42:41.821+0900] {process_utils.py:187} INFO - Output:
[2024-07-31T19:42:42.067+0900] {process_utils.py:191} INFO - created virtual environment CPython3.11.9.final.0-64 in 179ms
[2024-07-31T19:42:42.068+0900] {process_utils.py:191} INFO -   creator CPython3Posix(dest=/private/var/folders/qv/0knwm5h50ml0skpppwpbks_r0000gp/T/venvyahs02zl, clear=False, no_vcs_ignore=False, global=False)
[2024-07-31T19:42:42.068+0900] {process_utils.py:191} INFO -   seeder FromAppData(download=False, pip=bundle, setuptools=bundle, wheel=bundle, via=copy, app_data_dir=/Users/DE32/Library/Application Support/virtualenv)
[2024-07-31T19:42:42.068+0900] {process_utils.py:191} INFO -     added seed packages: pip==24.1.2, setuptools==70.2.0, wheel==0.43.0
[2024-07-31T19:42:42.068+0900] {process_utils.py:191} INFO -   activators BashActivator,CShellActivator,FishActivator,NushellActivator,PowerShellActivator,PythonActivator
[2024-07-31T19:42:42.079+0900] {process_utils.py:183} INFO - Executing cmd: /var/folders/qv/0knwm5h50ml0skpppwpbks_r0000gp/T/venvyahs02zl/bin/pip install -r /var/folders/qv/0knwm5h50ml0skpppwpbks_r0000gp/T/venvyahs02zl/requirements.txt
[2024-07-31T19:42:42.081+0900] {process_utils.py:187} INFO - Output:
[2024-07-31T19:42:42.810+0900] {process_utils.py:191} INFO - Collecting git+https://github.com/Jeonghoon2/movie.git@0.2/api (from -r /var/folders/qv/0knwm5h50ml0skpppwpbks_r0000gp/T/venvyahs02zl/requirements.txt (line 1))
[2024-07-31T19:42:42.811+0900] {process_utils.py:191} INFO -   Cloning https://github.com/Jeonghoon2/movie.git (to revision 0.2/api) to /private/var/folders/qv/0knwm5h50ml0skpppwpbks_r0000gp/T/pip-req-build-u74kx30t
[2024-07-31T19:42:42.823+0900] {process_utils.py:191} INFO -   Running command git clone --filter=blob:none --quiet https://github.com/Jeonghoon2/movie.git /private/var/folders/qv/0knwm5h50ml0skpppwpbks_r0000gp/T/pip-req-build-u74kx30t
[2024-07-31T19:42:44.211+0900] {process_utils.py:191} INFO -   Running command git checkout -b 0.2/api --track origin/0.2/api
[2024-07-31T19:42:44.769+0900] {process_utils.py:191} INFO -   Switched to a new branch '0.2/api'
[2024-07-31T19:42:44.770+0900] {process_utils.py:191} INFO -   branch '0.2/api' set up to track 'origin/0.2/api'.
[2024-07-31T19:42:44.770+0900] {process_utils.py:191} INFO -   Resolved https://github.com/Jeonghoon2/movie.git to commit c2fdd392ce95b386519b05b3bab786608cdb1c58
[2024-07-31T19:42:44.792+0900] {process_utils.py:191} INFO -   Installing build dependencies: started
[2024-07-31T19:42:45.683+0900] {process_utils.py:191} INFO -   Installing build dependencies: finished with status 'done'
[2024-07-31T19:42:45.684+0900] {process_utils.py:191} INFO -   Getting requirements to build wheel: started
[2024-07-31T19:42:45.807+0900] {process_utils.py:191} INFO -   Getting requirements to build wheel: finished with status 'done'
[2024-07-31T19:42:45.808+0900] {process_utils.py:191} INFO -   Preparing metadata (pyproject.toml): started
[2024-07-31T19:42:45.933+0900] {process_utils.py:191} INFO -   Preparing metadata (pyproject.toml): finished with status 'done'
[2024-07-31T19:42:45.995+0900] {process_utils.py:191} INFO - Collecting requests>=2.32.3 (from mov==0.1.0->-r /var/folders/qv/0knwm5h50ml0skpppwpbks_r0000gp/T/venvyahs02zl/requirements.txt (line 1))
[2024-07-31T19:42:45.996+0900] {process_utils.py:191} INFO -   Using cached requests-2.32.3-py3-none-any.whl.metadata (4.6 kB)
[2024-07-31T19:42:46.059+0900] {process_utils.py:191} INFO - Collecting pandas>=2.2.2 (from mov==0.1.0->-r /var/folders/qv/0knwm5h50ml0skpppwpbks_r0000gp/T/venvyahs02zl/requirements.txt (line 1))
[2024-07-31T19:42:46.060+0900] {process_utils.py:191} INFO -   Using cached pandas-2.2.2-cp311-cp311-macosx_11_0_arm64.whl.metadata (19 kB)
[2024-07-31T19:42:46.159+0900] {process_utils.py:191} INFO - Collecting numpy>=2.0.1 (from mov==0.1.0->-r /var/folders/qv/0knwm5h50ml0skpppwpbks_r0000gp/T/venvyahs02zl/requirements.txt (line 1))
[2024-07-31T19:42:46.160+0900] {process_utils.py:191} INFO -   Using cached numpy-2.0.1-cp311-cp311-macosx_14_0_arm64.whl.metadata (60 kB)
[2024-07-31T19:42:46.207+0900] {process_utils.py:191} INFO - Collecting pyarrow>=17.0.0 (from mov==0.1.0->-r /var/folders/qv/0knwm5h50ml0skpppwpbks_r0000gp/T/venvyahs02zl/requirements.txt (line 1))
[2024-07-31T19:42:46.208+0900] {process_utils.py:191} INFO -   Using cached pyarrow-17.0.0-cp311-cp311-macosx_11_0_arm64.whl.metadata (3.3 kB)
[2024-07-31T19:42:46.228+0900] {process_utils.py:191} INFO - Collecting python-dateutil>=2.8.2 (from pandas>=2.2.2->mov==0.1.0->-r /var/folders/qv/0knwm5h50ml0skpppwpbks_r0000gp/T/venvyahs02zl/requirements.txt (line 1))
[2024-07-31T19:42:46.229+0900] {process_utils.py:191} INFO -   Using cached python_dateutil-2.9.0.post0-py2.py3-none-any.whl.metadata (8.4 kB)
[2024-07-31T19:42:46.257+0900] {process_utils.py:191} INFO - Collecting pytz>=2020.1 (from pandas>=2.2.2->mov==0.1.0->-r /var/folders/qv/0knwm5h50ml0skpppwpbks_r0000gp/T/venvyahs02zl/requirements.txt (line 1))
[2024-07-31T19:42:46.258+0900] {process_utils.py:191} INFO -   Using cached pytz-2024.1-py2.py3-none-any.whl.metadata (22 kB)
[2024-07-31T19:42:46.271+0900] {process_utils.py:191} INFO - Collecting tzdata>=2022.7 (from pandas>=2.2.2->mov==0.1.0->-r /var/folders/qv/0knwm5h50ml0skpppwpbks_r0000gp/T/venvyahs02zl/requirements.txt (line 1))
[2024-07-31T19:42:46.272+0900] {process_utils.py:191} INFO -   Using cached tzdata-2024.1-py2.py3-none-any.whl.metadata (1.4 kB)
[2024-07-31T19:42:46.314+0900] {process_utils.py:191} INFO - Collecting charset-normalizer<4,>=2 (from requests>=2.32.3->mov==0.1.0->-r /var/folders/qv/0knwm5h50ml0skpppwpbks_r0000gp/T/venvyahs02zl/requirements.txt (line 1))
[2024-07-31T19:42:46.315+0900] {process_utils.py:191} INFO -   Using cached charset_normalizer-3.3.2-cp311-cp311-macosx_11_0_arm64.whl.metadata (33 kB)
[2024-07-31T19:42:46.328+0900] {process_utils.py:191} INFO - Collecting idna<4,>=2.5 (from requests>=2.32.3->mov==0.1.0->-r /var/folders/qv/0knwm5h50ml0skpppwpbks_r0000gp/T/venvyahs02zl/requirements.txt (line 1))
[2024-07-31T19:42:46.329+0900] {process_utils.py:191} INFO -   Using cached idna-3.7-py3-none-any.whl.metadata (9.9 kB)
[2024-07-31T19:42:46.354+0900] {process_utils.py:191} INFO - Collecting urllib3<3,>=1.21.1 (from requests>=2.32.3->mov==0.1.0->-r /var/folders/qv/0knwm5h50ml0skpppwpbks_r0000gp/T/venvyahs02zl/requirements.txt (line 1))
[2024-07-31T19:42:46.355+0900] {process_utils.py:191} INFO -   Using cached urllib3-2.2.2-py3-none-any.whl.metadata (6.4 kB)
[2024-07-31T19:42:46.371+0900] {process_utils.py:191} INFO - Collecting certifi>=2017.4.17 (from requests>=2.32.3->mov==0.1.0->-r /var/folders/qv/0knwm5h50ml0skpppwpbks_r0000gp/T/venvyahs02zl/requirements.txt (line 1))
[2024-07-31T19:42:46.371+0900] {process_utils.py:191} INFO -   Using cached certifi-2024.7.4-py3-none-any.whl.metadata (2.2 kB)
[2024-07-31T19:42:46.396+0900] {process_utils.py:191} INFO - Collecting six>=1.5 (from python-dateutil>=2.8.2->pandas>=2.2.2->mov==0.1.0->-r /var/folders/qv/0knwm5h50ml0skpppwpbks_r0000gp/T/venvyahs02zl/requirements.txt (line 1))
[2024-07-31T19:42:46.397+0900] {process_utils.py:191} INFO -   Using cached six-1.16.0-py2.py3-none-any.whl.metadata (1.8 kB)
[2024-07-31T19:42:46.400+0900] {process_utils.py:191} INFO - Using cached numpy-2.0.1-cp311-cp311-macosx_14_0_arm64.whl (5.3 MB)
[2024-07-31T19:42:46.406+0900] {process_utils.py:191} INFO - Using cached pandas-2.2.2-cp311-cp311-macosx_11_0_arm64.whl (11.3 MB)
[2024-07-31T19:42:46.418+0900] {process_utils.py:191} INFO - Using cached pyarrow-17.0.0-cp311-cp311-macosx_11_0_arm64.whl (27.2 MB)
[2024-07-31T19:42:46.444+0900] {process_utils.py:191} INFO - Using cached requests-2.32.3-py3-none-any.whl (64 kB)
[2024-07-31T19:42:46.445+0900] {process_utils.py:191} INFO - Using cached certifi-2024.7.4-py3-none-any.whl (162 kB)
[2024-07-31T19:42:46.446+0900] {process_utils.py:191} INFO - Using cached charset_normalizer-3.3.2-cp311-cp311-macosx_11_0_arm64.whl (118 kB)
[2024-07-31T19:42:46.447+0900] {process_utils.py:191} INFO - Using cached idna-3.7-py3-none-any.whl (66 kB)
[2024-07-31T19:42:46.448+0900] {process_utils.py:191} INFO - Using cached python_dateutil-2.9.0.post0-py2.py3-none-any.whl (229 kB)
[2024-07-31T19:42:46.449+0900] {process_utils.py:191} INFO - Using cached pytz-2024.1-py2.py3-none-any.whl (505 kB)
[2024-07-31T19:42:46.450+0900] {process_utils.py:191} INFO - Using cached tzdata-2024.1-py2.py3-none-any.whl (345 kB)
[2024-07-31T19:42:46.451+0900] {process_utils.py:191} INFO - Using cached urllib3-2.2.2-py3-none-any.whl (121 kB)
[2024-07-31T19:42:46.452+0900] {process_utils.py:191} INFO - Using cached six-1.16.0-py2.py3-none-any.whl (11 kB)
[2024-07-31T19:42:46.494+0900] {process_utils.py:191} INFO - Building wheels for collected packages: mov
[2024-07-31T19:42:46.507+0900] {process_utils.py:191} INFO -   Building wheel for mov (pyproject.toml): started
[2024-07-31T19:42:46.642+0900] {process_utils.py:191} INFO -   Building wheel for mov (pyproject.toml): finished with status 'done'
[2024-07-31T19:42:46.642+0900] {process_utils.py:191} INFO -   Created wheel for mov: filename=mov-0.1.0-py3-none-any.whl size=3056 sha256=5d362605a7dedc9bb1e3ac88ba222cfc0469a22e2fe7550af4d27746080bb2a3
[2024-07-31T19:42:46.643+0900] {process_utils.py:191} INFO -   Stored in directory: /private/var/folders/qv/0knwm5h50ml0skpppwpbks_r0000gp/T/pip-ephem-wheel-cache-sje3_o8g/wheels/cf/ab/a7/d0c528d20fa8a5f19e169bdf1d98f2b2cefe79d8527bb89200
[2024-07-31T19:42:46.644+0900] {process_utils.py:191} INFO - Successfully built mov
[2024-07-31T19:42:46.671+0900] {process_utils.py:191} INFO - Installing collected packages: pytz, urllib3, tzdata, six, numpy, idna, charset-normalizer, certifi, requests, python-dateutil, pyarrow, pandas, mov
[2024-07-31T19:42:51.124+0900] {process_utils.py:191} INFO - Successfully installed certifi-2024.7.4 charset-normalizer-3.3.2 idna-3.7 mov-0.1.0 numpy-2.0.1 pandas-2.2.2 pyarrow-17.0.0 python-dateutil-2.9.0.post0 pytz-2024.1 requests-2.32.3 six-1.16.0 tzdata-2024.1 urllib3-2.2.2
[2024-07-31T19:42:51.129+0900] {process_utils.py:191} INFO - 
[2024-07-31T19:42:51.129+0900] {process_utils.py:191} INFO - [notice] A new release of pip is available: 24.1.2 -> 24.2
[2024-07-31T19:42:51.129+0900] {process_utils.py:191} INFO - [notice] To update, run: python -m pip install --upgrade pip
[2024-07-31T19:42:51.263+0900] {logging_mixin.py:188} WARNING - /Users/DE32/.pyenv/versions/3.11.9/envs/note/lib/python3.11/site-packages/airflow/utils/context.py:212 AirflowContextDeprecationWarning: Accessing 'next_ds' from the template is deprecated and will be removed in a future version. Please use '{{ data_interval_end | ds }}' instead.
[2024-07-31T19:42:51.264+0900] {logging_mixin.py:188} WARNING - /Users/DE32/.pyenv/versions/3.11.9/envs/note/lib/python3.11/site-packages/airflow/utils/context.py:212 AirflowContextDeprecationWarning: Accessing 'next_ds_nodash' from the template is deprecated and will be removed in a future version. Please use '{{ data_interval_end | ds_nodash }}' instead.
[2024-07-31T19:42:51.264+0900] {logging_mixin.py:188} WARNING - /Users/DE32/.pyenv/versions/3.11.9/envs/note/lib/python3.11/site-packages/airflow/utils/context.py:212 AirflowContextDeprecationWarning: Accessing 'prev_ds' from the template is deprecated and will be removed in a future version.
[2024-07-31T19:42:51.265+0900] {logging_mixin.py:188} WARNING - /Users/DE32/.pyenv/versions/3.11.9/envs/note/lib/python3.11/site-packages/airflow/utils/context.py:212 AirflowContextDeprecationWarning: Accessing 'prev_ds_nodash' from the template is deprecated and will be removed in a future version.
[2024-07-31T19:42:51.265+0900] {logging_mixin.py:188} WARNING - /Users/DE32/.pyenv/versions/3.11.9/envs/note/lib/python3.11/site-packages/airflow/utils/context.py:212 AirflowContextDeprecationWarning: Accessing 'tomorrow_ds' from the template is deprecated and will be removed in a future version.
[2024-07-31T19:42:51.265+0900] {logging_mixin.py:188} WARNING - /Users/DE32/.pyenv/versions/3.11.9/envs/note/lib/python3.11/site-packages/airflow/utils/context.py:212 AirflowContextDeprecationWarning: Accessing 'tomorrow_ds_nodash' from the template is deprecated and will be removed in a future version.
[2024-07-31T19:42:51.266+0900] {logging_mixin.py:188} WARNING - /Users/DE32/.pyenv/versions/3.11.9/envs/note/lib/python3.11/site-packages/airflow/utils/context.py:212 AirflowContextDeprecationWarning: Accessing 'yesterday_ds' from the template is deprecated and will be removed in a future version.
[2024-07-31T19:42:51.266+0900] {logging_mixin.py:188} WARNING - /Users/DE32/.pyenv/versions/3.11.9/envs/note/lib/python3.11/site-packages/airflow/utils/context.py:212 AirflowContextDeprecationWarning: Accessing 'yesterday_ds_nodash' from the template is deprecated and will be removed in a future version.
[2024-07-31T19:42:51.270+0900] {process_utils.py:183} INFO - Executing cmd: /var/folders/qv/0knwm5h50ml0skpppwpbks_r0000gp/T/venvyahs02zl/bin/python /var/folders/qv/0knwm5h50ml0skpppwpbks_r0000gp/T/venv-call1gnoehxp/script.py /var/folders/qv/0knwm5h50ml0skpppwpbks_r0000gp/T/venv-call1gnoehxp/script.in /var/folders/qv/0knwm5h50ml0skpppwpbks_r0000gp/T/venv-call1gnoehxp/script.out /var/folders/qv/0knwm5h50ml0skpppwpbks_r0000gp/T/venv-call1gnoehxp/string_args.txt /var/folders/qv/0knwm5h50ml0skpppwpbks_r0000gp/T/venv-call1gnoehxp/termination.log
[2024-07-31T19:42:51.272+0900] {process_utils.py:187} INFO - Output:
[2024-07-31T19:43:04.600+0900] {process_utils.py:191} INFO - {'boxOfficeResult': {'boxofficeType': '일별 박스오피스', 'showRange': '20240726~20240726', 'dailyBoxOfficeList': [{'rnum': '1', 'rank': '1', 'rankInten': '0', 'rankOldAndNew': 'OLD', 'movieCd': '20212932', 'movieNm': '탈주', 'openDt': '2024-07-03', 'salesAmt': '409700345', 'salesShare': '55.7', 'salesInten': '92030694', 'salesChange': '29', 'salesAcc': '20059984525', 'audiCnt': '42370', 'audiInten': '8145', 'audiChange': '23.8', 'audiAcc': '2117002', 'scrnCnt': '878', 'showCnt': '2310'}, {'rnum': '2', 'rank': '2', 'rankInten': '0', 'rankOldAndNew': 'OLD', 'movieCd': '20208245', 'movieNm': '핸섬가이즈', 'openDt': '2024-06-26', 'salesAmt': '132260829', 'salesShare': '18.0', 'salesInten': '36835382', 'salesChange': '38.6', 'salesAcc': '15579642644', 'audiCnt': '13708', 'audiInten': '3510', 'audiChange': '34.4', 'audiAcc': '1667989', 'scrnCnt': '537', 'showCnt': '928'}, {'rnum': '3', 'rank': '3', 'rankInten': '0', 'rankOldAndNew': 'OLD', 'movieCd': '20208911', 'movieNm': '탈출: 프로젝트 사일런스', 'openDt': '2024-07-12', 'salesAmt': '59731054', 'salesShare': '8.1', 'salesInten': '3253740', 'salesChange': '5.8', 'salesAcc': '6393921363', 'audiCnt': '6084', 'audiInten': '119', 'audiChange': '2', 'audiAcc': '655741', 'scrnCnt': '377', 'showCnt': '577'}, {'rnum': '4', 'rank': '4', 'rankInten': '2', 'rankOldAndNew': 'OLD', 'movieCd': '20241984', 'movieNm': '2023 영탁 단독 콘서트 : 탁쇼2', 'openDt': '2024-07-18', 'salesAmt': '65264500', 'salesShare': '8.9', 'salesInten': '46149000', 'salesChange': '241.4', 'salesAcc': '640030500', 'audiCnt': '2611', 'audiInten': '1846', 'audiChange': '241.3', 'audiAcc': '25607', 'scrnCnt': '50', 'showCnt': '66'}, {'rnum': '5', 'rank': '5', 'rankInten': '0', 'rankOldAndNew': 'OLD', 'movieCd': '20248465', 'movieNm': '하이재킹', 'openDt': '2024-06-21', 'salesAmt': '19083112', 'salesShare': '2.6', 'salesInten': '500739', 'salesChange': '2.7', 'salesAcc': '16743539746', 'audiCnt': '1933', 'audiInten': '-104', 'audiChange': '-5.1', 'audiAcc': '1762676', 'scrnCnt': '138', 'showCnt': '173'}, {'rnum': '6', 'rank': '6', 'rankInten': '-2', 'rankOldAndNew': 'OLD', 'movieCd': '20224666', 'movieNm': '파일럿', 'openDt': '2024-07-31', 'salesAmt': '15504000', 'salesShare': '2.1', 'salesInten': '-4648000', 'salesChange': '-23.1', 'salesAcc': '284254000', 'audiCnt': '1821', 'audiInten': '-453', 'audiChange': '-19.9', 'audiAcc': '30305', 'scrnCnt': '10', 'showCnt': '13'}, {'rnum': '7', 'rank': '7', 'rankInten': '0', 'rankOldAndNew': 'OLD', 'movieCd': '20242349', 'movieNm': '이준호 콘서트 : 다시 만나는 날', 'openDt': '2024-07-24', 'salesAmt': '10597000', 'salesShare': '1.4', 'salesInten': '-4351500', 'salesChange': '-29.1', 'salesAcc': '133714500', 'audiCnt': '424', 'audiInten': '-174', 'audiChange': '-29.1', 'audiAcc': '5349', 'scrnCnt': '50', 'showCnt': '77'}, {'rnum': '8', 'rank': '8', 'rankInten': '0', 'rankOldAndNew': 'NEW', 'movieCd': '20233271', 'movieNm': '땅에 쓰는 시', 'openDt': '2024-04-17', 'salesAmt': '4127000', 'salesShare': '0.6', 'salesInten': '4127000', 'salesChange': '100', 'salesAcc': '207277915', 'audiCnt': '307', 'audiInten': '307', 'audiChange': '100', 'audiAcc': '23366', 'scrnCnt': '3', 'showCnt': '3'}, {'rnum': '9', 'rank': '9', 'rankInten': '-1', 'rankOldAndNew': 'OLD', 'movieCd': '20231415', 'movieNm': '소풍', 'openDt': '2024-02-07', 'salesAmt': '1680000', 'salesShare': '0.2', 'salesInten': '522000', 'salesChange': '45.1', 'salesAcc': '3141303943', 'audiCnt': '275', 'audiInten': '82', 'audiChange': '42.5', 'audiAcc': '354892', 'scrnCnt': '3', 'showCnt': '3'}, {'rnum': '10', 'rank': '10', 'rankInten': '0', 'rankOldAndNew': 'NEW', 'movieCd': '20204271', 'movieNm': '행복의 나라', 'openDt': '2024-08-14', 'salesAmt': '2470000', 'salesShare': '0.3', 'salesInten': '2470000', 'salesChange': '100', 'salesAcc': '2470000', 'audiCnt': '247', 'audiInten': '247', 'audiChange': '100', 'audiAcc': '247', 'scrnCnt': '1', 'showCnt': '1'}]}}
[2024-07-31T19:43:04.601+0900] {process_utils.py:191} INFO - partitioning List : ['load_dt', 'repNationCd']
[2024-07-31T19:43:04.601+0900] {process_utils.py:191} INFO -   rnum rank rankInten rankOldAndNew  ... scrnCnt showCnt   load_dt repNationCd
[2024-07-31T19:43:04.601+0900] {process_utils.py:191} INFO - 0    1    1         0           OLD  ...     878    2310  20240726           K
[2024-07-31T19:43:04.602+0900] {process_utils.py:191} INFO - 1    2    2         0           OLD  ...     537     928  20240726           K
[2024-07-31T19:43:04.602+0900] {process_utils.py:191} INFO - 2    3    3         0           OLD  ...     377     577  20240726           K
[2024-07-31T19:43:04.603+0900] {process_utils.py:191} INFO - 3    4    4         2           OLD  ...      50      66  20240726           K
[2024-07-31T19:43:04.603+0900] {process_utils.py:191} INFO - 4    5    5         0           OLD  ...     138     173  20240726           K
[2024-07-31T19:43:04.603+0900] {process_utils.py:191} INFO - 5    6    6        -2           OLD  ...      10      13  20240726           K
[2024-07-31T19:43:04.604+0900] {process_utils.py:191} INFO - 6    7    7         0           OLD  ...      50      77  20240726           K
[2024-07-31T19:43:04.604+0900] {process_utils.py:191} INFO - 7    8    8         0           NEW  ...       3       3  20240726           K
[2024-07-31T19:43:04.604+0900] {process_utils.py:191} INFO - 8    9    9        -1           OLD  ...       3       3  20240726           K
[2024-07-31T19:43:04.605+0900] {process_utils.py:191} INFO - 9   10   10         0           NEW  ...       1       1  20240726           K
[2024-07-31T19:43:04.605+0900] {process_utils.py:191} INFO - 
[2024-07-31T19:43:04.605+0900] {process_utils.py:191} INFO - [10 rows x 20 columns]
[2024-07-31T19:43:05.051+0900] {python.py:237} INFO - Done. Returned value was: None
[2024-07-31T19:43:05.052+0900] {taskinstance.py:441} INFO - ::group::Post task execution logs
[2024-07-31T19:43:05.055+0900] {taskinstance.py:1206} INFO - Marking task as SUCCESS. dag_id=movie, task_id=nation.k, run_id=scheduled__2024-07-26T02:10:00+00:00, execution_date=20240726T021000, start_date=20240731T104241, end_date=20240731T104305
[2024-07-31T19:43:05.100+0900] {local_task_job_runner.py:243} INFO - Task exited with return code 0
[2024-07-31T19:43:05.108+0900] {taskinstance.py:3503} INFO - 0 downstream tasks scheduled from follow-on schedule check
[2024-07-31T19:43:05.108+0900] {local_task_job_runner.py:222} INFO - ::endgroup::
