[2024-07-26T13:21:45.906+0900] {local_task_job_runner.py:120} INFO - ::group::Pre task execution logs
[2024-07-26T13:21:45.915+0900] {taskinstance.py:2076} INFO - Dependencies all met for dep_context=non-requeueable deps ti=<TaskInstance: make_parquet.check.done scheduled__2024-07-25T04:10:00+00:00 [queued]>
[2024-07-26T13:21:45.918+0900] {taskinstance.py:2076} INFO - Dependencies all met for dep_context=requeueable deps ti=<TaskInstance: make_parquet.check.done scheduled__2024-07-25T04:10:00+00:00 [queued]>
[2024-07-26T13:21:45.918+0900] {taskinstance.py:2306} INFO - Starting attempt 2 of 2
[2024-07-26T13:21:45.923+0900] {taskinstance.py:2330} INFO - Executing <Task(BashOperator): check.done> on 2024-07-25 04:10:00+00:00
[2024-07-26T13:21:45.926+0900] {standard_task_runner.py:64} INFO - Started process 19492 to run task
[2024-07-26T13:21:45.929+0900] {standard_task_runner.py:90} INFO - Running: ['airflow', 'tasks', 'run', 'make_parquet', 'check.done', 'scheduled__2024-07-25T04:10:00+00:00', '--job-id', '473', '--raw', '--subdir', 'DAGS_FOLDER/make_parquet.py', '--cfg-path', '/var/folders/qv/0knwm5h50ml0skpppwpbks_r0000gp/T/tmpegx6g8ja']
[2024-07-26T13:21:45.930+0900] {standard_task_runner.py:91} INFO - Job 473: Subtask check.done
[2024-07-26T13:21:45.945+0900] {task_command.py:426} INFO - Running <TaskInstance: make_parquet.check.done scheduled__2024-07-25T04:10:00+00:00 [running]> on host jeongui-MacBookPro.local
[2024-07-26T13:21:45.969+0900] {taskinstance.py:2648} INFO - Exporting env vars: AIRFLOW_CTX_DAG_OWNER='airflow' AIRFLOW_CTX_DAG_ID='make_parquet' AIRFLOW_CTX_TASK_ID='check.done' AIRFLOW_CTX_EXECUTION_DATE='2024-07-25T04:10:00+00:00' AIRFLOW_CTX_TRY_NUMBER='2' AIRFLOW_CTX_DAG_RUN_ID='scheduled__2024-07-25T04:10:00+00:00'
[2024-07-26T13:21:45.969+0900] {taskinstance.py:430} INFO - ::endgroup::
[2024-07-26T13:21:45.979+0900] {subprocess.py:63} INFO - Tmp dir root location: /var/folders/qv/0knwm5h50ml0skpppwpbks_r0000gp/T
[2024-07-26T13:21:45.979+0900] {subprocess.py:75} INFO - Running command: ['/bin/bash', '-c', '\n        DONE_FILE=~/data/done/_import/20240725/_DONE\n        bash /Users/DE32/airflow/sh/simple_done_check.sh $DONE_FILE\n        ']
[2024-07-26T13:21:45.982+0900] {subprocess.py:86} INFO - Output:
[2024-07-26T13:21:45.986+0900] {subprocess.py:93} INFO - _DONE Path = /Users/DE32/data/done/_import/20240725/_DONE
[2024-07-26T13:21:45.986+0900] {subprocess.py:93} INFO - I'll be back =>
[2024-07-26T13:21:45.986+0900] {subprocess.py:97} INFO - Command exited with return code 1
[2024-07-26T13:21:45.987+0900] {taskinstance.py:441} INFO - ::group::Post task execution logs
[2024-07-26T13:21:45.990+0900] {taskinstance.py:2905} ERROR - Task failed with exception
Traceback (most recent call last):
  File "/Users/DE32/.pyenv/versions/3.11.9/envs/note/lib/python3.11/site-packages/airflow/models/taskinstance.py", line 465, in _execute_task
    result = _execute_callable(context=context, **execute_callable_kwargs)
             ^^^^^^^^^^^^^^^^^^^^^^^^^^^^^^^^^^^^^^^^^^^^^^^^^^^^^^^^^^^^^
  File "/Users/DE32/.pyenv/versions/3.11.9/envs/note/lib/python3.11/site-packages/airflow/models/taskinstance.py", line 432, in _execute_callable
    return execute_callable(context=context, **execute_callable_kwargs)
           ^^^^^^^^^^^^^^^^^^^^^^^^^^^^^^^^^^^^^^^^^^^^^^^^^^^^^^^^^^^^
  File "/Users/DE32/.pyenv/versions/3.11.9/envs/note/lib/python3.11/site-packages/airflow/models/baseoperator.py", line 401, in wrapper
    return func(self, *args, **kwargs)
           ^^^^^^^^^^^^^^^^^^^^^^^^^^^
  File "/Users/DE32/.pyenv/versions/3.11.9/envs/note/lib/python3.11/site-packages/airflow/operators/bash.py", line 243, in execute
    raise AirflowException(
airflow.exceptions.AirflowException: Bash command failed. The command returned a non-zero exit code 1.
[2024-07-26T13:21:45.991+0900] {taskinstance.py:1206} INFO - Marking task as FAILED. dag_id=make_parquet, task_id=check.done, run_id=scheduled__2024-07-25T04:10:00+00:00, execution_date=20240725T041000, start_date=20240726T042145, end_date=20240726T042145
[2024-07-26T13:21:45.995+0900] {standard_task_runner.py:110} ERROR - Failed to execute job 473 for task check.done (Bash command failed. The command returned a non-zero exit code 1.; 19492)
[2024-07-26T13:21:46.002+0900] {local_task_job_runner.py:243} INFO - Task exited with return code 1
[2024-07-26T13:21:46.011+0900] {taskinstance.py:3503} INFO - 1 downstream tasks scheduled from follow-on schedule check
[2024-07-26T13:21:46.012+0900] {local_task_job_runner.py:222} INFO - ::endgroup::
