[2024-07-24T15:29:58.909+0900] {local_task_job_runner.py:120} INFO - ::group::Pre task execution logs
[2024-07-24T15:29:58.917+0900] {taskinstance.py:2076} INFO - Dependencies all met for dep_context=non-requeueable deps ti=<TaskInstance: import_db.to_base scheduled__2024-07-17T00:00:00+00:00 [queued]>
[2024-07-24T15:29:58.919+0900] {taskinstance.py:2076} INFO - Dependencies all met for dep_context=requeueable deps ti=<TaskInstance: import_db.to_base scheduled__2024-07-17T00:00:00+00:00 [queued]>
[2024-07-24T15:29:58.919+0900] {taskinstance.py:2306} INFO - Starting attempt 2 of 2
[2024-07-24T15:29:58.923+0900] {taskinstance.py:2330} INFO - Executing <Task(BashOperator): to_base> on 2024-07-17 00:00:00+00:00
[2024-07-24T15:29:58.926+0900] {standard_task_runner.py:64} INFO - Started process 96671 to run task
[2024-07-24T15:29:58.928+0900] {standard_task_runner.py:90} INFO - Running: ['airflow', 'tasks', 'run', 'import_db', 'to_base', 'scheduled__2024-07-17T00:00:00+00:00', '--job-id', '354', '--raw', '--subdir', 'DAGS_FOLDER/import_db.py', '--cfg-path', '/var/folders/qv/0knwm5h50ml0skpppwpbks_r0000gp/T/tmp_j3w3p51']
[2024-07-24T15:29:58.930+0900] {standard_task_runner.py:91} INFO - Job 354: Subtask to_base
[2024-07-24T15:29:58.945+0900] {task_command.py:426} INFO - Running <TaskInstance: import_db.to_base scheduled__2024-07-17T00:00:00+00:00 [running]> on host jeongui-MacBookPro.local
[2024-07-24T15:29:58.967+0900] {taskinstance.py:2648} INFO - Exporting env vars: AIRFLOW_CTX_DAG_OWNER='airflow' AIRFLOW_CTX_DAG_ID='import_db' AIRFLOW_CTX_TASK_ID='to_base' AIRFLOW_CTX_EXECUTION_DATE='2024-07-17T00:00:00+00:00' AIRFLOW_CTX_TRY_NUMBER='2' AIRFLOW_CTX_DAG_RUN_ID='scheduled__2024-07-17T00:00:00+00:00'
[2024-07-24T15:29:58.968+0900] {taskinstance.py:430} INFO - ::endgroup::
[2024-07-24T15:29:58.973+0900] {subprocess.py:63} INFO - Tmp dir root location: /var/folders/qv/0knwm5h50ml0skpppwpbks_r0000gp/T
[2024-07-24T15:29:58.974+0900] {subprocess.py:75} INFO - Running command: ['/bin/bash', '-c', '\n                echo "base"\n                bash /Users/DE32/airflow/sh/to_bash.sh 2024-07-17\n            ']
[2024-07-24T15:29:58.977+0900] {subprocess.py:86} INFO - Output:
[2024-07-24T15:29:58.978+0900] {subprocess.py:93} INFO - base
[2024-07-24T15:29:58.981+0900] {subprocess.py:93} INFO - /Users/DE32/airflow/sh/to_bash.sh: line 1: $: command not found
[2024-07-24T15:29:58.991+0900] {subprocess.py:97} INFO - Command exited with return code 0
[2024-07-24T15:29:58.991+0900] {taskinstance.py:441} INFO - ::group::Post task execution logs
[2024-07-24T15:29:58.998+0900] {taskinstance.py:1206} INFO - Marking task as SUCCESS. dag_id=import_db, task_id=to_base, run_id=scheduled__2024-07-17T00:00:00+00:00, execution_date=20240717T000000, start_date=20240724T062958, end_date=20240724T062958
[2024-07-24T15:29:59.033+0900] {local_task_job_runner.py:243} INFO - Task exited with return code 0
[2024-07-24T15:29:59.038+0900] {taskinstance.py:3503} INFO - 0 downstream tasks scheduled from follow-on schedule check
[2024-07-24T15:29:59.039+0900] {local_task_job_runner.py:222} INFO - ::endgroup::
