[2024-07-24T16:09:45.978+0900] {local_task_job_runner.py:120} INFO - ::group::Pre task execution logs
[2024-07-24T16:09:45.985+0900] {taskinstance.py:2076} INFO - Dependencies all met for dep_context=non-requeueable deps ti=<TaskInstance: make_parquet.err_report scheduled__2024-07-23T00:00:00+00:00 [queued]>
[2024-07-24T16:09:45.987+0900] {taskinstance.py:2076} INFO - Dependencies all met for dep_context=requeueable deps ti=<TaskInstance: make_parquet.err_report scheduled__2024-07-23T00:00:00+00:00 [queued]>
[2024-07-24T16:09:45.988+0900] {taskinstance.py:2306} INFO - Starting attempt 1 of 1
[2024-07-24T16:09:45.992+0900] {taskinstance.py:2330} INFO - Executing <Task(BashOperator): err_report> on 2024-07-23 00:00:00+00:00
[2024-07-24T16:09:45.994+0900] {standard_task_runner.py:64} INFO - Started process 98245 to run task
[2024-07-24T16:09:45.996+0900] {standard_task_runner.py:90} INFO - Running: ['airflow', 'tasks', 'run', 'make_parquet', 'err_report', 'scheduled__2024-07-23T00:00:00+00:00', '--job-id', '398', '--raw', '--subdir', 'DAGS_FOLDER/make_parquet.py', '--cfg-path', '/var/folders/qv/0knwm5h50ml0skpppwpbks_r0000gp/T/tmpiksk_bwc']
[2024-07-24T16:09:45.998+0900] {standard_task_runner.py:91} INFO - Job 398: Subtask err_report
[2024-07-24T16:09:46.011+0900] {task_command.py:426} INFO - Running <TaskInstance: make_parquet.err_report scheduled__2024-07-23T00:00:00+00:00 [running]> on host jeongui-MacBookPro.local
[2024-07-24T16:09:46.033+0900] {taskinstance.py:2648} INFO - Exporting env vars: AIRFLOW_CTX_DAG_OWNER='airflow' AIRFLOW_CTX_DAG_ID='make_parquet' AIRFLOW_CTX_TASK_ID='err_report' AIRFLOW_CTX_EXECUTION_DATE='2024-07-23T00:00:00+00:00' AIRFLOW_CTX_TRY_NUMBER='1' AIRFLOW_CTX_DAG_RUN_ID='scheduled__2024-07-23T00:00:00+00:00'
[2024-07-24T16:09:46.034+0900] {taskinstance.py:430} INFO - ::endgroup::
[2024-07-24T16:09:46.039+0900] {subprocess.py:63} INFO - Tmp dir root location: /var/folders/qv/0knwm5h50ml0skpppwpbks_r0000gp/T
[2024-07-24T16:09:46.040+0900] {subprocess.py:75} INFO - Running command: ['/bin/bash', '-c', '\n            echo "err report"\n           ']
[2024-07-24T16:09:46.043+0900] {subprocess.py:86} INFO - Output:
[2024-07-24T16:09:46.044+0900] {subprocess.py:93} INFO - err report
[2024-07-24T16:09:46.044+0900] {subprocess.py:97} INFO - Command exited with return code 0
[2024-07-24T16:09:46.045+0900] {taskinstance.py:441} INFO - ::group::Post task execution logs
[2024-07-24T16:09:46.050+0900] {taskinstance.py:1206} INFO - Marking task as SUCCESS. dag_id=make_parquet, task_id=err_report, run_id=scheduled__2024-07-23T00:00:00+00:00, execution_date=20240723T000000, start_date=20240724T070945, end_date=20240724T070946
[2024-07-24T16:09:46.056+0900] {local_task_job_runner.py:243} INFO - Task exited with return code 0
[2024-07-24T16:09:46.061+0900] {taskinstance.py:3503} INFO - 0 downstream tasks scheduled from follow-on schedule check
[2024-07-24T16:09:46.062+0900] {local_task_job_runner.py:222} INFO - ::endgroup::
