[2024-07-31T11:24:16.468+0900] {local_task_job_runner.py:120} INFO - ::group::Pre task execution logs
[2024-07-31T11:24:16.479+0900] {taskinstance.py:2076} INFO - Dependencies all met for dep_context=non-requeueable deps ti=<TaskInstance: movie.save.data scheduled__2024-07-25T02:10:00+00:00 [queued]>
[2024-07-31T11:24:16.483+0900] {taskinstance.py:2076} INFO - Dependencies all met for dep_context=requeueable deps ti=<TaskInstance: movie.save.data scheduled__2024-07-25T02:10:00+00:00 [queued]>
[2024-07-31T11:24:16.483+0900] {taskinstance.py:2306} INFO - Starting attempt 3 of 4
[2024-07-31T11:24:16.489+0900] {taskinstance.py:2330} INFO - Executing <Task(PythonVirtualenvOperator): save.data> on 2024-07-25 02:10:00+00:00
[2024-07-31T11:24:16.491+0900] {standard_task_runner.py:64} INFO - Started process 10863 to run task
[2024-07-31T11:24:16.494+0900] {standard_task_runner.py:90} INFO - Running: ['airflow', 'tasks', 'run', 'movie', 'save.data', 'scheduled__2024-07-25T02:10:00+00:00', '--job-id', '741', '--raw', '--subdir', 'DAGS_FOLDER/movie.py', '--cfg-path', '/var/folders/qv/0knwm5h50ml0skpppwpbks_r0000gp/T/tmpgaglww5d']
[2024-07-31T11:24:16.495+0900] {standard_task_runner.py:91} INFO - Job 741: Subtask save.data
[2024-07-31T11:24:16.509+0900] {task_command.py:426} INFO - Running <TaskInstance: movie.save.data scheduled__2024-07-25T02:10:00+00:00 [running]> on host jeongui-MacBookPro.local
[2024-07-31T11:24:16.531+0900] {taskinstance.py:2648} INFO - Exporting env vars: AIRFLOW_CTX_DAG_OWNER='airflow' AIRFLOW_CTX_DAG_ID='movie' AIRFLOW_CTX_TASK_ID='save.data' AIRFLOW_CTX_EXECUTION_DATE='2024-07-25T02:10:00+00:00' AIRFLOW_CTX_TRY_NUMBER='3' AIRFLOW_CTX_DAG_RUN_ID='scheduled__2024-07-25T02:10:00+00:00'
[2024-07-31T11:24:16.532+0900] {taskinstance.py:430} INFO - ::endgroup::
[2024-07-31T11:24:16.539+0900] {baseoperator.py:400} WARNING - PythonVirtualenvOperator.execute cannot be called outside TaskInstance!
[2024-07-31T11:24:16.539+0900] {process_utils.py:183} INFO - Executing cmd: /Users/DE32/.pyenv/versions/3.11.9/envs/note/bin/python -m virtualenv /var/folders/qv/0knwm5h50ml0skpppwpbks_r0000gp/T/venvobw93nqg --python=python
[2024-07-31T11:24:16.541+0900] {process_utils.py:187} INFO - Output:
[2024-07-31T11:24:16.779+0900] {process_utils.py:191} INFO - created virtual environment CPython3.11.9.final.0-64 in 171ms
[2024-07-31T11:24:16.780+0900] {process_utils.py:191} INFO -   creator CPython3Posix(dest=/private/var/folders/qv/0knwm5h50ml0skpppwpbks_r0000gp/T/venvobw93nqg, clear=False, no_vcs_ignore=False, global=False)
[2024-07-31T11:24:16.780+0900] {process_utils.py:191} INFO -   seeder FromAppData(download=False, pip=bundle, setuptools=bundle, wheel=bundle, via=copy, app_data_dir=/Users/DE32/Library/Application Support/virtualenv)
[2024-07-31T11:24:16.780+0900] {process_utils.py:191} INFO -     added seed packages: pip==24.1.2, setuptools==70.2.0, wheel==0.43.0
[2024-07-31T11:24:16.780+0900] {process_utils.py:191} INFO -   activators BashActivator,CShellActivator,FishActivator,NushellActivator,PowerShellActivator,PythonActivator
[2024-07-31T11:24:16.791+0900] {process_utils.py:183} INFO - Executing cmd: /var/folders/qv/0knwm5h50ml0skpppwpbks_r0000gp/T/venvobw93nqg/bin/pip install -r /var/folders/qv/0knwm5h50ml0skpppwpbks_r0000gp/T/venvobw93nqg/requirements.txt
[2024-07-31T11:24:16.793+0900] {process_utils.py:187} INFO - Output:
[2024-07-31T11:24:17.564+0900] {process_utils.py:191} INFO - Collecting git+https://github.com/Jeonghoon2/movie.git@0.2/api (from -r /var/folders/qv/0knwm5h50ml0skpppwpbks_r0000gp/T/venvobw93nqg/requirements.txt (line 1))
[2024-07-31T11:24:17.564+0900] {process_utils.py:191} INFO -   Cloning https://github.com/Jeonghoon2/movie.git (to revision 0.2/api) to /private/var/folders/qv/0knwm5h50ml0skpppwpbks_r0000gp/T/pip-req-build-oy4p9g7b
[2024-07-31T11:24:17.576+0900] {process_utils.py:191} INFO -   Running command git clone --filter=blob:none --quiet https://github.com/Jeonghoon2/movie.git /private/var/folders/qv/0knwm5h50ml0skpppwpbks_r0000gp/T/pip-req-build-oy4p9g7b
[2024-07-31T11:24:19.510+0900] {process_utils.py:191} INFO -   Running command git checkout -b 0.2/api --track origin/0.2/api
[2024-07-31T11:24:20.146+0900] {process_utils.py:191} INFO -   Switched to a new branch '0.2/api'
[2024-07-31T11:24:20.147+0900] {process_utils.py:191} INFO -   branch '0.2/api' set up to track 'origin/0.2/api'.
[2024-07-31T11:24:20.147+0900] {process_utils.py:191} INFO -   Resolved https://github.com/Jeonghoon2/movie.git to commit 514cfb45f6fa577ee07d4fa2076f9283780af81e
[2024-07-31T11:24:20.169+0900] {process_utils.py:191} INFO -   Installing build dependencies: started
[2024-07-31T11:24:21.108+0900] {process_utils.py:191} INFO -   Installing build dependencies: finished with status 'done'
[2024-07-31T11:24:21.109+0900] {process_utils.py:191} INFO -   Getting requirements to build wheel: started
[2024-07-31T11:24:21.233+0900] {process_utils.py:191} INFO -   Getting requirements to build wheel: finished with status 'done'
[2024-07-31T11:24:21.234+0900] {process_utils.py:191} INFO -   Preparing metadata (pyproject.toml): started
[2024-07-31T11:24:21.360+0900] {process_utils.py:191} INFO -   Preparing metadata (pyproject.toml): finished with status 'done'
[2024-07-31T11:24:21.425+0900] {process_utils.py:191} INFO - Collecting requests>=2.32.3 (from mov==0.1.0->-r /var/folders/qv/0knwm5h50ml0skpppwpbks_r0000gp/T/venvobw93nqg/requirements.txt (line 1))
[2024-07-31T11:24:21.426+0900] {process_utils.py:191} INFO -   Using cached requests-2.32.3-py3-none-any.whl.metadata (4.6 kB)
[2024-07-31T11:24:21.497+0900] {process_utils.py:191} INFO - Collecting pandas>=2.2.2 (from mov==0.1.0->-r /var/folders/qv/0knwm5h50ml0skpppwpbks_r0000gp/T/venvobw93nqg/requirements.txt (line 1))
[2024-07-31T11:24:21.498+0900] {process_utils.py:191} INFO -   Using cached pandas-2.2.2-cp311-cp311-macosx_11_0_arm64.whl.metadata (19 kB)
[2024-07-31T11:24:21.656+0900] {process_utils.py:191} INFO - Collecting numpy>=2.0.1 (from mov==0.1.0->-r /var/folders/qv/0knwm5h50ml0skpppwpbks_r0000gp/T/venvobw93nqg/requirements.txt (line 1))
[2024-07-31T11:24:21.657+0900] {process_utils.py:191} INFO -   Using cached numpy-2.0.1-cp311-cp311-macosx_14_0_arm64.whl.metadata (60 kB)
[2024-07-31T11:24:21.720+0900] {process_utils.py:191} INFO - Collecting pyarrow>=17.0.0 (from mov==0.1.0->-r /var/folders/qv/0knwm5h50ml0skpppwpbks_r0000gp/T/venvobw93nqg/requirements.txt (line 1))
[2024-07-31T11:24:21.721+0900] {process_utils.py:191} INFO -   Using cached pyarrow-17.0.0-cp311-cp311-macosx_11_0_arm64.whl.metadata (3.3 kB)
[2024-07-31T11:24:21.770+0900] {process_utils.py:191} INFO - Collecting python-dateutil>=2.8.2 (from pandas>=2.2.2->mov==0.1.0->-r /var/folders/qv/0knwm5h50ml0skpppwpbks_r0000gp/T/venvobw93nqg/requirements.txt (line 1))
[2024-07-31T11:24:21.770+0900] {process_utils.py:191} INFO -   Using cached python_dateutil-2.9.0.post0-py2.py3-none-any.whl.metadata (8.4 kB)
[2024-07-31T11:24:21.805+0900] {process_utils.py:191} INFO - Collecting pytz>=2020.1 (from pandas>=2.2.2->mov==0.1.0->-r /var/folders/qv/0knwm5h50ml0skpppwpbks_r0000gp/T/venvobw93nqg/requirements.txt (line 1))
[2024-07-31T11:24:21.806+0900] {process_utils.py:191} INFO -   Using cached pytz-2024.1-py2.py3-none-any.whl.metadata (22 kB)
[2024-07-31T11:24:21.835+0900] {process_utils.py:191} INFO - Collecting tzdata>=2022.7 (from pandas>=2.2.2->mov==0.1.0->-r /var/folders/qv/0knwm5h50ml0skpppwpbks_r0000gp/T/venvobw93nqg/requirements.txt (line 1))
[2024-07-31T11:24:21.836+0900] {process_utils.py:191} INFO -   Using cached tzdata-2024.1-py2.py3-none-any.whl.metadata (1.4 kB)
[2024-07-31T11:24:21.909+0900] {process_utils.py:191} INFO - Collecting charset-normalizer<4,>=2 (from requests>=2.32.3->mov==0.1.0->-r /var/folders/qv/0knwm5h50ml0skpppwpbks_r0000gp/T/venvobw93nqg/requirements.txt (line 1))
[2024-07-31T11:24:21.909+0900] {process_utils.py:191} INFO -   Using cached charset_normalizer-3.3.2-cp311-cp311-macosx_11_0_arm64.whl.metadata (33 kB)
[2024-07-31T11:24:21.947+0900] {process_utils.py:191} INFO - Collecting idna<4,>=2.5 (from requests>=2.32.3->mov==0.1.0->-r /var/folders/qv/0knwm5h50ml0skpppwpbks_r0000gp/T/venvobw93nqg/requirements.txt (line 1))
[2024-07-31T11:24:21.948+0900] {process_utils.py:191} INFO -   Using cached idna-3.7-py3-none-any.whl.metadata (9.9 kB)
[2024-07-31T11:24:21.982+0900] {process_utils.py:191} INFO - Collecting urllib3<3,>=1.21.1 (from requests>=2.32.3->mov==0.1.0->-r /var/folders/qv/0knwm5h50ml0skpppwpbks_r0000gp/T/venvobw93nqg/requirements.txt (line 1))
[2024-07-31T11:24:21.983+0900] {process_utils.py:191} INFO -   Using cached urllib3-2.2.2-py3-none-any.whl.metadata (6.4 kB)
[2024-07-31T11:24:22.021+0900] {process_utils.py:191} INFO - Collecting certifi>=2017.4.17 (from requests>=2.32.3->mov==0.1.0->-r /var/folders/qv/0knwm5h50ml0skpppwpbks_r0000gp/T/venvobw93nqg/requirements.txt (line 1))
[2024-07-31T11:24:22.021+0900] {process_utils.py:191} INFO -   Using cached certifi-2024.7.4-py3-none-any.whl.metadata (2.2 kB)
[2024-07-31T11:24:22.055+0900] {process_utils.py:191} INFO - Collecting six>=1.5 (from python-dateutil>=2.8.2->pandas>=2.2.2->mov==0.1.0->-r /var/folders/qv/0knwm5h50ml0skpppwpbks_r0000gp/T/venvobw93nqg/requirements.txt (line 1))
[2024-07-31T11:24:22.056+0900] {process_utils.py:191} INFO -   Using cached six-1.16.0-py2.py3-none-any.whl.metadata (1.8 kB)
[2024-07-31T11:24:22.059+0900] {process_utils.py:191} INFO - Using cached numpy-2.0.1-cp311-cp311-macosx_14_0_arm64.whl (5.3 MB)
[2024-07-31T11:24:22.065+0900] {process_utils.py:191} INFO - Using cached pandas-2.2.2-cp311-cp311-macosx_11_0_arm64.whl (11.3 MB)
[2024-07-31T11:24:22.076+0900] {process_utils.py:191} INFO - Using cached pyarrow-17.0.0-cp311-cp311-macosx_11_0_arm64.whl (27.2 MB)
[2024-07-31T11:24:22.102+0900] {process_utils.py:191} INFO - Using cached requests-2.32.3-py3-none-any.whl (64 kB)
[2024-07-31T11:24:22.103+0900] {process_utils.py:191} INFO - Using cached certifi-2024.7.4-py3-none-any.whl (162 kB)
[2024-07-31T11:24:22.104+0900] {process_utils.py:191} INFO - Using cached charset_normalizer-3.3.2-cp311-cp311-macosx_11_0_arm64.whl (118 kB)
[2024-07-31T11:24:22.105+0900] {process_utils.py:191} INFO - Using cached idna-3.7-py3-none-any.whl (66 kB)
[2024-07-31T11:24:22.106+0900] {process_utils.py:191} INFO - Using cached python_dateutil-2.9.0.post0-py2.py3-none-any.whl (229 kB)
[2024-07-31T11:24:22.107+0900] {process_utils.py:191} INFO - Using cached pytz-2024.1-py2.py3-none-any.whl (505 kB)
[2024-07-31T11:24:22.108+0900] {process_utils.py:191} INFO - Using cached tzdata-2024.1-py2.py3-none-any.whl (345 kB)
[2024-07-31T11:24:22.109+0900] {process_utils.py:191} INFO - Using cached urllib3-2.2.2-py3-none-any.whl (121 kB)
[2024-07-31T11:24:22.110+0900] {process_utils.py:191} INFO - Using cached six-1.16.0-py2.py3-none-any.whl (11 kB)
[2024-07-31T11:24:22.152+0900] {process_utils.py:191} INFO - Building wheels for collected packages: mov
[2024-07-31T11:24:22.164+0900] {process_utils.py:191} INFO -   Building wheel for mov (pyproject.toml): started
[2024-07-31T11:24:22.308+0900] {process_utils.py:191} INFO -   Building wheel for mov (pyproject.toml): finished with status 'done'
[2024-07-31T11:24:22.309+0900] {process_utils.py:191} INFO -   Created wheel for mov: filename=mov-0.1.0-py3-none-any.whl size=3017 sha256=97668cd8f3e38a0d31da401556614e2679fecd506b9abcbd8370c3765b82c57e
[2024-07-31T11:24:22.309+0900] {process_utils.py:191} INFO -   Stored in directory: /private/var/folders/qv/0knwm5h50ml0skpppwpbks_r0000gp/T/pip-ephem-wheel-cache-vzybj48t/wheels/cf/ab/a7/d0c528d20fa8a5f19e169bdf1d98f2b2cefe79d8527bb89200
[2024-07-31T11:24:22.310+0900] {process_utils.py:191} INFO - Successfully built mov
[2024-07-31T11:24:22.338+0900] {process_utils.py:191} INFO - Installing collected packages: pytz, urllib3, tzdata, six, numpy, idna, charset-normalizer, certifi, requests, python-dateutil, pyarrow, pandas, mov
[2024-07-31T11:24:26.848+0900] {process_utils.py:191} INFO - Successfully installed certifi-2024.7.4 charset-normalizer-3.3.2 idna-3.7 mov-0.1.0 numpy-2.0.1 pandas-2.2.2 pyarrow-17.0.0 python-dateutil-2.9.0.post0 pytz-2024.1 requests-2.32.3 six-1.16.0 tzdata-2024.1 urllib3-2.2.2
[2024-07-31T11:24:26.850+0900] {process_utils.py:191} INFO - 
[2024-07-31T11:24:26.851+0900] {process_utils.py:191} INFO - [notice] A new release of pip is available: 24.1.2 -> 24.2
[2024-07-31T11:24:26.851+0900] {process_utils.py:191} INFO - [notice] To update, run: python -m pip install --upgrade pip
[2024-07-31T11:24:26.982+0900] {process_utils.py:183} INFO - Executing cmd: /var/folders/qv/0knwm5h50ml0skpppwpbks_r0000gp/T/venvobw93nqg/bin/python /var/folders/qv/0knwm5h50ml0skpppwpbks_r0000gp/T/venv-callm_7_0xy6/script.py /var/folders/qv/0knwm5h50ml0skpppwpbks_r0000gp/T/venv-callm_7_0xy6/script.in /var/folders/qv/0knwm5h50ml0skpppwpbks_r0000gp/T/venv-callm_7_0xy6/script.out /var/folders/qv/0knwm5h50ml0skpppwpbks_r0000gp/T/venv-callm_7_0xy6/string_args.txt /var/folders/qv/0knwm5h50ml0skpppwpbks_r0000gp/T/venv-callm_7_0xy6/termination.log
[2024-07-31T11:24:26.984+0900] {process_utils.py:187} INFO - Output:
[2024-07-31T11:24:40.465+0900] {process_utils.py:191} INFO - *********************************
[2024-07-31T11:24:40.466+0900] {process_utils.py:191} INFO -    rnum  rank  rankInten rankOldAndNew  ... audiChange  audiAcc scrnCnt  showCnt
[2024-07-31T11:24:40.466+0900] {process_utils.py:191} INFO - 0     1     1          0           OLD  ...      -42.8   363426    1908     8054
[2024-07-31T11:24:40.466+0900] {process_utils.py:191} INFO - 1     2     2          0           OLD  ...      -26.8   231946     997     3750
[2024-07-31T11:24:40.467+0900] {process_utils.py:191} INFO - 2     3     3          0           OLD  ...       -4.2  2074632     884     2222
[2024-07-31T11:24:40.467+0900] {process_utils.py:191} INFO - 3     4     4          1           OLD  ...       17.7  8151939     639     1191
[2024-07-31T11:24:40.467+0900] {process_utils.py:191} INFO - 4     5     5         -1           OLD  ...      -39.1   484329     620     1246
[2024-07-31T11:24:40.468+0900] {process_utils.py:191} INFO - 5     6     6          0           OLD  ...       -0.2  1653947     550      924
[2024-07-31T11:24:40.468+0900] {process_utils.py:191} INFO - 6     7     7          0           OLD  ...      -11.4   649657     413      625
[2024-07-31T11:24:40.468+0900] {process_utils.py:191} INFO - 7     8     8          9           OLD  ...      650.8    36810      77       93
[2024-07-31T11:24:40.468+0900] {process_utils.py:191} INFO - 8     9     9          1           OLD  ...       22.7    28484      10       14
[2024-07-31T11:24:40.468+0900] {process_utils.py:191} INFO - 9    10    10         -1           OLD  ...        4.2  1760743     155      189
[2024-07-31T11:24:40.469+0900] {process_utils.py:191} INFO - 
[2024-07-31T11:24:40.469+0900] {process_utils.py:191} INFO - [10 rows x 18 columns]
[2024-07-31T11:24:40.469+0900] {process_utils.py:191} INFO - *********************************
[2024-07-31T11:24:40.469+0900] {process_utils.py:191} INFO - rnum               int64
[2024-07-31T11:24:40.469+0900] {process_utils.py:191} INFO - rank               int64
[2024-07-31T11:24:40.469+0900] {process_utils.py:191} INFO - rankInten          int64
[2024-07-31T11:24:40.470+0900] {process_utils.py:191} INFO - rankOldAndNew     object
[2024-07-31T11:24:40.470+0900] {process_utils.py:191} INFO - movieCd           object
[2024-07-31T11:24:40.470+0900] {process_utils.py:191} INFO - movieNm           object
[2024-07-31T11:24:40.470+0900] {process_utils.py:191} INFO - openDt            object
[2024-07-31T11:24:40.470+0900] {process_utils.py:191} INFO - salesAmt           int64
[2024-07-31T11:24:40.471+0900] {process_utils.py:191} INFO - salesShare       float64
[2024-07-31T11:24:40.471+0900] {process_utils.py:191} INFO - salesInten         int64
[2024-07-31T11:24:40.471+0900] {process_utils.py:191} INFO - salesChange      float64
[2024-07-31T11:24:40.472+0900] {process_utils.py:191} INFO - salesAcc          object
[2024-07-31T11:24:40.472+0900] {process_utils.py:191} INFO - audiCnt            int64
[2024-07-31T11:24:40.472+0900] {process_utils.py:191} INFO - audiInten          int64
[2024-07-31T11:24:40.472+0900] {process_utils.py:191} INFO - audiChange       float64
[2024-07-31T11:24:40.473+0900] {process_utils.py:191} INFO - audiAcc            int64
[2024-07-31T11:24:40.473+0900] {process_utils.py:191} INFO - scrnCnt            int64
[2024-07-31T11:24:40.473+0900] {process_utils.py:191} INFO - showCnt            int64
[2024-07-31T11:24:40.473+0900] {process_utils.py:191} INFO - dtype: object
[2024-07-31T11:24:40.474+0900] {process_utils.py:191} INFO - 개봉일 기준 그룹핑 누적 관객수 합
[2024-07-31T11:24:40.474+0900] {process_utils.py:191} INFO -        openDt  audiCnt
[2024-07-31T11:24:40.474+0900] {process_utils.py:191} INFO - 0  2024-06-12    20542
[2024-07-31T11:24:40.475+0900] {process_utils.py:191} INFO - 1  2024-06-21     2037
[2024-07-31T11:24:40.475+0900] {process_utils.py:191} INFO - 2  2024-06-26    10198
[2024-07-31T11:24:40.475+0900] {process_utils.py:191} INFO - 3  2024-07-03    34225
[2024-07-31T11:24:40.475+0900] {process_utils.py:191} INFO - 4  2024-07-11     3251
[2024-07-31T11:24:40.476+0900] {process_utils.py:191} INFO - 5  2024-07-12     5965
[2024-07-31T11:24:40.476+0900] {process_utils.py:191} INFO - 6  2024-07-17    19378
[2024-07-31T11:24:40.476+0900] {process_utils.py:191} INFO - 7  2024-07-24   185320
[2024-07-31T11:24:40.476+0900] {process_utils.py:191} INFO - 8  2024-07-31     2274
[2024-07-31T11:24:40.901+0900] {python.py:237} INFO - Done. Returned value was: None
[2024-07-31T11:24:40.901+0900] {taskinstance.py:441} INFO - ::group::Post task execution logs
[2024-07-31T11:24:40.904+0900] {taskinstance.py:1206} INFO - Marking task as SUCCESS. dag_id=movie, task_id=save.data, run_id=scheduled__2024-07-25T02:10:00+00:00, execution_date=20240725T021000, start_date=20240731T022416, end_date=20240731T022440
[2024-07-31T11:24:40.924+0900] {local_task_job_runner.py:243} INFO - Task exited with return code 0
[2024-07-31T11:24:40.929+0900] {taskinstance.py:3503} INFO - 0 downstream tasks scheduled from follow-on schedule check
[2024-07-31T11:24:40.929+0900] {local_task_job_runner.py:222} INFO - ::endgroup::
