[2024-07-31T10:02:42.394+0900] {local_task_job_runner.py:120} INFO - ::group::Pre task execution logs
[2024-07-31T10:02:42.408+0900] {taskinstance.py:2076} INFO - Dependencies all met for dep_context=non-requeueable deps ti=<TaskInstance: movie.save.data scheduled__2024-07-25T02:10:00+00:00 [queued]>
[2024-07-31T10:02:42.413+0900] {taskinstance.py:2076} INFO - Dependencies all met for dep_context=requeueable deps ti=<TaskInstance: movie.save.data scheduled__2024-07-25T02:10:00+00:00 [queued]>
[2024-07-31T10:02:42.413+0900] {taskinstance.py:2306} INFO - Starting attempt 1 of 2
[2024-07-31T10:02:42.418+0900] {taskinstance.py:2330} INFO - Executing <Task(PythonVirtualenvOperator): save.data> on 2024-07-25 02:10:00+00:00
[2024-07-31T10:02:42.421+0900] {standard_task_runner.py:64} INFO - Started process 7423 to run task
[2024-07-31T10:02:42.424+0900] {standard_task_runner.py:90} INFO - Running: ['airflow', 'tasks', 'run', 'movie', 'save.data', 'scheduled__2024-07-25T02:10:00+00:00', '--job-id', '682', '--raw', '--subdir', 'DAGS_FOLDER/movie.py', '--cfg-path', '/var/folders/qv/0knwm5h50ml0skpppwpbks_r0000gp/T/tmpp4zkl6ze']
[2024-07-31T10:02:42.425+0900] {standard_task_runner.py:91} INFO - Job 682: Subtask save.data
[2024-07-31T10:02:42.440+0900] {task_command.py:426} INFO - Running <TaskInstance: movie.save.data scheduled__2024-07-25T02:10:00+00:00 [running]> on host jeongui-MacBookPro.local
[2024-07-31T10:02:42.460+0900] {taskinstance.py:2648} INFO - Exporting env vars: AIRFLOW_CTX_DAG_OWNER='airflow' AIRFLOW_CTX_DAG_ID='movie' AIRFLOW_CTX_TASK_ID='save.data' AIRFLOW_CTX_EXECUTION_DATE='2024-07-25T02:10:00+00:00' AIRFLOW_CTX_TRY_NUMBER='1' AIRFLOW_CTX_DAG_RUN_ID='scheduled__2024-07-25T02:10:00+00:00'
[2024-07-31T10:02:42.460+0900] {taskinstance.py:430} INFO - ::endgroup::
[2024-07-31T10:02:42.467+0900] {baseoperator.py:400} WARNING - PythonVirtualenvOperator.execute cannot be called outside TaskInstance!
[2024-07-31T10:02:42.468+0900] {process_utils.py:183} INFO - Executing cmd: /Users/DE32/.pyenv/versions/3.11.9/envs/note/bin/python -m virtualenv /var/folders/qv/0knwm5h50ml0skpppwpbks_r0000gp/T/venvlnsm8cac --python=python
[2024-07-31T10:02:42.470+0900] {process_utils.py:187} INFO - Output:
[2024-07-31T10:02:42.709+0900] {process_utils.py:191} INFO - created virtual environment CPython3.11.9.final.0-64 in 173ms
[2024-07-31T10:02:42.710+0900] {process_utils.py:191} INFO -   creator CPython3Posix(dest=/private/var/folders/qv/0knwm5h50ml0skpppwpbks_r0000gp/T/venvlnsm8cac, clear=False, no_vcs_ignore=False, global=False)
[2024-07-31T10:02:42.710+0900] {process_utils.py:191} INFO -   seeder FromAppData(download=False, pip=bundle, setuptools=bundle, wheel=bundle, via=copy, app_data_dir=/Users/DE32/Library/Application Support/virtualenv)
[2024-07-31T10:02:42.710+0900] {process_utils.py:191} INFO -     added seed packages: pip==24.1.2, setuptools==70.2.0, wheel==0.43.0
[2024-07-31T10:02:42.711+0900] {process_utils.py:191} INFO -   activators BashActivator,CShellActivator,FishActivator,NushellActivator,PowerShellActivator,PythonActivator
[2024-07-31T10:02:42.721+0900] {process_utils.py:183} INFO - Executing cmd: /var/folders/qv/0knwm5h50ml0skpppwpbks_r0000gp/T/venvlnsm8cac/bin/pip install -r /var/folders/qv/0knwm5h50ml0skpppwpbks_r0000gp/T/venvlnsm8cac/requirements.txt
[2024-07-31T10:02:42.723+0900] {process_utils.py:187} INFO - Output:
[2024-07-31T10:02:43.475+0900] {process_utils.py:191} INFO - Collecting git+https://github.com/Jeonghoon2/movie.git@0.2/api (from -r /var/folders/qv/0knwm5h50ml0skpppwpbks_r0000gp/T/venvlnsm8cac/requirements.txt (line 1))
[2024-07-31T10:02:43.475+0900] {process_utils.py:191} INFO -   Cloning https://github.com/Jeonghoon2/movie.git (to revision 0.2/api) to /private/var/folders/qv/0knwm5h50ml0skpppwpbks_r0000gp/T/pip-req-build-nv0gsxqn
[2024-07-31T10:02:43.489+0900] {process_utils.py:191} INFO -   Running command git clone --filter=blob:none --quiet https://github.com/Jeonghoon2/movie.git /private/var/folders/qv/0knwm5h50ml0skpppwpbks_r0000gp/T/pip-req-build-nv0gsxqn
[2024-07-31T10:02:45.004+0900] {process_utils.py:191} INFO -   Running command git checkout -b 0.2/api --track origin/0.2/api
[2024-07-31T10:02:45.674+0900] {process_utils.py:191} INFO -   Switched to a new branch '0.2/api'
[2024-07-31T10:02:45.674+0900] {process_utils.py:191} INFO -   branch '0.2/api' set up to track 'origin/0.2/api'.
[2024-07-31T10:02:45.674+0900] {process_utils.py:191} INFO -   Resolved https://github.com/Jeonghoon2/movie.git to commit 514cfb45f6fa577ee07d4fa2076f9283780af81e
[2024-07-31T10:02:45.695+0900] {process_utils.py:191} INFO -   Installing build dependencies: started
[2024-07-31T10:02:46.625+0900] {process_utils.py:191} INFO -   Installing build dependencies: finished with status 'done'
[2024-07-31T10:02:46.626+0900] {process_utils.py:191} INFO -   Getting requirements to build wheel: started
[2024-07-31T10:02:46.755+0900] {process_utils.py:191} INFO -   Getting requirements to build wheel: finished with status 'done'
[2024-07-31T10:02:46.756+0900] {process_utils.py:191} INFO -   Preparing metadata (pyproject.toml): started
[2024-07-31T10:02:46.886+0900] {process_utils.py:191} INFO -   Preparing metadata (pyproject.toml): finished with status 'done'
[2024-07-31T10:02:46.955+0900] {process_utils.py:191} INFO - Collecting requests>=2.32.3 (from mov==0.1.0->-r /var/folders/qv/0knwm5h50ml0skpppwpbks_r0000gp/T/venvlnsm8cac/requirements.txt (line 1))
[2024-07-31T10:02:46.956+0900] {process_utils.py:191} INFO -   Using cached requests-2.32.3-py3-none-any.whl.metadata (4.6 kB)
[2024-07-31T10:02:47.025+0900] {process_utils.py:191} INFO - Collecting pandas>=2.2.2 (from mov==0.1.0->-r /var/folders/qv/0knwm5h50ml0skpppwpbks_r0000gp/T/venvlnsm8cac/requirements.txt (line 1))
[2024-07-31T10:02:47.027+0900] {process_utils.py:191} INFO -   Using cached pandas-2.2.2-cp311-cp311-macosx_11_0_arm64.whl.metadata (19 kB)
[2024-07-31T10:02:47.131+0900] {process_utils.py:191} INFO - Collecting numpy>=2.0.1 (from mov==0.1.0->-r /var/folders/qv/0knwm5h50ml0skpppwpbks_r0000gp/T/venvlnsm8cac/requirements.txt (line 1))
[2024-07-31T10:02:47.133+0900] {process_utils.py:191} INFO -   Using cached numpy-2.0.1-cp311-cp311-macosx_14_0_arm64.whl.metadata (60 kB)
[2024-07-31T10:02:47.182+0900] {process_utils.py:191} INFO - Collecting pyarrow>=17.0.0 (from mov==0.1.0->-r /var/folders/qv/0knwm5h50ml0skpppwpbks_r0000gp/T/venvlnsm8cac/requirements.txt (line 1))
[2024-07-31T10:02:47.183+0900] {process_utils.py:191} INFO -   Using cached pyarrow-17.0.0-cp311-cp311-macosx_11_0_arm64.whl.metadata (3.3 kB)
[2024-07-31T10:02:47.204+0900] {process_utils.py:191} INFO - Collecting python-dateutil>=2.8.2 (from pandas>=2.2.2->mov==0.1.0->-r /var/folders/qv/0knwm5h50ml0skpppwpbks_r0000gp/T/venvlnsm8cac/requirements.txt (line 1))
[2024-07-31T10:02:47.205+0900] {process_utils.py:191} INFO -   Using cached python_dateutil-2.9.0.post0-py2.py3-none-any.whl.metadata (8.4 kB)
[2024-07-31T10:02:47.234+0900] {process_utils.py:191} INFO - Collecting pytz>=2020.1 (from pandas>=2.2.2->mov==0.1.0->-r /var/folders/qv/0knwm5h50ml0skpppwpbks_r0000gp/T/venvlnsm8cac/requirements.txt (line 1))
[2024-07-31T10:02:47.235+0900] {process_utils.py:191} INFO -   Using cached pytz-2024.1-py2.py3-none-any.whl.metadata (22 kB)
[2024-07-31T10:02:47.249+0900] {process_utils.py:191} INFO - Collecting tzdata>=2022.7 (from pandas>=2.2.2->mov==0.1.0->-r /var/folders/qv/0knwm5h50ml0skpppwpbks_r0000gp/T/venvlnsm8cac/requirements.txt (line 1))
[2024-07-31T10:02:47.250+0900] {process_utils.py:191} INFO -   Using cached tzdata-2024.1-py2.py3-none-any.whl.metadata (1.4 kB)
[2024-07-31T10:02:47.301+0900] {process_utils.py:191} INFO - Collecting charset-normalizer<4,>=2 (from requests>=2.32.3->mov==0.1.0->-r /var/folders/qv/0knwm5h50ml0skpppwpbks_r0000gp/T/venvlnsm8cac/requirements.txt (line 1))
[2024-07-31T10:02:47.303+0900] {process_utils.py:191} INFO -   Using cached charset_normalizer-3.3.2-cp311-cp311-macosx_11_0_arm64.whl.metadata (33 kB)
[2024-07-31T10:02:47.320+0900] {process_utils.py:191} INFO - Collecting idna<4,>=2.5 (from requests>=2.32.3->mov==0.1.0->-r /var/folders/qv/0knwm5h50ml0skpppwpbks_r0000gp/T/venvlnsm8cac/requirements.txt (line 1))
[2024-07-31T10:02:47.321+0900] {process_utils.py:191} INFO -   Using cached idna-3.7-py3-none-any.whl.metadata (9.9 kB)
[2024-07-31T10:02:47.349+0900] {process_utils.py:191} INFO - Collecting urllib3<3,>=1.21.1 (from requests>=2.32.3->mov==0.1.0->-r /var/folders/qv/0knwm5h50ml0skpppwpbks_r0000gp/T/venvlnsm8cac/requirements.txt (line 1))
[2024-07-31T10:02:47.350+0900] {process_utils.py:191} INFO -   Using cached urllib3-2.2.2-py3-none-any.whl.metadata (6.4 kB)
[2024-07-31T10:02:47.373+0900] {process_utils.py:191} INFO - Collecting certifi>=2017.4.17 (from requests>=2.32.3->mov==0.1.0->-r /var/folders/qv/0knwm5h50ml0skpppwpbks_r0000gp/T/venvlnsm8cac/requirements.txt (line 1))
[2024-07-31T10:02:47.373+0900] {process_utils.py:191} INFO -   Using cached certifi-2024.7.4-py3-none-any.whl.metadata (2.2 kB)
[2024-07-31T10:02:47.406+0900] {process_utils.py:191} INFO - Collecting six>=1.5 (from python-dateutil>=2.8.2->pandas>=2.2.2->mov==0.1.0->-r /var/folders/qv/0knwm5h50ml0skpppwpbks_r0000gp/T/venvlnsm8cac/requirements.txt (line 1))
[2024-07-31T10:02:47.407+0900] {process_utils.py:191} INFO -   Using cached six-1.16.0-py2.py3-none-any.whl.metadata (1.8 kB)
[2024-07-31T10:02:47.410+0900] {process_utils.py:191} INFO - Using cached numpy-2.0.1-cp311-cp311-macosx_14_0_arm64.whl (5.3 MB)
[2024-07-31T10:02:47.419+0900] {process_utils.py:191} INFO - Using cached pandas-2.2.2-cp311-cp311-macosx_11_0_arm64.whl (11.3 MB)
[2024-07-31T10:02:47.435+0900] {process_utils.py:191} INFO - Using cached pyarrow-17.0.0-cp311-cp311-macosx_11_0_arm64.whl (27.2 MB)
[2024-07-31T10:02:47.466+0900] {process_utils.py:191} INFO - Using cached requests-2.32.3-py3-none-any.whl (64 kB)
[2024-07-31T10:02:47.469+0900] {process_utils.py:191} INFO - Using cached certifi-2024.7.4-py3-none-any.whl (162 kB)
[2024-07-31T10:02:47.471+0900] {process_utils.py:191} INFO - Using cached charset_normalizer-3.3.2-cp311-cp311-macosx_11_0_arm64.whl (118 kB)
[2024-07-31T10:02:47.473+0900] {process_utils.py:191} INFO - Using cached idna-3.7-py3-none-any.whl (66 kB)
[2024-07-31T10:02:47.474+0900] {process_utils.py:191} INFO - Using cached python_dateutil-2.9.0.post0-py2.py3-none-any.whl (229 kB)
[2024-07-31T10:02:47.476+0900] {process_utils.py:191} INFO - Using cached pytz-2024.1-py2.py3-none-any.whl (505 kB)
[2024-07-31T10:02:47.479+0900] {process_utils.py:191} INFO - Using cached tzdata-2024.1-py2.py3-none-any.whl (345 kB)
[2024-07-31T10:02:47.482+0900] {process_utils.py:191} INFO - Using cached urllib3-2.2.2-py3-none-any.whl (121 kB)
[2024-07-31T10:02:47.484+0900] {process_utils.py:191} INFO - Using cached six-1.16.0-py2.py3-none-any.whl (11 kB)
[2024-07-31T10:02:47.526+0900] {process_utils.py:191} INFO - Building wheels for collected packages: mov
[2024-07-31T10:02:47.540+0900] {process_utils.py:191} INFO -   Building wheel for mov (pyproject.toml): started
[2024-07-31T10:02:47.676+0900] {process_utils.py:191} INFO -   Building wheel for mov (pyproject.toml): finished with status 'done'
[2024-07-31T10:02:47.677+0900] {process_utils.py:191} INFO -   Created wheel for mov: filename=mov-0.1.0-py3-none-any.whl size=3017 sha256=fd07469f7a05af75977b6dce0c58a33d3d4f847801296c0450c68cc492747e7e
[2024-07-31T10:02:47.677+0900] {process_utils.py:191} INFO -   Stored in directory: /private/var/folders/qv/0knwm5h50ml0skpppwpbks_r0000gp/T/pip-ephem-wheel-cache-35x6w2ex/wheels/cf/ab/a7/d0c528d20fa8a5f19e169bdf1d98f2b2cefe79d8527bb89200
[2024-07-31T10:02:47.678+0900] {process_utils.py:191} INFO - Successfully built mov
[2024-07-31T10:02:47.705+0900] {process_utils.py:191} INFO - Installing collected packages: pytz, urllib3, tzdata, six, numpy, idna, charset-normalizer, certifi, requests, python-dateutil, pyarrow, pandas, mov
[2024-07-31T10:02:52.233+0900] {process_utils.py:191} INFO - Successfully installed certifi-2024.7.4 charset-normalizer-3.3.2 idna-3.7 mov-0.1.0 numpy-2.0.1 pandas-2.2.2 pyarrow-17.0.0 python-dateutil-2.9.0.post0 pytz-2024.1 requests-2.32.3 six-1.16.0 tzdata-2024.1 urllib3-2.2.2
[2024-07-31T10:02:52.236+0900] {process_utils.py:191} INFO - 
[2024-07-31T10:02:52.236+0900] {process_utils.py:191} INFO - [notice] A new release of pip is available: 24.1.2 -> 24.2
[2024-07-31T10:02:52.236+0900] {process_utils.py:191} INFO - [notice] To update, run: python -m pip install --upgrade pip
[2024-07-31T10:02:52.362+0900] {process_utils.py:183} INFO - Executing cmd: /var/folders/qv/0knwm5h50ml0skpppwpbks_r0000gp/T/venvlnsm8cac/bin/python /var/folders/qv/0knwm5h50ml0skpppwpbks_r0000gp/T/venv-call1j8apy4y/script.py /var/folders/qv/0knwm5h50ml0skpppwpbks_r0000gp/T/venv-call1j8apy4y/script.in /var/folders/qv/0knwm5h50ml0skpppwpbks_r0000gp/T/venv-call1j8apy4y/script.out /var/folders/qv/0knwm5h50ml0skpppwpbks_r0000gp/T/venv-call1j8apy4y/string_args.txt /var/folders/qv/0knwm5h50ml0skpppwpbks_r0000gp/T/venv-call1j8apy4y/termination.log
[2024-07-31T10:02:52.364+0900] {process_utils.py:187} INFO - Output:
[2024-07-31T10:03:05.444+0900] {process_utils.py:191} INFO - *********************************
[2024-07-31T10:03:05.445+0900] {process_utils.py:191} INFO -    rnum  rank  rankInten rankOldAndNew  ... audiChange  audiAcc scrnCnt  showCnt
[2024-07-31T10:03:05.445+0900] {process_utils.py:191} INFO - 0     1     1          0           OLD  ...      -42.8   363426    1908     8054
[2024-07-31T10:03:05.446+0900] {process_utils.py:191} INFO - 1     2     2          0           OLD  ...      -26.8   231946     997     3750
[2024-07-31T10:03:05.446+0900] {process_utils.py:191} INFO - 2     3     3          0           OLD  ...       -4.2  2074632     884     2222
[2024-07-31T10:03:05.446+0900] {process_utils.py:191} INFO - 3     4     4          1           OLD  ...       17.7  8151939     639     1191
[2024-07-31T10:03:05.447+0900] {process_utils.py:191} INFO - 4     5     5         -1           OLD  ...      -39.1   484329     620     1246
[2024-07-31T10:03:05.447+0900] {process_utils.py:191} INFO - 5     6     6          0           OLD  ...       -0.2  1653947     550      924
[2024-07-31T10:03:05.447+0900] {process_utils.py:191} INFO - 6     7     7          0           OLD  ...      -11.4   649657     413      625
[2024-07-31T10:03:05.448+0900] {process_utils.py:191} INFO - 7     8     8          9           OLD  ...      650.8    36810      77       93
[2024-07-31T10:03:05.448+0900] {process_utils.py:191} INFO - 8     9     9          1           OLD  ...       22.7    28484      10       14
[2024-07-31T10:03:05.448+0900] {process_utils.py:191} INFO - 9    10    10         -1           OLD  ...        4.2  1760743     155      189
[2024-07-31T10:03:05.448+0900] {process_utils.py:191} INFO - 
[2024-07-31T10:03:05.449+0900] {process_utils.py:191} INFO - [10 rows x 18 columns]
[2024-07-31T10:03:05.449+0900] {process_utils.py:191} INFO - *********************************
[2024-07-31T10:03:05.449+0900] {process_utils.py:191} INFO - rnum               int64
[2024-07-31T10:03:05.450+0900] {process_utils.py:191} INFO - rank               int64
[2024-07-31T10:03:05.450+0900] {process_utils.py:191} INFO - rankInten          int64
[2024-07-31T10:03:05.450+0900] {process_utils.py:191} INFO - rankOldAndNew     object
[2024-07-31T10:03:05.450+0900] {process_utils.py:191} INFO - movieCd           object
[2024-07-31T10:03:05.451+0900] {process_utils.py:191} INFO - movieNm           object
[2024-07-31T10:03:05.451+0900] {process_utils.py:191} INFO - openDt            object
[2024-07-31T10:03:05.451+0900] {process_utils.py:191} INFO - salesAmt           int64
[2024-07-31T10:03:05.451+0900] {process_utils.py:191} INFO - salesShare       float64
[2024-07-31T10:03:05.452+0900] {process_utils.py:191} INFO - salesInten         int64
[2024-07-31T10:03:05.452+0900] {process_utils.py:191} INFO - salesChange      float64
[2024-07-31T10:03:05.452+0900] {process_utils.py:191} INFO - salesAcc          object
[2024-07-31T10:03:05.453+0900] {process_utils.py:191} INFO - audiCnt            int64
[2024-07-31T10:03:05.453+0900] {process_utils.py:191} INFO - audiInten          int64
[2024-07-31T10:03:05.453+0900] {process_utils.py:191} INFO - audiChange       float64
[2024-07-31T10:03:05.453+0900] {process_utils.py:191} INFO - audiAcc            int64
[2024-07-31T10:03:05.454+0900] {process_utils.py:191} INFO - scrnCnt            int64
[2024-07-31T10:03:05.454+0900] {process_utils.py:191} INFO - showCnt            int64
[2024-07-31T10:03:05.454+0900] {process_utils.py:191} INFO - dtype: object
[2024-07-31T10:03:05.454+0900] {process_utils.py:191} INFO - 개봉일 기준 그룹핑 누적 관객수 합
[2024-07-31T10:03:05.455+0900] {process_utils.py:191} INFO -        openDt  audiCnt
[2024-07-31T10:03:05.455+0900] {process_utils.py:191} INFO - 0  2024-06-12    20542
[2024-07-31T10:03:05.455+0900] {process_utils.py:191} INFO - 1  2024-06-21     2037
[2024-07-31T10:03:05.455+0900] {process_utils.py:191} INFO - 2  2024-06-26    10198
[2024-07-31T10:03:05.456+0900] {process_utils.py:191} INFO - 3  2024-07-03    34225
[2024-07-31T10:03:05.456+0900] {process_utils.py:191} INFO - 4  2024-07-11     3251
[2024-07-31T10:03:05.456+0900] {process_utils.py:191} INFO - 5  2024-07-12     5965
[2024-07-31T10:03:05.456+0900] {process_utils.py:191} INFO - 6  2024-07-17    19378
[2024-07-31T10:03:05.456+0900] {process_utils.py:191} INFO - 7  2024-07-24   185320
[2024-07-31T10:03:05.457+0900] {process_utils.py:191} INFO - 8  2024-07-31     2274
[2024-07-31T10:03:05.893+0900] {python.py:237} INFO - Done. Returned value was: None
[2024-07-31T10:03:05.894+0900] {taskinstance.py:441} INFO - ::group::Post task execution logs
[2024-07-31T10:03:05.898+0900] {taskinstance.py:1206} INFO - Marking task as SUCCESS. dag_id=movie, task_id=save.data, run_id=scheduled__2024-07-25T02:10:00+00:00, execution_date=20240725T021000, start_date=20240731T010242, end_date=20240731T010305
[2024-07-31T10:03:05.936+0900] {local_task_job_runner.py:243} INFO - Task exited with return code 0
[2024-07-31T10:03:05.943+0900] {taskinstance.py:3503} INFO - 0 downstream tasks scheduled from follow-on schedule check
[2024-07-31T10:03:05.943+0900] {local_task_job_runner.py:222} INFO - ::endgroup::
[2024-07-31T16:49:08.223+0900] {local_task_job_runner.py:120} INFO - ::group::Pre task execution logs
[2024-07-31T16:49:08.233+0900] {taskinstance.py:2076} INFO - Dependencies all met for dep_context=non-requeueable deps ti=<TaskInstance: movie.save.data scheduled__2024-07-25T02:10:00+00:00 [queued]>
[2024-07-31T16:49:08.237+0900] {taskinstance.py:2076} INFO - Dependencies all met for dep_context=requeueable deps ti=<TaskInstance: movie.save.data scheduled__2024-07-25T02:10:00+00:00 [queued]>
[2024-07-31T16:49:08.237+0900] {taskinstance.py:2306} INFO - Starting attempt 1 of 2
[2024-07-31T16:49:08.243+0900] {taskinstance.py:2330} INFO - Executing <Task(PythonVirtualenvOperator): save.data> on 2024-07-25 02:10:00+00:00
[2024-07-31T16:49:08.245+0900] {standard_task_runner.py:64} INFO - Started process 20365 to run task
[2024-07-31T16:49:08.248+0900] {standard_task_runner.py:90} INFO - Running: ['airflow', 'tasks', 'run', 'movie', 'save.data', 'scheduled__2024-07-25T02:10:00+00:00', '--job-id', '854', '--raw', '--subdir', 'DAGS_FOLDER/movie.py', '--cfg-path', '/var/folders/qv/0knwm5h50ml0skpppwpbks_r0000gp/T/tmps40rz6wh']
[2024-07-31T16:49:08.249+0900] {standard_task_runner.py:91} INFO - Job 854: Subtask save.data
[2024-07-31T16:49:08.264+0900] {task_command.py:426} INFO - Running <TaskInstance: movie.save.data scheduled__2024-07-25T02:10:00+00:00 [running]> on host jeongui-MacBookPro.local
[2024-07-31T16:49:08.285+0900] {taskinstance.py:2648} INFO - Exporting env vars: AIRFLOW_CTX_DAG_OWNER='airflow' AIRFLOW_CTX_DAG_ID='movie' AIRFLOW_CTX_TASK_ID='save.data' AIRFLOW_CTX_EXECUTION_DATE='2024-07-25T02:10:00+00:00' AIRFLOW_CTX_TRY_NUMBER='1' AIRFLOW_CTX_DAG_RUN_ID='scheduled__2024-07-25T02:10:00+00:00'
[2024-07-31T16:49:08.285+0900] {taskinstance.py:430} INFO - ::endgroup::
[2024-07-31T16:49:08.291+0900] {baseoperator.py:400} WARNING - PythonVirtualenvOperator.execute cannot be called outside TaskInstance!
[2024-07-31T16:49:08.291+0900] {process_utils.py:183} INFO - Executing cmd: /Users/DE32/.pyenv/versions/3.11.9/envs/note/bin/python -m virtualenv /var/folders/qv/0knwm5h50ml0skpppwpbks_r0000gp/T/venvekd0_9zg --python=python
[2024-07-31T16:49:08.293+0900] {process_utils.py:187} INFO - Output:
[2024-07-31T16:49:08.539+0900] {process_utils.py:191} INFO - created virtual environment CPython3.11.9.final.0-64 in 175ms
[2024-07-31T16:49:08.539+0900] {process_utils.py:191} INFO -   creator CPython3Posix(dest=/private/var/folders/qv/0knwm5h50ml0skpppwpbks_r0000gp/T/venvekd0_9zg, clear=False, no_vcs_ignore=False, global=False)
[2024-07-31T16:49:08.540+0900] {process_utils.py:191} INFO -   seeder FromAppData(download=False, pip=bundle, setuptools=bundle, wheel=bundle, via=copy, app_data_dir=/Users/DE32/Library/Application Support/virtualenv)
[2024-07-31T16:49:08.540+0900] {process_utils.py:191} INFO -     added seed packages: pip==24.1.2, setuptools==70.2.0, wheel==0.43.0
[2024-07-31T16:49:08.540+0900] {process_utils.py:191} INFO -   activators BashActivator,CShellActivator,FishActivator,NushellActivator,PowerShellActivator,PythonActivator
[2024-07-31T16:49:08.551+0900] {process_utils.py:183} INFO - Executing cmd: /var/folders/qv/0knwm5h50ml0skpppwpbks_r0000gp/T/venvekd0_9zg/bin/pip install -r /var/folders/qv/0knwm5h50ml0skpppwpbks_r0000gp/T/venvekd0_9zg/requirements.txt
[2024-07-31T16:49:08.552+0900] {process_utils.py:187} INFO - Output:
[2024-07-31T16:49:09.280+0900] {process_utils.py:191} INFO - Collecting git+https://github.com/Jeonghoon2/movie.git@0.2/api (from -r /var/folders/qv/0knwm5h50ml0skpppwpbks_r0000gp/T/venvekd0_9zg/requirements.txt (line 1))
[2024-07-31T16:49:09.281+0900] {process_utils.py:191} INFO -   Cloning https://github.com/Jeonghoon2/movie.git (to revision 0.2/api) to /private/var/folders/qv/0knwm5h50ml0skpppwpbks_r0000gp/T/pip-req-build-zvm8y6tn
[2024-07-31T16:49:09.292+0900] {process_utils.py:191} INFO -   Running command git clone --filter=blob:none --quiet https://github.com/Jeonghoon2/movie.git /private/var/folders/qv/0knwm5h50ml0skpppwpbks_r0000gp/T/pip-req-build-zvm8y6tn
[2024-07-31T16:49:11.029+0900] {process_utils.py:191} INFO -   Running command git checkout -b 0.2/api --track origin/0.2/api
[2024-07-31T16:49:11.819+0900] {process_utils.py:191} INFO -   Switched to a new branch '0.2/api'
[2024-07-31T16:49:11.820+0900] {process_utils.py:191} INFO -   branch '0.2/api' set up to track 'origin/0.2/api'.
[2024-07-31T16:49:11.820+0900] {process_utils.py:191} INFO -   Resolved https://github.com/Jeonghoon2/movie.git to commit 34de3b5e993ea074744539373447116355ac95da
[2024-07-31T16:49:11.842+0900] {process_utils.py:191} INFO -   Installing build dependencies: started
[2024-07-31T16:49:12.745+0900] {process_utils.py:191} INFO -   Installing build dependencies: finished with status 'done'
[2024-07-31T16:49:12.746+0900] {process_utils.py:191} INFO -   Getting requirements to build wheel: started
[2024-07-31T16:49:12.867+0900] {process_utils.py:191} INFO -   Getting requirements to build wheel: finished with status 'done'
[2024-07-31T16:49:12.868+0900] {process_utils.py:191} INFO -   Preparing metadata (pyproject.toml): started
[2024-07-31T16:49:12.993+0900] {process_utils.py:191} INFO -   Preparing metadata (pyproject.toml): finished with status 'done'
[2024-07-31T16:49:13.066+0900] {process_utils.py:191} INFO - Collecting requests>=2.32.3 (from mov==0.1.0->-r /var/folders/qv/0knwm5h50ml0skpppwpbks_r0000gp/T/venvekd0_9zg/requirements.txt (line 1))
[2024-07-31T16:49:13.067+0900] {process_utils.py:191} INFO -   Using cached requests-2.32.3-py3-none-any.whl.metadata (4.6 kB)
[2024-07-31T16:49:13.132+0900] {process_utils.py:191} INFO - Collecting pandas>=2.2.2 (from mov==0.1.0->-r /var/folders/qv/0knwm5h50ml0skpppwpbks_r0000gp/T/venvekd0_9zg/requirements.txt (line 1))
[2024-07-31T16:49:13.133+0900] {process_utils.py:191} INFO -   Using cached pandas-2.2.2-cp311-cp311-macosx_11_0_arm64.whl.metadata (19 kB)
[2024-07-31T16:49:13.238+0900] {process_utils.py:191} INFO - Collecting numpy>=2.0.1 (from mov==0.1.0->-r /var/folders/qv/0knwm5h50ml0skpppwpbks_r0000gp/T/venvekd0_9zg/requirements.txt (line 1))
[2024-07-31T16:49:13.239+0900] {process_utils.py:191} INFO -   Using cached numpy-2.0.1-cp311-cp311-macosx_14_0_arm64.whl.metadata (60 kB)
[2024-07-31T16:49:13.300+0900] {process_utils.py:191} INFO - Collecting pyarrow>=17.0.0 (from mov==0.1.0->-r /var/folders/qv/0knwm5h50ml0skpppwpbks_r0000gp/T/venvekd0_9zg/requirements.txt (line 1))
[2024-07-31T16:49:13.301+0900] {process_utils.py:191} INFO -   Using cached pyarrow-17.0.0-cp311-cp311-macosx_11_0_arm64.whl.metadata (3.3 kB)
[2024-07-31T16:49:13.326+0900] {process_utils.py:191} INFO - Collecting python-dateutil>=2.8.2 (from pandas>=2.2.2->mov==0.1.0->-r /var/folders/qv/0knwm5h50ml0skpppwpbks_r0000gp/T/venvekd0_9zg/requirements.txt (line 1))
[2024-07-31T16:49:13.327+0900] {process_utils.py:191} INFO -   Using cached python_dateutil-2.9.0.post0-py2.py3-none-any.whl.metadata (8.4 kB)
[2024-07-31T16:49:13.359+0900] {process_utils.py:191} INFO - Collecting pytz>=2020.1 (from pandas>=2.2.2->mov==0.1.0->-r /var/folders/qv/0knwm5h50ml0skpppwpbks_r0000gp/T/venvekd0_9zg/requirements.txt (line 1))
[2024-07-31T16:49:13.359+0900] {process_utils.py:191} INFO -   Using cached pytz-2024.1-py2.py3-none-any.whl.metadata (22 kB)
[2024-07-31T16:49:13.375+0900] {process_utils.py:191} INFO - Collecting tzdata>=2022.7 (from pandas>=2.2.2->mov==0.1.0->-r /var/folders/qv/0knwm5h50ml0skpppwpbks_r0000gp/T/venvekd0_9zg/requirements.txt (line 1))
[2024-07-31T16:49:13.376+0900] {process_utils.py:191} INFO -   Using cached tzdata-2024.1-py2.py3-none-any.whl.metadata (1.4 kB)
[2024-07-31T16:49:13.421+0900] {process_utils.py:191} INFO - Collecting charset-normalizer<4,>=2 (from requests>=2.32.3->mov==0.1.0->-r /var/folders/qv/0knwm5h50ml0skpppwpbks_r0000gp/T/venvekd0_9zg/requirements.txt (line 1))
[2024-07-31T16:49:13.422+0900] {process_utils.py:191} INFO -   Using cached charset_normalizer-3.3.2-cp311-cp311-macosx_11_0_arm64.whl.metadata (33 kB)
[2024-07-31T16:49:13.436+0900] {process_utils.py:191} INFO - Collecting idna<4,>=2.5 (from requests>=2.32.3->mov==0.1.0->-r /var/folders/qv/0knwm5h50ml0skpppwpbks_r0000gp/T/venvekd0_9zg/requirements.txt (line 1))
[2024-07-31T16:49:13.437+0900] {process_utils.py:191} INFO -   Using cached idna-3.7-py3-none-any.whl.metadata (9.9 kB)
[2024-07-31T16:49:13.469+0900] {process_utils.py:191} INFO - Collecting urllib3<3,>=1.21.1 (from requests>=2.32.3->mov==0.1.0->-r /var/folders/qv/0knwm5h50ml0skpppwpbks_r0000gp/T/venvekd0_9zg/requirements.txt (line 1))
[2024-07-31T16:49:13.470+0900] {process_utils.py:191} INFO -   Using cached urllib3-2.2.2-py3-none-any.whl.metadata (6.4 kB)
[2024-07-31T16:49:13.489+0900] {process_utils.py:191} INFO - Collecting certifi>=2017.4.17 (from requests>=2.32.3->mov==0.1.0->-r /var/folders/qv/0knwm5h50ml0skpppwpbks_r0000gp/T/venvekd0_9zg/requirements.txt (line 1))
[2024-07-31T16:49:13.489+0900] {process_utils.py:191} INFO -   Using cached certifi-2024.7.4-py3-none-any.whl.metadata (2.2 kB)
[2024-07-31T16:49:13.521+0900] {process_utils.py:191} INFO - Collecting six>=1.5 (from python-dateutil>=2.8.2->pandas>=2.2.2->mov==0.1.0->-r /var/folders/qv/0knwm5h50ml0skpppwpbks_r0000gp/T/venvekd0_9zg/requirements.txt (line 1))
[2024-07-31T16:49:13.522+0900] {process_utils.py:191} INFO -   Using cached six-1.16.0-py2.py3-none-any.whl.metadata (1.8 kB)
[2024-07-31T16:49:13.525+0900] {process_utils.py:191} INFO - Using cached numpy-2.0.1-cp311-cp311-macosx_14_0_arm64.whl (5.3 MB)
[2024-07-31T16:49:13.531+0900] {process_utils.py:191} INFO - Using cached pandas-2.2.2-cp311-cp311-macosx_11_0_arm64.whl (11.3 MB)
[2024-07-31T16:49:13.543+0900] {process_utils.py:191} INFO - Using cached pyarrow-17.0.0-cp311-cp311-macosx_11_0_arm64.whl (27.2 MB)
[2024-07-31T16:49:13.569+0900] {process_utils.py:191} INFO - Using cached requests-2.32.3-py3-none-any.whl (64 kB)
[2024-07-31T16:49:13.570+0900] {process_utils.py:191} INFO - Using cached certifi-2024.7.4-py3-none-any.whl (162 kB)
[2024-07-31T16:49:13.571+0900] {process_utils.py:191} INFO - Using cached charset_normalizer-3.3.2-cp311-cp311-macosx_11_0_arm64.whl (118 kB)
[2024-07-31T16:49:13.572+0900] {process_utils.py:191} INFO - Using cached idna-3.7-py3-none-any.whl (66 kB)
[2024-07-31T16:49:13.573+0900] {process_utils.py:191} INFO - Using cached python_dateutil-2.9.0.post0-py2.py3-none-any.whl (229 kB)
[2024-07-31T16:49:13.574+0900] {process_utils.py:191} INFO - Using cached pytz-2024.1-py2.py3-none-any.whl (505 kB)
[2024-07-31T16:49:13.575+0900] {process_utils.py:191} INFO - Using cached tzdata-2024.1-py2.py3-none-any.whl (345 kB)
[2024-07-31T16:49:13.576+0900] {process_utils.py:191} INFO - Using cached urllib3-2.2.2-py3-none-any.whl (121 kB)
[2024-07-31T16:49:13.577+0900] {process_utils.py:191} INFO - Using cached six-1.16.0-py2.py3-none-any.whl (11 kB)
[2024-07-31T16:49:13.618+0900] {process_utils.py:191} INFO - Building wheels for collected packages: mov
[2024-07-31T16:49:13.631+0900] {process_utils.py:191} INFO -   Building wheel for mov (pyproject.toml): started
[2024-07-31T16:49:13.764+0900] {process_utils.py:191} INFO -   Building wheel for mov (pyproject.toml): finished with status 'done'
[2024-07-31T16:49:13.765+0900] {process_utils.py:191} INFO -   Created wheel for mov: filename=mov-0.1.0-py3-none-any.whl size=3035 sha256=a41f5daa40f9ec187478a03e157dc77d26f5fcd0e8f095ae424b88e27a6132de
[2024-07-31T16:49:13.765+0900] {process_utils.py:191} INFO -   Stored in directory: /private/var/folders/qv/0knwm5h50ml0skpppwpbks_r0000gp/T/pip-ephem-wheel-cache-49bwwpak/wheels/cf/ab/a7/d0c528d20fa8a5f19e169bdf1d98f2b2cefe79d8527bb89200
[2024-07-31T16:49:13.767+0900] {process_utils.py:191} INFO - Successfully built mov
[2024-07-31T16:49:13.794+0900] {process_utils.py:191} INFO - Installing collected packages: pytz, urllib3, tzdata, six, numpy, idna, charset-normalizer, certifi, requests, python-dateutil, pyarrow, pandas, mov
[2024-07-31T16:49:18.238+0900] {process_utils.py:191} INFO - Successfully installed certifi-2024.7.4 charset-normalizer-3.3.2 idna-3.7 mov-0.1.0 numpy-2.0.1 pandas-2.2.2 pyarrow-17.0.0 python-dateutil-2.9.0.post0 pytz-2024.1 requests-2.32.3 six-1.16.0 tzdata-2024.1 urllib3-2.2.2
[2024-07-31T16:49:18.241+0900] {process_utils.py:191} INFO - 
[2024-07-31T16:49:18.241+0900] {process_utils.py:191} INFO - [notice] A new release of pip is available: 24.1.2 -> 24.2
[2024-07-31T16:49:18.241+0900] {process_utils.py:191} INFO - [notice] To update, run: python -m pip install --upgrade pip
[2024-07-31T16:49:18.373+0900] {process_utils.py:183} INFO - Executing cmd: /var/folders/qv/0knwm5h50ml0skpppwpbks_r0000gp/T/venvekd0_9zg/bin/python /var/folders/qv/0knwm5h50ml0skpppwpbks_r0000gp/T/venv-call8a8xy5pu/script.py /var/folders/qv/0knwm5h50ml0skpppwpbks_r0000gp/T/venv-call8a8xy5pu/script.in /var/folders/qv/0knwm5h50ml0skpppwpbks_r0000gp/T/venv-call8a8xy5pu/script.out /var/folders/qv/0knwm5h50ml0skpppwpbks_r0000gp/T/venv-call8a8xy5pu/string_args.txt /var/folders/qv/0knwm5h50ml0skpppwpbks_r0000gp/T/venv-call8a8xy5pu/termination.log
[2024-07-31T16:49:18.375+0900] {process_utils.py:187} INFO - Output:
[2024-07-31T16:49:32.433+0900] {process_utils.py:191} INFO - *********************************
[2024-07-31T16:49:32.433+0900] {process_utils.py:191} INFO -    rnum  rank  rankInten rankOldAndNew  ... audiChange  audiAcc scrnCnt  showCnt
[2024-07-31T16:49:32.434+0900] {process_utils.py:191} INFO - 0     1     1          0           OLD  ...      -42.8   363426    1908     8054
[2024-07-31T16:49:32.434+0900] {process_utils.py:191} INFO - 1     2     2          0           OLD  ...      -26.8   231946     997     3750
[2024-07-31T16:49:32.434+0900] {process_utils.py:191} INFO - 2     3     3          0           OLD  ...       -4.2  2074632     884     2222
[2024-07-31T16:49:32.435+0900] {process_utils.py:191} INFO - 3     4     4          1           OLD  ...       17.7  8151936     639     1191
[2024-07-31T16:49:32.435+0900] {process_utils.py:191} INFO - 4     5     5         -1           OLD  ...      -39.1   484329     620     1246
[2024-07-31T16:49:32.435+0900] {process_utils.py:191} INFO - 5     6     6          0           OLD  ...       -0.2  1654034     550      924
[2024-07-31T16:49:32.436+0900] {process_utils.py:191} INFO - 6     7     7          0           OLD  ...      -11.4   649657     413      625
[2024-07-31T16:49:32.436+0900] {process_utils.py:191} INFO - 7     8     8          9           OLD  ...      650.8    36810      77       93
[2024-07-31T16:49:32.436+0900] {process_utils.py:191} INFO - 8     9     9          1           OLD  ...       22.7    28484      10       14
[2024-07-31T16:49:32.437+0900] {process_utils.py:191} INFO - 9    10    10         -1           OLD  ...        4.2  1760743     155      189
[2024-07-31T16:49:32.437+0900] {process_utils.py:191} INFO - 
[2024-07-31T16:49:32.437+0900] {process_utils.py:191} INFO - [10 rows x 18 columns]
[2024-07-31T16:49:32.437+0900] {process_utils.py:191} INFO - *********************************
[2024-07-31T16:49:32.438+0900] {process_utils.py:191} INFO - rnum               int64
[2024-07-31T16:49:32.438+0900] {process_utils.py:191} INFO - rank               int64
[2024-07-31T16:49:32.438+0900] {process_utils.py:191} INFO - rankInten          int64
[2024-07-31T16:49:32.439+0900] {process_utils.py:191} INFO - rankOldAndNew     object
[2024-07-31T16:49:32.439+0900] {process_utils.py:191} INFO - movieCd           object
[2024-07-31T16:49:32.439+0900] {process_utils.py:191} INFO - movieNm           object
[2024-07-31T16:49:32.439+0900] {process_utils.py:191} INFO - openDt            object
[2024-07-31T16:49:32.440+0900] {process_utils.py:191} INFO - salesAmt           int64
[2024-07-31T16:49:32.440+0900] {process_utils.py:191} INFO - salesShare       float64
[2024-07-31T16:49:32.440+0900] {process_utils.py:191} INFO - salesInten         int64
[2024-07-31T16:49:32.440+0900] {process_utils.py:191} INFO - salesChange      float64
[2024-07-31T16:49:32.441+0900] {process_utils.py:191} INFO - salesAcc          object
[2024-07-31T16:49:32.441+0900] {process_utils.py:191} INFO - audiCnt            int64
[2024-07-31T16:49:32.441+0900] {process_utils.py:191} INFO - audiInten          int64
[2024-07-31T16:49:32.441+0900] {process_utils.py:191} INFO - audiChange       float64
[2024-07-31T16:49:32.442+0900] {process_utils.py:191} INFO - audiAcc            int64
[2024-07-31T16:49:32.442+0900] {process_utils.py:191} INFO - scrnCnt            int64
[2024-07-31T16:49:32.442+0900] {process_utils.py:191} INFO - showCnt            int64
[2024-07-31T16:49:32.442+0900] {process_utils.py:191} INFO - dtype: object
[2024-07-31T16:49:32.443+0900] {process_utils.py:191} INFO - 개봉일 기준 그룹핑 누적 관객수 합
[2024-07-31T16:49:32.443+0900] {process_utils.py:191} INFO -        openDt  audiCnt
[2024-07-31T16:49:32.443+0900] {process_utils.py:191} INFO - 0  2024-06-12    20542
[2024-07-31T16:49:32.443+0900] {process_utils.py:191} INFO - 1  2024-06-21     2037
[2024-07-31T16:49:32.444+0900] {process_utils.py:191} INFO - 2  2024-06-26    10198
[2024-07-31T16:49:32.444+0900] {process_utils.py:191} INFO - 3  2024-07-03    34225
[2024-07-31T16:49:32.444+0900] {process_utils.py:191} INFO - 4  2024-07-11     3251
[2024-07-31T16:49:32.444+0900] {process_utils.py:191} INFO - 5  2024-07-12     5965
[2024-07-31T16:49:32.444+0900] {process_utils.py:191} INFO - 6  2024-07-17    19378
[2024-07-31T16:49:32.445+0900] {process_utils.py:191} INFO - 7  2024-07-24   185320
[2024-07-31T16:49:32.445+0900] {process_utils.py:191} INFO - 8  2024-07-31     2274
[2024-07-31T16:49:32.891+0900] {python.py:237} INFO - Done. Returned value was: None
[2024-07-31T16:49:32.891+0900] {taskinstance.py:441} INFO - ::group::Post task execution logs
[2024-07-31T16:49:32.895+0900] {taskinstance.py:1206} INFO - Marking task as SUCCESS. dag_id=movie, task_id=save.data, run_id=scheduled__2024-07-25T02:10:00+00:00, execution_date=20240725T021000, start_date=20240731T074908, end_date=20240731T074932
[2024-07-31T16:49:32.906+0900] {local_task_job_runner.py:243} INFO - Task exited with return code 0
[2024-07-31T16:49:32.911+0900] {taskinstance.py:3503} INFO - 0 downstream tasks scheduled from follow-on schedule check
[2024-07-31T16:49:32.911+0900] {local_task_job_runner.py:222} INFO - ::endgroup::
