[2024-07-31T11:31:19.688+0900] {local_task_job_runner.py:120} INFO - ::group::Pre task execution logs
[2024-07-31T11:31:19.700+0900] {taskinstance.py:2076} INFO - Dependencies all met for dep_context=non-requeueable deps ti=<TaskInstance: movie.rm.dir scheduled__2024-07-30T02:10:00+00:00 [queued]>
[2024-07-31T11:31:19.704+0900] {taskinstance.py:2076} INFO - Dependencies all met for dep_context=requeueable deps ti=<TaskInstance: movie.rm.dir scheduled__2024-07-30T02:10:00+00:00 [queued]>
[2024-07-31T11:31:19.705+0900] {taskinstance.py:2306} INFO - Starting attempt 2 of 3
[2024-07-31T11:31:19.710+0900] {taskinstance.py:2330} INFO - Executing <Task(BashOperator): rm.dir> on 2024-07-30 02:10:00+00:00
[2024-07-31T11:31:19.713+0900] {standard_task_runner.py:64} INFO - Started process 11567 to run task
[2024-07-31T11:31:19.716+0900] {standard_task_runner.py:90} INFO - Running: ['airflow', 'tasks', 'run', 'movie', 'rm.dir', 'scheduled__2024-07-30T02:10:00+00:00', '--job-id', '768', '--raw', '--subdir', 'DAGS_FOLDER/movie.py', '--cfg-path', '/var/folders/qv/0knwm5h50ml0skpppwpbks_r0000gp/T/tmps6x3vhjo']
[2024-07-31T11:31:19.717+0900] {standard_task_runner.py:91} INFO - Job 768: Subtask rm.dir
[2024-07-31T11:31:19.733+0900] {task_command.py:426} INFO - Running <TaskInstance: movie.rm.dir scheduled__2024-07-30T02:10:00+00:00 [running]> on host jeongui-MacBookPro.local
[2024-07-31T11:31:19.755+0900] {taskinstance.py:2648} INFO - Exporting env vars: AIRFLOW_CTX_DAG_OWNER='airflow' AIRFLOW_CTX_DAG_ID='movie' AIRFLOW_CTX_TASK_ID='rm.dir' AIRFLOW_CTX_EXECUTION_DATE='2024-07-30T02:10:00+00:00' AIRFLOW_CTX_TRY_NUMBER='2' AIRFLOW_CTX_DAG_RUN_ID='scheduled__2024-07-30T02:10:00+00:00'
[2024-07-31T11:31:19.756+0900] {taskinstance.py:430} INFO - ::endgroup::
[2024-07-31T11:31:19.761+0900] {subprocess.py:63} INFO - Tmp dir root location: /var/folders/qv/0knwm5h50ml0skpppwpbks_r0000gp/T
[2024-07-31T11:31:19.762+0900] {subprocess.py:75} INFO - Running command: ['/bin/bash', '-c', 'rm -rf ~/tmp/test_parquet/load_dt=20240730']
[2024-07-31T11:31:19.764+0900] {subprocess.py:86} INFO - Output:
[2024-07-31T11:31:19.768+0900] {subprocess.py:97} INFO - Command exited with return code 0
[2024-07-31T11:31:19.768+0900] {taskinstance.py:441} INFO - ::group::Post task execution logs
[2024-07-31T11:31:19.774+0900] {taskinstance.py:1206} INFO - Marking task as SUCCESS. dag_id=movie, task_id=rm.dir, run_id=scheduled__2024-07-30T02:10:00+00:00, execution_date=20240730T021000, start_date=20240731T023119, end_date=20240731T023119
[2024-07-31T11:31:19.823+0900] {local_task_job_runner.py:243} INFO - Task exited with return code 0
[2024-07-31T11:31:19.834+0900] {taskinstance.py:3503} INFO - 0 downstream tasks scheduled from follow-on schedule check
[2024-07-31T11:31:19.834+0900] {local_task_job_runner.py:222} INFO - ::endgroup::
