[2024-07-31T11:20:14.828+0900] {local_task_job_runner.py:120} INFO - ::group::Pre task execution logs
[2024-07-31T11:20:14.842+0900] {taskinstance.py:2076} INFO - Dependencies all met for dep_context=non-requeueable deps ti=<TaskInstance: movie.rm.dir scheduled__2024-07-30T02:10:00+00:00 [queued]>
[2024-07-31T11:20:14.846+0900] {taskinstance.py:2076} INFO - Dependencies all met for dep_context=requeueable deps ti=<TaskInstance: movie.rm.dir scheduled__2024-07-30T02:10:00+00:00 [queued]>
[2024-07-31T11:20:14.846+0900] {taskinstance.py:2306} INFO - Starting attempt 1 of 2
[2024-07-31T11:20:14.852+0900] {taskinstance.py:2330} INFO - Executing <Task(BashOperator): rm.dir> on 2024-07-30 02:10:00+00:00
[2024-07-31T11:20:14.854+0900] {standard_task_runner.py:64} INFO - Started process 10665 to run task
[2024-07-31T11:20:14.857+0900] {standard_task_runner.py:90} INFO - Running: ['airflow', 'tasks', 'run', 'movie', 'rm.dir', 'scheduled__2024-07-30T02:10:00+00:00', '--job-id', '726', '--raw', '--subdir', 'DAGS_FOLDER/movie.py', '--cfg-path', '/var/folders/qv/0knwm5h50ml0skpppwpbks_r0000gp/T/tmpg6j6um7o']
[2024-07-31T11:20:14.858+0900] {standard_task_runner.py:91} INFO - Job 726: Subtask rm.dir
[2024-07-31T11:20:14.874+0900] {task_command.py:426} INFO - Running <TaskInstance: movie.rm.dir scheduled__2024-07-30T02:10:00+00:00 [running]> on host jeongui-MacBookPro.local
[2024-07-31T11:20:14.897+0900] {taskinstance.py:2648} INFO - Exporting env vars: AIRFLOW_CTX_DAG_OWNER='airflow' AIRFLOW_CTX_DAG_ID='movie' AIRFLOW_CTX_TASK_ID='rm.dir' AIRFLOW_CTX_EXECUTION_DATE='2024-07-30T02:10:00+00:00' AIRFLOW_CTX_TRY_NUMBER='1' AIRFLOW_CTX_DAG_RUN_ID='scheduled__2024-07-30T02:10:00+00:00'
[2024-07-31T11:20:14.898+0900] {taskinstance.py:430} INFO - ::endgroup::
[2024-07-31T11:20:14.904+0900] {subprocess.py:63} INFO - Tmp dir root location: /var/folders/qv/0knwm5h50ml0skpppwpbks_r0000gp/T
[2024-07-31T11:20:14.904+0900] {subprocess.py:75} INFO - Running command: ['/bin/bash', '-c', 'rm -rf ~/tmp/test_parquet/load_dt=20240730']
[2024-07-31T11:20:14.907+0900] {subprocess.py:86} INFO - Output:
[2024-07-31T11:20:14.912+0900] {subprocess.py:97} INFO - Command exited with return code 0
[2024-07-31T11:20:14.912+0900] {taskinstance.py:441} INFO - ::group::Post task execution logs
[2024-07-31T11:20:14.919+0900] {taskinstance.py:1206} INFO - Marking task as SUCCESS. dag_id=movie, task_id=rm.dir, run_id=scheduled__2024-07-30T02:10:00+00:00, execution_date=20240730T021000, start_date=20240731T022014, end_date=20240731T022014
[2024-07-31T11:20:14.964+0900] {local_task_job_runner.py:243} INFO - Task exited with return code 0
[2024-07-31T11:20:14.974+0900] {taskinstance.py:3503} INFO - 0 downstream tasks scheduled from follow-on schedule check
[2024-07-31T11:20:14.975+0900] {local_task_job_runner.py:222} INFO - ::endgroup::
[2024-07-31T17:00:12.589+0900] {local_task_job_runner.py:120} INFO - ::group::Pre task execution logs
[2024-07-31T17:00:12.602+0900] {taskinstance.py:2076} INFO - Dependencies all met for dep_context=non-requeueable deps ti=<TaskInstance: movie.rm.dir scheduled__2024-07-30T02:10:00+00:00 [queued]>
[2024-07-31T17:00:12.606+0900] {taskinstance.py:2076} INFO - Dependencies all met for dep_context=requeueable deps ti=<TaskInstance: movie.rm.dir scheduled__2024-07-30T02:10:00+00:00 [queued]>
[2024-07-31T17:00:12.606+0900] {taskinstance.py:2306} INFO - Starting attempt 1 of 2
[2024-07-31T17:00:12.611+0900] {taskinstance.py:2330} INFO - Executing <Task(BashOperator): rm.dir> on 2024-07-30 02:10:00+00:00
[2024-07-31T17:00:12.614+0900] {standard_task_runner.py:64} INFO - Started process 21014 to run task
[2024-07-31T17:00:12.616+0900] {standard_task_runner.py:90} INFO - Running: ['airflow', 'tasks', 'run', 'movie', 'rm.dir', 'scheduled__2024-07-30T02:10:00+00:00', '--job-id', '886', '--raw', '--subdir', 'DAGS_FOLDER/movie.py', '--cfg-path', '/var/folders/qv/0knwm5h50ml0skpppwpbks_r0000gp/T/tmpd8j9qteb']
[2024-07-31T17:00:12.618+0900] {standard_task_runner.py:91} INFO - Job 886: Subtask rm.dir
[2024-07-31T17:00:12.632+0900] {task_command.py:426} INFO - Running <TaskInstance: movie.rm.dir scheduled__2024-07-30T02:10:00+00:00 [running]> on host jeongui-MacBookPro.local
[2024-07-31T17:00:12.652+0900] {taskinstance.py:2648} INFO - Exporting env vars: AIRFLOW_CTX_DAG_OWNER='airflow' AIRFLOW_CTX_DAG_ID='movie' AIRFLOW_CTX_TASK_ID='rm.dir' AIRFLOW_CTX_EXECUTION_DATE='2024-07-30T02:10:00+00:00' AIRFLOW_CTX_TRY_NUMBER='1' AIRFLOW_CTX_DAG_RUN_ID='scheduled__2024-07-30T02:10:00+00:00'
[2024-07-31T17:00:12.652+0900] {taskinstance.py:430} INFO - ::endgroup::
[2024-07-31T17:00:12.658+0900] {subprocess.py:63} INFO - Tmp dir root location: /var/folders/qv/0knwm5h50ml0skpppwpbks_r0000gp/T
[2024-07-31T17:00:12.658+0900] {subprocess.py:75} INFO - Running command: ['/bin/bash', '-c', 'rm -rf ~/tmp/test_parquet/load_dt=20240730']
[2024-07-31T17:00:12.661+0900] {subprocess.py:86} INFO - Output:
[2024-07-31T17:00:12.665+0900] {subprocess.py:97} INFO - Command exited with return code 0
[2024-07-31T17:00:12.666+0900] {taskinstance.py:441} INFO - ::group::Post task execution logs
[2024-07-31T17:00:12.672+0900] {taskinstance.py:1206} INFO - Marking task as SUCCESS. dag_id=movie, task_id=rm.dir, run_id=scheduled__2024-07-30T02:10:00+00:00, execution_date=20240730T021000, start_date=20240731T080012, end_date=20240731T080012
[2024-07-31T17:00:12.690+0900] {local_task_job_runner.py:243} INFO - Task exited with return code 0
[2024-07-31T17:00:12.698+0900] {taskinstance.py:3503} INFO - 0 downstream tasks scheduled from follow-on schedule check
[2024-07-31T17:00:12.699+0900] {local_task_job_runner.py:222} INFO - ::endgroup::
