[2024-07-24T15:30:18.983+0900] {local_task_job_runner.py:120} INFO - ::group::Pre task execution logs
[2024-07-24T15:30:18.991+0900] {taskinstance.py:2076} INFO - Dependencies all met for dep_context=non-requeueable deps ti=<TaskInstance: import_db.to_base scheduled__2024-07-12T00:00:00+00:00 [queued]>
[2024-07-24T15:30:18.993+0900] {taskinstance.py:2076} INFO - Dependencies all met for dep_context=requeueable deps ti=<TaskInstance: import_db.to_base scheduled__2024-07-12T00:00:00+00:00 [queued]>
[2024-07-24T15:30:18.993+0900] {taskinstance.py:2306} INFO - Starting attempt 3 of 3
[2024-07-24T15:30:18.997+0900] {taskinstance.py:2330} INFO - Executing <Task(BashOperator): to_base> on 2024-07-12 00:00:00+00:00
[2024-07-24T15:30:19.000+0900] {standard_task_runner.py:64} INFO - Started process 96687 to run task
[2024-07-24T15:30:19.002+0900] {standard_task_runner.py:90} INFO - Running: ['airflow', 'tasks', 'run', 'import_db', 'to_base', 'scheduled__2024-07-12T00:00:00+00:00', '--job-id', '356', '--raw', '--subdir', 'DAGS_FOLDER/import_db.py', '--cfg-path', '/var/folders/qv/0knwm5h50ml0skpppwpbks_r0000gp/T/tmp_83_7r6e']
[2024-07-24T15:30:19.003+0900] {standard_task_runner.py:91} INFO - Job 356: Subtask to_base
[2024-07-24T15:30:19.018+0900] {task_command.py:426} INFO - Running <TaskInstance: import_db.to_base scheduled__2024-07-12T00:00:00+00:00 [running]> on host jeongui-MacBookPro.local
[2024-07-24T15:30:19.040+0900] {taskinstance.py:2648} INFO - Exporting env vars: AIRFLOW_CTX_DAG_OWNER='airflow' AIRFLOW_CTX_DAG_ID='import_db' AIRFLOW_CTX_TASK_ID='to_base' AIRFLOW_CTX_EXECUTION_DATE='2024-07-12T00:00:00+00:00' AIRFLOW_CTX_TRY_NUMBER='3' AIRFLOW_CTX_DAG_RUN_ID='scheduled__2024-07-12T00:00:00+00:00'
[2024-07-24T15:30:19.040+0900] {taskinstance.py:430} INFO - ::endgroup::
[2024-07-24T15:30:19.046+0900] {subprocess.py:63} INFO - Tmp dir root location: /var/folders/qv/0knwm5h50ml0skpppwpbks_r0000gp/T
[2024-07-24T15:30:19.047+0900] {subprocess.py:75} INFO - Running command: ['/bin/bash', '-c', '\n                echo "base"\n                bash /Users/DE32/airflow/sh/to_bash.sh 2024-07-12\n            ']
[2024-07-24T15:30:19.050+0900] {subprocess.py:86} INFO - Output:
[2024-07-24T15:30:19.051+0900] {subprocess.py:93} INFO - base
[2024-07-24T15:30:19.054+0900] {subprocess.py:93} INFO - /Users/DE32/airflow/sh/to_bash.sh: line 1: $: command not found
[2024-07-24T15:30:19.063+0900] {subprocess.py:97} INFO - Command exited with return code 0
[2024-07-24T15:30:19.063+0900] {taskinstance.py:441} INFO - ::group::Post task execution logs
[2024-07-24T15:30:19.069+0900] {taskinstance.py:1206} INFO - Marking task as SUCCESS. dag_id=import_db, task_id=to_base, run_id=scheduled__2024-07-12T00:00:00+00:00, execution_date=20240712T000000, start_date=20240724T063018, end_date=20240724T063019
[2024-07-24T15:30:19.108+0900] {local_task_job_runner.py:243} INFO - Task exited with return code 0
[2024-07-24T15:30:19.114+0900] {taskinstance.py:3503} INFO - 0 downstream tasks scheduled from follow-on schedule check
[2024-07-24T15:30:19.114+0900] {local_task_job_runner.py:222} INFO - ::endgroup::
