[2024-07-30T11:08:29.759+0900] {local_task_job_runner.py:120} INFO - ::group::Pre task execution logs
[2024-07-30T11:08:29.771+0900] {taskinstance.py:2076} INFO - Dependencies all met for dep_context=non-requeueable deps ti=<TaskInstance: movie.branch.op scheduled__2024-07-27T04:10:00+00:00 [queued]>
[2024-07-30T11:08:29.774+0900] {taskinstance.py:2076} INFO - Dependencies all met for dep_context=requeueable deps ti=<TaskInstance: movie.branch.op scheduled__2024-07-27T04:10:00+00:00 [queued]>
[2024-07-30T11:08:29.775+0900] {taskinstance.py:2306} INFO - Starting attempt 1 of 2
[2024-07-30T11:08:29.781+0900] {taskinstance.py:2330} INFO - Executing <Task(BranchPythonOperator): branch.op> on 2024-07-27 04:10:00+00:00
[2024-07-30T11:08:29.784+0900] {standard_task_runner.py:64} INFO - Started process 7346 to run task
[2024-07-30T11:08:29.787+0900] {standard_task_runner.py:90} INFO - Running: ['airflow', 'tasks', 'run', 'movie', 'branch.op', 'scheduled__2024-07-27T04:10:00+00:00', '--job-id', '641', '--raw', '--subdir', 'DAGS_FOLDER/movie.py', '--cfg-path', '/var/folders/qv/0knwm5h50ml0skpppwpbks_r0000gp/T/tmp2y27q9l_']
[2024-07-30T11:08:29.788+0900] {standard_task_runner.py:91} INFO - Job 641: Subtask branch.op
[2024-07-30T11:08:29.803+0900] {task_command.py:426} INFO - Running <TaskInstance: movie.branch.op scheduled__2024-07-27T04:10:00+00:00 [running]> on host jeongui-MacBookPro.local
[2024-07-30T11:08:29.822+0900] {taskinstance.py:2648} INFO - Exporting env vars: AIRFLOW_CTX_DAG_OWNER='airflow' AIRFLOW_CTX_DAG_ID='movie' AIRFLOW_CTX_TASK_ID='branch.op' AIRFLOW_CTX_EXECUTION_DATE='2024-07-27T04:10:00+00:00' AIRFLOW_CTX_TRY_NUMBER='1' AIRFLOW_CTX_DAG_RUN_ID='scheduled__2024-07-27T04:10:00+00:00'
[2024-07-30T11:08:29.822+0900] {taskinstance.py:430} INFO - ::endgroup::
[2024-07-30T11:08:29.827+0900] {baseoperator.py:400} WARNING - BranchPythonOperator.execute cannot be called outside TaskInstance!
[2024-07-30T11:08:29.827+0900] {python.py:237} INFO - Done. Returned value was: get_data
[2024-07-30T11:08:29.827+0900] {branch.py:36} INFO - Branch into get_data
[2024-07-30T11:08:29.827+0900] {skipmixin.py:178} INFO - Following branch get_data
[2024-07-30T11:08:29.831+0900] {skipmixin.py:246} INFO - Skipping tasks [('echo.task', -1), ('rm.dir', -1)]
[2024-07-30T11:08:29.835+0900] {taskinstance.py:441} INFO - ::group::Post task execution logs
[2024-07-30T11:08:29.838+0900] {taskinstance.py:1206} INFO - Marking task as SUCCESS. dag_id=movie, task_id=branch.op, run_id=scheduled__2024-07-27T04:10:00+00:00, execution_date=20240727T041000, start_date=20240730T020829, end_date=20240730T020829
[2024-07-30T11:08:29.848+0900] {local_task_job_runner.py:243} INFO - Task exited with return code 0
[2024-07-30T11:08:29.856+0900] {taskinstance.py:3503} INFO - 0 downstream tasks scheduled from follow-on schedule check
[2024-07-30T11:08:29.858+0900] {local_task_job_runner.py:222} INFO - ::endgroup::
