[2024-07-24T14:10:08.158+0900] {local_task_job_runner.py:120} INFO - ::group::Pre task execution logs
[2024-07-24T14:10:08.166+0900] {taskinstance.py:2076} INFO - Dependencies all met for dep_context=non-requeueable deps ti=<TaskInstance: simple_bash.copy.log scheduled__2024-07-20T00:00:00+00:00 [queued]>
[2024-07-24T14:10:08.168+0900] {taskinstance.py:2076} INFO - Dependencies all met for dep_context=requeueable deps ti=<TaskInstance: simple_bash.copy.log scheduled__2024-07-20T00:00:00+00:00 [queued]>
[2024-07-24T14:10:08.168+0900] {taskinstance.py:2306} INFO - Starting attempt 1 of 2
[2024-07-24T14:10:08.172+0900] {taskinstance.py:2330} INFO - Executing <Task(BashOperator): copy.log> on 2024-07-20 00:00:00+00:00
[2024-07-24T14:10:08.175+0900] {standard_task_runner.py:64} INFO - Started process 89732 to run task
[2024-07-24T14:10:08.177+0900] {standard_task_runner.py:90} INFO - Running: ['airflow', 'tasks', 'run', 'simple_bash', 'copy.log', 'scheduled__2024-07-20T00:00:00+00:00', '--job-id', '41', '--raw', '--subdir', 'DAGS_FOLDER/simple_bash.py', '--cfg-path', '/var/folders/qv/0knwm5h50ml0skpppwpbks_r0000gp/T/tmp9xb9e5gs']
[2024-07-24T14:10:08.178+0900] {standard_task_runner.py:91} INFO - Job 41: Subtask copy.log
[2024-07-24T14:10:08.192+0900] {task_command.py:426} INFO - Running <TaskInstance: simple_bash.copy.log scheduled__2024-07-20T00:00:00+00:00 [running]> on host jeongui-MacBookPro.local
[2024-07-24T14:10:08.213+0900] {taskinstance.py:2648} INFO - Exporting env vars: AIRFLOW_CTX_DAG_OWNER='airflow' AIRFLOW_CTX_DAG_ID='simple_bash' AIRFLOW_CTX_TASK_ID='copy.log' AIRFLOW_CTX_EXECUTION_DATE='2024-07-20T00:00:00+00:00' AIRFLOW_CTX_TRY_NUMBER='1' AIRFLOW_CTX_DAG_RUN_ID='scheduled__2024-07-20T00:00:00+00:00'
[2024-07-24T14:10:08.214+0900] {taskinstance.py:430} INFO - ::endgroup::
[2024-07-24T14:10:08.220+0900] {subprocess.py:63} INFO - Tmp dir root location: /var/folders/qv/0knwm5h50ml0skpppwpbks_r0000gp/T
[2024-07-24T14:10:08.220+0900] {subprocess.py:75} INFO - Running command: ['/bin/bash', '-c', '\n            mkdir -p ~/data/20240720\n            cp ~/logs/history_20240720*.log ~/data/20240720/\n        ']
[2024-07-24T14:10:08.223+0900] {subprocess.py:86} INFO - Output:
[2024-07-24T14:10:08.227+0900] {subprocess.py:93} INFO - cp: /Users/DE32/logs/history_20240720*.log: No such file or directory
[2024-07-24T14:10:08.227+0900] {subprocess.py:97} INFO - Command exited with return code 1
[2024-07-24T14:10:08.227+0900] {taskinstance.py:441} INFO - ::group::Post task execution logs
[2024-07-24T14:10:08.230+0900] {taskinstance.py:2905} ERROR - Task failed with exception
Traceback (most recent call last):
  File "/Users/DE32/.pyenv/versions/3.11.9/envs/note/lib/python3.11/site-packages/airflow/models/taskinstance.py", line 465, in _execute_task
    result = _execute_callable(context=context, **execute_callable_kwargs)
             ^^^^^^^^^^^^^^^^^^^^^^^^^^^^^^^^^^^^^^^^^^^^^^^^^^^^^^^^^^^^^
  File "/Users/DE32/.pyenv/versions/3.11.9/envs/note/lib/python3.11/site-packages/airflow/models/taskinstance.py", line 432, in _execute_callable
    return execute_callable(context=context, **execute_callable_kwargs)
           ^^^^^^^^^^^^^^^^^^^^^^^^^^^^^^^^^^^^^^^^^^^^^^^^^^^^^^^^^^^^
  File "/Users/DE32/.pyenv/versions/3.11.9/envs/note/lib/python3.11/site-packages/airflow/models/baseoperator.py", line 401, in wrapper
    return func(self, *args, **kwargs)
           ^^^^^^^^^^^^^^^^^^^^^^^^^^^
  File "/Users/DE32/.pyenv/versions/3.11.9/envs/note/lib/python3.11/site-packages/airflow/operators/bash.py", line 243, in execute
    raise AirflowException(
airflow.exceptions.AirflowException: Bash command failed. The command returned a non-zero exit code 1.
[2024-07-24T14:10:08.232+0900] {taskinstance.py:1206} INFO - Marking task as UP_FOR_RETRY. dag_id=simple_bash, task_id=copy.log, run_id=scheduled__2024-07-20T00:00:00+00:00, execution_date=20240720T000000, start_date=20240724T051008, end_date=20240724T051008
[2024-07-24T14:10:08.235+0900] {standard_task_runner.py:110} ERROR - Failed to execute job 41 for task copy.log (Bash command failed. The command returned a non-zero exit code 1.; 89732)
[2024-07-24T14:10:08.239+0900] {local_task_job_runner.py:243} INFO - Task exited with return code 1
[2024-07-24T14:10:08.246+0900] {taskinstance.py:3503} INFO - 0 downstream tasks scheduled from follow-on schedule check
[2024-07-24T14:10:08.246+0900] {local_task_job_runner.py:222} INFO - ::endgroup::
[2024-07-24T14:22:14.408+0900] {local_task_job_runner.py:120} INFO - ::group::Pre task execution logs
[2024-07-24T14:22:14.415+0900] {taskinstance.py:2076} INFO - Dependencies all met for dep_context=non-requeueable deps ti=<TaskInstance: simple_bash.copy.log scheduled__2024-07-20T00:00:00+00:00 [queued]>
[2024-07-24T14:22:14.418+0900] {taskinstance.py:2076} INFO - Dependencies all met for dep_context=requeueable deps ti=<TaskInstance: simple_bash.copy.log scheduled__2024-07-20T00:00:00+00:00 [queued]>
[2024-07-24T14:22:14.418+0900] {taskinstance.py:2306} INFO - Starting attempt 1 of 1
[2024-07-24T14:22:14.422+0900] {taskinstance.py:2330} INFO - Executing <Task(BashOperator): copy.log> on 2024-07-20 00:00:00+00:00
[2024-07-24T14:22:14.424+0900] {standard_task_runner.py:64} INFO - Started process 91106 to run task
[2024-07-24T14:22:14.426+0900] {standard_task_runner.py:90} INFO - Running: ['airflow', 'tasks', 'run', 'simple_bash', 'copy.log', 'scheduled__2024-07-20T00:00:00+00:00', '--job-id', '136', '--raw', '--subdir', 'DAGS_FOLDER/simple_bash.py', '--cfg-path', '/var/folders/qv/0knwm5h50ml0skpppwpbks_r0000gp/T/tmp8g8eo2c1']
[2024-07-24T14:22:14.428+0900] {standard_task_runner.py:91} INFO - Job 136: Subtask copy.log
[2024-07-24T14:22:14.441+0900] {task_command.py:426} INFO - Running <TaskInstance: simple_bash.copy.log scheduled__2024-07-20T00:00:00+00:00 [running]> on host jeongui-MacBookPro.local
[2024-07-24T14:22:14.463+0900] {taskinstance.py:2648} INFO - Exporting env vars: AIRFLOW_CTX_DAG_OWNER='airflow' AIRFLOW_CTX_DAG_ID='simple_bash' AIRFLOW_CTX_TASK_ID='copy.log' AIRFLOW_CTX_EXECUTION_DATE='2024-07-20T00:00:00+00:00' AIRFLOW_CTX_TRY_NUMBER='1' AIRFLOW_CTX_DAG_RUN_ID='scheduled__2024-07-20T00:00:00+00:00'
[2024-07-24T14:22:14.464+0900] {taskinstance.py:430} INFO - ::endgroup::
[2024-07-24T14:22:14.470+0900] {subprocess.py:63} INFO - Tmp dir root location: /var/folders/qv/0knwm5h50ml0skpppwpbks_r0000gp/T
[2024-07-24T14:22:14.470+0900] {subprocess.py:75} INFO - Running command: ['/bin/bash', '-c', '\n            mkdir -p ~/data/20240720\n            cp ~/logs/history_20240720*.log ~/data/20240720/\n        ']
[2024-07-24T14:22:14.473+0900] {subprocess.py:86} INFO - Output:
[2024-07-24T14:22:14.480+0900] {subprocess.py:93} INFO - cp: /Users/DE32/logs/history_20240720*.log: No such file or directory
[2024-07-24T14:22:14.480+0900] {subprocess.py:97} INFO - Command exited with return code 1
[2024-07-24T14:22:14.480+0900] {taskinstance.py:441} INFO - ::group::Post task execution logs
[2024-07-24T14:22:14.483+0900] {taskinstance.py:2905} ERROR - Task failed with exception
Traceback (most recent call last):
  File "/Users/DE32/.pyenv/versions/3.11.9/envs/note/lib/python3.11/site-packages/airflow/models/taskinstance.py", line 465, in _execute_task
    result = _execute_callable(context=context, **execute_callable_kwargs)
             ^^^^^^^^^^^^^^^^^^^^^^^^^^^^^^^^^^^^^^^^^^^^^^^^^^^^^^^^^^^^^
  File "/Users/DE32/.pyenv/versions/3.11.9/envs/note/lib/python3.11/site-packages/airflow/models/taskinstance.py", line 432, in _execute_callable
    return execute_callable(context=context, **execute_callable_kwargs)
           ^^^^^^^^^^^^^^^^^^^^^^^^^^^^^^^^^^^^^^^^^^^^^^^^^^^^^^^^^^^^
  File "/Users/DE32/.pyenv/versions/3.11.9/envs/note/lib/python3.11/site-packages/airflow/models/baseoperator.py", line 401, in wrapper
    return func(self, *args, **kwargs)
           ^^^^^^^^^^^^^^^^^^^^^^^^^^^
  File "/Users/DE32/.pyenv/versions/3.11.9/envs/note/lib/python3.11/site-packages/airflow/operators/bash.py", line 243, in execute
    raise AirflowException(
airflow.exceptions.AirflowException: Bash command failed. The command returned a non-zero exit code 1.
[2024-07-24T14:22:14.486+0900] {taskinstance.py:1206} INFO - Marking task as FAILED. dag_id=simple_bash, task_id=copy.log, run_id=scheduled__2024-07-20T00:00:00+00:00, execution_date=20240720T000000, start_date=20240724T052214, end_date=20240724T052214
[2024-07-24T14:22:14.489+0900] {standard_task_runner.py:110} ERROR - Failed to execute job 136 for task copy.log (Bash command failed. The command returned a non-zero exit code 1.; 91106)
[2024-07-24T14:22:14.534+0900] {local_task_job_runner.py:243} INFO - Task exited with return code 1
[2024-07-24T14:22:14.543+0900] {taskinstance.py:3503} INFO - 1 downstream tasks scheduled from follow-on schedule check
[2024-07-24T14:22:14.544+0900] {local_task_job_runner.py:222} INFO - ::endgroup::
