[2024-07-24T14:10:31.738+0900] {local_task_job_runner.py:120} INFO - ::group::Pre task execution logs
[2024-07-24T14:10:31.746+0900] {taskinstance.py:2076} INFO - Dependencies all met for dep_context=non-requeueable deps ti=<TaskInstance: simple_bash.copy.log scheduled__2024-07-20T00:00:00+00:00 [queued]>
[2024-07-24T14:10:31.748+0900] {taskinstance.py:2076} INFO - Dependencies all met for dep_context=requeueable deps ti=<TaskInstance: simple_bash.copy.log scheduled__2024-07-20T00:00:00+00:00 [queued]>
[2024-07-24T14:10:31.748+0900] {taskinstance.py:2306} INFO - Starting attempt 2 of 2
[2024-07-24T14:10:31.752+0900] {taskinstance.py:2330} INFO - Executing <Task(BashOperator): copy.log> on 2024-07-20 00:00:00+00:00
[2024-07-24T14:10:31.755+0900] {standard_task_runner.py:64} INFO - Started process 89748 to run task
[2024-07-24T14:10:31.757+0900] {standard_task_runner.py:90} INFO - Running: ['airflow', 'tasks', 'run', 'simple_bash', 'copy.log', 'scheduled__2024-07-20T00:00:00+00:00', '--job-id', '45', '--raw', '--subdir', 'DAGS_FOLDER/simple_bash.py', '--cfg-path', '/var/folders/qv/0knwm5h50ml0skpppwpbks_r0000gp/T/tmpng9mlcsz']
[2024-07-24T14:10:31.759+0900] {standard_task_runner.py:91} INFO - Job 45: Subtask copy.log
[2024-07-24T14:10:31.772+0900] {task_command.py:426} INFO - Running <TaskInstance: simple_bash.copy.log scheduled__2024-07-20T00:00:00+00:00 [running]> on host jeongui-MacBookPro.local
[2024-07-24T14:10:31.794+0900] {taskinstance.py:2648} INFO - Exporting env vars: AIRFLOW_CTX_DAG_OWNER='airflow' AIRFLOW_CTX_DAG_ID='simple_bash' AIRFLOW_CTX_TASK_ID='copy.log' AIRFLOW_CTX_EXECUTION_DATE='2024-07-20T00:00:00+00:00' AIRFLOW_CTX_TRY_NUMBER='2' AIRFLOW_CTX_DAG_RUN_ID='scheduled__2024-07-20T00:00:00+00:00'
[2024-07-24T14:10:31.794+0900] {taskinstance.py:430} INFO - ::endgroup::
[2024-07-24T14:10:31.800+0900] {subprocess.py:63} INFO - Tmp dir root location: /var/folders/qv/0knwm5h50ml0skpppwpbks_r0000gp/T
[2024-07-24T14:10:31.801+0900] {subprocess.py:75} INFO - Running command: ['/bin/bash', '-c', '\n            mkdir -p ~/data/20240720\n            cp ~/logs/history_20240720*.log ~/data/20240720/\n        ']
[2024-07-24T14:10:31.804+0900] {subprocess.py:86} INFO - Output:
[2024-07-24T14:10:31.808+0900] {subprocess.py:93} INFO - cp: /Users/DE32/logs/history_20240720*.log: No such file or directory
[2024-07-24T14:10:31.808+0900] {subprocess.py:97} INFO - Command exited with return code 1
[2024-07-24T14:10:31.808+0900] {taskinstance.py:441} INFO - ::group::Post task execution logs
[2024-07-24T14:10:31.811+0900] {taskinstance.py:2905} ERROR - Task failed with exception
Traceback (most recent call last):
  File "/Users/DE32/.pyenv/versions/3.11.9/envs/note/lib/python3.11/site-packages/airflow/models/taskinstance.py", line 465, in _execute_task
    result = _execute_callable(context=context, **execute_callable_kwargs)
             ^^^^^^^^^^^^^^^^^^^^^^^^^^^^^^^^^^^^^^^^^^^^^^^^^^^^^^^^^^^^^
  File "/Users/DE32/.pyenv/versions/3.11.9/envs/note/lib/python3.11/site-packages/airflow/models/taskinstance.py", line 432, in _execute_callable
    return execute_callable(context=context, **execute_callable_kwargs)
           ^^^^^^^^^^^^^^^^^^^^^^^^^^^^^^^^^^^^^^^^^^^^^^^^^^^^^^^^^^^^
  File "/Users/DE32/.pyenv/versions/3.11.9/envs/note/lib/python3.11/site-packages/airflow/models/baseoperator.py", line 401, in wrapper
    return func(self, *args, **kwargs)
           ^^^^^^^^^^^^^^^^^^^^^^^^^^^
  File "/Users/DE32/.pyenv/versions/3.11.9/envs/note/lib/python3.11/site-packages/airflow/operators/bash.py", line 243, in execute
    raise AirflowException(
airflow.exceptions.AirflowException: Bash command failed. The command returned a non-zero exit code 1.
[2024-07-24T14:10:31.813+0900] {taskinstance.py:1206} INFO - Marking task as FAILED. dag_id=simple_bash, task_id=copy.log, run_id=scheduled__2024-07-20T00:00:00+00:00, execution_date=20240720T000000, start_date=20240724T051031, end_date=20240724T051031
[2024-07-24T14:10:31.816+0900] {standard_task_runner.py:110} ERROR - Failed to execute job 45 for task copy.log (Bash command failed. The command returned a non-zero exit code 1.; 89748)
[2024-07-24T14:10:31.862+0900] {local_task_job_runner.py:243} INFO - Task exited with return code 1
[2024-07-24T14:10:31.873+0900] {taskinstance.py:3503} INFO - 1 downstream tasks scheduled from follow-on schedule check
[2024-07-24T14:10:31.874+0900] {local_task_job_runner.py:222} INFO - ::endgroup::
[2024-07-24T14:34:26.612+0900] {local_task_job_runner.py:120} INFO - ::group::Pre task execution logs
[2024-07-24T14:34:26.620+0900] {taskinstance.py:2076} INFO - Dependencies all met for dep_context=non-requeueable deps ti=<TaskInstance: simple_bash.copy.log scheduled__2024-07-20T00:00:00+00:00 [queued]>
[2024-07-24T14:34:26.622+0900] {taskinstance.py:2076} INFO - Dependencies all met for dep_context=requeueable deps ti=<TaskInstance: simple_bash.copy.log scheduled__2024-07-20T00:00:00+00:00 [queued]>
[2024-07-24T14:34:26.622+0900] {taskinstance.py:2306} INFO - Starting attempt 2 of 2
[2024-07-24T14:34:26.627+0900] {taskinstance.py:2330} INFO - Executing <Task(BashOperator): copy.log> on 2024-07-20 00:00:00+00:00
[2024-07-24T14:34:26.629+0900] {standard_task_runner.py:64} INFO - Started process 92330 to run task
[2024-07-24T14:34:26.631+0900] {standard_task_runner.py:90} INFO - Running: ['airflow', 'tasks', 'run', 'simple_bash', 'copy.log', 'scheduled__2024-07-20T00:00:00+00:00', '--job-id', '172', '--raw', '--subdir', 'DAGS_FOLDER/simple_bash.py', '--cfg-path', '/var/folders/qv/0knwm5h50ml0skpppwpbks_r0000gp/T/tmp23mjxfrg']
[2024-07-24T14:34:26.632+0900] {standard_task_runner.py:91} INFO - Job 172: Subtask copy.log
[2024-07-24T14:34:26.646+0900] {task_command.py:426} INFO - Running <TaskInstance: simple_bash.copy.log scheduled__2024-07-20T00:00:00+00:00 [running]> on host jeongui-MacBookPro.local
[2024-07-24T14:34:26.666+0900] {taskinstance.py:2648} INFO - Exporting env vars: AIRFLOW_CTX_DAG_OWNER='airflow' AIRFLOW_CTX_DAG_ID='simple_bash' AIRFLOW_CTX_TASK_ID='copy.log' AIRFLOW_CTX_EXECUTION_DATE='2024-07-20T00:00:00+00:00' AIRFLOW_CTX_TRY_NUMBER='2' AIRFLOW_CTX_DAG_RUN_ID='scheduled__2024-07-20T00:00:00+00:00'
[2024-07-24T14:34:26.667+0900] {taskinstance.py:430} INFO - ::endgroup::
[2024-07-24T14:34:26.672+0900] {subprocess.py:63} INFO - Tmp dir root location: /var/folders/qv/0knwm5h50ml0skpppwpbks_r0000gp/T
[2024-07-24T14:34:26.673+0900] {subprocess.py:75} INFO - Running command: ['/bin/bash', '-c', '\n            mkdir -p ~/data/20240720\n            cp ~/logs/history_20240720*.log ~/data/20240720/\n        ']
[2024-07-24T14:34:26.676+0900] {subprocess.py:86} INFO - Output:
[2024-07-24T14:34:26.680+0900] {subprocess.py:93} INFO - cp: /Users/DE32/logs/history_20240720*.log: No such file or directory
[2024-07-24T14:34:26.680+0900] {subprocess.py:97} INFO - Command exited with return code 1
[2024-07-24T14:34:26.680+0900] {taskinstance.py:441} INFO - ::group::Post task execution logs
[2024-07-24T14:34:26.683+0900] {taskinstance.py:2905} ERROR - Task failed with exception
Traceback (most recent call last):
  File "/Users/DE32/.pyenv/versions/3.11.9/envs/note/lib/python3.11/site-packages/airflow/models/taskinstance.py", line 465, in _execute_task
    result = _execute_callable(context=context, **execute_callable_kwargs)
             ^^^^^^^^^^^^^^^^^^^^^^^^^^^^^^^^^^^^^^^^^^^^^^^^^^^^^^^^^^^^^
  File "/Users/DE32/.pyenv/versions/3.11.9/envs/note/lib/python3.11/site-packages/airflow/models/taskinstance.py", line 432, in _execute_callable
    return execute_callable(context=context, **execute_callable_kwargs)
           ^^^^^^^^^^^^^^^^^^^^^^^^^^^^^^^^^^^^^^^^^^^^^^^^^^^^^^^^^^^^
  File "/Users/DE32/.pyenv/versions/3.11.9/envs/note/lib/python3.11/site-packages/airflow/models/baseoperator.py", line 401, in wrapper
    return func(self, *args, **kwargs)
           ^^^^^^^^^^^^^^^^^^^^^^^^^^^
  File "/Users/DE32/.pyenv/versions/3.11.9/envs/note/lib/python3.11/site-packages/airflow/operators/bash.py", line 243, in execute
    raise AirflowException(
airflow.exceptions.AirflowException: Bash command failed. The command returned a non-zero exit code 1.
[2024-07-24T14:34:26.685+0900] {taskinstance.py:1206} INFO - Marking task as FAILED. dag_id=simple_bash, task_id=copy.log, run_id=scheduled__2024-07-20T00:00:00+00:00, execution_date=20240720T000000, start_date=20240724T053426, end_date=20240724T053426
[2024-07-24T14:34:26.688+0900] {standard_task_runner.py:110} ERROR - Failed to execute job 172 for task copy.log (Bash command failed. The command returned a non-zero exit code 1.; 92330)
[2024-07-24T14:34:26.693+0900] {local_task_job_runner.py:243} INFO - Task exited with return code 1
[2024-07-24T14:34:26.701+0900] {taskinstance.py:3503} INFO - 1 downstream tasks scheduled from follow-on schedule check
[2024-07-24T14:34:26.702+0900] {local_task_job_runner.py:222} INFO - ::endgroup::
