[2024-07-24T14:37:33.540+0900] {local_task_job_runner.py:120} INFO - ::group::Pre task execution logs
[2024-07-24T14:37:33.548+0900] {taskinstance.py:2076} INFO - Dependencies all met for dep_context=non-requeueable deps ti=<TaskInstance: simple_bash.make.done scheduled__2024-07-13T00:00:00+00:00 [queued]>
[2024-07-24T14:37:33.550+0900] {taskinstance.py:2076} INFO - Dependencies all met for dep_context=requeueable deps ti=<TaskInstance: simple_bash.make.done scheduled__2024-07-13T00:00:00+00:00 [queued]>
[2024-07-24T14:37:33.550+0900] {taskinstance.py:2306} INFO - Starting attempt 1 of 1
[2024-07-24T14:37:33.555+0900] {taskinstance.py:2330} INFO - Executing <Task(BashOperator): make.done> on 2024-07-13 00:00:00+00:00
[2024-07-24T14:37:33.557+0900] {standard_task_runner.py:64} INFO - Started process 92619 to run task
[2024-07-24T14:37:33.560+0900] {standard_task_runner.py:90} INFO - Running: ['airflow', 'tasks', 'run', 'simple_bash', 'make.done', 'scheduled__2024-07-13T00:00:00+00:00', '--job-id', '203', '--raw', '--subdir', 'DAGS_FOLDER/simple_bash.py', '--cfg-path', '/var/folders/qv/0knwm5h50ml0skpppwpbks_r0000gp/T/tmp5g8s5369']
[2024-07-24T14:37:33.561+0900] {standard_task_runner.py:91} INFO - Job 203: Subtask make.done
[2024-07-24T14:37:33.575+0900] {task_command.py:426} INFO - Running <TaskInstance: simple_bash.make.done scheduled__2024-07-13T00:00:00+00:00 [running]> on host jeongui-MacBookPro.local
[2024-07-24T14:37:33.596+0900] {taskinstance.py:2648} INFO - Exporting env vars: AIRFLOW_CTX_DAG_OWNER='airflow' AIRFLOW_CTX_DAG_ID='simple_bash' AIRFLOW_CTX_TASK_ID='make.done' AIRFLOW_CTX_EXECUTION_DATE='2024-07-13T00:00:00+00:00' AIRFLOW_CTX_TRY_NUMBER='1' AIRFLOW_CTX_DAG_RUN_ID='scheduled__2024-07-13T00:00:00+00:00'
[2024-07-24T14:37:33.597+0900] {taskinstance.py:430} INFO - ::endgroup::
[2024-07-24T14:37:33.602+0900] {subprocess.py:63} INFO - Tmp dir root location: /var/folders/qv/0knwm5h50ml0skpppwpbks_r0000gp/T
[2024-07-24T14:37:33.603+0900] {subprocess.py:75} INFO - Running command: ['/bin/bash', '-c', '\n        echo "make done"\n        mkdir -p ~/data/done/20240713\n        touch ~/data/done/20240713/_DONE\n        ']
[2024-07-24T14:37:33.606+0900] {subprocess.py:86} INFO - Output:
[2024-07-24T14:37:33.607+0900] {subprocess.py:93} INFO - make done
[2024-07-24T14:37:33.610+0900] {subprocess.py:97} INFO - Command exited with return code 0
[2024-07-24T14:37:33.610+0900] {taskinstance.py:441} INFO - ::group::Post task execution logs
[2024-07-24T14:37:33.617+0900] {taskinstance.py:1206} INFO - Marking task as SUCCESS. dag_id=simple_bash, task_id=make.done, run_id=scheduled__2024-07-13T00:00:00+00:00, execution_date=20240713T000000, start_date=20240724T053733, end_date=20240724T053733
[2024-07-24T14:37:33.621+0900] {local_task_job_runner.py:243} INFO - Task exited with return code 0
[2024-07-24T14:37:33.626+0900] {taskinstance.py:3503} INFO - 0 downstream tasks scheduled from follow-on schedule check
[2024-07-24T14:37:33.627+0900] {local_task_job_runner.py:222} INFO - ::endgroup::
