[2024-07-31T10:37:38.332+0900] {local_task_job_runner.py:120} INFO - ::group::Pre task execution logs
[2024-07-31T10:37:38.343+0900] {taskinstance.py:2076} INFO - Dependencies all met for dep_context=non-requeueable deps ti=<TaskInstance: movie.save.data scheduled__2024-07-28T02:10:00+00:00 [queued]>
[2024-07-31T10:37:38.347+0900] {taskinstance.py:2076} INFO - Dependencies all met for dep_context=requeueable deps ti=<TaskInstance: movie.save.data scheduled__2024-07-28T02:10:00+00:00 [queued]>
[2024-07-31T10:37:38.347+0900] {taskinstance.py:2306} INFO - Starting attempt 1 of 2
[2024-07-31T10:37:38.353+0900] {taskinstance.py:2330} INFO - Executing <Task(PythonVirtualenvOperator): save.data> on 2024-07-28 02:10:00+00:00
[2024-07-31T10:37:38.356+0900] {standard_task_runner.py:64} INFO - Started process 9617 to run task
[2024-07-31T10:37:38.358+0900] {standard_task_runner.py:90} INFO - Running: ['airflow', 'tasks', 'run', 'movie', 'save.data', 'scheduled__2024-07-28T02:10:00+00:00', '--job-id', '712', '--raw', '--subdir', 'DAGS_FOLDER/movie.py', '--cfg-path', '/var/folders/qv/0knwm5h50ml0skpppwpbks_r0000gp/T/tmpwa88hjj5']
[2024-07-31T10:37:38.360+0900] {standard_task_runner.py:91} INFO - Job 712: Subtask save.data
[2024-07-31T10:37:38.374+0900] {task_command.py:426} INFO - Running <TaskInstance: movie.save.data scheduled__2024-07-28T02:10:00+00:00 [running]> on host jeongui-MacBookPro.local
[2024-07-31T10:37:38.400+0900] {taskinstance.py:2648} INFO - Exporting env vars: AIRFLOW_CTX_DAG_OWNER='airflow' AIRFLOW_CTX_DAG_ID='movie' AIRFLOW_CTX_TASK_ID='save.data' AIRFLOW_CTX_EXECUTION_DATE='2024-07-28T02:10:00+00:00' AIRFLOW_CTX_TRY_NUMBER='1' AIRFLOW_CTX_DAG_RUN_ID='scheduled__2024-07-28T02:10:00+00:00'
[2024-07-31T10:37:38.400+0900] {taskinstance.py:430} INFO - ::endgroup::
[2024-07-31T10:37:38.406+0900] {baseoperator.py:400} WARNING - PythonVirtualenvOperator.execute cannot be called outside TaskInstance!
[2024-07-31T10:37:38.407+0900] {process_utils.py:183} INFO - Executing cmd: /Users/DE32/.pyenv/versions/3.11.9/envs/note/bin/python -m virtualenv /var/folders/qv/0knwm5h50ml0skpppwpbks_r0000gp/T/venvbx8neium --python=python
[2024-07-31T10:37:38.410+0900] {process_utils.py:187} INFO - Output:
[2024-07-31T10:37:38.605+0900] {process_utils.py:191} INFO - created virtual environment CPython3.11.9.final.0-64 in 132ms
[2024-07-31T10:37:38.605+0900] {process_utils.py:191} INFO -   creator CPython3Posix(dest=/private/var/folders/qv/0knwm5h50ml0skpppwpbks_r0000gp/T/venvbx8neium, clear=False, no_vcs_ignore=False, global=False)
[2024-07-31T10:37:38.605+0900] {process_utils.py:191} INFO -   seeder FromAppData(download=False, pip=bundle, setuptools=bundle, wheel=bundle, via=copy, app_data_dir=/Users/DE32/Library/Application Support/virtualenv)
[2024-07-31T10:37:38.606+0900] {process_utils.py:191} INFO -     added seed packages: pip==24.1.2, setuptools==70.2.0, wheel==0.43.0
[2024-07-31T10:37:38.606+0900] {process_utils.py:191} INFO -   activators BashActivator,CShellActivator,FishActivator,NushellActivator,PowerShellActivator,PythonActivator
[2024-07-31T10:37:38.618+0900] {process_utils.py:183} INFO - Executing cmd: /var/folders/qv/0knwm5h50ml0skpppwpbks_r0000gp/T/venvbx8neium/bin/pip install -r /var/folders/qv/0knwm5h50ml0skpppwpbks_r0000gp/T/venvbx8neium/requirements.txt
[2024-07-31T10:37:38.620+0900] {process_utils.py:187} INFO - Output:
[2024-07-31T10:37:39.341+0900] {process_utils.py:191} INFO - Collecting git+https://github.com/Jeonghoon2/movie.git@0.2/api (from -r /var/folders/qv/0knwm5h50ml0skpppwpbks_r0000gp/T/venvbx8neium/requirements.txt (line 1))
[2024-07-31T10:37:39.341+0900] {process_utils.py:191} INFO -   Cloning https://github.com/Jeonghoon2/movie.git (to revision 0.2/api) to /private/var/folders/qv/0knwm5h50ml0skpppwpbks_r0000gp/T/pip-req-build-8z3kpf8g
[2024-07-31T10:37:39.355+0900] {process_utils.py:191} INFO -   Running command git clone --filter=blob:none --quiet https://github.com/Jeonghoon2/movie.git /private/var/folders/qv/0knwm5h50ml0skpppwpbks_r0000gp/T/pip-req-build-8z3kpf8g
[2024-07-31T10:37:40.846+0900] {process_utils.py:191} INFO -   Running command git checkout -b 0.2/api --track origin/0.2/api
[2024-07-31T10:37:41.344+0900] {process_utils.py:191} INFO -   Switched to a new branch '0.2/api'
[2024-07-31T10:37:41.345+0900] {process_utils.py:191} INFO -   branch '0.2/api' set up to track 'origin/0.2/api'.
[2024-07-31T10:37:41.345+0900] {process_utils.py:191} INFO -   Resolved https://github.com/Jeonghoon2/movie.git to commit 514cfb45f6fa577ee07d4fa2076f9283780af81e
[2024-07-31T10:37:41.367+0900] {process_utils.py:191} INFO -   Installing build dependencies: started
[2024-07-31T10:37:42.289+0900] {process_utils.py:191} INFO -   Installing build dependencies: finished with status 'done'
[2024-07-31T10:37:42.290+0900] {process_utils.py:191} INFO -   Getting requirements to build wheel: started
[2024-07-31T10:37:42.413+0900] {process_utils.py:191} INFO -   Getting requirements to build wheel: finished with status 'done'
[2024-07-31T10:37:42.414+0900] {process_utils.py:191} INFO -   Preparing metadata (pyproject.toml): started
[2024-07-31T10:37:42.540+0900] {process_utils.py:191} INFO -   Preparing metadata (pyproject.toml): finished with status 'done'
[2024-07-31T10:37:42.619+0900] {process_utils.py:191} INFO - Collecting requests>=2.32.3 (from mov==0.1.0->-r /var/folders/qv/0knwm5h50ml0skpppwpbks_r0000gp/T/venvbx8neium/requirements.txt (line 1))
[2024-07-31T10:37:42.620+0900] {process_utils.py:191} INFO -   Using cached requests-2.32.3-py3-none-any.whl.metadata (4.6 kB)
[2024-07-31T10:37:42.688+0900] {process_utils.py:191} INFO - Collecting pandas>=2.2.2 (from mov==0.1.0->-r /var/folders/qv/0knwm5h50ml0skpppwpbks_r0000gp/T/venvbx8neium/requirements.txt (line 1))
[2024-07-31T10:37:42.688+0900] {process_utils.py:191} INFO -   Using cached pandas-2.2.2-cp311-cp311-macosx_11_0_arm64.whl.metadata (19 kB)
[2024-07-31T10:37:42.787+0900] {process_utils.py:191} INFO - Collecting numpy>=2.0.1 (from mov==0.1.0->-r /var/folders/qv/0knwm5h50ml0skpppwpbks_r0000gp/T/venvbx8neium/requirements.txt (line 1))
[2024-07-31T10:37:42.788+0900] {process_utils.py:191} INFO -   Using cached numpy-2.0.1-cp311-cp311-macosx_14_0_arm64.whl.metadata (60 kB)
[2024-07-31T10:37:42.838+0900] {process_utils.py:191} INFO - Collecting pyarrow>=17.0.0 (from mov==0.1.0->-r /var/folders/qv/0knwm5h50ml0skpppwpbks_r0000gp/T/venvbx8neium/requirements.txt (line 1))
[2024-07-31T10:37:42.839+0900] {process_utils.py:191} INFO -   Using cached pyarrow-17.0.0-cp311-cp311-macosx_11_0_arm64.whl.metadata (3.3 kB)
[2024-07-31T10:37:42.866+0900] {process_utils.py:191} INFO - Collecting python-dateutil>=2.8.2 (from pandas>=2.2.2->mov==0.1.0->-r /var/folders/qv/0knwm5h50ml0skpppwpbks_r0000gp/T/venvbx8neium/requirements.txt (line 1))
[2024-07-31T10:37:42.867+0900] {process_utils.py:191} INFO -   Using cached python_dateutil-2.9.0.post0-py2.py3-none-any.whl.metadata (8.4 kB)
[2024-07-31T10:37:42.898+0900] {process_utils.py:191} INFO - Collecting pytz>=2020.1 (from pandas>=2.2.2->mov==0.1.0->-r /var/folders/qv/0knwm5h50ml0skpppwpbks_r0000gp/T/venvbx8neium/requirements.txt (line 1))
[2024-07-31T10:37:42.899+0900] {process_utils.py:191} INFO -   Using cached pytz-2024.1-py2.py3-none-any.whl.metadata (22 kB)
[2024-07-31T10:37:42.913+0900] {process_utils.py:191} INFO - Collecting tzdata>=2022.7 (from pandas>=2.2.2->mov==0.1.0->-r /var/folders/qv/0knwm5h50ml0skpppwpbks_r0000gp/T/venvbx8neium/requirements.txt (line 1))
[2024-07-31T10:37:42.914+0900] {process_utils.py:191} INFO -   Using cached tzdata-2024.1-py2.py3-none-any.whl.metadata (1.4 kB)
[2024-07-31T10:37:42.958+0900] {process_utils.py:191} INFO - Collecting charset-normalizer<4,>=2 (from requests>=2.32.3->mov==0.1.0->-r /var/folders/qv/0knwm5h50ml0skpppwpbks_r0000gp/T/venvbx8neium/requirements.txt (line 1))
[2024-07-31T10:37:42.959+0900] {process_utils.py:191} INFO -   Using cached charset_normalizer-3.3.2-cp311-cp311-macosx_11_0_arm64.whl.metadata (33 kB)
[2024-07-31T10:37:42.973+0900] {process_utils.py:191} INFO - Collecting idna<4,>=2.5 (from requests>=2.32.3->mov==0.1.0->-r /var/folders/qv/0knwm5h50ml0skpppwpbks_r0000gp/T/venvbx8neium/requirements.txt (line 1))
[2024-07-31T10:37:42.974+0900] {process_utils.py:191} INFO -   Using cached idna-3.7-py3-none-any.whl.metadata (9.9 kB)
[2024-07-31T10:37:43.000+0900] {process_utils.py:191} INFO - Collecting urllib3<3,>=1.21.1 (from requests>=2.32.3->mov==0.1.0->-r /var/folders/qv/0knwm5h50ml0skpppwpbks_r0000gp/T/venvbx8neium/requirements.txt (line 1))
[2024-07-31T10:37:43.001+0900] {process_utils.py:191} INFO -   Using cached urllib3-2.2.2-py3-none-any.whl.metadata (6.4 kB)
[2024-07-31T10:37:43.019+0900] {process_utils.py:191} INFO - Collecting certifi>=2017.4.17 (from requests>=2.32.3->mov==0.1.0->-r /var/folders/qv/0knwm5h50ml0skpppwpbks_r0000gp/T/venvbx8neium/requirements.txt (line 1))
[2024-07-31T10:37:43.020+0900] {process_utils.py:191} INFO -   Using cached certifi-2024.7.4-py3-none-any.whl.metadata (2.2 kB)
[2024-07-31T10:37:43.050+0900] {process_utils.py:191} INFO - Collecting six>=1.5 (from python-dateutil>=2.8.2->pandas>=2.2.2->mov==0.1.0->-r /var/folders/qv/0knwm5h50ml0skpppwpbks_r0000gp/T/venvbx8neium/requirements.txt (line 1))
[2024-07-31T10:37:43.051+0900] {process_utils.py:191} INFO -   Using cached six-1.16.0-py2.py3-none-any.whl.metadata (1.8 kB)
[2024-07-31T10:37:43.054+0900] {process_utils.py:191} INFO - Using cached numpy-2.0.1-cp311-cp311-macosx_14_0_arm64.whl (5.3 MB)
[2024-07-31T10:37:43.060+0900] {process_utils.py:191} INFO - Using cached pandas-2.2.2-cp311-cp311-macosx_11_0_arm64.whl (11.3 MB)
[2024-07-31T10:37:43.072+0900] {process_utils.py:191} INFO - Using cached pyarrow-17.0.0-cp311-cp311-macosx_11_0_arm64.whl (27.2 MB)
[2024-07-31T10:37:43.098+0900] {process_utils.py:191} INFO - Using cached requests-2.32.3-py3-none-any.whl (64 kB)
[2024-07-31T10:37:43.099+0900] {process_utils.py:191} INFO - Using cached certifi-2024.7.4-py3-none-any.whl (162 kB)
[2024-07-31T10:37:43.100+0900] {process_utils.py:191} INFO - Using cached charset_normalizer-3.3.2-cp311-cp311-macosx_11_0_arm64.whl (118 kB)
[2024-07-31T10:37:43.101+0900] {process_utils.py:191} INFO - Using cached idna-3.7-py3-none-any.whl (66 kB)
[2024-07-31T10:37:43.102+0900] {process_utils.py:191} INFO - Using cached python_dateutil-2.9.0.post0-py2.py3-none-any.whl (229 kB)
[2024-07-31T10:37:43.103+0900] {process_utils.py:191} INFO - Using cached pytz-2024.1-py2.py3-none-any.whl (505 kB)
[2024-07-31T10:37:43.105+0900] {process_utils.py:191} INFO - Using cached tzdata-2024.1-py2.py3-none-any.whl (345 kB)
[2024-07-31T10:37:43.106+0900] {process_utils.py:191} INFO - Using cached urllib3-2.2.2-py3-none-any.whl (121 kB)
[2024-07-31T10:37:43.107+0900] {process_utils.py:191} INFO - Using cached six-1.16.0-py2.py3-none-any.whl (11 kB)
[2024-07-31T10:37:43.149+0900] {process_utils.py:191} INFO - Building wheels for collected packages: mov
[2024-07-31T10:37:43.162+0900] {process_utils.py:191} INFO -   Building wheel for mov (pyproject.toml): started
[2024-07-31T10:37:43.296+0900] {process_utils.py:191} INFO -   Building wheel for mov (pyproject.toml): finished with status 'done'
[2024-07-31T10:37:43.297+0900] {process_utils.py:191} INFO -   Created wheel for mov: filename=mov-0.1.0-py3-none-any.whl size=3017 sha256=28e8b16ae1b9c1f094b1df6ba0f3340dc126282e10cbb1f5f7af2772771b5849
[2024-07-31T10:37:43.297+0900] {process_utils.py:191} INFO -   Stored in directory: /private/var/folders/qv/0knwm5h50ml0skpppwpbks_r0000gp/T/pip-ephem-wheel-cache-zgcm1cn_/wheels/cf/ab/a7/d0c528d20fa8a5f19e169bdf1d98f2b2cefe79d8527bb89200
[2024-07-31T10:37:43.298+0900] {process_utils.py:191} INFO - Successfully built mov
[2024-07-31T10:37:43.326+0900] {process_utils.py:191} INFO - Installing collected packages: pytz, urllib3, tzdata, six, numpy, idna, charset-normalizer, certifi, requests, python-dateutil, pyarrow, pandas, mov
[2024-07-31T10:37:47.816+0900] {process_utils.py:191} INFO - Successfully installed certifi-2024.7.4 charset-normalizer-3.3.2 idna-3.7 mov-0.1.0 numpy-2.0.1 pandas-2.2.2 pyarrow-17.0.0 python-dateutil-2.9.0.post0 pytz-2024.1 requests-2.32.3 six-1.16.0 tzdata-2024.1 urllib3-2.2.2
[2024-07-31T10:37:47.820+0900] {process_utils.py:191} INFO - 
[2024-07-31T10:37:47.820+0900] {process_utils.py:191} INFO - [notice] A new release of pip is available: 24.1.2 -> 24.2
[2024-07-31T10:37:47.820+0900] {process_utils.py:191} INFO - [notice] To update, run: python -m pip install --upgrade pip
[2024-07-31T10:37:47.951+0900] {process_utils.py:183} INFO - Executing cmd: /var/folders/qv/0knwm5h50ml0skpppwpbks_r0000gp/T/venvbx8neium/bin/python /var/folders/qv/0knwm5h50ml0skpppwpbks_r0000gp/T/venv-callrgg7jsar/script.py /var/folders/qv/0knwm5h50ml0skpppwpbks_r0000gp/T/venv-callrgg7jsar/script.in /var/folders/qv/0knwm5h50ml0skpppwpbks_r0000gp/T/venv-callrgg7jsar/script.out /var/folders/qv/0knwm5h50ml0skpppwpbks_r0000gp/T/venv-callrgg7jsar/string_args.txt /var/folders/qv/0knwm5h50ml0skpppwpbks_r0000gp/T/venv-callrgg7jsar/termination.log
[2024-07-31T10:37:47.953+0900] {process_utils.py:187} INFO - Output:
[2024-07-31T10:38:01.200+0900] {process_utils.py:191} INFO - *********************************
[2024-07-31T10:38:01.201+0900] {process_utils.py:191} INFO -    rnum  rank  rankInten rankOldAndNew  ... audiChange  audiAcc scrnCnt  showCnt
[2024-07-31T10:38:01.201+0900] {process_utils.py:191} INFO - 0     1     1          0           OLD  ...      -21.0  1086015    1919     8414
[2024-07-31T10:38:01.202+0900] {process_utils.py:191} INFO - 1     2     2          0           OLD  ...       -0.3   588415    1178     4406
[2024-07-31T10:38:01.202+0900] {process_utils.py:191} INFO - 2     3     3          0           OLD  ...       -0.2  2282056     899     2339
[2024-07-31T10:38:01.202+0900] {process_utils.py:191} INFO - 3     4     4          0           OLD  ...        4.0  8291896     777     1608
[2024-07-31T10:38:01.203+0900] {process_utils.py:191} INFO - 4     5     5          0           OLD  ...       -1.2   557265     575     1032
[2024-07-31T10:38:01.203+0900] {process_utils.py:191} INFO - 5     6     6          0           OLD  ...       -8.3  1716883     528      837
[2024-07-31T10:38:01.203+0900] {process_utils.py:191} INFO - 6     7     7          1           OLD  ...       -1.0   672059     332      469
[2024-07-31T10:38:01.204+0900] {process_utils.py:191} INFO - 7     8     8         -1           OLD  ...      -44.7    49126      18       26
[2024-07-31T10:38:01.204+0900] {process_utils.py:191} INFO - 8     9     9          0           OLD  ...      -15.4    11546      12       16
[2024-07-31T10:38:01.204+0900] {process_utils.py:191} INFO - 9    10    10          0           OLD  ...       -8.1    65643      53       69
[2024-07-31T10:38:01.205+0900] {process_utils.py:191} INFO - 
[2024-07-31T10:38:01.205+0900] {process_utils.py:191} INFO - [10 rows x 18 columns]
[2024-07-31T10:38:01.205+0900] {process_utils.py:191} INFO - *********************************
[2024-07-31T10:38:01.205+0900] {process_utils.py:191} INFO - rnum               int64
[2024-07-31T10:38:01.206+0900] {process_utils.py:191} INFO - rank               int64
[2024-07-31T10:38:01.206+0900] {process_utils.py:191} INFO - rankInten          int64
[2024-07-31T10:38:01.206+0900] {process_utils.py:191} INFO - rankOldAndNew     object
[2024-07-31T10:38:01.207+0900] {process_utils.py:191} INFO - movieCd           object
[2024-07-31T10:38:01.207+0900] {process_utils.py:191} INFO - movieNm           object
[2024-07-31T10:38:01.207+0900] {process_utils.py:191} INFO - openDt            object
[2024-07-31T10:38:01.207+0900] {process_utils.py:191} INFO - salesAmt           int64
[2024-07-31T10:38:01.208+0900] {process_utils.py:191} INFO - salesShare       float64
[2024-07-31T10:38:01.208+0900] {process_utils.py:191} INFO - salesInten         int64
[2024-07-31T10:38:01.208+0900] {process_utils.py:191} INFO - salesChange      float64
[2024-07-31T10:38:01.208+0900] {process_utils.py:191} INFO - salesAcc          object
[2024-07-31T10:38:01.209+0900] {process_utils.py:191} INFO - audiCnt            int64
[2024-07-31T10:38:01.209+0900] {process_utils.py:191} INFO - audiInten          int64
[2024-07-31T10:38:01.209+0900] {process_utils.py:191} INFO - audiChange       float64
[2024-07-31T10:38:01.209+0900] {process_utils.py:191} INFO - audiAcc            int64
[2024-07-31T10:38:01.210+0900] {process_utils.py:191} INFO - scrnCnt            int64
[2024-07-31T10:38:01.210+0900] {process_utils.py:191} INFO - showCnt            int64
[2024-07-31T10:38:01.210+0900] {process_utils.py:191} INFO - dtype: object
[2024-07-31T10:38:01.210+0900] {process_utils.py:191} INFO - 개봉일 기준 그룹핑 누적 관객수 합
[2024-07-31T10:38:01.211+0900] {process_utils.py:191} INFO -        openDt  audiCnt
[2024-07-31T10:38:01.211+0900] {process_utils.py:191} INFO - 0  2024-06-12    58197
[2024-07-31T10:38:01.211+0900] {process_utils.py:191} INFO - 1  2024-06-26    23547
[2024-07-31T10:38:01.211+0900] {process_utils.py:191} INFO - 2  2024-07-03    85697
[2024-07-31T10:38:01.212+0900] {process_utils.py:191} INFO - 3  2024-07-12     8120
[2024-07-31T10:38:01.212+0900] {process_utils.py:191} INFO - 4  2024-07-17    27182
[2024-07-31T10:38:01.212+0900] {process_utils.py:191} INFO - 5  2024-07-24   391803
[2024-07-31T10:38:01.212+0900] {process_utils.py:191} INFO - 6  2024-07-31     6701
[2024-07-31T10:38:01.213+0900] {process_utils.py:191} INFO - 7  2024-08-07     3435
[2024-07-31T10:38:01.633+0900] {python.py:237} INFO - Done. Returned value was: None
[2024-07-31T10:38:01.633+0900] {taskinstance.py:441} INFO - ::group::Post task execution logs
[2024-07-31T10:38:01.637+0900] {taskinstance.py:1206} INFO - Marking task as SUCCESS. dag_id=movie, task_id=save.data, run_id=scheduled__2024-07-28T02:10:00+00:00, execution_date=20240728T021000, start_date=20240731T013738, end_date=20240731T013801
[2024-07-31T10:38:01.686+0900] {local_task_job_runner.py:243} INFO - Task exited with return code 0
[2024-07-31T10:38:01.693+0900] {taskinstance.py:3503} INFO - 0 downstream tasks scheduled from follow-on schedule check
[2024-07-31T10:38:01.693+0900] {local_task_job_runner.py:222} INFO - ::endgroup::
[2024-07-31T16:55:51.073+0900] {local_task_job_runner.py:120} INFO - ::group::Pre task execution logs
[2024-07-31T16:55:51.084+0900] {taskinstance.py:2076} INFO - Dependencies all met for dep_context=non-requeueable deps ti=<TaskInstance: movie.save.data scheduled__2024-07-28T02:10:00+00:00 [queued]>
[2024-07-31T16:55:51.087+0900] {taskinstance.py:2076} INFO - Dependencies all met for dep_context=requeueable deps ti=<TaskInstance: movie.save.data scheduled__2024-07-28T02:10:00+00:00 [queued]>
[2024-07-31T16:55:51.087+0900] {taskinstance.py:2306} INFO - Starting attempt 1 of 2
[2024-07-31T16:55:51.093+0900] {taskinstance.py:2330} INFO - Executing <Task(PythonVirtualenvOperator): save.data> on 2024-07-28 02:10:00+00:00
[2024-07-31T16:55:51.096+0900] {standard_task_runner.py:64} INFO - Started process 20763 to run task
[2024-07-31T16:55:51.098+0900] {standard_task_runner.py:90} INFO - Running: ['airflow', 'tasks', 'run', 'movie', 'save.data', 'scheduled__2024-07-28T02:10:00+00:00', '--job-id', '872', '--raw', '--subdir', 'DAGS_FOLDER/movie.py', '--cfg-path', '/var/folders/qv/0knwm5h50ml0skpppwpbks_r0000gp/T/tmpzu00zg9x']
[2024-07-31T16:55:51.100+0900] {standard_task_runner.py:91} INFO - Job 872: Subtask save.data
[2024-07-31T16:55:51.114+0900] {task_command.py:426} INFO - Running <TaskInstance: movie.save.data scheduled__2024-07-28T02:10:00+00:00 [running]> on host jeongui-MacBookPro.local
[2024-07-31T16:55:51.134+0900] {taskinstance.py:2648} INFO - Exporting env vars: AIRFLOW_CTX_DAG_OWNER='airflow' AIRFLOW_CTX_DAG_ID='movie' AIRFLOW_CTX_TASK_ID='save.data' AIRFLOW_CTX_EXECUTION_DATE='2024-07-28T02:10:00+00:00' AIRFLOW_CTX_TRY_NUMBER='1' AIRFLOW_CTX_DAG_RUN_ID='scheduled__2024-07-28T02:10:00+00:00'
[2024-07-31T16:55:51.135+0900] {taskinstance.py:430} INFO - ::endgroup::
[2024-07-31T16:55:51.140+0900] {baseoperator.py:400} WARNING - PythonVirtualenvOperator.execute cannot be called outside TaskInstance!
[2024-07-31T16:55:51.141+0900] {process_utils.py:183} INFO - Executing cmd: /Users/DE32/.pyenv/versions/3.11.9/envs/note/bin/python -m virtualenv /var/folders/qv/0knwm5h50ml0skpppwpbks_r0000gp/T/venv6ggzktmv --python=python
[2024-07-31T16:55:51.143+0900] {process_utils.py:187} INFO - Output:
[2024-07-31T16:55:51.353+0900] {process_utils.py:191} INFO - created virtual environment CPython3.11.9.final.0-64 in 143ms
[2024-07-31T16:55:51.353+0900] {process_utils.py:191} INFO -   creator CPython3Posix(dest=/private/var/folders/qv/0knwm5h50ml0skpppwpbks_r0000gp/T/venv6ggzktmv, clear=False, no_vcs_ignore=False, global=False)
[2024-07-31T16:55:51.354+0900] {process_utils.py:191} INFO -   seeder FromAppData(download=False, pip=bundle, setuptools=bundle, wheel=bundle, via=copy, app_data_dir=/Users/DE32/Library/Application Support/virtualenv)
[2024-07-31T16:55:51.354+0900] {process_utils.py:191} INFO -     added seed packages: pip==24.1.2, setuptools==70.2.0, wheel==0.43.0
[2024-07-31T16:55:51.354+0900] {process_utils.py:191} INFO -   activators BashActivator,CShellActivator,FishActivator,NushellActivator,PowerShellActivator,PythonActivator
[2024-07-31T16:55:51.364+0900] {process_utils.py:183} INFO - Executing cmd: /var/folders/qv/0knwm5h50ml0skpppwpbks_r0000gp/T/venv6ggzktmv/bin/pip install -r /var/folders/qv/0knwm5h50ml0skpppwpbks_r0000gp/T/venv6ggzktmv/requirements.txt
[2024-07-31T16:55:51.366+0900] {process_utils.py:187} INFO - Output:
[2024-07-31T16:55:52.554+0900] {process_utils.py:191} INFO - Collecting git+https://github.com/Jeonghoon2/movie.git@0.2/api (from -r /var/folders/qv/0knwm5h50ml0skpppwpbks_r0000gp/T/venv6ggzktmv/requirements.txt (line 1))
[2024-07-31T16:55:52.554+0900] {process_utils.py:191} INFO -   Cloning https://github.com/Jeonghoon2/movie.git (to revision 0.2/api) to /private/var/folders/qv/0knwm5h50ml0skpppwpbks_r0000gp/T/pip-req-build-da_hsi3e
[2024-07-31T16:55:52.567+0900] {process_utils.py:191} INFO -   Running command git clone --filter=blob:none --quiet https://github.com/Jeonghoon2/movie.git /private/var/folders/qv/0knwm5h50ml0skpppwpbks_r0000gp/T/pip-req-build-da_hsi3e
[2024-07-31T16:55:54.057+0900] {process_utils.py:191} INFO -   Running command git checkout -b 0.2/api --track origin/0.2/api
[2024-07-31T16:55:54.573+0900] {process_utils.py:191} INFO -   Switched to a new branch '0.2/api'
[2024-07-31T16:55:54.574+0900] {process_utils.py:191} INFO -   branch '0.2/api' set up to track 'origin/0.2/api'.
[2024-07-31T16:55:54.574+0900] {process_utils.py:191} INFO -   Resolved https://github.com/Jeonghoon2/movie.git to commit 34de3b5e993ea074744539373447116355ac95da
[2024-07-31T16:55:54.595+0900] {process_utils.py:191} INFO -   Installing build dependencies: started
[2024-07-31T16:55:55.465+0900] {process_utils.py:191} INFO -   Installing build dependencies: finished with status 'done'
[2024-07-31T16:55:55.466+0900] {process_utils.py:191} INFO -   Getting requirements to build wheel: started
[2024-07-31T16:55:55.587+0900] {process_utils.py:191} INFO -   Getting requirements to build wheel: finished with status 'done'
[2024-07-31T16:55:55.588+0900] {process_utils.py:191} INFO -   Preparing metadata (pyproject.toml): started
[2024-07-31T16:55:55.712+0900] {process_utils.py:191} INFO -   Preparing metadata (pyproject.toml): finished with status 'done'
[2024-07-31T16:55:55.795+0900] {process_utils.py:191} INFO - Collecting requests>=2.32.3 (from mov==0.1.0->-r /var/folders/qv/0knwm5h50ml0skpppwpbks_r0000gp/T/venv6ggzktmv/requirements.txt (line 1))
[2024-07-31T16:55:55.796+0900] {process_utils.py:191} INFO -   Using cached requests-2.32.3-py3-none-any.whl.metadata (4.6 kB)
[2024-07-31T16:55:55.860+0900] {process_utils.py:191} INFO - Collecting pandas>=2.2.2 (from mov==0.1.0->-r /var/folders/qv/0knwm5h50ml0skpppwpbks_r0000gp/T/venv6ggzktmv/requirements.txt (line 1))
[2024-07-31T16:55:55.861+0900] {process_utils.py:191} INFO -   Using cached pandas-2.2.2-cp311-cp311-macosx_11_0_arm64.whl.metadata (19 kB)
[2024-07-31T16:55:55.960+0900] {process_utils.py:191} INFO - Collecting numpy>=2.0.1 (from mov==0.1.0->-r /var/folders/qv/0knwm5h50ml0skpppwpbks_r0000gp/T/venv6ggzktmv/requirements.txt (line 1))
[2024-07-31T16:55:55.961+0900] {process_utils.py:191} INFO -   Using cached numpy-2.0.1-cp311-cp311-macosx_14_0_arm64.whl.metadata (60 kB)
[2024-07-31T16:55:56.012+0900] {process_utils.py:191} INFO - Collecting pyarrow>=17.0.0 (from mov==0.1.0->-r /var/folders/qv/0knwm5h50ml0skpppwpbks_r0000gp/T/venv6ggzktmv/requirements.txt (line 1))
[2024-07-31T16:55:56.013+0900] {process_utils.py:191} INFO -   Using cached pyarrow-17.0.0-cp311-cp311-macosx_11_0_arm64.whl.metadata (3.3 kB)
[2024-07-31T16:55:56.036+0900] {process_utils.py:191} INFO - Collecting python-dateutil>=2.8.2 (from pandas>=2.2.2->mov==0.1.0->-r /var/folders/qv/0knwm5h50ml0skpppwpbks_r0000gp/T/venv6ggzktmv/requirements.txt (line 1))
[2024-07-31T16:55:56.037+0900] {process_utils.py:191} INFO -   Using cached python_dateutil-2.9.0.post0-py2.py3-none-any.whl.metadata (8.4 kB)
[2024-07-31T16:55:56.069+0900] {process_utils.py:191} INFO - Collecting pytz>=2020.1 (from pandas>=2.2.2->mov==0.1.0->-r /var/folders/qv/0knwm5h50ml0skpppwpbks_r0000gp/T/venv6ggzktmv/requirements.txt (line 1))
[2024-07-31T16:55:56.070+0900] {process_utils.py:191} INFO -   Using cached pytz-2024.1-py2.py3-none-any.whl.metadata (22 kB)
[2024-07-31T16:55:56.091+0900] {process_utils.py:191} INFO - Collecting tzdata>=2022.7 (from pandas>=2.2.2->mov==0.1.0->-r /var/folders/qv/0knwm5h50ml0skpppwpbks_r0000gp/T/venv6ggzktmv/requirements.txt (line 1))
[2024-07-31T16:55:56.091+0900] {process_utils.py:191} INFO -   Using cached tzdata-2024.1-py2.py3-none-any.whl.metadata (1.4 kB)
[2024-07-31T16:55:56.135+0900] {process_utils.py:191} INFO - Collecting charset-normalizer<4,>=2 (from requests>=2.32.3->mov==0.1.0->-r /var/folders/qv/0knwm5h50ml0skpppwpbks_r0000gp/T/venv6ggzktmv/requirements.txt (line 1))
[2024-07-31T16:55:56.135+0900] {process_utils.py:191} INFO -   Using cached charset_normalizer-3.3.2-cp311-cp311-macosx_11_0_arm64.whl.metadata (33 kB)
[2024-07-31T16:55:56.154+0900] {process_utils.py:191} INFO - Collecting idna<4,>=2.5 (from requests>=2.32.3->mov==0.1.0->-r /var/folders/qv/0knwm5h50ml0skpppwpbks_r0000gp/T/venv6ggzktmv/requirements.txt (line 1))
[2024-07-31T16:55:56.155+0900] {process_utils.py:191} INFO -   Using cached idna-3.7-py3-none-any.whl.metadata (9.9 kB)
[2024-07-31T16:55:56.180+0900] {process_utils.py:191} INFO - Collecting urllib3<3,>=1.21.1 (from requests>=2.32.3->mov==0.1.0->-r /var/folders/qv/0knwm5h50ml0skpppwpbks_r0000gp/T/venv6ggzktmv/requirements.txt (line 1))
[2024-07-31T16:55:56.180+0900] {process_utils.py:191} INFO -   Using cached urllib3-2.2.2-py3-none-any.whl.metadata (6.4 kB)
[2024-07-31T16:55:56.196+0900] {process_utils.py:191} INFO - Collecting certifi>=2017.4.17 (from requests>=2.32.3->mov==0.1.0->-r /var/folders/qv/0knwm5h50ml0skpppwpbks_r0000gp/T/venv6ggzktmv/requirements.txt (line 1))
[2024-07-31T16:55:56.197+0900] {process_utils.py:191} INFO -   Using cached certifi-2024.7.4-py3-none-any.whl.metadata (2.2 kB)
[2024-07-31T16:55:56.221+0900] {process_utils.py:191} INFO - Collecting six>=1.5 (from python-dateutil>=2.8.2->pandas>=2.2.2->mov==0.1.0->-r /var/folders/qv/0knwm5h50ml0skpppwpbks_r0000gp/T/venv6ggzktmv/requirements.txt (line 1))
[2024-07-31T16:55:56.222+0900] {process_utils.py:191} INFO -   Using cached six-1.16.0-py2.py3-none-any.whl.metadata (1.8 kB)
[2024-07-31T16:55:56.225+0900] {process_utils.py:191} INFO - Using cached numpy-2.0.1-cp311-cp311-macosx_14_0_arm64.whl (5.3 MB)
[2024-07-31T16:55:56.231+0900] {process_utils.py:191} INFO - Using cached pandas-2.2.2-cp311-cp311-macosx_11_0_arm64.whl (11.3 MB)
[2024-07-31T16:55:56.242+0900] {process_utils.py:191} INFO - Using cached pyarrow-17.0.0-cp311-cp311-macosx_11_0_arm64.whl (27.2 MB)
[2024-07-31T16:55:56.269+0900] {process_utils.py:191} INFO - Using cached requests-2.32.3-py3-none-any.whl (64 kB)
[2024-07-31T16:55:56.270+0900] {process_utils.py:191} INFO - Using cached certifi-2024.7.4-py3-none-any.whl (162 kB)
[2024-07-31T16:55:56.271+0900] {process_utils.py:191} INFO - Using cached charset_normalizer-3.3.2-cp311-cp311-macosx_11_0_arm64.whl (118 kB)
[2024-07-31T16:55:56.272+0900] {process_utils.py:191} INFO - Using cached idna-3.7-py3-none-any.whl (66 kB)
[2024-07-31T16:55:56.273+0900] {process_utils.py:191} INFO - Using cached python_dateutil-2.9.0.post0-py2.py3-none-any.whl (229 kB)
[2024-07-31T16:55:56.274+0900] {process_utils.py:191} INFO - Using cached pytz-2024.1-py2.py3-none-any.whl (505 kB)
[2024-07-31T16:55:56.275+0900] {process_utils.py:191} INFO - Using cached tzdata-2024.1-py2.py3-none-any.whl (345 kB)
[2024-07-31T16:55:56.276+0900] {process_utils.py:191} INFO - Using cached urllib3-2.2.2-py3-none-any.whl (121 kB)
[2024-07-31T16:55:56.277+0900] {process_utils.py:191} INFO - Using cached six-1.16.0-py2.py3-none-any.whl (11 kB)
[2024-07-31T16:55:56.319+0900] {process_utils.py:191} INFO - Building wheels for collected packages: mov
[2024-07-31T16:55:56.332+0900] {process_utils.py:191} INFO -   Building wheel for mov (pyproject.toml): started
[2024-07-31T16:55:56.465+0900] {process_utils.py:191} INFO -   Building wheel for mov (pyproject.toml): finished with status 'done'
[2024-07-31T16:55:56.466+0900] {process_utils.py:191} INFO -   Created wheel for mov: filename=mov-0.1.0-py3-none-any.whl size=3035 sha256=25cb3ab6638805b350118d02b9683c4d9d46a6cf9ecc692b34d19e54914fb505
[2024-07-31T16:55:56.466+0900] {process_utils.py:191} INFO -   Stored in directory: /private/var/folders/qv/0knwm5h50ml0skpppwpbks_r0000gp/T/pip-ephem-wheel-cache-oc_yryes/wheels/cf/ab/a7/d0c528d20fa8a5f19e169bdf1d98f2b2cefe79d8527bb89200
[2024-07-31T16:55:56.467+0900] {process_utils.py:191} INFO - Successfully built mov
[2024-07-31T16:55:56.494+0900] {process_utils.py:191} INFO - Installing collected packages: pytz, urllib3, tzdata, six, numpy, idna, charset-normalizer, certifi, requests, python-dateutil, pyarrow, pandas, mov
[2024-07-31T16:56:00.965+0900] {process_utils.py:191} INFO - Successfully installed certifi-2024.7.4 charset-normalizer-3.3.2 idna-3.7 mov-0.1.0 numpy-2.0.1 pandas-2.2.2 pyarrow-17.0.0 python-dateutil-2.9.0.post0 pytz-2024.1 requests-2.32.3 six-1.16.0 tzdata-2024.1 urllib3-2.2.2
[2024-07-31T16:56:00.971+0900] {process_utils.py:191} INFO - 
[2024-07-31T16:56:00.971+0900] {process_utils.py:191} INFO - [notice] A new release of pip is available: 24.1.2 -> 24.2
[2024-07-31T16:56:00.971+0900] {process_utils.py:191} INFO - [notice] To update, run: python -m pip install --upgrade pip
[2024-07-31T16:56:01.105+0900] {process_utils.py:183} INFO - Executing cmd: /var/folders/qv/0knwm5h50ml0skpppwpbks_r0000gp/T/venv6ggzktmv/bin/python /var/folders/qv/0knwm5h50ml0skpppwpbks_r0000gp/T/venv-call_zfx5r12/script.py /var/folders/qv/0knwm5h50ml0skpppwpbks_r0000gp/T/venv-call_zfx5r12/script.in /var/folders/qv/0knwm5h50ml0skpppwpbks_r0000gp/T/venv-call_zfx5r12/script.out /var/folders/qv/0knwm5h50ml0skpppwpbks_r0000gp/T/venv-call_zfx5r12/string_args.txt /var/folders/qv/0knwm5h50ml0skpppwpbks_r0000gp/T/venv-call_zfx5r12/termination.log
[2024-07-31T16:56:01.107+0900] {process_utils.py:187} INFO - Output:
[2024-07-31T16:56:14.260+0900] {process_utils.py:191} INFO - *********************************
[2024-07-31T16:56:14.260+0900] {process_utils.py:191} INFO -    rnum  rank  rankInten rankOldAndNew  ... audiChange  audiAcc scrnCnt  showCnt
[2024-07-31T16:56:14.261+0900] {process_utils.py:191} INFO - 0     1     1          0           OLD  ...      -21.0  1086003    1919     8414
[2024-07-31T16:56:14.261+0900] {process_utils.py:191} INFO - 1     2     2          0           OLD  ...       -0.3   588412    1178     4406
[2024-07-31T16:56:14.261+0900] {process_utils.py:191} INFO - 2     3     3          0           OLD  ...       -0.2  2282056     899     2339
[2024-07-31T16:56:14.262+0900] {process_utils.py:191} INFO - 3     4     4          0           OLD  ...        4.0  8291893     777     1608
[2024-07-31T16:56:14.262+0900] {process_utils.py:191} INFO - 4     5     5          0           OLD  ...       -1.2   557265     575     1032
[2024-07-31T16:56:14.262+0900] {process_utils.py:191} INFO - 5     6     6          0           OLD  ...       -8.3  1716970     528      837
[2024-07-31T16:56:14.263+0900] {process_utils.py:191} INFO - 6     7     7          1           OLD  ...       -1.0   672059     332      469
[2024-07-31T16:56:14.263+0900] {process_utils.py:191} INFO - 7     8     8         -1           OLD  ...      -44.7    49126      18       26
[2024-07-31T16:56:14.263+0900] {process_utils.py:191} INFO - 8     9     9          0           OLD  ...      -15.4    11546      12       16
[2024-07-31T16:56:14.264+0900] {process_utils.py:191} INFO - 9    10    10          0           OLD  ...       -8.1    65643      53       69
[2024-07-31T16:56:14.264+0900] {process_utils.py:191} INFO - 
[2024-07-31T16:56:14.264+0900] {process_utils.py:191} INFO - [10 rows x 18 columns]
[2024-07-31T16:56:14.265+0900] {process_utils.py:191} INFO - *********************************
[2024-07-31T16:56:14.265+0900] {process_utils.py:191} INFO - rnum               int64
[2024-07-31T16:56:14.265+0900] {process_utils.py:191} INFO - rank               int64
[2024-07-31T16:56:14.265+0900] {process_utils.py:191} INFO - rankInten          int64
[2024-07-31T16:56:14.266+0900] {process_utils.py:191} INFO - rankOldAndNew     object
[2024-07-31T16:56:14.266+0900] {process_utils.py:191} INFO - movieCd           object
[2024-07-31T16:56:14.266+0900] {process_utils.py:191} INFO - movieNm           object
[2024-07-31T16:56:14.266+0900] {process_utils.py:191} INFO - openDt            object
[2024-07-31T16:56:14.267+0900] {process_utils.py:191} INFO - salesAmt           int64
[2024-07-31T16:56:14.267+0900] {process_utils.py:191} INFO - salesShare       float64
[2024-07-31T16:56:14.267+0900] {process_utils.py:191} INFO - salesInten         int64
[2024-07-31T16:56:14.268+0900] {process_utils.py:191} INFO - salesChange      float64
[2024-07-31T16:56:14.268+0900] {process_utils.py:191} INFO - salesAcc          object
[2024-07-31T16:56:14.268+0900] {process_utils.py:191} INFO - audiCnt            int64
[2024-07-31T16:56:14.268+0900] {process_utils.py:191} INFO - audiInten          int64
[2024-07-31T16:56:14.268+0900] {process_utils.py:191} INFO - audiChange       float64
[2024-07-31T16:56:14.269+0900] {process_utils.py:191} INFO - audiAcc            int64
[2024-07-31T16:56:14.269+0900] {process_utils.py:191} INFO - scrnCnt            int64
[2024-07-31T16:56:14.269+0900] {process_utils.py:191} INFO - showCnt            int64
[2024-07-31T16:56:14.269+0900] {process_utils.py:191} INFO - dtype: object
[2024-07-31T16:56:14.270+0900] {process_utils.py:191} INFO - 개봉일 기준 그룹핑 누적 관객수 합
[2024-07-31T16:56:14.270+0900] {process_utils.py:191} INFO -        openDt  audiCnt
[2024-07-31T16:56:14.270+0900] {process_utils.py:191} INFO - 0  2024-06-12    58197
[2024-07-31T16:56:14.270+0900] {process_utils.py:191} INFO - 1  2024-06-26    23547
[2024-07-31T16:56:14.271+0900] {process_utils.py:191} INFO - 2  2024-07-03    85697
[2024-07-31T16:56:14.271+0900] {process_utils.py:191} INFO - 3  2024-07-12     8120
[2024-07-31T16:56:14.271+0900] {process_utils.py:191} INFO - 4  2024-07-17    27182
[2024-07-31T16:56:14.271+0900] {process_utils.py:191} INFO - 5  2024-07-24   391803
[2024-07-31T16:56:14.272+0900] {process_utils.py:191} INFO - 6  2024-07-31     6701
[2024-07-31T16:56:14.272+0900] {process_utils.py:191} INFO - 7  2024-08-07     3435
[2024-07-31T16:56:14.707+0900] {python.py:237} INFO - Done. Returned value was: None
[2024-07-31T16:56:14.707+0900] {taskinstance.py:441} INFO - ::group::Post task execution logs
[2024-07-31T16:56:14.711+0900] {taskinstance.py:1206} INFO - Marking task as SUCCESS. dag_id=movie, task_id=save.data, run_id=scheduled__2024-07-28T02:10:00+00:00, execution_date=20240728T021000, start_date=20240731T075551, end_date=20240731T075614
[2024-07-31T16:56:14.742+0900] {local_task_job_runner.py:243} INFO - Task exited with return code 0
[2024-07-31T16:56:14.748+0900] {taskinstance.py:3503} INFO - 0 downstream tasks scheduled from follow-on schedule check
[2024-07-31T16:56:14.748+0900] {local_task_job_runner.py:222} INFO - ::endgroup::
