[2024-07-31T11:28:59.025+0900] {local_task_job_runner.py:120} INFO - ::group::Pre task execution logs
[2024-07-31T11:28:59.036+0900] {taskinstance.py:2076} INFO - Dependencies all met for dep_context=non-requeueable deps ti=<TaskInstance: movie.save.data scheduled__2024-07-28T02:10:00+00:00 [queued]>
[2024-07-31T11:28:59.039+0900] {taskinstance.py:2076} INFO - Dependencies all met for dep_context=requeueable deps ti=<TaskInstance: movie.save.data scheduled__2024-07-28T02:10:00+00:00 [queued]>
[2024-07-31T11:28:59.039+0900] {taskinstance.py:2306} INFO - Starting attempt 2 of 3
[2024-07-31T11:28:59.046+0900] {taskinstance.py:2330} INFO - Executing <Task(PythonVirtualenvOperator): save.data> on 2024-07-28 02:10:00+00:00
[2024-07-31T11:28:59.049+0900] {standard_task_runner.py:64} INFO - Started process 11096 to run task
[2024-07-31T11:28:59.051+0900] {standard_task_runner.py:90} INFO - Running: ['airflow', 'tasks', 'run', 'movie', 'save.data', 'scheduled__2024-07-28T02:10:00+00:00', '--job-id', '759', '--raw', '--subdir', 'DAGS_FOLDER/movie.py', '--cfg-path', '/var/folders/qv/0knwm5h50ml0skpppwpbks_r0000gp/T/tmp7dq5xr14']
[2024-07-31T11:28:59.053+0900] {standard_task_runner.py:91} INFO - Job 759: Subtask save.data
[2024-07-31T11:28:59.067+0900] {task_command.py:426} INFO - Running <TaskInstance: movie.save.data scheduled__2024-07-28T02:10:00+00:00 [running]> on host jeongui-MacBookPro.local
[2024-07-31T11:28:59.089+0900] {taskinstance.py:2648} INFO - Exporting env vars: AIRFLOW_CTX_DAG_OWNER='airflow' AIRFLOW_CTX_DAG_ID='movie' AIRFLOW_CTX_TASK_ID='save.data' AIRFLOW_CTX_EXECUTION_DATE='2024-07-28T02:10:00+00:00' AIRFLOW_CTX_TRY_NUMBER='2' AIRFLOW_CTX_DAG_RUN_ID='scheduled__2024-07-28T02:10:00+00:00'
[2024-07-31T11:28:59.089+0900] {taskinstance.py:430} INFO - ::endgroup::
[2024-07-31T11:28:59.094+0900] {baseoperator.py:400} WARNING - PythonVirtualenvOperator.execute cannot be called outside TaskInstance!
[2024-07-31T11:28:59.095+0900] {process_utils.py:183} INFO - Executing cmd: /Users/DE32/.pyenv/versions/3.11.9/envs/note/bin/python -m virtualenv /var/folders/qv/0knwm5h50ml0skpppwpbks_r0000gp/T/venv3tdkossg --python=python
[2024-07-31T11:28:59.097+0900] {process_utils.py:187} INFO - Output:
[2024-07-31T11:28:59.346+0900] {process_utils.py:191} INFO - created virtual environment CPython3.11.9.final.0-64 in 182ms
[2024-07-31T11:28:59.347+0900] {process_utils.py:191} INFO -   creator CPython3Posix(dest=/private/var/folders/qv/0knwm5h50ml0skpppwpbks_r0000gp/T/venv3tdkossg, clear=False, no_vcs_ignore=False, global=False)
[2024-07-31T11:28:59.347+0900] {process_utils.py:191} INFO -   seeder FromAppData(download=False, pip=bundle, setuptools=bundle, wheel=bundle, via=copy, app_data_dir=/Users/DE32/Library/Application Support/virtualenv)
[2024-07-31T11:28:59.347+0900] {process_utils.py:191} INFO -     added seed packages: pip==24.1.2, setuptools==70.2.0, wheel==0.43.0
[2024-07-31T11:28:59.347+0900] {process_utils.py:191} INFO -   activators BashActivator,CShellActivator,FishActivator,NushellActivator,PowerShellActivator,PythonActivator
[2024-07-31T11:28:59.358+0900] {process_utils.py:183} INFO - Executing cmd: /var/folders/qv/0knwm5h50ml0skpppwpbks_r0000gp/T/venv3tdkossg/bin/pip install -r /var/folders/qv/0knwm5h50ml0skpppwpbks_r0000gp/T/venv3tdkossg/requirements.txt
[2024-07-31T11:28:59.360+0900] {process_utils.py:187} INFO - Output:
[2024-07-31T11:29:00.091+0900] {process_utils.py:191} INFO - Collecting git+https://github.com/Jeonghoon2/movie.git@0.2/api (from -r /var/folders/qv/0knwm5h50ml0skpppwpbks_r0000gp/T/venv3tdkossg/requirements.txt (line 1))
[2024-07-31T11:29:00.091+0900] {process_utils.py:191} INFO -   Cloning https://github.com/Jeonghoon2/movie.git (to revision 0.2/api) to /private/var/folders/qv/0knwm5h50ml0skpppwpbks_r0000gp/T/pip-req-build-zwflphi9
[2024-07-31T11:29:00.105+0900] {process_utils.py:191} INFO -   Running command git clone --filter=blob:none --quiet https://github.com/Jeonghoon2/movie.git /private/var/folders/qv/0knwm5h50ml0skpppwpbks_r0000gp/T/pip-req-build-zwflphi9
[2024-07-31T11:29:01.706+0900] {process_utils.py:191} INFO -   Running command git checkout -b 0.2/api --track origin/0.2/api
[2024-07-31T11:29:02.390+0900] {process_utils.py:191} INFO -   Switched to a new branch '0.2/api'
[2024-07-31T11:29:02.391+0900] {process_utils.py:191} INFO -   branch '0.2/api' set up to track 'origin/0.2/api'.
[2024-07-31T11:29:02.391+0900] {process_utils.py:191} INFO -   Resolved https://github.com/Jeonghoon2/movie.git to commit 514cfb45f6fa577ee07d4fa2076f9283780af81e
[2024-07-31T11:29:02.413+0900] {process_utils.py:191} INFO -   Installing build dependencies: started
[2024-07-31T11:29:03.341+0900] {process_utils.py:191} INFO -   Installing build dependencies: finished with status 'done'
[2024-07-31T11:29:03.341+0900] {process_utils.py:191} INFO -   Getting requirements to build wheel: started
[2024-07-31T11:29:03.463+0900] {process_utils.py:191} INFO -   Getting requirements to build wheel: finished with status 'done'
[2024-07-31T11:29:03.464+0900] {process_utils.py:191} INFO -   Preparing metadata (pyproject.toml): started
[2024-07-31T11:29:03.589+0900] {process_utils.py:191} INFO -   Preparing metadata (pyproject.toml): finished with status 'done'
[2024-07-31T11:29:03.660+0900] {process_utils.py:191} INFO - Collecting requests>=2.32.3 (from mov==0.1.0->-r /var/folders/qv/0knwm5h50ml0skpppwpbks_r0000gp/T/venv3tdkossg/requirements.txt (line 1))
[2024-07-31T11:29:03.661+0900] {process_utils.py:191} INFO -   Using cached requests-2.32.3-py3-none-any.whl.metadata (4.6 kB)
[2024-07-31T11:29:03.734+0900] {process_utils.py:191} INFO - Collecting pandas>=2.2.2 (from mov==0.1.0->-r /var/folders/qv/0knwm5h50ml0skpppwpbks_r0000gp/T/venv3tdkossg/requirements.txt (line 1))
[2024-07-31T11:29:03.735+0900] {process_utils.py:191} INFO -   Using cached pandas-2.2.2-cp311-cp311-macosx_11_0_arm64.whl.metadata (19 kB)
[2024-07-31T11:29:03.838+0900] {process_utils.py:191} INFO - Collecting numpy>=2.0.1 (from mov==0.1.0->-r /var/folders/qv/0knwm5h50ml0skpppwpbks_r0000gp/T/venv3tdkossg/requirements.txt (line 1))
[2024-07-31T11:29:03.839+0900] {process_utils.py:191} INFO -   Using cached numpy-2.0.1-cp311-cp311-macosx_14_0_arm64.whl.metadata (60 kB)
[2024-07-31T11:29:03.894+0900] {process_utils.py:191} INFO - Collecting pyarrow>=17.0.0 (from mov==0.1.0->-r /var/folders/qv/0knwm5h50ml0skpppwpbks_r0000gp/T/venv3tdkossg/requirements.txt (line 1))
[2024-07-31T11:29:03.895+0900] {process_utils.py:191} INFO -   Using cached pyarrow-17.0.0-cp311-cp311-macosx_11_0_arm64.whl.metadata (3.3 kB)
[2024-07-31T11:29:03.922+0900] {process_utils.py:191} INFO - Collecting python-dateutil>=2.8.2 (from pandas>=2.2.2->mov==0.1.0->-r /var/folders/qv/0knwm5h50ml0skpppwpbks_r0000gp/T/venv3tdkossg/requirements.txt (line 1))
[2024-07-31T11:29:03.923+0900] {process_utils.py:191} INFO -   Using cached python_dateutil-2.9.0.post0-py2.py3-none-any.whl.metadata (8.4 kB)
[2024-07-31T11:29:03.952+0900] {process_utils.py:191} INFO - Collecting pytz>=2020.1 (from pandas>=2.2.2->mov==0.1.0->-r /var/folders/qv/0knwm5h50ml0skpppwpbks_r0000gp/T/venv3tdkossg/requirements.txt (line 1))
[2024-07-31T11:29:03.953+0900] {process_utils.py:191} INFO -   Using cached pytz-2024.1-py2.py3-none-any.whl.metadata (22 kB)
[2024-07-31T11:29:03.970+0900] {process_utils.py:191} INFO - Collecting tzdata>=2022.7 (from pandas>=2.2.2->mov==0.1.0->-r /var/folders/qv/0knwm5h50ml0skpppwpbks_r0000gp/T/venv3tdkossg/requirements.txt (line 1))
[2024-07-31T11:29:03.970+0900] {process_utils.py:191} INFO -   Using cached tzdata-2024.1-py2.py3-none-any.whl.metadata (1.4 kB)
[2024-07-31T11:29:04.013+0900] {process_utils.py:191} INFO - Collecting charset-normalizer<4,>=2 (from requests>=2.32.3->mov==0.1.0->-r /var/folders/qv/0knwm5h50ml0skpppwpbks_r0000gp/T/venv3tdkossg/requirements.txt (line 1))
[2024-07-31T11:29:04.014+0900] {process_utils.py:191} INFO -   Using cached charset_normalizer-3.3.2-cp311-cp311-macosx_11_0_arm64.whl.metadata (33 kB)
[2024-07-31T11:29:04.028+0900] {process_utils.py:191} INFO - Collecting idna<4,>=2.5 (from requests>=2.32.3->mov==0.1.0->-r /var/folders/qv/0knwm5h50ml0skpppwpbks_r0000gp/T/venv3tdkossg/requirements.txt (line 1))
[2024-07-31T11:29:04.029+0900] {process_utils.py:191} INFO -   Using cached idna-3.7-py3-none-any.whl.metadata (9.9 kB)
[2024-07-31T11:29:04.057+0900] {process_utils.py:191} INFO - Collecting urllib3<3,>=1.21.1 (from requests>=2.32.3->mov==0.1.0->-r /var/folders/qv/0knwm5h50ml0skpppwpbks_r0000gp/T/venv3tdkossg/requirements.txt (line 1))
[2024-07-31T11:29:04.058+0900] {process_utils.py:191} INFO -   Using cached urllib3-2.2.2-py3-none-any.whl.metadata (6.4 kB)
[2024-07-31T11:29:04.088+0900] {process_utils.py:191} INFO - Collecting certifi>=2017.4.17 (from requests>=2.32.3->mov==0.1.0->-r /var/folders/qv/0knwm5h50ml0skpppwpbks_r0000gp/T/venv3tdkossg/requirements.txt (line 1))
[2024-07-31T11:29:04.090+0900] {process_utils.py:191} INFO -   Using cached certifi-2024.7.4-py3-none-any.whl.metadata (2.2 kB)
[2024-07-31T11:29:04.105+0900] {process_utils.py:191} INFO - Collecting six>=1.5 (from python-dateutil>=2.8.2->pandas>=2.2.2->mov==0.1.0->-r /var/folders/qv/0knwm5h50ml0skpppwpbks_r0000gp/T/venv3tdkossg/requirements.txt (line 1))
[2024-07-31T11:29:04.106+0900] {process_utils.py:191} INFO -   Using cached six-1.16.0-py2.py3-none-any.whl.metadata (1.8 kB)
[2024-07-31T11:29:04.109+0900] {process_utils.py:191} INFO - Using cached numpy-2.0.1-cp311-cp311-macosx_14_0_arm64.whl (5.3 MB)
[2024-07-31T11:29:04.115+0900] {process_utils.py:191} INFO - Using cached pandas-2.2.2-cp311-cp311-macosx_11_0_arm64.whl (11.3 MB)
[2024-07-31T11:29:04.126+0900] {process_utils.py:191} INFO - Using cached pyarrow-17.0.0-cp311-cp311-macosx_11_0_arm64.whl (27.2 MB)
[2024-07-31T11:29:04.152+0900] {process_utils.py:191} INFO - Using cached requests-2.32.3-py3-none-any.whl (64 kB)
[2024-07-31T11:29:04.153+0900] {process_utils.py:191} INFO - Using cached certifi-2024.7.4-py3-none-any.whl (162 kB)
[2024-07-31T11:29:04.154+0900] {process_utils.py:191} INFO - Using cached charset_normalizer-3.3.2-cp311-cp311-macosx_11_0_arm64.whl (118 kB)
[2024-07-31T11:29:04.155+0900] {process_utils.py:191} INFO - Using cached idna-3.7-py3-none-any.whl (66 kB)
[2024-07-31T11:29:04.156+0900] {process_utils.py:191} INFO - Using cached python_dateutil-2.9.0.post0-py2.py3-none-any.whl (229 kB)
[2024-07-31T11:29:04.157+0900] {process_utils.py:191} INFO - Using cached pytz-2024.1-py2.py3-none-any.whl (505 kB)
[2024-07-31T11:29:04.158+0900] {process_utils.py:191} INFO - Using cached tzdata-2024.1-py2.py3-none-any.whl (345 kB)
[2024-07-31T11:29:04.159+0900] {process_utils.py:191} INFO - Using cached urllib3-2.2.2-py3-none-any.whl (121 kB)
[2024-07-31T11:29:04.160+0900] {process_utils.py:191} INFO - Using cached six-1.16.0-py2.py3-none-any.whl (11 kB)
[2024-07-31T11:29:04.202+0900] {process_utils.py:191} INFO - Building wheels for collected packages: mov
[2024-07-31T11:29:04.215+0900] {process_utils.py:191} INFO -   Building wheel for mov (pyproject.toml): started
[2024-07-31T11:29:04.357+0900] {process_utils.py:191} INFO -   Building wheel for mov (pyproject.toml): finished with status 'done'
[2024-07-31T11:29:04.358+0900] {process_utils.py:191} INFO -   Created wheel for mov: filename=mov-0.1.0-py3-none-any.whl size=3017 sha256=5776da141e14691c37868f618230032a0719e3c5f180fc7878a945be2211bf31
[2024-07-31T11:29:04.358+0900] {process_utils.py:191} INFO -   Stored in directory: /private/var/folders/qv/0knwm5h50ml0skpppwpbks_r0000gp/T/pip-ephem-wheel-cache-fjnilzyd/wheels/cf/ab/a7/d0c528d20fa8a5f19e169bdf1d98f2b2cefe79d8527bb89200
[2024-07-31T11:29:04.360+0900] {process_utils.py:191} INFO - Successfully built mov
[2024-07-31T11:29:04.388+0900] {process_utils.py:191} INFO - Installing collected packages: pytz, urllib3, tzdata, six, numpy, idna, charset-normalizer, certifi, requests, python-dateutil, pyarrow, pandas, mov
[2024-07-31T11:29:08.897+0900] {process_utils.py:191} INFO - Successfully installed certifi-2024.7.4 charset-normalizer-3.3.2 idna-3.7 mov-0.1.0 numpy-2.0.1 pandas-2.2.2 pyarrow-17.0.0 python-dateutil-2.9.0.post0 pytz-2024.1 requests-2.32.3 six-1.16.0 tzdata-2024.1 urllib3-2.2.2
[2024-07-31T11:29:08.900+0900] {process_utils.py:191} INFO - 
[2024-07-31T11:29:08.900+0900] {process_utils.py:191} INFO - [notice] A new release of pip is available: 24.1.2 -> 24.2
[2024-07-31T11:29:08.900+0900] {process_utils.py:191} INFO - [notice] To update, run: python -m pip install --upgrade pip
[2024-07-31T11:29:09.031+0900] {process_utils.py:183} INFO - Executing cmd: /var/folders/qv/0knwm5h50ml0skpppwpbks_r0000gp/T/venv3tdkossg/bin/python /var/folders/qv/0knwm5h50ml0skpppwpbks_r0000gp/T/venv-callrs2uk0qf/script.py /var/folders/qv/0knwm5h50ml0skpppwpbks_r0000gp/T/venv-callrs2uk0qf/script.in /var/folders/qv/0knwm5h50ml0skpppwpbks_r0000gp/T/venv-callrs2uk0qf/script.out /var/folders/qv/0knwm5h50ml0skpppwpbks_r0000gp/T/venv-callrs2uk0qf/string_args.txt /var/folders/qv/0knwm5h50ml0skpppwpbks_r0000gp/T/venv-callrs2uk0qf/termination.log
[2024-07-31T11:29:09.033+0900] {process_utils.py:187} INFO - Output:
[2024-07-31T11:29:22.896+0900] {process_utils.py:191} INFO - *********************************
[2024-07-31T11:29:22.897+0900] {process_utils.py:191} INFO -    rnum  rank  rankInten rankOldAndNew  ... audiChange  audiAcc scrnCnt  showCnt
[2024-07-31T11:29:22.897+0900] {process_utils.py:191} INFO - 0     1     1          0           OLD  ...      -21.0  1086015    1919     8414
[2024-07-31T11:29:22.897+0900] {process_utils.py:191} INFO - 1     2     2          0           OLD  ...       -0.3   588412    1178     4406
[2024-07-31T11:29:22.898+0900] {process_utils.py:191} INFO - 2     3     3          0           OLD  ...       -0.2  2282056     899     2339
[2024-07-31T11:29:22.898+0900] {process_utils.py:191} INFO - 3     4     4          0           OLD  ...        4.0  8291896     777     1608
[2024-07-31T11:29:22.898+0900] {process_utils.py:191} INFO - 4     5     5          0           OLD  ...       -1.2   557265     575     1032
[2024-07-31T11:29:22.899+0900] {process_utils.py:191} INFO - 5     6     6          0           OLD  ...       -8.3  1716883     528      837
[2024-07-31T11:29:22.899+0900] {process_utils.py:191} INFO - 6     7     7          1           OLD  ...       -1.0   672059     332      469
[2024-07-31T11:29:22.899+0900] {process_utils.py:191} INFO - 7     8     8         -1           OLD  ...      -44.7    49126      18       26
[2024-07-31T11:29:22.899+0900] {process_utils.py:191} INFO - 8     9     9          0           OLD  ...      -15.4    11546      12       16
[2024-07-31T11:29:22.900+0900] {process_utils.py:191} INFO - 9    10    10          0           OLD  ...       -8.1    65643      53       69
[2024-07-31T11:29:22.900+0900] {process_utils.py:191} INFO - 
[2024-07-31T11:29:22.900+0900] {process_utils.py:191} INFO - [10 rows x 18 columns]
[2024-07-31T11:29:22.901+0900] {process_utils.py:191} INFO - *********************************
[2024-07-31T11:29:22.901+0900] {process_utils.py:191} INFO - rnum               int64
[2024-07-31T11:29:22.901+0900] {process_utils.py:191} INFO - rank               int64
[2024-07-31T11:29:22.902+0900] {process_utils.py:191} INFO - rankInten          int64
[2024-07-31T11:29:22.902+0900] {process_utils.py:191} INFO - rankOldAndNew     object
[2024-07-31T11:29:22.902+0900] {process_utils.py:191} INFO - movieCd           object
[2024-07-31T11:29:22.902+0900] {process_utils.py:191} INFO - movieNm           object
[2024-07-31T11:29:22.903+0900] {process_utils.py:191} INFO - openDt            object
[2024-07-31T11:29:22.903+0900] {process_utils.py:191} INFO - salesAmt           int64
[2024-07-31T11:29:22.903+0900] {process_utils.py:191} INFO - salesShare       float64
[2024-07-31T11:29:22.903+0900] {process_utils.py:191} INFO - salesInten         int64
[2024-07-31T11:29:22.903+0900] {process_utils.py:191} INFO - salesChange      float64
[2024-07-31T11:29:22.904+0900] {process_utils.py:191} INFO - salesAcc          object
[2024-07-31T11:29:22.904+0900] {process_utils.py:191} INFO - audiCnt            int64
[2024-07-31T11:29:22.904+0900] {process_utils.py:191} INFO - audiInten          int64
[2024-07-31T11:29:22.904+0900] {process_utils.py:191} INFO - audiChange       float64
[2024-07-31T11:29:22.905+0900] {process_utils.py:191} INFO - audiAcc            int64
[2024-07-31T11:29:22.905+0900] {process_utils.py:191} INFO - scrnCnt            int64
[2024-07-31T11:29:22.905+0900] {process_utils.py:191} INFO - showCnt            int64
[2024-07-31T11:29:22.905+0900] {process_utils.py:191} INFO - dtype: object
[2024-07-31T11:29:22.906+0900] {process_utils.py:191} INFO - 개봉일 기준 그룹핑 누적 관객수 합
[2024-07-31T11:29:22.906+0900] {process_utils.py:191} INFO -        openDt  audiCnt
[2024-07-31T11:29:22.906+0900] {process_utils.py:191} INFO - 0  2024-06-12    58197
[2024-07-31T11:29:22.906+0900] {process_utils.py:191} INFO - 1  2024-06-26    23547
[2024-07-31T11:29:22.907+0900] {process_utils.py:191} INFO - 2  2024-07-03    85697
[2024-07-31T11:29:22.907+0900] {process_utils.py:191} INFO - 3  2024-07-12     8120
[2024-07-31T11:29:22.907+0900] {process_utils.py:191} INFO - 4  2024-07-17    27182
[2024-07-31T11:29:22.907+0900] {process_utils.py:191} INFO - 5  2024-07-24   391803
[2024-07-31T11:29:22.908+0900] {process_utils.py:191} INFO - 6  2024-07-31     6701
[2024-07-31T11:29:22.908+0900] {process_utils.py:191} INFO - 7  2024-08-07     3435
[2024-07-31T11:29:23.344+0900] {python.py:237} INFO - Done. Returned value was: None
[2024-07-31T11:29:23.344+0900] {taskinstance.py:441} INFO - ::group::Post task execution logs
[2024-07-31T11:29:23.348+0900] {taskinstance.py:1206} INFO - Marking task as SUCCESS. dag_id=movie, task_id=save.data, run_id=scheduled__2024-07-28T02:10:00+00:00, execution_date=20240728T021000, start_date=20240731T022859, end_date=20240731T022923
[2024-07-31T11:29:23.360+0900] {local_task_job_runner.py:243} INFO - Task exited with return code 0
[2024-07-31T11:29:23.366+0900] {taskinstance.py:3503} INFO - 0 downstream tasks scheduled from follow-on schedule check
[2024-07-31T11:29:23.366+0900] {local_task_job_runner.py:222} INFO - ::endgroup::
[2024-07-31T19:51:56.909+0900] {local_task_job_runner.py:120} INFO - ::group::Pre task execution logs
[2024-07-31T19:51:56.920+0900] {taskinstance.py:2076} INFO - Dependencies all met for dep_context=non-requeueable deps ti=<TaskInstance: movie.save.data scheduled__2024-07-28T02:10:00+00:00 [queued]>
[2024-07-31T19:51:56.923+0900] {taskinstance.py:2076} INFO - Dependencies all met for dep_context=requeueable deps ti=<TaskInstance: movie.save.data scheduled__2024-07-28T02:10:00+00:00 [queued]>
[2024-07-31T19:51:56.923+0900] {taskinstance.py:2306} INFO - Starting attempt 2 of 3
[2024-07-31T19:51:56.929+0900] {taskinstance.py:2330} INFO - Executing <Task(PythonVirtualenvOperator): save.data> on 2024-07-28 02:10:00+00:00
[2024-07-31T19:51:56.932+0900] {standard_task_runner.py:64} INFO - Started process 33326 to run task
[2024-07-31T19:51:56.934+0900] {standard_task_runner.py:90} INFO - Running: ['airflow', 'tasks', 'run', 'movie', 'save.data', 'scheduled__2024-07-28T02:10:00+00:00', '--job-id', '980', '--raw', '--subdir', 'DAGS_FOLDER/movie.py', '--cfg-path', '/var/folders/qv/0knwm5h50ml0skpppwpbks_r0000gp/T/tmp5e3tjuy5']
[2024-07-31T19:51:56.936+0900] {standard_task_runner.py:91} INFO - Job 980: Subtask save.data
[2024-07-31T19:51:56.950+0900] {task_command.py:426} INFO - Running <TaskInstance: movie.save.data scheduled__2024-07-28T02:10:00+00:00 [running]> on host jeongui-MacBookPro.local
[2024-07-31T19:51:56.971+0900] {taskinstance.py:2648} INFO - Exporting env vars: AIRFLOW_CTX_DAG_OWNER='airflow' AIRFLOW_CTX_DAG_ID='movie' AIRFLOW_CTX_TASK_ID='save.data' AIRFLOW_CTX_EXECUTION_DATE='2024-07-28T02:10:00+00:00' AIRFLOW_CTX_TRY_NUMBER='2' AIRFLOW_CTX_DAG_RUN_ID='scheduled__2024-07-28T02:10:00+00:00'
[2024-07-31T19:51:56.972+0900] {taskinstance.py:430} INFO - ::endgroup::
[2024-07-31T19:51:56.977+0900] {baseoperator.py:400} WARNING - PythonVirtualenvOperator.execute cannot be called outside TaskInstance!
[2024-07-31T19:51:56.978+0900] {process_utils.py:183} INFO - Executing cmd: /Users/DE32/.pyenv/versions/3.11.9/envs/note/bin/python -m virtualenv /var/folders/qv/0knwm5h50ml0skpppwpbks_r0000gp/T/venvqikur6rn --python=python
[2024-07-31T19:51:56.980+0900] {process_utils.py:187} INFO - Output:
[2024-07-31T19:51:57.155+0900] {process_utils.py:191} INFO - created virtual environment CPython3.11.9.final.0-64 in 117ms
[2024-07-31T19:51:57.156+0900] {process_utils.py:191} INFO -   creator CPython3Posix(dest=/private/var/folders/qv/0knwm5h50ml0skpppwpbks_r0000gp/T/venvqikur6rn, clear=False, no_vcs_ignore=False, global=False)
[2024-07-31T19:51:57.156+0900] {process_utils.py:191} INFO -   seeder FromAppData(download=False, pip=bundle, setuptools=bundle, wheel=bundle, via=copy, app_data_dir=/Users/DE32/Library/Application Support/virtualenv)
[2024-07-31T19:51:57.156+0900] {process_utils.py:191} INFO -     added seed packages: pip==24.1.2, setuptools==70.2.0, wheel==0.43.0
[2024-07-31T19:51:57.156+0900] {process_utils.py:191} INFO -   activators BashActivator,CShellActivator,FishActivator,NushellActivator,PowerShellActivator,PythonActivator
[2024-07-31T19:51:57.167+0900] {process_utils.py:183} INFO - Executing cmd: /var/folders/qv/0knwm5h50ml0skpppwpbks_r0000gp/T/venvqikur6rn/bin/pip install -r /var/folders/qv/0knwm5h50ml0skpppwpbks_r0000gp/T/venvqikur6rn/requirements.txt
[2024-07-31T19:51:57.169+0900] {process_utils.py:187} INFO - Output:
[2024-07-31T19:51:57.888+0900] {process_utils.py:191} INFO - Collecting git+https://github.com/Jeonghoon2/movie.git@0.2/api (from -r /var/folders/qv/0knwm5h50ml0skpppwpbks_r0000gp/T/venvqikur6rn/requirements.txt (line 1))
[2024-07-31T19:51:57.889+0900] {process_utils.py:191} INFO -   Cloning https://github.com/Jeonghoon2/movie.git (to revision 0.2/api) to /private/var/folders/qv/0knwm5h50ml0skpppwpbks_r0000gp/T/pip-req-build-ocs1t8pw
[2024-07-31T19:51:57.900+0900] {process_utils.py:191} INFO -   Running command git clone --filter=blob:none --quiet https://github.com/Jeonghoon2/movie.git /private/var/folders/qv/0knwm5h50ml0skpppwpbks_r0000gp/T/pip-req-build-ocs1t8pw
[2024-07-31T19:51:59.323+0900] {process_utils.py:191} INFO -   Running command git checkout -b 0.2/api --track origin/0.2/api
[2024-07-31T19:52:00.096+0900] {process_utils.py:191} INFO -   Switched to a new branch '0.2/api'
[2024-07-31T19:52:00.097+0900] {process_utils.py:191} INFO -   branch '0.2/api' set up to track 'origin/0.2/api'.
[2024-07-31T19:52:00.098+0900] {process_utils.py:191} INFO -   Resolved https://github.com/Jeonghoon2/movie.git to commit c2fdd392ce95b386519b05b3bab786608cdb1c58
[2024-07-31T19:52:00.119+0900] {process_utils.py:191} INFO -   Installing build dependencies: started
[2024-07-31T19:52:01.005+0900] {process_utils.py:191} INFO -   Installing build dependencies: finished with status 'done'
[2024-07-31T19:52:01.006+0900] {process_utils.py:191} INFO -   Getting requirements to build wheel: started
[2024-07-31T19:52:01.127+0900] {process_utils.py:191} INFO -   Getting requirements to build wheel: finished with status 'done'
[2024-07-31T19:52:01.128+0900] {process_utils.py:191} INFO -   Preparing metadata (pyproject.toml): started
[2024-07-31T19:52:01.252+0900] {process_utils.py:191} INFO -   Preparing metadata (pyproject.toml): finished with status 'done'
[2024-07-31T19:52:01.312+0900] {process_utils.py:191} INFO - Collecting requests>=2.32.3 (from mov==0.1.0->-r /var/folders/qv/0knwm5h50ml0skpppwpbks_r0000gp/T/venvqikur6rn/requirements.txt (line 1))
[2024-07-31T19:52:01.313+0900] {process_utils.py:191} INFO -   Using cached requests-2.32.3-py3-none-any.whl.metadata (4.6 kB)
[2024-07-31T19:52:01.377+0900] {process_utils.py:191} INFO - Collecting pandas>=2.2.2 (from mov==0.1.0->-r /var/folders/qv/0knwm5h50ml0skpppwpbks_r0000gp/T/venvqikur6rn/requirements.txt (line 1))
[2024-07-31T19:52:01.378+0900] {process_utils.py:191} INFO -   Using cached pandas-2.2.2-cp311-cp311-macosx_11_0_arm64.whl.metadata (19 kB)
[2024-07-31T19:52:01.475+0900] {process_utils.py:191} INFO - Collecting numpy>=2.0.1 (from mov==0.1.0->-r /var/folders/qv/0knwm5h50ml0skpppwpbks_r0000gp/T/venvqikur6rn/requirements.txt (line 1))
[2024-07-31T19:52:01.476+0900] {process_utils.py:191} INFO -   Using cached numpy-2.0.1-cp311-cp311-macosx_14_0_arm64.whl.metadata (60 kB)
[2024-07-31T19:52:01.542+0900] {process_utils.py:191} INFO - Collecting pyarrow>=17.0.0 (from mov==0.1.0->-r /var/folders/qv/0knwm5h50ml0skpppwpbks_r0000gp/T/venvqikur6rn/requirements.txt (line 1))
[2024-07-31T19:52:01.543+0900] {process_utils.py:191} INFO -   Using cached pyarrow-17.0.0-cp311-cp311-macosx_11_0_arm64.whl.metadata (3.3 kB)
[2024-07-31T19:52:01.564+0900] {process_utils.py:191} INFO - Collecting python-dateutil>=2.8.2 (from pandas>=2.2.2->mov==0.1.0->-r /var/folders/qv/0knwm5h50ml0skpppwpbks_r0000gp/T/venvqikur6rn/requirements.txt (line 1))
[2024-07-31T19:52:01.564+0900] {process_utils.py:191} INFO -   Using cached python_dateutil-2.9.0.post0-py2.py3-none-any.whl.metadata (8.4 kB)
[2024-07-31T19:52:01.592+0900] {process_utils.py:191} INFO - Collecting pytz>=2020.1 (from pandas>=2.2.2->mov==0.1.0->-r /var/folders/qv/0knwm5h50ml0skpppwpbks_r0000gp/T/venvqikur6rn/requirements.txt (line 1))
[2024-07-31T19:52:01.593+0900] {process_utils.py:191} INFO -   Using cached pytz-2024.1-py2.py3-none-any.whl.metadata (22 kB)
[2024-07-31T19:52:01.606+0900] {process_utils.py:191} INFO - Collecting tzdata>=2022.7 (from pandas>=2.2.2->mov==0.1.0->-r /var/folders/qv/0knwm5h50ml0skpppwpbks_r0000gp/T/venvqikur6rn/requirements.txt (line 1))
[2024-07-31T19:52:01.607+0900] {process_utils.py:191} INFO -   Using cached tzdata-2024.1-py2.py3-none-any.whl.metadata (1.4 kB)
[2024-07-31T19:52:01.650+0900] {process_utils.py:191} INFO - Collecting charset-normalizer<4,>=2 (from requests>=2.32.3->mov==0.1.0->-r /var/folders/qv/0knwm5h50ml0skpppwpbks_r0000gp/T/venvqikur6rn/requirements.txt (line 1))
[2024-07-31T19:52:01.651+0900] {process_utils.py:191} INFO -   Using cached charset_normalizer-3.3.2-cp311-cp311-macosx_11_0_arm64.whl.metadata (33 kB)
[2024-07-31T19:52:01.666+0900] {process_utils.py:191} INFO - Collecting idna<4,>=2.5 (from requests>=2.32.3->mov==0.1.0->-r /var/folders/qv/0knwm5h50ml0skpppwpbks_r0000gp/T/venvqikur6rn/requirements.txt (line 1))
[2024-07-31T19:52:01.667+0900] {process_utils.py:191} INFO -   Using cached idna-3.7-py3-none-any.whl.metadata (9.9 kB)
[2024-07-31T19:52:01.692+0900] {process_utils.py:191} INFO - Collecting urllib3<3,>=1.21.1 (from requests>=2.32.3->mov==0.1.0->-r /var/folders/qv/0knwm5h50ml0skpppwpbks_r0000gp/T/venvqikur6rn/requirements.txt (line 1))
[2024-07-31T19:52:01.693+0900] {process_utils.py:191} INFO -   Using cached urllib3-2.2.2-py3-none-any.whl.metadata (6.4 kB)
[2024-07-31T19:52:01.712+0900] {process_utils.py:191} INFO - Collecting certifi>=2017.4.17 (from requests>=2.32.3->mov==0.1.0->-r /var/folders/qv/0knwm5h50ml0skpppwpbks_r0000gp/T/venvqikur6rn/requirements.txt (line 1))
[2024-07-31T19:52:01.713+0900] {process_utils.py:191} INFO -   Using cached certifi-2024.7.4-py3-none-any.whl.metadata (2.2 kB)
[2024-07-31T19:52:01.738+0900] {process_utils.py:191} INFO - Collecting six>=1.5 (from python-dateutil>=2.8.2->pandas>=2.2.2->mov==0.1.0->-r /var/folders/qv/0knwm5h50ml0skpppwpbks_r0000gp/T/venvqikur6rn/requirements.txt (line 1))
[2024-07-31T19:52:01.739+0900] {process_utils.py:191} INFO -   Using cached six-1.16.0-py2.py3-none-any.whl.metadata (1.8 kB)
[2024-07-31T19:52:01.742+0900] {process_utils.py:191} INFO - Using cached numpy-2.0.1-cp311-cp311-macosx_14_0_arm64.whl (5.3 MB)
[2024-07-31T19:52:01.748+0900] {process_utils.py:191} INFO - Using cached pandas-2.2.2-cp311-cp311-macosx_11_0_arm64.whl (11.3 MB)
[2024-07-31T19:52:01.759+0900] {process_utils.py:191} INFO - Using cached pyarrow-17.0.0-cp311-cp311-macosx_11_0_arm64.whl (27.2 MB)
[2024-07-31T19:52:01.786+0900] {process_utils.py:191} INFO - Using cached requests-2.32.3-py3-none-any.whl (64 kB)
[2024-07-31T19:52:01.787+0900] {process_utils.py:191} INFO - Using cached certifi-2024.7.4-py3-none-any.whl (162 kB)
[2024-07-31T19:52:01.788+0900] {process_utils.py:191} INFO - Using cached charset_normalizer-3.3.2-cp311-cp311-macosx_11_0_arm64.whl (118 kB)
[2024-07-31T19:52:01.789+0900] {process_utils.py:191} INFO - Using cached idna-3.7-py3-none-any.whl (66 kB)
[2024-07-31T19:52:01.789+0900] {process_utils.py:191} INFO - Using cached python_dateutil-2.9.0.post0-py2.py3-none-any.whl (229 kB)
[2024-07-31T19:52:01.791+0900] {process_utils.py:191} INFO - Using cached pytz-2024.1-py2.py3-none-any.whl (505 kB)
[2024-07-31T19:52:01.792+0900] {process_utils.py:191} INFO - Using cached tzdata-2024.1-py2.py3-none-any.whl (345 kB)
[2024-07-31T19:52:01.793+0900] {process_utils.py:191} INFO - Using cached urllib3-2.2.2-py3-none-any.whl (121 kB)
[2024-07-31T19:52:01.794+0900] {process_utils.py:191} INFO - Using cached six-1.16.0-py2.py3-none-any.whl (11 kB)
[2024-07-31T19:52:01.835+0900] {process_utils.py:191} INFO - Building wheels for collected packages: mov
[2024-07-31T19:52:01.848+0900] {process_utils.py:191} INFO -   Building wheel for mov (pyproject.toml): started
[2024-07-31T19:52:01.984+0900] {process_utils.py:191} INFO -   Building wheel for mov (pyproject.toml): finished with status 'done'
[2024-07-31T19:52:01.985+0900] {process_utils.py:191} INFO -   Created wheel for mov: filename=mov-0.1.0-py3-none-any.whl size=3056 sha256=26d07b47b17ab057995c788dac7e1f1ff96b6bb8addc0e6c19750b91c54786fd
[2024-07-31T19:52:01.985+0900] {process_utils.py:191} INFO -   Stored in directory: /private/var/folders/qv/0knwm5h50ml0skpppwpbks_r0000gp/T/pip-ephem-wheel-cache-9ep2sb25/wheels/cf/ab/a7/d0c528d20fa8a5f19e169bdf1d98f2b2cefe79d8527bb89200
[2024-07-31T19:52:01.986+0900] {process_utils.py:191} INFO - Successfully built mov
[2024-07-31T19:52:02.014+0900] {process_utils.py:191} INFO - Installing collected packages: pytz, urllib3, tzdata, six, numpy, idna, charset-normalizer, certifi, requests, python-dateutil, pyarrow, pandas, mov
[2024-07-31T19:52:06.478+0900] {process_utils.py:191} INFO - Successfully installed certifi-2024.7.4 charset-normalizer-3.3.2 idna-3.7 mov-0.1.0 numpy-2.0.1 pandas-2.2.2 pyarrow-17.0.0 python-dateutil-2.9.0.post0 pytz-2024.1 requests-2.32.3 six-1.16.0 tzdata-2024.1 urllib3-2.2.2
[2024-07-31T19:52:06.481+0900] {process_utils.py:191} INFO - 
[2024-07-31T19:52:06.481+0900] {process_utils.py:191} INFO - [notice] A new release of pip is available: 24.1.2 -> 24.2
[2024-07-31T19:52:06.482+0900] {process_utils.py:191} INFO - [notice] To update, run: python -m pip install --upgrade pip
[2024-07-31T19:52:06.625+0900] {process_utils.py:183} INFO - Executing cmd: /var/folders/qv/0knwm5h50ml0skpppwpbks_r0000gp/T/venvqikur6rn/bin/python /var/folders/qv/0knwm5h50ml0skpppwpbks_r0000gp/T/venv-calluqnqq71l/script.py /var/folders/qv/0knwm5h50ml0skpppwpbks_r0000gp/T/venv-calluqnqq71l/script.in /var/folders/qv/0knwm5h50ml0skpppwpbks_r0000gp/T/venv-calluqnqq71l/script.out /var/folders/qv/0knwm5h50ml0skpppwpbks_r0000gp/T/venv-calluqnqq71l/string_args.txt /var/folders/qv/0knwm5h50ml0skpppwpbks_r0000gp/T/venv-calluqnqq71l/termination.log
[2024-07-31T19:52:06.627+0900] {process_utils.py:187} INFO - Output:
[2024-07-31T19:52:20.017+0900] {process_utils.py:191} INFO - *********************************
[2024-07-31T19:52:20.018+0900] {process_utils.py:191} INFO -    rnum  rank  rankInten  ... showCnt multiMovieYn repNationCd
[2024-07-31T19:52:20.018+0900] {process_utils.py:191} INFO - 0     1     1          0  ...    8414          NaN         NaN
[2024-07-31T19:52:20.019+0900] {process_utils.py:191} INFO - 1     2     2          0  ...    4406          NaN         NaN
[2024-07-31T19:52:20.019+0900] {process_utils.py:191} INFO - 2     3     3          0  ...    2339          NaN         NaN
[2024-07-31T19:52:20.019+0900] {process_utils.py:191} INFO - 3     4     4          0  ...    1608          NaN         NaN
[2024-07-31T19:52:20.020+0900] {process_utils.py:191} INFO - 4     5     5          0  ...    1032          NaN         NaN
[2024-07-31T19:52:20.020+0900] {process_utils.py:191} INFO - 5     6     6          0  ...     837          NaN         NaN
[2024-07-31T19:52:20.020+0900] {process_utils.py:191} INFO - 6     7     7          1  ...     469          NaN         NaN
[2024-07-31T19:52:20.020+0900] {process_utils.py:191} INFO - 7     8     8         -1  ...      26          NaN         NaN
[2024-07-31T19:52:20.021+0900] {process_utils.py:191} INFO - 8     9     9          0  ...      16          NaN         NaN
[2024-07-31T19:52:20.021+0900] {process_utils.py:191} INFO - 9    10    10          0  ...      69          NaN         NaN
[2024-07-31T19:52:20.021+0900] {process_utils.py:191} INFO - 
[2024-07-31T19:52:20.021+0900] {process_utils.py:191} INFO - [10 rows x 20 columns]
[2024-07-31T19:52:20.022+0900] {process_utils.py:191} INFO - *********************************
[2024-07-31T19:52:20.022+0900] {process_utils.py:191} INFO - rnum                int64
[2024-07-31T19:52:20.022+0900] {process_utils.py:191} INFO - rank                int64
[2024-07-31T19:52:20.022+0900] {process_utils.py:191} INFO - rankInten           int64
[2024-07-31T19:52:20.023+0900] {process_utils.py:191} INFO - rankOldAndNew      object
[2024-07-31T19:52:20.023+0900] {process_utils.py:191} INFO - movieCd            object
[2024-07-31T19:52:20.023+0900] {process_utils.py:191} INFO - movieNm            object
[2024-07-31T19:52:20.023+0900] {process_utils.py:191} INFO - openDt             object
[2024-07-31T19:52:20.024+0900] {process_utils.py:191} INFO - salesAmt            int64
[2024-07-31T19:52:20.024+0900] {process_utils.py:191} INFO - salesShare        float64
[2024-07-31T19:52:20.024+0900] {process_utils.py:191} INFO - salesInten          int64
[2024-07-31T19:52:20.024+0900] {process_utils.py:191} INFO - salesChange       float64
[2024-07-31T19:52:20.025+0900] {process_utils.py:191} INFO - salesAcc           object
[2024-07-31T19:52:20.025+0900] {process_utils.py:191} INFO - audiCnt             int64
[2024-07-31T19:52:20.025+0900] {process_utils.py:191} INFO - audiInten           int64
[2024-07-31T19:52:20.025+0900] {process_utils.py:191} INFO - audiChange        float64
[2024-07-31T19:52:20.026+0900] {process_utils.py:191} INFO - audiAcc             int64
[2024-07-31T19:52:20.026+0900] {process_utils.py:191} INFO - scrnCnt             int64
[2024-07-31T19:52:20.026+0900] {process_utils.py:191} INFO - showCnt             int64
[2024-07-31T19:52:20.026+0900] {process_utils.py:191} INFO - multiMovieYn     category
[2024-07-31T19:52:20.027+0900] {process_utils.py:191} INFO - repNationCd      category
[2024-07-31T19:52:20.027+0900] {process_utils.py:191} INFO - dtype: object
[2024-07-31T19:52:20.027+0900] {process_utils.py:191} INFO - 개봉일 기준 그룹핑 누적 관객수 합
[2024-07-31T19:52:20.027+0900] {process_utils.py:191} INFO -         openDt  audiCnt
[2024-07-31T19:52:20.028+0900] {process_utils.py:191} INFO - 0   1996-03-30     2706
[2024-07-31T19:52:20.028+0900] {process_utils.py:191} INFO - 1   2014-07-24     1432
[2024-07-31T19:52:20.028+0900] {process_utils.py:191} INFO - 2   2019-06-20      229
[2024-07-31T19:52:20.028+0900] {process_utils.py:191} INFO - 3   2022-07-06      175
[2024-07-31T19:52:20.028+0900] {process_utils.py:191} INFO - 4   2024-06-05      584
[2024-07-31T19:52:20.029+0900] {process_utils.py:191} INFO - 5   2024-06-12   174591
[2024-07-31T19:52:20.029+0900] {process_utils.py:191} INFO - 6   2024-06-19      441
[2024-07-31T19:52:20.029+0900] {process_utils.py:191} INFO - 7   2024-06-21     2548
[2024-07-31T19:52:20.029+0900] {process_utils.py:191} INFO - 8   2024-06-26    70641
[2024-07-31T19:52:20.030+0900] {process_utils.py:191} INFO - 9   2024-07-03   257091
[2024-07-31T19:52:20.030+0900] {process_utils.py:191} INFO - 10  2024-07-10     6726
[2024-07-31T19:52:20.030+0900] {process_utils.py:191} INFO - 11  2024-07-11     1464
[2024-07-31T19:52:20.030+0900] {process_utils.py:191} INFO - 12  2024-07-12    24360
[2024-07-31T19:52:20.030+0900] {process_utils.py:191} INFO - 13  2024-07-17    81546
[2024-07-31T19:52:20.031+0900] {process_utils.py:191} INFO - 14  2024-07-18     1852
[2024-07-31T19:52:20.031+0900] {process_utils.py:191} INFO - 15  2024-07-24  1176297
[2024-07-31T19:52:20.031+0900] {process_utils.py:191} INFO - 16  2024-07-31    20259
[2024-07-31T19:52:20.031+0900] {process_utils.py:191} INFO - 17  2024-08-07    12255
[2024-07-31T19:52:20.464+0900] {python.py:237} INFO - Done. Returned value was: None
[2024-07-31T19:52:20.465+0900] {taskinstance.py:441} INFO - ::group::Post task execution logs
[2024-07-31T19:52:20.468+0900] {taskinstance.py:1206} INFO - Marking task as SUCCESS. dag_id=movie, task_id=save.data, run_id=scheduled__2024-07-28T02:10:00+00:00, execution_date=20240728T021000, start_date=20240731T105156, end_date=20240731T105220
[2024-07-31T19:52:20.519+0900] {local_task_job_runner.py:243} INFO - Task exited with return code 0
[2024-07-31T19:52:20.525+0900] {taskinstance.py:3503} INFO - 0 downstream tasks scheduled from follow-on schedule check
[2024-07-31T19:52:20.525+0900] {local_task_job_runner.py:222} INFO - ::endgroup::
