[2024-07-29T12:31:35.398+0900] {local_task_job_runner.py:120} INFO - ::group::Pre task execution logs
[2024-07-29T12:31:35.410+0900] {taskinstance.py:2076} INFO - Dependencies all met for dep_context=non-requeueable deps ti=<TaskInstance: movie.get_data scheduled__2024-07-28T02:10:00+00:00 [queued]>
[2024-07-29T12:31:35.414+0900] {taskinstance.py:2076} INFO - Dependencies all met for dep_context=requeueable deps ti=<TaskInstance: movie.get_data scheduled__2024-07-28T02:10:00+00:00 [queued]>
[2024-07-29T12:31:35.414+0900] {taskinstance.py:2306} INFO - Starting attempt 2 of 3
[2024-07-29T12:31:35.420+0900] {taskinstance.py:2330} INFO - Executing <Task(PythonOperator): get_data> on 2024-07-28 02:10:00+00:00
[2024-07-29T12:31:35.423+0900] {standard_task_runner.py:64} INFO - Started process 72071 to run task
[2024-07-29T12:31:35.425+0900] {standard_task_runner.py:90} INFO - Running: ['airflow', 'tasks', 'run', 'movie', 'get_data', 'scheduled__2024-07-28T02:10:00+00:00', '--job-id', '524', '--raw', '--subdir', 'DAGS_FOLDER/movie.py', '--cfg-path', '/var/folders/qv/0knwm5h50ml0skpppwpbks_r0000gp/T/tmpo4dcvg2b']
[2024-07-29T12:31:35.427+0900] {standard_task_runner.py:91} INFO - Job 524: Subtask get_data
[2024-07-29T12:31:35.440+0900] {task_command.py:426} INFO - Running <TaskInstance: movie.get_data scheduled__2024-07-28T02:10:00+00:00 [running]> on host jeongui-MacBookPro.local
[2024-07-29T12:31:35.462+0900] {taskinstance.py:2648} INFO - Exporting env vars: AIRFLOW_CTX_DAG_OWNER='airflow' AIRFLOW_CTX_DAG_ID='movie' AIRFLOW_CTX_TASK_ID='get_data' AIRFLOW_CTX_EXECUTION_DATE='2024-07-28T02:10:00+00:00' AIRFLOW_CTX_TRY_NUMBER='2' AIRFLOW_CTX_DAG_RUN_ID='scheduled__2024-07-28T02:10:00+00:00'
[2024-07-29T12:31:35.463+0900] {taskinstance.py:430} INFO - ::endgroup::
[2024-07-29T12:31:35.468+0900] {logging_mixin.py:188} INFO - 2024-07-28
[2024-07-29T12:31:35.468+0900] {logging_mixin.py:188} INFO - {'conf': <airflow.configuration.AirflowConfigParser object at 0x1027a21d0>, 'dag': <DAG: movie>, 'dag_run': <DagRun movie @ 2024-07-28 02:10:00+00:00: scheduled__2024-07-28T02:10:00+00:00, state:running, queued_at: 2024-07-29 03:30:18.790219+00:00. externally triggered: False>, 'data_interval_end': DateTime(2024, 7, 29, 2, 10, 0, tzinfo=Timezone('UTC')), 'data_interval_start': DateTime(2024, 7, 28, 2, 10, 0, tzinfo=Timezone('UTC')), 'ds_nodash': '20240728', 'execution_date': <Proxy at 0x10b87fec0 with factory functools.partial(<function lazy_mapping_from_context.<locals>._deprecated_proxy_factory at 0x108534e00>, 'execution_date', DateTime(2024, 7, 28, 2, 10, 0, tzinfo=Timezone('UTC')))>, 'expanded_ti_count': None, 'inlets': [], 'logical_date': DateTime(2024, 7, 28, 2, 10, 0, tzinfo=Timezone('UTC')), 'macros': <module 'airflow.macros' from '/Users/DE32/.pyenv/versions/3.11.9/envs/note/lib/python3.11/site-packages/airflow/macros/__init__.py'>, 'map_index_template': None, 'next_ds': <Proxy at 0x10b849200 with factory functools.partial(<function lazy_mapping_from_context.<locals>._deprecated_proxy_factory at 0x108534e00>, 'next_ds', '2024-07-29')>, 'next_ds_nodash': <Proxy at 0x10b891400 with factory functools.partial(<function lazy_mapping_from_context.<locals>._deprecated_proxy_factory at 0x108534e00>, 'next_ds_nodash', '20240729')>, 'next_execution_date': <Proxy at 0x10b8949c0 with factory functools.partial(<function lazy_mapping_from_context.<locals>._deprecated_proxy_factory at 0x108534e00>, 'next_execution_date', DateTime(2024, 7, 29, 2, 10, 0, tzinfo=Timezone('UTC')))>, 'outlets': [], 'params': {}, 'prev_data_interval_start_success': DateTime(2024, 7, 25, 2, 10, 0, tzinfo=Timezone('UTC')), 'prev_data_interval_end_success': DateTime(2024, 7, 26, 2, 10, 0, tzinfo=Timezone('UTC')), 'prev_ds': <Proxy at 0x10b894600 with factory functools.partial(<function lazy_mapping_from_context.<locals>._deprecated_proxy_factory at 0x108534e00>, 'prev_ds', '2024-07-27')>, 'prev_ds_nodash': <Proxy at 0x10b8bba00 with factory functools.partial(<function lazy_mapping_from_context.<locals>._deprecated_proxy_factory at 0x108534e00>, 'prev_ds_nodash', '20240727')>, 'prev_execution_date': <Proxy at 0x10b8bbac0 with factory functools.partial(<function lazy_mapping_from_context.<locals>._deprecated_proxy_factory at 0x108534e00>, 'prev_execution_date', DateTime(2024, 7, 27, 2, 10, 0, tzinfo=Timezone('UTC')))>, 'prev_execution_date_success': <Proxy at 0x10b8bbb80 with factory functools.partial(<function lazy_mapping_from_context.<locals>._deprecated_proxy_factory at 0x108534e00>, 'prev_execution_date_success', DateTime(2024, 7, 25, 2, 10, 0, tzinfo=Timezone('UTC')))>, 'prev_start_date_success': DateTime(2024, 7, 29, 3, 30, 20, 516511, tzinfo=Timezone('UTC')), 'prev_end_date_success': DateTime(2024, 7, 29, 3, 31, 29, 728709, tzinfo=Timezone('UTC')), 'run_id': 'scheduled__2024-07-28T02:10:00+00:00', 'task': <Task(PythonOperator): get_data>, 'task_instance': <TaskInstance: movie.get_data scheduled__2024-07-28T02:10:00+00:00 [running]>, 'task_instance_key_str': 'movie__get_data__20240728', 'test_mode': False, 'ti': <TaskInstance: movie.get_data scheduled__2024-07-28T02:10:00+00:00 [running]>, 'tomorrow_ds': <Proxy at 0x10b8bbc40 with factory functools.partial(<function lazy_mapping_from_context.<locals>._deprecated_proxy_factory at 0x108534e00>, 'tomorrow_ds', '2024-07-29')>, 'tomorrow_ds_nodash': <Proxy at 0x10b8bbd00 with factory functools.partial(<function lazy_mapping_from_context.<locals>._deprecated_proxy_factory at 0x108534e00>, 'tomorrow_ds_nodash', '20240729')>, 'triggering_dataset_events': <Proxy at 0x10b817300 with factory <function _get_template_context.<locals>.get_triggering_events at 0x10b810400>>, 'ts': '2024-07-28T02:10:00+00:00', 'ts_nodash': '20240728T021000', 'ts_nodash_with_tz': '20240728T021000+0000', 'var': {'json': None, 'value': None}, 'conn': None, 'yesterday_ds': <Proxy at 0x10b8bbdc0 with factory functools.partial(<function lazy_mapping_from_context.<locals>._deprecated_proxy_factory at 0x108534e00>, 'yesterday_ds', '2024-07-27')>, 'yesterday_ds_nodash': <Proxy at 0x10b8bbe80 with factory functools.partial(<function lazy_mapping_from_context.<locals>._deprecated_proxy_factory at 0x108534e00>, 'yesterday_ds_nodash', '20240727')>, 'templates_dict': None}
[2024-07-29T12:31:35.468+0900] {logging_mixin.py:188} INFO - ds_nodash => 20240728
[2024-07-29T12:31:35.468+0900] {python.py:237} INFO - Done. Returned value was: None
[2024-07-29T12:31:35.469+0900] {taskinstance.py:441} INFO - ::group::Post task execution logs
[2024-07-29T12:31:35.470+0900] {taskinstance.py:1206} INFO - Marking task as SUCCESS. dag_id=movie, task_id=get_data, run_id=scheduled__2024-07-28T02:10:00+00:00, execution_date=20240728T021000, start_date=20240729T033135, end_date=20240729T033135
[2024-07-29T12:31:35.487+0900] {local_task_job_runner.py:243} INFO - Task exited with return code 0
[2024-07-29T12:31:35.495+0900] {taskinstance.py:3503} INFO - 0 downstream tasks scheduled from follow-on schedule check
[2024-07-29T12:31:35.495+0900] {local_task_job_runner.py:222} INFO - ::endgroup::
[2024-07-29T16:02:41.672+0900] {local_task_job_runner.py:120} INFO - ::group::Pre task execution logs
[2024-07-29T16:02:41.681+0900] {taskinstance.py:2076} INFO - Dependencies all met for dep_context=non-requeueable deps ti=<TaskInstance: movie.get_data scheduled__2024-07-28T02:10:00+00:00 [queued]>
[2024-07-29T16:02:41.683+0900] {taskinstance.py:2076} INFO - Dependencies all met for dep_context=requeueable deps ti=<TaskInstance: movie.get_data scheduled__2024-07-28T02:10:00+00:00 [queued]>
[2024-07-29T16:02:41.683+0900] {taskinstance.py:2306} INFO - Starting attempt 2 of 2
[2024-07-29T16:02:41.688+0900] {taskinstance.py:2330} INFO - Executing <Task(PythonOperator): get_data> on 2024-07-28 02:10:00+00:00
[2024-07-29T16:02:41.690+0900] {standard_task_runner.py:64} INFO - Started process 5236 to run task
[2024-07-29T16:02:41.693+0900] {standard_task_runner.py:90} INFO - Running: ['airflow', 'tasks', 'run', 'movie', 'get_data', 'scheduled__2024-07-28T02:10:00+00:00', '--job-id', '562', '--raw', '--subdir', 'DAGS_FOLDER/movie.py', '--cfg-path', '/var/folders/qv/0knwm5h50ml0skpppwpbks_r0000gp/T/tmppcnetsfr']
[2024-07-29T16:02:41.694+0900] {standard_task_runner.py:91} INFO - Job 562: Subtask get_data
[2024-07-29T16:02:41.711+0900] {task_command.py:426} INFO - Running <TaskInstance: movie.get_data scheduled__2024-07-28T02:10:00+00:00 [running]> on host jeongui-MacBookPro.local
[2024-07-29T16:02:41.731+0900] {taskinstance.py:2648} INFO - Exporting env vars: AIRFLOW_CTX_DAG_OWNER='airflow' AIRFLOW_CTX_DAG_ID='movie' AIRFLOW_CTX_TASK_ID='get_data' AIRFLOW_CTX_EXECUTION_DATE='2024-07-28T02:10:00+00:00' AIRFLOW_CTX_TRY_NUMBER='2' AIRFLOW_CTX_DAG_RUN_ID='scheduled__2024-07-28T02:10:00+00:00'
[2024-07-29T16:02:41.732+0900] {taskinstance.py:430} INFO - ::endgroup::
[2024-07-29T16:02:41.736+0900] {logging_mixin.py:188} INFO - 2024-07-28
[2024-07-29T16:02:41.737+0900] {logging_mixin.py:188} INFO - {'conf': <airflow.configuration.AirflowConfigParser object at 0x1033321d0>, 'dag': <DAG: movie>, 'dag_run': <DagRun movie @ 2024-07-28 02:10:00+00:00: scheduled__2024-07-28T02:10:00+00:00, state:running, queued_at: 2024-07-29 07:01:50.409031+00:00. externally triggered: False>, 'data_interval_end': DateTime(2024, 7, 29, 2, 10, 0, tzinfo=Timezone('UTC')), 'data_interval_start': DateTime(2024, 7, 28, 2, 10, 0, tzinfo=Timezone('UTC')), 'ds_nodash': '20240728', 'execution_date': <Proxy at 0x108cab980 with factory functools.partial(<function lazy_mapping_from_context.<locals>._deprecated_proxy_factory at 0x10ade9bc0>, 'execution_date', DateTime(2024, 7, 28, 2, 10, 0, tzinfo=Timezone('UTC')))>, 'expanded_ti_count': None, 'inlets': [], 'logical_date': DateTime(2024, 7, 28, 2, 10, 0, tzinfo=Timezone('UTC')), 'macros': <module 'airflow.macros' from '/Users/DE32/.pyenv/versions/3.11.9/envs/note/lib/python3.11/site-packages/airflow/macros/__init__.py'>, 'map_index_template': None, 'next_ds': <Proxy at 0x10ad5a880 with factory functools.partial(<function lazy_mapping_from_context.<locals>._deprecated_proxy_factory at 0x10ade9bc0>, 'next_ds', '2024-07-28')>, 'next_ds_nodash': <Proxy at 0x10ae52540 with factory functools.partial(<function lazy_mapping_from_context.<locals>._deprecated_proxy_factory at 0x10ade9bc0>, 'next_ds_nodash', '20240728')>, 'next_execution_date': <Proxy at 0x10ae52a00 with factory functools.partial(<function lazy_mapping_from_context.<locals>._deprecated_proxy_factory at 0x10ade9bc0>, 'next_execution_date', DateTime(2024, 7, 28, 4, 10, 0, tzinfo=Timezone('UTC')))>, 'outlets': [], 'params': {}, 'prev_data_interval_start_success': None, 'prev_data_interval_end_success': None, 'prev_ds': <Proxy at 0x10ae53100 with factory functools.partial(<function lazy_mapping_from_context.<locals>._deprecated_proxy_factory at 0x10ade9bc0>, 'prev_ds', '2024-07-27')>, 'prev_ds_nodash': <Proxy at 0x10ae95000 with factory functools.partial(<function lazy_mapping_from_context.<locals>._deprecated_proxy_factory at 0x10ade9bc0>, 'prev_ds_nodash', '20240727')>, 'prev_execution_date': <Proxy at 0x10ae950c0 with factory functools.partial(<function lazy_mapping_from_context.<locals>._deprecated_proxy_factory at 0x10ade9bc0>, 'prev_execution_date', DateTime(2024, 7, 27, 4, 10, 0, tzinfo=Timezone('UTC')))>, 'prev_execution_date_success': <Proxy at 0x10ae95180 with factory functools.partial(<function lazy_mapping_from_context.<locals>._deprecated_proxy_factory at 0x10ade9bc0>, 'prev_execution_date_success', None)>, 'prev_start_date_success': None, 'prev_end_date_success': None, 'run_id': 'scheduled__2024-07-28T02:10:00+00:00', 'task': <Task(PythonOperator): get_data>, 'task_instance': <TaskInstance: movie.get_data scheduled__2024-07-28T02:10:00+00:00 [running]>, 'task_instance_key_str': 'movie__get_data__20240728', 'test_mode': False, 'ti': <TaskInstance: movie.get_data scheduled__2024-07-28T02:10:00+00:00 [running]>, 'tomorrow_ds': <Proxy at 0x10ae95240 with factory functools.partial(<function lazy_mapping_from_context.<locals>._deprecated_proxy_factory at 0x10ade9bc0>, 'tomorrow_ds', '2024-07-29')>, 'tomorrow_ds_nodash': <Proxy at 0x10ae95300 with factory functools.partial(<function lazy_mapping_from_context.<locals>._deprecated_proxy_factory at 0x10ade9bc0>, 'tomorrow_ds_nodash', '20240729')>, 'triggering_dataset_events': <Proxy at 0x10adefb80 with factory <function _get_template_context.<locals>.get_triggering_events at 0x10ad9f7e0>>, 'ts': '2024-07-28T02:10:00+00:00', 'ts_nodash': '20240728T021000', 'ts_nodash_with_tz': '20240728T021000+0000', 'var': {'json': None, 'value': None}, 'conn': None, 'yesterday_ds': <Proxy at 0x10ae953c0 with factory functools.partial(<function lazy_mapping_from_context.<locals>._deprecated_proxy_factory at 0x10ade9bc0>, 'yesterday_ds', '2024-07-27')>, 'yesterday_ds_nodash': <Proxy at 0x10ae95480 with factory functools.partial(<function lazy_mapping_from_context.<locals>._deprecated_proxy_factory at 0x10ade9bc0>, 'yesterday_ds_nodash', '20240727')>, 'templates_dict': None}
[2024-07-29T16:02:41.737+0900] {logging_mixin.py:188} INFO - ====================
[2024-07-29T16:02:41.737+0900] {logging_mixin.py:188} INFO - ds_nodash => 20240728
[2024-07-29T16:02:41.737+0900] {logging_mixin.py:188} INFO - kwargs type => <class 'dict'>
[2024-07-29T16:02:41.737+0900] {logging_mixin.py:188} INFO - ====================
[2024-07-29T16:02:41.738+0900] {taskinstance.py:441} INFO - ::group::Post task execution logs
[2024-07-29T16:02:41.738+0900] {taskinstance.py:2905} ERROR - Task failed with exception
Traceback (most recent call last):
  File "/Users/DE32/.pyenv/versions/3.11.9/envs/note/lib/python3.11/site-packages/airflow/models/taskinstance.py", line 465, in _execute_task
    result = _execute_callable(context=context, **execute_callable_kwargs)
             ^^^^^^^^^^^^^^^^^^^^^^^^^^^^^^^^^^^^^^^^^^^^^^^^^^^^^^^^^^^^^
  File "/Users/DE32/.pyenv/versions/3.11.9/envs/note/lib/python3.11/site-packages/airflow/models/taskinstance.py", line 432, in _execute_callable
    return execute_callable(context=context, **execute_callable_kwargs)
           ^^^^^^^^^^^^^^^^^^^^^^^^^^^^^^^^^^^^^^^^^^^^^^^^^^^^^^^^^^^^
  File "/Users/DE32/.pyenv/versions/3.11.9/envs/note/lib/python3.11/site-packages/airflow/models/baseoperator.py", line 401, in wrapper
    return func(self, *args, **kwargs)
           ^^^^^^^^^^^^^^^^^^^^^^^^^^^
  File "/Users/DE32/.pyenv/versions/3.11.9/envs/note/lib/python3.11/site-packages/airflow/operators/python.py", line 235, in execute
    return_value = self.execute_callable()
                   ^^^^^^^^^^^^^^^^^^^^^^^
  File "/Users/DE32/.pyenv/versions/3.11.9/envs/note/lib/python3.11/site-packages/airflow/operators/python.py", line 252, in execute_callable
    return self.python_callable(*self.op_args, **self.op_kwargs)
           ^^^^^^^^^^^^^^^^^^^^^^^^^^^^^^^^^^^^^^^^^^^^^^^^^^^^^
  File "/Users/DE32/airflow/dags/movie.py", line 32, in get_data
    from movie.api.call import get_key, save2df
ModuleNotFoundError: No module named 'movie.api'; 'movie' is not a package
[2024-07-29T16:02:41.740+0900] {taskinstance.py:1206} INFO - Marking task as FAILED. dag_id=movie, task_id=get_data, run_id=scheduled__2024-07-28T02:10:00+00:00, execution_date=20240728T021000, start_date=20240729T070241, end_date=20240729T070241
[2024-07-29T16:02:41.744+0900] {standard_task_runner.py:110} ERROR - Failed to execute job 562 for task get_data (No module named 'movie.api'; 'movie' is not a package; 5236)
[2024-07-29T16:02:41.755+0900] {local_task_job_runner.py:243} INFO - Task exited with return code 1
[2024-07-29T16:02:41.763+0900] {taskinstance.py:3503} INFO - 0 downstream tasks scheduled from follow-on schedule check
[2024-07-29T16:02:41.764+0900] {local_task_job_runner.py:222} INFO - ::endgroup::
