[2024-07-24T16:23:12.450+0900] {local_task_job_runner.py:120} INFO - ::group::Pre task execution logs
[2024-07-24T16:23:12.460+0900] {taskinstance.py:2076} INFO - Dependencies all met for dep_context=non-requeueable deps ti=<TaskInstance: make_parquet.check.done scheduled__2024-07-23T00:00:00+00:00 [queued]>
[2024-07-24T16:23:12.463+0900] {taskinstance.py:2076} INFO - Dependencies all met for dep_context=requeueable deps ti=<TaskInstance: make_parquet.check.done scheduled__2024-07-23T00:00:00+00:00 [queued]>
[2024-07-24T16:23:12.463+0900] {taskinstance.py:2306} INFO - Starting attempt 2 of 2
[2024-07-24T16:23:12.469+0900] {taskinstance.py:2330} INFO - Executing <Task(BashOperator): check.done> on 2024-07-23 00:00:00+00:00
[2024-07-24T16:23:12.472+0900] {standard_task_runner.py:64} INFO - Started process 99049 to run task
[2024-07-24T16:23:12.475+0900] {standard_task_runner.py:90} INFO - Running: ['airflow', 'tasks', 'run', 'make_parquet', 'check.done', 'scheduled__2024-07-23T00:00:00+00:00', '--job-id', '419', '--raw', '--subdir', 'DAGS_FOLDER/make_parquet.py', '--cfg-path', '/var/folders/qv/0knwm5h50ml0skpppwpbks_r0000gp/T/tmpkj05sap4']
[2024-07-24T16:23:12.477+0900] {standard_task_runner.py:91} INFO - Job 419: Subtask check.done
[2024-07-24T16:23:12.497+0900] {task_command.py:426} INFO - Running <TaskInstance: make_parquet.check.done scheduled__2024-07-23T00:00:00+00:00 [running]> on host jeongui-MacBookPro.local
[2024-07-24T16:23:12.523+0900] {taskinstance.py:2648} INFO - Exporting env vars: AIRFLOW_CTX_DAG_OWNER='airflow' AIRFLOW_CTX_DAG_ID='make_parquet' AIRFLOW_CTX_TASK_ID='check.done' AIRFLOW_CTX_EXECUTION_DATE='2024-07-23T00:00:00+00:00' AIRFLOW_CTX_TRY_NUMBER='2' AIRFLOW_CTX_DAG_RUN_ID='scheduled__2024-07-23T00:00:00+00:00'
[2024-07-24T16:23:12.524+0900] {taskinstance.py:430} INFO - ::endgroup::
[2024-07-24T16:23:12.530+0900] {subprocess.py:63} INFO - Tmp dir root location: /var/folders/qv/0knwm5h50ml0skpppwpbks_r0000gp/T
[2024-07-24T16:23:12.530+0900] {subprocess.py:75} INFO - Running command: ['/bin/bash', '-c', '\n        DONE_FILE=~/data/done/_import/20240723/_DONE\n        bash /Users/DE32/airflow/sh/simple_done_check.sh $DONE_FILE\n        ']
[2024-07-24T16:23:12.533+0900] {subprocess.py:86} INFO - Output:
[2024-07-24T16:23:12.537+0900] {subprocess.py:93} INFO - _DONE Path = /Users/DE32/data/done/_import/20240723/_DONE
[2024-07-24T16:23:12.537+0900] {subprocess.py:93} INFO - I'll be back =>
[2024-07-24T16:23:12.538+0900] {subprocess.py:97} INFO - Command exited with return code 1
[2024-07-24T16:23:12.538+0900] {taskinstance.py:441} INFO - ::group::Post task execution logs
[2024-07-24T16:23:12.541+0900] {taskinstance.py:2905} ERROR - Task failed with exception
Traceback (most recent call last):
  File "/Users/DE32/.pyenv/versions/3.11.9/envs/note/lib/python3.11/site-packages/airflow/models/taskinstance.py", line 465, in _execute_task
    result = _execute_callable(context=context, **execute_callable_kwargs)
             ^^^^^^^^^^^^^^^^^^^^^^^^^^^^^^^^^^^^^^^^^^^^^^^^^^^^^^^^^^^^^
  File "/Users/DE32/.pyenv/versions/3.11.9/envs/note/lib/python3.11/site-packages/airflow/models/taskinstance.py", line 432, in _execute_callable
    return execute_callable(context=context, **execute_callable_kwargs)
           ^^^^^^^^^^^^^^^^^^^^^^^^^^^^^^^^^^^^^^^^^^^^^^^^^^^^^^^^^^^^
  File "/Users/DE32/.pyenv/versions/3.11.9/envs/note/lib/python3.11/site-packages/airflow/models/baseoperator.py", line 401, in wrapper
    return func(self, *args, **kwargs)
           ^^^^^^^^^^^^^^^^^^^^^^^^^^^
  File "/Users/DE32/.pyenv/versions/3.11.9/envs/note/lib/python3.11/site-packages/airflow/operators/bash.py", line 243, in execute
    raise AirflowException(
airflow.exceptions.AirflowException: Bash command failed. The command returned a non-zero exit code 1.
[2024-07-24T16:23:12.542+0900] {taskinstance.py:1206} INFO - Marking task as FAILED. dag_id=make_parquet, task_id=check.done, run_id=scheduled__2024-07-23T00:00:00+00:00, execution_date=20240723T000000, start_date=20240724T072312, end_date=20240724T072312
[2024-07-24T16:23:12.545+0900] {standard_task_runner.py:110} ERROR - Failed to execute job 419 for task check.done (Bash command failed. The command returned a non-zero exit code 1.; 99049)
[2024-07-24T16:23:12.575+0900] {local_task_job_runner.py:243} INFO - Task exited with return code 1
[2024-07-24T16:23:12.585+0900] {taskinstance.py:3503} INFO - 1 downstream tasks scheduled from follow-on schedule check
[2024-07-24T16:23:12.586+0900] {local_task_job_runner.py:222} INFO - ::endgroup::
[2024-07-24T16:38:10.675+0900] {local_task_job_runner.py:120} INFO - ::group::Pre task execution logs
[2024-07-24T16:38:10.682+0900] {taskinstance.py:2076} INFO - Dependencies all met for dep_context=non-requeueable deps ti=<TaskInstance: make_parquet.check.done scheduled__2024-07-23T00:00:00+00:00 [queued]>
[2024-07-24T16:38:10.684+0900] {taskinstance.py:2076} INFO - Dependencies all met for dep_context=requeueable deps ti=<TaskInstance: make_parquet.check.done scheduled__2024-07-23T00:00:00+00:00 [queued]>
[2024-07-24T16:38:10.685+0900] {taskinstance.py:2306} INFO - Starting attempt 2 of 2
[2024-07-24T16:38:10.689+0900] {taskinstance.py:2330} INFO - Executing <Task(BashOperator): check.done> on 2024-07-23 00:00:00+00:00
[2024-07-24T16:38:10.691+0900] {standard_task_runner.py:64} INFO - Started process 1713 to run task
[2024-07-24T16:38:10.694+0900] {standard_task_runner.py:90} INFO - Running: ['airflow', 'tasks', 'run', 'make_parquet', 'check.done', 'scheduled__2024-07-23T00:00:00+00:00', '--job-id', '407', '--raw', '--subdir', 'DAGS_FOLDER/make_parquet.py', '--cfg-path', '/var/folders/qv/0knwm5h50ml0skpppwpbks_r0000gp/T/tmpuw0qkzdt']
[2024-07-24T16:38:10.695+0900] {standard_task_runner.py:91} INFO - Job 407: Subtask check.done
[2024-07-24T16:38:10.708+0900] {task_command.py:426} INFO - Running <TaskInstance: make_parquet.check.done scheduled__2024-07-23T00:00:00+00:00 [running]> on host jeongui-MacBookPro.local
[2024-07-24T16:38:10.731+0900] {taskinstance.py:2648} INFO - Exporting env vars: AIRFLOW_CTX_DAG_OWNER='airflow' AIRFLOW_CTX_DAG_ID='make_parquet' AIRFLOW_CTX_TASK_ID='check.done' AIRFLOW_CTX_EXECUTION_DATE='2024-07-23T00:00:00+00:00' AIRFLOW_CTX_TRY_NUMBER='2' AIRFLOW_CTX_DAG_RUN_ID='scheduled__2024-07-23T00:00:00+00:00'
[2024-07-24T16:38:10.731+0900] {taskinstance.py:430} INFO - ::endgroup::
[2024-07-24T16:38:10.737+0900] {subprocess.py:63} INFO - Tmp dir root location: /var/folders/qv/0knwm5h50ml0skpppwpbks_r0000gp/T
[2024-07-24T16:38:10.738+0900] {subprocess.py:75} INFO - Running command: ['/bin/bash', '-c', '\n        DONE_FILE=~/data/done/_import/20240723/_DONE\n        bash /Users/DE32/airflow/sh/simple_done_check.sh $DONE_FILE\n        ']
[2024-07-24T16:38:10.740+0900] {subprocess.py:86} INFO - Output:
[2024-07-24T16:38:10.744+0900] {subprocess.py:93} INFO - _DONE Path = /Users/DE32/data/done/_import/20240723/_DONE
[2024-07-24T16:38:10.744+0900] {subprocess.py:93} INFO - I'll be back =>
[2024-07-24T16:38:10.744+0900] {subprocess.py:97} INFO - Command exited with return code 1
[2024-07-24T16:38:10.745+0900] {taskinstance.py:441} INFO - ::group::Post task execution logs
[2024-07-24T16:38:10.748+0900] {taskinstance.py:2905} ERROR - Task failed with exception
Traceback (most recent call last):
  File "/Users/DE32/.pyenv/versions/3.11.9/envs/note/lib/python3.11/site-packages/airflow/models/taskinstance.py", line 465, in _execute_task
    result = _execute_callable(context=context, **execute_callable_kwargs)
             ^^^^^^^^^^^^^^^^^^^^^^^^^^^^^^^^^^^^^^^^^^^^^^^^^^^^^^^^^^^^^
  File "/Users/DE32/.pyenv/versions/3.11.9/envs/note/lib/python3.11/site-packages/airflow/models/taskinstance.py", line 432, in _execute_callable
    return execute_callable(context=context, **execute_callable_kwargs)
           ^^^^^^^^^^^^^^^^^^^^^^^^^^^^^^^^^^^^^^^^^^^^^^^^^^^^^^^^^^^^
  File "/Users/DE32/.pyenv/versions/3.11.9/envs/note/lib/python3.11/site-packages/airflow/models/baseoperator.py", line 401, in wrapper
    return func(self, *args, **kwargs)
           ^^^^^^^^^^^^^^^^^^^^^^^^^^^
  File "/Users/DE32/.pyenv/versions/3.11.9/envs/note/lib/python3.11/site-packages/airflow/operators/bash.py", line 243, in execute
    raise AirflowException(
airflow.exceptions.AirflowException: Bash command failed. The command returned a non-zero exit code 1.
[2024-07-24T16:38:10.749+0900] {taskinstance.py:1206} INFO - Marking task as FAILED. dag_id=make_parquet, task_id=check.done, run_id=scheduled__2024-07-23T00:00:00+00:00, execution_date=20240723T000000, start_date=20240724T073810, end_date=20240724T073810
[2024-07-24T16:38:10.753+0900] {standard_task_runner.py:110} ERROR - Failed to execute job 407 for task check.done (Bash command failed. The command returned a non-zero exit code 1.; 1713)
[2024-07-24T16:38:10.755+0900] {local_task_job_runner.py:243} INFO - Task exited with return code 1
[2024-07-24T16:38:10.763+0900] {taskinstance.py:3503} INFO - 1 downstream tasks scheduled from follow-on schedule check
[2024-07-24T16:38:10.764+0900] {local_task_job_runner.py:222} INFO - ::endgroup::
