[2024-07-24T16:27:25.574+0900] {local_task_job_runner.py:120} INFO - ::group::Pre task execution logs
[2024-07-24T16:27:25.581+0900] {taskinstance.py:2076} INFO - Dependencies all met for dep_context=non-requeueable deps ti=<TaskInstance: make_parquet.check.done scheduled__2024-07-18T04:10:00+00:00 [queued]>
[2024-07-24T16:27:25.584+0900] {taskinstance.py:2076} INFO - Dependencies all met for dep_context=requeueable deps ti=<TaskInstance: make_parquet.check.done scheduled__2024-07-18T04:10:00+00:00 [queued]>
[2024-07-24T16:27:25.584+0900] {taskinstance.py:2306} INFO - Starting attempt 1 of 2
[2024-07-24T16:27:25.588+0900] {taskinstance.py:2330} INFO - Executing <Task(BashOperator): check.done> on 2024-07-18 04:10:00+00:00
[2024-07-24T16:27:25.590+0900] {standard_task_runner.py:64} INFO - Started process 228 to run task
[2024-07-24T16:27:25.593+0900] {standard_task_runner.py:90} INFO - Running: ['airflow', 'tasks', 'run', 'make_parquet', 'check.done', 'scheduled__2024-07-18T04:10:00+00:00', '--job-id', '456', '--raw', '--subdir', 'DAGS_FOLDER/make_parquet.py', '--cfg-path', '/var/folders/qv/0knwm5h50ml0skpppwpbks_r0000gp/T/tmp4vwpgc0g']
[2024-07-24T16:27:25.594+0900] {standard_task_runner.py:91} INFO - Job 456: Subtask check.done
[2024-07-24T16:27:25.608+0900] {task_command.py:426} INFO - Running <TaskInstance: make_parquet.check.done scheduled__2024-07-18T04:10:00+00:00 [running]> on host jeongui-MacBookPro.local
[2024-07-24T16:27:25.631+0900] {taskinstance.py:2648} INFO - Exporting env vars: AIRFLOW_CTX_DAG_OWNER='airflow' AIRFLOW_CTX_DAG_ID='make_parquet' AIRFLOW_CTX_TASK_ID='check.done' AIRFLOW_CTX_EXECUTION_DATE='2024-07-18T04:10:00+00:00' AIRFLOW_CTX_TRY_NUMBER='1' AIRFLOW_CTX_DAG_RUN_ID='scheduled__2024-07-18T04:10:00+00:00'
[2024-07-24T16:27:25.632+0900] {taskinstance.py:430} INFO - ::endgroup::
[2024-07-24T16:27:25.638+0900] {subprocess.py:63} INFO - Tmp dir root location: /var/folders/qv/0knwm5h50ml0skpppwpbks_r0000gp/T
[2024-07-24T16:27:25.638+0900] {subprocess.py:75} INFO - Running command: ['/bin/bash', '-c', '\n        DONE_FILE=~/data/done/_import/20240718/_DONE\n        bash /Users/DE32/airflow/sh/simple_done_check.sh $DONE_FILE\n        ']
[2024-07-24T16:27:25.641+0900] {subprocess.py:86} INFO - Output:
[2024-07-24T16:27:25.644+0900] {subprocess.py:93} INFO - _DONE Path = /Users/DE32/data/done/_import/20240718/_DONE
[2024-07-24T16:27:25.645+0900] {subprocess.py:93} INFO - /Users/DE32/airflow/sh/simple_done_check.sh: line 7: figlet: command not found
[2024-07-24T16:27:25.645+0900] {subprocess.py:97} INFO - Command exited with return code 0
[2024-07-24T16:27:25.645+0900] {taskinstance.py:441} INFO - ::group::Post task execution logs
[2024-07-24T16:27:25.652+0900] {taskinstance.py:1206} INFO - Marking task as SUCCESS. dag_id=make_parquet, task_id=check.done, run_id=scheduled__2024-07-18T04:10:00+00:00, execution_date=20240718T041000, start_date=20240724T072725, end_date=20240724T072725
[2024-07-24T16:27:25.699+0900] {local_task_job_runner.py:243} INFO - Task exited with return code 0
[2024-07-24T16:27:25.710+0900] {taskinstance.py:3503} INFO - 1 downstream tasks scheduled from follow-on schedule check
[2024-07-24T16:27:25.711+0900] {local_task_job_runner.py:222} INFO - ::endgroup::
