[2024-07-24T14:08:20.438+0900] {local_task_job_runner.py:120} INFO - ::group::Pre task execution logs
[2024-07-24T14:08:20.445+0900] {taskinstance.py:2076} INFO - Dependencies all met for dep_context=non-requeueable deps ti=<TaskInstance: simple_bash.sort.log scheduled__2024-07-14T00:00:00+00:00 [queued]>
[2024-07-24T14:08:20.448+0900] {taskinstance.py:2076} INFO - Dependencies all met for dep_context=requeueable deps ti=<TaskInstance: simple_bash.sort.log scheduled__2024-07-14T00:00:00+00:00 [queued]>
[2024-07-24T14:08:20.448+0900] {taskinstance.py:2306} INFO - Starting attempt 1 of 2
[2024-07-24T14:08:20.452+0900] {taskinstance.py:2330} INFO - Executing <Task(BashOperator): sort.log> on 2024-07-14 00:00:00+00:00
[2024-07-24T14:08:20.454+0900] {standard_task_runner.py:64} INFO - Started process 89581 to run task
[2024-07-24T14:08:20.457+0900] {standard_task_runner.py:90} INFO - Running: ['airflow', 'tasks', 'run', 'simple_bash', 'sort.log', 'scheduled__2024-07-14T00:00:00+00:00', '--job-id', '23', '--raw', '--subdir', 'DAGS_FOLDER/simple_bash.py', '--cfg-path', '/var/folders/qv/0knwm5h50ml0skpppwpbks_r0000gp/T/tmpb4r2atlf']
[2024-07-24T14:08:20.458+0900] {standard_task_runner.py:91} INFO - Job 23: Subtask sort.log
[2024-07-24T14:08:20.472+0900] {task_command.py:426} INFO - Running <TaskInstance: simple_bash.sort.log scheduled__2024-07-14T00:00:00+00:00 [running]> on host jeongui-MacBookPro.local
[2024-07-24T14:08:20.493+0900] {taskinstance.py:2648} INFO - Exporting env vars: AIRFLOW_CTX_DAG_OWNER='airflow' AIRFLOW_CTX_DAG_ID='simple_bash' AIRFLOW_CTX_TASK_ID='sort.log' AIRFLOW_CTX_EXECUTION_DATE='2024-07-14T00:00:00+00:00' AIRFLOW_CTX_TRY_NUMBER='1' AIRFLOW_CTX_DAG_RUN_ID='scheduled__2024-07-14T00:00:00+00:00'
[2024-07-24T14:08:20.493+0900] {taskinstance.py:430} INFO - ::endgroup::
[2024-07-24T14:08:20.499+0900] {subprocess.py:63} INFO - Tmp dir root location: /var/folders/qv/0knwm5h50ml0skpppwpbks_r0000gp/T
[2024-07-24T14:08:20.499+0900] {subprocess.py:75} INFO - Running command: ['/bin/bash', '-c', '\n            echo "sort"\n        ']
[2024-07-24T14:08:20.502+0900] {subprocess.py:86} INFO - Output:
[2024-07-24T14:08:20.504+0900] {subprocess.py:93} INFO - sort
[2024-07-24T14:08:20.504+0900] {subprocess.py:97} INFO - Command exited with return code 0
[2024-07-24T14:08:20.504+0900] {taskinstance.py:441} INFO - ::group::Post task execution logs
[2024-07-24T14:08:20.510+0900] {taskinstance.py:1206} INFO - Marking task as SUCCESS. dag_id=simple_bash, task_id=sort.log, run_id=scheduled__2024-07-14T00:00:00+00:00, execution_date=20240714T000000, start_date=20240724T050820, end_date=20240724T050820
[2024-07-24T14:08:20.519+0900] {local_task_job_runner.py:243} INFO - Task exited with return code 0
[2024-07-24T14:08:20.527+0900] {taskinstance.py:3503} INFO - 1 downstream tasks scheduled from follow-on schedule check
[2024-07-24T14:08:20.528+0900] {local_task_job_runner.py:222} INFO - ::endgroup::
[2024-07-24T14:20:32.358+0900] {local_task_job_runner.py:120} INFO - ::group::Pre task execution logs
[2024-07-24T14:20:32.366+0900] {taskinstance.py:2076} INFO - Dependencies all met for dep_context=non-requeueable deps ti=<TaskInstance: simple_bash.sort.log scheduled__2024-07-14T00:00:00+00:00 [queued]>
[2024-07-24T14:20:32.368+0900] {taskinstance.py:2076} INFO - Dependencies all met for dep_context=requeueable deps ti=<TaskInstance: simple_bash.sort.log scheduled__2024-07-14T00:00:00+00:00 [queued]>
[2024-07-24T14:20:32.368+0900] {taskinstance.py:2306} INFO - Starting attempt 1 of 1
[2024-07-24T14:20:32.372+0900] {taskinstance.py:2330} INFO - Executing <Task(BashOperator): sort.log> on 2024-07-14 00:00:00+00:00
[2024-07-24T14:20:32.374+0900] {standard_task_runner.py:64} INFO - Started process 90894 to run task
[2024-07-24T14:20:32.377+0900] {standard_task_runner.py:90} INFO - Running: ['airflow', 'tasks', 'run', 'simple_bash', 'sort.log', 'scheduled__2024-07-14T00:00:00+00:00', '--job-id', '119', '--raw', '--subdir', 'DAGS_FOLDER/simple_bash.py', '--cfg-path', '/var/folders/qv/0knwm5h50ml0skpppwpbks_r0000gp/T/tmp16j25cxm']
[2024-07-24T14:20:32.378+0900] {standard_task_runner.py:91} INFO - Job 119: Subtask sort.log
[2024-07-24T14:20:32.391+0900] {task_command.py:426} INFO - Running <TaskInstance: simple_bash.sort.log scheduled__2024-07-14T00:00:00+00:00 [running]> on host jeongui-MacBookPro.local
[2024-07-24T14:20:32.413+0900] {taskinstance.py:2648} INFO - Exporting env vars: AIRFLOW_CTX_DAG_OWNER='airflow' AIRFLOW_CTX_DAG_ID='simple_bash' AIRFLOW_CTX_TASK_ID='sort.log' AIRFLOW_CTX_EXECUTION_DATE='2024-07-14T00:00:00+00:00' AIRFLOW_CTX_TRY_NUMBER='1' AIRFLOW_CTX_DAG_RUN_ID='scheduled__2024-07-14T00:00:00+00:00'
[2024-07-24T14:20:32.413+0900] {taskinstance.py:430} INFO - ::endgroup::
[2024-07-24T14:20:32.419+0900] {subprocess.py:63} INFO - Tmp dir root location: /var/folders/qv/0knwm5h50ml0skpppwpbks_r0000gp/T
[2024-07-24T14:20:32.419+0900] {subprocess.py:75} INFO - Running command: ['/bin/bash', '-c', '\n            echo "sort"\n\t\t\tLANG=C\n\t\t\tmkdir -p ~/data/sort/20240714\n\t\t\tcat ~/data/cut/20240714/cut.log | sort > ~/data/sort/20240714/sort.log\n        ']
[2024-07-24T14:20:32.422+0900] {subprocess.py:86} INFO - Output:
[2024-07-24T14:20:32.424+0900] {subprocess.py:93} INFO - sort
[2024-07-24T14:20:32.427+0900] {subprocess.py:97} INFO - Command exited with return code 0
[2024-07-24T14:20:32.427+0900] {taskinstance.py:441} INFO - ::group::Post task execution logs
[2024-07-24T14:20:32.433+0900] {taskinstance.py:1206} INFO - Marking task as SUCCESS. dag_id=simple_bash, task_id=sort.log, run_id=scheduled__2024-07-14T00:00:00+00:00, execution_date=20240714T000000, start_date=20240724T052032, end_date=20240724T052032
[2024-07-24T14:20:32.438+0900] {local_task_job_runner.py:243} INFO - Task exited with return code 0
[2024-07-24T14:20:32.446+0900] {taskinstance.py:3503} INFO - 1 downstream tasks scheduled from follow-on schedule check
[2024-07-24T14:20:32.446+0900] {local_task_job_runner.py:222} INFO - ::endgroup::
