[2024-07-31T10:00:39.212+0900] {local_task_job_runner.py:120} INFO - ::group::Pre task execution logs
[2024-07-31T10:00:39.225+0900] {taskinstance.py:2076} INFO - Dependencies all met for dep_context=non-requeueable deps ti=<TaskInstance: movie.rm.dir scheduled__2024-07-24T02:10:00+00:00 [queued]>
[2024-07-31T10:00:39.229+0900] {taskinstance.py:2076} INFO - Dependencies all met for dep_context=requeueable deps ti=<TaskInstance: movie.rm.dir scheduled__2024-07-24T02:10:00+00:00 [queued]>
[2024-07-31T10:00:39.229+0900] {taskinstance.py:2306} INFO - Starting attempt 1 of 2
[2024-07-31T10:00:39.235+0900] {taskinstance.py:2330} INFO - Executing <Task(BashOperator): rm.dir> on 2024-07-24 02:10:00+00:00
[2024-07-31T10:00:39.238+0900] {standard_task_runner.py:64} INFO - Started process 7301 to run task
[2024-07-31T10:00:39.241+0900] {standard_task_runner.py:90} INFO - Running: ['airflow', 'tasks', 'run', 'movie', 'rm.dir', 'scheduled__2024-07-24T02:10:00+00:00', '--job-id', '675', '--raw', '--subdir', 'DAGS_FOLDER/movie.py', '--cfg-path', '/var/folders/qv/0knwm5h50ml0skpppwpbks_r0000gp/T/tmprdz8inq9']
[2024-07-31T10:00:39.242+0900] {standard_task_runner.py:91} INFO - Job 675: Subtask rm.dir
[2024-07-31T10:00:39.257+0900] {task_command.py:426} INFO - Running <TaskInstance: movie.rm.dir scheduled__2024-07-24T02:10:00+00:00 [running]> on host jeongui-MacBookPro.local
[2024-07-31T10:00:39.276+0900] {taskinstance.py:2648} INFO - Exporting env vars: AIRFLOW_CTX_DAG_OWNER='airflow' AIRFLOW_CTX_DAG_ID='movie' AIRFLOW_CTX_TASK_ID='rm.dir' AIRFLOW_CTX_EXECUTION_DATE='2024-07-24T02:10:00+00:00' AIRFLOW_CTX_TRY_NUMBER='1' AIRFLOW_CTX_DAG_RUN_ID='scheduled__2024-07-24T02:10:00+00:00'
[2024-07-31T10:00:39.276+0900] {taskinstance.py:430} INFO - ::endgroup::
[2024-07-31T10:00:39.282+0900] {subprocess.py:63} INFO - Tmp dir root location: /var/folders/qv/0knwm5h50ml0skpppwpbks_r0000gp/T
[2024-07-31T10:00:39.282+0900] {subprocess.py:75} INFO - Running command: ['/bin/bash', '-c', 'rm -rf ~/tmp/test_parquet/load_dt=20240724']
[2024-07-31T10:00:39.285+0900] {subprocess.py:86} INFO - Output:
[2024-07-31T10:00:39.289+0900] {subprocess.py:97} INFO - Command exited with return code 0
[2024-07-31T10:00:39.290+0900] {taskinstance.py:441} INFO - ::group::Post task execution logs
[2024-07-31T10:00:39.296+0900] {taskinstance.py:1206} INFO - Marking task as SUCCESS. dag_id=movie, task_id=rm.dir, run_id=scheduled__2024-07-24T02:10:00+00:00, execution_date=20240724T021000, start_date=20240731T010039, end_date=20240731T010039
[2024-07-31T10:00:39.303+0900] {local_task_job_runner.py:243} INFO - Task exited with return code 0
[2024-07-31T10:00:39.312+0900] {taskinstance.py:3503} INFO - 1 downstream tasks scheduled from follow-on schedule check
[2024-07-31T10:00:39.312+0900] {local_task_job_runner.py:222} INFO - ::endgroup::
[2024-07-31T16:28:03.354+0900] {local_task_job_runner.py:120} INFO - ::group::Pre task execution logs
[2024-07-31T16:28:03.367+0900] {taskinstance.py:2076} INFO - Dependencies all met for dep_context=non-requeueable deps ti=<TaskInstance: movie.rm.dir scheduled__2024-07-24T02:10:00+00:00 [queued]>
[2024-07-31T16:28:03.371+0900] {taskinstance.py:2076} INFO - Dependencies all met for dep_context=requeueable deps ti=<TaskInstance: movie.rm.dir scheduled__2024-07-24T02:10:00+00:00 [queued]>
[2024-07-31T16:28:03.371+0900] {taskinstance.py:2306} INFO - Starting attempt 1 of 2
[2024-07-31T16:28:03.377+0900] {taskinstance.py:2330} INFO - Executing <Task(BashOperator): rm.dir> on 2024-07-24 02:10:00+00:00
[2024-07-31T16:28:03.380+0900] {standard_task_runner.py:64} INFO - Started process 18713 to run task
[2024-07-31T16:28:03.383+0900] {standard_task_runner.py:90} INFO - Running: ['airflow', 'tasks', 'run', 'movie', 'rm.dir', 'scheduled__2024-07-24T02:10:00+00:00', '--job-id', '777', '--raw', '--subdir', 'DAGS_FOLDER/movie.py', '--cfg-path', '/var/folders/qv/0knwm5h50ml0skpppwpbks_r0000gp/T/tmp3slt5pam']
[2024-07-31T16:28:03.384+0900] {standard_task_runner.py:91} INFO - Job 777: Subtask rm.dir
[2024-07-31T16:28:03.399+0900] {task_command.py:426} INFO - Running <TaskInstance: movie.rm.dir scheduled__2024-07-24T02:10:00+00:00 [running]> on host jeongui-MacBookPro.local
[2024-07-31T16:28:03.419+0900] {taskinstance.py:2648} INFO - Exporting env vars: AIRFLOW_CTX_DAG_OWNER='airflow' AIRFLOW_CTX_DAG_ID='movie' AIRFLOW_CTX_TASK_ID='rm.dir' AIRFLOW_CTX_EXECUTION_DATE='2024-07-24T02:10:00+00:00' AIRFLOW_CTX_TRY_NUMBER='1' AIRFLOW_CTX_DAG_RUN_ID='scheduled__2024-07-24T02:10:00+00:00'
[2024-07-31T16:28:03.420+0900] {taskinstance.py:430} INFO - ::endgroup::
[2024-07-31T16:28:03.428+0900] {subprocess.py:63} INFO - Tmp dir root location: /var/folders/qv/0knwm5h50ml0skpppwpbks_r0000gp/T
[2024-07-31T16:28:03.429+0900] {subprocess.py:75} INFO - Running command: ['/bin/bash', '-c', 'rm -rf ~/tmp/test_parquet/load_dt=20240724']
[2024-07-31T16:28:03.432+0900] {subprocess.py:86} INFO - Output:
[2024-07-31T16:28:03.437+0900] {subprocess.py:97} INFO - Command exited with return code 0
[2024-07-31T16:28:03.437+0900] {taskinstance.py:441} INFO - ::group::Post task execution logs
[2024-07-31T16:28:03.445+0900] {taskinstance.py:1206} INFO - Marking task as SUCCESS. dag_id=movie, task_id=rm.dir, run_id=scheduled__2024-07-24T02:10:00+00:00, execution_date=20240724T021000, start_date=20240731T072803, end_date=20240731T072803
[2024-07-31T16:28:03.486+0900] {local_task_job_runner.py:243} INFO - Task exited with return code 0
[2024-07-31T16:28:03.498+0900] {taskinstance.py:3503} INFO - 0 downstream tasks scheduled from follow-on schedule check
[2024-07-31T16:28:03.499+0900] {local_task_job_runner.py:222} INFO - ::endgroup::
