[2024-07-24T14:40:58.413+0900] {processor.py:161} INFO - Started process (PID=92936) to work on /Users/DE32/airflow/dags/import_db_2.py
[2024-07-24T14:40:58.413+0900] {processor.py:830} INFO - Processing file /Users/DE32/airflow/dags/import_db_2.py for tasks to queue
[2024-07-24T14:40:58.413+0900] {logging_mixin.py:188} INFO - [2024-07-24T14:40:58.413+0900] {dagbag.py:545} INFO - Filling up the DagBag from /Users/DE32/airflow/dags/import_db_2.py
[2024-07-24T14:40:58.418+0900] {processor.py:840} INFO - DAG(s) 'import_db2' retrieved from /Users/DE32/airflow/dags/import_db_2.py
[2024-07-24T14:40:58.484+0900] {logging_mixin.py:188} INFO - [2024-07-24T14:40:58.483+0900] {override.py:1858} INFO - Created Permission View: can read on DAG:import_db2
[2024-07-24T14:40:58.486+0900] {logging_mixin.py:188} INFO - [2024-07-24T14:40:58.486+0900] {override.py:1858} INFO - Created Permission View: can delete on DAG:import_db2
[2024-07-24T14:40:58.488+0900] {logging_mixin.py:188} INFO - [2024-07-24T14:40:58.488+0900] {override.py:1858} INFO - Created Permission View: can edit on DAG:import_db2
[2024-07-24T14:40:58.488+0900] {logging_mixin.py:188} INFO - [2024-07-24T14:40:58.488+0900] {dag.py:3089} INFO - Sync 1 DAGs
[2024-07-24T14:40:58.492+0900] {logging_mixin.py:188} INFO - [2024-07-24T14:40:58.492+0900] {dag.py:3111} INFO - Creating ORM DAG for import_db2
[2024-07-24T14:40:58.495+0900] {logging_mixin.py:188} INFO - [2024-07-24T14:40:58.495+0900] {dag.py:3947} INFO - Setting next_dagrun for import_db2 to 2024-07-10 04:10:00+00:00, run_after=2024-07-11 04:10:00+00:00
[2024-07-24T14:40:58.500+0900] {processor.py:183} INFO - Processing /Users/DE32/airflow/dags/import_db_2.py took 0.089 seconds
[2024-07-24T14:41:30.050+0900] {processor.py:161} INFO - Started process (PID=92939) to work on /Users/DE32/airflow/dags/import_db_2.py
[2024-07-24T14:41:30.051+0900] {processor.py:830} INFO - Processing file /Users/DE32/airflow/dags/import_db_2.py for tasks to queue
[2024-07-24T14:41:30.051+0900] {logging_mixin.py:188} INFO - [2024-07-24T14:41:30.051+0900] {dagbag.py:545} INFO - Filling up the DagBag from /Users/DE32/airflow/dags/import_db_2.py
[2024-07-24T14:41:30.054+0900] {processor.py:840} INFO - DAG(s) 'import_db2' retrieved from /Users/DE32/airflow/dags/import_db_2.py
[2024-07-24T14:41:30.090+0900] {logging_mixin.py:188} INFO - [2024-07-24T14:41:30.090+0900] {dag.py:3089} INFO - Sync 1 DAGs
[2024-07-24T14:41:30.096+0900] {logging_mixin.py:188} INFO - [2024-07-24T14:41:30.095+0900] {dag.py:3947} INFO - Setting next_dagrun for import_db2 to 2024-07-10 04:10:00+00:00, run_after=2024-07-11 04:10:00+00:00
[2024-07-24T14:41:30.103+0900] {processor.py:183} INFO - Processing /Users/DE32/airflow/dags/import_db_2.py took 0.054 seconds
[2024-07-24T14:42:01.069+0900] {processor.py:161} INFO - Started process (PID=92945) to work on /Users/DE32/airflow/dags/import_db_2.py
[2024-07-24T14:42:01.069+0900] {processor.py:830} INFO - Processing file /Users/DE32/airflow/dags/import_db_2.py for tasks to queue
[2024-07-24T14:42:01.070+0900] {logging_mixin.py:188} INFO - [2024-07-24T14:42:01.069+0900] {dagbag.py:545} INFO - Filling up the DagBag from /Users/DE32/airflow/dags/import_db_2.py
[2024-07-24T14:42:01.073+0900] {processor.py:840} INFO - DAG(s) 'import_db2' retrieved from /Users/DE32/airflow/dags/import_db_2.py
[2024-07-24T14:42:01.109+0900] {logging_mixin.py:188} INFO - [2024-07-24T14:42:01.109+0900] {dag.py:3089} INFO - Sync 1 DAGs
[2024-07-24T14:42:01.115+0900] {logging_mixin.py:188} INFO - [2024-07-24T14:42:01.114+0900] {dag.py:3947} INFO - Setting next_dagrun for import_db2 to 2024-07-10 04:10:00+00:00, run_after=2024-07-11 04:10:00+00:00
[2024-07-24T14:42:01.121+0900] {processor.py:183} INFO - Processing /Users/DE32/airflow/dags/import_db_2.py took 0.053 seconds
[2024-07-24T14:42:32.022+0900] {processor.py:161} INFO - Started process (PID=92949) to work on /Users/DE32/airflow/dags/import_db_2.py
[2024-07-24T14:42:32.023+0900] {processor.py:830} INFO - Processing file /Users/DE32/airflow/dags/import_db_2.py for tasks to queue
[2024-07-24T14:42:32.023+0900] {logging_mixin.py:188} INFO - [2024-07-24T14:42:32.023+0900] {dagbag.py:545} INFO - Filling up the DagBag from /Users/DE32/airflow/dags/import_db_2.py
[2024-07-24T14:42:32.028+0900] {processor.py:840} INFO - DAG(s) 'import_db2' retrieved from /Users/DE32/airflow/dags/import_db_2.py
[2024-07-24T14:42:32.063+0900] {logging_mixin.py:188} INFO - [2024-07-24T14:42:32.063+0900] {dag.py:3089} INFO - Sync 1 DAGs
[2024-07-24T14:42:32.069+0900] {logging_mixin.py:188} INFO - [2024-07-24T14:42:32.069+0900] {dag.py:3947} INFO - Setting next_dagrun for import_db2 to 2024-07-10 04:10:00+00:00, run_after=2024-07-11 04:10:00+00:00
[2024-07-24T14:42:32.075+0900] {processor.py:183} INFO - Processing /Users/DE32/airflow/dags/import_db_2.py took 0.054 seconds
[2024-07-24T14:43:02.877+0900] {processor.py:161} INFO - Started process (PID=93115) to work on /Users/DE32/airflow/dags/import_db_2.py
[2024-07-24T14:43:02.878+0900] {processor.py:830} INFO - Processing file /Users/DE32/airflow/dags/import_db_2.py for tasks to queue
[2024-07-24T14:43:02.878+0900] {logging_mixin.py:188} INFO - [2024-07-24T14:43:02.878+0900] {dagbag.py:545} INFO - Filling up the DagBag from /Users/DE32/airflow/dags/import_db_2.py
[2024-07-24T14:43:02.882+0900] {processor.py:840} INFO - DAG(s) 'import_db2' retrieved from /Users/DE32/airflow/dags/import_db_2.py
[2024-07-24T14:43:02.917+0900] {logging_mixin.py:188} INFO - [2024-07-24T14:43:02.917+0900] {dag.py:3089} INFO - Sync 1 DAGs
[2024-07-24T14:43:02.923+0900] {logging_mixin.py:188} INFO - [2024-07-24T14:43:02.923+0900] {dag.py:3947} INFO - Setting next_dagrun for import_db2 to 2024-07-10 04:10:00+00:00, run_after=2024-07-11 04:10:00+00:00
[2024-07-24T14:43:02.930+0900] {processor.py:183} INFO - Processing /Users/DE32/airflow/dags/import_db_2.py took 0.054 seconds
[2024-07-24T14:43:33.738+0900] {processor.py:161} INFO - Started process (PID=93129) to work on /Users/DE32/airflow/dags/import_db_2.py
[2024-07-24T14:43:33.738+0900] {processor.py:830} INFO - Processing file /Users/DE32/airflow/dags/import_db_2.py for tasks to queue
[2024-07-24T14:43:33.739+0900] {logging_mixin.py:188} INFO - [2024-07-24T14:43:33.739+0900] {dagbag.py:545} INFO - Filling up the DagBag from /Users/DE32/airflow/dags/import_db_2.py
[2024-07-24T14:43:33.742+0900] {processor.py:840} INFO - DAG(s) 'import_db2' retrieved from /Users/DE32/airflow/dags/import_db_2.py
[2024-07-24T14:43:33.778+0900] {logging_mixin.py:188} INFO - [2024-07-24T14:43:33.778+0900] {dag.py:3089} INFO - Sync 1 DAGs
[2024-07-24T14:43:33.784+0900] {logging_mixin.py:188} INFO - [2024-07-24T14:43:33.783+0900] {dag.py:3947} INFO - Setting next_dagrun for import_db2 to 2024-07-10 04:10:00+00:00, run_after=2024-07-11 04:10:00+00:00
[2024-07-24T14:43:33.791+0900] {processor.py:183} INFO - Processing /Users/DE32/airflow/dags/import_db_2.py took 0.054 seconds
[2024-07-24T14:44:06.747+0900] {processor.py:161} INFO - Started process (PID=93154) to work on /Users/DE32/airflow/dags/import_db_2.py
[2024-07-24T14:44:06.748+0900] {processor.py:830} INFO - Processing file /Users/DE32/airflow/dags/import_db_2.py for tasks to queue
[2024-07-24T14:44:06.748+0900] {logging_mixin.py:188} INFO - [2024-07-24T14:44:06.748+0900] {dagbag.py:545} INFO - Filling up the DagBag from /Users/DE32/airflow/dags/import_db_2.py
[2024-07-24T14:44:06.752+0900] {processor.py:840} INFO - DAG(s) 'import_db2' retrieved from /Users/DE32/airflow/dags/import_db_2.py
[2024-07-24T14:44:06.787+0900] {logging_mixin.py:188} INFO - [2024-07-24T14:44:06.787+0900] {dag.py:3089} INFO - Sync 1 DAGs
[2024-07-24T14:44:06.793+0900] {logging_mixin.py:188} INFO - [2024-07-24T14:44:06.793+0900] {dag.py:3947} INFO - Setting next_dagrun for import_db2 to 2024-07-10 04:10:00+00:00, run_after=2024-07-11 04:10:00+00:00
[2024-07-24T14:44:06.800+0900] {processor.py:183} INFO - Processing /Users/DE32/airflow/dags/import_db_2.py took 0.054 seconds
[2024-07-24T14:44:37.896+0900] {processor.py:161} INFO - Started process (PID=93181) to work on /Users/DE32/airflow/dags/import_db_2.py
[2024-07-24T14:44:37.896+0900] {processor.py:830} INFO - Processing file /Users/DE32/airflow/dags/import_db_2.py for tasks to queue
[2024-07-24T14:44:37.896+0900] {logging_mixin.py:188} INFO - [2024-07-24T14:44:37.896+0900] {dagbag.py:545} INFO - Filling up the DagBag from /Users/DE32/airflow/dags/import_db_2.py
[2024-07-24T14:44:37.901+0900] {processor.py:840} INFO - DAG(s) 'import_db2' retrieved from /Users/DE32/airflow/dags/import_db_2.py
[2024-07-24T14:44:37.937+0900] {logging_mixin.py:188} INFO - [2024-07-24T14:44:37.937+0900] {dag.py:3089} INFO - Sync 1 DAGs
[2024-07-24T14:44:37.943+0900] {logging_mixin.py:188} INFO - [2024-07-24T14:44:37.943+0900] {dag.py:3947} INFO - Setting next_dagrun for import_db2 to 2024-07-10 04:10:00+00:00, run_after=2024-07-11 04:10:00+00:00
[2024-07-24T14:44:37.949+0900] {processor.py:183} INFO - Processing /Users/DE32/airflow/dags/import_db_2.py took 0.055 seconds
[2024-07-24T14:45:08.998+0900] {processor.py:161} INFO - Started process (PID=93184) to work on /Users/DE32/airflow/dags/import_db_2.py
[2024-07-24T14:45:08.999+0900] {processor.py:830} INFO - Processing file /Users/DE32/airflow/dags/import_db_2.py for tasks to queue
[2024-07-24T14:45:09.000+0900] {logging_mixin.py:188} INFO - [2024-07-24T14:45:09.000+0900] {dagbag.py:545} INFO - Filling up the DagBag from /Users/DE32/airflow/dags/import_db_2.py
[2024-07-24T14:45:09.004+0900] {processor.py:840} INFO - DAG(s) 'import_db2' retrieved from /Users/DE32/airflow/dags/import_db_2.py
[2024-07-24T14:45:09.039+0900] {logging_mixin.py:188} INFO - [2024-07-24T14:45:09.039+0900] {dag.py:3089} INFO - Sync 1 DAGs
[2024-07-24T14:45:09.045+0900] {logging_mixin.py:188} INFO - [2024-07-24T14:45:09.045+0900] {dag.py:3947} INFO - Setting next_dagrun for import_db2 to 2024-07-10 04:10:00+00:00, run_after=2024-07-11 04:10:00+00:00
[2024-07-24T14:45:09.051+0900] {processor.py:183} INFO - Processing /Users/DE32/airflow/dags/import_db_2.py took 0.054 seconds
[2024-07-24T14:45:40.091+0900] {processor.py:161} INFO - Started process (PID=93255) to work on /Users/DE32/airflow/dags/import_db_2.py
[2024-07-24T14:45:40.091+0900] {processor.py:830} INFO - Processing file /Users/DE32/airflow/dags/import_db_2.py for tasks to queue
[2024-07-24T14:45:40.091+0900] {logging_mixin.py:188} INFO - [2024-07-24T14:45:40.091+0900] {dagbag.py:545} INFO - Filling up the DagBag from /Users/DE32/airflow/dags/import_db_2.py
[2024-07-24T14:45:40.095+0900] {processor.py:840} INFO - DAG(s) 'import_db2' retrieved from /Users/DE32/airflow/dags/import_db_2.py
[2024-07-24T14:45:40.132+0900] {logging_mixin.py:188} INFO - [2024-07-24T14:45:40.132+0900] {dag.py:3089} INFO - Sync 1 DAGs
[2024-07-24T14:45:40.140+0900] {logging_mixin.py:188} INFO - [2024-07-24T14:45:40.140+0900] {dag.py:3947} INFO - Setting next_dagrun for import_db2 to 2024-07-10 04:10:00+00:00, run_after=2024-07-11 04:10:00+00:00
[2024-07-24T14:45:40.148+0900] {processor.py:183} INFO - Processing /Users/DE32/airflow/dags/import_db_2.py took 0.059 seconds
[2024-07-24T14:46:11.564+0900] {processor.py:161} INFO - Started process (PID=93431) to work on /Users/DE32/airflow/dags/import_db_2.py
[2024-07-24T14:46:11.564+0900] {processor.py:830} INFO - Processing file /Users/DE32/airflow/dags/import_db_2.py for tasks to queue
[2024-07-24T14:46:11.565+0900] {logging_mixin.py:188} INFO - [2024-07-24T14:46:11.564+0900] {dagbag.py:545} INFO - Filling up the DagBag from /Users/DE32/airflow/dags/import_db_2.py
[2024-07-24T14:46:11.568+0900] {processor.py:840} INFO - DAG(s) 'import_db2' retrieved from /Users/DE32/airflow/dags/import_db_2.py
[2024-07-24T14:46:11.604+0900] {logging_mixin.py:188} INFO - [2024-07-24T14:46:11.604+0900] {dag.py:3089} INFO - Sync 1 DAGs
[2024-07-24T14:46:11.610+0900] {logging_mixin.py:188} INFO - [2024-07-24T14:46:11.610+0900] {dag.py:3947} INFO - Setting next_dagrun for import_db2 to 2024-07-10 04:10:00+00:00, run_after=2024-07-11 04:10:00+00:00
[2024-07-24T14:46:11.617+0900] {processor.py:183} INFO - Processing /Users/DE32/airflow/dags/import_db_2.py took 0.055 seconds
[2024-07-24T14:46:42.361+0900] {processor.py:161} INFO - Started process (PID=93486) to work on /Users/DE32/airflow/dags/import_db_2.py
[2024-07-24T14:46:42.361+0900] {processor.py:830} INFO - Processing file /Users/DE32/airflow/dags/import_db_2.py for tasks to queue
[2024-07-24T14:46:42.362+0900] {logging_mixin.py:188} INFO - [2024-07-24T14:46:42.361+0900] {dagbag.py:545} INFO - Filling up the DagBag from /Users/DE32/airflow/dags/import_db_2.py
[2024-07-24T14:46:42.365+0900] {processor.py:840} INFO - DAG(s) 'import_db2' retrieved from /Users/DE32/airflow/dags/import_db_2.py
[2024-07-24T14:46:42.400+0900] {logging_mixin.py:188} INFO - [2024-07-24T14:46:42.400+0900] {dag.py:3089} INFO - Sync 1 DAGs
[2024-07-24T14:46:42.406+0900] {logging_mixin.py:188} INFO - [2024-07-24T14:46:42.406+0900] {dag.py:3947} INFO - Setting next_dagrun for import_db2 to 2024-07-10 04:10:00+00:00, run_after=2024-07-11 04:10:00+00:00
[2024-07-24T14:46:42.413+0900] {processor.py:183} INFO - Processing /Users/DE32/airflow/dags/import_db_2.py took 0.054 seconds
[2024-07-24T14:47:13.133+0900] {processor.py:161} INFO - Started process (PID=93496) to work on /Users/DE32/airflow/dags/import_db_2.py
[2024-07-24T14:47:13.133+0900] {processor.py:830} INFO - Processing file /Users/DE32/airflow/dags/import_db_2.py for tasks to queue
[2024-07-24T14:47:13.134+0900] {logging_mixin.py:188} INFO - [2024-07-24T14:47:13.134+0900] {dagbag.py:545} INFO - Filling up the DagBag from /Users/DE32/airflow/dags/import_db_2.py
[2024-07-24T14:47:13.139+0900] {processor.py:840} INFO - DAG(s) 'import_db2' retrieved from /Users/DE32/airflow/dags/import_db_2.py
[2024-07-24T14:47:13.175+0900] {logging_mixin.py:188} INFO - [2024-07-24T14:47:13.175+0900] {dag.py:3089} INFO - Sync 1 DAGs
[2024-07-24T14:47:13.181+0900] {logging_mixin.py:188} INFO - [2024-07-24T14:47:13.181+0900] {dag.py:3947} INFO - Setting next_dagrun for import_db2 to 2024-07-10 04:10:00+00:00, run_after=2024-07-11 04:10:00+00:00
[2024-07-24T14:47:13.188+0900] {processor.py:183} INFO - Processing /Users/DE32/airflow/dags/import_db_2.py took 0.057 seconds
[2024-07-24T14:47:43.900+0900] {processor.py:161} INFO - Started process (PID=93540) to work on /Users/DE32/airflow/dags/import_db_2.py
[2024-07-24T14:47:43.900+0900] {processor.py:830} INFO - Processing file /Users/DE32/airflow/dags/import_db_2.py for tasks to queue
[2024-07-24T14:47:43.900+0900] {logging_mixin.py:188} INFO - [2024-07-24T14:47:43.900+0900] {dagbag.py:545} INFO - Filling up the DagBag from /Users/DE32/airflow/dags/import_db_2.py
[2024-07-24T14:47:43.904+0900] {processor.py:840} INFO - DAG(s) 'import_db2' retrieved from /Users/DE32/airflow/dags/import_db_2.py
[2024-07-24T14:47:43.939+0900] {logging_mixin.py:188} INFO - [2024-07-24T14:47:43.939+0900] {dag.py:3089} INFO - Sync 1 DAGs
[2024-07-24T14:47:43.945+0900] {logging_mixin.py:188} INFO - [2024-07-24T14:47:43.945+0900] {dag.py:3947} INFO - Setting next_dagrun for import_db2 to 2024-07-10 04:10:00+00:00, run_after=2024-07-11 04:10:00+00:00
[2024-07-24T14:47:43.952+0900] {processor.py:183} INFO - Processing /Users/DE32/airflow/dags/import_db_2.py took 0.053 seconds
[2024-07-24T14:48:14.645+0900] {processor.py:161} INFO - Started process (PID=93553) to work on /Users/DE32/airflow/dags/import_db_2.py
[2024-07-24T14:48:14.646+0900] {processor.py:830} INFO - Processing file /Users/DE32/airflow/dags/import_db_2.py for tasks to queue
[2024-07-24T14:48:14.646+0900] {logging_mixin.py:188} INFO - [2024-07-24T14:48:14.646+0900] {dagbag.py:545} INFO - Filling up the DagBag from /Users/DE32/airflow/dags/import_db_2.py
[2024-07-24T14:48:14.650+0900] {processor.py:840} INFO - DAG(s) 'import_db2' retrieved from /Users/DE32/airflow/dags/import_db_2.py
[2024-07-24T14:48:14.685+0900] {logging_mixin.py:188} INFO - [2024-07-24T14:48:14.685+0900] {dag.py:3089} INFO - Sync 1 DAGs
[2024-07-24T14:48:14.691+0900] {logging_mixin.py:188} INFO - [2024-07-24T14:48:14.690+0900] {dag.py:3947} INFO - Setting next_dagrun for import_db2 to 2024-07-10 04:10:00+00:00, run_after=2024-07-11 04:10:00+00:00
[2024-07-24T14:48:14.698+0900] {processor.py:183} INFO - Processing /Users/DE32/airflow/dags/import_db_2.py took 0.053 seconds
[2024-07-24T14:48:45.378+0900] {processor.py:161} INFO - Started process (PID=93617) to work on /Users/DE32/airflow/dags/import_db_2.py
[2024-07-24T14:48:45.379+0900] {processor.py:830} INFO - Processing file /Users/DE32/airflow/dags/import_db_2.py for tasks to queue
[2024-07-24T14:48:45.379+0900] {logging_mixin.py:188} INFO - [2024-07-24T14:48:45.379+0900] {dagbag.py:545} INFO - Filling up the DagBag from /Users/DE32/airflow/dags/import_db_2.py
[2024-07-24T14:48:45.383+0900] {processor.py:840} INFO - DAG(s) 'import_db2' retrieved from /Users/DE32/airflow/dags/import_db_2.py
[2024-07-24T14:48:45.422+0900] {logging_mixin.py:188} INFO - [2024-07-24T14:48:45.422+0900] {dag.py:3089} INFO - Sync 1 DAGs
[2024-07-24T14:48:45.429+0900] {logging_mixin.py:188} INFO - [2024-07-24T14:48:45.429+0900] {dag.py:3947} INFO - Setting next_dagrun for import_db2 to 2024-07-10 04:10:00+00:00, run_after=2024-07-11 04:10:00+00:00
[2024-07-24T14:48:45.436+0900] {processor.py:183} INFO - Processing /Users/DE32/airflow/dags/import_db_2.py took 0.059 seconds
[2024-07-24T14:49:16.236+0900] {processor.py:161} INFO - Started process (PID=93628) to work on /Users/DE32/airflow/dags/import_db_2.py
[2024-07-24T14:49:16.237+0900] {processor.py:830} INFO - Processing file /Users/DE32/airflow/dags/import_db_2.py for tasks to queue
[2024-07-24T14:49:16.238+0900] {logging_mixin.py:188} INFO - [2024-07-24T14:49:16.238+0900] {dagbag.py:545} INFO - Filling up the DagBag from /Users/DE32/airflow/dags/import_db_2.py
[2024-07-24T14:49:16.243+0900] {processor.py:840} INFO - DAG(s) 'import_db2' retrieved from /Users/DE32/airflow/dags/import_db_2.py
[2024-07-24T14:49:16.285+0900] {logging_mixin.py:188} INFO - [2024-07-24T14:49:16.285+0900] {dag.py:3089} INFO - Sync 1 DAGs
[2024-07-24T14:49:16.292+0900] {logging_mixin.py:188} INFO - [2024-07-24T14:49:16.292+0900] {dag.py:3947} INFO - Setting next_dagrun for import_db2 to 2024-07-10 04:10:00+00:00, run_after=2024-07-11 04:10:00+00:00
[2024-07-24T14:49:16.298+0900] {processor.py:183} INFO - Processing /Users/DE32/airflow/dags/import_db_2.py took 0.064 seconds
[2024-07-24T14:49:47.085+0900] {processor.py:161} INFO - Started process (PID=93637) to work on /Users/DE32/airflow/dags/import_db_2.py
[2024-07-24T14:49:47.085+0900] {processor.py:830} INFO - Processing file /Users/DE32/airflow/dags/import_db_2.py for tasks to queue
[2024-07-24T14:49:47.086+0900] {logging_mixin.py:188} INFO - [2024-07-24T14:49:47.085+0900] {dagbag.py:545} INFO - Filling up the DagBag from /Users/DE32/airflow/dags/import_db_2.py
[2024-07-24T14:49:47.089+0900] {processor.py:840} INFO - DAG(s) 'import_db2' retrieved from /Users/DE32/airflow/dags/import_db_2.py
[2024-07-24T14:49:47.125+0900] {logging_mixin.py:188} INFO - [2024-07-24T14:49:47.125+0900] {dag.py:3089} INFO - Sync 1 DAGs
[2024-07-24T14:49:47.131+0900] {logging_mixin.py:188} INFO - [2024-07-24T14:49:47.130+0900] {dag.py:3947} INFO - Setting next_dagrun for import_db2 to 2024-07-10 04:10:00+00:00, run_after=2024-07-11 04:10:00+00:00
[2024-07-24T14:49:47.138+0900] {processor.py:183} INFO - Processing /Users/DE32/airflow/dags/import_db_2.py took 0.054 seconds
[2024-07-24T14:50:17.907+0900] {processor.py:161} INFO - Started process (PID=93642) to work on /Users/DE32/airflow/dags/import_db_2.py
[2024-07-24T14:50:17.907+0900] {processor.py:830} INFO - Processing file /Users/DE32/airflow/dags/import_db_2.py for tasks to queue
[2024-07-24T14:50:17.907+0900] {logging_mixin.py:188} INFO - [2024-07-24T14:50:17.907+0900] {dagbag.py:545} INFO - Filling up the DagBag from /Users/DE32/airflow/dags/import_db_2.py
[2024-07-24T14:50:17.911+0900] {processor.py:840} INFO - DAG(s) 'import_db2' retrieved from /Users/DE32/airflow/dags/import_db_2.py
[2024-07-24T14:50:17.946+0900] {logging_mixin.py:188} INFO - [2024-07-24T14:50:17.946+0900] {dag.py:3089} INFO - Sync 1 DAGs
[2024-07-24T14:50:17.952+0900] {logging_mixin.py:188} INFO - [2024-07-24T14:50:17.952+0900] {dag.py:3947} INFO - Setting next_dagrun for import_db2 to 2024-07-10 04:10:00+00:00, run_after=2024-07-11 04:10:00+00:00
[2024-07-24T14:50:17.959+0900] {processor.py:183} INFO - Processing /Users/DE32/airflow/dags/import_db_2.py took 0.054 seconds
[2024-07-24T14:50:48.722+0900] {processor.py:161} INFO - Started process (PID=93645) to work on /Users/DE32/airflow/dags/import_db_2.py
[2024-07-24T14:50:48.722+0900] {processor.py:830} INFO - Processing file /Users/DE32/airflow/dags/import_db_2.py for tasks to queue
[2024-07-24T14:50:48.723+0900] {logging_mixin.py:188} INFO - [2024-07-24T14:50:48.723+0900] {dagbag.py:545} INFO - Filling up the DagBag from /Users/DE32/airflow/dags/import_db_2.py
[2024-07-24T14:50:48.726+0900] {processor.py:840} INFO - DAG(s) 'import_db2' retrieved from /Users/DE32/airflow/dags/import_db_2.py
[2024-07-24T14:50:48.761+0900] {logging_mixin.py:188} INFO - [2024-07-24T14:50:48.761+0900] {dag.py:3089} INFO - Sync 1 DAGs
[2024-07-24T14:50:48.767+0900] {logging_mixin.py:188} INFO - [2024-07-24T14:50:48.767+0900] {dag.py:3947} INFO - Setting next_dagrun for import_db2 to 2024-07-10 04:10:00+00:00, run_after=2024-07-11 04:10:00+00:00
[2024-07-24T14:50:48.774+0900] {processor.py:183} INFO - Processing /Users/DE32/airflow/dags/import_db_2.py took 0.053 seconds
[2024-07-24T14:51:19.686+0900] {processor.py:161} INFO - Started process (PID=93648) to work on /Users/DE32/airflow/dags/import_db_2.py
[2024-07-24T14:51:19.686+0900] {processor.py:830} INFO - Processing file /Users/DE32/airflow/dags/import_db_2.py for tasks to queue
[2024-07-24T14:51:19.687+0900] {logging_mixin.py:188} INFO - [2024-07-24T14:51:19.687+0900] {dagbag.py:545} INFO - Filling up the DagBag from /Users/DE32/airflow/dags/import_db_2.py
[2024-07-24T14:51:19.690+0900] {processor.py:840} INFO - DAG(s) 'import_db2' retrieved from /Users/DE32/airflow/dags/import_db_2.py
[2024-07-24T14:51:19.725+0900] {logging_mixin.py:188} INFO - [2024-07-24T14:51:19.725+0900] {dag.py:3089} INFO - Sync 1 DAGs
[2024-07-24T14:51:19.731+0900] {logging_mixin.py:188} INFO - [2024-07-24T14:51:19.731+0900] {dag.py:3947} INFO - Setting next_dagrun for import_db2 to 2024-07-10 04:10:00+00:00, run_after=2024-07-11 04:10:00+00:00
[2024-07-24T14:51:19.738+0900] {processor.py:183} INFO - Processing /Users/DE32/airflow/dags/import_db_2.py took 0.053 seconds
[2024-07-24T14:51:50.496+0900] {processor.py:161} INFO - Started process (PID=93651) to work on /Users/DE32/airflow/dags/import_db_2.py
[2024-07-24T14:51:50.497+0900] {processor.py:830} INFO - Processing file /Users/DE32/airflow/dags/import_db_2.py for tasks to queue
[2024-07-24T14:51:50.497+0900] {logging_mixin.py:188} INFO - [2024-07-24T14:51:50.497+0900] {dagbag.py:545} INFO - Filling up the DagBag from /Users/DE32/airflow/dags/import_db_2.py
[2024-07-24T14:51:50.501+0900] {processor.py:840} INFO - DAG(s) 'import_db2' retrieved from /Users/DE32/airflow/dags/import_db_2.py
[2024-07-24T14:51:50.536+0900] {logging_mixin.py:188} INFO - [2024-07-24T14:51:50.535+0900] {dag.py:3089} INFO - Sync 1 DAGs
[2024-07-24T14:51:50.541+0900] {logging_mixin.py:188} INFO - [2024-07-24T14:51:50.541+0900] {dag.py:3947} INFO - Setting next_dagrun for import_db2 to 2024-07-10 04:10:00+00:00, run_after=2024-07-11 04:10:00+00:00
[2024-07-24T14:51:50.548+0900] {processor.py:183} INFO - Processing /Users/DE32/airflow/dags/import_db_2.py took 0.053 seconds
[2024-07-24T14:52:21.315+0900] {processor.py:161} INFO - Started process (PID=93654) to work on /Users/DE32/airflow/dags/import_db_2.py
[2024-07-24T14:52:21.316+0900] {processor.py:830} INFO - Processing file /Users/DE32/airflow/dags/import_db_2.py for tasks to queue
[2024-07-24T14:52:21.316+0900] {logging_mixin.py:188} INFO - [2024-07-24T14:52:21.316+0900] {dagbag.py:545} INFO - Filling up the DagBag from /Users/DE32/airflow/dags/import_db_2.py
[2024-07-24T14:52:21.320+0900] {processor.py:840} INFO - DAG(s) 'import_db2' retrieved from /Users/DE32/airflow/dags/import_db_2.py
[2024-07-24T14:52:21.355+0900] {logging_mixin.py:188} INFO - [2024-07-24T14:52:21.355+0900] {dag.py:3089} INFO - Sync 1 DAGs
[2024-07-24T14:52:21.360+0900] {logging_mixin.py:188} INFO - [2024-07-24T14:52:21.360+0900] {dag.py:3947} INFO - Setting next_dagrun for import_db2 to 2024-07-10 04:10:00+00:00, run_after=2024-07-11 04:10:00+00:00
[2024-07-24T14:52:21.367+0900] {processor.py:183} INFO - Processing /Users/DE32/airflow/dags/import_db_2.py took 0.053 seconds
[2024-07-24T14:52:52.040+0900] {processor.py:161} INFO - Started process (PID=93658) to work on /Users/DE32/airflow/dags/import_db_2.py
[2024-07-24T14:52:52.040+0900] {processor.py:830} INFO - Processing file /Users/DE32/airflow/dags/import_db_2.py for tasks to queue
[2024-07-24T14:52:52.041+0900] {logging_mixin.py:188} INFO - [2024-07-24T14:52:52.041+0900] {dagbag.py:545} INFO - Filling up the DagBag from /Users/DE32/airflow/dags/import_db_2.py
[2024-07-24T14:52:52.044+0900] {processor.py:840} INFO - DAG(s) 'import_db2' retrieved from /Users/DE32/airflow/dags/import_db_2.py
[2024-07-24T14:52:52.079+0900] {logging_mixin.py:188} INFO - [2024-07-24T14:52:52.079+0900] {dag.py:3089} INFO - Sync 1 DAGs
[2024-07-24T14:52:52.085+0900] {logging_mixin.py:188} INFO - [2024-07-24T14:52:52.085+0900] {dag.py:3947} INFO - Setting next_dagrun for import_db2 to 2024-07-10 04:10:00+00:00, run_after=2024-07-11 04:10:00+00:00
[2024-07-24T14:52:52.092+0900] {processor.py:183} INFO - Processing /Users/DE32/airflow/dags/import_db_2.py took 0.053 seconds
[2024-07-24T14:53:22.848+0900] {processor.py:161} INFO - Started process (PID=93661) to work on /Users/DE32/airflow/dags/import_db_2.py
[2024-07-24T14:53:22.848+0900] {processor.py:830} INFO - Processing file /Users/DE32/airflow/dags/import_db_2.py for tasks to queue
[2024-07-24T14:53:22.849+0900] {logging_mixin.py:188} INFO - [2024-07-24T14:53:22.849+0900] {dagbag.py:545} INFO - Filling up the DagBag from /Users/DE32/airflow/dags/import_db_2.py
[2024-07-24T14:53:22.852+0900] {processor.py:840} INFO - DAG(s) 'import_db2' retrieved from /Users/DE32/airflow/dags/import_db_2.py
[2024-07-24T14:53:22.887+0900] {logging_mixin.py:188} INFO - [2024-07-24T14:53:22.887+0900] {dag.py:3089} INFO - Sync 1 DAGs
[2024-07-24T14:53:22.893+0900] {logging_mixin.py:188} INFO - [2024-07-24T14:53:22.893+0900] {dag.py:3947} INFO - Setting next_dagrun for import_db2 to 2024-07-10 04:10:00+00:00, run_after=2024-07-11 04:10:00+00:00
[2024-07-24T14:53:22.900+0900] {processor.py:183} INFO - Processing /Users/DE32/airflow/dags/import_db_2.py took 0.053 seconds
[2024-07-24T14:53:53.598+0900] {processor.py:161} INFO - Started process (PID=93665) to work on /Users/DE32/airflow/dags/import_db_2.py
[2024-07-24T14:53:53.599+0900] {processor.py:830} INFO - Processing file /Users/DE32/airflow/dags/import_db_2.py for tasks to queue
[2024-07-24T14:53:53.599+0900] {logging_mixin.py:188} INFO - [2024-07-24T14:53:53.599+0900] {dagbag.py:545} INFO - Filling up the DagBag from /Users/DE32/airflow/dags/import_db_2.py
[2024-07-24T14:53:53.603+0900] {processor.py:840} INFO - DAG(s) 'import_db2' retrieved from /Users/DE32/airflow/dags/import_db_2.py
[2024-07-24T14:53:53.638+0900] {logging_mixin.py:188} INFO - [2024-07-24T14:53:53.638+0900] {dag.py:3089} INFO - Sync 1 DAGs
[2024-07-24T14:53:53.644+0900] {logging_mixin.py:188} INFO - [2024-07-24T14:53:53.644+0900] {dag.py:3947} INFO - Setting next_dagrun for import_db2 to 2024-07-10 04:10:00+00:00, run_after=2024-07-11 04:10:00+00:00
[2024-07-24T14:53:53.651+0900] {processor.py:183} INFO - Processing /Users/DE32/airflow/dags/import_db_2.py took 0.054 seconds
[2024-07-24T14:54:24.381+0900] {processor.py:161} INFO - Started process (PID=93668) to work on /Users/DE32/airflow/dags/import_db_2.py
[2024-07-24T14:54:24.382+0900] {processor.py:830} INFO - Processing file /Users/DE32/airflow/dags/import_db_2.py for tasks to queue
[2024-07-24T14:54:24.382+0900] {logging_mixin.py:188} INFO - [2024-07-24T14:54:24.382+0900] {dagbag.py:545} INFO - Filling up the DagBag from /Users/DE32/airflow/dags/import_db_2.py
[2024-07-24T14:54:24.386+0900] {processor.py:840} INFO - DAG(s) 'import_db2' retrieved from /Users/DE32/airflow/dags/import_db_2.py
[2024-07-24T14:54:24.420+0900] {logging_mixin.py:188} INFO - [2024-07-24T14:54:24.420+0900] {dag.py:3089} INFO - Sync 1 DAGs
[2024-07-24T14:54:24.426+0900] {logging_mixin.py:188} INFO - [2024-07-24T14:54:24.426+0900] {dag.py:3947} INFO - Setting next_dagrun for import_db2 to 2024-07-10 04:10:00+00:00, run_after=2024-07-11 04:10:00+00:00
[2024-07-24T14:54:24.433+0900] {processor.py:183} INFO - Processing /Users/DE32/airflow/dags/import_db_2.py took 0.053 seconds
[2024-07-24T14:54:55.202+0900] {processor.py:161} INFO - Started process (PID=93677) to work on /Users/DE32/airflow/dags/import_db_2.py
[2024-07-24T14:54:55.202+0900] {processor.py:830} INFO - Processing file /Users/DE32/airflow/dags/import_db_2.py for tasks to queue
[2024-07-24T14:54:55.203+0900] {logging_mixin.py:188} INFO - [2024-07-24T14:54:55.203+0900] {dagbag.py:545} INFO - Filling up the DagBag from /Users/DE32/airflow/dags/import_db_2.py
[2024-07-24T14:54:55.206+0900] {processor.py:840} INFO - DAG(s) 'import_db2' retrieved from /Users/DE32/airflow/dags/import_db_2.py
[2024-07-24T14:54:55.241+0900] {logging_mixin.py:188} INFO - [2024-07-24T14:54:55.241+0900] {dag.py:3089} INFO - Sync 1 DAGs
[2024-07-24T14:54:55.247+0900] {logging_mixin.py:188} INFO - [2024-07-24T14:54:55.247+0900] {dag.py:3947} INFO - Setting next_dagrun for import_db2 to 2024-07-10 04:10:00+00:00, run_after=2024-07-11 04:10:00+00:00
[2024-07-24T14:54:55.254+0900] {processor.py:183} INFO - Processing /Users/DE32/airflow/dags/import_db_2.py took 0.053 seconds
[2024-07-24T14:55:26.029+0900] {processor.py:161} INFO - Started process (PID=93686) to work on /Users/DE32/airflow/dags/import_db_2.py
[2024-07-24T14:55:26.030+0900] {processor.py:830} INFO - Processing file /Users/DE32/airflow/dags/import_db_2.py for tasks to queue
[2024-07-24T14:55:26.030+0900] {logging_mixin.py:188} INFO - [2024-07-24T14:55:26.030+0900] {dagbag.py:545} INFO - Filling up the DagBag from /Users/DE32/airflow/dags/import_db_2.py
[2024-07-24T14:55:26.034+0900] {processor.py:840} INFO - DAG(s) 'import_db2' retrieved from /Users/DE32/airflow/dags/import_db_2.py
[2024-07-24T14:55:26.069+0900] {logging_mixin.py:188} INFO - [2024-07-24T14:55:26.069+0900] {dag.py:3089} INFO - Sync 1 DAGs
[2024-07-24T14:55:26.075+0900] {logging_mixin.py:188} INFO - [2024-07-24T14:55:26.075+0900] {dag.py:3947} INFO - Setting next_dagrun for import_db2 to 2024-07-10 04:10:00+00:00, run_after=2024-07-11 04:10:00+00:00
[2024-07-24T14:55:26.082+0900] {processor.py:183} INFO - Processing /Users/DE32/airflow/dags/import_db_2.py took 0.054 seconds
[2024-07-24T14:55:56.850+0900] {processor.py:161} INFO - Started process (PID=93689) to work on /Users/DE32/airflow/dags/import_db_2.py
[2024-07-24T14:55:56.850+0900] {processor.py:830} INFO - Processing file /Users/DE32/airflow/dags/import_db_2.py for tasks to queue
[2024-07-24T14:55:56.851+0900] {logging_mixin.py:188} INFO - [2024-07-24T14:55:56.851+0900] {dagbag.py:545} INFO - Filling up the DagBag from /Users/DE32/airflow/dags/import_db_2.py
[2024-07-24T14:55:56.854+0900] {processor.py:840} INFO - DAG(s) 'import_db2' retrieved from /Users/DE32/airflow/dags/import_db_2.py
[2024-07-24T14:55:56.889+0900] {logging_mixin.py:188} INFO - [2024-07-24T14:55:56.889+0900] {dag.py:3089} INFO - Sync 1 DAGs
[2024-07-24T14:55:56.895+0900] {logging_mixin.py:188} INFO - [2024-07-24T14:55:56.895+0900] {dag.py:3947} INFO - Setting next_dagrun for import_db2 to 2024-07-10 04:10:00+00:00, run_after=2024-07-11 04:10:00+00:00
[2024-07-24T14:55:56.902+0900] {processor.py:183} INFO - Processing /Users/DE32/airflow/dags/import_db_2.py took 0.053 seconds
[2024-07-24T14:56:27.650+0900] {processor.py:161} INFO - Started process (PID=93692) to work on /Users/DE32/airflow/dags/import_db_2.py
[2024-07-24T14:56:27.650+0900] {processor.py:830} INFO - Processing file /Users/DE32/airflow/dags/import_db_2.py for tasks to queue
[2024-07-24T14:56:27.651+0900] {logging_mixin.py:188} INFO - [2024-07-24T14:56:27.651+0900] {dagbag.py:545} INFO - Filling up the DagBag from /Users/DE32/airflow/dags/import_db_2.py
[2024-07-24T14:56:27.654+0900] {processor.py:840} INFO - DAG(s) 'import_db2' retrieved from /Users/DE32/airflow/dags/import_db_2.py
[2024-07-24T14:56:27.689+0900] {logging_mixin.py:188} INFO - [2024-07-24T14:56:27.689+0900] {dag.py:3089} INFO - Sync 1 DAGs
[2024-07-24T14:56:27.695+0900] {logging_mixin.py:188} INFO - [2024-07-24T14:56:27.695+0900] {dag.py:3947} INFO - Setting next_dagrun for import_db2 to 2024-07-10 04:10:00+00:00, run_after=2024-07-11 04:10:00+00:00
[2024-07-24T14:56:27.702+0900] {processor.py:183} INFO - Processing /Users/DE32/airflow/dags/import_db_2.py took 0.053 seconds
[2024-07-24T14:56:58.473+0900] {processor.py:161} INFO - Started process (PID=93696) to work on /Users/DE32/airflow/dags/import_db_2.py
[2024-07-24T14:56:58.474+0900] {processor.py:830} INFO - Processing file /Users/DE32/airflow/dags/import_db_2.py for tasks to queue
[2024-07-24T14:56:58.474+0900] {logging_mixin.py:188} INFO - [2024-07-24T14:56:58.474+0900] {dagbag.py:545} INFO - Filling up the DagBag from /Users/DE32/airflow/dags/import_db_2.py
[2024-07-24T14:56:58.478+0900] {processor.py:840} INFO - DAG(s) 'import_db2' retrieved from /Users/DE32/airflow/dags/import_db_2.py
[2024-07-24T14:56:58.514+0900] {logging_mixin.py:188} INFO - [2024-07-24T14:56:58.514+0900] {dag.py:3089} INFO - Sync 1 DAGs
[2024-07-24T14:56:58.520+0900] {logging_mixin.py:188} INFO - [2024-07-24T14:56:58.520+0900] {dag.py:3947} INFO - Setting next_dagrun for import_db2 to 2024-07-10 04:10:00+00:00, run_after=2024-07-11 04:10:00+00:00
[2024-07-24T14:56:58.527+0900] {processor.py:183} INFO - Processing /Users/DE32/airflow/dags/import_db_2.py took 0.055 seconds
[2024-07-24T14:57:29.319+0900] {processor.py:161} INFO - Started process (PID=93704) to work on /Users/DE32/airflow/dags/import_db_2.py
[2024-07-24T14:57:29.320+0900] {processor.py:830} INFO - Processing file /Users/DE32/airflow/dags/import_db_2.py for tasks to queue
[2024-07-24T14:57:29.320+0900] {logging_mixin.py:188} INFO - [2024-07-24T14:57:29.320+0900] {dagbag.py:545} INFO - Filling up the DagBag from /Users/DE32/airflow/dags/import_db_2.py
[2024-07-24T14:57:29.324+0900] {processor.py:840} INFO - DAG(s) 'import_db2' retrieved from /Users/DE32/airflow/dags/import_db_2.py
[2024-07-24T14:57:29.362+0900] {logging_mixin.py:188} INFO - [2024-07-24T14:57:29.362+0900] {dag.py:3089} INFO - Sync 1 DAGs
[2024-07-24T14:57:29.369+0900] {logging_mixin.py:188} INFO - [2024-07-24T14:57:29.369+0900] {dag.py:3947} INFO - Setting next_dagrun for import_db2 to 2024-07-10 04:10:00+00:00, run_after=2024-07-11 04:10:00+00:00
[2024-07-24T14:57:29.376+0900] {processor.py:183} INFO - Processing /Users/DE32/airflow/dags/import_db_2.py took 0.058 seconds
[2024-07-24T14:58:00.129+0900] {processor.py:161} INFO - Started process (PID=93960) to work on /Users/DE32/airflow/dags/import_db_2.py
[2024-07-24T14:58:00.130+0900] {processor.py:830} INFO - Processing file /Users/DE32/airflow/dags/import_db_2.py for tasks to queue
[2024-07-24T14:58:00.130+0900] {logging_mixin.py:188} INFO - [2024-07-24T14:58:00.130+0900] {dagbag.py:545} INFO - Filling up the DagBag from /Users/DE32/airflow/dags/import_db_2.py
[2024-07-24T14:58:00.134+0900] {processor.py:840} INFO - DAG(s) 'import_db2' retrieved from /Users/DE32/airflow/dags/import_db_2.py
[2024-07-24T14:58:00.171+0900] {logging_mixin.py:188} INFO - [2024-07-24T14:58:00.171+0900] {dag.py:3089} INFO - Sync 1 DAGs
[2024-07-24T14:58:00.177+0900] {logging_mixin.py:188} INFO - [2024-07-24T14:58:00.177+0900] {dag.py:3947} INFO - Setting next_dagrun for import_db2 to 2024-07-10 04:10:00+00:00, run_after=2024-07-11 04:10:00+00:00
[2024-07-24T14:58:00.184+0900] {processor.py:183} INFO - Processing /Users/DE32/airflow/dags/import_db_2.py took 0.056 seconds
[2024-07-24T14:58:30.874+0900] {processor.py:161} INFO - Started process (PID=93987) to work on /Users/DE32/airflow/dags/import_db_2.py
[2024-07-24T14:58:30.874+0900] {processor.py:830} INFO - Processing file /Users/DE32/airflow/dags/import_db_2.py for tasks to queue
[2024-07-24T14:58:30.874+0900] {logging_mixin.py:188} INFO - [2024-07-24T14:58:30.874+0900] {dagbag.py:545} INFO - Filling up the DagBag from /Users/DE32/airflow/dags/import_db_2.py
[2024-07-24T14:58:30.878+0900] {processor.py:840} INFO - DAG(s) 'import_db2' retrieved from /Users/DE32/airflow/dags/import_db_2.py
[2024-07-24T14:58:30.913+0900] {logging_mixin.py:188} INFO - [2024-07-24T14:58:30.913+0900] {dag.py:3089} INFO - Sync 1 DAGs
[2024-07-24T14:58:30.919+0900] {logging_mixin.py:188} INFO - [2024-07-24T14:58:30.919+0900] {dag.py:3947} INFO - Setting next_dagrun for import_db2 to 2024-07-10 04:10:00+00:00, run_after=2024-07-11 04:10:00+00:00
[2024-07-24T14:58:30.926+0900] {processor.py:183} INFO - Processing /Users/DE32/airflow/dags/import_db_2.py took 0.054 seconds
[2024-07-24T14:59:01.671+0900] {processor.py:161} INFO - Started process (PID=93993) to work on /Users/DE32/airflow/dags/import_db_2.py
[2024-07-24T14:59:01.672+0900] {processor.py:830} INFO - Processing file /Users/DE32/airflow/dags/import_db_2.py for tasks to queue
[2024-07-24T14:59:01.672+0900] {logging_mixin.py:188} INFO - [2024-07-24T14:59:01.672+0900] {dagbag.py:545} INFO - Filling up the DagBag from /Users/DE32/airflow/dags/import_db_2.py
[2024-07-24T14:59:01.676+0900] {processor.py:840} INFO - DAG(s) 'import_db2' retrieved from /Users/DE32/airflow/dags/import_db_2.py
[2024-07-24T14:59:01.711+0900] {logging_mixin.py:188} INFO - [2024-07-24T14:59:01.711+0900] {dag.py:3089} INFO - Sync 1 DAGs
[2024-07-24T14:59:01.717+0900] {logging_mixin.py:188} INFO - [2024-07-24T14:59:01.717+0900] {dag.py:3947} INFO - Setting next_dagrun for import_db2 to 2024-07-10 04:10:00+00:00, run_after=2024-07-11 04:10:00+00:00
[2024-07-24T14:59:01.724+0900] {processor.py:183} INFO - Processing /Users/DE32/airflow/dags/import_db_2.py took 0.054 seconds
[2024-07-24T14:59:33.437+0900] {processor.py:161} INFO - Started process (PID=94004) to work on /Users/DE32/airflow/dags/import_db_2.py
[2024-07-24T14:59:33.438+0900] {processor.py:830} INFO - Processing file /Users/DE32/airflow/dags/import_db_2.py for tasks to queue
[2024-07-24T14:59:33.439+0900] {logging_mixin.py:188} INFO - [2024-07-24T14:59:33.439+0900] {dagbag.py:545} INFO - Filling up the DagBag from /Users/DE32/airflow/dags/import_db_2.py
[2024-07-24T14:59:33.446+0900] {processor.py:840} INFO - DAG(s) 'import_db2' retrieved from /Users/DE32/airflow/dags/import_db_2.py
[2024-07-24T14:59:33.487+0900] {logging_mixin.py:188} INFO - [2024-07-24T14:59:33.487+0900] {dag.py:3089} INFO - Sync 1 DAGs
[2024-07-24T14:59:33.493+0900] {logging_mixin.py:188} INFO - [2024-07-24T14:59:33.493+0900] {dag.py:3947} INFO - Setting next_dagrun for import_db2 to 2024-07-10 04:10:00+00:00, run_after=2024-07-11 04:10:00+00:00
[2024-07-24T14:59:33.500+0900] {processor.py:183} INFO - Processing /Users/DE32/airflow/dags/import_db_2.py took 0.064 seconds
[2024-07-24T15:00:10.276+0900] {processor.py:161} INFO - Started process (PID=94022) to work on /Users/DE32/airflow/dags/import_db_2.py
[2024-07-24T15:00:10.277+0900] {processor.py:830} INFO - Processing file /Users/DE32/airflow/dags/import_db_2.py for tasks to queue
[2024-07-24T15:00:10.278+0900] {logging_mixin.py:188} INFO - [2024-07-24T15:00:10.277+0900] {dagbag.py:545} INFO - Filling up the DagBag from /Users/DE32/airflow/dags/import_db_2.py
[2024-07-24T15:00:10.282+0900] {processor.py:840} INFO - DAG(s) 'import_db2' retrieved from /Users/DE32/airflow/dags/import_db_2.py
[2024-07-24T15:00:10.317+0900] {logging_mixin.py:188} INFO - [2024-07-24T15:00:10.317+0900] {dag.py:3089} INFO - Sync 1 DAGs
[2024-07-24T15:00:10.323+0900] {logging_mixin.py:188} INFO - [2024-07-24T15:00:10.323+0900] {dag.py:3947} INFO - Setting next_dagrun for import_db2 to 2024-07-10 04:10:00+00:00, run_after=2024-07-11 04:10:00+00:00
[2024-07-24T15:00:10.330+0900] {processor.py:183} INFO - Processing /Users/DE32/airflow/dags/import_db_2.py took 0.055 seconds
[2024-07-24T15:01:12.868+0900] {processor.py:161} INFO - Started process (PID=94059) to work on /Users/DE32/airflow/dags/import_db_2.py
[2024-07-24T15:01:12.870+0900] {processor.py:830} INFO - Processing file /Users/DE32/airflow/dags/import_db_2.py for tasks to queue
[2024-07-24T15:01:12.870+0900] {logging_mixin.py:188} INFO - [2024-07-24T15:01:12.870+0900] {dagbag.py:545} INFO - Filling up the DagBag from /Users/DE32/airflow/dags/import_db_2.py
[2024-07-24T15:01:12.874+0900] {processor.py:840} INFO - DAG(s) 'import_db2' retrieved from /Users/DE32/airflow/dags/import_db_2.py
[2024-07-24T15:01:12.909+0900] {logging_mixin.py:188} INFO - [2024-07-24T15:01:12.909+0900] {dag.py:3089} INFO - Sync 1 DAGs
[2024-07-24T15:01:12.915+0900] {logging_mixin.py:188} INFO - [2024-07-24T15:01:12.915+0900] {dag.py:3947} INFO - Setting next_dagrun for import_db2 to 2024-07-10 04:10:00+00:00, run_after=2024-07-11 04:10:00+00:00
[2024-07-24T15:01:12.922+0900] {processor.py:183} INFO - Processing /Users/DE32/airflow/dags/import_db_2.py took 0.054 seconds
[2024-07-24T15:02:01.356+0900] {processor.py:161} INFO - Started process (PID=94230) to work on /Users/DE32/airflow/dags/import_db_2.py
[2024-07-24T15:02:01.356+0900] {processor.py:830} INFO - Processing file /Users/DE32/airflow/dags/import_db_2.py for tasks to queue
[2024-07-24T15:02:01.357+0900] {logging_mixin.py:188} INFO - [2024-07-24T15:02:01.357+0900] {dagbag.py:545} INFO - Filling up the DagBag from /Users/DE32/airflow/dags/import_db_2.py
[2024-07-24T15:02:01.361+0900] {processor.py:840} INFO - DAG(s) 'import_db2' retrieved from /Users/DE32/airflow/dags/import_db_2.py
[2024-07-24T15:02:01.397+0900] {logging_mixin.py:188} INFO - [2024-07-24T15:02:01.397+0900] {dag.py:3089} INFO - Sync 1 DAGs
[2024-07-24T15:02:01.403+0900] {logging_mixin.py:188} INFO - [2024-07-24T15:02:01.403+0900] {dag.py:3947} INFO - Setting next_dagrun for import_db2 to 2024-07-10 04:10:00+00:00, run_after=2024-07-11 04:10:00+00:00
[2024-07-24T15:02:01.410+0900] {processor.py:183} INFO - Processing /Users/DE32/airflow/dags/import_db_2.py took 0.056 seconds
[2024-07-24T15:02:32.751+0900] {processor.py:161} INFO - Started process (PID=94239) to work on /Users/DE32/airflow/dags/import_db_2.py
[2024-07-24T15:02:32.751+0900] {processor.py:830} INFO - Processing file /Users/DE32/airflow/dags/import_db_2.py for tasks to queue
[2024-07-24T15:02:32.751+0900] {logging_mixin.py:188} INFO - [2024-07-24T15:02:32.751+0900] {dagbag.py:545} INFO - Filling up the DagBag from /Users/DE32/airflow/dags/import_db_2.py
[2024-07-24T15:02:32.755+0900] {processor.py:840} INFO - DAG(s) 'import_db2' retrieved from /Users/DE32/airflow/dags/import_db_2.py
[2024-07-24T15:02:32.791+0900] {logging_mixin.py:188} INFO - [2024-07-24T15:02:32.791+0900] {dag.py:3089} INFO - Sync 1 DAGs
[2024-07-24T15:02:32.796+0900] {logging_mixin.py:188} INFO - [2024-07-24T15:02:32.796+0900] {dag.py:3947} INFO - Setting next_dagrun for import_db2 to 2024-07-10 04:10:00+00:00, run_after=2024-07-11 04:10:00+00:00
[2024-07-24T15:02:32.804+0900] {processor.py:183} INFO - Processing /Users/DE32/airflow/dags/import_db_2.py took 0.054 seconds
[2024-07-24T15:03:04.115+0900] {processor.py:161} INFO - Started process (PID=94242) to work on /Users/DE32/airflow/dags/import_db_2.py
[2024-07-24T15:03:04.116+0900] {processor.py:830} INFO - Processing file /Users/DE32/airflow/dags/import_db_2.py for tasks to queue
[2024-07-24T15:03:04.117+0900] {logging_mixin.py:188} INFO - [2024-07-24T15:03:04.117+0900] {dagbag.py:545} INFO - Filling up the DagBag from /Users/DE32/airflow/dags/import_db_2.py
[2024-07-24T15:03:04.121+0900] {processor.py:840} INFO - DAG(s) 'import_db2' retrieved from /Users/DE32/airflow/dags/import_db_2.py
[2024-07-24T15:03:04.157+0900] {logging_mixin.py:188} INFO - [2024-07-24T15:03:04.157+0900] {dag.py:3089} INFO - Sync 1 DAGs
[2024-07-24T15:03:04.163+0900] {logging_mixin.py:188} INFO - [2024-07-24T15:03:04.163+0900] {dag.py:3947} INFO - Setting next_dagrun for import_db2 to 2024-07-10 04:10:00+00:00, run_after=2024-07-11 04:10:00+00:00
[2024-07-24T15:03:04.170+0900] {processor.py:183} INFO - Processing /Users/DE32/airflow/dags/import_db_2.py took 0.056 seconds
[2024-07-24T15:03:35.037+0900] {processor.py:161} INFO - Started process (PID=94245) to work on /Users/DE32/airflow/dags/import_db_2.py
[2024-07-24T15:03:35.037+0900] {processor.py:830} INFO - Processing file /Users/DE32/airflow/dags/import_db_2.py for tasks to queue
[2024-07-24T15:03:35.037+0900] {logging_mixin.py:188} INFO - [2024-07-24T15:03:35.037+0900] {dagbag.py:545} INFO - Filling up the DagBag from /Users/DE32/airflow/dags/import_db_2.py
[2024-07-24T15:03:35.041+0900] {processor.py:840} INFO - DAG(s) 'import_db2' retrieved from /Users/DE32/airflow/dags/import_db_2.py
[2024-07-24T15:03:35.077+0900] {logging_mixin.py:188} INFO - [2024-07-24T15:03:35.077+0900] {dag.py:3089} INFO - Sync 1 DAGs
[2024-07-24T15:03:35.083+0900] {logging_mixin.py:188} INFO - [2024-07-24T15:03:35.083+0900] {dag.py:3947} INFO - Setting next_dagrun for import_db2 to 2024-07-10 04:10:00+00:00, run_after=2024-07-11 04:10:00+00:00
[2024-07-24T15:03:35.090+0900] {processor.py:183} INFO - Processing /Users/DE32/airflow/dags/import_db_2.py took 0.055 seconds
[2024-07-24T15:04:05.943+0900] {processor.py:161} INFO - Started process (PID=94248) to work on /Users/DE32/airflow/dags/import_db_2.py
[2024-07-24T15:04:05.943+0900] {processor.py:830} INFO - Processing file /Users/DE32/airflow/dags/import_db_2.py for tasks to queue
[2024-07-24T15:04:05.944+0900] {logging_mixin.py:188} INFO - [2024-07-24T15:04:05.943+0900] {dagbag.py:545} INFO - Filling up the DagBag from /Users/DE32/airflow/dags/import_db_2.py
[2024-07-24T15:04:05.947+0900] {processor.py:840} INFO - DAG(s) 'import_db2' retrieved from /Users/DE32/airflow/dags/import_db_2.py
[2024-07-24T15:04:05.982+0900] {logging_mixin.py:188} INFO - [2024-07-24T15:04:05.982+0900] {dag.py:3089} INFO - Sync 1 DAGs
[2024-07-24T15:04:05.988+0900] {logging_mixin.py:188} INFO - [2024-07-24T15:04:05.988+0900] {dag.py:3947} INFO - Setting next_dagrun for import_db2 to 2024-07-10 04:10:00+00:00, run_after=2024-07-11 04:10:00+00:00
[2024-07-24T15:04:05.995+0900] {processor.py:183} INFO - Processing /Users/DE32/airflow/dags/import_db_2.py took 0.053 seconds
[2024-07-24T15:04:38.125+0900] {processor.py:161} INFO - Started process (PID=94268) to work on /Users/DE32/airflow/dags/import_db_2.py
[2024-07-24T15:04:38.126+0900] {processor.py:830} INFO - Processing file /Users/DE32/airflow/dags/import_db_2.py for tasks to queue
[2024-07-24T15:04:38.126+0900] {logging_mixin.py:188} INFO - [2024-07-24T15:04:38.126+0900] {dagbag.py:545} INFO - Filling up the DagBag from /Users/DE32/airflow/dags/import_db_2.py
[2024-07-24T15:04:38.130+0900] {processor.py:840} INFO - DAG(s) 'import_db2' retrieved from /Users/DE32/airflow/dags/import_db_2.py
[2024-07-24T15:04:38.165+0900] {logging_mixin.py:188} INFO - [2024-07-24T15:04:38.164+0900] {dag.py:3089} INFO - Sync 1 DAGs
[2024-07-24T15:04:38.170+0900] {logging_mixin.py:188} INFO - [2024-07-24T15:04:38.170+0900] {dag.py:3947} INFO - Setting next_dagrun for import_db2 to 2024-07-10 04:10:00+00:00, run_after=2024-07-11 04:10:00+00:00
[2024-07-24T15:04:38.177+0900] {processor.py:183} INFO - Processing /Users/DE32/airflow/dags/import_db_2.py took 0.053 seconds
[2024-07-24T15:05:09.329+0900] {processor.py:161} INFO - Started process (PID=94292) to work on /Users/DE32/airflow/dags/import_db_2.py
[2024-07-24T15:05:09.330+0900] {processor.py:830} INFO - Processing file /Users/DE32/airflow/dags/import_db_2.py for tasks to queue
[2024-07-24T15:05:09.331+0900] {logging_mixin.py:188} INFO - [2024-07-24T15:05:09.330+0900] {dagbag.py:545} INFO - Filling up the DagBag from /Users/DE32/airflow/dags/import_db_2.py
[2024-07-24T15:05:09.335+0900] {processor.py:840} INFO - DAG(s) 'import_db2' retrieved from /Users/DE32/airflow/dags/import_db_2.py
[2024-07-24T15:05:09.374+0900] {logging_mixin.py:188} INFO - [2024-07-24T15:05:09.373+0900] {dag.py:3089} INFO - Sync 1 DAGs
[2024-07-24T15:05:09.380+0900] {logging_mixin.py:188} INFO - [2024-07-24T15:05:09.379+0900] {dag.py:3947} INFO - Setting next_dagrun for import_db2 to 2024-07-10 04:10:00+00:00, run_after=2024-07-11 04:10:00+00:00
[2024-07-24T15:05:09.386+0900] {processor.py:183} INFO - Processing /Users/DE32/airflow/dags/import_db_2.py took 0.059 seconds
[2024-07-24T15:06:30.636+0900] {processor.py:161} INFO - Started process (PID=94367) to work on /Users/DE32/airflow/dags/import_db_2.py
[2024-07-24T15:06:30.637+0900] {processor.py:830} INFO - Processing file /Users/DE32/airflow/dags/import_db_2.py for tasks to queue
[2024-07-24T15:06:30.637+0900] {logging_mixin.py:188} INFO - [2024-07-24T15:06:30.637+0900] {dagbag.py:545} INFO - Filling up the DagBag from /Users/DE32/airflow/dags/import_db_2.py
[2024-07-24T15:06:30.641+0900] {processor.py:840} INFO - DAG(s) 'import_db2' retrieved from /Users/DE32/airflow/dags/import_db_2.py
[2024-07-24T15:06:30.677+0900] {logging_mixin.py:188} INFO - [2024-07-24T15:06:30.677+0900] {dag.py:3089} INFO - Sync 1 DAGs
[2024-07-24T15:06:30.683+0900] {logging_mixin.py:188} INFO - [2024-07-24T15:06:30.683+0900] {dag.py:3947} INFO - Setting next_dagrun for import_db2 to 2024-07-10 04:10:00+00:00, run_after=2024-07-11 04:10:00+00:00
[2024-07-24T15:06:30.689+0900] {processor.py:183} INFO - Processing /Users/DE32/airflow/dags/import_db_2.py took 0.055 seconds
[2024-07-24T15:10:19.871+0900] {processor.py:161} INFO - Started process (PID=94928) to work on /Users/DE32/airflow/dags/import_db_2.py
[2024-07-24T15:10:19.871+0900] {processor.py:830} INFO - Processing file /Users/DE32/airflow/dags/import_db_2.py for tasks to queue
[2024-07-24T15:10:19.871+0900] {logging_mixin.py:188} INFO - [2024-07-24T15:10:19.871+0900] {dagbag.py:545} INFO - Filling up the DagBag from /Users/DE32/airflow/dags/import_db_2.py
[2024-07-24T15:10:19.876+0900] {processor.py:840} INFO - DAG(s) 'import_db2' retrieved from /Users/DE32/airflow/dags/import_db_2.py
[2024-07-24T15:10:19.910+0900] {logging_mixin.py:188} INFO - [2024-07-24T15:10:19.910+0900] {dag.py:3089} INFO - Sync 1 DAGs
[2024-07-24T15:10:19.916+0900] {logging_mixin.py:188} INFO - [2024-07-24T15:10:19.916+0900] {dag.py:3947} INFO - Setting next_dagrun for import_db2 to 2024-07-10 04:10:00+00:00, run_after=2024-07-11 04:10:00+00:00
[2024-07-24T15:10:19.924+0900] {processor.py:183} INFO - Processing /Users/DE32/airflow/dags/import_db_2.py took 0.054 seconds
[2024-07-24T15:10:51.211+0900] {processor.py:161} INFO - Started process (PID=94975) to work on /Users/DE32/airflow/dags/import_db_2.py
[2024-07-24T15:10:51.211+0900] {processor.py:830} INFO - Processing file /Users/DE32/airflow/dags/import_db_2.py for tasks to queue
[2024-07-24T15:10:51.211+0900] {logging_mixin.py:188} INFO - [2024-07-24T15:10:51.211+0900] {dagbag.py:545} INFO - Filling up the DagBag from /Users/DE32/airflow/dags/import_db_2.py
[2024-07-24T15:10:51.216+0900] {processor.py:840} INFO - DAG(s) 'import_db2' retrieved from /Users/DE32/airflow/dags/import_db_2.py
[2024-07-24T15:10:51.253+0900] {logging_mixin.py:188} INFO - [2024-07-24T15:10:51.253+0900] {dag.py:3089} INFO - Sync 1 DAGs
[2024-07-24T15:10:51.259+0900] {logging_mixin.py:188} INFO - [2024-07-24T15:10:51.259+0900] {dag.py:3947} INFO - Setting next_dagrun for import_db2 to 2024-07-10 04:10:00+00:00, run_after=2024-07-11 04:10:00+00:00
[2024-07-24T15:10:51.267+0900] {processor.py:183} INFO - Processing /Users/DE32/airflow/dags/import_db_2.py took 0.057 seconds
[2024-07-24T15:11:22.135+0900] {processor.py:161} INFO - Started process (PID=94991) to work on /Users/DE32/airflow/dags/import_db_2.py
[2024-07-24T15:11:22.136+0900] {processor.py:830} INFO - Processing file /Users/DE32/airflow/dags/import_db_2.py for tasks to queue
[2024-07-24T15:11:22.136+0900] {logging_mixin.py:188} INFO - [2024-07-24T15:11:22.136+0900] {dagbag.py:545} INFO - Filling up the DagBag from /Users/DE32/airflow/dags/import_db_2.py
[2024-07-24T15:11:22.140+0900] {processor.py:840} INFO - DAG(s) 'import_db2' retrieved from /Users/DE32/airflow/dags/import_db_2.py
[2024-07-24T15:11:22.177+0900] {logging_mixin.py:188} INFO - [2024-07-24T15:11:22.177+0900] {dag.py:3089} INFO - Sync 1 DAGs
[2024-07-24T15:11:22.183+0900] {logging_mixin.py:188} INFO - [2024-07-24T15:11:22.183+0900] {dag.py:3947} INFO - Setting next_dagrun for import_db2 to 2024-07-10 04:10:00+00:00, run_after=2024-07-11 04:10:00+00:00
[2024-07-24T15:11:22.190+0900] {processor.py:183} INFO - Processing /Users/DE32/airflow/dags/import_db_2.py took 0.057 seconds
[2024-07-24T15:11:52.922+0900] {processor.py:161} INFO - Started process (PID=95008) to work on /Users/DE32/airflow/dags/import_db_2.py
[2024-07-24T15:11:52.923+0900] {processor.py:830} INFO - Processing file /Users/DE32/airflow/dags/import_db_2.py for tasks to queue
[2024-07-24T15:11:52.923+0900] {logging_mixin.py:188} INFO - [2024-07-24T15:11:52.923+0900] {dagbag.py:545} INFO - Filling up the DagBag from /Users/DE32/airflow/dags/import_db_2.py
[2024-07-24T15:11:52.927+0900] {processor.py:840} INFO - DAG(s) 'import_db2' retrieved from /Users/DE32/airflow/dags/import_db_2.py
[2024-07-24T15:11:52.972+0900] {logging_mixin.py:188} INFO - [2024-07-24T15:11:52.972+0900] {dag.py:3089} INFO - Sync 1 DAGs
[2024-07-24T15:11:52.978+0900] {logging_mixin.py:188} INFO - [2024-07-24T15:11:52.978+0900] {dag.py:3947} INFO - Setting next_dagrun for import_db2 to 2024-07-10 04:10:00+00:00, run_after=2024-07-11 04:10:00+00:00
[2024-07-24T15:11:52.985+0900] {processor.py:183} INFO - Processing /Users/DE32/airflow/dags/import_db_2.py took 0.064 seconds
[2024-07-24T15:12:51.800+0900] {processor.py:161} INFO - Started process (PID=95050) to work on /Users/DE32/airflow/dags/import_db_2.py
[2024-07-24T15:12:51.800+0900] {processor.py:830} INFO - Processing file /Users/DE32/airflow/dags/import_db_2.py for tasks to queue
[2024-07-24T15:12:51.800+0900] {logging_mixin.py:188} INFO - [2024-07-24T15:12:51.800+0900] {dagbag.py:545} INFO - Filling up the DagBag from /Users/DE32/airflow/dags/import_db_2.py
[2024-07-24T15:12:51.804+0900] {processor.py:840} INFO - DAG(s) 'import_db2' retrieved from /Users/DE32/airflow/dags/import_db_2.py
[2024-07-24T15:12:51.840+0900] {logging_mixin.py:188} INFO - [2024-07-24T15:12:51.839+0900] {dag.py:3089} INFO - Sync 1 DAGs
[2024-07-24T15:12:51.845+0900] {logging_mixin.py:188} INFO - [2024-07-24T15:12:51.845+0900] {dag.py:3947} INFO - Setting next_dagrun for import_db2 to 2024-07-10 04:10:00+00:00, run_after=2024-07-11 04:10:00+00:00
[2024-07-24T15:12:51.852+0900] {processor.py:183} INFO - Processing /Users/DE32/airflow/dags/import_db_2.py took 0.054 seconds
[2024-07-24T15:13:23.041+0900] {processor.py:161} INFO - Started process (PID=95072) to work on /Users/DE32/airflow/dags/import_db_2.py
[2024-07-24T15:13:23.042+0900] {processor.py:830} INFO - Processing file /Users/DE32/airflow/dags/import_db_2.py for tasks to queue
[2024-07-24T15:13:23.042+0900] {logging_mixin.py:188} INFO - [2024-07-24T15:13:23.042+0900] {dagbag.py:545} INFO - Filling up the DagBag from /Users/DE32/airflow/dags/import_db_2.py
[2024-07-24T15:13:23.046+0900] {processor.py:840} INFO - DAG(s) 'import_db2' retrieved from /Users/DE32/airflow/dags/import_db_2.py
[2024-07-24T15:13:23.081+0900] {logging_mixin.py:188} INFO - [2024-07-24T15:13:23.081+0900] {dag.py:3089} INFO - Sync 1 DAGs
[2024-07-24T15:13:23.086+0900] {logging_mixin.py:188} INFO - [2024-07-24T15:13:23.086+0900] {dag.py:3947} INFO - Setting next_dagrun for import_db2 to 2024-07-10 04:10:00+00:00, run_after=2024-07-11 04:10:00+00:00
[2024-07-24T15:13:23.094+0900] {processor.py:183} INFO - Processing /Users/DE32/airflow/dags/import_db_2.py took 0.054 seconds
[2024-07-24T15:14:25.232+0900] {processor.py:161} INFO - Started process (PID=95122) to work on /Users/DE32/airflow/dags/import_db_2.py
[2024-07-24T15:14:25.233+0900] {processor.py:830} INFO - Processing file /Users/DE32/airflow/dags/import_db_2.py for tasks to queue
[2024-07-24T15:14:25.234+0900] {logging_mixin.py:188} INFO - [2024-07-24T15:14:25.234+0900] {dagbag.py:545} INFO - Filling up the DagBag from /Users/DE32/airflow/dags/import_db_2.py
[2024-07-24T15:14:25.238+0900] {processor.py:840} INFO - DAG(s) 'import_db2' retrieved from /Users/DE32/airflow/dags/import_db_2.py
[2024-07-24T15:14:25.274+0900] {logging_mixin.py:188} INFO - [2024-07-24T15:14:25.274+0900] {dag.py:3089} INFO - Sync 1 DAGs
[2024-07-24T15:14:25.280+0900] {logging_mixin.py:188} INFO - [2024-07-24T15:14:25.280+0900] {dag.py:3947} INFO - Setting next_dagrun for import_db2 to 2024-07-10 04:10:00+00:00, run_after=2024-07-11 04:10:00+00:00
[2024-07-24T15:14:25.286+0900] {processor.py:183} INFO - Processing /Users/DE32/airflow/dags/import_db_2.py took 0.055 seconds
[2024-07-24T15:14:56.859+0900] {processor.py:161} INFO - Started process (PID=95149) to work on /Users/DE32/airflow/dags/import_db_2.py
[2024-07-24T15:14:56.859+0900] {processor.py:830} INFO - Processing file /Users/DE32/airflow/dags/import_db_2.py for tasks to queue
[2024-07-24T15:14:56.860+0900] {logging_mixin.py:188} INFO - [2024-07-24T15:14:56.859+0900] {dagbag.py:545} INFO - Filling up the DagBag from /Users/DE32/airflow/dags/import_db_2.py
[2024-07-24T15:14:56.863+0900] {processor.py:840} INFO - DAG(s) 'import_db2' retrieved from /Users/DE32/airflow/dags/import_db_2.py
[2024-07-24T15:14:56.898+0900] {logging_mixin.py:188} INFO - [2024-07-24T15:14:56.898+0900] {dag.py:3089} INFO - Sync 1 DAGs
[2024-07-24T15:14:56.904+0900] {logging_mixin.py:188} INFO - [2024-07-24T15:14:56.904+0900] {dag.py:3947} INFO - Setting next_dagrun for import_db2 to 2024-07-10 04:10:00+00:00, run_after=2024-07-11 04:10:00+00:00
[2024-07-24T15:14:56.911+0900] {processor.py:183} INFO - Processing /Users/DE32/airflow/dags/import_db_2.py took 0.053 seconds
[2024-07-24T15:15:27.828+0900] {processor.py:161} INFO - Started process (PID=95163) to work on /Users/DE32/airflow/dags/import_db_2.py
[2024-07-24T15:15:27.828+0900] {processor.py:830} INFO - Processing file /Users/DE32/airflow/dags/import_db_2.py for tasks to queue
[2024-07-24T15:15:27.828+0900] {logging_mixin.py:188} INFO - [2024-07-24T15:15:27.828+0900] {dagbag.py:545} INFO - Filling up the DagBag from /Users/DE32/airflow/dags/import_db_2.py
[2024-07-24T15:15:27.833+0900] {processor.py:840} INFO - DAG(s) 'import_db2' retrieved from /Users/DE32/airflow/dags/import_db_2.py
[2024-07-24T15:15:27.870+0900] {logging_mixin.py:188} INFO - [2024-07-24T15:15:27.870+0900] {dag.py:3089} INFO - Sync 1 DAGs
[2024-07-24T15:15:27.876+0900] {logging_mixin.py:188} INFO - [2024-07-24T15:15:27.876+0900] {dag.py:3947} INFO - Setting next_dagrun for import_db2 to 2024-07-10 04:10:00+00:00, run_after=2024-07-11 04:10:00+00:00
[2024-07-24T15:15:27.883+0900] {processor.py:183} INFO - Processing /Users/DE32/airflow/dags/import_db_2.py took 0.057 seconds
[2024-07-24T15:16:16.548+0900] {processor.py:161} INFO - Started process (PID=95344) to work on /Users/DE32/airflow/dags/import_db_2.py
[2024-07-24T15:16:16.549+0900] {processor.py:830} INFO - Processing file /Users/DE32/airflow/dags/import_db_2.py for tasks to queue
[2024-07-24T15:16:16.549+0900] {logging_mixin.py:188} INFO - [2024-07-24T15:16:16.549+0900] {dagbag.py:545} INFO - Filling up the DagBag from /Users/DE32/airflow/dags/import_db_2.py
[2024-07-24T15:16:16.553+0900] {processor.py:840} INFO - DAG(s) 'import_db2' retrieved from /Users/DE32/airflow/dags/import_db_2.py
[2024-07-24T15:16:16.591+0900] {logging_mixin.py:188} INFO - [2024-07-24T15:16:16.590+0900] {dag.py:3089} INFO - Sync 1 DAGs
[2024-07-24T15:16:16.597+0900] {logging_mixin.py:188} INFO - [2024-07-24T15:16:16.597+0900] {dag.py:3947} INFO - Setting next_dagrun for import_db2 to 2024-07-10 04:10:00+00:00, run_after=2024-07-11 04:10:00+00:00
[2024-07-24T15:16:16.604+0900] {processor.py:183} INFO - Processing /Users/DE32/airflow/dags/import_db_2.py took 0.057 seconds
[2024-07-24T15:16:47.696+0900] {processor.py:161} INFO - Started process (PID=95763) to work on /Users/DE32/airflow/dags/import_db_2.py
[2024-07-24T15:16:47.697+0900] {processor.py:830} INFO - Processing file /Users/DE32/airflow/dags/import_db_2.py for tasks to queue
[2024-07-24T15:16:47.697+0900] {logging_mixin.py:188} INFO - [2024-07-24T15:16:47.697+0900] {dagbag.py:545} INFO - Filling up the DagBag from /Users/DE32/airflow/dags/import_db_2.py
[2024-07-24T15:16:47.701+0900] {processor.py:840} INFO - DAG(s) 'import_db2' retrieved from /Users/DE32/airflow/dags/import_db_2.py
[2024-07-24T15:16:47.736+0900] {logging_mixin.py:188} INFO - [2024-07-24T15:16:47.736+0900] {dag.py:3089} INFO - Sync 1 DAGs
[2024-07-24T15:16:47.742+0900] {logging_mixin.py:188} INFO - [2024-07-24T15:16:47.742+0900] {dag.py:3947} INFO - Setting next_dagrun for import_db2 to 2024-07-10 04:10:00+00:00, run_after=2024-07-11 04:10:00+00:00
[2024-07-24T15:16:47.749+0900] {processor.py:183} INFO - Processing /Users/DE32/airflow/dags/import_db_2.py took 0.054 seconds
[2024-07-24T15:17:18.660+0900] {processor.py:161} INFO - Started process (PID=95777) to work on /Users/DE32/airflow/dags/import_db_2.py
[2024-07-24T15:17:18.661+0900] {processor.py:830} INFO - Processing file /Users/DE32/airflow/dags/import_db_2.py for tasks to queue
[2024-07-24T15:17:18.662+0900] {logging_mixin.py:188} INFO - [2024-07-24T15:17:18.662+0900] {dagbag.py:545} INFO - Filling up the DagBag from /Users/DE32/airflow/dags/import_db_2.py
[2024-07-24T15:17:18.666+0900] {processor.py:840} INFO - DAG(s) 'import_db2' retrieved from /Users/DE32/airflow/dags/import_db_2.py
[2024-07-24T15:17:18.701+0900] {logging_mixin.py:188} INFO - [2024-07-24T15:17:18.701+0900] {dag.py:3089} INFO - Sync 1 DAGs
[2024-07-24T15:17:18.706+0900] {logging_mixin.py:188} INFO - [2024-07-24T15:17:18.706+0900] {dag.py:3947} INFO - Setting next_dagrun for import_db2 to 2024-07-10 04:10:00+00:00, run_after=2024-07-11 04:10:00+00:00
[2024-07-24T15:17:18.713+0900] {processor.py:183} INFO - Processing /Users/DE32/airflow/dags/import_db_2.py took 0.054 seconds
[2024-07-24T15:17:51.242+0900] {processor.py:161} INFO - Started process (PID=95901) to work on /Users/DE32/airflow/dags/import_db_2.py
[2024-07-24T15:17:51.243+0900] {processor.py:830} INFO - Processing file /Users/DE32/airflow/dags/import_db_2.py for tasks to queue
[2024-07-24T15:17:51.243+0900] {logging_mixin.py:188} INFO - [2024-07-24T15:17:51.243+0900] {dagbag.py:545} INFO - Filling up the DagBag from /Users/DE32/airflow/dags/import_db_2.py
[2024-07-24T15:17:51.247+0900] {processor.py:840} INFO - DAG(s) 'import_db2' retrieved from /Users/DE32/airflow/dags/import_db_2.py
[2024-07-24T15:17:51.283+0900] {logging_mixin.py:188} INFO - [2024-07-24T15:17:51.282+0900] {dag.py:3089} INFO - Sync 1 DAGs
[2024-07-24T15:17:51.289+0900] {logging_mixin.py:188} INFO - [2024-07-24T15:17:51.288+0900] {dag.py:3947} INFO - Setting next_dagrun for import_db2 to 2024-07-10 04:10:00+00:00, run_after=2024-07-11 04:10:00+00:00
[2024-07-24T15:17:51.295+0900] {processor.py:183} INFO - Processing /Users/DE32/airflow/dags/import_db_2.py took 0.055 seconds
[2024-07-24T15:18:52.770+0900] {processor.py:161} INFO - Started process (PID=96140) to work on /Users/DE32/airflow/dags/import_db_2.py
[2024-07-24T15:18:52.770+0900] {processor.py:830} INFO - Processing file /Users/DE32/airflow/dags/import_db_2.py for tasks to queue
[2024-07-24T15:18:52.770+0900] {logging_mixin.py:188} INFO - [2024-07-24T15:18:52.770+0900] {dagbag.py:545} INFO - Filling up the DagBag from /Users/DE32/airflow/dags/import_db_2.py
[2024-07-24T15:18:52.775+0900] {processor.py:840} INFO - DAG(s) 'import_db2' retrieved from /Users/DE32/airflow/dags/import_db_2.py
[2024-07-24T15:18:52.810+0900] {logging_mixin.py:188} INFO - [2024-07-24T15:18:52.810+0900] {dag.py:3089} INFO - Sync 1 DAGs
[2024-07-24T15:18:52.816+0900] {logging_mixin.py:188} INFO - [2024-07-24T15:18:52.816+0900] {dag.py:3947} INFO - Setting next_dagrun for import_db2 to 2024-07-10 04:10:00+00:00, run_after=2024-07-11 04:10:00+00:00
[2024-07-24T15:18:52.823+0900] {processor.py:183} INFO - Processing /Users/DE32/airflow/dags/import_db_2.py took 0.054 seconds
[2024-07-24T15:19:24.156+0900] {processor.py:161} INFO - Started process (PID=96183) to work on /Users/DE32/airflow/dags/import_db_2.py
[2024-07-24T15:19:24.157+0900] {processor.py:830} INFO - Processing file /Users/DE32/airflow/dags/import_db_2.py for tasks to queue
[2024-07-24T15:19:24.157+0900] {logging_mixin.py:188} INFO - [2024-07-24T15:19:24.157+0900] {dagbag.py:545} INFO - Filling up the DagBag from /Users/DE32/airflow/dags/import_db_2.py
[2024-07-24T15:19:24.161+0900] {processor.py:840} INFO - DAG(s) 'import_db2' retrieved from /Users/DE32/airflow/dags/import_db_2.py
[2024-07-24T15:19:24.196+0900] {logging_mixin.py:188} INFO - [2024-07-24T15:19:24.196+0900] {dag.py:3089} INFO - Sync 1 DAGs
[2024-07-24T15:19:24.202+0900] {logging_mixin.py:188} INFO - [2024-07-24T15:19:24.202+0900] {dag.py:3947} INFO - Setting next_dagrun for import_db2 to 2024-07-10 04:10:00+00:00, run_after=2024-07-11 04:10:00+00:00
[2024-07-24T15:19:24.209+0900] {processor.py:183} INFO - Processing /Users/DE32/airflow/dags/import_db_2.py took 0.054 seconds
[2024-07-24T15:20:31.091+0900] {processor.py:161} INFO - Started process (PID=96235) to work on /Users/DE32/airflow/dags/import_db_2.py
[2024-07-24T15:20:31.093+0900] {processor.py:830} INFO - Processing file /Users/DE32/airflow/dags/import_db_2.py for tasks to queue
[2024-07-24T15:20:31.093+0900] {logging_mixin.py:188} INFO - [2024-07-24T15:20:31.093+0900] {dagbag.py:545} INFO - Filling up the DagBag from /Users/DE32/airflow/dags/import_db_2.py
[2024-07-24T15:20:31.097+0900] {processor.py:840} INFO - DAG(s) 'import_db2' retrieved from /Users/DE32/airflow/dags/import_db_2.py
[2024-07-24T15:20:31.133+0900] {logging_mixin.py:188} INFO - [2024-07-24T15:20:31.133+0900] {dag.py:3089} INFO - Sync 1 DAGs
[2024-07-24T15:20:31.139+0900] {logging_mixin.py:188} INFO - [2024-07-24T15:20:31.139+0900] {dag.py:3947} INFO - Setting next_dagrun for import_db2 to 2024-07-10 04:10:00+00:00, run_after=2024-07-11 04:10:00+00:00
[2024-07-24T15:20:31.145+0900] {processor.py:183} INFO - Processing /Users/DE32/airflow/dags/import_db_2.py took 0.055 seconds
[2024-07-24T15:21:02.406+0900] {processor.py:161} INFO - Started process (PID=96239) to work on /Users/DE32/airflow/dags/import_db_2.py
[2024-07-24T15:21:02.407+0900] {processor.py:830} INFO - Processing file /Users/DE32/airflow/dags/import_db_2.py for tasks to queue
[2024-07-24T15:21:02.407+0900] {logging_mixin.py:188} INFO - [2024-07-24T15:21:02.407+0900] {dagbag.py:545} INFO - Filling up the DagBag from /Users/DE32/airflow/dags/import_db_2.py
[2024-07-24T15:21:02.410+0900] {processor.py:840} INFO - DAG(s) 'import_db2' retrieved from /Users/DE32/airflow/dags/import_db_2.py
[2024-07-24T15:21:02.446+0900] {logging_mixin.py:188} INFO - [2024-07-24T15:21:02.446+0900] {dag.py:3089} INFO - Sync 1 DAGs
[2024-07-24T15:21:02.452+0900] {logging_mixin.py:188} INFO - [2024-07-24T15:21:02.451+0900] {dag.py:3947} INFO - Setting next_dagrun for import_db2 to 2024-07-10 04:10:00+00:00, run_after=2024-07-11 04:10:00+00:00
[2024-07-24T15:21:02.459+0900] {processor.py:183} INFO - Processing /Users/DE32/airflow/dags/import_db_2.py took 0.054 seconds
[2024-07-24T15:21:33.403+0900] {processor.py:161} INFO - Started process (PID=96248) to work on /Users/DE32/airflow/dags/import_db_2.py
[2024-07-24T15:21:33.403+0900] {processor.py:830} INFO - Processing file /Users/DE32/airflow/dags/import_db_2.py for tasks to queue
[2024-07-24T15:21:33.404+0900] {logging_mixin.py:188} INFO - [2024-07-24T15:21:33.404+0900] {dagbag.py:545} INFO - Filling up the DagBag from /Users/DE32/airflow/dags/import_db_2.py
[2024-07-24T15:21:33.407+0900] {processor.py:840} INFO - DAG(s) 'import_db2' retrieved from /Users/DE32/airflow/dags/import_db_2.py
[2024-07-24T15:21:33.443+0900] {logging_mixin.py:188} INFO - [2024-07-24T15:21:33.443+0900] {dag.py:3089} INFO - Sync 1 DAGs
[2024-07-24T15:21:33.449+0900] {logging_mixin.py:188} INFO - [2024-07-24T15:21:33.448+0900] {dag.py:3947} INFO - Setting next_dagrun for import_db2 to 2024-07-10 04:10:00+00:00, run_after=2024-07-11 04:10:00+00:00
[2024-07-24T15:21:33.456+0900] {processor.py:183} INFO - Processing /Users/DE32/airflow/dags/import_db_2.py took 0.054 seconds
[2024-07-24T15:22:04.330+0900] {processor.py:161} INFO - Started process (PID=96290) to work on /Users/DE32/airflow/dags/import_db_2.py
[2024-07-24T15:22:04.330+0900] {processor.py:830} INFO - Processing file /Users/DE32/airflow/dags/import_db_2.py for tasks to queue
[2024-07-24T15:22:04.330+0900] {logging_mixin.py:188} INFO - [2024-07-24T15:22:04.330+0900] {dagbag.py:545} INFO - Filling up the DagBag from /Users/DE32/airflow/dags/import_db_2.py
[2024-07-24T15:22:04.334+0900] {processor.py:840} INFO - DAG(s) 'import_db2' retrieved from /Users/DE32/airflow/dags/import_db_2.py
[2024-07-24T15:22:04.369+0900] {logging_mixin.py:188} INFO - [2024-07-24T15:22:04.369+0900] {dag.py:3089} INFO - Sync 1 DAGs
[2024-07-24T15:22:04.375+0900] {logging_mixin.py:188} INFO - [2024-07-24T15:22:04.375+0900] {dag.py:3947} INFO - Setting next_dagrun for import_db2 to 2024-07-10 04:10:00+00:00, run_after=2024-07-11 04:10:00+00:00
[2024-07-24T15:22:04.382+0900] {processor.py:183} INFO - Processing /Users/DE32/airflow/dags/import_db_2.py took 0.054 seconds
[2024-07-24T15:23:05.267+0900] {processor.py:161} INFO - Started process (PID=96367) to work on /Users/DE32/airflow/dags/import_db_2.py
[2024-07-24T15:23:05.267+0900] {processor.py:830} INFO - Processing file /Users/DE32/airflow/dags/import_db_2.py for tasks to queue
[2024-07-24T15:23:05.267+0900] {logging_mixin.py:188} INFO - [2024-07-24T15:23:05.267+0900] {dagbag.py:545} INFO - Filling up the DagBag from /Users/DE32/airflow/dags/import_db_2.py
[2024-07-24T15:23:05.271+0900] {processor.py:840} INFO - DAG(s) 'import_db2' retrieved from /Users/DE32/airflow/dags/import_db_2.py
[2024-07-24T15:23:05.275+0900] {logging_mixin.py:188} INFO - [2024-07-24T15:23:05.275+0900] {dag.py:3089} INFO - Sync 1 DAGs
[2024-07-24T15:23:05.307+0900] {logging_mixin.py:188} INFO - [2024-07-24T15:23:05.307+0900] {dag.py:3947} INFO - Setting next_dagrun for import_db2 to 2024-07-10 04:10:00+00:00, run_after=2024-07-11 04:10:00+00:00
[2024-07-24T15:23:05.314+0900] {processor.py:183} INFO - Processing /Users/DE32/airflow/dags/import_db_2.py took 0.048 seconds
[2024-07-24T15:24:07.984+0900] {processor.py:161} INFO - Started process (PID=96408) to work on /Users/DE32/airflow/dags/import_db_2.py
[2024-07-24T15:24:07.984+0900] {processor.py:830} INFO - Processing file /Users/DE32/airflow/dags/import_db_2.py for tasks to queue
[2024-07-24T15:24:07.984+0900] {logging_mixin.py:188} INFO - [2024-07-24T15:24:07.984+0900] {dagbag.py:545} INFO - Filling up the DagBag from /Users/DE32/airflow/dags/import_db_2.py
[2024-07-24T15:24:07.989+0900] {processor.py:840} INFO - DAG(s) 'import_db2' retrieved from /Users/DE32/airflow/dags/import_db_2.py
[2024-07-24T15:24:08.053+0900] {logging_mixin.py:188} INFO - [2024-07-24T15:24:08.052+0900] {dag.py:3089} INFO - Sync 1 DAGs
[2024-07-24T15:24:08.058+0900] {logging_mixin.py:188} INFO - [2024-07-24T15:24:08.058+0900] {dag.py:3947} INFO - Setting next_dagrun for import_db2 to 2024-07-10 04:10:00+00:00, run_after=2024-07-11 04:10:00+00:00
[2024-07-24T15:24:08.065+0900] {processor.py:183} INFO - Processing /Users/DE32/airflow/dags/import_db_2.py took 0.082 seconds
[2024-07-24T15:24:39.206+0900] {processor.py:161} INFO - Started process (PID=96411) to work on /Users/DE32/airflow/dags/import_db_2.py
[2024-07-24T15:24:39.206+0900] {processor.py:830} INFO - Processing file /Users/DE32/airflow/dags/import_db_2.py for tasks to queue
[2024-07-24T15:24:39.207+0900] {logging_mixin.py:188} INFO - [2024-07-24T15:24:39.206+0900] {dagbag.py:545} INFO - Filling up the DagBag from /Users/DE32/airflow/dags/import_db_2.py
[2024-07-24T15:24:39.210+0900] {processor.py:840} INFO - DAG(s) 'import_db2' retrieved from /Users/DE32/airflow/dags/import_db_2.py
[2024-07-24T15:24:39.246+0900] {logging_mixin.py:188} INFO - [2024-07-24T15:24:39.246+0900] {dag.py:3089} INFO - Sync 1 DAGs
[2024-07-24T15:24:39.252+0900] {logging_mixin.py:188} INFO - [2024-07-24T15:24:39.252+0900] {dag.py:3947} INFO - Setting next_dagrun for import_db2 to 2024-07-10 04:10:00+00:00, run_after=2024-07-11 04:10:00+00:00
[2024-07-24T15:24:39.260+0900] {processor.py:183} INFO - Processing /Users/DE32/airflow/dags/import_db_2.py took 0.055 seconds
[2024-07-24T15:25:10.189+0900] {processor.py:161} INFO - Started process (PID=96417) to work on /Users/DE32/airflow/dags/import_db_2.py
[2024-07-24T15:25:10.189+0900] {processor.py:830} INFO - Processing file /Users/DE32/airflow/dags/import_db_2.py for tasks to queue
[2024-07-24T15:25:10.189+0900] {logging_mixin.py:188} INFO - [2024-07-24T15:25:10.189+0900] {dagbag.py:545} INFO - Filling up the DagBag from /Users/DE32/airflow/dags/import_db_2.py
[2024-07-24T15:25:10.193+0900] {processor.py:840} INFO - DAG(s) 'import_db2' retrieved from /Users/DE32/airflow/dags/import_db_2.py
[2024-07-24T15:25:10.229+0900] {logging_mixin.py:188} INFO - [2024-07-24T15:25:10.228+0900] {dag.py:3089} INFO - Sync 1 DAGs
[2024-07-24T15:25:10.235+0900] {logging_mixin.py:188} INFO - [2024-07-24T15:25:10.235+0900] {dag.py:3947} INFO - Setting next_dagrun for import_db2 to 2024-07-10 04:10:00+00:00, run_after=2024-07-11 04:10:00+00:00
[2024-07-24T15:25:10.242+0900] {processor.py:183} INFO - Processing /Users/DE32/airflow/dags/import_db_2.py took 0.055 seconds
[2024-07-24T15:25:41.163+0900] {processor.py:161} INFO - Started process (PID=96434) to work on /Users/DE32/airflow/dags/import_db_2.py
[2024-07-24T15:25:41.163+0900] {processor.py:830} INFO - Processing file /Users/DE32/airflow/dags/import_db_2.py for tasks to queue
[2024-07-24T15:25:41.164+0900] {logging_mixin.py:188} INFO - [2024-07-24T15:25:41.163+0900] {dagbag.py:545} INFO - Filling up the DagBag from /Users/DE32/airflow/dags/import_db_2.py
[2024-07-24T15:25:41.167+0900] {processor.py:840} INFO - DAG(s) 'import_db2' retrieved from /Users/DE32/airflow/dags/import_db_2.py
[2024-07-24T15:25:41.203+0900] {logging_mixin.py:188} INFO - [2024-07-24T15:25:41.203+0900] {dag.py:3089} INFO - Sync 1 DAGs
[2024-07-24T15:25:41.209+0900] {logging_mixin.py:188} INFO - [2024-07-24T15:25:41.209+0900] {dag.py:3947} INFO - Setting next_dagrun for import_db2 to 2024-07-10 04:10:00+00:00, run_after=2024-07-11 04:10:00+00:00
[2024-07-24T15:25:41.216+0900] {processor.py:183} INFO - Processing /Users/DE32/airflow/dags/import_db_2.py took 0.054 seconds
[2024-07-24T15:26:46.414+0900] {processor.py:161} INFO - Started process (PID=96491) to work on /Users/DE32/airflow/dags/import_db_2.py
[2024-07-24T15:26:46.415+0900] {processor.py:830} INFO - Processing file /Users/DE32/airflow/dags/import_db_2.py for tasks to queue
[2024-07-24T15:26:46.415+0900] {logging_mixin.py:188} INFO - [2024-07-24T15:26:46.415+0900] {dagbag.py:545} INFO - Filling up the DagBag from /Users/DE32/airflow/dags/import_db_2.py
[2024-07-24T15:26:46.419+0900] {processor.py:840} INFO - DAG(s) 'import_db2' retrieved from /Users/DE32/airflow/dags/import_db_2.py
[2024-07-24T15:26:46.455+0900] {logging_mixin.py:188} INFO - [2024-07-24T15:26:46.454+0900] {dag.py:3089} INFO - Sync 1 DAGs
[2024-07-24T15:26:46.460+0900] {logging_mixin.py:188} INFO - [2024-07-24T15:26:46.460+0900] {dag.py:3947} INFO - Setting next_dagrun for import_db2 to 2024-07-10 04:10:00+00:00, run_after=2024-07-11 04:10:00+00:00
[2024-07-24T15:26:46.467+0900] {processor.py:183} INFO - Processing /Users/DE32/airflow/dags/import_db_2.py took 0.055 seconds
[2024-07-24T15:27:17.637+0900] {processor.py:161} INFO - Started process (PID=96513) to work on /Users/DE32/airflow/dags/import_db_2.py
[2024-07-24T15:27:17.637+0900] {processor.py:830} INFO - Processing file /Users/DE32/airflow/dags/import_db_2.py for tasks to queue
[2024-07-24T15:27:17.638+0900] {logging_mixin.py:188} INFO - [2024-07-24T15:27:17.638+0900] {dagbag.py:545} INFO - Filling up the DagBag from /Users/DE32/airflow/dags/import_db_2.py
[2024-07-24T15:27:17.641+0900] {processor.py:840} INFO - DAG(s) 'import_db2' retrieved from /Users/DE32/airflow/dags/import_db_2.py
[2024-07-24T15:27:17.677+0900] {logging_mixin.py:188} INFO - [2024-07-24T15:27:17.676+0900] {dag.py:3089} INFO - Sync 1 DAGs
[2024-07-24T15:27:17.682+0900] {logging_mixin.py:188} INFO - [2024-07-24T15:27:17.682+0900] {dag.py:3947} INFO - Setting next_dagrun for import_db2 to 2024-07-10 04:10:00+00:00, run_after=2024-07-11 04:10:00+00:00
[2024-07-24T15:27:17.689+0900] {processor.py:183} INFO - Processing /Users/DE32/airflow/dags/import_db_2.py took 0.053 seconds
[2024-07-24T15:28:05.870+0900] {processor.py:161} INFO - Started process (PID=96551) to work on /Users/DE32/airflow/dags/import_db_2.py
[2024-07-24T15:28:05.871+0900] {processor.py:830} INFO - Processing file /Users/DE32/airflow/dags/import_db_2.py for tasks to queue
[2024-07-24T15:28:05.872+0900] {logging_mixin.py:188} INFO - [2024-07-24T15:28:05.872+0900] {dagbag.py:545} INFO - Filling up the DagBag from /Users/DE32/airflow/dags/import_db_2.py
[2024-07-24T15:28:05.875+0900] {processor.py:840} INFO - DAG(s) 'import_db2' retrieved from /Users/DE32/airflow/dags/import_db_2.py
[2024-07-24T15:28:05.911+0900] {logging_mixin.py:188} INFO - [2024-07-24T15:28:05.911+0900] {dag.py:3089} INFO - Sync 1 DAGs
[2024-07-24T15:28:05.916+0900] {logging_mixin.py:188} INFO - [2024-07-24T15:28:05.916+0900] {dag.py:3947} INFO - Setting next_dagrun for import_db2 to 2024-07-10 04:10:00+00:00, run_after=2024-07-11 04:10:00+00:00
[2024-07-24T15:28:05.923+0900] {processor.py:183} INFO - Processing /Users/DE32/airflow/dags/import_db_2.py took 0.054 seconds
[2024-07-24T15:29:03.139+0900] {processor.py:161} INFO - Started process (PID=96614) to work on /Users/DE32/airflow/dags/import_db_2.py
[2024-07-24T15:29:03.140+0900] {processor.py:830} INFO - Processing file /Users/DE32/airflow/dags/import_db_2.py for tasks to queue
[2024-07-24T15:29:03.141+0900] {logging_mixin.py:188} INFO - [2024-07-24T15:29:03.141+0900] {dagbag.py:545} INFO - Filling up the DagBag from /Users/DE32/airflow/dags/import_db_2.py
[2024-07-24T15:29:03.145+0900] {processor.py:840} INFO - DAG(s) 'import_db2' retrieved from /Users/DE32/airflow/dags/import_db_2.py
[2024-07-24T15:29:03.180+0900] {logging_mixin.py:188} INFO - [2024-07-24T15:29:03.180+0900] {dag.py:3089} INFO - Sync 1 DAGs
[2024-07-24T15:29:03.185+0900] {logging_mixin.py:188} INFO - [2024-07-24T15:29:03.185+0900] {dag.py:3947} INFO - Setting next_dagrun for import_db2 to 2024-07-10 04:10:00+00:00, run_after=2024-07-11 04:10:00+00:00
[2024-07-24T15:29:03.192+0900] {processor.py:183} INFO - Processing /Users/DE32/airflow/dags/import_db_2.py took 0.054 seconds
[2024-07-24T15:30:09.080+0900] {processor.py:161} INFO - Started process (PID=96685) to work on /Users/DE32/airflow/dags/import_db_2.py
[2024-07-24T15:30:09.081+0900] {processor.py:830} INFO - Processing file /Users/DE32/airflow/dags/import_db_2.py for tasks to queue
[2024-07-24T15:30:09.081+0900] {logging_mixin.py:188} INFO - [2024-07-24T15:30:09.081+0900] {dagbag.py:545} INFO - Filling up the DagBag from /Users/DE32/airflow/dags/import_db_2.py
[2024-07-24T15:30:09.085+0900] {processor.py:840} INFO - DAG(s) 'import_db2' retrieved from /Users/DE32/airflow/dags/import_db_2.py
[2024-07-24T15:30:09.121+0900] {logging_mixin.py:188} INFO - [2024-07-24T15:30:09.121+0900] {dag.py:3089} INFO - Sync 1 DAGs
[2024-07-24T15:30:09.127+0900] {logging_mixin.py:188} INFO - [2024-07-24T15:30:09.126+0900] {dag.py:3947} INFO - Setting next_dagrun for import_db2 to 2024-07-10 04:10:00+00:00, run_after=2024-07-11 04:10:00+00:00
[2024-07-24T15:30:09.133+0900] {processor.py:183} INFO - Processing /Users/DE32/airflow/dags/import_db_2.py took 0.055 seconds
[2024-07-24T15:30:46.924+0900] {processor.py:161} INFO - Started process (PID=96719) to work on /Users/DE32/airflow/dags/import_db_2.py
[2024-07-24T15:30:46.925+0900] {processor.py:830} INFO - Processing file /Users/DE32/airflow/dags/import_db_2.py for tasks to queue
[2024-07-24T15:30:46.925+0900] {logging_mixin.py:188} INFO - [2024-07-24T15:30:46.925+0900] {dagbag.py:545} INFO - Filling up the DagBag from /Users/DE32/airflow/dags/import_db_2.py
[2024-07-24T15:30:46.929+0900] {processor.py:840} INFO - DAG(s) 'import_db2' retrieved from /Users/DE32/airflow/dags/import_db_2.py
[2024-07-24T15:30:46.964+0900] {logging_mixin.py:188} INFO - [2024-07-24T15:30:46.964+0900] {dag.py:3089} INFO - Sync 1 DAGs
[2024-07-24T15:30:46.970+0900] {logging_mixin.py:188} INFO - [2024-07-24T15:30:46.970+0900] {dag.py:3947} INFO - Setting next_dagrun for import_db2 to 2024-07-10 04:10:00+00:00, run_after=2024-07-11 04:10:00+00:00
[2024-07-24T15:30:46.977+0900] {processor.py:183} INFO - Processing /Users/DE32/airflow/dags/import_db_2.py took 0.054 seconds
[2024-07-24T15:31:18.248+0900] {processor.py:161} INFO - Started process (PID=96733) to work on /Users/DE32/airflow/dags/import_db_2.py
[2024-07-24T15:31:18.248+0900] {processor.py:830} INFO - Processing file /Users/DE32/airflow/dags/import_db_2.py for tasks to queue
[2024-07-24T15:31:18.248+0900] {logging_mixin.py:188} INFO - [2024-07-24T15:31:18.248+0900] {dagbag.py:545} INFO - Filling up the DagBag from /Users/DE32/airflow/dags/import_db_2.py
[2024-07-24T15:31:18.254+0900] {processor.py:840} INFO - DAG(s) 'import_db2' retrieved from /Users/DE32/airflow/dags/import_db_2.py
[2024-07-24T15:31:18.293+0900] {logging_mixin.py:188} INFO - [2024-07-24T15:31:18.293+0900] {dag.py:3089} INFO - Sync 1 DAGs
[2024-07-24T15:31:18.300+0900] {logging_mixin.py:188} INFO - [2024-07-24T15:31:18.300+0900] {dag.py:3947} INFO - Setting next_dagrun for import_db2 to 2024-07-10 04:10:00+00:00, run_after=2024-07-11 04:10:00+00:00
[2024-07-24T15:31:18.307+0900] {processor.py:183} INFO - Processing /Users/DE32/airflow/dags/import_db_2.py took 0.061 seconds
[2024-07-24T15:32:07.443+0900] {processor.py:161} INFO - Started process (PID=96779) to work on /Users/DE32/airflow/dags/import_db_2.py
[2024-07-24T15:32:07.444+0900] {processor.py:830} INFO - Processing file /Users/DE32/airflow/dags/import_db_2.py for tasks to queue
[2024-07-24T15:32:07.444+0900] {logging_mixin.py:188} INFO - [2024-07-24T15:32:07.444+0900] {dagbag.py:545} INFO - Filling up the DagBag from /Users/DE32/airflow/dags/import_db_2.py
[2024-07-24T15:32:07.448+0900] {processor.py:840} INFO - DAG(s) 'import_db2' retrieved from /Users/DE32/airflow/dags/import_db_2.py
[2024-07-24T15:32:07.483+0900] {logging_mixin.py:188} INFO - [2024-07-24T15:32:07.483+0900] {dag.py:3089} INFO - Sync 1 DAGs
[2024-07-24T15:32:07.490+0900] {logging_mixin.py:188} INFO - [2024-07-24T15:32:07.489+0900] {dag.py:3947} INFO - Setting next_dagrun for import_db2 to 2024-07-10 04:10:00+00:00, run_after=2024-07-11 04:10:00+00:00
[2024-07-24T15:32:07.497+0900] {processor.py:183} INFO - Processing /Users/DE32/airflow/dags/import_db_2.py took 0.055 seconds
[2024-07-24T15:32:39.561+0900] {processor.py:161} INFO - Started process (PID=96784) to work on /Users/DE32/airflow/dags/import_db_2.py
[2024-07-24T15:32:39.561+0900] {processor.py:830} INFO - Processing file /Users/DE32/airflow/dags/import_db_2.py for tasks to queue
[2024-07-24T15:32:39.562+0900] {logging_mixin.py:188} INFO - [2024-07-24T15:32:39.562+0900] {dagbag.py:545} INFO - Filling up the DagBag from /Users/DE32/airflow/dags/import_db_2.py
[2024-07-24T15:32:39.565+0900] {processor.py:840} INFO - DAG(s) 'import_db2' retrieved from /Users/DE32/airflow/dags/import_db_2.py
[2024-07-24T15:32:39.608+0900] {logging_mixin.py:188} INFO - [2024-07-24T15:32:39.608+0900] {dag.py:3089} INFO - Sync 1 DAGs
[2024-07-24T15:32:39.614+0900] {logging_mixin.py:188} INFO - [2024-07-24T15:32:39.614+0900] {dag.py:3947} INFO - Setting next_dagrun for import_db2 to 2024-07-10 04:10:00+00:00, run_after=2024-07-11 04:10:00+00:00
[2024-07-24T15:32:39.621+0900] {processor.py:183} INFO - Processing /Users/DE32/airflow/dags/import_db_2.py took 0.061 seconds
