[2024-07-31T11:29:46.832+0900] {local_task_job_runner.py:120} INFO - ::group::Pre task execution logs
[2024-07-31T11:29:46.845+0900] {taskinstance.py:2076} INFO - Dependencies all met for dep_context=non-requeueable deps ti=<TaskInstance: movie.rm.dir scheduled__2024-07-29T02:10:00+00:00 [queued]>
[2024-07-31T11:29:46.850+0900] {taskinstance.py:2076} INFO - Dependencies all met for dep_context=requeueable deps ti=<TaskInstance: movie.rm.dir scheduled__2024-07-29T02:10:00+00:00 [queued]>
[2024-07-31T11:29:46.850+0900] {taskinstance.py:2306} INFO - Starting attempt 2 of 3
[2024-07-31T11:29:46.855+0900] {taskinstance.py:2330} INFO - Executing <Task(BashOperator): rm.dir> on 2024-07-29 02:10:00+00:00
[2024-07-31T11:29:46.858+0900] {standard_task_runner.py:64} INFO - Started process 11247 to run task
[2024-07-31T11:29:46.861+0900] {standard_task_runner.py:90} INFO - Running: ['airflow', 'tasks', 'run', 'movie', 'rm.dir', 'scheduled__2024-07-29T02:10:00+00:00', '--job-id', '762', '--raw', '--subdir', 'DAGS_FOLDER/movie.py', '--cfg-path', '/var/folders/qv/0knwm5h50ml0skpppwpbks_r0000gp/T/tmpxy83sp8m']
[2024-07-31T11:29:46.862+0900] {standard_task_runner.py:91} INFO - Job 762: Subtask rm.dir
[2024-07-31T11:29:46.877+0900] {task_command.py:426} INFO - Running <TaskInstance: movie.rm.dir scheduled__2024-07-29T02:10:00+00:00 [running]> on host jeongui-MacBookPro.local
[2024-07-31T11:29:46.901+0900] {taskinstance.py:2648} INFO - Exporting env vars: AIRFLOW_CTX_DAG_OWNER='airflow' AIRFLOW_CTX_DAG_ID='movie' AIRFLOW_CTX_TASK_ID='rm.dir' AIRFLOW_CTX_EXECUTION_DATE='2024-07-29T02:10:00+00:00' AIRFLOW_CTX_TRY_NUMBER='2' AIRFLOW_CTX_DAG_RUN_ID='scheduled__2024-07-29T02:10:00+00:00'
[2024-07-31T11:29:46.901+0900] {taskinstance.py:430} INFO - ::endgroup::
[2024-07-31T11:29:46.907+0900] {subprocess.py:63} INFO - Tmp dir root location: /var/folders/qv/0knwm5h50ml0skpppwpbks_r0000gp/T
[2024-07-31T11:29:46.907+0900] {subprocess.py:75} INFO - Running command: ['/bin/bash', '-c', 'rm -rf ~/tmp/test_parquet/load_dt=20240729']
[2024-07-31T11:29:46.910+0900] {subprocess.py:86} INFO - Output:
[2024-07-31T11:29:46.914+0900] {subprocess.py:97} INFO - Command exited with return code 0
[2024-07-31T11:29:46.914+0900] {taskinstance.py:441} INFO - ::group::Post task execution logs
[2024-07-31T11:29:46.920+0900] {taskinstance.py:1206} INFO - Marking task as SUCCESS. dag_id=movie, task_id=rm.dir, run_id=scheduled__2024-07-29T02:10:00+00:00, execution_date=20240729T021000, start_date=20240731T022946, end_date=20240731T022946
[2024-07-31T11:29:46.968+0900] {local_task_job_runner.py:243} INFO - Task exited with return code 0
[2024-07-31T11:29:46.979+0900] {taskinstance.py:3503} INFO - 0 downstream tasks scheduled from follow-on schedule check
[2024-07-31T11:29:46.979+0900] {local_task_job_runner.py:222} INFO - ::endgroup::
