[2024-07-24T14:08:26.310+0900] {local_task_job_runner.py:120} INFO - ::group::Pre task execution logs
[2024-07-24T14:08:26.318+0900] {taskinstance.py:2076} INFO - Dependencies all met for dep_context=non-requeueable deps ti=<TaskInstance: simple_bash.count.log scheduled__2024-07-13T00:00:00+00:00 [queued]>
[2024-07-24T14:08:26.320+0900] {taskinstance.py:2076} INFO - Dependencies all met for dep_context=requeueable deps ti=<TaskInstance: simple_bash.count.log scheduled__2024-07-13T00:00:00+00:00 [queued]>
[2024-07-24T14:08:26.320+0900] {taskinstance.py:2306} INFO - Starting attempt 1 of 2
[2024-07-24T14:08:26.325+0900] {taskinstance.py:2330} INFO - Executing <Task(BashOperator): count.log> on 2024-07-13 00:00:00+00:00
[2024-07-24T14:08:26.327+0900] {standard_task_runner.py:64} INFO - Started process 89584 to run task
[2024-07-24T14:08:26.329+0900] {standard_task_runner.py:90} INFO - Running: ['airflow', 'tasks', 'run', 'simple_bash', 'count.log', 'scheduled__2024-07-13T00:00:00+00:00', '--job-id', '24', '--raw', '--subdir', 'DAGS_FOLDER/simple_bash.py', '--cfg-path', '/var/folders/qv/0knwm5h50ml0skpppwpbks_r0000gp/T/tmpl_p1gja_']
[2024-07-24T14:08:26.331+0900] {standard_task_runner.py:91} INFO - Job 24: Subtask count.log
[2024-07-24T14:08:26.345+0900] {task_command.py:426} INFO - Running <TaskInstance: simple_bash.count.log scheduled__2024-07-13T00:00:00+00:00 [running]> on host jeongui-MacBookPro.local
[2024-07-24T14:08:26.366+0900] {taskinstance.py:2648} INFO - Exporting env vars: AIRFLOW_CTX_DAG_OWNER='airflow' AIRFLOW_CTX_DAG_ID='simple_bash' AIRFLOW_CTX_TASK_ID='count.log' AIRFLOW_CTX_EXECUTION_DATE='2024-07-13T00:00:00+00:00' AIRFLOW_CTX_TRY_NUMBER='1' AIRFLOW_CTX_DAG_RUN_ID='scheduled__2024-07-13T00:00:00+00:00'
[2024-07-24T14:08:26.366+0900] {taskinstance.py:430} INFO - ::endgroup::
[2024-07-24T14:08:26.372+0900] {subprocess.py:63} INFO - Tmp dir root location: /var/folders/qv/0knwm5h50ml0skpppwpbks_r0000gp/T
[2024-07-24T14:08:26.372+0900] {subprocess.py:75} INFO - Running command: ['/bin/bash', '-c', '\n            echo "count"\n        ']
[2024-07-24T14:08:26.375+0900] {subprocess.py:86} INFO - Output:
[2024-07-24T14:08:26.377+0900] {subprocess.py:93} INFO - count
[2024-07-24T14:08:26.377+0900] {subprocess.py:97} INFO - Command exited with return code 0
[2024-07-24T14:08:26.377+0900] {taskinstance.py:441} INFO - ::group::Post task execution logs
[2024-07-24T14:08:26.383+0900] {taskinstance.py:1206} INFO - Marking task as SUCCESS. dag_id=simple_bash, task_id=count.log, run_id=scheduled__2024-07-13T00:00:00+00:00, execution_date=20240713T000000, start_date=20240724T050826, end_date=20240724T050826
[2024-07-24T14:08:26.391+0900] {local_task_job_runner.py:243} INFO - Task exited with return code 0
[2024-07-24T14:08:26.397+0900] {taskinstance.py:3503} INFO - 0 downstream tasks scheduled from follow-on schedule check
[2024-07-24T14:08:26.397+0900] {local_task_job_runner.py:222} INFO - ::endgroup::
[2024-07-24T14:20:38.241+0900] {local_task_job_runner.py:120} INFO - ::group::Pre task execution logs
[2024-07-24T14:20:38.249+0900] {taskinstance.py:2076} INFO - Dependencies all met for dep_context=non-requeueable deps ti=<TaskInstance: simple_bash.count.log scheduled__2024-07-13T00:00:00+00:00 [queued]>
[2024-07-24T14:20:38.251+0900] {taskinstance.py:2076} INFO - Dependencies all met for dep_context=requeueable deps ti=<TaskInstance: simple_bash.count.log scheduled__2024-07-13T00:00:00+00:00 [queued]>
[2024-07-24T14:20:38.251+0900] {taskinstance.py:2306} INFO - Starting attempt 1 of 1
[2024-07-24T14:20:38.255+0900] {taskinstance.py:2330} INFO - Executing <Task(BashOperator): count.log> on 2024-07-13 00:00:00+00:00
[2024-07-24T14:20:38.257+0900] {standard_task_runner.py:64} INFO - Started process 90900 to run task
[2024-07-24T14:20:38.260+0900] {standard_task_runner.py:90} INFO - Running: ['airflow', 'tasks', 'run', 'simple_bash', 'count.log', 'scheduled__2024-07-13T00:00:00+00:00', '--job-id', '120', '--raw', '--subdir', 'DAGS_FOLDER/simple_bash.py', '--cfg-path', '/var/folders/qv/0knwm5h50ml0skpppwpbks_r0000gp/T/tmpa0254ejy']
[2024-07-24T14:20:38.261+0900] {standard_task_runner.py:91} INFO - Job 120: Subtask count.log
[2024-07-24T14:20:38.274+0900] {task_command.py:426} INFO - Running <TaskInstance: simple_bash.count.log scheduled__2024-07-13T00:00:00+00:00 [running]> on host jeongui-MacBookPro.local
[2024-07-24T14:20:38.295+0900] {taskinstance.py:2648} INFO - Exporting env vars: AIRFLOW_CTX_DAG_OWNER='airflow' AIRFLOW_CTX_DAG_ID='simple_bash' AIRFLOW_CTX_TASK_ID='count.log' AIRFLOW_CTX_EXECUTION_DATE='2024-07-13T00:00:00+00:00' AIRFLOW_CTX_TRY_NUMBER='1' AIRFLOW_CTX_DAG_RUN_ID='scheduled__2024-07-13T00:00:00+00:00'
[2024-07-24T14:20:38.295+0900] {taskinstance.py:430} INFO - ::endgroup::
[2024-07-24T14:20:38.301+0900] {subprocess.py:63} INFO - Tmp dir root location: /var/folders/qv/0knwm5h50ml0skpppwpbks_r0000gp/T
[2024-07-24T14:20:38.301+0900] {subprocess.py:75} INFO - Running command: ['/bin/bash', '-c', '\n            echo "count"\n\t\t\tLANG=C\n\t\t\tmkdir -p ~/data/count/20240713\n\t\t\tcat ~/data/sort/20240713/sort.log | uniq -c > ~/data/count/20240713/count.log\n        ']
[2024-07-24T14:20:38.304+0900] {subprocess.py:86} INFO - Output:
[2024-07-24T14:20:38.305+0900] {subprocess.py:93} INFO - count
[2024-07-24T14:20:38.309+0900] {subprocess.py:97} INFO - Command exited with return code 0
[2024-07-24T14:20:38.309+0900] {taskinstance.py:441} INFO - ::group::Post task execution logs
[2024-07-24T14:20:38.315+0900] {taskinstance.py:1206} INFO - Marking task as SUCCESS. dag_id=simple_bash, task_id=count.log, run_id=scheduled__2024-07-13T00:00:00+00:00, execution_date=20240713T000000, start_date=20240724T052038, end_date=20240724T052038
[2024-07-24T14:20:38.322+0900] {local_task_job_runner.py:243} INFO - Task exited with return code 0
[2024-07-24T14:20:38.327+0900] {taskinstance.py:3503} INFO - 0 downstream tasks scheduled from follow-on schedule check
[2024-07-24T14:20:38.327+0900] {local_task_job_runner.py:222} INFO - ::endgroup::
