[2024-07-28T09:37:25.095+0900] {local_task_job_runner.py:120} INFO - ::group::Pre task execution logs
[2024-07-28T09:37:25.106+0900] {taskinstance.py:2076} INFO - Dependencies all met for dep_context=non-requeueable deps ti=<TaskInstance: simple_bash.copy.log scheduled__2024-07-27T00:00:00+00:00 [queued]>
[2024-07-28T09:37:25.110+0900] {taskinstance.py:2076} INFO - Dependencies all met for dep_context=requeueable deps ti=<TaskInstance: simple_bash.copy.log scheduled__2024-07-27T00:00:00+00:00 [queued]>
[2024-07-28T09:37:25.110+0900] {taskinstance.py:2306} INFO - Starting attempt 1 of 1
[2024-07-28T09:37:25.115+0900] {taskinstance.py:2330} INFO - Executing <Task(BashOperator): copy.log> on 2024-07-27 00:00:00+00:00
[2024-07-28T09:37:25.118+0900] {standard_task_runner.py:64} INFO - Started process 31301 to run task
[2024-07-28T09:37:25.121+0900] {standard_task_runner.py:90} INFO - Running: ['airflow', 'tasks', 'run', 'simple_bash', 'copy.log', 'scheduled__2024-07-27T00:00:00+00:00', '--job-id', '485', '--raw', '--subdir', 'DAGS_FOLDER/simple_bash.py', '--cfg-path', '/var/folders/qv/0knwm5h50ml0skpppwpbks_r0000gp/T/tmps_htuyh7']
[2024-07-28T09:37:25.122+0900] {standard_task_runner.py:91} INFO - Job 485: Subtask copy.log
[2024-07-28T09:37:25.138+0900] {task_command.py:426} INFO - Running <TaskInstance: simple_bash.copy.log scheduled__2024-07-27T00:00:00+00:00 [running]> on host jeongui-MacBookPro.local
[2024-07-28T09:37:25.159+0900] {taskinstance.py:2648} INFO - Exporting env vars: AIRFLOW_CTX_DAG_OWNER='airflow' AIRFLOW_CTX_DAG_ID='simple_bash' AIRFLOW_CTX_TASK_ID='copy.log' AIRFLOW_CTX_EXECUTION_DATE='2024-07-27T00:00:00+00:00' AIRFLOW_CTX_TRY_NUMBER='1' AIRFLOW_CTX_DAG_RUN_ID='scheduled__2024-07-27T00:00:00+00:00'
[2024-07-28T09:37:25.159+0900] {taskinstance.py:430} INFO - ::endgroup::
[2024-07-28T09:37:25.165+0900] {subprocess.py:63} INFO - Tmp dir root location: /var/folders/qv/0knwm5h50ml0skpppwpbks_r0000gp/T
[2024-07-28T09:37:25.165+0900] {subprocess.py:75} INFO - Running command: ['/bin/bash', '-c', '\n            mkdir -p ~/data/20240727\n            cp ~/logs/history_20240727*.log ~/data/20240727/\n        ']
[2024-07-28T09:37:25.168+0900] {subprocess.py:86} INFO - Output:
[2024-07-28T09:37:25.173+0900] {subprocess.py:93} INFO - cp: /Users/DE32/logs/history_20240727*.log: No such file or directory
[2024-07-28T09:37:25.173+0900] {subprocess.py:97} INFO - Command exited with return code 1
[2024-07-28T09:37:25.174+0900] {taskinstance.py:441} INFO - ::group::Post task execution logs
[2024-07-28T09:37:25.178+0900] {taskinstance.py:2905} ERROR - Task failed with exception
Traceback (most recent call last):
  File "/Users/DE32/.pyenv/versions/3.11.9/envs/note/lib/python3.11/site-packages/airflow/models/taskinstance.py", line 465, in _execute_task
    result = _execute_callable(context=context, **execute_callable_kwargs)
             ^^^^^^^^^^^^^^^^^^^^^^^^^^^^^^^^^^^^^^^^^^^^^^^^^^^^^^^^^^^^^
  File "/Users/DE32/.pyenv/versions/3.11.9/envs/note/lib/python3.11/site-packages/airflow/models/taskinstance.py", line 432, in _execute_callable
    return execute_callable(context=context, **execute_callable_kwargs)
           ^^^^^^^^^^^^^^^^^^^^^^^^^^^^^^^^^^^^^^^^^^^^^^^^^^^^^^^^^^^^
  File "/Users/DE32/.pyenv/versions/3.11.9/envs/note/lib/python3.11/site-packages/airflow/models/baseoperator.py", line 401, in wrapper
    return func(self, *args, **kwargs)
           ^^^^^^^^^^^^^^^^^^^^^^^^^^^
  File "/Users/DE32/.pyenv/versions/3.11.9/envs/note/lib/python3.11/site-packages/airflow/operators/bash.py", line 243, in execute
    raise AirflowException(
airflow.exceptions.AirflowException: Bash command failed. The command returned a non-zero exit code 1.
[2024-07-28T09:37:25.179+0900] {taskinstance.py:1206} INFO - Marking task as FAILED. dag_id=simple_bash, task_id=copy.log, run_id=scheduled__2024-07-27T00:00:00+00:00, execution_date=20240727T000000, start_date=20240728T003725, end_date=20240728T003725
[2024-07-28T09:37:25.182+0900] {standard_task_runner.py:110} ERROR - Failed to execute job 485 for task copy.log (Bash command failed. The command returned a non-zero exit code 1.; 31301)
[2024-07-28T09:37:25.194+0900] {local_task_job_runner.py:243} INFO - Task exited with return code 1
[2024-07-28T09:37:25.203+0900] {taskinstance.py:3503} INFO - 1 downstream tasks scheduled from follow-on schedule check
[2024-07-28T09:37:25.204+0900] {local_task_job_runner.py:222} INFO - ::endgroup::
