[2024-07-24T14:10:55.983+0900] {local_task_job_runner.py:120} INFO - ::group::Pre task execution logs
[2024-07-24T14:10:55.990+0900] {taskinstance.py:2076} INFO - Dependencies all met for dep_context=non-requeueable deps ti=<TaskInstance: simple_bash.err.report scheduled__2024-07-20T00:00:00+00:00 [queued]>
[2024-07-24T14:10:55.992+0900] {taskinstance.py:2076} INFO - Dependencies all met for dep_context=requeueable deps ti=<TaskInstance: simple_bash.err.report scheduled__2024-07-20T00:00:00+00:00 [queued]>
[2024-07-24T14:10:55.992+0900] {taskinstance.py:2306} INFO - Starting attempt 1 of 2
[2024-07-24T14:10:55.996+0900] {taskinstance.py:2330} INFO - Executing <Task(BashOperator): err.report> on 2024-07-20 00:00:00+00:00
[2024-07-24T14:10:55.999+0900] {standard_task_runner.py:64} INFO - Started process 89765 to run task
[2024-07-24T14:10:56.001+0900] {standard_task_runner.py:90} INFO - Running: ['airflow', 'tasks', 'run', 'simple_bash', 'err.report', 'scheduled__2024-07-20T00:00:00+00:00', '--job-id', '49', '--raw', '--subdir', 'DAGS_FOLDER/simple_bash.py', '--cfg-path', '/var/folders/qv/0knwm5h50ml0skpppwpbks_r0000gp/T/tmpe5wcoufn']
[2024-07-24T14:10:56.002+0900] {standard_task_runner.py:91} INFO - Job 49: Subtask err.report
[2024-07-24T14:10:56.016+0900] {task_command.py:426} INFO - Running <TaskInstance: simple_bash.err.report scheduled__2024-07-20T00:00:00+00:00 [running]> on host jeongui-MacBookPro.local
[2024-07-24T14:10:56.038+0900] {taskinstance.py:2648} INFO - Exporting env vars: AIRFLOW_CTX_DAG_OWNER='airflow' AIRFLOW_CTX_DAG_ID='simple_bash' AIRFLOW_CTX_TASK_ID='err.report' AIRFLOW_CTX_EXECUTION_DATE='2024-07-20T00:00:00+00:00' AIRFLOW_CTX_TRY_NUMBER='1' AIRFLOW_CTX_DAG_RUN_ID='scheduled__2024-07-20T00:00:00+00:00'
[2024-07-24T14:10:56.038+0900] {taskinstance.py:430} INFO - ::endgroup::
[2024-07-24T14:10:56.044+0900] {subprocess.py:63} INFO - Tmp dir root location: /var/folders/qv/0knwm5h50ml0skpppwpbks_r0000gp/T
[2024-07-24T14:10:56.044+0900] {subprocess.py:75} INFO - Running command: ['/bin/bash', '-c', '\n            echo "err report"\n        ']
[2024-07-24T14:10:56.047+0900] {subprocess.py:86} INFO - Output:
[2024-07-24T14:10:56.049+0900] {subprocess.py:93} INFO - err report
[2024-07-24T14:10:56.049+0900] {subprocess.py:97} INFO - Command exited with return code 0
[2024-07-24T14:10:56.049+0900] {taskinstance.py:441} INFO - ::group::Post task execution logs
[2024-07-24T14:10:56.055+0900] {taskinstance.py:1206} INFO - Marking task as SUCCESS. dag_id=simple_bash, task_id=err.report, run_id=scheduled__2024-07-20T00:00:00+00:00, execution_date=20240720T000000, start_date=20240724T051055, end_date=20240724T051056
[2024-07-24T14:10:56.063+0900] {local_task_job_runner.py:243} INFO - Task exited with return code 0
[2024-07-24T14:10:56.070+0900] {taskinstance.py:3503} INFO - 0 downstream tasks scheduled from follow-on schedule check
[2024-07-24T14:10:56.070+0900] {local_task_job_runner.py:222} INFO - ::endgroup::
[2024-07-24T14:22:50.005+0900] {local_task_job_runner.py:120} INFO - ::group::Pre task execution logs
[2024-07-24T14:22:50.013+0900] {taskinstance.py:2076} INFO - Dependencies all met for dep_context=non-requeueable deps ti=<TaskInstance: simple_bash.err.report scheduled__2024-07-20T00:00:00+00:00 [queued]>
[2024-07-24T14:22:50.015+0900] {taskinstance.py:2076} INFO - Dependencies all met for dep_context=requeueable deps ti=<TaskInstance: simple_bash.err.report scheduled__2024-07-20T00:00:00+00:00 [queued]>
[2024-07-24T14:22:50.016+0900] {taskinstance.py:2306} INFO - Starting attempt 1 of 1
[2024-07-24T14:22:50.020+0900] {taskinstance.py:2330} INFO - Executing <Task(BashOperator): err.report> on 2024-07-20 00:00:00+00:00
[2024-07-24T14:22:50.022+0900] {standard_task_runner.py:64} INFO - Started process 91145 to run task
[2024-07-24T14:22:50.024+0900] {standard_task_runner.py:90} INFO - Running: ['airflow', 'tasks', 'run', 'simple_bash', 'err.report', 'scheduled__2024-07-20T00:00:00+00:00', '--job-id', '142', '--raw', '--subdir', 'DAGS_FOLDER/simple_bash.py', '--cfg-path', '/var/folders/qv/0knwm5h50ml0skpppwpbks_r0000gp/T/tmpi92v4rce']
[2024-07-24T14:22:50.026+0900] {standard_task_runner.py:91} INFO - Job 142: Subtask err.report
[2024-07-24T14:22:50.040+0900] {task_command.py:426} INFO - Running <TaskInstance: simple_bash.err.report scheduled__2024-07-20T00:00:00+00:00 [running]> on host jeongui-MacBookPro.local
[2024-07-24T14:22:50.061+0900] {taskinstance.py:2648} INFO - Exporting env vars: AIRFLOW_CTX_DAG_OWNER='airflow' AIRFLOW_CTX_DAG_ID='simple_bash' AIRFLOW_CTX_TASK_ID='err.report' AIRFLOW_CTX_EXECUTION_DATE='2024-07-20T00:00:00+00:00' AIRFLOW_CTX_TRY_NUMBER='1' AIRFLOW_CTX_DAG_RUN_ID='scheduled__2024-07-20T00:00:00+00:00'
[2024-07-24T14:22:50.062+0900] {taskinstance.py:430} INFO - ::endgroup::
[2024-07-24T14:22:50.068+0900] {subprocess.py:63} INFO - Tmp dir root location: /var/folders/qv/0knwm5h50ml0skpppwpbks_r0000gp/T
[2024-07-24T14:22:50.068+0900] {subprocess.py:75} INFO - Running command: ['/bin/bash', '-c', '\n            echo "err report"\n        ']
[2024-07-24T14:22:50.072+0900] {subprocess.py:86} INFO - Output:
[2024-07-24T14:22:50.075+0900] {subprocess.py:93} INFO - err report
[2024-07-24T14:22:50.075+0900] {subprocess.py:97} INFO - Command exited with return code 0
[2024-07-24T14:22:50.076+0900] {taskinstance.py:441} INFO - ::group::Post task execution logs
[2024-07-24T14:22:50.082+0900] {taskinstance.py:1206} INFO - Marking task as SUCCESS. dag_id=simple_bash, task_id=err.report, run_id=scheduled__2024-07-20T00:00:00+00:00, execution_date=20240720T000000, start_date=20240724T052250, end_date=20240724T052250
[2024-07-24T14:22:50.086+0900] {local_task_job_runner.py:243} INFO - Task exited with return code 0
[2024-07-24T14:22:50.093+0900] {taskinstance.py:3503} INFO - 0 downstream tasks scheduled from follow-on schedule check
[2024-07-24T14:22:50.093+0900] {local_task_job_runner.py:222} INFO - ::endgroup::
