[2024-07-24T16:09:06.776+0900] {local_task_job_runner.py:120} INFO - ::group::Pre task execution logs
[2024-07-24T16:09:06.782+0900] {taskinstance.py:2076} INFO - Dependencies all met for dep_context=non-requeueable deps ti=<TaskInstance: make_parquet.err_report scheduled__2024-07-20T00:00:00+00:00 [queued]>
[2024-07-24T16:09:06.785+0900] {taskinstance.py:2076} INFO - Dependencies all met for dep_context=requeueable deps ti=<TaskInstance: make_parquet.err_report scheduled__2024-07-20T00:00:00+00:00 [queued]>
[2024-07-24T16:09:06.785+0900] {taskinstance.py:2306} INFO - Starting attempt 1 of 1
[2024-07-24T16:09:06.788+0900] {taskinstance.py:2330} INFO - Executing <Task(BashOperator): err_report> on 2024-07-20 00:00:00+00:00
[2024-07-24T16:09:06.791+0900] {standard_task_runner.py:64} INFO - Started process 98095 to run task
[2024-07-24T16:09:06.793+0900] {standard_task_runner.py:90} INFO - Running: ['airflow', 'tasks', 'run', 'make_parquet', 'err_report', 'scheduled__2024-07-20T00:00:00+00:00', '--job-id', '392', '--raw', '--subdir', 'DAGS_FOLDER/make_parquet.py', '--cfg-path', '/var/folders/qv/0knwm5h50ml0skpppwpbks_r0000gp/T/tmpi_4o04oe']
[2024-07-24T16:09:06.794+0900] {standard_task_runner.py:91} INFO - Job 392: Subtask err_report
[2024-07-24T16:09:06.807+0900] {task_command.py:426} INFO - Running <TaskInstance: make_parquet.err_report scheduled__2024-07-20T00:00:00+00:00 [running]> on host jeongui-MacBookPro.local
[2024-07-24T16:09:06.828+0900] {taskinstance.py:2648} INFO - Exporting env vars: AIRFLOW_CTX_DAG_OWNER='airflow' AIRFLOW_CTX_DAG_ID='make_parquet' AIRFLOW_CTX_TASK_ID='err_report' AIRFLOW_CTX_EXECUTION_DATE='2024-07-20T00:00:00+00:00' AIRFLOW_CTX_TRY_NUMBER='1' AIRFLOW_CTX_DAG_RUN_ID='scheduled__2024-07-20T00:00:00+00:00'
[2024-07-24T16:09:06.828+0900] {taskinstance.py:430} INFO - ::endgroup::
[2024-07-24T16:09:06.834+0900] {subprocess.py:63} INFO - Tmp dir root location: /var/folders/qv/0knwm5h50ml0skpppwpbks_r0000gp/T
[2024-07-24T16:09:06.834+0900] {subprocess.py:75} INFO - Running command: ['/bin/bash', '-c', '\n            echo "err report"\n           ']
[2024-07-24T16:09:06.837+0900] {subprocess.py:86} INFO - Output:
[2024-07-24T16:09:06.839+0900] {subprocess.py:93} INFO - err report
[2024-07-24T16:09:06.839+0900] {subprocess.py:97} INFO - Command exited with return code 0
[2024-07-24T16:09:06.839+0900] {taskinstance.py:441} INFO - ::group::Post task execution logs
[2024-07-24T16:09:06.845+0900] {taskinstance.py:1206} INFO - Marking task as SUCCESS. dag_id=make_parquet, task_id=err_report, run_id=scheduled__2024-07-20T00:00:00+00:00, execution_date=20240720T000000, start_date=20240724T070906, end_date=20240724T070906
[2024-07-24T16:09:06.854+0900] {local_task_job_runner.py:243} INFO - Task exited with return code 0
[2024-07-24T16:09:06.860+0900] {taskinstance.py:3503} INFO - 0 downstream tasks scheduled from follow-on schedule check
[2024-07-24T16:09:06.860+0900] {local_task_job_runner.py:222} INFO - ::endgroup::
