[2024-07-24T15:29:47.082+0900] {local_task_job_runner.py:120} INFO - ::group::Pre task execution logs
[2024-07-24T15:29:47.090+0900] {taskinstance.py:2076} INFO - Dependencies all met for dep_context=non-requeueable deps ti=<TaskInstance: import_db.to_base scheduled__2024-07-15T00:00:00+00:00 [queued]>
[2024-07-24T15:29:47.092+0900] {taskinstance.py:2076} INFO - Dependencies all met for dep_context=requeueable deps ti=<TaskInstance: import_db.to_base scheduled__2024-07-15T00:00:00+00:00 [queued]>
[2024-07-24T15:29:47.092+0900] {taskinstance.py:2306} INFO - Starting attempt 2 of 2
[2024-07-24T15:29:47.096+0900] {taskinstance.py:2330} INFO - Executing <Task(BashOperator): to_base> on 2024-07-15 00:00:00+00:00
[2024-07-24T15:29:47.099+0900] {standard_task_runner.py:64} INFO - Started process 96650 to run task
[2024-07-24T15:29:47.101+0900] {standard_task_runner.py:90} INFO - Running: ['airflow', 'tasks', 'run', 'import_db', 'to_base', 'scheduled__2024-07-15T00:00:00+00:00', '--job-id', '352', '--raw', '--subdir', 'DAGS_FOLDER/import_db.py', '--cfg-path', '/var/folders/qv/0knwm5h50ml0skpppwpbks_r0000gp/T/tmptres2yw7']
[2024-07-24T15:29:47.102+0900] {standard_task_runner.py:91} INFO - Job 352: Subtask to_base
[2024-07-24T15:29:47.117+0900] {task_command.py:426} INFO - Running <TaskInstance: import_db.to_base scheduled__2024-07-15T00:00:00+00:00 [running]> on host jeongui-MacBookPro.local
[2024-07-24T15:29:47.139+0900] {taskinstance.py:2648} INFO - Exporting env vars: AIRFLOW_CTX_DAG_OWNER='airflow' AIRFLOW_CTX_DAG_ID='import_db' AIRFLOW_CTX_TASK_ID='to_base' AIRFLOW_CTX_EXECUTION_DATE='2024-07-15T00:00:00+00:00' AIRFLOW_CTX_TRY_NUMBER='2' AIRFLOW_CTX_DAG_RUN_ID='scheduled__2024-07-15T00:00:00+00:00'
[2024-07-24T15:29:47.140+0900] {taskinstance.py:430} INFO - ::endgroup::
[2024-07-24T15:29:47.145+0900] {subprocess.py:63} INFO - Tmp dir root location: /var/folders/qv/0knwm5h50ml0skpppwpbks_r0000gp/T
[2024-07-24T15:29:47.146+0900] {subprocess.py:75} INFO - Running command: ['/bin/bash', '-c', '\n                echo "base"\n                bash /Users/DE32/airflow/sh/to_bash.sh 2024-07-15\n            ']
[2024-07-24T15:29:47.149+0900] {subprocess.py:86} INFO - Output:
[2024-07-24T15:29:47.150+0900] {subprocess.py:93} INFO - base
[2024-07-24T15:29:47.152+0900] {subprocess.py:93} INFO - /Users/DE32/airflow/sh/to_bash.sh: line 1: $: command not found
[2024-07-24T15:29:47.162+0900] {subprocess.py:93} INFO - ERROR 1045 (28000): Access denied for user 'root'@'localhost' (using password: YES)
[2024-07-24T15:29:47.162+0900] {subprocess.py:97} INFO - Command exited with return code 1
[2024-07-24T15:29:47.163+0900] {taskinstance.py:441} INFO - ::group::Post task execution logs
[2024-07-24T15:29:47.166+0900] {taskinstance.py:2905} ERROR - Task failed with exception
Traceback (most recent call last):
  File "/Users/DE32/.pyenv/versions/3.11.9/envs/note/lib/python3.11/site-packages/airflow/models/taskinstance.py", line 465, in _execute_task
    result = _execute_callable(context=context, **execute_callable_kwargs)
             ^^^^^^^^^^^^^^^^^^^^^^^^^^^^^^^^^^^^^^^^^^^^^^^^^^^^^^^^^^^^^
  File "/Users/DE32/.pyenv/versions/3.11.9/envs/note/lib/python3.11/site-packages/airflow/models/taskinstance.py", line 432, in _execute_callable
    return execute_callable(context=context, **execute_callable_kwargs)
           ^^^^^^^^^^^^^^^^^^^^^^^^^^^^^^^^^^^^^^^^^^^^^^^^^^^^^^^^^^^^
  File "/Users/DE32/.pyenv/versions/3.11.9/envs/note/lib/python3.11/site-packages/airflow/models/baseoperator.py", line 401, in wrapper
    return func(self, *args, **kwargs)
           ^^^^^^^^^^^^^^^^^^^^^^^^^^^
  File "/Users/DE32/.pyenv/versions/3.11.9/envs/note/lib/python3.11/site-packages/airflow/operators/bash.py", line 243, in execute
    raise AirflowException(
airflow.exceptions.AirflowException: Bash command failed. The command returned a non-zero exit code 1.
[2024-07-24T15:29:47.168+0900] {taskinstance.py:1206} INFO - Marking task as FAILED. dag_id=import_db, task_id=to_base, run_id=scheduled__2024-07-15T00:00:00+00:00, execution_date=20240715T000000, start_date=20240724T062947, end_date=20240724T062947
[2024-07-24T15:29:47.171+0900] {standard_task_runner.py:110} ERROR - Failed to execute job 352 for task to_base (Bash command failed. The command returned a non-zero exit code 1.; 96650)
[2024-07-24T15:29:47.205+0900] {local_task_job_runner.py:243} INFO - Task exited with return code 1
[2024-07-24T15:29:47.212+0900] {taskinstance.py:3503} INFO - 0 downstream tasks scheduled from follow-on schedule check
[2024-07-24T15:29:47.212+0900] {local_task_job_runner.py:222} INFO - ::endgroup::
