[2024-07-31T11:10:19.715+0900] {local_task_job_runner.py:120} INFO - ::group::Pre task execution logs
[2024-07-31T11:10:19.726+0900] {taskinstance.py:2076} INFO - Dependencies all met for dep_context=non-requeueable deps ti=<TaskInstance: movie.echo.task scheduled__2024-07-30T02:10:00+00:00 [queued]>
[2024-07-31T11:10:19.731+0900] {taskinstance.py:2076} INFO - Dependencies all met for dep_context=requeueable deps ti=<TaskInstance: movie.echo.task scheduled__2024-07-30T02:10:00+00:00 [queued]>
[2024-07-31T11:10:19.731+0900] {taskinstance.py:2306} INFO - Starting attempt 1 of 2
[2024-07-31T11:10:19.736+0900] {taskinstance.py:2330} INFO - Executing <Task(BashOperator): echo.task> on 2024-07-30 02:10:00+00:00
[2024-07-31T11:10:19.739+0900] {standard_task_runner.py:64} INFO - Started process 10141 to run task
[2024-07-31T11:10:19.741+0900] {standard_task_runner.py:90} INFO - Running: ['airflow', 'tasks', 'run', 'movie', 'echo.task', 'scheduled__2024-07-30T02:10:00+00:00', '--job-id', '721', '--raw', '--subdir', 'DAGS_FOLDER/movie.py', '--cfg-path', '/var/folders/qv/0knwm5h50ml0skpppwpbks_r0000gp/T/tmpuibk0wgh']
[2024-07-31T11:10:19.743+0900] {standard_task_runner.py:91} INFO - Job 721: Subtask echo.task
[2024-07-31T11:10:19.758+0900] {task_command.py:426} INFO - Running <TaskInstance: movie.echo.task scheduled__2024-07-30T02:10:00+00:00 [running]> on host jeongui-MacBookPro.local
[2024-07-31T11:10:19.780+0900] {taskinstance.py:2648} INFO - Exporting env vars: AIRFLOW_CTX_DAG_OWNER='airflow' AIRFLOW_CTX_DAG_ID='movie' AIRFLOW_CTX_TASK_ID='echo.task' AIRFLOW_CTX_EXECUTION_DATE='2024-07-30T02:10:00+00:00' AIRFLOW_CTX_TRY_NUMBER='1' AIRFLOW_CTX_DAG_RUN_ID='scheduled__2024-07-30T02:10:00+00:00'
[2024-07-31T11:10:19.780+0900] {taskinstance.py:430} INFO - ::endgroup::
[2024-07-31T11:10:19.786+0900] {subprocess.py:63} INFO - Tmp dir root location: /var/folders/qv/0knwm5h50ml0skpppwpbks_r0000gp/T
[2024-07-31T11:10:19.786+0900] {subprocess.py:75} INFO - Running command: ['/bin/bash', '-c', "echo 'task'"]
[2024-07-31T11:10:19.789+0900] {subprocess.py:86} INFO - Output:
[2024-07-31T11:10:19.791+0900] {subprocess.py:93} INFO - task
[2024-07-31T11:10:19.791+0900] {subprocess.py:97} INFO - Command exited with return code 0
[2024-07-31T11:10:19.791+0900] {taskinstance.py:441} INFO - ::group::Post task execution logs
[2024-07-31T11:10:19.797+0900] {taskinstance.py:1206} INFO - Marking task as SUCCESS. dag_id=movie, task_id=echo.task, run_id=scheduled__2024-07-30T02:10:00+00:00, execution_date=20240730T021000, start_date=20240731T021019, end_date=20240731T021019
[2024-07-31T11:10:19.803+0900] {local_task_job_runner.py:243} INFO - Task exited with return code 0
[2024-07-31T11:10:19.811+0900] {taskinstance.py:3503} INFO - 0 downstream tasks scheduled from follow-on schedule check
[2024-07-31T11:10:19.812+0900] {local_task_job_runner.py:222} INFO - ::endgroup::
[2024-07-31T19:56:24.167+0900] {local_task_job_runner.py:120} INFO - ::group::Pre task execution logs
[2024-07-31T19:56:24.179+0900] {taskinstance.py:2076} INFO - Dependencies all met for dep_context=non-requeueable deps ti=<TaskInstance: movie.echo.task scheduled__2024-07-30T02:10:00+00:00 [queued]>
[2024-07-31T19:56:24.184+0900] {taskinstance.py:2076} INFO - Dependencies all met for dep_context=requeueable deps ti=<TaskInstance: movie.echo.task scheduled__2024-07-30T02:10:00+00:00 [queued]>
[2024-07-31T19:56:24.184+0900] {taskinstance.py:2306} INFO - Starting attempt 1 of 2
[2024-07-31T19:56:24.189+0900] {taskinstance.py:2330} INFO - Executing <Task(BashOperator): echo.task> on 2024-07-30 02:10:00+00:00
[2024-07-31T19:56:24.192+0900] {standard_task_runner.py:64} INFO - Started process 33635 to run task
[2024-07-31T19:56:24.195+0900] {standard_task_runner.py:90} INFO - Running: ['airflow', 'tasks', 'run', 'movie', 'echo.task', 'scheduled__2024-07-30T02:10:00+00:00', '--job-id', '993', '--raw', '--subdir', 'DAGS_FOLDER/movie.py', '--cfg-path', '/var/folders/qv/0knwm5h50ml0skpppwpbks_r0000gp/T/tmp9_crkfhl']
[2024-07-31T19:56:24.196+0900] {standard_task_runner.py:91} INFO - Job 993: Subtask echo.task
[2024-07-31T19:56:24.211+0900] {task_command.py:426} INFO - Running <TaskInstance: movie.echo.task scheduled__2024-07-30T02:10:00+00:00 [running]> on host jeongui-MacBookPro.local
[2024-07-31T19:56:24.231+0900] {taskinstance.py:2648} INFO - Exporting env vars: AIRFLOW_CTX_DAG_OWNER='airflow' AIRFLOW_CTX_DAG_ID='movie' AIRFLOW_CTX_TASK_ID='echo.task' AIRFLOW_CTX_EXECUTION_DATE='2024-07-30T02:10:00+00:00' AIRFLOW_CTX_TRY_NUMBER='1' AIRFLOW_CTX_DAG_RUN_ID='scheduled__2024-07-30T02:10:00+00:00'
[2024-07-31T19:56:24.231+0900] {taskinstance.py:430} INFO - ::endgroup::
[2024-07-31T19:56:24.237+0900] {subprocess.py:63} INFO - Tmp dir root location: /var/folders/qv/0knwm5h50ml0skpppwpbks_r0000gp/T
[2024-07-31T19:56:24.237+0900] {subprocess.py:75} INFO - Running command: ['/bin/bash', '-c', "echo 'task'"]
[2024-07-31T19:56:24.240+0900] {subprocess.py:86} INFO - Output:
[2024-07-31T19:56:24.242+0900] {subprocess.py:93} INFO - task
[2024-07-31T19:56:24.242+0900] {subprocess.py:97} INFO - Command exited with return code 0
[2024-07-31T19:56:24.242+0900] {taskinstance.py:441} INFO - ::group::Post task execution logs
[2024-07-31T19:56:24.248+0900] {taskinstance.py:1206} INFO - Marking task as SUCCESS. dag_id=movie, task_id=echo.task, run_id=scheduled__2024-07-30T02:10:00+00:00, execution_date=20240730T021000, start_date=20240731T105624, end_date=20240731T105624
[2024-07-31T19:56:24.257+0900] {local_task_job_runner.py:243} INFO - Task exited with return code 0
[2024-07-31T19:56:24.265+0900] {taskinstance.py:3503} INFO - 0 downstream tasks scheduled from follow-on schedule check
[2024-07-31T19:56:24.265+0900] {local_task_job_runner.py:222} INFO - ::endgroup::
