[2024-07-24T16:07:13.841+0900] {local_task_job_runner.py:120} INFO - ::group::Pre task execution logs
[2024-07-24T16:07:13.849+0900] {taskinstance.py:2076} INFO - Dependencies all met for dep_context=non-requeueable deps ti=<TaskInstance: make_parquet.Check scheduled__2024-07-15T00:00:00+00:00 [queued]>
[2024-07-24T16:07:13.851+0900] {taskinstance.py:2076} INFO - Dependencies all met for dep_context=requeueable deps ti=<TaskInstance: make_parquet.Check scheduled__2024-07-15T00:00:00+00:00 [queued]>
[2024-07-24T16:07:13.851+0900] {taskinstance.py:2306} INFO - Starting attempt 1 of 1
[2024-07-24T16:07:13.856+0900] {taskinstance.py:2330} INFO - Executing <Task(BashOperator): Check> on 2024-07-15 00:00:00+00:00
[2024-07-24T16:07:13.859+0900] {standard_task_runner.py:64} INFO - Started process 97994 to run task
[2024-07-24T16:07:13.861+0900] {standard_task_runner.py:90} INFO - Running: ['airflow', 'tasks', 'run', 'make_parquet', 'Check', 'scheduled__2024-07-15T00:00:00+00:00', '--job-id', '374', '--raw', '--subdir', 'DAGS_FOLDER/make_parquet.py', '--cfg-path', '/var/folders/qv/0knwm5h50ml0skpppwpbks_r0000gp/T/tmpy7f5ttt4']
[2024-07-24T16:07:13.863+0900] {standard_task_runner.py:91} INFO - Job 374: Subtask Check
[2024-07-24T16:07:13.879+0900] {task_command.py:426} INFO - Running <TaskInstance: make_parquet.Check scheduled__2024-07-15T00:00:00+00:00 [running]> on host jeongui-MacBookPro.local
[2024-07-24T16:07:13.903+0900] {taskinstance.py:2648} INFO - Exporting env vars: AIRFLOW_CTX_DAG_OWNER='airflow' AIRFLOW_CTX_DAG_ID='make_parquet' AIRFLOW_CTX_TASK_ID='Check' AIRFLOW_CTX_EXECUTION_DATE='2024-07-15T00:00:00+00:00' AIRFLOW_CTX_TRY_NUMBER='1' AIRFLOW_CTX_DAG_RUN_ID='scheduled__2024-07-15T00:00:00+00:00'
[2024-07-24T16:07:13.903+0900] {taskinstance.py:430} INFO - ::endgroup::
[2024-07-24T16:07:13.909+0900] {subprocess.py:63} INFO - Tmp dir root location: /var/folders/qv/0knwm5h50ml0skpppwpbks_r0000gp/T
[2024-07-24T16:07:13.909+0900] {subprocess.py:75} INFO - Running command: ['/bin/bash', '-c', 'bash /Users/DE32/airflow/sh/simple_done_check.sh ~/data/done/_import/20240715/_DONE']
[2024-07-24T16:07:13.912+0900] {subprocess.py:86} INFO - Output:
[2024-07-24T16:07:13.916+0900] {subprocess.py:93} INFO - _DONE Path = /Users/DE32/data/done/_import/20240715/_DONE
[2024-07-24T16:07:13.916+0900] {subprocess.py:93} INFO - /Users/DE32/airflow/sh/simple_done_check.sh: line 7: figlet: command not found
[2024-07-24T16:07:13.917+0900] {subprocess.py:97} INFO - Command exited with return code 0
[2024-07-24T16:07:13.917+0900] {taskinstance.py:441} INFO - ::group::Post task execution logs
[2024-07-24T16:07:13.924+0900] {taskinstance.py:1206} INFO - Marking task as SUCCESS. dag_id=make_parquet, task_id=Check, run_id=scheduled__2024-07-15T00:00:00+00:00, execution_date=20240715T000000, start_date=20240724T070713, end_date=20240724T070713
[2024-07-24T16:07:13.968+0900] {local_task_job_runner.py:243} INFO - Task exited with return code 0
[2024-07-24T16:07:13.978+0900] {taskinstance.py:3503} INFO - 1 downstream tasks scheduled from follow-on schedule check
[2024-07-24T16:07:13.979+0900] {local_task_job_runner.py:222} INFO - ::endgroup::
