[2024-07-29T17:03:42.085+0900] {local_task_job_runner.py:120} INFO - ::group::Pre task execution logs
[2024-07-29T17:03:42.093+0900] {taskinstance.py:2076} INFO - Dependencies all met for dep_context=non-requeueable deps ti=<TaskInstance: movie.save_data scheduled__2024-07-24T04:10:00+00:00 [queued]>
[2024-07-29T17:03:42.095+0900] {taskinstance.py:2076} INFO - Dependencies all met for dep_context=requeueable deps ti=<TaskInstance: movie.save_data scheduled__2024-07-24T04:10:00+00:00 [queued]>
[2024-07-29T17:03:42.095+0900] {taskinstance.py:2306} INFO - Starting attempt 1 of 2
[2024-07-29T17:03:42.100+0900] {taskinstance.py:2330} INFO - Executing <Task(BashOperator): save_data> on 2024-07-24 04:10:00+00:00
[2024-07-29T17:03:42.103+0900] {standard_task_runner.py:64} INFO - Started process 12574 to run task
[2024-07-29T17:03:42.106+0900] {standard_task_runner.py:90} INFO - Running: ['airflow', 'tasks', 'run', 'movie', 'save_data', 'scheduled__2024-07-24T04:10:00+00:00', '--job-id', '600', '--raw', '--subdir', 'DAGS_FOLDER/movie.py', '--cfg-path', '/var/folders/qv/0knwm5h50ml0skpppwpbks_r0000gp/T/tmp0cjh_3et']
[2024-07-29T17:03:42.107+0900] {standard_task_runner.py:91} INFO - Job 600: Subtask save_data
[2024-07-29T17:03:42.126+0900] {task_command.py:426} INFO - Running <TaskInstance: movie.save_data scheduled__2024-07-24T04:10:00+00:00 [running]> on host jeongui-MacBookPro.local
[2024-07-29T17:03:42.195+0900] {taskinstance.py:2648} INFO - Exporting env vars: AIRFLOW_CTX_DAG_OWNER='airflow' AIRFLOW_CTX_DAG_ID='movie' AIRFLOW_CTX_TASK_ID='save_data' AIRFLOW_CTX_EXECUTION_DATE='2024-07-24T04:10:00+00:00' AIRFLOW_CTX_TRY_NUMBER='1' AIRFLOW_CTX_DAG_RUN_ID='scheduled__2024-07-24T04:10:00+00:00'
[2024-07-29T17:03:42.196+0900] {taskinstance.py:430} INFO - ::endgroup::
[2024-07-29T17:03:42.201+0900] {subprocess.py:63} INFO - Tmp dir root location: /var/folders/qv/0knwm5h50ml0skpppwpbks_r0000gp/T
[2024-07-29T17:03:42.201+0900] {subprocess.py:75} INFO - Running command: ['/bin/bash', '-c', '\n            echo "save_data"\n            ']
[2024-07-29T17:03:42.205+0900] {subprocess.py:86} INFO - Output:
[2024-07-29T17:03:42.207+0900] {subprocess.py:93} INFO - save_data
[2024-07-29T17:03:42.207+0900] {subprocess.py:97} INFO - Command exited with return code 0
[2024-07-29T17:03:42.207+0900] {taskinstance.py:441} INFO - ::group::Post task execution logs
[2024-07-29T17:03:42.214+0900] {taskinstance.py:1206} INFO - Marking task as SUCCESS. dag_id=movie, task_id=save_data, run_id=scheduled__2024-07-24T04:10:00+00:00, execution_date=20240724T041000, start_date=20240729T080342, end_date=20240729T080342
[2024-07-29T17:03:42.255+0900] {local_task_job_runner.py:243} INFO - Task exited with return code 0
[2024-07-29T17:03:42.261+0900] {taskinstance.py:3503} INFO - 0 downstream tasks scheduled from follow-on schedule check
[2024-07-29T17:03:42.261+0900] {local_task_job_runner.py:222} INFO - ::endgroup::
