[2024-07-31T19:38:58.814+0900] {local_task_job_runner.py:120} INFO - ::group::Pre task execution logs
[2024-07-31T19:38:58.824+0900] {taskinstance.py:2076} INFO - Dependencies all met for dep_context=non-requeueable deps ti=<TaskInstance: movie.nation.k scheduled__2024-07-25T02:10:00+00:00 [queued]>
[2024-07-31T19:38:58.827+0900] {taskinstance.py:2076} INFO - Dependencies all met for dep_context=requeueable deps ti=<TaskInstance: movie.nation.k scheduled__2024-07-25T02:10:00+00:00 [queued]>
[2024-07-31T19:38:58.827+0900] {taskinstance.py:2306} INFO - Starting attempt 3 of 4
[2024-07-31T19:38:58.833+0900] {taskinstance.py:2330} INFO - Executing <Task(PythonVirtualenvOperator): nation.k> on 2024-07-25 02:10:00+00:00
[2024-07-31T19:38:58.836+0900] {standard_task_runner.py:64} INFO - Started process 32593 to run task
[2024-07-31T19:38:58.839+0900] {standard_task_runner.py:90} INFO - Running: ['airflow', 'tasks', 'run', 'movie', 'nation.k', 'scheduled__2024-07-25T02:10:00+00:00', '--job-id', '946', '--raw', '--subdir', 'DAGS_FOLDER/movie.py', '--cfg-path', '/var/folders/qv/0knwm5h50ml0skpppwpbks_r0000gp/T/tmp6n_r6zu9']
[2024-07-31T19:38:58.840+0900] {standard_task_runner.py:91} INFO - Job 946: Subtask nation.k
[2024-07-31T19:38:58.854+0900] {task_command.py:426} INFO - Running <TaskInstance: movie.nation.k scheduled__2024-07-25T02:10:00+00:00 [running]> on host jeongui-MacBookPro.local
[2024-07-31T19:38:58.876+0900] {taskinstance.py:2648} INFO - Exporting env vars: AIRFLOW_CTX_DAG_OWNER='airflow' AIRFLOW_CTX_DAG_ID='movie' AIRFLOW_CTX_TASK_ID='nation.k' AIRFLOW_CTX_EXECUTION_DATE='2024-07-25T02:10:00+00:00' AIRFLOW_CTX_TRY_NUMBER='3' AIRFLOW_CTX_DAG_RUN_ID='scheduled__2024-07-25T02:10:00+00:00'
[2024-07-31T19:38:58.877+0900] {taskinstance.py:430} INFO - ::endgroup::
[2024-07-31T19:38:58.882+0900] {baseoperator.py:400} WARNING - PythonVirtualenvOperator.execute cannot be called outside TaskInstance!
[2024-07-31T19:38:58.882+0900] {process_utils.py:183} INFO - Executing cmd: /Users/DE32/.pyenv/versions/3.11.9/envs/note/bin/python -m virtualenv /var/folders/qv/0knwm5h50ml0skpppwpbks_r0000gp/T/venvmtoo5wcv --python=python
[2024-07-31T19:38:58.884+0900] {process_utils.py:187} INFO - Output:
[2024-07-31T19:38:59.131+0900] {process_utils.py:191} INFO - created virtual environment CPython3.11.9.final.0-64 in 179ms
[2024-07-31T19:38:59.132+0900] {process_utils.py:191} INFO -   creator CPython3Posix(dest=/private/var/folders/qv/0knwm5h50ml0skpppwpbks_r0000gp/T/venvmtoo5wcv, clear=False, no_vcs_ignore=False, global=False)
[2024-07-31T19:38:59.132+0900] {process_utils.py:191} INFO -   seeder FromAppData(download=False, pip=bundle, setuptools=bundle, wheel=bundle, via=copy, app_data_dir=/Users/DE32/Library/Application Support/virtualenv)
[2024-07-31T19:38:59.132+0900] {process_utils.py:191} INFO -     added seed packages: pip==24.1.2, setuptools==70.2.0, wheel==0.43.0
[2024-07-31T19:38:59.132+0900] {process_utils.py:191} INFO -   activators BashActivator,CShellActivator,FishActivator,NushellActivator,PowerShellActivator,PythonActivator
[2024-07-31T19:38:59.143+0900] {process_utils.py:183} INFO - Executing cmd: /var/folders/qv/0knwm5h50ml0skpppwpbks_r0000gp/T/venvmtoo5wcv/bin/pip install -r /var/folders/qv/0knwm5h50ml0skpppwpbks_r0000gp/T/venvmtoo5wcv/requirements.txt
[2024-07-31T19:38:59.145+0900] {process_utils.py:187} INFO - Output:
[2024-07-31T19:38:59.851+0900] {process_utils.py:191} INFO - Collecting git+https://github.com/Jeonghoon2/movie.git@0.2/api (from -r /var/folders/qv/0knwm5h50ml0skpppwpbks_r0000gp/T/venvmtoo5wcv/requirements.txt (line 1))
[2024-07-31T19:38:59.851+0900] {process_utils.py:191} INFO -   Cloning https://github.com/Jeonghoon2/movie.git (to revision 0.2/api) to /private/var/folders/qv/0knwm5h50ml0skpppwpbks_r0000gp/T/pip-req-build-fgw8oz6g
[2024-07-31T19:38:59.863+0900] {process_utils.py:191} INFO -   Running command git clone --filter=blob:none --quiet https://github.com/Jeonghoon2/movie.git /private/var/folders/qv/0knwm5h50ml0skpppwpbks_r0000gp/T/pip-req-build-fgw8oz6g
[2024-07-31T19:39:01.286+0900] {process_utils.py:191} INFO -   Running command git checkout -b 0.2/api --track origin/0.2/api
[2024-07-31T19:39:01.976+0900] {process_utils.py:191} INFO -   Switched to a new branch '0.2/api'
[2024-07-31T19:39:01.977+0900] {process_utils.py:191} INFO -   branch '0.2/api' set up to track 'origin/0.2/api'.
[2024-07-31T19:39:01.977+0900] {process_utils.py:191} INFO -   Resolved https://github.com/Jeonghoon2/movie.git to commit c2fdd392ce95b386519b05b3bab786608cdb1c58
[2024-07-31T19:39:01.998+0900] {process_utils.py:191} INFO -   Installing build dependencies: started
[2024-07-31T19:39:02.876+0900] {process_utils.py:191} INFO -   Installing build dependencies: finished with status 'done'
[2024-07-31T19:39:02.877+0900] {process_utils.py:191} INFO -   Getting requirements to build wheel: started
[2024-07-31T19:39:03.001+0900] {process_utils.py:191} INFO -   Getting requirements to build wheel: finished with status 'done'
[2024-07-31T19:39:03.002+0900] {process_utils.py:191} INFO -   Preparing metadata (pyproject.toml): started
[2024-07-31T19:39:03.127+0900] {process_utils.py:191} INFO -   Preparing metadata (pyproject.toml): finished with status 'done'
[2024-07-31T19:39:03.190+0900] {process_utils.py:191} INFO - Collecting requests>=2.32.3 (from mov==0.1.0->-r /var/folders/qv/0knwm5h50ml0skpppwpbks_r0000gp/T/venvmtoo5wcv/requirements.txt (line 1))
[2024-07-31T19:39:03.191+0900] {process_utils.py:191} INFO -   Using cached requests-2.32.3-py3-none-any.whl.metadata (4.6 kB)
[2024-07-31T19:39:03.256+0900] {process_utils.py:191} INFO - Collecting pandas>=2.2.2 (from mov==0.1.0->-r /var/folders/qv/0knwm5h50ml0skpppwpbks_r0000gp/T/venvmtoo5wcv/requirements.txt (line 1))
[2024-07-31T19:39:03.257+0900] {process_utils.py:191} INFO -   Using cached pandas-2.2.2-cp311-cp311-macosx_11_0_arm64.whl.metadata (19 kB)
[2024-07-31T19:39:03.366+0900] {process_utils.py:191} INFO - Collecting numpy>=2.0.1 (from mov==0.1.0->-r /var/folders/qv/0knwm5h50ml0skpppwpbks_r0000gp/T/venvmtoo5wcv/requirements.txt (line 1))
[2024-07-31T19:39:03.367+0900] {process_utils.py:191} INFO -   Using cached numpy-2.0.1-cp311-cp311-macosx_14_0_arm64.whl.metadata (60 kB)
[2024-07-31T19:39:03.418+0900] {process_utils.py:191} INFO - Collecting pyarrow>=17.0.0 (from mov==0.1.0->-r /var/folders/qv/0knwm5h50ml0skpppwpbks_r0000gp/T/venvmtoo5wcv/requirements.txt (line 1))
[2024-07-31T19:39:03.419+0900] {process_utils.py:191} INFO -   Using cached pyarrow-17.0.0-cp311-cp311-macosx_11_0_arm64.whl.metadata (3.3 kB)
[2024-07-31T19:39:03.440+0900] {process_utils.py:191} INFO - Collecting python-dateutil>=2.8.2 (from pandas>=2.2.2->mov==0.1.0->-r /var/folders/qv/0knwm5h50ml0skpppwpbks_r0000gp/T/venvmtoo5wcv/requirements.txt (line 1))
[2024-07-31T19:39:03.441+0900] {process_utils.py:191} INFO -   Using cached python_dateutil-2.9.0.post0-py2.py3-none-any.whl.metadata (8.4 kB)
[2024-07-31T19:39:03.469+0900] {process_utils.py:191} INFO - Collecting pytz>=2020.1 (from pandas>=2.2.2->mov==0.1.0->-r /var/folders/qv/0knwm5h50ml0skpppwpbks_r0000gp/T/venvmtoo5wcv/requirements.txt (line 1))
[2024-07-31T19:39:03.470+0900] {process_utils.py:191} INFO -   Using cached pytz-2024.1-py2.py3-none-any.whl.metadata (22 kB)
[2024-07-31T19:39:03.484+0900] {process_utils.py:191} INFO - Collecting tzdata>=2022.7 (from pandas>=2.2.2->mov==0.1.0->-r /var/folders/qv/0knwm5h50ml0skpppwpbks_r0000gp/T/venvmtoo5wcv/requirements.txt (line 1))
[2024-07-31T19:39:03.485+0900] {process_utils.py:191} INFO -   Using cached tzdata-2024.1-py2.py3-none-any.whl.metadata (1.4 kB)
[2024-07-31T19:39:03.528+0900] {process_utils.py:191} INFO - Collecting charset-normalizer<4,>=2 (from requests>=2.32.3->mov==0.1.0->-r /var/folders/qv/0knwm5h50ml0skpppwpbks_r0000gp/T/venvmtoo5wcv/requirements.txt (line 1))
[2024-07-31T19:39:03.529+0900] {process_utils.py:191} INFO -   Using cached charset_normalizer-3.3.2-cp311-cp311-macosx_11_0_arm64.whl.metadata (33 kB)
[2024-07-31T19:39:03.543+0900] {process_utils.py:191} INFO - Collecting idna<4,>=2.5 (from requests>=2.32.3->mov==0.1.0->-r /var/folders/qv/0knwm5h50ml0skpppwpbks_r0000gp/T/venvmtoo5wcv/requirements.txt (line 1))
[2024-07-31T19:39:03.543+0900] {process_utils.py:191} INFO -   Using cached idna-3.7-py3-none-any.whl.metadata (9.9 kB)
[2024-07-31T19:39:03.570+0900] {process_utils.py:191} INFO - Collecting urllib3<3,>=1.21.1 (from requests>=2.32.3->mov==0.1.0->-r /var/folders/qv/0knwm5h50ml0skpppwpbks_r0000gp/T/venvmtoo5wcv/requirements.txt (line 1))
[2024-07-31T19:39:03.571+0900] {process_utils.py:191} INFO -   Using cached urllib3-2.2.2-py3-none-any.whl.metadata (6.4 kB)
[2024-07-31T19:39:03.587+0900] {process_utils.py:191} INFO - Collecting certifi>=2017.4.17 (from requests>=2.32.3->mov==0.1.0->-r /var/folders/qv/0knwm5h50ml0skpppwpbks_r0000gp/T/venvmtoo5wcv/requirements.txt (line 1))
[2024-07-31T19:39:03.588+0900] {process_utils.py:191} INFO -   Using cached certifi-2024.7.4-py3-none-any.whl.metadata (2.2 kB)
[2024-07-31T19:39:03.612+0900] {process_utils.py:191} INFO - Collecting six>=1.5 (from python-dateutil>=2.8.2->pandas>=2.2.2->mov==0.1.0->-r /var/folders/qv/0knwm5h50ml0skpppwpbks_r0000gp/T/venvmtoo5wcv/requirements.txt (line 1))
[2024-07-31T19:39:03.613+0900] {process_utils.py:191} INFO -   Using cached six-1.16.0-py2.py3-none-any.whl.metadata (1.8 kB)
[2024-07-31T19:39:03.616+0900] {process_utils.py:191} INFO - Using cached numpy-2.0.1-cp311-cp311-macosx_14_0_arm64.whl (5.3 MB)
[2024-07-31T19:39:03.622+0900] {process_utils.py:191} INFO - Using cached pandas-2.2.2-cp311-cp311-macosx_11_0_arm64.whl (11.3 MB)
[2024-07-31T19:39:03.634+0900] {process_utils.py:191} INFO - Using cached pyarrow-17.0.0-cp311-cp311-macosx_11_0_arm64.whl (27.2 MB)
[2024-07-31T19:39:03.661+0900] {process_utils.py:191} INFO - Using cached requests-2.32.3-py3-none-any.whl (64 kB)
[2024-07-31T19:39:03.662+0900] {process_utils.py:191} INFO - Using cached certifi-2024.7.4-py3-none-any.whl (162 kB)
[2024-07-31T19:39:03.663+0900] {process_utils.py:191} INFO - Using cached charset_normalizer-3.3.2-cp311-cp311-macosx_11_0_arm64.whl (118 kB)
[2024-07-31T19:39:03.663+0900] {process_utils.py:191} INFO - Using cached idna-3.7-py3-none-any.whl (66 kB)
[2024-07-31T19:39:03.664+0900] {process_utils.py:191} INFO - Using cached python_dateutil-2.9.0.post0-py2.py3-none-any.whl (229 kB)
[2024-07-31T19:39:03.665+0900] {process_utils.py:191} INFO - Using cached pytz-2024.1-py2.py3-none-any.whl (505 kB)
[2024-07-31T19:39:03.666+0900] {process_utils.py:191} INFO - Using cached tzdata-2024.1-py2.py3-none-any.whl (345 kB)
[2024-07-31T19:39:03.668+0900] {process_utils.py:191} INFO - Using cached urllib3-2.2.2-py3-none-any.whl (121 kB)
[2024-07-31T19:39:03.668+0900] {process_utils.py:191} INFO - Using cached six-1.16.0-py2.py3-none-any.whl (11 kB)
[2024-07-31T19:39:03.710+0900] {process_utils.py:191} INFO - Building wheels for collected packages: mov
[2024-07-31T19:39:03.723+0900] {process_utils.py:191} INFO -   Building wheel for mov (pyproject.toml): started
[2024-07-31T19:39:03.873+0900] {process_utils.py:191} INFO -   Building wheel for mov (pyproject.toml): finished with status 'done'
[2024-07-31T19:39:03.874+0900] {process_utils.py:191} INFO -   Created wheel for mov: filename=mov-0.1.0-py3-none-any.whl size=3056 sha256=e62e42b93ef4a5310ce17d20fcd2bc042c8f4853d21a268a2c35545f5f6a31c2
[2024-07-31T19:39:03.874+0900] {process_utils.py:191} INFO -   Stored in directory: /private/var/folders/qv/0knwm5h50ml0skpppwpbks_r0000gp/T/pip-ephem-wheel-cache-5sh8v8ws/wheels/cf/ab/a7/d0c528d20fa8a5f19e169bdf1d98f2b2cefe79d8527bb89200
[2024-07-31T19:39:03.876+0900] {process_utils.py:191} INFO - Successfully built mov
[2024-07-31T19:39:03.905+0900] {process_utils.py:191} INFO - Installing collected packages: pytz, urllib3, tzdata, six, numpy, idna, charset-normalizer, certifi, requests, python-dateutil, pyarrow, pandas, mov
[2024-07-31T19:39:08.454+0900] {process_utils.py:191} INFO - Successfully installed certifi-2024.7.4 charset-normalizer-3.3.2 idna-3.7 mov-0.1.0 numpy-2.0.1 pandas-2.2.2 pyarrow-17.0.0 python-dateutil-2.9.0.post0 pytz-2024.1 requests-2.32.3 six-1.16.0 tzdata-2024.1 urllib3-2.2.2
[2024-07-31T19:39:08.457+0900] {process_utils.py:191} INFO - 
[2024-07-31T19:39:08.458+0900] {process_utils.py:191} INFO - [notice] A new release of pip is available: 24.1.2 -> 24.2
[2024-07-31T19:39:08.458+0900] {process_utils.py:191} INFO - [notice] To update, run: python -m pip install --upgrade pip
[2024-07-31T19:39:08.591+0900] {logging_mixin.py:188} WARNING - /Users/DE32/.pyenv/versions/3.11.9/envs/note/lib/python3.11/site-packages/airflow/utils/context.py:212 AirflowContextDeprecationWarning: Accessing 'next_ds' from the template is deprecated and will be removed in a future version. Please use '{{ data_interval_end | ds }}' instead.
[2024-07-31T19:39:08.592+0900] {logging_mixin.py:188} WARNING - /Users/DE32/.pyenv/versions/3.11.9/envs/note/lib/python3.11/site-packages/airflow/utils/context.py:212 AirflowContextDeprecationWarning: Accessing 'next_ds_nodash' from the template is deprecated and will be removed in a future version. Please use '{{ data_interval_end | ds_nodash }}' instead.
[2024-07-31T19:39:08.592+0900] {logging_mixin.py:188} WARNING - /Users/DE32/.pyenv/versions/3.11.9/envs/note/lib/python3.11/site-packages/airflow/utils/context.py:212 AirflowContextDeprecationWarning: Accessing 'prev_ds' from the template is deprecated and will be removed in a future version.
[2024-07-31T19:39:08.593+0900] {logging_mixin.py:188} WARNING - /Users/DE32/.pyenv/versions/3.11.9/envs/note/lib/python3.11/site-packages/airflow/utils/context.py:212 AirflowContextDeprecationWarning: Accessing 'prev_ds_nodash' from the template is deprecated and will be removed in a future version.
[2024-07-31T19:39:08.593+0900] {logging_mixin.py:188} WARNING - /Users/DE32/.pyenv/versions/3.11.9/envs/note/lib/python3.11/site-packages/airflow/utils/context.py:212 AirflowContextDeprecationWarning: Accessing 'tomorrow_ds' from the template is deprecated and will be removed in a future version.
[2024-07-31T19:39:08.593+0900] {logging_mixin.py:188} WARNING - /Users/DE32/.pyenv/versions/3.11.9/envs/note/lib/python3.11/site-packages/airflow/utils/context.py:212 AirflowContextDeprecationWarning: Accessing 'tomorrow_ds_nodash' from the template is deprecated and will be removed in a future version.
[2024-07-31T19:39:08.594+0900] {logging_mixin.py:188} WARNING - /Users/DE32/.pyenv/versions/3.11.9/envs/note/lib/python3.11/site-packages/airflow/utils/context.py:212 AirflowContextDeprecationWarning: Accessing 'yesterday_ds' from the template is deprecated and will be removed in a future version.
[2024-07-31T19:39:08.594+0900] {logging_mixin.py:188} WARNING - /Users/DE32/.pyenv/versions/3.11.9/envs/note/lib/python3.11/site-packages/airflow/utils/context.py:212 AirflowContextDeprecationWarning: Accessing 'yesterday_ds_nodash' from the template is deprecated and will be removed in a future version.
[2024-07-31T19:39:08.598+0900] {process_utils.py:183} INFO - Executing cmd: /var/folders/qv/0knwm5h50ml0skpppwpbks_r0000gp/T/venvmtoo5wcv/bin/python /var/folders/qv/0knwm5h50ml0skpppwpbks_r0000gp/T/venv-call2fmgzhfg/script.py /var/folders/qv/0knwm5h50ml0skpppwpbks_r0000gp/T/venv-call2fmgzhfg/script.in /var/folders/qv/0knwm5h50ml0skpppwpbks_r0000gp/T/venv-call2fmgzhfg/script.out /var/folders/qv/0knwm5h50ml0skpppwpbks_r0000gp/T/venv-call2fmgzhfg/string_args.txt /var/folders/qv/0knwm5h50ml0skpppwpbks_r0000gp/T/venv-call2fmgzhfg/termination.log
[2024-07-31T19:39:08.600+0900] {process_utils.py:187} INFO - Output:
[2024-07-31T19:39:22.666+0900] {process_utils.py:191} INFO - {'boxOfficeResult': {'boxofficeType': '일별 박스오피스', 'showRange': '20240725~20240725', 'dailyBoxOfficeList': [{'rnum': '1', 'rank': '1', 'rankInten': '0', 'rankOldAndNew': 'OLD', 'movieCd': '20212932', 'movieNm': '탈주', 'openDt': '2024-07-03', 'salesAmt': '317669651', 'salesShare': '57.0', 'salesInten': '-18247944', 'salesChange': '-5.4', 'salesAcc': '19650284180', 'audiCnt': '34225', 'audiInten': '-1499', 'audiChange': '-4.2', 'audiAcc': '2074632', 'scrnCnt': '884', 'showCnt': '2222'}, {'rnum': '2', 'rank': '2', 'rankInten': '0', 'rankOldAndNew': 'OLD', 'movieCd': '20208245', 'movieNm': '핸섬가이즈', 'openDt': '2024-06-26', 'salesAmt': '95425447', 'salesShare': '17.1', 'salesInten': '1490585', 'salesChange': '1.6', 'salesAcc': '15447381815', 'audiCnt': '10198', 'audiInten': '-25', 'audiChange': '-0.2', 'audiAcc': '1654281', 'scrnCnt': '550', 'showCnt': '924'}, {'rnum': '3', 'rank': '3', 'rankInten': '0', 'rankOldAndNew': 'OLD', 'movieCd': '20208911', 'movieNm': '탈출: 프로젝트 사일런스', 'openDt': '2024-07-12', 'salesAmt': '56477314', 'salesShare': '10.1', 'salesInten': '-5011237', 'salesChange': '-8.1', 'salesAcc': '6334190309', 'audiCnt': '5965', 'audiInten': '-770', 'audiChange': '-11.4', 'audiAcc': '649657', 'scrnCnt': '413', 'showCnt': '625'}, {'rnum': '4', 'rank': '4', 'rankInten': '2', 'rankOldAndNew': 'OLD', 'movieCd': '20224666', 'movieNm': '파일럿', 'openDt': '2024-07-31', 'salesAmt': '20152000', 'salesShare': '3.6', 'salesInten': '5494000', 'salesChange': '37.5', 'salesAcc': '268750000', 'audiCnt': '2274', 'audiInten': '420', 'audiChange': '22.7', 'audiAcc': '28484', 'scrnCnt': '10', 'showCnt': '14'}, {'rnum': '5', 'rank': '5', 'rankInten': '0', 'rankOldAndNew': 'OLD', 'movieCd': '20248465', 'movieNm': '하이재킹', 'openDt': '2024-06-21', 'salesAmt': '18582373', 'salesShare': '3.3', 'salesInten': '748878', 'salesChange': '4.2', 'salesAcc': '16724456634', 'audiCnt': '2037', 'audiInten': '82', 'audiChange': '4.2', 'audiAcc': '1760743', 'scrnCnt': '155', 'showCnt': '189'}, {'rnum': '6', 'rank': '6', 'rankInten': '1', 'rankOldAndNew': 'OLD', 'movieCd': '20241984', 'movieNm': '2023 영탁 단독 콘서트 : 탁쇼2', 'openDt': '2024-07-18', 'salesAmt': '19115500', 'salesShare': '3.4', 'salesInten': '-1170000', 'salesChange': '-5.8', 'salesAcc': '574766000', 'audiCnt': '765', 'audiInten': '-47', 'audiChange': '-5.8', 'audiAcc': '22996', 'scrnCnt': '52', 'showCnt': '67'}, {'rnum': '7', 'rank': '7', 'rankInten': '-3', 'rankOldAndNew': 'OLD', 'movieCd': '20242349', 'movieNm': '이준호 콘서트 : 다시 만나는 날', 'openDt': '2024-07-24', 'salesAmt': '14948500', 'salesShare': '2.7', 'salesInten': '-93220500', 'salesChange': '-86.2', 'salesAcc': '123117500', 'audiCnt': '598', 'audiInten': '-3729', 'audiChange': '-86.2', 'audiAcc': '4925', 'scrnCnt': '50', 'showCnt': '85'}, {'rnum': '8', 'rank': '8', 'rankInten': '1', 'rankOldAndNew': 'OLD', 'movieCd': '20231415', 'movieNm': '소풍', 'openDt': '2024-02-07', 'salesAmt': '1158000', 'salesShare': '0.2', 'salesInten': '-356000', 'salesChange': '-23.5', 'salesAcc': '3139623943', 'audiCnt': '193', 'audiInten': '-93', 'audiChange': '-32.5', 'audiAcc': '354617', 'scrnCnt': '1', 'showCnt': '1'}, {'rnum': '9', 'rank': '9', 'rankInten': '2', 'rankOldAndNew': 'OLD', 'movieCd': '20212336', 'movieNm': '수카바티: 극락축구단', 'openDt': '2024-07-31', 'salesAmt': '1665000', 'salesShare': '0.3', 'salesInten': '171000', 'salesChange': '11.4', 'salesAcc': '12097000', 'audiCnt': '185', 'audiInten': '19', 'audiChange': '11.4', 'audiAcc': '1353', 'scrnCnt': '2', 'showCnt': '2'}, {'rnum': '10', 'rank': '10', 'rankInten': '4', 'rankOldAndNew': 'OLD', 'movieCd': '20240984', 'movieNm': '박정희: 경제대국을 꿈꾼 남자', 'openDt': '2024-07-10', 'salesAmt': '1189900', 'salesShare': '0.2', 'salesInten': '157100', 'salesChange': '15.2', 'salesAcc': '131369122', 'audiCnt': '163', 'audiInten': '24', 'audiChange': '17.3', 'audiAcc': '15090', 'scrnCnt': '15', 'showCnt': '15'}]}}
[2024-07-31T19:39:22.667+0900] {process_utils.py:191} INFO - partitioning List : ['load_dt', 'repNationCd']
[2024-07-31T19:39:22.667+0900] {process_utils.py:191} INFO -   rnum rank rankInten rankOldAndNew  ... scrnCnt showCnt   load_dt repNationCd
[2024-07-31T19:39:22.668+0900] {process_utils.py:191} INFO - 0    1    1         0           OLD  ...     884    2222  20240725           K
[2024-07-31T19:39:22.668+0900] {process_utils.py:191} INFO - 1    2    2         0           OLD  ...     550     924  20240725           K
[2024-07-31T19:39:22.668+0900] {process_utils.py:191} INFO - 2    3    3         0           OLD  ...     413     625  20240725           K
[2024-07-31T19:39:22.669+0900] {process_utils.py:191} INFO - 3    4    4         2           OLD  ...      10      14  20240725           K
[2024-07-31T19:39:22.669+0900] {process_utils.py:191} INFO - 4    5    5         0           OLD  ...     155     189  20240725           K
[2024-07-31T19:39:22.670+0900] {process_utils.py:191} INFO - 5    6    6         1           OLD  ...      52      67  20240725           K
[2024-07-31T19:39:22.670+0900] {process_utils.py:191} INFO - 6    7    7        -3           OLD  ...      50      85  20240725           K
[2024-07-31T19:39:22.670+0900] {process_utils.py:191} INFO - 7    8    8         1           OLD  ...       1       1  20240725           K
[2024-07-31T19:39:22.671+0900] {process_utils.py:191} INFO - 8    9    9         2           OLD  ...       2       2  20240725           K
[2024-07-31T19:39:22.671+0900] {process_utils.py:191} INFO - 9   10   10         4           OLD  ...      15      15  20240725           K
[2024-07-31T19:39:22.671+0900] {process_utils.py:191} INFO - 
[2024-07-31T19:39:22.672+0900] {process_utils.py:191} INFO - [10 rows x 20 columns]
[2024-07-31T19:39:23.117+0900] {python.py:237} INFO - Done. Returned value was: None
[2024-07-31T19:39:23.117+0900] {taskinstance.py:441} INFO - ::group::Post task execution logs
[2024-07-31T19:39:23.121+0900] {taskinstance.py:1206} INFO - Marking task as SUCCESS. dag_id=movie, task_id=nation.k, run_id=scheduled__2024-07-25T02:10:00+00:00, execution_date=20240725T021000, start_date=20240731T103858, end_date=20240731T103923
[2024-07-31T19:39:23.134+0900] {local_task_job_runner.py:243} INFO - Task exited with return code 0
[2024-07-31T19:39:23.142+0900] {taskinstance.py:3503} INFO - 0 downstream tasks scheduled from follow-on schedule check
[2024-07-31T19:39:23.142+0900] {local_task_job_runner.py:222} INFO - ::endgroup::
