[2024-07-24T12:27:14.473+0900] {processor.py:161} INFO - Started process (PID=86455) to work on /Users/DE32/.pyenv/versions/3.11.9/envs/note/lib/python3.11/site-packages/airflow/example_dags/subdags/subdag.py
[2024-07-24T12:27:14.473+0900] {processor.py:830} INFO - Processing file /Users/DE32/.pyenv/versions/3.11.9/envs/note/lib/python3.11/site-packages/airflow/example_dags/subdags/subdag.py for tasks to queue
[2024-07-24T12:27:14.473+0900] {logging_mixin.py:188} INFO - [2024-07-24T12:27:14.473+0900] {dagbag.py:545} INFO - Filling up the DagBag from /Users/DE32/.pyenv/versions/3.11.9/envs/note/lib/python3.11/site-packages/airflow/example_dags/subdags/subdag.py
[2024-07-24T12:27:14.474+0900] {processor.py:842} WARNING - No viable dags retrieved from /Users/DE32/.pyenv/versions/3.11.9/envs/note/lib/python3.11/site-packages/airflow/example_dags/subdags/subdag.py
[2024-07-24T12:27:14.506+0900] {processor.py:183} INFO - Processing /Users/DE32/.pyenv/versions/3.11.9/envs/note/lib/python3.11/site-packages/airflow/example_dags/subdags/subdag.py took 0.035 seconds
[2024-07-24T12:28:50.653+0900] {processor.py:161} INFO - Started process (PID=86568) to work on /Users/DE32/.pyenv/versions/3.11.9/envs/note/lib/python3.11/site-packages/airflow/example_dags/subdags/subdag.py
[2024-07-24T12:28:50.653+0900] {processor.py:830} INFO - Processing file /Users/DE32/.pyenv/versions/3.11.9/envs/note/lib/python3.11/site-packages/airflow/example_dags/subdags/subdag.py for tasks to queue
[2024-07-24T12:28:50.654+0900] {logging_mixin.py:188} INFO - [2024-07-24T12:28:50.654+0900] {dagbag.py:545} INFO - Filling up the DagBag from /Users/DE32/.pyenv/versions/3.11.9/envs/note/lib/python3.11/site-packages/airflow/example_dags/subdags/subdag.py
[2024-07-24T12:28:50.654+0900] {processor.py:842} WARNING - No viable dags retrieved from /Users/DE32/.pyenv/versions/3.11.9/envs/note/lib/python3.11/site-packages/airflow/example_dags/subdags/subdag.py
[2024-07-24T12:28:50.683+0900] {processor.py:183} INFO - Processing /Users/DE32/.pyenv/versions/3.11.9/envs/note/lib/python3.11/site-packages/airflow/example_dags/subdags/subdag.py took 0.031 seconds
[2024-07-24T12:29:45.539+0900] {processor.py:161} INFO - Started process (PID=86708) to work on /Users/DE32/.pyenv/versions/3.11.9/envs/note/lib/python3.11/site-packages/airflow/example_dags/subdags/subdag.py
[2024-07-24T12:29:45.539+0900] {processor.py:830} INFO - Processing file /Users/DE32/.pyenv/versions/3.11.9/envs/note/lib/python3.11/site-packages/airflow/example_dags/subdags/subdag.py for tasks to queue
[2024-07-24T12:29:45.539+0900] {logging_mixin.py:188} INFO - [2024-07-24T12:29:45.539+0900] {dagbag.py:545} INFO - Filling up the DagBag from /Users/DE32/.pyenv/versions/3.11.9/envs/note/lib/python3.11/site-packages/airflow/example_dags/subdags/subdag.py
[2024-07-24T12:29:45.540+0900] {processor.py:842} WARNING - No viable dags retrieved from /Users/DE32/.pyenv/versions/3.11.9/envs/note/lib/python3.11/site-packages/airflow/example_dags/subdags/subdag.py
[2024-07-24T12:29:45.569+0900] {processor.py:183} INFO - Processing /Users/DE32/.pyenv/versions/3.11.9/envs/note/lib/python3.11/site-packages/airflow/example_dags/subdags/subdag.py took 0.031 seconds
[2024-07-24T12:30:43.951+0900] {processor.py:161} INFO - Started process (PID=86769) to work on /Users/DE32/.pyenv/versions/3.11.9/envs/note/lib/python3.11/site-packages/airflow/example_dags/subdags/subdag.py
[2024-07-24T12:30:43.952+0900] {processor.py:830} INFO - Processing file /Users/DE32/.pyenv/versions/3.11.9/envs/note/lib/python3.11/site-packages/airflow/example_dags/subdags/subdag.py for tasks to queue
[2024-07-24T12:30:43.952+0900] {logging_mixin.py:188} INFO - [2024-07-24T12:30:43.952+0900] {dagbag.py:545} INFO - Filling up the DagBag from /Users/DE32/.pyenv/versions/3.11.9/envs/note/lib/python3.11/site-packages/airflow/example_dags/subdags/subdag.py
[2024-07-24T12:30:43.953+0900] {processor.py:842} WARNING - No viable dags retrieved from /Users/DE32/.pyenv/versions/3.11.9/envs/note/lib/python3.11/site-packages/airflow/example_dags/subdags/subdag.py
[2024-07-24T12:30:43.982+0900] {processor.py:183} INFO - Processing /Users/DE32/.pyenv/versions/3.11.9/envs/note/lib/python3.11/site-packages/airflow/example_dags/subdags/subdag.py took 0.031 seconds
