[2024-07-30T11:10:38.364+0900] {local_task_job_runner.py:120} INFO - ::group::Pre task execution logs
[2024-07-30T11:10:38.378+0900] {taskinstance.py:2076} INFO - Dependencies all met for dep_context=non-requeueable deps ti=<TaskInstance: movie.rm.dir scheduled__2024-07-24T04:10:00+00:00 [queued]>
[2024-07-30T11:10:38.381+0900] {taskinstance.py:2076} INFO - Dependencies all met for dep_context=requeueable deps ti=<TaskInstance: movie.rm.dir scheduled__2024-07-24T04:10:00+00:00 [queued]>
[2024-07-30T11:10:38.381+0900] {taskinstance.py:2306} INFO - Starting attempt 1 of 2
[2024-07-30T11:10:38.387+0900] {taskinstance.py:2330} INFO - Executing <Task(BashOperator): rm.dir> on 2024-07-24 04:10:00+00:00
[2024-07-30T11:10:38.390+0900] {standard_task_runner.py:64} INFO - Started process 7809 to run task
[2024-07-30T11:10:38.393+0900] {standard_task_runner.py:90} INFO - Running: ['airflow', 'tasks', 'run', 'movie', 'rm.dir', 'scheduled__2024-07-24T04:10:00+00:00', '--job-id', '648', '--raw', '--subdir', 'DAGS_FOLDER/movie.py', '--cfg-path', '/var/folders/qv/0knwm5h50ml0skpppwpbks_r0000gp/T/tmpavi6fbwk']
[2024-07-30T11:10:38.394+0900] {standard_task_runner.py:91} INFO - Job 648: Subtask rm.dir
[2024-07-30T11:10:38.410+0900] {task_command.py:426} INFO - Running <TaskInstance: movie.rm.dir scheduled__2024-07-24T04:10:00+00:00 [running]> on host jeongui-MacBookPro.local
[2024-07-30T11:10:38.429+0900] {taskinstance.py:2648} INFO - Exporting env vars: AIRFLOW_CTX_DAG_OWNER='airflow' AIRFLOW_CTX_DAG_ID='movie' AIRFLOW_CTX_TASK_ID='rm.dir' AIRFLOW_CTX_EXECUTION_DATE='2024-07-24T04:10:00+00:00' AIRFLOW_CTX_TRY_NUMBER='1' AIRFLOW_CTX_DAG_RUN_ID='scheduled__2024-07-24T04:10:00+00:00'
[2024-07-30T11:10:38.429+0900] {taskinstance.py:430} INFO - ::endgroup::
[2024-07-30T11:10:38.434+0900] {subprocess.py:63} INFO - Tmp dir root location: /var/folders/qv/0knwm5h50ml0skpppwpbks_r0000gp/T
[2024-07-30T11:10:38.434+0900] {subprocess.py:75} INFO - Running command: ['/bin/bash', '-c', '\n                    rm -rf ~/tmp/test_parquet/load_dt=20240724\n                    ']
[2024-07-30T11:10:38.437+0900] {subprocess.py:86} INFO - Output:
[2024-07-30T11:10:38.440+0900] {subprocess.py:97} INFO - Command exited with return code 0
[2024-07-30T11:10:38.441+0900] {taskinstance.py:441} INFO - ::group::Post task execution logs
[2024-07-30T11:10:38.448+0900] {taskinstance.py:1206} INFO - Marking task as SUCCESS. dag_id=movie, task_id=rm.dir, run_id=scheduled__2024-07-24T04:10:00+00:00, execution_date=20240724T041000, start_date=20240730T021038, end_date=20240730T021038
[2024-07-30T11:10:38.454+0900] {local_task_job_runner.py:243} INFO - Task exited with return code 0
[2024-07-30T11:10:38.462+0900] {taskinstance.py:3503} INFO - 1 downstream tasks scheduled from follow-on schedule check
[2024-07-30T11:10:38.463+0900] {local_task_job_runner.py:222} INFO - ::endgroup::
