[2024-07-31T19:53:56.234+0900] {local_task_job_runner.py:120} INFO - ::group::Pre task execution logs
[2024-07-31T19:53:56.247+0900] {taskinstance.py:2076} INFO - Dependencies all met for dep_context=non-requeueable deps ti=<TaskInstance: movie.nation.f scheduled__2024-07-29T02:10:00+00:00 [queued]>
[2024-07-31T19:53:56.251+0900] {taskinstance.py:2076} INFO - Dependencies all met for dep_context=requeueable deps ti=<TaskInstance: movie.nation.f scheduled__2024-07-29T02:10:00+00:00 [queued]>
[2024-07-31T19:53:56.251+0900] {taskinstance.py:2306} INFO - Starting attempt 2 of 3
[2024-07-31T19:53:56.257+0900] {taskinstance.py:2330} INFO - Executing <Task(PythonVirtualenvOperator): nation.f> on 2024-07-29 02:10:00+00:00
[2024-07-31T19:53:56.259+0900] {standard_task_runner.py:64} INFO - Started process 33456 to run task
[2024-07-31T19:53:56.262+0900] {standard_task_runner.py:90} INFO - Running: ['airflow', 'tasks', 'run', 'movie', 'nation.f', 'scheduled__2024-07-29T02:10:00+00:00', '--job-id', '987', '--raw', '--subdir', 'DAGS_FOLDER/movie.py', '--cfg-path', '/var/folders/qv/0knwm5h50ml0skpppwpbks_r0000gp/T/tmp4z_ns_qu']
[2024-07-31T19:53:56.263+0900] {standard_task_runner.py:91} INFO - Job 987: Subtask nation.f
[2024-07-31T19:53:56.277+0900] {task_command.py:426} INFO - Running <TaskInstance: movie.nation.f scheduled__2024-07-29T02:10:00+00:00 [running]> on host jeongui-MacBookPro.local
[2024-07-31T19:53:56.298+0900] {taskinstance.py:2648} INFO - Exporting env vars: AIRFLOW_CTX_DAG_OWNER='airflow' AIRFLOW_CTX_DAG_ID='movie' AIRFLOW_CTX_TASK_ID='nation.f' AIRFLOW_CTX_EXECUTION_DATE='2024-07-29T02:10:00+00:00' AIRFLOW_CTX_TRY_NUMBER='2' AIRFLOW_CTX_DAG_RUN_ID='scheduled__2024-07-29T02:10:00+00:00'
[2024-07-31T19:53:56.299+0900] {taskinstance.py:430} INFO - ::endgroup::
[2024-07-31T19:53:56.306+0900] {baseoperator.py:400} WARNING - PythonVirtualenvOperator.execute cannot be called outside TaskInstance!
[2024-07-31T19:53:56.307+0900] {process_utils.py:183} INFO - Executing cmd: /Users/DE32/.pyenv/versions/3.11.9/envs/note/bin/python -m virtualenv /var/folders/qv/0knwm5h50ml0skpppwpbks_r0000gp/T/venv1gj_l0z_ --python=python
[2024-07-31T19:53:56.309+0900] {process_utils.py:187} INFO - Output:
[2024-07-31T19:53:56.581+0900] {process_utils.py:191} INFO - created virtual environment CPython3.11.9.final.0-64 in 203ms
[2024-07-31T19:53:56.581+0900] {process_utils.py:191} INFO -   creator CPython3Posix(dest=/private/var/folders/qv/0knwm5h50ml0skpppwpbks_r0000gp/T/venv1gj_l0z_, clear=False, no_vcs_ignore=False, global=False)
[2024-07-31T19:53:56.582+0900] {process_utils.py:191} INFO -   seeder FromAppData(download=False, pip=bundle, setuptools=bundle, wheel=bundle, via=copy, app_data_dir=/Users/DE32/Library/Application Support/virtualenv)
[2024-07-31T19:53:56.582+0900] {process_utils.py:191} INFO -     added seed packages: pip==24.1.2, setuptools==70.2.0, wheel==0.43.0
[2024-07-31T19:53:56.582+0900] {process_utils.py:191} INFO -   activators BashActivator,CShellActivator,FishActivator,NushellActivator,PowerShellActivator,PythonActivator
[2024-07-31T19:53:56.592+0900] {process_utils.py:183} INFO - Executing cmd: /var/folders/qv/0knwm5h50ml0skpppwpbks_r0000gp/T/venv1gj_l0z_/bin/pip install -r /var/folders/qv/0knwm5h50ml0skpppwpbks_r0000gp/T/venv1gj_l0z_/requirements.txt
[2024-07-31T19:53:56.594+0900] {process_utils.py:187} INFO - Output:
[2024-07-31T19:53:57.339+0900] {process_utils.py:191} INFO - Collecting git+https://github.com/Jeonghoon2/movie.git@0.2/api (from -r /var/folders/qv/0knwm5h50ml0skpppwpbks_r0000gp/T/venv1gj_l0z_/requirements.txt (line 1))
[2024-07-31T19:53:57.340+0900] {process_utils.py:191} INFO -   Cloning https://github.com/Jeonghoon2/movie.git (to revision 0.2/api) to /private/var/folders/qv/0knwm5h50ml0skpppwpbks_r0000gp/T/pip-req-build-rr9gd5gv
[2024-07-31T19:53:57.354+0900] {process_utils.py:191} INFO -   Running command git clone --filter=blob:none --quiet https://github.com/Jeonghoon2/movie.git /private/var/folders/qv/0knwm5h50ml0skpppwpbks_r0000gp/T/pip-req-build-rr9gd5gv
[2024-07-31T19:53:59.008+0900] {process_utils.py:191} INFO -   Running command git checkout -b 0.2/api --track origin/0.2/api
[2024-07-31T19:53:59.612+0900] {process_utils.py:191} INFO -   Switched to a new branch '0.2/api'
[2024-07-31T19:53:59.614+0900] {process_utils.py:191} INFO -   branch '0.2/api' set up to track 'origin/0.2/api'.
[2024-07-31T19:53:59.619+0900] {process_utils.py:191} INFO -   Resolved https://github.com/Jeonghoon2/movie.git to commit c2fdd392ce95b386519b05b3bab786608cdb1c58
[2024-07-31T19:53:59.648+0900] {process_utils.py:191} INFO -   Installing build dependencies: started
[2024-07-31T19:54:00.561+0900] {process_utils.py:191} INFO -   Installing build dependencies: finished with status 'done'
[2024-07-31T19:54:00.562+0900] {process_utils.py:191} INFO -   Getting requirements to build wheel: started
[2024-07-31T19:54:00.691+0900] {process_utils.py:191} INFO -   Getting requirements to build wheel: finished with status 'done'
[2024-07-31T19:54:00.692+0900] {process_utils.py:191} INFO -   Preparing metadata (pyproject.toml): started
[2024-07-31T19:54:00.821+0900] {process_utils.py:191} INFO -   Preparing metadata (pyproject.toml): finished with status 'done'
[2024-07-31T19:54:00.881+0900] {process_utils.py:191} INFO - Collecting requests>=2.32.3 (from mov==0.1.0->-r /var/folders/qv/0knwm5h50ml0skpppwpbks_r0000gp/T/venv1gj_l0z_/requirements.txt (line 1))
[2024-07-31T19:54:00.882+0900] {process_utils.py:191} INFO -   Using cached requests-2.32.3-py3-none-any.whl.metadata (4.6 kB)
[2024-07-31T19:54:00.947+0900] {process_utils.py:191} INFO - Collecting pandas>=2.2.2 (from mov==0.1.0->-r /var/folders/qv/0knwm5h50ml0skpppwpbks_r0000gp/T/venv1gj_l0z_/requirements.txt (line 1))
[2024-07-31T19:54:00.949+0900] {process_utils.py:191} INFO -   Using cached pandas-2.2.2-cp311-cp311-macosx_11_0_arm64.whl.metadata (19 kB)
[2024-07-31T19:54:01.049+0900] {process_utils.py:191} INFO - Collecting numpy>=2.0.1 (from mov==0.1.0->-r /var/folders/qv/0knwm5h50ml0skpppwpbks_r0000gp/T/venv1gj_l0z_/requirements.txt (line 1))
[2024-07-31T19:54:01.050+0900] {process_utils.py:191} INFO -   Using cached numpy-2.0.1-cp311-cp311-macosx_14_0_arm64.whl.metadata (60 kB)
[2024-07-31T19:54:01.098+0900] {process_utils.py:191} INFO - Collecting pyarrow>=17.0.0 (from mov==0.1.0->-r /var/folders/qv/0knwm5h50ml0skpppwpbks_r0000gp/T/venv1gj_l0z_/requirements.txt (line 1))
[2024-07-31T19:54:01.100+0900] {process_utils.py:191} INFO -   Using cached pyarrow-17.0.0-cp311-cp311-macosx_11_0_arm64.whl.metadata (3.3 kB)
[2024-07-31T19:54:01.120+0900] {process_utils.py:191} INFO - Collecting python-dateutil>=2.8.2 (from pandas>=2.2.2->mov==0.1.0->-r /var/folders/qv/0knwm5h50ml0skpppwpbks_r0000gp/T/venv1gj_l0z_/requirements.txt (line 1))
[2024-07-31T19:54:01.121+0900] {process_utils.py:191} INFO -   Using cached python_dateutil-2.9.0.post0-py2.py3-none-any.whl.metadata (8.4 kB)
[2024-07-31T19:54:01.149+0900] {process_utils.py:191} INFO - Collecting pytz>=2020.1 (from pandas>=2.2.2->mov==0.1.0->-r /var/folders/qv/0knwm5h50ml0skpppwpbks_r0000gp/T/venv1gj_l0z_/requirements.txt (line 1))
[2024-07-31T19:54:01.151+0900] {process_utils.py:191} INFO -   Using cached pytz-2024.1-py2.py3-none-any.whl.metadata (22 kB)
[2024-07-31T19:54:01.165+0900] {process_utils.py:191} INFO - Collecting tzdata>=2022.7 (from pandas>=2.2.2->mov==0.1.0->-r /var/folders/qv/0knwm5h50ml0skpppwpbks_r0000gp/T/venv1gj_l0z_/requirements.txt (line 1))
[2024-07-31T19:54:01.166+0900] {process_utils.py:191} INFO -   Using cached tzdata-2024.1-py2.py3-none-any.whl.metadata (1.4 kB)
[2024-07-31T19:54:01.209+0900] {process_utils.py:191} INFO - Collecting charset-normalizer<4,>=2 (from requests>=2.32.3->mov==0.1.0->-r /var/folders/qv/0knwm5h50ml0skpppwpbks_r0000gp/T/venv1gj_l0z_/requirements.txt (line 1))
[2024-07-31T19:54:01.210+0900] {process_utils.py:191} INFO -   Using cached charset_normalizer-3.3.2-cp311-cp311-macosx_11_0_arm64.whl.metadata (33 kB)
[2024-07-31T19:54:01.225+0900] {process_utils.py:191} INFO - Collecting idna<4,>=2.5 (from requests>=2.32.3->mov==0.1.0->-r /var/folders/qv/0knwm5h50ml0skpppwpbks_r0000gp/T/venv1gj_l0z_/requirements.txt (line 1))
[2024-07-31T19:54:01.225+0900] {process_utils.py:191} INFO -   Using cached idna-3.7-py3-none-any.whl.metadata (9.9 kB)
[2024-07-31T19:54:01.252+0900] {process_utils.py:191} INFO - Collecting urllib3<3,>=1.21.1 (from requests>=2.32.3->mov==0.1.0->-r /var/folders/qv/0knwm5h50ml0skpppwpbks_r0000gp/T/venv1gj_l0z_/requirements.txt (line 1))
[2024-07-31T19:54:01.252+0900] {process_utils.py:191} INFO -   Using cached urllib3-2.2.2-py3-none-any.whl.metadata (6.4 kB)
[2024-07-31T19:54:01.284+0900] {process_utils.py:191} INFO - Collecting certifi>=2017.4.17 (from requests>=2.32.3->mov==0.1.0->-r /var/folders/qv/0knwm5h50ml0skpppwpbks_r0000gp/T/venv1gj_l0z_/requirements.txt (line 1))
[2024-07-31T19:54:01.285+0900] {process_utils.py:191} INFO -   Using cached certifi-2024.7.4-py3-none-any.whl.metadata (2.2 kB)
[2024-07-31T19:54:01.298+0900] {process_utils.py:191} INFO - Collecting six>=1.5 (from python-dateutil>=2.8.2->pandas>=2.2.2->mov==0.1.0->-r /var/folders/qv/0knwm5h50ml0skpppwpbks_r0000gp/T/venv1gj_l0z_/requirements.txt (line 1))
[2024-07-31T19:54:01.299+0900] {process_utils.py:191} INFO -   Using cached six-1.16.0-py2.py3-none-any.whl.metadata (1.8 kB)
[2024-07-31T19:54:01.303+0900] {process_utils.py:191} INFO - Using cached numpy-2.0.1-cp311-cp311-macosx_14_0_arm64.whl (5.3 MB)
[2024-07-31T19:54:01.312+0900] {process_utils.py:191} INFO - Using cached pandas-2.2.2-cp311-cp311-macosx_11_0_arm64.whl (11.3 MB)
[2024-07-31T19:54:01.338+0900] {process_utils.py:191} INFO - Using cached pyarrow-17.0.0-cp311-cp311-macosx_11_0_arm64.whl (27.2 MB)
[2024-07-31T19:54:01.396+0900] {process_utils.py:191} INFO - Using cached requests-2.32.3-py3-none-any.whl (64 kB)
[2024-07-31T19:54:01.406+0900] {process_utils.py:191} INFO - Using cached certifi-2024.7.4-py3-none-any.whl (162 kB)
[2024-07-31T19:54:01.410+0900] {process_utils.py:191} INFO - Using cached charset_normalizer-3.3.2-cp311-cp311-macosx_11_0_arm64.whl (118 kB)
[2024-07-31T19:54:01.412+0900] {process_utils.py:191} INFO - Using cached idna-3.7-py3-none-any.whl (66 kB)
[2024-07-31T19:54:01.414+0900] {process_utils.py:191} INFO - Using cached python_dateutil-2.9.0.post0-py2.py3-none-any.whl (229 kB)
[2024-07-31T19:54:01.416+0900] {process_utils.py:191} INFO - Using cached pytz-2024.1-py2.py3-none-any.whl (505 kB)
[2024-07-31T19:54:01.420+0900] {process_utils.py:191} INFO - Using cached tzdata-2024.1-py2.py3-none-any.whl (345 kB)
[2024-07-31T19:54:01.423+0900] {process_utils.py:191} INFO - Using cached urllib3-2.2.2-py3-none-any.whl (121 kB)
[2024-07-31T19:54:01.425+0900] {process_utils.py:191} INFO - Using cached six-1.16.0-py2.py3-none-any.whl (11 kB)
[2024-07-31T19:54:01.468+0900] {process_utils.py:191} INFO - Building wheels for collected packages: mov
[2024-07-31T19:54:01.481+0900] {process_utils.py:191} INFO -   Building wheel for mov (pyproject.toml): started
[2024-07-31T19:54:01.642+0900] {process_utils.py:191} INFO -   Building wheel for mov (pyproject.toml): finished with status 'done'
[2024-07-31T19:54:01.643+0900] {process_utils.py:191} INFO -   Created wheel for mov: filename=mov-0.1.0-py3-none-any.whl size=3056 sha256=9c08f277a733f0108243f253309f052c6db060b79d9e994cfae6773a68ac00f4
[2024-07-31T19:54:01.643+0900] {process_utils.py:191} INFO -   Stored in directory: /private/var/folders/qv/0knwm5h50ml0skpppwpbks_r0000gp/T/pip-ephem-wheel-cache-216d72af/wheels/cf/ab/a7/d0c528d20fa8a5f19e169bdf1d98f2b2cefe79d8527bb89200
[2024-07-31T19:54:01.644+0900] {process_utils.py:191} INFO - Successfully built mov
[2024-07-31T19:54:01.672+0900] {process_utils.py:191} INFO - Installing collected packages: pytz, urllib3, tzdata, six, numpy, idna, charset-normalizer, certifi, requests, python-dateutil, pyarrow, pandas, mov
[2024-07-31T19:54:06.287+0900] {process_utils.py:191} INFO - Successfully installed certifi-2024.7.4 charset-normalizer-3.3.2 idna-3.7 mov-0.1.0 numpy-2.0.1 pandas-2.2.2 pyarrow-17.0.0 python-dateutil-2.9.0.post0 pytz-2024.1 requests-2.32.3 six-1.16.0 tzdata-2024.1 urllib3-2.2.2
[2024-07-31T19:54:06.293+0900] {process_utils.py:191} INFO - 
[2024-07-31T19:54:06.293+0900] {process_utils.py:191} INFO - [notice] A new release of pip is available: 24.1.2 -> 24.2
[2024-07-31T19:54:06.293+0900] {process_utils.py:191} INFO - [notice] To update, run: python -m pip install --upgrade pip
[2024-07-31T19:54:06.422+0900] {logging_mixin.py:188} WARNING - /Users/DE32/.pyenv/versions/3.11.9/envs/note/lib/python3.11/site-packages/airflow/utils/context.py:212 AirflowContextDeprecationWarning: Accessing 'next_ds' from the template is deprecated and will be removed in a future version. Please use '{{ data_interval_end | ds }}' instead.
[2024-07-31T19:54:06.423+0900] {logging_mixin.py:188} WARNING - /Users/DE32/.pyenv/versions/3.11.9/envs/note/lib/python3.11/site-packages/airflow/utils/context.py:212 AirflowContextDeprecationWarning: Accessing 'next_ds_nodash' from the template is deprecated and will be removed in a future version. Please use '{{ data_interval_end | ds_nodash }}' instead.
[2024-07-31T19:54:06.423+0900] {logging_mixin.py:188} WARNING - /Users/DE32/.pyenv/versions/3.11.9/envs/note/lib/python3.11/site-packages/airflow/utils/context.py:212 AirflowContextDeprecationWarning: Accessing 'prev_ds' from the template is deprecated and will be removed in a future version.
[2024-07-31T19:54:06.424+0900] {logging_mixin.py:188} WARNING - /Users/DE32/.pyenv/versions/3.11.9/envs/note/lib/python3.11/site-packages/airflow/utils/context.py:212 AirflowContextDeprecationWarning: Accessing 'prev_ds_nodash' from the template is deprecated and will be removed in a future version.
[2024-07-31T19:54:06.424+0900] {logging_mixin.py:188} WARNING - /Users/DE32/.pyenv/versions/3.11.9/envs/note/lib/python3.11/site-packages/airflow/utils/context.py:212 AirflowContextDeprecationWarning: Accessing 'tomorrow_ds' from the template is deprecated and will be removed in a future version.
[2024-07-31T19:54:06.424+0900] {logging_mixin.py:188} WARNING - /Users/DE32/.pyenv/versions/3.11.9/envs/note/lib/python3.11/site-packages/airflow/utils/context.py:212 AirflowContextDeprecationWarning: Accessing 'tomorrow_ds_nodash' from the template is deprecated and will be removed in a future version.
[2024-07-31T19:54:06.425+0900] {logging_mixin.py:188} WARNING - /Users/DE32/.pyenv/versions/3.11.9/envs/note/lib/python3.11/site-packages/airflow/utils/context.py:212 AirflowContextDeprecationWarning: Accessing 'yesterday_ds' from the template is deprecated and will be removed in a future version.
[2024-07-31T19:54:06.425+0900] {logging_mixin.py:188} WARNING - /Users/DE32/.pyenv/versions/3.11.9/envs/note/lib/python3.11/site-packages/airflow/utils/context.py:212 AirflowContextDeprecationWarning: Accessing 'yesterday_ds_nodash' from the template is deprecated and will be removed in a future version.
[2024-07-31T19:54:06.429+0900] {process_utils.py:183} INFO - Executing cmd: /var/folders/qv/0knwm5h50ml0skpppwpbks_r0000gp/T/venv1gj_l0z_/bin/python /var/folders/qv/0knwm5h50ml0skpppwpbks_r0000gp/T/venv-calljtlax0g9/script.py /var/folders/qv/0knwm5h50ml0skpppwpbks_r0000gp/T/venv-calljtlax0g9/script.in /var/folders/qv/0knwm5h50ml0skpppwpbks_r0000gp/T/venv-calljtlax0g9/script.out /var/folders/qv/0knwm5h50ml0skpppwpbks_r0000gp/T/venv-calljtlax0g9/string_args.txt /var/folders/qv/0knwm5h50ml0skpppwpbks_r0000gp/T/venv-calljtlax0g9/termination.log
[2024-07-31T19:54:06.432+0900] {process_utils.py:187} INFO - Output:
[2024-07-31T19:54:19.756+0900] {process_utils.py:191} INFO - {'boxOfficeResult': {'boxofficeType': '일별 박스오피스', 'showRange': '20240729~20240729', 'dailyBoxOfficeList': [{'rnum': '1', 'rank': '1', 'rankInten': '0', 'rankOldAndNew': 'OLD', 'movieCd': '20247781', 'movieNm': '데드풀과 울버린', 'openDt': '2024-07-24', 'salesAmt': '936328376', 'salesShare': '42.1', 'salesInten': '-1632694507', 'salesChange': '-63.6', 'salesAcc': '12240948999', 'audiCnt': '92532', 'audiInten': '-153787', 'audiChange': '-62.4', 'audiAcc': '1178535', 'scrnCnt': '1784', 'showCnt': '7672'}, {'rnum': '2', 'rank': '2', 'rankInten': '0', 'rankOldAndNew': 'OLD', 'movieCd': '20247440', 'movieNm': '슈퍼배드 4', 'openDt': '2024-07-24', 'salesAmt': '714786825', 'salesShare': '32.2', 'salesInten': '-646897498', 'salesChange': '-47.5', 'salesAcc': '6207222072', 'audiCnt': '80053', 'audiInten': '-65431', 'audiChange': '-45', 'audiAcc': '668465', 'scrnCnt': '998', 'showCnt': '3927'}, {'rnum': '3', 'rank': '3', 'rankInten': '0', 'rankOldAndNew': 'OLD', 'movieCd': '20235974', 'movieNm': '인사이드 아웃 2', 'openDt': '2024-06-12', 'salesAmt': '347080931', 'salesShare': '15.6', 'salesInten': '-217725151', 'salesChange': '-38.5', 'salesAcc': '80085454732', 'audiCnt': '37377', 'audiInten': '-20820', 'audiChange': '-35.8', 'audiAcc': '8329270', 'scrnCnt': '701', 'showCnt': '1501'}, {'rnum': '4', 'rank': '4', 'rankInten': '0', 'rankOldAndNew': 'OLD', 'movieCd': '20240983', 'movieNm': '명탐정 코난: 100만 달러의 펜타그램', 'openDt': '2024-07-17', 'salesAmt': '147095589', 'salesShare': '6.6', 'salesInten': '-113434913', 'salesChange': '-43.5', 'salesAcc': '5626710912', 'audiCnt': '15880', 'audiInten': '-11302', 'audiChange': '-41.6', 'audiAcc': '573145', 'scrnCnt': '562', 'showCnt': '1063'}, {'rnum': '5', 'rank': '5', 'rankInten': '1', 'rankOldAndNew': 'OLD', 'movieCd': '20240850', 'movieNm': '극장판 도라에몽: 진구의 지구 교향곡', 'openDt': '2024-07-10', 'salesAmt': '16325000', 'salesShare': '0.7', 'salesInten': '-10828500', 'salesChange': '-39.9', 'salesAcc': '641900900', 'audiCnt': '1953', 'audiInten': '-1158', 'audiChange': '-37.2', 'audiAcc': '74333', 'scrnCnt': '118', 'showCnt': '149'}, {'rnum': '6', 'rank': '6', 'rankInten': '-1', 'rankOldAndNew': 'OLD', 'movieCd': '20235926', 'movieNm': '퍼펙트 데이즈', 'openDt': '2024-07-03', 'salesAmt': '16613855', 'salesShare': '0.7', 'salesInten': '-14658340', 'salesChange': '-46.9', 'salesAcc': '638332942', 'audiCnt': '1868', 'audiInten': '-1378', 'audiChange': '-42.5', 'audiAcc': '67511', 'scrnCnt': '49', 'showCnt': '64'}, {'rnum': '7', 'rank': '7', 'rankInten': '1', 'rankOldAndNew': 'OLD', 'movieCd': '20241343', 'movieNm': '우마무스메 프리티 더비 새로운 시대의 문', 'openDt': '2024-07-11', 'salesAmt': '7396978', 'salesShare': '0.3', 'salesInten': '-8273956', 'salesChange': '-52.8', 'salesAcc': '461064864', 'audiCnt': '761', 'audiInten': '-703', 'audiChange': '-48', 'audiAcc': '42837', 'scrnCnt': '74', 'showCnt': '90'}, {'rnum': '8', 'rank': '8', 'rankInten': '1', 'rankOldAndNew': 'OLD', 'movieCd': '19960126', 'movieNm': '비포 선라이즈', 'openDt': '1996-03-30', 'salesAmt': '6315217', 'salesShare': '0.3', 'salesInten': '-7410861', 'salesChange': '-54', 'salesAcc': '676044852', 'audiCnt': '678', 'audiInten': '-675', 'audiChange': '-49.9', 'audiAcc': '78850', 'scrnCnt': '35', 'showCnt': '43'}, {'rnum': '9', 'rank': '9', 'rankInten': '1', 'rankOldAndNew': 'OLD', 'movieCd': '20148830', 'movieNm': '마담 프루스트의 비밀정원', 'openDt': '2014-07-24', 'salesAmt': '4647700', 'salesShare': '0.2', 'salesInten': '-2921039', 'salesChange': '-38.6', 'salesAcc': '1317322118', 'audiCnt': '501', 'audiInten': '-215', 'audiChange': '-30', 'audiAcc': '166910', 'scrnCnt': '39', 'showCnt': '42'}, {'rnum': '10', 'rank': '10', 'rankInten': '1', 'rankOldAndNew': 'OLD', 'movieCd': '20247397', 'movieNm': '존 오브 인터레스트', 'openDt': '2024-06-05', 'salesAmt': '3180978', 'salesShare': '0.1', 'salesInten': '-2554361', 'salesChange': '-44.5', 'salesAcc': '1926188992', 'audiCnt': '355', 'audiInten': '-229', 'audiChange': '-39.2', 'audiAcc': '193847', 'scrnCnt': '22', 'showCnt': '26'}]}}
[2024-07-31T19:54:19.757+0900] {process_utils.py:191} INFO - partitioning List : ['load_dt', 'repNationCd']
[2024-07-31T19:54:19.758+0900] {process_utils.py:191} INFO -   rnum rank rankInten rankOldAndNew  ... scrnCnt showCnt   load_dt repNationCd
[2024-07-31T19:54:19.758+0900] {process_utils.py:191} INFO - 0    1    1         0           OLD  ...    1784    7672  20240729           F
[2024-07-31T19:54:19.758+0900] {process_utils.py:191} INFO - 1    2    2         0           OLD  ...     998    3927  20240729           F
[2024-07-31T19:54:19.759+0900] {process_utils.py:191} INFO - 2    3    3         0           OLD  ...     701    1501  20240729           F
[2024-07-31T19:54:19.759+0900] {process_utils.py:191} INFO - 3    4    4         0           OLD  ...     562    1063  20240729           F
[2024-07-31T19:54:19.760+0900] {process_utils.py:191} INFO - 4    5    5         1           OLD  ...     118     149  20240729           F
[2024-07-31T19:54:19.760+0900] {process_utils.py:191} INFO - 5    6    6        -1           OLD  ...      49      64  20240729           F
[2024-07-31T19:54:19.760+0900] {process_utils.py:191} INFO - 6    7    7         1           OLD  ...      74      90  20240729           F
[2024-07-31T19:54:19.761+0900] {process_utils.py:191} INFO - 7    8    8         1           OLD  ...      35      43  20240729           F
[2024-07-31T19:54:19.761+0900] {process_utils.py:191} INFO - 8    9    9         1           OLD  ...      39      42  20240729           F
[2024-07-31T19:54:19.762+0900] {process_utils.py:191} INFO - 9   10   10         1           OLD  ...      22      26  20240729           F
[2024-07-31T19:54:19.762+0900] {process_utils.py:191} INFO - 
[2024-07-31T19:54:19.762+0900] {process_utils.py:191} INFO - [10 rows x 20 columns]
[2024-07-31T19:54:20.236+0900] {python.py:237} INFO - Done. Returned value was: None
[2024-07-31T19:54:20.236+0900] {taskinstance.py:441} INFO - ::group::Post task execution logs
[2024-07-31T19:54:20.240+0900] {taskinstance.py:1206} INFO - Marking task as SUCCESS. dag_id=movie, task_id=nation.f, run_id=scheduled__2024-07-29T02:10:00+00:00, execution_date=20240729T021000, start_date=20240731T105356, end_date=20240731T105420
[2024-07-31T19:54:20.263+0900] {local_task_job_runner.py:243} INFO - Task exited with return code 0
[2024-07-31T19:54:20.270+0900] {taskinstance.py:3503} INFO - 0 downstream tasks scheduled from follow-on schedule check
[2024-07-31T19:54:20.270+0900] {local_task_job_runner.py:222} INFO - ::endgroup::
