[2024-07-24T16:21:30.421+0900] {local_task_job_runner.py:120} INFO - ::group::Pre task execution logs
[2024-07-24T16:21:30.430+0900] {taskinstance.py:2076} INFO - Dependencies all met for dep_context=non-requeueable deps ti=<TaskInstance: make_parquet.check.done scheduled__2024-07-12T00:00:00+00:00 [queued]>
[2024-07-24T16:21:30.432+0900] {taskinstance.py:2076} INFO - Dependencies all met for dep_context=requeueable deps ti=<TaskInstance: make_parquet.check.done scheduled__2024-07-12T00:00:00+00:00 [queued]>
[2024-07-24T16:21:30.432+0900] {taskinstance.py:2306} INFO - Starting attempt 1 of 2
[2024-07-24T16:21:30.436+0900] {taskinstance.py:2330} INFO - Executing <Task(BashOperator): check.done> on 2024-07-12 00:00:00+00:00
[2024-07-24T16:21:30.439+0900] {standard_task_runner.py:64} INFO - Started process 98816 to run task
[2024-07-24T16:21:30.441+0900] {standard_task_runner.py:90} INFO - Running: ['airflow', 'tasks', 'run', 'make_parquet', 'check.done', 'scheduled__2024-07-12T00:00:00+00:00', '--job-id', '402', '--raw', '--subdir', 'DAGS_FOLDER/make_parquet.py', '--cfg-path', '/var/folders/qv/0knwm5h50ml0skpppwpbks_r0000gp/T/tmp7me2naom']
[2024-07-24T16:21:30.442+0900] {standard_task_runner.py:91} INFO - Job 402: Subtask check.done
[2024-07-24T16:21:30.457+0900] {task_command.py:426} INFO - Running <TaskInstance: make_parquet.check.done scheduled__2024-07-12T00:00:00+00:00 [running]> on host jeongui-MacBookPro.local
[2024-07-24T16:21:30.479+0900] {taskinstance.py:2648} INFO - Exporting env vars: AIRFLOW_CTX_DAG_OWNER='airflow' AIRFLOW_CTX_DAG_ID='make_parquet' AIRFLOW_CTX_TASK_ID='check.done' AIRFLOW_CTX_EXECUTION_DATE='2024-07-12T00:00:00+00:00' AIRFLOW_CTX_TRY_NUMBER='1' AIRFLOW_CTX_DAG_RUN_ID='scheduled__2024-07-12T00:00:00+00:00'
[2024-07-24T16:21:30.480+0900] {taskinstance.py:430} INFO - ::endgroup::
[2024-07-24T16:21:30.488+0900] {subprocess.py:63} INFO - Tmp dir root location: /var/folders/qv/0knwm5h50ml0skpppwpbks_r0000gp/T
[2024-07-24T16:21:30.489+0900] {subprocess.py:75} INFO - Running command: ['/bin/bash', '-c', '\n        DONE_FILE=~/data/done/_import/20240712/_DONE\n        bash /Users/DE32/airflow/sh/simple_done_check.sh $DONE_FILE\n        ']
[2024-07-24T16:21:30.492+0900] {subprocess.py:86} INFO - Output:
[2024-07-24T16:21:30.498+0900] {subprocess.py:93} INFO - _DONE Path = /Users/DE32/data/done/_import/20240712/_DONE
[2024-07-24T16:21:30.498+0900] {subprocess.py:93} INFO - /Users/DE32/airflow/sh/simple_done_check.sh: line 7: figlet: command not found
[2024-07-24T16:21:30.499+0900] {subprocess.py:97} INFO - Command exited with return code 0
[2024-07-24T16:21:30.499+0900] {taskinstance.py:441} INFO - ::group::Post task execution logs
[2024-07-24T16:21:30.505+0900] {taskinstance.py:1206} INFO - Marking task as SUCCESS. dag_id=make_parquet, task_id=check.done, run_id=scheduled__2024-07-12T00:00:00+00:00, execution_date=20240712T000000, start_date=20240724T072130, end_date=20240724T072130
[2024-07-24T16:21:30.548+0900] {local_task_job_runner.py:243} INFO - Task exited with return code 0
[2024-07-24T16:21:30.557+0900] {taskinstance.py:3503} INFO - 1 downstream tasks scheduled from follow-on schedule check
[2024-07-24T16:21:30.558+0900] {local_task_job_runner.py:222} INFO - ::endgroup::
[2024-07-24T16:34:31.243+0900] {local_task_job_runner.py:120} INFO - ::group::Pre task execution logs
[2024-07-24T16:34:31.251+0900] {taskinstance.py:2076} INFO - Dependencies all met for dep_context=non-requeueable deps ti=<TaskInstance: make_parquet.check.done scheduled__2024-07-12T00:00:00+00:00 [queued]>
[2024-07-24T16:34:31.253+0900] {taskinstance.py:2076} INFO - Dependencies all met for dep_context=requeueable deps ti=<TaskInstance: make_parquet.check.done scheduled__2024-07-12T00:00:00+00:00 [queued]>
[2024-07-24T16:34:31.253+0900] {taskinstance.py:2306} INFO - Starting attempt 1 of 2
[2024-07-24T16:34:31.258+0900] {taskinstance.py:2330} INFO - Executing <Task(BashOperator): check.done> on 2024-07-12 00:00:00+00:00
[2024-07-24T16:34:31.260+0900] {standard_task_runner.py:64} INFO - Started process 524 to run task
[2024-07-24T16:34:31.263+0900] {standard_task_runner.py:90} INFO - Running: ['airflow', 'tasks', 'run', 'make_parquet', 'check.done', 'scheduled__2024-07-12T00:00:00+00:00', '--job-id', '372', '--raw', '--subdir', 'DAGS_FOLDER/make_parquet.py', '--cfg-path', '/var/folders/qv/0knwm5h50ml0skpppwpbks_r0000gp/T/tmp33sadzz3']
[2024-07-24T16:34:31.264+0900] {standard_task_runner.py:91} INFO - Job 372: Subtask check.done
[2024-07-24T16:34:31.279+0900] {task_command.py:426} INFO - Running <TaskInstance: make_parquet.check.done scheduled__2024-07-12T00:00:00+00:00 [running]> on host jeongui-MacBookPro.local
[2024-07-24T16:34:31.304+0900] {taskinstance.py:2648} INFO - Exporting env vars: AIRFLOW_CTX_DAG_OWNER='airflow' AIRFLOW_CTX_DAG_ID='make_parquet' AIRFLOW_CTX_TASK_ID='check.done' AIRFLOW_CTX_EXECUTION_DATE='2024-07-12T00:00:00+00:00' AIRFLOW_CTX_TRY_NUMBER='1' AIRFLOW_CTX_DAG_RUN_ID='scheduled__2024-07-12T00:00:00+00:00'
[2024-07-24T16:34:31.304+0900] {taskinstance.py:430} INFO - ::endgroup::
[2024-07-24T16:34:31.310+0900] {subprocess.py:63} INFO - Tmp dir root location: /var/folders/qv/0knwm5h50ml0skpppwpbks_r0000gp/T
[2024-07-24T16:34:31.310+0900] {subprocess.py:75} INFO - Running command: ['/bin/bash', '-c', '\n        DONE_FILE=~/data/done/_import/20240712/_DONE\n        bash /Users/DE32/airflow/sh/simple_done_check.sh $DONE_FILE\n        ']
[2024-07-24T16:34:31.313+0900] {subprocess.py:86} INFO - Output:
[2024-07-24T16:34:31.317+0900] {subprocess.py:93} INFO - _DONE Path = /Users/DE32/data/done/_import/20240712/_DONE
[2024-07-24T16:34:31.318+0900] {subprocess.py:93} INFO - /Users/DE32/airflow/sh/simple_done_check.sh: line 7: figlet: command not found
[2024-07-24T16:34:31.318+0900] {subprocess.py:97} INFO - Command exited with return code 0
[2024-07-24T16:34:31.318+0900] {taskinstance.py:441} INFO - ::group::Post task execution logs
[2024-07-24T16:34:31.325+0900] {taskinstance.py:1206} INFO - Marking task as SUCCESS. dag_id=make_parquet, task_id=check.done, run_id=scheduled__2024-07-12T00:00:00+00:00, execution_date=20240712T000000, start_date=20240724T073431, end_date=20240724T073431
[2024-07-24T16:34:31.368+0900] {local_task_job_runner.py:243} INFO - Task exited with return code 0
[2024-07-24T16:34:31.378+0900] {taskinstance.py:3503} INFO - 1 downstream tasks scheduled from follow-on schedule check
[2024-07-24T16:34:31.379+0900] {local_task_job_runner.py:222} INFO - ::endgroup::
