[2024-07-24T15:09:30.901+0900] {local_task_job_runner.py:120} INFO - ::group::Pre task execution logs
[2024-07-24T15:09:30.909+0900] {taskinstance.py:2076} INFO - Dependencies all met for dep_context=non-requeueable deps ti=<TaskInstance: import_db.create.table scheduled__2024-07-17T00:00:00+00:00 [queued]>
[2024-07-24T15:09:30.911+0900] {taskinstance.py:2076} INFO - Dependencies all met for dep_context=requeueable deps ti=<TaskInstance: import_db.create.table scheduled__2024-07-17T00:00:00+00:00 [queued]>
[2024-07-24T15:09:30.911+0900] {taskinstance.py:2306} INFO - Starting attempt 1 of 1
[2024-07-24T15:09:30.916+0900] {taskinstance.py:2330} INFO - Executing <Task(BashOperator): create.table> on 2024-07-17 00:00:00+00:00
[2024-07-24T15:09:30.918+0900] {standard_task_runner.py:64} INFO - Started process 94860 to run task
[2024-07-24T15:09:30.920+0900] {standard_task_runner.py:90} INFO - Running: ['airflow', 'tasks', 'run', 'import_db', 'create.table', 'scheduled__2024-07-17T00:00:00+00:00', '--job-id', '274', '--raw', '--subdir', 'DAGS_FOLDER/import_db.py', '--cfg-path', '/var/folders/qv/0knwm5h50ml0skpppwpbks_r0000gp/T/tmpvi1fgqvz']
[2024-07-24T15:09:30.922+0900] {standard_task_runner.py:91} INFO - Job 274: Subtask create.table
[2024-07-24T15:09:30.936+0900] {task_command.py:426} INFO - Running <TaskInstance: import_db.create.table scheduled__2024-07-17T00:00:00+00:00 [running]> on host jeongui-MacBookPro.local
[2024-07-24T15:09:30.958+0900] {taskinstance.py:2648} INFO - Exporting env vars: AIRFLOW_CTX_DAG_OWNER='airflow' AIRFLOW_CTX_DAG_ID='import_db' AIRFLOW_CTX_TASK_ID='create.table' AIRFLOW_CTX_EXECUTION_DATE='2024-07-17T00:00:00+00:00' AIRFLOW_CTX_TRY_NUMBER='1' AIRFLOW_CTX_DAG_RUN_ID='scheduled__2024-07-17T00:00:00+00:00'
[2024-07-24T15:09:30.958+0900] {taskinstance.py:430} INFO - ::endgroup::
[2024-07-24T15:09:30.964+0900] {subprocess.py:63} INFO - Tmp dir root location: /var/folders/qv/0knwm5h50ml0skpppwpbks_r0000gp/T
[2024-07-24T15:09:30.964+0900] {subprocess.py:75} INFO - Running command: ['/bin/bash', '-c', '\n            echo "create.table"\n            sh /Users/DE32/airflow/sh/create_table.sh /Users/DE32/airflow/sql/create_to_talbe.sql\n            echo "create done"\n            ']
[2024-07-24T15:09:30.967+0900] {subprocess.py:86} INFO - Output:
[2024-07-24T15:09:30.968+0900] {subprocess.py:93} INFO - create.table
[2024-07-24T15:09:30.971+0900] {subprocess.py:93} INFO - /Users/DE32/airflow/sh/create_table.sh: line 3: /Users/DE32/airflow/sql/create_to_talbe.sql.sql: No such file or directory
[2024-07-24T15:09:30.972+0900] {subprocess.py:93} INFO - create done
[2024-07-24T15:09:30.972+0900] {subprocess.py:97} INFO - Command exited with return code 0
[2024-07-24T15:09:30.972+0900] {taskinstance.py:441} INFO - ::group::Post task execution logs
[2024-07-24T15:09:30.978+0900] {taskinstance.py:1206} INFO - Marking task as SUCCESS. dag_id=import_db, task_id=create.table, run_id=scheduled__2024-07-17T00:00:00+00:00, execution_date=20240717T000000, start_date=20240724T060930, end_date=20240724T060930
[2024-07-24T15:09:30.983+0900] {local_task_job_runner.py:243} INFO - Task exited with return code 0
[2024-07-24T15:09:30.991+0900] {taskinstance.py:3503} INFO - 1 downstream tasks scheduled from follow-on schedule check
[2024-07-24T15:09:30.991+0900] {local_task_job_runner.py:222} INFO - ::endgroup::
