[2024-07-31T09:29:25.916+0900] {local_task_job_runner.py:120} INFO - ::group::Pre task execution logs
[2024-07-31T09:29:25.933+0900] {taskinstance.py:2076} INFO - Dependencies all met for dep_context=non-requeueable deps ti=<TaskInstance: movie.get.data scheduled__2024-07-27T04:10:00+00:00 [queued]>
[2024-07-31T09:29:25.937+0900] {taskinstance.py:2076} INFO - Dependencies all met for dep_context=requeueable deps ti=<TaskInstance: movie.get.data scheduled__2024-07-27T04:10:00+00:00 [queued]>
[2024-07-31T09:29:25.937+0900] {taskinstance.py:2306} INFO - Starting attempt 1 of 2
[2024-07-31T09:29:25.942+0900] {taskinstance.py:2330} INFO - Executing <Task(PythonVirtualenvOperator): get.data> on 2024-07-27 04:10:00+00:00
[2024-07-31T09:29:25.944+0900] {standard_task_runner.py:64} INFO - Started process 6581 to run task
[2024-07-31T09:29:25.947+0900] {standard_task_runner.py:90} INFO - Running: ['airflow', 'tasks', 'run', 'movie', 'get.data', 'scheduled__2024-07-27T04:10:00+00:00', '--job-id', '695', '--raw', '--subdir', 'DAGS_FOLDER/movie.py', '--cfg-path', '/var/folders/qv/0knwm5h50ml0skpppwpbks_r0000gp/T/tmpolm_ars1']
[2024-07-31T09:29:25.948+0900] {standard_task_runner.py:91} INFO - Job 695: Subtask get.data
[2024-07-31T09:29:25.962+0900] {task_command.py:426} INFO - Running <TaskInstance: movie.get.data scheduled__2024-07-27T04:10:00+00:00 [running]> on host jeongui-MacBookPro.local
[2024-07-31T09:29:25.985+0900] {taskinstance.py:2648} INFO - Exporting env vars: AIRFLOW_CTX_DAG_OWNER='airflow' AIRFLOW_CTX_DAG_ID='movie' AIRFLOW_CTX_TASK_ID='get.data' AIRFLOW_CTX_EXECUTION_DATE='2024-07-27T04:10:00+00:00' AIRFLOW_CTX_TRY_NUMBER='1' AIRFLOW_CTX_DAG_RUN_ID='scheduled__2024-07-27T04:10:00+00:00'
[2024-07-31T09:29:25.985+0900] {taskinstance.py:430} INFO - ::endgroup::
[2024-07-31T09:29:25.990+0900] {baseoperator.py:400} WARNING - PythonVirtualenvOperator.execute cannot be called outside TaskInstance!
[2024-07-31T09:29:25.990+0900] {process_utils.py:183} INFO - Executing cmd: /Users/DE32/.pyenv/versions/3.11.9/envs/note/bin/python -m virtualenv /var/folders/qv/0knwm5h50ml0skpppwpbks_r0000gp/T/venv8_8lsu5a --python=python
[2024-07-31T09:29:25.992+0900] {process_utils.py:187} INFO - Output:
[2024-07-31T09:29:26.170+0900] {process_utils.py:191} INFO - created virtual environment CPython3.11.9.final.0-64 in 120ms
[2024-07-31T09:29:26.171+0900] {process_utils.py:191} INFO -   creator CPython3Posix(dest=/private/var/folders/qv/0knwm5h50ml0skpppwpbks_r0000gp/T/venv8_8lsu5a, clear=False, no_vcs_ignore=False, global=False)
[2024-07-31T09:29:26.171+0900] {process_utils.py:191} INFO -   seeder FromAppData(download=False, pip=bundle, setuptools=bundle, wheel=bundle, via=copy, app_data_dir=/Users/DE32/Library/Application Support/virtualenv)
[2024-07-31T09:29:26.171+0900] {process_utils.py:191} INFO -     added seed packages: pip==24.1.2, setuptools==70.2.0, wheel==0.43.0
[2024-07-31T09:29:26.171+0900] {process_utils.py:191} INFO -   activators BashActivator,CShellActivator,FishActivator,NushellActivator,PowerShellActivator,PythonActivator
[2024-07-31T09:29:26.182+0900] {process_utils.py:183} INFO - Executing cmd: /var/folders/qv/0knwm5h50ml0skpppwpbks_r0000gp/T/venv8_8lsu5a/bin/pip install -r /var/folders/qv/0knwm5h50ml0skpppwpbks_r0000gp/T/venv8_8lsu5a/requirements.txt
[2024-07-31T09:29:26.184+0900] {process_utils.py:187} INFO - Output:
[2024-07-31T09:29:26.909+0900] {process_utils.py:191} INFO - Collecting git+https://github.com/Jeonghoon2/movie.git@0.2/api (from -r /var/folders/qv/0knwm5h50ml0skpppwpbks_r0000gp/T/venv8_8lsu5a/requirements.txt (line 1))
[2024-07-31T09:29:26.909+0900] {process_utils.py:191} INFO -   Cloning https://github.com/Jeonghoon2/movie.git (to revision 0.2/api) to /private/var/folders/qv/0knwm5h50ml0skpppwpbks_r0000gp/T/pip-req-build-efmy__jz
[2024-07-31T09:29:26.920+0900] {process_utils.py:191} INFO -   Running command git clone --filter=blob:none --quiet https://github.com/Jeonghoon2/movie.git /private/var/folders/qv/0knwm5h50ml0skpppwpbks_r0000gp/T/pip-req-build-efmy__jz
[2024-07-31T09:29:28.229+0900] {process_utils.py:191} INFO -   Running command git checkout -b 0.2/api --track origin/0.2/api
[2024-07-31T09:29:28.900+0900] {process_utils.py:191} INFO -   Switched to a new branch '0.2/api'
[2024-07-31T09:29:28.900+0900] {process_utils.py:191} INFO -   branch '0.2/api' set up to track 'origin/0.2/api'.
[2024-07-31T09:29:28.901+0900] {process_utils.py:191} INFO -   Resolved https://github.com/Jeonghoon2/movie.git to commit 514cfb45f6fa577ee07d4fa2076f9283780af81e
[2024-07-31T09:29:28.922+0900] {process_utils.py:191} INFO -   Installing build dependencies: started
[2024-07-31T09:29:29.820+0900] {process_utils.py:191} INFO -   Installing build dependencies: finished with status 'done'
[2024-07-31T09:29:29.821+0900] {process_utils.py:191} INFO -   Getting requirements to build wheel: started
[2024-07-31T09:29:29.943+0900] {process_utils.py:191} INFO -   Getting requirements to build wheel: finished with status 'done'
[2024-07-31T09:29:29.944+0900] {process_utils.py:191} INFO -   Preparing metadata (pyproject.toml): started
[2024-07-31T09:29:30.070+0900] {process_utils.py:191} INFO -   Preparing metadata (pyproject.toml): finished with status 'done'
[2024-07-31T09:29:30.142+0900] {process_utils.py:191} INFO - Collecting requests>=2.32.3 (from mov==0.1.0->-r /var/folders/qv/0knwm5h50ml0skpppwpbks_r0000gp/T/venv8_8lsu5a/requirements.txt (line 1))
[2024-07-31T09:29:30.144+0900] {process_utils.py:191} INFO -   Using cached requests-2.32.3-py3-none-any.whl.metadata (4.6 kB)
[2024-07-31T09:29:30.212+0900] {process_utils.py:191} INFO - Collecting pandas>=2.2.2 (from mov==0.1.0->-r /var/folders/qv/0knwm5h50ml0skpppwpbks_r0000gp/T/venv8_8lsu5a/requirements.txt (line 1))
[2024-07-31T09:29:30.213+0900] {process_utils.py:191} INFO -   Using cached pandas-2.2.2-cp311-cp311-macosx_11_0_arm64.whl.metadata (19 kB)
[2024-07-31T09:29:30.312+0900] {process_utils.py:191} INFO - Collecting numpy>=2.0.1 (from mov==0.1.0->-r /var/folders/qv/0knwm5h50ml0skpppwpbks_r0000gp/T/venv8_8lsu5a/requirements.txt (line 1))
[2024-07-31T09:29:30.313+0900] {process_utils.py:191} INFO -   Using cached numpy-2.0.1-cp311-cp311-macosx_14_0_arm64.whl.metadata (60 kB)
[2024-07-31T09:29:30.364+0900] {process_utils.py:191} INFO - Collecting pyarrow>=17.0.0 (from mov==0.1.0->-r /var/folders/qv/0knwm5h50ml0skpppwpbks_r0000gp/T/venv8_8lsu5a/requirements.txt (line 1))
[2024-07-31T09:29:30.365+0900] {process_utils.py:191} INFO -   Using cached pyarrow-17.0.0-cp311-cp311-macosx_11_0_arm64.whl.metadata (3.3 kB)
[2024-07-31T09:29:30.438+0900] {process_utils.py:191} INFO - Collecting python-dateutil>=2.8.2 (from pandas>=2.2.2->mov==0.1.0->-r /var/folders/qv/0knwm5h50ml0skpppwpbks_r0000gp/T/venv8_8lsu5a/requirements.txt (line 1))
[2024-07-31T09:29:30.439+0900] {process_utils.py:191} INFO -   Using cached python_dateutil-2.9.0.post0-py2.py3-none-any.whl.metadata (8.4 kB)
[2024-07-31T09:29:30.481+0900] {process_utils.py:191} INFO - Collecting pytz>=2020.1 (from pandas>=2.2.2->mov==0.1.0->-r /var/folders/qv/0knwm5h50ml0skpppwpbks_r0000gp/T/venv8_8lsu5a/requirements.txt (line 1))
[2024-07-31T09:29:30.482+0900] {process_utils.py:191} INFO -   Using cached pytz-2024.1-py2.py3-none-any.whl.metadata (22 kB)
[2024-07-31T09:29:30.525+0900] {process_utils.py:191} INFO - Collecting tzdata>=2022.7 (from pandas>=2.2.2->mov==0.1.0->-r /var/folders/qv/0knwm5h50ml0skpppwpbks_r0000gp/T/venv8_8lsu5a/requirements.txt (line 1))
[2024-07-31T09:29:30.526+0900] {process_utils.py:191} INFO -   Using cached tzdata-2024.1-py2.py3-none-any.whl.metadata (1.4 kB)
[2024-07-31T09:29:30.585+0900] {process_utils.py:191} INFO - Collecting charset-normalizer<4,>=2 (from requests>=2.32.3->mov==0.1.0->-r /var/folders/qv/0knwm5h50ml0skpppwpbks_r0000gp/T/venv8_8lsu5a/requirements.txt (line 1))
[2024-07-31T09:29:30.586+0900] {process_utils.py:191} INFO -   Using cached charset_normalizer-3.3.2-cp311-cp311-macosx_11_0_arm64.whl.metadata (33 kB)
[2024-07-31T09:29:30.609+0900] {process_utils.py:191} INFO - Collecting idna<4,>=2.5 (from requests>=2.32.3->mov==0.1.0->-r /var/folders/qv/0knwm5h50ml0skpppwpbks_r0000gp/T/venv8_8lsu5a/requirements.txt (line 1))
[2024-07-31T09:29:30.609+0900] {process_utils.py:191} INFO -   Using cached idna-3.7-py3-none-any.whl.metadata (9.9 kB)
[2024-07-31T09:29:30.644+0900] {process_utils.py:191} INFO - Collecting urllib3<3,>=1.21.1 (from requests>=2.32.3->mov==0.1.0->-r /var/folders/qv/0knwm5h50ml0skpppwpbks_r0000gp/T/venv8_8lsu5a/requirements.txt (line 1))
[2024-07-31T09:29:30.645+0900] {process_utils.py:191} INFO -   Using cached urllib3-2.2.2-py3-none-any.whl.metadata (6.4 kB)
[2024-07-31T09:29:30.675+0900] {process_utils.py:191} INFO - Collecting certifi>=2017.4.17 (from requests>=2.32.3->mov==0.1.0->-r /var/folders/qv/0knwm5h50ml0skpppwpbks_r0000gp/T/venv8_8lsu5a/requirements.txt (line 1))
[2024-07-31T09:29:30.676+0900] {process_utils.py:191} INFO -   Using cached certifi-2024.7.4-py3-none-any.whl.metadata (2.2 kB)
[2024-07-31T09:29:30.726+0900] {process_utils.py:191} INFO - Collecting six>=1.5 (from python-dateutil>=2.8.2->pandas>=2.2.2->mov==0.1.0->-r /var/folders/qv/0knwm5h50ml0skpppwpbks_r0000gp/T/venv8_8lsu5a/requirements.txt (line 1))
[2024-07-31T09:29:30.727+0900] {process_utils.py:191} INFO -   Using cached six-1.16.0-py2.py3-none-any.whl.metadata (1.8 kB)
[2024-07-31T09:29:30.730+0900] {process_utils.py:191} INFO - Using cached numpy-2.0.1-cp311-cp311-macosx_14_0_arm64.whl (5.3 MB)
[2024-07-31T09:29:30.736+0900] {process_utils.py:191} INFO - Using cached pandas-2.2.2-cp311-cp311-macosx_11_0_arm64.whl (11.3 MB)
[2024-07-31T09:29:30.748+0900] {process_utils.py:191} INFO - Using cached pyarrow-17.0.0-cp311-cp311-macosx_11_0_arm64.whl (27.2 MB)
[2024-07-31T09:29:30.774+0900] {process_utils.py:191} INFO - Using cached requests-2.32.3-py3-none-any.whl (64 kB)
[2024-07-31T09:29:30.775+0900] {process_utils.py:191} INFO - Using cached certifi-2024.7.4-py3-none-any.whl (162 kB)
[2024-07-31T09:29:30.776+0900] {process_utils.py:191} INFO - Using cached charset_normalizer-3.3.2-cp311-cp311-macosx_11_0_arm64.whl (118 kB)
[2024-07-31T09:29:30.777+0900] {process_utils.py:191} INFO - Using cached idna-3.7-py3-none-any.whl (66 kB)
[2024-07-31T09:29:30.778+0900] {process_utils.py:191} INFO - Using cached python_dateutil-2.9.0.post0-py2.py3-none-any.whl (229 kB)
[2024-07-31T09:29:30.779+0900] {process_utils.py:191} INFO - Using cached pytz-2024.1-py2.py3-none-any.whl (505 kB)
[2024-07-31T09:29:30.780+0900] {process_utils.py:191} INFO - Using cached tzdata-2024.1-py2.py3-none-any.whl (345 kB)
[2024-07-31T09:29:30.781+0900] {process_utils.py:191} INFO - Using cached urllib3-2.2.2-py3-none-any.whl (121 kB)
[2024-07-31T09:29:30.782+0900] {process_utils.py:191} INFO - Using cached six-1.16.0-py2.py3-none-any.whl (11 kB)
[2024-07-31T09:29:30.824+0900] {process_utils.py:191} INFO - Building wheels for collected packages: mov
[2024-07-31T09:29:30.837+0900] {process_utils.py:191} INFO -   Building wheel for mov (pyproject.toml): started
[2024-07-31T09:29:30.974+0900] {process_utils.py:191} INFO -   Building wheel for mov (pyproject.toml): finished with status 'done'
[2024-07-31T09:29:30.974+0900] {process_utils.py:191} INFO -   Created wheel for mov: filename=mov-0.1.0-py3-none-any.whl size=3017 sha256=4af9499ce339b66c14e444796f043a4e401470e033fe7ca34cb2614cf898e30b
[2024-07-31T09:29:30.975+0900] {process_utils.py:191} INFO -   Stored in directory: /private/var/folders/qv/0knwm5h50ml0skpppwpbks_r0000gp/T/pip-ephem-wheel-cache-o6jryrbv/wheels/cf/ab/a7/d0c528d20fa8a5f19e169bdf1d98f2b2cefe79d8527bb89200
[2024-07-31T09:29:30.976+0900] {process_utils.py:191} INFO - Successfully built mov
[2024-07-31T09:29:31.004+0900] {process_utils.py:191} INFO - Installing collected packages: pytz, urllib3, tzdata, six, numpy, idna, charset-normalizer, certifi, requests, python-dateutil, pyarrow, pandas, mov
[2024-07-31T09:29:35.532+0900] {process_utils.py:191} INFO - Successfully installed certifi-2024.7.4 charset-normalizer-3.3.2 idna-3.7 mov-0.1.0 numpy-2.0.1 pandas-2.2.2 pyarrow-17.0.0 python-dateutil-2.9.0.post0 pytz-2024.1 requests-2.32.3 six-1.16.0 tzdata-2024.1 urllib3-2.2.2
[2024-07-31T09:29:35.535+0900] {process_utils.py:191} INFO - 
[2024-07-31T09:29:35.535+0900] {process_utils.py:191} INFO - [notice] A new release of pip is available: 24.1.2 -> 24.2
[2024-07-31T09:29:35.535+0900] {process_utils.py:191} INFO - [notice] To update, run: python -m pip install --upgrade pip
[2024-07-31T09:29:35.665+0900] {process_utils.py:183} INFO - Executing cmd: /var/folders/qv/0knwm5h50ml0skpppwpbks_r0000gp/T/venv8_8lsu5a/bin/python /var/folders/qv/0knwm5h50ml0skpppwpbks_r0000gp/T/venv-calltb5zpjgo/script.py /var/folders/qv/0knwm5h50ml0skpppwpbks_r0000gp/T/venv-calltb5zpjgo/script.in /var/folders/qv/0knwm5h50ml0skpppwpbks_r0000gp/T/venv-calltb5zpjgo/script.out /var/folders/qv/0knwm5h50ml0skpppwpbks_r0000gp/T/venv-calltb5zpjgo/string_args.txt /var/folders/qv/0knwm5h50ml0skpppwpbks_r0000gp/T/venv-calltb5zpjgo/termination.log
[2024-07-31T09:29:35.667+0900] {process_utils.py:187} INFO - Output:
[2024-07-31T09:29:49.950+0900] {process_utils.py:191} INFO - {'boxOfficeResult': {'boxofficeType': '일별 박스오피스', 'showRange': '20240727~20240727', 'dailyBoxOfficeList': [{'rnum': '1', 'rank': '1', 'rankInten': '0', 'rankOldAndNew': 'OLD', 'movieCd': '20247781', 'movieNm': '데드풀과 울버린', 'openDt': '2024-07-24', 'salesAmt': '3267960967', 'salesShare': '46.3', 'salesInten': '1529337869', 'salesChange': '88', 'salesAcc': '8735715240', 'audiCnt': '311603', 'audiInten': '146936', 'audiChange': '89.2', 'audiAcc': '839696', 'scrnCnt': '1948', 'showCnt': '8847'}, {'rnum': '2', 'rank': '2', 'rankInten': '0', 'rankOldAndNew': 'OLD', 'movieCd': '20247440', 'movieNm': '슈퍼배드 4', 'openDt': '2024-07-24', 'salesAmt': '1365684842', 'salesShare': '19.4', 'salesInten': '756567536', 'salesChange': '124.2', 'salesAcc': '4130789924', 'audiCnt': '145874', 'audiInten': '80763', 'audiChange': '124', 'audiAcc': '442931', 'scrnCnt': '1167', 'showCnt': '4490'}, {'rnum': '3', 'rank': '3', 'rankInten': '0', 'rankOldAndNew': 'OLD', 'movieCd': '20212932', 'movieNm': '탈주', 'openDt': '2024-07-03', 'salesAmt': '797446562', 'salesShare': '11.3', 'salesInten': '387746217', 'salesChange': '94.6', 'salesAcc': '20857431087', 'audiCnt': '82603', 'audiInten': '40233', 'audiChange': '95', 'audiAcc': '2199605', 'scrnCnt': '875', 'showCnt': '2337'}, {'rnum': '4', 'rank': '4', 'rankInten': '0', 'rankOldAndNew': 'OLD', 'movieCd': '20235974', 'movieNm': '인사이드 아웃 2', 'openDt': '2024-06-12', 'salesAmt': '544154166', 'salesShare': '7.7', 'salesInten': '293178577', 'salesChange': '116.8', 'salesAcc': '79173595719', 'audiCnt': '55961', 'audiInten': '30162', 'audiChange': '116.9', 'audiAcc': '8233699', 'scrnCnt': '769', 'showCnt': '1616'}, {'rnum': '5', 'rank': '5', 'rankInten': '0', 'rankOldAndNew': 'OLD', 'movieCd': '20240983', 'movieNm': '명탐정 코난: 100만 달러의 펜타그램', 'openDt': '2024-07-17', 'salesAmt': '265643931', 'salesShare': '3.8', 'salesInten': '89146094', 'salesChange': '50.5', 'salesAcc': '5219084821', 'audiCnt': '27516', 'audiInten': '9278', 'audiChange': '50.9', 'audiAcc': '530083', 'scrnCnt': '587', 'showCnt': '1055'}, {'rnum': '6', 'rank': '6', 'rankInten': '0', 'rankOldAndNew': 'OLD', 'movieCd': '20208245', 'movieNm': '핸섬가이즈', 'openDt': '2024-06-26', 'salesAmt': '250504626', 'salesShare': '3.6', 'salesInten': '118243797', 'salesChange': '89.4', 'salesAcc': '15827640270', 'audiCnt': '25681', 'audiInten': '11973', 'audiChange': '87.3', 'audiAcc': '1693336', 'scrnCnt': '516', 'showCnt': '843'}, {'rnum': '7', 'rank': '7', 'rankInten': '4', 'rankOldAndNew': 'OLD', 'movieCd': '20224666', 'movieNm': '파일럿', 'openDt': '2024-07-31', 'salesAmt': '131602367', 'salesShare': '1.9', 'salesInten': '116098367', 'salesChange': '748.8', 'salesAcc': '415856367', 'audiCnt': '12120', 'audiInten': '10299', 'audiChange': '565.6', 'audiAcc': '42425', 'scrnCnt': '38', 'showCnt': '47'}, {'rnum': '8', 'rank': '8', 'rankInten': '-1', 'rankOldAndNew': 'OLD', 'movieCd': '20208911', 'movieNm': '탈출: 프로젝트 사일런스', 'openDt': '2024-07-12', 'salesAmt': '80245763', 'salesShare': '1.1', 'salesInten': '20514709', 'salesChange': '34.3', 'salesAcc': '6474167126', 'audiCnt': '8198', 'audiInten': '2114', 'audiChange': '34.7', 'audiAcc': '663939', 'scrnCnt': '323', 'showCnt': '480'}, {'rnum': '9', 'rank': '9', 'rankInten': '0', 'rankOldAndNew': 'NEW', 'movieCd': '20249733', 'movieNm': '사랑의 하츄핑', 'openDt': '2024-08-07', 'salesAmt': '48809950', 'salesShare': '0.7', 'salesInten': '48809950', 'salesChange': '100', 'salesAcc': '88796950', 'audiCnt': '4061', 'audiInten': '4061', 'audiChange': '100', 'audiAcc': '8111', 'scrnCnt': '15', 'showCnt': '17'}, {'rnum': '10', 'rank': '10', 'rankInten': '2', 'rankOldAndNew': 'OLD', 'movieCd': '20235926', 'movieNm': '퍼펙트 데이즈', 'openDt': '2024-07-03', 'salesAmt': '34665334', 'salesShare': '0.5', 'salesInten': '17599778', 'salesChange': '103.1', 'salesAcc': '590446892', 'audiCnt': '3531', 'audiInten': '1752', 'audiChange': '98.5', 'audiAcc': '62397', 'scrnCnt': '57', 'showCnt': '75'}]}}
[2024-07-31T09:29:49.951+0900] {process_utils.py:191} INFO -   rnum rank rankInten rankOldAndNew  ...  audiAcc scrnCnt showCnt   load_dt
[2024-07-31T09:29:49.952+0900] {process_utils.py:191} INFO - 0    1    1         0           OLD  ...   839696    1948    8847  20240727
[2024-07-31T09:29:49.952+0900] {process_utils.py:191} INFO - 1    2    2         0           OLD  ...   442931    1167    4490  20240727
[2024-07-31T09:29:49.952+0900] {process_utils.py:191} INFO - 2    3    3         0           OLD  ...  2199605     875    2337  20240727
[2024-07-31T09:29:49.953+0900] {process_utils.py:191} INFO - 3    4    4         0           OLD  ...  8233699     769    1616  20240727
[2024-07-31T09:29:49.953+0900] {process_utils.py:191} INFO - 4    5    5         0           OLD  ...   530083     587    1055  20240727
[2024-07-31T09:29:49.954+0900] {process_utils.py:191} INFO - 
[2024-07-31T09:29:49.954+0900] {process_utils.py:191} INFO - [5 rows x 19 columns]
[2024-07-31T09:29:49.954+0900] {process_utils.py:191} INFO -   rnum rank rankInten rankOldAndNew  ...  audiAcc scrnCnt showCnt   load_dt
[2024-07-31T09:29:49.955+0900] {process_utils.py:191} INFO - 0    1    1         0           OLD  ...   839696    1948    8847  20240727
[2024-07-31T09:29:49.955+0900] {process_utils.py:191} INFO - 1    2    2         0           OLD  ...   442931    1167    4490  20240727
[2024-07-31T09:29:49.955+0900] {process_utils.py:191} INFO - 2    3    3         0           OLD  ...  2199605     875    2337  20240727
[2024-07-31T09:29:49.956+0900] {process_utils.py:191} INFO - 3    4    4         0           OLD  ...  8233699     769    1616  20240727
[2024-07-31T09:29:49.956+0900] {process_utils.py:191} INFO - 4    5    5         0           OLD  ...   530083     587    1055  20240727
[2024-07-31T09:29:49.956+0900] {process_utils.py:191} INFO - 
[2024-07-31T09:29:49.957+0900] {process_utils.py:191} INFO - [5 rows x 19 columns]
[2024-07-31T09:29:50.401+0900] {python.py:237} INFO - Done. Returned value was: None
[2024-07-31T09:29:50.401+0900] {taskinstance.py:441} INFO - ::group::Post task execution logs
[2024-07-31T09:29:50.404+0900] {taskinstance.py:1206} INFO - Marking task as SUCCESS. dag_id=movie, task_id=get.data, run_id=scheduled__2024-07-27T04:10:00+00:00, execution_date=20240727T041000, start_date=20240731T002925, end_date=20240731T002950
[2024-07-31T09:29:50.432+0900] {local_task_job_runner.py:243} INFO - Task exited with return code 0
[2024-07-31T09:29:50.440+0900] {taskinstance.py:3503} INFO - 0 downstream tasks scheduled from follow-on schedule check
[2024-07-31T09:29:50.440+0900] {local_task_job_runner.py:222} INFO - ::endgroup::
