[2024-07-31T11:31:13.758+0900] {local_task_job_runner.py:120} INFO - ::group::Pre task execution logs
[2024-07-31T11:31:13.766+0900] {taskinstance.py:2076} INFO - Dependencies all met for dep_context=non-requeueable deps ti=<TaskInstance: movie.throw.err scheduled__2024-07-30T02:10:00+00:00 [queued]>
[2024-07-31T11:31:13.769+0900] {taskinstance.py:2076} INFO - Dependencies all met for dep_context=requeueable deps ti=<TaskInstance: movie.throw.err scheduled__2024-07-30T02:10:00+00:00 [queued]>
[2024-07-31T11:31:13.769+0900] {taskinstance.py:2306} INFO - Starting attempt 3 of 4
[2024-07-31T11:31:13.774+0900] {taskinstance.py:2330} INFO - Executing <Task(BashOperator): throw.err> on 2024-07-30 02:10:00+00:00
[2024-07-31T11:31:13.777+0900] {standard_task_runner.py:64} INFO - Started process 11564 to run task
[2024-07-31T11:31:13.780+0900] {standard_task_runner.py:90} INFO - Running: ['airflow', 'tasks', 'run', 'movie', 'throw.err', 'scheduled__2024-07-30T02:10:00+00:00', '--job-id', '767', '--raw', '--subdir', 'DAGS_FOLDER/movie.py', '--cfg-path', '/var/folders/qv/0knwm5h50ml0skpppwpbks_r0000gp/T/tmpqehhfqla']
[2024-07-31T11:31:13.781+0900] {standard_task_runner.py:91} INFO - Job 767: Subtask throw.err
[2024-07-31T11:31:13.796+0900] {task_command.py:426} INFO - Running <TaskInstance: movie.throw.err scheduled__2024-07-30T02:10:00+00:00 [running]> on host jeongui-MacBookPro.local
[2024-07-31T11:31:13.817+0900] {taskinstance.py:2648} INFO - Exporting env vars: AIRFLOW_CTX_DAG_OWNER='airflow' AIRFLOW_CTX_DAG_ID='movie' AIRFLOW_CTX_TASK_ID='throw.err' AIRFLOW_CTX_EXECUTION_DATE='2024-07-30T02:10:00+00:00' AIRFLOW_CTX_TRY_NUMBER='3' AIRFLOW_CTX_DAG_RUN_ID='scheduled__2024-07-30T02:10:00+00:00'
[2024-07-31T11:31:13.818+0900] {taskinstance.py:430} INFO - ::endgroup::
[2024-07-31T11:31:13.823+0900] {subprocess.py:63} INFO - Tmp dir root location: /var/folders/qv/0knwm5h50ml0skpppwpbks_r0000gp/T
[2024-07-31T11:31:13.823+0900] {subprocess.py:75} INFO - Running command: ['/bin/bash', '-c', 'exit 1']
[2024-07-31T11:31:13.826+0900] {subprocess.py:86} INFO - Output:
[2024-07-31T11:31:13.829+0900] {subprocess.py:97} INFO - Command exited with return code 1
[2024-07-31T11:31:13.829+0900] {taskinstance.py:441} INFO - ::group::Post task execution logs
[2024-07-31T11:31:13.832+0900] {taskinstance.py:2905} ERROR - Task failed with exception
Traceback (most recent call last):
  File "/Users/DE32/.pyenv/versions/3.11.9/envs/note/lib/python3.11/site-packages/airflow/models/taskinstance.py", line 465, in _execute_task
    result = _execute_callable(context=context, **execute_callable_kwargs)
             ^^^^^^^^^^^^^^^^^^^^^^^^^^^^^^^^^^^^^^^^^^^^^^^^^^^^^^^^^^^^^
  File "/Users/DE32/.pyenv/versions/3.11.9/envs/note/lib/python3.11/site-packages/airflow/models/taskinstance.py", line 432, in _execute_callable
    return execute_callable(context=context, **execute_callable_kwargs)
           ^^^^^^^^^^^^^^^^^^^^^^^^^^^^^^^^^^^^^^^^^^^^^^^^^^^^^^^^^^^^
  File "/Users/DE32/.pyenv/versions/3.11.9/envs/note/lib/python3.11/site-packages/airflow/models/baseoperator.py", line 401, in wrapper
    return func(self, *args, **kwargs)
           ^^^^^^^^^^^^^^^^^^^^^^^^^^^
  File "/Users/DE32/.pyenv/versions/3.11.9/envs/note/lib/python3.11/site-packages/airflow/operators/bash.py", line 243, in execute
    raise AirflowException(
airflow.exceptions.AirflowException: Bash command failed. The command returned a non-zero exit code 1.
[2024-07-31T11:31:13.834+0900] {taskinstance.py:1206} INFO - Marking task as UP_FOR_RETRY. dag_id=movie, task_id=throw.err, run_id=scheduled__2024-07-30T02:10:00+00:00, execution_date=20240730T021000, start_date=20240731T023113, end_date=20240731T023113
[2024-07-31T11:31:13.838+0900] {standard_task_runner.py:110} ERROR - Failed to execute job 767 for task throw.err (Bash command failed. The command returned a non-zero exit code 1.; 11564)
[2024-07-31T11:31:13.842+0900] {local_task_job_runner.py:243} INFO - Task exited with return code 1
[2024-07-31T11:31:13.849+0900] {taskinstance.py:3503} INFO - 0 downstream tasks scheduled from follow-on schedule check
[2024-07-31T11:31:13.849+0900] {local_task_job_runner.py:222} INFO - ::endgroup::
[2024-07-31T19:56:18.213+0900] {local_task_job_runner.py:120} INFO - ::group::Pre task execution logs
[2024-07-31T19:56:18.223+0900] {taskinstance.py:2076} INFO - Dependencies all met for dep_context=non-requeueable deps ti=<TaskInstance: movie.throw.err scheduled__2024-07-30T02:10:00+00:00 [queued]>
[2024-07-31T19:56:18.226+0900] {taskinstance.py:2076} INFO - Dependencies all met for dep_context=requeueable deps ti=<TaskInstance: movie.throw.err scheduled__2024-07-30T02:10:00+00:00 [queued]>
[2024-07-31T19:56:18.227+0900] {taskinstance.py:2306} INFO - Starting attempt 3 of 4
[2024-07-31T19:56:18.233+0900] {taskinstance.py:2330} INFO - Executing <Task(BashOperator): throw.err> on 2024-07-30 02:10:00+00:00
[2024-07-31T19:56:18.235+0900] {standard_task_runner.py:64} INFO - Started process 33632 to run task
[2024-07-31T19:56:18.238+0900] {standard_task_runner.py:90} INFO - Running: ['airflow', 'tasks', 'run', 'movie', 'throw.err', 'scheduled__2024-07-30T02:10:00+00:00', '--job-id', '992', '--raw', '--subdir', 'DAGS_FOLDER/movie.py', '--cfg-path', '/var/folders/qv/0knwm5h50ml0skpppwpbks_r0000gp/T/tmpjxmai6kk']
[2024-07-31T19:56:18.239+0900] {standard_task_runner.py:91} INFO - Job 992: Subtask throw.err
[2024-07-31T19:56:18.253+0900] {task_command.py:426} INFO - Running <TaskInstance: movie.throw.err scheduled__2024-07-30T02:10:00+00:00 [running]> on host jeongui-MacBookPro.local
[2024-07-31T19:56:18.274+0900] {taskinstance.py:2648} INFO - Exporting env vars: AIRFLOW_CTX_DAG_OWNER='airflow' AIRFLOW_CTX_DAG_ID='movie' AIRFLOW_CTX_TASK_ID='throw.err' AIRFLOW_CTX_EXECUTION_DATE='2024-07-30T02:10:00+00:00' AIRFLOW_CTX_TRY_NUMBER='3' AIRFLOW_CTX_DAG_RUN_ID='scheduled__2024-07-30T02:10:00+00:00'
[2024-07-31T19:56:18.274+0900] {taskinstance.py:430} INFO - ::endgroup::
[2024-07-31T19:56:18.280+0900] {subprocess.py:63} INFO - Tmp dir root location: /var/folders/qv/0knwm5h50ml0skpppwpbks_r0000gp/T
[2024-07-31T19:56:18.281+0900] {subprocess.py:75} INFO - Running command: ['/bin/bash', '-c', 'exit 1']
[2024-07-31T19:56:18.283+0900] {subprocess.py:86} INFO - Output:
[2024-07-31T19:56:18.289+0900] {subprocess.py:97} INFO - Command exited with return code 1
[2024-07-31T19:56:18.289+0900] {taskinstance.py:441} INFO - ::group::Post task execution logs
[2024-07-31T19:56:18.292+0900] {taskinstance.py:2905} ERROR - Task failed with exception
Traceback (most recent call last):
  File "/Users/DE32/.pyenv/versions/3.11.9/envs/note/lib/python3.11/site-packages/airflow/models/taskinstance.py", line 465, in _execute_task
    result = _execute_callable(context=context, **execute_callable_kwargs)
             ^^^^^^^^^^^^^^^^^^^^^^^^^^^^^^^^^^^^^^^^^^^^^^^^^^^^^^^^^^^^^
  File "/Users/DE32/.pyenv/versions/3.11.9/envs/note/lib/python3.11/site-packages/airflow/models/taskinstance.py", line 432, in _execute_callable
    return execute_callable(context=context, **execute_callable_kwargs)
           ^^^^^^^^^^^^^^^^^^^^^^^^^^^^^^^^^^^^^^^^^^^^^^^^^^^^^^^^^^^^
  File "/Users/DE32/.pyenv/versions/3.11.9/envs/note/lib/python3.11/site-packages/airflow/models/baseoperator.py", line 401, in wrapper
    return func(self, *args, **kwargs)
           ^^^^^^^^^^^^^^^^^^^^^^^^^^^
  File "/Users/DE32/.pyenv/versions/3.11.9/envs/note/lib/python3.11/site-packages/airflow/operators/bash.py", line 243, in execute
    raise AirflowException(
airflow.exceptions.AirflowException: Bash command failed. The command returned a non-zero exit code 1.
[2024-07-31T19:56:18.294+0900] {taskinstance.py:1206} INFO - Marking task as UP_FOR_RETRY. dag_id=movie, task_id=throw.err, run_id=scheduled__2024-07-30T02:10:00+00:00, execution_date=20240730T021000, start_date=20240731T105618, end_date=20240731T105618
[2024-07-31T19:56:18.297+0900] {standard_task_runner.py:110} ERROR - Failed to execute job 992 for task throw.err (Bash command failed. The command returned a non-zero exit code 1.; 33632)
[2024-07-31T19:56:18.300+0900] {local_task_job_runner.py:243} INFO - Task exited with return code 1
[2024-07-31T19:56:18.306+0900] {taskinstance.py:3503} INFO - 0 downstream tasks scheduled from follow-on schedule check
[2024-07-31T19:56:18.306+0900] {local_task_job_runner.py:222} INFO - ::endgroup::
