[2024-07-31T11:31:25.677+0900] {local_task_job_runner.py:120} INFO - ::group::Pre task execution logs
[2024-07-31T11:31:25.688+0900] {taskinstance.py:2076} INFO - Dependencies all met for dep_context=non-requeueable deps ti=<TaskInstance: movie.throw.err scheduled__2024-07-30T02:10:00+00:00 [queued]>
[2024-07-31T11:31:25.691+0900] {taskinstance.py:2076} INFO - Dependencies all met for dep_context=requeueable deps ti=<TaskInstance: movie.throw.err scheduled__2024-07-30T02:10:00+00:00 [queued]>
[2024-07-31T11:31:25.691+0900] {taskinstance.py:2306} INFO - Starting attempt 4 of 4
[2024-07-31T11:31:25.697+0900] {taskinstance.py:2330} INFO - Executing <Task(BashOperator): throw.err> on 2024-07-30 02:10:00+00:00
[2024-07-31T11:31:25.700+0900] {standard_task_runner.py:64} INFO - Started process 11570 to run task
[2024-07-31T11:31:25.702+0900] {standard_task_runner.py:90} INFO - Running: ['airflow', 'tasks', 'run', 'movie', 'throw.err', 'scheduled__2024-07-30T02:10:00+00:00', '--job-id', '769', '--raw', '--subdir', 'DAGS_FOLDER/movie.py', '--cfg-path', '/var/folders/qv/0knwm5h50ml0skpppwpbks_r0000gp/T/tmpnrxldecr']
[2024-07-31T11:31:25.704+0900] {standard_task_runner.py:91} INFO - Job 769: Subtask throw.err
[2024-07-31T11:31:25.719+0900] {task_command.py:426} INFO - Running <TaskInstance: movie.throw.err scheduled__2024-07-30T02:10:00+00:00 [running]> on host jeongui-MacBookPro.local
[2024-07-31T11:31:25.741+0900] {taskinstance.py:2648} INFO - Exporting env vars: AIRFLOW_CTX_DAG_OWNER='airflow' AIRFLOW_CTX_DAG_ID='movie' AIRFLOW_CTX_TASK_ID='throw.err' AIRFLOW_CTX_EXECUTION_DATE='2024-07-30T02:10:00+00:00' AIRFLOW_CTX_TRY_NUMBER='4' AIRFLOW_CTX_DAG_RUN_ID='scheduled__2024-07-30T02:10:00+00:00'
[2024-07-31T11:31:25.741+0900] {taskinstance.py:430} INFO - ::endgroup::
[2024-07-31T11:31:25.747+0900] {subprocess.py:63} INFO - Tmp dir root location: /var/folders/qv/0knwm5h50ml0skpppwpbks_r0000gp/T
[2024-07-31T11:31:25.747+0900] {subprocess.py:75} INFO - Running command: ['/bin/bash', '-c', 'exit 1']
[2024-07-31T11:31:25.750+0900] {subprocess.py:86} INFO - Output:
[2024-07-31T11:31:25.752+0900] {subprocess.py:97} INFO - Command exited with return code 1
[2024-07-31T11:31:25.752+0900] {taskinstance.py:441} INFO - ::group::Post task execution logs
[2024-07-31T11:31:25.755+0900] {taskinstance.py:2905} ERROR - Task failed with exception
Traceback (most recent call last):
  File "/Users/DE32/.pyenv/versions/3.11.9/envs/note/lib/python3.11/site-packages/airflow/models/taskinstance.py", line 465, in _execute_task
    result = _execute_callable(context=context, **execute_callable_kwargs)
             ^^^^^^^^^^^^^^^^^^^^^^^^^^^^^^^^^^^^^^^^^^^^^^^^^^^^^^^^^^^^^
  File "/Users/DE32/.pyenv/versions/3.11.9/envs/note/lib/python3.11/site-packages/airflow/models/taskinstance.py", line 432, in _execute_callable
    return execute_callable(context=context, **execute_callable_kwargs)
           ^^^^^^^^^^^^^^^^^^^^^^^^^^^^^^^^^^^^^^^^^^^^^^^^^^^^^^^^^^^^
  File "/Users/DE32/.pyenv/versions/3.11.9/envs/note/lib/python3.11/site-packages/airflow/models/baseoperator.py", line 401, in wrapper
    return func(self, *args, **kwargs)
           ^^^^^^^^^^^^^^^^^^^^^^^^^^^
  File "/Users/DE32/.pyenv/versions/3.11.9/envs/note/lib/python3.11/site-packages/airflow/operators/bash.py", line 243, in execute
    raise AirflowException(
airflow.exceptions.AirflowException: Bash command failed. The command returned a non-zero exit code 1.
[2024-07-31T11:31:25.756+0900] {taskinstance.py:1206} INFO - Marking task as FAILED. dag_id=movie, task_id=throw.err, run_id=scheduled__2024-07-30T02:10:00+00:00, execution_date=20240730T021000, start_date=20240731T023125, end_date=20240731T023125
[2024-07-31T11:31:25.760+0900] {standard_task_runner.py:110} ERROR - Failed to execute job 769 for task throw.err (Bash command failed. The command returned a non-zero exit code 1.; 11570)
[2024-07-31T11:31:25.764+0900] {local_task_job_runner.py:243} INFO - Task exited with return code 1
[2024-07-31T11:31:25.771+0900] {taskinstance.py:3503} INFO - 0 downstream tasks scheduled from follow-on schedule check
[2024-07-31T11:31:25.771+0900] {local_task_job_runner.py:222} INFO - ::endgroup::
[2024-07-31T19:56:30.125+0900] {local_task_job_runner.py:120} INFO - ::group::Pre task execution logs
[2024-07-31T19:56:30.136+0900] {taskinstance.py:2076} INFO - Dependencies all met for dep_context=non-requeueable deps ti=<TaskInstance: movie.throw.err scheduled__2024-07-30T02:10:00+00:00 [queued]>
[2024-07-31T19:56:30.139+0900] {taskinstance.py:2076} INFO - Dependencies all met for dep_context=requeueable deps ti=<TaskInstance: movie.throw.err scheduled__2024-07-30T02:10:00+00:00 [queued]>
[2024-07-31T19:56:30.139+0900] {taskinstance.py:2306} INFO - Starting attempt 4 of 4
[2024-07-31T19:56:30.145+0900] {taskinstance.py:2330} INFO - Executing <Task(BashOperator): throw.err> on 2024-07-30 02:10:00+00:00
[2024-07-31T19:56:30.148+0900] {standard_task_runner.py:64} INFO - Started process 33638 to run task
[2024-07-31T19:56:30.151+0900] {standard_task_runner.py:90} INFO - Running: ['airflow', 'tasks', 'run', 'movie', 'throw.err', 'scheduled__2024-07-30T02:10:00+00:00', '--job-id', '994', '--raw', '--subdir', 'DAGS_FOLDER/movie.py', '--cfg-path', '/var/folders/qv/0knwm5h50ml0skpppwpbks_r0000gp/T/tmpvw44yw91']
[2024-07-31T19:56:30.152+0900] {standard_task_runner.py:91} INFO - Job 994: Subtask throw.err
[2024-07-31T19:56:30.167+0900] {task_command.py:426} INFO - Running <TaskInstance: movie.throw.err scheduled__2024-07-30T02:10:00+00:00 [running]> on host jeongui-MacBookPro.local
[2024-07-31T19:56:30.187+0900] {taskinstance.py:2648} INFO - Exporting env vars: AIRFLOW_CTX_DAG_OWNER='airflow' AIRFLOW_CTX_DAG_ID='movie' AIRFLOW_CTX_TASK_ID='throw.err' AIRFLOW_CTX_EXECUTION_DATE='2024-07-30T02:10:00+00:00' AIRFLOW_CTX_TRY_NUMBER='4' AIRFLOW_CTX_DAG_RUN_ID='scheduled__2024-07-30T02:10:00+00:00'
[2024-07-31T19:56:30.187+0900] {taskinstance.py:430} INFO - ::endgroup::
[2024-07-31T19:56:30.193+0900] {subprocess.py:63} INFO - Tmp dir root location: /var/folders/qv/0knwm5h50ml0skpppwpbks_r0000gp/T
[2024-07-31T19:56:30.193+0900] {subprocess.py:75} INFO - Running command: ['/bin/bash', '-c', 'exit 1']
[2024-07-31T19:56:30.196+0900] {subprocess.py:86} INFO - Output:
[2024-07-31T19:56:30.198+0900] {subprocess.py:97} INFO - Command exited with return code 1
[2024-07-31T19:56:30.198+0900] {taskinstance.py:441} INFO - ::group::Post task execution logs
[2024-07-31T19:56:30.201+0900] {taskinstance.py:2905} ERROR - Task failed with exception
Traceback (most recent call last):
  File "/Users/DE32/.pyenv/versions/3.11.9/envs/note/lib/python3.11/site-packages/airflow/models/taskinstance.py", line 465, in _execute_task
    result = _execute_callable(context=context, **execute_callable_kwargs)
             ^^^^^^^^^^^^^^^^^^^^^^^^^^^^^^^^^^^^^^^^^^^^^^^^^^^^^^^^^^^^^
  File "/Users/DE32/.pyenv/versions/3.11.9/envs/note/lib/python3.11/site-packages/airflow/models/taskinstance.py", line 432, in _execute_callable
    return execute_callable(context=context, **execute_callable_kwargs)
           ^^^^^^^^^^^^^^^^^^^^^^^^^^^^^^^^^^^^^^^^^^^^^^^^^^^^^^^^^^^^
  File "/Users/DE32/.pyenv/versions/3.11.9/envs/note/lib/python3.11/site-packages/airflow/models/baseoperator.py", line 401, in wrapper
    return func(self, *args, **kwargs)
           ^^^^^^^^^^^^^^^^^^^^^^^^^^^
  File "/Users/DE32/.pyenv/versions/3.11.9/envs/note/lib/python3.11/site-packages/airflow/operators/bash.py", line 243, in execute
    raise AirflowException(
airflow.exceptions.AirflowException: Bash command failed. The command returned a non-zero exit code 1.
[2024-07-31T19:56:30.203+0900] {taskinstance.py:1206} INFO - Marking task as FAILED. dag_id=movie, task_id=throw.err, run_id=scheduled__2024-07-30T02:10:00+00:00, execution_date=20240730T021000, start_date=20240731T105630, end_date=20240731T105630
[2024-07-31T19:56:30.206+0900] {standard_task_runner.py:110} ERROR - Failed to execute job 994 for task throw.err (Bash command failed. The command returned a non-zero exit code 1.; 33638)
[2024-07-31T19:56:30.212+0900] {local_task_job_runner.py:243} INFO - Task exited with return code 1
[2024-07-31T19:56:30.219+0900] {taskinstance.py:3503} INFO - 0 downstream tasks scheduled from follow-on schedule check
[2024-07-31T19:56:30.219+0900] {local_task_job_runner.py:222} INFO - ::endgroup::
