[2024-07-29T12:27:32.342+0900] {local_task_job_runner.py:120} INFO - ::group::Pre task execution logs
[2024-07-29T12:27:32.355+0900] {taskinstance.py:2076} INFO - Dependencies all met for dep_context=non-requeueable deps ti=<TaskInstance: movie.save_data scheduled__2024-07-24T02:10:00+00:00 [queued]>
[2024-07-29T12:27:32.358+0900] {taskinstance.py:2076} INFO - Dependencies all met for dep_context=requeueable deps ti=<TaskInstance: movie.save_data scheduled__2024-07-24T02:10:00+00:00 [queued]>
[2024-07-29T12:27:32.358+0900] {taskinstance.py:2306} INFO - Starting attempt 1 of 2
[2024-07-29T12:27:32.364+0900] {taskinstance.py:2330} INFO - Executing <Task(BashOperator): save_data> on 2024-07-24 02:10:00+00:00
[2024-07-29T12:27:32.367+0900] {standard_task_runner.py:64} INFO - Started process 71580 to run task
[2024-07-29T12:27:32.370+0900] {standard_task_runner.py:90} INFO - Running: ['airflow', 'tasks', 'run', 'movie', 'save_data', 'scheduled__2024-07-24T02:10:00+00:00', '--job-id', '501', '--raw', '--subdir', 'DAGS_FOLDER/movie.py', '--cfg-path', '/var/folders/qv/0knwm5h50ml0skpppwpbks_r0000gp/T/tmpntnuql5n']
[2024-07-29T12:27:32.371+0900] {standard_task_runner.py:91} INFO - Job 501: Subtask save_data
[2024-07-29T12:27:32.388+0900] {task_command.py:426} INFO - Running <TaskInstance: movie.save_data scheduled__2024-07-24T02:10:00+00:00 [running]> on host jeongui-MacBookPro.local
[2024-07-29T12:27:32.409+0900] {taskinstance.py:2648} INFO - Exporting env vars: AIRFLOW_CTX_DAG_OWNER='airflow' AIRFLOW_CTX_DAG_ID='movie' AIRFLOW_CTX_TASK_ID='save_data' AIRFLOW_CTX_EXECUTION_DATE='2024-07-24T02:10:00+00:00' AIRFLOW_CTX_TRY_NUMBER='1' AIRFLOW_CTX_DAG_RUN_ID='scheduled__2024-07-24T02:10:00+00:00'
[2024-07-29T12:27:32.409+0900] {taskinstance.py:430} INFO - ::endgroup::
[2024-07-29T12:27:32.414+0900] {subprocess.py:63} INFO - Tmp dir root location: /var/folders/qv/0knwm5h50ml0skpppwpbks_r0000gp/T
[2024-07-29T12:27:32.414+0900] {subprocess.py:75} INFO - Running command: ['/bin/bash', '-c', 'date']
[2024-07-29T12:27:32.417+0900] {subprocess.py:86} INFO - Output:
[2024-07-29T12:27:32.420+0900] {subprocess.py:93} INFO - 2024년 7월 29일 월요일 12시 27분 32초 KST
[2024-07-29T12:27:32.421+0900] {subprocess.py:97} INFO - Command exited with return code 0
[2024-07-29T12:27:32.421+0900] {taskinstance.py:441} INFO - ::group::Post task execution logs
[2024-07-29T12:27:32.428+0900] {taskinstance.py:1206} INFO - Marking task as SUCCESS. dag_id=movie, task_id=save_data, run_id=scheduled__2024-07-24T02:10:00+00:00, execution_date=20240724T021000, start_date=20240729T032732, end_date=20240729T032732
[2024-07-29T12:27:32.477+0900] {local_task_job_runner.py:243} INFO - Task exited with return code 0
[2024-07-29T12:27:32.484+0900] {taskinstance.py:3503} INFO - 0 downstream tasks scheduled from follow-on schedule check
[2024-07-29T12:27:32.484+0900] {local_task_job_runner.py:222} INFO - ::endgroup::
