[2024-07-24T14:08:32.229+0900] {local_task_job_runner.py:120} INFO - ::group::Pre task execution logs
[2024-07-24T14:08:32.237+0900] {taskinstance.py:2076} INFO - Dependencies all met for dep_context=non-requeueable deps ti=<TaskInstance: simple_bash.print.date scheduled__2024-07-18T00:00:00+00:00 [queued]>
[2024-07-24T14:08:32.239+0900] {taskinstance.py:2076} INFO - Dependencies all met for dep_context=requeueable deps ti=<TaskInstance: simple_bash.print.date scheduled__2024-07-18T00:00:00+00:00 [queued]>
[2024-07-24T14:08:32.239+0900] {taskinstance.py:2306} INFO - Starting attempt 1 of 2
[2024-07-24T14:08:32.243+0900] {taskinstance.py:2330} INFO - Executing <Task(BashOperator): print.date> on 2024-07-18 00:00:00+00:00
[2024-07-24T14:08:32.246+0900] {standard_task_runner.py:64} INFO - Started process 89587 to run task
[2024-07-24T14:08:32.249+0900] {standard_task_runner.py:90} INFO - Running: ['airflow', 'tasks', 'run', 'simple_bash', 'print.date', 'scheduled__2024-07-18T00:00:00+00:00', '--job-id', '25', '--raw', '--subdir', 'DAGS_FOLDER/simple_bash.py', '--cfg-path', '/var/folders/qv/0knwm5h50ml0skpppwpbks_r0000gp/T/tmpco4gzlli']
[2024-07-24T14:08:32.250+0900] {standard_task_runner.py:91} INFO - Job 25: Subtask print.date
[2024-07-24T14:08:32.265+0900] {task_command.py:426} INFO - Running <TaskInstance: simple_bash.print.date scheduled__2024-07-18T00:00:00+00:00 [running]> on host jeongui-MacBookPro.local
[2024-07-24T14:08:32.283+0900] {logging_mixin.py:188} WARNING - /Users/DE32/.pyenv/versions/3.11.9/envs/note/lib/python3.11/site-packages/airflow/utils/context.py:212 AirflowContextDeprecationWarning: Accessing 'execution_date' from the template is deprecated and will be removed in a future version. Please use 'data_interval_start' or 'logical_date' instead.
[2024-07-24T14:08:32.283+0900] {logging_mixin.py:188} WARNING - /Users/DE32/.pyenv/versions/3.11.9/envs/note/lib/python3.11/site-packages/airflow/utils/context.py:212 AirflowContextDeprecationWarning: Accessing 'next_execution_date' from the template is deprecated and will be removed in a future version. Please use 'data_interval_end' instead.
[2024-07-24T14:08:32.284+0900] {logging_mixin.py:188} WARNING - /Users/DE32/.pyenv/versions/3.11.9/envs/note/lib/python3.11/site-packages/airflow/utils/context.py:212 AirflowContextDeprecationWarning: Accessing 'prev_execution_date' from the template is deprecated and will be removed in a future version.
[2024-07-24T14:08:32.291+0900] {taskinstance.py:2648} INFO - Exporting env vars: AIRFLOW_CTX_DAG_OWNER='airflow' AIRFLOW_CTX_DAG_ID='simple_bash' AIRFLOW_CTX_TASK_ID='print.date' AIRFLOW_CTX_EXECUTION_DATE='2024-07-18T00:00:00+00:00' AIRFLOW_CTX_TRY_NUMBER='1' AIRFLOW_CTX_DAG_RUN_ID='scheduled__2024-07-18T00:00:00+00:00'
[2024-07-24T14:08:32.292+0900] {taskinstance.py:430} INFO - ::endgroup::
[2024-07-24T14:08:32.298+0900] {subprocess.py:63} INFO - Tmp dir root location: /var/folders/qv/0knwm5h50ml0skpppwpbks_r0000gp/T
[2024-07-24T14:08:32.298+0900] {subprocess.py:75} INFO - Running command: ['/bin/bash', '-c', '\n            echo "date => `date`"\n            echo "ds => 2024-07-18"\n            echo "ds_nodash => 20240718"\n            echo "logical_date => 2024-07-18 00:00:00+00:00"\n            echo "logical_date => 2024-07-18 00:00:00"\n            echo "execution_date => 2024-07-18 00:00:00+00:00"\n            echo "execution_date => 2024-07-18 00:00:00"\n            echo "next_execution_date => 2024-07-19 00:00:00"\n            echo "prev_execution_date => 2024-07-17 00:00:00"\n            echo "ts => 2024-07-18T00:00:00+00:00"\n        ']
[2024-07-24T14:08:32.301+0900] {subprocess.py:86} INFO - Output:
[2024-07-24T14:08:32.304+0900] {subprocess.py:93} INFO - date => 2024년 7월 24일 수요일 14시 08분 32초 KST
[2024-07-24T14:08:32.304+0900] {subprocess.py:93} INFO - ds => 2024-07-18
[2024-07-24T14:08:32.305+0900] {subprocess.py:93} INFO - ds_nodash => 20240718
[2024-07-24T14:08:32.305+0900] {subprocess.py:93} INFO - logical_date => 2024-07-18 00:00:00+00:00
[2024-07-24T14:08:32.305+0900] {subprocess.py:93} INFO - logical_date => 2024-07-18 00:00:00
[2024-07-24T14:08:32.305+0900] {subprocess.py:93} INFO - execution_date => 2024-07-18 00:00:00+00:00
[2024-07-24T14:08:32.305+0900] {subprocess.py:93} INFO - execution_date => 2024-07-18 00:00:00
[2024-07-24T14:08:32.305+0900] {subprocess.py:93} INFO - next_execution_date => 2024-07-19 00:00:00
[2024-07-24T14:08:32.306+0900] {subprocess.py:93} INFO - prev_execution_date => 2024-07-17 00:00:00
[2024-07-24T14:08:32.306+0900] {subprocess.py:93} INFO - ts => 2024-07-18T00:00:00+00:00
[2024-07-24T14:08:32.306+0900] {subprocess.py:97} INFO - Command exited with return code 0
[2024-07-24T14:08:32.306+0900] {taskinstance.py:441} INFO - ::group::Post task execution logs
[2024-07-24T14:08:32.312+0900] {taskinstance.py:1206} INFO - Marking task as SUCCESS. dag_id=simple_bash, task_id=print.date, run_id=scheduled__2024-07-18T00:00:00+00:00, execution_date=20240718T000000, start_date=20240724T050832, end_date=20240724T050832
[2024-07-24T14:08:32.353+0900] {local_task_job_runner.py:243} INFO - Task exited with return code 0
[2024-07-24T14:08:32.363+0900] {taskinstance.py:3503} INFO - 1 downstream tasks scheduled from follow-on schedule check
[2024-07-24T14:08:32.364+0900] {local_task_job_runner.py:222} INFO - ::endgroup::
[2024-07-24T14:20:44.177+0900] {local_task_job_runner.py:120} INFO - ::group::Pre task execution logs
[2024-07-24T14:20:44.184+0900] {taskinstance.py:2076} INFO - Dependencies all met for dep_context=non-requeueable deps ti=<TaskInstance: simple_bash.print.date scheduled__2024-07-18T00:00:00+00:00 [queued]>
[2024-07-24T14:20:44.186+0900] {taskinstance.py:2076} INFO - Dependencies all met for dep_context=requeueable deps ti=<TaskInstance: simple_bash.print.date scheduled__2024-07-18T00:00:00+00:00 [queued]>
[2024-07-24T14:20:44.186+0900] {taskinstance.py:2306} INFO - Starting attempt 1 of 1
[2024-07-24T14:20:44.190+0900] {taskinstance.py:2330} INFO - Executing <Task(BashOperator): print.date> on 2024-07-18 00:00:00+00:00
[2024-07-24T14:20:44.192+0900] {standard_task_runner.py:64} INFO - Started process 90906 to run task
[2024-07-24T14:20:44.195+0900] {standard_task_runner.py:90} INFO - Running: ['airflow', 'tasks', 'run', 'simple_bash', 'print.date', 'scheduled__2024-07-18T00:00:00+00:00', '--job-id', '121', '--raw', '--subdir', 'DAGS_FOLDER/simple_bash.py', '--cfg-path', '/var/folders/qv/0knwm5h50ml0skpppwpbks_r0000gp/T/tmpl9rx5zr2']
[2024-07-24T14:20:44.196+0900] {standard_task_runner.py:91} INFO - Job 121: Subtask print.date
[2024-07-24T14:20:44.209+0900] {task_command.py:426} INFO - Running <TaskInstance: simple_bash.print.date scheduled__2024-07-18T00:00:00+00:00 [running]> on host jeongui-MacBookPro.local
[2024-07-24T14:20:44.226+0900] {logging_mixin.py:188} WARNING - /Users/DE32/.pyenv/versions/3.11.9/envs/note/lib/python3.11/site-packages/airflow/utils/context.py:212 AirflowContextDeprecationWarning: Accessing 'execution_date' from the template is deprecated and will be removed in a future version. Please use 'data_interval_start' or 'logical_date' instead.
[2024-07-24T14:20:44.227+0900] {logging_mixin.py:188} WARNING - /Users/DE32/.pyenv/versions/3.11.9/envs/note/lib/python3.11/site-packages/airflow/utils/context.py:212 AirflowContextDeprecationWarning: Accessing 'next_execution_date' from the template is deprecated and will be removed in a future version. Please use 'data_interval_end' instead.
[2024-07-24T14:20:44.227+0900] {logging_mixin.py:188} WARNING - /Users/DE32/.pyenv/versions/3.11.9/envs/note/lib/python3.11/site-packages/airflow/utils/context.py:212 AirflowContextDeprecationWarning: Accessing 'prev_execution_date' from the template is deprecated and will be removed in a future version.
[2024-07-24T14:20:44.235+0900] {taskinstance.py:2648} INFO - Exporting env vars: AIRFLOW_CTX_DAG_OWNER='airflow' AIRFLOW_CTX_DAG_ID='simple_bash' AIRFLOW_CTX_TASK_ID='print.date' AIRFLOW_CTX_EXECUTION_DATE='2024-07-18T00:00:00+00:00' AIRFLOW_CTX_TRY_NUMBER='1' AIRFLOW_CTX_DAG_RUN_ID='scheduled__2024-07-18T00:00:00+00:00'
[2024-07-24T14:20:44.235+0900] {taskinstance.py:430} INFO - ::endgroup::
[2024-07-24T14:20:44.241+0900] {subprocess.py:63} INFO - Tmp dir root location: /var/folders/qv/0knwm5h50ml0skpppwpbks_r0000gp/T
[2024-07-24T14:20:44.241+0900] {subprocess.py:75} INFO - Running command: ['/bin/bash', '-c', '\n            echo "date => `date`"\n            echo "ds => 2024-07-18"\n            echo "ds_nodash => 20240718"\n            echo "logical_date => 2024-07-18 00:00:00+00:00"\n            echo "logical_date => 2024-07-18 00:00:00"\n            echo "execution_date => 2024-07-18 00:00:00+00:00"\n            echo "execution_date => 2024-07-18 00:00:00"\n            echo "next_execution_date => 2024-07-19 00:00:00"\n            echo "prev_execution_date => 2024-07-17 00:00:00"\n            echo "ts => 2024-07-18T00:00:00+00:00"\n        ']
[2024-07-24T14:20:44.244+0900] {subprocess.py:86} INFO - Output:
[2024-07-24T14:20:44.247+0900] {subprocess.py:93} INFO - date => 2024년 7월 24일 수요일 14시 20분 44초 KST
[2024-07-24T14:20:44.247+0900] {subprocess.py:93} INFO - ds => 2024-07-18
[2024-07-24T14:20:44.248+0900] {subprocess.py:93} INFO - ds_nodash => 20240718
[2024-07-24T14:20:44.248+0900] {subprocess.py:93} INFO - logical_date => 2024-07-18 00:00:00+00:00
[2024-07-24T14:20:44.248+0900] {subprocess.py:93} INFO - logical_date => 2024-07-18 00:00:00
[2024-07-24T14:20:44.248+0900] {subprocess.py:93} INFO - execution_date => 2024-07-18 00:00:00+00:00
[2024-07-24T14:20:44.248+0900] {subprocess.py:93} INFO - execution_date => 2024-07-18 00:00:00
[2024-07-24T14:20:44.248+0900] {subprocess.py:93} INFO - next_execution_date => 2024-07-19 00:00:00
[2024-07-24T14:20:44.249+0900] {subprocess.py:93} INFO - prev_execution_date => 2024-07-17 00:00:00
[2024-07-24T14:20:44.249+0900] {subprocess.py:93} INFO - ts => 2024-07-18T00:00:00+00:00
[2024-07-24T14:20:44.249+0900] {subprocess.py:97} INFO - Command exited with return code 0
[2024-07-24T14:20:44.249+0900] {taskinstance.py:441} INFO - ::group::Post task execution logs
[2024-07-24T14:20:44.255+0900] {taskinstance.py:1206} INFO - Marking task as SUCCESS. dag_id=simple_bash, task_id=print.date, run_id=scheduled__2024-07-18T00:00:00+00:00, execution_date=20240718T000000, start_date=20240724T052044, end_date=20240724T052044
[2024-07-24T14:20:44.302+0900] {local_task_job_runner.py:243} INFO - Task exited with return code 0
[2024-07-24T14:20:44.312+0900] {taskinstance.py:3503} INFO - 1 downstream tasks scheduled from follow-on schedule check
[2024-07-24T14:20:44.312+0900] {local_task_job_runner.py:222} INFO - ::endgroup::
