[2024-07-24T12:27:27.543+0900] {processor.py:161} INFO - Started process (PID=86468) to work on /Users/DE32/.pyenv/versions/3.11.9/envs/note/lib/python3.11/site-packages/airflow/example_dags/plugins/listener_plugin.py
[2024-07-24T12:27:27.544+0900] {processor.py:830} INFO - Processing file /Users/DE32/.pyenv/versions/3.11.9/envs/note/lib/python3.11/site-packages/airflow/example_dags/plugins/listener_plugin.py for tasks to queue
[2024-07-24T12:27:27.544+0900] {logging_mixin.py:188} INFO - [2024-07-24T12:27:27.544+0900] {dagbag.py:545} INFO - Filling up the DagBag from /Users/DE32/.pyenv/versions/3.11.9/envs/note/lib/python3.11/site-packages/airflow/example_dags/plugins/listener_plugin.py
[2024-07-24T12:27:27.545+0900] {processor.py:842} WARNING - No viable dags retrieved from /Users/DE32/.pyenv/versions/3.11.9/envs/note/lib/python3.11/site-packages/airflow/example_dags/plugins/listener_plugin.py
[2024-07-24T12:27:27.574+0900] {processor.py:183} INFO - Processing /Users/DE32/.pyenv/versions/3.11.9/envs/note/lib/python3.11/site-packages/airflow/example_dags/plugins/listener_plugin.py took 0.033 seconds
[2024-07-24T12:28:53.927+0900] {processor.py:161} INFO - Started process (PID=86575) to work on /Users/DE32/.pyenv/versions/3.11.9/envs/note/lib/python3.11/site-packages/airflow/example_dags/plugins/listener_plugin.py
[2024-07-24T12:28:53.928+0900] {processor.py:830} INFO - Processing file /Users/DE32/.pyenv/versions/3.11.9/envs/note/lib/python3.11/site-packages/airflow/example_dags/plugins/listener_plugin.py for tasks to queue
[2024-07-24T12:28:53.928+0900] {logging_mixin.py:188} INFO - [2024-07-24T12:28:53.928+0900] {dagbag.py:545} INFO - Filling up the DagBag from /Users/DE32/.pyenv/versions/3.11.9/envs/note/lib/python3.11/site-packages/airflow/example_dags/plugins/listener_plugin.py
[2024-07-24T12:28:53.929+0900] {processor.py:842} WARNING - No viable dags retrieved from /Users/DE32/.pyenv/versions/3.11.9/envs/note/lib/python3.11/site-packages/airflow/example_dags/plugins/listener_plugin.py
[2024-07-24T12:28:53.957+0900] {processor.py:183} INFO - Processing /Users/DE32/.pyenv/versions/3.11.9/envs/note/lib/python3.11/site-packages/airflow/example_dags/plugins/listener_plugin.py took 0.031 seconds
[2024-07-24T12:29:49.102+0900] {processor.py:161} INFO - Started process (PID=86710) to work on /Users/DE32/.pyenv/versions/3.11.9/envs/note/lib/python3.11/site-packages/airflow/example_dags/plugins/listener_plugin.py
[2024-07-24T12:29:49.102+0900] {processor.py:830} INFO - Processing file /Users/DE32/.pyenv/versions/3.11.9/envs/note/lib/python3.11/site-packages/airflow/example_dags/plugins/listener_plugin.py for tasks to queue
[2024-07-24T12:29:49.102+0900] {logging_mixin.py:188} INFO - [2024-07-24T12:29:49.102+0900] {dagbag.py:545} INFO - Filling up the DagBag from /Users/DE32/.pyenv/versions/3.11.9/envs/note/lib/python3.11/site-packages/airflow/example_dags/plugins/listener_plugin.py
[2024-07-24T12:29:49.103+0900] {processor.py:842} WARNING - No viable dags retrieved from /Users/DE32/.pyenv/versions/3.11.9/envs/note/lib/python3.11/site-packages/airflow/example_dags/plugins/listener_plugin.py
[2024-07-24T12:29:49.132+0900] {processor.py:183} INFO - Processing /Users/DE32/.pyenv/versions/3.11.9/envs/note/lib/python3.11/site-packages/airflow/example_dags/plugins/listener_plugin.py took 0.031 seconds
[2024-07-24T12:30:47.542+0900] {processor.py:161} INFO - Started process (PID=86771) to work on /Users/DE32/.pyenv/versions/3.11.9/envs/note/lib/python3.11/site-packages/airflow/example_dags/plugins/listener_plugin.py
[2024-07-24T12:30:47.543+0900] {processor.py:830} INFO - Processing file /Users/DE32/.pyenv/versions/3.11.9/envs/note/lib/python3.11/site-packages/airflow/example_dags/plugins/listener_plugin.py for tasks to queue
[2024-07-24T12:30:47.543+0900] {logging_mixin.py:188} INFO - [2024-07-24T12:30:47.543+0900] {dagbag.py:545} INFO - Filling up the DagBag from /Users/DE32/.pyenv/versions/3.11.9/envs/note/lib/python3.11/site-packages/airflow/example_dags/plugins/listener_plugin.py
[2024-07-24T12:30:47.544+0900] {processor.py:842} WARNING - No viable dags retrieved from /Users/DE32/.pyenv/versions/3.11.9/envs/note/lib/python3.11/site-packages/airflow/example_dags/plugins/listener_plugin.py
[2024-07-24T12:30:47.572+0900] {processor.py:183} INFO - Processing /Users/DE32/.pyenv/versions/3.11.9/envs/note/lib/python3.11/site-packages/airflow/example_dags/plugins/listener_plugin.py took 0.031 seconds
