[2024-07-24T12:27:16.198+0900] {processor.py:161} INFO - Started process (PID=86462) to work on /Users/DE32/.pyenv/versions/3.11.9/envs/note/lib/python3.11/site-packages/airflow/example_dags/plugins/workday.py
[2024-07-24T12:27:16.198+0900] {processor.py:830} INFO - Processing file /Users/DE32/.pyenv/versions/3.11.9/envs/note/lib/python3.11/site-packages/airflow/example_dags/plugins/workday.py for tasks to queue
[2024-07-24T12:27:16.198+0900] {logging_mixin.py:188} INFO - [2024-07-24T12:27:16.198+0900] {dagbag.py:545} INFO - Filling up the DagBag from /Users/DE32/.pyenv/versions/3.11.9/envs/note/lib/python3.11/site-packages/airflow/example_dags/plugins/workday.py
[2024-07-24T12:27:25.754+0900] {processor.py:842} WARNING - No viable dags retrieved from /Users/DE32/.pyenv/versions/3.11.9/envs/note/lib/python3.11/site-packages/airflow/example_dags/plugins/workday.py
[2024-07-24T12:27:25.806+0900] {processor.py:183} INFO - Processing /Users/DE32/.pyenv/versions/3.11.9/envs/note/lib/python3.11/site-packages/airflow/example_dags/plugins/workday.py took 9.609 seconds
[2024-07-24T12:28:52.039+0900] {processor.py:161} INFO - Started process (PID=86569) to work on /Users/DE32/.pyenv/versions/3.11.9/envs/note/lib/python3.11/site-packages/airflow/example_dags/plugins/workday.py
[2024-07-24T12:28:52.039+0900] {processor.py:830} INFO - Processing file /Users/DE32/.pyenv/versions/3.11.9/envs/note/lib/python3.11/site-packages/airflow/example_dags/plugins/workday.py for tasks to queue
[2024-07-24T12:28:52.039+0900] {logging_mixin.py:188} INFO - [2024-07-24T12:28:52.039+0900] {dagbag.py:545} INFO - Filling up the DagBag from /Users/DE32/.pyenv/versions/3.11.9/envs/note/lib/python3.11/site-packages/airflow/example_dags/plugins/workday.py
[2024-07-24T12:28:52.198+0900] {processor.py:842} WARNING - No viable dags retrieved from /Users/DE32/.pyenv/versions/3.11.9/envs/note/lib/python3.11/site-packages/airflow/example_dags/plugins/workday.py
[2024-07-24T12:28:52.228+0900] {processor.py:183} INFO - Processing /Users/DE32/.pyenv/versions/3.11.9/envs/note/lib/python3.11/site-packages/airflow/example_dags/plugins/workday.py took 0.190 seconds
[2024-07-24T12:29:47.230+0900] {processor.py:161} INFO - Started process (PID=86709) to work on /Users/DE32/.pyenv/versions/3.11.9/envs/note/lib/python3.11/site-packages/airflow/example_dags/plugins/workday.py
[2024-07-24T12:29:47.231+0900] {processor.py:830} INFO - Processing file /Users/DE32/.pyenv/versions/3.11.9/envs/note/lib/python3.11/site-packages/airflow/example_dags/plugins/workday.py for tasks to queue
[2024-07-24T12:29:47.231+0900] {logging_mixin.py:188} INFO - [2024-07-24T12:29:47.231+0900] {dagbag.py:545} INFO - Filling up the DagBag from /Users/DE32/.pyenv/versions/3.11.9/envs/note/lib/python3.11/site-packages/airflow/example_dags/plugins/workday.py
[2024-07-24T12:29:47.388+0900] {processor.py:842} WARNING - No viable dags retrieved from /Users/DE32/.pyenv/versions/3.11.9/envs/note/lib/python3.11/site-packages/airflow/example_dags/plugins/workday.py
[2024-07-24T12:29:47.417+0900] {processor.py:183} INFO - Processing /Users/DE32/.pyenv/versions/3.11.9/envs/note/lib/python3.11/site-packages/airflow/example_dags/plugins/workday.py took 0.188 seconds
[2024-07-24T12:30:45.640+0900] {processor.py:161} INFO - Started process (PID=86770) to work on /Users/DE32/.pyenv/versions/3.11.9/envs/note/lib/python3.11/site-packages/airflow/example_dags/plugins/workday.py
[2024-07-24T12:30:45.640+0900] {processor.py:830} INFO - Processing file /Users/DE32/.pyenv/versions/3.11.9/envs/note/lib/python3.11/site-packages/airflow/example_dags/plugins/workday.py for tasks to queue
[2024-07-24T12:30:45.641+0900] {logging_mixin.py:188} INFO - [2024-07-24T12:30:45.641+0900] {dagbag.py:545} INFO - Filling up the DagBag from /Users/DE32/.pyenv/versions/3.11.9/envs/note/lib/python3.11/site-packages/airflow/example_dags/plugins/workday.py
[2024-07-24T12:30:45.810+0900] {processor.py:842} WARNING - No viable dags retrieved from /Users/DE32/.pyenv/versions/3.11.9/envs/note/lib/python3.11/site-packages/airflow/example_dags/plugins/workday.py
[2024-07-24T12:30:45.841+0900] {processor.py:183} INFO - Processing /Users/DE32/.pyenv/versions/3.11.9/envs/note/lib/python3.11/site-packages/airflow/example_dags/plugins/workday.py took 0.202 seconds
