[2024-07-29T12:30:33.041+0900] {local_task_job_runner.py:120} INFO - ::group::Pre task execution logs
[2024-07-29T12:30:33.054+0900] {taskinstance.py:2076} INFO - Dependencies all met for dep_context=non-requeueable deps ti=<TaskInstance: movie.print_the_context scheduled__2024-07-24T02:10:00+00:00 [queued]>
[2024-07-29T12:30:33.058+0900] {taskinstance.py:2076} INFO - Dependencies all met for dep_context=requeueable deps ti=<TaskInstance: movie.print_the_context scheduled__2024-07-24T02:10:00+00:00 [queued]>
[2024-07-29T12:30:33.058+0900] {taskinstance.py:2306} INFO - Starting attempt 2 of 3
[2024-07-29T12:30:33.064+0900] {taskinstance.py:2330} INFO - Executing <Task(PythonOperator): print_the_context> on 2024-07-24 02:10:00+00:00
[2024-07-29T12:30:33.067+0900] {standard_task_runner.py:64} INFO - Started process 72044 to run task
[2024-07-29T12:30:33.070+0900] {standard_task_runner.py:90} INFO - Running: ['airflow', 'tasks', 'run', 'movie', 'print_the_context', 'scheduled__2024-07-24T02:10:00+00:00', '--job-id', '514', '--raw', '--subdir', 'DAGS_FOLDER/movie.py', '--cfg-path', '/var/folders/qv/0knwm5h50ml0skpppwpbks_r0000gp/T/tmpqowj8he3']
[2024-07-29T12:30:33.071+0900] {standard_task_runner.py:91} INFO - Job 514: Subtask print_the_context
[2024-07-29T12:30:33.087+0900] {task_command.py:426} INFO - Running <TaskInstance: movie.print_the_context scheduled__2024-07-24T02:10:00+00:00 [running]> on host jeongui-MacBookPro.local
[2024-07-29T12:30:33.109+0900] {taskinstance.py:2648} INFO - Exporting env vars: AIRFLOW_CTX_DAG_OWNER='airflow' AIRFLOW_CTX_DAG_ID='movie' AIRFLOW_CTX_TASK_ID='print_the_context' AIRFLOW_CTX_EXECUTION_DATE='2024-07-24T02:10:00+00:00' AIRFLOW_CTX_TRY_NUMBER='2' AIRFLOW_CTX_DAG_RUN_ID='scheduled__2024-07-24T02:10:00+00:00'
[2024-07-29T12:30:33.109+0900] {taskinstance.py:430} INFO - ::endgroup::
[2024-07-29T12:30:33.114+0900] {logging_mixin.py:188} INFO - ::group::All kwargs
[2024-07-29T12:30:33.116+0900] {logging_mixin.py:188} WARNING - /Users/DE32/.pyenv/versions/3.11.9/envs/note/lib/python3.11/site-packages/airflow/utils/context.py:320 AirflowContextDeprecationWarning: Accessing 'execution_date' from the template is deprecated and will be removed in a future version. Please use 'data_interval_start' or 'logical_date' instead.
[2024-07-29T12:30:33.117+0900] {logging_mixin.py:188} WARNING - /Users/DE32/.pyenv/versions/3.11.9/envs/note/lib/python3.11/site-packages/airflow/utils/context.py:320 AirflowContextDeprecationWarning: Accessing 'next_ds' from the template is deprecated and will be removed in a future version. Please use '{{ data_interval_end | ds }}' instead.
[2024-07-29T12:30:33.117+0900] {logging_mixin.py:188} WARNING - /Users/DE32/.pyenv/versions/3.11.9/envs/note/lib/python3.11/site-packages/airflow/utils/context.py:320 AirflowContextDeprecationWarning: Accessing 'next_ds_nodash' from the template is deprecated and will be removed in a future version. Please use '{{ data_interval_end | ds_nodash }}' instead.
[2024-07-29T12:30:33.118+0900] {logging_mixin.py:188} WARNING - /Users/DE32/.pyenv/versions/3.11.9/envs/note/lib/python3.11/site-packages/airflow/utils/context.py:320 AirflowContextDeprecationWarning: Accessing 'next_execution_date' from the template is deprecated and will be removed in a future version. Please use 'data_interval_end' instead.
[2024-07-29T12:30:33.118+0900] {logging_mixin.py:188} WARNING - /Users/DE32/.pyenv/versions/3.11.9/envs/note/lib/python3.11/site-packages/airflow/utils/context.py:320 AirflowContextDeprecationWarning: Accessing 'prev_ds' from the template is deprecated and will be removed in a future version.
[2024-07-29T12:30:33.119+0900] {logging_mixin.py:188} WARNING - /Users/DE32/.pyenv/versions/3.11.9/envs/note/lib/python3.11/site-packages/airflow/utils/context.py:320 AirflowContextDeprecationWarning: Accessing 'prev_ds_nodash' from the template is deprecated and will be removed in a future version.
[2024-07-29T12:30:33.119+0900] {logging_mixin.py:188} WARNING - /Users/DE32/.pyenv/versions/3.11.9/envs/note/lib/python3.11/site-packages/airflow/utils/context.py:320 AirflowContextDeprecationWarning: Accessing 'prev_execution_date' from the template is deprecated and will be removed in a future version.
[2024-07-29T12:30:33.119+0900] {logging_mixin.py:188} WARNING - /Users/DE32/.pyenv/versions/3.11.9/envs/note/lib/python3.11/site-packages/airflow/utils/context.py:320 AirflowContextDeprecationWarning: Accessing 'prev_execution_date_success' from the template is deprecated and will be removed in a future version. Please use 'prev_data_interval_start_success' instead.
[2024-07-29T12:30:33.120+0900] {logging_mixin.py:188} WARNING - /Users/DE32/.pyenv/versions/3.11.9/envs/note/lib/python3.11/site-packages/airflow/utils/context.py:320 AirflowContextDeprecationWarning: Accessing 'tomorrow_ds' from the template is deprecated and will be removed in a future version.
[2024-07-29T12:30:33.120+0900] {logging_mixin.py:188} WARNING - /Users/DE32/.pyenv/versions/3.11.9/envs/note/lib/python3.11/site-packages/airflow/utils/context.py:320 AirflowContextDeprecationWarning: Accessing 'tomorrow_ds_nodash' from the template is deprecated and will be removed in a future version.
[2024-07-29T12:30:33.122+0900] {logging_mixin.py:188} WARNING - /Users/DE32/.pyenv/versions/3.11.9/envs/note/lib/python3.11/site-packages/airflow/utils/context.py:320 AirflowContextDeprecationWarning: Accessing 'yesterday_ds' from the template is deprecated and will be removed in a future version.
[2024-07-29T12:30:33.122+0900] {logging_mixin.py:188} WARNING - /Users/DE32/.pyenv/versions/3.11.9/envs/note/lib/python3.11/site-packages/airflow/utils/context.py:320 AirflowContextDeprecationWarning: Accessing 'yesterday_ds_nodash' from the template is deprecated and will be removed in a future version.
[2024-07-29T12:30:33.123+0900] {logging_mixin.py:188} INFO - {'conf': <airflow.configuration.AirflowConfigParser object at 0x100d6f250>,
 'conn': None,
 'dag': <DAG: movie>,
 'dag_run': <DagRun movie @ 2024-07-24 02:10:00+00:00: scheduled__2024-07-24T02:10:00+00:00, state:running, queued_at: 2024-07-29 03:30:18.790130+00:00. externally triggered: False>,
 'data_interval_end': DateTime(2024, 7, 25, 2, 10, 0, tzinfo=Timezone('UTC')),
 'data_interval_start': DateTime(2024, 7, 24, 2, 10, 0, tzinfo=Timezone('UTC')),
 'ds_nodash': '20240724',
 'execution_date': <Proxy at 0x1040b7680 with factory functools.partial(<function lazy_mapping_from_context.<locals>._deprecated_proxy_factory at 0x1085cc4a0>, 'execution_date', DateTime(2024, 7, 24, 2, 10, 0, tzinfo=Timezone('UTC')))>,
 'expanded_ti_count': None,
 'inlets': [],
 'logical_date': DateTime(2024, 7, 24, 2, 10, 0, tzinfo=Timezone('UTC')),
 'macros': <module 'airflow.macros' from '/Users/DE32/.pyenv/versions/3.11.9/envs/note/lib/python3.11/site-packages/airflow/macros/__init__.py'>,
 'map_index_template': None,
 'next_ds': <Proxy at 0x1086d5f00 with factory functools.partial(<function lazy_mapping_from_context.<locals>._deprecated_proxy_factory at 0x1085cc4a0>, 'next_ds', '2024-07-25')>,
 'next_ds_nodash': <Proxy at 0x10872a3c0 with factory functools.partial(<function lazy_mapping_from_context.<locals>._deprecated_proxy_factory at 0x1085cc4a0>, 'next_ds_nodash', '20240725')>,
 'next_execution_date': <Proxy at 0x108706080 with factory functools.partial(<function lazy_mapping_from_context.<locals>._deprecated_proxy_factory at 0x1085cc4a0>, 'next_execution_date', DateTime(2024, 7, 25, 2, 10, 0, tzinfo=Timezone('UTC')))>,
 'outlets': [],
 'params': {},
 'prev_data_interval_end_success': None,
 'prev_data_interval_start_success': None,
 'prev_ds': <Proxy at 0x10872c900 with factory functools.partial(<function lazy_mapping_from_context.<locals>._deprecated_proxy_factory at 0x1085cc4a0>, 'prev_ds', '2024-07-23')>,
 'prev_ds_nodash': <Proxy at 0x108768f00 with factory functools.partial(<function lazy_mapping_from_context.<locals>._deprecated_proxy_factory at 0x1085cc4a0>, 'prev_ds_nodash', '20240723')>,
 'prev_end_date_success': None,
 'prev_execution_date': <Proxy at 0x108768fc0 with factory functools.partial(<function lazy_mapping_from_context.<locals>._deprecated_proxy_factory at 0x1085cc4a0>, 'prev_execution_date', DateTime(2024, 7, 23, 2, 10, 0, tzinfo=Timezone('UTC')))>,
 'prev_execution_date_success': <Proxy at 0x108769080 with factory functools.partial(<function lazy_mapping_from_context.<locals>._deprecated_proxy_factory at 0x1085cc4a0>, 'prev_execution_date_success', None)>,
 'prev_start_date_success': None,
 'run_id': 'scheduled__2024-07-24T02:10:00+00:00',
 'task': <Task(PythonOperator): print_the_context>,
 'task_instance': <TaskInstance: movie.print_the_context scheduled__2024-07-24T02:10:00+00:00 [running]>,
 'task_instance_key_str': 'movie__print_the_context__20240724',
 'templates_dict': None,
 'test_mode': False,
 'ti': <TaskInstance: movie.print_the_context scheduled__2024-07-24T02:10:00+00:00 [running]>,
 'tomorrow_ds': <Proxy at 0x108769140 with factory functools.partial(<function lazy_mapping_from_context.<locals>._deprecated_proxy_factory at 0x1085cc4a0>, 'tomorrow_ds', '2024-07-25')>,
 'tomorrow_ds_nodash': <Proxy at 0x108769200 with factory functools.partial(<function lazy_mapping_from_context.<locals>._deprecated_proxy_factory at 0x1085cc4a0>, 'tomorrow_ds_nodash', '20240725')>,
 'triggering_dataset_events': <Proxy at 0x1086b9d00 with factory <function _get_template_context.<locals>.get_triggering_events at 0x108667ba0>>,
 'ts': '2024-07-24T02:10:00+00:00',
 'ts_nodash': '20240724T021000',
 'ts_nodash_with_tz': '20240724T021000+0000',
 'var': {'json': None, 'value': None},
 'yesterday_ds': <Proxy at 0x1087692c0 with factory functools.partial(<function lazy_mapping_from_context.<locals>._deprecated_proxy_factory at 0x1085cc4a0>, 'yesterday_ds', '2024-07-23')>,
 'yesterday_ds_nodash': <Proxy at 0x108769380 with factory functools.partial(<function lazy_mapping_from_context.<locals>._deprecated_proxy_factory at 0x1085cc4a0>, 'yesterday_ds_nodash', '20240723')>}
[2024-07-29T12:30:33.123+0900] {logging_mixin.py:188} INFO - ::endgroup::
[2024-07-29T12:30:33.123+0900] {logging_mixin.py:188} INFO - ::group::Context variable ds
[2024-07-29T12:30:33.123+0900] {logging_mixin.py:188} INFO - 2024-07-24
[2024-07-29T12:30:33.123+0900] {logging_mixin.py:188} INFO - ::endgroup::
[2024-07-29T12:30:33.123+0900] {python.py:237} INFO - Done. Returned value was: Whatever you return gets printed in the logs
[2024-07-29T12:30:33.123+0900] {taskinstance.py:441} INFO - ::group::Post task execution logs
[2024-07-29T12:30:33.127+0900] {taskinstance.py:1206} INFO - Marking task as SUCCESS. dag_id=movie, task_id=print_the_context, run_id=scheduled__2024-07-24T02:10:00+00:00, execution_date=20240724T021000, start_date=20240729T033033, end_date=20240729T033033
[2024-07-29T12:30:33.132+0900] {local_task_job_runner.py:243} INFO - Task exited with return code 0
[2024-07-29T12:30:33.138+0900] {taskinstance.py:3503} INFO - 0 downstream tasks scheduled from follow-on schedule check
[2024-07-29T12:30:33.138+0900] {local_task_job_runner.py:222} INFO - ::endgroup::
