[2024-07-24T14:15:38.927+0900] {local_task_job_runner.py:120} INFO - ::group::Pre task execution logs
[2024-07-24T14:15:38.935+0900] {taskinstance.py:2076} INFO - Dependencies all met for dep_context=non-requeueable deps ti=<TaskInstance: simple_bash.cut.log scheduled__2024-07-17T00:00:00+00:00 [queued]>
[2024-07-24T14:15:38.938+0900] {taskinstance.py:2076} INFO - Dependencies all met for dep_context=requeueable deps ti=<TaskInstance: simple_bash.cut.log scheduled__2024-07-17T00:00:00+00:00 [queued]>
[2024-07-24T14:15:38.938+0900] {taskinstance.py:2306} INFO - Starting attempt 2 of 3
[2024-07-24T14:15:38.942+0900] {taskinstance.py:2330} INFO - Executing <Task(BashOperator): cut.log> on 2024-07-17 00:00:00+00:00
[2024-07-24T14:15:38.945+0900] {standard_task_runner.py:64} INFO - Started process 90280 to run task
[2024-07-24T14:15:38.947+0900] {standard_task_runner.py:90} INFO - Running: ['airflow', 'tasks', 'run', 'simple_bash', 'cut.log', 'scheduled__2024-07-17T00:00:00+00:00', '--job-id', '93', '--raw', '--subdir', 'DAGS_FOLDER/simple_bash.py', '--cfg-path', '/var/folders/qv/0knwm5h50ml0skpppwpbks_r0000gp/T/tmp9wcffcdk']
[2024-07-24T14:15:38.948+0900] {standard_task_runner.py:91} INFO - Job 93: Subtask cut.log
[2024-07-24T14:15:38.963+0900] {task_command.py:426} INFO - Running <TaskInstance: simple_bash.cut.log scheduled__2024-07-17T00:00:00+00:00 [running]> on host jeongui-MacBookPro.local
[2024-07-24T14:15:38.986+0900] {taskinstance.py:2648} INFO - Exporting env vars: AIRFLOW_CTX_DAG_OWNER='airflow' AIRFLOW_CTX_DAG_ID='simple_bash' AIRFLOW_CTX_TASK_ID='cut.log' AIRFLOW_CTX_EXECUTION_DATE='2024-07-17T00:00:00+00:00' AIRFLOW_CTX_TRY_NUMBER='2' AIRFLOW_CTX_DAG_RUN_ID='scheduled__2024-07-17T00:00:00+00:00'
[2024-07-24T14:15:38.986+0900] {taskinstance.py:430} INFO - ::endgroup::
[2024-07-24T14:15:38.992+0900] {subprocess.py:63} INFO - Tmp dir root location: /var/folders/qv/0knwm5h50ml0skpppwpbks_r0000gp/T
[2024-07-24T14:15:38.993+0900] {subprocess.py:75} INFO - Running command: ['/bin/bash', '-c', '\n            echo "cut"\n\t\t\tmkdir -p ~/data/cut/20240717\n\t\t\tcat ~/data/20240717/*.log | cut -d\' \' -f1 > ~/data/cut/20240717/cut.log\n        ']
[2024-07-24T14:15:38.996+0900] {subprocess.py:86} INFO - Output:
[2024-07-24T14:15:38.997+0900] {subprocess.py:93} INFO - cut
[2024-07-24T14:15:39.000+0900] {subprocess.py:93} INFO - cut: stdin: Illegal byte sequence
[2024-07-24T14:15:39.000+0900] {subprocess.py:97} INFO - Command exited with return code 1
[2024-07-24T14:15:39.001+0900] {taskinstance.py:441} INFO - ::group::Post task execution logs
[2024-07-24T14:15:39.004+0900] {taskinstance.py:2905} ERROR - Task failed with exception
Traceback (most recent call last):
  File "/Users/DE32/.pyenv/versions/3.11.9/envs/note/lib/python3.11/site-packages/airflow/models/taskinstance.py", line 465, in _execute_task
    result = _execute_callable(context=context, **execute_callable_kwargs)
             ^^^^^^^^^^^^^^^^^^^^^^^^^^^^^^^^^^^^^^^^^^^^^^^^^^^^^^^^^^^^^
  File "/Users/DE32/.pyenv/versions/3.11.9/envs/note/lib/python3.11/site-packages/airflow/models/taskinstance.py", line 432, in _execute_callable
    return execute_callable(context=context, **execute_callable_kwargs)
           ^^^^^^^^^^^^^^^^^^^^^^^^^^^^^^^^^^^^^^^^^^^^^^^^^^^^^^^^^^^^
  File "/Users/DE32/.pyenv/versions/3.11.9/envs/note/lib/python3.11/site-packages/airflow/models/baseoperator.py", line 401, in wrapper
    return func(self, *args, **kwargs)
           ^^^^^^^^^^^^^^^^^^^^^^^^^^^
  File "/Users/DE32/.pyenv/versions/3.11.9/envs/note/lib/python3.11/site-packages/airflow/operators/bash.py", line 243, in execute
    raise AirflowException(
airflow.exceptions.AirflowException: Bash command failed. The command returned a non-zero exit code 1.
[2024-07-24T14:15:39.005+0900] {taskinstance.py:1206} INFO - Marking task as UP_FOR_RETRY. dag_id=simple_bash, task_id=cut.log, run_id=scheduled__2024-07-17T00:00:00+00:00, execution_date=20240717T000000, start_date=20240724T051538, end_date=20240724T051539
[2024-07-24T14:15:39.008+0900] {standard_task_runner.py:110} ERROR - Failed to execute job 93 for task cut.log (Bash command failed. The command returned a non-zero exit code 1.; 90280)
[2024-07-24T14:15:39.054+0900] {local_task_job_runner.py:243} INFO - Task exited with return code 1
[2024-07-24T14:15:39.062+0900] {taskinstance.py:3503} INFO - 0 downstream tasks scheduled from follow-on schedule check
[2024-07-24T14:15:39.062+0900] {local_task_job_runner.py:222} INFO - ::endgroup::
[2024-07-24T14:35:21.167+0900] {local_task_job_runner.py:120} INFO - ::group::Pre task execution logs
[2024-07-24T14:35:21.175+0900] {taskinstance.py:2076} INFO - Dependencies all met for dep_context=non-requeueable deps ti=<TaskInstance: simple_bash.cut.log scheduled__2024-07-17T00:00:00+00:00 [queued]>
[2024-07-24T14:35:21.178+0900] {taskinstance.py:2076} INFO - Dependencies all met for dep_context=requeueable deps ti=<TaskInstance: simple_bash.cut.log scheduled__2024-07-17T00:00:00+00:00 [queued]>
[2024-07-24T14:35:21.178+0900] {taskinstance.py:2306} INFO - Starting attempt 2 of 2
[2024-07-24T14:35:21.182+0900] {taskinstance.py:2330} INFO - Executing <Task(BashOperator): cut.log> on 2024-07-17 00:00:00+00:00
[2024-07-24T14:35:21.184+0900] {standard_task_runner.py:64} INFO - Started process 92456 to run task
[2024-07-24T14:35:21.187+0900] {standard_task_runner.py:90} INFO - Running: ['airflow', 'tasks', 'run', 'simple_bash', 'cut.log', 'scheduled__2024-07-17T00:00:00+00:00', '--job-id', '181', '--raw', '--subdir', 'DAGS_FOLDER/simple_bash.py', '--cfg-path', '/var/folders/qv/0knwm5h50ml0skpppwpbks_r0000gp/T/tmpb_soldds']
[2024-07-24T14:35:21.188+0900] {standard_task_runner.py:91} INFO - Job 181: Subtask cut.log
[2024-07-24T14:35:21.202+0900] {task_command.py:426} INFO - Running <TaskInstance: simple_bash.cut.log scheduled__2024-07-17T00:00:00+00:00 [running]> on host jeongui-MacBookPro.local
[2024-07-24T14:35:21.223+0900] {taskinstance.py:2648} INFO - Exporting env vars: AIRFLOW_CTX_DAG_OWNER='airflow' AIRFLOW_CTX_DAG_ID='simple_bash' AIRFLOW_CTX_TASK_ID='cut.log' AIRFLOW_CTX_EXECUTION_DATE='2024-07-17T00:00:00+00:00' AIRFLOW_CTX_TRY_NUMBER='2' AIRFLOW_CTX_DAG_RUN_ID='scheduled__2024-07-17T00:00:00+00:00'
[2024-07-24T14:35:21.223+0900] {taskinstance.py:430} INFO - ::endgroup::
[2024-07-24T14:35:21.229+0900] {subprocess.py:63} INFO - Tmp dir root location: /var/folders/qv/0knwm5h50ml0skpppwpbks_r0000gp/T
[2024-07-24T14:35:21.229+0900] {subprocess.py:75} INFO - Running command: ['/bin/bash', '-c', '\n            echo "cut"\n\t\t\tLANG=C\n\t\t\tmkdir -p ~/data/cut/20240717\n\t\t\tcat ~/data/20240717/*.log | cut -d\' \' -f1 > ~/data/cut/20240717/cut.log\n        ']
[2024-07-24T14:35:21.232+0900] {subprocess.py:86} INFO - Output:
[2024-07-24T14:35:21.233+0900] {subprocess.py:93} INFO - cut
[2024-07-24T14:35:21.238+0900] {subprocess.py:97} INFO - Command exited with return code 0
[2024-07-24T14:35:21.238+0900] {taskinstance.py:441} INFO - ::group::Post task execution logs
[2024-07-24T14:35:21.244+0900] {taskinstance.py:1206} INFO - Marking task as SUCCESS. dag_id=simple_bash, task_id=cut.log, run_id=scheduled__2024-07-17T00:00:00+00:00, execution_date=20240717T000000, start_date=20240724T053521, end_date=20240724T053521
[2024-07-24T14:35:21.292+0900] {local_task_job_runner.py:243} INFO - Task exited with return code 0
[2024-07-24T14:35:21.303+0900] {taskinstance.py:3503} INFO - 1 downstream tasks scheduled from follow-on schedule check
[2024-07-24T14:35:21.303+0900] {local_task_job_runner.py:222} INFO - ::endgroup::
