[2024-07-30T11:10:19.860+0900] {local_task_job_runner.py:120} INFO - ::group::Pre task execution logs
[2024-07-30T11:10:19.873+0900] {taskinstance.py:2076} INFO - Dependencies all met for dep_context=non-requeueable deps ti=<TaskInstance: movie.branch.op scheduled__2024-07-26T04:10:00+00:00 [queued]>
[2024-07-30T11:10:19.877+0900] {taskinstance.py:2076} INFO - Dependencies all met for dep_context=requeueable deps ti=<TaskInstance: movie.branch.op scheduled__2024-07-26T04:10:00+00:00 [queued]>
[2024-07-30T11:10:19.877+0900] {taskinstance.py:2306} INFO - Starting attempt 2 of 3
[2024-07-30T11:10:19.884+0900] {taskinstance.py:2330} INFO - Executing <Task(BranchPythonOperator): branch.op> on 2024-07-26 04:10:00+00:00
[2024-07-30T11:10:19.887+0900] {standard_task_runner.py:64} INFO - Started process 7802 to run task
[2024-07-30T11:10:19.890+0900] {standard_task_runner.py:90} INFO - Running: ['airflow', 'tasks', 'run', 'movie', 'branch.op', 'scheduled__2024-07-26T04:10:00+00:00', '--job-id', '645', '--raw', '--subdir', 'DAGS_FOLDER/movie.py', '--cfg-path', '/var/folders/qv/0knwm5h50ml0skpppwpbks_r0000gp/T/tmpv14q5wm8']
[2024-07-30T11:10:19.891+0900] {standard_task_runner.py:91} INFO - Job 645: Subtask branch.op
[2024-07-30T11:10:19.907+0900] {task_command.py:426} INFO - Running <TaskInstance: movie.branch.op scheduled__2024-07-26T04:10:00+00:00 [running]> on host jeongui-MacBookPro.local
[2024-07-30T11:10:19.927+0900] {taskinstance.py:2648} INFO - Exporting env vars: AIRFLOW_CTX_DAG_OWNER='airflow' AIRFLOW_CTX_DAG_ID='movie' AIRFLOW_CTX_TASK_ID='branch.op' AIRFLOW_CTX_EXECUTION_DATE='2024-07-26T04:10:00+00:00' AIRFLOW_CTX_TRY_NUMBER='2' AIRFLOW_CTX_DAG_RUN_ID='scheduled__2024-07-26T04:10:00+00:00'
[2024-07-30T11:10:19.928+0900] {taskinstance.py:430} INFO - ::endgroup::
[2024-07-30T11:10:19.932+0900] {baseoperator.py:400} WARNING - BranchPythonOperator.execute cannot be called outside TaskInstance!
[2024-07-30T11:10:19.932+0900] {python.py:237} INFO - Done. Returned value was: rm.dir
[2024-07-30T11:10:19.933+0900] {branch.py:36} INFO - Branch into rm.dir
[2024-07-30T11:10:19.933+0900] {skipmixin.py:178} INFO - Following branch rm.dir
[2024-07-30T11:10:19.937+0900] {skipmixin.py:246} INFO - Skipping tasks [('echo.task', -1)]
[2024-07-30T11:10:19.941+0900] {taskinstance.py:441} INFO - ::group::Post task execution logs
[2024-07-30T11:10:19.944+0900] {taskinstance.py:1206} INFO - Marking task as SUCCESS. dag_id=movie, task_id=branch.op, run_id=scheduled__2024-07-26T04:10:00+00:00, execution_date=20240726T041000, start_date=20240730T021019, end_date=20240730T021019
[2024-07-30T11:10:19.952+0900] {local_task_job_runner.py:243} INFO - Task exited with return code 0
[2024-07-30T11:10:19.961+0900] {taskinstance.py:3503} INFO - 1 downstream tasks scheduled from follow-on schedule check
[2024-07-30T11:10:19.962+0900] {local_task_job_runner.py:222} INFO - ::endgroup::
