[2024-07-24T14:12:50.380+0900] {local_task_job_runner.py:120} INFO - ::group::Pre task execution logs
[2024-07-24T14:12:50.388+0900] {taskinstance.py:2076} INFO - Dependencies all met for dep_context=non-requeueable deps ti=<TaskInstance: simple_bash.print.date scheduled__2024-07-17T00:00:00+00:00 [queued]>
[2024-07-24T14:12:50.390+0900] {taskinstance.py:2076} INFO - Dependencies all met for dep_context=requeueable deps ti=<TaskInstance: simple_bash.print.date scheduled__2024-07-17T00:00:00+00:00 [queued]>
[2024-07-24T14:12:50.390+0900] {taskinstance.py:2306} INFO - Starting attempt 2 of 3
[2024-07-24T14:12:50.394+0900] {taskinstance.py:2330} INFO - Executing <Task(BashOperator): print.date> on 2024-07-17 00:00:00+00:00
[2024-07-24T14:12:50.396+0900] {standard_task_runner.py:64} INFO - Started process 89850 to run task
[2024-07-24T14:12:50.399+0900] {standard_task_runner.py:90} INFO - Running: ['airflow', 'tasks', 'run', 'simple_bash', 'print.date', 'scheduled__2024-07-17T00:00:00+00:00', '--job-id', '65', '--raw', '--subdir', 'DAGS_FOLDER/simple_bash.py', '--cfg-path', '/var/folders/qv/0knwm5h50ml0skpppwpbks_r0000gp/T/tmpldxbxiqk']
[2024-07-24T14:12:50.400+0900] {standard_task_runner.py:91} INFO - Job 65: Subtask print.date
[2024-07-24T14:12:50.415+0900] {task_command.py:426} INFO - Running <TaskInstance: simple_bash.print.date scheduled__2024-07-17T00:00:00+00:00 [running]> on host jeongui-MacBookPro.local
[2024-07-24T14:12:50.431+0900] {logging_mixin.py:188} WARNING - /Users/DE32/.pyenv/versions/3.11.9/envs/note/lib/python3.11/site-packages/airflow/utils/context.py:212 AirflowContextDeprecationWarning: Accessing 'execution_date' from the template is deprecated and will be removed in a future version. Please use 'data_interval_start' or 'logical_date' instead.
[2024-07-24T14:12:50.432+0900] {logging_mixin.py:188} WARNING - /Users/DE32/.pyenv/versions/3.11.9/envs/note/lib/python3.11/site-packages/airflow/utils/context.py:212 AirflowContextDeprecationWarning: Accessing 'next_execution_date' from the template is deprecated and will be removed in a future version. Please use 'data_interval_end' instead.
[2024-07-24T14:12:50.432+0900] {logging_mixin.py:188} WARNING - /Users/DE32/.pyenv/versions/3.11.9/envs/note/lib/python3.11/site-packages/airflow/utils/context.py:212 AirflowContextDeprecationWarning: Accessing 'prev_execution_date' from the template is deprecated and will be removed in a future version.
[2024-07-24T14:12:50.440+0900] {taskinstance.py:2648} INFO - Exporting env vars: AIRFLOW_CTX_DAG_OWNER='airflow' AIRFLOW_CTX_DAG_ID='simple_bash' AIRFLOW_CTX_TASK_ID='print.date' AIRFLOW_CTX_EXECUTION_DATE='2024-07-17T00:00:00+00:00' AIRFLOW_CTX_TRY_NUMBER='2' AIRFLOW_CTX_DAG_RUN_ID='scheduled__2024-07-17T00:00:00+00:00'
[2024-07-24T14:12:50.440+0900] {taskinstance.py:430} INFO - ::endgroup::
[2024-07-24T14:12:50.446+0900] {subprocess.py:63} INFO - Tmp dir root location: /var/folders/qv/0knwm5h50ml0skpppwpbks_r0000gp/T
[2024-07-24T14:12:50.446+0900] {subprocess.py:75} INFO - Running command: ['/bin/bash', '-c', '\n            echo "date => `date`"\n            echo "ds => 2024-07-17"\n            echo "ds_nodash => 20240717"\n            echo "logical_date => 2024-07-17 00:00:00+00:00"\n            echo "logical_date => 2024-07-17 00:00:00"\n            echo "execution_date => 2024-07-17 00:00:00+00:00"\n            echo "execution_date => 2024-07-17 00:00:00"\n            echo "next_execution_date => 2024-07-18 00:00:00"\n            echo "prev_execution_date => 2024-07-16 00:00:00"\n            echo "ts => 2024-07-17T00:00:00+00:00"\n        ']
[2024-07-24T14:12:50.449+0900] {subprocess.py:86} INFO - Output:
[2024-07-24T14:12:50.452+0900] {subprocess.py:93} INFO - date => 2024년 7월 24일 수요일 14시 12분 50초 KST
[2024-07-24T14:12:50.452+0900] {subprocess.py:93} INFO - ds => 2024-07-17
[2024-07-24T14:12:50.453+0900] {subprocess.py:93} INFO - ds_nodash => 20240717
[2024-07-24T14:12:50.453+0900] {subprocess.py:93} INFO - logical_date => 2024-07-17 00:00:00+00:00
[2024-07-24T14:12:50.453+0900] {subprocess.py:93} INFO - logical_date => 2024-07-17 00:00:00
[2024-07-24T14:12:50.453+0900] {subprocess.py:93} INFO - execution_date => 2024-07-17 00:00:00+00:00
[2024-07-24T14:12:50.453+0900] {subprocess.py:93} INFO - execution_date => 2024-07-17 00:00:00
[2024-07-24T14:12:50.453+0900] {subprocess.py:93} INFO - next_execution_date => 2024-07-18 00:00:00
[2024-07-24T14:12:50.453+0900] {subprocess.py:93} INFO - prev_execution_date => 2024-07-16 00:00:00
[2024-07-24T14:12:50.454+0900] {subprocess.py:93} INFO - ts => 2024-07-17T00:00:00+00:00
[2024-07-24T14:12:50.454+0900] {subprocess.py:97} INFO - Command exited with return code 0
[2024-07-24T14:12:50.454+0900] {taskinstance.py:441} INFO - ::group::Post task execution logs
[2024-07-24T14:12:50.460+0900] {taskinstance.py:1206} INFO - Marking task as SUCCESS. dag_id=simple_bash, task_id=print.date, run_id=scheduled__2024-07-17T00:00:00+00:00, execution_date=20240717T000000, start_date=20240724T051250, end_date=20240724T051250
[2024-07-24T14:12:50.503+0900] {local_task_job_runner.py:243} INFO - Task exited with return code 0
[2024-07-24T14:12:50.512+0900] {taskinstance.py:3503} INFO - 1 downstream tasks scheduled from follow-on schedule check
[2024-07-24T14:12:50.513+0900] {local_task_job_runner.py:222} INFO - ::endgroup::
[2024-07-24T14:32:56.466+0900] {local_task_job_runner.py:120} INFO - ::group::Pre task execution logs
[2024-07-24T14:32:56.475+0900] {taskinstance.py:2076} INFO - Dependencies all met for dep_context=non-requeueable deps ti=<TaskInstance: simple_bash.print.date scheduled__2024-07-17T00:00:00+00:00 [queued]>
[2024-07-24T14:32:56.477+0900] {taskinstance.py:2076} INFO - Dependencies all met for dep_context=requeueable deps ti=<TaskInstance: simple_bash.print.date scheduled__2024-07-17T00:00:00+00:00 [queued]>
[2024-07-24T14:32:56.478+0900] {taskinstance.py:2306} INFO - Starting attempt 2 of 2
[2024-07-24T14:32:56.481+0900] {taskinstance.py:2330} INFO - Executing <Task(BashOperator): print.date> on 2024-07-17 00:00:00+00:00
[2024-07-24T14:32:56.484+0900] {standard_task_runner.py:64} INFO - Started process 92244 to run task
[2024-07-24T14:32:56.486+0900] {standard_task_runner.py:90} INFO - Running: ['airflow', 'tasks', 'run', 'simple_bash', 'print.date', 'scheduled__2024-07-17T00:00:00+00:00', '--job-id', '157', '--raw', '--subdir', 'DAGS_FOLDER/simple_bash.py', '--cfg-path', '/var/folders/qv/0knwm5h50ml0skpppwpbks_r0000gp/T/tmp3024dekj']
[2024-07-24T14:32:56.487+0900] {standard_task_runner.py:91} INFO - Job 157: Subtask print.date
[2024-07-24T14:32:56.501+0900] {task_command.py:426} INFO - Running <TaskInstance: simple_bash.print.date scheduled__2024-07-17T00:00:00+00:00 [running]> on host jeongui-MacBookPro.local
[2024-07-24T14:32:56.518+0900] {logging_mixin.py:188} WARNING - /Users/DE32/.pyenv/versions/3.11.9/envs/note/lib/python3.11/site-packages/airflow/utils/context.py:212 AirflowContextDeprecationWarning: Accessing 'execution_date' from the template is deprecated and will be removed in a future version. Please use 'data_interval_start' or 'logical_date' instead.
[2024-07-24T14:32:56.519+0900] {logging_mixin.py:188} WARNING - /Users/DE32/.pyenv/versions/3.11.9/envs/note/lib/python3.11/site-packages/airflow/utils/context.py:212 AirflowContextDeprecationWarning: Accessing 'next_execution_date' from the template is deprecated and will be removed in a future version. Please use 'data_interval_end' instead.
[2024-07-24T14:32:56.519+0900] {logging_mixin.py:188} WARNING - /Users/DE32/.pyenv/versions/3.11.9/envs/note/lib/python3.11/site-packages/airflow/utils/context.py:212 AirflowContextDeprecationWarning: Accessing 'prev_execution_date' from the template is deprecated and will be removed in a future version.
[2024-07-24T14:32:56.526+0900] {taskinstance.py:2648} INFO - Exporting env vars: AIRFLOW_CTX_DAG_OWNER='airflow' AIRFLOW_CTX_DAG_ID='simple_bash' AIRFLOW_CTX_TASK_ID='print.date' AIRFLOW_CTX_EXECUTION_DATE='2024-07-17T00:00:00+00:00' AIRFLOW_CTX_TRY_NUMBER='2' AIRFLOW_CTX_DAG_RUN_ID='scheduled__2024-07-17T00:00:00+00:00'
[2024-07-24T14:32:56.527+0900] {taskinstance.py:430} INFO - ::endgroup::
[2024-07-24T14:32:56.532+0900] {subprocess.py:63} INFO - Tmp dir root location: /var/folders/qv/0knwm5h50ml0skpppwpbks_r0000gp/T
[2024-07-24T14:32:56.533+0900] {subprocess.py:75} INFO - Running command: ['/bin/bash', '-c', '\n            echo "date => `date`"\n            echo "ds => 2024-07-17"\n            echo "ds_nodash => 20240717"\n            echo "logical_date => 2024-07-17 00:00:00+00:00"\n            echo "logical_date => 2024-07-17 00:00:00"\n            echo "execution_date => 2024-07-17 00:00:00+00:00"\n            echo "execution_date => 2024-07-17 00:00:00"\n            echo "next_execution_date => 2024-07-18 00:00:00"\n            echo "prev_execution_date => 2024-07-16 00:00:00"\n            echo "ts => 2024-07-17T00:00:00+00:00"\n        ']
[2024-07-24T14:32:56.536+0900] {subprocess.py:86} INFO - Output:
[2024-07-24T14:32:56.539+0900] {subprocess.py:93} INFO - date => 2024년 7월 24일 수요일 14시 32분 56초 KST
[2024-07-24T14:32:56.539+0900] {subprocess.py:93} INFO - ds => 2024-07-17
[2024-07-24T14:32:56.540+0900] {subprocess.py:93} INFO - ds_nodash => 20240717
[2024-07-24T14:32:56.540+0900] {subprocess.py:93} INFO - logical_date => 2024-07-17 00:00:00+00:00
[2024-07-24T14:32:56.540+0900] {subprocess.py:93} INFO - logical_date => 2024-07-17 00:00:00
[2024-07-24T14:32:56.540+0900] {subprocess.py:93} INFO - execution_date => 2024-07-17 00:00:00+00:00
[2024-07-24T14:32:56.540+0900] {subprocess.py:93} INFO - execution_date => 2024-07-17 00:00:00
[2024-07-24T14:32:56.540+0900] {subprocess.py:93} INFO - next_execution_date => 2024-07-18 00:00:00
[2024-07-24T14:32:56.540+0900] {subprocess.py:93} INFO - prev_execution_date => 2024-07-16 00:00:00
[2024-07-24T14:32:56.541+0900] {subprocess.py:93} INFO - ts => 2024-07-17T00:00:00+00:00
[2024-07-24T14:32:56.541+0900] {subprocess.py:97} INFO - Command exited with return code 0
[2024-07-24T14:32:56.541+0900] {taskinstance.py:441} INFO - ::group::Post task execution logs
[2024-07-24T14:32:56.547+0900] {taskinstance.py:1206} INFO - Marking task as SUCCESS. dag_id=simple_bash, task_id=print.date, run_id=scheduled__2024-07-17T00:00:00+00:00, execution_date=20240717T000000, start_date=20240724T053256, end_date=20240724T053256
[2024-07-24T14:32:56.593+0900] {local_task_job_runner.py:243} INFO - Task exited with return code 0
[2024-07-24T14:32:56.603+0900] {taskinstance.py:3503} INFO - 1 downstream tasks scheduled from follow-on schedule check
[2024-07-24T14:32:56.604+0900] {local_task_job_runner.py:222} INFO - ::endgroup::
