[2024-07-24T14:08:02.712+0900] {local_task_job_runner.py:120} INFO - ::group::Pre task execution logs
[2024-07-24T14:08:02.719+0900] {taskinstance.py:2076} INFO - Dependencies all met for dep_context=non-requeueable deps ti=<TaskInstance: simple_bash.print.date scheduled__2024-07-17T00:00:00+00:00 [queued]>
[2024-07-24T14:08:02.721+0900] {taskinstance.py:2076} INFO - Dependencies all met for dep_context=requeueable deps ti=<TaskInstance: simple_bash.print.date scheduled__2024-07-17T00:00:00+00:00 [queued]>
[2024-07-24T14:08:02.721+0900] {taskinstance.py:2306} INFO - Starting attempt 1 of 2
[2024-07-24T14:08:02.725+0900] {taskinstance.py:2330} INFO - Executing <Task(BashOperator): print.date> on 2024-07-17 00:00:00+00:00
[2024-07-24T14:08:02.728+0900] {standard_task_runner.py:64} INFO - Started process 89561 to run task
[2024-07-24T14:08:02.730+0900] {standard_task_runner.py:90} INFO - Running: ['airflow', 'tasks', 'run', 'simple_bash', 'print.date', 'scheduled__2024-07-17T00:00:00+00:00', '--job-id', '20', '--raw', '--subdir', 'DAGS_FOLDER/simple_bash.py', '--cfg-path', '/var/folders/qv/0knwm5h50ml0skpppwpbks_r0000gp/T/tmpuotm5di3']
[2024-07-24T14:08:02.731+0900] {standard_task_runner.py:91} INFO - Job 20: Subtask print.date
[2024-07-24T14:08:02.745+0900] {task_command.py:426} INFO - Running <TaskInstance: simple_bash.print.date scheduled__2024-07-17T00:00:00+00:00 [running]> on host jeongui-MacBookPro.local
[2024-07-24T14:08:02.760+0900] {logging_mixin.py:188} WARNING - /Users/DE32/.pyenv/versions/3.11.9/envs/note/lib/python3.11/site-packages/airflow/utils/context.py:212 AirflowContextDeprecationWarning: Accessing 'execution_date' from the template is deprecated and will be removed in a future version. Please use 'data_interval_start' or 'logical_date' instead.
[2024-07-24T14:08:02.761+0900] {logging_mixin.py:188} WARNING - /Users/DE32/.pyenv/versions/3.11.9/envs/note/lib/python3.11/site-packages/airflow/utils/context.py:212 AirflowContextDeprecationWarning: Accessing 'next_execution_date' from the template is deprecated and will be removed in a future version. Please use 'data_interval_end' instead.
[2024-07-24T14:08:02.761+0900] {logging_mixin.py:188} WARNING - /Users/DE32/.pyenv/versions/3.11.9/envs/note/lib/python3.11/site-packages/airflow/utils/context.py:212 AirflowContextDeprecationWarning: Accessing 'prev_execution_date' from the template is deprecated and will be removed in a future version.
[2024-07-24T14:08:02.769+0900] {taskinstance.py:2648} INFO - Exporting env vars: AIRFLOW_CTX_DAG_OWNER='airflow' AIRFLOW_CTX_DAG_ID='simple_bash' AIRFLOW_CTX_TASK_ID='print.date' AIRFLOW_CTX_EXECUTION_DATE='2024-07-17T00:00:00+00:00' AIRFLOW_CTX_TRY_NUMBER='1' AIRFLOW_CTX_DAG_RUN_ID='scheduled__2024-07-17T00:00:00+00:00'
[2024-07-24T14:08:02.769+0900] {taskinstance.py:430} INFO - ::endgroup::
[2024-07-24T14:08:02.775+0900] {subprocess.py:63} INFO - Tmp dir root location: /var/folders/qv/0knwm5h50ml0skpppwpbks_r0000gp/T
[2024-07-24T14:08:02.776+0900] {subprocess.py:75} INFO - Running command: ['/bin/bash', '-c', '\n            echo "date => `date`"\n            echo "ds => 2024-07-17"\n            echo "ds_nodash => 20240717"\n            echo "logical_date => 2024-07-17 00:00:00+00:00"\n            echo "logical_date => 2024-07-17 00:00:00"\n            echo "execution_date => 2024-07-17 00:00:00+00:00"\n            echo "execution_date => 2024-07-17 00:00:00"\n            echo "next_execution_date => 2024-07-18 00:00:00"\n            echo "prev_execution_date => 2024-07-16 00:00:00"\n            echo "ts => 2024-07-17T00:00:00+00:00"\n        ']
[2024-07-24T14:08:02.778+0900] {subprocess.py:86} INFO - Output:
[2024-07-24T14:08:02.782+0900] {subprocess.py:93} INFO - date => 2024년 7월 24일 수요일 14시 08분 02초 KST
[2024-07-24T14:08:02.782+0900] {subprocess.py:93} INFO - ds => 2024-07-17
[2024-07-24T14:08:02.782+0900] {subprocess.py:93} INFO - ds_nodash => 20240717
[2024-07-24T14:08:02.782+0900] {subprocess.py:93} INFO - logical_date => 2024-07-17 00:00:00+00:00
[2024-07-24T14:08:02.783+0900] {subprocess.py:93} INFO - logical_date => 2024-07-17 00:00:00
[2024-07-24T14:08:02.783+0900] {subprocess.py:93} INFO - execution_date => 2024-07-17 00:00:00+00:00
[2024-07-24T14:08:02.783+0900] {subprocess.py:93} INFO - execution_date => 2024-07-17 00:00:00
[2024-07-24T14:08:02.783+0900] {subprocess.py:93} INFO - next_execution_date => 2024-07-18 00:00:00
[2024-07-24T14:08:02.783+0900] {subprocess.py:93} INFO - prev_execution_date => 2024-07-16 00:00:00
[2024-07-24T14:08:02.783+0900] {subprocess.py:93} INFO - ts => 2024-07-17T00:00:00+00:00
[2024-07-24T14:08:02.783+0900] {subprocess.py:97} INFO - Command exited with return code 0
[2024-07-24T14:08:02.784+0900] {taskinstance.py:441} INFO - ::group::Post task execution logs
[2024-07-24T14:08:02.790+0900] {taskinstance.py:1206} INFO - Marking task as SUCCESS. dag_id=simple_bash, task_id=print.date, run_id=scheduled__2024-07-17T00:00:00+00:00, execution_date=20240717T000000, start_date=20240724T050802, end_date=20240724T050802
[2024-07-24T14:08:02.837+0900] {local_task_job_runner.py:243} INFO - Task exited with return code 0
[2024-07-24T14:08:02.847+0900] {taskinstance.py:3503} INFO - 1 downstream tasks scheduled from follow-on schedule check
[2024-07-24T14:08:02.848+0900] {local_task_job_runner.py:222} INFO - ::endgroup::
[2024-07-24T14:20:14.631+0900] {local_task_job_runner.py:120} INFO - ::group::Pre task execution logs
[2024-07-24T14:20:14.638+0900] {taskinstance.py:2076} INFO - Dependencies all met for dep_context=non-requeueable deps ti=<TaskInstance: simple_bash.print.date scheduled__2024-07-17T00:00:00+00:00 [queued]>
[2024-07-24T14:20:14.640+0900] {taskinstance.py:2076} INFO - Dependencies all met for dep_context=requeueable deps ti=<TaskInstance: simple_bash.print.date scheduled__2024-07-17T00:00:00+00:00 [queued]>
[2024-07-24T14:20:14.641+0900] {taskinstance.py:2306} INFO - Starting attempt 1 of 1
[2024-07-24T14:20:14.644+0900] {taskinstance.py:2330} INFO - Executing <Task(BashOperator): print.date> on 2024-07-17 00:00:00+00:00
[2024-07-24T14:20:14.647+0900] {standard_task_runner.py:64} INFO - Started process 90878 to run task
[2024-07-24T14:20:14.649+0900] {standard_task_runner.py:90} INFO - Running: ['airflow', 'tasks', 'run', 'simple_bash', 'print.date', 'scheduled__2024-07-17T00:00:00+00:00', '--job-id', '116', '--raw', '--subdir', 'DAGS_FOLDER/simple_bash.py', '--cfg-path', '/var/folders/qv/0knwm5h50ml0skpppwpbks_r0000gp/T/tmpxc70_rcg']
[2024-07-24T14:20:14.651+0900] {standard_task_runner.py:91} INFO - Job 116: Subtask print.date
[2024-07-24T14:20:14.665+0900] {task_command.py:426} INFO - Running <TaskInstance: simple_bash.print.date scheduled__2024-07-17T00:00:00+00:00 [running]> on host jeongui-MacBookPro.local
[2024-07-24T14:20:14.680+0900] {logging_mixin.py:188} WARNING - /Users/DE32/.pyenv/versions/3.11.9/envs/note/lib/python3.11/site-packages/airflow/utils/context.py:212 AirflowContextDeprecationWarning: Accessing 'execution_date' from the template is deprecated and will be removed in a future version. Please use 'data_interval_start' or 'logical_date' instead.
[2024-07-24T14:20:14.681+0900] {logging_mixin.py:188} WARNING - /Users/DE32/.pyenv/versions/3.11.9/envs/note/lib/python3.11/site-packages/airflow/utils/context.py:212 AirflowContextDeprecationWarning: Accessing 'next_execution_date' from the template is deprecated and will be removed in a future version. Please use 'data_interval_end' instead.
[2024-07-24T14:20:14.681+0900] {logging_mixin.py:188} WARNING - /Users/DE32/.pyenv/versions/3.11.9/envs/note/lib/python3.11/site-packages/airflow/utils/context.py:212 AirflowContextDeprecationWarning: Accessing 'prev_execution_date' from the template is deprecated and will be removed in a future version.
[2024-07-24T14:20:14.689+0900] {taskinstance.py:2648} INFO - Exporting env vars: AIRFLOW_CTX_DAG_OWNER='airflow' AIRFLOW_CTX_DAG_ID='simple_bash' AIRFLOW_CTX_TASK_ID='print.date' AIRFLOW_CTX_EXECUTION_DATE='2024-07-17T00:00:00+00:00' AIRFLOW_CTX_TRY_NUMBER='1' AIRFLOW_CTX_DAG_RUN_ID='scheduled__2024-07-17T00:00:00+00:00'
[2024-07-24T14:20:14.689+0900] {taskinstance.py:430} INFO - ::endgroup::
[2024-07-24T14:20:14.695+0900] {subprocess.py:63} INFO - Tmp dir root location: /var/folders/qv/0knwm5h50ml0skpppwpbks_r0000gp/T
[2024-07-24T14:20:14.695+0900] {subprocess.py:75} INFO - Running command: ['/bin/bash', '-c', '\n            echo "date => `date`"\n            echo "ds => 2024-07-17"\n            echo "ds_nodash => 20240717"\n            echo "logical_date => 2024-07-17 00:00:00+00:00"\n            echo "logical_date => 2024-07-17 00:00:00"\n            echo "execution_date => 2024-07-17 00:00:00+00:00"\n            echo "execution_date => 2024-07-17 00:00:00"\n            echo "next_execution_date => 2024-07-18 00:00:00"\n            echo "prev_execution_date => 2024-07-16 00:00:00"\n            echo "ts => 2024-07-17T00:00:00+00:00"\n        ']
[2024-07-24T14:20:14.698+0900] {subprocess.py:86} INFO - Output:
[2024-07-24T14:20:14.702+0900] {subprocess.py:93} INFO - date => 2024년 7월 24일 수요일 14시 20분 14초 KST
[2024-07-24T14:20:14.702+0900] {subprocess.py:93} INFO - ds => 2024-07-17
[2024-07-24T14:20:14.702+0900] {subprocess.py:93} INFO - ds_nodash => 20240717
[2024-07-24T14:20:14.702+0900] {subprocess.py:93} INFO - logical_date => 2024-07-17 00:00:00+00:00
[2024-07-24T14:20:14.702+0900] {subprocess.py:93} INFO - logical_date => 2024-07-17 00:00:00
[2024-07-24T14:20:14.702+0900] {subprocess.py:93} INFO - execution_date => 2024-07-17 00:00:00+00:00
[2024-07-24T14:20:14.703+0900] {subprocess.py:93} INFO - execution_date => 2024-07-17 00:00:00
[2024-07-24T14:20:14.703+0900] {subprocess.py:93} INFO - next_execution_date => 2024-07-18 00:00:00
[2024-07-24T14:20:14.703+0900] {subprocess.py:93} INFO - prev_execution_date => 2024-07-16 00:00:00
[2024-07-24T14:20:14.703+0900] {subprocess.py:93} INFO - ts => 2024-07-17T00:00:00+00:00
[2024-07-24T14:20:14.703+0900] {subprocess.py:97} INFO - Command exited with return code 0
[2024-07-24T14:20:14.704+0900] {taskinstance.py:441} INFO - ::group::Post task execution logs
[2024-07-24T14:20:14.709+0900] {taskinstance.py:1206} INFO - Marking task as SUCCESS. dag_id=simple_bash, task_id=print.date, run_id=scheduled__2024-07-17T00:00:00+00:00, execution_date=20240717T000000, start_date=20240724T052014, end_date=20240724T052014
[2024-07-24T14:20:14.757+0900] {local_task_job_runner.py:243} INFO - Task exited with return code 0
[2024-07-24T14:20:14.767+0900] {taskinstance.py:3503} INFO - 1 downstream tasks scheduled from follow-on schedule check
[2024-07-24T14:20:14.767+0900] {local_task_job_runner.py:222} INFO - ::endgroup::
