[2024-07-30T11:13:52.981+0900] {local_task_job_runner.py:120} INFO - ::group::Pre task execution logs
[2024-07-30T11:13:52.993+0900] {taskinstance.py:2076} INFO - Dependencies all met for dep_context=non-requeueable deps ti=<TaskInstance: movie.save_data scheduled__2024-07-26T04:10:00+00:00 [queued]>
[2024-07-30T11:13:52.996+0900] {taskinstance.py:2076} INFO - Dependencies all met for dep_context=requeueable deps ti=<TaskInstance: movie.save_data scheduled__2024-07-26T04:10:00+00:00 [queued]>
[2024-07-30T11:13:52.996+0900] {taskinstance.py:2306} INFO - Starting attempt 2 of 3
[2024-07-30T11:13:53.003+0900] {taskinstance.py:2330} INFO - Executing <Task(BashOperator): save_data> on 2024-07-26 04:10:00+00:00
[2024-07-30T11:13:53.006+0900] {standard_task_runner.py:64} INFO - Started process 7998 to run task
[2024-07-30T11:13:53.008+0900] {standard_task_runner.py:90} INFO - Running: ['airflow', 'tasks', 'run', 'movie', 'save_data', 'scheduled__2024-07-26T04:10:00+00:00', '--job-id', '660', '--raw', '--subdir', 'DAGS_FOLDER/movie.py', '--cfg-path', '/var/folders/qv/0knwm5h50ml0skpppwpbks_r0000gp/T/tmpl_zdf7m3']
[2024-07-30T11:13:53.010+0900] {standard_task_runner.py:91} INFO - Job 660: Subtask save_data
[2024-07-30T11:13:53.025+0900] {task_command.py:426} INFO - Running <TaskInstance: movie.save_data scheduled__2024-07-26T04:10:00+00:00 [running]> on host jeongui-MacBookPro.local
[2024-07-30T11:13:53.045+0900] {taskinstance.py:2648} INFO - Exporting env vars: AIRFLOW_CTX_DAG_OWNER='airflow' AIRFLOW_CTX_DAG_ID='movie' AIRFLOW_CTX_TASK_ID='save_data' AIRFLOW_CTX_EXECUTION_DATE='2024-07-26T04:10:00+00:00' AIRFLOW_CTX_TRY_NUMBER='2' AIRFLOW_CTX_DAG_RUN_ID='scheduled__2024-07-26T04:10:00+00:00'
[2024-07-30T11:13:53.045+0900] {taskinstance.py:430} INFO - ::endgroup::
[2024-07-30T11:13:53.050+0900] {subprocess.py:63} INFO - Tmp dir root location: /var/folders/qv/0knwm5h50ml0skpppwpbks_r0000gp/T
[2024-07-30T11:13:53.051+0900] {subprocess.py:75} INFO - Running command: ['/bin/bash', '-c', '\n                echo "save_data"\n                ']
[2024-07-30T11:13:53.053+0900] {subprocess.py:86} INFO - Output:
[2024-07-30T11:13:53.055+0900] {subprocess.py:93} INFO - save_data
[2024-07-30T11:13:53.055+0900] {subprocess.py:97} INFO - Command exited with return code 0
[2024-07-30T11:13:53.055+0900] {taskinstance.py:441} INFO - ::group::Post task execution logs
[2024-07-30T11:13:53.062+0900] {taskinstance.py:1206} INFO - Marking task as SUCCESS. dag_id=movie, task_id=save_data, run_id=scheduled__2024-07-26T04:10:00+00:00, execution_date=20240726T041000, start_date=20240730T021352, end_date=20240730T021353
[2024-07-30T11:13:53.070+0900] {local_task_job_runner.py:243} INFO - Task exited with return code 0
[2024-07-30T11:13:53.075+0900] {taskinstance.py:3503} INFO - 0 downstream tasks scheduled from follow-on schedule check
[2024-07-30T11:13:53.075+0900] {local_task_job_runner.py:222} INFO - ::endgroup::
