[2024-07-24T15:05:26.405+0900] {local_task_job_runner.py:120} INFO - ::group::Pre task execution logs
[2024-07-24T15:05:26.413+0900] {taskinstance.py:2076} INFO - Dependencies all met for dep_context=non-requeueable deps ti=<TaskInstance: import_db.Check scheduled__2024-07-13T00:00:00+00:00 [queued]>
[2024-07-24T15:05:26.416+0900] {taskinstance.py:2076} INFO - Dependencies all met for dep_context=requeueable deps ti=<TaskInstance: import_db.Check scheduled__2024-07-13T00:00:00+00:00 [queued]>
[2024-07-24T15:05:26.416+0900] {taskinstance.py:2306} INFO - Starting attempt 2 of 2
[2024-07-24T15:05:26.420+0900] {taskinstance.py:2330} INFO - Executing <Task(BashOperator): Check> on 2024-07-13 00:00:00+00:00
[2024-07-24T15:05:26.422+0900] {standard_task_runner.py:64} INFO - Started process 94301 to run task
[2024-07-24T15:05:26.424+0900] {standard_task_runner.py:90} INFO - Running: ['airflow', 'tasks', 'run', 'import_db', 'Check', 'scheduled__2024-07-13T00:00:00+00:00', '--job-id', '234', '--raw', '--subdir', 'DAGS_FOLDER/import_db.py', '--cfg-path', '/var/folders/qv/0knwm5h50ml0skpppwpbks_r0000gp/T/tmpcx48u8xq']
[2024-07-24T15:05:26.426+0900] {standard_task_runner.py:91} INFO - Job 234: Subtask Check
[2024-07-24T15:05:26.440+0900] {task_command.py:426} INFO - Running <TaskInstance: import_db.Check scheduled__2024-07-13T00:00:00+00:00 [running]> on host jeongui-MacBookPro.local
[2024-07-24T15:05:26.463+0900] {taskinstance.py:2648} INFO - Exporting env vars: AIRFLOW_CTX_DAG_OWNER='airflow' AIRFLOW_CTX_DAG_ID='import_db' AIRFLOW_CTX_TASK_ID='Check' AIRFLOW_CTX_EXECUTION_DATE='2024-07-13T00:00:00+00:00' AIRFLOW_CTX_TRY_NUMBER='2' AIRFLOW_CTX_DAG_RUN_ID='scheduled__2024-07-13T00:00:00+00:00'
[2024-07-24T15:05:26.463+0900] {taskinstance.py:430} INFO - ::endgroup::
[2024-07-24T15:05:26.470+0900] {subprocess.py:63} INFO - Tmp dir root location: /var/folders/qv/0knwm5h50ml0skpppwpbks_r0000gp/T
[2024-07-24T15:05:26.470+0900] {subprocess.py:75} INFO - Running command: ['/bin/bash', '-c', 'bash /Users/DE32/airflow/sh/simple_done_check.sh ~/data/done/20240713/_DONE']
[2024-07-24T15:05:26.473+0900] {subprocess.py:86} INFO - Output:
[2024-07-24T15:05:26.476+0900] {subprocess.py:93} INFO - /Users/DE32/airflow/sh/simple_done_check.sh: line 5: figlet: command not found
[2024-07-24T15:05:26.477+0900] {subprocess.py:97} INFO - Command exited with return code 0
[2024-07-24T15:05:26.477+0900] {taskinstance.py:441} INFO - ::group::Post task execution logs
[2024-07-24T15:05:26.483+0900] {taskinstance.py:1206} INFO - Marking task as SUCCESS. dag_id=import_db, task_id=Check, run_id=scheduled__2024-07-13T00:00:00+00:00, execution_date=20240713T000000, start_date=20240724T060526, end_date=20240724T060526
[2024-07-24T15:05:26.531+0900] {local_task_job_runner.py:243} INFO - Task exited with return code 0
[2024-07-24T15:05:26.538+0900] {taskinstance.py:3503} INFO - 0 downstream tasks scheduled from follow-on schedule check
[2024-07-24T15:05:26.538+0900] {local_task_job_runner.py:222} INFO - ::endgroup::
