[2024-07-24T16:08:02.836+0900] {local_task_job_runner.py:120} INFO - ::group::Pre task execution logs
[2024-07-24T16:08:02.843+0900] {taskinstance.py:2076} INFO - Dependencies all met for dep_context=non-requeueable deps ti=<TaskInstance: make_parquet.make.done scheduled__2024-07-15T00:00:00+00:00 [queued]>
[2024-07-24T16:08:02.845+0900] {taskinstance.py:2076} INFO - Dependencies all met for dep_context=requeueable deps ti=<TaskInstance: make_parquet.make.done scheduled__2024-07-15T00:00:00+00:00 [queued]>
[2024-07-24T16:08:02.846+0900] {taskinstance.py:2306} INFO - Starting attempt 1 of 1
[2024-07-24T16:08:02.849+0900] {taskinstance.py:2330} INFO - Executing <Task(BashOperator): make.done> on 2024-07-15 00:00:00+00:00
[2024-07-24T16:08:02.852+0900] {standard_task_runner.py:64} INFO - Started process 98041 to run task
[2024-07-24T16:08:02.854+0900] {standard_task_runner.py:90} INFO - Running: ['airflow', 'tasks', 'run', 'make_parquet', 'make.done', 'scheduled__2024-07-15T00:00:00+00:00', '--job-id', '382', '--raw', '--subdir', 'DAGS_FOLDER/make_parquet.py', '--cfg-path', '/var/folders/qv/0knwm5h50ml0skpppwpbks_r0000gp/T/tmpccg6qjzk']
[2024-07-24T16:08:02.855+0900] {standard_task_runner.py:91} INFO - Job 382: Subtask make.done
[2024-07-24T16:08:02.869+0900] {task_command.py:426} INFO - Running <TaskInstance: make_parquet.make.done scheduled__2024-07-15T00:00:00+00:00 [running]> on host jeongui-MacBookPro.local
[2024-07-24T16:08:02.893+0900] {taskinstance.py:2648} INFO - Exporting env vars: AIRFLOW_CTX_DAG_OWNER='airflow' AIRFLOW_CTX_DAG_ID='make_parquet' AIRFLOW_CTX_TASK_ID='make.done' AIRFLOW_CTX_EXECUTION_DATE='2024-07-15T00:00:00+00:00' AIRFLOW_CTX_TRY_NUMBER='1' AIRFLOW_CTX_DAG_RUN_ID='scheduled__2024-07-15T00:00:00+00:00'
[2024-07-24T16:08:02.893+0900] {taskinstance.py:430} INFO - ::endgroup::
[2024-07-24T16:08:02.899+0900] {subprocess.py:63} INFO - Tmp dir root location: /var/folders/qv/0knwm5h50ml0skpppwpbks_r0000gp/T
[2024-07-24T16:08:02.900+0900] {subprocess.py:75} INFO - Running command: ['/bin/bash', '-c', '\n            echo "create.table"\n            echo "/Users/DE32/airflow/sql/create_to_talbe.sql"\n            sh /Users/DE32/airflow/sh/create_table.sh /Users/DE32/airflow/sql/create_to_table\n            echo "create done"\n            ']
[2024-07-24T16:08:02.902+0900] {subprocess.py:86} INFO - Output:
[2024-07-24T16:08:02.904+0900] {subprocess.py:93} INFO - create.table
[2024-07-24T16:08:02.904+0900] {subprocess.py:93} INFO - /Users/DE32/airflow/sql/create_to_talbe.sql
[2024-07-24T16:08:02.918+0900] {subprocess.py:93} INFO - create done
[2024-07-24T16:08:02.918+0900] {subprocess.py:97} INFO - Command exited with return code 0
[2024-07-24T16:08:02.918+0900] {taskinstance.py:441} INFO - ::group::Post task execution logs
[2024-07-24T16:08:02.929+0900] {taskinstance.py:1206} INFO - Marking task as SUCCESS. dag_id=make_parquet, task_id=make.done, run_id=scheduled__2024-07-15T00:00:00+00:00, execution_date=20240715T000000, start_date=20240724T070802, end_date=20240724T070802
[2024-07-24T16:08:02.961+0900] {local_task_job_runner.py:243} INFO - Task exited with return code 0
[2024-07-24T16:08:02.967+0900] {taskinstance.py:3503} INFO - 0 downstream tasks scheduled from follow-on schedule check
[2024-07-24T16:08:02.967+0900] {local_task_job_runner.py:222} INFO - ::endgroup::
[2024-07-24T16:36:09.845+0900] {local_task_job_runner.py:120} INFO - ::group::Pre task execution logs
[2024-07-24T16:36:09.853+0900] {taskinstance.py:2076} INFO - Dependencies all met for dep_context=non-requeueable deps ti=<TaskInstance: make_parquet.make.done scheduled__2024-07-15T00:00:00+00:00 [queued]>
[2024-07-24T16:36:09.855+0900] {taskinstance.py:2076} INFO - Dependencies all met for dep_context=requeueable deps ti=<TaskInstance: make_parquet.make.done scheduled__2024-07-15T00:00:00+00:00 [queued]>
[2024-07-24T16:36:09.856+0900] {taskinstance.py:2306} INFO - Starting attempt 1 of 2
[2024-07-24T16:36:09.861+0900] {taskinstance.py:2330} INFO - Executing <Task(BashOperator): make.done> on 2024-07-15 00:00:00+00:00
[2024-07-24T16:36:09.863+0900] {standard_task_runner.py:64} INFO - Started process 1056 to run task
[2024-07-24T16:36:09.866+0900] {standard_task_runner.py:90} INFO - Running: ['airflow', 'tasks', 'run', 'make_parquet', 'make.done', 'scheduled__2024-07-15T00:00:00+00:00', '--job-id', '388', '--raw', '--subdir', 'DAGS_FOLDER/make_parquet.py', '--cfg-path', '/var/folders/qv/0knwm5h50ml0skpppwpbks_r0000gp/T/tmpvbx3d9qm']
[2024-07-24T16:36:09.867+0900] {standard_task_runner.py:91} INFO - Job 388: Subtask make.done
[2024-07-24T16:36:09.882+0900] {task_command.py:426} INFO - Running <TaskInstance: make_parquet.make.done scheduled__2024-07-15T00:00:00+00:00 [running]> on host jeongui-MacBookPro.local
[2024-07-24T16:36:09.916+0900] {taskinstance.py:2648} INFO - Exporting env vars: AIRFLOW_CTX_DAG_OWNER='airflow' AIRFLOW_CTX_DAG_ID='make_parquet' AIRFLOW_CTX_TASK_ID='make.done' AIRFLOW_CTX_EXECUTION_DATE='2024-07-15T00:00:00+00:00' AIRFLOW_CTX_TRY_NUMBER='1' AIRFLOW_CTX_DAG_RUN_ID='scheduled__2024-07-15T00:00:00+00:00'
[2024-07-24T16:36:09.916+0900] {taskinstance.py:430} INFO - ::endgroup::
[2024-07-24T16:36:09.924+0900] {subprocess.py:63} INFO - Tmp dir root location: /var/folders/qv/0knwm5h50ml0skpppwpbks_r0000gp/T
[2024-07-24T16:36:09.924+0900] {subprocess.py:75} INFO - Running command: ['/bin/bash', '-c', '\n        PARQUET_DONE_PATH=~/data/done/_parquet/20240715\n        mkdir -p $PARQUET_DONE_PATH\n        echo "PATH=$PARQUET_DONE_PATH"\n        touch $PARQUET_DONE_PATH/_DONE\n        ']
[2024-07-24T16:36:09.928+0900] {subprocess.py:86} INFO - Output:
[2024-07-24T16:36:09.932+0900] {subprocess.py:93} INFO - PATH=/Users/DE32/data/done/_parquet/20240715
[2024-07-24T16:36:09.935+0900] {subprocess.py:97} INFO - Command exited with return code 0
[2024-07-24T16:36:09.936+0900] {taskinstance.py:441} INFO - ::group::Post task execution logs
[2024-07-24T16:36:09.943+0900] {taskinstance.py:1206} INFO - Marking task as SUCCESS. dag_id=make_parquet, task_id=make.done, run_id=scheduled__2024-07-15T00:00:00+00:00, execution_date=20240715T000000, start_date=20240724T073609, end_date=20240724T073609
[2024-07-24T16:36:09.969+0900] {local_task_job_runner.py:243} INFO - Task exited with return code 0
[2024-07-24T16:36:09.976+0900] {taskinstance.py:3503} INFO - 0 downstream tasks scheduled from follow-on schedule check
[2024-07-24T16:36:09.976+0900] {local_task_job_runner.py:222} INFO - ::endgroup::
