[2024-07-31T10:00:27.371+0900] {local_task_job_runner.py:120} INFO - ::group::Pre task execution logs
[2024-07-31T10:00:27.384+0900] {taskinstance.py:2076} INFO - Dependencies all met for dep_context=non-requeueable deps ti=<TaskInstance: movie.branch.op scheduled__2024-07-24T02:10:00+00:00 [queued]>
[2024-07-31T10:00:27.388+0900] {taskinstance.py:2076} INFO - Dependencies all met for dep_context=requeueable deps ti=<TaskInstance: movie.branch.op scheduled__2024-07-24T02:10:00+00:00 [queued]>
[2024-07-31T10:00:27.388+0900] {taskinstance.py:2306} INFO - Starting attempt 1 of 2
[2024-07-31T10:00:27.394+0900] {taskinstance.py:2330} INFO - Executing <Task(BranchPythonOperator): branch.op> on 2024-07-24 02:10:00+00:00
[2024-07-31T10:00:27.397+0900] {standard_task_runner.py:64} INFO - Started process 7296 to run task
[2024-07-31T10:00:27.400+0900] {standard_task_runner.py:90} INFO - Running: ['airflow', 'tasks', 'run', 'movie', 'branch.op', 'scheduled__2024-07-24T02:10:00+00:00', '--job-id', '673', '--raw', '--subdir', 'DAGS_FOLDER/movie.py', '--cfg-path', '/var/folders/qv/0knwm5h50ml0skpppwpbks_r0000gp/T/tmp89z5506w']
[2024-07-31T10:00:27.401+0900] {standard_task_runner.py:91} INFO - Job 673: Subtask branch.op
[2024-07-31T10:00:27.417+0900] {task_command.py:426} INFO - Running <TaskInstance: movie.branch.op scheduled__2024-07-24T02:10:00+00:00 [running]> on host jeongui-MacBookPro.local
[2024-07-31T10:00:27.435+0900] {taskinstance.py:2648} INFO - Exporting env vars: AIRFLOW_CTX_DAG_OWNER='airflow' AIRFLOW_CTX_DAG_ID='movie' AIRFLOW_CTX_TASK_ID='branch.op' AIRFLOW_CTX_EXECUTION_DATE='2024-07-24T02:10:00+00:00' AIRFLOW_CTX_TRY_NUMBER='1' AIRFLOW_CTX_DAG_RUN_ID='scheduled__2024-07-24T02:10:00+00:00'
[2024-07-31T10:00:27.435+0900] {taskinstance.py:430} INFO - ::endgroup::
[2024-07-31T10:00:27.443+0900] {baseoperator.py:400} WARNING - BranchPythonOperator.execute cannot be called outside TaskInstance!
[2024-07-31T10:00:27.443+0900] {python.py:237} INFO - Done. Returned value was: rm.dir
[2024-07-31T10:00:27.443+0900] {branch.py:36} INFO - Branch into rm.dir
[2024-07-31T10:00:27.443+0900] {skipmixin.py:178} INFO - Following branch rm.dir
[2024-07-31T10:00:27.447+0900] {skipmixin.py:246} INFO - Skipping tasks [('echo.task', -1)]
[2024-07-31T10:00:27.451+0900] {taskinstance.py:441} INFO - ::group::Post task execution logs
[2024-07-31T10:00:27.454+0900] {taskinstance.py:1206} INFO - Marking task as SUCCESS. dag_id=movie, task_id=branch.op, run_id=scheduled__2024-07-24T02:10:00+00:00, execution_date=20240724T021000, start_date=20240731T010027, end_date=20240731T010027
[2024-07-31T10:00:27.461+0900] {local_task_job_runner.py:243} INFO - Task exited with return code 0
[2024-07-31T10:00:27.471+0900] {taskinstance.py:3503} INFO - 1 downstream tasks scheduled from follow-on schedule check
[2024-07-31T10:00:27.472+0900] {local_task_job_runner.py:222} INFO - ::endgroup::
[2024-07-31T16:27:51.453+0900] {local_task_job_runner.py:120} INFO - ::group::Pre task execution logs
[2024-07-31T16:27:51.464+0900] {taskinstance.py:2076} INFO - Dependencies all met for dep_context=non-requeueable deps ti=<TaskInstance: movie.branch.op scheduled__2024-07-24T02:10:00+00:00 [queued]>
[2024-07-31T16:27:51.467+0900] {taskinstance.py:2076} INFO - Dependencies all met for dep_context=requeueable deps ti=<TaskInstance: movie.branch.op scheduled__2024-07-24T02:10:00+00:00 [queued]>
[2024-07-31T16:27:51.468+0900] {taskinstance.py:2306} INFO - Starting attempt 1 of 2
[2024-07-31T16:27:51.474+0900] {taskinstance.py:2330} INFO - Executing <Task(BranchPythonOperator): branch.op> on 2024-07-24 02:10:00+00:00
[2024-07-31T16:27:51.477+0900] {standard_task_runner.py:64} INFO - Started process 18703 to run task
[2024-07-31T16:27:51.479+0900] {standard_task_runner.py:90} INFO - Running: ['airflow', 'tasks', 'run', 'movie', 'branch.op', 'scheduled__2024-07-24T02:10:00+00:00', '--job-id', '775', '--raw', '--subdir', 'DAGS_FOLDER/movie.py', '--cfg-path', '/var/folders/qv/0knwm5h50ml0skpppwpbks_r0000gp/T/tmprtuv_9d4']
[2024-07-31T16:27:51.481+0900] {standard_task_runner.py:91} INFO - Job 775: Subtask branch.op
[2024-07-31T16:27:51.497+0900] {task_command.py:426} INFO - Running <TaskInstance: movie.branch.op scheduled__2024-07-24T02:10:00+00:00 [running]> on host jeongui-MacBookPro.local
[2024-07-31T16:27:51.515+0900] {taskinstance.py:2648} INFO - Exporting env vars: AIRFLOW_CTX_DAG_OWNER='airflow' AIRFLOW_CTX_DAG_ID='movie' AIRFLOW_CTX_TASK_ID='branch.op' AIRFLOW_CTX_EXECUTION_DATE='2024-07-24T02:10:00+00:00' AIRFLOW_CTX_TRY_NUMBER='1' AIRFLOW_CTX_DAG_RUN_ID='scheduled__2024-07-24T02:10:00+00:00'
[2024-07-31T16:27:51.516+0900] {taskinstance.py:430} INFO - ::endgroup::
[2024-07-31T16:27:51.522+0900] {baseoperator.py:400} WARNING - BranchPythonOperator.execute cannot be called outside TaskInstance!
[2024-07-31T16:27:51.522+0900] {python.py:237} INFO - Done. Returned value was: rm.dir
[2024-07-31T16:27:51.522+0900] {branch.py:36} INFO - Branch into rm.dir
[2024-07-31T16:27:51.523+0900] {skipmixin.py:178} INFO - Following branch rm.dir
[2024-07-31T16:27:51.527+0900] {skipmixin.py:246} INFO - Skipping tasks [('echo.task', -1)]
[2024-07-31T16:27:51.531+0900] {taskinstance.py:441} INFO - ::group::Post task execution logs
[2024-07-31T16:27:51.534+0900] {taskinstance.py:1206} INFO - Marking task as SUCCESS. dag_id=movie, task_id=branch.op, run_id=scheduled__2024-07-24T02:10:00+00:00, execution_date=20240724T021000, start_date=20240731T072751, end_date=20240731T072751
[2024-07-31T16:27:51.541+0900] {local_task_job_runner.py:243} INFO - Task exited with return code 0
[2024-07-31T16:27:51.552+0900] {taskinstance.py:3503} INFO - 1 downstream tasks scheduled from follow-on schedule check
[2024-07-31T16:27:51.553+0900] {local_task_job_runner.py:222} INFO - ::endgroup::
