[2024-07-31T19:34:25.665+0900] {local_task_job_runner.py:120} INFO - ::group::Pre task execution logs
[2024-07-31T19:34:25.676+0900] {taskinstance.py:2076} INFO - Dependencies all met for dep_context=non-requeueable deps ti=<TaskInstance: movie.branch.op scheduled__2024-07-24T02:10:00+00:00 [queued]>
[2024-07-31T19:34:25.679+0900] {taskinstance.py:2076} INFO - Dependencies all met for dep_context=requeueable deps ti=<TaskInstance: movie.branch.op scheduled__2024-07-24T02:10:00+00:00 [queued]>
[2024-07-31T19:34:25.679+0900] {taskinstance.py:2306} INFO - Starting attempt 4 of 5
[2024-07-31T19:34:25.686+0900] {taskinstance.py:2330} INFO - Executing <Task(BranchPythonOperator): branch.op> on 2024-07-24 02:10:00+00:00
[2024-07-31T19:34:25.689+0900] {standard_task_runner.py:64} INFO - Started process 32344 to run task
[2024-07-31T19:34:25.692+0900] {standard_task_runner.py:90} INFO - Running: ['airflow', 'tasks', 'run', 'movie', 'branch.op', 'scheduled__2024-07-24T02:10:00+00:00', '--job-id', '931', '--raw', '--subdir', 'DAGS_FOLDER/movie.py', '--cfg-path', '/var/folders/qv/0knwm5h50ml0skpppwpbks_r0000gp/T/tmpgeorr6np']
[2024-07-31T19:34:25.693+0900] {standard_task_runner.py:91} INFO - Job 931: Subtask branch.op
[2024-07-31T19:34:25.708+0900] {task_command.py:426} INFO - Running <TaskInstance: movie.branch.op scheduled__2024-07-24T02:10:00+00:00 [running]> on host jeongui-MacBookPro.local
[2024-07-31T19:34:25.729+0900] {taskinstance.py:2648} INFO - Exporting env vars: AIRFLOW_CTX_DAG_OWNER='airflow' AIRFLOW_CTX_DAG_ID='movie' AIRFLOW_CTX_TASK_ID='branch.op' AIRFLOW_CTX_EXECUTION_DATE='2024-07-24T02:10:00+00:00' AIRFLOW_CTX_TRY_NUMBER='4' AIRFLOW_CTX_DAG_RUN_ID='scheduled__2024-07-24T02:10:00+00:00'
[2024-07-31T19:34:25.729+0900] {taskinstance.py:430} INFO - ::endgroup::
[2024-07-31T19:34:25.736+0900] {baseoperator.py:400} WARNING - BranchPythonOperator.execute cannot be called outside TaskInstance!
[2024-07-31T19:34:25.736+0900] {python.py:237} INFO - Done. Returned value was: ('get.data', 'echo.task')
[2024-07-31T19:34:25.736+0900] {branch.py:36} INFO - Branch into ('get.data', 'echo.task')
[2024-07-31T19:34:25.737+0900] {skipmixin.py:178} INFO - Following branch ('get.data', 'echo.task')
[2024-07-31T19:34:25.741+0900] {skipmixin.py:246} INFO - Skipping tasks [('rm.dir', -1)]
[2024-07-31T19:34:25.744+0900] {taskinstance.py:441} INFO - ::group::Post task execution logs
[2024-07-31T19:34:25.748+0900] {taskinstance.py:1206} INFO - Marking task as SUCCESS. dag_id=movie, task_id=branch.op, run_id=scheduled__2024-07-24T02:10:00+00:00, execution_date=20240724T021000, start_date=20240731T103425, end_date=20240731T103425
[2024-07-31T19:34:25.753+0900] {local_task_job_runner.py:243} INFO - Task exited with return code 0
[2024-07-31T19:34:25.764+0900] {taskinstance.py:3503} INFO - 1 downstream tasks scheduled from follow-on schedule check
[2024-07-31T19:34:25.765+0900] {local_task_job_runner.py:222} INFO - ::endgroup::
