[2024-07-31T10:32:06.033+0900] {local_task_job_runner.py:120} INFO - ::group::Pre task execution logs
[2024-07-31T10:32:06.044+0900] {taskinstance.py:2076} INFO - Dependencies all met for dep_context=non-requeueable deps ti=<TaskInstance: movie.branch.op scheduled__2024-07-24T02:10:00+00:00 [queued]>
[2024-07-31T10:32:06.047+0900] {taskinstance.py:2076} INFO - Dependencies all met for dep_context=requeueable deps ti=<TaskInstance: movie.branch.op scheduled__2024-07-24T02:10:00+00:00 [queued]>
[2024-07-31T10:32:06.047+0900] {taskinstance.py:2306} INFO - Starting attempt 2 of 3
[2024-07-31T10:32:06.054+0900] {taskinstance.py:2330} INFO - Executing <Task(BranchPythonOperator): branch.op> on 2024-07-24 02:10:00+00:00
[2024-07-31T10:32:06.056+0900] {standard_task_runner.py:64} INFO - Started process 9339 to run task
[2024-07-31T10:32:06.059+0900] {standard_task_runner.py:90} INFO - Running: ['airflow', 'tasks', 'run', 'movie', 'branch.op', 'scheduled__2024-07-24T02:10:00+00:00', '--job-id', '689', '--raw', '--subdir', 'DAGS_FOLDER/movie.py', '--cfg-path', '/var/folders/qv/0knwm5h50ml0skpppwpbks_r0000gp/T/tmpymlcaxu1']
[2024-07-31T10:32:06.061+0900] {standard_task_runner.py:91} INFO - Job 689: Subtask branch.op
[2024-07-31T10:32:06.076+0900] {task_command.py:426} INFO - Running <TaskInstance: movie.branch.op scheduled__2024-07-24T02:10:00+00:00 [running]> on host jeongui-MacBookPro.local
[2024-07-31T10:32:06.096+0900] {taskinstance.py:2648} INFO - Exporting env vars: AIRFLOW_CTX_DAG_OWNER='airflow' AIRFLOW_CTX_DAG_ID='movie' AIRFLOW_CTX_TASK_ID='branch.op' AIRFLOW_CTX_EXECUTION_DATE='2024-07-24T02:10:00+00:00' AIRFLOW_CTX_TRY_NUMBER='2' AIRFLOW_CTX_DAG_RUN_ID='scheduled__2024-07-24T02:10:00+00:00'
[2024-07-31T10:32:06.097+0900] {taskinstance.py:430} INFO - ::endgroup::
[2024-07-31T10:32:06.102+0900] {baseoperator.py:400} WARNING - BranchPythonOperator.execute cannot be called outside TaskInstance!
[2024-07-31T10:32:06.102+0900] {python.py:237} INFO - Done. Returned value was: rm.dir
[2024-07-31T10:32:06.102+0900] {branch.py:36} INFO - Branch into rm.dir
[2024-07-31T10:32:06.102+0900] {skipmixin.py:178} INFO - Following branch rm.dir
[2024-07-31T10:32:06.106+0900] {skipmixin.py:246} INFO - Skipping tasks [('echo.task', -1)]
[2024-07-31T10:32:06.110+0900] {taskinstance.py:441} INFO - ::group::Post task execution logs
[2024-07-31T10:32:06.113+0900] {taskinstance.py:1206} INFO - Marking task as SUCCESS. dag_id=movie, task_id=branch.op, run_id=scheduled__2024-07-24T02:10:00+00:00, execution_date=20240724T021000, start_date=20240731T013206, end_date=20240731T013206
[2024-07-31T10:32:06.121+0900] {local_task_job_runner.py:243} INFO - Task exited with return code 0
[2024-07-31T10:32:06.132+0900] {taskinstance.py:3503} INFO - 1 downstream tasks scheduled from follow-on schedule check
[2024-07-31T10:32:06.132+0900] {local_task_job_runner.py:222} INFO - ::endgroup::
[2024-07-31T19:19:40.061+0900] {local_task_job_runner.py:120} INFO - ::group::Pre task execution logs
[2024-07-31T19:19:40.072+0900] {taskinstance.py:2076} INFO - Dependencies all met for dep_context=non-requeueable deps ti=<TaskInstance: movie.branch.op scheduled__2024-07-24T02:10:00+00:00 [queued]>
[2024-07-31T19:19:40.075+0900] {taskinstance.py:2076} INFO - Dependencies all met for dep_context=requeueable deps ti=<TaskInstance: movie.branch.op scheduled__2024-07-24T02:10:00+00:00 [queued]>
[2024-07-31T19:19:40.075+0900] {taskinstance.py:2306} INFO - Starting attempt 2 of 3
[2024-07-31T19:19:40.082+0900] {taskinstance.py:2330} INFO - Executing <Task(BranchPythonOperator): branch.op> on 2024-07-24 02:10:00+00:00
[2024-07-31T19:19:40.085+0900] {standard_task_runner.py:64} INFO - Started process 27049 to run task
[2024-07-31T19:19:40.088+0900] {standard_task_runner.py:90} INFO - Running: ['airflow', 'tasks', 'run', 'movie', 'branch.op', 'scheduled__2024-07-24T02:10:00+00:00', '--job-id', '901', '--raw', '--subdir', 'DAGS_FOLDER/movie.py', '--cfg-path', '/var/folders/qv/0knwm5h50ml0skpppwpbks_r0000gp/T/tmpzxei5huo']
[2024-07-31T19:19:40.089+0900] {standard_task_runner.py:91} INFO - Job 901: Subtask branch.op
[2024-07-31T19:19:40.105+0900] {task_command.py:426} INFO - Running <TaskInstance: movie.branch.op scheduled__2024-07-24T02:10:00+00:00 [running]> on host jeongui-MacBookPro.local
[2024-07-31T19:19:40.127+0900] {taskinstance.py:2648} INFO - Exporting env vars: AIRFLOW_CTX_DAG_OWNER='airflow' AIRFLOW_CTX_DAG_ID='movie' AIRFLOW_CTX_TASK_ID='branch.op' AIRFLOW_CTX_EXECUTION_DATE='2024-07-24T02:10:00+00:00' AIRFLOW_CTX_TRY_NUMBER='2' AIRFLOW_CTX_DAG_RUN_ID='scheduled__2024-07-24T02:10:00+00:00'
[2024-07-31T19:19:40.128+0900] {taskinstance.py:430} INFO - ::endgroup::
[2024-07-31T19:19:40.133+0900] {baseoperator.py:400} WARNING - BranchPythonOperator.execute cannot be called outside TaskInstance!
[2024-07-31T19:19:40.134+0900] {python.py:237} INFO - Done. Returned value was: ('get.data', 'echo.task')
[2024-07-31T19:19:40.134+0900] {branch.py:36} INFO - Branch into ('get.data', 'echo.task')
[2024-07-31T19:19:40.134+0900] {skipmixin.py:178} INFO - Following branch ('get.data', 'echo.task')
[2024-07-31T19:19:40.138+0900] {skipmixin.py:246} INFO - Skipping tasks [('rm.dir', -1)]
[2024-07-31T19:19:40.142+0900] {taskinstance.py:441} INFO - ::group::Post task execution logs
[2024-07-31T19:19:40.145+0900] {taskinstance.py:1206} INFO - Marking task as SUCCESS. dag_id=movie, task_id=branch.op, run_id=scheduled__2024-07-24T02:10:00+00:00, execution_date=20240724T021000, start_date=20240731T101940, end_date=20240731T101940
[2024-07-31T19:19:40.149+0900] {local_task_job_runner.py:243} INFO - Task exited with return code 0
[2024-07-31T19:19:40.160+0900] {taskinstance.py:3503} INFO - 1 downstream tasks scheduled from follow-on schedule check
[2024-07-31T19:19:40.161+0900] {local_task_job_runner.py:222} INFO - ::endgroup::
