[2024-07-31T11:24:52.567+0900] {local_task_job_runner.py:120} INFO - ::group::Pre task execution logs
[2024-07-31T11:24:52.578+0900] {taskinstance.py:2076} INFO - Dependencies all met for dep_context=non-requeueable deps ti=<TaskInstance: movie.branch.op scheduled__2024-07-26T02:10:00+00:00 [queued]>
[2024-07-31T11:24:52.581+0900] {taskinstance.py:2076} INFO - Dependencies all met for dep_context=requeueable deps ti=<TaskInstance: movie.branch.op scheduled__2024-07-26T02:10:00+00:00 [queued]>
[2024-07-31T11:24:52.581+0900] {taskinstance.py:2306} INFO - Starting attempt 2 of 3
[2024-07-31T11:24:52.588+0900] {taskinstance.py:2330} INFO - Executing <Task(BranchPythonOperator): branch.op> on 2024-07-26 02:10:00+00:00
[2024-07-31T11:24:52.590+0900] {standard_task_runner.py:64} INFO - Started process 10896 to run task
[2024-07-31T11:24:52.593+0900] {standard_task_runner.py:90} INFO - Running: ['airflow', 'tasks', 'run', 'movie', 'branch.op', 'scheduled__2024-07-26T02:10:00+00:00', '--job-id', '742', '--raw', '--subdir', 'DAGS_FOLDER/movie.py', '--cfg-path', '/var/folders/qv/0knwm5h50ml0skpppwpbks_r0000gp/T/tmpqrsgtbhk']
[2024-07-31T11:24:52.594+0900] {standard_task_runner.py:91} INFO - Job 742: Subtask branch.op
[2024-07-31T11:24:52.609+0900] {task_command.py:426} INFO - Running <TaskInstance: movie.branch.op scheduled__2024-07-26T02:10:00+00:00 [running]> on host jeongui-MacBookPro.local
[2024-07-31T11:24:52.631+0900] {taskinstance.py:2648} INFO - Exporting env vars: AIRFLOW_CTX_DAG_OWNER='airflow' AIRFLOW_CTX_DAG_ID='movie' AIRFLOW_CTX_TASK_ID='branch.op' AIRFLOW_CTX_EXECUTION_DATE='2024-07-26T02:10:00+00:00' AIRFLOW_CTX_TRY_NUMBER='2' AIRFLOW_CTX_DAG_RUN_ID='scheduled__2024-07-26T02:10:00+00:00'
[2024-07-31T11:24:52.631+0900] {taskinstance.py:430} INFO - ::endgroup::
[2024-07-31T11:24:52.639+0900] {baseoperator.py:400} WARNING - BranchPythonOperator.execute cannot be called outside TaskInstance!
[2024-07-31T11:24:52.639+0900] {python.py:237} INFO - Done. Returned value was: rm.dir
[2024-07-31T11:24:52.639+0900] {branch.py:36} INFO - Branch into rm.dir
[2024-07-31T11:24:52.639+0900] {skipmixin.py:178} INFO - Following branch rm.dir
[2024-07-31T11:24:52.642+0900] {skipmixin.py:246} INFO - Skipping tasks [('echo.task', -1)]
[2024-07-31T11:24:52.647+0900] {taskinstance.py:441} INFO - ::group::Post task execution logs
[2024-07-31T11:24:52.650+0900] {taskinstance.py:1206} INFO - Marking task as SUCCESS. dag_id=movie, task_id=branch.op, run_id=scheduled__2024-07-26T02:10:00+00:00, execution_date=20240726T021000, start_date=20240731T022452, end_date=20240731T022452
[2024-07-31T11:24:52.654+0900] {local_task_job_runner.py:243} INFO - Task exited with return code 0
[2024-07-31T11:24:52.665+0900] {taskinstance.py:3503} INFO - 1 downstream tasks scheduled from follow-on schedule check
[2024-07-31T11:24:52.666+0900] {local_task_job_runner.py:222} INFO - ::endgroup::
[2024-07-31T19:41:46.735+0900] {local_task_job_runner.py:120} INFO - ::group::Pre task execution logs
[2024-07-31T19:41:46.745+0900] {taskinstance.py:2076} INFO - Dependencies all met for dep_context=non-requeueable deps ti=<TaskInstance: movie.branch.op scheduled__2024-07-26T02:10:00+00:00 [queued]>
[2024-07-31T19:41:46.748+0900] {taskinstance.py:2076} INFO - Dependencies all met for dep_context=requeueable deps ti=<TaskInstance: movie.branch.op scheduled__2024-07-26T02:10:00+00:00 [queued]>
[2024-07-31T19:41:46.748+0900] {taskinstance.py:2306} INFO - Starting attempt 2 of 3
[2024-07-31T19:41:46.755+0900] {taskinstance.py:2330} INFO - Executing <Task(BranchPythonOperator): branch.op> on 2024-07-26 02:10:00+00:00
[2024-07-31T19:41:46.758+0900] {standard_task_runner.py:64} INFO - Started process 32750 to run task
[2024-07-31T19:41:46.760+0900] {standard_task_runner.py:90} INFO - Running: ['airflow', 'tasks', 'run', 'movie', 'branch.op', 'scheduled__2024-07-26T02:10:00+00:00', '--job-id', '951', '--raw', '--subdir', 'DAGS_FOLDER/movie.py', '--cfg-path', '/var/folders/qv/0knwm5h50ml0skpppwpbks_r0000gp/T/tmp2fvd1bv2']
[2024-07-31T19:41:46.762+0900] {standard_task_runner.py:91} INFO - Job 951: Subtask branch.op
[2024-07-31T19:41:46.777+0900] {task_command.py:426} INFO - Running <TaskInstance: movie.branch.op scheduled__2024-07-26T02:10:00+00:00 [running]> on host jeongui-MacBookPro.local
[2024-07-31T19:41:46.799+0900] {taskinstance.py:2648} INFO - Exporting env vars: AIRFLOW_CTX_DAG_OWNER='airflow' AIRFLOW_CTX_DAG_ID='movie' AIRFLOW_CTX_TASK_ID='branch.op' AIRFLOW_CTX_EXECUTION_DATE='2024-07-26T02:10:00+00:00' AIRFLOW_CTX_TRY_NUMBER='2' AIRFLOW_CTX_DAG_RUN_ID='scheduled__2024-07-26T02:10:00+00:00'
[2024-07-31T19:41:46.799+0900] {taskinstance.py:430} INFO - ::endgroup::
[2024-07-31T19:41:46.805+0900] {baseoperator.py:400} WARNING - BranchPythonOperator.execute cannot be called outside TaskInstance!
[2024-07-31T19:41:46.805+0900] {python.py:237} INFO - Done. Returned value was: ('get.data', 'echo.task')
[2024-07-31T19:41:46.805+0900] {branch.py:36} INFO - Branch into ('get.data', 'echo.task')
[2024-07-31T19:41:46.805+0900] {skipmixin.py:178} INFO - Following branch ('get.data', 'echo.task')
[2024-07-31T19:41:46.808+0900] {skipmixin.py:246} INFO - Skipping tasks [('rm.dir', -1)]
[2024-07-31T19:41:46.812+0900] {taskinstance.py:441} INFO - ::group::Post task execution logs
[2024-07-31T19:41:46.815+0900] {taskinstance.py:1206} INFO - Marking task as SUCCESS. dag_id=movie, task_id=branch.op, run_id=scheduled__2024-07-26T02:10:00+00:00, execution_date=20240726T021000, start_date=20240731T104146, end_date=20240731T104146
[2024-07-31T19:41:46.834+0900] {local_task_job_runner.py:243} INFO - Task exited with return code 0
[2024-07-31T19:41:46.845+0900] {taskinstance.py:3503} INFO - 1 downstream tasks scheduled from follow-on schedule check
[2024-07-31T19:41:46.845+0900] {local_task_job_runner.py:222} INFO - ::endgroup::
