[2024-07-31T10:33:56.401+0900] {local_task_job_runner.py:120} INFO - ::group::Pre task execution logs
[2024-07-31T10:33:56.414+0900] {taskinstance.py:2076} INFO - Dependencies all met for dep_context=non-requeueable deps ti=<TaskInstance: movie.get.data scheduled__2024-07-26T02:10:00+00:00 [queued]>
[2024-07-31T10:33:56.419+0900] {taskinstance.py:2076} INFO - Dependencies all met for dep_context=requeueable deps ti=<TaskInstance: movie.get.data scheduled__2024-07-26T02:10:00+00:00 [queued]>
[2024-07-31T10:33:56.419+0900] {taskinstance.py:2306} INFO - Starting attempt 1 of 2
[2024-07-31T10:33:56.424+0900] {taskinstance.py:2330} INFO - Executing <Task(PythonVirtualenvOperator): get.data> on 2024-07-26 02:10:00+00:00
[2024-07-31T10:33:56.427+0900] {standard_task_runner.py:64} INFO - Started process 9426 to run task
[2024-07-31T10:33:56.430+0900] {standard_task_runner.py:90} INFO - Running: ['airflow', 'tasks', 'run', 'movie', 'get.data', 'scheduled__2024-07-26T02:10:00+00:00', '--job-id', '698', '--raw', '--subdir', 'DAGS_FOLDER/movie.py', '--cfg-path', '/var/folders/qv/0knwm5h50ml0skpppwpbks_r0000gp/T/tmpmqlejbgr']
[2024-07-31T10:33:56.431+0900] {standard_task_runner.py:91} INFO - Job 698: Subtask get.data
[2024-07-31T10:33:56.445+0900] {task_command.py:426} INFO - Running <TaskInstance: movie.get.data scheduled__2024-07-26T02:10:00+00:00 [running]> on host jeongui-MacBookPro.local
[2024-07-31T10:33:56.465+0900] {taskinstance.py:2648} INFO - Exporting env vars: AIRFLOW_CTX_DAG_OWNER='airflow' AIRFLOW_CTX_DAG_ID='movie' AIRFLOW_CTX_TASK_ID='get.data' AIRFLOW_CTX_EXECUTION_DATE='2024-07-26T02:10:00+00:00' AIRFLOW_CTX_TRY_NUMBER='1' AIRFLOW_CTX_DAG_RUN_ID='scheduled__2024-07-26T02:10:00+00:00'
[2024-07-31T10:33:56.465+0900] {taskinstance.py:430} INFO - ::endgroup::
[2024-07-31T10:33:56.471+0900] {baseoperator.py:400} WARNING - PythonVirtualenvOperator.execute cannot be called outside TaskInstance!
[2024-07-31T10:33:56.471+0900] {process_utils.py:183} INFO - Executing cmd: /Users/DE32/.pyenv/versions/3.11.9/envs/note/bin/python -m virtualenv /var/folders/qv/0knwm5h50ml0skpppwpbks_r0000gp/T/venv36ib_e2_ --python=python
[2024-07-31T10:33:56.473+0900] {process_utils.py:187} INFO - Output:
[2024-07-31T10:33:56.650+0900] {process_utils.py:191} INFO - created virtual environment CPython3.11.9.final.0-64 in 119ms
[2024-07-31T10:33:56.651+0900] {process_utils.py:191} INFO -   creator CPython3Posix(dest=/private/var/folders/qv/0knwm5h50ml0skpppwpbks_r0000gp/T/venv36ib_e2_, clear=False, no_vcs_ignore=False, global=False)
[2024-07-31T10:33:56.651+0900] {process_utils.py:191} INFO -   seeder FromAppData(download=False, pip=bundle, setuptools=bundle, wheel=bundle, via=copy, app_data_dir=/Users/DE32/Library/Application Support/virtualenv)
[2024-07-31T10:33:56.651+0900] {process_utils.py:191} INFO -     added seed packages: pip==24.1.2, setuptools==70.2.0, wheel==0.43.0
[2024-07-31T10:33:56.651+0900] {process_utils.py:191} INFO -   activators BashActivator,CShellActivator,FishActivator,NushellActivator,PowerShellActivator,PythonActivator
[2024-07-31T10:33:56.662+0900] {process_utils.py:183} INFO - Executing cmd: /var/folders/qv/0knwm5h50ml0skpppwpbks_r0000gp/T/venv36ib_e2_/bin/pip install -r /var/folders/qv/0knwm5h50ml0skpppwpbks_r0000gp/T/venv36ib_e2_/requirements.txt
[2024-07-31T10:33:56.664+0900] {process_utils.py:187} INFO - Output:
[2024-07-31T10:33:57.395+0900] {process_utils.py:191} INFO - Collecting git+https://github.com/Jeonghoon2/movie.git@0.2/api (from -r /var/folders/qv/0knwm5h50ml0skpppwpbks_r0000gp/T/venv36ib_e2_/requirements.txt (line 1))
[2024-07-31T10:33:57.395+0900] {process_utils.py:191} INFO -   Cloning https://github.com/Jeonghoon2/movie.git (to revision 0.2/api) to /private/var/folders/qv/0knwm5h50ml0skpppwpbks_r0000gp/T/pip-req-build-7259pcy9
[2024-07-31T10:33:57.406+0900] {process_utils.py:191} INFO -   Running command git clone --filter=blob:none --quiet https://github.com/Jeonghoon2/movie.git /private/var/folders/qv/0knwm5h50ml0skpppwpbks_r0000gp/T/pip-req-build-7259pcy9
[2024-07-31T10:33:58.743+0900] {process_utils.py:191} INFO -   Running command git checkout -b 0.2/api --track origin/0.2/api
[2024-07-31T10:33:59.488+0900] {process_utils.py:191} INFO -   Switched to a new branch '0.2/api'
[2024-07-31T10:33:59.488+0900] {process_utils.py:191} INFO -   branch '0.2/api' set up to track 'origin/0.2/api'.
[2024-07-31T10:33:59.489+0900] {process_utils.py:191} INFO -   Resolved https://github.com/Jeonghoon2/movie.git to commit 514cfb45f6fa577ee07d4fa2076f9283780af81e
[2024-07-31T10:33:59.512+0900] {process_utils.py:191} INFO -   Installing build dependencies: started
[2024-07-31T10:34:00.407+0900] {process_utils.py:191} INFO -   Installing build dependencies: finished with status 'done'
[2024-07-31T10:34:00.408+0900] {process_utils.py:191} INFO -   Getting requirements to build wheel: started
[2024-07-31T10:34:00.529+0900] {process_utils.py:191} INFO -   Getting requirements to build wheel: finished with status 'done'
[2024-07-31T10:34:00.531+0900] {process_utils.py:191} INFO -   Preparing metadata (pyproject.toml): started
[2024-07-31T10:34:00.655+0900] {process_utils.py:191} INFO -   Preparing metadata (pyproject.toml): finished with status 'done'
[2024-07-31T10:34:00.721+0900] {process_utils.py:191} INFO - Collecting requests>=2.32.3 (from mov==0.1.0->-r /var/folders/qv/0knwm5h50ml0skpppwpbks_r0000gp/T/venv36ib_e2_/requirements.txt (line 1))
[2024-07-31T10:34:00.722+0900] {process_utils.py:191} INFO -   Using cached requests-2.32.3-py3-none-any.whl.metadata (4.6 kB)
[2024-07-31T10:34:00.799+0900] {process_utils.py:191} INFO - Collecting pandas>=2.2.2 (from mov==0.1.0->-r /var/folders/qv/0knwm5h50ml0skpppwpbks_r0000gp/T/venv36ib_e2_/requirements.txt (line 1))
[2024-07-31T10:34:00.800+0900] {process_utils.py:191} INFO -   Using cached pandas-2.2.2-cp311-cp311-macosx_11_0_arm64.whl.metadata (19 kB)
[2024-07-31T10:34:00.900+0900] {process_utils.py:191} INFO - Collecting numpy>=2.0.1 (from mov==0.1.0->-r /var/folders/qv/0knwm5h50ml0skpppwpbks_r0000gp/T/venv36ib_e2_/requirements.txt (line 1))
[2024-07-31T10:34:00.901+0900] {process_utils.py:191} INFO -   Using cached numpy-2.0.1-cp311-cp311-macosx_14_0_arm64.whl.metadata (60 kB)
[2024-07-31T10:34:00.949+0900] {process_utils.py:191} INFO - Collecting pyarrow>=17.0.0 (from mov==0.1.0->-r /var/folders/qv/0knwm5h50ml0skpppwpbks_r0000gp/T/venv36ib_e2_/requirements.txt (line 1))
[2024-07-31T10:34:00.950+0900] {process_utils.py:191} INFO -   Using cached pyarrow-17.0.0-cp311-cp311-macosx_11_0_arm64.whl.metadata (3.3 kB)
[2024-07-31T10:34:00.975+0900] {process_utils.py:191} INFO - Collecting python-dateutil>=2.8.2 (from pandas>=2.2.2->mov==0.1.0->-r /var/folders/qv/0knwm5h50ml0skpppwpbks_r0000gp/T/venv36ib_e2_/requirements.txt (line 1))
[2024-07-31T10:34:00.976+0900] {process_utils.py:191} INFO -   Using cached python_dateutil-2.9.0.post0-py2.py3-none-any.whl.metadata (8.4 kB)
[2024-07-31T10:34:01.004+0900] {process_utils.py:191} INFO - Collecting pytz>=2020.1 (from pandas>=2.2.2->mov==0.1.0->-r /var/folders/qv/0knwm5h50ml0skpppwpbks_r0000gp/T/venv36ib_e2_/requirements.txt (line 1))
[2024-07-31T10:34:01.005+0900] {process_utils.py:191} INFO -   Using cached pytz-2024.1-py2.py3-none-any.whl.metadata (22 kB)
[2024-07-31T10:34:01.020+0900] {process_utils.py:191} INFO - Collecting tzdata>=2022.7 (from pandas>=2.2.2->mov==0.1.0->-r /var/folders/qv/0knwm5h50ml0skpppwpbks_r0000gp/T/venv36ib_e2_/requirements.txt (line 1))
[2024-07-31T10:34:01.020+0900] {process_utils.py:191} INFO -   Using cached tzdata-2024.1-py2.py3-none-any.whl.metadata (1.4 kB)
[2024-07-31T10:34:01.065+0900] {process_utils.py:191} INFO - Collecting charset-normalizer<4,>=2 (from requests>=2.32.3->mov==0.1.0->-r /var/folders/qv/0knwm5h50ml0skpppwpbks_r0000gp/T/venv36ib_e2_/requirements.txt (line 1))
[2024-07-31T10:34:01.065+0900] {process_utils.py:191} INFO -   Using cached charset_normalizer-3.3.2-cp311-cp311-macosx_11_0_arm64.whl.metadata (33 kB)
[2024-07-31T10:34:01.085+0900] {process_utils.py:191} INFO - Collecting idna<4,>=2.5 (from requests>=2.32.3->mov==0.1.0->-r /var/folders/qv/0knwm5h50ml0skpppwpbks_r0000gp/T/venv36ib_e2_/requirements.txt (line 1))
[2024-07-31T10:34:01.086+0900] {process_utils.py:191} INFO -   Using cached idna-3.7-py3-none-any.whl.metadata (9.9 kB)
[2024-07-31T10:34:01.117+0900] {process_utils.py:191} INFO - Collecting urllib3<3,>=1.21.1 (from requests>=2.32.3->mov==0.1.0->-r /var/folders/qv/0knwm5h50ml0skpppwpbks_r0000gp/T/venv36ib_e2_/requirements.txt (line 1))
[2024-07-31T10:34:01.118+0900] {process_utils.py:191} INFO -   Using cached urllib3-2.2.2-py3-none-any.whl.metadata (6.4 kB)
[2024-07-31T10:34:01.139+0900] {process_utils.py:191} INFO - Collecting certifi>=2017.4.17 (from requests>=2.32.3->mov==0.1.0->-r /var/folders/qv/0knwm5h50ml0skpppwpbks_r0000gp/T/venv36ib_e2_/requirements.txt (line 1))
[2024-07-31T10:34:01.140+0900] {process_utils.py:191} INFO -   Using cached certifi-2024.7.4-py3-none-any.whl.metadata (2.2 kB)
[2024-07-31T10:34:01.180+0900] {process_utils.py:191} INFO - Collecting six>=1.5 (from python-dateutil>=2.8.2->pandas>=2.2.2->mov==0.1.0->-r /var/folders/qv/0knwm5h50ml0skpppwpbks_r0000gp/T/venv36ib_e2_/requirements.txt (line 1))
[2024-07-31T10:34:01.181+0900] {process_utils.py:191} INFO -   Using cached six-1.16.0-py2.py3-none-any.whl.metadata (1.8 kB)
[2024-07-31T10:34:01.184+0900] {process_utils.py:191} INFO - Using cached numpy-2.0.1-cp311-cp311-macosx_14_0_arm64.whl (5.3 MB)
[2024-07-31T10:34:01.190+0900] {process_utils.py:191} INFO - Using cached pandas-2.2.2-cp311-cp311-macosx_11_0_arm64.whl (11.3 MB)
[2024-07-31T10:34:01.202+0900] {process_utils.py:191} INFO - Using cached pyarrow-17.0.0-cp311-cp311-macosx_11_0_arm64.whl (27.2 MB)
[2024-07-31T10:34:01.229+0900] {process_utils.py:191} INFO - Using cached requests-2.32.3-py3-none-any.whl (64 kB)
[2024-07-31T10:34:01.230+0900] {process_utils.py:191} INFO - Using cached certifi-2024.7.4-py3-none-any.whl (162 kB)
[2024-07-31T10:34:01.231+0900] {process_utils.py:191} INFO - Using cached charset_normalizer-3.3.2-cp311-cp311-macosx_11_0_arm64.whl (118 kB)
[2024-07-31T10:34:01.231+0900] {process_utils.py:191} INFO - Using cached idna-3.7-py3-none-any.whl (66 kB)
[2024-07-31T10:34:01.232+0900] {process_utils.py:191} INFO - Using cached python_dateutil-2.9.0.post0-py2.py3-none-any.whl (229 kB)
[2024-07-31T10:34:01.233+0900] {process_utils.py:191} INFO - Using cached pytz-2024.1-py2.py3-none-any.whl (505 kB)
[2024-07-31T10:34:01.235+0900] {process_utils.py:191} INFO - Using cached tzdata-2024.1-py2.py3-none-any.whl (345 kB)
[2024-07-31T10:34:01.236+0900] {process_utils.py:191} INFO - Using cached urllib3-2.2.2-py3-none-any.whl (121 kB)
[2024-07-31T10:34:01.237+0900] {process_utils.py:191} INFO - Using cached six-1.16.0-py2.py3-none-any.whl (11 kB)
[2024-07-31T10:34:01.278+0900] {process_utils.py:191} INFO - Building wheels for collected packages: mov
[2024-07-31T10:34:01.291+0900] {process_utils.py:191} INFO -   Building wheel for mov (pyproject.toml): started
[2024-07-31T10:34:01.424+0900] {process_utils.py:191} INFO -   Building wheel for mov (pyproject.toml): finished with status 'done'
[2024-07-31T10:34:01.425+0900] {process_utils.py:191} INFO -   Created wheel for mov: filename=mov-0.1.0-py3-none-any.whl size=3017 sha256=02fd2b3649a80e1470137ebe6bacb6a6fbdf80b1d418a30b8f47884baed705b2
[2024-07-31T10:34:01.425+0900] {process_utils.py:191} INFO -   Stored in directory: /private/var/folders/qv/0knwm5h50ml0skpppwpbks_r0000gp/T/pip-ephem-wheel-cache-mwejny87/wheels/cf/ab/a7/d0c528d20fa8a5f19e169bdf1d98f2b2cefe79d8527bb89200
[2024-07-31T10:34:01.426+0900] {process_utils.py:191} INFO - Successfully built mov
[2024-07-31T10:34:01.453+0900] {process_utils.py:191} INFO - Installing collected packages: pytz, urllib3, tzdata, six, numpy, idna, charset-normalizer, certifi, requests, python-dateutil, pyarrow, pandas, mov
[2024-07-31T10:34:05.907+0900] {process_utils.py:191} INFO - Successfully installed certifi-2024.7.4 charset-normalizer-3.3.2 idna-3.7 mov-0.1.0 numpy-2.0.1 pandas-2.2.2 pyarrow-17.0.0 python-dateutil-2.9.0.post0 pytz-2024.1 requests-2.32.3 six-1.16.0 tzdata-2024.1 urllib3-2.2.2
[2024-07-31T10:34:05.910+0900] {process_utils.py:191} INFO - 
[2024-07-31T10:34:05.911+0900] {process_utils.py:191} INFO - [notice] A new release of pip is available: 24.1.2 -> 24.2
[2024-07-31T10:34:05.911+0900] {process_utils.py:191} INFO - [notice] To update, run: python -m pip install --upgrade pip
[2024-07-31T10:34:06.035+0900] {process_utils.py:183} INFO - Executing cmd: /var/folders/qv/0knwm5h50ml0skpppwpbks_r0000gp/T/venv36ib_e2_/bin/python /var/folders/qv/0knwm5h50ml0skpppwpbks_r0000gp/T/venv-call8rug6b2y/script.py /var/folders/qv/0knwm5h50ml0skpppwpbks_r0000gp/T/venv-call8rug6b2y/script.in /var/folders/qv/0knwm5h50ml0skpppwpbks_r0000gp/T/venv-call8rug6b2y/script.out /var/folders/qv/0knwm5h50ml0skpppwpbks_r0000gp/T/venv-call8rug6b2y/string_args.txt /var/folders/qv/0knwm5h50ml0skpppwpbks_r0000gp/T/venv-call8rug6b2y/termination.log
[2024-07-31T10:34:06.037+0900] {process_utils.py:187} INFO - Output:
[2024-07-31T10:34:19.590+0900] {process_utils.py:191} INFO - {'boxOfficeResult': {'boxofficeType': '일별 박스오피스', 'showRange': '20240726~20240726', 'dailyBoxOfficeList': [{'rnum': '1', 'rank': '1', 'rankInten': '0', 'rankOldAndNew': 'OLD', 'movieCd': '20247781', 'movieNm': '데드풀과 울버린', 'openDt': '2024-07-24', 'salesAmt': '1738623098', 'salesShare': '48.1', 'salesInten': '394177220', 'salesChange': '29.3', 'salesAcc': '5467754273', 'audiCnt': '164667', 'audiInten': '33002', 'audiChange': '25.1', 'audiAcc': '528093', 'scrnCnt': '1947', 'showCnt': '8677'}, {'rnum': '2', 'rank': '2', 'rankInten': '0', 'rankOldAndNew': 'OLD', 'movieCd': '20247440', 'movieNm': '슈퍼배드 4', 'openDt': '2024-07-24', 'salesAmt': '609117306', 'salesShare': '16.8', 'salesInten': '125136057', 'salesChange': '25.9', 'salesAcc': '2765105082', 'audiCnt': '65111', 'audiInten': '11456', 'audiChange': '21.4', 'audiAcc': '297057', 'scrnCnt': '1017', 'showCnt': '3846'}, {'rnum': '3', 'rank': '3', 'rankInten': '0', 'rankOldAndNew': 'OLD', 'movieCd': '20212932', 'movieNm': '탈주', 'openDt': '2024-07-03', 'salesAmt': '409700345', 'salesShare': '11.3', 'salesInten': '92030694', 'salesChange': '29', 'salesAcc': '20059984525', 'audiCnt': '42370', 'audiInten': '8145', 'audiChange': '23.8', 'audiAcc': '2117002', 'scrnCnt': '878', 'showCnt': '2310'}, {'rnum': '4', 'rank': '4', 'rankInten': '0', 'rankOldAndNew': 'OLD', 'movieCd': '20235974', 'movieNm': '인사이드 아웃 2', 'openDt': '2024-06-12', 'salesAmt': '250975589', 'salesShare': '6.9', 'salesInten': '59165483', 'salesChange': '30.8', 'salesAcc': '78629441553', 'audiCnt': '25799', 'audiInten': '5257', 'audiChange': '25.6', 'audiAcc': '8177738', 'scrnCnt': '652', 'showCnt': '1220'}, {'rnum': '5', 'rank': '5', 'rankInten': '0', 'rankOldAndNew': 'OLD', 'movieCd': '20240983', 'movieNm': '명탐정 코난: 100만 달러의 펜타그램', 'openDt': '2024-07-17', 'salesAmt': '176497837', 'salesShare': '4.9', 'salesInten': '-4219937', 'salesChange': '-2.3', 'salesAcc': '4953440890', 'audiCnt': '18238', 'audiInten': '-1140', 'audiChange': '-5.9', 'audiAcc': '502567', 'scrnCnt': '589', 'showCnt': '1187'}, {'rnum': '6', 'rank': '6', 'rankInten': '0', 'rankOldAndNew': 'OLD', 'movieCd': '20208245', 'movieNm': '핸섬가이즈', 'openDt': '2024-06-26', 'salesAmt': '132260829', 'salesShare': '3.7', 'salesInten': '36835382', 'salesChange': '38.6', 'salesAcc': '15577135644', 'audiCnt': '13708', 'audiInten': '3510', 'audiChange': '34.4', 'audiAcc': '1667655', 'scrnCnt': '537', 'showCnt': '928'}, {'rnum': '7', 'rank': '7', 'rankInten': '0', 'rankOldAndNew': 'OLD', 'movieCd': '20208911', 'movieNm': '탈출: 프로젝트 사일런스', 'openDt': '2024-07-12', 'salesAmt': '59731054', 'salesShare': '1.7', 'salesInten': '3253740', 'salesChange': '5.8', 'salesAcc': '6393921363', 'audiCnt': '6084', 'audiInten': '119', 'audiChange': '2', 'audiAcc': '655741', 'scrnCnt': '377', 'showCnt': '577'}, {'rnum': '8', 'rank': '8', 'rankInten': '6', 'rankOldAndNew': 'OLD', 'movieCd': '20241984', 'movieNm': '2023 영탁 단독 콘서트 : 탁쇼2', 'openDt': '2024-07-18', 'salesAmt': '65264500', 'salesShare': '1.8', 'salesInten': '46149000', 'salesChange': '241.4', 'salesAcc': '640030500', 'audiCnt': '2611', 'audiInten': '1846', 'audiChange': '241.3', 'audiAcc': '25607', 'scrnCnt': '50', 'showCnt': '66'}, {'rnum': '9', 'rank': '9', 'rankInten': '1', 'rankOldAndNew': 'OLD', 'movieCd': '20248465', 'movieNm': '하이재킹', 'openDt': '2024-06-21', 'salesAmt': '19083112', 'salesShare': '0.5', 'salesInten': '500739', 'salesChange': '2.7', 'salesAcc': '16743539746', 'audiCnt': '1933', 'audiInten': '-104', 'audiChange': '-5.1', 'audiAcc': '1762676', 'scrnCnt': '138', 'showCnt': '173'}, {'rnum': '10', 'rank': '10', 'rankInten': '-2', 'rankOldAndNew': 'OLD', 'movieCd': '20241343', 'movieNm': '우마무스메 프리티 더비 새로운 시대의 문', 'openDt': '2024-07-11', 'salesAmt': '20745614', 'salesShare': '0.6', 'salesInten': '-11647157', 'salesChange': '-36', 'salesAcc': '416974201', 'audiCnt': '1875', 'audiInten': '-1376', 'audiChange': '-42.3', 'audiAcc': '38685', 'scrnCnt': '79', 'showCnt': '91'}]}}
[2024-07-31T10:34:19.591+0900] {process_utils.py:191} INFO -   rnum rank rankInten rankOldAndNew  ...  audiAcc scrnCnt showCnt   load_dt
[2024-07-31T10:34:19.592+0900] {process_utils.py:191} INFO - 0    1    1         0           OLD  ...   528093    1947    8677  20240726
[2024-07-31T10:34:19.592+0900] {process_utils.py:191} INFO - 1    2    2         0           OLD  ...   297057    1017    3846  20240726
[2024-07-31T10:34:19.593+0900] {process_utils.py:191} INFO - 2    3    3         0           OLD  ...  2117002     878    2310  20240726
[2024-07-31T10:34:19.593+0900] {process_utils.py:191} INFO - 3    4    4         0           OLD  ...  8177738     652    1220  20240726
[2024-07-31T10:34:19.593+0900] {process_utils.py:191} INFO - 4    5    5         0           OLD  ...   502567     589    1187  20240726
[2024-07-31T10:34:19.594+0900] {process_utils.py:191} INFO - 
[2024-07-31T10:34:19.594+0900] {process_utils.py:191} INFO - [5 rows x 19 columns]
[2024-07-31T10:34:19.594+0900] {process_utils.py:191} INFO -   rnum rank rankInten rankOldAndNew  ...  audiAcc scrnCnt showCnt   load_dt
[2024-07-31T10:34:19.595+0900] {process_utils.py:191} INFO - 0    1    1         0           OLD  ...   528093    1947    8677  20240726
[2024-07-31T10:34:19.595+0900] {process_utils.py:191} INFO - 1    2    2         0           OLD  ...   297057    1017    3846  20240726
[2024-07-31T10:34:19.596+0900] {process_utils.py:191} INFO - 2    3    3         0           OLD  ...  2117002     878    2310  20240726
[2024-07-31T10:34:19.596+0900] {process_utils.py:191} INFO - 3    4    4         0           OLD  ...  8177738     652    1220  20240726
[2024-07-31T10:34:19.596+0900] {process_utils.py:191} INFO - 4    5    5         0           OLD  ...   502567     589    1187  20240726
[2024-07-31T10:34:19.597+0900] {process_utils.py:191} INFO - 
[2024-07-31T10:34:19.597+0900] {process_utils.py:191} INFO - [5 rows x 19 columns]
[2024-07-31T10:34:20.021+0900] {python.py:237} INFO - Done. Returned value was: None
[2024-07-31T10:34:20.021+0900] {taskinstance.py:441} INFO - ::group::Post task execution logs
[2024-07-31T10:34:20.025+0900] {taskinstance.py:1206} INFO - Marking task as SUCCESS. dag_id=movie, task_id=get.data, run_id=scheduled__2024-07-26T02:10:00+00:00, execution_date=20240726T021000, start_date=20240731T013356, end_date=20240731T013420
[2024-07-31T10:34:20.064+0900] {local_task_job_runner.py:243} INFO - Task exited with return code 0
[2024-07-31T10:34:20.072+0900] {taskinstance.py:3503} INFO - 1 downstream tasks scheduled from follow-on schedule check
[2024-07-31T10:34:20.073+0900] {local_task_job_runner.py:222} INFO - ::endgroup::
[2024-07-31T16:34:40.662+0900] {local_task_job_runner.py:120} INFO - ::group::Pre task execution logs
[2024-07-31T16:34:40.673+0900] {taskinstance.py:2076} INFO - Dependencies all met for dep_context=non-requeueable deps ti=<TaskInstance: movie.get.data scheduled__2024-07-26T02:10:00+00:00 [queued]>
[2024-07-31T16:34:40.676+0900] {taskinstance.py:2076} INFO - Dependencies all met for dep_context=requeueable deps ti=<TaskInstance: movie.get.data scheduled__2024-07-26T02:10:00+00:00 [queued]>
[2024-07-31T16:34:40.677+0900] {taskinstance.py:2306} INFO - Starting attempt 1 of 2
[2024-07-31T16:34:40.683+0900] {taskinstance.py:2330} INFO - Executing <Task(PythonVirtualenvOperator): get.data> on 2024-07-26 02:10:00+00:00
[2024-07-31T16:34:40.686+0900] {standard_task_runner.py:64} INFO - Started process 19250 to run task
[2024-07-31T16:34:40.688+0900] {standard_task_runner.py:90} INFO - Running: ['airflow', 'tasks', 'run', 'movie', 'get.data', 'scheduled__2024-07-26T02:10:00+00:00', '--job-id', '803', '--raw', '--subdir', 'DAGS_FOLDER/movie.py', '--cfg-path', '/var/folders/qv/0knwm5h50ml0skpppwpbks_r0000gp/T/tmpqxhefjek']
[2024-07-31T16:34:40.690+0900] {standard_task_runner.py:91} INFO - Job 803: Subtask get.data
[2024-07-31T16:34:40.704+0900] {task_command.py:426} INFO - Running <TaskInstance: movie.get.data scheduled__2024-07-26T02:10:00+00:00 [running]> on host jeongui-MacBookPro.local
[2024-07-31T16:34:40.723+0900] {taskinstance.py:2648} INFO - Exporting env vars: AIRFLOW_CTX_DAG_OWNER='airflow' AIRFLOW_CTX_DAG_ID='movie' AIRFLOW_CTX_TASK_ID='get.data' AIRFLOW_CTX_EXECUTION_DATE='2024-07-26T02:10:00+00:00' AIRFLOW_CTX_TRY_NUMBER='1' AIRFLOW_CTX_DAG_RUN_ID='scheduled__2024-07-26T02:10:00+00:00'
[2024-07-31T16:34:40.724+0900] {taskinstance.py:430} INFO - ::endgroup::
[2024-07-31T16:34:40.728+0900] {baseoperator.py:400} WARNING - PythonVirtualenvOperator.execute cannot be called outside TaskInstance!
[2024-07-31T16:34:40.729+0900] {process_utils.py:183} INFO - Executing cmd: /Users/DE32/.pyenv/versions/3.11.9/envs/note/bin/python -m virtualenv /var/folders/qv/0knwm5h50ml0skpppwpbks_r0000gp/T/venvl0wgczjr --python=python
[2024-07-31T16:34:40.731+0900] {process_utils.py:187} INFO - Output:
[2024-07-31T16:34:40.974+0900] {process_utils.py:191} INFO - created virtual environment CPython3.11.9.final.0-64 in 173ms
[2024-07-31T16:34:40.975+0900] {process_utils.py:191} INFO -   creator CPython3Posix(dest=/private/var/folders/qv/0knwm5h50ml0skpppwpbks_r0000gp/T/venvl0wgczjr, clear=False, no_vcs_ignore=False, global=False)
[2024-07-31T16:34:40.975+0900] {process_utils.py:191} INFO -   seeder FromAppData(download=False, pip=bundle, setuptools=bundle, wheel=bundle, via=copy, app_data_dir=/Users/DE32/Library/Application Support/virtualenv)
[2024-07-31T16:34:40.975+0900] {process_utils.py:191} INFO -     added seed packages: pip==24.1.2, setuptools==70.2.0, wheel==0.43.0
[2024-07-31T16:34:40.976+0900] {process_utils.py:191} INFO -   activators BashActivator,CShellActivator,FishActivator,NushellActivator,PowerShellActivator,PythonActivator
[2024-07-31T16:34:40.986+0900] {process_utils.py:183} INFO - Executing cmd: /var/folders/qv/0knwm5h50ml0skpppwpbks_r0000gp/T/venvl0wgczjr/bin/pip install -r /var/folders/qv/0knwm5h50ml0skpppwpbks_r0000gp/T/venvl0wgczjr/requirements.txt
[2024-07-31T16:34:40.988+0900] {process_utils.py:187} INFO - Output:
[2024-07-31T16:34:41.806+0900] {process_utils.py:191} INFO - Collecting git+https://github.com/Jeonghoon2/movie.git@0.2/api (from -r /var/folders/qv/0knwm5h50ml0skpppwpbks_r0000gp/T/venvl0wgczjr/requirements.txt (line 1))
[2024-07-31T16:34:41.807+0900] {process_utils.py:191} INFO -   Cloning https://github.com/Jeonghoon2/movie.git (to revision 0.2/api) to /private/var/folders/qv/0knwm5h50ml0skpppwpbks_r0000gp/T/pip-req-build-g78zklwn
[2024-07-31T16:34:41.818+0900] {process_utils.py:191} INFO -   Running command git clone --filter=blob:none --quiet https://github.com/Jeonghoon2/movie.git /private/var/folders/qv/0knwm5h50ml0skpppwpbks_r0000gp/T/pip-req-build-g78zklwn
[2024-07-31T16:34:43.595+0900] {process_utils.py:191} INFO -   Running command git checkout -b 0.2/api --track origin/0.2/api
[2024-07-31T16:34:44.285+0900] {process_utils.py:191} INFO -   Switched to a new branch '0.2/api'
[2024-07-31T16:34:44.285+0900] {process_utils.py:191} INFO -   branch '0.2/api' set up to track 'origin/0.2/api'.
[2024-07-31T16:34:44.286+0900] {process_utils.py:191} INFO -   Resolved https://github.com/Jeonghoon2/movie.git to commit 34de3b5e993ea074744539373447116355ac95da
[2024-07-31T16:34:44.309+0900] {process_utils.py:191} INFO -   Installing build dependencies: started
[2024-07-31T16:34:45.189+0900] {process_utils.py:191} INFO -   Installing build dependencies: finished with status 'done'
[2024-07-31T16:34:45.189+0900] {process_utils.py:191} INFO -   Getting requirements to build wheel: started
[2024-07-31T16:34:45.311+0900] {process_utils.py:191} INFO -   Getting requirements to build wheel: finished with status 'done'
[2024-07-31T16:34:45.312+0900] {process_utils.py:191} INFO -   Preparing metadata (pyproject.toml): started
[2024-07-31T16:34:45.437+0900] {process_utils.py:191} INFO -   Preparing metadata (pyproject.toml): finished with status 'done'
[2024-07-31T16:34:45.498+0900] {process_utils.py:191} INFO - Collecting requests>=2.32.3 (from mov==0.1.0->-r /var/folders/qv/0knwm5h50ml0skpppwpbks_r0000gp/T/venvl0wgczjr/requirements.txt (line 1))
[2024-07-31T16:34:45.499+0900] {process_utils.py:191} INFO -   Using cached requests-2.32.3-py3-none-any.whl.metadata (4.6 kB)
[2024-07-31T16:34:45.564+0900] {process_utils.py:191} INFO - Collecting pandas>=2.2.2 (from mov==0.1.0->-r /var/folders/qv/0knwm5h50ml0skpppwpbks_r0000gp/T/venvl0wgczjr/requirements.txt (line 1))
[2024-07-31T16:34:45.565+0900] {process_utils.py:191} INFO -   Using cached pandas-2.2.2-cp311-cp311-macosx_11_0_arm64.whl.metadata (19 kB)
[2024-07-31T16:34:45.663+0900] {process_utils.py:191} INFO - Collecting numpy>=2.0.1 (from mov==0.1.0->-r /var/folders/qv/0knwm5h50ml0skpppwpbks_r0000gp/T/venvl0wgczjr/requirements.txt (line 1))
[2024-07-31T16:34:45.664+0900] {process_utils.py:191} INFO -   Using cached numpy-2.0.1-cp311-cp311-macosx_14_0_arm64.whl.metadata (60 kB)
[2024-07-31T16:34:45.712+0900] {process_utils.py:191} INFO - Collecting pyarrow>=17.0.0 (from mov==0.1.0->-r /var/folders/qv/0knwm5h50ml0skpppwpbks_r0000gp/T/venvl0wgczjr/requirements.txt (line 1))
[2024-07-31T16:34:45.714+0900] {process_utils.py:191} INFO -   Using cached pyarrow-17.0.0-cp311-cp311-macosx_11_0_arm64.whl.metadata (3.3 kB)
[2024-07-31T16:34:45.736+0900] {process_utils.py:191} INFO - Collecting python-dateutil>=2.8.2 (from pandas>=2.2.2->mov==0.1.0->-r /var/folders/qv/0knwm5h50ml0skpppwpbks_r0000gp/T/venvl0wgczjr/requirements.txt (line 1))
[2024-07-31T16:34:45.737+0900] {process_utils.py:191} INFO -   Using cached python_dateutil-2.9.0.post0-py2.py3-none-any.whl.metadata (8.4 kB)
[2024-07-31T16:34:45.764+0900] {process_utils.py:191} INFO - Collecting pytz>=2020.1 (from pandas>=2.2.2->mov==0.1.0->-r /var/folders/qv/0knwm5h50ml0skpppwpbks_r0000gp/T/venvl0wgczjr/requirements.txt (line 1))
[2024-07-31T16:34:45.765+0900] {process_utils.py:191} INFO -   Using cached pytz-2024.1-py2.py3-none-any.whl.metadata (22 kB)
[2024-07-31T16:34:45.778+0900] {process_utils.py:191} INFO - Collecting tzdata>=2022.7 (from pandas>=2.2.2->mov==0.1.0->-r /var/folders/qv/0knwm5h50ml0skpppwpbks_r0000gp/T/venvl0wgczjr/requirements.txt (line 1))
[2024-07-31T16:34:45.779+0900] {process_utils.py:191} INFO -   Using cached tzdata-2024.1-py2.py3-none-any.whl.metadata (1.4 kB)
[2024-07-31T16:34:45.822+0900] {process_utils.py:191} INFO - Collecting charset-normalizer<4,>=2 (from requests>=2.32.3->mov==0.1.0->-r /var/folders/qv/0knwm5h50ml0skpppwpbks_r0000gp/T/venvl0wgczjr/requirements.txt (line 1))
[2024-07-31T16:34:45.823+0900] {process_utils.py:191} INFO -   Using cached charset_normalizer-3.3.2-cp311-cp311-macosx_11_0_arm64.whl.metadata (33 kB)
[2024-07-31T16:34:45.836+0900] {process_utils.py:191} INFO - Collecting idna<4,>=2.5 (from requests>=2.32.3->mov==0.1.0->-r /var/folders/qv/0knwm5h50ml0skpppwpbks_r0000gp/T/venvl0wgczjr/requirements.txt (line 1))
[2024-07-31T16:34:45.837+0900] {process_utils.py:191} INFO -   Using cached idna-3.7-py3-none-any.whl.metadata (9.9 kB)
[2024-07-31T16:34:45.864+0900] {process_utils.py:191} INFO - Collecting urllib3<3,>=1.21.1 (from requests>=2.32.3->mov==0.1.0->-r /var/folders/qv/0knwm5h50ml0skpppwpbks_r0000gp/T/venvl0wgczjr/requirements.txt (line 1))
[2024-07-31T16:34:45.865+0900] {process_utils.py:191} INFO -   Using cached urllib3-2.2.2-py3-none-any.whl.metadata (6.4 kB)
[2024-07-31T16:34:45.896+0900] {process_utils.py:191} INFO - Collecting certifi>=2017.4.17 (from requests>=2.32.3->mov==0.1.0->-r /var/folders/qv/0knwm5h50ml0skpppwpbks_r0000gp/T/venvl0wgczjr/requirements.txt (line 1))
[2024-07-31T16:34:45.897+0900] {process_utils.py:191} INFO -   Using cached certifi-2024.7.4-py3-none-any.whl.metadata (2.2 kB)
[2024-07-31T16:34:45.921+0900] {process_utils.py:191} INFO - Collecting six>=1.5 (from python-dateutil>=2.8.2->pandas>=2.2.2->mov==0.1.0->-r /var/folders/qv/0knwm5h50ml0skpppwpbks_r0000gp/T/venvl0wgczjr/requirements.txt (line 1))
[2024-07-31T16:34:45.922+0900] {process_utils.py:191} INFO -   Using cached six-1.16.0-py2.py3-none-any.whl.metadata (1.8 kB)
[2024-07-31T16:34:45.925+0900] {process_utils.py:191} INFO - Using cached numpy-2.0.1-cp311-cp311-macosx_14_0_arm64.whl (5.3 MB)
[2024-07-31T16:34:45.931+0900] {process_utils.py:191} INFO - Using cached pandas-2.2.2-cp311-cp311-macosx_11_0_arm64.whl (11.3 MB)
[2024-07-31T16:34:45.943+0900] {process_utils.py:191} INFO - Using cached pyarrow-17.0.0-cp311-cp311-macosx_11_0_arm64.whl (27.2 MB)
[2024-07-31T16:34:45.969+0900] {process_utils.py:191} INFO - Using cached requests-2.32.3-py3-none-any.whl (64 kB)
[2024-07-31T16:34:45.970+0900] {process_utils.py:191} INFO - Using cached certifi-2024.7.4-py3-none-any.whl (162 kB)
[2024-07-31T16:34:45.971+0900] {process_utils.py:191} INFO - Using cached charset_normalizer-3.3.2-cp311-cp311-macosx_11_0_arm64.whl (118 kB)
[2024-07-31T16:34:45.972+0900] {process_utils.py:191} INFO - Using cached idna-3.7-py3-none-any.whl (66 kB)
[2024-07-31T16:34:45.972+0900] {process_utils.py:191} INFO - Using cached python_dateutil-2.9.0.post0-py2.py3-none-any.whl (229 kB)
[2024-07-31T16:34:45.973+0900] {process_utils.py:191} INFO - Using cached pytz-2024.1-py2.py3-none-any.whl (505 kB)
[2024-07-31T16:34:45.975+0900] {process_utils.py:191} INFO - Using cached tzdata-2024.1-py2.py3-none-any.whl (345 kB)
[2024-07-31T16:34:45.976+0900] {process_utils.py:191} INFO - Using cached urllib3-2.2.2-py3-none-any.whl (121 kB)
[2024-07-31T16:34:45.977+0900] {process_utils.py:191} INFO - Using cached six-1.16.0-py2.py3-none-any.whl (11 kB)
[2024-07-31T16:34:46.018+0900] {process_utils.py:191} INFO - Building wheels for collected packages: mov
[2024-07-31T16:34:46.031+0900] {process_utils.py:191} INFO -   Building wheel for mov (pyproject.toml): started
[2024-07-31T16:34:46.165+0900] {process_utils.py:191} INFO -   Building wheel for mov (pyproject.toml): finished with status 'done'
[2024-07-31T16:34:46.166+0900] {process_utils.py:191} INFO -   Created wheel for mov: filename=mov-0.1.0-py3-none-any.whl size=3035 sha256=24b672742e53a7474a143200877c15efd06596fc4afd8fb5bcec47769a618f56
[2024-07-31T16:34:46.166+0900] {process_utils.py:191} INFO -   Stored in directory: /private/var/folders/qv/0knwm5h50ml0skpppwpbks_r0000gp/T/pip-ephem-wheel-cache-wk3kguqd/wheels/cf/ab/a7/d0c528d20fa8a5f19e169bdf1d98f2b2cefe79d8527bb89200
[2024-07-31T16:34:46.167+0900] {process_utils.py:191} INFO - Successfully built mov
[2024-07-31T16:34:46.194+0900] {process_utils.py:191} INFO - Installing collected packages: pytz, urllib3, tzdata, six, numpy, idna, charset-normalizer, certifi, requests, python-dateutil, pyarrow, pandas, mov
[2024-07-31T16:34:50.640+0900] {process_utils.py:191} INFO - Successfully installed certifi-2024.7.4 charset-normalizer-3.3.2 idna-3.7 mov-0.1.0 numpy-2.0.1 pandas-2.2.2 pyarrow-17.0.0 python-dateutil-2.9.0.post0 pytz-2024.1 requests-2.32.3 six-1.16.0 tzdata-2024.1 urllib3-2.2.2
[2024-07-31T16:34:50.644+0900] {process_utils.py:191} INFO - 
[2024-07-31T16:34:50.644+0900] {process_utils.py:191} INFO - [notice] A new release of pip is available: 24.1.2 -> 24.2
[2024-07-31T16:34:50.644+0900] {process_utils.py:191} INFO - [notice] To update, run: python -m pip install --upgrade pip
[2024-07-31T16:34:50.776+0900] {process_utils.py:183} INFO - Executing cmd: /var/folders/qv/0knwm5h50ml0skpppwpbks_r0000gp/T/venvl0wgczjr/bin/python /var/folders/qv/0knwm5h50ml0skpppwpbks_r0000gp/T/venv-callnpg19q82/script.py /var/folders/qv/0knwm5h50ml0skpppwpbks_r0000gp/T/venv-callnpg19q82/script.in /var/folders/qv/0knwm5h50ml0skpppwpbks_r0000gp/T/venv-callnpg19q82/script.out /var/folders/qv/0knwm5h50ml0skpppwpbks_r0000gp/T/venv-callnpg19q82/string_args.txt /var/folders/qv/0knwm5h50ml0skpppwpbks_r0000gp/T/venv-callnpg19q82/termination.log
[2024-07-31T16:34:50.778+0900] {process_utils.py:187} INFO - Output:
[2024-07-31T16:35:04.844+0900] {process_utils.py:191} INFO - {'boxOfficeResult': {'boxofficeType': '일별 박스오피스', 'showRange': '20240726~20240726', 'dailyBoxOfficeList': [{'rnum': '1', 'rank': '1', 'rankInten': '0', 'rankOldAndNew': 'OLD', 'movieCd': '20247781', 'movieNm': '데드풀과 울버린', 'openDt': '2024-07-24', 'salesAmt': '1738523098', 'salesShare': '48.0', 'salesInten': '394077220', 'salesChange': '29.3', 'salesAcc': '5467654273', 'audiCnt': '164657', 'audiInten': '32992', 'audiChange': '25.1', 'audiAcc': '528083', 'scrnCnt': '1947', 'showCnt': '8677'}, {'rnum': '2', 'rank': '2', 'rankInten': '0', 'rankOldAndNew': 'OLD', 'movieCd': '20247440', 'movieNm': '슈퍼배드 4', 'openDt': '2024-07-24', 'salesAmt': '609117306', 'salesShare': '16.8', 'salesInten': '125136057', 'salesChange': '25.9', 'salesAcc': '2765105082', 'audiCnt': '65111', 'audiInten': '11456', 'audiChange': '21.4', 'audiAcc': '297057', 'scrnCnt': '1017', 'showCnt': '3846'}, {'rnum': '3', 'rank': '3', 'rankInten': '0', 'rankOldAndNew': 'OLD', 'movieCd': '20212932', 'movieNm': '탈주', 'openDt': '2024-07-03', 'salesAmt': '409700345', 'salesShare': '11.3', 'salesInten': '92030694', 'salesChange': '29', 'salesAcc': '20059984525', 'audiCnt': '42370', 'audiInten': '8145', 'audiChange': '23.8', 'audiAcc': '2117002', 'scrnCnt': '878', 'showCnt': '2310'}, {'rnum': '4', 'rank': '4', 'rankInten': '0', 'rankOldAndNew': 'OLD', 'movieCd': '20235974', 'movieNm': '인사이드 아웃 2', 'openDt': '2024-06-12', 'salesAmt': '250975589', 'salesShare': '6.9', 'salesInten': '59165483', 'salesChange': '30.8', 'salesAcc': '78629413553', 'audiCnt': '25799', 'audiInten': '5257', 'audiChange': '25.6', 'audiAcc': '8177735', 'scrnCnt': '652', 'showCnt': '1220'}, {'rnum': '5', 'rank': '5', 'rankInten': '0', 'rankOldAndNew': 'OLD', 'movieCd': '20240983', 'movieNm': '명탐정 코난: 100만 달러의 펜타그램', 'openDt': '2024-07-17', 'salesAmt': '176497837', 'salesShare': '4.9', 'salesInten': '-4219937', 'salesChange': '-2.3', 'salesAcc': '4953440890', 'audiCnt': '18238', 'audiInten': '-1140', 'audiChange': '-5.9', 'audiAcc': '502567', 'scrnCnt': '589', 'showCnt': '1187'}, {'rnum': '6', 'rank': '6', 'rankInten': '0', 'rankOldAndNew': 'OLD', 'movieCd': '20208245', 'movieNm': '핸섬가이즈', 'openDt': '2024-06-26', 'salesAmt': '132260829', 'salesShare': '3.7', 'salesInten': '36835382', 'salesChange': '38.6', 'salesAcc': '15577792644', 'audiCnt': '13708', 'audiInten': '3510', 'audiChange': '34.4', 'audiAcc': '1667742', 'scrnCnt': '537', 'showCnt': '928'}, {'rnum': '7', 'rank': '7', 'rankInten': '0', 'rankOldAndNew': 'OLD', 'movieCd': '20208911', 'movieNm': '탈출: 프로젝트 사일런스', 'openDt': '2024-07-12', 'salesAmt': '59731054', 'salesShare': '1.6', 'salesInten': '3253740', 'salesChange': '5.8', 'salesAcc': '6393921363', 'audiCnt': '6084', 'audiInten': '119', 'audiChange': '2', 'audiAcc': '655741', 'scrnCnt': '377', 'showCnt': '577'}, {'rnum': '8', 'rank': '8', 'rankInten': '6', 'rankOldAndNew': 'OLD', 'movieCd': '20241984', 'movieNm': '2023 영탁 단독 콘서트 : 탁쇼2', 'openDt': '2024-07-18', 'salesAmt': '65264500', 'salesShare': '1.8', 'salesInten': '46149000', 'salesChange': '241.4', 'salesAcc': '640030500', 'audiCnt': '2611', 'audiInten': '1846', 'audiChange': '241.3', 'audiAcc': '25607', 'scrnCnt': '50', 'showCnt': '66'}, {'rnum': '9', 'rank': '9', 'rankInten': '1', 'rankOldAndNew': 'OLD', 'movieCd': '20248465', 'movieNm': '하이재킹', 'openDt': '2024-06-21', 'salesAmt': '19083112', 'salesShare': '0.5', 'salesInten': '500739', 'salesChange': '2.7', 'salesAcc': '16743539746', 'audiCnt': '1933', 'audiInten': '-104', 'audiChange': '-5.1', 'audiAcc': '1762676', 'scrnCnt': '138', 'showCnt': '173'}, {'rnum': '10', 'rank': '10', 'rankInten': '-2', 'rankOldAndNew': 'OLD', 'movieCd': '20241343', 'movieNm': '우마무스메 프리티 더비 새로운 시대의 문', 'openDt': '2024-07-11', 'salesAmt': '20745614', 'salesShare': '0.6', 'salesInten': '-11647157', 'salesChange': '-36', 'salesAcc': '416974201', 'audiCnt': '1875', 'audiInten': '-1376', 'audiChange': '-42.3', 'audiAcc': '38685', 'scrnCnt': '79', 'showCnt': '91'}]}}
[2024-07-31T16:35:04.845+0900] {process_utils.py:191} INFO -   rnum rank rankInten rankOldAndNew  ...  audiAcc scrnCnt showCnt   load_dt
[2024-07-31T16:35:04.845+0900] {process_utils.py:191} INFO - 0    1    1         0           OLD  ...   528083    1947    8677  20240726
[2024-07-31T16:35:04.846+0900] {process_utils.py:191} INFO - 1    2    2         0           OLD  ...   297057    1017    3846  20240726
[2024-07-31T16:35:04.846+0900] {process_utils.py:191} INFO - 2    3    3         0           OLD  ...  2117002     878    2310  20240726
[2024-07-31T16:35:04.847+0900] {process_utils.py:191} INFO - 3    4    4         0           OLD  ...  8177735     652    1220  20240726
[2024-07-31T16:35:04.847+0900] {process_utils.py:191} INFO - 4    5    5         0           OLD  ...   502567     589    1187  20240726
[2024-07-31T16:35:04.847+0900] {process_utils.py:191} INFO - 
[2024-07-31T16:35:04.848+0900] {process_utils.py:191} INFO - [5 rows x 19 columns]
[2024-07-31T16:35:04.848+0900] {process_utils.py:191} INFO -   rnum rank rankInten rankOldAndNew  ...  audiAcc scrnCnt showCnt   load_dt
[2024-07-31T16:35:04.848+0900] {process_utils.py:191} INFO - 0    1    1         0           OLD  ...   528083    1947    8677  20240726
[2024-07-31T16:35:04.849+0900] {process_utils.py:191} INFO - 1    2    2         0           OLD  ...   297057    1017    3846  20240726
[2024-07-31T16:35:04.849+0900] {process_utils.py:191} INFO - 2    3    3         0           OLD  ...  2117002     878    2310  20240726
[2024-07-31T16:35:04.850+0900] {process_utils.py:191} INFO - 3    4    4         0           OLD  ...  8177735     652    1220  20240726
[2024-07-31T16:35:04.850+0900] {process_utils.py:191} INFO - 4    5    5         0           OLD  ...   502567     589    1187  20240726
[2024-07-31T16:35:04.850+0900] {process_utils.py:191} INFO - 
[2024-07-31T16:35:04.851+0900] {process_utils.py:191} INFO - [5 rows x 19 columns]
[2024-07-31T16:35:05.297+0900] {python.py:237} INFO - Done. Returned value was: None
[2024-07-31T16:35:05.297+0900] {taskinstance.py:441} INFO - ::group::Post task execution logs
[2024-07-31T16:35:05.301+0900] {taskinstance.py:1206} INFO - Marking task as SUCCESS. dag_id=movie, task_id=get.data, run_id=scheduled__2024-07-26T02:10:00+00:00, execution_date=20240726T021000, start_date=20240731T073440, end_date=20240731T073505
[2024-07-31T16:35:05.348+0900] {local_task_job_runner.py:243} INFO - Task exited with return code 0
[2024-07-31T16:35:05.356+0900] {taskinstance.py:3503} INFO - 0 downstream tasks scheduled from follow-on schedule check
[2024-07-31T16:35:05.357+0900] {local_task_job_runner.py:222} INFO - ::endgroup::
