[2024-07-31T11:25:16.518+0900] {local_task_job_runner.py:120} INFO - ::group::Pre task execution logs
[2024-07-31T11:25:16.528+0900] {taskinstance.py:2076} INFO - Dependencies all met for dep_context=non-requeueable deps ti=<TaskInstance: movie.get.data scheduled__2024-07-26T02:10:00+00:00 [queued]>
[2024-07-31T11:25:16.531+0900] {taskinstance.py:2076} INFO - Dependencies all met for dep_context=requeueable deps ti=<TaskInstance: movie.get.data scheduled__2024-07-26T02:10:00+00:00 [queued]>
[2024-07-31T11:25:16.531+0900] {taskinstance.py:2306} INFO - Starting attempt 2 of 3
[2024-07-31T11:25:16.545+0900] {taskinstance.py:2330} INFO - Executing <Task(PythonVirtualenvOperator): get.data> on 2024-07-26 02:10:00+00:00
[2024-07-31T11:25:16.548+0900] {standard_task_runner.py:64} INFO - Started process 10907 to run task
[2024-07-31T11:25:16.551+0900] {standard_task_runner.py:90} INFO - Running: ['airflow', 'tasks', 'run', 'movie', 'get.data', 'scheduled__2024-07-26T02:10:00+00:00', '--job-id', '746', '--raw', '--subdir', 'DAGS_FOLDER/movie.py', '--cfg-path', '/var/folders/qv/0knwm5h50ml0skpppwpbks_r0000gp/T/tmpn6r6jtuy']
[2024-07-31T11:25:16.552+0900] {standard_task_runner.py:91} INFO - Job 746: Subtask get.data
[2024-07-31T11:25:16.566+0900] {task_command.py:426} INFO - Running <TaskInstance: movie.get.data scheduled__2024-07-26T02:10:00+00:00 [running]> on host jeongui-MacBookPro.local
[2024-07-31T11:25:16.587+0900] {taskinstance.py:2648} INFO - Exporting env vars: AIRFLOW_CTX_DAG_OWNER='airflow' AIRFLOW_CTX_DAG_ID='movie' AIRFLOW_CTX_TASK_ID='get.data' AIRFLOW_CTX_EXECUTION_DATE='2024-07-26T02:10:00+00:00' AIRFLOW_CTX_TRY_NUMBER='2' AIRFLOW_CTX_DAG_RUN_ID='scheduled__2024-07-26T02:10:00+00:00'
[2024-07-31T11:25:16.588+0900] {taskinstance.py:430} INFO - ::endgroup::
[2024-07-31T11:25:16.593+0900] {baseoperator.py:400} WARNING - PythonVirtualenvOperator.execute cannot be called outside TaskInstance!
[2024-07-31T11:25:16.594+0900] {process_utils.py:183} INFO - Executing cmd: /Users/DE32/.pyenv/versions/3.11.9/envs/note/bin/python -m virtualenv /var/folders/qv/0knwm5h50ml0skpppwpbks_r0000gp/T/venvtt0hmniu --python=python
[2024-07-31T11:25:16.596+0900] {process_utils.py:187} INFO - Output:
[2024-07-31T11:25:16.832+0900] {process_utils.py:191} INFO - created virtual environment CPython3.11.9.final.0-64 in 168ms
[2024-07-31T11:25:16.832+0900] {process_utils.py:191} INFO -   creator CPython3Posix(dest=/private/var/folders/qv/0knwm5h50ml0skpppwpbks_r0000gp/T/venvtt0hmniu, clear=False, no_vcs_ignore=False, global=False)
[2024-07-31T11:25:16.833+0900] {process_utils.py:191} INFO -   seeder FromAppData(download=False, pip=bundle, setuptools=bundle, wheel=bundle, via=copy, app_data_dir=/Users/DE32/Library/Application Support/virtualenv)
[2024-07-31T11:25:16.833+0900] {process_utils.py:191} INFO -     added seed packages: pip==24.1.2, setuptools==70.2.0, wheel==0.43.0
[2024-07-31T11:25:16.833+0900] {process_utils.py:191} INFO -   activators BashActivator,CShellActivator,FishActivator,NushellActivator,PowerShellActivator,PythonActivator
[2024-07-31T11:25:16.844+0900] {process_utils.py:183} INFO - Executing cmd: /var/folders/qv/0knwm5h50ml0skpppwpbks_r0000gp/T/venvtt0hmniu/bin/pip install -r /var/folders/qv/0knwm5h50ml0skpppwpbks_r0000gp/T/venvtt0hmniu/requirements.txt
[2024-07-31T11:25:16.846+0900] {process_utils.py:187} INFO - Output:
[2024-07-31T11:25:17.736+0900] {process_utils.py:191} INFO - Collecting git+https://github.com/Jeonghoon2/movie.git@0.2/api (from -r /var/folders/qv/0knwm5h50ml0skpppwpbks_r0000gp/T/venvtt0hmniu/requirements.txt (line 1))
[2024-07-31T11:25:17.736+0900] {process_utils.py:191} INFO -   Cloning https://github.com/Jeonghoon2/movie.git (to revision 0.2/api) to /private/var/folders/qv/0knwm5h50ml0skpppwpbks_r0000gp/T/pip-req-build-_py5yglt
[2024-07-31T11:25:17.749+0900] {process_utils.py:191} INFO -   Running command git clone --filter=blob:none --quiet https://github.com/Jeonghoon2/movie.git /private/var/folders/qv/0knwm5h50ml0skpppwpbks_r0000gp/T/pip-req-build-_py5yglt
[2024-07-31T11:25:19.590+0900] {process_utils.py:191} INFO -   Running command git checkout -b 0.2/api --track origin/0.2/api
[2024-07-31T11:25:20.165+0900] {process_utils.py:191} INFO -   Switched to a new branch '0.2/api'
[2024-07-31T11:25:20.166+0900] {process_utils.py:191} INFO -   branch '0.2/api' set up to track 'origin/0.2/api'.
[2024-07-31T11:25:20.166+0900] {process_utils.py:191} INFO -   Resolved https://github.com/Jeonghoon2/movie.git to commit 514cfb45f6fa577ee07d4fa2076f9283780af81e
[2024-07-31T11:25:20.189+0900] {process_utils.py:191} INFO -   Installing build dependencies: started
[2024-07-31T11:25:21.175+0900] {process_utils.py:191} INFO -   Installing build dependencies: finished with status 'done'
[2024-07-31T11:25:21.175+0900] {process_utils.py:191} INFO -   Getting requirements to build wheel: started
[2024-07-31T11:25:21.299+0900] {process_utils.py:191} INFO -   Getting requirements to build wheel: finished with status 'done'
[2024-07-31T11:25:21.300+0900] {process_utils.py:191} INFO -   Preparing metadata (pyproject.toml): started
[2024-07-31T11:25:21.425+0900] {process_utils.py:191} INFO -   Preparing metadata (pyproject.toml): finished with status 'done'
[2024-07-31T11:25:21.494+0900] {process_utils.py:191} INFO - Collecting requests>=2.32.3 (from mov==0.1.0->-r /var/folders/qv/0knwm5h50ml0skpppwpbks_r0000gp/T/venvtt0hmniu/requirements.txt (line 1))
[2024-07-31T11:25:21.496+0900] {process_utils.py:191} INFO -   Using cached requests-2.32.3-py3-none-any.whl.metadata (4.6 kB)
[2024-07-31T11:25:21.565+0900] {process_utils.py:191} INFO - Collecting pandas>=2.2.2 (from mov==0.1.0->-r /var/folders/qv/0knwm5h50ml0skpppwpbks_r0000gp/T/venvtt0hmniu/requirements.txt (line 1))
[2024-07-31T11:25:21.567+0900] {process_utils.py:191} INFO -   Using cached pandas-2.2.2-cp311-cp311-macosx_11_0_arm64.whl.metadata (19 kB)
[2024-07-31T11:25:21.672+0900] {process_utils.py:191} INFO - Collecting numpy>=2.0.1 (from mov==0.1.0->-r /var/folders/qv/0knwm5h50ml0skpppwpbks_r0000gp/T/venvtt0hmniu/requirements.txt (line 1))
[2024-07-31T11:25:21.674+0900] {process_utils.py:191} INFO -   Using cached numpy-2.0.1-cp311-cp311-macosx_14_0_arm64.whl.metadata (60 kB)
[2024-07-31T11:25:21.724+0900] {process_utils.py:191} INFO - Collecting pyarrow>=17.0.0 (from mov==0.1.0->-r /var/folders/qv/0knwm5h50ml0skpppwpbks_r0000gp/T/venvtt0hmniu/requirements.txt (line 1))
[2024-07-31T11:25:21.725+0900] {process_utils.py:191} INFO -   Using cached pyarrow-17.0.0-cp311-cp311-macosx_11_0_arm64.whl.metadata (3.3 kB)
[2024-07-31T11:25:21.746+0900] {process_utils.py:191} INFO - Collecting python-dateutil>=2.8.2 (from pandas>=2.2.2->mov==0.1.0->-r /var/folders/qv/0knwm5h50ml0skpppwpbks_r0000gp/T/venvtt0hmniu/requirements.txt (line 1))
[2024-07-31T11:25:21.747+0900] {process_utils.py:191} INFO -   Using cached python_dateutil-2.9.0.post0-py2.py3-none-any.whl.metadata (8.4 kB)
[2024-07-31T11:25:21.776+0900] {process_utils.py:191} INFO - Collecting pytz>=2020.1 (from pandas>=2.2.2->mov==0.1.0->-r /var/folders/qv/0knwm5h50ml0skpppwpbks_r0000gp/T/venvtt0hmniu/requirements.txt (line 1))
[2024-07-31T11:25:21.777+0900] {process_utils.py:191} INFO -   Using cached pytz-2024.1-py2.py3-none-any.whl.metadata (22 kB)
[2024-07-31T11:25:21.791+0900] {process_utils.py:191} INFO - Collecting tzdata>=2022.7 (from pandas>=2.2.2->mov==0.1.0->-r /var/folders/qv/0knwm5h50ml0skpppwpbks_r0000gp/T/venvtt0hmniu/requirements.txt (line 1))
[2024-07-31T11:25:21.792+0900] {process_utils.py:191} INFO -   Using cached tzdata-2024.1-py2.py3-none-any.whl.metadata (1.4 kB)
[2024-07-31T11:25:21.838+0900] {process_utils.py:191} INFO - Collecting charset-normalizer<4,>=2 (from requests>=2.32.3->mov==0.1.0->-r /var/folders/qv/0knwm5h50ml0skpppwpbks_r0000gp/T/venvtt0hmniu/requirements.txt (line 1))
[2024-07-31T11:25:21.839+0900] {process_utils.py:191} INFO -   Using cached charset_normalizer-3.3.2-cp311-cp311-macosx_11_0_arm64.whl.metadata (33 kB)
[2024-07-31T11:25:21.857+0900] {process_utils.py:191} INFO - Collecting idna<4,>=2.5 (from requests>=2.32.3->mov==0.1.0->-r /var/folders/qv/0knwm5h50ml0skpppwpbks_r0000gp/T/venvtt0hmniu/requirements.txt (line 1))
[2024-07-31T11:25:21.858+0900] {process_utils.py:191} INFO -   Using cached idna-3.7-py3-none-any.whl.metadata (9.9 kB)
[2024-07-31T11:25:21.899+0900] {process_utils.py:191} INFO - Collecting urllib3<3,>=1.21.1 (from requests>=2.32.3->mov==0.1.0->-r /var/folders/qv/0knwm5h50ml0skpppwpbks_r0000gp/T/venvtt0hmniu/requirements.txt (line 1))
[2024-07-31T11:25:21.900+0900] {process_utils.py:191} INFO -   Using cached urllib3-2.2.2-py3-none-any.whl.metadata (6.4 kB)
[2024-07-31T11:25:21.919+0900] {process_utils.py:191} INFO - Collecting certifi>=2017.4.17 (from requests>=2.32.3->mov==0.1.0->-r /var/folders/qv/0knwm5h50ml0skpppwpbks_r0000gp/T/venvtt0hmniu/requirements.txt (line 1))
[2024-07-31T11:25:21.920+0900] {process_utils.py:191} INFO -   Using cached certifi-2024.7.4-py3-none-any.whl.metadata (2.2 kB)
[2024-07-31T11:25:21.949+0900] {process_utils.py:191} INFO - Collecting six>=1.5 (from python-dateutil>=2.8.2->pandas>=2.2.2->mov==0.1.0->-r /var/folders/qv/0knwm5h50ml0skpppwpbks_r0000gp/T/venvtt0hmniu/requirements.txt (line 1))
[2024-07-31T11:25:21.950+0900] {process_utils.py:191} INFO -   Using cached six-1.16.0-py2.py3-none-any.whl.metadata (1.8 kB)
[2024-07-31T11:25:21.953+0900] {process_utils.py:191} INFO - Using cached numpy-2.0.1-cp311-cp311-macosx_14_0_arm64.whl (5.3 MB)
[2024-07-31T11:25:21.962+0900] {process_utils.py:191} INFO - Using cached pandas-2.2.2-cp311-cp311-macosx_11_0_arm64.whl (11.3 MB)
[2024-07-31T11:25:21.977+0900] {process_utils.py:191} INFO - Using cached pyarrow-17.0.0-cp311-cp311-macosx_11_0_arm64.whl (27.2 MB)
[2024-07-31T11:25:22.008+0900] {process_utils.py:191} INFO - Using cached requests-2.32.3-py3-none-any.whl (64 kB)
[2024-07-31T11:25:22.010+0900] {process_utils.py:191} INFO - Using cached certifi-2024.7.4-py3-none-any.whl (162 kB)
[2024-07-31T11:25:22.013+0900] {process_utils.py:191} INFO - Using cached charset_normalizer-3.3.2-cp311-cp311-macosx_11_0_arm64.whl (118 kB)
[2024-07-31T11:25:22.015+0900] {process_utils.py:191} INFO - Using cached idna-3.7-py3-none-any.whl (66 kB)
[2024-07-31T11:25:22.017+0900] {process_utils.py:191} INFO - Using cached python_dateutil-2.9.0.post0-py2.py3-none-any.whl (229 kB)
[2024-07-31T11:25:22.021+0900] {process_utils.py:191} INFO - Using cached pytz-2024.1-py2.py3-none-any.whl (505 kB)
[2024-07-31T11:25:22.023+0900] {process_utils.py:191} INFO - Using cached tzdata-2024.1-py2.py3-none-any.whl (345 kB)
[2024-07-31T11:25:22.025+0900] {process_utils.py:191} INFO - Using cached urllib3-2.2.2-py3-none-any.whl (121 kB)
[2024-07-31T11:25:22.027+0900] {process_utils.py:191} INFO - Using cached six-1.16.0-py2.py3-none-any.whl (11 kB)
[2024-07-31T11:25:22.070+0900] {process_utils.py:191} INFO - Building wheels for collected packages: mov
[2024-07-31T11:25:22.083+0900] {process_utils.py:191} INFO -   Building wheel for mov (pyproject.toml): started
[2024-07-31T11:25:22.217+0900] {process_utils.py:191} INFO -   Building wheel for mov (pyproject.toml): finished with status 'done'
[2024-07-31T11:25:22.217+0900] {process_utils.py:191} INFO -   Created wheel for mov: filename=mov-0.1.0-py3-none-any.whl size=3017 sha256=19b65b311e8303771e3dc13ac95fc709a9ef7624a898c90c85d38bf28a2b0309
[2024-07-31T11:25:22.218+0900] {process_utils.py:191} INFO -   Stored in directory: /private/var/folders/qv/0knwm5h50ml0skpppwpbks_r0000gp/T/pip-ephem-wheel-cache-t5fyslzq/wheels/cf/ab/a7/d0c528d20fa8a5f19e169bdf1d98f2b2cefe79d8527bb89200
[2024-07-31T11:25:22.219+0900] {process_utils.py:191} INFO - Successfully built mov
[2024-07-31T11:25:22.246+0900] {process_utils.py:191} INFO - Installing collected packages: pytz, urllib3, tzdata, six, numpy, idna, charset-normalizer, certifi, requests, python-dateutil, pyarrow, pandas, mov
[2024-07-31T11:25:26.772+0900] {process_utils.py:191} INFO - Successfully installed certifi-2024.7.4 charset-normalizer-3.3.2 idna-3.7 mov-0.1.0 numpy-2.0.1 pandas-2.2.2 pyarrow-17.0.0 python-dateutil-2.9.0.post0 pytz-2024.1 requests-2.32.3 six-1.16.0 tzdata-2024.1 urllib3-2.2.2
[2024-07-31T11:25:26.776+0900] {process_utils.py:191} INFO - 
[2024-07-31T11:25:26.776+0900] {process_utils.py:191} INFO - [notice] A new release of pip is available: 24.1.2 -> 24.2
[2024-07-31T11:25:26.776+0900] {process_utils.py:191} INFO - [notice] To update, run: python -m pip install --upgrade pip
[2024-07-31T11:25:26.908+0900] {process_utils.py:183} INFO - Executing cmd: /var/folders/qv/0knwm5h50ml0skpppwpbks_r0000gp/T/venvtt0hmniu/bin/python /var/folders/qv/0knwm5h50ml0skpppwpbks_r0000gp/T/venv-calljufhf0z8/script.py /var/folders/qv/0knwm5h50ml0skpppwpbks_r0000gp/T/venv-calljufhf0z8/script.in /var/folders/qv/0knwm5h50ml0skpppwpbks_r0000gp/T/venv-calljufhf0z8/script.out /var/folders/qv/0knwm5h50ml0skpppwpbks_r0000gp/T/venv-calljufhf0z8/string_args.txt /var/folders/qv/0knwm5h50ml0skpppwpbks_r0000gp/T/venv-calljufhf0z8/termination.log
[2024-07-31T11:25:26.910+0900] {process_utils.py:187} INFO - Output:
[2024-07-31T11:25:41.248+0900] {process_utils.py:191} INFO - {'boxOfficeResult': {'boxofficeType': '일별 박스오피스', 'showRange': '20240726~20240726', 'dailyBoxOfficeList': [{'rnum': '1', 'rank': '1', 'rankInten': '0', 'rankOldAndNew': 'OLD', 'movieCd': '20247781', 'movieNm': '데드풀과 울버린', 'openDt': '2024-07-24', 'salesAmt': '1738623098', 'salesShare': '48.1', 'salesInten': '394177220', 'salesChange': '29.3', 'salesAcc': '5467754273', 'audiCnt': '164667', 'audiInten': '33002', 'audiChange': '25.1', 'audiAcc': '528093', 'scrnCnt': '1947', 'showCnt': '8677'}, {'rnum': '2', 'rank': '2', 'rankInten': '0', 'rankOldAndNew': 'OLD', 'movieCd': '20247440', 'movieNm': '슈퍼배드 4', 'openDt': '2024-07-24', 'salesAmt': '609117306', 'salesShare': '16.8', 'salesInten': '125136057', 'salesChange': '25.9', 'salesAcc': '2765105082', 'audiCnt': '65111', 'audiInten': '11456', 'audiChange': '21.4', 'audiAcc': '297057', 'scrnCnt': '1017', 'showCnt': '3846'}, {'rnum': '3', 'rank': '3', 'rankInten': '0', 'rankOldAndNew': 'OLD', 'movieCd': '20212932', 'movieNm': '탈주', 'openDt': '2024-07-03', 'salesAmt': '409700345', 'salesShare': '11.3', 'salesInten': '92030694', 'salesChange': '29', 'salesAcc': '20059984525', 'audiCnt': '42370', 'audiInten': '8145', 'audiChange': '23.8', 'audiAcc': '2117002', 'scrnCnt': '878', 'showCnt': '2310'}, {'rnum': '4', 'rank': '4', 'rankInten': '0', 'rankOldAndNew': 'OLD', 'movieCd': '20235974', 'movieNm': '인사이드 아웃 2', 'openDt': '2024-06-12', 'salesAmt': '250975589', 'salesShare': '6.9', 'salesInten': '59165483', 'salesChange': '30.8', 'salesAcc': '78629441553', 'audiCnt': '25799', 'audiInten': '5257', 'audiChange': '25.6', 'audiAcc': '8177738', 'scrnCnt': '652', 'showCnt': '1220'}, {'rnum': '5', 'rank': '5', 'rankInten': '0', 'rankOldAndNew': 'OLD', 'movieCd': '20240983', 'movieNm': '명탐정 코난: 100만 달러의 펜타그램', 'openDt': '2024-07-17', 'salesAmt': '176497837', 'salesShare': '4.9', 'salesInten': '-4219937', 'salesChange': '-2.3', 'salesAcc': '4953440890', 'audiCnt': '18238', 'audiInten': '-1140', 'audiChange': '-5.9', 'audiAcc': '502567', 'scrnCnt': '589', 'showCnt': '1187'}, {'rnum': '6', 'rank': '6', 'rankInten': '0', 'rankOldAndNew': 'OLD', 'movieCd': '20208245', 'movieNm': '핸섬가이즈', 'openDt': '2024-06-26', 'salesAmt': '132260829', 'salesShare': '3.7', 'salesInten': '36835382', 'salesChange': '38.6', 'salesAcc': '15577135644', 'audiCnt': '13708', 'audiInten': '3510', 'audiChange': '34.4', 'audiAcc': '1667655', 'scrnCnt': '537', 'showCnt': '928'}, {'rnum': '7', 'rank': '7', 'rankInten': '0', 'rankOldAndNew': 'OLD', 'movieCd': '20208911', 'movieNm': '탈출: 프로젝트 사일런스', 'openDt': '2024-07-12', 'salesAmt': '59731054', 'salesShare': '1.7', 'salesInten': '3253740', 'salesChange': '5.8', 'salesAcc': '6393921363', 'audiCnt': '6084', 'audiInten': '119', 'audiChange': '2', 'audiAcc': '655741', 'scrnCnt': '377', 'showCnt': '577'}, {'rnum': '8', 'rank': '8', 'rankInten': '6', 'rankOldAndNew': 'OLD', 'movieCd': '20241984', 'movieNm': '2023 영탁 단독 콘서트 : 탁쇼2', 'openDt': '2024-07-18', 'salesAmt': '65264500', 'salesShare': '1.8', 'salesInten': '46149000', 'salesChange': '241.4', 'salesAcc': '640030500', 'audiCnt': '2611', 'audiInten': '1846', 'audiChange': '241.3', 'audiAcc': '25607', 'scrnCnt': '50', 'showCnt': '66'}, {'rnum': '9', 'rank': '9', 'rankInten': '1', 'rankOldAndNew': 'OLD', 'movieCd': '20248465', 'movieNm': '하이재킹', 'openDt': '2024-06-21', 'salesAmt': '19083112', 'salesShare': '0.5', 'salesInten': '500739', 'salesChange': '2.7', 'salesAcc': '16743539746', 'audiCnt': '1933', 'audiInten': '-104', 'audiChange': '-5.1', 'audiAcc': '1762676', 'scrnCnt': '138', 'showCnt': '173'}, {'rnum': '10', 'rank': '10', 'rankInten': '-2', 'rankOldAndNew': 'OLD', 'movieCd': '20241343', 'movieNm': '우마무스메 프리티 더비 새로운 시대의 문', 'openDt': '2024-07-11', 'salesAmt': '20745614', 'salesShare': '0.6', 'salesInten': '-11647157', 'salesChange': '-36', 'salesAcc': '416974201', 'audiCnt': '1875', 'audiInten': '-1376', 'audiChange': '-42.3', 'audiAcc': '38685', 'scrnCnt': '79', 'showCnt': '91'}]}}
[2024-07-31T11:25:41.249+0900] {process_utils.py:191} INFO -   rnum rank rankInten rankOldAndNew  ...  audiAcc scrnCnt showCnt   load_dt
[2024-07-31T11:25:41.249+0900] {process_utils.py:191} INFO - 0    1    1         0           OLD  ...   528093    1947    8677  20240726
[2024-07-31T11:25:41.250+0900] {process_utils.py:191} INFO - 1    2    2         0           OLD  ...   297057    1017    3846  20240726
[2024-07-31T11:25:41.250+0900] {process_utils.py:191} INFO - 2    3    3         0           OLD  ...  2117002     878    2310  20240726
[2024-07-31T11:25:41.251+0900] {process_utils.py:191} INFO - 3    4    4         0           OLD  ...  8177738     652    1220  20240726
[2024-07-31T11:25:41.251+0900] {process_utils.py:191} INFO - 4    5    5         0           OLD  ...   502567     589    1187  20240726
[2024-07-31T11:25:41.251+0900] {process_utils.py:191} INFO - 
[2024-07-31T11:25:41.252+0900] {process_utils.py:191} INFO - [5 rows x 19 columns]
[2024-07-31T11:25:41.252+0900] {process_utils.py:191} INFO -   rnum rank rankInten rankOldAndNew  ...  audiAcc scrnCnt showCnt   load_dt
[2024-07-31T11:25:41.252+0900] {process_utils.py:191} INFO - 0    1    1         0           OLD  ...   528093    1947    8677  20240726
[2024-07-31T11:25:41.253+0900] {process_utils.py:191} INFO - 1    2    2         0           OLD  ...   297057    1017    3846  20240726
[2024-07-31T11:25:41.253+0900] {process_utils.py:191} INFO - 2    3    3         0           OLD  ...  2117002     878    2310  20240726
[2024-07-31T11:25:41.254+0900] {process_utils.py:191} INFO - 3    4    4         0           OLD  ...  8177738     652    1220  20240726
[2024-07-31T11:25:41.254+0900] {process_utils.py:191} INFO - 4    5    5         0           OLD  ...   502567     589    1187  20240726
[2024-07-31T11:25:41.254+0900] {process_utils.py:191} INFO - 
[2024-07-31T11:25:41.255+0900] {process_utils.py:191} INFO - [5 rows x 19 columns]
[2024-07-31T11:25:41.691+0900] {python.py:237} INFO - Done. Returned value was: None
[2024-07-31T11:25:41.692+0900] {taskinstance.py:441} INFO - ::group::Post task execution logs
[2024-07-31T11:25:41.696+0900] {taskinstance.py:1206} INFO - Marking task as SUCCESS. dag_id=movie, task_id=get.data, run_id=scheduled__2024-07-26T02:10:00+00:00, execution_date=20240726T021000, start_date=20240731T022516, end_date=20240731T022541
[2024-07-31T11:25:41.718+0900] {local_task_job_runner.py:243} INFO - Task exited with return code 0
[2024-07-31T11:25:41.725+0900] {taskinstance.py:3503} INFO - 0 downstream tasks scheduled from follow-on schedule check
[2024-07-31T11:25:41.725+0900] {local_task_job_runner.py:222} INFO - ::endgroup::
[2024-07-31T19:42:10.552+0900] {local_task_job_runner.py:120} INFO - ::group::Pre task execution logs
[2024-07-31T19:42:10.563+0900] {taskinstance.py:2076} INFO - Dependencies all met for dep_context=non-requeueable deps ti=<TaskInstance: movie.get.data scheduled__2024-07-26T02:10:00+00:00 [queued]>
[2024-07-31T19:42:10.567+0900] {taskinstance.py:2076} INFO - Dependencies all met for dep_context=requeueable deps ti=<TaskInstance: movie.get.data scheduled__2024-07-26T02:10:00+00:00 [queued]>
[2024-07-31T19:42:10.567+0900] {taskinstance.py:2306} INFO - Starting attempt 2 of 3
[2024-07-31T19:42:10.573+0900] {taskinstance.py:2330} INFO - Executing <Task(PythonVirtualenvOperator): get.data> on 2024-07-26 02:10:00+00:00
[2024-07-31T19:42:10.576+0900] {standard_task_runner.py:64} INFO - Started process 32761 to run task
[2024-07-31T19:42:10.578+0900] {standard_task_runner.py:90} INFO - Running: ['airflow', 'tasks', 'run', 'movie', 'get.data', 'scheduled__2024-07-26T02:10:00+00:00', '--job-id', '955', '--raw', '--subdir', 'DAGS_FOLDER/movie.py', '--cfg-path', '/var/folders/qv/0knwm5h50ml0skpppwpbks_r0000gp/T/tmp8d2_zb00']
[2024-07-31T19:42:10.580+0900] {standard_task_runner.py:91} INFO - Job 955: Subtask get.data
[2024-07-31T19:42:10.594+0900] {task_command.py:426} INFO - Running <TaskInstance: movie.get.data scheduled__2024-07-26T02:10:00+00:00 [running]> on host jeongui-MacBookPro.local
[2024-07-31T19:42:10.615+0900] {taskinstance.py:2648} INFO - Exporting env vars: AIRFLOW_CTX_DAG_OWNER='airflow' AIRFLOW_CTX_DAG_ID='movie' AIRFLOW_CTX_TASK_ID='get.data' AIRFLOW_CTX_EXECUTION_DATE='2024-07-26T02:10:00+00:00' AIRFLOW_CTX_TRY_NUMBER='2' AIRFLOW_CTX_DAG_RUN_ID='scheduled__2024-07-26T02:10:00+00:00'
[2024-07-31T19:42:10.615+0900] {taskinstance.py:430} INFO - ::endgroup::
[2024-07-31T19:42:10.621+0900] {baseoperator.py:400} WARNING - PythonVirtualenvOperator.execute cannot be called outside TaskInstance!
[2024-07-31T19:42:10.621+0900] {process_utils.py:183} INFO - Executing cmd: /Users/DE32/.pyenv/versions/3.11.9/envs/note/bin/python -m virtualenv /var/folders/qv/0knwm5h50ml0skpppwpbks_r0000gp/T/venvt1zma6oj --python=python
[2024-07-31T19:42:10.623+0900] {process_utils.py:187} INFO - Output:
[2024-07-31T19:42:10.857+0900] {process_utils.py:191} INFO - created virtual environment CPython3.11.9.final.0-64 in 166ms
[2024-07-31T19:42:10.857+0900] {process_utils.py:191} INFO -   creator CPython3Posix(dest=/private/var/folders/qv/0knwm5h50ml0skpppwpbks_r0000gp/T/venvt1zma6oj, clear=False, no_vcs_ignore=False, global=False)
[2024-07-31T19:42:10.857+0900] {process_utils.py:191} INFO -   seeder FromAppData(download=False, pip=bundle, setuptools=bundle, wheel=bundle, via=copy, app_data_dir=/Users/DE32/Library/Application Support/virtualenv)
[2024-07-31T19:42:10.858+0900] {process_utils.py:191} INFO -     added seed packages: pip==24.1.2, setuptools==70.2.0, wheel==0.43.0
[2024-07-31T19:42:10.858+0900] {process_utils.py:191} INFO -   activators BashActivator,CShellActivator,FishActivator,NushellActivator,PowerShellActivator,PythonActivator
[2024-07-31T19:42:10.868+0900] {process_utils.py:183} INFO - Executing cmd: /var/folders/qv/0knwm5h50ml0skpppwpbks_r0000gp/T/venvt1zma6oj/bin/pip install -r /var/folders/qv/0knwm5h50ml0skpppwpbks_r0000gp/T/venvt1zma6oj/requirements.txt
[2024-07-31T19:42:10.870+0900] {process_utils.py:187} INFO - Output:
[2024-07-31T19:42:11.563+0900] {process_utils.py:191} INFO - Collecting git+https://github.com/Jeonghoon2/movie.git@0.2/api (from -r /var/folders/qv/0knwm5h50ml0skpppwpbks_r0000gp/T/venvt1zma6oj/requirements.txt (line 1))
[2024-07-31T19:42:11.563+0900] {process_utils.py:191} INFO -   Cloning https://github.com/Jeonghoon2/movie.git (to revision 0.2/api) to /private/var/folders/qv/0knwm5h50ml0skpppwpbks_r0000gp/T/pip-req-build-23e4cwgx
[2024-07-31T19:42:11.575+0900] {process_utils.py:191} INFO -   Running command git clone --filter=blob:none --quiet https://github.com/Jeonghoon2/movie.git /private/var/folders/qv/0knwm5h50ml0skpppwpbks_r0000gp/T/pip-req-build-23e4cwgx
[2024-07-31T19:42:12.886+0900] {process_utils.py:191} INFO -   Running command git checkout -b 0.2/api --track origin/0.2/api
[2024-07-31T19:42:13.455+0900] {process_utils.py:191} INFO -   Switched to a new branch '0.2/api'
[2024-07-31T19:42:13.456+0900] {process_utils.py:191} INFO -   branch '0.2/api' set up to track 'origin/0.2/api'.
[2024-07-31T19:42:13.456+0900] {process_utils.py:191} INFO -   Resolved https://github.com/Jeonghoon2/movie.git to commit c2fdd392ce95b386519b05b3bab786608cdb1c58
[2024-07-31T19:42:13.478+0900] {process_utils.py:191} INFO -   Installing build dependencies: started
[2024-07-31T19:42:14.353+0900] {process_utils.py:191} INFO -   Installing build dependencies: finished with status 'done'
[2024-07-31T19:42:14.354+0900] {process_utils.py:191} INFO -   Getting requirements to build wheel: started
[2024-07-31T19:42:14.477+0900] {process_utils.py:191} INFO -   Getting requirements to build wheel: finished with status 'done'
[2024-07-31T19:42:14.478+0900] {process_utils.py:191} INFO -   Preparing metadata (pyproject.toml): started
[2024-07-31T19:42:14.603+0900] {process_utils.py:191} INFO -   Preparing metadata (pyproject.toml): finished with status 'done'
[2024-07-31T19:42:14.666+0900] {process_utils.py:191} INFO - Collecting requests>=2.32.3 (from mov==0.1.0->-r /var/folders/qv/0knwm5h50ml0skpppwpbks_r0000gp/T/venvt1zma6oj/requirements.txt (line 1))
[2024-07-31T19:42:14.667+0900] {process_utils.py:191} INFO -   Using cached requests-2.32.3-py3-none-any.whl.metadata (4.6 kB)
[2024-07-31T19:42:14.732+0900] {process_utils.py:191} INFO - Collecting pandas>=2.2.2 (from mov==0.1.0->-r /var/folders/qv/0knwm5h50ml0skpppwpbks_r0000gp/T/venvt1zma6oj/requirements.txt (line 1))
[2024-07-31T19:42:14.733+0900] {process_utils.py:191} INFO -   Using cached pandas-2.2.2-cp311-cp311-macosx_11_0_arm64.whl.metadata (19 kB)
[2024-07-31T19:42:14.831+0900] {process_utils.py:191} INFO - Collecting numpy>=2.0.1 (from mov==0.1.0->-r /var/folders/qv/0knwm5h50ml0skpppwpbks_r0000gp/T/venvt1zma6oj/requirements.txt (line 1))
[2024-07-31T19:42:14.832+0900] {process_utils.py:191} INFO -   Using cached numpy-2.0.1-cp311-cp311-macosx_14_0_arm64.whl.metadata (60 kB)
[2024-07-31T19:42:14.880+0900] {process_utils.py:191} INFO - Collecting pyarrow>=17.0.0 (from mov==0.1.0->-r /var/folders/qv/0knwm5h50ml0skpppwpbks_r0000gp/T/venvt1zma6oj/requirements.txt (line 1))
[2024-07-31T19:42:14.881+0900] {process_utils.py:191} INFO -   Using cached pyarrow-17.0.0-cp311-cp311-macosx_11_0_arm64.whl.metadata (3.3 kB)
[2024-07-31T19:42:14.901+0900] {process_utils.py:191} INFO - Collecting python-dateutil>=2.8.2 (from pandas>=2.2.2->mov==0.1.0->-r /var/folders/qv/0knwm5h50ml0skpppwpbks_r0000gp/T/venvt1zma6oj/requirements.txt (line 1))
[2024-07-31T19:42:14.902+0900] {process_utils.py:191} INFO -   Using cached python_dateutil-2.9.0.post0-py2.py3-none-any.whl.metadata (8.4 kB)
[2024-07-31T19:42:14.931+0900] {process_utils.py:191} INFO - Collecting pytz>=2020.1 (from pandas>=2.2.2->mov==0.1.0->-r /var/folders/qv/0knwm5h50ml0skpppwpbks_r0000gp/T/venvt1zma6oj/requirements.txt (line 1))
[2024-07-31T19:42:14.932+0900] {process_utils.py:191} INFO -   Using cached pytz-2024.1-py2.py3-none-any.whl.metadata (22 kB)
[2024-07-31T19:42:15.276+0900] {process_utils.py:191} INFO - Collecting tzdata>=2022.7 (from pandas>=2.2.2->mov==0.1.0->-r /var/folders/qv/0knwm5h50ml0skpppwpbks_r0000gp/T/venvt1zma6oj/requirements.txt (line 1))
[2024-07-31T19:42:15.278+0900] {process_utils.py:191} INFO -   Using cached tzdata-2024.1-py2.py3-none-any.whl.metadata (1.4 kB)
[2024-07-31T19:42:15.344+0900] {process_utils.py:191} INFO - Collecting charset-normalizer<4,>=2 (from requests>=2.32.3->mov==0.1.0->-r /var/folders/qv/0knwm5h50ml0skpppwpbks_r0000gp/T/venvt1zma6oj/requirements.txt (line 1))
[2024-07-31T19:42:15.345+0900] {process_utils.py:191} INFO -   Using cached charset_normalizer-3.3.2-cp311-cp311-macosx_11_0_arm64.whl.metadata (33 kB)
[2024-07-31T19:42:15.359+0900] {process_utils.py:191} INFO - Collecting idna<4,>=2.5 (from requests>=2.32.3->mov==0.1.0->-r /var/folders/qv/0knwm5h50ml0skpppwpbks_r0000gp/T/venvt1zma6oj/requirements.txt (line 1))
[2024-07-31T19:42:15.360+0900] {process_utils.py:191} INFO -   Using cached idna-3.7-py3-none-any.whl.metadata (9.9 kB)
[2024-07-31T19:42:15.385+0900] {process_utils.py:191} INFO - Collecting urllib3<3,>=1.21.1 (from requests>=2.32.3->mov==0.1.0->-r /var/folders/qv/0knwm5h50ml0skpppwpbks_r0000gp/T/venvt1zma6oj/requirements.txt (line 1))
[2024-07-31T19:42:15.386+0900] {process_utils.py:191} INFO -   Using cached urllib3-2.2.2-py3-none-any.whl.metadata (6.4 kB)
[2024-07-31T19:42:15.403+0900] {process_utils.py:191} INFO - Collecting certifi>=2017.4.17 (from requests>=2.32.3->mov==0.1.0->-r /var/folders/qv/0knwm5h50ml0skpppwpbks_r0000gp/T/venvt1zma6oj/requirements.txt (line 1))
[2024-07-31T19:42:15.403+0900] {process_utils.py:191} INFO -   Using cached certifi-2024.7.4-py3-none-any.whl.metadata (2.2 kB)
[2024-07-31T19:42:15.428+0900] {process_utils.py:191} INFO - Collecting six>=1.5 (from python-dateutil>=2.8.2->pandas>=2.2.2->mov==0.1.0->-r /var/folders/qv/0knwm5h50ml0skpppwpbks_r0000gp/T/venvt1zma6oj/requirements.txt (line 1))
[2024-07-31T19:42:15.429+0900] {process_utils.py:191} INFO -   Using cached six-1.16.0-py2.py3-none-any.whl.metadata (1.8 kB)
[2024-07-31T19:42:15.432+0900] {process_utils.py:191} INFO - Using cached numpy-2.0.1-cp311-cp311-macosx_14_0_arm64.whl (5.3 MB)
[2024-07-31T19:42:15.438+0900] {process_utils.py:191} INFO - Using cached pandas-2.2.2-cp311-cp311-macosx_11_0_arm64.whl (11.3 MB)
[2024-07-31T19:42:15.450+0900] {process_utils.py:191} INFO - Using cached pyarrow-17.0.0-cp311-cp311-macosx_11_0_arm64.whl (27.2 MB)
[2024-07-31T19:42:15.476+0900] {process_utils.py:191} INFO - Using cached requests-2.32.3-py3-none-any.whl (64 kB)
[2024-07-31T19:42:15.477+0900] {process_utils.py:191} INFO - Using cached certifi-2024.7.4-py3-none-any.whl (162 kB)
[2024-07-31T19:42:15.478+0900] {process_utils.py:191} INFO - Using cached charset_normalizer-3.3.2-cp311-cp311-macosx_11_0_arm64.whl (118 kB)
[2024-07-31T19:42:15.479+0900] {process_utils.py:191} INFO - Using cached idna-3.7-py3-none-any.whl (66 kB)
[2024-07-31T19:42:15.480+0900] {process_utils.py:191} INFO - Using cached python_dateutil-2.9.0.post0-py2.py3-none-any.whl (229 kB)
[2024-07-31T19:42:15.481+0900] {process_utils.py:191} INFO - Using cached pytz-2024.1-py2.py3-none-any.whl (505 kB)
[2024-07-31T19:42:15.482+0900] {process_utils.py:191} INFO - Using cached tzdata-2024.1-py2.py3-none-any.whl (345 kB)
[2024-07-31T19:42:15.483+0900] {process_utils.py:191} INFO - Using cached urllib3-2.2.2-py3-none-any.whl (121 kB)
[2024-07-31T19:42:15.484+0900] {process_utils.py:191} INFO - Using cached six-1.16.0-py2.py3-none-any.whl (11 kB)
[2024-07-31T19:42:15.526+0900] {process_utils.py:191} INFO - Building wheels for collected packages: mov
[2024-07-31T19:42:15.538+0900] {process_utils.py:191} INFO -   Building wheel for mov (pyproject.toml): started
[2024-07-31T19:42:15.674+0900] {process_utils.py:191} INFO -   Building wheel for mov (pyproject.toml): finished with status 'done'
[2024-07-31T19:42:15.675+0900] {process_utils.py:191} INFO -   Created wheel for mov: filename=mov-0.1.0-py3-none-any.whl size=3056 sha256=61968723770f70f6e28d65eb84587d88e00703a354aa9eef17f882209125a5a6
[2024-07-31T19:42:15.675+0900] {process_utils.py:191} INFO -   Stored in directory: /private/var/folders/qv/0knwm5h50ml0skpppwpbks_r0000gp/T/pip-ephem-wheel-cache-0ic9ysyz/wheels/cf/ab/a7/d0c528d20fa8a5f19e169bdf1d98f2b2cefe79d8527bb89200
[2024-07-31T19:42:15.676+0900] {process_utils.py:191} INFO - Successfully built mov
[2024-07-31T19:42:15.704+0900] {process_utils.py:191} INFO - Installing collected packages: pytz, urllib3, tzdata, six, numpy, idna, charset-normalizer, certifi, requests, python-dateutil, pyarrow, pandas, mov
[2024-07-31T19:42:20.161+0900] {process_utils.py:191} INFO - Successfully installed certifi-2024.7.4 charset-normalizer-3.3.2 idna-3.7 mov-0.1.0 numpy-2.0.1 pandas-2.2.2 pyarrow-17.0.0 python-dateutil-2.9.0.post0 pytz-2024.1 requests-2.32.3 six-1.16.0 tzdata-2024.1 urllib3-2.2.2
[2024-07-31T19:42:20.164+0900] {process_utils.py:191} INFO - 
[2024-07-31T19:42:20.164+0900] {process_utils.py:191} INFO - [notice] A new release of pip is available: 24.1.2 -> 24.2
[2024-07-31T19:42:20.164+0900] {process_utils.py:191} INFO - [notice] To update, run: python -m pip install --upgrade pip
[2024-07-31T19:42:20.300+0900] {process_utils.py:183} INFO - Executing cmd: /var/folders/qv/0knwm5h50ml0skpppwpbks_r0000gp/T/venvt1zma6oj/bin/python /var/folders/qv/0knwm5h50ml0skpppwpbks_r0000gp/T/venv-callbw7i1ptq/script.py /var/folders/qv/0knwm5h50ml0skpppwpbks_r0000gp/T/venv-callbw7i1ptq/script.in /var/folders/qv/0knwm5h50ml0skpppwpbks_r0000gp/T/venv-callbw7i1ptq/script.out /var/folders/qv/0knwm5h50ml0skpppwpbks_r0000gp/T/venv-callbw7i1ptq/string_args.txt /var/folders/qv/0knwm5h50ml0skpppwpbks_r0000gp/T/venv-callbw7i1ptq/termination.log
[2024-07-31T19:42:20.302+0900] {process_utils.py:187} INFO - Output:
[2024-07-31T19:42:35.061+0900] {process_utils.py:191} INFO - {'boxOfficeResult': {'boxofficeType': '일별 박스오피스', 'showRange': '20240726~20240726', 'dailyBoxOfficeList': [{'rnum': '1', 'rank': '1', 'rankInten': '0', 'rankOldAndNew': 'OLD', 'movieCd': '20247781', 'movieNm': '데드풀과 울버린', 'openDt': '2024-07-24', 'salesAmt': '1738523098', 'salesShare': '48.0', 'salesInten': '394077220', 'salesChange': '29.3', 'salesAcc': '5467654273', 'audiCnt': '164657', 'audiInten': '32992', 'audiChange': '25.1', 'audiAcc': '528083', 'scrnCnt': '1947', 'showCnt': '8677'}, {'rnum': '2', 'rank': '2', 'rankInten': '0', 'rankOldAndNew': 'OLD', 'movieCd': '20247440', 'movieNm': '슈퍼배드 4', 'openDt': '2024-07-24', 'salesAmt': '609117306', 'salesShare': '16.8', 'salesInten': '125136057', 'salesChange': '25.9', 'salesAcc': '2765105082', 'audiCnt': '65111', 'audiInten': '11456', 'audiChange': '21.4', 'audiAcc': '297057', 'scrnCnt': '1017', 'showCnt': '3846'}, {'rnum': '3', 'rank': '3', 'rankInten': '0', 'rankOldAndNew': 'OLD', 'movieCd': '20212932', 'movieNm': '탈주', 'openDt': '2024-07-03', 'salesAmt': '409700345', 'salesShare': '11.3', 'salesInten': '92030694', 'salesChange': '29', 'salesAcc': '20059984525', 'audiCnt': '42370', 'audiInten': '8145', 'audiChange': '23.8', 'audiAcc': '2117002', 'scrnCnt': '878', 'showCnt': '2310'}, {'rnum': '4', 'rank': '4', 'rankInten': '0', 'rankOldAndNew': 'OLD', 'movieCd': '20235974', 'movieNm': '인사이드 아웃 2', 'openDt': '2024-06-12', 'salesAmt': '250975589', 'salesShare': '6.9', 'salesInten': '59165483', 'salesChange': '30.8', 'salesAcc': '78629413553', 'audiCnt': '25799', 'audiInten': '5257', 'audiChange': '25.6', 'audiAcc': '8177735', 'scrnCnt': '652', 'showCnt': '1220'}, {'rnum': '5', 'rank': '5', 'rankInten': '0', 'rankOldAndNew': 'OLD', 'movieCd': '20240983', 'movieNm': '명탐정 코난: 100만 달러의 펜타그램', 'openDt': '2024-07-17', 'salesAmt': '176497837', 'salesShare': '4.9', 'salesInten': '-4219937', 'salesChange': '-2.3', 'salesAcc': '4953440890', 'audiCnt': '18238', 'audiInten': '-1140', 'audiChange': '-5.9', 'audiAcc': '502567', 'scrnCnt': '589', 'showCnt': '1187'}, {'rnum': '6', 'rank': '6', 'rankInten': '0', 'rankOldAndNew': 'OLD', 'movieCd': '20208245', 'movieNm': '핸섬가이즈', 'openDt': '2024-06-26', 'salesAmt': '132260829', 'salesShare': '3.7', 'salesInten': '36835382', 'salesChange': '38.6', 'salesAcc': '15579642644', 'audiCnt': '13708', 'audiInten': '3510', 'audiChange': '34.4', 'audiAcc': '1667989', 'scrnCnt': '537', 'showCnt': '928'}, {'rnum': '7', 'rank': '7', 'rankInten': '0', 'rankOldAndNew': 'OLD', 'movieCd': '20208911', 'movieNm': '탈출: 프로젝트 사일런스', 'openDt': '2024-07-12', 'salesAmt': '59731054', 'salesShare': '1.6', 'salesInten': '3253740', 'salesChange': '5.8', 'salesAcc': '6393921363', 'audiCnt': '6084', 'audiInten': '119', 'audiChange': '2', 'audiAcc': '655741', 'scrnCnt': '377', 'showCnt': '577'}, {'rnum': '8', 'rank': '8', 'rankInten': '6', 'rankOldAndNew': 'OLD', 'movieCd': '20241984', 'movieNm': '2023 영탁 단독 콘서트 : 탁쇼2', 'openDt': '2024-07-18', 'salesAmt': '65264500', 'salesShare': '1.8', 'salesInten': '46149000', 'salesChange': '241.4', 'salesAcc': '640030500', 'audiCnt': '2611', 'audiInten': '1846', 'audiChange': '241.3', 'audiAcc': '25607', 'scrnCnt': '50', 'showCnt': '66'}, {'rnum': '9', 'rank': '9', 'rankInten': '1', 'rankOldAndNew': 'OLD', 'movieCd': '20248465', 'movieNm': '하이재킹', 'openDt': '2024-06-21', 'salesAmt': '19083112', 'salesShare': '0.5', 'salesInten': '500739', 'salesChange': '2.7', 'salesAcc': '16743539746', 'audiCnt': '1933', 'audiInten': '-104', 'audiChange': '-5.1', 'audiAcc': '1762676', 'scrnCnt': '138', 'showCnt': '173'}, {'rnum': '10', 'rank': '10', 'rankInten': '-2', 'rankOldAndNew': 'OLD', 'movieCd': '20241343', 'movieNm': '우마무스메 프리티 더비 새로운 시대의 문', 'openDt': '2024-07-11', 'salesAmt': '20745614', 'salesShare': '0.6', 'salesInten': '-11647157', 'salesChange': '-36', 'salesAcc': '416974201', 'audiCnt': '1875', 'audiInten': '-1376', 'audiChange': '-42.3', 'audiAcc': '38685', 'scrnCnt': '79', 'showCnt': '91'}]}}
[2024-07-31T19:42:35.062+0900] {process_utils.py:191} INFO - partitioning List : ['load_dt']
[2024-07-31T19:42:35.062+0900] {process_utils.py:191} INFO -   rnum rank rankInten rankOldAndNew  ...  audiAcc scrnCnt showCnt   load_dt
[2024-07-31T19:42:35.063+0900] {process_utils.py:191} INFO - 0    1    1         0           OLD  ...   528083    1947    8677  20240726
[2024-07-31T19:42:35.063+0900] {process_utils.py:191} INFO - 1    2    2         0           OLD  ...   297057    1017    3846  20240726
[2024-07-31T19:42:35.063+0900] {process_utils.py:191} INFO - 2    3    3         0           OLD  ...  2117002     878    2310  20240726
[2024-07-31T19:42:35.064+0900] {process_utils.py:191} INFO - 3    4    4         0           OLD  ...  8177735     652    1220  20240726
[2024-07-31T19:42:35.064+0900] {process_utils.py:191} INFO - 4    5    5         0           OLD  ...   502567     589    1187  20240726
[2024-07-31T19:42:35.064+0900] {process_utils.py:191} INFO - 
[2024-07-31T19:42:35.065+0900] {process_utils.py:191} INFO - [5 rows x 19 columns]
[2024-07-31T19:42:35.512+0900] {python.py:237} INFO - Done. Returned value was: None
[2024-07-31T19:42:35.513+0900] {taskinstance.py:441} INFO - ::group::Post task execution logs
[2024-07-31T19:42:35.516+0900] {taskinstance.py:1206} INFO - Marking task as SUCCESS. dag_id=movie, task_id=get.data, run_id=scheduled__2024-07-26T02:10:00+00:00, execution_date=20240726T021000, start_date=20240731T104210, end_date=20240731T104235
[2024-07-31T19:42:35.540+0900] {local_task_job_runner.py:243} INFO - Task exited with return code 0
[2024-07-31T19:42:35.547+0900] {taskinstance.py:3503} INFO - 0 downstream tasks scheduled from follow-on schedule check
[2024-07-31T19:42:35.547+0900] {local_task_job_runner.py:222} INFO - ::endgroup::
