[2024-07-24T14:13:51.111+0900] {local_task_job_runner.py:120} INFO - ::group::Pre task execution logs
[2024-07-24T14:13:51.118+0900] {taskinstance.py:2076} INFO - Dependencies all met for dep_context=non-requeueable deps ti=<TaskInstance: simple_bash.copy.log scheduled__2024-07-15T00:00:00+00:00 [queued]>
[2024-07-24T14:13:51.120+0900] {taskinstance.py:2076} INFO - Dependencies all met for dep_context=requeueable deps ti=<TaskInstance: simple_bash.copy.log scheduled__2024-07-15T00:00:00+00:00 [queued]>
[2024-07-24T14:13:51.120+0900] {taskinstance.py:2306} INFO - Starting attempt 2 of 3
[2024-07-24T14:13:51.124+0900] {taskinstance.py:2330} INFO - Executing <Task(BashOperator): copy.log> on 2024-07-15 00:00:00+00:00
[2024-07-24T14:13:51.127+0900] {standard_task_runner.py:64} INFO - Started process 89916 to run task
[2024-07-24T14:13:51.129+0900] {standard_task_runner.py:90} INFO - Running: ['airflow', 'tasks', 'run', 'simple_bash', 'copy.log', 'scheduled__2024-07-15T00:00:00+00:00', '--job-id', '75', '--raw', '--subdir', 'DAGS_FOLDER/simple_bash.py', '--cfg-path', '/var/folders/qv/0knwm5h50ml0skpppwpbks_r0000gp/T/tmpcmegh62e']
[2024-07-24T14:13:51.130+0900] {standard_task_runner.py:91} INFO - Job 75: Subtask copy.log
[2024-07-24T14:13:51.144+0900] {task_command.py:426} INFO - Running <TaskInstance: simple_bash.copy.log scheduled__2024-07-15T00:00:00+00:00 [running]> on host jeongui-MacBookPro.local
[2024-07-24T14:13:51.165+0900] {taskinstance.py:2648} INFO - Exporting env vars: AIRFLOW_CTX_DAG_OWNER='airflow' AIRFLOW_CTX_DAG_ID='simple_bash' AIRFLOW_CTX_TASK_ID='copy.log' AIRFLOW_CTX_EXECUTION_DATE='2024-07-15T00:00:00+00:00' AIRFLOW_CTX_TRY_NUMBER='2' AIRFLOW_CTX_DAG_RUN_ID='scheduled__2024-07-15T00:00:00+00:00'
[2024-07-24T14:13:51.166+0900] {taskinstance.py:430} INFO - ::endgroup::
[2024-07-24T14:13:51.172+0900] {subprocess.py:63} INFO - Tmp dir root location: /var/folders/qv/0knwm5h50ml0skpppwpbks_r0000gp/T
[2024-07-24T14:13:51.172+0900] {subprocess.py:75} INFO - Running command: ['/bin/bash', '-c', '\n            mkdir -p ~/data/20240715\n            cp ~/logs/history_20240715*.log ~/data/20240715/\n        ']
[2024-07-24T14:13:51.175+0900] {subprocess.py:86} INFO - Output:
[2024-07-24T14:13:51.183+0900] {subprocess.py:97} INFO - Command exited with return code 0
[2024-07-24T14:13:51.184+0900] {taskinstance.py:441} INFO - ::group::Post task execution logs
[2024-07-24T14:13:51.190+0900] {taskinstance.py:1206} INFO - Marking task as SUCCESS. dag_id=simple_bash, task_id=copy.log, run_id=scheduled__2024-07-15T00:00:00+00:00, execution_date=20240715T000000, start_date=20240724T051351, end_date=20240724T051351
[2024-07-24T14:13:51.235+0900] {local_task_job_runner.py:243} INFO - Task exited with return code 0
[2024-07-24T14:13:51.245+0900] {taskinstance.py:3503} INFO - 1 downstream tasks scheduled from follow-on schedule check
[2024-07-24T14:13:51.246+0900] {local_task_job_runner.py:222} INFO - ::endgroup::
[2024-07-24T14:33:57.080+0900] {local_task_job_runner.py:120} INFO - ::group::Pre task execution logs
[2024-07-24T14:33:57.090+0900] {taskinstance.py:2076} INFO - Dependencies all met for dep_context=non-requeueable deps ti=<TaskInstance: simple_bash.copy.log scheduled__2024-07-15T00:00:00+00:00 [queued]>
[2024-07-24T14:33:57.093+0900] {taskinstance.py:2076} INFO - Dependencies all met for dep_context=requeueable deps ti=<TaskInstance: simple_bash.copy.log scheduled__2024-07-15T00:00:00+00:00 [queued]>
[2024-07-24T14:33:57.094+0900] {taskinstance.py:2306} INFO - Starting attempt 2 of 2
[2024-07-24T14:33:57.098+0900] {taskinstance.py:2330} INFO - Executing <Task(BashOperator): copy.log> on 2024-07-15 00:00:00+00:00
[2024-07-24T14:33:57.101+0900] {standard_task_runner.py:64} INFO - Started process 92301 to run task
[2024-07-24T14:33:57.104+0900] {standard_task_runner.py:90} INFO - Running: ['airflow', 'tasks', 'run', 'simple_bash', 'copy.log', 'scheduled__2024-07-15T00:00:00+00:00', '--job-id', '167', '--raw', '--subdir', 'DAGS_FOLDER/simple_bash.py', '--cfg-path', '/var/folders/qv/0knwm5h50ml0skpppwpbks_r0000gp/T/tmp6wr0rnsq']
[2024-07-24T14:33:57.106+0900] {standard_task_runner.py:91} INFO - Job 167: Subtask copy.log
[2024-07-24T14:33:57.120+0900] {task_command.py:426} INFO - Running <TaskInstance: simple_bash.copy.log scheduled__2024-07-15T00:00:00+00:00 [running]> on host jeongui-MacBookPro.local
[2024-07-24T14:33:57.142+0900] {taskinstance.py:2648} INFO - Exporting env vars: AIRFLOW_CTX_DAG_OWNER='airflow' AIRFLOW_CTX_DAG_ID='simple_bash' AIRFLOW_CTX_TASK_ID='copy.log' AIRFLOW_CTX_EXECUTION_DATE='2024-07-15T00:00:00+00:00' AIRFLOW_CTX_TRY_NUMBER='2' AIRFLOW_CTX_DAG_RUN_ID='scheduled__2024-07-15T00:00:00+00:00'
[2024-07-24T14:33:57.143+0900] {taskinstance.py:430} INFO - ::endgroup::
[2024-07-24T14:33:57.148+0900] {subprocess.py:63} INFO - Tmp dir root location: /var/folders/qv/0knwm5h50ml0skpppwpbks_r0000gp/T
[2024-07-24T14:33:57.149+0900] {subprocess.py:75} INFO - Running command: ['/bin/bash', '-c', '\n            mkdir -p ~/data/20240715\n            cp ~/logs/history_20240715*.log ~/data/20240715/\n        ']
[2024-07-24T14:33:57.152+0900] {subprocess.py:86} INFO - Output:
[2024-07-24T14:33:57.161+0900] {subprocess.py:97} INFO - Command exited with return code 0
[2024-07-24T14:33:57.161+0900] {taskinstance.py:441} INFO - ::group::Post task execution logs
[2024-07-24T14:33:57.167+0900] {taskinstance.py:1206} INFO - Marking task as SUCCESS. dag_id=simple_bash, task_id=copy.log, run_id=scheduled__2024-07-15T00:00:00+00:00, execution_date=20240715T000000, start_date=20240724T053357, end_date=20240724T053357
[2024-07-24T14:33:57.206+0900] {local_task_job_runner.py:243} INFO - Task exited with return code 0
[2024-07-24T14:33:57.215+0900] {taskinstance.py:3503} INFO - 1 downstream tasks scheduled from follow-on schedule check
[2024-07-24T14:33:57.216+0900] {local_task_job_runner.py:222} INFO - ::endgroup::
