[2024-07-31T09:23:10.437+0900] {local_task_job_runner.py:120} INFO - ::group::Pre task execution logs
[2024-07-31T09:23:10.451+0900] {taskinstance.py:2076} INFO - Dependencies all met for dep_context=non-requeueable deps ti=<TaskInstance: movie.save.data scheduled__2024-07-29T02:10:00+00:00 [queued]>
[2024-07-31T09:23:10.456+0900] {taskinstance.py:2076} INFO - Dependencies all met for dep_context=requeueable deps ti=<TaskInstance: movie.save.data scheduled__2024-07-29T02:10:00+00:00 [queued]>
[2024-07-31T09:23:10.456+0900] {taskinstance.py:2306} INFO - Starting attempt 1 of 2
[2024-07-31T09:23:10.461+0900] {taskinstance.py:2330} INFO - Executing <Task(PythonVirtualenvOperator): save.data> on 2024-07-29 02:10:00+00:00
[2024-07-31T09:23:10.463+0900] {standard_task_runner.py:64} INFO - Started process 3867 to run task
[2024-07-31T09:23:10.466+0900] {standard_task_runner.py:90} INFO - Running: ['airflow', 'tasks', 'run', 'movie', 'save.data', 'scheduled__2024-07-29T02:10:00+00:00', '--job-id', '678', '--raw', '--subdir', 'DAGS_FOLDER/movie.py', '--cfg-path', '/var/folders/qv/0knwm5h50ml0skpppwpbks_r0000gp/T/tmpkenv92q2']
[2024-07-31T09:23:10.468+0900] {standard_task_runner.py:91} INFO - Job 678: Subtask save.data
[2024-07-31T09:23:10.482+0900] {task_command.py:426} INFO - Running <TaskInstance: movie.save.data scheduled__2024-07-29T02:10:00+00:00 [running]> on host jeongui-MacBookPro.local
[2024-07-31T09:23:10.505+0900] {taskinstance.py:2648} INFO - Exporting env vars: AIRFLOW_CTX_DAG_OWNER='airflow' AIRFLOW_CTX_DAG_ID='movie' AIRFLOW_CTX_TASK_ID='save.data' AIRFLOW_CTX_EXECUTION_DATE='2024-07-29T02:10:00+00:00' AIRFLOW_CTX_TRY_NUMBER='1' AIRFLOW_CTX_DAG_RUN_ID='scheduled__2024-07-29T02:10:00+00:00'
[2024-07-31T09:23:10.506+0900] {taskinstance.py:430} INFO - ::endgroup::
[2024-07-31T09:23:10.511+0900] {baseoperator.py:400} WARNING - PythonVirtualenvOperator.execute cannot be called outside TaskInstance!
[2024-07-31T09:23:10.511+0900] {process_utils.py:183} INFO - Executing cmd: /Users/DE32/.pyenv/versions/3.11.9/envs/note/bin/python -m virtualenv /var/folders/qv/0knwm5h50ml0skpppwpbks_r0000gp/T/venv4pvcidda --python=python
[2024-07-31T09:23:10.513+0900] {process_utils.py:187} INFO - Output:
[2024-07-31T09:23:10.711+0900] {process_utils.py:191} INFO - created virtual environment CPython3.11.9.final.0-64 in 127ms
[2024-07-31T09:23:10.711+0900] {process_utils.py:191} INFO -   creator CPython3Posix(dest=/private/var/folders/qv/0knwm5h50ml0skpppwpbks_r0000gp/T/venv4pvcidda, clear=False, no_vcs_ignore=False, global=False)
[2024-07-31T09:23:10.711+0900] {process_utils.py:191} INFO -   seeder FromAppData(download=False, pip=bundle, setuptools=bundle, wheel=bundle, via=copy, app_data_dir=/Users/DE32/Library/Application Support/virtualenv)
[2024-07-31T09:23:10.712+0900] {process_utils.py:191} INFO -     added seed packages: pip==24.1.2, setuptools==70.2.0, wheel==0.43.0
[2024-07-31T09:23:10.712+0900] {process_utils.py:191} INFO -   activators BashActivator,CShellActivator,FishActivator,NushellActivator,PowerShellActivator,PythonActivator
[2024-07-31T09:23:10.724+0900] {process_utils.py:183} INFO - Executing cmd: /var/folders/qv/0knwm5h50ml0skpppwpbks_r0000gp/T/venv4pvcidda/bin/pip install -r /var/folders/qv/0knwm5h50ml0skpppwpbks_r0000gp/T/venv4pvcidda/requirements.txt
[2024-07-31T09:23:10.726+0900] {process_utils.py:187} INFO - Output:
[2024-07-31T09:23:11.438+0900] {process_utils.py:191} INFO - Collecting git+https://github.com/dMario24/mov.git@0.3/api (from -r /var/folders/qv/0knwm5h50ml0skpppwpbks_r0000gp/T/venv4pvcidda/requirements.txt (line 1))
[2024-07-31T09:23:11.438+0900] {process_utils.py:191} INFO -   Cloning https://github.com/dMario24/mov.git (to revision 0.3/api) to /private/var/folders/qv/0knwm5h50ml0skpppwpbks_r0000gp/T/pip-req-build-71pta18c
[2024-07-31T09:23:11.452+0900] {process_utils.py:191} INFO -   Running command git clone --filter=blob:none --quiet https://github.com/dMario24/mov.git /private/var/folders/qv/0knwm5h50ml0skpppwpbks_r0000gp/T/pip-req-build-71pta18c
[2024-07-31T09:23:12.776+0900] {process_utils.py:191} INFO -   Running command git checkout -b 0.3/api --track origin/0.3/api
[2024-07-31T09:23:13.373+0900] {process_utils.py:191} INFO -   Switched to a new branch '0.3/api'
[2024-07-31T09:23:13.373+0900] {process_utils.py:191} INFO -   branch '0.3/api' set up to track 'origin/0.3/api'.
[2024-07-31T09:23:13.374+0900] {process_utils.py:191} INFO -   Resolved https://github.com/dMario24/mov.git to commit 96004ab802b9669a3404d9758ddda7e10eabc6ea
[2024-07-31T09:23:13.392+0900] {process_utils.py:191} INFO -   Installing build dependencies: started
[2024-07-31T09:23:14.296+0900] {process_utils.py:191} INFO -   Installing build dependencies: finished with status 'done'
[2024-07-31T09:23:14.297+0900] {process_utils.py:191} INFO -   Getting requirements to build wheel: started
[2024-07-31T09:23:14.421+0900] {process_utils.py:191} INFO -   Getting requirements to build wheel: finished with status 'done'
[2024-07-31T09:23:14.422+0900] {process_utils.py:191} INFO -   Preparing metadata (pyproject.toml): started
[2024-07-31T09:23:14.547+0900] {process_utils.py:191} INFO -   Preparing metadata (pyproject.toml): finished with status 'done'
[2024-07-31T09:23:14.603+0900] {process_utils.py:191} INFO - Collecting requests>=2.32.3 (from mov==0.4.0->-r /var/folders/qv/0knwm5h50ml0skpppwpbks_r0000gp/T/venv4pvcidda/requirements.txt (line 1))
[2024-07-31T09:23:14.604+0900] {process_utils.py:191} INFO -   Using cached requests-2.32.3-py3-none-any.whl.metadata (4.6 kB)
[2024-07-31T09:23:14.679+0900] {process_utils.py:191} INFO - Collecting pandas>=2.2.2 (from mov==0.4.0->-r /var/folders/qv/0knwm5h50ml0skpppwpbks_r0000gp/T/venv4pvcidda/requirements.txt (line 1))
[2024-07-31T09:23:14.680+0900] {process_utils.py:191} INFO -   Using cached pandas-2.2.2-cp311-cp311-macosx_11_0_arm64.whl.metadata (19 kB)
[2024-07-31T09:23:14.780+0900] {process_utils.py:191} INFO - Collecting numpy>=2.0.1 (from mov==0.4.0->-r /var/folders/qv/0knwm5h50ml0skpppwpbks_r0000gp/T/venv4pvcidda/requirements.txt (line 1))
[2024-07-31T09:23:14.781+0900] {process_utils.py:191} INFO -   Using cached numpy-2.0.1-cp311-cp311-macosx_14_0_arm64.whl.metadata (60 kB)
[2024-07-31T09:23:14.832+0900] {process_utils.py:191} INFO - Collecting pyarrow>=17.0.0 (from mov==0.4.0->-r /var/folders/qv/0knwm5h50ml0skpppwpbks_r0000gp/T/venv4pvcidda/requirements.txt (line 1))
[2024-07-31T09:23:14.833+0900] {process_utils.py:191} INFO -   Using cached pyarrow-17.0.0-cp311-cp311-macosx_11_0_arm64.whl.metadata (3.3 kB)
[2024-07-31T09:23:14.855+0900] {process_utils.py:191} INFO - Collecting python-dateutil>=2.8.2 (from pandas>=2.2.2->mov==0.4.0->-r /var/folders/qv/0knwm5h50ml0skpppwpbks_r0000gp/T/venv4pvcidda/requirements.txt (line 1))
[2024-07-31T09:23:14.856+0900] {process_utils.py:191} INFO -   Using cached python_dateutil-2.9.0.post0-py2.py3-none-any.whl.metadata (8.4 kB)
[2024-07-31T09:23:14.887+0900] {process_utils.py:191} INFO - Collecting pytz>=2020.1 (from pandas>=2.2.2->mov==0.4.0->-r /var/folders/qv/0knwm5h50ml0skpppwpbks_r0000gp/T/venv4pvcidda/requirements.txt (line 1))
[2024-07-31T09:23:14.888+0900] {process_utils.py:191} INFO -   Using cached pytz-2024.1-py2.py3-none-any.whl.metadata (22 kB)
[2024-07-31T09:23:14.905+0900] {process_utils.py:191} INFO - Collecting tzdata>=2022.7 (from pandas>=2.2.2->mov==0.4.0->-r /var/folders/qv/0knwm5h50ml0skpppwpbks_r0000gp/T/venv4pvcidda/requirements.txt (line 1))
[2024-07-31T09:23:14.906+0900] {process_utils.py:191} INFO -   Using cached tzdata-2024.1-py2.py3-none-any.whl.metadata (1.4 kB)
[2024-07-31T09:23:14.953+0900] {process_utils.py:191} INFO - Collecting charset-normalizer<4,>=2 (from requests>=2.32.3->mov==0.4.0->-r /var/folders/qv/0knwm5h50ml0skpppwpbks_r0000gp/T/venv4pvcidda/requirements.txt (line 1))
[2024-07-31T09:23:14.954+0900] {process_utils.py:191} INFO -   Using cached charset_normalizer-3.3.2-cp311-cp311-macosx_11_0_arm64.whl.metadata (33 kB)
[2024-07-31T09:23:14.972+0900] {process_utils.py:191} INFO - Collecting idna<4,>=2.5 (from requests>=2.32.3->mov==0.4.0->-r /var/folders/qv/0knwm5h50ml0skpppwpbks_r0000gp/T/venv4pvcidda/requirements.txt (line 1))
[2024-07-31T09:23:14.973+0900] {process_utils.py:191} INFO -   Using cached idna-3.7-py3-none-any.whl.metadata (9.9 kB)
[2024-07-31T09:23:15.001+0900] {process_utils.py:191} INFO - Collecting urllib3<3,>=1.21.1 (from requests>=2.32.3->mov==0.4.0->-r /var/folders/qv/0knwm5h50ml0skpppwpbks_r0000gp/T/venv4pvcidda/requirements.txt (line 1))
[2024-07-31T09:23:15.002+0900] {process_utils.py:191} INFO -   Using cached urllib3-2.2.2-py3-none-any.whl.metadata (6.4 kB)
[2024-07-31T09:23:15.019+0900] {process_utils.py:191} INFO - Collecting certifi>=2017.4.17 (from requests>=2.32.3->mov==0.4.0->-r /var/folders/qv/0knwm5h50ml0skpppwpbks_r0000gp/T/venv4pvcidda/requirements.txt (line 1))
[2024-07-31T09:23:15.020+0900] {process_utils.py:191} INFO -   Using cached certifi-2024.7.4-py3-none-any.whl.metadata (2.2 kB)
[2024-07-31T09:23:15.047+0900] {process_utils.py:191} INFO - Collecting six>=1.5 (from python-dateutil>=2.8.2->pandas>=2.2.2->mov==0.4.0->-r /var/folders/qv/0knwm5h50ml0skpppwpbks_r0000gp/T/venv4pvcidda/requirements.txt (line 1))
[2024-07-31T09:23:15.048+0900] {process_utils.py:191} INFO -   Using cached six-1.16.0-py2.py3-none-any.whl.metadata (1.8 kB)
[2024-07-31T09:23:15.051+0900] {process_utils.py:191} INFO - Using cached numpy-2.0.1-cp311-cp311-macosx_14_0_arm64.whl (5.3 MB)
[2024-07-31T09:23:15.057+0900] {process_utils.py:191} INFO - Using cached pandas-2.2.2-cp311-cp311-macosx_11_0_arm64.whl (11.3 MB)
[2024-07-31T09:23:15.069+0900] {process_utils.py:191} INFO - Using cached pyarrow-17.0.0-cp311-cp311-macosx_11_0_arm64.whl (27.2 MB)
[2024-07-31T09:23:15.096+0900] {process_utils.py:191} INFO - Using cached requests-2.32.3-py3-none-any.whl (64 kB)
[2024-07-31T09:23:15.097+0900] {process_utils.py:191} INFO - Using cached certifi-2024.7.4-py3-none-any.whl (162 kB)
[2024-07-31T09:23:15.097+0900] {process_utils.py:191} INFO - Using cached charset_normalizer-3.3.2-cp311-cp311-macosx_11_0_arm64.whl (118 kB)
[2024-07-31T09:23:15.098+0900] {process_utils.py:191} INFO - Using cached idna-3.7-py3-none-any.whl (66 kB)
[2024-07-31T09:23:15.099+0900] {process_utils.py:191} INFO - Using cached python_dateutil-2.9.0.post0-py2.py3-none-any.whl (229 kB)
[2024-07-31T09:23:15.100+0900] {process_utils.py:191} INFO - Using cached pytz-2024.1-py2.py3-none-any.whl (505 kB)
[2024-07-31T09:23:15.101+0900] {process_utils.py:191} INFO - Using cached tzdata-2024.1-py2.py3-none-any.whl (345 kB)
[2024-07-31T09:23:15.103+0900] {process_utils.py:191} INFO - Using cached urllib3-2.2.2-py3-none-any.whl (121 kB)
[2024-07-31T09:23:15.103+0900] {process_utils.py:191} INFO - Using cached six-1.16.0-py2.py3-none-any.whl (11 kB)
[2024-07-31T09:23:15.146+0900] {process_utils.py:191} INFO - Building wheels for collected packages: mov
[2024-07-31T09:23:15.159+0900] {process_utils.py:191} INFO -   Building wheel for mov (pyproject.toml): started
[2024-07-31T09:23:15.296+0900] {process_utils.py:191} INFO -   Building wheel for mov (pyproject.toml): finished with status 'done'
[2024-07-31T09:23:15.297+0900] {process_utils.py:191} INFO -   Created wheel for mov: filename=mov-0.4.0-py3-none-any.whl size=3143 sha256=c5a2546a7b5207874049c62eaaef47ebc53136df27f12444acffb6f704f1c04c
[2024-07-31T09:23:15.297+0900] {process_utils.py:191} INFO -   Stored in directory: /private/var/folders/qv/0knwm5h50ml0skpppwpbks_r0000gp/T/pip-ephem-wheel-cache-djfm33kx/wheels/f0/67/cb/dd5a6438687425c7381301d6ef343d7801354c9e3e46216464
[2024-07-31T09:23:15.298+0900] {process_utils.py:191} INFO - Successfully built mov
[2024-07-31T09:23:15.327+0900] {process_utils.py:191} INFO - Installing collected packages: pytz, urllib3, tzdata, six, numpy, idna, charset-normalizer, certifi, requests, python-dateutil, pyarrow, pandas, mov
[2024-07-31T09:23:19.921+0900] {process_utils.py:191} INFO - Successfully installed certifi-2024.7.4 charset-normalizer-3.3.2 idna-3.7 mov-0.4.0 numpy-2.0.1 pandas-2.2.2 pyarrow-17.0.0 python-dateutil-2.9.0.post0 pytz-2024.1 requests-2.32.3 six-1.16.0 tzdata-2024.1 urllib3-2.2.2
[2024-07-31T09:23:19.924+0900] {process_utils.py:191} INFO - 
[2024-07-31T09:23:19.924+0900] {process_utils.py:191} INFO - [notice] A new release of pip is available: 24.1.2 -> 24.2
[2024-07-31T09:23:19.924+0900] {process_utils.py:191} INFO - [notice] To update, run: python -m pip install --upgrade pip
[2024-07-31T09:23:20.059+0900] {process_utils.py:183} INFO - Executing cmd: /var/folders/qv/0knwm5h50ml0skpppwpbks_r0000gp/T/venv4pvcidda/bin/python /var/folders/qv/0knwm5h50ml0skpppwpbks_r0000gp/T/venv-callqtv7prhc/script.py /var/folders/qv/0knwm5h50ml0skpppwpbks_r0000gp/T/venv-callqtv7prhc/script.in /var/folders/qv/0knwm5h50ml0skpppwpbks_r0000gp/T/venv-callqtv7prhc/script.out /var/folders/qv/0knwm5h50ml0skpppwpbks_r0000gp/T/venv-callqtv7prhc/string_args.txt /var/folders/qv/0knwm5h50ml0skpppwpbks_r0000gp/T/venv-callqtv7prhc/termination.log
[2024-07-31T09:23:20.061+0900] {process_utils.py:187} INFO - Output:
[2024-07-31T09:23:33.905+0900] {process_utils.py:191} INFO - *********************************
[2024-07-31T09:23:33.906+0900] {process_utils.py:191} INFO -    rnum  rank  rankInten rankOldAndNew  ... audiChange  audiAcc scrnCnt  showCnt
[2024-07-31T09:23:33.907+0900] {process_utils.py:191} INFO - 0     1     1          0           OLD  ...      -62.4  1178547    1784     7672
[2024-07-31T09:23:33.907+0900] {process_utils.py:191} INFO - 1     2     2          0           OLD  ...      -45.0   668468     998     3927
[2024-07-31T09:23:33.907+0900] {process_utils.py:191} INFO - 2     3     3          0           OLD  ...      -50.6  2322826     840     2337
[2024-07-31T09:23:33.907+0900] {process_utils.py:191} INFO - 3     4     4          0           OLD  ...      -35.8  8329273     701     1501
[2024-07-31T09:23:33.907+0900] {process_utils.py:191} INFO - 4     5     5          0           OLD  ...      -41.6   573145     562     1063
[2024-07-31T09:23:33.908+0900] {process_utils.py:191} INFO - 5     6     6          0           OLD  ...      -43.9  1730086     551      929
[2024-07-31T09:23:33.908+0900] {process_utils.py:191} INFO - 6     7     7          0           OLD  ...      -42.9   676696     320      455
[2024-07-31T09:23:33.908+0900] {process_utils.py:191} INFO - 7     8     8          0           OLD  ...      -68.9    51211      12       16
[2024-07-31T09:23:33.909+0900] {process_utils.py:191} INFO - 8     9     9          2           OLD  ...      -37.2    74333     118      149
[2024-07-31T09:23:33.909+0900] {process_utils.py:191} INFO - 9    10    10          0           OLD  ...      -42.5    67511      49       64
[2024-07-31T09:23:33.909+0900] {process_utils.py:191} INFO - 
[2024-07-31T09:23:33.910+0900] {process_utils.py:191} INFO - [10 rows x 18 columns]
[2024-07-31T09:23:33.910+0900] {process_utils.py:191} INFO - *********************************
[2024-07-31T09:23:33.910+0900] {process_utils.py:191} INFO - rnum               int64
[2024-07-31T09:23:33.911+0900] {process_utils.py:191} INFO - rank               int64
[2024-07-31T09:23:33.911+0900] {process_utils.py:191} INFO - rankInten          int64
[2024-07-31T09:23:33.911+0900] {process_utils.py:191} INFO - rankOldAndNew     object
[2024-07-31T09:23:33.911+0900] {process_utils.py:191} INFO - movieCd           object
[2024-07-31T09:23:33.912+0900] {process_utils.py:191} INFO - movieNm           object
[2024-07-31T09:23:33.912+0900] {process_utils.py:191} INFO - openDt            object
[2024-07-31T09:23:33.912+0900] {process_utils.py:191} INFO - salesAmt           int64
[2024-07-31T09:23:33.912+0900] {process_utils.py:191} INFO - salesShare       float64
[2024-07-31T09:23:33.913+0900] {process_utils.py:191} INFO - salesInten         int64
[2024-07-31T09:23:33.913+0900] {process_utils.py:191} INFO - salesChange      float64
[2024-07-31T09:23:33.913+0900] {process_utils.py:191} INFO - salesAcc          object
[2024-07-31T09:23:33.913+0900] {process_utils.py:191} INFO - audiCnt            int64
[2024-07-31T09:23:33.914+0900] {process_utils.py:191} INFO - audiInten          int64
[2024-07-31T09:23:33.914+0900] {process_utils.py:191} INFO - audiChange       float64
[2024-07-31T09:23:33.914+0900] {process_utils.py:191} INFO - audiAcc            int64
[2024-07-31T09:23:33.914+0900] {process_utils.py:191} INFO - scrnCnt            int64
[2024-07-31T09:23:33.914+0900] {process_utils.py:191} INFO - showCnt            int64
[2024-07-31T09:23:33.915+0900] {process_utils.py:191} INFO - dtype: object
[2024-07-31T09:23:33.915+0900] {process_utils.py:191} INFO - 개봉일 기준 그룹핑 누적 관객수 합
[2024-07-31T09:23:33.915+0900] {process_utils.py:191} INFO -        openDt  audiCnt
[2024-07-31T09:23:33.915+0900] {process_utils.py:191} INFO - 0  2024-06-12    37377
[2024-07-31T09:23:33.916+0900] {process_utils.py:191} INFO - 1  2024-06-26    13201
[2024-07-31T09:23:33.916+0900] {process_utils.py:191} INFO - 2  2024-07-03    42638
[2024-07-31T09:23:33.916+0900] {process_utils.py:191} INFO - 3  2024-07-10     1953
[2024-07-31T09:23:33.916+0900] {process_utils.py:191} INFO - 4  2024-07-12     4637
[2024-07-31T09:23:33.917+0900] {process_utils.py:191} INFO - 5  2024-07-17    15880
[2024-07-31T09:23:33.917+0900] {process_utils.py:191} INFO - 6  2024-07-24   172585
[2024-07-31T09:23:33.917+0900] {process_utils.py:191} INFO - 7  2024-07-31     2085
[2024-07-31T09:23:34.358+0900] {python.py:237} INFO - Done. Returned value was: None
[2024-07-31T09:23:34.359+0900] {taskinstance.py:441} INFO - ::group::Post task execution logs
[2024-07-31T09:23:34.362+0900] {taskinstance.py:1206} INFO - Marking task as SUCCESS. dag_id=movie, task_id=save.data, run_id=scheduled__2024-07-29T02:10:00+00:00, execution_date=20240729T021000, start_date=20240731T002310, end_date=20240731T002334
[2024-07-31T09:23:34.406+0900] {local_task_job_runner.py:243} INFO - Task exited with return code 0
[2024-07-31T09:23:34.413+0900] {taskinstance.py:3503} INFO - 0 downstream tasks scheduled from follow-on schedule check
[2024-07-31T09:23:34.413+0900] {local_task_job_runner.py:222} INFO - ::endgroup::
[2024-07-31T10:39:08.088+0900] {local_task_job_runner.py:120} INFO - ::group::Pre task execution logs
[2024-07-31T10:39:08.102+0900] {taskinstance.py:2076} INFO - Dependencies all met for dep_context=non-requeueable deps ti=<TaskInstance: movie.save.data scheduled__2024-07-29T02:10:00+00:00 [queued]>
[2024-07-31T10:39:08.106+0900] {taskinstance.py:2076} INFO - Dependencies all met for dep_context=requeueable deps ti=<TaskInstance: movie.save.data scheduled__2024-07-29T02:10:00+00:00 [queued]>
[2024-07-31T10:39:08.106+0900] {taskinstance.py:2306} INFO - Starting attempt 1 of 2
[2024-07-31T10:39:08.113+0900] {taskinstance.py:2330} INFO - Executing <Task(PythonVirtualenvOperator): save.data> on 2024-07-29 02:10:00+00:00
[2024-07-31T10:39:08.116+0900] {standard_task_runner.py:64} INFO - Started process 9694 to run task
[2024-07-31T10:39:08.119+0900] {standard_task_runner.py:90} INFO - Running: ['airflow', 'tasks', 'run', 'movie', 'save.data', 'scheduled__2024-07-29T02:10:00+00:00', '--job-id', '718', '--raw', '--subdir', 'DAGS_FOLDER/movie.py', '--cfg-path', '/var/folders/qv/0knwm5h50ml0skpppwpbks_r0000gp/T/tmp0ackv2v3']
[2024-07-31T10:39:08.120+0900] {standard_task_runner.py:91} INFO - Job 718: Subtask save.data
[2024-07-31T10:39:08.143+0900] {task_command.py:426} INFO - Running <TaskInstance: movie.save.data scheduled__2024-07-29T02:10:00+00:00 [running]> on host jeongui-MacBookPro.local
[2024-07-31T10:39:08.188+0900] {taskinstance.py:2648} INFO - Exporting env vars: AIRFLOW_CTX_DAG_OWNER='airflow' AIRFLOW_CTX_DAG_ID='movie' AIRFLOW_CTX_TASK_ID='save.data' AIRFLOW_CTX_EXECUTION_DATE='2024-07-29T02:10:00+00:00' AIRFLOW_CTX_TRY_NUMBER='1' AIRFLOW_CTX_DAG_RUN_ID='scheduled__2024-07-29T02:10:00+00:00'
[2024-07-31T10:39:08.188+0900] {taskinstance.py:430} INFO - ::endgroup::
[2024-07-31T10:39:08.203+0900] {baseoperator.py:400} WARNING - PythonVirtualenvOperator.execute cannot be called outside TaskInstance!
[2024-07-31T10:39:08.205+0900] {process_utils.py:183} INFO - Executing cmd: /Users/DE32/.pyenv/versions/3.11.9/envs/note/bin/python -m virtualenv /var/folders/qv/0knwm5h50ml0skpppwpbks_r0000gp/T/venvm4uf8mdx --python=python
[2024-07-31T10:39:08.209+0900] {process_utils.py:187} INFO - Output:
[2024-07-31T10:39:08.440+0900] {process_utils.py:191} INFO - created virtual environment CPython3.11.9.final.0-64 in 136ms
[2024-07-31T10:39:08.441+0900] {process_utils.py:191} INFO -   creator CPython3Posix(dest=/private/var/folders/qv/0knwm5h50ml0skpppwpbks_r0000gp/T/venvm4uf8mdx, clear=False, no_vcs_ignore=False, global=False)
[2024-07-31T10:39:08.441+0900] {process_utils.py:191} INFO -   seeder FromAppData(download=False, pip=bundle, setuptools=bundle, wheel=bundle, via=copy, app_data_dir=/Users/DE32/Library/Application Support/virtualenv)
[2024-07-31T10:39:08.441+0900] {process_utils.py:191} INFO -     added seed packages: pip==24.1.2, setuptools==70.2.0, wheel==0.43.0
[2024-07-31T10:39:08.441+0900] {process_utils.py:191} INFO -   activators BashActivator,CShellActivator,FishActivator,NushellActivator,PowerShellActivator,PythonActivator
[2024-07-31T10:39:08.452+0900] {process_utils.py:183} INFO - Executing cmd: /var/folders/qv/0knwm5h50ml0skpppwpbks_r0000gp/T/venvm4uf8mdx/bin/pip install -r /var/folders/qv/0knwm5h50ml0skpppwpbks_r0000gp/T/venvm4uf8mdx/requirements.txt
[2024-07-31T10:39:08.454+0900] {process_utils.py:187} INFO - Output:
[2024-07-31T10:39:09.267+0900] {process_utils.py:191} INFO - Collecting git+https://github.com/Jeonghoon2/movie.git@0.2/api (from -r /var/folders/qv/0knwm5h50ml0skpppwpbks_r0000gp/T/venvm4uf8mdx/requirements.txt (line 1))
[2024-07-31T10:39:09.268+0900] {process_utils.py:191} INFO -   Cloning https://github.com/Jeonghoon2/movie.git (to revision 0.2/api) to /private/var/folders/qv/0knwm5h50ml0skpppwpbks_r0000gp/T/pip-req-build-xho3_hil
[2024-07-31T10:39:09.281+0900] {process_utils.py:191} INFO -   Running command git clone --filter=blob:none --quiet https://github.com/Jeonghoon2/movie.git /private/var/folders/qv/0knwm5h50ml0skpppwpbks_r0000gp/T/pip-req-build-xho3_hil
[2024-07-31T10:39:10.669+0900] {process_utils.py:191} INFO -   Running command git checkout -b 0.2/api --track origin/0.2/api
[2024-07-31T10:39:11.449+0900] {process_utils.py:191} INFO -   Switched to a new branch '0.2/api'
[2024-07-31T10:39:11.450+0900] {process_utils.py:191} INFO -   branch '0.2/api' set up to track 'origin/0.2/api'.
[2024-07-31T10:39:11.450+0900] {process_utils.py:191} INFO -   Resolved https://github.com/Jeonghoon2/movie.git to commit 514cfb45f6fa577ee07d4fa2076f9283780af81e
[2024-07-31T10:39:11.473+0900] {process_utils.py:191} INFO -   Installing build dependencies: started
[2024-07-31T10:39:12.595+0900] {process_utils.py:191} INFO -   Installing build dependencies: finished with status 'done'
[2024-07-31T10:39:12.596+0900] {process_utils.py:191} INFO -   Getting requirements to build wheel: started
[2024-07-31T10:39:12.722+0900] {process_utils.py:191} INFO -   Getting requirements to build wheel: finished with status 'done'
[2024-07-31T10:39:12.723+0900] {process_utils.py:191} INFO -   Preparing metadata (pyproject.toml): started
[2024-07-31T10:39:12.848+0900] {process_utils.py:191} INFO -   Preparing metadata (pyproject.toml): finished with status 'done'
[2024-07-31T10:39:12.914+0900] {process_utils.py:191} INFO - Collecting requests>=2.32.3 (from mov==0.1.0->-r /var/folders/qv/0knwm5h50ml0skpppwpbks_r0000gp/T/venvm4uf8mdx/requirements.txt (line 1))
[2024-07-31T10:39:12.915+0900] {process_utils.py:191} INFO -   Using cached requests-2.32.3-py3-none-any.whl.metadata (4.6 kB)
[2024-07-31T10:39:12.987+0900] {process_utils.py:191} INFO - Collecting pandas>=2.2.2 (from mov==0.1.0->-r /var/folders/qv/0knwm5h50ml0skpppwpbks_r0000gp/T/venvm4uf8mdx/requirements.txt (line 1))
[2024-07-31T10:39:12.988+0900] {process_utils.py:191} INFO -   Using cached pandas-2.2.2-cp311-cp311-macosx_11_0_arm64.whl.metadata (19 kB)
[2024-07-31T10:39:13.098+0900] {process_utils.py:191} INFO - Collecting numpy>=2.0.1 (from mov==0.1.0->-r /var/folders/qv/0knwm5h50ml0skpppwpbks_r0000gp/T/venvm4uf8mdx/requirements.txt (line 1))
[2024-07-31T10:39:13.099+0900] {process_utils.py:191} INFO -   Using cached numpy-2.0.1-cp311-cp311-macosx_14_0_arm64.whl.metadata (60 kB)
[2024-07-31T10:39:13.185+0900] {process_utils.py:191} INFO - Collecting pyarrow>=17.0.0 (from mov==0.1.0->-r /var/folders/qv/0knwm5h50ml0skpppwpbks_r0000gp/T/venvm4uf8mdx/requirements.txt (line 1))
[2024-07-31T10:39:13.186+0900] {process_utils.py:191} INFO -   Using cached pyarrow-17.0.0-cp311-cp311-macosx_11_0_arm64.whl.metadata (3.3 kB)
[2024-07-31T10:39:13.215+0900] {process_utils.py:191} INFO - Collecting python-dateutil>=2.8.2 (from pandas>=2.2.2->mov==0.1.0->-r /var/folders/qv/0knwm5h50ml0skpppwpbks_r0000gp/T/venvm4uf8mdx/requirements.txt (line 1))
[2024-07-31T10:39:13.218+0900] {process_utils.py:191} INFO -   Using cached python_dateutil-2.9.0.post0-py2.py3-none-any.whl.metadata (8.4 kB)
[2024-07-31T10:39:13.282+0900] {process_utils.py:191} INFO - Collecting pytz>=2020.1 (from pandas>=2.2.2->mov==0.1.0->-r /var/folders/qv/0knwm5h50ml0skpppwpbks_r0000gp/T/venvm4uf8mdx/requirements.txt (line 1))
[2024-07-31T10:39:13.283+0900] {process_utils.py:191} INFO -   Using cached pytz-2024.1-py2.py3-none-any.whl.metadata (22 kB)
[2024-07-31T10:39:13.308+0900] {process_utils.py:191} INFO - Collecting tzdata>=2022.7 (from pandas>=2.2.2->mov==0.1.0->-r /var/folders/qv/0knwm5h50ml0skpppwpbks_r0000gp/T/venvm4uf8mdx/requirements.txt (line 1))
[2024-07-31T10:39:13.314+0900] {process_utils.py:191} INFO -   Using cached tzdata-2024.1-py2.py3-none-any.whl.metadata (1.4 kB)
[2024-07-31T10:39:13.374+0900] {process_utils.py:191} INFO - Collecting charset-normalizer<4,>=2 (from requests>=2.32.3->mov==0.1.0->-r /var/folders/qv/0knwm5h50ml0skpppwpbks_r0000gp/T/venvm4uf8mdx/requirements.txt (line 1))
[2024-07-31T10:39:13.375+0900] {process_utils.py:191} INFO -   Using cached charset_normalizer-3.3.2-cp311-cp311-macosx_11_0_arm64.whl.metadata (33 kB)
[2024-07-31T10:39:13.395+0900] {process_utils.py:191} INFO - Collecting idna<4,>=2.5 (from requests>=2.32.3->mov==0.1.0->-r /var/folders/qv/0knwm5h50ml0skpppwpbks_r0000gp/T/venvm4uf8mdx/requirements.txt (line 1))
[2024-07-31T10:39:13.396+0900] {process_utils.py:191} INFO -   Using cached idna-3.7-py3-none-any.whl.metadata (9.9 kB)
[2024-07-31T10:39:13.431+0900] {process_utils.py:191} INFO - Collecting urllib3<3,>=1.21.1 (from requests>=2.32.3->mov==0.1.0->-r /var/folders/qv/0knwm5h50ml0skpppwpbks_r0000gp/T/venvm4uf8mdx/requirements.txt (line 1))
[2024-07-31T10:39:13.432+0900] {process_utils.py:191} INFO -   Using cached urllib3-2.2.2-py3-none-any.whl.metadata (6.4 kB)
[2024-07-31T10:39:13.453+0900] {process_utils.py:191} INFO - Collecting certifi>=2017.4.17 (from requests>=2.32.3->mov==0.1.0->-r /var/folders/qv/0knwm5h50ml0skpppwpbks_r0000gp/T/venvm4uf8mdx/requirements.txt (line 1))
[2024-07-31T10:39:13.454+0900] {process_utils.py:191} INFO -   Using cached certifi-2024.7.4-py3-none-any.whl.metadata (2.2 kB)
[2024-07-31T10:39:13.486+0900] {process_utils.py:191} INFO - Collecting six>=1.5 (from python-dateutil>=2.8.2->pandas>=2.2.2->mov==0.1.0->-r /var/folders/qv/0knwm5h50ml0skpppwpbks_r0000gp/T/venvm4uf8mdx/requirements.txt (line 1))
[2024-07-31T10:39:13.487+0900] {process_utils.py:191} INFO -   Using cached six-1.16.0-py2.py3-none-any.whl.metadata (1.8 kB)
[2024-07-31T10:39:13.490+0900] {process_utils.py:191} INFO - Using cached numpy-2.0.1-cp311-cp311-macosx_14_0_arm64.whl (5.3 MB)
[2024-07-31T10:39:13.496+0900] {process_utils.py:191} INFO - Using cached pandas-2.2.2-cp311-cp311-macosx_11_0_arm64.whl (11.3 MB)
[2024-07-31T10:39:13.508+0900] {process_utils.py:191} INFO - Using cached pyarrow-17.0.0-cp311-cp311-macosx_11_0_arm64.whl (27.2 MB)
[2024-07-31T10:39:13.535+0900] {process_utils.py:191} INFO - Using cached requests-2.32.3-py3-none-any.whl (64 kB)
[2024-07-31T10:39:13.535+0900] {process_utils.py:191} INFO - Using cached certifi-2024.7.4-py3-none-any.whl (162 kB)
[2024-07-31T10:39:13.536+0900] {process_utils.py:191} INFO - Using cached charset_normalizer-3.3.2-cp311-cp311-macosx_11_0_arm64.whl (118 kB)
[2024-07-31T10:39:13.537+0900] {process_utils.py:191} INFO - Using cached idna-3.7-py3-none-any.whl (66 kB)
[2024-07-31T10:39:13.538+0900] {process_utils.py:191} INFO - Using cached python_dateutil-2.9.0.post0-py2.py3-none-any.whl (229 kB)
[2024-07-31T10:39:13.539+0900] {process_utils.py:191} INFO - Using cached pytz-2024.1-py2.py3-none-any.whl (505 kB)
[2024-07-31T10:39:13.540+0900] {process_utils.py:191} INFO - Using cached tzdata-2024.1-py2.py3-none-any.whl (345 kB)
[2024-07-31T10:39:13.542+0900] {process_utils.py:191} INFO - Using cached urllib3-2.2.2-py3-none-any.whl (121 kB)
[2024-07-31T10:39:13.543+0900] {process_utils.py:191} INFO - Using cached six-1.16.0-py2.py3-none-any.whl (11 kB)
[2024-07-31T10:39:13.584+0900] {process_utils.py:191} INFO - Building wheels for collected packages: mov
[2024-07-31T10:39:13.598+0900] {process_utils.py:191} INFO -   Building wheel for mov (pyproject.toml): started
[2024-07-31T10:39:13.732+0900] {process_utils.py:191} INFO -   Building wheel for mov (pyproject.toml): finished with status 'done'
[2024-07-31T10:39:13.733+0900] {process_utils.py:191} INFO -   Created wheel for mov: filename=mov-0.1.0-py3-none-any.whl size=3017 sha256=b38b871cab377a2271acf13681abdfadf26cedeed05c4bc7baed61bc26c92b26
[2024-07-31T10:39:13.733+0900] {process_utils.py:191} INFO -   Stored in directory: /private/var/folders/qv/0knwm5h50ml0skpppwpbks_r0000gp/T/pip-ephem-wheel-cache-2e_6qu66/wheels/cf/ab/a7/d0c528d20fa8a5f19e169bdf1d98f2b2cefe79d8527bb89200
[2024-07-31T10:39:13.735+0900] {process_utils.py:191} INFO - Successfully built mov
[2024-07-31T10:39:13.769+0900] {process_utils.py:191} INFO - Installing collected packages: pytz, urllib3, tzdata, six, numpy, idna, charset-normalizer, certifi, requests, python-dateutil, pyarrow, pandas, mov
[2024-07-31T10:39:18.496+0900] {process_utils.py:191} INFO - Successfully installed certifi-2024.7.4 charset-normalizer-3.3.2 idna-3.7 mov-0.1.0 numpy-2.0.1 pandas-2.2.2 pyarrow-17.0.0 python-dateutil-2.9.0.post0 pytz-2024.1 requests-2.32.3 six-1.16.0 tzdata-2024.1 urllib3-2.2.2
[2024-07-31T10:39:18.499+0900] {process_utils.py:191} INFO - 
[2024-07-31T10:39:18.499+0900] {process_utils.py:191} INFO - [notice] A new release of pip is available: 24.1.2 -> 24.2
[2024-07-31T10:39:18.500+0900] {process_utils.py:191} INFO - [notice] To update, run: python -m pip install --upgrade pip
[2024-07-31T10:39:18.634+0900] {process_utils.py:183} INFO - Executing cmd: /var/folders/qv/0knwm5h50ml0skpppwpbks_r0000gp/T/venvm4uf8mdx/bin/python /var/folders/qv/0knwm5h50ml0skpppwpbks_r0000gp/T/venv-calle7wcct4g/script.py /var/folders/qv/0knwm5h50ml0skpppwpbks_r0000gp/T/venv-calle7wcct4g/script.in /var/folders/qv/0knwm5h50ml0skpppwpbks_r0000gp/T/venv-calle7wcct4g/script.out /var/folders/qv/0knwm5h50ml0skpppwpbks_r0000gp/T/venv-calle7wcct4g/string_args.txt /var/folders/qv/0knwm5h50ml0skpppwpbks_r0000gp/T/venv-calle7wcct4g/termination.log
[2024-07-31T10:39:18.636+0900] {process_utils.py:187} INFO - Output:
[2024-07-31T10:39:31.758+0900] {process_utils.py:191} INFO - *********************************
[2024-07-31T10:39:31.758+0900] {process_utils.py:191} INFO -    rnum  rank  rankInten rankOldAndNew  ... audiChange  audiAcc scrnCnt  showCnt
[2024-07-31T10:39:31.759+0900] {process_utils.py:191} INFO - 0     1     1          0           OLD  ...      -62.4  1178547    1784     7672
[2024-07-31T10:39:31.759+0900] {process_utils.py:191} INFO - 1     2     2          0           OLD  ...      -45.0   668468     998     3927
[2024-07-31T10:39:31.759+0900] {process_utils.py:191} INFO - 2     3     3          0           OLD  ...      -50.6  2322826     840     2337
[2024-07-31T10:39:31.760+0900] {process_utils.py:191} INFO - 3     4     4          0           OLD  ...      -35.8  8329273     701     1501
[2024-07-31T10:39:31.760+0900] {process_utils.py:191} INFO - 4     5     5          0           OLD  ...      -41.6   573145     562     1063
[2024-07-31T10:39:31.761+0900] {process_utils.py:191} INFO - 5     6     6          0           OLD  ...      -43.9  1730084     551      929
[2024-07-31T10:39:31.761+0900] {process_utils.py:191} INFO - 6     7     7          0           OLD  ...      -42.9   676696     320      455
[2024-07-31T10:39:31.761+0900] {process_utils.py:191} INFO - 7     8     8          0           OLD  ...      -68.9    51211      12       16
[2024-07-31T10:39:31.762+0900] {process_utils.py:191} INFO - 8     9     9          2           OLD  ...      -37.2    74333     118      149
[2024-07-31T10:39:31.762+0900] {process_utils.py:191} INFO - 9    10    10          0           OLD  ...      -42.5    67511      49       64
[2024-07-31T10:39:31.762+0900] {process_utils.py:191} INFO - 
[2024-07-31T10:39:31.762+0900] {process_utils.py:191} INFO - [10 rows x 18 columns]
[2024-07-31T10:39:31.763+0900] {process_utils.py:191} INFO - *********************************
[2024-07-31T10:39:31.763+0900] {process_utils.py:191} INFO - rnum               int64
[2024-07-31T10:39:31.763+0900] {process_utils.py:191} INFO - rank               int64
[2024-07-31T10:39:31.764+0900] {process_utils.py:191} INFO - rankInten          int64
[2024-07-31T10:39:31.764+0900] {process_utils.py:191} INFO - rankOldAndNew     object
[2024-07-31T10:39:31.764+0900] {process_utils.py:191} INFO - movieCd           object
[2024-07-31T10:39:31.764+0900] {process_utils.py:191} INFO - movieNm           object
[2024-07-31T10:39:31.765+0900] {process_utils.py:191} INFO - openDt            object
[2024-07-31T10:39:31.765+0900] {process_utils.py:191} INFO - salesAmt           int64
[2024-07-31T10:39:31.765+0900] {process_utils.py:191} INFO - salesShare       float64
[2024-07-31T10:39:31.765+0900] {process_utils.py:191} INFO - salesInten         int64
[2024-07-31T10:39:31.766+0900] {process_utils.py:191} INFO - salesChange      float64
[2024-07-31T10:39:31.766+0900] {process_utils.py:191} INFO - salesAcc          object
[2024-07-31T10:39:31.766+0900] {process_utils.py:191} INFO - audiCnt            int64
[2024-07-31T10:39:31.766+0900] {process_utils.py:191} INFO - audiInten          int64
[2024-07-31T10:39:31.767+0900] {process_utils.py:191} INFO - audiChange       float64
[2024-07-31T10:39:31.767+0900] {process_utils.py:191} INFO - audiAcc            int64
[2024-07-31T10:39:31.767+0900] {process_utils.py:191} INFO - scrnCnt            int64
[2024-07-31T10:39:31.767+0900] {process_utils.py:191} INFO - showCnt            int64
[2024-07-31T10:39:31.768+0900] {process_utils.py:191} INFO - dtype: object
[2024-07-31T10:39:31.768+0900] {process_utils.py:191} INFO - 개봉일 기준 그룹핑 누적 관객수 합
[2024-07-31T10:39:31.768+0900] {process_utils.py:191} INFO -        openDt  audiCnt
[2024-07-31T10:39:31.768+0900] {process_utils.py:191} INFO - 0  2024-06-12    37377
[2024-07-31T10:39:31.769+0900] {process_utils.py:191} INFO - 1  2024-06-26    13201
[2024-07-31T10:39:31.769+0900] {process_utils.py:191} INFO - 2  2024-07-03    42638
[2024-07-31T10:39:31.769+0900] {process_utils.py:191} INFO - 3  2024-07-10     1953
[2024-07-31T10:39:31.769+0900] {process_utils.py:191} INFO - 4  2024-07-12     4637
[2024-07-31T10:39:31.770+0900] {process_utils.py:191} INFO - 5  2024-07-17    15880
[2024-07-31T10:39:31.770+0900] {process_utils.py:191} INFO - 6  2024-07-24   172585
[2024-07-31T10:39:31.770+0900] {process_utils.py:191} INFO - 7  2024-07-31     2085
[2024-07-31T10:39:32.192+0900] {python.py:237} INFO - Done. Returned value was: None
[2024-07-31T10:39:32.193+0900] {taskinstance.py:441} INFO - ::group::Post task execution logs
[2024-07-31T10:39:32.197+0900] {taskinstance.py:1206} INFO - Marking task as SUCCESS. dag_id=movie, task_id=save.data, run_id=scheduled__2024-07-29T02:10:00+00:00, execution_date=20240729T021000, start_date=20240731T013908, end_date=20240731T013932
[2024-07-31T10:39:32.212+0900] {local_task_job_runner.py:243} INFO - Task exited with return code 0
[2024-07-31T10:39:32.217+0900] {taskinstance.py:3503} INFO - 0 downstream tasks scheduled from follow-on schedule check
[2024-07-31T10:39:32.218+0900] {local_task_job_runner.py:222} INFO - ::endgroup::
[2024-07-31T16:59:23.653+0900] {local_task_job_runner.py:120} INFO - ::group::Pre task execution logs
[2024-07-31T16:59:23.664+0900] {taskinstance.py:2076} INFO - Dependencies all met for dep_context=non-requeueable deps ti=<TaskInstance: movie.save.data scheduled__2024-07-29T02:10:00+00:00 [queued]>
[2024-07-31T16:59:23.667+0900] {taskinstance.py:2076} INFO - Dependencies all met for dep_context=requeueable deps ti=<TaskInstance: movie.save.data scheduled__2024-07-29T02:10:00+00:00 [queued]>
[2024-07-31T16:59:23.668+0900] {taskinstance.py:2306} INFO - Starting attempt 1 of 2
[2024-07-31T16:59:23.674+0900] {taskinstance.py:2330} INFO - Executing <Task(PythonVirtualenvOperator): save.data> on 2024-07-29 02:10:00+00:00
[2024-07-31T16:59:23.676+0900] {standard_task_runner.py:64} INFO - Started process 20976 to run task
[2024-07-31T16:59:23.679+0900] {standard_task_runner.py:90} INFO - Running: ['airflow', 'tasks', 'run', 'movie', 'save.data', 'scheduled__2024-07-29T02:10:00+00:00', '--job-id', '883', '--raw', '--subdir', 'DAGS_FOLDER/movie.py', '--cfg-path', '/var/folders/qv/0knwm5h50ml0skpppwpbks_r0000gp/T/tmpmb9e_jip']
[2024-07-31T16:59:23.680+0900] {standard_task_runner.py:91} INFO - Job 883: Subtask save.data
[2024-07-31T16:59:23.695+0900] {task_command.py:426} INFO - Running <TaskInstance: movie.save.data scheduled__2024-07-29T02:10:00+00:00 [running]> on host jeongui-MacBookPro.local
[2024-07-31T16:59:23.715+0900] {taskinstance.py:2648} INFO - Exporting env vars: AIRFLOW_CTX_DAG_OWNER='airflow' AIRFLOW_CTX_DAG_ID='movie' AIRFLOW_CTX_TASK_ID='save.data' AIRFLOW_CTX_EXECUTION_DATE='2024-07-29T02:10:00+00:00' AIRFLOW_CTX_TRY_NUMBER='1' AIRFLOW_CTX_DAG_RUN_ID='scheduled__2024-07-29T02:10:00+00:00'
[2024-07-31T16:59:23.715+0900] {taskinstance.py:430} INFO - ::endgroup::
[2024-07-31T16:59:23.720+0900] {baseoperator.py:400} WARNING - PythonVirtualenvOperator.execute cannot be called outside TaskInstance!
[2024-07-31T16:59:23.721+0900] {process_utils.py:183} INFO - Executing cmd: /Users/DE32/.pyenv/versions/3.11.9/envs/note/bin/python -m virtualenv /var/folders/qv/0knwm5h50ml0skpppwpbks_r0000gp/T/venv4ittgtuw --python=python
[2024-07-31T16:59:23.723+0900] {process_utils.py:187} INFO - Output:
[2024-07-31T16:59:23.897+0900] {process_utils.py:191} INFO - created virtual environment CPython3.11.9.final.0-64 in 116ms
[2024-07-31T16:59:23.897+0900] {process_utils.py:191} INFO -   creator CPython3Posix(dest=/private/var/folders/qv/0knwm5h50ml0skpppwpbks_r0000gp/T/venv4ittgtuw, clear=False, no_vcs_ignore=False, global=False)
[2024-07-31T16:59:23.897+0900] {process_utils.py:191} INFO -   seeder FromAppData(download=False, pip=bundle, setuptools=bundle, wheel=bundle, via=copy, app_data_dir=/Users/DE32/Library/Application Support/virtualenv)
[2024-07-31T16:59:23.898+0900] {process_utils.py:191} INFO -     added seed packages: pip==24.1.2, setuptools==70.2.0, wheel==0.43.0
[2024-07-31T16:59:23.898+0900] {process_utils.py:191} INFO -   activators BashActivator,CShellActivator,FishActivator,NushellActivator,PowerShellActivator,PythonActivator
[2024-07-31T16:59:23.908+0900] {process_utils.py:183} INFO - Executing cmd: /var/folders/qv/0knwm5h50ml0skpppwpbks_r0000gp/T/venv4ittgtuw/bin/pip install -r /var/folders/qv/0knwm5h50ml0skpppwpbks_r0000gp/T/venv4ittgtuw/requirements.txt
[2024-07-31T16:59:23.910+0900] {process_utils.py:187} INFO - Output:
[2024-07-31T16:59:24.625+0900] {process_utils.py:191} INFO - Collecting git+https://github.com/Jeonghoon2/movie.git@0.2/api (from -r /var/folders/qv/0knwm5h50ml0skpppwpbks_r0000gp/T/venv4ittgtuw/requirements.txt (line 1))
[2024-07-31T16:59:24.625+0900] {process_utils.py:191} INFO -   Cloning https://github.com/Jeonghoon2/movie.git (to revision 0.2/api) to /private/var/folders/qv/0knwm5h50ml0skpppwpbks_r0000gp/T/pip-req-build-ln5k9cee
[2024-07-31T16:59:24.636+0900] {process_utils.py:191} INFO -   Running command git clone --filter=blob:none --quiet https://github.com/Jeonghoon2/movie.git /private/var/folders/qv/0knwm5h50ml0skpppwpbks_r0000gp/T/pip-req-build-ln5k9cee
[2024-07-31T16:59:26.359+0900] {process_utils.py:191} INFO -   Running command git checkout -b 0.2/api --track origin/0.2/api
[2024-07-31T16:59:26.855+0900] {process_utils.py:191} INFO -   Switched to a new branch '0.2/api'
[2024-07-31T16:59:26.855+0900] {process_utils.py:191} INFO -   branch '0.2/api' set up to track 'origin/0.2/api'.
[2024-07-31T16:59:26.856+0900] {process_utils.py:191} INFO -   Resolved https://github.com/Jeonghoon2/movie.git to commit 34de3b5e993ea074744539373447116355ac95da
[2024-07-31T16:59:26.878+0900] {process_utils.py:191} INFO -   Installing build dependencies: started
[2024-07-31T16:59:27.757+0900] {process_utils.py:191} INFO -   Installing build dependencies: finished with status 'done'
[2024-07-31T16:59:27.757+0900] {process_utils.py:191} INFO -   Getting requirements to build wheel: started
[2024-07-31T16:59:27.879+0900] {process_utils.py:191} INFO -   Getting requirements to build wheel: finished with status 'done'
[2024-07-31T16:59:27.880+0900] {process_utils.py:191} INFO -   Preparing metadata (pyproject.toml): started
[2024-07-31T16:59:28.004+0900] {process_utils.py:191} INFO -   Preparing metadata (pyproject.toml): finished with status 'done'
[2024-07-31T16:59:28.057+0900] {process_utils.py:191} INFO - Collecting requests>=2.32.3 (from mov==0.1.0->-r /var/folders/qv/0knwm5h50ml0skpppwpbks_r0000gp/T/venv4ittgtuw/requirements.txt (line 1))
[2024-07-31T16:59:28.070+0900] {process_utils.py:191} INFO -   Using cached requests-2.32.3-py3-none-any.whl.metadata (4.6 kB)
[2024-07-31T16:59:28.139+0900] {process_utils.py:191} INFO - Collecting pandas>=2.2.2 (from mov==0.1.0->-r /var/folders/qv/0knwm5h50ml0skpppwpbks_r0000gp/T/venv4ittgtuw/requirements.txt (line 1))
[2024-07-31T16:59:28.140+0900] {process_utils.py:191} INFO -   Using cached pandas-2.2.2-cp311-cp311-macosx_11_0_arm64.whl.metadata (19 kB)
[2024-07-31T16:59:28.375+0900] {process_utils.py:191} INFO - Collecting numpy>=2.0.1 (from mov==0.1.0->-r /var/folders/qv/0knwm5h50ml0skpppwpbks_r0000gp/T/venv4ittgtuw/requirements.txt (line 1))
[2024-07-31T16:59:28.375+0900] {process_utils.py:191} INFO -   Using cached numpy-2.0.1-cp311-cp311-macosx_14_0_arm64.whl.metadata (60 kB)
[2024-07-31T16:59:28.422+0900] {process_utils.py:191} INFO - Collecting pyarrow>=17.0.0 (from mov==0.1.0->-r /var/folders/qv/0knwm5h50ml0skpppwpbks_r0000gp/T/venv4ittgtuw/requirements.txt (line 1))
[2024-07-31T16:59:28.423+0900] {process_utils.py:191} INFO -   Using cached pyarrow-17.0.0-cp311-cp311-macosx_11_0_arm64.whl.metadata (3.3 kB)
[2024-07-31T16:59:28.444+0900] {process_utils.py:191} INFO - Collecting python-dateutil>=2.8.2 (from pandas>=2.2.2->mov==0.1.0->-r /var/folders/qv/0knwm5h50ml0skpppwpbks_r0000gp/T/venv4ittgtuw/requirements.txt (line 1))
[2024-07-31T16:59:28.444+0900] {process_utils.py:191} INFO -   Using cached python_dateutil-2.9.0.post0-py2.py3-none-any.whl.metadata (8.4 kB)
[2024-07-31T16:59:28.476+0900] {process_utils.py:191} INFO - Collecting pytz>=2020.1 (from pandas>=2.2.2->mov==0.1.0->-r /var/folders/qv/0knwm5h50ml0skpppwpbks_r0000gp/T/venv4ittgtuw/requirements.txt (line 1))
[2024-07-31T16:59:28.477+0900] {process_utils.py:191} INFO -   Using cached pytz-2024.1-py2.py3-none-any.whl.metadata (22 kB)
[2024-07-31T16:59:28.490+0900] {process_utils.py:191} INFO - Collecting tzdata>=2022.7 (from pandas>=2.2.2->mov==0.1.0->-r /var/folders/qv/0knwm5h50ml0skpppwpbks_r0000gp/T/venv4ittgtuw/requirements.txt (line 1))
[2024-07-31T16:59:28.491+0900] {process_utils.py:191} INFO -   Using cached tzdata-2024.1-py2.py3-none-any.whl.metadata (1.4 kB)
[2024-07-31T16:59:28.534+0900] {process_utils.py:191} INFO - Collecting charset-normalizer<4,>=2 (from requests>=2.32.3->mov==0.1.0->-r /var/folders/qv/0knwm5h50ml0skpppwpbks_r0000gp/T/venv4ittgtuw/requirements.txt (line 1))
[2024-07-31T16:59:28.535+0900] {process_utils.py:191} INFO -   Using cached charset_normalizer-3.3.2-cp311-cp311-macosx_11_0_arm64.whl.metadata (33 kB)
[2024-07-31T16:59:28.548+0900] {process_utils.py:191} INFO - Collecting idna<4,>=2.5 (from requests>=2.32.3->mov==0.1.0->-r /var/folders/qv/0knwm5h50ml0skpppwpbks_r0000gp/T/venv4ittgtuw/requirements.txt (line 1))
[2024-07-31T16:59:28.549+0900] {process_utils.py:191} INFO -   Using cached idna-3.7-py3-none-any.whl.metadata (9.9 kB)
[2024-07-31T16:59:28.576+0900] {process_utils.py:191} INFO - Collecting urllib3<3,>=1.21.1 (from requests>=2.32.3->mov==0.1.0->-r /var/folders/qv/0knwm5h50ml0skpppwpbks_r0000gp/T/venv4ittgtuw/requirements.txt (line 1))
[2024-07-31T16:59:28.576+0900] {process_utils.py:191} INFO -   Using cached urllib3-2.2.2-py3-none-any.whl.metadata (6.4 kB)
[2024-07-31T16:59:28.594+0900] {process_utils.py:191} INFO - Collecting certifi>=2017.4.17 (from requests>=2.32.3->mov==0.1.0->-r /var/folders/qv/0knwm5h50ml0skpppwpbks_r0000gp/T/venv4ittgtuw/requirements.txt (line 1))
[2024-07-31T16:59:28.595+0900] {process_utils.py:191} INFO -   Using cached certifi-2024.7.4-py3-none-any.whl.metadata (2.2 kB)
[2024-07-31T16:59:28.746+0900] {process_utils.py:191} INFO - Collecting six>=1.5 (from python-dateutil>=2.8.2->pandas>=2.2.2->mov==0.1.0->-r /var/folders/qv/0knwm5h50ml0skpppwpbks_r0000gp/T/venv4ittgtuw/requirements.txt (line 1))
[2024-07-31T16:59:28.747+0900] {process_utils.py:191} INFO -   Using cached six-1.16.0-py2.py3-none-any.whl.metadata (1.8 kB)
[2024-07-31T16:59:28.751+0900] {process_utils.py:191} INFO - Using cached numpy-2.0.1-cp311-cp311-macosx_14_0_arm64.whl (5.3 MB)
[2024-07-31T16:59:28.759+0900] {process_utils.py:191} INFO - Using cached pandas-2.2.2-cp311-cp311-macosx_11_0_arm64.whl (11.3 MB)
[2024-07-31T16:59:28.773+0900] {process_utils.py:191} INFO - Using cached pyarrow-17.0.0-cp311-cp311-macosx_11_0_arm64.whl (27.2 MB)
[2024-07-31T16:59:28.800+0900] {process_utils.py:191} INFO - Using cached requests-2.32.3-py3-none-any.whl (64 kB)
[2024-07-31T16:59:28.801+0900] {process_utils.py:191} INFO - Using cached certifi-2024.7.4-py3-none-any.whl (162 kB)
[2024-07-31T16:59:28.802+0900] {process_utils.py:191} INFO - Using cached charset_normalizer-3.3.2-cp311-cp311-macosx_11_0_arm64.whl (118 kB)
[2024-07-31T16:59:28.803+0900] {process_utils.py:191} INFO - Using cached idna-3.7-py3-none-any.whl (66 kB)
[2024-07-31T16:59:28.804+0900] {process_utils.py:191} INFO - Using cached python_dateutil-2.9.0.post0-py2.py3-none-any.whl (229 kB)
[2024-07-31T16:59:28.805+0900] {process_utils.py:191} INFO - Using cached pytz-2024.1-py2.py3-none-any.whl (505 kB)
[2024-07-31T16:59:28.806+0900] {process_utils.py:191} INFO - Using cached tzdata-2024.1-py2.py3-none-any.whl (345 kB)
[2024-07-31T16:59:28.807+0900] {process_utils.py:191} INFO - Using cached urllib3-2.2.2-py3-none-any.whl (121 kB)
[2024-07-31T16:59:28.808+0900] {process_utils.py:191} INFO - Using cached six-1.16.0-py2.py3-none-any.whl (11 kB)
[2024-07-31T16:59:28.850+0900] {process_utils.py:191} INFO - Building wheels for collected packages: mov
[2024-07-31T16:59:28.863+0900] {process_utils.py:191} INFO -   Building wheel for mov (pyproject.toml): started
[2024-07-31T16:59:28.997+0900] {process_utils.py:191} INFO -   Building wheel for mov (pyproject.toml): finished with status 'done'
[2024-07-31T16:59:28.998+0900] {process_utils.py:191} INFO -   Created wheel for mov: filename=mov-0.1.0-py3-none-any.whl size=3035 sha256=ee2d7f139ad39d81c8fc8da83088f535110680343d727e6cfa9b670ec9659271
[2024-07-31T16:59:28.998+0900] {process_utils.py:191} INFO -   Stored in directory: /private/var/folders/qv/0knwm5h50ml0skpppwpbks_r0000gp/T/pip-ephem-wheel-cache-z5nyac09/wheels/cf/ab/a7/d0c528d20fa8a5f19e169bdf1d98f2b2cefe79d8527bb89200
[2024-07-31T16:59:28.999+0900] {process_utils.py:191} INFO - Successfully built mov
[2024-07-31T16:59:29.027+0900] {process_utils.py:191} INFO - Installing collected packages: pytz, urllib3, tzdata, six, numpy, idna, charset-normalizer, certifi, requests, python-dateutil, pyarrow, pandas, mov
[2024-07-31T16:59:33.506+0900] {process_utils.py:191} INFO - Successfully installed certifi-2024.7.4 charset-normalizer-3.3.2 idna-3.7 mov-0.1.0 numpy-2.0.1 pandas-2.2.2 pyarrow-17.0.0 python-dateutil-2.9.0.post0 pytz-2024.1 requests-2.32.3 six-1.16.0 tzdata-2024.1 urllib3-2.2.2
[2024-07-31T16:59:33.509+0900] {process_utils.py:191} INFO - 
[2024-07-31T16:59:33.509+0900] {process_utils.py:191} INFO - [notice] A new release of pip is available: 24.1.2 -> 24.2
[2024-07-31T16:59:33.509+0900] {process_utils.py:191} INFO - [notice] To update, run: python -m pip install --upgrade pip
[2024-07-31T16:59:33.645+0900] {process_utils.py:183} INFO - Executing cmd: /var/folders/qv/0knwm5h50ml0skpppwpbks_r0000gp/T/venv4ittgtuw/bin/python /var/folders/qv/0knwm5h50ml0skpppwpbks_r0000gp/T/venv-callopribtt7/script.py /var/folders/qv/0knwm5h50ml0skpppwpbks_r0000gp/T/venv-callopribtt7/script.in /var/folders/qv/0knwm5h50ml0skpppwpbks_r0000gp/T/venv-callopribtt7/script.out /var/folders/qv/0knwm5h50ml0skpppwpbks_r0000gp/T/venv-callopribtt7/string_args.txt /var/folders/qv/0knwm5h50ml0skpppwpbks_r0000gp/T/venv-callopribtt7/termination.log
[2024-07-31T16:59:33.647+0900] {process_utils.py:187} INFO - Output:
[2024-07-31T16:59:48.629+0900] {process_utils.py:191} INFO - *********************************
[2024-07-31T16:59:48.630+0900] {process_utils.py:191} INFO -    rnum  rank  rankInten rankOldAndNew  ... audiChange  audiAcc scrnCnt  showCnt
[2024-07-31T16:59:48.630+0900] {process_utils.py:191} INFO - 0     1     1          0           OLD  ...      -62.4  1178535    1784     7672
[2024-07-31T16:59:48.630+0900] {process_utils.py:191} INFO - 1     2     2          0           OLD  ...      -45.0   668465     998     3927
[2024-07-31T16:59:48.631+0900] {process_utils.py:191} INFO - 2     3     3          0           OLD  ...      -50.6  2322826     840     2337
[2024-07-31T16:59:48.631+0900] {process_utils.py:191} INFO - 3     4     4          0           OLD  ...      -35.8  8329270     701     1501
[2024-07-31T16:59:48.631+0900] {process_utils.py:191} INFO - 4     5     5          0           OLD  ...      -41.6   573145     562     1063
[2024-07-31T16:59:48.632+0900] {process_utils.py:191} INFO - 5     6     6          0           OLD  ...      -43.9  1730171     551      929
[2024-07-31T16:59:48.632+0900] {process_utils.py:191} INFO - 6     7     7          0           OLD  ...      -42.9   676696     320      455
[2024-07-31T16:59:48.632+0900] {process_utils.py:191} INFO - 7     8     8          0           OLD  ...      -68.9    51211      12       16
[2024-07-31T16:59:48.633+0900] {process_utils.py:191} INFO - 8     9     9          2           OLD  ...      -37.2    74333     118      149
[2024-07-31T16:59:48.633+0900] {process_utils.py:191} INFO - 9    10    10          0           OLD  ...      -42.5    67511      49       64
[2024-07-31T16:59:48.633+0900] {process_utils.py:191} INFO - 
[2024-07-31T16:59:48.634+0900] {process_utils.py:191} INFO - [10 rows x 18 columns]
[2024-07-31T16:59:48.634+0900] {process_utils.py:191} INFO - *********************************
[2024-07-31T16:59:48.634+0900] {process_utils.py:191} INFO - rnum               int64
[2024-07-31T16:59:48.634+0900] {process_utils.py:191} INFO - rank               int64
[2024-07-31T16:59:48.635+0900] {process_utils.py:191} INFO - rankInten          int64
[2024-07-31T16:59:48.635+0900] {process_utils.py:191} INFO - rankOldAndNew     object
[2024-07-31T16:59:48.635+0900] {process_utils.py:191} INFO - movieCd           object
[2024-07-31T16:59:48.636+0900] {process_utils.py:191} INFO - movieNm           object
[2024-07-31T16:59:48.636+0900] {process_utils.py:191} INFO - openDt            object
[2024-07-31T16:59:48.636+0900] {process_utils.py:191} INFO - salesAmt           int64
[2024-07-31T16:59:48.636+0900] {process_utils.py:191} INFO - salesShare       float64
[2024-07-31T16:59:48.637+0900] {process_utils.py:191} INFO - salesInten         int64
[2024-07-31T16:59:48.637+0900] {process_utils.py:191} INFO - salesChange      float64
[2024-07-31T16:59:48.637+0900] {process_utils.py:191} INFO - salesAcc          object
[2024-07-31T16:59:48.637+0900] {process_utils.py:191} INFO - audiCnt            int64
[2024-07-31T16:59:48.638+0900] {process_utils.py:191} INFO - audiInten          int64
[2024-07-31T16:59:48.638+0900] {process_utils.py:191} INFO - audiChange       float64
[2024-07-31T16:59:48.638+0900] {process_utils.py:191} INFO - audiAcc            int64
[2024-07-31T16:59:48.638+0900] {process_utils.py:191} INFO - scrnCnt            int64
[2024-07-31T16:59:48.638+0900] {process_utils.py:191} INFO - showCnt            int64
[2024-07-31T16:59:48.639+0900] {process_utils.py:191} INFO - dtype: object
[2024-07-31T16:59:48.639+0900] {process_utils.py:191} INFO - 개봉일 기준 그룹핑 누적 관객수 합
[2024-07-31T16:59:48.639+0900] {process_utils.py:191} INFO -        openDt  audiCnt
[2024-07-31T16:59:48.639+0900] {process_utils.py:191} INFO - 0  2024-06-12    37377
[2024-07-31T16:59:48.640+0900] {process_utils.py:191} INFO - 1  2024-06-26    13201
[2024-07-31T16:59:48.640+0900] {process_utils.py:191} INFO - 2  2024-07-03    42638
[2024-07-31T16:59:48.640+0900] {process_utils.py:191} INFO - 3  2024-07-10     1953
[2024-07-31T16:59:48.640+0900] {process_utils.py:191} INFO - 4  2024-07-12     4637
[2024-07-31T16:59:48.641+0900] {process_utils.py:191} INFO - 5  2024-07-17    15880
[2024-07-31T16:59:48.641+0900] {process_utils.py:191} INFO - 6  2024-07-24   172585
[2024-07-31T16:59:48.641+0900] {process_utils.py:191} INFO - 7  2024-07-31     2085
[2024-07-31T16:59:49.071+0900] {python.py:237} INFO - Done. Returned value was: None
[2024-07-31T16:59:49.072+0900] {taskinstance.py:441} INFO - ::group::Post task execution logs
[2024-07-31T16:59:49.075+0900] {taskinstance.py:1206} INFO - Marking task as SUCCESS. dag_id=movie, task_id=save.data, run_id=scheduled__2024-07-29T02:10:00+00:00, execution_date=20240729T021000, start_date=20240731T075923, end_date=20240731T075949
[2024-07-31T16:59:49.113+0900] {local_task_job_runner.py:243} INFO - Task exited with return code 0
[2024-07-31T16:59:49.119+0900] {taskinstance.py:3503} INFO - 0 downstream tasks scheduled from follow-on schedule check
[2024-07-31T16:59:49.119+0900] {local_task_job_runner.py:222} INFO - ::endgroup::
