[2024-07-31T09:32:48.075+0900] {local_task_job_runner.py:120} INFO - ::group::Pre task execution logs
[2024-07-31T09:32:48.089+0900] {taskinstance.py:2076} INFO - Dependencies all met for dep_context=non-requeueable deps ti=<TaskInstance: movie.save.data scheduled__2024-07-29T02:10:00+00:00 [queued]>
[2024-07-31T09:32:48.093+0900] {taskinstance.py:2076} INFO - Dependencies all met for dep_context=requeueable deps ti=<TaskInstance: movie.save.data scheduled__2024-07-29T02:10:00+00:00 [queued]>
[2024-07-31T09:32:48.093+0900] {taskinstance.py:2306} INFO - Starting attempt 2 of 3
[2024-07-31T09:32:48.098+0900] {taskinstance.py:2330} INFO - Executing <Task(PythonVirtualenvOperator): save.data> on 2024-07-29 02:10:00+00:00
[2024-07-31T09:32:48.101+0900] {standard_task_runner.py:64} INFO - Started process 6777 to run task
[2024-07-31T09:32:48.103+0900] {standard_task_runner.py:90} INFO - Running: ['airflow', 'tasks', 'run', 'movie', 'save.data', 'scheduled__2024-07-29T02:10:00+00:00', '--job-id', '704', '--raw', '--subdir', 'DAGS_FOLDER/movie.py', '--cfg-path', '/var/folders/qv/0knwm5h50ml0skpppwpbks_r0000gp/T/tmpg8wck1iq']
[2024-07-31T09:32:48.105+0900] {standard_task_runner.py:91} INFO - Job 704: Subtask save.data
[2024-07-31T09:32:48.119+0900] {task_command.py:426} INFO - Running <TaskInstance: movie.save.data scheduled__2024-07-29T02:10:00+00:00 [running]> on host jeongui-MacBookPro.local
[2024-07-31T09:32:48.141+0900] {taskinstance.py:2648} INFO - Exporting env vars: AIRFLOW_CTX_DAG_OWNER='airflow' AIRFLOW_CTX_DAG_ID='movie' AIRFLOW_CTX_TASK_ID='save.data' AIRFLOW_CTX_EXECUTION_DATE='2024-07-29T02:10:00+00:00' AIRFLOW_CTX_TRY_NUMBER='2' AIRFLOW_CTX_DAG_RUN_ID='scheduled__2024-07-29T02:10:00+00:00'
[2024-07-31T09:32:48.141+0900] {taskinstance.py:430} INFO - ::endgroup::
[2024-07-31T09:32:48.146+0900] {baseoperator.py:400} WARNING - PythonVirtualenvOperator.execute cannot be called outside TaskInstance!
[2024-07-31T09:32:48.146+0900] {process_utils.py:183} INFO - Executing cmd: /Users/DE32/.pyenv/versions/3.11.9/envs/note/bin/python -m virtualenv /var/folders/qv/0knwm5h50ml0skpppwpbks_r0000gp/T/venv9915t7go --python=python
[2024-07-31T09:32:48.148+0900] {process_utils.py:187} INFO - Output:
[2024-07-31T09:32:48.323+0900] {process_utils.py:191} INFO - created virtual environment CPython3.11.9.final.0-64 in 116ms
[2024-07-31T09:32:48.323+0900] {process_utils.py:191} INFO -   creator CPython3Posix(dest=/private/var/folders/qv/0knwm5h50ml0skpppwpbks_r0000gp/T/venv9915t7go, clear=False, no_vcs_ignore=False, global=False)
[2024-07-31T09:32:48.323+0900] {process_utils.py:191} INFO -   seeder FromAppData(download=False, pip=bundle, setuptools=bundle, wheel=bundle, via=copy, app_data_dir=/Users/DE32/Library/Application Support/virtualenv)
[2024-07-31T09:32:48.324+0900] {process_utils.py:191} INFO -     added seed packages: pip==24.1.2, setuptools==70.2.0, wheel==0.43.0
[2024-07-31T09:32:48.324+0900] {process_utils.py:191} INFO -   activators BashActivator,CShellActivator,FishActivator,NushellActivator,PowerShellActivator,PythonActivator
[2024-07-31T09:32:48.335+0900] {process_utils.py:183} INFO - Executing cmd: /var/folders/qv/0knwm5h50ml0skpppwpbks_r0000gp/T/venv9915t7go/bin/pip install -r /var/folders/qv/0knwm5h50ml0skpppwpbks_r0000gp/T/venv9915t7go/requirements.txt
[2024-07-31T09:32:48.337+0900] {process_utils.py:187} INFO - Output:
[2024-07-31T09:32:49.057+0900] {process_utils.py:191} INFO - Collecting git+https://github.com/Jeonghoon2/movie.git@0.2/api (from -r /var/folders/qv/0knwm5h50ml0skpppwpbks_r0000gp/T/venv9915t7go/requirements.txt (line 1))
[2024-07-31T09:32:49.057+0900] {process_utils.py:191} INFO -   Cloning https://github.com/Jeonghoon2/movie.git (to revision 0.2/api) to /private/var/folders/qv/0knwm5h50ml0skpppwpbks_r0000gp/T/pip-req-build-w4kpq_lw
[2024-07-31T09:32:49.069+0900] {process_utils.py:191} INFO -   Running command git clone --filter=blob:none --quiet https://github.com/Jeonghoon2/movie.git /private/var/folders/qv/0knwm5h50ml0skpppwpbks_r0000gp/T/pip-req-build-w4kpq_lw
[2024-07-31T09:32:50.540+0900] {process_utils.py:191} INFO -   Running command git checkout -b 0.2/api --track origin/0.2/api
[2024-07-31T09:32:51.053+0900] {process_utils.py:191} INFO -   Switched to a new branch '0.2/api'
[2024-07-31T09:32:51.054+0900] {process_utils.py:191} INFO -   branch '0.2/api' set up to track 'origin/0.2/api'.
[2024-07-31T09:32:51.054+0900] {process_utils.py:191} INFO -   Resolved https://github.com/Jeonghoon2/movie.git to commit 514cfb45f6fa577ee07d4fa2076f9283780af81e
[2024-07-31T09:32:51.077+0900] {process_utils.py:191} INFO -   Installing build dependencies: started
[2024-07-31T09:32:51.968+0900] {process_utils.py:191} INFO -   Installing build dependencies: finished with status 'done'
[2024-07-31T09:32:51.969+0900] {process_utils.py:191} INFO -   Getting requirements to build wheel: started
[2024-07-31T09:32:52.092+0900] {process_utils.py:191} INFO -   Getting requirements to build wheel: finished with status 'done'
[2024-07-31T09:32:52.093+0900] {process_utils.py:191} INFO -   Preparing metadata (pyproject.toml): started
[2024-07-31T09:32:52.218+0900] {process_utils.py:191} INFO -   Preparing metadata (pyproject.toml): finished with status 'done'
[2024-07-31T09:32:52.291+0900] {process_utils.py:191} INFO - Collecting requests>=2.32.3 (from mov==0.1.0->-r /var/folders/qv/0knwm5h50ml0skpppwpbks_r0000gp/T/venv9915t7go/requirements.txt (line 1))
[2024-07-31T09:32:52.292+0900] {process_utils.py:191} INFO -   Using cached requests-2.32.3-py3-none-any.whl.metadata (4.6 kB)
[2024-07-31T09:32:52.361+0900] {process_utils.py:191} INFO - Collecting pandas>=2.2.2 (from mov==0.1.0->-r /var/folders/qv/0knwm5h50ml0skpppwpbks_r0000gp/T/venv9915t7go/requirements.txt (line 1))
[2024-07-31T09:32:52.362+0900] {process_utils.py:191} INFO -   Using cached pandas-2.2.2-cp311-cp311-macosx_11_0_arm64.whl.metadata (19 kB)
[2024-07-31T09:32:52.470+0900] {process_utils.py:191} INFO - Collecting numpy>=2.0.1 (from mov==0.1.0->-r /var/folders/qv/0knwm5h50ml0skpppwpbks_r0000gp/T/venv9915t7go/requirements.txt (line 1))
[2024-07-31T09:32:52.471+0900] {process_utils.py:191} INFO -   Using cached numpy-2.0.1-cp311-cp311-macosx_14_0_arm64.whl.metadata (60 kB)
[2024-07-31T09:32:52.530+0900] {process_utils.py:191} INFO - Collecting pyarrow>=17.0.0 (from mov==0.1.0->-r /var/folders/qv/0knwm5h50ml0skpppwpbks_r0000gp/T/venv9915t7go/requirements.txt (line 1))
[2024-07-31T09:32:52.531+0900] {process_utils.py:191} INFO -   Using cached pyarrow-17.0.0-cp311-cp311-macosx_11_0_arm64.whl.metadata (3.3 kB)
[2024-07-31T09:32:52.593+0900] {process_utils.py:191} INFO - Collecting python-dateutil>=2.8.2 (from pandas>=2.2.2->mov==0.1.0->-r /var/folders/qv/0knwm5h50ml0skpppwpbks_r0000gp/T/venv9915t7go/requirements.txt (line 1))
[2024-07-31T09:32:52.594+0900] {process_utils.py:191} INFO -   Using cached python_dateutil-2.9.0.post0-py2.py3-none-any.whl.metadata (8.4 kB)
[2024-07-31T09:32:52.629+0900] {process_utils.py:191} INFO - Collecting pytz>=2020.1 (from pandas>=2.2.2->mov==0.1.0->-r /var/folders/qv/0knwm5h50ml0skpppwpbks_r0000gp/T/venv9915t7go/requirements.txt (line 1))
[2024-07-31T09:32:52.630+0900] {process_utils.py:191} INFO -   Using cached pytz-2024.1-py2.py3-none-any.whl.metadata (22 kB)
[2024-07-31T09:32:52.659+0900] {process_utils.py:191} INFO - Collecting tzdata>=2022.7 (from pandas>=2.2.2->mov==0.1.0->-r /var/folders/qv/0knwm5h50ml0skpppwpbks_r0000gp/T/venv9915t7go/requirements.txt (line 1))
[2024-07-31T09:32:52.660+0900] {process_utils.py:191} INFO -   Using cached tzdata-2024.1-py2.py3-none-any.whl.metadata (1.4 kB)
[2024-07-31T09:32:52.713+0900] {process_utils.py:191} INFO - Collecting charset-normalizer<4,>=2 (from requests>=2.32.3->mov==0.1.0->-r /var/folders/qv/0knwm5h50ml0skpppwpbks_r0000gp/T/venv9915t7go/requirements.txt (line 1))
[2024-07-31T09:32:52.713+0900] {process_utils.py:191} INFO -   Using cached charset_normalizer-3.3.2-cp311-cp311-macosx_11_0_arm64.whl.metadata (33 kB)
[2024-07-31T09:32:52.753+0900] {process_utils.py:191} INFO - Collecting idna<4,>=2.5 (from requests>=2.32.3->mov==0.1.0->-r /var/folders/qv/0knwm5h50ml0skpppwpbks_r0000gp/T/venv9915t7go/requirements.txt (line 1))
[2024-07-31T09:32:52.754+0900] {process_utils.py:191} INFO -   Using cached idna-3.7-py3-none-any.whl.metadata (9.9 kB)
[2024-07-31T09:32:52.783+0900] {process_utils.py:191} INFO - Collecting urllib3<3,>=1.21.1 (from requests>=2.32.3->mov==0.1.0->-r /var/folders/qv/0knwm5h50ml0skpppwpbks_r0000gp/T/venv9915t7go/requirements.txt (line 1))
[2024-07-31T09:32:52.784+0900] {process_utils.py:191} INFO -   Using cached urllib3-2.2.2-py3-none-any.whl.metadata (6.4 kB)
[2024-07-31T09:32:52.809+0900] {process_utils.py:191} INFO - Collecting certifi>=2017.4.17 (from requests>=2.32.3->mov==0.1.0->-r /var/folders/qv/0knwm5h50ml0skpppwpbks_r0000gp/T/venv9915t7go/requirements.txt (line 1))
[2024-07-31T09:32:52.809+0900] {process_utils.py:191} INFO -   Using cached certifi-2024.7.4-py3-none-any.whl.metadata (2.2 kB)
[2024-07-31T09:32:52.835+0900] {process_utils.py:191} INFO - Collecting six>=1.5 (from python-dateutil>=2.8.2->pandas>=2.2.2->mov==0.1.0->-r /var/folders/qv/0knwm5h50ml0skpppwpbks_r0000gp/T/venv9915t7go/requirements.txt (line 1))
[2024-07-31T09:32:52.836+0900] {process_utils.py:191} INFO -   Using cached six-1.16.0-py2.py3-none-any.whl.metadata (1.8 kB)
[2024-07-31T09:32:52.839+0900] {process_utils.py:191} INFO - Using cached numpy-2.0.1-cp311-cp311-macosx_14_0_arm64.whl (5.3 MB)
[2024-07-31T09:32:52.845+0900] {process_utils.py:191} INFO - Using cached pandas-2.2.2-cp311-cp311-macosx_11_0_arm64.whl (11.3 MB)
[2024-07-31T09:32:52.857+0900] {process_utils.py:191} INFO - Using cached pyarrow-17.0.0-cp311-cp311-macosx_11_0_arm64.whl (27.2 MB)
[2024-07-31T09:32:52.883+0900] {process_utils.py:191} INFO - Using cached requests-2.32.3-py3-none-any.whl (64 kB)
[2024-07-31T09:32:52.884+0900] {process_utils.py:191} INFO - Using cached certifi-2024.7.4-py3-none-any.whl (162 kB)
[2024-07-31T09:32:52.885+0900] {process_utils.py:191} INFO - Using cached charset_normalizer-3.3.2-cp311-cp311-macosx_11_0_arm64.whl (118 kB)
[2024-07-31T09:32:52.886+0900] {process_utils.py:191} INFO - Using cached idna-3.7-py3-none-any.whl (66 kB)
[2024-07-31T09:32:52.887+0900] {process_utils.py:191} INFO - Using cached python_dateutil-2.9.0.post0-py2.py3-none-any.whl (229 kB)
[2024-07-31T09:32:52.888+0900] {process_utils.py:191} INFO - Using cached pytz-2024.1-py2.py3-none-any.whl (505 kB)
[2024-07-31T09:32:52.890+0900] {process_utils.py:191} INFO - Using cached tzdata-2024.1-py2.py3-none-any.whl (345 kB)
[2024-07-31T09:32:52.891+0900] {process_utils.py:191} INFO - Using cached urllib3-2.2.2-py3-none-any.whl (121 kB)
[2024-07-31T09:32:52.892+0900] {process_utils.py:191} INFO - Using cached six-1.16.0-py2.py3-none-any.whl (11 kB)
[2024-07-31T09:32:52.934+0900] {process_utils.py:191} INFO - Building wheels for collected packages: mov
[2024-07-31T09:32:52.946+0900] {process_utils.py:191} INFO -   Building wheel for mov (pyproject.toml): started
[2024-07-31T09:32:53.080+0900] {process_utils.py:191} INFO -   Building wheel for mov (pyproject.toml): finished with status 'done'
[2024-07-31T09:32:53.080+0900] {process_utils.py:191} INFO -   Created wheel for mov: filename=mov-0.1.0-py3-none-any.whl size=3017 sha256=9d33e8639bf101bc4f5b47819530b4cdce097f3fa7678d89ad028e2afd8af68b
[2024-07-31T09:32:53.081+0900] {process_utils.py:191} INFO -   Stored in directory: /private/var/folders/qv/0knwm5h50ml0skpppwpbks_r0000gp/T/pip-ephem-wheel-cache-lx23tzwe/wheels/cf/ab/a7/d0c528d20fa8a5f19e169bdf1d98f2b2cefe79d8527bb89200
[2024-07-31T09:32:53.082+0900] {process_utils.py:191} INFO - Successfully built mov
[2024-07-31T09:32:53.109+0900] {process_utils.py:191} INFO - Installing collected packages: pytz, urllib3, tzdata, six, numpy, idna, charset-normalizer, certifi, requests, python-dateutil, pyarrow, pandas, mov
[2024-07-31T09:32:57.595+0900] {process_utils.py:191} INFO - Successfully installed certifi-2024.7.4 charset-normalizer-3.3.2 idna-3.7 mov-0.1.0 numpy-2.0.1 pandas-2.2.2 pyarrow-17.0.0 python-dateutil-2.9.0.post0 pytz-2024.1 requests-2.32.3 six-1.16.0 tzdata-2024.1 urllib3-2.2.2
[2024-07-31T09:32:57.597+0900] {process_utils.py:191} INFO - 
[2024-07-31T09:32:57.598+0900] {process_utils.py:191} INFO - [notice] A new release of pip is available: 24.1.2 -> 24.2
[2024-07-31T09:32:57.598+0900] {process_utils.py:191} INFO - [notice] To update, run: python -m pip install --upgrade pip
[2024-07-31T09:32:57.727+0900] {process_utils.py:183} INFO - Executing cmd: /var/folders/qv/0knwm5h50ml0skpppwpbks_r0000gp/T/venv9915t7go/bin/python /var/folders/qv/0knwm5h50ml0skpppwpbks_r0000gp/T/venv-callkybvcnwr/script.py /var/folders/qv/0knwm5h50ml0skpppwpbks_r0000gp/T/venv-callkybvcnwr/script.in /var/folders/qv/0knwm5h50ml0skpppwpbks_r0000gp/T/venv-callkybvcnwr/script.out /var/folders/qv/0knwm5h50ml0skpppwpbks_r0000gp/T/venv-callkybvcnwr/string_args.txt /var/folders/qv/0knwm5h50ml0skpppwpbks_r0000gp/T/venv-callkybvcnwr/termination.log
[2024-07-31T09:32:57.729+0900] {process_utils.py:187} INFO - Output:
[2024-07-31T09:33:14.640+0900] {process_utils.py:191} INFO - *********************************
[2024-07-31T09:33:14.640+0900] {process_utils.py:191} INFO -    rnum  rank  rankInten rankOldAndNew  ... audiChange  audiAcc scrnCnt  showCnt
[2024-07-31T09:33:14.641+0900] {process_utils.py:191} INFO - 0     1     1          0           OLD  ...      -62.4  1178547    1784     7672
[2024-07-31T09:33:14.641+0900] {process_utils.py:191} INFO - 1     2     2          0           OLD  ...      -45.0   668468     998     3927
[2024-07-31T09:33:14.642+0900] {process_utils.py:191} INFO - 2     3     3          0           OLD  ...      -50.6  2322826     840     2337
[2024-07-31T09:33:14.642+0900] {process_utils.py:191} INFO - 3     4     4          0           OLD  ...      -35.8  8329273     701     1501
[2024-07-31T09:33:14.642+0900] {process_utils.py:191} INFO - 4     5     5          0           OLD  ...      -41.6   573145     562     1063
[2024-07-31T09:33:14.643+0900] {process_utils.py:191} INFO - 5     6     6          0           OLD  ...      -43.9  1730086     551      929
[2024-07-31T09:33:14.643+0900] {process_utils.py:191} INFO - 6     7     7          0           OLD  ...      -42.9   676696     320      455
[2024-07-31T09:33:14.644+0900] {process_utils.py:191} INFO - 7     8     8          0           OLD  ...      -68.9    51211      12       16
[2024-07-31T09:33:14.644+0900] {process_utils.py:191} INFO - 8     9     9          2           OLD  ...      -37.2    74333     118      149
[2024-07-31T09:33:14.644+0900] {process_utils.py:191} INFO - 9    10    10          0           OLD  ...      -42.5    67511      49       64
[2024-07-31T09:33:14.644+0900] {process_utils.py:191} INFO - 
[2024-07-31T09:33:14.645+0900] {process_utils.py:191} INFO - [10 rows x 18 columns]
[2024-07-31T09:33:14.645+0900] {process_utils.py:191} INFO - *********************************
[2024-07-31T09:33:14.645+0900] {process_utils.py:191} INFO - rnum               int64
[2024-07-31T09:33:14.646+0900] {process_utils.py:191} INFO - rank               int64
[2024-07-31T09:33:14.646+0900] {process_utils.py:191} INFO - rankInten          int64
[2024-07-31T09:33:14.646+0900] {process_utils.py:191} INFO - rankOldAndNew     object
[2024-07-31T09:33:14.646+0900] {process_utils.py:191} INFO - movieCd           object
[2024-07-31T09:33:14.647+0900] {process_utils.py:191} INFO - movieNm           object
[2024-07-31T09:33:14.647+0900] {process_utils.py:191} INFO - openDt            object
[2024-07-31T09:33:14.647+0900] {process_utils.py:191} INFO - salesAmt           int64
[2024-07-31T09:33:14.648+0900] {process_utils.py:191} INFO - salesShare       float64
[2024-07-31T09:33:14.648+0900] {process_utils.py:191} INFO - salesInten         int64
[2024-07-31T09:33:14.648+0900] {process_utils.py:191} INFO - salesChange      float64
[2024-07-31T09:33:14.648+0900] {process_utils.py:191} INFO - salesAcc          object
[2024-07-31T09:33:14.649+0900] {process_utils.py:191} INFO - audiCnt            int64
[2024-07-31T09:33:14.649+0900] {process_utils.py:191} INFO - audiInten          int64
[2024-07-31T09:33:14.649+0900] {process_utils.py:191} INFO - audiChange       float64
[2024-07-31T09:33:14.649+0900] {process_utils.py:191} INFO - audiAcc            int64
[2024-07-31T09:33:14.650+0900] {process_utils.py:191} INFO - scrnCnt            int64
[2024-07-31T09:33:14.650+0900] {process_utils.py:191} INFO - showCnt            int64
[2024-07-31T09:33:14.650+0900] {process_utils.py:191} INFO - dtype: object
[2024-07-31T09:33:14.651+0900] {process_utils.py:191} INFO - 개봉일 기준 그룹핑 누적 관객수 합
[2024-07-31T09:33:14.651+0900] {process_utils.py:191} INFO -        openDt  audiCnt
[2024-07-31T09:33:14.651+0900] {process_utils.py:191} INFO - 0  2024-06-12    37377
[2024-07-31T09:33:14.651+0900] {process_utils.py:191} INFO - 1  2024-06-26    13201
[2024-07-31T09:33:14.652+0900] {process_utils.py:191} INFO - 2  2024-07-03    42638
[2024-07-31T09:33:14.652+0900] {process_utils.py:191} INFO - 3  2024-07-10     1953
[2024-07-31T09:33:14.652+0900] {process_utils.py:191} INFO - 4  2024-07-12     4637
[2024-07-31T09:33:14.652+0900] {process_utils.py:191} INFO - 5  2024-07-17    15880
[2024-07-31T09:33:14.653+0900] {process_utils.py:191} INFO - 6  2024-07-24   172585
[2024-07-31T09:33:14.653+0900] {process_utils.py:191} INFO - 7  2024-07-31     2085
[2024-07-31T09:33:15.068+0900] {python.py:237} INFO - Done. Returned value was: None
[2024-07-31T09:33:15.068+0900] {taskinstance.py:441} INFO - ::group::Post task execution logs
[2024-07-31T09:33:15.072+0900] {taskinstance.py:1206} INFO - Marking task as SUCCESS. dag_id=movie, task_id=save.data, run_id=scheduled__2024-07-29T02:10:00+00:00, execution_date=20240729T021000, start_date=20240731T003248, end_date=20240731T003315
[2024-07-31T09:33:15.100+0900] {local_task_job_runner.py:243} INFO - Task exited with return code 0
[2024-07-31T09:33:15.106+0900] {taskinstance.py:3503} INFO - 0 downstream tasks scheduled from follow-on schedule check
[2024-07-31T09:33:15.106+0900] {local_task_job_runner.py:222} INFO - ::endgroup::
[2024-07-31T11:30:31.876+0900] {local_task_job_runner.py:120} INFO - ::group::Pre task execution logs
[2024-07-31T11:30:31.887+0900] {taskinstance.py:2076} INFO - Dependencies all met for dep_context=non-requeueable deps ti=<TaskInstance: movie.save.data scheduled__2024-07-29T02:10:00+00:00 [queued]>
[2024-07-31T11:30:31.890+0900] {taskinstance.py:2076} INFO - Dependencies all met for dep_context=requeueable deps ti=<TaskInstance: movie.save.data scheduled__2024-07-29T02:10:00+00:00 [queued]>
[2024-07-31T11:30:31.890+0900] {taskinstance.py:2306} INFO - Starting attempt 2 of 3
[2024-07-31T11:30:31.897+0900] {taskinstance.py:2330} INFO - Executing <Task(PythonVirtualenvOperator): save.data> on 2024-07-29 02:10:00+00:00
[2024-07-31T11:30:31.900+0900] {standard_task_runner.py:64} INFO - Started process 11529 to run task
[2024-07-31T11:30:31.902+0900] {standard_task_runner.py:90} INFO - Running: ['airflow', 'tasks', 'run', 'movie', 'save.data', 'scheduled__2024-07-29T02:10:00+00:00', '--job-id', '765', '--raw', '--subdir', 'DAGS_FOLDER/movie.py', '--cfg-path', '/var/folders/qv/0knwm5h50ml0skpppwpbks_r0000gp/T/tmprvw0wgnq']
[2024-07-31T11:30:31.904+0900] {standard_task_runner.py:91} INFO - Job 765: Subtask save.data
[2024-07-31T11:30:31.919+0900] {task_command.py:426} INFO - Running <TaskInstance: movie.save.data scheduled__2024-07-29T02:10:00+00:00 [running]> on host jeongui-MacBookPro.local
[2024-07-31T11:30:31.941+0900] {taskinstance.py:2648} INFO - Exporting env vars: AIRFLOW_CTX_DAG_OWNER='airflow' AIRFLOW_CTX_DAG_ID='movie' AIRFLOW_CTX_TASK_ID='save.data' AIRFLOW_CTX_EXECUTION_DATE='2024-07-29T02:10:00+00:00' AIRFLOW_CTX_TRY_NUMBER='2' AIRFLOW_CTX_DAG_RUN_ID='scheduled__2024-07-29T02:10:00+00:00'
[2024-07-31T11:30:31.941+0900] {taskinstance.py:430} INFO - ::endgroup::
[2024-07-31T11:30:31.949+0900] {baseoperator.py:400} WARNING - PythonVirtualenvOperator.execute cannot be called outside TaskInstance!
[2024-07-31T11:30:31.949+0900] {process_utils.py:183} INFO - Executing cmd: /Users/DE32/.pyenv/versions/3.11.9/envs/note/bin/python -m virtualenv /var/folders/qv/0knwm5h50ml0skpppwpbks_r0000gp/T/venv0pfc35lm --python=python
[2024-07-31T11:30:31.951+0900] {process_utils.py:187} INFO - Output:
[2024-07-31T11:30:32.196+0900] {process_utils.py:191} INFO - created virtual environment CPython3.11.9.final.0-64 in 174ms
[2024-07-31T11:30:32.196+0900] {process_utils.py:191} INFO -   creator CPython3Posix(dest=/private/var/folders/qv/0knwm5h50ml0skpppwpbks_r0000gp/T/venv0pfc35lm, clear=False, no_vcs_ignore=False, global=False)
[2024-07-31T11:30:32.196+0900] {process_utils.py:191} INFO -   seeder FromAppData(download=False, pip=bundle, setuptools=bundle, wheel=bundle, via=copy, app_data_dir=/Users/DE32/Library/Application Support/virtualenv)
[2024-07-31T11:30:32.197+0900] {process_utils.py:191} INFO -     added seed packages: pip==24.1.2, setuptools==70.2.0, wheel==0.43.0
[2024-07-31T11:30:32.197+0900] {process_utils.py:191} INFO -   activators BashActivator,CShellActivator,FishActivator,NushellActivator,PowerShellActivator,PythonActivator
[2024-07-31T11:30:32.208+0900] {process_utils.py:183} INFO - Executing cmd: /var/folders/qv/0knwm5h50ml0skpppwpbks_r0000gp/T/venv0pfc35lm/bin/pip install -r /var/folders/qv/0knwm5h50ml0skpppwpbks_r0000gp/T/venv0pfc35lm/requirements.txt
[2024-07-31T11:30:32.209+0900] {process_utils.py:187} INFO - Output:
[2024-07-31T11:30:32.928+0900] {process_utils.py:191} INFO - Collecting git+https://github.com/Jeonghoon2/movie.git@0.2/api (from -r /var/folders/qv/0knwm5h50ml0skpppwpbks_r0000gp/T/venv0pfc35lm/requirements.txt (line 1))
[2024-07-31T11:30:32.928+0900] {process_utils.py:191} INFO -   Cloning https://github.com/Jeonghoon2/movie.git (to revision 0.2/api) to /private/var/folders/qv/0knwm5h50ml0skpppwpbks_r0000gp/T/pip-req-build-_9o3krb2
[2024-07-31T11:30:32.940+0900] {process_utils.py:191} INFO -   Running command git clone --filter=blob:none --quiet https://github.com/Jeonghoon2/movie.git /private/var/folders/qv/0knwm5h50ml0skpppwpbks_r0000gp/T/pip-req-build-_9o3krb2
[2024-07-31T11:30:34.360+0900] {process_utils.py:191} INFO -   Running command git checkout -b 0.2/api --track origin/0.2/api
[2024-07-31T11:30:35.052+0900] {process_utils.py:191} INFO -   Switched to a new branch '0.2/api'
[2024-07-31T11:30:35.053+0900] {process_utils.py:191} INFO -   branch '0.2/api' set up to track 'origin/0.2/api'.
[2024-07-31T11:30:35.053+0900] {process_utils.py:191} INFO -   Resolved https://github.com/Jeonghoon2/movie.git to commit 514cfb45f6fa577ee07d4fa2076f9283780af81e
[2024-07-31T11:30:35.074+0900] {process_utils.py:191} INFO -   Installing build dependencies: started
[2024-07-31T11:30:35.998+0900] {process_utils.py:191} INFO -   Installing build dependencies: finished with status 'done'
[2024-07-31T11:30:35.999+0900] {process_utils.py:191} INFO -   Getting requirements to build wheel: started
[2024-07-31T11:30:36.122+0900] {process_utils.py:191} INFO -   Getting requirements to build wheel: finished with status 'done'
[2024-07-31T11:30:36.123+0900] {process_utils.py:191} INFO -   Preparing metadata (pyproject.toml): started
[2024-07-31T11:30:36.249+0900] {process_utils.py:191} INFO -   Preparing metadata (pyproject.toml): finished with status 'done'
[2024-07-31T11:30:36.327+0900] {process_utils.py:191} INFO - Collecting requests>=2.32.3 (from mov==0.1.0->-r /var/folders/qv/0knwm5h50ml0skpppwpbks_r0000gp/T/venv0pfc35lm/requirements.txt (line 1))
[2024-07-31T11:30:36.329+0900] {process_utils.py:191} INFO -   Using cached requests-2.32.3-py3-none-any.whl.metadata (4.6 kB)
[2024-07-31T11:30:36.400+0900] {process_utils.py:191} INFO - Collecting pandas>=2.2.2 (from mov==0.1.0->-r /var/folders/qv/0knwm5h50ml0skpppwpbks_r0000gp/T/venv0pfc35lm/requirements.txt (line 1))
[2024-07-31T11:30:36.401+0900] {process_utils.py:191} INFO -   Using cached pandas-2.2.2-cp311-cp311-macosx_11_0_arm64.whl.metadata (19 kB)
[2024-07-31T11:30:36.505+0900] {process_utils.py:191} INFO - Collecting numpy>=2.0.1 (from mov==0.1.0->-r /var/folders/qv/0knwm5h50ml0skpppwpbks_r0000gp/T/venv0pfc35lm/requirements.txt (line 1))
[2024-07-31T11:30:36.506+0900] {process_utils.py:191} INFO -   Using cached numpy-2.0.1-cp311-cp311-macosx_14_0_arm64.whl.metadata (60 kB)
[2024-07-31T11:30:36.559+0900] {process_utils.py:191} INFO - Collecting pyarrow>=17.0.0 (from mov==0.1.0->-r /var/folders/qv/0knwm5h50ml0skpppwpbks_r0000gp/T/venv0pfc35lm/requirements.txt (line 1))
[2024-07-31T11:30:36.560+0900] {process_utils.py:191} INFO -   Using cached pyarrow-17.0.0-cp311-cp311-macosx_11_0_arm64.whl.metadata (3.3 kB)
[2024-07-31T11:30:36.583+0900] {process_utils.py:191} INFO - Collecting python-dateutil>=2.8.2 (from pandas>=2.2.2->mov==0.1.0->-r /var/folders/qv/0knwm5h50ml0skpppwpbks_r0000gp/T/venv0pfc35lm/requirements.txt (line 1))
[2024-07-31T11:30:36.584+0900] {process_utils.py:191} INFO -   Using cached python_dateutil-2.9.0.post0-py2.py3-none-any.whl.metadata (8.4 kB)
[2024-07-31T11:30:36.628+0900] {process_utils.py:191} INFO - Collecting pytz>=2020.1 (from pandas>=2.2.2->mov==0.1.0->-r /var/folders/qv/0knwm5h50ml0skpppwpbks_r0000gp/T/venv0pfc35lm/requirements.txt (line 1))
[2024-07-31T11:30:36.629+0900] {process_utils.py:191} INFO -   Using cached pytz-2024.1-py2.py3-none-any.whl.metadata (22 kB)
[2024-07-31T11:30:36.647+0900] {process_utils.py:191} INFO - Collecting tzdata>=2022.7 (from pandas>=2.2.2->mov==0.1.0->-r /var/folders/qv/0knwm5h50ml0skpppwpbks_r0000gp/T/venv0pfc35lm/requirements.txt (line 1))
[2024-07-31T11:30:36.647+0900] {process_utils.py:191} INFO -   Using cached tzdata-2024.1-py2.py3-none-any.whl.metadata (1.4 kB)
[2024-07-31T11:30:36.699+0900] {process_utils.py:191} INFO - Collecting charset-normalizer<4,>=2 (from requests>=2.32.3->mov==0.1.0->-r /var/folders/qv/0knwm5h50ml0skpppwpbks_r0000gp/T/venv0pfc35lm/requirements.txt (line 1))
[2024-07-31T11:30:36.700+0900] {process_utils.py:191} INFO -   Using cached charset_normalizer-3.3.2-cp311-cp311-macosx_11_0_arm64.whl.metadata (33 kB)
[2024-07-31T11:30:36.720+0900] {process_utils.py:191} INFO - Collecting idna<4,>=2.5 (from requests>=2.32.3->mov==0.1.0->-r /var/folders/qv/0knwm5h50ml0skpppwpbks_r0000gp/T/venv0pfc35lm/requirements.txt (line 1))
[2024-07-31T11:30:36.721+0900] {process_utils.py:191} INFO -   Using cached idna-3.7-py3-none-any.whl.metadata (9.9 kB)
[2024-07-31T11:30:36.752+0900] {process_utils.py:191} INFO - Collecting urllib3<3,>=1.21.1 (from requests>=2.32.3->mov==0.1.0->-r /var/folders/qv/0knwm5h50ml0skpppwpbks_r0000gp/T/venv0pfc35lm/requirements.txt (line 1))
[2024-07-31T11:30:36.753+0900] {process_utils.py:191} INFO -   Using cached urllib3-2.2.2-py3-none-any.whl.metadata (6.4 kB)
[2024-07-31T11:30:36.785+0900] {process_utils.py:191} INFO - Collecting certifi>=2017.4.17 (from requests>=2.32.3->mov==0.1.0->-r /var/folders/qv/0knwm5h50ml0skpppwpbks_r0000gp/T/venv0pfc35lm/requirements.txt (line 1))
[2024-07-31T11:30:36.786+0900] {process_utils.py:191} INFO -   Using cached certifi-2024.7.4-py3-none-any.whl.metadata (2.2 kB)
[2024-07-31T11:30:36.802+0900] {process_utils.py:191} INFO - Collecting six>=1.5 (from python-dateutil>=2.8.2->pandas>=2.2.2->mov==0.1.0->-r /var/folders/qv/0knwm5h50ml0skpppwpbks_r0000gp/T/venv0pfc35lm/requirements.txt (line 1))
[2024-07-31T11:30:36.803+0900] {process_utils.py:191} INFO -   Using cached six-1.16.0-py2.py3-none-any.whl.metadata (1.8 kB)
[2024-07-31T11:30:36.807+0900] {process_utils.py:191} INFO - Using cached numpy-2.0.1-cp311-cp311-macosx_14_0_arm64.whl (5.3 MB)
[2024-07-31T11:30:36.813+0900] {process_utils.py:191} INFO - Using cached pandas-2.2.2-cp311-cp311-macosx_11_0_arm64.whl (11.3 MB)
[2024-07-31T11:30:36.825+0900] {process_utils.py:191} INFO - Using cached pyarrow-17.0.0-cp311-cp311-macosx_11_0_arm64.whl (27.2 MB)
[2024-07-31T11:30:36.852+0900] {process_utils.py:191} INFO - Using cached requests-2.32.3-py3-none-any.whl (64 kB)
[2024-07-31T11:30:36.853+0900] {process_utils.py:191} INFO - Using cached certifi-2024.7.4-py3-none-any.whl (162 kB)
[2024-07-31T11:30:36.854+0900] {process_utils.py:191} INFO - Using cached charset_normalizer-3.3.2-cp311-cp311-macosx_11_0_arm64.whl (118 kB)
[2024-07-31T11:30:36.855+0900] {process_utils.py:191} INFO - Using cached idna-3.7-py3-none-any.whl (66 kB)
[2024-07-31T11:30:36.856+0900] {process_utils.py:191} INFO - Using cached python_dateutil-2.9.0.post0-py2.py3-none-any.whl (229 kB)
[2024-07-31T11:30:36.857+0900] {process_utils.py:191} INFO - Using cached pytz-2024.1-py2.py3-none-any.whl (505 kB)
[2024-07-31T11:30:36.858+0900] {process_utils.py:191} INFO - Using cached tzdata-2024.1-py2.py3-none-any.whl (345 kB)
[2024-07-31T11:30:36.859+0900] {process_utils.py:191} INFO - Using cached urllib3-2.2.2-py3-none-any.whl (121 kB)
[2024-07-31T11:30:36.860+0900] {process_utils.py:191} INFO - Using cached six-1.16.0-py2.py3-none-any.whl (11 kB)
[2024-07-31T11:30:36.902+0900] {process_utils.py:191} INFO - Building wheels for collected packages: mov
[2024-07-31T11:30:36.919+0900] {process_utils.py:191} INFO -   Building wheel for mov (pyproject.toml): started
[2024-07-31T11:30:37.056+0900] {process_utils.py:191} INFO -   Building wheel for mov (pyproject.toml): finished with status 'done'
[2024-07-31T11:30:37.056+0900] {process_utils.py:191} INFO -   Created wheel for mov: filename=mov-0.1.0-py3-none-any.whl size=3017 sha256=7c96588588af11d16a30357d073d5b63f42f698c8a6bab31f42618acb9e7756d
[2024-07-31T11:30:37.057+0900] {process_utils.py:191} INFO -   Stored in directory: /private/var/folders/qv/0knwm5h50ml0skpppwpbks_r0000gp/T/pip-ephem-wheel-cache-7jwovleb/wheels/cf/ab/a7/d0c528d20fa8a5f19e169bdf1d98f2b2cefe79d8527bb89200
[2024-07-31T11:30:37.058+0900] {process_utils.py:191} INFO - Successfully built mov
[2024-07-31T11:30:37.085+0900] {process_utils.py:191} INFO - Installing collected packages: pytz, urllib3, tzdata, six, numpy, idna, charset-normalizer, certifi, requests, python-dateutil, pyarrow, pandas, mov
[2024-07-31T11:30:41.621+0900] {process_utils.py:191} INFO - Successfully installed certifi-2024.7.4 charset-normalizer-3.3.2 idna-3.7 mov-0.1.0 numpy-2.0.1 pandas-2.2.2 pyarrow-17.0.0 python-dateutil-2.9.0.post0 pytz-2024.1 requests-2.32.3 six-1.16.0 tzdata-2024.1 urllib3-2.2.2
[2024-07-31T11:30:41.624+0900] {process_utils.py:191} INFO - 
[2024-07-31T11:30:41.624+0900] {process_utils.py:191} INFO - [notice] A new release of pip is available: 24.1.2 -> 24.2
[2024-07-31T11:30:41.625+0900] {process_utils.py:191} INFO - [notice] To update, run: python -m pip install --upgrade pip
[2024-07-31T11:30:41.756+0900] {process_utils.py:183} INFO - Executing cmd: /var/folders/qv/0knwm5h50ml0skpppwpbks_r0000gp/T/venv0pfc35lm/bin/python /var/folders/qv/0knwm5h50ml0skpppwpbks_r0000gp/T/venv-callnaest9zi/script.py /var/folders/qv/0knwm5h50ml0skpppwpbks_r0000gp/T/venv-callnaest9zi/script.in /var/folders/qv/0knwm5h50ml0skpppwpbks_r0000gp/T/venv-callnaest9zi/script.out /var/folders/qv/0knwm5h50ml0skpppwpbks_r0000gp/T/venv-callnaest9zi/string_args.txt /var/folders/qv/0knwm5h50ml0skpppwpbks_r0000gp/T/venv-callnaest9zi/termination.log
[2024-07-31T11:30:41.758+0900] {process_utils.py:187} INFO - Output:
[2024-07-31T11:30:55.726+0900] {process_utils.py:191} INFO - *********************************
[2024-07-31T11:30:55.727+0900] {process_utils.py:191} INFO -    rnum  rank  rankInten rankOldAndNew  ... audiChange  audiAcc scrnCnt  showCnt
[2024-07-31T11:30:55.727+0900] {process_utils.py:191} INFO - 0     1     1          0           OLD  ...      -62.4  1178547    1784     7672
[2024-07-31T11:30:55.728+0900] {process_utils.py:191} INFO - 1     2     2          0           OLD  ...      -45.0   668465     998     3927
[2024-07-31T11:30:55.728+0900] {process_utils.py:191} INFO - 2     3     3          0           OLD  ...      -50.6  2322826     840     2337
[2024-07-31T11:30:55.728+0900] {process_utils.py:191} INFO - 3     4     4          0           OLD  ...      -35.8  8329273     701     1501
[2024-07-31T11:30:55.729+0900] {process_utils.py:191} INFO - 4     5     5          0           OLD  ...      -41.6   573145     562     1063
[2024-07-31T11:30:55.729+0900] {process_utils.py:191} INFO - 5     6     6          0           OLD  ...      -43.9  1730084     551      929
[2024-07-31T11:30:55.729+0900] {process_utils.py:191} INFO - 6     7     7          0           OLD  ...      -42.9   676696     320      455
[2024-07-31T11:30:55.730+0900] {process_utils.py:191} INFO - 7     8     8          0           OLD  ...      -68.9    51211      12       16
[2024-07-31T11:30:55.730+0900] {process_utils.py:191} INFO - 8     9     9          2           OLD  ...      -37.2    74333     118      149
[2024-07-31T11:30:55.730+0900] {process_utils.py:191} INFO - 9    10    10          0           OLD  ...      -42.5    67511      49       64
[2024-07-31T11:30:55.730+0900] {process_utils.py:191} INFO - 
[2024-07-31T11:30:55.731+0900] {process_utils.py:191} INFO - [10 rows x 18 columns]
[2024-07-31T11:30:55.731+0900] {process_utils.py:191} INFO - *********************************
[2024-07-31T11:30:55.731+0900] {process_utils.py:191} INFO - rnum               int64
[2024-07-31T11:30:55.731+0900] {process_utils.py:191} INFO - rank               int64
[2024-07-31T11:30:55.732+0900] {process_utils.py:191} INFO - rankInten          int64
[2024-07-31T11:30:55.732+0900] {process_utils.py:191} INFO - rankOldAndNew     object
[2024-07-31T11:30:55.732+0900] {process_utils.py:191} INFO - movieCd           object
[2024-07-31T11:30:55.732+0900] {process_utils.py:191} INFO - movieNm           object
[2024-07-31T11:30:55.733+0900] {process_utils.py:191} INFO - openDt            object
[2024-07-31T11:30:55.733+0900] {process_utils.py:191} INFO - salesAmt           int64
[2024-07-31T11:30:55.733+0900] {process_utils.py:191} INFO - salesShare       float64
[2024-07-31T11:30:55.733+0900] {process_utils.py:191} INFO - salesInten         int64
[2024-07-31T11:30:55.734+0900] {process_utils.py:191} INFO - salesChange      float64
[2024-07-31T11:30:55.734+0900] {process_utils.py:191} INFO - salesAcc          object
[2024-07-31T11:30:55.734+0900] {process_utils.py:191} INFO - audiCnt            int64
[2024-07-31T11:30:55.734+0900] {process_utils.py:191} INFO - audiInten          int64
[2024-07-31T11:30:55.735+0900] {process_utils.py:191} INFO - audiChange       float64
[2024-07-31T11:30:55.735+0900] {process_utils.py:191} INFO - audiAcc            int64
[2024-07-31T11:30:55.735+0900] {process_utils.py:191} INFO - scrnCnt            int64
[2024-07-31T11:30:55.735+0900] {process_utils.py:191} INFO - showCnt            int64
[2024-07-31T11:30:55.735+0900] {process_utils.py:191} INFO - dtype: object
[2024-07-31T11:30:55.736+0900] {process_utils.py:191} INFO - 개봉일 기준 그룹핑 누적 관객수 합
[2024-07-31T11:30:55.736+0900] {process_utils.py:191} INFO -        openDt  audiCnt
[2024-07-31T11:30:55.736+0900] {process_utils.py:191} INFO - 0  2024-06-12    37377
[2024-07-31T11:30:55.736+0900] {process_utils.py:191} INFO - 1  2024-06-26    13201
[2024-07-31T11:30:55.737+0900] {process_utils.py:191} INFO - 2  2024-07-03    42638
[2024-07-31T11:30:55.737+0900] {process_utils.py:191} INFO - 3  2024-07-10     1953
[2024-07-31T11:30:55.737+0900] {process_utils.py:191} INFO - 4  2024-07-12     4637
[2024-07-31T11:30:55.737+0900] {process_utils.py:191} INFO - 5  2024-07-17    15880
[2024-07-31T11:30:55.738+0900] {process_utils.py:191} INFO - 6  2024-07-24   172585
[2024-07-31T11:30:55.738+0900] {process_utils.py:191} INFO - 7  2024-07-31     2085
[2024-07-31T11:30:56.178+0900] {python.py:237} INFO - Done. Returned value was: None
[2024-07-31T11:30:56.178+0900] {taskinstance.py:441} INFO - ::group::Post task execution logs
[2024-07-31T11:30:56.182+0900] {taskinstance.py:1206} INFO - Marking task as SUCCESS. dag_id=movie, task_id=save.data, run_id=scheduled__2024-07-29T02:10:00+00:00, execution_date=20240729T021000, start_date=20240731T023031, end_date=20240731T023056
[2024-07-31T11:30:56.193+0900] {local_task_job_runner.py:243} INFO - Task exited with return code 0
[2024-07-31T11:30:56.198+0900] {taskinstance.py:3503} INFO - 0 downstream tasks scheduled from follow-on schedule check
[2024-07-31T11:30:56.198+0900] {local_task_job_runner.py:222} INFO - ::endgroup::
[2024-07-31T19:55:37.434+0900] {local_task_job_runner.py:120} INFO - ::group::Pre task execution logs
[2024-07-31T19:55:37.444+0900] {taskinstance.py:2076} INFO - Dependencies all met for dep_context=non-requeueable deps ti=<TaskInstance: movie.save.data scheduled__2024-07-29T02:10:00+00:00 [queued]>
[2024-07-31T19:55:37.448+0900] {taskinstance.py:2076} INFO - Dependencies all met for dep_context=requeueable deps ti=<TaskInstance: movie.save.data scheduled__2024-07-29T02:10:00+00:00 [queued]>
[2024-07-31T19:55:37.448+0900] {taskinstance.py:2306} INFO - Starting attempt 2 of 3
[2024-07-31T19:55:37.454+0900] {taskinstance.py:2330} INFO - Executing <Task(PythonVirtualenvOperator): save.data> on 2024-07-29 02:10:00+00:00
[2024-07-31T19:55:37.457+0900] {standard_task_runner.py:64} INFO - Started process 33593 to run task
[2024-07-31T19:55:37.460+0900] {standard_task_runner.py:90} INFO - Running: ['airflow', 'tasks', 'run', 'movie', 'save.data', 'scheduled__2024-07-29T02:10:00+00:00', '--job-id', '990', '--raw', '--subdir', 'DAGS_FOLDER/movie.py', '--cfg-path', '/var/folders/qv/0knwm5h50ml0skpppwpbks_r0000gp/T/tmph5nf85n7']
[2024-07-31T19:55:37.461+0900] {standard_task_runner.py:91} INFO - Job 990: Subtask save.data
[2024-07-31T19:55:37.476+0900] {task_command.py:426} INFO - Running <TaskInstance: movie.save.data scheduled__2024-07-29T02:10:00+00:00 [running]> on host jeongui-MacBookPro.local
[2024-07-31T19:55:37.497+0900] {taskinstance.py:2648} INFO - Exporting env vars: AIRFLOW_CTX_DAG_OWNER='airflow' AIRFLOW_CTX_DAG_ID='movie' AIRFLOW_CTX_TASK_ID='save.data' AIRFLOW_CTX_EXECUTION_DATE='2024-07-29T02:10:00+00:00' AIRFLOW_CTX_TRY_NUMBER='2' AIRFLOW_CTX_DAG_RUN_ID='scheduled__2024-07-29T02:10:00+00:00'
[2024-07-31T19:55:37.497+0900] {taskinstance.py:430} INFO - ::endgroup::
[2024-07-31T19:55:37.505+0900] {baseoperator.py:400} WARNING - PythonVirtualenvOperator.execute cannot be called outside TaskInstance!
[2024-07-31T19:55:37.505+0900] {process_utils.py:183} INFO - Executing cmd: /Users/DE32/.pyenv/versions/3.11.9/envs/note/bin/python -m virtualenv /var/folders/qv/0knwm5h50ml0skpppwpbks_r0000gp/T/venvdw3akic9 --python=python
[2024-07-31T19:55:37.507+0900] {process_utils.py:187} INFO - Output:
[2024-07-31T19:55:37.746+0900] {process_utils.py:191} INFO - created virtual environment CPython3.11.9.final.0-64 in 170ms
[2024-07-31T19:55:37.747+0900] {process_utils.py:191} INFO -   creator CPython3Posix(dest=/private/var/folders/qv/0knwm5h50ml0skpppwpbks_r0000gp/T/venvdw3akic9, clear=False, no_vcs_ignore=False, global=False)
[2024-07-31T19:55:37.747+0900] {process_utils.py:191} INFO -   seeder FromAppData(download=False, pip=bundle, setuptools=bundle, wheel=bundle, via=copy, app_data_dir=/Users/DE32/Library/Application Support/virtualenv)
[2024-07-31T19:55:37.747+0900] {process_utils.py:191} INFO -     added seed packages: pip==24.1.2, setuptools==70.2.0, wheel==0.43.0
[2024-07-31T19:55:37.747+0900] {process_utils.py:191} INFO -   activators BashActivator,CShellActivator,FishActivator,NushellActivator,PowerShellActivator,PythonActivator
[2024-07-31T19:55:37.757+0900] {process_utils.py:183} INFO - Executing cmd: /var/folders/qv/0knwm5h50ml0skpppwpbks_r0000gp/T/venvdw3akic9/bin/pip install -r /var/folders/qv/0knwm5h50ml0skpppwpbks_r0000gp/T/venvdw3akic9/requirements.txt
[2024-07-31T19:55:37.759+0900] {process_utils.py:187} INFO - Output:
[2024-07-31T19:55:38.481+0900] {process_utils.py:191} INFO - Collecting git+https://github.com/Jeonghoon2/movie.git@0.2/api (from -r /var/folders/qv/0knwm5h50ml0skpppwpbks_r0000gp/T/venvdw3akic9/requirements.txt (line 1))
[2024-07-31T19:55:38.481+0900] {process_utils.py:191} INFO -   Cloning https://github.com/Jeonghoon2/movie.git (to revision 0.2/api) to /private/var/folders/qv/0knwm5h50ml0skpppwpbks_r0000gp/T/pip-req-build-8c_kqu06
[2024-07-31T19:55:38.493+0900] {process_utils.py:191} INFO -   Running command git clone --filter=blob:none --quiet https://github.com/Jeonghoon2/movie.git /private/var/folders/qv/0knwm5h50ml0skpppwpbks_r0000gp/T/pip-req-build-8c_kqu06
[2024-07-31T19:55:39.972+0900] {process_utils.py:191} INFO -   Running command git checkout -b 0.2/api --track origin/0.2/api
[2024-07-31T19:55:40.556+0900] {process_utils.py:191} INFO -   Switched to a new branch '0.2/api'
[2024-07-31T19:55:40.557+0900] {process_utils.py:191} INFO -   branch '0.2/api' set up to track 'origin/0.2/api'.
[2024-07-31T19:55:40.557+0900] {process_utils.py:191} INFO -   Resolved https://github.com/Jeonghoon2/movie.git to commit c2fdd392ce95b386519b05b3bab786608cdb1c58
[2024-07-31T19:55:40.578+0900] {process_utils.py:191} INFO -   Installing build dependencies: started
[2024-07-31T19:55:41.472+0900] {process_utils.py:191} INFO -   Installing build dependencies: finished with status 'done'
[2024-07-31T19:55:41.472+0900] {process_utils.py:191} INFO -   Getting requirements to build wheel: started
[2024-07-31T19:55:41.596+0900] {process_utils.py:191} INFO -   Getting requirements to build wheel: finished with status 'done'
[2024-07-31T19:55:41.597+0900] {process_utils.py:191} INFO -   Preparing metadata (pyproject.toml): started
[2024-07-31T19:55:41.722+0900] {process_utils.py:191} INFO -   Preparing metadata (pyproject.toml): finished with status 'done'
[2024-07-31T19:55:41.778+0900] {process_utils.py:191} INFO - Collecting requests>=2.32.3 (from mov==0.1.0->-r /var/folders/qv/0knwm5h50ml0skpppwpbks_r0000gp/T/venvdw3akic9/requirements.txt (line 1))
[2024-07-31T19:55:41.779+0900] {process_utils.py:191} INFO -   Using cached requests-2.32.3-py3-none-any.whl.metadata (4.6 kB)
[2024-07-31T19:55:41.845+0900] {process_utils.py:191} INFO - Collecting pandas>=2.2.2 (from mov==0.1.0->-r /var/folders/qv/0knwm5h50ml0skpppwpbks_r0000gp/T/venvdw3akic9/requirements.txt (line 1))
[2024-07-31T19:55:41.846+0900] {process_utils.py:191} INFO -   Using cached pandas-2.2.2-cp311-cp311-macosx_11_0_arm64.whl.metadata (19 kB)
[2024-07-31T19:55:41.946+0900] {process_utils.py:191} INFO - Collecting numpy>=2.0.1 (from mov==0.1.0->-r /var/folders/qv/0knwm5h50ml0skpppwpbks_r0000gp/T/venvdw3akic9/requirements.txt (line 1))
[2024-07-31T19:55:41.948+0900] {process_utils.py:191} INFO -   Using cached numpy-2.0.1-cp311-cp311-macosx_14_0_arm64.whl.metadata (60 kB)
[2024-07-31T19:55:41.996+0900] {process_utils.py:191} INFO - Collecting pyarrow>=17.0.0 (from mov==0.1.0->-r /var/folders/qv/0knwm5h50ml0skpppwpbks_r0000gp/T/venvdw3akic9/requirements.txt (line 1))
[2024-07-31T19:55:41.997+0900] {process_utils.py:191} INFO -   Using cached pyarrow-17.0.0-cp311-cp311-macosx_11_0_arm64.whl.metadata (3.3 kB)
[2024-07-31T19:55:42.018+0900] {process_utils.py:191} INFO - Collecting python-dateutil>=2.8.2 (from pandas>=2.2.2->mov==0.1.0->-r /var/folders/qv/0knwm5h50ml0skpppwpbks_r0000gp/T/venvdw3akic9/requirements.txt (line 1))
[2024-07-31T19:55:42.019+0900] {process_utils.py:191} INFO -   Using cached python_dateutil-2.9.0.post0-py2.py3-none-any.whl.metadata (8.4 kB)
[2024-07-31T19:55:42.047+0900] {process_utils.py:191} INFO - Collecting pytz>=2020.1 (from pandas>=2.2.2->mov==0.1.0->-r /var/folders/qv/0knwm5h50ml0skpppwpbks_r0000gp/T/venvdw3akic9/requirements.txt (line 1))
[2024-07-31T19:55:42.048+0900] {process_utils.py:191} INFO -   Using cached pytz-2024.1-py2.py3-none-any.whl.metadata (22 kB)
[2024-07-31T19:55:42.063+0900] {process_utils.py:191} INFO - Collecting tzdata>=2022.7 (from pandas>=2.2.2->mov==0.1.0->-r /var/folders/qv/0knwm5h50ml0skpppwpbks_r0000gp/T/venvdw3akic9/requirements.txt (line 1))
[2024-07-31T19:55:42.064+0900] {process_utils.py:191} INFO -   Using cached tzdata-2024.1-py2.py3-none-any.whl.metadata (1.4 kB)
[2024-07-31T19:55:42.107+0900] {process_utils.py:191} INFO - Collecting charset-normalizer<4,>=2 (from requests>=2.32.3->mov==0.1.0->-r /var/folders/qv/0knwm5h50ml0skpppwpbks_r0000gp/T/venvdw3akic9/requirements.txt (line 1))
[2024-07-31T19:55:42.108+0900] {process_utils.py:191} INFO -   Using cached charset_normalizer-3.3.2-cp311-cp311-macosx_11_0_arm64.whl.metadata (33 kB)
[2024-07-31T19:55:42.122+0900] {process_utils.py:191} INFO - Collecting idna<4,>=2.5 (from requests>=2.32.3->mov==0.1.0->-r /var/folders/qv/0knwm5h50ml0skpppwpbks_r0000gp/T/venvdw3akic9/requirements.txt (line 1))
[2024-07-31T19:55:42.123+0900] {process_utils.py:191} INFO -   Using cached idna-3.7-py3-none-any.whl.metadata (9.9 kB)
[2024-07-31T19:55:42.150+0900] {process_utils.py:191} INFO - Collecting urllib3<3,>=1.21.1 (from requests>=2.32.3->mov==0.1.0->-r /var/folders/qv/0knwm5h50ml0skpppwpbks_r0000gp/T/venvdw3akic9/requirements.txt (line 1))
[2024-07-31T19:55:42.151+0900] {process_utils.py:191} INFO -   Using cached urllib3-2.2.2-py3-none-any.whl.metadata (6.4 kB)
[2024-07-31T19:55:42.167+0900] {process_utils.py:191} INFO - Collecting certifi>=2017.4.17 (from requests>=2.32.3->mov==0.1.0->-r /var/folders/qv/0knwm5h50ml0skpppwpbks_r0000gp/T/venvdw3akic9/requirements.txt (line 1))
[2024-07-31T19:55:42.168+0900] {process_utils.py:191} INFO -   Using cached certifi-2024.7.4-py3-none-any.whl.metadata (2.2 kB)
[2024-07-31T19:55:42.193+0900] {process_utils.py:191} INFO - Collecting six>=1.5 (from python-dateutil>=2.8.2->pandas>=2.2.2->mov==0.1.0->-r /var/folders/qv/0knwm5h50ml0skpppwpbks_r0000gp/T/venvdw3akic9/requirements.txt (line 1))
[2024-07-31T19:55:42.194+0900] {process_utils.py:191} INFO -   Using cached six-1.16.0-py2.py3-none-any.whl.metadata (1.8 kB)
[2024-07-31T19:55:42.197+0900] {process_utils.py:191} INFO - Using cached numpy-2.0.1-cp311-cp311-macosx_14_0_arm64.whl (5.3 MB)
[2024-07-31T19:55:42.205+0900] {process_utils.py:191} INFO - Using cached pandas-2.2.2-cp311-cp311-macosx_11_0_arm64.whl (11.3 MB)
[2024-07-31T19:55:42.221+0900] {process_utils.py:191} INFO - Using cached pyarrow-17.0.0-cp311-cp311-macosx_11_0_arm64.whl (27.2 MB)
[2024-07-31T19:55:42.254+0900] {process_utils.py:191} INFO - Using cached requests-2.32.3-py3-none-any.whl (64 kB)
[2024-07-31T19:55:42.257+0900] {process_utils.py:191} INFO - Using cached certifi-2024.7.4-py3-none-any.whl (162 kB)
[2024-07-31T19:55:42.259+0900] {process_utils.py:191} INFO - Using cached charset_normalizer-3.3.2-cp311-cp311-macosx_11_0_arm64.whl (118 kB)
[2024-07-31T19:55:42.261+0900] {process_utils.py:191} INFO - Using cached idna-3.7-py3-none-any.whl (66 kB)
[2024-07-31T19:55:42.262+0900] {process_utils.py:191} INFO - Using cached python_dateutil-2.9.0.post0-py2.py3-none-any.whl (229 kB)
[2024-07-31T19:55:42.265+0900] {process_utils.py:191} INFO - Using cached pytz-2024.1-py2.py3-none-any.whl (505 kB)
[2024-07-31T19:55:42.267+0900] {process_utils.py:191} INFO - Using cached tzdata-2024.1-py2.py3-none-any.whl (345 kB)
[2024-07-31T19:55:42.270+0900] {process_utils.py:191} INFO - Using cached urllib3-2.2.2-py3-none-any.whl (121 kB)
[2024-07-31T19:55:42.272+0900] {process_utils.py:191} INFO - Using cached six-1.16.0-py2.py3-none-any.whl (11 kB)
[2024-07-31T19:55:42.314+0900] {process_utils.py:191} INFO - Building wheels for collected packages: mov
[2024-07-31T19:55:42.327+0900] {process_utils.py:191} INFO -   Building wheel for mov (pyproject.toml): started
[2024-07-31T19:55:42.461+0900] {process_utils.py:191} INFO -   Building wheel for mov (pyproject.toml): finished with status 'done'
[2024-07-31T19:55:42.462+0900] {process_utils.py:191} INFO -   Created wheel for mov: filename=mov-0.1.0-py3-none-any.whl size=3056 sha256=9465d9aad874b0e712528e08c98cba7f183ba8829b5e8430e42e14f11a1f340e
[2024-07-31T19:55:42.462+0900] {process_utils.py:191} INFO -   Stored in directory: /private/var/folders/qv/0knwm5h50ml0skpppwpbks_r0000gp/T/pip-ephem-wheel-cache-v39fyxns/wheels/cf/ab/a7/d0c528d20fa8a5f19e169bdf1d98f2b2cefe79d8527bb89200
[2024-07-31T19:55:42.464+0900] {process_utils.py:191} INFO - Successfully built mov
[2024-07-31T19:55:42.492+0900] {process_utils.py:191} INFO - Installing collected packages: pytz, urllib3, tzdata, six, numpy, idna, charset-normalizer, certifi, requests, python-dateutil, pyarrow, pandas, mov
[2024-07-31T19:55:46.956+0900] {process_utils.py:191} INFO - Successfully installed certifi-2024.7.4 charset-normalizer-3.3.2 idna-3.7 mov-0.1.0 numpy-2.0.1 pandas-2.2.2 pyarrow-17.0.0 python-dateutil-2.9.0.post0 pytz-2024.1 requests-2.32.3 six-1.16.0 tzdata-2024.1 urllib3-2.2.2
[2024-07-31T19:55:46.960+0900] {process_utils.py:191} INFO - 
[2024-07-31T19:55:46.960+0900] {process_utils.py:191} INFO - [notice] A new release of pip is available: 24.1.2 -> 24.2
[2024-07-31T19:55:46.960+0900] {process_utils.py:191} INFO - [notice] To update, run: python -m pip install --upgrade pip
[2024-07-31T19:55:47.095+0900] {process_utils.py:183} INFO - Executing cmd: /var/folders/qv/0knwm5h50ml0skpppwpbks_r0000gp/T/venvdw3akic9/bin/python /var/folders/qv/0knwm5h50ml0skpppwpbks_r0000gp/T/venv-calluj7q_abs/script.py /var/folders/qv/0knwm5h50ml0skpppwpbks_r0000gp/T/venv-calluj7q_abs/script.in /var/folders/qv/0knwm5h50ml0skpppwpbks_r0000gp/T/venv-calluj7q_abs/script.out /var/folders/qv/0knwm5h50ml0skpppwpbks_r0000gp/T/venv-calluj7q_abs/string_args.txt /var/folders/qv/0knwm5h50ml0skpppwpbks_r0000gp/T/venv-calluj7q_abs/termination.log
[2024-07-31T19:55:47.097+0900] {process_utils.py:187} INFO - Output:
[2024-07-31T19:56:00.204+0900] {process_utils.py:191} INFO - *********************************
[2024-07-31T19:56:00.205+0900] {process_utils.py:191} INFO -    rnum  rank  rankInten  ... showCnt multiMovieYn repNationCd
[2024-07-31T19:56:00.205+0900] {process_utils.py:191} INFO - 0     1     1          0  ...    7672          NaN         NaN
[2024-07-31T19:56:00.206+0900] {process_utils.py:191} INFO - 1     2     2          0  ...    3927          NaN         NaN
[2024-07-31T19:56:00.206+0900] {process_utils.py:191} INFO - 2     3     3          0  ...    2337          NaN         NaN
[2024-07-31T19:56:00.206+0900] {process_utils.py:191} INFO - 3     4     4          0  ...    1501          NaN         NaN
[2024-07-31T19:56:00.207+0900] {process_utils.py:191} INFO - 4     5     5          0  ...    1063          NaN         NaN
[2024-07-31T19:56:00.207+0900] {process_utils.py:191} INFO - 5     6     6          0  ...     929          NaN         NaN
[2024-07-31T19:56:00.207+0900] {process_utils.py:191} INFO - 6     7     7          0  ...     455          NaN         NaN
[2024-07-31T19:56:00.208+0900] {process_utils.py:191} INFO - 7     8     8          0  ...      16          NaN         NaN
[2024-07-31T19:56:00.208+0900] {process_utils.py:191} INFO - 8     9     9          2  ...     149          NaN         NaN
[2024-07-31T19:56:00.208+0900] {process_utils.py:191} INFO - 9    10    10          0  ...      64          NaN         NaN
[2024-07-31T19:56:00.209+0900] {process_utils.py:191} INFO - 
[2024-07-31T19:56:00.209+0900] {process_utils.py:191} INFO - [10 rows x 20 columns]
[2024-07-31T19:56:00.209+0900] {process_utils.py:191} INFO - *********************************
[2024-07-31T19:56:00.209+0900] {process_utils.py:191} INFO - rnum                int64
[2024-07-31T19:56:00.210+0900] {process_utils.py:191} INFO - rank                int64
[2024-07-31T19:56:00.210+0900] {process_utils.py:191} INFO - rankInten           int64
[2024-07-31T19:56:00.210+0900] {process_utils.py:191} INFO - rankOldAndNew      object
[2024-07-31T19:56:00.211+0900] {process_utils.py:191} INFO - movieCd            object
[2024-07-31T19:56:00.211+0900] {process_utils.py:191} INFO - movieNm            object
[2024-07-31T19:56:00.211+0900] {process_utils.py:191} INFO - openDt             object
[2024-07-31T19:56:00.211+0900] {process_utils.py:191} INFO - salesAmt            int64
[2024-07-31T19:56:00.212+0900] {process_utils.py:191} INFO - salesShare        float64
[2024-07-31T19:56:00.212+0900] {process_utils.py:191} INFO - salesInten          int64
[2024-07-31T19:56:00.212+0900] {process_utils.py:191} INFO - salesChange       float64
[2024-07-31T19:56:00.213+0900] {process_utils.py:191} INFO - salesAcc           object
[2024-07-31T19:56:00.213+0900] {process_utils.py:191} INFO - audiCnt             int64
[2024-07-31T19:56:00.213+0900] {process_utils.py:191} INFO - audiInten           int64
[2024-07-31T19:56:00.213+0900] {process_utils.py:191} INFO - audiChange        float64
[2024-07-31T19:56:00.213+0900] {process_utils.py:191} INFO - audiAcc             int64
[2024-07-31T19:56:00.214+0900] {process_utils.py:191} INFO - scrnCnt             int64
[2024-07-31T19:56:00.214+0900] {process_utils.py:191} INFO - showCnt             int64
[2024-07-31T19:56:00.214+0900] {process_utils.py:191} INFO - multiMovieYn     category
[2024-07-31T19:56:00.214+0900] {process_utils.py:191} INFO - repNationCd      category
[2024-07-31T19:56:00.215+0900] {process_utils.py:191} INFO - dtype: object
[2024-07-31T19:56:00.215+0900] {process_utils.py:191} INFO - 개봉일 기준 그룹핑 누적 관객수 합
[2024-07-31T19:56:00.215+0900] {process_utils.py:191} INFO -         openDt  audiCnt
[2024-07-31T19:56:00.215+0900] {process_utils.py:191} INFO - 0   1996-03-30     1356
[2024-07-31T19:56:00.216+0900] {process_utils.py:191} INFO - 1   2014-07-24     1002
[2024-07-31T19:56:00.216+0900] {process_utils.py:191} INFO - 2   2019-06-20      165
[2024-07-31T19:56:00.216+0900] {process_utils.py:191} INFO - 3   2022-07-06      141
[2024-07-31T19:56:00.216+0900] {process_utils.py:191} INFO - 4   2024-06-05      710
[2024-07-31T19:56:00.217+0900] {process_utils.py:191} INFO - 5   2024-06-12   112131
[2024-07-31T19:56:00.217+0900] {process_utils.py:191} INFO - 6   2024-06-19      243
[2024-07-31T19:56:00.217+0900] {process_utils.py:191} INFO - 7   2024-06-21     3130
[2024-07-31T19:56:00.217+0900] {process_utils.py:191} INFO - 8   2024-06-26    39603
[2024-07-31T19:56:00.217+0900] {process_utils.py:191} INFO - 9   2024-07-03   127914
[2024-07-31T19:56:00.218+0900] {process_utils.py:191} INFO - 10  2024-07-10     6178
[2024-07-31T19:56:00.218+0900] {process_utils.py:191} INFO - 11  2024-07-11      761
[2024-07-31T19:56:00.218+0900] {process_utils.py:191} INFO - 12  2024-07-12    13911
[2024-07-31T19:56:00.218+0900] {process_utils.py:191} INFO - 13  2024-07-17    47758
[2024-07-31T19:56:00.219+0900] {process_utils.py:191} INFO - 14  2024-07-18      715
[2024-07-31T19:56:00.219+0900] {process_utils.py:191} INFO - 15  2024-07-24   518011
[2024-07-31T19:56:00.219+0900] {process_utils.py:191} INFO - 16  2024-07-31     7430
[2024-07-31T19:56:00.666+0900] {python.py:237} INFO - Done. Returned value was: None
[2024-07-31T19:56:00.666+0900] {taskinstance.py:441} INFO - ::group::Post task execution logs
[2024-07-31T19:56:00.670+0900] {taskinstance.py:1206} INFO - Marking task as SUCCESS. dag_id=movie, task_id=save.data, run_id=scheduled__2024-07-29T02:10:00+00:00, execution_date=20240729T021000, start_date=20240731T105537, end_date=20240731T105600
[2024-07-31T19:56:00.676+0900] {local_task_job_runner.py:243} INFO - Task exited with return code 0
[2024-07-31T19:56:00.681+0900] {taskinstance.py:3503} INFO - 0 downstream tasks scheduled from follow-on schedule check
[2024-07-31T19:56:00.681+0900] {local_task_job_runner.py:222} INFO - ::endgroup::
