[2024-07-24T12:43:12.348+0900] {local_task_job_runner.py:120} INFO - ::group::Pre task execution logs
[2024-07-24T12:43:12.357+0900] {taskinstance.py:2076} INFO - Dependencies all met for dep_context=non-requeueable deps ti=<TaskInstance: simple_bash.print.date scheduled__2024-07-12T00:00:00+00:00 [queued]>
[2024-07-24T12:43:12.359+0900] {taskinstance.py:2076} INFO - Dependencies all met for dep_context=requeueable deps ti=<TaskInstance: simple_bash.print.date scheduled__2024-07-12T00:00:00+00:00 [queued]>
[2024-07-24T12:43:12.359+0900] {taskinstance.py:2306} INFO - Starting attempt 1 of 6
[2024-07-24T12:43:12.363+0900] {taskinstance.py:2330} INFO - Executing <Task(BashOperator): print.date> on 2024-07-12 00:00:00+00:00
[2024-07-24T12:43:12.366+0900] {standard_task_runner.py:64} INFO - Started process 88641 to run task
[2024-07-24T12:43:12.369+0900] {standard_task_runner.py:90} INFO - Running: ['airflow', 'tasks', 'run', 'simple_bash', 'print.date', 'scheduled__2024-07-12T00:00:00+00:00', '--job-id', '8', '--raw', '--subdir', 'DAGS_FOLDER/simple_bash.py', '--cfg-path', '/var/folders/qv/0knwm5h50ml0skpppwpbks_r0000gp/T/tmpn83i6wvs']
[2024-07-24T12:43:12.371+0900] {standard_task_runner.py:91} INFO - Job 8: Subtask print.date
[2024-07-24T12:43:12.385+0900] {task_command.py:426} INFO - Running <TaskInstance: simple_bash.print.date scheduled__2024-07-12T00:00:00+00:00 [running]> on host jeongui-MacBookPro.local
[2024-07-24T12:43:12.401+0900] {logging_mixin.py:188} WARNING - /Users/DE32/.pyenv/versions/3.11.9/envs/note/lib/python3.11/site-packages/airflow/utils/context.py:212 AirflowContextDeprecationWarning: Accessing 'execution_date' from the template is deprecated and will be removed in a future version. Please use 'data_interval_start' or 'logical_date' instead.
[2024-07-24T12:43:12.401+0900] {logging_mixin.py:188} WARNING - /Users/DE32/.pyenv/versions/3.11.9/envs/note/lib/python3.11/site-packages/airflow/utils/context.py:212 AirflowContextDeprecationWarning: Accessing 'next_execution_date' from the template is deprecated and will be removed in a future version. Please use 'data_interval_end' instead.
[2024-07-24T12:43:12.402+0900] {logging_mixin.py:188} WARNING - /Users/DE32/.pyenv/versions/3.11.9/envs/note/lib/python3.11/site-packages/airflow/utils/context.py:212 AirflowContextDeprecationWarning: Accessing 'prev_execution_date' from the template is deprecated and will be removed in a future version.
[2024-07-24T12:43:12.409+0900] {taskinstance.py:2648} INFO - Exporting env vars: AIRFLOW_CTX_DAG_OWNER='airflow' AIRFLOW_CTX_DAG_ID='simple_bash' AIRFLOW_CTX_TASK_ID='print.date' AIRFLOW_CTX_EXECUTION_DATE='2024-07-12T00:00:00+00:00' AIRFLOW_CTX_TRY_NUMBER='1' AIRFLOW_CTX_DAG_RUN_ID='scheduled__2024-07-12T00:00:00+00:00'
[2024-07-24T12:43:12.410+0900] {taskinstance.py:430} INFO - ::endgroup::
[2024-07-24T12:43:12.416+0900] {subprocess.py:63} INFO - Tmp dir root location: /var/folders/qv/0knwm5h50ml0skpppwpbks_r0000gp/T
[2024-07-24T12:43:12.416+0900] {subprocess.py:75} INFO - Running command: ['/bin/bash', '-c', '\n            echo "date => `date`"\n            echo "ds => 2024-07-12"\n            echo "ds_nodash => 20240712"\n            echo "logical_date => 2024-07-12 00:00:00+00:00"\n            echo "logical_date => 2024-07-12 00:00:00"\n            echo "execution_date => 2024-07-12 00:00:00+00:00"\n            echo "execution_date => 2024-07-12 00:00:00"\n            echo "next_execution_date => 2024-07-13 00:00:00"\n            echo "prev_execution_date => 2024-07-11 00:00:00"\n            echo "ts => 2024-07-12T00:00:00+00:00"\n        ']
[2024-07-24T12:43:12.419+0900] {subprocess.py:86} INFO - Output:
[2024-07-24T12:43:12.422+0900] {subprocess.py:93} INFO - date => 2024년 7월 24일 수요일 12시 43분 12초 KST
[2024-07-24T12:43:12.423+0900] {subprocess.py:93} INFO - ds => 2024-07-12
[2024-07-24T12:43:12.423+0900] {subprocess.py:93} INFO - ds_nodash => 20240712
[2024-07-24T12:43:12.423+0900] {subprocess.py:93} INFO - logical_date => 2024-07-12 00:00:00+00:00
[2024-07-24T12:43:12.423+0900] {subprocess.py:93} INFO - logical_date => 2024-07-12 00:00:00
[2024-07-24T12:43:12.423+0900] {subprocess.py:93} INFO - execution_date => 2024-07-12 00:00:00+00:00
[2024-07-24T12:43:12.423+0900] {subprocess.py:93} INFO - execution_date => 2024-07-12 00:00:00
[2024-07-24T12:43:12.424+0900] {subprocess.py:93} INFO - next_execution_date => 2024-07-13 00:00:00
[2024-07-24T12:43:12.424+0900] {subprocess.py:93} INFO - prev_execution_date => 2024-07-11 00:00:00
[2024-07-24T12:43:12.424+0900] {subprocess.py:93} INFO - ts => 2024-07-12T00:00:00+00:00
[2024-07-24T12:43:12.424+0900] {subprocess.py:97} INFO - Command exited with return code 0
[2024-07-24T12:43:12.424+0900] {taskinstance.py:441} INFO - ::group::Post task execution logs
[2024-07-24T12:43:12.431+0900] {taskinstance.py:1206} INFO - Marking task as SUCCESS. dag_id=simple_bash, task_id=print.date, run_id=scheduled__2024-07-12T00:00:00+00:00, execution_date=20240712T000000, start_date=20240724T034312, end_date=20240724T034312
[2024-07-24T12:43:12.475+0900] {local_task_job_runner.py:243} INFO - Task exited with return code 0
[2024-07-24T12:43:12.484+0900] {taskinstance.py:3503} INFO - 1 downstream tasks scheduled from follow-on schedule check
[2024-07-24T12:43:12.484+0900] {local_task_job_runner.py:222} INFO - ::endgroup::
[2024-07-24T14:06:32.516+0900] {local_task_job_runner.py:120} INFO - ::group::Pre task execution logs
[2024-07-24T14:06:32.523+0900] {taskinstance.py:2076} INFO - Dependencies all met for dep_context=non-requeueable deps ti=<TaskInstance: simple_bash.print.date scheduled__2024-07-12T00:00:00+00:00 [queued]>
[2024-07-24T14:06:32.525+0900] {taskinstance.py:2076} INFO - Dependencies all met for dep_context=requeueable deps ti=<TaskInstance: simple_bash.print.date scheduled__2024-07-12T00:00:00+00:00 [queued]>
[2024-07-24T14:06:32.525+0900] {taskinstance.py:2306} INFO - Starting attempt 1 of 2
[2024-07-24T14:06:32.529+0900] {taskinstance.py:2330} INFO - Executing <Task(BashOperator): print.date> on 2024-07-12 00:00:00+00:00
[2024-07-24T14:06:32.531+0900] {standard_task_runner.py:64} INFO - Started process 89317 to run task
[2024-07-24T14:06:32.534+0900] {standard_task_runner.py:90} INFO - Running: ['airflow', 'tasks', 'run', 'simple_bash', 'print.date', 'scheduled__2024-07-12T00:00:00+00:00', '--job-id', '5', '--raw', '--subdir', 'DAGS_FOLDER/simple_bash.py', '--cfg-path', '/var/folders/qv/0knwm5h50ml0skpppwpbks_r0000gp/T/tmp_pwpeofm']
[2024-07-24T14:06:32.535+0900] {standard_task_runner.py:91} INFO - Job 5: Subtask print.date
[2024-07-24T14:06:32.549+0900] {task_command.py:426} INFO - Running <TaskInstance: simple_bash.print.date scheduled__2024-07-12T00:00:00+00:00 [running]> on host jeongui-MacBookPro.local
[2024-07-24T14:06:32.565+0900] {logging_mixin.py:188} WARNING - /Users/DE32/.pyenv/versions/3.11.9/envs/note/lib/python3.11/site-packages/airflow/utils/context.py:212 AirflowContextDeprecationWarning: Accessing 'execution_date' from the template is deprecated and will be removed in a future version. Please use 'data_interval_start' or 'logical_date' instead.
[2024-07-24T14:06:32.566+0900] {logging_mixin.py:188} WARNING - /Users/DE32/.pyenv/versions/3.11.9/envs/note/lib/python3.11/site-packages/airflow/utils/context.py:212 AirflowContextDeprecationWarning: Accessing 'next_execution_date' from the template is deprecated and will be removed in a future version. Please use 'data_interval_end' instead.
[2024-07-24T14:06:32.566+0900] {logging_mixin.py:188} WARNING - /Users/DE32/.pyenv/versions/3.11.9/envs/note/lib/python3.11/site-packages/airflow/utils/context.py:212 AirflowContextDeprecationWarning: Accessing 'prev_execution_date' from the template is deprecated and will be removed in a future version.
[2024-07-24T14:06:32.574+0900] {taskinstance.py:2648} INFO - Exporting env vars: AIRFLOW_CTX_DAG_OWNER='airflow' AIRFLOW_CTX_DAG_ID='simple_bash' AIRFLOW_CTX_TASK_ID='print.date' AIRFLOW_CTX_EXECUTION_DATE='2024-07-12T00:00:00+00:00' AIRFLOW_CTX_TRY_NUMBER='1' AIRFLOW_CTX_DAG_RUN_ID='scheduled__2024-07-12T00:00:00+00:00'
[2024-07-24T14:06:32.574+0900] {taskinstance.py:430} INFO - ::endgroup::
[2024-07-24T14:06:32.582+0900] {subprocess.py:63} INFO - Tmp dir root location: /var/folders/qv/0knwm5h50ml0skpppwpbks_r0000gp/T
[2024-07-24T14:06:32.583+0900] {subprocess.py:75} INFO - Running command: ['/bin/bash', '-c', '\n            echo "date => `date`"\n            echo "ds => 2024-07-12"\n            echo "ds_nodash => 20240712"\n            echo "logical_date => 2024-07-12 00:00:00+00:00"\n            echo "logical_date => 2024-07-12 00:00:00"\n            echo "execution_date => 2024-07-12 00:00:00+00:00"\n            echo "execution_date => 2024-07-12 00:00:00"\n            echo "next_execution_date => 2024-07-13 00:00:00"\n            echo "prev_execution_date => 2024-07-11 00:00:00"\n            echo "ts => 2024-07-12T00:00:00+00:00"\n        ']
[2024-07-24T14:06:32.585+0900] {subprocess.py:86} INFO - Output:
[2024-07-24T14:06:32.592+0900] {subprocess.py:93} INFO - date => 2024년 7월 24일 수요일 14시 06분 32초 KST
[2024-07-24T14:06:32.592+0900] {subprocess.py:93} INFO - ds => 2024-07-12
[2024-07-24T14:06:32.592+0900] {subprocess.py:93} INFO - ds_nodash => 20240712
[2024-07-24T14:06:32.592+0900] {subprocess.py:93} INFO - logical_date => 2024-07-12 00:00:00+00:00
[2024-07-24T14:06:32.592+0900] {subprocess.py:93} INFO - logical_date => 2024-07-12 00:00:00
[2024-07-24T14:06:32.593+0900] {subprocess.py:93} INFO - execution_date => 2024-07-12 00:00:00+00:00
[2024-07-24T14:06:32.593+0900] {subprocess.py:93} INFO - execution_date => 2024-07-12 00:00:00
[2024-07-24T14:06:32.593+0900] {subprocess.py:93} INFO - next_execution_date => 2024-07-13 00:00:00
[2024-07-24T14:06:32.593+0900] {subprocess.py:93} INFO - prev_execution_date => 2024-07-11 00:00:00
[2024-07-24T14:06:32.593+0900] {subprocess.py:93} INFO - ts => 2024-07-12T00:00:00+00:00
[2024-07-24T14:06:32.593+0900] {subprocess.py:97} INFO - Command exited with return code 0
[2024-07-24T14:06:32.594+0900] {taskinstance.py:441} INFO - ::group::Post task execution logs
[2024-07-24T14:06:32.599+0900] {taskinstance.py:1206} INFO - Marking task as SUCCESS. dag_id=simple_bash, task_id=print.date, run_id=scheduled__2024-07-12T00:00:00+00:00, execution_date=20240712T000000, start_date=20240724T050632, end_date=20240724T050632
[2024-07-24T14:06:32.638+0900] {local_task_job_runner.py:243} INFO - Task exited with return code 0
[2024-07-24T14:06:32.647+0900] {taskinstance.py:3503} INFO - 1 downstream tasks scheduled from follow-on schedule check
[2024-07-24T14:06:32.648+0900] {local_task_job_runner.py:222} INFO - ::endgroup::
[2024-07-24T14:18:44.543+0900] {local_task_job_runner.py:120} INFO - ::group::Pre task execution logs
[2024-07-24T14:18:44.550+0900] {taskinstance.py:2076} INFO - Dependencies all met for dep_context=non-requeueable deps ti=<TaskInstance: simple_bash.print.date scheduled__2024-07-12T00:00:00+00:00 [queued]>
[2024-07-24T14:18:44.552+0900] {taskinstance.py:2076} INFO - Dependencies all met for dep_context=requeueable deps ti=<TaskInstance: simple_bash.print.date scheduled__2024-07-12T00:00:00+00:00 [queued]>
[2024-07-24T14:18:44.552+0900] {taskinstance.py:2306} INFO - Starting attempt 1 of 1
[2024-07-24T14:18:44.556+0900] {taskinstance.py:2330} INFO - Executing <Task(BashOperator): print.date> on 2024-07-12 00:00:00+00:00
[2024-07-24T14:18:44.558+0900] {standard_task_runner.py:64} INFO - Started process 90566 to run task
[2024-07-24T14:18:44.561+0900] {standard_task_runner.py:90} INFO - Running: ['airflow', 'tasks', 'run', 'simple_bash', 'print.date', 'scheduled__2024-07-12T00:00:00+00:00', '--job-id', '101', '--raw', '--subdir', 'DAGS_FOLDER/simple_bash.py', '--cfg-path', '/var/folders/qv/0knwm5h50ml0skpppwpbks_r0000gp/T/tmp5zizt624']
[2024-07-24T14:18:44.562+0900] {standard_task_runner.py:91} INFO - Job 101: Subtask print.date
[2024-07-24T14:18:44.575+0900] {task_command.py:426} INFO - Running <TaskInstance: simple_bash.print.date scheduled__2024-07-12T00:00:00+00:00 [running]> on host jeongui-MacBookPro.local
[2024-07-24T14:18:44.591+0900] {logging_mixin.py:188} WARNING - /Users/DE32/.pyenv/versions/3.11.9/envs/note/lib/python3.11/site-packages/airflow/utils/context.py:212 AirflowContextDeprecationWarning: Accessing 'execution_date' from the template is deprecated and will be removed in a future version. Please use 'data_interval_start' or 'logical_date' instead.
[2024-07-24T14:18:44.592+0900] {logging_mixin.py:188} WARNING - /Users/DE32/.pyenv/versions/3.11.9/envs/note/lib/python3.11/site-packages/airflow/utils/context.py:212 AirflowContextDeprecationWarning: Accessing 'next_execution_date' from the template is deprecated and will be removed in a future version. Please use 'data_interval_end' instead.
[2024-07-24T14:18:44.592+0900] {logging_mixin.py:188} WARNING - /Users/DE32/.pyenv/versions/3.11.9/envs/note/lib/python3.11/site-packages/airflow/utils/context.py:212 AirflowContextDeprecationWarning: Accessing 'prev_execution_date' from the template is deprecated and will be removed in a future version.
[2024-07-24T14:18:44.600+0900] {taskinstance.py:2648} INFO - Exporting env vars: AIRFLOW_CTX_DAG_OWNER='airflow' AIRFLOW_CTX_DAG_ID='simple_bash' AIRFLOW_CTX_TASK_ID='print.date' AIRFLOW_CTX_EXECUTION_DATE='2024-07-12T00:00:00+00:00' AIRFLOW_CTX_TRY_NUMBER='1' AIRFLOW_CTX_DAG_RUN_ID='scheduled__2024-07-12T00:00:00+00:00'
[2024-07-24T14:18:44.600+0900] {taskinstance.py:430} INFO - ::endgroup::
[2024-07-24T14:18:44.608+0900] {subprocess.py:63} INFO - Tmp dir root location: /var/folders/qv/0knwm5h50ml0skpppwpbks_r0000gp/T
[2024-07-24T14:18:44.608+0900] {subprocess.py:75} INFO - Running command: ['/bin/bash', '-c', '\n            echo "date => `date`"\n            echo "ds => 2024-07-12"\n            echo "ds_nodash => 20240712"\n            echo "logical_date => 2024-07-12 00:00:00+00:00"\n            echo "logical_date => 2024-07-12 00:00:00"\n            echo "execution_date => 2024-07-12 00:00:00+00:00"\n            echo "execution_date => 2024-07-12 00:00:00"\n            echo "next_execution_date => 2024-07-13 00:00:00"\n            echo "prev_execution_date => 2024-07-11 00:00:00"\n            echo "ts => 2024-07-12T00:00:00+00:00"\n        ']
[2024-07-24T14:18:44.611+0900] {subprocess.py:86} INFO - Output:
[2024-07-24T14:18:44.616+0900] {subprocess.py:93} INFO - date => 2024년 7월 24일 수요일 14시 18분 44초 KST
[2024-07-24T14:18:44.617+0900] {subprocess.py:93} INFO - ds => 2024-07-12
[2024-07-24T14:18:44.617+0900] {subprocess.py:93} INFO - ds_nodash => 20240712
[2024-07-24T14:18:44.617+0900] {subprocess.py:93} INFO - logical_date => 2024-07-12 00:00:00+00:00
[2024-07-24T14:18:44.617+0900] {subprocess.py:93} INFO - logical_date => 2024-07-12 00:00:00
[2024-07-24T14:18:44.617+0900] {subprocess.py:93} INFO - execution_date => 2024-07-12 00:00:00+00:00
[2024-07-24T14:18:44.618+0900] {subprocess.py:93} INFO - execution_date => 2024-07-12 00:00:00
[2024-07-24T14:18:44.618+0900] {subprocess.py:93} INFO - next_execution_date => 2024-07-13 00:00:00
[2024-07-24T14:18:44.618+0900] {subprocess.py:93} INFO - prev_execution_date => 2024-07-11 00:00:00
[2024-07-24T14:18:44.618+0900] {subprocess.py:93} INFO - ts => 2024-07-12T00:00:00+00:00
[2024-07-24T14:18:44.618+0900] {subprocess.py:97} INFO - Command exited with return code 0
[2024-07-24T14:18:44.619+0900] {taskinstance.py:441} INFO - ::group::Post task execution logs
[2024-07-24T14:18:44.625+0900] {taskinstance.py:1206} INFO - Marking task as SUCCESS. dag_id=simple_bash, task_id=print.date, run_id=scheduled__2024-07-12T00:00:00+00:00, execution_date=20240712T000000, start_date=20240724T051844, end_date=20240724T051844
[2024-07-24T14:18:44.665+0900] {local_task_job_runner.py:243} INFO - Task exited with return code 0
[2024-07-24T14:18:44.675+0900] {taskinstance.py:3503} INFO - 1 downstream tasks scheduled from follow-on schedule check
[2024-07-24T14:18:44.675+0900] {local_task_job_runner.py:222} INFO - ::endgroup::
