[2024-07-24T14:08:44.058+0900] {local_task_job_runner.py:120} INFO - ::group::Pre task execution logs
[2024-07-24T14:08:44.065+0900] {taskinstance.py:2076} INFO - Dependencies all met for dep_context=non-requeueable deps ti=<TaskInstance: simple_bash.cut.log scheduled__2024-07-16T00:00:00+00:00 [queued]>
[2024-07-24T14:08:44.068+0900] {taskinstance.py:2076} INFO - Dependencies all met for dep_context=requeueable deps ti=<TaskInstance: simple_bash.cut.log scheduled__2024-07-16T00:00:00+00:00 [queued]>
[2024-07-24T14:08:44.068+0900] {taskinstance.py:2306} INFO - Starting attempt 1 of 2
[2024-07-24T14:08:44.072+0900] {taskinstance.py:2330} INFO - Executing <Task(BashOperator): cut.log> on 2024-07-16 00:00:00+00:00
[2024-07-24T14:08:44.075+0900] {standard_task_runner.py:64} INFO - Started process 89598 to run task
[2024-07-24T14:08:44.077+0900] {standard_task_runner.py:90} INFO - Running: ['airflow', 'tasks', 'run', 'simple_bash', 'cut.log', 'scheduled__2024-07-16T00:00:00+00:00', '--job-id', '27', '--raw', '--subdir', 'DAGS_FOLDER/simple_bash.py', '--cfg-path', '/var/folders/qv/0knwm5h50ml0skpppwpbks_r0000gp/T/tmp4z5a4r0t']
[2024-07-24T14:08:44.078+0900] {standard_task_runner.py:91} INFO - Job 27: Subtask cut.log
[2024-07-24T14:08:44.091+0900] {task_command.py:426} INFO - Running <TaskInstance: simple_bash.cut.log scheduled__2024-07-16T00:00:00+00:00 [running]> on host jeongui-MacBookPro.local
[2024-07-24T14:08:44.114+0900] {taskinstance.py:2648} INFO - Exporting env vars: AIRFLOW_CTX_DAG_OWNER='airflow' AIRFLOW_CTX_DAG_ID='simple_bash' AIRFLOW_CTX_TASK_ID='cut.log' AIRFLOW_CTX_EXECUTION_DATE='2024-07-16T00:00:00+00:00' AIRFLOW_CTX_TRY_NUMBER='1' AIRFLOW_CTX_DAG_RUN_ID='scheduled__2024-07-16T00:00:00+00:00'
[2024-07-24T14:08:44.114+0900] {taskinstance.py:430} INFO - ::endgroup::
[2024-07-24T14:08:44.120+0900] {subprocess.py:63} INFO - Tmp dir root location: /var/folders/qv/0knwm5h50ml0skpppwpbks_r0000gp/T
[2024-07-24T14:08:44.120+0900] {subprocess.py:75} INFO - Running command: ['/bin/bash', '-c', '\n            echo "cut"\n\t\t\tmkdir -p ~/data/cut/20240716\n\t\t\tcat ~/data/20240716/*.log | cut -d\' \' -f1 | sort | uniq -c | sort >> ~/data/cut/20240716/cut.log\n        ']
[2024-07-24T14:08:44.123+0900] {subprocess.py:86} INFO - Output:
[2024-07-24T14:08:44.125+0900] {subprocess.py:93} INFO - cut
[2024-07-24T14:08:44.128+0900] {subprocess.py:93} INFO - cut: stdin: Illegal byte sequence
[2024-07-24T14:08:44.129+0900] {subprocess.py:97} INFO - Command exited with return code 0
[2024-07-24T14:08:44.129+0900] {taskinstance.py:441} INFO - ::group::Post task execution logs
[2024-07-24T14:08:44.136+0900] {taskinstance.py:1206} INFO - Marking task as SUCCESS. dag_id=simple_bash, task_id=cut.log, run_id=scheduled__2024-07-16T00:00:00+00:00, execution_date=20240716T000000, start_date=20240724T050844, end_date=20240724T050844
[2024-07-24T14:08:44.184+0900] {local_task_job_runner.py:243} INFO - Task exited with return code 0
[2024-07-24T14:08:44.195+0900] {taskinstance.py:3503} INFO - 1 downstream tasks scheduled from follow-on schedule check
[2024-07-24T14:08:44.195+0900] {local_task_job_runner.py:222} INFO - ::endgroup::
[2024-07-24T14:20:56.035+0900] {local_task_job_runner.py:120} INFO - ::group::Pre task execution logs
[2024-07-24T14:20:56.042+0900] {taskinstance.py:2076} INFO - Dependencies all met for dep_context=non-requeueable deps ti=<TaskInstance: simple_bash.cut.log scheduled__2024-07-16T00:00:00+00:00 [queued]>
[2024-07-24T14:20:56.045+0900] {taskinstance.py:2076} INFO - Dependencies all met for dep_context=requeueable deps ti=<TaskInstance: simple_bash.cut.log scheduled__2024-07-16T00:00:00+00:00 [queued]>
[2024-07-24T14:20:56.045+0900] {taskinstance.py:2306} INFO - Starting attempt 1 of 1
[2024-07-24T14:20:56.049+0900] {taskinstance.py:2330} INFO - Executing <Task(BashOperator): cut.log> on 2024-07-16 00:00:00+00:00
[2024-07-24T14:20:56.051+0900] {standard_task_runner.py:64} INFO - Started process 90916 to run task
[2024-07-24T14:20:56.054+0900] {standard_task_runner.py:90} INFO - Running: ['airflow', 'tasks', 'run', 'simple_bash', 'cut.log', 'scheduled__2024-07-16T00:00:00+00:00', '--job-id', '123', '--raw', '--subdir', 'DAGS_FOLDER/simple_bash.py', '--cfg-path', '/var/folders/qv/0knwm5h50ml0skpppwpbks_r0000gp/T/tmpzox7b4bh']
[2024-07-24T14:20:56.055+0900] {standard_task_runner.py:91} INFO - Job 123: Subtask cut.log
[2024-07-24T14:20:56.068+0900] {task_command.py:426} INFO - Running <TaskInstance: simple_bash.cut.log scheduled__2024-07-16T00:00:00+00:00 [running]> on host jeongui-MacBookPro.local
[2024-07-24T14:20:56.090+0900] {taskinstance.py:2648} INFO - Exporting env vars: AIRFLOW_CTX_DAG_OWNER='airflow' AIRFLOW_CTX_DAG_ID='simple_bash' AIRFLOW_CTX_TASK_ID='cut.log' AIRFLOW_CTX_EXECUTION_DATE='2024-07-16T00:00:00+00:00' AIRFLOW_CTX_TRY_NUMBER='1' AIRFLOW_CTX_DAG_RUN_ID='scheduled__2024-07-16T00:00:00+00:00'
[2024-07-24T14:20:56.091+0900] {taskinstance.py:430} INFO - ::endgroup::
[2024-07-24T14:20:56.096+0900] {subprocess.py:63} INFO - Tmp dir root location: /var/folders/qv/0knwm5h50ml0skpppwpbks_r0000gp/T
[2024-07-24T14:20:56.097+0900] {subprocess.py:75} INFO - Running command: ['/bin/bash', '-c', '\n            echo "cut"\n\t\t\tLANG=C\n\t\t\tmkdir -p ~/data/cut/20240716\n\t\t\tcat ~/data/20240716/*.log | cut -d\' \' -f1 > ~/data/cut/20240716/cut.log\n        ']
[2024-07-24T14:20:56.100+0900] {subprocess.py:86} INFO - Output:
[2024-07-24T14:20:56.101+0900] {subprocess.py:93} INFO - cut
[2024-07-24T14:20:56.106+0900] {subprocess.py:97} INFO - Command exited with return code 0
[2024-07-24T14:20:56.106+0900] {taskinstance.py:441} INFO - ::group::Post task execution logs
[2024-07-24T14:20:56.112+0900] {taskinstance.py:1206} INFO - Marking task as SUCCESS. dag_id=simple_bash, task_id=cut.log, run_id=scheduled__2024-07-16T00:00:00+00:00, execution_date=20240716T000000, start_date=20240724T052056, end_date=20240724T052056
[2024-07-24T14:20:56.157+0900] {local_task_job_runner.py:243} INFO - Task exited with return code 0
[2024-07-24T14:20:56.166+0900] {taskinstance.py:3503} INFO - 1 downstream tasks scheduled from follow-on schedule check
[2024-07-24T14:20:56.167+0900] {local_task_job_runner.py:222} INFO - ::endgroup::
