[2024-07-31T11:26:45.979+0900] {local_task_job_runner.py:120} INFO - ::group::Pre task execution logs
[2024-07-31T11:26:45.990+0900] {taskinstance.py:2076} INFO - Dependencies all met for dep_context=non-requeueable deps ti=<TaskInstance: movie.throw.err scheduled__2024-07-27T02:10:00+00:00 [queued]>
[2024-07-31T11:26:45.993+0900] {taskinstance.py:2076} INFO - Dependencies all met for dep_context=requeueable deps ti=<TaskInstance: movie.throw.err scheduled__2024-07-27T02:10:00+00:00 [queued]>
[2024-07-31T11:26:45.993+0900] {taskinstance.py:2306} INFO - Starting attempt 2 of 2
[2024-07-31T11:26:45.999+0900] {taskinstance.py:2330} INFO - Executing <Task(BashOperator): throw.err> on 2024-07-27 02:10:00+00:00
[2024-07-31T11:26:46.002+0900] {standard_task_runner.py:64} INFO - Started process 10981 to run task
[2024-07-31T11:26:46.005+0900] {standard_task_runner.py:90} INFO - Running: ['airflow', 'tasks', 'run', 'movie', 'throw.err', 'scheduled__2024-07-27T02:10:00+00:00', '--job-id', '751', '--raw', '--subdir', 'DAGS_FOLDER/movie.py', '--cfg-path', '/var/folders/qv/0knwm5h50ml0skpppwpbks_r0000gp/T/tmp1rro3bk9']
[2024-07-31T11:26:46.006+0900] {standard_task_runner.py:91} INFO - Job 751: Subtask throw.err
[2024-07-31T11:26:46.020+0900] {task_command.py:426} INFO - Running <TaskInstance: movie.throw.err scheduled__2024-07-27T02:10:00+00:00 [running]> on host jeongui-MacBookPro.local
[2024-07-31T11:26:46.041+0900] {taskinstance.py:2648} INFO - Exporting env vars: AIRFLOW_CTX_DAG_OWNER='airflow' AIRFLOW_CTX_DAG_ID='movie' AIRFLOW_CTX_TASK_ID='throw.err' AIRFLOW_CTX_EXECUTION_DATE='2024-07-27T02:10:00+00:00' AIRFLOW_CTX_TRY_NUMBER='2' AIRFLOW_CTX_DAG_RUN_ID='scheduled__2024-07-27T02:10:00+00:00'
[2024-07-31T11:26:46.041+0900] {taskinstance.py:430} INFO - ::endgroup::
[2024-07-31T11:26:46.047+0900] {subprocess.py:63} INFO - Tmp dir root location: /var/folders/qv/0knwm5h50ml0skpppwpbks_r0000gp/T
[2024-07-31T11:26:46.047+0900] {subprocess.py:75} INFO - Running command: ['/bin/bash', '-c', 'exit 1']
[2024-07-31T11:26:46.050+0900] {subprocess.py:86} INFO - Output:
[2024-07-31T11:26:46.052+0900] {subprocess.py:97} INFO - Command exited with return code 1
[2024-07-31T11:26:46.052+0900] {taskinstance.py:441} INFO - ::group::Post task execution logs
[2024-07-31T11:26:46.055+0900] {taskinstance.py:2905} ERROR - Task failed with exception
Traceback (most recent call last):
  File "/Users/DE32/.pyenv/versions/3.11.9/envs/note/lib/python3.11/site-packages/airflow/models/taskinstance.py", line 465, in _execute_task
    result = _execute_callable(context=context, **execute_callable_kwargs)
             ^^^^^^^^^^^^^^^^^^^^^^^^^^^^^^^^^^^^^^^^^^^^^^^^^^^^^^^^^^^^^
  File "/Users/DE32/.pyenv/versions/3.11.9/envs/note/lib/python3.11/site-packages/airflow/models/taskinstance.py", line 432, in _execute_callable
    return execute_callable(context=context, **execute_callable_kwargs)
           ^^^^^^^^^^^^^^^^^^^^^^^^^^^^^^^^^^^^^^^^^^^^^^^^^^^^^^^^^^^^
  File "/Users/DE32/.pyenv/versions/3.11.9/envs/note/lib/python3.11/site-packages/airflow/models/baseoperator.py", line 401, in wrapper
    return func(self, *args, **kwargs)
           ^^^^^^^^^^^^^^^^^^^^^^^^^^^
  File "/Users/DE32/.pyenv/versions/3.11.9/envs/note/lib/python3.11/site-packages/airflow/operators/bash.py", line 243, in execute
    raise AirflowException(
airflow.exceptions.AirflowException: Bash command failed. The command returned a non-zero exit code 1.
[2024-07-31T11:26:46.057+0900] {taskinstance.py:1206} INFO - Marking task as FAILED. dag_id=movie, task_id=throw.err, run_id=scheduled__2024-07-27T02:10:00+00:00, execution_date=20240727T021000, start_date=20240731T022645, end_date=20240731T022646
[2024-07-31T11:26:46.060+0900] {standard_task_runner.py:110} ERROR - Failed to execute job 751 for task throw.err (Bash command failed. The command returned a non-zero exit code 1.; 10981)
[2024-07-31T11:26:46.067+0900] {local_task_job_runner.py:243} INFO - Task exited with return code 1
[2024-07-31T11:26:46.073+0900] {taskinstance.py:3503} INFO - 0 downstream tasks scheduled from follow-on schedule check
[2024-07-31T11:26:46.073+0900] {local_task_job_runner.py:222} INFO - ::endgroup::
[2024-07-31T16:37:41.358+0900] {local_task_job_runner.py:120} INFO - ::group::Pre task execution logs
[2024-07-31T16:37:41.371+0900] {taskinstance.py:2076} INFO - Dependencies all met for dep_context=non-requeueable deps ti=<TaskInstance: movie.throw.err scheduled__2024-07-27T02:10:00+00:00 [queued]>
[2024-07-31T16:37:41.374+0900] {taskinstance.py:2076} INFO - Dependencies all met for dep_context=requeueable deps ti=<TaskInstance: movie.throw.err scheduled__2024-07-27T02:10:00+00:00 [queued]>
[2024-07-31T16:37:41.374+0900] {taskinstance.py:2306} INFO - Starting attempt 2 of 2
[2024-07-31T16:37:41.381+0900] {taskinstance.py:2330} INFO - Executing <Task(BashOperator): throw.err> on 2024-07-27 02:10:00+00:00
[2024-07-31T16:37:41.384+0900] {standard_task_runner.py:64} INFO - Started process 19513 to run task
[2024-07-31T16:37:41.386+0900] {standard_task_runner.py:90} INFO - Running: ['airflow', 'tasks', 'run', 'movie', 'throw.err', 'scheduled__2024-07-27T02:10:00+00:00', '--job-id', '814', '--raw', '--subdir', 'DAGS_FOLDER/movie.py', '--cfg-path', '/var/folders/qv/0knwm5h50ml0skpppwpbks_r0000gp/T/tmpdw913yhx']
[2024-07-31T16:37:41.388+0900] {standard_task_runner.py:91} INFO - Job 814: Subtask throw.err
[2024-07-31T16:37:41.403+0900] {task_command.py:426} INFO - Running <TaskInstance: movie.throw.err scheduled__2024-07-27T02:10:00+00:00 [running]> on host jeongui-MacBookPro.local
[2024-07-31T16:37:41.422+0900] {taskinstance.py:2648} INFO - Exporting env vars: AIRFLOW_CTX_DAG_OWNER='airflow' AIRFLOW_CTX_DAG_ID='movie' AIRFLOW_CTX_TASK_ID='throw.err' AIRFLOW_CTX_EXECUTION_DATE='2024-07-27T02:10:00+00:00' AIRFLOW_CTX_TRY_NUMBER='2' AIRFLOW_CTX_DAG_RUN_ID='scheduled__2024-07-27T02:10:00+00:00'
[2024-07-31T16:37:41.422+0900] {taskinstance.py:430} INFO - ::endgroup::
[2024-07-31T16:37:41.427+0900] {subprocess.py:63} INFO - Tmp dir root location: /var/folders/qv/0knwm5h50ml0skpppwpbks_r0000gp/T
[2024-07-31T16:37:41.427+0900] {subprocess.py:75} INFO - Running command: ['/bin/bash', '-c', 'exit 1']
[2024-07-31T16:37:41.430+0900] {subprocess.py:86} INFO - Output:
[2024-07-31T16:37:41.432+0900] {subprocess.py:97} INFO - Command exited with return code 1
[2024-07-31T16:37:41.432+0900] {taskinstance.py:441} INFO - ::group::Post task execution logs
[2024-07-31T16:37:41.436+0900] {taskinstance.py:2905} ERROR - Task failed with exception
Traceback (most recent call last):
  File "/Users/DE32/.pyenv/versions/3.11.9/envs/note/lib/python3.11/site-packages/airflow/models/taskinstance.py", line 465, in _execute_task
    result = _execute_callable(context=context, **execute_callable_kwargs)
             ^^^^^^^^^^^^^^^^^^^^^^^^^^^^^^^^^^^^^^^^^^^^^^^^^^^^^^^^^^^^^
  File "/Users/DE32/.pyenv/versions/3.11.9/envs/note/lib/python3.11/site-packages/airflow/models/taskinstance.py", line 432, in _execute_callable
    return execute_callable(context=context, **execute_callable_kwargs)
           ^^^^^^^^^^^^^^^^^^^^^^^^^^^^^^^^^^^^^^^^^^^^^^^^^^^^^^^^^^^^
  File "/Users/DE32/.pyenv/versions/3.11.9/envs/note/lib/python3.11/site-packages/airflow/models/baseoperator.py", line 401, in wrapper
    return func(self, *args, **kwargs)
           ^^^^^^^^^^^^^^^^^^^^^^^^^^^
  File "/Users/DE32/.pyenv/versions/3.11.9/envs/note/lib/python3.11/site-packages/airflow/operators/bash.py", line 243, in execute
    raise AirflowException(
airflow.exceptions.AirflowException: Bash command failed. The command returned a non-zero exit code 1.
[2024-07-31T16:37:41.437+0900] {taskinstance.py:1206} INFO - Marking task as FAILED. dag_id=movie, task_id=throw.err, run_id=scheduled__2024-07-27T02:10:00+00:00, execution_date=20240727T021000, start_date=20240731T073741, end_date=20240731T073741
[2024-07-31T16:37:41.440+0900] {standard_task_runner.py:110} ERROR - Failed to execute job 814 for task throw.err (Bash command failed. The command returned a non-zero exit code 1.; 19513)
[2024-07-31T16:37:41.459+0900] {local_task_job_runner.py:243} INFO - Task exited with return code 1
[2024-07-31T16:37:41.466+0900] {taskinstance.py:3503} INFO - 0 downstream tasks scheduled from follow-on schedule check
[2024-07-31T16:37:41.466+0900] {local_task_job_runner.py:222} INFO - ::endgroup::
