[2024-07-31T11:26:33.986+0900] {local_task_job_runner.py:120} INFO - ::group::Pre task execution logs
[2024-07-31T11:26:33.997+0900] {taskinstance.py:2076} INFO - Dependencies all met for dep_context=non-requeueable deps ti=<TaskInstance: movie.throw.err scheduled__2024-07-27T02:10:00+00:00 [queued]>
[2024-07-31T11:26:34.000+0900] {taskinstance.py:2076} INFO - Dependencies all met for dep_context=requeueable deps ti=<TaskInstance: movie.throw.err scheduled__2024-07-27T02:10:00+00:00 [queued]>
[2024-07-31T11:26:34.000+0900] {taskinstance.py:2306} INFO - Starting attempt 1 of 2
[2024-07-31T11:26:34.006+0900] {taskinstance.py:2330} INFO - Executing <Task(BashOperator): throw.err> on 2024-07-27 02:10:00+00:00
[2024-07-31T11:26:34.009+0900] {standard_task_runner.py:64} INFO - Started process 10975 to run task
[2024-07-31T11:26:34.011+0900] {standard_task_runner.py:90} INFO - Running: ['airflow', 'tasks', 'run', 'movie', 'throw.err', 'scheduled__2024-07-27T02:10:00+00:00', '--job-id', '749', '--raw', '--subdir', 'DAGS_FOLDER/movie.py', '--cfg-path', '/var/folders/qv/0knwm5h50ml0skpppwpbks_r0000gp/T/tmpbzvz8pod']
[2024-07-31T11:26:34.012+0900] {standard_task_runner.py:91} INFO - Job 749: Subtask throw.err
[2024-07-31T11:26:34.027+0900] {task_command.py:426} INFO - Running <TaskInstance: movie.throw.err scheduled__2024-07-27T02:10:00+00:00 [running]> on host jeongui-MacBookPro.local
[2024-07-31T11:26:34.047+0900] {taskinstance.py:2648} INFO - Exporting env vars: AIRFLOW_CTX_DAG_OWNER='airflow' AIRFLOW_CTX_DAG_ID='movie' AIRFLOW_CTX_TASK_ID='throw.err' AIRFLOW_CTX_EXECUTION_DATE='2024-07-27T02:10:00+00:00' AIRFLOW_CTX_TRY_NUMBER='1' AIRFLOW_CTX_DAG_RUN_ID='scheduled__2024-07-27T02:10:00+00:00'
[2024-07-31T11:26:34.047+0900] {taskinstance.py:430} INFO - ::endgroup::
[2024-07-31T11:26:34.053+0900] {subprocess.py:63} INFO - Tmp dir root location: /var/folders/qv/0knwm5h50ml0skpppwpbks_r0000gp/T
[2024-07-31T11:26:34.053+0900] {subprocess.py:75} INFO - Running command: ['/bin/bash', '-c', 'exit 1']
[2024-07-31T11:26:34.056+0900] {subprocess.py:86} INFO - Output:
[2024-07-31T11:26:34.058+0900] {subprocess.py:97} INFO - Command exited with return code 1
[2024-07-31T11:26:34.061+0900] {taskinstance.py:441} INFO - ::group::Post task execution logs
[2024-07-31T11:26:34.064+0900] {taskinstance.py:2905} ERROR - Task failed with exception
Traceback (most recent call last):
  File "/Users/DE32/.pyenv/versions/3.11.9/envs/note/lib/python3.11/site-packages/airflow/models/taskinstance.py", line 465, in _execute_task
    result = _execute_callable(context=context, **execute_callable_kwargs)
             ^^^^^^^^^^^^^^^^^^^^^^^^^^^^^^^^^^^^^^^^^^^^^^^^^^^^^^^^^^^^^
  File "/Users/DE32/.pyenv/versions/3.11.9/envs/note/lib/python3.11/site-packages/airflow/models/taskinstance.py", line 432, in _execute_callable
    return execute_callable(context=context, **execute_callable_kwargs)
           ^^^^^^^^^^^^^^^^^^^^^^^^^^^^^^^^^^^^^^^^^^^^^^^^^^^^^^^^^^^^
  File "/Users/DE32/.pyenv/versions/3.11.9/envs/note/lib/python3.11/site-packages/airflow/models/baseoperator.py", line 401, in wrapper
    return func(self, *args, **kwargs)
           ^^^^^^^^^^^^^^^^^^^^^^^^^^^
  File "/Users/DE32/.pyenv/versions/3.11.9/envs/note/lib/python3.11/site-packages/airflow/operators/bash.py", line 243, in execute
    raise AirflowException(
airflow.exceptions.AirflowException: Bash command failed. The command returned a non-zero exit code 1.
[2024-07-31T11:26:34.072+0900] {taskinstance.py:1206} INFO - Marking task as UP_FOR_RETRY. dag_id=movie, task_id=throw.err, run_id=scheduled__2024-07-27T02:10:00+00:00, execution_date=20240727T021000, start_date=20240731T022633, end_date=20240731T022634
[2024-07-31T11:26:34.123+0900] {standard_task_runner.py:110} ERROR - Failed to execute job 749 for task throw.err (Bash command failed. The command returned a non-zero exit code 1.; 10975)
[2024-07-31T11:26:34.163+0900] {local_task_job_runner.py:243} INFO - Task exited with return code 1
[2024-07-31T11:26:34.175+0900] {taskinstance.py:3503} INFO - 0 downstream tasks scheduled from follow-on schedule check
[2024-07-31T11:26:34.175+0900] {local_task_job_runner.py:222} INFO - ::endgroup::
[2024-07-31T16:37:28.737+0900] {local_task_job_runner.py:120} INFO - ::group::Pre task execution logs
[2024-07-31T16:37:28.749+0900] {taskinstance.py:2076} INFO - Dependencies all met for dep_context=non-requeueable deps ti=<TaskInstance: movie.throw.err scheduled__2024-07-27T02:10:00+00:00 [queued]>
[2024-07-31T16:37:28.752+0900] {taskinstance.py:2076} INFO - Dependencies all met for dep_context=requeueable deps ti=<TaskInstance: movie.throw.err scheduled__2024-07-27T02:10:00+00:00 [queued]>
[2024-07-31T16:37:28.752+0900] {taskinstance.py:2306} INFO - Starting attempt 1 of 2
[2024-07-31T16:37:28.758+0900] {taskinstance.py:2330} INFO - Executing <Task(BashOperator): throw.err> on 2024-07-27 02:10:00+00:00
[2024-07-31T16:37:28.761+0900] {standard_task_runner.py:64} INFO - Started process 19505 to run task
[2024-07-31T16:37:28.763+0900] {standard_task_runner.py:90} INFO - Running: ['airflow', 'tasks', 'run', 'movie', 'throw.err', 'scheduled__2024-07-27T02:10:00+00:00', '--job-id', '812', '--raw', '--subdir', 'DAGS_FOLDER/movie.py', '--cfg-path', '/var/folders/qv/0knwm5h50ml0skpppwpbks_r0000gp/T/tmpg654quer']
[2024-07-31T16:37:28.765+0900] {standard_task_runner.py:91} INFO - Job 812: Subtask throw.err
[2024-07-31T16:37:28.780+0900] {task_command.py:426} INFO - Running <TaskInstance: movie.throw.err scheduled__2024-07-27T02:10:00+00:00 [running]> on host jeongui-MacBookPro.local
[2024-07-31T16:37:28.798+0900] {taskinstance.py:2648} INFO - Exporting env vars: AIRFLOW_CTX_DAG_OWNER='airflow' AIRFLOW_CTX_DAG_ID='movie' AIRFLOW_CTX_TASK_ID='throw.err' AIRFLOW_CTX_EXECUTION_DATE='2024-07-27T02:10:00+00:00' AIRFLOW_CTX_TRY_NUMBER='1' AIRFLOW_CTX_DAG_RUN_ID='scheduled__2024-07-27T02:10:00+00:00'
[2024-07-31T16:37:28.798+0900] {taskinstance.py:430} INFO - ::endgroup::
[2024-07-31T16:37:28.803+0900] {subprocess.py:63} INFO - Tmp dir root location: /var/folders/qv/0knwm5h50ml0skpppwpbks_r0000gp/T
[2024-07-31T16:37:28.804+0900] {subprocess.py:75} INFO - Running command: ['/bin/bash', '-c', 'exit 1']
[2024-07-31T16:37:28.806+0900] {subprocess.py:86} INFO - Output:
[2024-07-31T16:37:28.812+0900] {subprocess.py:97} INFO - Command exited with return code 1
[2024-07-31T16:37:28.812+0900] {taskinstance.py:441} INFO - ::group::Post task execution logs
[2024-07-31T16:37:28.816+0900] {taskinstance.py:2905} ERROR - Task failed with exception
Traceback (most recent call last):
  File "/Users/DE32/.pyenv/versions/3.11.9/envs/note/lib/python3.11/site-packages/airflow/models/taskinstance.py", line 465, in _execute_task
    result = _execute_callable(context=context, **execute_callable_kwargs)
             ^^^^^^^^^^^^^^^^^^^^^^^^^^^^^^^^^^^^^^^^^^^^^^^^^^^^^^^^^^^^^
  File "/Users/DE32/.pyenv/versions/3.11.9/envs/note/lib/python3.11/site-packages/airflow/models/taskinstance.py", line 432, in _execute_callable
    return execute_callable(context=context, **execute_callable_kwargs)
           ^^^^^^^^^^^^^^^^^^^^^^^^^^^^^^^^^^^^^^^^^^^^^^^^^^^^^^^^^^^^
  File "/Users/DE32/.pyenv/versions/3.11.9/envs/note/lib/python3.11/site-packages/airflow/models/baseoperator.py", line 401, in wrapper
    return func(self, *args, **kwargs)
           ^^^^^^^^^^^^^^^^^^^^^^^^^^^
  File "/Users/DE32/.pyenv/versions/3.11.9/envs/note/lib/python3.11/site-packages/airflow/operators/bash.py", line 243, in execute
    raise AirflowException(
airflow.exceptions.AirflowException: Bash command failed. The command returned a non-zero exit code 1.
[2024-07-31T16:37:28.818+0900] {taskinstance.py:1206} INFO - Marking task as UP_FOR_RETRY. dag_id=movie, task_id=throw.err, run_id=scheduled__2024-07-27T02:10:00+00:00, execution_date=20240727T021000, start_date=20240731T073728, end_date=20240731T073728
[2024-07-31T16:37:28.821+0900] {standard_task_runner.py:110} ERROR - Failed to execute job 812 for task throw.err (Bash command failed. The command returned a non-zero exit code 1.; 19505)
[2024-07-31T16:37:28.837+0900] {local_task_job_runner.py:243} INFO - Task exited with return code 1
[2024-07-31T16:37:28.844+0900] {taskinstance.py:3503} INFO - 0 downstream tasks scheduled from follow-on schedule check
[2024-07-31T16:37:28.844+0900] {local_task_job_runner.py:222} INFO - ::endgroup::
