[2024-07-24T14:09:08.410+0900] {local_task_job_runner.py:120} INFO - ::group::Pre task execution logs
[2024-07-24T14:09:08.417+0900] {taskinstance.py:2076} INFO - Dependencies all met for dep_context=non-requeueable deps ti=<TaskInstance: simple_bash.copy.log scheduled__2024-07-18T00:00:00+00:00 [queued]>
[2024-07-24T14:09:08.420+0900] {taskinstance.py:2076} INFO - Dependencies all met for dep_context=requeueable deps ti=<TaskInstance: simple_bash.copy.log scheduled__2024-07-18T00:00:00+00:00 [queued]>
[2024-07-24T14:09:08.420+0900] {taskinstance.py:2306} INFO - Starting attempt 1 of 2
[2024-07-24T14:09:08.424+0900] {taskinstance.py:2330} INFO - Executing <Task(BashOperator): copy.log> on 2024-07-18 00:00:00+00:00
[2024-07-24T14:09:08.426+0900] {standard_task_runner.py:64} INFO - Started process 89639 to run task
[2024-07-24T14:09:08.429+0900] {standard_task_runner.py:90} INFO - Running: ['airflow', 'tasks', 'run', 'simple_bash', 'copy.log', 'scheduled__2024-07-18T00:00:00+00:00', '--job-id', '31', '--raw', '--subdir', 'DAGS_FOLDER/simple_bash.py', '--cfg-path', '/var/folders/qv/0knwm5h50ml0skpppwpbks_r0000gp/T/tmpckpqg8ys']
[2024-07-24T14:09:08.430+0900] {standard_task_runner.py:91} INFO - Job 31: Subtask copy.log
[2024-07-24T14:09:08.444+0900] {task_command.py:426} INFO - Running <TaskInstance: simple_bash.copy.log scheduled__2024-07-18T00:00:00+00:00 [running]> on host jeongui-MacBookPro.local
[2024-07-24T14:09:08.466+0900] {taskinstance.py:2648} INFO - Exporting env vars: AIRFLOW_CTX_DAG_OWNER='airflow' AIRFLOW_CTX_DAG_ID='simple_bash' AIRFLOW_CTX_TASK_ID='copy.log' AIRFLOW_CTX_EXECUTION_DATE='2024-07-18T00:00:00+00:00' AIRFLOW_CTX_TRY_NUMBER='1' AIRFLOW_CTX_DAG_RUN_ID='scheduled__2024-07-18T00:00:00+00:00'
[2024-07-24T14:09:08.467+0900] {taskinstance.py:430} INFO - ::endgroup::
[2024-07-24T14:09:08.472+0900] {subprocess.py:63} INFO - Tmp dir root location: /var/folders/qv/0knwm5h50ml0skpppwpbks_r0000gp/T
[2024-07-24T14:09:08.473+0900] {subprocess.py:75} INFO - Running command: ['/bin/bash', '-c', '\n            mkdir -p ~/data/20240718\n            cp ~/logs/history_20240718*.log ~/data/20240718/\n        ']
[2024-07-24T14:09:08.476+0900] {subprocess.py:86} INFO - Output:
[2024-07-24T14:09:08.481+0900] {subprocess.py:97} INFO - Command exited with return code 0
[2024-07-24T14:09:08.481+0900] {taskinstance.py:441} INFO - ::group::Post task execution logs
[2024-07-24T14:09:08.488+0900] {taskinstance.py:1206} INFO - Marking task as SUCCESS. dag_id=simple_bash, task_id=copy.log, run_id=scheduled__2024-07-18T00:00:00+00:00, execution_date=20240718T000000, start_date=20240724T050908, end_date=20240724T050908
[2024-07-24T14:09:08.533+0900] {local_task_job_runner.py:243} INFO - Task exited with return code 0
[2024-07-24T14:09:08.544+0900] {taskinstance.py:3503} INFO - 1 downstream tasks scheduled from follow-on schedule check
[2024-07-24T14:09:08.545+0900] {local_task_job_runner.py:222} INFO - ::endgroup::
[2024-07-24T14:21:20.406+0900] {local_task_job_runner.py:120} INFO - ::group::Pre task execution logs
[2024-07-24T14:21:20.413+0900] {taskinstance.py:2076} INFO - Dependencies all met for dep_context=non-requeueable deps ti=<TaskInstance: simple_bash.copy.log scheduled__2024-07-18T00:00:00+00:00 [queued]>
[2024-07-24T14:21:20.415+0900] {taskinstance.py:2076} INFO - Dependencies all met for dep_context=requeueable deps ti=<TaskInstance: simple_bash.copy.log scheduled__2024-07-18T00:00:00+00:00 [queued]>
[2024-07-24T14:21:20.415+0900] {taskinstance.py:2306} INFO - Starting attempt 1 of 1
[2024-07-24T14:21:20.419+0900] {taskinstance.py:2330} INFO - Executing <Task(BashOperator): copy.log> on 2024-07-18 00:00:00+00:00
[2024-07-24T14:21:20.421+0900] {standard_task_runner.py:64} INFO - Started process 90940 to run task
[2024-07-24T14:21:20.424+0900] {standard_task_runner.py:90} INFO - Running: ['airflow', 'tasks', 'run', 'simple_bash', 'copy.log', 'scheduled__2024-07-18T00:00:00+00:00', '--job-id', '127', '--raw', '--subdir', 'DAGS_FOLDER/simple_bash.py', '--cfg-path', '/var/folders/qv/0knwm5h50ml0skpppwpbks_r0000gp/T/tmpmay27bks']
[2024-07-24T14:21:20.425+0900] {standard_task_runner.py:91} INFO - Job 127: Subtask copy.log
[2024-07-24T14:21:20.438+0900] {task_command.py:426} INFO - Running <TaskInstance: simple_bash.copy.log scheduled__2024-07-18T00:00:00+00:00 [running]> on host jeongui-MacBookPro.local
[2024-07-24T14:21:20.460+0900] {taskinstance.py:2648} INFO - Exporting env vars: AIRFLOW_CTX_DAG_OWNER='airflow' AIRFLOW_CTX_DAG_ID='simple_bash' AIRFLOW_CTX_TASK_ID='copy.log' AIRFLOW_CTX_EXECUTION_DATE='2024-07-18T00:00:00+00:00' AIRFLOW_CTX_TRY_NUMBER='1' AIRFLOW_CTX_DAG_RUN_ID='scheduled__2024-07-18T00:00:00+00:00'
[2024-07-24T14:21:20.460+0900] {taskinstance.py:430} INFO - ::endgroup::
[2024-07-24T14:21:20.466+0900] {subprocess.py:63} INFO - Tmp dir root location: /var/folders/qv/0knwm5h50ml0skpppwpbks_r0000gp/T
[2024-07-24T14:21:20.466+0900] {subprocess.py:75} INFO - Running command: ['/bin/bash', '-c', '\n            mkdir -p ~/data/20240718\n            cp ~/logs/history_20240718*.log ~/data/20240718/\n        ']
[2024-07-24T14:21:20.469+0900] {subprocess.py:86} INFO - Output:
[2024-07-24T14:21:20.474+0900] {subprocess.py:97} INFO - Command exited with return code 0
[2024-07-24T14:21:20.474+0900] {taskinstance.py:441} INFO - ::group::Post task execution logs
[2024-07-24T14:21:20.481+0900] {taskinstance.py:1206} INFO - Marking task as SUCCESS. dag_id=simple_bash, task_id=copy.log, run_id=scheduled__2024-07-18T00:00:00+00:00, execution_date=20240718T000000, start_date=20240724T052120, end_date=20240724T052120
[2024-07-24T14:21:20.485+0900] {local_task_job_runner.py:243} INFO - Task exited with return code 0
[2024-07-24T14:21:20.492+0900] {taskinstance.py:3503} INFO - 1 downstream tasks scheduled from follow-on schedule check
[2024-07-24T14:21:20.493+0900] {local_task_job_runner.py:222} INFO - ::endgroup::
