[2024-07-24T14:09:02.442+0900] {local_task_job_runner.py:120} INFO - ::group::Pre task execution logs
[2024-07-24T14:09:02.449+0900] {taskinstance.py:2076} INFO - Dependencies all met for dep_context=non-requeueable deps ti=<TaskInstance: simple_bash.print.date scheduled__2024-07-19T00:00:00+00:00 [queued]>
[2024-07-24T14:09:02.452+0900] {taskinstance.py:2076} INFO - Dependencies all met for dep_context=requeueable deps ti=<TaskInstance: simple_bash.print.date scheduled__2024-07-19T00:00:00+00:00 [queued]>
[2024-07-24T14:09:02.452+0900] {taskinstance.py:2306} INFO - Starting attempt 1 of 2
[2024-07-24T14:09:02.456+0900] {taskinstance.py:2330} INFO - Executing <Task(BashOperator): print.date> on 2024-07-19 00:00:00+00:00
[2024-07-24T14:09:02.458+0900] {standard_task_runner.py:64} INFO - Started process 89614 to run task
[2024-07-24T14:09:02.461+0900] {standard_task_runner.py:90} INFO - Running: ['airflow', 'tasks', 'run', 'simple_bash', 'print.date', 'scheduled__2024-07-19T00:00:00+00:00', '--job-id', '30', '--raw', '--subdir', 'DAGS_FOLDER/simple_bash.py', '--cfg-path', '/var/folders/qv/0knwm5h50ml0skpppwpbks_r0000gp/T/tmp9btox9tq']
[2024-07-24T14:09:02.462+0900] {standard_task_runner.py:91} INFO - Job 30: Subtask print.date
[2024-07-24T14:09:02.475+0900] {task_command.py:426} INFO - Running <TaskInstance: simple_bash.print.date scheduled__2024-07-19T00:00:00+00:00 [running]> on host jeongui-MacBookPro.local
[2024-07-24T14:09:02.493+0900] {logging_mixin.py:188} WARNING - /Users/DE32/.pyenv/versions/3.11.9/envs/note/lib/python3.11/site-packages/airflow/utils/context.py:212 AirflowContextDeprecationWarning: Accessing 'execution_date' from the template is deprecated and will be removed in a future version. Please use 'data_interval_start' or 'logical_date' instead.
[2024-07-24T14:09:02.493+0900] {logging_mixin.py:188} WARNING - /Users/DE32/.pyenv/versions/3.11.9/envs/note/lib/python3.11/site-packages/airflow/utils/context.py:212 AirflowContextDeprecationWarning: Accessing 'next_execution_date' from the template is deprecated and will be removed in a future version. Please use 'data_interval_end' instead.
[2024-07-24T14:09:02.494+0900] {logging_mixin.py:188} WARNING - /Users/DE32/.pyenv/versions/3.11.9/envs/note/lib/python3.11/site-packages/airflow/utils/context.py:212 AirflowContextDeprecationWarning: Accessing 'prev_execution_date' from the template is deprecated and will be removed in a future version.
[2024-07-24T14:09:02.502+0900] {taskinstance.py:2648} INFO - Exporting env vars: AIRFLOW_CTX_DAG_OWNER='airflow' AIRFLOW_CTX_DAG_ID='simple_bash' AIRFLOW_CTX_TASK_ID='print.date' AIRFLOW_CTX_EXECUTION_DATE='2024-07-19T00:00:00+00:00' AIRFLOW_CTX_TRY_NUMBER='1' AIRFLOW_CTX_DAG_RUN_ID='scheduled__2024-07-19T00:00:00+00:00'
[2024-07-24T14:09:02.503+0900] {taskinstance.py:430} INFO - ::endgroup::
[2024-07-24T14:09:02.509+0900] {subprocess.py:63} INFO - Tmp dir root location: /var/folders/qv/0knwm5h50ml0skpppwpbks_r0000gp/T
[2024-07-24T14:09:02.509+0900] {subprocess.py:75} INFO - Running command: ['/bin/bash', '-c', '\n            echo "date => `date`"\n            echo "ds => 2024-07-19"\n            echo "ds_nodash => 20240719"\n            echo "logical_date => 2024-07-19 00:00:00+00:00"\n            echo "logical_date => 2024-07-19 00:00:00"\n            echo "execution_date => 2024-07-19 00:00:00+00:00"\n            echo "execution_date => 2024-07-19 00:00:00"\n            echo "next_execution_date => 2024-07-20 00:00:00"\n            echo "prev_execution_date => 2024-07-18 00:00:00"\n            echo "ts => 2024-07-19T00:00:00+00:00"\n        ']
[2024-07-24T14:09:02.512+0900] {subprocess.py:86} INFO - Output:
[2024-07-24T14:09:02.516+0900] {subprocess.py:93} INFO - date => 2024년 7월 24일 수요일 14시 09분 02초 KST
[2024-07-24T14:09:02.516+0900] {subprocess.py:93} INFO - ds => 2024-07-19
[2024-07-24T14:09:02.516+0900] {subprocess.py:93} INFO - ds_nodash => 20240719
[2024-07-24T14:09:02.516+0900] {subprocess.py:93} INFO - logical_date => 2024-07-19 00:00:00+00:00
[2024-07-24T14:09:02.517+0900] {subprocess.py:93} INFO - logical_date => 2024-07-19 00:00:00
[2024-07-24T14:09:02.517+0900] {subprocess.py:93} INFO - execution_date => 2024-07-19 00:00:00+00:00
[2024-07-24T14:09:02.517+0900] {subprocess.py:93} INFO - execution_date => 2024-07-19 00:00:00
[2024-07-24T14:09:02.517+0900] {subprocess.py:93} INFO - next_execution_date => 2024-07-20 00:00:00
[2024-07-24T14:09:02.517+0900] {subprocess.py:93} INFO - prev_execution_date => 2024-07-18 00:00:00
[2024-07-24T14:09:02.517+0900] {subprocess.py:93} INFO - ts => 2024-07-19T00:00:00+00:00
[2024-07-24T14:09:02.518+0900] {subprocess.py:97} INFO - Command exited with return code 0
[2024-07-24T14:09:02.518+0900] {taskinstance.py:441} INFO - ::group::Post task execution logs
[2024-07-24T14:09:02.524+0900] {taskinstance.py:1206} INFO - Marking task as SUCCESS. dag_id=simple_bash, task_id=print.date, run_id=scheduled__2024-07-19T00:00:00+00:00, execution_date=20240719T000000, start_date=20240724T050902, end_date=20240724T050902
[2024-07-24T14:09:02.563+0900] {local_task_job_runner.py:243} INFO - Task exited with return code 0
[2024-07-24T14:09:02.573+0900] {taskinstance.py:3503} INFO - 1 downstream tasks scheduled from follow-on schedule check
[2024-07-24T14:09:02.574+0900] {local_task_job_runner.py:222} INFO - ::endgroup::
[2024-07-24T14:21:14.496+0900] {local_task_job_runner.py:120} INFO - ::group::Pre task execution logs
[2024-07-24T14:21:14.503+0900] {taskinstance.py:2076} INFO - Dependencies all met for dep_context=non-requeueable deps ti=<TaskInstance: simple_bash.print.date scheduled__2024-07-19T00:00:00+00:00 [queued]>
[2024-07-24T14:21:14.505+0900] {taskinstance.py:2076} INFO - Dependencies all met for dep_context=requeueable deps ti=<TaskInstance: simple_bash.print.date scheduled__2024-07-19T00:00:00+00:00 [queued]>
[2024-07-24T14:21:14.505+0900] {taskinstance.py:2306} INFO - Starting attempt 1 of 1
[2024-07-24T14:21:14.509+0900] {taskinstance.py:2330} INFO - Executing <Task(BashOperator): print.date> on 2024-07-19 00:00:00+00:00
[2024-07-24T14:21:14.511+0900] {standard_task_runner.py:64} INFO - Started process 90935 to run task
[2024-07-24T14:21:14.513+0900] {standard_task_runner.py:90} INFO - Running: ['airflow', 'tasks', 'run', 'simple_bash', 'print.date', 'scheduled__2024-07-19T00:00:00+00:00', '--job-id', '126', '--raw', '--subdir', 'DAGS_FOLDER/simple_bash.py', '--cfg-path', '/var/folders/qv/0knwm5h50ml0skpppwpbks_r0000gp/T/tmppp0ppd1q']
[2024-07-24T14:21:14.515+0900] {standard_task_runner.py:91} INFO - Job 126: Subtask print.date
[2024-07-24T14:21:14.528+0900] {task_command.py:426} INFO - Running <TaskInstance: simple_bash.print.date scheduled__2024-07-19T00:00:00+00:00 [running]> on host jeongui-MacBookPro.local
[2024-07-24T14:21:14.545+0900] {logging_mixin.py:188} WARNING - /Users/DE32/.pyenv/versions/3.11.9/envs/note/lib/python3.11/site-packages/airflow/utils/context.py:212 AirflowContextDeprecationWarning: Accessing 'execution_date' from the template is deprecated and will be removed in a future version. Please use 'data_interval_start' or 'logical_date' instead.
[2024-07-24T14:21:14.545+0900] {logging_mixin.py:188} WARNING - /Users/DE32/.pyenv/versions/3.11.9/envs/note/lib/python3.11/site-packages/airflow/utils/context.py:212 AirflowContextDeprecationWarning: Accessing 'next_execution_date' from the template is deprecated and will be removed in a future version. Please use 'data_interval_end' instead.
[2024-07-24T14:21:14.546+0900] {logging_mixin.py:188} WARNING - /Users/DE32/.pyenv/versions/3.11.9/envs/note/lib/python3.11/site-packages/airflow/utils/context.py:212 AirflowContextDeprecationWarning: Accessing 'prev_execution_date' from the template is deprecated and will be removed in a future version.
[2024-07-24T14:21:14.554+0900] {taskinstance.py:2648} INFO - Exporting env vars: AIRFLOW_CTX_DAG_OWNER='airflow' AIRFLOW_CTX_DAG_ID='simple_bash' AIRFLOW_CTX_TASK_ID='print.date' AIRFLOW_CTX_EXECUTION_DATE='2024-07-19T00:00:00+00:00' AIRFLOW_CTX_TRY_NUMBER='1' AIRFLOW_CTX_DAG_RUN_ID='scheduled__2024-07-19T00:00:00+00:00'
[2024-07-24T14:21:14.554+0900] {taskinstance.py:430} INFO - ::endgroup::
[2024-07-24T14:21:14.560+0900] {subprocess.py:63} INFO - Tmp dir root location: /var/folders/qv/0knwm5h50ml0skpppwpbks_r0000gp/T
[2024-07-24T14:21:14.560+0900] {subprocess.py:75} INFO - Running command: ['/bin/bash', '-c', '\n            echo "date => `date`"\n            echo "ds => 2024-07-19"\n            echo "ds_nodash => 20240719"\n            echo "logical_date => 2024-07-19 00:00:00+00:00"\n            echo "logical_date => 2024-07-19 00:00:00"\n            echo "execution_date => 2024-07-19 00:00:00+00:00"\n            echo "execution_date => 2024-07-19 00:00:00"\n            echo "next_execution_date => 2024-07-20 00:00:00"\n            echo "prev_execution_date => 2024-07-18 00:00:00"\n            echo "ts => 2024-07-19T00:00:00+00:00"\n        ']
[2024-07-24T14:21:14.563+0900] {subprocess.py:86} INFO - Output:
[2024-07-24T14:21:14.566+0900] {subprocess.py:93} INFO - date => 2024년 7월 24일 수요일 14시 21분 14초 KST
[2024-07-24T14:21:14.567+0900] {subprocess.py:93} INFO - ds => 2024-07-19
[2024-07-24T14:21:14.567+0900] {subprocess.py:93} INFO - ds_nodash => 20240719
[2024-07-24T14:21:14.567+0900] {subprocess.py:93} INFO - logical_date => 2024-07-19 00:00:00+00:00
[2024-07-24T14:21:14.567+0900] {subprocess.py:93} INFO - logical_date => 2024-07-19 00:00:00
[2024-07-24T14:21:14.567+0900] {subprocess.py:93} INFO - execution_date => 2024-07-19 00:00:00+00:00
[2024-07-24T14:21:14.567+0900] {subprocess.py:93} INFO - execution_date => 2024-07-19 00:00:00
[2024-07-24T14:21:14.567+0900] {subprocess.py:93} INFO - next_execution_date => 2024-07-20 00:00:00
[2024-07-24T14:21:14.568+0900] {subprocess.py:93} INFO - prev_execution_date => 2024-07-18 00:00:00
[2024-07-24T14:21:14.568+0900] {subprocess.py:93} INFO - ts => 2024-07-19T00:00:00+00:00
[2024-07-24T14:21:14.568+0900] {subprocess.py:97} INFO - Command exited with return code 0
[2024-07-24T14:21:14.568+0900] {taskinstance.py:441} INFO - ::group::Post task execution logs
[2024-07-24T14:21:14.574+0900] {taskinstance.py:1206} INFO - Marking task as SUCCESS. dag_id=simple_bash, task_id=print.date, run_id=scheduled__2024-07-19T00:00:00+00:00, execution_date=20240719T000000, start_date=20240724T052114, end_date=20240724T052114
[2024-07-24T14:21:14.619+0900] {local_task_job_runner.py:243} INFO - Task exited with return code 0
[2024-07-24T14:21:14.629+0900] {taskinstance.py:3503} INFO - 1 downstream tasks scheduled from follow-on schedule check
[2024-07-24T14:21:14.629+0900] {local_task_job_runner.py:222} INFO - ::endgroup::
