[2024-07-24T14:13:02.209+0900] {local_task_job_runner.py:120} INFO - ::group::Pre task execution logs
[2024-07-24T14:13:02.216+0900] {taskinstance.py:2076} INFO - Dependencies all met for dep_context=non-requeueable deps ti=<TaskInstance: simple_bash.print.date scheduled__2024-07-19T00:00:00+00:00 [queued]>
[2024-07-24T14:13:02.218+0900] {taskinstance.py:2076} INFO - Dependencies all met for dep_context=requeueable deps ti=<TaskInstance: simple_bash.print.date scheduled__2024-07-19T00:00:00+00:00 [queued]>
[2024-07-24T14:13:02.218+0900] {taskinstance.py:2306} INFO - Starting attempt 2 of 3
[2024-07-24T14:13:02.222+0900] {taskinstance.py:2330} INFO - Executing <Task(BashOperator): print.date> on 2024-07-19 00:00:00+00:00
[2024-07-24T14:13:02.224+0900] {standard_task_runner.py:64} INFO - Started process 89864 to run task
[2024-07-24T14:13:02.227+0900] {standard_task_runner.py:90} INFO - Running: ['airflow', 'tasks', 'run', 'simple_bash', 'print.date', 'scheduled__2024-07-19T00:00:00+00:00', '--job-id', '67', '--raw', '--subdir', 'DAGS_FOLDER/simple_bash.py', '--cfg-path', '/var/folders/qv/0knwm5h50ml0skpppwpbks_r0000gp/T/tmp9vrprwj7']
[2024-07-24T14:13:02.229+0900] {standard_task_runner.py:91} INFO - Job 67: Subtask print.date
[2024-07-24T14:13:02.246+0900] {task_command.py:426} INFO - Running <TaskInstance: simple_bash.print.date scheduled__2024-07-19T00:00:00+00:00 [running]> on host jeongui-MacBookPro.local
[2024-07-24T14:13:02.263+0900] {logging_mixin.py:188} WARNING - /Users/DE32/.pyenv/versions/3.11.9/envs/note/lib/python3.11/site-packages/airflow/utils/context.py:212 AirflowContextDeprecationWarning: Accessing 'execution_date' from the template is deprecated and will be removed in a future version. Please use 'data_interval_start' or 'logical_date' instead.
[2024-07-24T14:13:02.263+0900] {logging_mixin.py:188} WARNING - /Users/DE32/.pyenv/versions/3.11.9/envs/note/lib/python3.11/site-packages/airflow/utils/context.py:212 AirflowContextDeprecationWarning: Accessing 'next_execution_date' from the template is deprecated and will be removed in a future version. Please use 'data_interval_end' instead.
[2024-07-24T14:13:02.264+0900] {logging_mixin.py:188} WARNING - /Users/DE32/.pyenv/versions/3.11.9/envs/note/lib/python3.11/site-packages/airflow/utils/context.py:212 AirflowContextDeprecationWarning: Accessing 'prev_execution_date' from the template is deprecated and will be removed in a future version.
[2024-07-24T14:13:02.271+0900] {taskinstance.py:2648} INFO - Exporting env vars: AIRFLOW_CTX_DAG_OWNER='airflow' AIRFLOW_CTX_DAG_ID='simple_bash' AIRFLOW_CTX_TASK_ID='print.date' AIRFLOW_CTX_EXECUTION_DATE='2024-07-19T00:00:00+00:00' AIRFLOW_CTX_TRY_NUMBER='2' AIRFLOW_CTX_DAG_RUN_ID='scheduled__2024-07-19T00:00:00+00:00'
[2024-07-24T14:13:02.271+0900] {taskinstance.py:430} INFO - ::endgroup::
[2024-07-24T14:13:02.277+0900] {subprocess.py:63} INFO - Tmp dir root location: /var/folders/qv/0knwm5h50ml0skpppwpbks_r0000gp/T
[2024-07-24T14:13:02.278+0900] {subprocess.py:75} INFO - Running command: ['/bin/bash', '-c', '\n            echo "date => `date`"\n            echo "ds => 2024-07-19"\n            echo "ds_nodash => 20240719"\n            echo "logical_date => 2024-07-19 00:00:00+00:00"\n            echo "logical_date => 2024-07-19 00:00:00"\n            echo "execution_date => 2024-07-19 00:00:00+00:00"\n            echo "execution_date => 2024-07-19 00:00:00"\n            echo "next_execution_date => 2024-07-20 00:00:00"\n            echo "prev_execution_date => 2024-07-18 00:00:00"\n            echo "ts => 2024-07-19T00:00:00+00:00"\n        ']
[2024-07-24T14:13:02.281+0900] {subprocess.py:86} INFO - Output:
[2024-07-24T14:13:02.286+0900] {subprocess.py:93} INFO - date => 2024년 7월 24일 수요일 14시 13분 02초 KST
[2024-07-24T14:13:02.287+0900] {subprocess.py:93} INFO - ds => 2024-07-19
[2024-07-24T14:13:02.287+0900] {subprocess.py:93} INFO - ds_nodash => 20240719
[2024-07-24T14:13:02.287+0900] {subprocess.py:93} INFO - logical_date => 2024-07-19 00:00:00+00:00
[2024-07-24T14:13:02.287+0900] {subprocess.py:93} INFO - logical_date => 2024-07-19 00:00:00
[2024-07-24T14:13:02.287+0900] {subprocess.py:93} INFO - execution_date => 2024-07-19 00:00:00+00:00
[2024-07-24T14:13:02.287+0900] {subprocess.py:93} INFO - execution_date => 2024-07-19 00:00:00
[2024-07-24T14:13:02.287+0900] {subprocess.py:93} INFO - next_execution_date => 2024-07-20 00:00:00
[2024-07-24T14:13:02.288+0900] {subprocess.py:93} INFO - prev_execution_date => 2024-07-18 00:00:00
[2024-07-24T14:13:02.288+0900] {subprocess.py:93} INFO - ts => 2024-07-19T00:00:00+00:00
[2024-07-24T14:13:02.288+0900] {subprocess.py:97} INFO - Command exited with return code 0
[2024-07-24T14:13:02.288+0900] {taskinstance.py:441} INFO - ::group::Post task execution logs
[2024-07-24T14:13:02.294+0900] {taskinstance.py:1206} INFO - Marking task as SUCCESS. dag_id=simple_bash, task_id=print.date, run_id=scheduled__2024-07-19T00:00:00+00:00, execution_date=20240719T000000, start_date=20240724T051302, end_date=20240724T051302
[2024-07-24T14:13:02.334+0900] {local_task_job_runner.py:243} INFO - Task exited with return code 0
[2024-07-24T14:13:02.344+0900] {taskinstance.py:3503} INFO - 1 downstream tasks scheduled from follow-on schedule check
[2024-07-24T14:13:02.344+0900] {local_task_job_runner.py:222} INFO - ::endgroup::
[2024-07-24T14:33:08.284+0900] {local_task_job_runner.py:120} INFO - ::group::Pre task execution logs
[2024-07-24T14:33:08.292+0900] {taskinstance.py:2076} INFO - Dependencies all met for dep_context=non-requeueable deps ti=<TaskInstance: simple_bash.print.date scheduled__2024-07-19T00:00:00+00:00 [queued]>
[2024-07-24T14:33:08.294+0900] {taskinstance.py:2076} INFO - Dependencies all met for dep_context=requeueable deps ti=<TaskInstance: simple_bash.print.date scheduled__2024-07-19T00:00:00+00:00 [queued]>
[2024-07-24T14:33:08.294+0900] {taskinstance.py:2306} INFO - Starting attempt 2 of 2
[2024-07-24T14:33:08.298+0900] {taskinstance.py:2330} INFO - Executing <Task(BashOperator): print.date> on 2024-07-19 00:00:00+00:00
[2024-07-24T14:33:08.300+0900] {standard_task_runner.py:64} INFO - Started process 92254 to run task
[2024-07-24T14:33:08.303+0900] {standard_task_runner.py:90} INFO - Running: ['airflow', 'tasks', 'run', 'simple_bash', 'print.date', 'scheduled__2024-07-19T00:00:00+00:00', '--job-id', '159', '--raw', '--subdir', 'DAGS_FOLDER/simple_bash.py', '--cfg-path', '/var/folders/qv/0knwm5h50ml0skpppwpbks_r0000gp/T/tmpolfy0obw']
[2024-07-24T14:33:08.304+0900] {standard_task_runner.py:91} INFO - Job 159: Subtask print.date
[2024-07-24T14:33:08.317+0900] {task_command.py:426} INFO - Running <TaskInstance: simple_bash.print.date scheduled__2024-07-19T00:00:00+00:00 [running]> on host jeongui-MacBookPro.local
[2024-07-24T14:33:08.334+0900] {logging_mixin.py:188} WARNING - /Users/DE32/.pyenv/versions/3.11.9/envs/note/lib/python3.11/site-packages/airflow/utils/context.py:212 AirflowContextDeprecationWarning: Accessing 'execution_date' from the template is deprecated and will be removed in a future version. Please use 'data_interval_start' or 'logical_date' instead.
[2024-07-24T14:33:08.334+0900] {logging_mixin.py:188} WARNING - /Users/DE32/.pyenv/versions/3.11.9/envs/note/lib/python3.11/site-packages/airflow/utils/context.py:212 AirflowContextDeprecationWarning: Accessing 'next_execution_date' from the template is deprecated and will be removed in a future version. Please use 'data_interval_end' instead.
[2024-07-24T14:33:08.335+0900] {logging_mixin.py:188} WARNING - /Users/DE32/.pyenv/versions/3.11.9/envs/note/lib/python3.11/site-packages/airflow/utils/context.py:212 AirflowContextDeprecationWarning: Accessing 'prev_execution_date' from the template is deprecated and will be removed in a future version.
[2024-07-24T14:33:08.342+0900] {taskinstance.py:2648} INFO - Exporting env vars: AIRFLOW_CTX_DAG_OWNER='airflow' AIRFLOW_CTX_DAG_ID='simple_bash' AIRFLOW_CTX_TASK_ID='print.date' AIRFLOW_CTX_EXECUTION_DATE='2024-07-19T00:00:00+00:00' AIRFLOW_CTX_TRY_NUMBER='2' AIRFLOW_CTX_DAG_RUN_ID='scheduled__2024-07-19T00:00:00+00:00'
[2024-07-24T14:33:08.342+0900] {taskinstance.py:430} INFO - ::endgroup::
[2024-07-24T14:33:08.348+0900] {subprocess.py:63} INFO - Tmp dir root location: /var/folders/qv/0knwm5h50ml0skpppwpbks_r0000gp/T
[2024-07-24T14:33:08.348+0900] {subprocess.py:75} INFO - Running command: ['/bin/bash', '-c', '\n            echo "date => `date`"\n            echo "ds => 2024-07-19"\n            echo "ds_nodash => 20240719"\n            echo "logical_date => 2024-07-19 00:00:00+00:00"\n            echo "logical_date => 2024-07-19 00:00:00"\n            echo "execution_date => 2024-07-19 00:00:00+00:00"\n            echo "execution_date => 2024-07-19 00:00:00"\n            echo "next_execution_date => 2024-07-20 00:00:00"\n            echo "prev_execution_date => 2024-07-18 00:00:00"\n            echo "ts => 2024-07-19T00:00:00+00:00"\n        ']
[2024-07-24T14:33:08.351+0900] {subprocess.py:86} INFO - Output:
[2024-07-24T14:33:08.354+0900] {subprocess.py:93} INFO - date => 2024년 7월 24일 수요일 14시 33분 08초 KST
[2024-07-24T14:33:08.355+0900] {subprocess.py:93} INFO - ds => 2024-07-19
[2024-07-24T14:33:08.355+0900] {subprocess.py:93} INFO - ds_nodash => 20240719
[2024-07-24T14:33:08.355+0900] {subprocess.py:93} INFO - logical_date => 2024-07-19 00:00:00+00:00
[2024-07-24T14:33:08.355+0900] {subprocess.py:93} INFO - logical_date => 2024-07-19 00:00:00
[2024-07-24T14:33:08.355+0900] {subprocess.py:93} INFO - execution_date => 2024-07-19 00:00:00+00:00
[2024-07-24T14:33:08.355+0900] {subprocess.py:93} INFO - execution_date => 2024-07-19 00:00:00
[2024-07-24T14:33:08.356+0900] {subprocess.py:93} INFO - next_execution_date => 2024-07-20 00:00:00
[2024-07-24T14:33:08.356+0900] {subprocess.py:93} INFO - prev_execution_date => 2024-07-18 00:00:00
[2024-07-24T14:33:08.356+0900] {subprocess.py:93} INFO - ts => 2024-07-19T00:00:00+00:00
[2024-07-24T14:33:08.356+0900] {subprocess.py:97} INFO - Command exited with return code 0
[2024-07-24T14:33:08.356+0900] {taskinstance.py:441} INFO - ::group::Post task execution logs
[2024-07-24T14:33:08.362+0900] {taskinstance.py:1206} INFO - Marking task as SUCCESS. dag_id=simple_bash, task_id=print.date, run_id=scheduled__2024-07-19T00:00:00+00:00, execution_date=20240719T000000, start_date=20240724T053308, end_date=20240724T053308
[2024-07-24T14:33:08.410+0900] {local_task_job_runner.py:243} INFO - Task exited with return code 0
[2024-07-24T14:33:08.419+0900] {taskinstance.py:3503} INFO - 1 downstream tasks scheduled from follow-on schedule check
[2024-07-24T14:33:08.420+0900] {local_task_job_runner.py:222} INFO - ::endgroup::
