[2024-07-24T14:10:02.258+0900] {local_task_job_runner.py:120} INFO - ::group::Pre task execution logs
[2024-07-24T14:10:02.266+0900] {taskinstance.py:2076} INFO - Dependencies all met for dep_context=non-requeueable deps ti=<TaskInstance: simple_bash.copy.log scheduled__2024-07-19T00:00:00+00:00 [queued]>
[2024-07-24T14:10:02.268+0900] {taskinstance.py:2076} INFO - Dependencies all met for dep_context=requeueable deps ti=<TaskInstance: simple_bash.copy.log scheduled__2024-07-19T00:00:00+00:00 [queued]>
[2024-07-24T14:10:02.268+0900] {taskinstance.py:2306} INFO - Starting attempt 2 of 2
[2024-07-24T14:10:02.272+0900] {taskinstance.py:2330} INFO - Executing <Task(BashOperator): copy.log> on 2024-07-19 00:00:00+00:00
[2024-07-24T14:10:02.275+0900] {standard_task_runner.py:64} INFO - Started process 89724 to run task
[2024-07-24T14:10:02.277+0900] {standard_task_runner.py:90} INFO - Running: ['airflow', 'tasks', 'run', 'simple_bash', 'copy.log', 'scheduled__2024-07-19T00:00:00+00:00', '--job-id', '40', '--raw', '--subdir', 'DAGS_FOLDER/simple_bash.py', '--cfg-path', '/var/folders/qv/0knwm5h50ml0skpppwpbks_r0000gp/T/tmpo7ou8xir']
[2024-07-24T14:10:02.278+0900] {standard_task_runner.py:91} INFO - Job 40: Subtask copy.log
[2024-07-24T14:10:02.292+0900] {task_command.py:426} INFO - Running <TaskInstance: simple_bash.copy.log scheduled__2024-07-19T00:00:00+00:00 [running]> on host jeongui-MacBookPro.local
[2024-07-24T14:10:02.314+0900] {taskinstance.py:2648} INFO - Exporting env vars: AIRFLOW_CTX_DAG_OWNER='airflow' AIRFLOW_CTX_DAG_ID='simple_bash' AIRFLOW_CTX_TASK_ID='copy.log' AIRFLOW_CTX_EXECUTION_DATE='2024-07-19T00:00:00+00:00' AIRFLOW_CTX_TRY_NUMBER='2' AIRFLOW_CTX_DAG_RUN_ID='scheduled__2024-07-19T00:00:00+00:00'
[2024-07-24T14:10:02.314+0900] {taskinstance.py:430} INFO - ::endgroup::
[2024-07-24T14:10:02.320+0900] {subprocess.py:63} INFO - Tmp dir root location: /var/folders/qv/0knwm5h50ml0skpppwpbks_r0000gp/T
[2024-07-24T14:10:02.320+0900] {subprocess.py:75} INFO - Running command: ['/bin/bash', '-c', '\n            mkdir -p ~/data/20240719\n            cp ~/logs/history_20240719*.log ~/data/20240719/\n        ']
[2024-07-24T14:10:02.323+0900] {subprocess.py:86} INFO - Output:
[2024-07-24T14:10:02.327+0900] {subprocess.py:93} INFO - cp: /Users/DE32/logs/history_20240719*.log: No such file or directory
[2024-07-24T14:10:02.327+0900] {subprocess.py:97} INFO - Command exited with return code 1
[2024-07-24T14:10:02.327+0900] {taskinstance.py:441} INFO - ::group::Post task execution logs
[2024-07-24T14:10:02.330+0900] {taskinstance.py:2905} ERROR - Task failed with exception
Traceback (most recent call last):
  File "/Users/DE32/.pyenv/versions/3.11.9/envs/note/lib/python3.11/site-packages/airflow/models/taskinstance.py", line 465, in _execute_task
    result = _execute_callable(context=context, **execute_callable_kwargs)
             ^^^^^^^^^^^^^^^^^^^^^^^^^^^^^^^^^^^^^^^^^^^^^^^^^^^^^^^^^^^^^
  File "/Users/DE32/.pyenv/versions/3.11.9/envs/note/lib/python3.11/site-packages/airflow/models/taskinstance.py", line 432, in _execute_callable
    return execute_callable(context=context, **execute_callable_kwargs)
           ^^^^^^^^^^^^^^^^^^^^^^^^^^^^^^^^^^^^^^^^^^^^^^^^^^^^^^^^^^^^
  File "/Users/DE32/.pyenv/versions/3.11.9/envs/note/lib/python3.11/site-packages/airflow/models/baseoperator.py", line 401, in wrapper
    return func(self, *args, **kwargs)
           ^^^^^^^^^^^^^^^^^^^^^^^^^^^
  File "/Users/DE32/.pyenv/versions/3.11.9/envs/note/lib/python3.11/site-packages/airflow/operators/bash.py", line 243, in execute
    raise AirflowException(
airflow.exceptions.AirflowException: Bash command failed. The command returned a non-zero exit code 1.
[2024-07-24T14:10:02.332+0900] {taskinstance.py:1206} INFO - Marking task as FAILED. dag_id=simple_bash, task_id=copy.log, run_id=scheduled__2024-07-19T00:00:00+00:00, execution_date=20240719T000000, start_date=20240724T051002, end_date=20240724T051002
[2024-07-24T14:10:02.335+0900] {standard_task_runner.py:110} ERROR - Failed to execute job 40 for task copy.log (Bash command failed. The command returned a non-zero exit code 1.; 89724)
[2024-07-24T14:10:02.379+0900] {local_task_job_runner.py:243} INFO - Task exited with return code 1
[2024-07-24T14:10:02.389+0900] {taskinstance.py:3503} INFO - 1 downstream tasks scheduled from follow-on schedule check
[2024-07-24T14:10:02.391+0900] {local_task_job_runner.py:222} INFO - ::endgroup::
[2024-07-24T14:34:20.736+0900] {local_task_job_runner.py:120} INFO - ::group::Pre task execution logs
[2024-07-24T14:34:20.744+0900] {taskinstance.py:2076} INFO - Dependencies all met for dep_context=non-requeueable deps ti=<TaskInstance: simple_bash.copy.log scheduled__2024-07-19T00:00:00+00:00 [queued]>
[2024-07-24T14:34:20.746+0900] {taskinstance.py:2076} INFO - Dependencies all met for dep_context=requeueable deps ti=<TaskInstance: simple_bash.copy.log scheduled__2024-07-19T00:00:00+00:00 [queued]>
[2024-07-24T14:34:20.747+0900] {taskinstance.py:2306} INFO - Starting attempt 2 of 2
[2024-07-24T14:34:20.750+0900] {taskinstance.py:2330} INFO - Executing <Task(BashOperator): copy.log> on 2024-07-19 00:00:00+00:00
[2024-07-24T14:34:20.753+0900] {standard_task_runner.py:64} INFO - Started process 92325 to run task
[2024-07-24T14:34:20.755+0900] {standard_task_runner.py:90} INFO - Running: ['airflow', 'tasks', 'run', 'simple_bash', 'copy.log', 'scheduled__2024-07-19T00:00:00+00:00', '--job-id', '171', '--raw', '--subdir', 'DAGS_FOLDER/simple_bash.py', '--cfg-path', '/var/folders/qv/0knwm5h50ml0skpppwpbks_r0000gp/T/tmpxqfn1lwq']
[2024-07-24T14:34:20.756+0900] {standard_task_runner.py:91} INFO - Job 171: Subtask copy.log
[2024-07-24T14:34:20.769+0900] {task_command.py:426} INFO - Running <TaskInstance: simple_bash.copy.log scheduled__2024-07-19T00:00:00+00:00 [running]> on host jeongui-MacBookPro.local
[2024-07-24T14:34:20.789+0900] {taskinstance.py:2648} INFO - Exporting env vars: AIRFLOW_CTX_DAG_OWNER='airflow' AIRFLOW_CTX_DAG_ID='simple_bash' AIRFLOW_CTX_TASK_ID='copy.log' AIRFLOW_CTX_EXECUTION_DATE='2024-07-19T00:00:00+00:00' AIRFLOW_CTX_TRY_NUMBER='2' AIRFLOW_CTX_DAG_RUN_ID='scheduled__2024-07-19T00:00:00+00:00'
[2024-07-24T14:34:20.789+0900] {taskinstance.py:430} INFO - ::endgroup::
[2024-07-24T14:34:20.796+0900] {subprocess.py:63} INFO - Tmp dir root location: /var/folders/qv/0knwm5h50ml0skpppwpbks_r0000gp/T
[2024-07-24T14:34:20.796+0900] {subprocess.py:75} INFO - Running command: ['/bin/bash', '-c', '\n            mkdir -p ~/data/20240719\n            cp ~/logs/history_20240719*.log ~/data/20240719/\n        ']
[2024-07-24T14:34:20.799+0900] {subprocess.py:86} INFO - Output:
[2024-07-24T14:34:20.803+0900] {subprocess.py:93} INFO - cp: /Users/DE32/logs/history_20240719*.log: No such file or directory
[2024-07-24T14:34:20.803+0900] {subprocess.py:97} INFO - Command exited with return code 1
[2024-07-24T14:34:20.803+0900] {taskinstance.py:441} INFO - ::group::Post task execution logs
[2024-07-24T14:34:20.806+0900] {taskinstance.py:2905} ERROR - Task failed with exception
Traceback (most recent call last):
  File "/Users/DE32/.pyenv/versions/3.11.9/envs/note/lib/python3.11/site-packages/airflow/models/taskinstance.py", line 465, in _execute_task
    result = _execute_callable(context=context, **execute_callable_kwargs)
             ^^^^^^^^^^^^^^^^^^^^^^^^^^^^^^^^^^^^^^^^^^^^^^^^^^^^^^^^^^^^^
  File "/Users/DE32/.pyenv/versions/3.11.9/envs/note/lib/python3.11/site-packages/airflow/models/taskinstance.py", line 432, in _execute_callable
    return execute_callable(context=context, **execute_callable_kwargs)
           ^^^^^^^^^^^^^^^^^^^^^^^^^^^^^^^^^^^^^^^^^^^^^^^^^^^^^^^^^^^^
  File "/Users/DE32/.pyenv/versions/3.11.9/envs/note/lib/python3.11/site-packages/airflow/models/baseoperator.py", line 401, in wrapper
    return func(self, *args, **kwargs)
           ^^^^^^^^^^^^^^^^^^^^^^^^^^^
  File "/Users/DE32/.pyenv/versions/3.11.9/envs/note/lib/python3.11/site-packages/airflow/operators/bash.py", line 243, in execute
    raise AirflowException(
airflow.exceptions.AirflowException: Bash command failed. The command returned a non-zero exit code 1.
[2024-07-24T14:34:20.809+0900] {taskinstance.py:1206} INFO - Marking task as FAILED. dag_id=simple_bash, task_id=copy.log, run_id=scheduled__2024-07-19T00:00:00+00:00, execution_date=20240719T000000, start_date=20240724T053420, end_date=20240724T053420
[2024-07-24T14:34:20.812+0900] {standard_task_runner.py:110} ERROR - Failed to execute job 171 for task copy.log (Bash command failed. The command returned a non-zero exit code 1.; 92325)
[2024-07-24T14:34:20.817+0900] {local_task_job_runner.py:243} INFO - Task exited with return code 1
[2024-07-24T14:34:20.825+0900] {taskinstance.py:3503} INFO - 1 downstream tasks scheduled from follow-on schedule check
[2024-07-24T14:34:20.826+0900] {local_task_job_runner.py:222} INFO - ::endgroup::
