[2024-07-24T14:09:37.972+0900] {local_task_job_runner.py:120} INFO - ::group::Pre task execution logs
[2024-07-24T14:09:37.979+0900] {taskinstance.py:2076} INFO - Dependencies all met for dep_context=non-requeueable deps ti=<TaskInstance: simple_bash.copy.log scheduled__2024-07-19T00:00:00+00:00 [queued]>
[2024-07-24T14:09:37.982+0900] {taskinstance.py:2076} INFO - Dependencies all met for dep_context=requeueable deps ti=<TaskInstance: simple_bash.copy.log scheduled__2024-07-19T00:00:00+00:00 [queued]>
[2024-07-24T14:09:37.982+0900] {taskinstance.py:2306} INFO - Starting attempt 1 of 2
[2024-07-24T14:09:37.986+0900] {taskinstance.py:2330} INFO - Executing <Task(BashOperator): copy.log> on 2024-07-19 00:00:00+00:00
[2024-07-24T14:09:37.988+0900] {standard_task_runner.py:64} INFO - Started process 89703 to run task
[2024-07-24T14:09:37.991+0900] {standard_task_runner.py:90} INFO - Running: ['airflow', 'tasks', 'run', 'simple_bash', 'copy.log', 'scheduled__2024-07-19T00:00:00+00:00', '--job-id', '36', '--raw', '--subdir', 'DAGS_FOLDER/simple_bash.py', '--cfg-path', '/var/folders/qv/0knwm5h50ml0skpppwpbks_r0000gp/T/tmplbmdxkig']
[2024-07-24T14:09:37.992+0900] {standard_task_runner.py:91} INFO - Job 36: Subtask copy.log
[2024-07-24T14:09:38.007+0900] {task_command.py:426} INFO - Running <TaskInstance: simple_bash.copy.log scheduled__2024-07-19T00:00:00+00:00 [running]> on host jeongui-MacBookPro.local
[2024-07-24T14:09:38.029+0900] {taskinstance.py:2648} INFO - Exporting env vars: AIRFLOW_CTX_DAG_OWNER='airflow' AIRFLOW_CTX_DAG_ID='simple_bash' AIRFLOW_CTX_TASK_ID='copy.log' AIRFLOW_CTX_EXECUTION_DATE='2024-07-19T00:00:00+00:00' AIRFLOW_CTX_TRY_NUMBER='1' AIRFLOW_CTX_DAG_RUN_ID='scheduled__2024-07-19T00:00:00+00:00'
[2024-07-24T14:09:38.030+0900] {taskinstance.py:430} INFO - ::endgroup::
[2024-07-24T14:09:38.035+0900] {subprocess.py:63} INFO - Tmp dir root location: /var/folders/qv/0knwm5h50ml0skpppwpbks_r0000gp/T
[2024-07-24T14:09:38.036+0900] {subprocess.py:75} INFO - Running command: ['/bin/bash', '-c', '\n            mkdir -p ~/data/20240719\n            cp ~/logs/history_20240719*.log ~/data/20240719/\n        ']
[2024-07-24T14:09:38.038+0900] {subprocess.py:86} INFO - Output:
[2024-07-24T14:09:38.043+0900] {subprocess.py:93} INFO - cp: /Users/DE32/logs/history_20240719*.log: No such file or directory
[2024-07-24T14:09:38.043+0900] {subprocess.py:97} INFO - Command exited with return code 1
[2024-07-24T14:09:38.043+0900] {taskinstance.py:441} INFO - ::group::Post task execution logs
[2024-07-24T14:09:38.046+0900] {taskinstance.py:2905} ERROR - Task failed with exception
Traceback (most recent call last):
  File "/Users/DE32/.pyenv/versions/3.11.9/envs/note/lib/python3.11/site-packages/airflow/models/taskinstance.py", line 465, in _execute_task
    result = _execute_callable(context=context, **execute_callable_kwargs)
             ^^^^^^^^^^^^^^^^^^^^^^^^^^^^^^^^^^^^^^^^^^^^^^^^^^^^^^^^^^^^^
  File "/Users/DE32/.pyenv/versions/3.11.9/envs/note/lib/python3.11/site-packages/airflow/models/taskinstance.py", line 432, in _execute_callable
    return execute_callable(context=context, **execute_callable_kwargs)
           ^^^^^^^^^^^^^^^^^^^^^^^^^^^^^^^^^^^^^^^^^^^^^^^^^^^^^^^^^^^^
  File "/Users/DE32/.pyenv/versions/3.11.9/envs/note/lib/python3.11/site-packages/airflow/models/baseoperator.py", line 401, in wrapper
    return func(self, *args, **kwargs)
           ^^^^^^^^^^^^^^^^^^^^^^^^^^^
  File "/Users/DE32/.pyenv/versions/3.11.9/envs/note/lib/python3.11/site-packages/airflow/operators/bash.py", line 243, in execute
    raise AirflowException(
airflow.exceptions.AirflowException: Bash command failed. The command returned a non-zero exit code 1.
[2024-07-24T14:09:38.049+0900] {taskinstance.py:1206} INFO - Marking task as UP_FOR_RETRY. dag_id=simple_bash, task_id=copy.log, run_id=scheduled__2024-07-19T00:00:00+00:00, execution_date=20240719T000000, start_date=20240724T050937, end_date=20240724T050938
[2024-07-24T14:09:38.052+0900] {standard_task_runner.py:110} ERROR - Failed to execute job 36 for task copy.log (Bash command failed. The command returned a non-zero exit code 1.; 89703)
[2024-07-24T14:09:38.098+0900] {local_task_job_runner.py:243} INFO - Task exited with return code 1
[2024-07-24T14:09:38.107+0900] {taskinstance.py:3503} INFO - 0 downstream tasks scheduled from follow-on schedule check
[2024-07-24T14:09:38.107+0900] {local_task_job_runner.py:222} INFO - ::endgroup::
[2024-07-24T14:21:49.997+0900] {local_task_job_runner.py:120} INFO - ::group::Pre task execution logs
[2024-07-24T14:21:50.004+0900] {taskinstance.py:2076} INFO - Dependencies all met for dep_context=non-requeueable deps ti=<TaskInstance: simple_bash.copy.log scheduled__2024-07-19T00:00:00+00:00 [queued]>
[2024-07-24T14:21:50.010+0900] {taskinstance.py:2076} INFO - Dependencies all met for dep_context=requeueable deps ti=<TaskInstance: simple_bash.copy.log scheduled__2024-07-19T00:00:00+00:00 [queued]>
[2024-07-24T14:21:50.010+0900] {taskinstance.py:2306} INFO - Starting attempt 1 of 1
[2024-07-24T14:21:50.016+0900] {taskinstance.py:2330} INFO - Executing <Task(BashOperator): copy.log> on 2024-07-19 00:00:00+00:00
[2024-07-24T14:21:50.019+0900] {standard_task_runner.py:64} INFO - Started process 91033 to run task
[2024-07-24T14:21:50.022+0900] {standard_task_runner.py:90} INFO - Running: ['airflow', 'tasks', 'run', 'simple_bash', 'copy.log', 'scheduled__2024-07-19T00:00:00+00:00', '--job-id', '132', '--raw', '--subdir', 'DAGS_FOLDER/simple_bash.py', '--cfg-path', '/var/folders/qv/0knwm5h50ml0skpppwpbks_r0000gp/T/tmpb_f0bpbz']
[2024-07-24T14:21:50.024+0900] {standard_task_runner.py:91} INFO - Job 132: Subtask copy.log
[2024-07-24T14:21:50.039+0900] {task_command.py:426} INFO - Running <TaskInstance: simple_bash.copy.log scheduled__2024-07-19T00:00:00+00:00 [running]> on host jeongui-MacBookPro.local
[2024-07-24T14:21:50.062+0900] {taskinstance.py:2648} INFO - Exporting env vars: AIRFLOW_CTX_DAG_OWNER='airflow' AIRFLOW_CTX_DAG_ID='simple_bash' AIRFLOW_CTX_TASK_ID='copy.log' AIRFLOW_CTX_EXECUTION_DATE='2024-07-19T00:00:00+00:00' AIRFLOW_CTX_TRY_NUMBER='1' AIRFLOW_CTX_DAG_RUN_ID='scheduled__2024-07-19T00:00:00+00:00'
[2024-07-24T14:21:50.062+0900] {taskinstance.py:430} INFO - ::endgroup::
[2024-07-24T14:21:50.068+0900] {subprocess.py:63} INFO - Tmp dir root location: /var/folders/qv/0knwm5h50ml0skpppwpbks_r0000gp/T
[2024-07-24T14:21:50.069+0900] {subprocess.py:75} INFO - Running command: ['/bin/bash', '-c', '\n            mkdir -p ~/data/20240719\n            cp ~/logs/history_20240719*.log ~/data/20240719/\n        ']
[2024-07-24T14:21:50.072+0900] {subprocess.py:86} INFO - Output:
[2024-07-24T14:21:50.075+0900] {subprocess.py:93} INFO - cp: /Users/DE32/logs/history_20240719*.log: No such file or directory
[2024-07-24T14:21:50.075+0900] {subprocess.py:97} INFO - Command exited with return code 1
[2024-07-24T14:21:50.076+0900] {taskinstance.py:441} INFO - ::group::Post task execution logs
[2024-07-24T14:21:50.079+0900] {taskinstance.py:2905} ERROR - Task failed with exception
Traceback (most recent call last):
  File "/Users/DE32/.pyenv/versions/3.11.9/envs/note/lib/python3.11/site-packages/airflow/models/taskinstance.py", line 465, in _execute_task
    result = _execute_callable(context=context, **execute_callable_kwargs)
             ^^^^^^^^^^^^^^^^^^^^^^^^^^^^^^^^^^^^^^^^^^^^^^^^^^^^^^^^^^^^^
  File "/Users/DE32/.pyenv/versions/3.11.9/envs/note/lib/python3.11/site-packages/airflow/models/taskinstance.py", line 432, in _execute_callable
    return execute_callable(context=context, **execute_callable_kwargs)
           ^^^^^^^^^^^^^^^^^^^^^^^^^^^^^^^^^^^^^^^^^^^^^^^^^^^^^^^^^^^^
  File "/Users/DE32/.pyenv/versions/3.11.9/envs/note/lib/python3.11/site-packages/airflow/models/baseoperator.py", line 401, in wrapper
    return func(self, *args, **kwargs)
           ^^^^^^^^^^^^^^^^^^^^^^^^^^^
  File "/Users/DE32/.pyenv/versions/3.11.9/envs/note/lib/python3.11/site-packages/airflow/operators/bash.py", line 243, in execute
    raise AirflowException(
airflow.exceptions.AirflowException: Bash command failed. The command returned a non-zero exit code 1.
[2024-07-24T14:21:50.082+0900] {taskinstance.py:1206} INFO - Marking task as FAILED. dag_id=simple_bash, task_id=copy.log, run_id=scheduled__2024-07-19T00:00:00+00:00, execution_date=20240719T000000, start_date=20240724T052150, end_date=20240724T052150
[2024-07-24T14:21:50.085+0900] {standard_task_runner.py:110} ERROR - Failed to execute job 132 for task copy.log (Bash command failed. The command returned a non-zero exit code 1.; 91033)
[2024-07-24T14:21:50.126+0900] {local_task_job_runner.py:243} INFO - Task exited with return code 1
[2024-07-24T14:21:50.135+0900] {taskinstance.py:3503} INFO - 1 downstream tasks scheduled from follow-on schedule check
[2024-07-24T14:21:50.137+0900] {local_task_job_runner.py:222} INFO - ::endgroup::
