[2024-07-31T10:36:51.945+0900] {local_task_job_runner.py:120} INFO - ::group::Pre task execution logs
[2024-07-31T10:36:51.959+0900] {taskinstance.py:2076} INFO - Dependencies all met for dep_context=non-requeueable deps ti=<TaskInstance: movie.rm.dir scheduled__2024-07-28T02:10:00+00:00 [queued]>
[2024-07-31T10:36:51.964+0900] {taskinstance.py:2076} INFO - Dependencies all met for dep_context=requeueable deps ti=<TaskInstance: movie.rm.dir scheduled__2024-07-28T02:10:00+00:00 [queued]>
[2024-07-31T10:36:51.964+0900] {taskinstance.py:2306} INFO - Starting attempt 1 of 2
[2024-07-31T10:36:51.969+0900] {taskinstance.py:2330} INFO - Executing <Task(BashOperator): rm.dir> on 2024-07-28 02:10:00+00:00
[2024-07-31T10:36:51.972+0900] {standard_task_runner.py:64} INFO - Started process 9579 to run task
[2024-07-31T10:36:51.975+0900] {standard_task_runner.py:90} INFO - Running: ['airflow', 'tasks', 'run', 'movie', 'rm.dir', 'scheduled__2024-07-28T02:10:00+00:00', '--job-id', '709', '--raw', '--subdir', 'DAGS_FOLDER/movie.py', '--cfg-path', '/var/folders/qv/0knwm5h50ml0skpppwpbks_r0000gp/T/tmpjkfeo8si']
[2024-07-31T10:36:51.976+0900] {standard_task_runner.py:91} INFO - Job 709: Subtask rm.dir
[2024-07-31T10:36:51.990+0900] {task_command.py:426} INFO - Running <TaskInstance: movie.rm.dir scheduled__2024-07-28T02:10:00+00:00 [running]> on host jeongui-MacBookPro.local
[2024-07-31T10:36:52.011+0900] {taskinstance.py:2648} INFO - Exporting env vars: AIRFLOW_CTX_DAG_OWNER='airflow' AIRFLOW_CTX_DAG_ID='movie' AIRFLOW_CTX_TASK_ID='rm.dir' AIRFLOW_CTX_EXECUTION_DATE='2024-07-28T02:10:00+00:00' AIRFLOW_CTX_TRY_NUMBER='1' AIRFLOW_CTX_DAG_RUN_ID='scheduled__2024-07-28T02:10:00+00:00'
[2024-07-31T10:36:52.011+0900] {taskinstance.py:430} INFO - ::endgroup::
[2024-07-31T10:36:52.017+0900] {subprocess.py:63} INFO - Tmp dir root location: /var/folders/qv/0knwm5h50ml0skpppwpbks_r0000gp/T
[2024-07-31T10:36:52.017+0900] {subprocess.py:75} INFO - Running command: ['/bin/bash', '-c', 'rm -rf ~/tmp/test_parquet/load_dt=20240728']
[2024-07-31T10:36:52.020+0900] {subprocess.py:86} INFO - Output:
[2024-07-31T10:36:52.023+0900] {subprocess.py:97} INFO - Command exited with return code 0
[2024-07-31T10:36:52.024+0900] {taskinstance.py:441} INFO - ::group::Post task execution logs
[2024-07-31T10:36:52.030+0900] {taskinstance.py:1206} INFO - Marking task as SUCCESS. dag_id=movie, task_id=rm.dir, run_id=scheduled__2024-07-28T02:10:00+00:00, execution_date=20240728T021000, start_date=20240731T013651, end_date=20240731T013652
[2024-07-31T10:36:52.037+0900] {local_task_job_runner.py:243} INFO - Task exited with return code 0
[2024-07-31T10:36:52.046+0900] {taskinstance.py:3503} INFO - 1 downstream tasks scheduled from follow-on schedule check
[2024-07-31T10:36:52.046+0900] {local_task_job_runner.py:222} INFO - ::endgroup::
[2024-07-31T16:40:42.072+0900] {local_task_job_runner.py:120} INFO - ::group::Pre task execution logs
[2024-07-31T16:40:42.086+0900] {taskinstance.py:2076} INFO - Dependencies all met for dep_context=non-requeueable deps ti=<TaskInstance: movie.rm.dir scheduled__2024-07-28T02:10:00+00:00 [queued]>
[2024-07-31T16:40:42.090+0900] {taskinstance.py:2076} INFO - Dependencies all met for dep_context=requeueable deps ti=<TaskInstance: movie.rm.dir scheduled__2024-07-28T02:10:00+00:00 [queued]>
[2024-07-31T16:40:42.090+0900] {taskinstance.py:2306} INFO - Starting attempt 1 of 2
[2024-07-31T16:40:42.096+0900] {taskinstance.py:2330} INFO - Executing <Task(BashOperator): rm.dir> on 2024-07-28 02:10:00+00:00
[2024-07-31T16:40:42.099+0900] {standard_task_runner.py:64} INFO - Started process 19768 to run task
[2024-07-31T16:40:42.101+0900] {standard_task_runner.py:90} INFO - Running: ['airflow', 'tasks', 'run', 'movie', 'rm.dir', 'scheduled__2024-07-28T02:10:00+00:00', '--job-id', '825', '--raw', '--subdir', 'DAGS_FOLDER/movie.py', '--cfg-path', '/var/folders/qv/0knwm5h50ml0skpppwpbks_r0000gp/T/tmp6bzlx9fv']
[2024-07-31T16:40:42.103+0900] {standard_task_runner.py:91} INFO - Job 825: Subtask rm.dir
[2024-07-31T16:40:42.117+0900] {task_command.py:426} INFO - Running <TaskInstance: movie.rm.dir scheduled__2024-07-28T02:10:00+00:00 [running]> on host jeongui-MacBookPro.local
[2024-07-31T16:40:42.136+0900] {taskinstance.py:2648} INFO - Exporting env vars: AIRFLOW_CTX_DAG_OWNER='airflow' AIRFLOW_CTX_DAG_ID='movie' AIRFLOW_CTX_TASK_ID='rm.dir' AIRFLOW_CTX_EXECUTION_DATE='2024-07-28T02:10:00+00:00' AIRFLOW_CTX_TRY_NUMBER='1' AIRFLOW_CTX_DAG_RUN_ID='scheduled__2024-07-28T02:10:00+00:00'
[2024-07-31T16:40:42.136+0900] {taskinstance.py:430} INFO - ::endgroup::
[2024-07-31T16:40:42.142+0900] {subprocess.py:63} INFO - Tmp dir root location: /var/folders/qv/0knwm5h50ml0skpppwpbks_r0000gp/T
[2024-07-31T16:40:42.142+0900] {subprocess.py:75} INFO - Running command: ['/bin/bash', '-c', 'rm -rf ~/tmp/test_parquet/load_dt=20240728']
[2024-07-31T16:40:42.145+0900] {subprocess.py:86} INFO - Output:
[2024-07-31T16:40:42.148+0900] {subprocess.py:97} INFO - Command exited with return code 0
[2024-07-31T16:40:42.149+0900] {taskinstance.py:441} INFO - ::group::Post task execution logs
[2024-07-31T16:40:42.154+0900] {taskinstance.py:1206} INFO - Marking task as SUCCESS. dag_id=movie, task_id=rm.dir, run_id=scheduled__2024-07-28T02:10:00+00:00, execution_date=20240728T021000, start_date=20240731T074042, end_date=20240731T074042
[2024-07-31T16:40:42.175+0900] {local_task_job_runner.py:243} INFO - Task exited with return code 0
[2024-07-31T16:40:42.183+0900] {taskinstance.py:3503} INFO - 0 downstream tasks scheduled from follow-on schedule check
[2024-07-31T16:40:42.183+0900] {local_task_job_runner.py:222} INFO - ::endgroup::
