[2024-07-24T16:12:05.443+0900] {local_task_job_runner.py:120} INFO - ::group::Pre task execution logs
[2024-07-24T16:12:05.450+0900] {taskinstance.py:2076} INFO - Dependencies all met for dep_context=non-requeueable deps ti=<TaskInstance: make_parquet.err.report scheduled__2024-07-23T04:10:00+00:00 [queued]>
[2024-07-24T16:12:05.453+0900] {taskinstance.py:2076} INFO - Dependencies all met for dep_context=requeueable deps ti=<TaskInstance: make_parquet.err.report scheduled__2024-07-23T04:10:00+00:00 [queued]>
[2024-07-24T16:12:05.453+0900] {taskinstance.py:2306} INFO - Starting attempt 1 of 2
[2024-07-24T16:12:05.457+0900] {taskinstance.py:2330} INFO - Executing <Task(BashOperator): err.report> on 2024-07-23 04:10:00+00:00
[2024-07-24T16:12:05.459+0900] {standard_task_runner.py:64} INFO - Started process 98285 to run task
[2024-07-24T16:12:05.461+0900] {standard_task_runner.py:90} INFO - Running: ['airflow', 'tasks', 'run', 'make_parquet', 'err.report', 'scheduled__2024-07-23T04:10:00+00:00', '--job-id', '401', '--raw', '--subdir', 'DAGS_FOLDER/make_parquet.py', '--cfg-path', '/var/folders/qv/0knwm5h50ml0skpppwpbks_r0000gp/T/tmpkylouz59']
[2024-07-24T16:12:05.463+0900] {standard_task_runner.py:91} INFO - Job 401: Subtask err.report
[2024-07-24T16:12:05.476+0900] {task_command.py:426} INFO - Running <TaskInstance: make_parquet.err.report scheduled__2024-07-23T04:10:00+00:00 [running]> on host jeongui-MacBookPro.local
[2024-07-24T16:12:05.498+0900] {taskinstance.py:2648} INFO - Exporting env vars: AIRFLOW_CTX_DAG_OWNER='airflow' AIRFLOW_CTX_DAG_ID='make_parquet' AIRFLOW_CTX_TASK_ID='err.report' AIRFLOW_CTX_EXECUTION_DATE='2024-07-23T04:10:00+00:00' AIRFLOW_CTX_TRY_NUMBER='1' AIRFLOW_CTX_DAG_RUN_ID='scheduled__2024-07-23T04:10:00+00:00'
[2024-07-24T16:12:05.498+0900] {taskinstance.py:430} INFO - ::endgroup::
[2024-07-24T16:12:05.504+0900] {subprocess.py:63} INFO - Tmp dir root location: /var/folders/qv/0knwm5h50ml0skpppwpbks_r0000gp/T
[2024-07-24T16:12:05.505+0900] {subprocess.py:75} INFO - Running command: ['/bin/bash', '-c', '\n            echo "err report"\n        ']
[2024-07-24T16:12:05.508+0900] {subprocess.py:86} INFO - Output:
[2024-07-24T16:12:05.510+0900] {subprocess.py:93} INFO - err report
[2024-07-24T16:12:05.511+0900] {subprocess.py:97} INFO - Command exited with return code 0
[2024-07-24T16:12:05.511+0900] {taskinstance.py:441} INFO - ::group::Post task execution logs
[2024-07-24T16:12:05.521+0900] {taskinstance.py:1206} INFO - Marking task as SUCCESS. dag_id=make_parquet, task_id=err.report, run_id=scheduled__2024-07-23T04:10:00+00:00, execution_date=20240723T041000, start_date=20240724T071205, end_date=20240724T071205
[2024-07-24T16:12:05.567+0900] {local_task_job_runner.py:243} INFO - Task exited with return code 0
[2024-07-24T16:12:05.573+0900] {taskinstance.py:3503} INFO - 0 downstream tasks scheduled from follow-on schedule check
[2024-07-24T16:12:05.573+0900] {local_task_job_runner.py:222} INFO - ::endgroup::
[2024-07-24T17:09:29.608+0900] {local_task_job_runner.py:120} INFO - ::group::Pre task execution logs
[2024-07-24T17:09:29.616+0900] {taskinstance.py:2076} INFO - Dependencies all met for dep_context=non-requeueable deps ti=<TaskInstance: make_parquet.err.report scheduled__2024-07-23T04:10:00+00:00 [queued]>
[2024-07-24T17:09:29.618+0900] {taskinstance.py:2076} INFO - Dependencies all met for dep_context=requeueable deps ti=<TaskInstance: make_parquet.err.report scheduled__2024-07-23T04:10:00+00:00 [queued]>
[2024-07-24T17:09:29.618+0900] {taskinstance.py:2306} INFO - Starting attempt 1 of 2
[2024-07-24T17:09:29.623+0900] {taskinstance.py:2330} INFO - Executing <Task(BashOperator): err.report> on 2024-07-23 04:10:00+00:00
[2024-07-24T17:09:29.625+0900] {standard_task_runner.py:64} INFO - Started process 4631 to run task
[2024-07-24T17:09:29.628+0900] {standard_task_runner.py:90} INFO - Running: ['airflow', 'tasks', 'run', 'make_parquet', 'err.report', 'scheduled__2024-07-23T04:10:00+00:00', '--job-id', '413', '--raw', '--subdir', 'DAGS_FOLDER/make_parquet.py', '--cfg-path', '/var/folders/qv/0knwm5h50ml0skpppwpbks_r0000gp/T/tmpgaupc0z3']
[2024-07-24T17:09:29.630+0900] {standard_task_runner.py:91} INFO - Job 413: Subtask err.report
[2024-07-24T17:09:29.647+0900] {task_command.py:426} INFO - Running <TaskInstance: make_parquet.err.report scheduled__2024-07-23T04:10:00+00:00 [running]> on host jeongui-MacBookPro.local
[2024-07-24T17:09:29.672+0900] {taskinstance.py:2648} INFO - Exporting env vars: AIRFLOW_CTX_DAG_OWNER='airflow' AIRFLOW_CTX_DAG_ID='make_parquet' AIRFLOW_CTX_TASK_ID='err.report' AIRFLOW_CTX_EXECUTION_DATE='2024-07-23T04:10:00+00:00' AIRFLOW_CTX_TRY_NUMBER='1' AIRFLOW_CTX_DAG_RUN_ID='scheduled__2024-07-23T04:10:00+00:00'
[2024-07-24T17:09:29.672+0900] {taskinstance.py:430} INFO - ::endgroup::
[2024-07-24T17:09:29.678+0900] {subprocess.py:63} INFO - Tmp dir root location: /var/folders/qv/0knwm5h50ml0skpppwpbks_r0000gp/T
[2024-07-24T17:09:29.679+0900] {subprocess.py:75} INFO - Running command: ['/bin/bash', '-c', '\n        ']
[2024-07-24T17:09:29.683+0900] {subprocess.py:86} INFO - Output:
[2024-07-24T17:09:29.685+0900] {subprocess.py:97} INFO - Command exited with return code 0
[2024-07-24T17:09:29.686+0900] {taskinstance.py:441} INFO - ::group::Post task execution logs
[2024-07-24T17:09:29.692+0900] {taskinstance.py:1206} INFO - Marking task as SUCCESS. dag_id=make_parquet, task_id=err.report, run_id=scheduled__2024-07-23T04:10:00+00:00, execution_date=20240723T041000, start_date=20240724T080929, end_date=20240724T080929
[2024-07-24T17:09:29.731+0900] {local_task_job_runner.py:243} INFO - Task exited with return code 0
[2024-07-24T17:09:29.737+0900] {taskinstance.py:3503} INFO - 0 downstream tasks scheduled from follow-on schedule check
[2024-07-24T17:09:29.738+0900] {local_task_job_runner.py:222} INFO - ::endgroup::
