[2024-07-24T12:44:01.519+0900] {local_task_job_runner.py:120} INFO - ::group::Pre task execution logs
[2024-07-24T12:44:01.526+0900] {taskinstance.py:2066} INFO - Dependencies not met for <TaskInstance: simple_bash.print.date scheduled__2024-07-16T00:00:00+00:00 [None]>, dependency 'Trigger Rule' FAILED: Task's trigger rule 'all_success' requires all upstream tasks to have succeeded, but found 1 non-success(es). upstream_states=_UpstreamTIStates(success=0, skipped=0, failed=0, upstream_failed=0, removed=0, done=0, success_setup=0, skipped_setup=0), upstream_task_ids={'start'}
[2024-07-24T12:44:01.526+0900] {local_task_job_runner.py:163} INFO - Task is not able to be run
[2024-07-24T14:07:32.373+0900] {local_task_job_runner.py:120} INFO - ::group::Pre task execution logs
[2024-07-24T14:07:32.382+0900] {taskinstance.py:2076} INFO - Dependencies all met for dep_context=non-requeueable deps ti=<TaskInstance: simple_bash.print.date scheduled__2024-07-16T00:00:00+00:00 [queued]>
[2024-07-24T14:07:32.384+0900] {taskinstance.py:2076} INFO - Dependencies all met for dep_context=requeueable deps ti=<TaskInstance: simple_bash.print.date scheduled__2024-07-16T00:00:00+00:00 [queued]>
[2024-07-24T14:07:32.384+0900] {taskinstance.py:2306} INFO - Starting attempt 1 of 2
[2024-07-24T14:07:32.388+0900] {taskinstance.py:2330} INFO - Executing <Task(BashOperator): print.date> on 2024-07-16 00:00:00+00:00
[2024-07-24T14:07:32.391+0900] {standard_task_runner.py:64} INFO - Started process 89531 to run task
[2024-07-24T14:07:32.395+0900] {standard_task_runner.py:90} INFO - Running: ['airflow', 'tasks', 'run', 'simple_bash', 'print.date', 'scheduled__2024-07-16T00:00:00+00:00', '--job-id', '15', '--raw', '--subdir', 'DAGS_FOLDER/simple_bash.py', '--cfg-path', '/var/folders/qv/0knwm5h50ml0skpppwpbks_r0000gp/T/tmp4z8hy2rg']
[2024-07-24T14:07:32.396+0900] {standard_task_runner.py:91} INFO - Job 15: Subtask print.date
[2024-07-24T14:07:32.411+0900] {task_command.py:426} INFO - Running <TaskInstance: simple_bash.print.date scheduled__2024-07-16T00:00:00+00:00 [running]> on host jeongui-MacBookPro.local
[2024-07-24T14:07:32.428+0900] {logging_mixin.py:188} WARNING - /Users/DE32/.pyenv/versions/3.11.9/envs/note/lib/python3.11/site-packages/airflow/utils/context.py:212 AirflowContextDeprecationWarning: Accessing 'execution_date' from the template is deprecated and will be removed in a future version. Please use 'data_interval_start' or 'logical_date' instead.
[2024-07-24T14:07:32.429+0900] {logging_mixin.py:188} WARNING - /Users/DE32/.pyenv/versions/3.11.9/envs/note/lib/python3.11/site-packages/airflow/utils/context.py:212 AirflowContextDeprecationWarning: Accessing 'next_execution_date' from the template is deprecated and will be removed in a future version. Please use 'data_interval_end' instead.
[2024-07-24T14:07:32.429+0900] {logging_mixin.py:188} WARNING - /Users/DE32/.pyenv/versions/3.11.9/envs/note/lib/python3.11/site-packages/airflow/utils/context.py:212 AirflowContextDeprecationWarning: Accessing 'prev_execution_date' from the template is deprecated and will be removed in a future version.
[2024-07-24T14:07:32.438+0900] {taskinstance.py:2648} INFO - Exporting env vars: AIRFLOW_CTX_DAG_OWNER='airflow' AIRFLOW_CTX_DAG_ID='simple_bash' AIRFLOW_CTX_TASK_ID='print.date' AIRFLOW_CTX_EXECUTION_DATE='2024-07-16T00:00:00+00:00' AIRFLOW_CTX_TRY_NUMBER='1' AIRFLOW_CTX_DAG_RUN_ID='scheduled__2024-07-16T00:00:00+00:00'
[2024-07-24T14:07:32.439+0900] {taskinstance.py:430} INFO - ::endgroup::
[2024-07-24T14:07:32.445+0900] {subprocess.py:63} INFO - Tmp dir root location: /var/folders/qv/0knwm5h50ml0skpppwpbks_r0000gp/T
[2024-07-24T14:07:32.445+0900] {subprocess.py:75} INFO - Running command: ['/bin/bash', '-c', '\n            echo "date => `date`"\n            echo "ds => 2024-07-16"\n            echo "ds_nodash => 20240716"\n            echo "logical_date => 2024-07-16 00:00:00+00:00"\n            echo "logical_date => 2024-07-16 00:00:00"\n            echo "execution_date => 2024-07-16 00:00:00+00:00"\n            echo "execution_date => 2024-07-16 00:00:00"\n            echo "next_execution_date => 2024-07-17 00:00:00"\n            echo "prev_execution_date => 2024-07-15 00:00:00"\n            echo "ts => 2024-07-16T00:00:00+00:00"\n        ']
[2024-07-24T14:07:32.449+0900] {subprocess.py:86} INFO - Output:
[2024-07-24T14:07:32.455+0900] {subprocess.py:93} INFO - date => 2024년 7월 24일 수요일 14시 07분 32초 KST
[2024-07-24T14:07:32.456+0900] {subprocess.py:93} INFO - ds => 2024-07-16
[2024-07-24T14:07:32.456+0900] {subprocess.py:93} INFO - ds_nodash => 20240716
[2024-07-24T14:07:32.456+0900] {subprocess.py:93} INFO - logical_date => 2024-07-16 00:00:00+00:00
[2024-07-24T14:07:32.456+0900] {subprocess.py:93} INFO - logical_date => 2024-07-16 00:00:00
[2024-07-24T14:07:32.457+0900] {subprocess.py:93} INFO - execution_date => 2024-07-16 00:00:00+00:00
[2024-07-24T14:07:32.457+0900] {subprocess.py:93} INFO - execution_date => 2024-07-16 00:00:00
[2024-07-24T14:07:32.457+0900] {subprocess.py:93} INFO - next_execution_date => 2024-07-17 00:00:00
[2024-07-24T14:07:32.457+0900] {subprocess.py:93} INFO - prev_execution_date => 2024-07-15 00:00:00
[2024-07-24T14:07:32.457+0900] {subprocess.py:93} INFO - ts => 2024-07-16T00:00:00+00:00
[2024-07-24T14:07:32.458+0900] {subprocess.py:97} INFO - Command exited with return code 0
[2024-07-24T14:07:32.458+0900] {taskinstance.py:441} INFO - ::group::Post task execution logs
[2024-07-24T14:07:32.465+0900] {taskinstance.py:1206} INFO - Marking task as SUCCESS. dag_id=simple_bash, task_id=print.date, run_id=scheduled__2024-07-16T00:00:00+00:00, execution_date=20240716T000000, start_date=20240724T050732, end_date=20240724T050732
[2024-07-24T14:07:32.501+0900] {local_task_job_runner.py:243} INFO - Task exited with return code 0
[2024-07-24T14:07:32.512+0900] {taskinstance.py:3503} INFO - 1 downstream tasks scheduled from follow-on schedule check
[2024-07-24T14:07:32.512+0900] {local_task_job_runner.py:222} INFO - ::endgroup::
[2024-07-24T14:19:44.362+0900] {local_task_job_runner.py:120} INFO - ::group::Pre task execution logs
[2024-07-24T14:19:44.369+0900] {taskinstance.py:2076} INFO - Dependencies all met for dep_context=non-requeueable deps ti=<TaskInstance: simple_bash.print.date scheduled__2024-07-16T00:00:00+00:00 [queued]>
[2024-07-24T14:19:44.371+0900] {taskinstance.py:2076} INFO - Dependencies all met for dep_context=requeueable deps ti=<TaskInstance: simple_bash.print.date scheduled__2024-07-16T00:00:00+00:00 [queued]>
[2024-07-24T14:19:44.371+0900] {taskinstance.py:2306} INFO - Starting attempt 1 of 1
[2024-07-24T14:19:44.375+0900] {taskinstance.py:2330} INFO - Executing <Task(BashOperator): print.date> on 2024-07-16 00:00:00+00:00
[2024-07-24T14:19:44.378+0900] {standard_task_runner.py:64} INFO - Started process 90743 to run task
[2024-07-24T14:19:44.380+0900] {standard_task_runner.py:90} INFO - Running: ['airflow', 'tasks', 'run', 'simple_bash', 'print.date', 'scheduled__2024-07-16T00:00:00+00:00', '--job-id', '111', '--raw', '--subdir', 'DAGS_FOLDER/simple_bash.py', '--cfg-path', '/var/folders/qv/0knwm5h50ml0skpppwpbks_r0000gp/T/tmpr469tjbn']
[2024-07-24T14:19:44.381+0900] {standard_task_runner.py:91} INFO - Job 111: Subtask print.date
[2024-07-24T14:19:44.395+0900] {task_command.py:426} INFO - Running <TaskInstance: simple_bash.print.date scheduled__2024-07-16T00:00:00+00:00 [running]> on host jeongui-MacBookPro.local
[2024-07-24T14:19:44.411+0900] {logging_mixin.py:188} WARNING - /Users/DE32/.pyenv/versions/3.11.9/envs/note/lib/python3.11/site-packages/airflow/utils/context.py:212 AirflowContextDeprecationWarning: Accessing 'execution_date' from the template is deprecated and will be removed in a future version. Please use 'data_interval_start' or 'logical_date' instead.
[2024-07-24T14:19:44.411+0900] {logging_mixin.py:188} WARNING - /Users/DE32/.pyenv/versions/3.11.9/envs/note/lib/python3.11/site-packages/airflow/utils/context.py:212 AirflowContextDeprecationWarning: Accessing 'next_execution_date' from the template is deprecated and will be removed in a future version. Please use 'data_interval_end' instead.
[2024-07-24T14:19:44.412+0900] {logging_mixin.py:188} WARNING - /Users/DE32/.pyenv/versions/3.11.9/envs/note/lib/python3.11/site-packages/airflow/utils/context.py:212 AirflowContextDeprecationWarning: Accessing 'prev_execution_date' from the template is deprecated and will be removed in a future version.
[2024-07-24T14:19:44.421+0900] {taskinstance.py:2648} INFO - Exporting env vars: AIRFLOW_CTX_DAG_OWNER='airflow' AIRFLOW_CTX_DAG_ID='simple_bash' AIRFLOW_CTX_TASK_ID='print.date' AIRFLOW_CTX_EXECUTION_DATE='2024-07-16T00:00:00+00:00' AIRFLOW_CTX_TRY_NUMBER='1' AIRFLOW_CTX_DAG_RUN_ID='scheduled__2024-07-16T00:00:00+00:00'
[2024-07-24T14:19:44.421+0900] {taskinstance.py:430} INFO - ::endgroup::
[2024-07-24T14:19:44.427+0900] {subprocess.py:63} INFO - Tmp dir root location: /var/folders/qv/0knwm5h50ml0skpppwpbks_r0000gp/T
[2024-07-24T14:19:44.428+0900] {subprocess.py:75} INFO - Running command: ['/bin/bash', '-c', '\n            echo "date => `date`"\n            echo "ds => 2024-07-16"\n            echo "ds_nodash => 20240716"\n            echo "logical_date => 2024-07-16 00:00:00+00:00"\n            echo "logical_date => 2024-07-16 00:00:00"\n            echo "execution_date => 2024-07-16 00:00:00+00:00"\n            echo "execution_date => 2024-07-16 00:00:00"\n            echo "next_execution_date => 2024-07-17 00:00:00"\n            echo "prev_execution_date => 2024-07-15 00:00:00"\n            echo "ts => 2024-07-16T00:00:00+00:00"\n        ']
[2024-07-24T14:19:44.431+0900] {subprocess.py:86} INFO - Output:
[2024-07-24T14:19:44.435+0900] {subprocess.py:93} INFO - date => 2024년 7월 24일 수요일 14시 19분 44초 KST
[2024-07-24T14:19:44.435+0900] {subprocess.py:93} INFO - ds => 2024-07-16
[2024-07-24T14:19:44.435+0900] {subprocess.py:93} INFO - ds_nodash => 20240716
[2024-07-24T14:19:44.436+0900] {subprocess.py:93} INFO - logical_date => 2024-07-16 00:00:00+00:00
[2024-07-24T14:19:44.436+0900] {subprocess.py:93} INFO - logical_date => 2024-07-16 00:00:00
[2024-07-24T14:19:44.436+0900] {subprocess.py:93} INFO - execution_date => 2024-07-16 00:00:00+00:00
[2024-07-24T14:19:44.436+0900] {subprocess.py:93} INFO - execution_date => 2024-07-16 00:00:00
[2024-07-24T14:19:44.436+0900] {subprocess.py:93} INFO - next_execution_date => 2024-07-17 00:00:00
[2024-07-24T14:19:44.436+0900] {subprocess.py:93} INFO - prev_execution_date => 2024-07-15 00:00:00
[2024-07-24T14:19:44.437+0900] {subprocess.py:93} INFO - ts => 2024-07-16T00:00:00+00:00
[2024-07-24T14:19:44.437+0900] {subprocess.py:97} INFO - Command exited with return code 0
[2024-07-24T14:19:44.437+0900] {taskinstance.py:441} INFO - ::group::Post task execution logs
[2024-07-24T14:19:44.443+0900] {taskinstance.py:1206} INFO - Marking task as SUCCESS. dag_id=simple_bash, task_id=print.date, run_id=scheduled__2024-07-16T00:00:00+00:00, execution_date=20240716T000000, start_date=20240724T051944, end_date=20240724T051944
[2024-07-24T14:19:44.487+0900] {local_task_job_runner.py:243} INFO - Task exited with return code 0
[2024-07-24T14:19:44.498+0900] {taskinstance.py:3503} INFO - 1 downstream tasks scheduled from follow-on schedule check
[2024-07-24T14:19:44.498+0900] {local_task_job_runner.py:222} INFO - ::endgroup::
