[2024-07-24T14:07:44.207+0900] {local_task_job_runner.py:120} INFO - ::group::Pre task execution logs
[2024-07-24T14:07:44.215+0900] {taskinstance.py:2076} INFO - Dependencies all met for dep_context=non-requeueable deps ti=<TaskInstance: simple_bash.cut.log scheduled__2024-07-14T00:00:00+00:00 [queued]>
[2024-07-24T14:07:44.218+0900] {taskinstance.py:2076} INFO - Dependencies all met for dep_context=requeueable deps ti=<TaskInstance: simple_bash.cut.log scheduled__2024-07-14T00:00:00+00:00 [queued]>
[2024-07-24T14:07:44.218+0900] {taskinstance.py:2306} INFO - Starting attempt 1 of 2
[2024-07-24T14:07:44.223+0900] {taskinstance.py:2330} INFO - Executing <Task(BashOperator): cut.log> on 2024-07-14 00:00:00+00:00
[2024-07-24T14:07:44.225+0900] {standard_task_runner.py:64} INFO - Started process 89542 to run task
[2024-07-24T14:07:44.228+0900] {standard_task_runner.py:90} INFO - Running: ['airflow', 'tasks', 'run', 'simple_bash', 'cut.log', 'scheduled__2024-07-14T00:00:00+00:00', '--job-id', '17', '--raw', '--subdir', 'DAGS_FOLDER/simple_bash.py', '--cfg-path', '/var/folders/qv/0knwm5h50ml0skpppwpbks_r0000gp/T/tmpce5h_6gl']
[2024-07-24T14:07:44.229+0900] {standard_task_runner.py:91} INFO - Job 17: Subtask cut.log
[2024-07-24T14:07:44.244+0900] {task_command.py:426} INFO - Running <TaskInstance: simple_bash.cut.log scheduled__2024-07-14T00:00:00+00:00 [running]> on host jeongui-MacBookPro.local
[2024-07-24T14:07:44.266+0900] {taskinstance.py:2648} INFO - Exporting env vars: AIRFLOW_CTX_DAG_OWNER='airflow' AIRFLOW_CTX_DAG_ID='simple_bash' AIRFLOW_CTX_TASK_ID='cut.log' AIRFLOW_CTX_EXECUTION_DATE='2024-07-14T00:00:00+00:00' AIRFLOW_CTX_TRY_NUMBER='1' AIRFLOW_CTX_DAG_RUN_ID='scheduled__2024-07-14T00:00:00+00:00'
[2024-07-24T14:07:44.267+0900] {taskinstance.py:430} INFO - ::endgroup::
[2024-07-24T14:07:44.273+0900] {subprocess.py:63} INFO - Tmp dir root location: /var/folders/qv/0knwm5h50ml0skpppwpbks_r0000gp/T
[2024-07-24T14:07:44.273+0900] {subprocess.py:75} INFO - Running command: ['/bin/bash', '-c', '\n            echo "cut"\n\t\t\tmkdir -p ~/data/cut/20240714\n\t\t\tcat ~/data/20240714/*.log | cut -d\' \' -f1 | sort | uniq -c | sort >> ~/data/cut/20240714/cut.log\n        ']
[2024-07-24T14:07:44.276+0900] {subprocess.py:86} INFO - Output:
[2024-07-24T14:07:44.277+0900] {subprocess.py:93} INFO - cut
[2024-07-24T14:07:44.281+0900] {subprocess.py:93} INFO - cut: stdin: Illegal byte sequence
[2024-07-24T14:07:44.281+0900] {subprocess.py:97} INFO - Command exited with return code 0
[2024-07-24T14:07:44.282+0900] {taskinstance.py:441} INFO - ::group::Post task execution logs
[2024-07-24T14:07:44.288+0900] {taskinstance.py:1206} INFO - Marking task as SUCCESS. dag_id=simple_bash, task_id=cut.log, run_id=scheduled__2024-07-14T00:00:00+00:00, execution_date=20240714T000000, start_date=20240724T050744, end_date=20240724T050744
[2024-07-24T14:07:44.332+0900] {local_task_job_runner.py:243} INFO - Task exited with return code 0
[2024-07-24T14:07:44.342+0900] {taskinstance.py:3503} INFO - 1 downstream tasks scheduled from follow-on schedule check
[2024-07-24T14:07:44.342+0900] {local_task_job_runner.py:222} INFO - ::endgroup::
[2024-07-24T14:19:56.191+0900] {local_task_job_runner.py:120} INFO - ::group::Pre task execution logs
[2024-07-24T14:19:56.198+0900] {taskinstance.py:2076} INFO - Dependencies all met for dep_context=non-requeueable deps ti=<TaskInstance: simple_bash.cut.log scheduled__2024-07-14T00:00:00+00:00 [queued]>
[2024-07-24T14:19:56.201+0900] {taskinstance.py:2076} INFO - Dependencies all met for dep_context=requeueable deps ti=<TaskInstance: simple_bash.cut.log scheduled__2024-07-14T00:00:00+00:00 [queued]>
[2024-07-24T14:19:56.201+0900] {taskinstance.py:2306} INFO - Starting attempt 1 of 1
[2024-07-24T14:19:56.205+0900] {taskinstance.py:2330} INFO - Executing <Task(BashOperator): cut.log> on 2024-07-14 00:00:00+00:00
[2024-07-24T14:19:56.207+0900] {standard_task_runner.py:64} INFO - Started process 90829 to run task
[2024-07-24T14:19:56.210+0900] {standard_task_runner.py:90} INFO - Running: ['airflow', 'tasks', 'run', 'simple_bash', 'cut.log', 'scheduled__2024-07-14T00:00:00+00:00', '--job-id', '113', '--raw', '--subdir', 'DAGS_FOLDER/simple_bash.py', '--cfg-path', '/var/folders/qv/0knwm5h50ml0skpppwpbks_r0000gp/T/tmpp1cic55c']
[2024-07-24T14:19:56.211+0900] {standard_task_runner.py:91} INFO - Job 113: Subtask cut.log
[2024-07-24T14:19:56.226+0900] {task_command.py:426} INFO - Running <TaskInstance: simple_bash.cut.log scheduled__2024-07-14T00:00:00+00:00 [running]> on host jeongui-MacBookPro.local
[2024-07-24T14:19:56.248+0900] {taskinstance.py:2648} INFO - Exporting env vars: AIRFLOW_CTX_DAG_OWNER='airflow' AIRFLOW_CTX_DAG_ID='simple_bash' AIRFLOW_CTX_TASK_ID='cut.log' AIRFLOW_CTX_EXECUTION_DATE='2024-07-14T00:00:00+00:00' AIRFLOW_CTX_TRY_NUMBER='1' AIRFLOW_CTX_DAG_RUN_ID='scheduled__2024-07-14T00:00:00+00:00'
[2024-07-24T14:19:56.249+0900] {taskinstance.py:430} INFO - ::endgroup::
[2024-07-24T14:19:56.255+0900] {subprocess.py:63} INFO - Tmp dir root location: /var/folders/qv/0knwm5h50ml0skpppwpbks_r0000gp/T
[2024-07-24T14:19:56.256+0900] {subprocess.py:75} INFO - Running command: ['/bin/bash', '-c', '\n            echo "cut"\n\t\t\tLANG=C\n\t\t\tmkdir -p ~/data/cut/20240714\n\t\t\tcat ~/data/20240714/*.log | cut -d\' \' -f1 > ~/data/cut/20240714/cut.log\n        ']
[2024-07-24T14:19:56.259+0900] {subprocess.py:86} INFO - Output:
[2024-07-24T14:19:56.260+0900] {subprocess.py:93} INFO - cut
[2024-07-24T14:19:56.263+0900] {subprocess.py:97} INFO - Command exited with return code 0
[2024-07-24T14:19:56.264+0900] {taskinstance.py:441} INFO - ::group::Post task execution logs
[2024-07-24T14:19:56.271+0900] {taskinstance.py:1206} INFO - Marking task as SUCCESS. dag_id=simple_bash, task_id=cut.log, run_id=scheduled__2024-07-14T00:00:00+00:00, execution_date=20240714T000000, start_date=20240724T051956, end_date=20240724T051956
[2024-07-24T14:19:56.317+0900] {local_task_job_runner.py:243} INFO - Task exited with return code 0
[2024-07-24T14:19:56.326+0900] {taskinstance.py:3503} INFO - 1 downstream tasks scheduled from follow-on schedule check
[2024-07-24T14:19:56.327+0900] {local_task_job_runner.py:222} INFO - ::endgroup::
