[2024-07-24T14:15:21.180+0900] {local_task_job_runner.py:120} INFO - ::group::Pre task execution logs
[2024-07-24T14:15:21.187+0900] {taskinstance.py:2076} INFO - Dependencies all met for dep_context=non-requeueable deps ti=<TaskInstance: simple_bash.cut.log scheduled__2024-07-14T00:00:00+00:00 [queued]>
[2024-07-24T14:15:21.190+0900] {taskinstance.py:2076} INFO - Dependencies all met for dep_context=requeueable deps ti=<TaskInstance: simple_bash.cut.log scheduled__2024-07-14T00:00:00+00:00 [queued]>
[2024-07-24T14:15:21.190+0900] {taskinstance.py:2306} INFO - Starting attempt 2 of 3
[2024-07-24T14:15:21.194+0900] {taskinstance.py:2330} INFO - Executing <Task(BashOperator): cut.log> on 2024-07-14 00:00:00+00:00
[2024-07-24T14:15:21.196+0900] {standard_task_runner.py:64} INFO - Started process 90242 to run task
[2024-07-24T14:15:21.199+0900] {standard_task_runner.py:90} INFO - Running: ['airflow', 'tasks', 'run', 'simple_bash', 'cut.log', 'scheduled__2024-07-14T00:00:00+00:00', '--job-id', '90', '--raw', '--subdir', 'DAGS_FOLDER/simple_bash.py', '--cfg-path', '/var/folders/qv/0knwm5h50ml0skpppwpbks_r0000gp/T/tmp3wipsii9']
[2024-07-24T14:15:21.200+0900] {standard_task_runner.py:91} INFO - Job 90: Subtask cut.log
[2024-07-24T14:15:21.214+0900] {task_command.py:426} INFO - Running <TaskInstance: simple_bash.cut.log scheduled__2024-07-14T00:00:00+00:00 [running]> on host jeongui-MacBookPro.local
[2024-07-24T14:15:21.237+0900] {taskinstance.py:2648} INFO - Exporting env vars: AIRFLOW_CTX_DAG_OWNER='airflow' AIRFLOW_CTX_DAG_ID='simple_bash' AIRFLOW_CTX_TASK_ID='cut.log' AIRFLOW_CTX_EXECUTION_DATE='2024-07-14T00:00:00+00:00' AIRFLOW_CTX_TRY_NUMBER='2' AIRFLOW_CTX_DAG_RUN_ID='scheduled__2024-07-14T00:00:00+00:00'
[2024-07-24T14:15:21.237+0900] {taskinstance.py:430} INFO - ::endgroup::
[2024-07-24T14:15:21.243+0900] {subprocess.py:63} INFO - Tmp dir root location: /var/folders/qv/0knwm5h50ml0skpppwpbks_r0000gp/T
[2024-07-24T14:15:21.243+0900] {subprocess.py:75} INFO - Running command: ['/bin/bash', '-c', '\n            echo "cut"\n\t\t\tmkdir -p ~/data/cut/20240714\n\t\t\tcat ~/data/20240714/*.log | cut -d\' \' -f1 > ~/data/cut/20240714/cut.log\n        ']
[2024-07-24T14:15:21.246+0900] {subprocess.py:86} INFO - Output:
[2024-07-24T14:15:21.248+0900] {subprocess.py:93} INFO - cut
[2024-07-24T14:15:21.250+0900] {subprocess.py:93} INFO - cut: stdin: Illegal byte sequence
[2024-07-24T14:15:21.251+0900] {subprocess.py:97} INFO - Command exited with return code 1
[2024-07-24T14:15:21.251+0900] {taskinstance.py:441} INFO - ::group::Post task execution logs
[2024-07-24T14:15:21.254+0900] {taskinstance.py:2905} ERROR - Task failed with exception
Traceback (most recent call last):
  File "/Users/DE32/.pyenv/versions/3.11.9/envs/note/lib/python3.11/site-packages/airflow/models/taskinstance.py", line 465, in _execute_task
    result = _execute_callable(context=context, **execute_callable_kwargs)
             ^^^^^^^^^^^^^^^^^^^^^^^^^^^^^^^^^^^^^^^^^^^^^^^^^^^^^^^^^^^^^
  File "/Users/DE32/.pyenv/versions/3.11.9/envs/note/lib/python3.11/site-packages/airflow/models/taskinstance.py", line 432, in _execute_callable
    return execute_callable(context=context, **execute_callable_kwargs)
           ^^^^^^^^^^^^^^^^^^^^^^^^^^^^^^^^^^^^^^^^^^^^^^^^^^^^^^^^^^^^
  File "/Users/DE32/.pyenv/versions/3.11.9/envs/note/lib/python3.11/site-packages/airflow/models/baseoperator.py", line 401, in wrapper
    return func(self, *args, **kwargs)
           ^^^^^^^^^^^^^^^^^^^^^^^^^^^
  File "/Users/DE32/.pyenv/versions/3.11.9/envs/note/lib/python3.11/site-packages/airflow/operators/bash.py", line 243, in execute
    raise AirflowException(
airflow.exceptions.AirflowException: Bash command failed. The command returned a non-zero exit code 1.
[2024-07-24T14:15:21.256+0900] {taskinstance.py:1206} INFO - Marking task as UP_FOR_RETRY. dag_id=simple_bash, task_id=cut.log, run_id=scheduled__2024-07-14T00:00:00+00:00, execution_date=20240714T000000, start_date=20240724T051521, end_date=20240724T051521
[2024-07-24T14:15:21.260+0900] {standard_task_runner.py:110} ERROR - Failed to execute job 90 for task cut.log (Bash command failed. The command returned a non-zero exit code 1.; 90242)
[2024-07-24T14:15:21.306+0900] {local_task_job_runner.py:243} INFO - Task exited with return code 1
[2024-07-24T14:15:21.314+0900] {taskinstance.py:3503} INFO - 0 downstream tasks scheduled from follow-on schedule check
[2024-07-24T14:15:21.315+0900] {local_task_job_runner.py:222} INFO - ::endgroup::
[2024-07-24T14:35:03.500+0900] {local_task_job_runner.py:120} INFO - ::group::Pre task execution logs
[2024-07-24T14:35:03.508+0900] {taskinstance.py:2076} INFO - Dependencies all met for dep_context=non-requeueable deps ti=<TaskInstance: simple_bash.cut.log scheduled__2024-07-14T00:00:00+00:00 [queued]>
[2024-07-24T14:35:03.511+0900] {taskinstance.py:2076} INFO - Dependencies all met for dep_context=requeueable deps ti=<TaskInstance: simple_bash.cut.log scheduled__2024-07-14T00:00:00+00:00 [queued]>
[2024-07-24T14:35:03.511+0900] {taskinstance.py:2306} INFO - Starting attempt 2 of 2
[2024-07-24T14:35:03.515+0900] {taskinstance.py:2330} INFO - Executing <Task(BashOperator): cut.log> on 2024-07-14 00:00:00+00:00
[2024-07-24T14:35:03.518+0900] {standard_task_runner.py:64} INFO - Started process 92427 to run task
[2024-07-24T14:35:03.520+0900] {standard_task_runner.py:90} INFO - Running: ['airflow', 'tasks', 'run', 'simple_bash', 'cut.log', 'scheduled__2024-07-14T00:00:00+00:00', '--job-id', '178', '--raw', '--subdir', 'DAGS_FOLDER/simple_bash.py', '--cfg-path', '/var/folders/qv/0knwm5h50ml0skpppwpbks_r0000gp/T/tmpyfm4qk9t']
[2024-07-24T14:35:03.522+0900] {standard_task_runner.py:91} INFO - Job 178: Subtask cut.log
[2024-07-24T14:35:03.535+0900] {task_command.py:426} INFO - Running <TaskInstance: simple_bash.cut.log scheduled__2024-07-14T00:00:00+00:00 [running]> on host jeongui-MacBookPro.local
[2024-07-24T14:35:03.557+0900] {taskinstance.py:2648} INFO - Exporting env vars: AIRFLOW_CTX_DAG_OWNER='airflow' AIRFLOW_CTX_DAG_ID='simple_bash' AIRFLOW_CTX_TASK_ID='cut.log' AIRFLOW_CTX_EXECUTION_DATE='2024-07-14T00:00:00+00:00' AIRFLOW_CTX_TRY_NUMBER='2' AIRFLOW_CTX_DAG_RUN_ID='scheduled__2024-07-14T00:00:00+00:00'
[2024-07-24T14:35:03.557+0900] {taskinstance.py:430} INFO - ::endgroup::
[2024-07-24T14:35:03.563+0900] {subprocess.py:63} INFO - Tmp dir root location: /var/folders/qv/0knwm5h50ml0skpppwpbks_r0000gp/T
[2024-07-24T14:35:03.563+0900] {subprocess.py:75} INFO - Running command: ['/bin/bash', '-c', '\n            echo "cut"\n\t\t\tLANG=C\n\t\t\tmkdir -p ~/data/cut/20240714\n\t\t\tcat ~/data/20240714/*.log | cut -d\' \' -f1 > ~/data/cut/20240714/cut.log\n        ']
[2024-07-24T14:35:03.566+0900] {subprocess.py:86} INFO - Output:
[2024-07-24T14:35:03.568+0900] {subprocess.py:93} INFO - cut
[2024-07-24T14:35:03.571+0900] {subprocess.py:97} INFO - Command exited with return code 0
[2024-07-24T14:35:03.571+0900] {taskinstance.py:441} INFO - ::group::Post task execution logs
[2024-07-24T14:35:03.577+0900] {taskinstance.py:1206} INFO - Marking task as SUCCESS. dag_id=simple_bash, task_id=cut.log, run_id=scheduled__2024-07-14T00:00:00+00:00, execution_date=20240714T000000, start_date=20240724T053503, end_date=20240724T053503
[2024-07-24T14:35:03.582+0900] {local_task_job_runner.py:243} INFO - Task exited with return code 0
[2024-07-24T14:35:03.590+0900] {taskinstance.py:3503} INFO - 1 downstream tasks scheduled from follow-on schedule check
[2024-07-24T14:35:03.590+0900] {local_task_job_runner.py:222} INFO - ::endgroup::
