[2024-07-31T11:22:42.522+0900] {local_task_job_runner.py:120} INFO - ::group::Pre task execution logs
[2024-07-31T11:22:42.534+0900] {taskinstance.py:2076} INFO - Dependencies all met for dep_context=non-requeueable deps ti=<TaskInstance: movie.save.data scheduled__2024-07-24T02:10:00+00:00 [queued]>
[2024-07-31T11:22:42.538+0900] {taskinstance.py:2076} INFO - Dependencies all met for dep_context=requeueable deps ti=<TaskInstance: movie.save.data scheduled__2024-07-24T02:10:00+00:00 [queued]>
[2024-07-31T11:22:42.538+0900] {taskinstance.py:2306} INFO - Starting attempt 3 of 4
[2024-07-31T11:22:42.545+0900] {taskinstance.py:2330} INFO - Executing <Task(PythonVirtualenvOperator): save.data> on 2024-07-24 02:10:00+00:00
[2024-07-31T11:22:42.548+0900] {standard_task_runner.py:64} INFO - Started process 10787 to run task
[2024-07-31T11:22:42.550+0900] {standard_task_runner.py:90} INFO - Running: ['airflow', 'tasks', 'run', 'movie', 'save.data', 'scheduled__2024-07-24T02:10:00+00:00', '--job-id', '735', '--raw', '--subdir', 'DAGS_FOLDER/movie.py', '--cfg-path', '/var/folders/qv/0knwm5h50ml0skpppwpbks_r0000gp/T/tmp7ptn7qg1']
[2024-07-31T11:22:42.552+0900] {standard_task_runner.py:91} INFO - Job 735: Subtask save.data
[2024-07-31T11:22:42.567+0900] {task_command.py:426} INFO - Running <TaskInstance: movie.save.data scheduled__2024-07-24T02:10:00+00:00 [running]> on host jeongui-MacBookPro.local
[2024-07-31T11:22:42.587+0900] {taskinstance.py:2648} INFO - Exporting env vars: AIRFLOW_CTX_DAG_OWNER='airflow' AIRFLOW_CTX_DAG_ID='movie' AIRFLOW_CTX_TASK_ID='save.data' AIRFLOW_CTX_EXECUTION_DATE='2024-07-24T02:10:00+00:00' AIRFLOW_CTX_TRY_NUMBER='3' AIRFLOW_CTX_DAG_RUN_ID='scheduled__2024-07-24T02:10:00+00:00'
[2024-07-31T11:22:42.587+0900] {taskinstance.py:430} INFO - ::endgroup::
[2024-07-31T11:22:42.592+0900] {baseoperator.py:400} WARNING - PythonVirtualenvOperator.execute cannot be called outside TaskInstance!
[2024-07-31T11:22:42.593+0900] {process_utils.py:183} INFO - Executing cmd: /Users/DE32/.pyenv/versions/3.11.9/envs/note/bin/python -m virtualenv /var/folders/qv/0knwm5h50ml0skpppwpbks_r0000gp/T/venv5zcdaiqi --python=python
[2024-07-31T11:22:42.595+0900] {process_utils.py:187} INFO - Output:
[2024-07-31T11:22:42.848+0900] {process_utils.py:191} INFO - created virtual environment CPython3.11.9.final.0-64 in 180ms
[2024-07-31T11:22:42.848+0900] {process_utils.py:191} INFO -   creator CPython3Posix(dest=/private/var/folders/qv/0knwm5h50ml0skpppwpbks_r0000gp/T/venv5zcdaiqi, clear=False, no_vcs_ignore=False, global=False)
[2024-07-31T11:22:42.848+0900] {process_utils.py:191} INFO -   seeder FromAppData(download=False, pip=bundle, setuptools=bundle, wheel=bundle, via=copy, app_data_dir=/Users/DE32/Library/Application Support/virtualenv)
[2024-07-31T11:22:42.848+0900] {process_utils.py:191} INFO -     added seed packages: pip==24.1.2, setuptools==70.2.0, wheel==0.43.0
[2024-07-31T11:22:42.849+0900] {process_utils.py:191} INFO -   activators BashActivator,CShellActivator,FishActivator,NushellActivator,PowerShellActivator,PythonActivator
[2024-07-31T11:22:42.859+0900] {process_utils.py:183} INFO - Executing cmd: /var/folders/qv/0knwm5h50ml0skpppwpbks_r0000gp/T/venv5zcdaiqi/bin/pip install -r /var/folders/qv/0knwm5h50ml0skpppwpbks_r0000gp/T/venv5zcdaiqi/requirements.txt
[2024-07-31T11:22:42.861+0900] {process_utils.py:187} INFO - Output:
[2024-07-31T11:22:43.586+0900] {process_utils.py:191} INFO - Collecting git+https://github.com/Jeonghoon2/movie.git@0.2/api (from -r /var/folders/qv/0knwm5h50ml0skpppwpbks_r0000gp/T/venv5zcdaiqi/requirements.txt (line 1))
[2024-07-31T11:22:43.586+0900] {process_utils.py:191} INFO -   Cloning https://github.com/Jeonghoon2/movie.git (to revision 0.2/api) to /private/var/folders/qv/0knwm5h50ml0skpppwpbks_r0000gp/T/pip-req-build-dhxbk6zy
[2024-07-31T11:22:43.597+0900] {process_utils.py:191} INFO -   Running command git clone --filter=blob:none --quiet https://github.com/Jeonghoon2/movie.git /private/var/folders/qv/0knwm5h50ml0skpppwpbks_r0000gp/T/pip-req-build-dhxbk6zy
[2024-07-31T11:22:45.488+0900] {process_utils.py:191} INFO -   Running command git checkout -b 0.2/api --track origin/0.2/api
[2024-07-31T11:22:46.215+0900] {process_utils.py:191} INFO -   Switched to a new branch '0.2/api'
[2024-07-31T11:22:46.216+0900] {process_utils.py:191} INFO -   branch '0.2/api' set up to track 'origin/0.2/api'.
[2024-07-31T11:22:46.216+0900] {process_utils.py:191} INFO -   Resolved https://github.com/Jeonghoon2/movie.git to commit 514cfb45f6fa577ee07d4fa2076f9283780af81e
[2024-07-31T11:22:46.240+0900] {process_utils.py:191} INFO -   Installing build dependencies: started
[2024-07-31T11:22:47.244+0900] {process_utils.py:191} INFO -   Installing build dependencies: finished with status 'done'
[2024-07-31T11:22:47.245+0900] {process_utils.py:191} INFO -   Getting requirements to build wheel: started
[2024-07-31T11:22:47.374+0900] {process_utils.py:191} INFO -   Getting requirements to build wheel: finished with status 'done'
[2024-07-31T11:22:47.375+0900] {process_utils.py:191} INFO -   Preparing metadata (pyproject.toml): started
[2024-07-31T11:22:47.500+0900] {process_utils.py:191} INFO -   Preparing metadata (pyproject.toml): finished with status 'done'
[2024-07-31T11:22:47.604+0900] {process_utils.py:191} INFO - Collecting requests>=2.32.3 (from mov==0.1.0->-r /var/folders/qv/0knwm5h50ml0skpppwpbks_r0000gp/T/venv5zcdaiqi/requirements.txt (line 1))
[2024-07-31T11:22:47.605+0900] {process_utils.py:191} INFO -   Using cached requests-2.32.3-py3-none-any.whl.metadata (4.6 kB)
[2024-07-31T11:22:47.682+0900] {process_utils.py:191} INFO - Collecting pandas>=2.2.2 (from mov==0.1.0->-r /var/folders/qv/0knwm5h50ml0skpppwpbks_r0000gp/T/venv5zcdaiqi/requirements.txt (line 1))
[2024-07-31T11:22:47.683+0900] {process_utils.py:191} INFO -   Using cached pandas-2.2.2-cp311-cp311-macosx_11_0_arm64.whl.metadata (19 kB)
[2024-07-31T11:22:47.794+0900] {process_utils.py:191} INFO - Collecting numpy>=2.0.1 (from mov==0.1.0->-r /var/folders/qv/0knwm5h50ml0skpppwpbks_r0000gp/T/venv5zcdaiqi/requirements.txt (line 1))
[2024-07-31T11:22:47.795+0900] {process_utils.py:191} INFO -   Using cached numpy-2.0.1-cp311-cp311-macosx_14_0_arm64.whl.metadata (60 kB)
[2024-07-31T11:22:47.869+0900] {process_utils.py:191} INFO - Collecting pyarrow>=17.0.0 (from mov==0.1.0->-r /var/folders/qv/0knwm5h50ml0skpppwpbks_r0000gp/T/venv5zcdaiqi/requirements.txt (line 1))
[2024-07-31T11:22:47.870+0900] {process_utils.py:191} INFO -   Using cached pyarrow-17.0.0-cp311-cp311-macosx_11_0_arm64.whl.metadata (3.3 kB)
[2024-07-31T11:22:47.893+0900] {process_utils.py:191} INFO - Collecting python-dateutil>=2.8.2 (from pandas>=2.2.2->mov==0.1.0->-r /var/folders/qv/0knwm5h50ml0skpppwpbks_r0000gp/T/venv5zcdaiqi/requirements.txt (line 1))
[2024-07-31T11:22:47.894+0900] {process_utils.py:191} INFO -   Using cached python_dateutil-2.9.0.post0-py2.py3-none-any.whl.metadata (8.4 kB)
[2024-07-31T11:22:47.923+0900] {process_utils.py:191} INFO - Collecting pytz>=2020.1 (from pandas>=2.2.2->mov==0.1.0->-r /var/folders/qv/0knwm5h50ml0skpppwpbks_r0000gp/T/venv5zcdaiqi/requirements.txt (line 1))
[2024-07-31T11:22:47.924+0900] {process_utils.py:191} INFO -   Using cached pytz-2024.1-py2.py3-none-any.whl.metadata (22 kB)
[2024-07-31T11:22:47.942+0900] {process_utils.py:191} INFO - Collecting tzdata>=2022.7 (from pandas>=2.2.2->mov==0.1.0->-r /var/folders/qv/0knwm5h50ml0skpppwpbks_r0000gp/T/venv5zcdaiqi/requirements.txt (line 1))
[2024-07-31T11:22:47.943+0900] {process_utils.py:191} INFO -   Using cached tzdata-2024.1-py2.py3-none-any.whl.metadata (1.4 kB)
[2024-07-31T11:22:47.988+0900] {process_utils.py:191} INFO - Collecting charset-normalizer<4,>=2 (from requests>=2.32.3->mov==0.1.0->-r /var/folders/qv/0knwm5h50ml0skpppwpbks_r0000gp/T/venv5zcdaiqi/requirements.txt (line 1))
[2024-07-31T11:22:47.989+0900] {process_utils.py:191} INFO -   Using cached charset_normalizer-3.3.2-cp311-cp311-macosx_11_0_arm64.whl.metadata (33 kB)
[2024-07-31T11:22:48.036+0900] {process_utils.py:191} INFO - Collecting idna<4,>=2.5 (from requests>=2.32.3->mov==0.1.0->-r /var/folders/qv/0knwm5h50ml0skpppwpbks_r0000gp/T/venv5zcdaiqi/requirements.txt (line 1))
[2024-07-31T11:22:48.037+0900] {process_utils.py:191} INFO -   Using cached idna-3.7-py3-none-any.whl.metadata (9.9 kB)
[2024-07-31T11:22:48.073+0900] {process_utils.py:191} INFO - Collecting urllib3<3,>=1.21.1 (from requests>=2.32.3->mov==0.1.0->-r /var/folders/qv/0knwm5h50ml0skpppwpbks_r0000gp/T/venv5zcdaiqi/requirements.txt (line 1))
[2024-07-31T11:22:48.074+0900] {process_utils.py:191} INFO -   Using cached urllib3-2.2.2-py3-none-any.whl.metadata (6.4 kB)
[2024-07-31T11:22:48.099+0900] {process_utils.py:191} INFO - Collecting certifi>=2017.4.17 (from requests>=2.32.3->mov==0.1.0->-r /var/folders/qv/0knwm5h50ml0skpppwpbks_r0000gp/T/venv5zcdaiqi/requirements.txt (line 1))
[2024-07-31T11:22:48.099+0900] {process_utils.py:191} INFO -   Using cached certifi-2024.7.4-py3-none-any.whl.metadata (2.2 kB)
[2024-07-31T11:22:48.138+0900] {process_utils.py:191} INFO - Collecting six>=1.5 (from python-dateutil>=2.8.2->pandas>=2.2.2->mov==0.1.0->-r /var/folders/qv/0knwm5h50ml0skpppwpbks_r0000gp/T/venv5zcdaiqi/requirements.txt (line 1))
[2024-07-31T11:22:48.139+0900] {process_utils.py:191} INFO -   Using cached six-1.16.0-py2.py3-none-any.whl.metadata (1.8 kB)
[2024-07-31T11:22:48.142+0900] {process_utils.py:191} INFO - Using cached numpy-2.0.1-cp311-cp311-macosx_14_0_arm64.whl (5.3 MB)
[2024-07-31T11:22:48.148+0900] {process_utils.py:191} INFO - Using cached pandas-2.2.2-cp311-cp311-macosx_11_0_arm64.whl (11.3 MB)
[2024-07-31T11:22:48.159+0900] {process_utils.py:191} INFO - Using cached pyarrow-17.0.0-cp311-cp311-macosx_11_0_arm64.whl (27.2 MB)
[2024-07-31T11:22:48.185+0900] {process_utils.py:191} INFO - Using cached requests-2.32.3-py3-none-any.whl (64 kB)
[2024-07-31T11:22:48.186+0900] {process_utils.py:191} INFO - Using cached certifi-2024.7.4-py3-none-any.whl (162 kB)
[2024-07-31T11:22:48.187+0900] {process_utils.py:191} INFO - Using cached charset_normalizer-3.3.2-cp311-cp311-macosx_11_0_arm64.whl (118 kB)
[2024-07-31T11:22:48.188+0900] {process_utils.py:191} INFO - Using cached idna-3.7-py3-none-any.whl (66 kB)
[2024-07-31T11:22:48.189+0900] {process_utils.py:191} INFO - Using cached python_dateutil-2.9.0.post0-py2.py3-none-any.whl (229 kB)
[2024-07-31T11:22:48.190+0900] {process_utils.py:191} INFO - Using cached pytz-2024.1-py2.py3-none-any.whl (505 kB)
[2024-07-31T11:22:48.191+0900] {process_utils.py:191} INFO - Using cached tzdata-2024.1-py2.py3-none-any.whl (345 kB)
[2024-07-31T11:22:48.192+0900] {process_utils.py:191} INFO - Using cached urllib3-2.2.2-py3-none-any.whl (121 kB)
[2024-07-31T11:22:48.193+0900] {process_utils.py:191} INFO - Using cached six-1.16.0-py2.py3-none-any.whl (11 kB)
[2024-07-31T11:22:48.235+0900] {process_utils.py:191} INFO - Building wheels for collected packages: mov
[2024-07-31T11:22:48.248+0900] {process_utils.py:191} INFO -   Building wheel for mov (pyproject.toml): started
[2024-07-31T11:22:48.384+0900] {process_utils.py:191} INFO -   Building wheel for mov (pyproject.toml): finished with status 'done'
[2024-07-31T11:22:48.385+0900] {process_utils.py:191} INFO -   Created wheel for mov: filename=mov-0.1.0-py3-none-any.whl size=3017 sha256=baf26a219673b1649b88b426a831407e4dd54dbbf608a000c20f4593044c2c09
[2024-07-31T11:22:48.385+0900] {process_utils.py:191} INFO -   Stored in directory: /private/var/folders/qv/0knwm5h50ml0skpppwpbks_r0000gp/T/pip-ephem-wheel-cache-xj6fkbdu/wheels/cf/ab/a7/d0c528d20fa8a5f19e169bdf1d98f2b2cefe79d8527bb89200
[2024-07-31T11:22:48.386+0900] {process_utils.py:191} INFO - Successfully built mov
[2024-07-31T11:22:48.414+0900] {process_utils.py:191} INFO - Installing collected packages: pytz, urllib3, tzdata, six, numpy, idna, charset-normalizer, certifi, requests, python-dateutil, pyarrow, pandas, mov
[2024-07-31T11:22:52.912+0900] {process_utils.py:191} INFO - Successfully installed certifi-2024.7.4 charset-normalizer-3.3.2 idna-3.7 mov-0.1.0 numpy-2.0.1 pandas-2.2.2 pyarrow-17.0.0 python-dateutil-2.9.0.post0 pytz-2024.1 requests-2.32.3 six-1.16.0 tzdata-2024.1 urllib3-2.2.2
[2024-07-31T11:22:52.916+0900] {process_utils.py:191} INFO - 
[2024-07-31T11:22:52.916+0900] {process_utils.py:191} INFO - [notice] A new release of pip is available: 24.1.2 -> 24.2
[2024-07-31T11:22:52.916+0900] {process_utils.py:191} INFO - [notice] To update, run: python -m pip install --upgrade pip
[2024-07-31T11:22:53.051+0900] {process_utils.py:183} INFO - Executing cmd: /var/folders/qv/0knwm5h50ml0skpppwpbks_r0000gp/T/venv5zcdaiqi/bin/python /var/folders/qv/0knwm5h50ml0skpppwpbks_r0000gp/T/venv-callyhkggz6c/script.py /var/folders/qv/0knwm5h50ml0skpppwpbks_r0000gp/T/venv-callyhkggz6c/script.in /var/folders/qv/0knwm5h50ml0skpppwpbks_r0000gp/T/venv-callyhkggz6c/script.out /var/folders/qv/0knwm5h50ml0skpppwpbks_r0000gp/T/venv-callyhkggz6c/string_args.txt /var/folders/qv/0knwm5h50ml0skpppwpbks_r0000gp/T/venv-callyhkggz6c/termination.log
[2024-07-31T11:22:53.054+0900] {process_utils.py:187} INFO - Output:
[2024-07-31T11:23:06.241+0900] {process_utils.py:191} INFO - *********************************
[2024-07-31T11:23:06.242+0900] {process_utils.py:191} INFO -    rnum  rank  rankInten rankOldAndNew  ... audiChange  audiAcc scrnCnt  showCnt
[2024-07-31T11:23:06.242+0900] {process_utils.py:191} INFO - 0     1     1         10           OLD  ...    13975.0   231761    1936     8234
[2024-07-31T11:23:06.243+0900] {process_utils.py:191} INFO - 1     2     2          0           NEW  ...      100.0   178291    1031     3989
[2024-07-31T11:23:06.243+0900] {process_utils.py:191} INFO - 2     3     3         -2           OLD  ...      -23.8  2040407     879     2171
[2024-07-31T11:23:06.243+0900] {process_utils.py:191} INFO - 3     4     4         -1           OLD  ...       21.7   464951     613     1268
[2024-07-31T11:23:06.244+0900] {process_utils.py:191} INFO - 4     5     5         -3           OLD  ...      -36.8  8131397     625     1128
[2024-07-31T11:23:06.244+0900] {process_utils.py:191} INFO - 5     6     6         -2           OLD  ...      -49.8  1643749     532      878
[2024-07-31T11:23:06.244+0900] {process_utils.py:191} INFO - 6     7     7         -2           OLD  ...      -63.2   643692     416      629
[2024-07-31T11:23:06.245+0900] {process_utils.py:191} INFO - 7     8     8          0           NEW  ...      100.0     4327      56      105
[2024-07-31T11:23:06.245+0900] {process_utils.py:191} INFO - 8     9     9         -2           OLD  ...      -76.0  1758706     147      180
[2024-07-31T11:23:06.245+0900] {process_utils.py:191} INFO - 9    10    10         -4           OLD  ...      -86.2    26210      11       13
[2024-07-31T11:23:06.246+0900] {process_utils.py:191} INFO - 
[2024-07-31T11:23:06.246+0900] {process_utils.py:191} INFO - [10 rows x 18 columns]
[2024-07-31T11:23:06.246+0900] {process_utils.py:191} INFO - *********************************
[2024-07-31T11:23:06.246+0900] {process_utils.py:191} INFO - rnum               int64
[2024-07-31T11:23:06.247+0900] {process_utils.py:191} INFO - rank               int64
[2024-07-31T11:23:06.247+0900] {process_utils.py:191} INFO - rankInten          int64
[2024-07-31T11:23:06.247+0900] {process_utils.py:191} INFO - rankOldAndNew     object
[2024-07-31T11:23:06.248+0900] {process_utils.py:191} INFO - movieCd           object
[2024-07-31T11:23:06.248+0900] {process_utils.py:191} INFO - movieNm           object
[2024-07-31T11:23:06.248+0900] {process_utils.py:191} INFO - openDt            object
[2024-07-31T11:23:06.248+0900] {process_utils.py:191} INFO - salesAmt           int64
[2024-07-31T11:23:06.249+0900] {process_utils.py:191} INFO - salesShare       float64
[2024-07-31T11:23:06.249+0900] {process_utils.py:191} INFO - salesInten         int64
[2024-07-31T11:23:06.249+0900] {process_utils.py:191} INFO - salesChange      float64
[2024-07-31T11:23:06.249+0900] {process_utils.py:191} INFO - salesAcc          object
[2024-07-31T11:23:06.250+0900] {process_utils.py:191} INFO - audiCnt            int64
[2024-07-31T11:23:06.250+0900] {process_utils.py:191} INFO - audiInten          int64
[2024-07-31T11:23:06.250+0900] {process_utils.py:191} INFO - audiChange       float64
[2024-07-31T11:23:06.250+0900] {process_utils.py:191} INFO - audiAcc            int64
[2024-07-31T11:23:06.251+0900] {process_utils.py:191} INFO - scrnCnt            int64
[2024-07-31T11:23:06.251+0900] {process_utils.py:191} INFO - showCnt            int64
[2024-07-31T11:23:06.251+0900] {process_utils.py:191} INFO - dtype: object
[2024-07-31T11:23:06.251+0900] {process_utils.py:191} INFO - 개봉일 기준 그룹핑 누적 관객수 합
[2024-07-31T11:23:06.251+0900] {process_utils.py:191} INFO -        openDt  audiCnt
[2024-07-31T11:23:06.252+0900] {process_utils.py:191} INFO - 0  2024-06-12    17459
[2024-07-31T11:23:06.252+0900] {process_utils.py:191} INFO - 1  2024-06-21     1955
[2024-07-31T11:23:06.252+0900] {process_utils.py:191} INFO - 2  2024-06-26    10223
[2024-07-31T11:23:06.252+0900] {process_utils.py:191} INFO - 3  2024-07-03    35724
[2024-07-31T11:23:06.253+0900] {process_utils.py:191} INFO - 4  2024-07-12     6735
[2024-07-31T11:23:06.253+0900] {process_utils.py:191} INFO - 5  2024-07-17    31818
[2024-07-31T11:23:06.253+0900] {process_utils.py:191} INFO - 6  2024-07-24   307798
[2024-07-31T11:23:06.253+0900] {process_utils.py:191} INFO - 7  2024-07-31     1854
[2024-07-31T11:23:06.680+0900] {python.py:237} INFO - Done. Returned value was: None
[2024-07-31T11:23:06.680+0900] {taskinstance.py:441} INFO - ::group::Post task execution logs
[2024-07-31T11:23:06.686+0900] {taskinstance.py:1206} INFO - Marking task as SUCCESS. dag_id=movie, task_id=save.data, run_id=scheduled__2024-07-24T02:10:00+00:00, execution_date=20240724T021000, start_date=20240731T022242, end_date=20240731T022306
[2024-07-31T11:23:06.704+0900] {local_task_job_runner.py:243} INFO - Task exited with return code 0
[2024-07-31T11:23:06.709+0900] {taskinstance.py:3503} INFO - 0 downstream tasks scheduled from follow-on schedule check
[2024-07-31T11:23:06.709+0900] {local_task_job_runner.py:222} INFO - ::endgroup::
[2024-07-31T19:32:07.255+0900] {local_task_job_runner.py:120} INFO - ::group::Pre task execution logs
[2024-07-31T19:32:07.267+0900] {taskinstance.py:2076} INFO - Dependencies all met for dep_context=non-requeueable deps ti=<TaskInstance: movie.save.data scheduled__2024-07-24T02:10:00+00:00 [queued]>
[2024-07-31T19:32:07.270+0900] {taskinstance.py:2076} INFO - Dependencies all met for dep_context=requeueable deps ti=<TaskInstance: movie.save.data scheduled__2024-07-24T02:10:00+00:00 [queued]>
[2024-07-31T19:32:07.270+0900] {taskinstance.py:2306} INFO - Starting attempt 3 of 4
[2024-07-31T19:32:07.277+0900] {taskinstance.py:2330} INFO - Executing <Task(PythonVirtualenvOperator): save.data> on 2024-07-24 02:10:00+00:00
[2024-07-31T19:32:07.280+0900] {standard_task_runner.py:64} INFO - Started process 31756 to run task
[2024-07-31T19:32:07.283+0900] {standard_task_runner.py:90} INFO - Running: ['airflow', 'tasks', 'run', 'movie', 'save.data', 'scheduled__2024-07-24T02:10:00+00:00', '--job-id', '930', '--raw', '--subdir', 'DAGS_FOLDER/movie.py', '--cfg-path', '/var/folders/qv/0knwm5h50ml0skpppwpbks_r0000gp/T/tmpowuk1seh']
[2024-07-31T19:32:07.284+0900] {standard_task_runner.py:91} INFO - Job 930: Subtask save.data
[2024-07-31T19:32:07.300+0900] {task_command.py:426} INFO - Running <TaskInstance: movie.save.data scheduled__2024-07-24T02:10:00+00:00 [running]> on host jeongui-MacBookPro.local
[2024-07-31T19:32:07.321+0900] {taskinstance.py:2648} INFO - Exporting env vars: AIRFLOW_CTX_DAG_OWNER='airflow' AIRFLOW_CTX_DAG_ID='movie' AIRFLOW_CTX_TASK_ID='save.data' AIRFLOW_CTX_EXECUTION_DATE='2024-07-24T02:10:00+00:00' AIRFLOW_CTX_TRY_NUMBER='3' AIRFLOW_CTX_DAG_RUN_ID='scheduled__2024-07-24T02:10:00+00:00'
[2024-07-31T19:32:07.321+0900] {taskinstance.py:430} INFO - ::endgroup::
[2024-07-31T19:32:07.329+0900] {baseoperator.py:400} WARNING - PythonVirtualenvOperator.execute cannot be called outside TaskInstance!
[2024-07-31T19:32:07.330+0900] {process_utils.py:183} INFO - Executing cmd: /Users/DE32/.pyenv/versions/3.11.9/envs/note/bin/python -m virtualenv /var/folders/qv/0knwm5h50ml0skpppwpbks_r0000gp/T/venv5z9_c52v --python=python
[2024-07-31T19:32:07.332+0900] {process_utils.py:187} INFO - Output:
[2024-07-31T19:32:07.579+0900] {process_utils.py:191} INFO - created virtual environment CPython3.11.9.final.0-64 in 175ms
[2024-07-31T19:32:07.580+0900] {process_utils.py:191} INFO -   creator CPython3Posix(dest=/private/var/folders/qv/0knwm5h50ml0skpppwpbks_r0000gp/T/venv5z9_c52v, clear=False, no_vcs_ignore=False, global=False)
[2024-07-31T19:32:07.580+0900] {process_utils.py:191} INFO -   seeder FromAppData(download=False, pip=bundle, setuptools=bundle, wheel=bundle, via=copy, app_data_dir=/Users/DE32/Library/Application Support/virtualenv)
[2024-07-31T19:32:07.580+0900] {process_utils.py:191} INFO -     added seed packages: pip==24.1.2, setuptools==70.2.0, wheel==0.43.0
[2024-07-31T19:32:07.580+0900] {process_utils.py:191} INFO -   activators BashActivator,CShellActivator,FishActivator,NushellActivator,PowerShellActivator,PythonActivator
[2024-07-31T19:32:07.595+0900] {process_utils.py:183} INFO - Executing cmd: /var/folders/qv/0knwm5h50ml0skpppwpbks_r0000gp/T/venv5z9_c52v/bin/pip install -r /var/folders/qv/0knwm5h50ml0skpppwpbks_r0000gp/T/venv5z9_c52v/requirements.txt
[2024-07-31T19:32:07.596+0900] {process_utils.py:187} INFO - Output:
[2024-07-31T19:32:08.498+0900] {process_utils.py:191} INFO - Collecting git+https://github.com/Jeonghoon2/movie.git@0.2/api (from -r /var/folders/qv/0knwm5h50ml0skpppwpbks_r0000gp/T/venv5z9_c52v/requirements.txt (line 1))
[2024-07-31T19:32:08.499+0900] {process_utils.py:191} INFO -   Cloning https://github.com/Jeonghoon2/movie.git (to revision 0.2/api) to /private/var/folders/qv/0knwm5h50ml0skpppwpbks_r0000gp/T/pip-req-build-kf_yka50
[2024-07-31T19:32:08.531+0900] {process_utils.py:191} INFO -   Running command git clone --filter=blob:none --quiet https://github.com/Jeonghoon2/movie.git /private/var/folders/qv/0knwm5h50ml0skpppwpbks_r0000gp/T/pip-req-build-kf_yka50
[2024-07-31T19:32:09.924+0900] {process_utils.py:191} INFO -   Running command git checkout -b 0.2/api --track origin/0.2/api
[2024-07-31T19:32:10.529+0900] {process_utils.py:191} INFO -   Switched to a new branch '0.2/api'
[2024-07-31T19:32:10.529+0900] {process_utils.py:191} INFO -   branch '0.2/api' set up to track 'origin/0.2/api'.
[2024-07-31T19:32:10.530+0900] {process_utils.py:191} INFO -   Resolved https://github.com/Jeonghoon2/movie.git to commit c2fdd392ce95b386519b05b3bab786608cdb1c58
[2024-07-31T19:32:10.552+0900] {process_utils.py:191} INFO -   Installing build dependencies: started
[2024-07-31T19:32:11.454+0900] {process_utils.py:191} INFO -   Installing build dependencies: finished with status 'done'
[2024-07-31T19:32:11.454+0900] {process_utils.py:191} INFO -   Getting requirements to build wheel: started
[2024-07-31T19:32:11.600+0900] {process_utils.py:191} INFO -   Getting requirements to build wheel: finished with status 'done'
[2024-07-31T19:32:11.602+0900] {process_utils.py:191} INFO -   Preparing metadata (pyproject.toml): started
[2024-07-31T19:32:11.728+0900] {process_utils.py:191} INFO -   Preparing metadata (pyproject.toml): finished with status 'done'
[2024-07-31T19:32:11.793+0900] {process_utils.py:191} INFO - Collecting requests>=2.32.3 (from mov==0.1.0->-r /var/folders/qv/0knwm5h50ml0skpppwpbks_r0000gp/T/venv5z9_c52v/requirements.txt (line 1))
[2024-07-31T19:32:11.794+0900] {process_utils.py:191} INFO -   Using cached requests-2.32.3-py3-none-any.whl.metadata (4.6 kB)
[2024-07-31T19:32:11.863+0900] {process_utils.py:191} INFO - Collecting pandas>=2.2.2 (from mov==0.1.0->-r /var/folders/qv/0knwm5h50ml0skpppwpbks_r0000gp/T/venv5z9_c52v/requirements.txt (line 1))
[2024-07-31T19:32:11.865+0900] {process_utils.py:191} INFO -   Using cached pandas-2.2.2-cp311-cp311-macosx_11_0_arm64.whl.metadata (19 kB)
[2024-07-31T19:32:11.967+0900] {process_utils.py:191} INFO - Collecting numpy>=2.0.1 (from mov==0.1.0->-r /var/folders/qv/0knwm5h50ml0skpppwpbks_r0000gp/T/venv5z9_c52v/requirements.txt (line 1))
[2024-07-31T19:32:11.969+0900] {process_utils.py:191} INFO -   Using cached numpy-2.0.1-cp311-cp311-macosx_14_0_arm64.whl.metadata (60 kB)
[2024-07-31T19:32:12.241+0900] {process_utils.py:191} INFO - Collecting pyarrow>=17.0.0 (from mov==0.1.0->-r /var/folders/qv/0knwm5h50ml0skpppwpbks_r0000gp/T/venv5z9_c52v/requirements.txt (line 1))
[2024-07-31T19:32:12.244+0900] {process_utils.py:191} INFO -   Using cached pyarrow-17.0.0-cp311-cp311-macosx_11_0_arm64.whl.metadata (3.3 kB)
[2024-07-31T19:32:12.267+0900] {process_utils.py:191} INFO - Collecting python-dateutil>=2.8.2 (from pandas>=2.2.2->mov==0.1.0->-r /var/folders/qv/0knwm5h50ml0skpppwpbks_r0000gp/T/venv5z9_c52v/requirements.txt (line 1))
[2024-07-31T19:32:12.268+0900] {process_utils.py:191} INFO -   Using cached python_dateutil-2.9.0.post0-py2.py3-none-any.whl.metadata (8.4 kB)
[2024-07-31T19:32:12.300+0900] {process_utils.py:191} INFO - Collecting pytz>=2020.1 (from pandas>=2.2.2->mov==0.1.0->-r /var/folders/qv/0knwm5h50ml0skpppwpbks_r0000gp/T/venv5z9_c52v/requirements.txt (line 1))
[2024-07-31T19:32:12.301+0900] {process_utils.py:191} INFO -   Using cached pytz-2024.1-py2.py3-none-any.whl.metadata (22 kB)
[2024-07-31T19:32:12.317+0900] {process_utils.py:191} INFO - Collecting tzdata>=2022.7 (from pandas>=2.2.2->mov==0.1.0->-r /var/folders/qv/0knwm5h50ml0skpppwpbks_r0000gp/T/venv5z9_c52v/requirements.txt (line 1))
[2024-07-31T19:32:12.318+0900] {process_utils.py:191} INFO -   Using cached tzdata-2024.1-py2.py3-none-any.whl.metadata (1.4 kB)
[2024-07-31T19:32:12.367+0900] {process_utils.py:191} INFO - Collecting charset-normalizer<4,>=2 (from requests>=2.32.3->mov==0.1.0->-r /var/folders/qv/0knwm5h50ml0skpppwpbks_r0000gp/T/venv5z9_c52v/requirements.txt (line 1))
[2024-07-31T19:32:12.368+0900] {process_utils.py:191} INFO -   Using cached charset_normalizer-3.3.2-cp311-cp311-macosx_11_0_arm64.whl.metadata (33 kB)
[2024-07-31T19:32:12.384+0900] {process_utils.py:191} INFO - Collecting idna<4,>=2.5 (from requests>=2.32.3->mov==0.1.0->-r /var/folders/qv/0knwm5h50ml0skpppwpbks_r0000gp/T/venv5z9_c52v/requirements.txt (line 1))
[2024-07-31T19:32:12.385+0900] {process_utils.py:191} INFO -   Using cached idna-3.7-py3-none-any.whl.metadata (9.9 kB)
[2024-07-31T19:32:12.413+0900] {process_utils.py:191} INFO - Collecting urllib3<3,>=1.21.1 (from requests>=2.32.3->mov==0.1.0->-r /var/folders/qv/0knwm5h50ml0skpppwpbks_r0000gp/T/venv5z9_c52v/requirements.txt (line 1))
[2024-07-31T19:32:12.414+0900] {process_utils.py:191} INFO -   Using cached urllib3-2.2.2-py3-none-any.whl.metadata (6.4 kB)
[2024-07-31T19:32:12.432+0900] {process_utils.py:191} INFO - Collecting certifi>=2017.4.17 (from requests>=2.32.3->mov==0.1.0->-r /var/folders/qv/0knwm5h50ml0skpppwpbks_r0000gp/T/venv5z9_c52v/requirements.txt (line 1))
[2024-07-31T19:32:12.433+0900] {process_utils.py:191} INFO -   Using cached certifi-2024.7.4-py3-none-any.whl.metadata (2.2 kB)
[2024-07-31T19:32:12.459+0900] {process_utils.py:191} INFO - Collecting six>=1.5 (from python-dateutil>=2.8.2->pandas>=2.2.2->mov==0.1.0->-r /var/folders/qv/0knwm5h50ml0skpppwpbks_r0000gp/T/venv5z9_c52v/requirements.txt (line 1))
[2024-07-31T19:32:12.460+0900] {process_utils.py:191} INFO -   Using cached six-1.16.0-py2.py3-none-any.whl.metadata (1.8 kB)
[2024-07-31T19:32:12.464+0900] {process_utils.py:191} INFO - Using cached numpy-2.0.1-cp311-cp311-macosx_14_0_arm64.whl (5.3 MB)
[2024-07-31T19:32:12.471+0900] {process_utils.py:191} INFO - Using cached pandas-2.2.2-cp311-cp311-macosx_11_0_arm64.whl (11.3 MB)
[2024-07-31T19:32:12.484+0900] {process_utils.py:191} INFO - Using cached pyarrow-17.0.0-cp311-cp311-macosx_11_0_arm64.whl (27.2 MB)
[2024-07-31T19:32:12.511+0900] {process_utils.py:191} INFO - Using cached requests-2.32.3-py3-none-any.whl (64 kB)
[2024-07-31T19:32:12.512+0900] {process_utils.py:191} INFO - Using cached certifi-2024.7.4-py3-none-any.whl (162 kB)
[2024-07-31T19:32:12.513+0900] {process_utils.py:191} INFO - Using cached charset_normalizer-3.3.2-cp311-cp311-macosx_11_0_arm64.whl (118 kB)
[2024-07-31T19:32:12.514+0900] {process_utils.py:191} INFO - Using cached idna-3.7-py3-none-any.whl (66 kB)
[2024-07-31T19:32:12.515+0900] {process_utils.py:191} INFO - Using cached python_dateutil-2.9.0.post0-py2.py3-none-any.whl (229 kB)
[2024-07-31T19:32:12.516+0900] {process_utils.py:191} INFO - Using cached pytz-2024.1-py2.py3-none-any.whl (505 kB)
[2024-07-31T19:32:12.517+0900] {process_utils.py:191} INFO - Using cached tzdata-2024.1-py2.py3-none-any.whl (345 kB)
[2024-07-31T19:32:12.518+0900] {process_utils.py:191} INFO - Using cached urllib3-2.2.2-py3-none-any.whl (121 kB)
[2024-07-31T19:32:12.519+0900] {process_utils.py:191} INFO - Using cached six-1.16.0-py2.py3-none-any.whl (11 kB)
[2024-07-31T19:32:12.560+0900] {process_utils.py:191} INFO - Building wheels for collected packages: mov
[2024-07-31T19:32:12.574+0900] {process_utils.py:191} INFO -   Building wheel for mov (pyproject.toml): started
[2024-07-31T19:32:12.708+0900] {process_utils.py:191} INFO -   Building wheel for mov (pyproject.toml): finished with status 'done'
[2024-07-31T19:32:12.709+0900] {process_utils.py:191} INFO -   Created wheel for mov: filename=mov-0.1.0-py3-none-any.whl size=3056 sha256=d107c780a5ef7baa15c9d8d6410354d7f1bc48463011d6c09444672e5e8574ea
[2024-07-31T19:32:12.709+0900] {process_utils.py:191} INFO -   Stored in directory: /private/var/folders/qv/0knwm5h50ml0skpppwpbks_r0000gp/T/pip-ephem-wheel-cache-8ie6fqpd/wheels/cf/ab/a7/d0c528d20fa8a5f19e169bdf1d98f2b2cefe79d8527bb89200
[2024-07-31T19:32:12.711+0900] {process_utils.py:191} INFO - Successfully built mov
[2024-07-31T19:32:12.738+0900] {process_utils.py:191} INFO - Installing collected packages: pytz, urllib3, tzdata, six, numpy, idna, charset-normalizer, certifi, requests, python-dateutil, pyarrow, pandas, mov
[2024-07-31T19:32:17.303+0900] {process_utils.py:191} INFO - Successfully installed certifi-2024.7.4 charset-normalizer-3.3.2 idna-3.7 mov-0.1.0 numpy-2.0.1 pandas-2.2.2 pyarrow-17.0.0 python-dateutil-2.9.0.post0 pytz-2024.1 requests-2.32.3 six-1.16.0 tzdata-2024.1 urllib3-2.2.2
[2024-07-31T19:32:17.307+0900] {process_utils.py:191} INFO - 
[2024-07-31T19:32:17.307+0900] {process_utils.py:191} INFO - [notice] A new release of pip is available: 24.1.2 -> 24.2
[2024-07-31T19:32:17.307+0900] {process_utils.py:191} INFO - [notice] To update, run: python -m pip install --upgrade pip
[2024-07-31T19:32:17.447+0900] {process_utils.py:183} INFO - Executing cmd: /var/folders/qv/0knwm5h50ml0skpppwpbks_r0000gp/T/venv5z9_c52v/bin/python /var/folders/qv/0knwm5h50ml0skpppwpbks_r0000gp/T/venv-callv0icj_9n/script.py /var/folders/qv/0knwm5h50ml0skpppwpbks_r0000gp/T/venv-callv0icj_9n/script.in /var/folders/qv/0knwm5h50ml0skpppwpbks_r0000gp/T/venv-callv0icj_9n/script.out /var/folders/qv/0knwm5h50ml0skpppwpbks_r0000gp/T/venv-callv0icj_9n/string_args.txt /var/folders/qv/0knwm5h50ml0skpppwpbks_r0000gp/T/venv-callv0icj_9n/termination.log
[2024-07-31T19:32:17.449+0900] {process_utils.py:187} INFO - Output:
[2024-07-31T19:32:30.364+0900] {process_utils.py:191} INFO - *********************************
[2024-07-31T19:32:30.364+0900] {process_utils.py:191} INFO -    rnum  rank  rankInten rankOldAndNew  ...  audiAcc scrnCnt showCnt  multiMovieYn
[2024-07-31T19:32:30.365+0900] {process_utils.py:191} INFO - 0     1     1         10           OLD  ...   231761    1936    8234           NaN
[2024-07-31T19:32:30.365+0900] {process_utils.py:191} INFO - 1     2     2          0           NEW  ...   178291    1031    3989           NaN
[2024-07-31T19:32:30.366+0900] {process_utils.py:191} INFO - 2     3     3         -2           OLD  ...  2040407     879    2171           NaN
[2024-07-31T19:32:30.366+0900] {process_utils.py:191} INFO - 3     4     4         -1           OLD  ...   464951     613    1268           NaN
[2024-07-31T19:32:30.366+0900] {process_utils.py:191} INFO - 4     5     5         -3           OLD  ...  8131394     625    1128           NaN
[2024-07-31T19:32:30.367+0900] {process_utils.py:191} INFO - 5     6     6         -2           OLD  ...  1644083     532     878           NaN
[2024-07-31T19:32:30.367+0900] {process_utils.py:191} INFO - 6     7     7         -2           OLD  ...   643692     416     629           NaN
[2024-07-31T19:32:30.367+0900] {process_utils.py:191} INFO - 7     8     8          0           NEW  ...     4327      56     105           NaN
[2024-07-31T19:32:30.368+0900] {process_utils.py:191} INFO - 8     9     9         -2           OLD  ...  1758706     147     180           NaN
[2024-07-31T19:32:30.368+0900] {process_utils.py:191} INFO - 9    10    10         -4           OLD  ...    26210      11      13           NaN
[2024-07-31T19:32:30.368+0900] {process_utils.py:191} INFO - 
[2024-07-31T19:32:30.369+0900] {process_utils.py:191} INFO - [10 rows x 19 columns]
[2024-07-31T19:32:30.369+0900] {process_utils.py:191} INFO - *********************************
[2024-07-31T19:32:30.369+0900] {process_utils.py:191} INFO - rnum                int64
[2024-07-31T19:32:30.369+0900] {process_utils.py:191} INFO - rank                int64
[2024-07-31T19:32:30.370+0900] {process_utils.py:191} INFO - rankInten           int64
[2024-07-31T19:32:30.370+0900] {process_utils.py:191} INFO - rankOldAndNew      object
[2024-07-31T19:32:30.370+0900] {process_utils.py:191} INFO - movieCd            object
[2024-07-31T19:32:30.371+0900] {process_utils.py:191} INFO - movieNm            object
[2024-07-31T19:32:30.371+0900] {process_utils.py:191} INFO - openDt             object
[2024-07-31T19:32:30.371+0900] {process_utils.py:191} INFO - salesAmt            int64
[2024-07-31T19:32:30.371+0900] {process_utils.py:191} INFO - salesShare        float64
[2024-07-31T19:32:30.372+0900] {process_utils.py:191} INFO - salesInten          int64
[2024-07-31T19:32:30.372+0900] {process_utils.py:191} INFO - salesChange       float64
[2024-07-31T19:32:30.372+0900] {process_utils.py:191} INFO - salesAcc           object
[2024-07-31T19:32:30.372+0900] {process_utils.py:191} INFO - audiCnt             int64
[2024-07-31T19:32:30.373+0900] {process_utils.py:191} INFO - audiInten           int64
[2024-07-31T19:32:30.373+0900] {process_utils.py:191} INFO - audiChange        float64
[2024-07-31T19:32:30.373+0900] {process_utils.py:191} INFO - audiAcc             int64
[2024-07-31T19:32:30.373+0900] {process_utils.py:191} INFO - scrnCnt             int64
[2024-07-31T19:32:30.374+0900] {process_utils.py:191} INFO - showCnt             int64
[2024-07-31T19:32:30.374+0900] {process_utils.py:191} INFO - multiMovieYn     category
[2024-07-31T19:32:30.374+0900] {process_utils.py:191} INFO - dtype: object
[2024-07-31T19:32:30.374+0900] {process_utils.py:191} INFO - 개봉일 기준 그룹핑 누적 관객수 합
[2024-07-31T19:32:30.375+0900] {process_utils.py:191} INFO -         openDt  audiCnt
[2024-07-31T19:32:30.375+0900] {process_utils.py:191} INFO - 0   1996-03-30     3576
[2024-07-31T19:32:30.375+0900] {process_utils.py:191} INFO - 1   2014-07-24     2164
[2024-07-31T19:32:30.375+0900] {process_utils.py:191} INFO - 2   2024-02-07     1144
[2024-07-31T19:32:30.376+0900] {process_utils.py:191} INFO - 3   2024-06-05     1348
[2024-07-31T19:32:30.376+0900] {process_utils.py:191} INFO - 4   2024-06-12    17459
[2024-07-31T19:32:30.376+0900] {process_utils.py:191} INFO - 5   2024-06-21     1955
[2024-07-31T19:32:30.376+0900] {process_utils.py:191} INFO - 6   2024-06-26    10223
[2024-07-31T19:32:30.376+0900] {process_utils.py:191} INFO - 7   2024-06-27     1864
[2024-07-31T19:32:30.377+0900] {process_utils.py:191} INFO - 8   2024-07-03    42352
[2024-07-31T19:32:30.377+0900] {process_utils.py:191} INFO - 9   2024-07-10      952
[2024-07-31T19:32:30.377+0900] {process_utils.py:191} INFO - 10  2024-07-12     6735
[2024-07-31T19:32:30.377+0900] {process_utils.py:191} INFO - 11  2024-07-17    32794
[2024-07-31T19:32:30.378+0900] {process_utils.py:191} INFO - 12  2024-07-24   308946
[2024-07-31T19:32:30.378+0900] {process_utils.py:191} INFO - 13  2024-07-31     2746
[2024-07-31T19:32:30.819+0900] {python.py:237} INFO - Done. Returned value was: None
[2024-07-31T19:32:30.820+0900] {taskinstance.py:441} INFO - ::group::Post task execution logs
[2024-07-31T19:32:30.823+0900] {taskinstance.py:1206} INFO - Marking task as SUCCESS. dag_id=movie, task_id=save.data, run_id=scheduled__2024-07-24T02:10:00+00:00, execution_date=20240724T021000, start_date=20240731T103207, end_date=20240731T103230
[2024-07-31T19:32:30.848+0900] {local_task_job_runner.py:243} INFO - Task exited with return code 0
[2024-07-31T19:32:30.853+0900] {taskinstance.py:3503} INFO - 0 downstream tasks scheduled from follow-on schedule check
[2024-07-31T19:32:30.854+0900] {local_task_job_runner.py:222} INFO - ::endgroup::
