[2024-07-31T19:37:29.513+0900] {local_task_job_runner.py:120} INFO - ::group::Pre task execution logs
[2024-07-31T19:37:29.526+0900] {taskinstance.py:2076} INFO - Dependencies all met for dep_context=non-requeueable deps ti=<TaskInstance: movie.save.data scheduled__2024-07-24T02:10:00+00:00 [queued]>
[2024-07-31T19:37:29.529+0900] {taskinstance.py:2076} INFO - Dependencies all met for dep_context=requeueable deps ti=<TaskInstance: movie.save.data scheduled__2024-07-24T02:10:00+00:00 [queued]>
[2024-07-31T19:37:29.529+0900] {taskinstance.py:2306} INFO - Starting attempt 4 of 5
[2024-07-31T19:37:29.536+0900] {taskinstance.py:2330} INFO - Executing <Task(PythonVirtualenvOperator): save.data> on 2024-07-24 02:10:00+00:00
[2024-07-31T19:37:29.539+0900] {standard_task_runner.py:64} INFO - Started process 32513 to run task
[2024-07-31T19:37:29.542+0900] {standard_task_runner.py:90} INFO - Running: ['airflow', 'tasks', 'run', 'movie', 'save.data', 'scheduled__2024-07-24T02:10:00+00:00', '--job-id', '940', '--raw', '--subdir', 'DAGS_FOLDER/movie.py', '--cfg-path', '/var/folders/qv/0knwm5h50ml0skpppwpbks_r0000gp/T/tmpd79tlu99']
[2024-07-31T19:37:29.543+0900] {standard_task_runner.py:91} INFO - Job 940: Subtask save.data
[2024-07-31T19:37:29.559+0900] {task_command.py:426} INFO - Running <TaskInstance: movie.save.data scheduled__2024-07-24T02:10:00+00:00 [running]> on host jeongui-MacBookPro.local
[2024-07-31T19:37:29.579+0900] {taskinstance.py:2648} INFO - Exporting env vars: AIRFLOW_CTX_DAG_OWNER='airflow' AIRFLOW_CTX_DAG_ID='movie' AIRFLOW_CTX_TASK_ID='save.data' AIRFLOW_CTX_EXECUTION_DATE='2024-07-24T02:10:00+00:00' AIRFLOW_CTX_TRY_NUMBER='4' AIRFLOW_CTX_DAG_RUN_ID='scheduled__2024-07-24T02:10:00+00:00'
[2024-07-31T19:37:29.579+0900] {taskinstance.py:430} INFO - ::endgroup::
[2024-07-31T19:37:29.584+0900] {baseoperator.py:400} WARNING - PythonVirtualenvOperator.execute cannot be called outside TaskInstance!
[2024-07-31T19:37:29.585+0900] {process_utils.py:183} INFO - Executing cmd: /Users/DE32/.pyenv/versions/3.11.9/envs/note/bin/python -m virtualenv /var/folders/qv/0knwm5h50ml0skpppwpbks_r0000gp/T/venvxxidcr97 --python=python
[2024-07-31T19:37:29.587+0900] {process_utils.py:187} INFO - Output:
[2024-07-31T19:37:29.820+0900] {process_utils.py:191} INFO - created virtual environment CPython3.11.9.final.0-64 in 167ms
[2024-07-31T19:37:29.820+0900] {process_utils.py:191} INFO -   creator CPython3Posix(dest=/private/var/folders/qv/0knwm5h50ml0skpppwpbks_r0000gp/T/venvxxidcr97, clear=False, no_vcs_ignore=False, global=False)
[2024-07-31T19:37:29.821+0900] {process_utils.py:191} INFO -   seeder FromAppData(download=False, pip=bundle, setuptools=bundle, wheel=bundle, via=copy, app_data_dir=/Users/DE32/Library/Application Support/virtualenv)
[2024-07-31T19:37:29.821+0900] {process_utils.py:191} INFO -     added seed packages: pip==24.1.2, setuptools==70.2.0, wheel==0.43.0
[2024-07-31T19:37:29.821+0900] {process_utils.py:191} INFO -   activators BashActivator,CShellActivator,FishActivator,NushellActivator,PowerShellActivator,PythonActivator
[2024-07-31T19:37:29.832+0900] {process_utils.py:183} INFO - Executing cmd: /var/folders/qv/0knwm5h50ml0skpppwpbks_r0000gp/T/venvxxidcr97/bin/pip install -r /var/folders/qv/0knwm5h50ml0skpppwpbks_r0000gp/T/venvxxidcr97/requirements.txt
[2024-07-31T19:37:29.834+0900] {process_utils.py:187} INFO - Output:
[2024-07-31T19:37:30.546+0900] {process_utils.py:191} INFO - Collecting git+https://github.com/Jeonghoon2/movie.git@0.2/api (from -r /var/folders/qv/0knwm5h50ml0skpppwpbks_r0000gp/T/venvxxidcr97/requirements.txt (line 1))
[2024-07-31T19:37:30.547+0900] {process_utils.py:191} INFO -   Cloning https://github.com/Jeonghoon2/movie.git (to revision 0.2/api) to /private/var/folders/qv/0knwm5h50ml0skpppwpbks_r0000gp/T/pip-req-build-p19i1anw
[2024-07-31T19:37:30.558+0900] {process_utils.py:191} INFO -   Running command git clone --filter=blob:none --quiet https://github.com/Jeonghoon2/movie.git /private/var/folders/qv/0knwm5h50ml0skpppwpbks_r0000gp/T/pip-req-build-p19i1anw
[2024-07-31T19:37:31.873+0900] {process_utils.py:191} INFO -   Running command git checkout -b 0.2/api --track origin/0.2/api
[2024-07-31T19:37:32.370+0900] {process_utils.py:191} INFO -   Switched to a new branch '0.2/api'
[2024-07-31T19:37:32.370+0900] {process_utils.py:191} INFO -   branch '0.2/api' set up to track 'origin/0.2/api'.
[2024-07-31T19:37:32.370+0900] {process_utils.py:191} INFO -   Resolved https://github.com/Jeonghoon2/movie.git to commit c2fdd392ce95b386519b05b3bab786608cdb1c58
[2024-07-31T19:37:32.393+0900] {process_utils.py:191} INFO -   Installing build dependencies: started
[2024-07-31T19:37:33.326+0900] {process_utils.py:191} INFO -   Installing build dependencies: finished with status 'done'
[2024-07-31T19:37:33.327+0900] {process_utils.py:191} INFO -   Getting requirements to build wheel: started
[2024-07-31T19:37:33.449+0900] {process_utils.py:191} INFO -   Getting requirements to build wheel: finished with status 'done'
[2024-07-31T19:37:33.450+0900] {process_utils.py:191} INFO -   Preparing metadata (pyproject.toml): started
[2024-07-31T19:37:33.576+0900] {process_utils.py:191} INFO -   Preparing metadata (pyproject.toml): finished with status 'done'
[2024-07-31T19:37:33.638+0900] {process_utils.py:191} INFO - Collecting requests>=2.32.3 (from mov==0.1.0->-r /var/folders/qv/0knwm5h50ml0skpppwpbks_r0000gp/T/venvxxidcr97/requirements.txt (line 1))
[2024-07-31T19:37:33.639+0900] {process_utils.py:191} INFO -   Using cached requests-2.32.3-py3-none-any.whl.metadata (4.6 kB)
[2024-07-31T19:37:33.703+0900] {process_utils.py:191} INFO - Collecting pandas>=2.2.2 (from mov==0.1.0->-r /var/folders/qv/0knwm5h50ml0skpppwpbks_r0000gp/T/venvxxidcr97/requirements.txt (line 1))
[2024-07-31T19:37:33.704+0900] {process_utils.py:191} INFO -   Using cached pandas-2.2.2-cp311-cp311-macosx_11_0_arm64.whl.metadata (19 kB)
[2024-07-31T19:37:33.841+0900] {process_utils.py:191} INFO - Collecting numpy>=2.0.1 (from mov==0.1.0->-r /var/folders/qv/0knwm5h50ml0skpppwpbks_r0000gp/T/venvxxidcr97/requirements.txt (line 1))
[2024-07-31T19:37:33.843+0900] {process_utils.py:191} INFO -   Using cached numpy-2.0.1-cp311-cp311-macosx_14_0_arm64.whl.metadata (60 kB)
[2024-07-31T19:37:33.907+0900] {process_utils.py:191} INFO - Collecting pyarrow>=17.0.0 (from mov==0.1.0->-r /var/folders/qv/0knwm5h50ml0skpppwpbks_r0000gp/T/venvxxidcr97/requirements.txt (line 1))
[2024-07-31T19:37:33.909+0900] {process_utils.py:191} INFO -   Using cached pyarrow-17.0.0-cp311-cp311-macosx_11_0_arm64.whl.metadata (3.3 kB)
[2024-07-31T19:37:33.935+0900] {process_utils.py:191} INFO - Collecting python-dateutil>=2.8.2 (from pandas>=2.2.2->mov==0.1.0->-r /var/folders/qv/0knwm5h50ml0skpppwpbks_r0000gp/T/venvxxidcr97/requirements.txt (line 1))
[2024-07-31T19:37:33.937+0900] {process_utils.py:191} INFO -   Using cached python_dateutil-2.9.0.post0-py2.py3-none-any.whl.metadata (8.4 kB)
[2024-07-31T19:37:33.970+0900] {process_utils.py:191} INFO - Collecting pytz>=2020.1 (from pandas>=2.2.2->mov==0.1.0->-r /var/folders/qv/0knwm5h50ml0skpppwpbks_r0000gp/T/venvxxidcr97/requirements.txt (line 1))
[2024-07-31T19:37:33.972+0900] {process_utils.py:191} INFO -   Using cached pytz-2024.1-py2.py3-none-any.whl.metadata (22 kB)
[2024-07-31T19:37:33.988+0900] {process_utils.py:191} INFO - Collecting tzdata>=2022.7 (from pandas>=2.2.2->mov==0.1.0->-r /var/folders/qv/0knwm5h50ml0skpppwpbks_r0000gp/T/venvxxidcr97/requirements.txt (line 1))
[2024-07-31T19:37:33.990+0900] {process_utils.py:191} INFO -   Using cached tzdata-2024.1-py2.py3-none-any.whl.metadata (1.4 kB)
[2024-07-31T19:37:34.051+0900] {process_utils.py:191} INFO - Collecting charset-normalizer<4,>=2 (from requests>=2.32.3->mov==0.1.0->-r /var/folders/qv/0knwm5h50ml0skpppwpbks_r0000gp/T/venvxxidcr97/requirements.txt (line 1))
[2024-07-31T19:37:34.051+0900] {process_utils.py:191} INFO -   Using cached charset_normalizer-3.3.2-cp311-cp311-macosx_11_0_arm64.whl.metadata (33 kB)
[2024-07-31T19:37:34.069+0900] {process_utils.py:191} INFO - Collecting idna<4,>=2.5 (from requests>=2.32.3->mov==0.1.0->-r /var/folders/qv/0knwm5h50ml0skpppwpbks_r0000gp/T/venvxxidcr97/requirements.txt (line 1))
[2024-07-31T19:37:34.070+0900] {process_utils.py:191} INFO -   Using cached idna-3.7-py3-none-any.whl.metadata (9.9 kB)
[2024-07-31T19:37:34.096+0900] {process_utils.py:191} INFO - Collecting urllib3<3,>=1.21.1 (from requests>=2.32.3->mov==0.1.0->-r /var/folders/qv/0knwm5h50ml0skpppwpbks_r0000gp/T/venvxxidcr97/requirements.txt (line 1))
[2024-07-31T19:37:34.097+0900] {process_utils.py:191} INFO -   Using cached urllib3-2.2.2-py3-none-any.whl.metadata (6.4 kB)
[2024-07-31T19:37:34.119+0900] {process_utils.py:191} INFO - Collecting certifi>=2017.4.17 (from requests>=2.32.3->mov==0.1.0->-r /var/folders/qv/0knwm5h50ml0skpppwpbks_r0000gp/T/venvxxidcr97/requirements.txt (line 1))
[2024-07-31T19:37:34.120+0900] {process_utils.py:191} INFO -   Using cached certifi-2024.7.4-py3-none-any.whl.metadata (2.2 kB)
[2024-07-31T19:37:34.145+0900] {process_utils.py:191} INFO - Collecting six>=1.5 (from python-dateutil>=2.8.2->pandas>=2.2.2->mov==0.1.0->-r /var/folders/qv/0knwm5h50ml0skpppwpbks_r0000gp/T/venvxxidcr97/requirements.txt (line 1))
[2024-07-31T19:37:34.146+0900] {process_utils.py:191} INFO -   Using cached six-1.16.0-py2.py3-none-any.whl.metadata (1.8 kB)
[2024-07-31T19:37:34.149+0900] {process_utils.py:191} INFO - Using cached numpy-2.0.1-cp311-cp311-macosx_14_0_arm64.whl (5.3 MB)
[2024-07-31T19:37:34.155+0900] {process_utils.py:191} INFO - Using cached pandas-2.2.2-cp311-cp311-macosx_11_0_arm64.whl (11.3 MB)
[2024-07-31T19:37:34.167+0900] {process_utils.py:191} INFO - Using cached pyarrow-17.0.0-cp311-cp311-macosx_11_0_arm64.whl (27.2 MB)
[2024-07-31T19:37:34.193+0900] {process_utils.py:191} INFO - Using cached requests-2.32.3-py3-none-any.whl (64 kB)
[2024-07-31T19:37:34.194+0900] {process_utils.py:191} INFO - Using cached certifi-2024.7.4-py3-none-any.whl (162 kB)
[2024-07-31T19:37:34.195+0900] {process_utils.py:191} INFO - Using cached charset_normalizer-3.3.2-cp311-cp311-macosx_11_0_arm64.whl (118 kB)
[2024-07-31T19:37:34.196+0900] {process_utils.py:191} INFO - Using cached idna-3.7-py3-none-any.whl (66 kB)
[2024-07-31T19:37:34.197+0900] {process_utils.py:191} INFO - Using cached python_dateutil-2.9.0.post0-py2.py3-none-any.whl (229 kB)
[2024-07-31T19:37:34.198+0900] {process_utils.py:191} INFO - Using cached pytz-2024.1-py2.py3-none-any.whl (505 kB)
[2024-07-31T19:37:34.199+0900] {process_utils.py:191} INFO - Using cached tzdata-2024.1-py2.py3-none-any.whl (345 kB)
[2024-07-31T19:37:34.200+0900] {process_utils.py:191} INFO - Using cached urllib3-2.2.2-py3-none-any.whl (121 kB)
[2024-07-31T19:37:34.201+0900] {process_utils.py:191} INFO - Using cached six-1.16.0-py2.py3-none-any.whl (11 kB)
[2024-07-31T19:37:34.243+0900] {process_utils.py:191} INFO - Building wheels for collected packages: mov
[2024-07-31T19:37:34.255+0900] {process_utils.py:191} INFO -   Building wheel for mov (pyproject.toml): started
[2024-07-31T19:37:34.389+0900] {process_utils.py:191} INFO -   Building wheel for mov (pyproject.toml): finished with status 'done'
[2024-07-31T19:37:34.390+0900] {process_utils.py:191} INFO -   Created wheel for mov: filename=mov-0.1.0-py3-none-any.whl size=3056 sha256=5e72ab05a46de4ff84956e3dbe2c6f6af28de6ca72a25b964051c7d726e2a217
[2024-07-31T19:37:34.391+0900] {process_utils.py:191} INFO -   Stored in directory: /private/var/folders/qv/0knwm5h50ml0skpppwpbks_r0000gp/T/pip-ephem-wheel-cache-0pxwanu1/wheels/cf/ab/a7/d0c528d20fa8a5f19e169bdf1d98f2b2cefe79d8527bb89200
[2024-07-31T19:37:34.392+0900] {process_utils.py:191} INFO - Successfully built mov
[2024-07-31T19:37:34.419+0900] {process_utils.py:191} INFO - Installing collected packages: pytz, urllib3, tzdata, six, numpy, idna, charset-normalizer, certifi, requests, python-dateutil, pyarrow, pandas, mov
[2024-07-31T19:37:38.888+0900] {process_utils.py:191} INFO - Successfully installed certifi-2024.7.4 charset-normalizer-3.3.2 idna-3.7 mov-0.1.0 numpy-2.0.1 pandas-2.2.2 pyarrow-17.0.0 python-dateutil-2.9.0.post0 pytz-2024.1 requests-2.32.3 six-1.16.0 tzdata-2024.1 urllib3-2.2.2
[2024-07-31T19:37:38.892+0900] {process_utils.py:191} INFO - 
[2024-07-31T19:37:38.892+0900] {process_utils.py:191} INFO - [notice] A new release of pip is available: 24.1.2 -> 24.2
[2024-07-31T19:37:38.893+0900] {process_utils.py:191} INFO - [notice] To update, run: python -m pip install --upgrade pip
[2024-07-31T19:37:39.029+0900] {process_utils.py:183} INFO - Executing cmd: /var/folders/qv/0knwm5h50ml0skpppwpbks_r0000gp/T/venvxxidcr97/bin/python /var/folders/qv/0knwm5h50ml0skpppwpbks_r0000gp/T/venv-call6usj_x0p/script.py /var/folders/qv/0knwm5h50ml0skpppwpbks_r0000gp/T/venv-call6usj_x0p/script.in /var/folders/qv/0knwm5h50ml0skpppwpbks_r0000gp/T/venv-call6usj_x0p/script.out /var/folders/qv/0knwm5h50ml0skpppwpbks_r0000gp/T/venv-call6usj_x0p/string_args.txt /var/folders/qv/0knwm5h50ml0skpppwpbks_r0000gp/T/venv-call6usj_x0p/termination.log
[2024-07-31T19:37:39.031+0900] {process_utils.py:187} INFO - Output:
[2024-07-31T19:37:52.835+0900] {process_utils.py:191} INFO - *********************************
[2024-07-31T19:37:52.835+0900] {process_utils.py:191} INFO -    rnum  rank  rankInten  ... showCnt multiMovieYn repNationCd
[2024-07-31T19:37:52.836+0900] {process_utils.py:191} INFO - 0     1     1         10  ...    8234          NaN         NaN
[2024-07-31T19:37:52.836+0900] {process_utils.py:191} INFO - 1     2     2          0  ...    3989          NaN         NaN
[2024-07-31T19:37:52.837+0900] {process_utils.py:191} INFO - 2     3     3         -2  ...    2171          NaN         NaN
[2024-07-31T19:37:52.837+0900] {process_utils.py:191} INFO - 3     4     4         -1  ...    1268          NaN         NaN
[2024-07-31T19:37:52.837+0900] {process_utils.py:191} INFO - 4     5     5         -3  ...    1128          NaN         NaN
[2024-07-31T19:37:52.838+0900] {process_utils.py:191} INFO - 5     6     6         -2  ...     878          NaN         NaN
[2024-07-31T19:37:52.838+0900] {process_utils.py:191} INFO - 6     7     7         -2  ...     629          NaN         NaN
[2024-07-31T19:37:52.838+0900] {process_utils.py:191} INFO - 7     8     8          0  ...     105          NaN         NaN
[2024-07-31T19:37:52.838+0900] {process_utils.py:191} INFO - 8     9     9         -2  ...     180          NaN         NaN
[2024-07-31T19:37:52.839+0900] {process_utils.py:191} INFO - 9    10    10         -4  ...      13          NaN         NaN
[2024-07-31T19:37:52.839+0900] {process_utils.py:191} INFO - 
[2024-07-31T19:37:52.839+0900] {process_utils.py:191} INFO - [10 rows x 20 columns]
[2024-07-31T19:37:52.839+0900] {process_utils.py:191} INFO - *********************************
[2024-07-31T19:37:52.840+0900] {process_utils.py:191} INFO - rnum                int64
[2024-07-31T19:37:52.840+0900] {process_utils.py:191} INFO - rank                int64
[2024-07-31T19:37:52.840+0900] {process_utils.py:191} INFO - rankInten           int64
[2024-07-31T19:37:52.840+0900] {process_utils.py:191} INFO - rankOldAndNew      object
[2024-07-31T19:37:52.841+0900] {process_utils.py:191} INFO - movieCd            object
[2024-07-31T19:37:52.841+0900] {process_utils.py:191} INFO - movieNm            object
[2024-07-31T19:37:52.841+0900] {process_utils.py:191} INFO - openDt             object
[2024-07-31T19:37:52.841+0900] {process_utils.py:191} INFO - salesAmt            int64
[2024-07-31T19:37:52.842+0900] {process_utils.py:191} INFO - salesShare        float64
[2024-07-31T19:37:52.842+0900] {process_utils.py:191} INFO - salesInten          int64
[2024-07-31T19:37:52.842+0900] {process_utils.py:191} INFO - salesChange       float64
[2024-07-31T19:37:52.842+0900] {process_utils.py:191} INFO - salesAcc           object
[2024-07-31T19:37:52.843+0900] {process_utils.py:191} INFO - audiCnt             int64
[2024-07-31T19:37:52.843+0900] {process_utils.py:191} INFO - audiInten           int64
[2024-07-31T19:37:52.843+0900] {process_utils.py:191} INFO - audiChange        float64
[2024-07-31T19:37:52.843+0900] {process_utils.py:191} INFO - audiAcc             int64
[2024-07-31T19:37:52.844+0900] {process_utils.py:191} INFO - scrnCnt             int64
[2024-07-31T19:37:52.844+0900] {process_utils.py:191} INFO - showCnt             int64
[2024-07-31T19:37:52.844+0900] {process_utils.py:191} INFO - multiMovieYn     category
[2024-07-31T19:37:52.844+0900] {process_utils.py:191} INFO - repNationCd      category
[2024-07-31T19:37:52.844+0900] {process_utils.py:191} INFO - dtype: object
[2024-07-31T19:37:52.845+0900] {process_utils.py:191} INFO - 개봉일 기준 그룹핑 누적 관객수 합
[2024-07-31T19:37:52.845+0900] {process_utils.py:191} INFO -         openDt  audiCnt
[2024-07-31T19:37:52.845+0900] {process_utils.py:191} INFO - 0   1996-03-30     1788
[2024-07-31T19:37:52.845+0900] {process_utils.py:191} INFO - 1   2014-07-24     1082
[2024-07-31T19:37:52.846+0900] {process_utils.py:191} INFO - 2   2024-01-24      200
[2024-07-31T19:37:52.846+0900] {process_utils.py:191} INFO - 3   2024-02-07      572
[2024-07-31T19:37:52.846+0900] {process_utils.py:191} INFO - 4   2024-06-05      337
[2024-07-31T19:37:52.846+0900] {process_utils.py:191} INFO - 5   2024-06-12    52377
[2024-07-31T19:37:52.847+0900] {process_utils.py:191} INFO - 6   2024-06-21     5865
[2024-07-31T19:37:52.847+0900] {process_utils.py:191} INFO - 7   2024-06-26    30669
[2024-07-31T19:37:52.847+0900] {process_utils.py:191} INFO - 8   2024-06-27      932
[2024-07-31T19:37:52.847+0900] {process_utils.py:191} INFO - 9   2024-07-03   110486
[2024-07-31T19:37:52.847+0900] {process_utils.py:191} INFO - 10  2024-07-10      762
[2024-07-31T19:37:52.848+0900] {process_utils.py:191} INFO - 11  2024-07-11      433
[2024-07-31T19:37:52.848+0900] {process_utils.py:191} INFO - 12  2024-07-12    20205
[2024-07-31T19:37:52.848+0900] {process_utils.py:191} INFO - 13  2024-07-17    95698
[2024-07-31T19:37:52.848+0900] {process_utils.py:191} INFO - 14  2024-07-18      812
[2024-07-31T19:37:52.848+0900] {process_utils.py:191} INFO - 15  2024-07-24   923968
[2024-07-31T19:37:52.849+0900] {process_utils.py:191} INFO - 16  2024-07-31     5785
[2024-07-31T19:37:53.282+0900] {python.py:237} INFO - Done. Returned value was: None
[2024-07-31T19:37:53.282+0900] {taskinstance.py:441} INFO - ::group::Post task execution logs
[2024-07-31T19:37:53.286+0900] {taskinstance.py:1206} INFO - Marking task as SUCCESS. dag_id=movie, task_id=save.data, run_id=scheduled__2024-07-24T02:10:00+00:00, execution_date=20240724T021000, start_date=20240731T103729, end_date=20240731T103753
[2024-07-31T19:37:53.330+0900] {local_task_job_runner.py:243} INFO - Task exited with return code 0
[2024-07-31T19:37:53.336+0900] {taskinstance.py:3503} INFO - 0 downstream tasks scheduled from follow-on schedule check
[2024-07-31T19:37:53.336+0900] {local_task_job_runner.py:222} INFO - ::endgroup::
