[2024-07-31T10:01:22.708+0900] {local_task_job_runner.py:120} INFO - ::group::Pre task execution logs
[2024-07-31T10:01:22.720+0900] {taskinstance.py:2076} INFO - Dependencies all met for dep_context=non-requeueable deps ti=<TaskInstance: movie.save.data scheduled__2024-07-24T02:10:00+00:00 [queued]>
[2024-07-31T10:01:22.723+0900] {taskinstance.py:2076} INFO - Dependencies all met for dep_context=requeueable deps ti=<TaskInstance: movie.save.data scheduled__2024-07-24T02:10:00+00:00 [queued]>
[2024-07-31T10:01:22.723+0900] {taskinstance.py:2306} INFO - Starting attempt 1 of 2
[2024-07-31T10:01:22.729+0900] {taskinstance.py:2330} INFO - Executing <Task(PythonVirtualenvOperator): save.data> on 2024-07-24 02:10:00+00:00
[2024-07-31T10:01:22.732+0900] {standard_task_runner.py:64} INFO - Started process 7341 to run task
[2024-07-31T10:01:22.734+0900] {standard_task_runner.py:90} INFO - Running: ['airflow', 'tasks', 'run', 'movie', 'save.data', 'scheduled__2024-07-24T02:10:00+00:00', '--job-id', '678', '--raw', '--subdir', 'DAGS_FOLDER/movie.py', '--cfg-path', '/var/folders/qv/0knwm5h50ml0skpppwpbks_r0000gp/T/tmp9z9klqwa']
[2024-07-31T10:01:22.736+0900] {standard_task_runner.py:91} INFO - Job 678: Subtask save.data
[2024-07-31T10:01:22.750+0900] {task_command.py:426} INFO - Running <TaskInstance: movie.save.data scheduled__2024-07-24T02:10:00+00:00 [running]> on host jeongui-MacBookPro.local
[2024-07-31T10:01:22.769+0900] {taskinstance.py:2648} INFO - Exporting env vars: AIRFLOW_CTX_DAG_OWNER='airflow' AIRFLOW_CTX_DAG_ID='movie' AIRFLOW_CTX_TASK_ID='save.data' AIRFLOW_CTX_EXECUTION_DATE='2024-07-24T02:10:00+00:00' AIRFLOW_CTX_TRY_NUMBER='1' AIRFLOW_CTX_DAG_RUN_ID='scheduled__2024-07-24T02:10:00+00:00'
[2024-07-31T10:01:22.770+0900] {taskinstance.py:430} INFO - ::endgroup::
[2024-07-31T10:01:22.774+0900] {baseoperator.py:400} WARNING - PythonVirtualenvOperator.execute cannot be called outside TaskInstance!
[2024-07-31T10:01:22.775+0900] {process_utils.py:183} INFO - Executing cmd: /Users/DE32/.pyenv/versions/3.11.9/envs/note/bin/python -m virtualenv /var/folders/qv/0knwm5h50ml0skpppwpbks_r0000gp/T/venvtadletdc --python=python
[2024-07-31T10:01:22.777+0900] {process_utils.py:187} INFO - Output:
[2024-07-31T10:01:23.009+0900] {process_utils.py:191} INFO - created virtual environment CPython3.11.9.final.0-64 in 166ms
[2024-07-31T10:01:23.010+0900] {process_utils.py:191} INFO -   creator CPython3Posix(dest=/private/var/folders/qv/0knwm5h50ml0skpppwpbks_r0000gp/T/venvtadletdc, clear=False, no_vcs_ignore=False, global=False)
[2024-07-31T10:01:23.010+0900] {process_utils.py:191} INFO -   seeder FromAppData(download=False, pip=bundle, setuptools=bundle, wheel=bundle, via=copy, app_data_dir=/Users/DE32/Library/Application Support/virtualenv)
[2024-07-31T10:01:23.010+0900] {process_utils.py:191} INFO -     added seed packages: pip==24.1.2, setuptools==70.2.0, wheel==0.43.0
[2024-07-31T10:01:23.010+0900] {process_utils.py:191} INFO -   activators BashActivator,CShellActivator,FishActivator,NushellActivator,PowerShellActivator,PythonActivator
[2024-07-31T10:01:23.021+0900] {process_utils.py:183} INFO - Executing cmd: /var/folders/qv/0knwm5h50ml0skpppwpbks_r0000gp/T/venvtadletdc/bin/pip install -r /var/folders/qv/0knwm5h50ml0skpppwpbks_r0000gp/T/venvtadletdc/requirements.txt
[2024-07-31T10:01:23.023+0900] {process_utils.py:187} INFO - Output:
[2024-07-31T10:01:23.745+0900] {process_utils.py:191} INFO - Collecting git+https://github.com/Jeonghoon2/movie.git@0.2/api (from -r /var/folders/qv/0knwm5h50ml0skpppwpbks_r0000gp/T/venvtadletdc/requirements.txt (line 1))
[2024-07-31T10:01:23.745+0900] {process_utils.py:191} INFO -   Cloning https://github.com/Jeonghoon2/movie.git (to revision 0.2/api) to /private/var/folders/qv/0knwm5h50ml0skpppwpbks_r0000gp/T/pip-req-build-aqpvu_o2
[2024-07-31T10:01:23.757+0900] {process_utils.py:191} INFO -   Running command git clone --filter=blob:none --quiet https://github.com/Jeonghoon2/movie.git /private/var/folders/qv/0knwm5h50ml0skpppwpbks_r0000gp/T/pip-req-build-aqpvu_o2
[2024-07-31T10:01:25.259+0900] {process_utils.py:191} INFO -   Running command git checkout -b 0.2/api --track origin/0.2/api
[2024-07-31T10:01:25.765+0900] {process_utils.py:191} INFO -   Switched to a new branch '0.2/api'
[2024-07-31T10:01:25.765+0900] {process_utils.py:191} INFO -   branch '0.2/api' set up to track 'origin/0.2/api'.
[2024-07-31T10:01:25.766+0900] {process_utils.py:191} INFO -   Resolved https://github.com/Jeonghoon2/movie.git to commit 514cfb45f6fa577ee07d4fa2076f9283780af81e
[2024-07-31T10:01:25.786+0900] {process_utils.py:191} INFO -   Installing build dependencies: started
[2024-07-31T10:01:26.678+0900] {process_utils.py:191} INFO -   Installing build dependencies: finished with status 'done'
[2024-07-31T10:01:26.678+0900] {process_utils.py:191} INFO -   Getting requirements to build wheel: started
[2024-07-31T10:01:26.801+0900] {process_utils.py:191} INFO -   Getting requirements to build wheel: finished with status 'done'
[2024-07-31T10:01:26.802+0900] {process_utils.py:191} INFO -   Preparing metadata (pyproject.toml): started
[2024-07-31T10:01:26.925+0900] {process_utils.py:191} INFO -   Preparing metadata (pyproject.toml): finished with status 'done'
[2024-07-31T10:01:26.990+0900] {process_utils.py:191} INFO - Collecting requests>=2.32.3 (from mov==0.1.0->-r /var/folders/qv/0knwm5h50ml0skpppwpbks_r0000gp/T/venvtadletdc/requirements.txt (line 1))
[2024-07-31T10:01:26.992+0900] {process_utils.py:191} INFO -   Using cached requests-2.32.3-py3-none-any.whl.metadata (4.6 kB)
[2024-07-31T10:01:27.058+0900] {process_utils.py:191} INFO - Collecting pandas>=2.2.2 (from mov==0.1.0->-r /var/folders/qv/0knwm5h50ml0skpppwpbks_r0000gp/T/venvtadletdc/requirements.txt (line 1))
[2024-07-31T10:01:27.059+0900] {process_utils.py:191} INFO -   Using cached pandas-2.2.2-cp311-cp311-macosx_11_0_arm64.whl.metadata (19 kB)
[2024-07-31T10:01:27.157+0900] {process_utils.py:191} INFO - Collecting numpy>=2.0.1 (from mov==0.1.0->-r /var/folders/qv/0knwm5h50ml0skpppwpbks_r0000gp/T/venvtadletdc/requirements.txt (line 1))
[2024-07-31T10:01:27.158+0900] {process_utils.py:191} INFO -   Using cached numpy-2.0.1-cp311-cp311-macosx_14_0_arm64.whl.metadata (60 kB)
[2024-07-31T10:01:27.209+0900] {process_utils.py:191} INFO - Collecting pyarrow>=17.0.0 (from mov==0.1.0->-r /var/folders/qv/0knwm5h50ml0skpppwpbks_r0000gp/T/venvtadletdc/requirements.txt (line 1))
[2024-07-31T10:01:27.210+0900] {process_utils.py:191} INFO -   Using cached pyarrow-17.0.0-cp311-cp311-macosx_11_0_arm64.whl.metadata (3.3 kB)
[2024-07-31T10:01:27.230+0900] {process_utils.py:191} INFO - Collecting python-dateutil>=2.8.2 (from pandas>=2.2.2->mov==0.1.0->-r /var/folders/qv/0knwm5h50ml0skpppwpbks_r0000gp/T/venvtadletdc/requirements.txt (line 1))
[2024-07-31T10:01:27.231+0900] {process_utils.py:191} INFO -   Using cached python_dateutil-2.9.0.post0-py2.py3-none-any.whl.metadata (8.4 kB)
[2024-07-31T10:01:27.504+0900] {process_utils.py:191} INFO - Collecting pytz>=2020.1 (from pandas>=2.2.2->mov==0.1.0->-r /var/folders/qv/0knwm5h50ml0skpppwpbks_r0000gp/T/venvtadletdc/requirements.txt (line 1))
[2024-07-31T10:01:27.506+0900] {process_utils.py:191} INFO -   Using cached pytz-2024.1-py2.py3-none-any.whl.metadata (22 kB)
[2024-07-31T10:01:27.526+0900] {process_utils.py:191} INFO - Collecting tzdata>=2022.7 (from pandas>=2.2.2->mov==0.1.0->-r /var/folders/qv/0knwm5h50ml0skpppwpbks_r0000gp/T/venvtadletdc/requirements.txt (line 1))
[2024-07-31T10:01:27.527+0900] {process_utils.py:191} INFO -   Using cached tzdata-2024.1-py2.py3-none-any.whl.metadata (1.4 kB)
[2024-07-31T10:01:27.581+0900] {process_utils.py:191} INFO - Collecting charset-normalizer<4,>=2 (from requests>=2.32.3->mov==0.1.0->-r /var/folders/qv/0knwm5h50ml0skpppwpbks_r0000gp/T/venvtadletdc/requirements.txt (line 1))
[2024-07-31T10:01:27.582+0900] {process_utils.py:191} INFO -   Using cached charset_normalizer-3.3.2-cp311-cp311-macosx_11_0_arm64.whl.metadata (33 kB)
[2024-07-31T10:01:27.596+0900] {process_utils.py:191} INFO - Collecting idna<4,>=2.5 (from requests>=2.32.3->mov==0.1.0->-r /var/folders/qv/0knwm5h50ml0skpppwpbks_r0000gp/T/venvtadletdc/requirements.txt (line 1))
[2024-07-31T10:01:27.597+0900] {process_utils.py:191} INFO -   Using cached idna-3.7-py3-none-any.whl.metadata (9.9 kB)
[2024-07-31T10:01:27.626+0900] {process_utils.py:191} INFO - Collecting urllib3<3,>=1.21.1 (from requests>=2.32.3->mov==0.1.0->-r /var/folders/qv/0knwm5h50ml0skpppwpbks_r0000gp/T/venvtadletdc/requirements.txt (line 1))
[2024-07-31T10:01:27.627+0900] {process_utils.py:191} INFO -   Using cached urllib3-2.2.2-py3-none-any.whl.metadata (6.4 kB)
[2024-07-31T10:01:27.645+0900] {process_utils.py:191} INFO - Collecting certifi>=2017.4.17 (from requests>=2.32.3->mov==0.1.0->-r /var/folders/qv/0knwm5h50ml0skpppwpbks_r0000gp/T/venvtadletdc/requirements.txt (line 1))
[2024-07-31T10:01:27.646+0900] {process_utils.py:191} INFO -   Using cached certifi-2024.7.4-py3-none-any.whl.metadata (2.2 kB)
[2024-07-31T10:01:27.680+0900] {process_utils.py:191} INFO - Collecting six>=1.5 (from python-dateutil>=2.8.2->pandas>=2.2.2->mov==0.1.0->-r /var/folders/qv/0knwm5h50ml0skpppwpbks_r0000gp/T/venvtadletdc/requirements.txt (line 1))
[2024-07-31T10:01:27.681+0900] {process_utils.py:191} INFO -   Using cached six-1.16.0-py2.py3-none-any.whl.metadata (1.8 kB)
[2024-07-31T10:01:27.684+0900] {process_utils.py:191} INFO - Using cached numpy-2.0.1-cp311-cp311-macosx_14_0_arm64.whl (5.3 MB)
[2024-07-31T10:01:27.690+0900] {process_utils.py:191} INFO - Using cached pandas-2.2.2-cp311-cp311-macosx_11_0_arm64.whl (11.3 MB)
[2024-07-31T10:01:27.702+0900] {process_utils.py:191} INFO - Using cached pyarrow-17.0.0-cp311-cp311-macosx_11_0_arm64.whl (27.2 MB)
[2024-07-31T10:01:27.729+0900] {process_utils.py:191} INFO - Using cached requests-2.32.3-py3-none-any.whl (64 kB)
[2024-07-31T10:01:27.729+0900] {process_utils.py:191} INFO - Using cached certifi-2024.7.4-py3-none-any.whl (162 kB)
[2024-07-31T10:01:27.730+0900] {process_utils.py:191} INFO - Using cached charset_normalizer-3.3.2-cp311-cp311-macosx_11_0_arm64.whl (118 kB)
[2024-07-31T10:01:27.731+0900] {process_utils.py:191} INFO - Using cached idna-3.7-py3-none-any.whl (66 kB)
[2024-07-31T10:01:27.732+0900] {process_utils.py:191} INFO - Using cached python_dateutil-2.9.0.post0-py2.py3-none-any.whl (229 kB)
[2024-07-31T10:01:27.733+0900] {process_utils.py:191} INFO - Using cached pytz-2024.1-py2.py3-none-any.whl (505 kB)
[2024-07-31T10:01:27.734+0900] {process_utils.py:191} INFO - Using cached tzdata-2024.1-py2.py3-none-any.whl (345 kB)
[2024-07-31T10:01:27.736+0900] {process_utils.py:191} INFO - Using cached urllib3-2.2.2-py3-none-any.whl (121 kB)
[2024-07-31T10:01:27.737+0900] {process_utils.py:191} INFO - Using cached six-1.16.0-py2.py3-none-any.whl (11 kB)
[2024-07-31T10:01:27.779+0900] {process_utils.py:191} INFO - Building wheels for collected packages: mov
[2024-07-31T10:01:27.792+0900] {process_utils.py:191} INFO -   Building wheel for mov (pyproject.toml): started
[2024-07-31T10:01:27.925+0900] {process_utils.py:191} INFO -   Building wheel for mov (pyproject.toml): finished with status 'done'
[2024-07-31T10:01:27.926+0900] {process_utils.py:191} INFO -   Created wheel for mov: filename=mov-0.1.0-py3-none-any.whl size=3017 sha256=15a19f6ea9ddab7a6f6b438a3ae84110902b949b1de892204117c7af596dd80f
[2024-07-31T10:01:27.926+0900] {process_utils.py:191} INFO -   Stored in directory: /private/var/folders/qv/0knwm5h50ml0skpppwpbks_r0000gp/T/pip-ephem-wheel-cache-adrnw4b7/wheels/cf/ab/a7/d0c528d20fa8a5f19e169bdf1d98f2b2cefe79d8527bb89200
[2024-07-31T10:01:27.927+0900] {process_utils.py:191} INFO - Successfully built mov
[2024-07-31T10:01:27.955+0900] {process_utils.py:191} INFO - Installing collected packages: pytz, urllib3, tzdata, six, numpy, idna, charset-normalizer, certifi, requests, python-dateutil, pyarrow, pandas, mov
[2024-07-31T10:01:32.442+0900] {process_utils.py:191} INFO - Successfully installed certifi-2024.7.4 charset-normalizer-3.3.2 idna-3.7 mov-0.1.0 numpy-2.0.1 pandas-2.2.2 pyarrow-17.0.0 python-dateutil-2.9.0.post0 pytz-2024.1 requests-2.32.3 six-1.16.0 tzdata-2024.1 urllib3-2.2.2
[2024-07-31T10:01:32.445+0900] {process_utils.py:191} INFO - 
[2024-07-31T10:01:32.446+0900] {process_utils.py:191} INFO - [notice] A new release of pip is available: 24.1.2 -> 24.2
[2024-07-31T10:01:32.446+0900] {process_utils.py:191} INFO - [notice] To update, run: python -m pip install --upgrade pip
[2024-07-31T10:01:32.576+0900] {process_utils.py:183} INFO - Executing cmd: /var/folders/qv/0knwm5h50ml0skpppwpbks_r0000gp/T/venvtadletdc/bin/python /var/folders/qv/0knwm5h50ml0skpppwpbks_r0000gp/T/venv-callwmm48y4k/script.py /var/folders/qv/0knwm5h50ml0skpppwpbks_r0000gp/T/venv-callwmm48y4k/script.in /var/folders/qv/0knwm5h50ml0skpppwpbks_r0000gp/T/venv-callwmm48y4k/script.out /var/folders/qv/0knwm5h50ml0skpppwpbks_r0000gp/T/venv-callwmm48y4k/string_args.txt /var/folders/qv/0knwm5h50ml0skpppwpbks_r0000gp/T/venv-callwmm48y4k/termination.log
[2024-07-31T10:01:32.578+0900] {process_utils.py:187} INFO - Output:
[2024-07-31T10:01:46.126+0900] {process_utils.py:191} INFO - *********************************
[2024-07-31T10:01:46.126+0900] {process_utils.py:191} INFO -    rnum  rank  rankInten rankOldAndNew  ... audiChange  audiAcc scrnCnt  showCnt
[2024-07-31T10:01:46.127+0900] {process_utils.py:191} INFO - 0     1     1         10           OLD  ...    13975.0   231761    1936     8234
[2024-07-31T10:01:46.127+0900] {process_utils.py:191} INFO - 1     2     2          0           NEW  ...      100.0   178291    1031     3989
[2024-07-31T10:01:46.127+0900] {process_utils.py:191} INFO - 2     3     3         -2           OLD  ...      -23.8  2040407     879     2171
[2024-07-31T10:01:46.128+0900] {process_utils.py:191} INFO - 3     4     4         -1           OLD  ...       21.7   464951     613     1268
[2024-07-31T10:01:46.128+0900] {process_utils.py:191} INFO - 4     5     5         -3           OLD  ...      -36.8  8131397     625     1128
[2024-07-31T10:01:46.128+0900] {process_utils.py:191} INFO - 5     6     6         -2           OLD  ...      -49.8  1643749     532      878
[2024-07-31T10:01:46.129+0900] {process_utils.py:191} INFO - 6     7     7         -2           OLD  ...      -63.2   643692     416      629
[2024-07-31T10:01:46.129+0900] {process_utils.py:191} INFO - 7     8     8          0           NEW  ...      100.0     4327      56      105
[2024-07-31T10:01:46.129+0900] {process_utils.py:191} INFO - 8     9     9         -2           OLD  ...      -76.0  1758706     147      180
[2024-07-31T10:01:46.130+0900] {process_utils.py:191} INFO - 9    10    10         -4           OLD  ...      -86.2    26210      11       13
[2024-07-31T10:01:46.130+0900] {process_utils.py:191} INFO - 
[2024-07-31T10:01:46.130+0900] {process_utils.py:191} INFO - [10 rows x 18 columns]
[2024-07-31T10:01:46.131+0900] {process_utils.py:191} INFO - *********************************
[2024-07-31T10:01:46.131+0900] {process_utils.py:191} INFO - rnum               int64
[2024-07-31T10:01:46.131+0900] {process_utils.py:191} INFO - rank               int64
[2024-07-31T10:01:46.131+0900] {process_utils.py:191} INFO - rankInten          int64
[2024-07-31T10:01:46.132+0900] {process_utils.py:191} INFO - rankOldAndNew     object
[2024-07-31T10:01:46.132+0900] {process_utils.py:191} INFO - movieCd           object
[2024-07-31T10:01:46.132+0900] {process_utils.py:191} INFO - movieNm           object
[2024-07-31T10:01:46.133+0900] {process_utils.py:191} INFO - openDt            object
[2024-07-31T10:01:46.133+0900] {process_utils.py:191} INFO - salesAmt           int64
[2024-07-31T10:01:46.133+0900] {process_utils.py:191} INFO - salesShare       float64
[2024-07-31T10:01:46.133+0900] {process_utils.py:191} INFO - salesInten         int64
[2024-07-31T10:01:46.134+0900] {process_utils.py:191} INFO - salesChange      float64
[2024-07-31T10:01:46.134+0900] {process_utils.py:191} INFO - salesAcc          object
[2024-07-31T10:01:46.134+0900] {process_utils.py:191} INFO - audiCnt            int64
[2024-07-31T10:01:46.134+0900] {process_utils.py:191} INFO - audiInten          int64
[2024-07-31T10:01:46.135+0900] {process_utils.py:191} INFO - audiChange       float64
[2024-07-31T10:01:46.135+0900] {process_utils.py:191} INFO - audiAcc            int64
[2024-07-31T10:01:46.135+0900] {process_utils.py:191} INFO - scrnCnt            int64
[2024-07-31T10:01:46.135+0900] {process_utils.py:191} INFO - showCnt            int64
[2024-07-31T10:01:46.136+0900] {process_utils.py:191} INFO - dtype: object
[2024-07-31T10:01:46.136+0900] {process_utils.py:191} INFO - 개봉일 기준 그룹핑 누적 관객수 합
[2024-07-31T10:01:46.136+0900] {process_utils.py:191} INFO -        openDt  audiCnt
[2024-07-31T10:01:46.136+0900] {process_utils.py:191} INFO - 0  2024-06-12    17459
[2024-07-31T10:01:46.137+0900] {process_utils.py:191} INFO - 1  2024-06-21     1955
[2024-07-31T10:01:46.137+0900] {process_utils.py:191} INFO - 2  2024-06-26    10223
[2024-07-31T10:01:46.137+0900] {process_utils.py:191} INFO - 3  2024-07-03    35724
[2024-07-31T10:01:46.137+0900] {process_utils.py:191} INFO - 4  2024-07-12     6735
[2024-07-31T10:01:46.138+0900] {process_utils.py:191} INFO - 5  2024-07-17    31818
[2024-07-31T10:01:46.138+0900] {process_utils.py:191} INFO - 6  2024-07-24   307798
[2024-07-31T10:01:46.138+0900] {process_utils.py:191} INFO - 7  2024-07-31     1854
[2024-07-31T10:01:46.571+0900] {python.py:237} INFO - Done. Returned value was: None
[2024-07-31T10:01:46.571+0900] {taskinstance.py:441} INFO - ::group::Post task execution logs
[2024-07-31T10:01:46.575+0900] {taskinstance.py:1206} INFO - Marking task as SUCCESS. dag_id=movie, task_id=save.data, run_id=scheduled__2024-07-24T02:10:00+00:00, execution_date=20240724T021000, start_date=20240731T010122, end_date=20240731T010146
[2024-07-31T10:01:46.592+0900] {local_task_job_runner.py:243} INFO - Task exited with return code 0
[2024-07-31T10:01:46.598+0900] {taskinstance.py:3503} INFO - 0 downstream tasks scheduled from follow-on schedule check
[2024-07-31T10:01:46.598+0900] {local_task_job_runner.py:222} INFO - ::endgroup::
[2024-07-31T16:46:54.751+0900] {local_task_job_runner.py:120} INFO - ::group::Pre task execution logs
[2024-07-31T16:46:54.764+0900] {taskinstance.py:2076} INFO - Dependencies all met for dep_context=non-requeueable deps ti=<TaskInstance: movie.save.data scheduled__2024-07-24T02:10:00+00:00 [queued]>
[2024-07-31T16:46:54.767+0900] {taskinstance.py:2076} INFO - Dependencies all met for dep_context=requeueable deps ti=<TaskInstance: movie.save.data scheduled__2024-07-24T02:10:00+00:00 [queued]>
[2024-07-31T16:46:54.767+0900] {taskinstance.py:2306} INFO - Starting attempt 1 of 2
[2024-07-31T16:46:54.774+0900] {taskinstance.py:2330} INFO - Executing <Task(PythonVirtualenvOperator): save.data> on 2024-07-24 02:10:00+00:00
[2024-07-31T16:46:54.776+0900] {standard_task_runner.py:64} INFO - Started process 20231 to run task
[2024-07-31T16:46:54.779+0900] {standard_task_runner.py:90} INFO - Running: ['airflow', 'tasks', 'run', 'movie', 'save.data', 'scheduled__2024-07-24T02:10:00+00:00', '--job-id', '848', '--raw', '--subdir', 'DAGS_FOLDER/movie.py', '--cfg-path', '/var/folders/qv/0knwm5h50ml0skpppwpbks_r0000gp/T/tmp4d1uue0n']
[2024-07-31T16:46:54.781+0900] {standard_task_runner.py:91} INFO - Job 848: Subtask save.data
[2024-07-31T16:46:54.796+0900] {task_command.py:426} INFO - Running <TaskInstance: movie.save.data scheduled__2024-07-24T02:10:00+00:00 [running]> on host jeongui-MacBookPro.local
[2024-07-31T16:46:54.816+0900] {taskinstance.py:2648} INFO - Exporting env vars: AIRFLOW_CTX_DAG_OWNER='airflow' AIRFLOW_CTX_DAG_ID='movie' AIRFLOW_CTX_TASK_ID='save.data' AIRFLOW_CTX_EXECUTION_DATE='2024-07-24T02:10:00+00:00' AIRFLOW_CTX_TRY_NUMBER='1' AIRFLOW_CTX_DAG_RUN_ID='scheduled__2024-07-24T02:10:00+00:00'
[2024-07-31T16:46:54.816+0900] {taskinstance.py:430} INFO - ::endgroup::
[2024-07-31T16:46:54.821+0900] {baseoperator.py:400} WARNING - PythonVirtualenvOperator.execute cannot be called outside TaskInstance!
[2024-07-31T16:46:54.821+0900] {process_utils.py:183} INFO - Executing cmd: /Users/DE32/.pyenv/versions/3.11.9/envs/note/bin/python -m virtualenv /var/folders/qv/0knwm5h50ml0skpppwpbks_r0000gp/T/venvnlcv1hs3 --python=python
[2024-07-31T16:46:54.823+0900] {process_utils.py:187} INFO - Output:
[2024-07-31T16:46:54.996+0900] {process_utils.py:191} INFO - created virtual environment CPython3.11.9.final.0-64 in 114ms
[2024-07-31T16:46:54.996+0900] {process_utils.py:191} INFO -   creator CPython3Posix(dest=/private/var/folders/qv/0knwm5h50ml0skpppwpbks_r0000gp/T/venvnlcv1hs3, clear=False, no_vcs_ignore=False, global=False)
[2024-07-31T16:46:54.996+0900] {process_utils.py:191} INFO -   seeder FromAppData(download=False, pip=bundle, setuptools=bundle, wheel=bundle, via=copy, app_data_dir=/Users/DE32/Library/Application Support/virtualenv)
[2024-07-31T16:46:54.996+0900] {process_utils.py:191} INFO -     added seed packages: pip==24.1.2, setuptools==70.2.0, wheel==0.43.0
[2024-07-31T16:46:54.997+0900] {process_utils.py:191} INFO -   activators BashActivator,CShellActivator,FishActivator,NushellActivator,PowerShellActivator,PythonActivator
[2024-07-31T16:46:55.007+0900] {process_utils.py:183} INFO - Executing cmd: /var/folders/qv/0knwm5h50ml0skpppwpbks_r0000gp/T/venvnlcv1hs3/bin/pip install -r /var/folders/qv/0knwm5h50ml0skpppwpbks_r0000gp/T/venvnlcv1hs3/requirements.txt
[2024-07-31T16:46:55.009+0900] {process_utils.py:187} INFO - Output:
[2024-07-31T16:46:55.727+0900] {process_utils.py:191} INFO - Collecting git+https://github.com/Jeonghoon2/movie.git@0.2/api (from -r /var/folders/qv/0knwm5h50ml0skpppwpbks_r0000gp/T/venvnlcv1hs3/requirements.txt (line 1))
[2024-07-31T16:46:55.728+0900] {process_utils.py:191} INFO -   Cloning https://github.com/Jeonghoon2/movie.git (to revision 0.2/api) to /private/var/folders/qv/0knwm5h50ml0skpppwpbks_r0000gp/T/pip-req-build-34yzal9y
[2024-07-31T16:46:55.739+0900] {process_utils.py:191} INFO -   Running command git clone --filter=blob:none --quiet https://github.com/Jeonghoon2/movie.git /private/var/folders/qv/0knwm5h50ml0skpppwpbks_r0000gp/T/pip-req-build-34yzal9y
[2024-07-31T16:46:57.094+0900] {process_utils.py:191} INFO -   Running command git checkout -b 0.2/api --track origin/0.2/api
[2024-07-31T16:46:57.776+0900] {process_utils.py:191} INFO -   Switched to a new branch '0.2/api'
[2024-07-31T16:46:57.777+0900] {process_utils.py:191} INFO -   branch '0.2/api' set up to track 'origin/0.2/api'.
[2024-07-31T16:46:57.777+0900] {process_utils.py:191} INFO -   Resolved https://github.com/Jeonghoon2/movie.git to commit 34de3b5e993ea074744539373447116355ac95da
[2024-07-31T16:46:57.798+0900] {process_utils.py:191} INFO -   Installing build dependencies: started
[2024-07-31T16:46:58.736+0900] {process_utils.py:191} INFO -   Installing build dependencies: finished with status 'done'
[2024-07-31T16:46:58.737+0900] {process_utils.py:191} INFO -   Getting requirements to build wheel: started
[2024-07-31T16:46:58.861+0900] {process_utils.py:191} INFO -   Getting requirements to build wheel: finished with status 'done'
[2024-07-31T16:46:58.862+0900] {process_utils.py:191} INFO -   Preparing metadata (pyproject.toml): started
[2024-07-31T16:46:58.988+0900] {process_utils.py:191} INFO -   Preparing metadata (pyproject.toml): finished with status 'done'
[2024-07-31T16:46:59.064+0900] {process_utils.py:191} INFO - Collecting requests>=2.32.3 (from mov==0.1.0->-r /var/folders/qv/0knwm5h50ml0skpppwpbks_r0000gp/T/venvnlcv1hs3/requirements.txt (line 1))
[2024-07-31T16:46:59.065+0900] {process_utils.py:191} INFO -   Using cached requests-2.32.3-py3-none-any.whl.metadata (4.6 kB)
[2024-07-31T16:46:59.133+0900] {process_utils.py:191} INFO - Collecting pandas>=2.2.2 (from mov==0.1.0->-r /var/folders/qv/0knwm5h50ml0skpppwpbks_r0000gp/T/venvnlcv1hs3/requirements.txt (line 1))
[2024-07-31T16:46:59.134+0900] {process_utils.py:191} INFO -   Using cached pandas-2.2.2-cp311-cp311-macosx_11_0_arm64.whl.metadata (19 kB)
[2024-07-31T16:46:59.233+0900] {process_utils.py:191} INFO - Collecting numpy>=2.0.1 (from mov==0.1.0->-r /var/folders/qv/0knwm5h50ml0skpppwpbks_r0000gp/T/venvnlcv1hs3/requirements.txt (line 1))
[2024-07-31T16:46:59.234+0900] {process_utils.py:191} INFO -   Using cached numpy-2.0.1-cp311-cp311-macosx_14_0_arm64.whl.metadata (60 kB)
[2024-07-31T16:46:59.291+0900] {process_utils.py:191} INFO - Collecting pyarrow>=17.0.0 (from mov==0.1.0->-r /var/folders/qv/0knwm5h50ml0skpppwpbks_r0000gp/T/venvnlcv1hs3/requirements.txt (line 1))
[2024-07-31T16:46:59.292+0900] {process_utils.py:191} INFO -   Using cached pyarrow-17.0.0-cp311-cp311-macosx_11_0_arm64.whl.metadata (3.3 kB)
[2024-07-31T16:46:59.317+0900] {process_utils.py:191} INFO - Collecting python-dateutil>=2.8.2 (from pandas>=2.2.2->mov==0.1.0->-r /var/folders/qv/0knwm5h50ml0skpppwpbks_r0000gp/T/venvnlcv1hs3/requirements.txt (line 1))
[2024-07-31T16:46:59.318+0900] {process_utils.py:191} INFO -   Using cached python_dateutil-2.9.0.post0-py2.py3-none-any.whl.metadata (8.4 kB)
[2024-07-31T16:46:59.346+0900] {process_utils.py:191} INFO - Collecting pytz>=2020.1 (from pandas>=2.2.2->mov==0.1.0->-r /var/folders/qv/0knwm5h50ml0skpppwpbks_r0000gp/T/venvnlcv1hs3/requirements.txt (line 1))
[2024-07-31T16:46:59.347+0900] {process_utils.py:191} INFO -   Using cached pytz-2024.1-py2.py3-none-any.whl.metadata (22 kB)
[2024-07-31T16:46:59.362+0900] {process_utils.py:191} INFO - Collecting tzdata>=2022.7 (from pandas>=2.2.2->mov==0.1.0->-r /var/folders/qv/0knwm5h50ml0skpppwpbks_r0000gp/T/venvnlcv1hs3/requirements.txt (line 1))
[2024-07-31T16:46:59.363+0900] {process_utils.py:191} INFO -   Using cached tzdata-2024.1-py2.py3-none-any.whl.metadata (1.4 kB)
[2024-07-31T16:46:59.407+0900] {process_utils.py:191} INFO - Collecting charset-normalizer<4,>=2 (from requests>=2.32.3->mov==0.1.0->-r /var/folders/qv/0knwm5h50ml0skpppwpbks_r0000gp/T/venvnlcv1hs3/requirements.txt (line 1))
[2024-07-31T16:46:59.408+0900] {process_utils.py:191} INFO -   Using cached charset_normalizer-3.3.2-cp311-cp311-macosx_11_0_arm64.whl.metadata (33 kB)
[2024-07-31T16:46:59.424+0900] {process_utils.py:191} INFO - Collecting idna<4,>=2.5 (from requests>=2.32.3->mov==0.1.0->-r /var/folders/qv/0knwm5h50ml0skpppwpbks_r0000gp/T/venvnlcv1hs3/requirements.txt (line 1))
[2024-07-31T16:46:59.424+0900] {process_utils.py:191} INFO -   Using cached idna-3.7-py3-none-any.whl.metadata (9.9 kB)
[2024-07-31T16:46:59.451+0900] {process_utils.py:191} INFO - Collecting urllib3<3,>=1.21.1 (from requests>=2.32.3->mov==0.1.0->-r /var/folders/qv/0knwm5h50ml0skpppwpbks_r0000gp/T/venvnlcv1hs3/requirements.txt (line 1))
[2024-07-31T16:46:59.452+0900] {process_utils.py:191} INFO -   Using cached urllib3-2.2.2-py3-none-any.whl.metadata (6.4 kB)
[2024-07-31T16:46:59.468+0900] {process_utils.py:191} INFO - Collecting certifi>=2017.4.17 (from requests>=2.32.3->mov==0.1.0->-r /var/folders/qv/0knwm5h50ml0skpppwpbks_r0000gp/T/venvnlcv1hs3/requirements.txt (line 1))
[2024-07-31T16:46:59.469+0900] {process_utils.py:191} INFO -   Using cached certifi-2024.7.4-py3-none-any.whl.metadata (2.2 kB)
[2024-07-31T16:46:59.493+0900] {process_utils.py:191} INFO - Collecting six>=1.5 (from python-dateutil>=2.8.2->pandas>=2.2.2->mov==0.1.0->-r /var/folders/qv/0knwm5h50ml0skpppwpbks_r0000gp/T/venvnlcv1hs3/requirements.txt (line 1))
[2024-07-31T16:46:59.494+0900] {process_utils.py:191} INFO -   Using cached six-1.16.0-py2.py3-none-any.whl.metadata (1.8 kB)
[2024-07-31T16:46:59.497+0900] {process_utils.py:191} INFO - Using cached numpy-2.0.1-cp311-cp311-macosx_14_0_arm64.whl (5.3 MB)
[2024-07-31T16:46:59.503+0900] {process_utils.py:191} INFO - Using cached pandas-2.2.2-cp311-cp311-macosx_11_0_arm64.whl (11.3 MB)
[2024-07-31T16:46:59.515+0900] {process_utils.py:191} INFO - Using cached pyarrow-17.0.0-cp311-cp311-macosx_11_0_arm64.whl (27.2 MB)
[2024-07-31T16:46:59.541+0900] {process_utils.py:191} INFO - Using cached requests-2.32.3-py3-none-any.whl (64 kB)
[2024-07-31T16:46:59.542+0900] {process_utils.py:191} INFO - Using cached certifi-2024.7.4-py3-none-any.whl (162 kB)
[2024-07-31T16:46:59.543+0900] {process_utils.py:191} INFO - Using cached charset_normalizer-3.3.2-cp311-cp311-macosx_11_0_arm64.whl (118 kB)
[2024-07-31T16:46:59.544+0900] {process_utils.py:191} INFO - Using cached idna-3.7-py3-none-any.whl (66 kB)
[2024-07-31T16:46:59.544+0900] {process_utils.py:191} INFO - Using cached python_dateutil-2.9.0.post0-py2.py3-none-any.whl (229 kB)
[2024-07-31T16:46:59.545+0900] {process_utils.py:191} INFO - Using cached pytz-2024.1-py2.py3-none-any.whl (505 kB)
[2024-07-31T16:46:59.547+0900] {process_utils.py:191} INFO - Using cached tzdata-2024.1-py2.py3-none-any.whl (345 kB)
[2024-07-31T16:46:59.548+0900] {process_utils.py:191} INFO - Using cached urllib3-2.2.2-py3-none-any.whl (121 kB)
[2024-07-31T16:46:59.548+0900] {process_utils.py:191} INFO - Using cached six-1.16.0-py2.py3-none-any.whl (11 kB)
[2024-07-31T16:46:59.590+0900] {process_utils.py:191} INFO - Building wheels for collected packages: mov
[2024-07-31T16:46:59.603+0900] {process_utils.py:191} INFO -   Building wheel for mov (pyproject.toml): started
[2024-07-31T16:46:59.769+0900] {process_utils.py:191} INFO -   Building wheel for mov (pyproject.toml): finished with status 'done'
[2024-07-31T16:46:59.770+0900] {process_utils.py:191} INFO -   Created wheel for mov: filename=mov-0.1.0-py3-none-any.whl size=3035 sha256=c884fcb20a64c21f3888e9b1a76590f536dca541b2688581623d55240144e1b9
[2024-07-31T16:46:59.770+0900] {process_utils.py:191} INFO -   Stored in directory: /private/var/folders/qv/0knwm5h50ml0skpppwpbks_r0000gp/T/pip-ephem-wheel-cache-7z72l90u/wheels/cf/ab/a7/d0c528d20fa8a5f19e169bdf1d98f2b2cefe79d8527bb89200
[2024-07-31T16:46:59.771+0900] {process_utils.py:191} INFO - Successfully built mov
[2024-07-31T16:46:59.798+0900] {process_utils.py:191} INFO - Installing collected packages: pytz, urllib3, tzdata, six, numpy, idna, charset-normalizer, certifi, requests, python-dateutil, pyarrow, pandas, mov
[2024-07-31T16:47:04.247+0900] {process_utils.py:191} INFO - Successfully installed certifi-2024.7.4 charset-normalizer-3.3.2 idna-3.7 mov-0.1.0 numpy-2.0.1 pandas-2.2.2 pyarrow-17.0.0 python-dateutil-2.9.0.post0 pytz-2024.1 requests-2.32.3 six-1.16.0 tzdata-2024.1 urllib3-2.2.2
[2024-07-31T16:47:04.250+0900] {process_utils.py:191} INFO - 
[2024-07-31T16:47:04.250+0900] {process_utils.py:191} INFO - [notice] A new release of pip is available: 24.1.2 -> 24.2
[2024-07-31T16:47:04.250+0900] {process_utils.py:191} INFO - [notice] To update, run: python -m pip install --upgrade pip
[2024-07-31T16:47:04.384+0900] {process_utils.py:183} INFO - Executing cmd: /var/folders/qv/0knwm5h50ml0skpppwpbks_r0000gp/T/venvnlcv1hs3/bin/python /var/folders/qv/0knwm5h50ml0skpppwpbks_r0000gp/T/venv-call29r7x2p1/script.py /var/folders/qv/0knwm5h50ml0skpppwpbks_r0000gp/T/venv-call29r7x2p1/script.in /var/folders/qv/0knwm5h50ml0skpppwpbks_r0000gp/T/venv-call29r7x2p1/script.out /var/folders/qv/0knwm5h50ml0skpppwpbks_r0000gp/T/venv-call29r7x2p1/string_args.txt /var/folders/qv/0knwm5h50ml0skpppwpbks_r0000gp/T/venv-call29r7x2p1/termination.log
[2024-07-31T16:47:04.386+0900] {process_utils.py:187} INFO - Output:
[2024-07-31T16:47:19.562+0900] {process_utils.py:191} INFO - *********************************
[2024-07-31T16:47:19.563+0900] {process_utils.py:191} INFO -    rnum  rank  rankInten rankOldAndNew  ... audiChange  audiAcc scrnCnt  showCnt
[2024-07-31T16:47:19.563+0900] {process_utils.py:191} INFO - 0     1     1         10           OLD  ...    13975.0   231761    1936     8234
[2024-07-31T16:47:19.564+0900] {process_utils.py:191} INFO - 1     2     2          0           NEW  ...      100.0   178291    1031     3989
[2024-07-31T16:47:19.564+0900] {process_utils.py:191} INFO - 2     3     3         -2           OLD  ...      -23.8  2040407     879     2171
[2024-07-31T16:47:19.564+0900] {process_utils.py:191} INFO - 3     4     4         -1           OLD  ...       21.7   464951     613     1268
[2024-07-31T16:47:19.565+0900] {process_utils.py:191} INFO - 4     5     5         -3           OLD  ...      -36.8  8131394     625     1128
[2024-07-31T16:47:19.565+0900] {process_utils.py:191} INFO - 5     6     6         -2           OLD  ...      -49.8  1643836     532      878
[2024-07-31T16:47:19.565+0900] {process_utils.py:191} INFO - 6     7     7         -2           OLD  ...      -63.2   643692     416      629
[2024-07-31T16:47:19.566+0900] {process_utils.py:191} INFO - 7     8     8          0           NEW  ...      100.0     4327      56      105
[2024-07-31T16:47:19.566+0900] {process_utils.py:191} INFO - 8     9     9         -2           OLD  ...      -76.0  1758706     147      180
[2024-07-31T16:47:19.566+0900] {process_utils.py:191} INFO - 9    10    10         -4           OLD  ...      -86.2    26210      11       13
[2024-07-31T16:47:19.567+0900] {process_utils.py:191} INFO - 
[2024-07-31T16:47:19.567+0900] {process_utils.py:191} INFO - [10 rows x 18 columns]
[2024-07-31T16:47:19.567+0900] {process_utils.py:191} INFO - *********************************
[2024-07-31T16:47:19.568+0900] {process_utils.py:191} INFO - rnum               int64
[2024-07-31T16:47:19.568+0900] {process_utils.py:191} INFO - rank               int64
[2024-07-31T16:47:19.568+0900] {process_utils.py:191} INFO - rankInten          int64
[2024-07-31T16:47:19.568+0900] {process_utils.py:191} INFO - rankOldAndNew     object
[2024-07-31T16:47:19.569+0900] {process_utils.py:191} INFO - movieCd           object
[2024-07-31T16:47:19.569+0900] {process_utils.py:191} INFO - movieNm           object
[2024-07-31T16:47:19.569+0900] {process_utils.py:191} INFO - openDt            object
[2024-07-31T16:47:19.569+0900] {process_utils.py:191} INFO - salesAmt           int64
[2024-07-31T16:47:19.570+0900] {process_utils.py:191} INFO - salesShare       float64
[2024-07-31T16:47:19.570+0900] {process_utils.py:191} INFO - salesInten         int64
[2024-07-31T16:47:19.570+0900] {process_utils.py:191} INFO - salesChange      float64
[2024-07-31T16:47:19.571+0900] {process_utils.py:191} INFO - salesAcc          object
[2024-07-31T16:47:19.571+0900] {process_utils.py:191} INFO - audiCnt            int64
[2024-07-31T16:47:19.571+0900] {process_utils.py:191} INFO - audiInten          int64
[2024-07-31T16:47:19.571+0900] {process_utils.py:191} INFO - audiChange       float64
[2024-07-31T16:47:19.572+0900] {process_utils.py:191} INFO - audiAcc            int64
[2024-07-31T16:47:19.572+0900] {process_utils.py:191} INFO - scrnCnt            int64
[2024-07-31T16:47:19.572+0900] {process_utils.py:191} INFO - showCnt            int64
[2024-07-31T16:47:19.572+0900] {process_utils.py:191} INFO - dtype: object
[2024-07-31T16:47:19.573+0900] {process_utils.py:191} INFO - 개봉일 기준 그룹핑 누적 관객수 합
[2024-07-31T16:47:19.573+0900] {process_utils.py:191} INFO -        openDt  audiCnt
[2024-07-31T16:47:19.573+0900] {process_utils.py:191} INFO - 0  2024-06-12    17459
[2024-07-31T16:47:19.573+0900] {process_utils.py:191} INFO - 1  2024-06-21     1955
[2024-07-31T16:47:19.573+0900] {process_utils.py:191} INFO - 2  2024-06-26    10223
[2024-07-31T16:47:19.574+0900] {process_utils.py:191} INFO - 3  2024-07-03    35724
[2024-07-31T16:47:19.574+0900] {process_utils.py:191} INFO - 4  2024-07-12     6735
[2024-07-31T16:47:19.574+0900] {process_utils.py:191} INFO - 5  2024-07-17    31818
[2024-07-31T16:47:19.574+0900] {process_utils.py:191} INFO - 6  2024-07-24   307798
[2024-07-31T16:47:19.575+0900] {process_utils.py:191} INFO - 7  2024-07-31     1854
[2024-07-31T16:47:20.010+0900] {python.py:237} INFO - Done. Returned value was: None
[2024-07-31T16:47:20.010+0900] {taskinstance.py:441} INFO - ::group::Post task execution logs
[2024-07-31T16:47:20.017+0900] {taskinstance.py:1206} INFO - Marking task as SUCCESS. dag_id=movie, task_id=save.data, run_id=scheduled__2024-07-24T02:10:00+00:00, execution_date=20240724T021000, start_date=20240731T074654, end_date=20240731T074720
[2024-07-31T16:47:20.033+0900] {local_task_job_runner.py:243} INFO - Task exited with return code 0
[2024-07-31T16:47:20.040+0900] {taskinstance.py:3503} INFO - 0 downstream tasks scheduled from follow-on schedule check
[2024-07-31T16:47:20.040+0900] {local_task_job_runner.py:222} INFO - ::endgroup::
