[2024-07-31T09:31:47.324+0900] {local_task_job_runner.py:120} INFO - ::group::Pre task execution logs
[2024-07-31T09:31:47.337+0900] {taskinstance.py:2076} INFO - Dependencies all met for dep_context=non-requeueable deps ti=<TaskInstance: movie.save.data scheduled__2024-07-28T04:10:00+00:00 [queued]>
[2024-07-31T09:31:47.341+0900] {taskinstance.py:2076} INFO - Dependencies all met for dep_context=requeueable deps ti=<TaskInstance: movie.save.data scheduled__2024-07-28T04:10:00+00:00 [queued]>
[2024-07-31T09:31:47.341+0900] {taskinstance.py:2306} INFO - Starting attempt 1 of 2
[2024-07-31T09:31:47.346+0900] {taskinstance.py:2330} INFO - Executing <Task(PythonVirtualenvOperator): save.data> on 2024-07-28 04:10:00+00:00
[2024-07-31T09:31:47.349+0900] {standard_task_runner.py:64} INFO - Started process 6713 to run task
[2024-07-31T09:31:47.351+0900] {standard_task_runner.py:90} INFO - Running: ['airflow', 'tasks', 'run', 'movie', 'save.data', 'scheduled__2024-07-28T04:10:00+00:00', '--job-id', '702', '--raw', '--subdir', 'DAGS_FOLDER/movie.py', '--cfg-path', '/var/folders/qv/0knwm5h50ml0skpppwpbks_r0000gp/T/tmpinvxzv6y']
[2024-07-31T09:31:47.352+0900] {standard_task_runner.py:91} INFO - Job 702: Subtask save.data
[2024-07-31T09:31:47.367+0900] {task_command.py:426} INFO - Running <TaskInstance: movie.save.data scheduled__2024-07-28T04:10:00+00:00 [running]> on host jeongui-MacBookPro.local
[2024-07-31T09:31:47.387+0900] {taskinstance.py:2648} INFO - Exporting env vars: AIRFLOW_CTX_DAG_OWNER='airflow' AIRFLOW_CTX_DAG_ID='movie' AIRFLOW_CTX_TASK_ID='save.data' AIRFLOW_CTX_EXECUTION_DATE='2024-07-28T04:10:00+00:00' AIRFLOW_CTX_TRY_NUMBER='1' AIRFLOW_CTX_DAG_RUN_ID='scheduled__2024-07-28T04:10:00+00:00'
[2024-07-31T09:31:47.387+0900] {taskinstance.py:430} INFO - ::endgroup::
[2024-07-31T09:31:47.393+0900] {baseoperator.py:400} WARNING - PythonVirtualenvOperator.execute cannot be called outside TaskInstance!
[2024-07-31T09:31:47.393+0900] {process_utils.py:183} INFO - Executing cmd: /Users/DE32/.pyenv/versions/3.11.9/envs/note/bin/python -m virtualenv /var/folders/qv/0knwm5h50ml0skpppwpbks_r0000gp/T/venvj9i50tyz --python=python
[2024-07-31T09:31:47.395+0900] {process_utils.py:187} INFO - Output:
[2024-07-31T09:31:47.573+0900] {process_utils.py:191} INFO - created virtual environment CPython3.11.9.final.0-64 in 120ms
[2024-07-31T09:31:47.574+0900] {process_utils.py:191} INFO -   creator CPython3Posix(dest=/private/var/folders/qv/0knwm5h50ml0skpppwpbks_r0000gp/T/venvj9i50tyz, clear=False, no_vcs_ignore=False, global=False)
[2024-07-31T09:31:47.574+0900] {process_utils.py:191} INFO -   seeder FromAppData(download=False, pip=bundle, setuptools=bundle, wheel=bundle, via=copy, app_data_dir=/Users/DE32/Library/Application Support/virtualenv)
[2024-07-31T09:31:47.574+0900] {process_utils.py:191} INFO -     added seed packages: pip==24.1.2, setuptools==70.2.0, wheel==0.43.0
[2024-07-31T09:31:47.574+0900] {process_utils.py:191} INFO -   activators BashActivator,CShellActivator,FishActivator,NushellActivator,PowerShellActivator,PythonActivator
[2024-07-31T09:31:47.585+0900] {process_utils.py:183} INFO - Executing cmd: /var/folders/qv/0knwm5h50ml0skpppwpbks_r0000gp/T/venvj9i50tyz/bin/pip install -r /var/folders/qv/0knwm5h50ml0skpppwpbks_r0000gp/T/venvj9i50tyz/requirements.txt
[2024-07-31T09:31:47.587+0900] {process_utils.py:187} INFO - Output:
[2024-07-31T09:31:48.371+0900] {process_utils.py:191} INFO - Collecting git+https://github.com/Jeonghoon2/movie.git@0.2/api (from -r /var/folders/qv/0knwm5h50ml0skpppwpbks_r0000gp/T/venvj9i50tyz/requirements.txt (line 1))
[2024-07-31T09:31:48.372+0900] {process_utils.py:191} INFO -   Cloning https://github.com/Jeonghoon2/movie.git (to revision 0.2/api) to /private/var/folders/qv/0knwm5h50ml0skpppwpbks_r0000gp/T/pip-req-build-0fvdox8e
[2024-07-31T09:31:48.383+0900] {process_utils.py:191} INFO -   Running command git clone --filter=blob:none --quiet https://github.com/Jeonghoon2/movie.git /private/var/folders/qv/0knwm5h50ml0skpppwpbks_r0000gp/T/pip-req-build-0fvdox8e
[2024-07-31T09:31:49.894+0900] {process_utils.py:191} INFO -   Running command git checkout -b 0.2/api --track origin/0.2/api
[2024-07-31T09:31:50.603+0900] {process_utils.py:191} INFO -   Switched to a new branch '0.2/api'
[2024-07-31T09:31:50.603+0900] {process_utils.py:191} INFO -   branch '0.2/api' set up to track 'origin/0.2/api'.
[2024-07-31T09:31:50.604+0900] {process_utils.py:191} INFO -   Resolved https://github.com/Jeonghoon2/movie.git to commit 514cfb45f6fa577ee07d4fa2076f9283780af81e
[2024-07-31T09:31:50.626+0900] {process_utils.py:191} INFO -   Installing build dependencies: started
[2024-07-31T09:31:51.525+0900] {process_utils.py:191} INFO -   Installing build dependencies: finished with status 'done'
[2024-07-31T09:31:51.526+0900] {process_utils.py:191} INFO -   Getting requirements to build wheel: started
[2024-07-31T09:31:51.648+0900] {process_utils.py:191} INFO -   Getting requirements to build wheel: finished with status 'done'
[2024-07-31T09:31:51.649+0900] {process_utils.py:191} INFO -   Preparing metadata (pyproject.toml): started
[2024-07-31T09:31:51.774+0900] {process_utils.py:191} INFO -   Preparing metadata (pyproject.toml): finished with status 'done'
[2024-07-31T09:31:51.840+0900] {process_utils.py:191} INFO - Collecting requests>=2.32.3 (from mov==0.1.0->-r /var/folders/qv/0knwm5h50ml0skpppwpbks_r0000gp/T/venvj9i50tyz/requirements.txt (line 1))
[2024-07-31T09:31:51.841+0900] {process_utils.py:191} INFO -   Using cached requests-2.32.3-py3-none-any.whl.metadata (4.6 kB)
[2024-07-31T09:31:51.909+0900] {process_utils.py:191} INFO - Collecting pandas>=2.2.2 (from mov==0.1.0->-r /var/folders/qv/0knwm5h50ml0skpppwpbks_r0000gp/T/venvj9i50tyz/requirements.txt (line 1))
[2024-07-31T09:31:51.910+0900] {process_utils.py:191} INFO -   Using cached pandas-2.2.2-cp311-cp311-macosx_11_0_arm64.whl.metadata (19 kB)
[2024-07-31T09:31:52.019+0900] {process_utils.py:191} INFO - Collecting numpy>=2.0.1 (from mov==0.1.0->-r /var/folders/qv/0knwm5h50ml0skpppwpbks_r0000gp/T/venvj9i50tyz/requirements.txt (line 1))
[2024-07-31T09:31:52.020+0900] {process_utils.py:191} INFO -   Using cached numpy-2.0.1-cp311-cp311-macosx_14_0_arm64.whl.metadata (60 kB)
[2024-07-31T09:31:52.072+0900] {process_utils.py:191} INFO - Collecting pyarrow>=17.0.0 (from mov==0.1.0->-r /var/folders/qv/0knwm5h50ml0skpppwpbks_r0000gp/T/venvj9i50tyz/requirements.txt (line 1))
[2024-07-31T09:31:52.073+0900] {process_utils.py:191} INFO -   Using cached pyarrow-17.0.0-cp311-cp311-macosx_11_0_arm64.whl.metadata (3.3 kB)
[2024-07-31T09:31:52.095+0900] {process_utils.py:191} INFO - Collecting python-dateutil>=2.8.2 (from pandas>=2.2.2->mov==0.1.0->-r /var/folders/qv/0knwm5h50ml0skpppwpbks_r0000gp/T/venvj9i50tyz/requirements.txt (line 1))
[2024-07-31T09:31:52.096+0900] {process_utils.py:191} INFO -   Using cached python_dateutil-2.9.0.post0-py2.py3-none-any.whl.metadata (8.4 kB)
[2024-07-31T09:31:52.127+0900] {process_utils.py:191} INFO - Collecting pytz>=2020.1 (from pandas>=2.2.2->mov==0.1.0->-r /var/folders/qv/0knwm5h50ml0skpppwpbks_r0000gp/T/venvj9i50tyz/requirements.txt (line 1))
[2024-07-31T09:31:52.128+0900] {process_utils.py:191} INFO -   Using cached pytz-2024.1-py2.py3-none-any.whl.metadata (22 kB)
[2024-07-31T09:31:52.146+0900] {process_utils.py:191} INFO - Collecting tzdata>=2022.7 (from pandas>=2.2.2->mov==0.1.0->-r /var/folders/qv/0knwm5h50ml0skpppwpbks_r0000gp/T/venvj9i50tyz/requirements.txt (line 1))
[2024-07-31T09:31:52.147+0900] {process_utils.py:191} INFO -   Using cached tzdata-2024.1-py2.py3-none-any.whl.metadata (1.4 kB)
[2024-07-31T09:31:52.195+0900] {process_utils.py:191} INFO - Collecting charset-normalizer<4,>=2 (from requests>=2.32.3->mov==0.1.0->-r /var/folders/qv/0knwm5h50ml0skpppwpbks_r0000gp/T/venvj9i50tyz/requirements.txt (line 1))
[2024-07-31T09:31:52.196+0900] {process_utils.py:191} INFO -   Using cached charset_normalizer-3.3.2-cp311-cp311-macosx_11_0_arm64.whl.metadata (33 kB)
[2024-07-31T09:31:52.216+0900] {process_utils.py:191} INFO - Collecting idna<4,>=2.5 (from requests>=2.32.3->mov==0.1.0->-r /var/folders/qv/0knwm5h50ml0skpppwpbks_r0000gp/T/venvj9i50tyz/requirements.txt (line 1))
[2024-07-31T09:31:52.217+0900] {process_utils.py:191} INFO -   Using cached idna-3.7-py3-none-any.whl.metadata (9.9 kB)
[2024-07-31T09:31:52.245+0900] {process_utils.py:191} INFO - Collecting urllib3<3,>=1.21.1 (from requests>=2.32.3->mov==0.1.0->-r /var/folders/qv/0knwm5h50ml0skpppwpbks_r0000gp/T/venvj9i50tyz/requirements.txt (line 1))
[2024-07-31T09:31:52.246+0900] {process_utils.py:191} INFO -   Using cached urllib3-2.2.2-py3-none-any.whl.metadata (6.4 kB)
[2024-07-31T09:31:52.268+0900] {process_utils.py:191} INFO - Collecting certifi>=2017.4.17 (from requests>=2.32.3->mov==0.1.0->-r /var/folders/qv/0knwm5h50ml0skpppwpbks_r0000gp/T/venvj9i50tyz/requirements.txt (line 1))
[2024-07-31T09:31:52.269+0900] {process_utils.py:191} INFO -   Using cached certifi-2024.7.4-py3-none-any.whl.metadata (2.2 kB)
[2024-07-31T09:31:52.298+0900] {process_utils.py:191} INFO - Collecting six>=1.5 (from python-dateutil>=2.8.2->pandas>=2.2.2->mov==0.1.0->-r /var/folders/qv/0knwm5h50ml0skpppwpbks_r0000gp/T/venvj9i50tyz/requirements.txt (line 1))
[2024-07-31T09:31:52.299+0900] {process_utils.py:191} INFO -   Using cached six-1.16.0-py2.py3-none-any.whl.metadata (1.8 kB)
[2024-07-31T09:31:52.302+0900] {process_utils.py:191} INFO - Using cached numpy-2.0.1-cp311-cp311-macosx_14_0_arm64.whl (5.3 MB)
[2024-07-31T09:31:52.308+0900] {process_utils.py:191} INFO - Using cached pandas-2.2.2-cp311-cp311-macosx_11_0_arm64.whl (11.3 MB)
[2024-07-31T09:31:52.320+0900] {process_utils.py:191} INFO - Using cached pyarrow-17.0.0-cp311-cp311-macosx_11_0_arm64.whl (27.2 MB)
[2024-07-31T09:31:52.346+0900] {process_utils.py:191} INFO - Using cached requests-2.32.3-py3-none-any.whl (64 kB)
[2024-07-31T09:31:52.347+0900] {process_utils.py:191} INFO - Using cached certifi-2024.7.4-py3-none-any.whl (162 kB)
[2024-07-31T09:31:52.348+0900] {process_utils.py:191} INFO - Using cached charset_normalizer-3.3.2-cp311-cp311-macosx_11_0_arm64.whl (118 kB)
[2024-07-31T09:31:52.349+0900] {process_utils.py:191} INFO - Using cached idna-3.7-py3-none-any.whl (66 kB)
[2024-07-31T09:31:52.350+0900] {process_utils.py:191} INFO - Using cached python_dateutil-2.9.0.post0-py2.py3-none-any.whl (229 kB)
[2024-07-31T09:31:52.351+0900] {process_utils.py:191} INFO - Using cached pytz-2024.1-py2.py3-none-any.whl (505 kB)
[2024-07-31T09:31:52.352+0900] {process_utils.py:191} INFO - Using cached tzdata-2024.1-py2.py3-none-any.whl (345 kB)
[2024-07-31T09:31:52.353+0900] {process_utils.py:191} INFO - Using cached urllib3-2.2.2-py3-none-any.whl (121 kB)
[2024-07-31T09:31:52.354+0900] {process_utils.py:191} INFO - Using cached six-1.16.0-py2.py3-none-any.whl (11 kB)
[2024-07-31T09:31:52.397+0900] {process_utils.py:191} INFO - Building wheels for collected packages: mov
[2024-07-31T09:31:52.409+0900] {process_utils.py:191} INFO -   Building wheel for mov (pyproject.toml): started
[2024-07-31T09:31:52.544+0900] {process_utils.py:191} INFO -   Building wheel for mov (pyproject.toml): finished with status 'done'
[2024-07-31T09:31:52.545+0900] {process_utils.py:191} INFO -   Created wheel for mov: filename=mov-0.1.0-py3-none-any.whl size=3017 sha256=1bd097045d601d19bd64d53b4de21c7fcfb70a962ae01b42111042c87138a125
[2024-07-31T09:31:52.545+0900] {process_utils.py:191} INFO -   Stored in directory: /private/var/folders/qv/0knwm5h50ml0skpppwpbks_r0000gp/T/pip-ephem-wheel-cache-o19x2mvi/wheels/cf/ab/a7/d0c528d20fa8a5f19e169bdf1d98f2b2cefe79d8527bb89200
[2024-07-31T09:31:52.546+0900] {process_utils.py:191} INFO - Successfully built mov
[2024-07-31T09:31:52.574+0900] {process_utils.py:191} INFO - Installing collected packages: pytz, urllib3, tzdata, six, numpy, idna, charset-normalizer, certifi, requests, python-dateutil, pyarrow, pandas, mov
[2024-07-31T09:31:57.058+0900] {process_utils.py:191} INFO - Successfully installed certifi-2024.7.4 charset-normalizer-3.3.2 idna-3.7 mov-0.1.0 numpy-2.0.1 pandas-2.2.2 pyarrow-17.0.0 python-dateutil-2.9.0.post0 pytz-2024.1 requests-2.32.3 six-1.16.0 tzdata-2024.1 urllib3-2.2.2
[2024-07-31T09:31:57.061+0900] {process_utils.py:191} INFO - 
[2024-07-31T09:31:57.061+0900] {process_utils.py:191} INFO - [notice] A new release of pip is available: 24.1.2 -> 24.2
[2024-07-31T09:31:57.061+0900] {process_utils.py:191} INFO - [notice] To update, run: python -m pip install --upgrade pip
[2024-07-31T09:31:57.190+0900] {process_utils.py:183} INFO - Executing cmd: /var/folders/qv/0knwm5h50ml0skpppwpbks_r0000gp/T/venvj9i50tyz/bin/python /var/folders/qv/0knwm5h50ml0skpppwpbks_r0000gp/T/venv-call2htj4vux/script.py /var/folders/qv/0knwm5h50ml0skpppwpbks_r0000gp/T/venv-call2htj4vux/script.in /var/folders/qv/0knwm5h50ml0skpppwpbks_r0000gp/T/venv-call2htj4vux/script.out /var/folders/qv/0knwm5h50ml0skpppwpbks_r0000gp/T/venv-call2htj4vux/string_args.txt /var/folders/qv/0knwm5h50ml0skpppwpbks_r0000gp/T/venv-call2htj4vux/termination.log
[2024-07-31T09:31:57.192+0900] {process_utils.py:187} INFO - Output:
[2024-07-31T09:32:10.728+0900] {process_utils.py:191} INFO - *********************************
[2024-07-31T09:32:10.729+0900] {process_utils.py:191} INFO -    rnum  rank  rankInten rankOldAndNew  ... audiChange  audiAcc scrnCnt  showCnt
[2024-07-31T09:32:10.730+0900] {process_utils.py:191} INFO - 0     1     1          0           OLD  ...      -21.0  1086015    1919     8414
[2024-07-31T09:32:10.730+0900] {process_utils.py:191} INFO - 1     2     2          0           OLD  ...       -0.3   588415    1178     4406
[2024-07-31T09:32:10.730+0900] {process_utils.py:191} INFO - 2     3     3          0           OLD  ...       -0.2  2282056     899     2339
[2024-07-31T09:32:10.731+0900] {process_utils.py:191} INFO - 3     4     4          0           OLD  ...        4.0  8291896     777     1608
[2024-07-31T09:32:10.731+0900] {process_utils.py:191} INFO - 4     5     5          0           OLD  ...       -1.2   557265     575     1032
[2024-07-31T09:32:10.731+0900] {process_utils.py:191} INFO - 5     6     6          0           OLD  ...       -8.3  1716885     528      837
[2024-07-31T09:32:10.732+0900] {process_utils.py:191} INFO - 6     7     7          1           OLD  ...       -1.0   672059     332      469
[2024-07-31T09:32:10.732+0900] {process_utils.py:191} INFO - 7     8     8         -1           OLD  ...      -44.7    49126      18       26
[2024-07-31T09:32:10.732+0900] {process_utils.py:191} INFO - 8     9     9          0           OLD  ...      -15.4    11546      12       16
[2024-07-31T09:32:10.733+0900] {process_utils.py:191} INFO - 9    10    10          0           OLD  ...       -8.1    65643      53       69
[2024-07-31T09:32:10.733+0900] {process_utils.py:191} INFO - 
[2024-07-31T09:32:10.733+0900] {process_utils.py:191} INFO - [10 rows x 18 columns]
[2024-07-31T09:32:10.734+0900] {process_utils.py:191} INFO - *********************************
[2024-07-31T09:32:10.734+0900] {process_utils.py:191} INFO - rnum               int64
[2024-07-31T09:32:10.734+0900] {process_utils.py:191} INFO - rank               int64
[2024-07-31T09:32:10.734+0900] {process_utils.py:191} INFO - rankInten          int64
[2024-07-31T09:32:10.735+0900] {process_utils.py:191} INFO - rankOldAndNew     object
[2024-07-31T09:32:10.735+0900] {process_utils.py:191} INFO - movieCd           object
[2024-07-31T09:32:10.735+0900] {process_utils.py:191} INFO - movieNm           object
[2024-07-31T09:32:10.735+0900] {process_utils.py:191} INFO - openDt            object
[2024-07-31T09:32:10.736+0900] {process_utils.py:191} INFO - salesAmt           int64
[2024-07-31T09:32:10.736+0900] {process_utils.py:191} INFO - salesShare       float64
[2024-07-31T09:32:10.736+0900] {process_utils.py:191} INFO - salesInten         int64
[2024-07-31T09:32:10.737+0900] {process_utils.py:191} INFO - salesChange      float64
[2024-07-31T09:32:10.737+0900] {process_utils.py:191} INFO - salesAcc          object
[2024-07-31T09:32:10.737+0900] {process_utils.py:191} INFO - audiCnt            int64
[2024-07-31T09:32:10.737+0900] {process_utils.py:191} INFO - audiInten          int64
[2024-07-31T09:32:10.738+0900] {process_utils.py:191} INFO - audiChange       float64
[2024-07-31T09:32:10.738+0900] {process_utils.py:191} INFO - audiAcc            int64
[2024-07-31T09:32:10.738+0900] {process_utils.py:191} INFO - scrnCnt            int64
[2024-07-31T09:32:10.738+0900] {process_utils.py:191} INFO - showCnt            int64
[2024-07-31T09:32:10.739+0900] {process_utils.py:191} INFO - dtype: object
[2024-07-31T09:32:10.739+0900] {process_utils.py:191} INFO - 개봉일 기준 그룹핑 누적 관객수 합
[2024-07-31T09:32:10.739+0900] {process_utils.py:191} INFO -        openDt  audiCnt
[2024-07-31T09:32:10.740+0900] {process_utils.py:191} INFO - 0  2024-06-12    58197
[2024-07-31T09:32:10.740+0900] {process_utils.py:191} INFO - 1  2024-06-26    23549
[2024-07-31T09:32:10.740+0900] {process_utils.py:191} INFO - 2  2024-07-03    85697
[2024-07-31T09:32:10.740+0900] {process_utils.py:191} INFO - 3  2024-07-12     8120
[2024-07-31T09:32:10.741+0900] {process_utils.py:191} INFO - 4  2024-07-17    27182
[2024-07-31T09:32:10.741+0900] {process_utils.py:191} INFO - 5  2024-07-24   391803
[2024-07-31T09:32:10.741+0900] {process_utils.py:191} INFO - 6  2024-07-31     6701
[2024-07-31T09:32:10.742+0900] {process_utils.py:191} INFO - 7  2024-08-07     3435
[2024-07-31T09:32:11.155+0900] {python.py:237} INFO - Done. Returned value was: None
[2024-07-31T09:32:11.155+0900] {taskinstance.py:441} INFO - ::group::Post task execution logs
[2024-07-31T09:32:11.158+0900] {taskinstance.py:1206} INFO - Marking task as SUCCESS. dag_id=movie, task_id=save.data, run_id=scheduled__2024-07-28T04:10:00+00:00, execution_date=20240728T041000, start_date=20240731T003147, end_date=20240731T003211
[2024-07-31T09:32:11.189+0900] {local_task_job_runner.py:243} INFO - Task exited with return code 0
[2024-07-31T09:32:11.195+0900] {taskinstance.py:3503} INFO - 0 downstream tasks scheduled from follow-on schedule check
[2024-07-31T09:32:11.195+0900] {local_task_job_runner.py:222} INFO - ::endgroup::
