[2024-07-31T10:35:20.590+0900] {local_task_job_runner.py:120} INFO - ::group::Pre task execution logs
[2024-07-31T10:35:20.602+0900] {taskinstance.py:2076} INFO - Dependencies all met for dep_context=non-requeueable deps ti=<TaskInstance: movie.rm.dir scheduled__2024-07-27T02:10:00+00:00 [queued]>
[2024-07-31T10:35:20.606+0900] {taskinstance.py:2076} INFO - Dependencies all met for dep_context=requeueable deps ti=<TaskInstance: movie.rm.dir scheduled__2024-07-27T02:10:00+00:00 [queued]>
[2024-07-31T10:35:20.606+0900] {taskinstance.py:2306} INFO - Starting attempt 1 of 2
[2024-07-31T10:35:20.611+0900] {taskinstance.py:2330} INFO - Executing <Task(BashOperator): rm.dir> on 2024-07-27 02:10:00+00:00
[2024-07-31T10:35:20.614+0900] {standard_task_runner.py:64} INFO - Started process 9500 to run task
[2024-07-31T10:35:20.617+0900] {standard_task_runner.py:90} INFO - Running: ['airflow', 'tasks', 'run', 'movie', 'rm.dir', 'scheduled__2024-07-27T02:10:00+00:00', '--job-id', '703', '--raw', '--subdir', 'DAGS_FOLDER/movie.py', '--cfg-path', '/var/folders/qv/0knwm5h50ml0skpppwpbks_r0000gp/T/tmp9__pi2lj']
[2024-07-31T10:35:20.618+0900] {standard_task_runner.py:91} INFO - Job 703: Subtask rm.dir
[2024-07-31T10:35:20.632+0900] {task_command.py:426} INFO - Running <TaskInstance: movie.rm.dir scheduled__2024-07-27T02:10:00+00:00 [running]> on host jeongui-MacBookPro.local
[2024-07-31T10:35:20.652+0900] {taskinstance.py:2648} INFO - Exporting env vars: AIRFLOW_CTX_DAG_OWNER='airflow' AIRFLOW_CTX_DAG_ID='movie' AIRFLOW_CTX_TASK_ID='rm.dir' AIRFLOW_CTX_EXECUTION_DATE='2024-07-27T02:10:00+00:00' AIRFLOW_CTX_TRY_NUMBER='1' AIRFLOW_CTX_DAG_RUN_ID='scheduled__2024-07-27T02:10:00+00:00'
[2024-07-31T10:35:20.652+0900] {taskinstance.py:430} INFO - ::endgroup::
[2024-07-31T10:35:20.658+0900] {subprocess.py:63} INFO - Tmp dir root location: /var/folders/qv/0knwm5h50ml0skpppwpbks_r0000gp/T
[2024-07-31T10:35:20.658+0900] {subprocess.py:75} INFO - Running command: ['/bin/bash', '-c', 'rm -rf ~/tmp/test_parquet/load_dt=20240727']
[2024-07-31T10:35:20.661+0900] {subprocess.py:86} INFO - Output:
[2024-07-31T10:35:20.664+0900] {subprocess.py:97} INFO - Command exited with return code 0
[2024-07-31T10:35:20.665+0900] {taskinstance.py:441} INFO - ::group::Post task execution logs
[2024-07-31T10:35:20.671+0900] {taskinstance.py:1206} INFO - Marking task as SUCCESS. dag_id=movie, task_id=rm.dir, run_id=scheduled__2024-07-27T02:10:00+00:00, execution_date=20240727T021000, start_date=20240731T013520, end_date=20240731T013520
[2024-07-31T10:35:20.679+0900] {local_task_job_runner.py:243} INFO - Task exited with return code 0
[2024-07-31T10:35:20.688+0900] {taskinstance.py:3503} INFO - 1 downstream tasks scheduled from follow-on schedule check
[2024-07-31T10:35:20.688+0900] {local_task_job_runner.py:222} INFO - ::endgroup::
[2024-07-31T16:37:35.396+0900] {local_task_job_runner.py:120} INFO - ::group::Pre task execution logs
[2024-07-31T16:37:35.410+0900] {taskinstance.py:2076} INFO - Dependencies all met for dep_context=non-requeueable deps ti=<TaskInstance: movie.rm.dir scheduled__2024-07-27T02:10:00+00:00 [queued]>
[2024-07-31T16:37:35.414+0900] {taskinstance.py:2076} INFO - Dependencies all met for dep_context=requeueable deps ti=<TaskInstance: movie.rm.dir scheduled__2024-07-27T02:10:00+00:00 [queued]>
[2024-07-31T16:37:35.414+0900] {taskinstance.py:2306} INFO - Starting attempt 1 of 2
[2024-07-31T16:37:35.421+0900] {taskinstance.py:2330} INFO - Executing <Task(BashOperator): rm.dir> on 2024-07-27 02:10:00+00:00
[2024-07-31T16:37:35.424+0900] {standard_task_runner.py:64} INFO - Started process 19509 to run task
[2024-07-31T16:37:35.427+0900] {standard_task_runner.py:90} INFO - Running: ['airflow', 'tasks', 'run', 'movie', 'rm.dir', 'scheduled__2024-07-27T02:10:00+00:00', '--job-id', '813', '--raw', '--subdir', 'DAGS_FOLDER/movie.py', '--cfg-path', '/var/folders/qv/0knwm5h50ml0skpppwpbks_r0000gp/T/tmpl2osgxvu']
[2024-07-31T16:37:35.429+0900] {standard_task_runner.py:91} INFO - Job 813: Subtask rm.dir
[2024-07-31T16:37:35.444+0900] {task_command.py:426} INFO - Running <TaskInstance: movie.rm.dir scheduled__2024-07-27T02:10:00+00:00 [running]> on host jeongui-MacBookPro.local
[2024-07-31T16:37:35.462+0900] {taskinstance.py:2648} INFO - Exporting env vars: AIRFLOW_CTX_DAG_OWNER='airflow' AIRFLOW_CTX_DAG_ID='movie' AIRFLOW_CTX_TASK_ID='rm.dir' AIRFLOW_CTX_EXECUTION_DATE='2024-07-27T02:10:00+00:00' AIRFLOW_CTX_TRY_NUMBER='1' AIRFLOW_CTX_DAG_RUN_ID='scheduled__2024-07-27T02:10:00+00:00'
[2024-07-31T16:37:35.462+0900] {taskinstance.py:430} INFO - ::endgroup::
[2024-07-31T16:37:35.468+0900] {subprocess.py:63} INFO - Tmp dir root location: /var/folders/qv/0knwm5h50ml0skpppwpbks_r0000gp/T
[2024-07-31T16:37:35.468+0900] {subprocess.py:75} INFO - Running command: ['/bin/bash', '-c', 'rm -rf ~/tmp/test_parquet/load_dt=20240727']
[2024-07-31T16:37:35.471+0900] {subprocess.py:86} INFO - Output:
[2024-07-31T16:37:35.475+0900] {subprocess.py:97} INFO - Command exited with return code 0
[2024-07-31T16:37:35.475+0900] {taskinstance.py:441} INFO - ::group::Post task execution logs
[2024-07-31T16:37:35.481+0900] {taskinstance.py:1206} INFO - Marking task as SUCCESS. dag_id=movie, task_id=rm.dir, run_id=scheduled__2024-07-27T02:10:00+00:00, execution_date=20240727T021000, start_date=20240731T073735, end_date=20240731T073735
[2024-07-31T16:37:35.500+0900] {local_task_job_runner.py:243} INFO - Task exited with return code 0
[2024-07-31T16:37:35.509+0900] {taskinstance.py:3503} INFO - 0 downstream tasks scheduled from follow-on schedule check
[2024-07-31T16:37:35.510+0900] {local_task_job_runner.py:222} INFO - ::endgroup::
