[2024-07-24T16:33:52.084+0900] {local_task_job_runner.py:120} INFO - ::group::Pre task execution logs
[2024-07-24T16:33:52.094+0900] {taskinstance.py:2076} INFO - Dependencies all met for dep_context=non-requeueable deps ti=<TaskInstance: make_parquet.make.done scheduled__2024-07-14T00:00:00+00:00 [queued]>
[2024-07-24T16:33:52.096+0900] {taskinstance.py:2076} INFO - Dependencies all met for dep_context=requeueable deps ti=<TaskInstance: make_parquet.make.done scheduled__2024-07-14T00:00:00+00:00 [queued]>
[2024-07-24T16:33:52.096+0900] {taskinstance.py:2306} INFO - Starting attempt 2 of 3
[2024-07-24T16:33:52.100+0900] {taskinstance.py:2330} INFO - Executing <Task(BashOperator): make.done> on 2024-07-14 00:00:00+00:00
[2024-07-24T16:33:52.102+0900] {standard_task_runner.py:64} INFO - Started process 490 to run task
[2024-07-24T16:33:52.105+0900] {standard_task_runner.py:90} INFO - Running: ['airflow', 'tasks', 'run', 'make_parquet', 'make.done', 'scheduled__2024-07-14T00:00:00+00:00', '--job-id', '490', '--raw', '--subdir', 'DAGS_FOLDER/make_parquet.py', '--cfg-path', '/var/folders/qv/0knwm5h50ml0skpppwpbks_r0000gp/T/tmpwbx8vmkc']
[2024-07-24T16:33:52.106+0900] {standard_task_runner.py:91} INFO - Job 490: Subtask make.done
[2024-07-24T16:33:52.121+0900] {task_command.py:426} INFO - Running <TaskInstance: make_parquet.make.done scheduled__2024-07-14T00:00:00+00:00 [running]> on host jeongui-MacBookPro.local
[2024-07-24T16:33:52.143+0900] {taskinstance.py:2648} INFO - Exporting env vars: AIRFLOW_CTX_DAG_OWNER='airflow' AIRFLOW_CTX_DAG_ID='make_parquet' AIRFLOW_CTX_TASK_ID='make.done' AIRFLOW_CTX_EXECUTION_DATE='2024-07-14T00:00:00+00:00' AIRFLOW_CTX_TRY_NUMBER='2' AIRFLOW_CTX_DAG_RUN_ID='scheduled__2024-07-14T00:00:00+00:00'
[2024-07-24T16:33:52.144+0900] {taskinstance.py:430} INFO - ::endgroup::
[2024-07-24T16:33:52.152+0900] {subprocess.py:63} INFO - Tmp dir root location: /var/folders/qv/0knwm5h50ml0skpppwpbks_r0000gp/T
[2024-07-24T16:33:52.152+0900] {subprocess.py:75} INFO - Running command: ['/bin/bash', '-c', '\n        PARQUET_DONE_PATH=~/data/done/_parquet/20240714\n        mkdir -p $PARQUET_DONE_PATH\n        echo "PATH=$PARQUET_DONE_PATH"\n        touch $PARQUET_DONE_PATH/_DONE\n        ']
[2024-07-24T16:33:52.155+0900] {subprocess.py:86} INFO - Output:
[2024-07-24T16:33:52.159+0900] {subprocess.py:93} INFO - PATH=/Users/DE32/data/done/_parquet/20240714
[2024-07-24T16:33:52.160+0900] {subprocess.py:97} INFO - Command exited with return code 0
[2024-07-24T16:33:52.160+0900] {taskinstance.py:441} INFO - ::group::Post task execution logs
[2024-07-24T16:33:52.166+0900] {taskinstance.py:1206} INFO - Marking task as SUCCESS. dag_id=make_parquet, task_id=make.done, run_id=scheduled__2024-07-14T00:00:00+00:00, execution_date=20240714T000000, start_date=20240724T073352, end_date=20240724T073352
[2024-07-24T16:33:52.212+0900] {local_task_job_runner.py:243} INFO - Task exited with return code 0
[2024-07-24T16:33:52.218+0900] {taskinstance.py:3503} INFO - 0 downstream tasks scheduled from follow-on schedule check
[2024-07-24T16:33:52.218+0900] {local_task_job_runner.py:222} INFO - ::endgroup::
[2024-07-24T17:39:03.371+0900] {local_task_job_runner.py:120} INFO - ::group::Pre task execution logs
[2024-07-24T17:39:03.378+0900] {taskinstance.py:2076} INFO - Dependencies all met for dep_context=non-requeueable deps ti=<TaskInstance: make_parquet.make.done scheduled__2024-07-14T00:00:00+00:00 [queued]>
[2024-07-24T17:39:03.381+0900] {taskinstance.py:2076} INFO - Dependencies all met for dep_context=requeueable deps ti=<TaskInstance: make_parquet.make.done scheduled__2024-07-14T00:00:00+00:00 [queued]>
[2024-07-24T17:39:03.381+0900] {taskinstance.py:2306} INFO - Starting attempt 2 of 3
[2024-07-24T17:39:03.385+0900] {taskinstance.py:2330} INFO - Executing <Task(BashOperator): make.done> on 2024-07-14 00:00:00+00:00
[2024-07-24T17:39:03.387+0900] {standard_task_runner.py:64} INFO - Started process 8344 to run task
[2024-07-24T17:39:03.389+0900] {standard_task_runner.py:90} INFO - Running: ['airflow', 'tasks', 'run', 'make_parquet', 'make.done', 'scheduled__2024-07-14T00:00:00+00:00', '--job-id', '451', '--raw', '--subdir', 'DAGS_FOLDER/make_parquet2.py', '--cfg-path', '/var/folders/qv/0knwm5h50ml0skpppwpbks_r0000gp/T/tmpawhgh75v']
[2024-07-24T17:39:03.391+0900] {standard_task_runner.py:91} INFO - Job 451: Subtask make.done
[2024-07-24T17:39:03.405+0900] {task_command.py:426} INFO - Running <TaskInstance: make_parquet.make.done scheduled__2024-07-14T00:00:00+00:00 [running]> on host jeongui-MacBookPro.local
[2024-07-24T17:39:03.431+0900] {taskinstance.py:2648} INFO - Exporting env vars: AIRFLOW_CTX_DAG_OWNER='airflow' AIRFLOW_CTX_DAG_ID='make_parquet' AIRFLOW_CTX_TASK_ID='make.done' AIRFLOW_CTX_EXECUTION_DATE='2024-07-14T00:00:00+00:00' AIRFLOW_CTX_TRY_NUMBER='2' AIRFLOW_CTX_DAG_RUN_ID='scheduled__2024-07-14T00:00:00+00:00'
[2024-07-24T17:39:03.431+0900] {taskinstance.py:430} INFO - ::endgroup::
[2024-07-24T17:39:03.439+0900] {subprocess.py:63} INFO - Tmp dir root location: /var/folders/qv/0knwm5h50ml0skpppwpbks_r0000gp/T
[2024-07-24T17:39:03.439+0900] {subprocess.py:75} INFO - Running command: ['/bin/bash', '-c', '\n        figlet "DONE"\n        PARQUET_DONE_PATH=~/data/make_done/2024-07-14\n        mkdir -p $PARQUET_DONE_PATH\n        echo "PATH=$PARQUET_DONE_PATH"\n        touch $PARQUET_DONE_PATH/_DONE\n        ']
[2024-07-24T17:39:03.443+0900] {subprocess.py:86} INFO - Output:
[2024-07-24T17:39:03.446+0900] {subprocess.py:93} INFO - /bin/bash: line 1: figlet: command not found
[2024-07-24T17:39:03.447+0900] {subprocess.py:93} INFO - PATH=/Users/DE32/data/make_done/2024-07-14
[2024-07-24T17:39:03.449+0900] {subprocess.py:97} INFO - Command exited with return code 0
[2024-07-24T17:39:03.449+0900] {taskinstance.py:441} INFO - ::group::Post task execution logs
[2024-07-24T17:39:03.455+0900] {taskinstance.py:1206} INFO - Marking task as SUCCESS. dag_id=make_parquet, task_id=make.done, run_id=scheduled__2024-07-14T00:00:00+00:00, execution_date=20240714T000000, start_date=20240724T083903, end_date=20240724T083903
[2024-07-24T17:39:03.491+0900] {local_task_job_runner.py:243} INFO - Task exited with return code 0
[2024-07-24T17:39:03.497+0900] {taskinstance.py:3503} INFO - 0 downstream tasks scheduled from follow-on schedule check
[2024-07-24T17:39:03.497+0900] {local_task_job_runner.py:222} INFO - ::endgroup::
