[2024-07-24T16:07:44.286+0900] {local_task_job_runner.py:120} INFO - ::group::Pre task execution logs
[2024-07-24T16:07:44.293+0900] {taskinstance.py:2076} INFO - Dependencies all met for dep_context=non-requeueable deps ti=<TaskInstance: make_parquet.make.done scheduled__2024-07-14T00:00:00+00:00 [queued]>
[2024-07-24T16:07:44.295+0900] {taskinstance.py:2076} INFO - Dependencies all met for dep_context=requeueable deps ti=<TaskInstance: make_parquet.make.done scheduled__2024-07-14T00:00:00+00:00 [queued]>
[2024-07-24T16:07:44.295+0900] {taskinstance.py:2306} INFO - Starting attempt 1 of 1
[2024-07-24T16:07:44.299+0900] {taskinstance.py:2330} INFO - Executing <Task(BashOperator): make.done> on 2024-07-14 00:00:00+00:00
[2024-07-24T16:07:44.302+0900] {standard_task_runner.py:64} INFO - Started process 98024 to run task
[2024-07-24T16:07:44.304+0900] {standard_task_runner.py:90} INFO - Running: ['airflow', 'tasks', 'run', 'make_parquet', 'make.done', 'scheduled__2024-07-14T00:00:00+00:00', '--job-id', '379', '--raw', '--subdir', 'DAGS_FOLDER/make_parquet.py', '--cfg-path', '/var/folders/qv/0knwm5h50ml0skpppwpbks_r0000gp/T/tmpv3zl0c_8']
[2024-07-24T16:07:44.305+0900] {standard_task_runner.py:91} INFO - Job 379: Subtask make.done
[2024-07-24T16:07:44.319+0900] {task_command.py:426} INFO - Running <TaskInstance: make_parquet.make.done scheduled__2024-07-14T00:00:00+00:00 [running]> on host jeongui-MacBookPro.local
[2024-07-24T16:07:44.344+0900] {taskinstance.py:2648} INFO - Exporting env vars: AIRFLOW_CTX_DAG_OWNER='airflow' AIRFLOW_CTX_DAG_ID='make_parquet' AIRFLOW_CTX_TASK_ID='make.done' AIRFLOW_CTX_EXECUTION_DATE='2024-07-14T00:00:00+00:00' AIRFLOW_CTX_TRY_NUMBER='1' AIRFLOW_CTX_DAG_RUN_ID='scheduled__2024-07-14T00:00:00+00:00'
[2024-07-24T16:07:44.344+0900] {taskinstance.py:430} INFO - ::endgroup::
[2024-07-24T16:07:44.350+0900] {subprocess.py:63} INFO - Tmp dir root location: /var/folders/qv/0knwm5h50ml0skpppwpbks_r0000gp/T
[2024-07-24T16:07:44.351+0900] {subprocess.py:75} INFO - Running command: ['/bin/bash', '-c', '\n            echo "create.table"\n            echo "/Users/DE32/airflow/sql/create_to_talbe.sql"\n            sh /Users/DE32/airflow/sh/create_table.sh /Users/DE32/airflow/sql/create_to_table\n            echo "create done"\n            ']
[2024-07-24T16:07:44.354+0900] {subprocess.py:86} INFO - Output:
[2024-07-24T16:07:44.355+0900] {subprocess.py:93} INFO - create.table
[2024-07-24T16:07:44.355+0900] {subprocess.py:93} INFO - /Users/DE32/airflow/sql/create_to_talbe.sql
[2024-07-24T16:07:44.369+0900] {subprocess.py:93} INFO - create done
[2024-07-24T16:07:44.369+0900] {subprocess.py:97} INFO - Command exited with return code 0
[2024-07-24T16:07:44.370+0900] {taskinstance.py:441} INFO - ::group::Post task execution logs
[2024-07-24T16:07:44.377+0900] {taskinstance.py:1206} INFO - Marking task as SUCCESS. dag_id=make_parquet, task_id=make.done, run_id=scheduled__2024-07-14T00:00:00+00:00, execution_date=20240714T000000, start_date=20240724T070744, end_date=20240724T070744
[2024-07-24T16:07:44.408+0900] {local_task_job_runner.py:243} INFO - Task exited with return code 0
[2024-07-24T16:07:44.414+0900] {taskinstance.py:3503} INFO - 0 downstream tasks scheduled from follow-on schedule check
[2024-07-24T16:07:44.414+0900] {local_task_job_runner.py:222} INFO - ::endgroup::
[2024-07-24T16:35:57.174+0900] {local_task_job_runner.py:120} INFO - ::group::Pre task execution logs
[2024-07-24T16:35:57.181+0900] {taskinstance.py:2076} INFO - Dependencies all met for dep_context=non-requeueable deps ti=<TaskInstance: make_parquet.make.done scheduled__2024-07-14T00:00:00+00:00 [queued]>
[2024-07-24T16:35:57.183+0900] {taskinstance.py:2076} INFO - Dependencies all met for dep_context=requeueable deps ti=<TaskInstance: make_parquet.make.done scheduled__2024-07-14T00:00:00+00:00 [queued]>
[2024-07-24T16:35:57.183+0900] {taskinstance.py:2306} INFO - Starting attempt 1 of 2
[2024-07-24T16:35:57.187+0900] {taskinstance.py:2330} INFO - Executing <Task(BashOperator): make.done> on 2024-07-14 00:00:00+00:00
[2024-07-24T16:35:57.190+0900] {standard_task_runner.py:64} INFO - Started process 1012 to run task
[2024-07-24T16:35:57.192+0900] {standard_task_runner.py:90} INFO - Running: ['airflow', 'tasks', 'run', 'make_parquet', 'make.done', 'scheduled__2024-07-14T00:00:00+00:00', '--job-id', '386', '--raw', '--subdir', 'DAGS_FOLDER/make_parquet.py', '--cfg-path', '/var/folders/qv/0knwm5h50ml0skpppwpbks_r0000gp/T/tmpvmrh4fl8']
[2024-07-24T16:35:57.193+0900] {standard_task_runner.py:91} INFO - Job 386: Subtask make.done
[2024-07-24T16:35:57.207+0900] {task_command.py:426} INFO - Running <TaskInstance: make_parquet.make.done scheduled__2024-07-14T00:00:00+00:00 [running]> on host jeongui-MacBookPro.local
[2024-07-24T16:35:57.228+0900] {taskinstance.py:2648} INFO - Exporting env vars: AIRFLOW_CTX_DAG_OWNER='airflow' AIRFLOW_CTX_DAG_ID='make_parquet' AIRFLOW_CTX_TASK_ID='make.done' AIRFLOW_CTX_EXECUTION_DATE='2024-07-14T00:00:00+00:00' AIRFLOW_CTX_TRY_NUMBER='1' AIRFLOW_CTX_DAG_RUN_ID='scheduled__2024-07-14T00:00:00+00:00'
[2024-07-24T16:35:57.229+0900] {taskinstance.py:430} INFO - ::endgroup::
[2024-07-24T16:35:57.235+0900] {subprocess.py:63} INFO - Tmp dir root location: /var/folders/qv/0knwm5h50ml0skpppwpbks_r0000gp/T
[2024-07-24T16:35:57.235+0900] {subprocess.py:75} INFO - Running command: ['/bin/bash', '-c', '\n        PARQUET_DONE_PATH=~/data/done/_parquet/20240714\n        mkdir -p $PARQUET_DONE_PATH\n        echo "PATH=$PARQUET_DONE_PATH"\n        touch $PARQUET_DONE_PATH/_DONE\n        ']
[2024-07-24T16:35:57.238+0900] {subprocess.py:86} INFO - Output:
[2024-07-24T16:35:57.241+0900] {subprocess.py:93} INFO - PATH=/Users/DE32/data/done/_parquet/20240714
[2024-07-24T16:35:57.242+0900] {subprocess.py:97} INFO - Command exited with return code 0
[2024-07-24T16:35:57.242+0900] {taskinstance.py:441} INFO - ::group::Post task execution logs
[2024-07-24T16:35:57.249+0900] {taskinstance.py:1206} INFO - Marking task as SUCCESS. dag_id=make_parquet, task_id=make.done, run_id=scheduled__2024-07-14T00:00:00+00:00, execution_date=20240714T000000, start_date=20240724T073557, end_date=20240724T073557
[2024-07-24T16:35:57.254+0900] {local_task_job_runner.py:243} INFO - Task exited with return code 0
[2024-07-24T16:35:57.259+0900] {taskinstance.py:3503} INFO - 0 downstream tasks scheduled from follow-on schedule check
[2024-07-24T16:35:57.259+0900] {local_task_job_runner.py:222} INFO - ::endgroup::
