[2024-07-24T14:12:32.485+0900] {local_task_job_runner.py:120} INFO - ::group::Pre task execution logs
[2024-07-24T14:12:32.492+0900] {taskinstance.py:2076} INFO - Dependencies all met for dep_context=non-requeueable deps ti=<TaskInstance: simple_bash.print.date scheduled__2024-07-14T00:00:00+00:00 [queued]>
[2024-07-24T14:12:32.494+0900] {taskinstance.py:2076} INFO - Dependencies all met for dep_context=requeueable deps ti=<TaskInstance: simple_bash.print.date scheduled__2024-07-14T00:00:00+00:00 [queued]>
[2024-07-24T14:12:32.494+0900] {taskinstance.py:2306} INFO - Starting attempt 2 of 3
[2024-07-24T14:12:32.498+0900] {taskinstance.py:2330} INFO - Executing <Task(BashOperator): print.date> on 2024-07-14 00:00:00+00:00
[2024-07-24T14:12:32.501+0900] {standard_task_runner.py:64} INFO - Started process 89835 to run task
[2024-07-24T14:12:32.503+0900] {standard_task_runner.py:90} INFO - Running: ['airflow', 'tasks', 'run', 'simple_bash', 'print.date', 'scheduled__2024-07-14T00:00:00+00:00', '--job-id', '62', '--raw', '--subdir', 'DAGS_FOLDER/simple_bash.py', '--cfg-path', '/var/folders/qv/0knwm5h50ml0skpppwpbks_r0000gp/T/tmpdjnv1xgc']
[2024-07-24T14:12:32.504+0900] {standard_task_runner.py:91} INFO - Job 62: Subtask print.date
[2024-07-24T14:12:32.518+0900] {task_command.py:426} INFO - Running <TaskInstance: simple_bash.print.date scheduled__2024-07-14T00:00:00+00:00 [running]> on host jeongui-MacBookPro.local
[2024-07-24T14:12:32.535+0900] {logging_mixin.py:188} WARNING - /Users/DE32/.pyenv/versions/3.11.9/envs/note/lib/python3.11/site-packages/airflow/utils/context.py:212 AirflowContextDeprecationWarning: Accessing 'execution_date' from the template is deprecated and will be removed in a future version. Please use 'data_interval_start' or 'logical_date' instead.
[2024-07-24T14:12:32.535+0900] {logging_mixin.py:188} WARNING - /Users/DE32/.pyenv/versions/3.11.9/envs/note/lib/python3.11/site-packages/airflow/utils/context.py:212 AirflowContextDeprecationWarning: Accessing 'next_execution_date' from the template is deprecated and will be removed in a future version. Please use 'data_interval_end' instead.
[2024-07-24T14:12:32.536+0900] {logging_mixin.py:188} WARNING - /Users/DE32/.pyenv/versions/3.11.9/envs/note/lib/python3.11/site-packages/airflow/utils/context.py:212 AirflowContextDeprecationWarning: Accessing 'prev_execution_date' from the template is deprecated and will be removed in a future version.
[2024-07-24T14:12:32.543+0900] {taskinstance.py:2648} INFO - Exporting env vars: AIRFLOW_CTX_DAG_OWNER='airflow' AIRFLOW_CTX_DAG_ID='simple_bash' AIRFLOW_CTX_TASK_ID='print.date' AIRFLOW_CTX_EXECUTION_DATE='2024-07-14T00:00:00+00:00' AIRFLOW_CTX_TRY_NUMBER='2' AIRFLOW_CTX_DAG_RUN_ID='scheduled__2024-07-14T00:00:00+00:00'
[2024-07-24T14:12:32.544+0900] {taskinstance.py:430} INFO - ::endgroup::
[2024-07-24T14:12:32.550+0900] {subprocess.py:63} INFO - Tmp dir root location: /var/folders/qv/0knwm5h50ml0skpppwpbks_r0000gp/T
[2024-07-24T14:12:32.550+0900] {subprocess.py:75} INFO - Running command: ['/bin/bash', '-c', '\n            echo "date => `date`"\n            echo "ds => 2024-07-14"\n            echo "ds_nodash => 20240714"\n            echo "logical_date => 2024-07-14 00:00:00+00:00"\n            echo "logical_date => 2024-07-14 00:00:00"\n            echo "execution_date => 2024-07-14 00:00:00+00:00"\n            echo "execution_date => 2024-07-14 00:00:00"\n            echo "next_execution_date => 2024-07-15 00:00:00"\n            echo "prev_execution_date => 2024-07-13 00:00:00"\n            echo "ts => 2024-07-14T00:00:00+00:00"\n        ']
[2024-07-24T14:12:32.553+0900] {subprocess.py:86} INFO - Output:
[2024-07-24T14:12:32.556+0900] {subprocess.py:93} INFO - date => 2024년 7월 24일 수요일 14시 12분 32초 KST
[2024-07-24T14:12:32.556+0900] {subprocess.py:93} INFO - ds => 2024-07-14
[2024-07-24T14:12:32.557+0900] {subprocess.py:93} INFO - ds_nodash => 20240714
[2024-07-24T14:12:32.557+0900] {subprocess.py:93} INFO - logical_date => 2024-07-14 00:00:00+00:00
[2024-07-24T14:12:32.557+0900] {subprocess.py:93} INFO - logical_date => 2024-07-14 00:00:00
[2024-07-24T14:12:32.557+0900] {subprocess.py:93} INFO - execution_date => 2024-07-14 00:00:00+00:00
[2024-07-24T14:12:32.557+0900] {subprocess.py:93} INFO - execution_date => 2024-07-14 00:00:00
[2024-07-24T14:12:32.557+0900] {subprocess.py:93} INFO - next_execution_date => 2024-07-15 00:00:00
[2024-07-24T14:12:32.558+0900] {subprocess.py:93} INFO - prev_execution_date => 2024-07-13 00:00:00
[2024-07-24T14:12:32.558+0900] {subprocess.py:93} INFO - ts => 2024-07-14T00:00:00+00:00
[2024-07-24T14:12:32.558+0900] {subprocess.py:97} INFO - Command exited with return code 0
[2024-07-24T14:12:32.558+0900] {taskinstance.py:441} INFO - ::group::Post task execution logs
[2024-07-24T14:12:32.564+0900] {taskinstance.py:1206} INFO - Marking task as SUCCESS. dag_id=simple_bash, task_id=print.date, run_id=scheduled__2024-07-14T00:00:00+00:00, execution_date=20240714T000000, start_date=20240724T051232, end_date=20240724T051232
[2024-07-24T14:12:32.605+0900] {local_task_job_runner.py:243} INFO - Task exited with return code 0
[2024-07-24T14:12:32.615+0900] {taskinstance.py:3503} INFO - 1 downstream tasks scheduled from follow-on schedule check
[2024-07-24T14:12:32.615+0900] {local_task_job_runner.py:222} INFO - ::endgroup::
[2024-07-24T14:32:38.717+0900] {local_task_job_runner.py:120} INFO - ::group::Pre task execution logs
[2024-07-24T14:32:38.725+0900] {taskinstance.py:2076} INFO - Dependencies all met for dep_context=non-requeueable deps ti=<TaskInstance: simple_bash.print.date scheduled__2024-07-14T00:00:00+00:00 [queued]>
[2024-07-24T14:32:38.727+0900] {taskinstance.py:2076} INFO - Dependencies all met for dep_context=requeueable deps ti=<TaskInstance: simple_bash.print.date scheduled__2024-07-14T00:00:00+00:00 [queued]>
[2024-07-24T14:32:38.727+0900] {taskinstance.py:2306} INFO - Starting attempt 2 of 2
[2024-07-24T14:32:38.732+0900] {taskinstance.py:2330} INFO - Executing <Task(BashOperator): print.date> on 2024-07-14 00:00:00+00:00
[2024-07-24T14:32:38.734+0900] {standard_task_runner.py:64} INFO - Started process 92229 to run task
[2024-07-24T14:32:38.737+0900] {standard_task_runner.py:90} INFO - Running: ['airflow', 'tasks', 'run', 'simple_bash', 'print.date', 'scheduled__2024-07-14T00:00:00+00:00', '--job-id', '154', '--raw', '--subdir', 'DAGS_FOLDER/simple_bash.py', '--cfg-path', '/var/folders/qv/0knwm5h50ml0skpppwpbks_r0000gp/T/tmpjd1n7es5']
[2024-07-24T14:32:38.738+0900] {standard_task_runner.py:91} INFO - Job 154: Subtask print.date
[2024-07-24T14:32:38.752+0900] {task_command.py:426} INFO - Running <TaskInstance: simple_bash.print.date scheduled__2024-07-14T00:00:00+00:00 [running]> on host jeongui-MacBookPro.local
[2024-07-24T14:32:38.769+0900] {logging_mixin.py:188} WARNING - /Users/DE32/.pyenv/versions/3.11.9/envs/note/lib/python3.11/site-packages/airflow/utils/context.py:212 AirflowContextDeprecationWarning: Accessing 'execution_date' from the template is deprecated and will be removed in a future version. Please use 'data_interval_start' or 'logical_date' instead.
[2024-07-24T14:32:38.770+0900] {logging_mixin.py:188} WARNING - /Users/DE32/.pyenv/versions/3.11.9/envs/note/lib/python3.11/site-packages/airflow/utils/context.py:212 AirflowContextDeprecationWarning: Accessing 'next_execution_date' from the template is deprecated and will be removed in a future version. Please use 'data_interval_end' instead.
[2024-07-24T14:32:38.770+0900] {logging_mixin.py:188} WARNING - /Users/DE32/.pyenv/versions/3.11.9/envs/note/lib/python3.11/site-packages/airflow/utils/context.py:212 AirflowContextDeprecationWarning: Accessing 'prev_execution_date' from the template is deprecated and will be removed in a future version.
[2024-07-24T14:32:38.778+0900] {taskinstance.py:2648} INFO - Exporting env vars: AIRFLOW_CTX_DAG_OWNER='airflow' AIRFLOW_CTX_DAG_ID='simple_bash' AIRFLOW_CTX_TASK_ID='print.date' AIRFLOW_CTX_EXECUTION_DATE='2024-07-14T00:00:00+00:00' AIRFLOW_CTX_TRY_NUMBER='2' AIRFLOW_CTX_DAG_RUN_ID='scheduled__2024-07-14T00:00:00+00:00'
[2024-07-24T14:32:38.778+0900] {taskinstance.py:430} INFO - ::endgroup::
[2024-07-24T14:32:38.784+0900] {subprocess.py:63} INFO - Tmp dir root location: /var/folders/qv/0knwm5h50ml0skpppwpbks_r0000gp/T
[2024-07-24T14:32:38.785+0900] {subprocess.py:75} INFO - Running command: ['/bin/bash', '-c', '\n            echo "date => `date`"\n            echo "ds => 2024-07-14"\n            echo "ds_nodash => 20240714"\n            echo "logical_date => 2024-07-14 00:00:00+00:00"\n            echo "logical_date => 2024-07-14 00:00:00"\n            echo "execution_date => 2024-07-14 00:00:00+00:00"\n            echo "execution_date => 2024-07-14 00:00:00"\n            echo "next_execution_date => 2024-07-15 00:00:00"\n            echo "prev_execution_date => 2024-07-13 00:00:00"\n            echo "ts => 2024-07-14T00:00:00+00:00"\n        ']
[2024-07-24T14:32:38.788+0900] {subprocess.py:86} INFO - Output:
[2024-07-24T14:32:38.791+0900] {subprocess.py:93} INFO - date => 2024년 7월 24일 수요일 14시 32분 38초 KST
[2024-07-24T14:32:38.792+0900] {subprocess.py:93} INFO - ds => 2024-07-14
[2024-07-24T14:32:38.792+0900] {subprocess.py:93} INFO - ds_nodash => 20240714
[2024-07-24T14:32:38.792+0900] {subprocess.py:93} INFO - logical_date => 2024-07-14 00:00:00+00:00
[2024-07-24T14:32:38.792+0900] {subprocess.py:93} INFO - logical_date => 2024-07-14 00:00:00
[2024-07-24T14:32:38.792+0900] {subprocess.py:93} INFO - execution_date => 2024-07-14 00:00:00+00:00
[2024-07-24T14:32:38.792+0900] {subprocess.py:93} INFO - execution_date => 2024-07-14 00:00:00
[2024-07-24T14:32:38.793+0900] {subprocess.py:93} INFO - next_execution_date => 2024-07-15 00:00:00
[2024-07-24T14:32:38.793+0900] {subprocess.py:93} INFO - prev_execution_date => 2024-07-13 00:00:00
[2024-07-24T14:32:38.793+0900] {subprocess.py:93} INFO - ts => 2024-07-14T00:00:00+00:00
[2024-07-24T14:32:38.793+0900] {subprocess.py:97} INFO - Command exited with return code 0
[2024-07-24T14:32:38.793+0900] {taskinstance.py:441} INFO - ::group::Post task execution logs
[2024-07-24T14:32:38.799+0900] {taskinstance.py:1206} INFO - Marking task as SUCCESS. dag_id=simple_bash, task_id=print.date, run_id=scheduled__2024-07-14T00:00:00+00:00, execution_date=20240714T000000, start_date=20240724T053238, end_date=20240724T053238
[2024-07-24T14:32:38.843+0900] {local_task_job_runner.py:243} INFO - Task exited with return code 0
[2024-07-24T14:32:38.853+0900] {taskinstance.py:3503} INFO - 1 downstream tasks scheduled from follow-on schedule check
[2024-07-24T14:32:38.854+0900] {local_task_job_runner.py:222} INFO - ::endgroup::
