[2024-07-24T12:43:36.094+0900] {local_task_job_runner.py:120} INFO - ::group::Pre task execution logs
[2024-07-24T12:43:36.102+0900] {taskinstance.py:2076} INFO - Dependencies all met for dep_context=non-requeueable deps ti=<TaskInstance: simple_bash.print.date scheduled__2024-07-14T00:00:00+00:00 [queued]>
[2024-07-24T12:43:36.104+0900] {taskinstance.py:2076} INFO - Dependencies all met for dep_context=requeueable deps ti=<TaskInstance: simple_bash.print.date scheduled__2024-07-14T00:00:00+00:00 [queued]>
[2024-07-24T12:43:36.104+0900] {taskinstance.py:2306} INFO - Starting attempt 1 of 6
[2024-07-24T12:43:36.108+0900] {taskinstance.py:2330} INFO - Executing <Task(BashOperator): print.date> on 2024-07-14 00:00:00+00:00
[2024-07-24T12:43:36.111+0900] {standard_task_runner.py:64} INFO - Started process 88662 to run task
[2024-07-24T12:43:36.113+0900] {standard_task_runner.py:90} INFO - Running: ['airflow', 'tasks', 'run', 'simple_bash', 'print.date', 'scheduled__2024-07-14T00:00:00+00:00', '--job-id', '12', '--raw', '--subdir', 'DAGS_FOLDER/simple_bash.py', '--cfg-path', '/var/folders/qv/0knwm5h50ml0skpppwpbks_r0000gp/T/tmpf8v47wm4']
[2024-07-24T12:43:36.115+0900] {standard_task_runner.py:91} INFO - Job 12: Subtask print.date
[2024-07-24T12:43:36.130+0900] {task_command.py:426} INFO - Running <TaskInstance: simple_bash.print.date scheduled__2024-07-14T00:00:00+00:00 [running]> on host jeongui-MacBookPro.local
[2024-07-24T12:43:36.146+0900] {logging_mixin.py:188} WARNING - /Users/DE32/.pyenv/versions/3.11.9/envs/note/lib/python3.11/site-packages/airflow/utils/context.py:212 AirflowContextDeprecationWarning: Accessing 'execution_date' from the template is deprecated and will be removed in a future version. Please use 'data_interval_start' or 'logical_date' instead.
[2024-07-24T12:43:36.147+0900] {logging_mixin.py:188} WARNING - /Users/DE32/.pyenv/versions/3.11.9/envs/note/lib/python3.11/site-packages/airflow/utils/context.py:212 AirflowContextDeprecationWarning: Accessing 'next_execution_date' from the template is deprecated and will be removed in a future version. Please use 'data_interval_end' instead.
[2024-07-24T12:43:36.147+0900] {logging_mixin.py:188} WARNING - /Users/DE32/.pyenv/versions/3.11.9/envs/note/lib/python3.11/site-packages/airflow/utils/context.py:212 AirflowContextDeprecationWarning: Accessing 'prev_execution_date' from the template is deprecated and will be removed in a future version.
[2024-07-24T12:43:36.155+0900] {taskinstance.py:2648} INFO - Exporting env vars: AIRFLOW_CTX_DAG_OWNER='airflow' AIRFLOW_CTX_DAG_ID='simple_bash' AIRFLOW_CTX_TASK_ID='print.date' AIRFLOW_CTX_EXECUTION_DATE='2024-07-14T00:00:00+00:00' AIRFLOW_CTX_TRY_NUMBER='1' AIRFLOW_CTX_DAG_RUN_ID='scheduled__2024-07-14T00:00:00+00:00'
[2024-07-24T12:43:36.155+0900] {taskinstance.py:430} INFO - ::endgroup::
[2024-07-24T12:43:36.162+0900] {subprocess.py:63} INFO - Tmp dir root location: /var/folders/qv/0knwm5h50ml0skpppwpbks_r0000gp/T
[2024-07-24T12:43:36.162+0900] {subprocess.py:75} INFO - Running command: ['/bin/bash', '-c', '\n            echo "date => `date`"\n            echo "ds => 2024-07-14"\n            echo "ds_nodash => 20240714"\n            echo "logical_date => 2024-07-14 00:00:00+00:00"\n            echo "logical_date => 2024-07-14 00:00:00"\n            echo "execution_date => 2024-07-14 00:00:00+00:00"\n            echo "execution_date => 2024-07-14 00:00:00"\n            echo "next_execution_date => 2024-07-15 00:00:00"\n            echo "prev_execution_date => 2024-07-13 00:00:00"\n            echo "ts => 2024-07-14T00:00:00+00:00"\n        ']
[2024-07-24T12:43:36.165+0900] {subprocess.py:86} INFO - Output:
[2024-07-24T12:43:36.168+0900] {subprocess.py:93} INFO - date => 2024년 7월 24일 수요일 12시 43분 36초 KST
[2024-07-24T12:43:36.168+0900] {subprocess.py:93} INFO - ds => 2024-07-14
[2024-07-24T12:43:36.169+0900] {subprocess.py:93} INFO - ds_nodash => 20240714
[2024-07-24T12:43:36.169+0900] {subprocess.py:93} INFO - logical_date => 2024-07-14 00:00:00+00:00
[2024-07-24T12:43:36.169+0900] {subprocess.py:93} INFO - logical_date => 2024-07-14 00:00:00
[2024-07-24T12:43:36.169+0900] {subprocess.py:93} INFO - execution_date => 2024-07-14 00:00:00+00:00
[2024-07-24T12:43:36.169+0900] {subprocess.py:93} INFO - execution_date => 2024-07-14 00:00:00
[2024-07-24T12:43:36.169+0900] {subprocess.py:93} INFO - next_execution_date => 2024-07-15 00:00:00
[2024-07-24T12:43:36.170+0900] {subprocess.py:93} INFO - prev_execution_date => 2024-07-13 00:00:00
[2024-07-24T12:43:36.170+0900] {subprocess.py:93} INFO - ts => 2024-07-14T00:00:00+00:00
[2024-07-24T12:43:36.170+0900] {subprocess.py:97} INFO - Command exited with return code 0
[2024-07-24T12:43:36.170+0900] {taskinstance.py:441} INFO - ::group::Post task execution logs
[2024-07-24T12:43:36.177+0900] {taskinstance.py:1206} INFO - Marking task as SUCCESS. dag_id=simple_bash, task_id=print.date, run_id=scheduled__2024-07-14T00:00:00+00:00, execution_date=20240714T000000, start_date=20240724T034336, end_date=20240724T034336
[2024-07-24T12:43:36.220+0900] {local_task_job_runner.py:243} INFO - Task exited with return code 0
[2024-07-24T12:43:36.229+0900] {taskinstance.py:3503} INFO - 1 downstream tasks scheduled from follow-on schedule check
[2024-07-24T12:43:36.230+0900] {local_task_job_runner.py:222} INFO - ::endgroup::
[2024-07-24T14:06:50.319+0900] {local_task_job_runner.py:120} INFO - ::group::Pre task execution logs
[2024-07-24T14:06:50.327+0900] {taskinstance.py:2076} INFO - Dependencies all met for dep_context=non-requeueable deps ti=<TaskInstance: simple_bash.print.date scheduled__2024-07-14T00:00:00+00:00 [queued]>
[2024-07-24T14:06:50.329+0900] {taskinstance.py:2076} INFO - Dependencies all met for dep_context=requeueable deps ti=<TaskInstance: simple_bash.print.date scheduled__2024-07-14T00:00:00+00:00 [queued]>
[2024-07-24T14:06:50.329+0900] {taskinstance.py:2306} INFO - Starting attempt 1 of 2
[2024-07-24T14:06:50.333+0900] {taskinstance.py:2330} INFO - Executing <Task(BashOperator): print.date> on 2024-07-14 00:00:00+00:00
[2024-07-24T14:06:50.336+0900] {standard_task_runner.py:64} INFO - Started process 89334 to run task
[2024-07-24T14:06:50.338+0900] {standard_task_runner.py:90} INFO - Running: ['airflow', 'tasks', 'run', 'simple_bash', 'print.date', 'scheduled__2024-07-14T00:00:00+00:00', '--job-id', '8', '--raw', '--subdir', 'DAGS_FOLDER/simple_bash.py', '--cfg-path', '/var/folders/qv/0knwm5h50ml0skpppwpbks_r0000gp/T/tmpgr1elg4i']
[2024-07-24T14:06:50.339+0900] {standard_task_runner.py:91} INFO - Job 8: Subtask print.date
[2024-07-24T14:06:50.353+0900] {task_command.py:426} INFO - Running <TaskInstance: simple_bash.print.date scheduled__2024-07-14T00:00:00+00:00 [running]> on host jeongui-MacBookPro.local
[2024-07-24T14:06:50.369+0900] {logging_mixin.py:188} WARNING - /Users/DE32/.pyenv/versions/3.11.9/envs/note/lib/python3.11/site-packages/airflow/utils/context.py:212 AirflowContextDeprecationWarning: Accessing 'execution_date' from the template is deprecated and will be removed in a future version. Please use 'data_interval_start' or 'logical_date' instead.
[2024-07-24T14:06:50.369+0900] {logging_mixin.py:188} WARNING - /Users/DE32/.pyenv/versions/3.11.9/envs/note/lib/python3.11/site-packages/airflow/utils/context.py:212 AirflowContextDeprecationWarning: Accessing 'next_execution_date' from the template is deprecated and will be removed in a future version. Please use 'data_interval_end' instead.
[2024-07-24T14:06:50.369+0900] {logging_mixin.py:188} WARNING - /Users/DE32/.pyenv/versions/3.11.9/envs/note/lib/python3.11/site-packages/airflow/utils/context.py:212 AirflowContextDeprecationWarning: Accessing 'prev_execution_date' from the template is deprecated and will be removed in a future version.
[2024-07-24T14:06:50.378+0900] {taskinstance.py:2648} INFO - Exporting env vars: AIRFLOW_CTX_DAG_OWNER='airflow' AIRFLOW_CTX_DAG_ID='simple_bash' AIRFLOW_CTX_TASK_ID='print.date' AIRFLOW_CTX_EXECUTION_DATE='2024-07-14T00:00:00+00:00' AIRFLOW_CTX_TRY_NUMBER='1' AIRFLOW_CTX_DAG_RUN_ID='scheduled__2024-07-14T00:00:00+00:00'
[2024-07-24T14:06:50.378+0900] {taskinstance.py:430} INFO - ::endgroup::
[2024-07-24T14:06:50.384+0900] {subprocess.py:63} INFO - Tmp dir root location: /var/folders/qv/0knwm5h50ml0skpppwpbks_r0000gp/T
[2024-07-24T14:06:50.384+0900] {subprocess.py:75} INFO - Running command: ['/bin/bash', '-c', '\n            echo "date => `date`"\n            echo "ds => 2024-07-14"\n            echo "ds_nodash => 20240714"\n            echo "logical_date => 2024-07-14 00:00:00+00:00"\n            echo "logical_date => 2024-07-14 00:00:00"\n            echo "execution_date => 2024-07-14 00:00:00+00:00"\n            echo "execution_date => 2024-07-14 00:00:00"\n            echo "next_execution_date => 2024-07-15 00:00:00"\n            echo "prev_execution_date => 2024-07-13 00:00:00"\n            echo "ts => 2024-07-14T00:00:00+00:00"\n        ']
[2024-07-24T14:06:50.387+0900] {subprocess.py:86} INFO - Output:
[2024-07-24T14:06:50.390+0900] {subprocess.py:93} INFO - date => 2024년 7월 24일 수요일 14시 06분 50초 KST
[2024-07-24T14:06:50.391+0900] {subprocess.py:93} INFO - ds => 2024-07-14
[2024-07-24T14:06:50.391+0900] {subprocess.py:93} INFO - ds_nodash => 20240714
[2024-07-24T14:06:50.391+0900] {subprocess.py:93} INFO - logical_date => 2024-07-14 00:00:00+00:00
[2024-07-24T14:06:50.391+0900] {subprocess.py:93} INFO - logical_date => 2024-07-14 00:00:00
[2024-07-24T14:06:50.391+0900] {subprocess.py:93} INFO - execution_date => 2024-07-14 00:00:00+00:00
[2024-07-24T14:06:50.391+0900] {subprocess.py:93} INFO - execution_date => 2024-07-14 00:00:00
[2024-07-24T14:06:50.392+0900] {subprocess.py:93} INFO - next_execution_date => 2024-07-15 00:00:00
[2024-07-24T14:06:50.392+0900] {subprocess.py:93} INFO - prev_execution_date => 2024-07-13 00:00:00
[2024-07-24T14:06:50.392+0900] {subprocess.py:93} INFO - ts => 2024-07-14T00:00:00+00:00
[2024-07-24T14:06:50.392+0900] {subprocess.py:97} INFO - Command exited with return code 0
[2024-07-24T14:06:50.392+0900] {taskinstance.py:441} INFO - ::group::Post task execution logs
[2024-07-24T14:06:50.399+0900] {taskinstance.py:1206} INFO - Marking task as SUCCESS. dag_id=simple_bash, task_id=print.date, run_id=scheduled__2024-07-14T00:00:00+00:00, execution_date=20240714T000000, start_date=20240724T050650, end_date=20240724T050650
[2024-07-24T14:06:50.443+0900] {local_task_job_runner.py:243} INFO - Task exited with return code 0
[2024-07-24T14:06:50.452+0900] {taskinstance.py:3503} INFO - 1 downstream tasks scheduled from follow-on schedule check
[2024-07-24T14:06:50.453+0900] {local_task_job_runner.py:222} INFO - ::endgroup::
[2024-07-24T14:19:02.402+0900] {local_task_job_runner.py:120} INFO - ::group::Pre task execution logs
[2024-07-24T14:19:02.409+0900] {taskinstance.py:2076} INFO - Dependencies all met for dep_context=non-requeueable deps ti=<TaskInstance: simple_bash.print.date scheduled__2024-07-14T00:00:00+00:00 [queued]>
[2024-07-24T14:19:02.411+0900] {taskinstance.py:2076} INFO - Dependencies all met for dep_context=requeueable deps ti=<TaskInstance: simple_bash.print.date scheduled__2024-07-14T00:00:00+00:00 [queued]>
[2024-07-24T14:19:02.411+0900] {taskinstance.py:2306} INFO - Starting attempt 1 of 1
[2024-07-24T14:19:02.415+0900] {taskinstance.py:2330} INFO - Executing <Task(BashOperator): print.date> on 2024-07-14 00:00:00+00:00
[2024-07-24T14:19:02.418+0900] {standard_task_runner.py:64} INFO - Started process 90583 to run task
[2024-07-24T14:19:02.420+0900] {standard_task_runner.py:90} INFO - Running: ['airflow', 'tasks', 'run', 'simple_bash', 'print.date', 'scheduled__2024-07-14T00:00:00+00:00', '--job-id', '104', '--raw', '--subdir', 'DAGS_FOLDER/simple_bash.py', '--cfg-path', '/var/folders/qv/0knwm5h50ml0skpppwpbks_r0000gp/T/tmpc4qsoetg']
[2024-07-24T14:19:02.421+0900] {standard_task_runner.py:91} INFO - Job 104: Subtask print.date
[2024-07-24T14:19:02.435+0900] {task_command.py:426} INFO - Running <TaskInstance: simple_bash.print.date scheduled__2024-07-14T00:00:00+00:00 [running]> on host jeongui-MacBookPro.local
[2024-07-24T14:19:02.452+0900] {logging_mixin.py:188} WARNING - /Users/DE32/.pyenv/versions/3.11.9/envs/note/lib/python3.11/site-packages/airflow/utils/context.py:212 AirflowContextDeprecationWarning: Accessing 'execution_date' from the template is deprecated and will be removed in a future version. Please use 'data_interval_start' or 'logical_date' instead.
[2024-07-24T14:19:02.452+0900] {logging_mixin.py:188} WARNING - /Users/DE32/.pyenv/versions/3.11.9/envs/note/lib/python3.11/site-packages/airflow/utils/context.py:212 AirflowContextDeprecationWarning: Accessing 'next_execution_date' from the template is deprecated and will be removed in a future version. Please use 'data_interval_end' instead.
[2024-07-24T14:19:02.453+0900] {logging_mixin.py:188} WARNING - /Users/DE32/.pyenv/versions/3.11.9/envs/note/lib/python3.11/site-packages/airflow/utils/context.py:212 AirflowContextDeprecationWarning: Accessing 'prev_execution_date' from the template is deprecated and will be removed in a future version.
[2024-07-24T14:19:02.460+0900] {taskinstance.py:2648} INFO - Exporting env vars: AIRFLOW_CTX_DAG_OWNER='airflow' AIRFLOW_CTX_DAG_ID='simple_bash' AIRFLOW_CTX_TASK_ID='print.date' AIRFLOW_CTX_EXECUTION_DATE='2024-07-14T00:00:00+00:00' AIRFLOW_CTX_TRY_NUMBER='1' AIRFLOW_CTX_DAG_RUN_ID='scheduled__2024-07-14T00:00:00+00:00'
[2024-07-24T14:19:02.461+0900] {taskinstance.py:430} INFO - ::endgroup::
[2024-07-24T14:19:02.467+0900] {subprocess.py:63} INFO - Tmp dir root location: /var/folders/qv/0knwm5h50ml0skpppwpbks_r0000gp/T
[2024-07-24T14:19:02.467+0900] {subprocess.py:75} INFO - Running command: ['/bin/bash', '-c', '\n            echo "date => `date`"\n            echo "ds => 2024-07-14"\n            echo "ds_nodash => 20240714"\n            echo "logical_date => 2024-07-14 00:00:00+00:00"\n            echo "logical_date => 2024-07-14 00:00:00"\n            echo "execution_date => 2024-07-14 00:00:00+00:00"\n            echo "execution_date => 2024-07-14 00:00:00"\n            echo "next_execution_date => 2024-07-15 00:00:00"\n            echo "prev_execution_date => 2024-07-13 00:00:00"\n            echo "ts => 2024-07-14T00:00:00+00:00"\n        ']
[2024-07-24T14:19:02.470+0900] {subprocess.py:86} INFO - Output:
[2024-07-24T14:19:02.473+0900] {subprocess.py:93} INFO - date => 2024년 7월 24일 수요일 14시 19분 02초 KST
[2024-07-24T14:19:02.473+0900] {subprocess.py:93} INFO - ds => 2024-07-14
[2024-07-24T14:19:02.474+0900] {subprocess.py:93} INFO - ds_nodash => 20240714
[2024-07-24T14:19:02.474+0900] {subprocess.py:93} INFO - logical_date => 2024-07-14 00:00:00+00:00
[2024-07-24T14:19:02.474+0900] {subprocess.py:93} INFO - logical_date => 2024-07-14 00:00:00
[2024-07-24T14:19:02.474+0900] {subprocess.py:93} INFO - execution_date => 2024-07-14 00:00:00+00:00
[2024-07-24T14:19:02.474+0900] {subprocess.py:93} INFO - execution_date => 2024-07-14 00:00:00
[2024-07-24T14:19:02.474+0900] {subprocess.py:93} INFO - next_execution_date => 2024-07-15 00:00:00
[2024-07-24T14:19:02.475+0900] {subprocess.py:93} INFO - prev_execution_date => 2024-07-13 00:00:00
[2024-07-24T14:19:02.475+0900] {subprocess.py:93} INFO - ts => 2024-07-14T00:00:00+00:00
[2024-07-24T14:19:02.475+0900] {subprocess.py:97} INFO - Command exited with return code 0
[2024-07-24T14:19:02.475+0900] {taskinstance.py:441} INFO - ::group::Post task execution logs
[2024-07-24T14:19:02.481+0900] {taskinstance.py:1206} INFO - Marking task as SUCCESS. dag_id=simple_bash, task_id=print.date, run_id=scheduled__2024-07-14T00:00:00+00:00, execution_date=20240714T000000, start_date=20240724T051902, end_date=20240724T051902
[2024-07-24T14:19:02.525+0900] {local_task_job_runner.py:243} INFO - Task exited with return code 0
[2024-07-24T14:19:02.534+0900] {taskinstance.py:3503} INFO - 1 downstream tasks scheduled from follow-on schedule check
[2024-07-24T14:19:02.535+0900] {local_task_job_runner.py:222} INFO - ::endgroup::
