[2024-07-31T19:24:47.155+0900] {local_task_job_runner.py:120} INFO - ::group::Pre task execution logs
[2024-07-31T19:24:47.165+0900] {taskinstance.py:2076} INFO - Dependencies all met for dep_context=non-requeueable deps ti=<TaskInstance: movie.nation.f scheduled__2024-07-25T02:10:00+00:00 [queued]>
[2024-07-31T19:24:47.168+0900] {taskinstance.py:2076} INFO - Dependencies all met for dep_context=requeueable deps ti=<TaskInstance: movie.nation.f scheduled__2024-07-25T02:10:00+00:00 [queued]>
[2024-07-31T19:24:47.168+0900] {taskinstance.py:2306} INFO - Starting attempt 4 of 5
[2024-07-31T19:24:47.174+0900] {taskinstance.py:2330} INFO - Executing <Task(PythonVirtualenvOperator): nation.f> on 2024-07-25 02:10:00+00:00
[2024-07-31T19:24:47.176+0900] {standard_task_runner.py:64} INFO - Started process 30989 to run task
[2024-07-31T19:24:47.179+0900] {standard_task_runner.py:90} INFO - Running: ['airflow', 'tasks', 'run', 'movie', 'nation.f', 'scheduled__2024-07-25T02:10:00+00:00', '--job-id', '917', '--raw', '--subdir', 'DAGS_FOLDER/movie.py', '--cfg-path', '/var/folders/qv/0knwm5h50ml0skpppwpbks_r0000gp/T/tmpuyabyaqi']
[2024-07-31T19:24:47.181+0900] {standard_task_runner.py:91} INFO - Job 917: Subtask nation.f
[2024-07-31T19:24:47.197+0900] {task_command.py:426} INFO - Running <TaskInstance: movie.nation.f scheduled__2024-07-25T02:10:00+00:00 [running]> on host jeongui-MacBookPro.local
[2024-07-31T19:24:47.224+0900] {taskinstance.py:2648} INFO - Exporting env vars: AIRFLOW_CTX_DAG_OWNER='airflow' AIRFLOW_CTX_DAG_ID='movie' AIRFLOW_CTX_TASK_ID='nation.f' AIRFLOW_CTX_EXECUTION_DATE='2024-07-25T02:10:00+00:00' AIRFLOW_CTX_TRY_NUMBER='4' AIRFLOW_CTX_DAG_RUN_ID='scheduled__2024-07-25T02:10:00+00:00'
[2024-07-31T19:24:47.224+0900] {taskinstance.py:430} INFO - ::endgroup::
[2024-07-31T19:24:47.232+0900] {baseoperator.py:400} WARNING - PythonVirtualenvOperator.execute cannot be called outside TaskInstance!
[2024-07-31T19:24:47.233+0900] {process_utils.py:183} INFO - Executing cmd: /Users/DE32/.pyenv/versions/3.11.9/envs/note/bin/python -m virtualenv /var/folders/qv/0knwm5h50ml0skpppwpbks_r0000gp/T/venvl3696rzn --python=python
[2024-07-31T19:24:47.235+0900] {process_utils.py:187} INFO - Output:
[2024-07-31T19:24:47.542+0900] {process_utils.py:191} INFO - created virtual environment CPython3.11.9.final.0-64 in 206ms
[2024-07-31T19:24:47.543+0900] {process_utils.py:191} INFO -   creator CPython3Posix(dest=/private/var/folders/qv/0knwm5h50ml0skpppwpbks_r0000gp/T/venvl3696rzn, clear=False, no_vcs_ignore=False, global=False)
[2024-07-31T19:24:47.543+0900] {process_utils.py:191} INFO -   seeder FromAppData(download=False, pip=bundle, setuptools=bundle, wheel=bundle, via=copy, app_data_dir=/Users/DE32/Library/Application Support/virtualenv)
[2024-07-31T19:24:47.543+0900] {process_utils.py:191} INFO -     added seed packages: pip==24.1.2, setuptools==70.2.0, wheel==0.43.0
[2024-07-31T19:24:47.543+0900] {process_utils.py:191} INFO -   activators BashActivator,CShellActivator,FishActivator,NushellActivator,PowerShellActivator,PythonActivator
[2024-07-31T19:24:47.555+0900] {process_utils.py:183} INFO - Executing cmd: /var/folders/qv/0knwm5h50ml0skpppwpbks_r0000gp/T/venvl3696rzn/bin/pip install -r /var/folders/qv/0knwm5h50ml0skpppwpbks_r0000gp/T/venvl3696rzn/requirements.txt
[2024-07-31T19:24:47.557+0900] {process_utils.py:187} INFO - Output:
[2024-07-31T19:24:48.381+0900] {process_utils.py:191} INFO - Collecting git+https://github.com/Jeonghoon2/movie.git@0.2/api (from -r /var/folders/qv/0knwm5h50ml0skpppwpbks_r0000gp/T/venvl3696rzn/requirements.txt (line 1))
[2024-07-31T19:24:48.381+0900] {process_utils.py:191} INFO -   Cloning https://github.com/Jeonghoon2/movie.git (to revision 0.2/api) to /private/var/folders/qv/0knwm5h50ml0skpppwpbks_r0000gp/T/pip-req-build-g_j0i05b
[2024-07-31T19:24:48.394+0900] {process_utils.py:191} INFO -   Running command git clone --filter=blob:none --quiet https://github.com/Jeonghoon2/movie.git /private/var/folders/qv/0knwm5h50ml0skpppwpbks_r0000gp/T/pip-req-build-g_j0i05b
[2024-07-31T19:24:49.847+0900] {process_utils.py:191} INFO -   Running command git checkout -b 0.2/api --track origin/0.2/api
[2024-07-31T19:24:50.524+0900] {process_utils.py:191} INFO -   Switched to a new branch '0.2/api'
[2024-07-31T19:24:50.525+0900] {process_utils.py:191} INFO -   branch '0.2/api' set up to track 'origin/0.2/api'.
[2024-07-31T19:24:50.525+0900] {process_utils.py:191} INFO -   Resolved https://github.com/Jeonghoon2/movie.git to commit c2fdd392ce95b386519b05b3bab786608cdb1c58
[2024-07-31T19:24:50.549+0900] {process_utils.py:191} INFO -   Installing build dependencies: started
[2024-07-31T19:24:51.460+0900] {process_utils.py:191} INFO -   Installing build dependencies: finished with status 'done'
[2024-07-31T19:24:51.460+0900] {process_utils.py:191} INFO -   Getting requirements to build wheel: started
[2024-07-31T19:24:51.584+0900] {process_utils.py:191} INFO -   Getting requirements to build wheel: finished with status 'done'
[2024-07-31T19:24:51.585+0900] {process_utils.py:191} INFO -   Preparing metadata (pyproject.toml): started
[2024-07-31T19:24:51.711+0900] {process_utils.py:191} INFO -   Preparing metadata (pyproject.toml): finished with status 'done'
[2024-07-31T19:24:51.776+0900] {process_utils.py:191} INFO - Collecting requests>=2.32.3 (from mov==0.1.0->-r /var/folders/qv/0knwm5h50ml0skpppwpbks_r0000gp/T/venvl3696rzn/requirements.txt (line 1))
[2024-07-31T19:24:51.778+0900] {process_utils.py:191} INFO -   Using cached requests-2.32.3-py3-none-any.whl.metadata (4.6 kB)
[2024-07-31T19:24:51.842+0900] {process_utils.py:191} INFO - Collecting pandas>=2.2.2 (from mov==0.1.0->-r /var/folders/qv/0knwm5h50ml0skpppwpbks_r0000gp/T/venvl3696rzn/requirements.txt (line 1))
[2024-07-31T19:24:51.844+0900] {process_utils.py:191} INFO -   Using cached pandas-2.2.2-cp311-cp311-macosx_11_0_arm64.whl.metadata (19 kB)
[2024-07-31T19:24:51.944+0900] {process_utils.py:191} INFO - Collecting numpy>=2.0.1 (from mov==0.1.0->-r /var/folders/qv/0knwm5h50ml0skpppwpbks_r0000gp/T/venvl3696rzn/requirements.txt (line 1))
[2024-07-31T19:24:51.945+0900] {process_utils.py:191} INFO -   Using cached numpy-2.0.1-cp311-cp311-macosx_14_0_arm64.whl.metadata (60 kB)
[2024-07-31T19:24:51.993+0900] {process_utils.py:191} INFO - Collecting pyarrow>=17.0.0 (from mov==0.1.0->-r /var/folders/qv/0knwm5h50ml0skpppwpbks_r0000gp/T/venvl3696rzn/requirements.txt (line 1))
[2024-07-31T19:24:51.994+0900] {process_utils.py:191} INFO -   Using cached pyarrow-17.0.0-cp311-cp311-macosx_11_0_arm64.whl.metadata (3.3 kB)
[2024-07-31T19:24:52.014+0900] {process_utils.py:191} INFO - Collecting python-dateutil>=2.8.2 (from pandas>=2.2.2->mov==0.1.0->-r /var/folders/qv/0knwm5h50ml0skpppwpbks_r0000gp/T/venvl3696rzn/requirements.txt (line 1))
[2024-07-31T19:24:52.015+0900] {process_utils.py:191} INFO -   Using cached python_dateutil-2.9.0.post0-py2.py3-none-any.whl.metadata (8.4 kB)
[2024-07-31T19:24:52.043+0900] {process_utils.py:191} INFO - Collecting pytz>=2020.1 (from pandas>=2.2.2->mov==0.1.0->-r /var/folders/qv/0knwm5h50ml0skpppwpbks_r0000gp/T/venvl3696rzn/requirements.txt (line 1))
[2024-07-31T19:24:52.044+0900] {process_utils.py:191} INFO -   Using cached pytz-2024.1-py2.py3-none-any.whl.metadata (22 kB)
[2024-07-31T19:24:52.057+0900] {process_utils.py:191} INFO - Collecting tzdata>=2022.7 (from pandas>=2.2.2->mov==0.1.0->-r /var/folders/qv/0knwm5h50ml0skpppwpbks_r0000gp/T/venvl3696rzn/requirements.txt (line 1))
[2024-07-31T19:24:52.058+0900] {process_utils.py:191} INFO -   Using cached tzdata-2024.1-py2.py3-none-any.whl.metadata (1.4 kB)
[2024-07-31T19:24:52.103+0900] {process_utils.py:191} INFO - Collecting charset-normalizer<4,>=2 (from requests>=2.32.3->mov==0.1.0->-r /var/folders/qv/0knwm5h50ml0skpppwpbks_r0000gp/T/venvl3696rzn/requirements.txt (line 1))
[2024-07-31T19:24:52.103+0900] {process_utils.py:191} INFO -   Using cached charset_normalizer-3.3.2-cp311-cp311-macosx_11_0_arm64.whl.metadata (33 kB)
[2024-07-31T19:24:52.120+0900] {process_utils.py:191} INFO - Collecting idna<4,>=2.5 (from requests>=2.32.3->mov==0.1.0->-r /var/folders/qv/0knwm5h50ml0skpppwpbks_r0000gp/T/venvl3696rzn/requirements.txt (line 1))
[2024-07-31T19:24:52.120+0900] {process_utils.py:191} INFO -   Using cached idna-3.7-py3-none-any.whl.metadata (9.9 kB)
[2024-07-31T19:24:52.146+0900] {process_utils.py:191} INFO - Collecting urllib3<3,>=1.21.1 (from requests>=2.32.3->mov==0.1.0->-r /var/folders/qv/0knwm5h50ml0skpppwpbks_r0000gp/T/venvl3696rzn/requirements.txt (line 1))
[2024-07-31T19:24:52.147+0900] {process_utils.py:191} INFO -   Using cached urllib3-2.2.2-py3-none-any.whl.metadata (6.4 kB)
[2024-07-31T19:24:52.162+0900] {process_utils.py:191} INFO - Collecting certifi>=2017.4.17 (from requests>=2.32.3->mov==0.1.0->-r /var/folders/qv/0knwm5h50ml0skpppwpbks_r0000gp/T/venvl3696rzn/requirements.txt (line 1))
[2024-07-31T19:24:52.163+0900] {process_utils.py:191} INFO -   Using cached certifi-2024.7.4-py3-none-any.whl.metadata (2.2 kB)
[2024-07-31T19:24:52.189+0900] {process_utils.py:191} INFO - Collecting six>=1.5 (from python-dateutil>=2.8.2->pandas>=2.2.2->mov==0.1.0->-r /var/folders/qv/0knwm5h50ml0skpppwpbks_r0000gp/T/venvl3696rzn/requirements.txt (line 1))
[2024-07-31T19:24:52.190+0900] {process_utils.py:191} INFO -   Using cached six-1.16.0-py2.py3-none-any.whl.metadata (1.8 kB)
[2024-07-31T19:24:52.193+0900] {process_utils.py:191} INFO - Using cached numpy-2.0.1-cp311-cp311-macosx_14_0_arm64.whl (5.3 MB)
[2024-07-31T19:24:52.199+0900] {process_utils.py:191} INFO - Using cached pandas-2.2.2-cp311-cp311-macosx_11_0_arm64.whl (11.3 MB)
[2024-07-31T19:24:52.211+0900] {process_utils.py:191} INFO - Using cached pyarrow-17.0.0-cp311-cp311-macosx_11_0_arm64.whl (27.2 MB)
[2024-07-31T19:24:52.237+0900] {process_utils.py:191} INFO - Using cached requests-2.32.3-py3-none-any.whl (64 kB)
[2024-07-31T19:24:52.238+0900] {process_utils.py:191} INFO - Using cached certifi-2024.7.4-py3-none-any.whl (162 kB)
[2024-07-31T19:24:52.239+0900] {process_utils.py:191} INFO - Using cached charset_normalizer-3.3.2-cp311-cp311-macosx_11_0_arm64.whl (118 kB)
[2024-07-31T19:24:52.240+0900] {process_utils.py:191} INFO - Using cached idna-3.7-py3-none-any.whl (66 kB)
[2024-07-31T19:24:52.241+0900] {process_utils.py:191} INFO - Using cached python_dateutil-2.9.0.post0-py2.py3-none-any.whl (229 kB)
[2024-07-31T19:24:52.242+0900] {process_utils.py:191} INFO - Using cached pytz-2024.1-py2.py3-none-any.whl (505 kB)
[2024-07-31T19:24:52.243+0900] {process_utils.py:191} INFO - Using cached tzdata-2024.1-py2.py3-none-any.whl (345 kB)
[2024-07-31T19:24:52.244+0900] {process_utils.py:191} INFO - Using cached urllib3-2.2.2-py3-none-any.whl (121 kB)
[2024-07-31T19:24:52.245+0900] {process_utils.py:191} INFO - Using cached six-1.16.0-py2.py3-none-any.whl (11 kB)
[2024-07-31T19:24:52.286+0900] {process_utils.py:191} INFO - Building wheels for collected packages: mov
[2024-07-31T19:24:52.301+0900] {process_utils.py:191} INFO -   Building wheel for mov (pyproject.toml): started
[2024-07-31T19:24:52.442+0900] {process_utils.py:191} INFO -   Building wheel for mov (pyproject.toml): finished with status 'done'
[2024-07-31T19:24:52.443+0900] {process_utils.py:191} INFO -   Created wheel for mov: filename=mov-0.1.0-py3-none-any.whl size=3056 sha256=044ae21edaaf91895e176aa7e105cbf1bcbb6de15e9d71806228d8eb03ba2328
[2024-07-31T19:24:52.443+0900] {process_utils.py:191} INFO -   Stored in directory: /private/var/folders/qv/0knwm5h50ml0skpppwpbks_r0000gp/T/pip-ephem-wheel-cache-an7xk9s8/wheels/cf/ab/a7/d0c528d20fa8a5f19e169bdf1d98f2b2cefe79d8527bb89200
[2024-07-31T19:24:52.444+0900] {process_utils.py:191} INFO - Successfully built mov
[2024-07-31T19:24:52.472+0900] {process_utils.py:191} INFO - Installing collected packages: pytz, urllib3, tzdata, six, numpy, idna, charset-normalizer, certifi, requests, python-dateutil, pyarrow, pandas, mov
[2024-07-31T19:24:57.017+0900] {process_utils.py:191} INFO - Successfully installed certifi-2024.7.4 charset-normalizer-3.3.2 idna-3.7 mov-0.1.0 numpy-2.0.1 pandas-2.2.2 pyarrow-17.0.0 python-dateutil-2.9.0.post0 pytz-2024.1 requests-2.32.3 six-1.16.0 tzdata-2024.1 urllib3-2.2.2
[2024-07-31T19:24:57.021+0900] {process_utils.py:191} INFO - 
[2024-07-31T19:24:57.021+0900] {process_utils.py:191} INFO - [notice] A new release of pip is available: 24.1.2 -> 24.2
[2024-07-31T19:24:57.021+0900] {process_utils.py:191} INFO - [notice] To update, run: python -m pip install --upgrade pip
[2024-07-31T19:24:57.155+0900] {logging_mixin.py:188} WARNING - /Users/DE32/.pyenv/versions/3.11.9/envs/note/lib/python3.11/site-packages/airflow/utils/context.py:212 AirflowContextDeprecationWarning: Accessing 'next_ds' from the template is deprecated and will be removed in a future version. Please use '{{ data_interval_end | ds }}' instead.
[2024-07-31T19:24:57.155+0900] {logging_mixin.py:188} WARNING - /Users/DE32/.pyenv/versions/3.11.9/envs/note/lib/python3.11/site-packages/airflow/utils/context.py:212 AirflowContextDeprecationWarning: Accessing 'next_ds_nodash' from the template is deprecated and will be removed in a future version. Please use '{{ data_interval_end | ds_nodash }}' instead.
[2024-07-31T19:24:57.155+0900] {logging_mixin.py:188} WARNING - /Users/DE32/.pyenv/versions/3.11.9/envs/note/lib/python3.11/site-packages/airflow/utils/context.py:212 AirflowContextDeprecationWarning: Accessing 'prev_ds' from the template is deprecated and will be removed in a future version.
[2024-07-31T19:24:57.156+0900] {logging_mixin.py:188} WARNING - /Users/DE32/.pyenv/versions/3.11.9/envs/note/lib/python3.11/site-packages/airflow/utils/context.py:212 AirflowContextDeprecationWarning: Accessing 'prev_ds_nodash' from the template is deprecated and will be removed in a future version.
[2024-07-31T19:24:57.156+0900] {logging_mixin.py:188} WARNING - /Users/DE32/.pyenv/versions/3.11.9/envs/note/lib/python3.11/site-packages/airflow/utils/context.py:212 AirflowContextDeprecationWarning: Accessing 'tomorrow_ds' from the template is deprecated and will be removed in a future version.
[2024-07-31T19:24:57.157+0900] {logging_mixin.py:188} WARNING - /Users/DE32/.pyenv/versions/3.11.9/envs/note/lib/python3.11/site-packages/airflow/utils/context.py:212 AirflowContextDeprecationWarning: Accessing 'tomorrow_ds_nodash' from the template is deprecated and will be removed in a future version.
[2024-07-31T19:24:57.157+0900] {logging_mixin.py:188} WARNING - /Users/DE32/.pyenv/versions/3.11.9/envs/note/lib/python3.11/site-packages/airflow/utils/context.py:212 AirflowContextDeprecationWarning: Accessing 'yesterday_ds' from the template is deprecated and will be removed in a future version.
[2024-07-31T19:24:57.157+0900] {logging_mixin.py:188} WARNING - /Users/DE32/.pyenv/versions/3.11.9/envs/note/lib/python3.11/site-packages/airflow/utils/context.py:212 AirflowContextDeprecationWarning: Accessing 'yesterday_ds_nodash' from the template is deprecated and will be removed in a future version.
[2024-07-31T19:24:57.161+0900] {process_utils.py:183} INFO - Executing cmd: /var/folders/qv/0knwm5h50ml0skpppwpbks_r0000gp/T/venvl3696rzn/bin/python /var/folders/qv/0knwm5h50ml0skpppwpbks_r0000gp/T/venv-callymx_un4o/script.py /var/folders/qv/0knwm5h50ml0skpppwpbks_r0000gp/T/venv-callymx_un4o/script.in /var/folders/qv/0knwm5h50ml0skpppwpbks_r0000gp/T/venv-callymx_un4o/script.out /var/folders/qv/0knwm5h50ml0skpppwpbks_r0000gp/T/venv-callymx_un4o/string_args.txt /var/folders/qv/0knwm5h50ml0skpppwpbks_r0000gp/T/venv-callymx_un4o/termination.log
[2024-07-31T19:24:57.163+0900] {process_utils.py:187} INFO - Output:
[2024-07-31T19:25:10.979+0900] {process_utils.py:191} INFO - {'boxOfficeResult': {'boxofficeType': '일별 박스오피스', 'showRange': '20120101~20120101', 'dailyBoxOfficeList': [{'rnum': '1', 'rank': '1', 'rankInten': '0', 'rankOldAndNew': 'OLD', 'movieCd': '20112207', 'movieNm': '미션임파서블:고스트프로토콜', 'openDt': '2011-12-15', 'salesAmt': '2776060500', 'salesShare': '50.9', 'salesInten': '-415699000', 'salesChange': '-13', 'salesAcc': '40541108500', 'audiCnt': '353274', 'audiInten': '-60106', 'audiChange': '-14.5', 'audiAcc': '5328435', 'scrnCnt': '697', 'showCnt': '3223'}, {'rnum': '2', 'rank': '2', 'rankInten': '0', 'rankOldAndNew': 'OLD', 'movieCd': '20112621', 'movieNm': '셜록홈즈 : 그림자 게임', 'openDt': '2011-12-21', 'salesAmt': '1176022500', 'salesShare': '21.6', 'salesInten': '-210328500', 'salesChange': '-15.2', 'salesAcc': '10678327500', 'audiCnt': '153004', 'audiInten': '-31283', 'audiChange': '-17', 'audiAcc': '1442861', 'scrnCnt': '360', 'showCnt': '1832'}, {'rnum': '3', 'rank': '3', 'rankInten': '0', 'rankOldAndNew': 'OLD', 'movieCd': '20113271', 'movieNm': '프렌즈: 몬스터섬의비밀 ', 'openDt': '2011-12-29', 'salesAmt': '436753500', 'salesShare': '8.0', 'salesInten': '-89051000', 'salesChange': '-16.9', 'salesAcc': '1523037000', 'audiCnt': '55092', 'audiInten': '-15568', 'audiChange': '-22', 'audiAcc': '202909', 'scrnCnt': '290', 'showCnt': '838'}, {'rnum': '4', 'rank': '4', 'rankInten': '0', 'rankOldAndNew': 'OLD', 'movieCd': '19940256', 'movieNm': '라이온 킹', 'openDt': '1994-07-02', 'salesAmt': '507115500', 'salesShare': '9.3', 'salesInten': '-114593500', 'salesChange': '-18.4', 'salesAcc': '1841625000', 'audiCnt': '45750', 'audiInten': '-11699', 'audiChange': '-20.4', 'audiAcc': '171285', 'scrnCnt': '244', 'showCnt': '895'}, {'rnum': '5', 'rank': '5', 'rankInten': '0', 'rankOldAndNew': 'OLD', 'movieCd': '20112709', 'movieNm': '극장판 포켓몬스터 베스트 위시「비크티니와 백의 영웅 레시라무」', 'openDt': '2011-12-22', 'salesAmt': '167809500', 'salesShare': '3.1', 'salesInten': '-45900500', 'salesChange': '-21.5', 'salesAcc': '1897120000', 'audiCnt': '24202', 'audiInten': '-7756', 'audiChange': '-24.3', 'audiAcc': '285959', 'scrnCnt': '186', 'showCnt': '348'}, {'rnum': '6', 'rank': '6', 'rankInten': '0', 'rankOldAndNew': 'OLD', 'movieCd': '20113311', 'movieNm': '앨빈과 슈퍼밴드3', 'openDt': '2011-12-15', 'salesAmt': '137030000', 'salesShare': '2.5', 'salesInten': '-35408000', 'salesChange': '-20.5', 'salesAcc': '3416675000', 'audiCnt': '19729', 'audiInten': '-6461', 'audiChange': '-24.7', 'audiAcc': '516289', 'scrnCnt': '169', 'showCnt': '359'}, {'rnum': '7', 'rank': '7', 'rankInten': '0', 'rankOldAndNew': 'OLD', 'movieCd': '20112708', 'movieNm': '극장판 포켓몬스터 베스트 위시 「비크티니와 흑의 영웅 제크로무」', 'openDt': '2011-12-22', 'salesAmt': '125535500', 'salesShare': '2.3', 'salesInten': '-40756000', 'salesChange': '-24.5', 'salesAcc': '1595695000', 'audiCnt': '17817', 'audiInten': '-6554', 'audiChange': '-26.9', 'audiAcc': '235070', 'scrnCnt': '175', 'showCnt': '291'}, {'rnum': '8', 'rank': '8', 'rankInten': '0', 'rankOldAndNew': 'OLD', 'movieCd': '20112542', 'movieNm': '틴틴 : 유니콘호의 비밀', 'openDt': '2011-12-07', 'salesAmt': '34852500', 'salesShare': '0.6', 'salesInten': '-6294500', 'salesChange': '-15.3', 'salesAcc': '6681381000', 'audiCnt': '4533', 'audiInten': '-1092', 'audiChange': '-19.4', 'audiAcc': '807789', 'scrnCnt': '56', 'showCnt': '85'}, {'rnum': '9', 'rank': '9', 'rankInten': '0', 'rankOldAndNew': 'OLD', 'movieCd': '20113471', 'movieNm': '오페라의 유령 : 25주년 특별 공연', 'openDt': ' ', 'salesAmt': '49801000', 'salesShare': '0.9', 'salesInten': '-3626000', 'salesChange': '-6.8', 'salesAcc': '634149000', 'audiCnt': '2528', 'audiInten': '-176', 'audiChange': '-6.5', 'audiAcc': '32383', 'scrnCnt': '23', 'showCnt': '27'}, {'rnum': '10', 'rank': '10', 'rankInten': '0', 'rankOldAndNew': 'OLD', 'movieCd': '20113473', 'movieNm': '진짜로 일어날지도 몰라 기적', 'openDt': '2011-12-22', 'salesAmt': '11717500', 'salesShare': '0.2', 'salesInten': '-4310000', 'salesChange': '-26.9', 'salesAcc': '124681500', 'audiCnt': '1405', 'audiInten': '-542', 'audiChange': '-27.8', 'audiAcc': '16328', 'scrnCnt': '17', 'showCnt': '31'}]}}
[2024-07-31T19:25:10.980+0900] {process_utils.py:191} INFO - partitioning List : ['load_dt', 'repNationCd']
[2024-07-31T19:25:10.980+0900] {process_utils.py:191} INFO -   rnum rank rankInten rankOldAndNew  ... scrnCnt showCnt   load_dt repNationCd
[2024-07-31T19:25:10.981+0900] {process_utils.py:191} INFO - 0    1    1         0           OLD  ...     697    3223  20120101           F
[2024-07-31T19:25:10.981+0900] {process_utils.py:191} INFO - 1    2    2         0           OLD  ...     360    1832  20120101           F
[2024-07-31T19:25:10.981+0900] {process_utils.py:191} INFO - 2    3    3         0           OLD  ...     290     838  20120101           F
[2024-07-31T19:25:10.981+0900] {process_utils.py:191} INFO - 3    4    4         0           OLD  ...     244     895  20120101           F
[2024-07-31T19:25:10.981+0900] {process_utils.py:191} INFO - 4    5    5         0           OLD  ...     186     348  20120101           F
[2024-07-31T19:25:10.982+0900] {process_utils.py:191} INFO - 5    6    6         0           OLD  ...     169     359  20120101           F
[2024-07-31T19:25:10.982+0900] {process_utils.py:191} INFO - 6    7    7         0           OLD  ...     175     291  20120101           F
[2024-07-31T19:25:10.982+0900] {process_utils.py:191} INFO - 7    8    8         0           OLD  ...      56      85  20120101           F
[2024-07-31T19:25:10.982+0900] {process_utils.py:191} INFO - 8    9    9         0           OLD  ...      23      27  20120101           F
[2024-07-31T19:25:10.982+0900] {process_utils.py:191} INFO - 9   10   10         0           OLD  ...      17      31  20120101           F
[2024-07-31T19:25:10.982+0900] {process_utils.py:191} INFO - 
[2024-07-31T19:25:10.983+0900] {process_utils.py:191} INFO - [10 rows x 20 columns]
[2024-07-31T19:25:11.457+0900] {python.py:237} INFO - Done. Returned value was: None
[2024-07-31T19:25:11.458+0900] {taskinstance.py:441} INFO - ::group::Post task execution logs
[2024-07-31T19:25:11.462+0900] {taskinstance.py:1206} INFO - Marking task as SUCCESS. dag_id=movie, task_id=nation.f, run_id=scheduled__2024-07-25T02:10:00+00:00, execution_date=20240725T021000, start_date=20240731T102447, end_date=20240731T102511
[2024-07-31T19:25:11.514+0900] {local_task_job_runner.py:243} INFO - Task exited with return code 0
[2024-07-31T19:25:11.522+0900] {taskinstance.py:3503} INFO - 0 downstream tasks scheduled from follow-on schedule check
[2024-07-31T19:25:11.522+0900] {local_task_job_runner.py:222} INFO - ::endgroup::
