[2024-07-31T19:39:29.241+0900] {local_task_job_runner.py:120} INFO - ::group::Pre task execution logs
[2024-07-31T19:39:29.252+0900] {taskinstance.py:2076} INFO - Dependencies all met for dep_context=non-requeueable deps ti=<TaskInstance: movie.nation.f scheduled__2024-07-25T02:10:00+00:00 [queued]>
[2024-07-31T19:39:29.256+0900] {taskinstance.py:2076} INFO - Dependencies all met for dep_context=requeueable deps ti=<TaskInstance: movie.nation.f scheduled__2024-07-25T02:10:00+00:00 [queued]>
[2024-07-31T19:39:29.256+0900] {taskinstance.py:2306} INFO - Starting attempt 5 of 6
[2024-07-31T19:39:29.262+0900] {taskinstance.py:2330} INFO - Executing <Task(PythonVirtualenvOperator): nation.f> on 2024-07-25 02:10:00+00:00
[2024-07-31T19:39:29.265+0900] {standard_task_runner.py:64} INFO - Started process 32622 to run task
[2024-07-31T19:39:29.268+0900] {standard_task_runner.py:90} INFO - Running: ['airflow', 'tasks', 'run', 'movie', 'nation.f', 'scheduled__2024-07-25T02:10:00+00:00', '--job-id', '947', '--raw', '--subdir', 'DAGS_FOLDER/movie.py', '--cfg-path', '/var/folders/qv/0knwm5h50ml0skpppwpbks_r0000gp/T/tmp6xzhu90t']
[2024-07-31T19:39:29.269+0900] {standard_task_runner.py:91} INFO - Job 947: Subtask nation.f
[2024-07-31T19:39:29.284+0900] {task_command.py:426} INFO - Running <TaskInstance: movie.nation.f scheduled__2024-07-25T02:10:00+00:00 [running]> on host jeongui-MacBookPro.local
[2024-07-31T19:39:29.306+0900] {taskinstance.py:2648} INFO - Exporting env vars: AIRFLOW_CTX_DAG_OWNER='airflow' AIRFLOW_CTX_DAG_ID='movie' AIRFLOW_CTX_TASK_ID='nation.f' AIRFLOW_CTX_EXECUTION_DATE='2024-07-25T02:10:00+00:00' AIRFLOW_CTX_TRY_NUMBER='5' AIRFLOW_CTX_DAG_RUN_ID='scheduled__2024-07-25T02:10:00+00:00'
[2024-07-31T19:39:29.306+0900] {taskinstance.py:430} INFO - ::endgroup::
[2024-07-31T19:39:29.312+0900] {baseoperator.py:400} WARNING - PythonVirtualenvOperator.execute cannot be called outside TaskInstance!
[2024-07-31T19:39:29.312+0900] {process_utils.py:183} INFO - Executing cmd: /Users/DE32/.pyenv/versions/3.11.9/envs/note/bin/python -m virtualenv /var/folders/qv/0knwm5h50ml0skpppwpbks_r0000gp/T/venvw6f_itdt --python=python
[2024-07-31T19:39:29.314+0900] {process_utils.py:187} INFO - Output:
[2024-07-31T19:39:29.549+0900] {process_utils.py:191} INFO - created virtual environment CPython3.11.9.final.0-64 in 167ms
[2024-07-31T19:39:29.550+0900] {process_utils.py:191} INFO -   creator CPython3Posix(dest=/private/var/folders/qv/0knwm5h50ml0skpppwpbks_r0000gp/T/venvw6f_itdt, clear=False, no_vcs_ignore=False, global=False)
[2024-07-31T19:39:29.550+0900] {process_utils.py:191} INFO -   seeder FromAppData(download=False, pip=bundle, setuptools=bundle, wheel=bundle, via=copy, app_data_dir=/Users/DE32/Library/Application Support/virtualenv)
[2024-07-31T19:39:29.550+0900] {process_utils.py:191} INFO -     added seed packages: pip==24.1.2, setuptools==70.2.0, wheel==0.43.0
[2024-07-31T19:39:29.550+0900] {process_utils.py:191} INFO -   activators BashActivator,CShellActivator,FishActivator,NushellActivator,PowerShellActivator,PythonActivator
[2024-07-31T19:39:29.561+0900] {process_utils.py:183} INFO - Executing cmd: /var/folders/qv/0knwm5h50ml0skpppwpbks_r0000gp/T/venvw6f_itdt/bin/pip install -r /var/folders/qv/0knwm5h50ml0skpppwpbks_r0000gp/T/venvw6f_itdt/requirements.txt
[2024-07-31T19:39:29.563+0900] {process_utils.py:187} INFO - Output:
[2024-07-31T19:39:30.285+0900] {process_utils.py:191} INFO - Collecting git+https://github.com/Jeonghoon2/movie.git@0.2/api (from -r /var/folders/qv/0knwm5h50ml0skpppwpbks_r0000gp/T/venvw6f_itdt/requirements.txt (line 1))
[2024-07-31T19:39:30.286+0900] {process_utils.py:191} INFO -   Cloning https://github.com/Jeonghoon2/movie.git (to revision 0.2/api) to /private/var/folders/qv/0knwm5h50ml0skpppwpbks_r0000gp/T/pip-req-build-wpxg0uao
[2024-07-31T19:39:30.298+0900] {process_utils.py:191} INFO -   Running command git clone --filter=blob:none --quiet https://github.com/Jeonghoon2/movie.git /private/var/folders/qv/0knwm5h50ml0skpppwpbks_r0000gp/T/pip-req-build-wpxg0uao
[2024-07-31T19:39:31.801+0900] {process_utils.py:191} INFO -   Running command git checkout -b 0.2/api --track origin/0.2/api
[2024-07-31T19:39:32.491+0900] {process_utils.py:191} INFO -   Switched to a new branch '0.2/api'
[2024-07-31T19:39:32.492+0900] {process_utils.py:191} INFO -   branch '0.2/api' set up to track 'origin/0.2/api'.
[2024-07-31T19:39:32.493+0900] {process_utils.py:191} INFO -   Resolved https://github.com/Jeonghoon2/movie.git to commit c2fdd392ce95b386519b05b3bab786608cdb1c58
[2024-07-31T19:39:32.514+0900] {process_utils.py:191} INFO -   Installing build dependencies: started
[2024-07-31T19:39:33.396+0900] {process_utils.py:191} INFO -   Installing build dependencies: finished with status 'done'
[2024-07-31T19:39:33.397+0900] {process_utils.py:191} INFO -   Getting requirements to build wheel: started
[2024-07-31T19:39:33.520+0900] {process_utils.py:191} INFO -   Getting requirements to build wheel: finished with status 'done'
[2024-07-31T19:39:33.521+0900] {process_utils.py:191} INFO -   Preparing metadata (pyproject.toml): started
[2024-07-31T19:39:33.646+0900] {process_utils.py:191} INFO -   Preparing metadata (pyproject.toml): finished with status 'done'
[2024-07-31T19:39:33.706+0900] {process_utils.py:191} INFO - Collecting requests>=2.32.3 (from mov==0.1.0->-r /var/folders/qv/0knwm5h50ml0skpppwpbks_r0000gp/T/venvw6f_itdt/requirements.txt (line 1))
[2024-07-31T19:39:33.707+0900] {process_utils.py:191} INFO -   Using cached requests-2.32.3-py3-none-any.whl.metadata (4.6 kB)
[2024-07-31T19:39:33.771+0900] {process_utils.py:191} INFO - Collecting pandas>=2.2.2 (from mov==0.1.0->-r /var/folders/qv/0knwm5h50ml0skpppwpbks_r0000gp/T/venvw6f_itdt/requirements.txt (line 1))
[2024-07-31T19:39:33.772+0900] {process_utils.py:191} INFO -   Using cached pandas-2.2.2-cp311-cp311-macosx_11_0_arm64.whl.metadata (19 kB)
[2024-07-31T19:39:33.870+0900] {process_utils.py:191} INFO - Collecting numpy>=2.0.1 (from mov==0.1.0->-r /var/folders/qv/0knwm5h50ml0skpppwpbks_r0000gp/T/venvw6f_itdt/requirements.txt (line 1))
[2024-07-31T19:39:33.871+0900] {process_utils.py:191} INFO -   Using cached numpy-2.0.1-cp311-cp311-macosx_14_0_arm64.whl.metadata (60 kB)
[2024-07-31T19:39:33.918+0900] {process_utils.py:191} INFO - Collecting pyarrow>=17.0.0 (from mov==0.1.0->-r /var/folders/qv/0knwm5h50ml0skpppwpbks_r0000gp/T/venvw6f_itdt/requirements.txt (line 1))
[2024-07-31T19:39:33.919+0900] {process_utils.py:191} INFO -   Using cached pyarrow-17.0.0-cp311-cp311-macosx_11_0_arm64.whl.metadata (3.3 kB)
[2024-07-31T19:39:33.938+0900] {process_utils.py:191} INFO - Collecting python-dateutil>=2.8.2 (from pandas>=2.2.2->mov==0.1.0->-r /var/folders/qv/0knwm5h50ml0skpppwpbks_r0000gp/T/venvw6f_itdt/requirements.txt (line 1))
[2024-07-31T19:39:33.939+0900] {process_utils.py:191} INFO -   Using cached python_dateutil-2.9.0.post0-py2.py3-none-any.whl.metadata (8.4 kB)
[2024-07-31T19:39:33.967+0900] {process_utils.py:191} INFO - Collecting pytz>=2020.1 (from pandas>=2.2.2->mov==0.1.0->-r /var/folders/qv/0knwm5h50ml0skpppwpbks_r0000gp/T/venvw6f_itdt/requirements.txt (line 1))
[2024-07-31T19:39:33.968+0900] {process_utils.py:191} INFO -   Using cached pytz-2024.1-py2.py3-none-any.whl.metadata (22 kB)
[2024-07-31T19:39:33.983+0900] {process_utils.py:191} INFO - Collecting tzdata>=2022.7 (from pandas>=2.2.2->mov==0.1.0->-r /var/folders/qv/0knwm5h50ml0skpppwpbks_r0000gp/T/venvw6f_itdt/requirements.txt (line 1))
[2024-07-31T19:39:33.984+0900] {process_utils.py:191} INFO -   Using cached tzdata-2024.1-py2.py3-none-any.whl.metadata (1.4 kB)
[2024-07-31T19:39:34.026+0900] {process_utils.py:191} INFO - Collecting charset-normalizer<4,>=2 (from requests>=2.32.3->mov==0.1.0->-r /var/folders/qv/0knwm5h50ml0skpppwpbks_r0000gp/T/venvw6f_itdt/requirements.txt (line 1))
[2024-07-31T19:39:34.027+0900] {process_utils.py:191} INFO -   Using cached charset_normalizer-3.3.2-cp311-cp311-macosx_11_0_arm64.whl.metadata (33 kB)
[2024-07-31T19:39:34.044+0900] {process_utils.py:191} INFO - Collecting idna<4,>=2.5 (from requests>=2.32.3->mov==0.1.0->-r /var/folders/qv/0knwm5h50ml0skpppwpbks_r0000gp/T/venvw6f_itdt/requirements.txt (line 1))
[2024-07-31T19:39:34.045+0900] {process_utils.py:191} INFO -   Using cached idna-3.7-py3-none-any.whl.metadata (9.9 kB)
[2024-07-31T19:39:34.079+0900] {process_utils.py:191} INFO - Collecting urllib3<3,>=1.21.1 (from requests>=2.32.3->mov==0.1.0->-r /var/folders/qv/0knwm5h50ml0skpppwpbks_r0000gp/T/venvw6f_itdt/requirements.txt (line 1))
[2024-07-31T19:39:34.080+0900] {process_utils.py:191} INFO -   Using cached urllib3-2.2.2-py3-none-any.whl.metadata (6.4 kB)
[2024-07-31T19:39:34.107+0900] {process_utils.py:191} INFO - Collecting certifi>=2017.4.17 (from requests>=2.32.3->mov==0.1.0->-r /var/folders/qv/0knwm5h50ml0skpppwpbks_r0000gp/T/venvw6f_itdt/requirements.txt (line 1))
[2024-07-31T19:39:34.108+0900] {process_utils.py:191} INFO -   Using cached certifi-2024.7.4-py3-none-any.whl.metadata (2.2 kB)
[2024-07-31T19:39:34.121+0900] {process_utils.py:191} INFO - Collecting six>=1.5 (from python-dateutil>=2.8.2->pandas>=2.2.2->mov==0.1.0->-r /var/folders/qv/0knwm5h50ml0skpppwpbks_r0000gp/T/venvw6f_itdt/requirements.txt (line 1))
[2024-07-31T19:39:34.121+0900] {process_utils.py:191} INFO -   Using cached six-1.16.0-py2.py3-none-any.whl.metadata (1.8 kB)
[2024-07-31T19:39:34.124+0900] {process_utils.py:191} INFO - Using cached numpy-2.0.1-cp311-cp311-macosx_14_0_arm64.whl (5.3 MB)
[2024-07-31T19:39:34.130+0900] {process_utils.py:191} INFO - Using cached pandas-2.2.2-cp311-cp311-macosx_11_0_arm64.whl (11.3 MB)
[2024-07-31T19:39:34.142+0900] {process_utils.py:191} INFO - Using cached pyarrow-17.0.0-cp311-cp311-macosx_11_0_arm64.whl (27.2 MB)
[2024-07-31T19:39:34.222+0900] {process_utils.py:191} INFO - Using cached requests-2.32.3-py3-none-any.whl (64 kB)
[2024-07-31T19:39:34.223+0900] {process_utils.py:191} INFO - Using cached certifi-2024.7.4-py3-none-any.whl (162 kB)
[2024-07-31T19:39:34.224+0900] {process_utils.py:191} INFO - Using cached charset_normalizer-3.3.2-cp311-cp311-macosx_11_0_arm64.whl (118 kB)
[2024-07-31T19:39:34.225+0900] {process_utils.py:191} INFO - Using cached idna-3.7-py3-none-any.whl (66 kB)
[2024-07-31T19:39:34.226+0900] {process_utils.py:191} INFO - Using cached python_dateutil-2.9.0.post0-py2.py3-none-any.whl (229 kB)
[2024-07-31T19:39:34.227+0900] {process_utils.py:191} INFO - Using cached pytz-2024.1-py2.py3-none-any.whl (505 kB)
[2024-07-31T19:39:34.228+0900] {process_utils.py:191} INFO - Using cached tzdata-2024.1-py2.py3-none-any.whl (345 kB)
[2024-07-31T19:39:34.229+0900] {process_utils.py:191} INFO - Using cached urllib3-2.2.2-py3-none-any.whl (121 kB)
[2024-07-31T19:39:34.230+0900] {process_utils.py:191} INFO - Using cached six-1.16.0-py2.py3-none-any.whl (11 kB)
[2024-07-31T19:39:34.273+0900] {process_utils.py:191} INFO - Building wheels for collected packages: mov
[2024-07-31T19:39:34.286+0900] {process_utils.py:191} INFO -   Building wheel for mov (pyproject.toml): started
[2024-07-31T19:39:34.421+0900] {process_utils.py:191} INFO -   Building wheel for mov (pyproject.toml): finished with status 'done'
[2024-07-31T19:39:34.422+0900] {process_utils.py:191} INFO -   Created wheel for mov: filename=mov-0.1.0-py3-none-any.whl size=3056 sha256=6e0991d25bce103f6b229cbfe7a5a01f181df814ee9c46c803986c8e19055d9c
[2024-07-31T19:39:34.422+0900] {process_utils.py:191} INFO -   Stored in directory: /private/var/folders/qv/0knwm5h50ml0skpppwpbks_r0000gp/T/pip-ephem-wheel-cache-df130j__/wheels/cf/ab/a7/d0c528d20fa8a5f19e169bdf1d98f2b2cefe79d8527bb89200
[2024-07-31T19:39:34.423+0900] {process_utils.py:191} INFO - Successfully built mov
[2024-07-31T19:39:34.451+0900] {process_utils.py:191} INFO - Installing collected packages: pytz, urllib3, tzdata, six, numpy, idna, charset-normalizer, certifi, requests, python-dateutil, pyarrow, pandas, mov
[2024-07-31T19:39:39.142+0900] {process_utils.py:191} INFO - Successfully installed certifi-2024.7.4 charset-normalizer-3.3.2 idna-3.7 mov-0.1.0 numpy-2.0.1 pandas-2.2.2 pyarrow-17.0.0 python-dateutil-2.9.0.post0 pytz-2024.1 requests-2.32.3 six-1.16.0 tzdata-2024.1 urllib3-2.2.2
[2024-07-31T19:39:39.144+0900] {process_utils.py:191} INFO - 
[2024-07-31T19:39:39.145+0900] {process_utils.py:191} INFO - [notice] A new release of pip is available: 24.1.2 -> 24.2
[2024-07-31T19:39:39.145+0900] {process_utils.py:191} INFO - [notice] To update, run: python -m pip install --upgrade pip
[2024-07-31T19:39:39.277+0900] {logging_mixin.py:188} WARNING - /Users/DE32/.pyenv/versions/3.11.9/envs/note/lib/python3.11/site-packages/airflow/utils/context.py:212 AirflowContextDeprecationWarning: Accessing 'next_ds' from the template is deprecated and will be removed in a future version. Please use '{{ data_interval_end | ds }}' instead.
[2024-07-31T19:39:39.277+0900] {logging_mixin.py:188} WARNING - /Users/DE32/.pyenv/versions/3.11.9/envs/note/lib/python3.11/site-packages/airflow/utils/context.py:212 AirflowContextDeprecationWarning: Accessing 'next_ds_nodash' from the template is deprecated and will be removed in a future version. Please use '{{ data_interval_end | ds_nodash }}' instead.
[2024-07-31T19:39:39.278+0900] {logging_mixin.py:188} WARNING - /Users/DE32/.pyenv/versions/3.11.9/envs/note/lib/python3.11/site-packages/airflow/utils/context.py:212 AirflowContextDeprecationWarning: Accessing 'prev_ds' from the template is deprecated and will be removed in a future version.
[2024-07-31T19:39:39.278+0900] {logging_mixin.py:188} WARNING - /Users/DE32/.pyenv/versions/3.11.9/envs/note/lib/python3.11/site-packages/airflow/utils/context.py:212 AirflowContextDeprecationWarning: Accessing 'prev_ds_nodash' from the template is deprecated and will be removed in a future version.
[2024-07-31T19:39:39.278+0900] {logging_mixin.py:188} WARNING - /Users/DE32/.pyenv/versions/3.11.9/envs/note/lib/python3.11/site-packages/airflow/utils/context.py:212 AirflowContextDeprecationWarning: Accessing 'tomorrow_ds' from the template is deprecated and will be removed in a future version.
[2024-07-31T19:39:39.279+0900] {logging_mixin.py:188} WARNING - /Users/DE32/.pyenv/versions/3.11.9/envs/note/lib/python3.11/site-packages/airflow/utils/context.py:212 AirflowContextDeprecationWarning: Accessing 'tomorrow_ds_nodash' from the template is deprecated and will be removed in a future version.
[2024-07-31T19:39:39.279+0900] {logging_mixin.py:188} WARNING - /Users/DE32/.pyenv/versions/3.11.9/envs/note/lib/python3.11/site-packages/airflow/utils/context.py:212 AirflowContextDeprecationWarning: Accessing 'yesterday_ds' from the template is deprecated and will be removed in a future version.
[2024-07-31T19:39:39.280+0900] {logging_mixin.py:188} WARNING - /Users/DE32/.pyenv/versions/3.11.9/envs/note/lib/python3.11/site-packages/airflow/utils/context.py:212 AirflowContextDeprecationWarning: Accessing 'yesterday_ds_nodash' from the template is deprecated and will be removed in a future version.
[2024-07-31T19:39:39.283+0900] {process_utils.py:183} INFO - Executing cmd: /var/folders/qv/0knwm5h50ml0skpppwpbks_r0000gp/T/venvw6f_itdt/bin/python /var/folders/qv/0knwm5h50ml0skpppwpbks_r0000gp/T/venv-call1moet0i4/script.py /var/folders/qv/0knwm5h50ml0skpppwpbks_r0000gp/T/venv-call1moet0i4/script.in /var/folders/qv/0knwm5h50ml0skpppwpbks_r0000gp/T/venv-call1moet0i4/script.out /var/folders/qv/0knwm5h50ml0skpppwpbks_r0000gp/T/venv-call1moet0i4/string_args.txt /var/folders/qv/0knwm5h50ml0skpppwpbks_r0000gp/T/venv-call1moet0i4/termination.log
[2024-07-31T19:39:39.285+0900] {process_utils.py:187} INFO - Output:
[2024-07-31T19:39:56.932+0900] {process_utils.py:191} INFO - {'boxOfficeResult': {'boxofficeType': '일별 박스오피스', 'showRange': '20240725~20240725', 'dailyBoxOfficeList': [{'rnum': '1', 'rank': '1', 'rankInten': '0', 'rankOldAndNew': 'OLD', 'movieCd': '20247781', 'movieNm': '데드풀과 울버린', 'openDt': '2024-07-24', 'salesAmt': '1344445878', 'salesShare': '58.1', 'salesInten': '-1012444419', 'salesChange': '-43', 'salesAcc': '3729131175', 'audiCnt': '131665', 'audiInten': '-98461', 'audiChange': '-42.8', 'audiAcc': '363426', 'scrnCnt': '1908', 'showCnt': '8054'}, {'rnum': '2', 'rank': '2', 'rankInten': '0', 'rankOldAndNew': 'OLD', 'movieCd': '20247440', 'movieNm': '슈퍼배드 4', 'openDt': '2024-07-24', 'salesAmt': '483981249', 'salesShare': '20.9', 'salesInten': '-180006940', 'salesChange': '-27.1', 'salesAcc': '2155987776', 'audiCnt': '53655', 'audiInten': '-19690', 'audiChange': '-26.8', 'audiAcc': '231946', 'scrnCnt': '997', 'showCnt': '3750'}, {'rnum': '3', 'rank': '3', 'rankInten': '1', 'rankOldAndNew': 'OLD', 'movieCd': '20235974', 'movieNm': '인사이드 아웃 2', 'openDt': '2024-06-12', 'salesAmt': '191810106', 'salesShare': '8.3', 'salesInten': '27746483', 'salesChange': '16.9', 'salesAcc': '78378437964', 'audiCnt': '20542', 'audiInten': '3083', 'audiChange': '17.7', 'audiAcc': '8151936', 'scrnCnt': '639', 'showCnt': '1191'}, {'rnum': '4', 'rank': '4', 'rankInten': '-1', 'rankOldAndNew': 'OLD', 'movieCd': '20240983', 'movieNm': '명탐정 코난: 100만 달러의 펜타그램', 'openDt': '2024-07-17', 'salesAmt': '180717774', 'salesShare': '7.8', 'salesInten': '-109841213', 'salesChange': '-37.8', 'salesAcc': '4776943053', 'audiCnt': '19378', 'audiInten': '-12440', 'audiChange': '-39.1', 'audiAcc': '484329', 'scrnCnt': '620', 'showCnt': '1246'}, {'rnum': '5', 'rank': '5', 'rankInten': '5', 'rankOldAndNew': 'OLD', 'movieCd': '20241343', 'movieNm': '우마무스메 프리티 더비 새로운 시대의 문', 'openDt': '2024-07-11', 'salesAmt': '32392771', 'salesShare': '1.4', 'salesInten': '27766571', 'salesChange': '600.2', 'salesAcc': '396228587', 'audiCnt': '3251', 'audiInten': '2818', 'audiChange': '650.8', 'audiAcc': '36810', 'scrnCnt': '77', 'showCnt': '93'}, {'rnum': '6', 'rank': '6', 'rankInten': '-1', 'rankOldAndNew': 'OLD', 'movieCd': '20235926', 'movieNm': '퍼펙트 데이즈', 'openDt': '2024-07-03', 'salesAmt': '17094339', 'salesShare': '0.7', 'salesInten': '2354800', 'salesChange': '16', 'salesAcc': '538716002', 'audiCnt': '1861', 'audiInten': '204', 'audiChange': '12.3', 'audiAcc': '57087', 'scrnCnt': '52', 'showCnt': '65'}, {'rnum': '7', 'rank': '7', 'rankInten': '1', 'rankOldAndNew': 'OLD', 'movieCd': '20240850', 'movieNm': '극장판 도라에몽: 진구의 지구 교향곡', 'openDt': '2024-07-10', 'salesAmt': '7010800', 'salesShare': '0.3', 'salesInten': '2601600', 'salesChange': '59', 'salesAcc': '566033900', 'audiCnt': '856', 'audiInten': '332', 'audiChange': '63.4', 'audiAcc': '65438', 'scrnCnt': '104', 'showCnt': '109'}, {'rnum': '8', 'rank': '8', 'rankInten': '-2', 'rankOldAndNew': 'OLD', 'movieCd': '19960126', 'movieNm': '비포 선라이즈', 'openDt': '1996-03-30', 'salesAmt': '7395639', 'salesShare': '0.3', 'salesInten': '-1142039', 'salesChange': '-13.4', 'salesAcc': '633718759', 'audiCnt': '780', 'audiInten': '-114', 'audiChange': '-12.8', 'audiAcc': '74699', 'scrnCnt': '39', 'showCnt': '49'}, {'rnum': '9', 'rank': '9', 'rankInten': '9', 'rankOldAndNew': 'OLD', 'movieCd': '20240781', 'movieNm': '플라이 미 투 더 문', 'openDt': '2024-07-12', 'salesAmt': '5738339', 'salesShare': '0.2', 'salesInten': '4443639', 'salesChange': '343.2', 'salesAcc': '391854437', 'audiCnt': '648', 'audiInten': '492', 'audiChange': '315.4', 'audiAcc': '42151', 'scrnCnt': '24', 'showCnt': '28'}, {'rnum': '10', 'rank': '10', 'rankInten': '0', 'rankOldAndNew': 'NEW', 'movieCd': '20241708', 'movieNm': '물은 바다를 향해 흐른다', 'openDt': '2024-08-07', 'salesAmt': '4572000', 'salesShare': '0.2', 'salesInten': '4572000', 'salesChange': '100', 'salesAcc': '4572000', 'audiCnt': '508', 'audiInten': '508', 'audiChange': '100', 'audiAcc': '508', 'scrnCnt': '3', 'showCnt': '3'}]}}
[2024-07-31T19:39:56.933+0900] {process_utils.py:191} INFO - partitioning List : ['load_dt', 'repNationCd']
[2024-07-31T19:39:56.933+0900] {process_utils.py:191} INFO -   rnum rank rankInten rankOldAndNew  ... scrnCnt showCnt   load_dt repNationCd
[2024-07-31T19:39:56.933+0900] {process_utils.py:191} INFO - 0    1    1         0           OLD  ...    1908    8054  20240725           F
[2024-07-31T19:39:56.934+0900] {process_utils.py:191} INFO - 1    2    2         0           OLD  ...     997    3750  20240725           F
[2024-07-31T19:39:56.934+0900] {process_utils.py:191} INFO - 2    3    3         1           OLD  ...     639    1191  20240725           F
[2024-07-31T19:39:56.935+0900] {process_utils.py:191} INFO - 3    4    4        -1           OLD  ...     620    1246  20240725           F
[2024-07-31T19:39:56.935+0900] {process_utils.py:191} INFO - 4    5    5         5           OLD  ...      77      93  20240725           F
[2024-07-31T19:39:56.935+0900] {process_utils.py:191} INFO - 5    6    6        -1           OLD  ...      52      65  20240725           F
[2024-07-31T19:39:56.935+0900] {process_utils.py:191} INFO - 6    7    7         1           OLD  ...     104     109  20240725           F
[2024-07-31T19:39:56.936+0900] {process_utils.py:191} INFO - 7    8    8        -2           OLD  ...      39      49  20240725           F
[2024-07-31T19:39:56.936+0900] {process_utils.py:191} INFO - 8    9    9         9           OLD  ...      24      28  20240725           F
[2024-07-31T19:39:56.936+0900] {process_utils.py:191} INFO - 9   10   10         0           NEW  ...       3       3  20240725           F
[2024-07-31T19:39:56.937+0900] {process_utils.py:191} INFO - 
[2024-07-31T19:39:56.937+0900] {process_utils.py:191} INFO - [10 rows x 20 columns]
[2024-07-31T19:39:57.390+0900] {python.py:237} INFO - Done. Returned value was: None
[2024-07-31T19:39:57.390+0900] {taskinstance.py:441} INFO - ::group::Post task execution logs
[2024-07-31T19:39:57.394+0900] {taskinstance.py:1206} INFO - Marking task as SUCCESS. dag_id=movie, task_id=nation.f, run_id=scheduled__2024-07-25T02:10:00+00:00, execution_date=20240725T021000, start_date=20240731T103929, end_date=20240731T103957
[2024-07-31T19:39:57.430+0900] {local_task_job_runner.py:243} INFO - Task exited with return code 0
[2024-07-31T19:39:57.438+0900] {taskinstance.py:3503} INFO - 0 downstream tasks scheduled from follow-on schedule check
[2024-07-31T19:39:57.438+0900] {local_task_job_runner.py:222} INFO - ::endgroup::
