[2024-07-24T14:07:20.595+0900] {local_task_job_runner.py:120} INFO - ::group::Pre task execution logs
[2024-07-24T14:07:20.603+0900] {taskinstance.py:2076} INFO - Dependencies all met for dep_context=non-requeueable deps ti=<TaskInstance: simple_bash.cut.log scheduled__2024-07-13T00:00:00+00:00 [queued]>
[2024-07-24T14:07:20.606+0900] {taskinstance.py:2076} INFO - Dependencies all met for dep_context=requeueable deps ti=<TaskInstance: simple_bash.cut.log scheduled__2024-07-13T00:00:00+00:00 [queued]>
[2024-07-24T14:07:20.606+0900] {taskinstance.py:2306} INFO - Starting attempt 1 of 2
[2024-07-24T14:07:20.610+0900] {taskinstance.py:2330} INFO - Executing <Task(BashOperator): cut.log> on 2024-07-13 00:00:00+00:00
[2024-07-24T14:07:20.612+0900] {standard_task_runner.py:64} INFO - Started process 89519 to run task
[2024-07-24T14:07:20.615+0900] {standard_task_runner.py:90} INFO - Running: ['airflow', 'tasks', 'run', 'simple_bash', 'cut.log', 'scheduled__2024-07-13T00:00:00+00:00', '--job-id', '13', '--raw', '--subdir', 'DAGS_FOLDER/simple_bash.py', '--cfg-path', '/var/folders/qv/0knwm5h50ml0skpppwpbks_r0000gp/T/tmpa13uu1b0']
[2024-07-24T14:07:20.616+0900] {standard_task_runner.py:91} INFO - Job 13: Subtask cut.log
[2024-07-24T14:07:20.630+0900] {task_command.py:426} INFO - Running <TaskInstance: simple_bash.cut.log scheduled__2024-07-13T00:00:00+00:00 [running]> on host jeongui-MacBookPro.local
[2024-07-24T14:07:20.651+0900] {taskinstance.py:2648} INFO - Exporting env vars: AIRFLOW_CTX_DAG_OWNER='airflow' AIRFLOW_CTX_DAG_ID='simple_bash' AIRFLOW_CTX_TASK_ID='cut.log' AIRFLOW_CTX_EXECUTION_DATE='2024-07-13T00:00:00+00:00' AIRFLOW_CTX_TRY_NUMBER='1' AIRFLOW_CTX_DAG_RUN_ID='scheduled__2024-07-13T00:00:00+00:00'
[2024-07-24T14:07:20.651+0900] {taskinstance.py:430} INFO - ::endgroup::
[2024-07-24T14:07:20.657+0900] {subprocess.py:63} INFO - Tmp dir root location: /var/folders/qv/0knwm5h50ml0skpppwpbks_r0000gp/T
[2024-07-24T14:07:20.657+0900] {subprocess.py:75} INFO - Running command: ['/bin/bash', '-c', '\n            echo "cut"\n\t\t\tmkdir -p ~/data/cut/20240713\n\t\t\tcat ~/data/20240713/*.log | cut -d\' \' -f1 | sort | uniq -c | sort >> ~/data/cut/20240713/cut.log\n        ']
[2024-07-24T14:07:20.660+0900] {subprocess.py:86} INFO - Output:
[2024-07-24T14:07:20.661+0900] {subprocess.py:93} INFO - cut
[2024-07-24T14:07:20.664+0900] {subprocess.py:93} INFO - cut: stdin: Illegal byte sequence
[2024-07-24T14:07:20.666+0900] {subprocess.py:97} INFO - Command exited with return code 0
[2024-07-24T14:07:20.666+0900] {taskinstance.py:441} INFO - ::group::Post task execution logs
[2024-07-24T14:07:20.672+0900] {taskinstance.py:1206} INFO - Marking task as SUCCESS. dag_id=simple_bash, task_id=cut.log, run_id=scheduled__2024-07-13T00:00:00+00:00, execution_date=20240713T000000, start_date=20240724T050720, end_date=20240724T050720
[2024-07-24T14:07:20.676+0900] {local_task_job_runner.py:243} INFO - Task exited with return code 0
[2024-07-24T14:07:20.684+0900] {taskinstance.py:3503} INFO - 1 downstream tasks scheduled from follow-on schedule check
[2024-07-24T14:07:20.685+0900] {local_task_job_runner.py:222} INFO - ::endgroup::
[2024-07-24T14:19:32.555+0900] {local_task_job_runner.py:120} INFO - ::group::Pre task execution logs
[2024-07-24T14:19:32.562+0900] {taskinstance.py:2076} INFO - Dependencies all met for dep_context=non-requeueable deps ti=<TaskInstance: simple_bash.cut.log scheduled__2024-07-13T00:00:00+00:00 [queued]>
[2024-07-24T14:19:32.565+0900] {taskinstance.py:2076} INFO - Dependencies all met for dep_context=requeueable deps ti=<TaskInstance: simple_bash.cut.log scheduled__2024-07-13T00:00:00+00:00 [queued]>
[2024-07-24T14:19:32.565+0900] {taskinstance.py:2306} INFO - Starting attempt 1 of 1
[2024-07-24T14:19:32.569+0900] {taskinstance.py:2330} INFO - Executing <Task(BashOperator): cut.log> on 2024-07-13 00:00:00+00:00
[2024-07-24T14:19:32.571+0900] {standard_task_runner.py:64} INFO - Started process 90666 to run task
[2024-07-24T14:19:32.574+0900] {standard_task_runner.py:90} INFO - Running: ['airflow', 'tasks', 'run', 'simple_bash', 'cut.log', 'scheduled__2024-07-13T00:00:00+00:00', '--job-id', '109', '--raw', '--subdir', 'DAGS_FOLDER/simple_bash.py', '--cfg-path', '/var/folders/qv/0knwm5h50ml0skpppwpbks_r0000gp/T/tmp90d7n7je']
[2024-07-24T14:19:32.575+0900] {standard_task_runner.py:91} INFO - Job 109: Subtask cut.log
[2024-07-24T14:19:32.588+0900] {task_command.py:426} INFO - Running <TaskInstance: simple_bash.cut.log scheduled__2024-07-13T00:00:00+00:00 [running]> on host jeongui-MacBookPro.local
[2024-07-24T14:19:32.610+0900] {taskinstance.py:2648} INFO - Exporting env vars: AIRFLOW_CTX_DAG_OWNER='airflow' AIRFLOW_CTX_DAG_ID='simple_bash' AIRFLOW_CTX_TASK_ID='cut.log' AIRFLOW_CTX_EXECUTION_DATE='2024-07-13T00:00:00+00:00' AIRFLOW_CTX_TRY_NUMBER='1' AIRFLOW_CTX_DAG_RUN_ID='scheduled__2024-07-13T00:00:00+00:00'
[2024-07-24T14:19:32.611+0900] {taskinstance.py:430} INFO - ::endgroup::
[2024-07-24T14:19:32.617+0900] {subprocess.py:63} INFO - Tmp dir root location: /var/folders/qv/0knwm5h50ml0skpppwpbks_r0000gp/T
[2024-07-24T14:19:32.617+0900] {subprocess.py:75} INFO - Running command: ['/bin/bash', '-c', '\n            echo "cut"\n\t\t\tLANG=C\n\t\t\tmkdir -p ~/data/cut/20240713\n\t\t\tcat ~/data/20240713/*.log | cut -d\' \' -f1 > ~/data/cut/20240713/cut.log\n        ']
[2024-07-24T14:19:32.620+0900] {subprocess.py:86} INFO - Output:
[2024-07-24T14:19:32.622+0900] {subprocess.py:93} INFO - cut
[2024-07-24T14:19:32.625+0900] {subprocess.py:97} INFO - Command exited with return code 0
[2024-07-24T14:19:32.626+0900] {taskinstance.py:441} INFO - ::group::Post task execution logs
[2024-07-24T14:19:32.632+0900] {taskinstance.py:1206} INFO - Marking task as SUCCESS. dag_id=simple_bash, task_id=cut.log, run_id=scheduled__2024-07-13T00:00:00+00:00, execution_date=20240713T000000, start_date=20240724T051932, end_date=20240724T051932
[2024-07-24T14:19:32.680+0900] {local_task_job_runner.py:243} INFO - Task exited with return code 0
[2024-07-24T14:19:32.690+0900] {taskinstance.py:3503} INFO - 1 downstream tasks scheduled from follow-on schedule check
[2024-07-24T14:19:32.691+0900] {local_task_job_runner.py:222} INFO - ::endgroup::
