[2024-07-31T19:49:49.827+0900] {local_task_job_runner.py:120} INFO - ::group::Pre task execution logs
[2024-07-31T19:49:49.838+0900] {taskinstance.py:2076} INFO - Dependencies all met for dep_context=non-requeueable deps ti=<TaskInstance: movie.nation.k scheduled__2024-07-28T02:10:00+00:00 [queued]>
[2024-07-31T19:49:49.841+0900] {taskinstance.py:2076} INFO - Dependencies all met for dep_context=requeueable deps ti=<TaskInstance: movie.nation.k scheduled__2024-07-28T02:10:00+00:00 [queued]>
[2024-07-31T19:49:49.841+0900] {taskinstance.py:2306} INFO - Starting attempt 2 of 3
[2024-07-31T19:49:49.847+0900] {taskinstance.py:2330} INFO - Executing <Task(PythonVirtualenvOperator): nation.k> on 2024-07-28 02:10:00+00:00
[2024-07-31T19:49:49.850+0900] {standard_task_runner.py:64} INFO - Started process 33203 to run task
[2024-07-31T19:49:49.852+0900] {standard_task_runner.py:90} INFO - Running: ['airflow', 'tasks', 'run', 'movie', 'nation.k', 'scheduled__2024-07-28T02:10:00+00:00', '--job-id', '976', '--raw', '--subdir', 'DAGS_FOLDER/movie.py', '--cfg-path', '/var/folders/qv/0knwm5h50ml0skpppwpbks_r0000gp/T/tmp3scvbfc_']
[2024-07-31T19:49:49.854+0900] {standard_task_runner.py:91} INFO - Job 976: Subtask nation.k
[2024-07-31T19:49:49.868+0900] {task_command.py:426} INFO - Running <TaskInstance: movie.nation.k scheduled__2024-07-28T02:10:00+00:00 [running]> on host jeongui-MacBookPro.local
[2024-07-31T19:49:49.889+0900] {taskinstance.py:2648} INFO - Exporting env vars: AIRFLOW_CTX_DAG_OWNER='airflow' AIRFLOW_CTX_DAG_ID='movie' AIRFLOW_CTX_TASK_ID='nation.k' AIRFLOW_CTX_EXECUTION_DATE='2024-07-28T02:10:00+00:00' AIRFLOW_CTX_TRY_NUMBER='2' AIRFLOW_CTX_DAG_RUN_ID='scheduled__2024-07-28T02:10:00+00:00'
[2024-07-31T19:49:49.890+0900] {taskinstance.py:430} INFO - ::endgroup::
[2024-07-31T19:49:49.895+0900] {baseoperator.py:400} WARNING - PythonVirtualenvOperator.execute cannot be called outside TaskInstance!
[2024-07-31T19:49:49.895+0900] {process_utils.py:183} INFO - Executing cmd: /Users/DE32/.pyenv/versions/3.11.9/envs/note/bin/python -m virtualenv /var/folders/qv/0knwm5h50ml0skpppwpbks_r0000gp/T/venv_2n00q9m --python=python
[2024-07-31T19:49:49.897+0900] {process_utils.py:187} INFO - Output:
[2024-07-31T19:49:50.071+0900] {process_utils.py:191} INFO - created virtual environment CPython3.11.9.final.0-64 in 116ms
[2024-07-31T19:49:50.071+0900] {process_utils.py:191} INFO -   creator CPython3Posix(dest=/private/var/folders/qv/0knwm5h50ml0skpppwpbks_r0000gp/T/venv_2n00q9m, clear=False, no_vcs_ignore=False, global=False)
[2024-07-31T19:49:50.072+0900] {process_utils.py:191} INFO -   seeder FromAppData(download=False, pip=bundle, setuptools=bundle, wheel=bundle, via=copy, app_data_dir=/Users/DE32/Library/Application Support/virtualenv)
[2024-07-31T19:49:50.072+0900] {process_utils.py:191} INFO -     added seed packages: pip==24.1.2, setuptools==70.2.0, wheel==0.43.0
[2024-07-31T19:49:50.072+0900] {process_utils.py:191} INFO -   activators BashActivator,CShellActivator,FishActivator,NushellActivator,PowerShellActivator,PythonActivator
[2024-07-31T19:49:50.083+0900] {process_utils.py:183} INFO - Executing cmd: /var/folders/qv/0knwm5h50ml0skpppwpbks_r0000gp/T/venv_2n00q9m/bin/pip install -r /var/folders/qv/0knwm5h50ml0skpppwpbks_r0000gp/T/venv_2n00q9m/requirements.txt
[2024-07-31T19:49:50.084+0900] {process_utils.py:187} INFO - Output:
[2024-07-31T19:49:50.803+0900] {process_utils.py:191} INFO - Collecting git+https://github.com/Jeonghoon2/movie.git@0.2/api (from -r /var/folders/qv/0knwm5h50ml0skpppwpbks_r0000gp/T/venv_2n00q9m/requirements.txt (line 1))
[2024-07-31T19:49:50.804+0900] {process_utils.py:191} INFO -   Cloning https://github.com/Jeonghoon2/movie.git (to revision 0.2/api) to /private/var/folders/qv/0knwm5h50ml0skpppwpbks_r0000gp/T/pip-req-build-7pa_u8zv
[2024-07-31T19:49:50.815+0900] {process_utils.py:191} INFO -   Running command git clone --filter=blob:none --quiet https://github.com/Jeonghoon2/movie.git /private/var/folders/qv/0knwm5h50ml0skpppwpbks_r0000gp/T/pip-req-build-7pa_u8zv
[2024-07-31T19:49:52.128+0900] {process_utils.py:191} INFO -   Running command git checkout -b 0.2/api --track origin/0.2/api
[2024-07-31T19:49:52.714+0900] {process_utils.py:191} INFO -   Switched to a new branch '0.2/api'
[2024-07-31T19:49:52.715+0900] {process_utils.py:191} INFO -   branch '0.2/api' set up to track 'origin/0.2/api'.
[2024-07-31T19:49:52.715+0900] {process_utils.py:191} INFO -   Resolved https://github.com/Jeonghoon2/movie.git to commit c2fdd392ce95b386519b05b3bab786608cdb1c58
[2024-07-31T19:49:52.738+0900] {process_utils.py:191} INFO -   Installing build dependencies: started
[2024-07-31T19:49:53.625+0900] {process_utils.py:191} INFO -   Installing build dependencies: finished with status 'done'
[2024-07-31T19:49:53.626+0900] {process_utils.py:191} INFO -   Getting requirements to build wheel: started
[2024-07-31T19:49:53.747+0900] {process_utils.py:191} INFO -   Getting requirements to build wheel: finished with status 'done'
[2024-07-31T19:49:53.748+0900] {process_utils.py:191} INFO -   Preparing metadata (pyproject.toml): started
[2024-07-31T19:49:53.872+0900] {process_utils.py:191} INFO -   Preparing metadata (pyproject.toml): finished with status 'done'
[2024-07-31T19:49:53.928+0900] {process_utils.py:191} INFO - Collecting requests>=2.32.3 (from mov==0.1.0->-r /var/folders/qv/0knwm5h50ml0skpppwpbks_r0000gp/T/venv_2n00q9m/requirements.txt (line 1))
[2024-07-31T19:49:53.929+0900] {process_utils.py:191} INFO -   Using cached requests-2.32.3-py3-none-any.whl.metadata (4.6 kB)
[2024-07-31T19:49:53.993+0900] {process_utils.py:191} INFO - Collecting pandas>=2.2.2 (from mov==0.1.0->-r /var/folders/qv/0knwm5h50ml0skpppwpbks_r0000gp/T/venv_2n00q9m/requirements.txt (line 1))
[2024-07-31T19:49:53.994+0900] {process_utils.py:191} INFO -   Using cached pandas-2.2.2-cp311-cp311-macosx_11_0_arm64.whl.metadata (19 kB)
[2024-07-31T19:49:54.099+0900] {process_utils.py:191} INFO - Collecting numpy>=2.0.1 (from mov==0.1.0->-r /var/folders/qv/0knwm5h50ml0skpppwpbks_r0000gp/T/venv_2n00q9m/requirements.txt (line 1))
[2024-07-31T19:49:54.100+0900] {process_utils.py:191} INFO -   Using cached numpy-2.0.1-cp311-cp311-macosx_14_0_arm64.whl.metadata (60 kB)
[2024-07-31T19:49:54.146+0900] {process_utils.py:191} INFO - Collecting pyarrow>=17.0.0 (from mov==0.1.0->-r /var/folders/qv/0knwm5h50ml0skpppwpbks_r0000gp/T/venv_2n00q9m/requirements.txt (line 1))
[2024-07-31T19:49:54.147+0900] {process_utils.py:191} INFO -   Using cached pyarrow-17.0.0-cp311-cp311-macosx_11_0_arm64.whl.metadata (3.3 kB)
[2024-07-31T19:49:54.166+0900] {process_utils.py:191} INFO - Collecting python-dateutil>=2.8.2 (from pandas>=2.2.2->mov==0.1.0->-r /var/folders/qv/0knwm5h50ml0skpppwpbks_r0000gp/T/venv_2n00q9m/requirements.txt (line 1))
[2024-07-31T19:49:54.167+0900] {process_utils.py:191} INFO -   Using cached python_dateutil-2.9.0.post0-py2.py3-none-any.whl.metadata (8.4 kB)
[2024-07-31T19:49:54.196+0900] {process_utils.py:191} INFO - Collecting pytz>=2020.1 (from pandas>=2.2.2->mov==0.1.0->-r /var/folders/qv/0knwm5h50ml0skpppwpbks_r0000gp/T/venv_2n00q9m/requirements.txt (line 1))
[2024-07-31T19:49:54.197+0900] {process_utils.py:191} INFO -   Using cached pytz-2024.1-py2.py3-none-any.whl.metadata (22 kB)
[2024-07-31T19:49:54.210+0900] {process_utils.py:191} INFO - Collecting tzdata>=2022.7 (from pandas>=2.2.2->mov==0.1.0->-r /var/folders/qv/0knwm5h50ml0skpppwpbks_r0000gp/T/venv_2n00q9m/requirements.txt (line 1))
[2024-07-31T19:49:54.210+0900] {process_utils.py:191} INFO -   Using cached tzdata-2024.1-py2.py3-none-any.whl.metadata (1.4 kB)
[2024-07-31T19:49:54.253+0900] {process_utils.py:191} INFO - Collecting charset-normalizer<4,>=2 (from requests>=2.32.3->mov==0.1.0->-r /var/folders/qv/0knwm5h50ml0skpppwpbks_r0000gp/T/venv_2n00q9m/requirements.txt (line 1))
[2024-07-31T19:49:54.253+0900] {process_utils.py:191} INFO -   Using cached charset_normalizer-3.3.2-cp311-cp311-macosx_11_0_arm64.whl.metadata (33 kB)
[2024-07-31T19:49:54.267+0900] {process_utils.py:191} INFO - Collecting idna<4,>=2.5 (from requests>=2.32.3->mov==0.1.0->-r /var/folders/qv/0knwm5h50ml0skpppwpbks_r0000gp/T/venv_2n00q9m/requirements.txt (line 1))
[2024-07-31T19:49:54.267+0900] {process_utils.py:191} INFO -   Using cached idna-3.7-py3-none-any.whl.metadata (9.9 kB)
[2024-07-31T19:49:54.293+0900] {process_utils.py:191} INFO - Collecting urllib3<3,>=1.21.1 (from requests>=2.32.3->mov==0.1.0->-r /var/folders/qv/0knwm5h50ml0skpppwpbks_r0000gp/T/venv_2n00q9m/requirements.txt (line 1))
[2024-07-31T19:49:54.294+0900] {process_utils.py:191} INFO -   Using cached urllib3-2.2.2-py3-none-any.whl.metadata (6.4 kB)
[2024-07-31T19:49:54.316+0900] {process_utils.py:191} INFO - Collecting certifi>=2017.4.17 (from requests>=2.32.3->mov==0.1.0->-r /var/folders/qv/0knwm5h50ml0skpppwpbks_r0000gp/T/venv_2n00q9m/requirements.txt (line 1))
[2024-07-31T19:49:54.317+0900] {process_utils.py:191} INFO -   Using cached certifi-2024.7.4-py3-none-any.whl.metadata (2.2 kB)
[2024-07-31T19:49:54.341+0900] {process_utils.py:191} INFO - Collecting six>=1.5 (from python-dateutil>=2.8.2->pandas>=2.2.2->mov==0.1.0->-r /var/folders/qv/0knwm5h50ml0skpppwpbks_r0000gp/T/venv_2n00q9m/requirements.txt (line 1))
[2024-07-31T19:49:54.342+0900] {process_utils.py:191} INFO -   Using cached six-1.16.0-py2.py3-none-any.whl.metadata (1.8 kB)
[2024-07-31T19:49:54.345+0900] {process_utils.py:191} INFO - Using cached numpy-2.0.1-cp311-cp311-macosx_14_0_arm64.whl (5.3 MB)
[2024-07-31T19:49:54.351+0900] {process_utils.py:191} INFO - Using cached pandas-2.2.2-cp311-cp311-macosx_11_0_arm64.whl (11.3 MB)
[2024-07-31T19:49:54.363+0900] {process_utils.py:191} INFO - Using cached pyarrow-17.0.0-cp311-cp311-macosx_11_0_arm64.whl (27.2 MB)
[2024-07-31T19:49:54.390+0900] {process_utils.py:191} INFO - Using cached requests-2.32.3-py3-none-any.whl (64 kB)
[2024-07-31T19:49:54.390+0900] {process_utils.py:191} INFO - Using cached certifi-2024.7.4-py3-none-any.whl (162 kB)
[2024-07-31T19:49:54.391+0900] {process_utils.py:191} INFO - Using cached charset_normalizer-3.3.2-cp311-cp311-macosx_11_0_arm64.whl (118 kB)
[2024-07-31T19:49:54.392+0900] {process_utils.py:191} INFO - Using cached idna-3.7-py3-none-any.whl (66 kB)
[2024-07-31T19:49:54.393+0900] {process_utils.py:191} INFO - Using cached python_dateutil-2.9.0.post0-py2.py3-none-any.whl (229 kB)
[2024-07-31T19:49:54.394+0900] {process_utils.py:191} INFO - Using cached pytz-2024.1-py2.py3-none-any.whl (505 kB)
[2024-07-31T19:49:54.395+0900] {process_utils.py:191} INFO - Using cached tzdata-2024.1-py2.py3-none-any.whl (345 kB)
[2024-07-31T19:49:54.396+0900] {process_utils.py:191} INFO - Using cached urllib3-2.2.2-py3-none-any.whl (121 kB)
[2024-07-31T19:49:54.397+0900] {process_utils.py:191} INFO - Using cached six-1.16.0-py2.py3-none-any.whl (11 kB)
[2024-07-31T19:49:54.439+0900] {process_utils.py:191} INFO - Building wheels for collected packages: mov
[2024-07-31T19:49:54.452+0900] {process_utils.py:191} INFO -   Building wheel for mov (pyproject.toml): started
[2024-07-31T19:49:54.585+0900] {process_utils.py:191} INFO -   Building wheel for mov (pyproject.toml): finished with status 'done'
[2024-07-31T19:49:54.586+0900] {process_utils.py:191} INFO -   Created wheel for mov: filename=mov-0.1.0-py3-none-any.whl size=3056 sha256=c8384e6171aa596ed3d4009073a8ced8c267deb21bf127548f86deaaa4ae7852
[2024-07-31T19:49:54.586+0900] {process_utils.py:191} INFO -   Stored in directory: /private/var/folders/qv/0knwm5h50ml0skpppwpbks_r0000gp/T/pip-ephem-wheel-cache-kw170xvd/wheels/cf/ab/a7/d0c528d20fa8a5f19e169bdf1d98f2b2cefe79d8527bb89200
[2024-07-31T19:49:54.587+0900] {process_utils.py:191} INFO - Successfully built mov
[2024-07-31T19:49:54.614+0900] {process_utils.py:191} INFO - Installing collected packages: pytz, urllib3, tzdata, six, numpy, idna, charset-normalizer, certifi, requests, python-dateutil, pyarrow, pandas, mov
[2024-07-31T19:49:59.054+0900] {process_utils.py:191} INFO - Successfully installed certifi-2024.7.4 charset-normalizer-3.3.2 idna-3.7 mov-0.1.0 numpy-2.0.1 pandas-2.2.2 pyarrow-17.0.0 python-dateutil-2.9.0.post0 pytz-2024.1 requests-2.32.3 six-1.16.0 tzdata-2024.1 urllib3-2.2.2
[2024-07-31T19:49:59.057+0900] {process_utils.py:191} INFO - 
[2024-07-31T19:49:59.058+0900] {process_utils.py:191} INFO - [notice] A new release of pip is available: 24.1.2 -> 24.2
[2024-07-31T19:49:59.058+0900] {process_utils.py:191} INFO - [notice] To update, run: python -m pip install --upgrade pip
[2024-07-31T19:49:59.187+0900] {logging_mixin.py:188} WARNING - /Users/DE32/.pyenv/versions/3.11.9/envs/note/lib/python3.11/site-packages/airflow/utils/context.py:212 AirflowContextDeprecationWarning: Accessing 'next_ds' from the template is deprecated and will be removed in a future version. Please use '{{ data_interval_end | ds }}' instead.
[2024-07-31T19:49:59.188+0900] {logging_mixin.py:188} WARNING - /Users/DE32/.pyenv/versions/3.11.9/envs/note/lib/python3.11/site-packages/airflow/utils/context.py:212 AirflowContextDeprecationWarning: Accessing 'next_ds_nodash' from the template is deprecated and will be removed in a future version. Please use '{{ data_interval_end | ds_nodash }}' instead.
[2024-07-31T19:49:59.189+0900] {logging_mixin.py:188} WARNING - /Users/DE32/.pyenv/versions/3.11.9/envs/note/lib/python3.11/site-packages/airflow/utils/context.py:212 AirflowContextDeprecationWarning: Accessing 'prev_ds' from the template is deprecated and will be removed in a future version.
[2024-07-31T19:49:59.189+0900] {logging_mixin.py:188} WARNING - /Users/DE32/.pyenv/versions/3.11.9/envs/note/lib/python3.11/site-packages/airflow/utils/context.py:212 AirflowContextDeprecationWarning: Accessing 'prev_ds_nodash' from the template is deprecated and will be removed in a future version.
[2024-07-31T19:49:59.190+0900] {logging_mixin.py:188} WARNING - /Users/DE32/.pyenv/versions/3.11.9/envs/note/lib/python3.11/site-packages/airflow/utils/context.py:212 AirflowContextDeprecationWarning: Accessing 'tomorrow_ds' from the template is deprecated and will be removed in a future version.
[2024-07-31T19:49:59.190+0900] {logging_mixin.py:188} WARNING - /Users/DE32/.pyenv/versions/3.11.9/envs/note/lib/python3.11/site-packages/airflow/utils/context.py:212 AirflowContextDeprecationWarning: Accessing 'tomorrow_ds_nodash' from the template is deprecated and will be removed in a future version.
[2024-07-31T19:49:59.191+0900] {logging_mixin.py:188} WARNING - /Users/DE32/.pyenv/versions/3.11.9/envs/note/lib/python3.11/site-packages/airflow/utils/context.py:212 AirflowContextDeprecationWarning: Accessing 'yesterday_ds' from the template is deprecated and will be removed in a future version.
[2024-07-31T19:49:59.192+0900] {logging_mixin.py:188} WARNING - /Users/DE32/.pyenv/versions/3.11.9/envs/note/lib/python3.11/site-packages/airflow/utils/context.py:212 AirflowContextDeprecationWarning: Accessing 'yesterday_ds_nodash' from the template is deprecated and will be removed in a future version.
[2024-07-31T19:49:59.195+0900] {process_utils.py:183} INFO - Executing cmd: /var/folders/qv/0knwm5h50ml0skpppwpbks_r0000gp/T/venv_2n00q9m/bin/python /var/folders/qv/0knwm5h50ml0skpppwpbks_r0000gp/T/venv-callihiaujwp/script.py /var/folders/qv/0knwm5h50ml0skpppwpbks_r0000gp/T/venv-callihiaujwp/script.in /var/folders/qv/0knwm5h50ml0skpppwpbks_r0000gp/T/venv-callihiaujwp/script.out /var/folders/qv/0knwm5h50ml0skpppwpbks_r0000gp/T/venv-callihiaujwp/string_args.txt /var/folders/qv/0knwm5h50ml0skpppwpbks_r0000gp/T/venv-callihiaujwp/termination.log
[2024-07-31T19:49:59.197+0900] {process_utils.py:187} INFO - Output:
[2024-07-31T19:50:15.507+0900] {process_utils.py:191} INFO - {'boxOfficeResult': {'boxofficeType': '일별 박스오피스', 'showRange': '20240728~20240728', 'dailyBoxOfficeList': [{'rnum': '1', 'rank': '1', 'rankInten': '0', 'rankOldAndNew': 'OLD', 'movieCd': '20212932', 'movieNm': '탈주', 'openDt': '2024-07-03', 'salesAmt': '794258228', 'salesShare': '60.3', 'salesInten': '-3188334', 'salesChange': '-0.4', 'salesAcc': '21651689315', 'audiCnt': '82451', 'audiInten': '-152', 'audiChange': '-0.2', 'audiAcc': '2282056', 'scrnCnt': '899', 'showCnt': '2339'}, {'rnum': '2', 'rank': '2', 'rankInten': '0', 'rankOldAndNew': 'OLD', 'movieCd': '20208245', 'movieNm': '핸섬가이즈', 'openDt': '2024-06-26', 'salesAmt': '227791568', 'salesShare': '17.3', 'salesInten': '-22713058', 'salesChange': '-9.1', 'salesAcc': '16057938838', 'audiCnt': '23547', 'audiInten': '-2134', 'audiChange': '-8.3', 'audiAcc': '1717217', 'scrnCnt': '528', 'showCnt': '837'}, {'rnum': '3', 'rank': '3', 'rankInten': '1', 'rankOldAndNew': 'OLD', 'movieCd': '20208911', 'movieNm': '탈출: 프로젝트 사일런스', 'openDt': '2024-07-12', 'salesAmt': '79656105', 'salesShare': '6.1', 'salesInten': '-589658', 'salesChange': '-0.7', 'salesAcc': '6553823231', 'audiCnt': '8120', 'audiInten': '-78', 'audiChange': '-1', 'audiAcc': '672059', 'scrnCnt': '332', 'showCnt': '469'}, {'rnum': '4', 'rank': '4', 'rankInten': '-1', 'rankOldAndNew': 'OLD', 'movieCd': '20224666', 'movieNm': '파일럿', 'openDt': '2024-07-31', 'salesAmt': '79377067', 'salesShare': '6.0', 'salesInten': '-52225300', 'salesChange': '-39.7', 'salesAcc': '495233434', 'audiCnt': '6701', 'audiInten': '-5419', 'audiChange': '-44.7', 'audiAcc': '49126', 'scrnCnt': '18', 'showCnt': '26'}, {'rnum': '5', 'rank': '5', 'rankInten': '0', 'rankOldAndNew': 'OLD', 'movieCd': '20249733', 'movieNm': '사랑의 하츄핑', 'openDt': '2024-08-07', 'salesAmt': '40034300', 'salesShare': '3.0', 'salesInten': '-8775650', 'salesChange': '-18', 'salesAcc': '128831250', 'audiCnt': '3435', 'audiInten': '-626', 'audiChange': '-15.4', 'audiAcc': '11546', 'scrnCnt': '12', 'showCnt': '16'}, {'rnum': '6', 'rank': '6', 'rankInten': '0', 'rankOldAndNew': 'OLD', 'movieCd': '20248465', 'movieNm': '하이재킹', 'openDt': '2024-06-21', 'salesAmt': '24756107', 'salesShare': '1.9', 'salesInten': '-935684', 'salesChange': '-3.6', 'salesAcc': '16793987644', 'audiCnt': '2548', 'audiInten': '-79', 'audiChange': '-3', 'audiAcc': '1767851', 'scrnCnt': '121', 'showCnt': '151'}, {'rnum': '7', 'rank': '7', 'rankInten': '0', 'rankOldAndNew': 'OLD', 'movieCd': '20241984', 'movieNm': '2023 영탁 단독 콘서트 : 탁쇼2', 'openDt': '2024-07-18', 'salesAmt': '46284500', 'salesShare': '3.5', 'salesInten': '-8374000', 'salesChange': '-15.3', 'salesAcc': '740973500', 'audiCnt': '1852', 'audiInten': '-335', 'audiChange': '-15.3', 'audiAcc': '29646', 'scrnCnt': '55', 'showCnt': '63'}, {'rnum': '8', 'rank': '8', 'rankInten': '1', 'rankOldAndNew': 'OLD', 'movieCd': '20242349', 'movieNm': '이준호 콘서트 : 다시 만나는 날', 'openDt': '2024-07-24', 'salesAmt': '13850000', 'salesShare': '1.1', 'salesInten': '1602000', 'salesChange': '13.1', 'salesAcc': '159812500', 'audiCnt': '554', 'audiInten': '64', 'audiChange': '13.1', 'audiAcc': '6393', 'scrnCnt': '45', 'showCnt': '64'}, {'rnum': '9', 'rank': '9', 'rankInten': '5', 'rankOldAndNew': 'OLD', 'movieCd': '20236233', 'movieNm': '엄마의 왕국', 'openDt': '2024-07-24', 'salesAmt': '1549000', 'salesShare': '0.1', 'salesInten': '443000', 'salesChange': '40.1', 'salesAcc': '23982300', 'audiCnt': '167', 'audiInten': '50', 'audiChange': '42.7', 'audiAcc': '2579', 'scrnCnt': '23', 'showCnt': '27'}, {'rnum': '10', 'rank': '10', 'rankInten': '1', 'rankOldAndNew': 'OLD', 'movieCd': '20240984', 'movieNm': '박정희: 경제대국을 꿈꾼 남자', 'openDt': '2024-07-10', 'salesAmt': '1170100', 'salesShare': '0.1', 'salesInten': '-385378', 'salesChange': '-24.8', 'salesAcc': '134997260', 'audiCnt': '140', 'audiInten': '-46', 'audiChange': '-24.7', 'audiAcc': '15526', 'scrnCnt': '12', 'showCnt': '12'}]}}
[2024-07-31T19:50:15.508+0900] {process_utils.py:191} INFO - partitioning List : ['load_dt', 'repNationCd']
[2024-07-31T19:50:15.508+0900] {process_utils.py:191} INFO -   rnum rank rankInten rankOldAndNew  ... scrnCnt showCnt   load_dt repNationCd
[2024-07-31T19:50:15.509+0900] {process_utils.py:191} INFO - 0    1    1         0           OLD  ...     899    2339  20240728           K
[2024-07-31T19:50:15.509+0900] {process_utils.py:191} INFO - 1    2    2         0           OLD  ...     528     837  20240728           K
[2024-07-31T19:50:15.509+0900] {process_utils.py:191} INFO - 2    3    3         1           OLD  ...     332     469  20240728           K
[2024-07-31T19:50:15.510+0900] {process_utils.py:191} INFO - 3    4    4        -1           OLD  ...      18      26  20240728           K
[2024-07-31T19:50:15.510+0900] {process_utils.py:191} INFO - 4    5    5         0           OLD  ...      12      16  20240728           K
[2024-07-31T19:50:15.511+0900] {process_utils.py:191} INFO - 5    6    6         0           OLD  ...     121     151  20240728           K
[2024-07-31T19:50:15.511+0900] {process_utils.py:191} INFO - 6    7    7         0           OLD  ...      55      63  20240728           K
[2024-07-31T19:50:15.511+0900] {process_utils.py:191} INFO - 7    8    8         1           OLD  ...      45      64  20240728           K
[2024-07-31T19:50:15.512+0900] {process_utils.py:191} INFO - 8    9    9         5           OLD  ...      23      27  20240728           K
[2024-07-31T19:50:15.512+0900] {process_utils.py:191} INFO - 9   10   10         1           OLD  ...      12      12  20240728           K
[2024-07-31T19:50:15.512+0900] {process_utils.py:191} INFO - 
[2024-07-31T19:50:15.512+0900] {process_utils.py:191} INFO - [10 rows x 20 columns]
[2024-07-31T19:50:15.952+0900] {python.py:237} INFO - Done. Returned value was: None
[2024-07-31T19:50:15.953+0900] {taskinstance.py:441} INFO - ::group::Post task execution logs
[2024-07-31T19:50:15.956+0900] {taskinstance.py:1206} INFO - Marking task as SUCCESS. dag_id=movie, task_id=nation.k, run_id=scheduled__2024-07-28T02:10:00+00:00, execution_date=20240728T021000, start_date=20240731T104949, end_date=20240731T105015
[2024-07-31T19:50:15.974+0900] {local_task_job_runner.py:243} INFO - Task exited with return code 0
[2024-07-31T19:50:15.981+0900] {taskinstance.py:3503} INFO - 0 downstream tasks scheduled from follow-on schedule check
[2024-07-31T19:50:15.982+0900] {local_task_job_runner.py:222} INFO - ::endgroup::
