[2024-07-24T16:27:57.066+0900] {local_task_job_runner.py:120} INFO - ::group::Pre task execution logs
[2024-07-24T16:27:57.073+0900] {taskinstance.py:2076} INFO - Dependencies all met for dep_context=non-requeueable deps ti=<TaskInstance: make_parquet.err.report scheduled__2024-07-19T04:10:00+00:00 [queued]>
[2024-07-24T16:27:57.075+0900] {taskinstance.py:2076} INFO - Dependencies all met for dep_context=requeueable deps ti=<TaskInstance: make_parquet.err.report scheduled__2024-07-19T04:10:00+00:00 [queued]>
[2024-07-24T16:27:57.075+0900] {taskinstance.py:2306} INFO - Starting attempt 1 of 2
[2024-07-24T16:27:57.079+0900] {taskinstance.py:2330} INFO - Executing <Task(BashOperator): err.report> on 2024-07-19 04:10:00+00:00
[2024-07-24T16:27:57.082+0900] {standard_task_runner.py:64} INFO - Started process 294 to run task
[2024-07-24T16:27:57.084+0900] {standard_task_runner.py:90} INFO - Running: ['airflow', 'tasks', 'run', 'make_parquet', 'err.report', 'scheduled__2024-07-19T04:10:00+00:00', '--job-id', '461', '--raw', '--subdir', 'DAGS_FOLDER/make_parquet.py', '--cfg-path', '/var/folders/qv/0knwm5h50ml0skpppwpbks_r0000gp/T/tmp9tr_y8_1']
[2024-07-24T16:27:57.085+0900] {standard_task_runner.py:91} INFO - Job 461: Subtask err.report
[2024-07-24T16:27:57.099+0900] {task_command.py:426} INFO - Running <TaskInstance: make_parquet.err.report scheduled__2024-07-19T04:10:00+00:00 [running]> on host jeongui-MacBookPro.local
[2024-07-24T16:27:57.122+0900] {taskinstance.py:2648} INFO - Exporting env vars: AIRFLOW_CTX_DAG_OWNER='airflow' AIRFLOW_CTX_DAG_ID='make_parquet' AIRFLOW_CTX_TASK_ID='err.report' AIRFLOW_CTX_EXECUTION_DATE='2024-07-19T04:10:00+00:00' AIRFLOW_CTX_TRY_NUMBER='1' AIRFLOW_CTX_DAG_RUN_ID='scheduled__2024-07-19T04:10:00+00:00'
[2024-07-24T16:27:57.122+0900] {taskinstance.py:430} INFO - ::endgroup::
[2024-07-24T16:27:57.129+0900] {subprocess.py:63} INFO - Tmp dir root location: /var/folders/qv/0knwm5h50ml0skpppwpbks_r0000gp/T
[2024-07-24T16:27:57.130+0900] {subprocess.py:75} INFO - Running command: ['/bin/bash', '-c', '\n        ']
[2024-07-24T16:27:57.134+0900] {subprocess.py:86} INFO - Output:
[2024-07-24T16:27:57.136+0900] {subprocess.py:97} INFO - Command exited with return code 0
[2024-07-24T16:27:57.136+0900] {taskinstance.py:441} INFO - ::group::Post task execution logs
[2024-07-24T16:27:57.144+0900] {taskinstance.py:1206} INFO - Marking task as SUCCESS. dag_id=make_parquet, task_id=err.report, run_id=scheduled__2024-07-19T04:10:00+00:00, execution_date=20240719T041000, start_date=20240724T072757, end_date=20240724T072757
[2024-07-24T16:27:57.187+0900] {local_task_job_runner.py:243} INFO - Task exited with return code 0
[2024-07-24T16:27:57.193+0900] {taskinstance.py:3503} INFO - 0 downstream tasks scheduled from follow-on schedule check
[2024-07-24T16:27:57.193+0900] {local_task_job_runner.py:222} INFO - ::endgroup::
