[2024-07-29T15:41:34.686+0900] {local_task_job_runner.py:120} INFO - ::group::Pre task execution logs
[2024-07-29T15:41:34.699+0900] {taskinstance.py:2076} INFO - Dependencies all met for dep_context=non-requeueable deps ti=<TaskInstance: movie.get_data scheduled__2024-07-27T02:10:00+00:00 [queued]>
[2024-07-29T15:41:34.703+0900] {taskinstance.py:2076} INFO - Dependencies all met for dep_context=requeueable deps ti=<TaskInstance: movie.get_data scheduled__2024-07-27T02:10:00+00:00 [queued]>
[2024-07-29T15:41:34.703+0900] {taskinstance.py:2306} INFO - Starting attempt 3 of 2
[2024-07-29T15:41:34.709+0900] {taskinstance.py:2330} INFO - Executing <Task(PythonOperator): get_data> on 2024-07-27 02:10:00+00:00
[2024-07-29T15:41:34.712+0900] {standard_task_runner.py:64} INFO - Started process 1541 to run task
[2024-07-29T15:41:34.714+0900] {standard_task_runner.py:90} INFO - Running: ['airflow', 'tasks', 'run', 'movie', 'get_data', 'scheduled__2024-07-27T02:10:00+00:00', '--job-id', '552', '--raw', '--subdir', 'DAGS_FOLDER/movie.py', '--cfg-path', '/var/folders/qv/0knwm5h50ml0skpppwpbks_r0000gp/T/tmp3jaly180']
[2024-07-29T15:41:34.716+0900] {standard_task_runner.py:91} INFO - Job 552: Subtask get_data
[2024-07-29T15:41:34.730+0900] {task_command.py:426} INFO - Running <TaskInstance: movie.get_data scheduled__2024-07-27T02:10:00+00:00 [running]> on host jeongui-MacBookPro.local
[2024-07-29T15:41:34.750+0900] {taskinstance.py:2648} INFO - Exporting env vars: AIRFLOW_CTX_DAG_OWNER='airflow' AIRFLOW_CTX_DAG_ID='movie' AIRFLOW_CTX_TASK_ID='get_data' AIRFLOW_CTX_EXECUTION_DATE='2024-07-27T02:10:00+00:00' AIRFLOW_CTX_TRY_NUMBER='3' AIRFLOW_CTX_DAG_RUN_ID='scheduled__2024-07-27T02:10:00+00:00'
[2024-07-29T15:41:34.751+0900] {taskinstance.py:430} INFO - ::endgroup::
[2024-07-29T15:41:34.759+0900] {logging_mixin.py:188} INFO - ====================
[2024-07-29T15:41:54.856+0900] {local_task_job_runner.py:313} WARNING - State of this instance has been externally set to failed. Terminating instance.
[2024-07-29T15:41:54.856+0900] {local_task_job_runner.py:222} INFO - ::endgroup::
[2024-07-29T15:41:54.859+0900] {process_utils.py:132} INFO - Sending 15 to group 1541. PIDs of all processes in the group: [1541]
[2024-07-29T15:41:54.859+0900] {process_utils.py:87} INFO - Sending the signal 15 to group 1541
[2024-07-29T15:42:54.902+0900] {process_utils.py:150} WARNING - process psutil.Process(pid=1541, name='python3.11', status='running', started='15:41:34') did not respond to SIGTERM. Trying SIGKILL
[2024-07-29T15:42:54.902+0900] {process_utils.py:87} INFO - Sending the signal 9 to group 1541
[2024-07-29T15:42:54.904+0900] {process_utils.py:80} INFO - Process psutil.Process(pid=1541, name='python3.11', status='terminated', exitcode=<Negsignal.SIGKILL: -9>, started='15:41:34') (1541) terminated with exit code -9
[2024-07-29T15:42:54.905+0900] {standard_task_runner.py:176} ERROR - ('Job 552 was killed before it finished (likely due to running out of memory)', 'For more information, see https://airflow.apache.org/docs/apache-airflow/stable/troubleshooting.html#LocalTaskJob-killed')
