[2024-07-29T12:31:16.779+0900] {local_task_job_runner.py:120} INFO - ::group::Pre task execution logs
[2024-07-29T12:31:16.792+0900] {taskinstance.py:2076} INFO - Dependencies all met for dep_context=non-requeueable deps ti=<TaskInstance: movie.get_data scheduled__2024-07-27T02:10:00+00:00 [queued]>
[2024-07-29T12:31:16.796+0900] {taskinstance.py:2076} INFO - Dependencies all met for dep_context=requeueable deps ti=<TaskInstance: movie.get_data scheduled__2024-07-27T02:10:00+00:00 [queued]>
[2024-07-29T12:31:16.796+0900] {taskinstance.py:2306} INFO - Starting attempt 2 of 3
[2024-07-29T12:31:16.802+0900] {taskinstance.py:2330} INFO - Executing <Task(PythonOperator): get_data> on 2024-07-27 02:10:00+00:00
[2024-07-29T12:31:16.804+0900] {standard_task_runner.py:64} INFO - Started process 72063 to run task
[2024-07-29T12:31:16.807+0900] {standard_task_runner.py:90} INFO - Running: ['airflow', 'tasks', 'run', 'movie', 'get_data', 'scheduled__2024-07-27T02:10:00+00:00', '--job-id', '521', '--raw', '--subdir', 'DAGS_FOLDER/movie.py', '--cfg-path', '/var/folders/qv/0knwm5h50ml0skpppwpbks_r0000gp/T/tmp9_bbnfaa']
[2024-07-29T12:31:16.808+0900] {standard_task_runner.py:91} INFO - Job 521: Subtask get_data
[2024-07-29T12:31:16.822+0900] {task_command.py:426} INFO - Running <TaskInstance: movie.get_data scheduled__2024-07-27T02:10:00+00:00 [running]> on host jeongui-MacBookPro.local
[2024-07-29T12:31:16.844+0900] {taskinstance.py:2648} INFO - Exporting env vars: AIRFLOW_CTX_DAG_OWNER='airflow' AIRFLOW_CTX_DAG_ID='movie' AIRFLOW_CTX_TASK_ID='get_data' AIRFLOW_CTX_EXECUTION_DATE='2024-07-27T02:10:00+00:00' AIRFLOW_CTX_TRY_NUMBER='2' AIRFLOW_CTX_DAG_RUN_ID='scheduled__2024-07-27T02:10:00+00:00'
[2024-07-29T12:31:16.844+0900] {taskinstance.py:430} INFO - ::endgroup::
[2024-07-29T12:31:16.850+0900] {logging_mixin.py:188} INFO - 2024-07-27
[2024-07-29T12:31:16.850+0900] {logging_mixin.py:188} INFO - {'conf': <airflow.configuration.AirflowConfigParser object at 0x10138e1d0>, 'dag': <DAG: movie>, 'dag_run': <DagRun movie @ 2024-07-27 02:10:00+00:00: scheduled__2024-07-27T02:10:00+00:00, state:running, queued_at: 2024-07-29 03:30:18.790204+00:00. externally triggered: False>, 'data_interval_end': DateTime(2024, 7, 28, 2, 10, 0, tzinfo=Timezone('UTC')), 'data_interval_start': DateTime(2024, 7, 27, 2, 10, 0, tzinfo=Timezone('UTC')), 'ds_nodash': '20240727', 'execution_date': <Proxy at 0x106a00ec0 with factory functools.partial(<function lazy_mapping_from_context.<locals>._deprecated_proxy_factory at 0x106e68e00>, 'execution_date', DateTime(2024, 7, 27, 2, 10, 0, tzinfo=Timezone('UTC')))>, 'expanded_ti_count': None, 'inlets': [], 'logical_date': DateTime(2024, 7, 27, 2, 10, 0, tzinfo=Timezone('UTC')), 'macros': <module 'airflow.macros' from '/Users/DE32/.pyenv/versions/3.11.9/envs/note/lib/python3.11/site-packages/airflow/macros/__init__.py'>, 'map_index_template': None, 'next_ds': <Proxy at 0x106b39a80 with factory functools.partial(<function lazy_mapping_from_context.<locals>._deprecated_proxy_factory at 0x106e68e00>, 'next_ds', '2024-07-28')>, 'next_ds_nodash': <Proxy at 0x108ed8b40 with factory functools.partial(<function lazy_mapping_from_context.<locals>._deprecated_proxy_factory at 0x106e68e00>, 'next_ds_nodash', '20240728')>, 'next_execution_date': <Proxy at 0x108ed9100 with factory functools.partial(<function lazy_mapping_from_context.<locals>._deprecated_proxy_factory at 0x106e68e00>, 'next_execution_date', DateTime(2024, 7, 28, 2, 10, 0, tzinfo=Timezone('UTC')))>, 'outlets': [], 'params': {}, 'prev_data_interval_start_success': DateTime(2024, 7, 24, 2, 10, 0, tzinfo=Timezone('UTC')), 'prev_data_interval_end_success': DateTime(2024, 7, 25, 2, 10, 0, tzinfo=Timezone('UTC')), 'prev_ds': <Proxy at 0x108eda740 with factory functools.partial(<function lazy_mapping_from_context.<locals>._deprecated_proxy_factory at 0x106e68e00>, 'prev_ds', '2024-07-26')>, 'prev_ds_nodash': <Proxy at 0x108edba80 with factory functools.partial(<function lazy_mapping_from_context.<locals>._deprecated_proxy_factory at 0x106e68e00>, 'prev_ds_nodash', '20240726')>, 'prev_execution_date': <Proxy at 0x108f03a40 with factory functools.partial(<function lazy_mapping_from_context.<locals>._deprecated_proxy_factory at 0x106e68e00>, 'prev_execution_date', DateTime(2024, 7, 26, 2, 10, 0, tzinfo=Timezone('UTC')))>, 'prev_execution_date_success': <Proxy at 0x108f03b00 with factory functools.partial(<function lazy_mapping_from_context.<locals>._deprecated_proxy_factory at 0x106e68e00>, 'prev_execution_date_success', DateTime(2024, 7, 24, 2, 10, 0, tzinfo=Timezone('UTC')))>, 'prev_start_date_success': DateTime(2024, 7, 29, 3, 30, 20, 516489, tzinfo=Timezone('UTC')), 'prev_end_date_success': DateTime(2024, 7, 29, 3, 31, 11, 111292, tzinfo=Timezone('UTC')), 'run_id': 'scheduled__2024-07-27T02:10:00+00:00', 'task': <Task(PythonOperator): get_data>, 'task_instance': <TaskInstance: movie.get_data scheduled__2024-07-27T02:10:00+00:00 [running]>, 'task_instance_key_str': 'movie__get_data__20240727', 'test_mode': False, 'ti': <TaskInstance: movie.get_data scheduled__2024-07-27T02:10:00+00:00 [running]>, 'tomorrow_ds': <Proxy at 0x108f03bc0 with factory functools.partial(<function lazy_mapping_from_context.<locals>._deprecated_proxy_factory at 0x106e68e00>, 'tomorrow_ds', '2024-07-28')>, 'tomorrow_ds_nodash': <Proxy at 0x108f03c80 with factory functools.partial(<function lazy_mapping_from_context.<locals>._deprecated_proxy_factory at 0x106e68e00>, 'tomorrow_ds_nodash', '20240728')>, 'triggering_dataset_events': <Proxy at 0x108e5f280 with factory <function _get_template_context.<locals>.get_triggering_events at 0x108e58400>>, 'ts': '2024-07-27T02:10:00+00:00', 'ts_nodash': '20240727T021000', 'ts_nodash_with_tz': '20240727T021000+0000', 'var': {'json': None, 'value': None}, 'conn': None, 'yesterday_ds': <Proxy at 0x108f03d40 with factory functools.partial(<function lazy_mapping_from_context.<locals>._deprecated_proxy_factory at 0x106e68e00>, 'yesterday_ds', '2024-07-26')>, 'yesterday_ds_nodash': <Proxy at 0x108f03e00 with factory functools.partial(<function lazy_mapping_from_context.<locals>._deprecated_proxy_factory at 0x106e68e00>, 'yesterday_ds_nodash', '20240726')>, 'templates_dict': None}
[2024-07-29T12:31:16.850+0900] {logging_mixin.py:188} INFO - ds_nodash => 20240727
[2024-07-29T12:31:16.850+0900] {python.py:237} INFO - Done. Returned value was: None
[2024-07-29T12:31:16.850+0900] {taskinstance.py:441} INFO - ::group::Post task execution logs
[2024-07-29T12:31:16.852+0900] {taskinstance.py:1206} INFO - Marking task as SUCCESS. dag_id=movie, task_id=get_data, run_id=scheduled__2024-07-27T02:10:00+00:00, execution_date=20240727T021000, start_date=20240729T033116, end_date=20240729T033116
[2024-07-29T12:31:16.869+0900] {local_task_job_runner.py:243} INFO - Task exited with return code 0
[2024-07-29T12:31:16.877+0900] {taskinstance.py:3503} INFO - 0 downstream tasks scheduled from follow-on schedule check
[2024-07-29T12:31:16.877+0900] {local_task_job_runner.py:222} INFO - ::endgroup::
[2024-07-29T15:17:41.154+0900] {local_task_job_runner.py:120} INFO - ::group::Pre task execution logs
[2024-07-29T15:17:41.162+0900] {taskinstance.py:2076} INFO - Dependencies all met for dep_context=non-requeueable deps ti=<TaskInstance: movie.get_data scheduled__2024-07-27T02:10:00+00:00 [queued]>
[2024-07-29T15:17:41.164+0900] {taskinstance.py:2076} INFO - Dependencies all met for dep_context=requeueable deps ti=<TaskInstance: movie.get_data scheduled__2024-07-27T02:10:00+00:00 [queued]>
[2024-07-29T15:17:41.164+0900] {taskinstance.py:2306} INFO - Starting attempt 2 of 2
[2024-07-29T15:17:41.169+0900] {taskinstance.py:2330} INFO - Executing <Task(PythonOperator): get_data> on 2024-07-27 02:10:00+00:00
[2024-07-29T15:17:41.172+0900] {standard_task_runner.py:64} INFO - Started process 80761 to run task
[2024-07-29T15:17:41.174+0900] {standard_task_runner.py:90} INFO - Running: ['airflow', 'tasks', 'run', 'movie', 'get_data', 'scheduled__2024-07-27T02:10:00+00:00', '--job-id', '540', '--raw', '--subdir', 'DAGS_FOLDER/movie.py', '--cfg-path', '/var/folders/qv/0knwm5h50ml0skpppwpbks_r0000gp/T/tmpan1od7nt']
[2024-07-29T15:17:41.176+0900] {standard_task_runner.py:91} INFO - Job 540: Subtask get_data
[2024-07-29T15:17:41.191+0900] {task_command.py:426} INFO - Running <TaskInstance: movie.get_data scheduled__2024-07-27T02:10:00+00:00 [running]> on host jeongui-MacBookPro.local
[2024-07-29T15:17:41.215+0900] {taskinstance.py:2648} INFO - Exporting env vars: AIRFLOW_CTX_DAG_OWNER='airflow' AIRFLOW_CTX_DAG_ID='movie' AIRFLOW_CTX_TASK_ID='get_data' AIRFLOW_CTX_EXECUTION_DATE='2024-07-27T02:10:00+00:00' AIRFLOW_CTX_TRY_NUMBER='2' AIRFLOW_CTX_DAG_RUN_ID='scheduled__2024-07-27T02:10:00+00:00'
[2024-07-29T15:17:41.215+0900] {taskinstance.py:430} INFO - ::endgroup::
[2024-07-29T15:17:41.220+0900] {logging_mixin.py:188} INFO - ====================
[2024-07-29T15:18:30.213+0900] {local_task_job_runner.py:222} INFO - ::endgroup::
[2024-07-29T15:18:30.223+0900] {process_utils.py:132} INFO - Sending 15 to group 80761. PIDs of all processes in the group: [80761]
[2024-07-29T15:18:30.223+0900] {process_utils.py:87} INFO - Sending the signal 15 to group 80761
[2024-07-29T15:35:52.394+0900] {local_task_job_runner.py:120} INFO - ::group::Pre task execution logs
[2024-07-29T15:35:52.409+0900] {taskinstance.py:2076} INFO - Dependencies all met for dep_context=non-requeueable deps ti=<TaskInstance: movie.get_data scheduled__2024-07-27T02:10:00+00:00 [queued]>
[2024-07-29T15:35:52.414+0900] {taskinstance.py:2076} INFO - Dependencies all met for dep_context=requeueable deps ti=<TaskInstance: movie.get_data scheduled__2024-07-27T02:10:00+00:00 [queued]>
[2024-07-29T15:35:52.414+0900] {taskinstance.py:2306} INFO - Starting attempt 2 of 2
[2024-07-29T15:35:52.421+0900] {taskinstance.py:2330} INFO - Executing <Task(PythonOperator): get_data> on 2024-07-27 02:10:00+00:00
[2024-07-29T15:35:52.424+0900] {standard_task_runner.py:64} INFO - Started process 82205 to run task
[2024-07-29T15:35:52.427+0900] {standard_task_runner.py:90} INFO - Running: ['airflow', 'tasks', 'run', 'movie', 'get_data', 'scheduled__2024-07-27T02:10:00+00:00', '--job-id', '548', '--raw', '--subdir', 'DAGS_FOLDER/movie.py', '--cfg-path', '/var/folders/qv/0knwm5h50ml0skpppwpbks_r0000gp/T/tmpt43qc_s9']
[2024-07-29T15:35:52.429+0900] {standard_task_runner.py:91} INFO - Job 548: Subtask get_data
[2024-07-29T15:35:52.451+0900] {task_command.py:426} INFO - Running <TaskInstance: movie.get_data scheduled__2024-07-27T02:10:00+00:00 [running]> on host jeongui-MacBookPro.local
[2024-07-29T15:35:52.482+0900] {taskinstance.py:2648} INFO - Exporting env vars: AIRFLOW_CTX_DAG_OWNER='airflow' AIRFLOW_CTX_DAG_ID='movie' AIRFLOW_CTX_TASK_ID='get_data' AIRFLOW_CTX_EXECUTION_DATE='2024-07-27T02:10:00+00:00' AIRFLOW_CTX_TRY_NUMBER='2' AIRFLOW_CTX_DAG_RUN_ID='scheduled__2024-07-27T02:10:00+00:00'
[2024-07-29T15:35:52.482+0900] {taskinstance.py:430} INFO - ::endgroup::
[2024-07-29T15:35:52.490+0900] {logging_mixin.py:188} INFO - ====================
[2024-07-29T15:36:17.561+0900] {local_task_job_runner.py:313} WARNING - State of this instance has been externally set to restarting. Terminating instance.
[2024-07-29T15:36:17.562+0900] {local_task_job_runner.py:222} INFO - ::endgroup::
[2024-07-29T15:36:17.568+0900] {process_utils.py:132} INFO - Sending 15 to group 82205. PIDs of all processes in the group: [82205]
[2024-07-29T15:36:17.568+0900] {process_utils.py:87} INFO - Sending the signal 15 to group 82205
[2024-07-29T15:37:17.582+0900] {process_utils.py:150} WARNING - process psutil.Process(pid=82205, name='python3.11', status='running', started='15:35:52') did not respond to SIGTERM. Trying SIGKILL
[2024-07-29T15:37:17.583+0900] {process_utils.py:87} INFO - Sending the signal 9 to group 82205
[2024-07-29T15:37:17.585+0900] {process_utils.py:80} INFO - Process psutil.Process(pid=82205, name='python3.11', status='terminated', exitcode=<Negsignal.SIGKILL: -9>, started='15:35:52') (82205) terminated with exit code -9
[2024-07-29T15:37:17.585+0900] {standard_task_runner.py:176} ERROR - ('Job 548 was killed before it finished (likely due to running out of memory)', 'For more information, see https://airflow.apache.org/docs/apache-airflow/stable/troubleshooting.html#LocalTaskJob-killed')
