[2024-07-24T14:08:55.881+0900] {local_task_job_runner.py:120} INFO - ::group::Pre task execution logs
[2024-07-24T14:08:55.888+0900] {taskinstance.py:2076} INFO - Dependencies all met for dep_context=non-requeueable deps ti=<TaskInstance: simple_bash.count.log scheduled__2024-07-14T00:00:00+00:00 [queued]>
[2024-07-24T14:08:55.891+0900] {taskinstance.py:2076} INFO - Dependencies all met for dep_context=requeueable deps ti=<TaskInstance: simple_bash.count.log scheduled__2024-07-14T00:00:00+00:00 [queued]>
[2024-07-24T14:08:55.891+0900] {taskinstance.py:2306} INFO - Starting attempt 1 of 2
[2024-07-24T14:08:55.895+0900] {taskinstance.py:2330} INFO - Executing <Task(BashOperator): count.log> on 2024-07-14 00:00:00+00:00
[2024-07-24T14:08:55.897+0900] {standard_task_runner.py:64} INFO - Started process 89610 to run task
[2024-07-24T14:08:55.899+0900] {standard_task_runner.py:90} INFO - Running: ['airflow', 'tasks', 'run', 'simple_bash', 'count.log', 'scheduled__2024-07-14T00:00:00+00:00', '--job-id', '29', '--raw', '--subdir', 'DAGS_FOLDER/simple_bash.py', '--cfg-path', '/var/folders/qv/0knwm5h50ml0skpppwpbks_r0000gp/T/tmpnn1c2fgg']
[2024-07-24T14:08:55.901+0900] {standard_task_runner.py:91} INFO - Job 29: Subtask count.log
[2024-07-24T14:08:55.914+0900] {task_command.py:426} INFO - Running <TaskInstance: simple_bash.count.log scheduled__2024-07-14T00:00:00+00:00 [running]> on host jeongui-MacBookPro.local
[2024-07-24T14:08:55.936+0900] {taskinstance.py:2648} INFO - Exporting env vars: AIRFLOW_CTX_DAG_OWNER='airflow' AIRFLOW_CTX_DAG_ID='simple_bash' AIRFLOW_CTX_TASK_ID='count.log' AIRFLOW_CTX_EXECUTION_DATE='2024-07-14T00:00:00+00:00' AIRFLOW_CTX_TRY_NUMBER='1' AIRFLOW_CTX_DAG_RUN_ID='scheduled__2024-07-14T00:00:00+00:00'
[2024-07-24T14:08:55.936+0900] {taskinstance.py:430} INFO - ::endgroup::
[2024-07-24T14:08:55.942+0900] {subprocess.py:63} INFO - Tmp dir root location: /var/folders/qv/0knwm5h50ml0skpppwpbks_r0000gp/T
[2024-07-24T14:08:55.943+0900] {subprocess.py:75} INFO - Running command: ['/bin/bash', '-c', '\n            echo "count"\n        ']
[2024-07-24T14:08:55.946+0900] {subprocess.py:86} INFO - Output:
[2024-07-24T14:08:55.948+0900] {subprocess.py:93} INFO - count
[2024-07-24T14:08:55.948+0900] {subprocess.py:97} INFO - Command exited with return code 0
[2024-07-24T14:08:55.948+0900] {taskinstance.py:441} INFO - ::group::Post task execution logs
[2024-07-24T14:08:55.954+0900] {taskinstance.py:1206} INFO - Marking task as SUCCESS. dag_id=simple_bash, task_id=count.log, run_id=scheduled__2024-07-14T00:00:00+00:00, execution_date=20240714T000000, start_date=20240724T050855, end_date=20240724T050855
[2024-07-24T14:08:55.960+0900] {local_task_job_runner.py:243} INFO - Task exited with return code 0
[2024-07-24T14:08:55.965+0900] {taskinstance.py:3503} INFO - 0 downstream tasks scheduled from follow-on schedule check
[2024-07-24T14:08:55.966+0900] {local_task_job_runner.py:222} INFO - ::endgroup::
[2024-07-24T14:21:07.883+0900] {local_task_job_runner.py:120} INFO - ::group::Pre task execution logs
[2024-07-24T14:21:07.890+0900] {taskinstance.py:2076} INFO - Dependencies all met for dep_context=non-requeueable deps ti=<TaskInstance: simple_bash.count.log scheduled__2024-07-14T00:00:00+00:00 [queued]>
[2024-07-24T14:21:07.893+0900] {taskinstance.py:2076} INFO - Dependencies all met for dep_context=requeueable deps ti=<TaskInstance: simple_bash.count.log scheduled__2024-07-14T00:00:00+00:00 [queued]>
[2024-07-24T14:21:07.893+0900] {taskinstance.py:2306} INFO - Starting attempt 1 of 1
[2024-07-24T14:21:07.897+0900] {taskinstance.py:2330} INFO - Executing <Task(BashOperator): count.log> on 2024-07-14 00:00:00+00:00
[2024-07-24T14:21:07.899+0900] {standard_task_runner.py:64} INFO - Started process 90928 to run task
[2024-07-24T14:21:07.901+0900] {standard_task_runner.py:90} INFO - Running: ['airflow', 'tasks', 'run', 'simple_bash', 'count.log', 'scheduled__2024-07-14T00:00:00+00:00', '--job-id', '125', '--raw', '--subdir', 'DAGS_FOLDER/simple_bash.py', '--cfg-path', '/var/folders/qv/0knwm5h50ml0skpppwpbks_r0000gp/T/tmppm2maqix']
[2024-07-24T14:21:07.903+0900] {standard_task_runner.py:91} INFO - Job 125: Subtask count.log
[2024-07-24T14:21:07.916+0900] {task_command.py:426} INFO - Running <TaskInstance: simple_bash.count.log scheduled__2024-07-14T00:00:00+00:00 [running]> on host jeongui-MacBookPro.local
[2024-07-24T14:21:07.938+0900] {taskinstance.py:2648} INFO - Exporting env vars: AIRFLOW_CTX_DAG_OWNER='airflow' AIRFLOW_CTX_DAG_ID='simple_bash' AIRFLOW_CTX_TASK_ID='count.log' AIRFLOW_CTX_EXECUTION_DATE='2024-07-14T00:00:00+00:00' AIRFLOW_CTX_TRY_NUMBER='1' AIRFLOW_CTX_DAG_RUN_ID='scheduled__2024-07-14T00:00:00+00:00'
[2024-07-24T14:21:07.938+0900] {taskinstance.py:430} INFO - ::endgroup::
[2024-07-24T14:21:07.944+0900] {subprocess.py:63} INFO - Tmp dir root location: /var/folders/qv/0knwm5h50ml0skpppwpbks_r0000gp/T
[2024-07-24T14:21:07.944+0900] {subprocess.py:75} INFO - Running command: ['/bin/bash', '-c', '\n            echo "count"\n\t\t\tLANG=C\n\t\t\tmkdir -p ~/data/count/20240714\n\t\t\tcat ~/data/sort/20240714/sort.log | uniq -c > ~/data/count/20240714/count.log\n        ']
[2024-07-24T14:21:07.947+0900] {subprocess.py:86} INFO - Output:
[2024-07-24T14:21:07.949+0900] {subprocess.py:93} INFO - count
[2024-07-24T14:21:07.952+0900] {subprocess.py:97} INFO - Command exited with return code 0
[2024-07-24T14:21:07.952+0900] {taskinstance.py:441} INFO - ::group::Post task execution logs
[2024-07-24T14:21:07.958+0900] {taskinstance.py:1206} INFO - Marking task as SUCCESS. dag_id=simple_bash, task_id=count.log, run_id=scheduled__2024-07-14T00:00:00+00:00, execution_date=20240714T000000, start_date=20240724T052107, end_date=20240724T052107
[2024-07-24T14:21:08.004+0900] {local_task_job_runner.py:243} INFO - Task exited with return code 0
[2024-07-24T14:21:08.010+0900] {taskinstance.py:3503} INFO - 0 downstream tasks scheduled from follow-on schedule check
[2024-07-24T14:21:08.010+0900] {local_task_job_runner.py:222} INFO - ::endgroup::
