[2024-07-30T13:59:18.749+0900] {local_task_job_runner.py:120} INFO - ::group::Pre task execution logs
[2024-07-30T13:59:18.760+0900] {taskinstance.py:2076} INFO - Dependencies all met for dep_context=non-requeueable deps ti=<TaskInstance: make_parquet.err.report scheduled__2024-07-29T04:10:00+00:00 [queued]>
[2024-07-30T13:59:18.763+0900] {taskinstance.py:2076} INFO - Dependencies all met for dep_context=requeueable deps ti=<TaskInstance: make_parquet.err.report scheduled__2024-07-29T04:10:00+00:00 [queued]>
[2024-07-30T13:59:18.764+0900] {taskinstance.py:2306} INFO - Starting attempt 1 of 2
[2024-07-30T13:59:18.769+0900] {taskinstance.py:2330} INFO - Executing <Task(BashOperator): err.report> on 2024-07-29 04:10:00+00:00
[2024-07-30T13:59:18.771+0900] {standard_task_runner.py:64} INFO - Started process 10829 to run task
[2024-07-30T13:59:18.774+0900] {standard_task_runner.py:90} INFO - Running: ['airflow', 'tasks', 'run', 'make_parquet', 'err.report', 'scheduled__2024-07-29T04:10:00+00:00', '--job-id', '665', '--raw', '--subdir', 'DAGS_FOLDER/make_parquet.py', '--cfg-path', '/var/folders/qv/0knwm5h50ml0skpppwpbks_r0000gp/T/tmpfkbzahgm']
[2024-07-30T13:59:18.776+0900] {standard_task_runner.py:91} INFO - Job 665: Subtask err.report
[2024-07-30T13:59:18.791+0900] {task_command.py:426} INFO - Running <TaskInstance: make_parquet.err.report scheduled__2024-07-29T04:10:00+00:00 [running]> on host jeongui-MacBookPro.local
[2024-07-30T13:59:18.813+0900] {taskinstance.py:2648} INFO - Exporting env vars: AIRFLOW_CTX_DAG_OWNER='airflow' AIRFLOW_CTX_DAG_ID='make_parquet' AIRFLOW_CTX_TASK_ID='err.report' AIRFLOW_CTX_EXECUTION_DATE='2024-07-29T04:10:00+00:00' AIRFLOW_CTX_TRY_NUMBER='1' AIRFLOW_CTX_DAG_RUN_ID='scheduled__2024-07-29T04:10:00+00:00'
[2024-07-30T13:59:18.813+0900] {taskinstance.py:430} INFO - ::endgroup::
[2024-07-30T13:59:18.819+0900] {subprocess.py:63} INFO - Tmp dir root location: /var/folders/qv/0knwm5h50ml0skpppwpbks_r0000gp/T
[2024-07-30T13:59:18.819+0900] {subprocess.py:75} INFO - Running command: ['/bin/bash', '-c', '\n        ']
[2024-07-30T13:59:18.822+0900] {subprocess.py:86} INFO - Output:
[2024-07-30T13:59:18.824+0900] {subprocess.py:97} INFO - Command exited with return code 0
[2024-07-30T13:59:18.824+0900] {taskinstance.py:441} INFO - ::group::Post task execution logs
[2024-07-30T13:59:18.830+0900] {taskinstance.py:1206} INFO - Marking task as SUCCESS. dag_id=make_parquet, task_id=err.report, run_id=scheduled__2024-07-29T04:10:00+00:00, execution_date=20240729T041000, start_date=20240730T045918, end_date=20240730T045918
[2024-07-30T13:59:18.836+0900] {local_task_job_runner.py:243} INFO - Task exited with return code 0
[2024-07-30T13:59:18.843+0900] {taskinstance.py:3503} INFO - 0 downstream tasks scheduled from follow-on schedule check
[2024-07-30T13:59:18.843+0900] {local_task_job_runner.py:222} INFO - ::endgroup::
