[2024-07-24T14:13:39.140+0900] {local_task_job_runner.py:120} INFO - ::group::Pre task execution logs
[2024-07-24T14:13:39.148+0900] {taskinstance.py:2076} INFO - Dependencies all met for dep_context=non-requeueable deps ti=<TaskInstance: simple_bash.copy.log scheduled__2024-07-13T00:00:00+00:00 [queued]>
[2024-07-24T14:13:39.150+0900] {taskinstance.py:2076} INFO - Dependencies all met for dep_context=requeueable deps ti=<TaskInstance: simple_bash.copy.log scheduled__2024-07-13T00:00:00+00:00 [queued]>
[2024-07-24T14:13:39.150+0900] {taskinstance.py:2306} INFO - Starting attempt 2 of 3
[2024-07-24T14:13:39.154+0900] {taskinstance.py:2330} INFO - Executing <Task(BashOperator): copy.log> on 2024-07-13 00:00:00+00:00
[2024-07-24T14:13:39.157+0900] {standard_task_runner.py:64} INFO - Started process 89898 to run task
[2024-07-24T14:13:39.159+0900] {standard_task_runner.py:90} INFO - Running: ['airflow', 'tasks', 'run', 'simple_bash', 'copy.log', 'scheduled__2024-07-13T00:00:00+00:00', '--job-id', '73', '--raw', '--subdir', 'DAGS_FOLDER/simple_bash.py', '--cfg-path', '/var/folders/qv/0knwm5h50ml0skpppwpbks_r0000gp/T/tmprzhjs246']
[2024-07-24T14:13:39.161+0900] {standard_task_runner.py:91} INFO - Job 73: Subtask copy.log
[2024-07-24T14:13:39.175+0900] {task_command.py:426} INFO - Running <TaskInstance: simple_bash.copy.log scheduled__2024-07-13T00:00:00+00:00 [running]> on host jeongui-MacBookPro.local
[2024-07-24T14:13:39.198+0900] {taskinstance.py:2648} INFO - Exporting env vars: AIRFLOW_CTX_DAG_OWNER='airflow' AIRFLOW_CTX_DAG_ID='simple_bash' AIRFLOW_CTX_TASK_ID='copy.log' AIRFLOW_CTX_EXECUTION_DATE='2024-07-13T00:00:00+00:00' AIRFLOW_CTX_TRY_NUMBER='2' AIRFLOW_CTX_DAG_RUN_ID='scheduled__2024-07-13T00:00:00+00:00'
[2024-07-24T14:13:39.198+0900] {taskinstance.py:430} INFO - ::endgroup::
[2024-07-24T14:13:39.204+0900] {subprocess.py:63} INFO - Tmp dir root location: /var/folders/qv/0knwm5h50ml0skpppwpbks_r0000gp/T
[2024-07-24T14:13:39.204+0900] {subprocess.py:75} INFO - Running command: ['/bin/bash', '-c', '\n            mkdir -p ~/data/20240713\n            cp ~/logs/history_20240713*.log ~/data/20240713/\n        ']
[2024-07-24T14:13:39.207+0900] {subprocess.py:86} INFO - Output:
[2024-07-24T14:13:39.214+0900] {subprocess.py:97} INFO - Command exited with return code 0
[2024-07-24T14:13:39.215+0900] {taskinstance.py:441} INFO - ::group::Post task execution logs
[2024-07-24T14:13:39.221+0900] {taskinstance.py:1206} INFO - Marking task as SUCCESS. dag_id=simple_bash, task_id=copy.log, run_id=scheduled__2024-07-13T00:00:00+00:00, execution_date=20240713T000000, start_date=20240724T051339, end_date=20240724T051339
[2024-07-24T14:13:39.266+0900] {local_task_job_runner.py:243} INFO - Task exited with return code 0
[2024-07-24T14:13:39.276+0900] {taskinstance.py:3503} INFO - 1 downstream tasks scheduled from follow-on schedule check
[2024-07-24T14:13:39.277+0900] {local_task_job_runner.py:222} INFO - ::endgroup::
[2024-07-24T14:33:45.295+0900] {local_task_job_runner.py:120} INFO - ::group::Pre task execution logs
[2024-07-24T14:33:45.302+0900] {taskinstance.py:2076} INFO - Dependencies all met for dep_context=non-requeueable deps ti=<TaskInstance: simple_bash.copy.log scheduled__2024-07-13T00:00:00+00:00 [queued]>
[2024-07-24T14:33:45.305+0900] {taskinstance.py:2076} INFO - Dependencies all met for dep_context=requeueable deps ti=<TaskInstance: simple_bash.copy.log scheduled__2024-07-13T00:00:00+00:00 [queued]>
[2024-07-24T14:33:45.305+0900] {taskinstance.py:2306} INFO - Starting attempt 2 of 2
[2024-07-24T14:33:45.309+0900] {taskinstance.py:2330} INFO - Executing <Task(BashOperator): copy.log> on 2024-07-13 00:00:00+00:00
[2024-07-24T14:33:45.311+0900] {standard_task_runner.py:64} INFO - Started process 92288 to run task
[2024-07-24T14:33:45.314+0900] {standard_task_runner.py:90} INFO - Running: ['airflow', 'tasks', 'run', 'simple_bash', 'copy.log', 'scheduled__2024-07-13T00:00:00+00:00', '--job-id', '165', '--raw', '--subdir', 'DAGS_FOLDER/simple_bash.py', '--cfg-path', '/var/folders/qv/0knwm5h50ml0skpppwpbks_r0000gp/T/tmpehd491eq']
[2024-07-24T14:33:45.315+0900] {standard_task_runner.py:91} INFO - Job 165: Subtask copy.log
[2024-07-24T14:33:45.328+0900] {task_command.py:426} INFO - Running <TaskInstance: simple_bash.copy.log scheduled__2024-07-13T00:00:00+00:00 [running]> on host jeongui-MacBookPro.local
[2024-07-24T14:33:45.350+0900] {taskinstance.py:2648} INFO - Exporting env vars: AIRFLOW_CTX_DAG_OWNER='airflow' AIRFLOW_CTX_DAG_ID='simple_bash' AIRFLOW_CTX_TASK_ID='copy.log' AIRFLOW_CTX_EXECUTION_DATE='2024-07-13T00:00:00+00:00' AIRFLOW_CTX_TRY_NUMBER='2' AIRFLOW_CTX_DAG_RUN_ID='scheduled__2024-07-13T00:00:00+00:00'
[2024-07-24T14:33:45.350+0900] {taskinstance.py:430} INFO - ::endgroup::
[2024-07-24T14:33:45.356+0900] {subprocess.py:63} INFO - Tmp dir root location: /var/folders/qv/0knwm5h50ml0skpppwpbks_r0000gp/T
[2024-07-24T14:33:45.356+0900] {subprocess.py:75} INFO - Running command: ['/bin/bash', '-c', '\n            mkdir -p ~/data/20240713\n            cp ~/logs/history_20240713*.log ~/data/20240713/\n        ']
[2024-07-24T14:33:45.359+0900] {subprocess.py:86} INFO - Output:
[2024-07-24T14:33:45.367+0900] {subprocess.py:97} INFO - Command exited with return code 0
[2024-07-24T14:33:45.367+0900] {taskinstance.py:441} INFO - ::group::Post task execution logs
[2024-07-24T14:33:45.373+0900] {taskinstance.py:1206} INFO - Marking task as SUCCESS. dag_id=simple_bash, task_id=copy.log, run_id=scheduled__2024-07-13T00:00:00+00:00, execution_date=20240713T000000, start_date=20240724T053345, end_date=20240724T053345
[2024-07-24T14:33:45.418+0900] {local_task_job_runner.py:243} INFO - Task exited with return code 0
[2024-07-24T14:33:45.428+0900] {taskinstance.py:3503} INFO - 1 downstream tasks scheduled from follow-on schedule check
[2024-07-24T14:33:45.429+0900] {local_task_job_runner.py:222} INFO - ::endgroup::
