[2024-07-24T12:43:42.029+0900] {local_task_job_runner.py:120} INFO - ::group::Pre task execution logs
[2024-07-24T12:43:42.037+0900] {taskinstance.py:2076} INFO - Dependencies all met for dep_context=non-requeueable deps ti=<TaskInstance: simple_bash.copy.log scheduled__2024-07-13T00:00:00+00:00 [queued]>
[2024-07-24T12:43:42.039+0900] {taskinstance.py:2076} INFO - Dependencies all met for dep_context=requeueable deps ti=<TaskInstance: simple_bash.copy.log scheduled__2024-07-13T00:00:00+00:00 [queued]>
[2024-07-24T12:43:42.039+0900] {taskinstance.py:2306} INFO - Starting attempt 1 of 6
[2024-07-24T12:43:42.043+0900] {taskinstance.py:2330} INFO - Executing <Task(BashOperator): copy.log> on 2024-07-13 00:00:00+00:00
[2024-07-24T12:43:42.046+0900] {standard_task_runner.py:64} INFO - Started process 88667 to run task
[2024-07-24T12:43:42.048+0900] {standard_task_runner.py:90} INFO - Running: ['airflow', 'tasks', 'run', 'simple_bash', 'copy.log', 'scheduled__2024-07-13T00:00:00+00:00', '--job-id', '13', '--raw', '--subdir', 'DAGS_FOLDER/simple_bash.py', '--cfg-path', '/var/folders/qv/0knwm5h50ml0skpppwpbks_r0000gp/T/tmpwsuo06ix']
[2024-07-24T12:43:42.050+0900] {standard_task_runner.py:91} INFO - Job 13: Subtask copy.log
[2024-07-24T12:43:42.063+0900] {task_command.py:426} INFO - Running <TaskInstance: simple_bash.copy.log scheduled__2024-07-13T00:00:00+00:00 [running]> on host jeongui-MacBookPro.local
[2024-07-24T12:43:42.085+0900] {taskinstance.py:2648} INFO - Exporting env vars: AIRFLOW_CTX_DAG_OWNER='airflow' AIRFLOW_CTX_DAG_ID='simple_bash' AIRFLOW_CTX_TASK_ID='copy.log' AIRFLOW_CTX_EXECUTION_DATE='2024-07-13T00:00:00+00:00' AIRFLOW_CTX_TRY_NUMBER='1' AIRFLOW_CTX_DAG_RUN_ID='scheduled__2024-07-13T00:00:00+00:00'
[2024-07-24T12:43:42.085+0900] {taskinstance.py:430} INFO - ::endgroup::
[2024-07-24T12:43:42.091+0900] {subprocess.py:63} INFO - Tmp dir root location: /var/folders/qv/0knwm5h50ml0skpppwpbks_r0000gp/T
[2024-07-24T12:43:42.091+0900] {subprocess.py:75} INFO - Running command: ['/bin/bash', '-c', '\n            mkdir -p ~/data/20240713\n            cp ~/logs/history_20240713*.log ~/data/20240713/\n        ']
[2024-07-24T12:43:42.094+0900] {subprocess.py:86} INFO - Output:
[2024-07-24T12:43:42.098+0900] {subprocess.py:93} INFO - cp: /Users/DE32/logs/history_20240713*.log: No such file or directory
[2024-07-24T12:43:42.098+0900] {subprocess.py:97} INFO - Command exited with return code 1
[2024-07-24T12:43:42.099+0900] {taskinstance.py:441} INFO - ::group::Post task execution logs
[2024-07-24T12:43:42.102+0900] {taskinstance.py:2905} ERROR - Task failed with exception
Traceback (most recent call last):
  File "/Users/DE32/.pyenv/versions/3.11.9/envs/note/lib/python3.11/site-packages/airflow/models/taskinstance.py", line 465, in _execute_task
    result = _execute_callable(context=context, **execute_callable_kwargs)
             ^^^^^^^^^^^^^^^^^^^^^^^^^^^^^^^^^^^^^^^^^^^^^^^^^^^^^^^^^^^^^
  File "/Users/DE32/.pyenv/versions/3.11.9/envs/note/lib/python3.11/site-packages/airflow/models/taskinstance.py", line 432, in _execute_callable
    return execute_callable(context=context, **execute_callable_kwargs)
           ^^^^^^^^^^^^^^^^^^^^^^^^^^^^^^^^^^^^^^^^^^^^^^^^^^^^^^^^^^^^
  File "/Users/DE32/.pyenv/versions/3.11.9/envs/note/lib/python3.11/site-packages/airflow/models/baseoperator.py", line 401, in wrapper
    return func(self, *args, **kwargs)
           ^^^^^^^^^^^^^^^^^^^^^^^^^^^
  File "/Users/DE32/.pyenv/versions/3.11.9/envs/note/lib/python3.11/site-packages/airflow/operators/bash.py", line 243, in execute
    raise AirflowException(
airflow.exceptions.AirflowException: Bash command failed. The command returned a non-zero exit code 1.
[2024-07-24T12:43:42.103+0900] {taskinstance.py:1206} INFO - Marking task as UP_FOR_RETRY. dag_id=simple_bash, task_id=copy.log, run_id=scheduled__2024-07-13T00:00:00+00:00, execution_date=20240713T000000, start_date=20240724T034342, end_date=20240724T034342
[2024-07-24T12:43:42.107+0900] {standard_task_runner.py:110} ERROR - Failed to execute job 13 for task copy.log (Bash command failed. The command returned a non-zero exit code 1.; 88667)
[2024-07-24T12:43:42.153+0900] {local_task_job_runner.py:243} INFO - Task exited with return code 1
[2024-07-24T12:43:42.162+0900] {taskinstance.py:3503} INFO - 0 downstream tasks scheduled from follow-on schedule check
[2024-07-24T12:43:42.162+0900] {local_task_job_runner.py:222} INFO - ::endgroup::
[2024-07-24T14:06:56.220+0900] {local_task_job_runner.py:120} INFO - ::group::Pre task execution logs
[2024-07-24T14:06:56.227+0900] {taskinstance.py:2076} INFO - Dependencies all met for dep_context=non-requeueable deps ti=<TaskInstance: simple_bash.copy.log scheduled__2024-07-13T00:00:00+00:00 [queued]>
[2024-07-24T14:06:56.230+0900] {taskinstance.py:2076} INFO - Dependencies all met for dep_context=requeueable deps ti=<TaskInstance: simple_bash.copy.log scheduled__2024-07-13T00:00:00+00:00 [queued]>
[2024-07-24T14:06:56.230+0900] {taskinstance.py:2306} INFO - Starting attempt 1 of 2
[2024-07-24T14:06:56.234+0900] {taskinstance.py:2330} INFO - Executing <Task(BashOperator): copy.log> on 2024-07-13 00:00:00+00:00
[2024-07-24T14:06:56.236+0900] {standard_task_runner.py:64} INFO - Started process 89353 to run task
[2024-07-24T14:06:56.239+0900] {standard_task_runner.py:90} INFO - Running: ['airflow', 'tasks', 'run', 'simple_bash', 'copy.log', 'scheduled__2024-07-13T00:00:00+00:00', '--job-id', '9', '--raw', '--subdir', 'DAGS_FOLDER/simple_bash.py', '--cfg-path', '/var/folders/qv/0knwm5h50ml0skpppwpbks_r0000gp/T/tmpcplzx50j']
[2024-07-24T14:06:56.240+0900] {standard_task_runner.py:91} INFO - Job 9: Subtask copy.log
[2024-07-24T14:06:56.255+0900] {task_command.py:426} INFO - Running <TaskInstance: simple_bash.copy.log scheduled__2024-07-13T00:00:00+00:00 [running]> on host jeongui-MacBookPro.local
[2024-07-24T14:06:56.275+0900] {taskinstance.py:2648} INFO - Exporting env vars: AIRFLOW_CTX_DAG_OWNER='airflow' AIRFLOW_CTX_DAG_ID='simple_bash' AIRFLOW_CTX_TASK_ID='copy.log' AIRFLOW_CTX_EXECUTION_DATE='2024-07-13T00:00:00+00:00' AIRFLOW_CTX_TRY_NUMBER='1' AIRFLOW_CTX_DAG_RUN_ID='scheduled__2024-07-13T00:00:00+00:00'
[2024-07-24T14:06:56.276+0900] {taskinstance.py:430} INFO - ::endgroup::
[2024-07-24T14:06:56.281+0900] {subprocess.py:63} INFO - Tmp dir root location: /var/folders/qv/0knwm5h50ml0skpppwpbks_r0000gp/T
[2024-07-24T14:06:56.282+0900] {subprocess.py:75} INFO - Running command: ['/bin/bash', '-c', '\n            mkdir -p ~/data/20240713\n            cp ~/logs/history_20240713*.log ~/data/20240713/\n        ']
[2024-07-24T14:06:56.285+0900] {subprocess.py:86} INFO - Output:
[2024-07-24T14:06:56.292+0900] {subprocess.py:97} INFO - Command exited with return code 0
[2024-07-24T14:06:56.293+0900] {taskinstance.py:441} INFO - ::group::Post task execution logs
[2024-07-24T14:06:56.299+0900] {taskinstance.py:1206} INFO - Marking task as SUCCESS. dag_id=simple_bash, task_id=copy.log, run_id=scheduled__2024-07-13T00:00:00+00:00, execution_date=20240713T000000, start_date=20240724T050656, end_date=20240724T050656
[2024-07-24T14:06:56.345+0900] {local_task_job_runner.py:243} INFO - Task exited with return code 0
[2024-07-24T14:06:56.355+0900] {taskinstance.py:3503} INFO - 1 downstream tasks scheduled from follow-on schedule check
[2024-07-24T14:06:56.357+0900] {local_task_job_runner.py:222} INFO - ::endgroup::
[2024-07-24T14:19:08.323+0900] {local_task_job_runner.py:120} INFO - ::group::Pre task execution logs
[2024-07-24T14:19:08.331+0900] {taskinstance.py:2076} INFO - Dependencies all met for dep_context=non-requeueable deps ti=<TaskInstance: simple_bash.copy.log scheduled__2024-07-13T00:00:00+00:00 [queued]>
[2024-07-24T14:19:08.333+0900] {taskinstance.py:2076} INFO - Dependencies all met for dep_context=requeueable deps ti=<TaskInstance: simple_bash.copy.log scheduled__2024-07-13T00:00:00+00:00 [queued]>
[2024-07-24T14:19:08.333+0900] {taskinstance.py:2306} INFO - Starting attempt 1 of 1
[2024-07-24T14:19:08.337+0900] {taskinstance.py:2330} INFO - Executing <Task(BashOperator): copy.log> on 2024-07-13 00:00:00+00:00
[2024-07-24T14:19:08.339+0900] {standard_task_runner.py:64} INFO - Started process 90588 to run task
[2024-07-24T14:19:08.342+0900] {standard_task_runner.py:90} INFO - Running: ['airflow', 'tasks', 'run', 'simple_bash', 'copy.log', 'scheduled__2024-07-13T00:00:00+00:00', '--job-id', '105', '--raw', '--subdir', 'DAGS_FOLDER/simple_bash.py', '--cfg-path', '/var/folders/qv/0knwm5h50ml0skpppwpbks_r0000gp/T/tmpd2j0vuha']
[2024-07-24T14:19:08.343+0900] {standard_task_runner.py:91} INFO - Job 105: Subtask copy.log
[2024-07-24T14:19:08.357+0900] {task_command.py:426} INFO - Running <TaskInstance: simple_bash.copy.log scheduled__2024-07-13T00:00:00+00:00 [running]> on host jeongui-MacBookPro.local
[2024-07-24T14:19:08.377+0900] {taskinstance.py:2648} INFO - Exporting env vars: AIRFLOW_CTX_DAG_OWNER='airflow' AIRFLOW_CTX_DAG_ID='simple_bash' AIRFLOW_CTX_TASK_ID='copy.log' AIRFLOW_CTX_EXECUTION_DATE='2024-07-13T00:00:00+00:00' AIRFLOW_CTX_TRY_NUMBER='1' AIRFLOW_CTX_DAG_RUN_ID='scheduled__2024-07-13T00:00:00+00:00'
[2024-07-24T14:19:08.378+0900] {taskinstance.py:430} INFO - ::endgroup::
[2024-07-24T14:19:08.383+0900] {subprocess.py:63} INFO - Tmp dir root location: /var/folders/qv/0knwm5h50ml0skpppwpbks_r0000gp/T
[2024-07-24T14:19:08.384+0900] {subprocess.py:75} INFO - Running command: ['/bin/bash', '-c', '\n            mkdir -p ~/data/20240713\n            cp ~/logs/history_20240713*.log ~/data/20240713/\n        ']
[2024-07-24T14:19:08.386+0900] {subprocess.py:86} INFO - Output:
[2024-07-24T14:19:08.394+0900] {subprocess.py:97} INFO - Command exited with return code 0
[2024-07-24T14:19:08.394+0900] {taskinstance.py:441} INFO - ::group::Post task execution logs
[2024-07-24T14:19:08.401+0900] {taskinstance.py:1206} INFO - Marking task as SUCCESS. dag_id=simple_bash, task_id=copy.log, run_id=scheduled__2024-07-13T00:00:00+00:00, execution_date=20240713T000000, start_date=20240724T051908, end_date=20240724T051908
[2024-07-24T14:19:08.449+0900] {local_task_job_runner.py:243} INFO - Task exited with return code 0
[2024-07-24T14:19:08.459+0900] {taskinstance.py:3503} INFO - 1 downstream tasks scheduled from follow-on schedule check
[2024-07-24T14:19:08.460+0900] {local_task_job_runner.py:222} INFO - ::endgroup::
