[2024-07-29T16:02:11.204+0900] {local_task_job_runner.py:120} INFO - ::group::Pre task execution logs
[2024-07-29T16:02:11.219+0900] {taskinstance.py:2076} INFO - Dependencies all met for dep_context=non-requeueable deps ti=<TaskInstance: movie.get_data scheduled__2024-07-28T04:10:00+00:00 [queued]>
[2024-07-29T16:02:11.222+0900] {taskinstance.py:2076} INFO - Dependencies all met for dep_context=requeueable deps ti=<TaskInstance: movie.get_data scheduled__2024-07-28T04:10:00+00:00 [queued]>
[2024-07-29T16:02:11.222+0900] {taskinstance.py:2306} INFO - Starting attempt 1 of 2
[2024-07-29T16:02:11.228+0900] {taskinstance.py:2330} INFO - Executing <Task(PythonOperator): get_data> on 2024-07-28 04:10:00+00:00
[2024-07-29T16:02:11.231+0900] {standard_task_runner.py:64} INFO - Started process 4635 to run task
[2024-07-29T16:02:11.235+0900] {standard_task_runner.py:90} INFO - Running: ['airflow', 'tasks', 'run', 'movie', 'get_data', 'scheduled__2024-07-28T04:10:00+00:00', '--job-id', '557', '--raw', '--subdir', 'DAGS_FOLDER/movie.py', '--cfg-path', '/var/folders/qv/0knwm5h50ml0skpppwpbks_r0000gp/T/tmp4loar10p']
[2024-07-29T16:02:11.237+0900] {standard_task_runner.py:91} INFO - Job 557: Subtask get_data
[2024-07-29T16:02:11.265+0900] {task_command.py:426} INFO - Running <TaskInstance: movie.get_data scheduled__2024-07-28T04:10:00+00:00 [running]> on host jeongui-MacBookPro.local
[2024-07-29T16:02:11.354+0900] {taskinstance.py:2648} INFO - Exporting env vars: AIRFLOW_CTX_DAG_OWNER='airflow' AIRFLOW_CTX_DAG_ID='movie' AIRFLOW_CTX_TASK_ID='get_data' AIRFLOW_CTX_EXECUTION_DATE='2024-07-28T04:10:00+00:00' AIRFLOW_CTX_TRY_NUMBER='1' AIRFLOW_CTX_DAG_RUN_ID='scheduled__2024-07-28T04:10:00+00:00'
[2024-07-29T16:02:11.354+0900] {taskinstance.py:430} INFO - ::endgroup::
[2024-07-29T16:02:11.360+0900] {logging_mixin.py:188} INFO - 2024-07-28
[2024-07-29T16:02:11.360+0900] {logging_mixin.py:188} INFO - {'conf': <airflow.configuration.AirflowConfigParser object at 0x104e861d0>, 'dag': <DAG: movie>, 'dag_run': <DagRun movie @ 2024-07-28 04:10:00+00:00: scheduled__2024-07-28T04:10:00+00:00, state:running, queued_at: 2024-07-29 07:01:52.434823+00:00. externally triggered: False>, 'data_interval_end': DateTime(2024, 7, 29, 4, 10, 0, tzinfo=Timezone('UTC')), 'data_interval_start': DateTime(2024, 7, 28, 4, 10, 0, tzinfo=Timezone('UTC')), 'ds_nodash': '20240728', 'execution_date': <Proxy at 0x10af44540 with factory functools.partial(<function lazy_mapping_from_context.<locals>._deprecated_proxy_factory at 0x10aff5ee0>, 'execution_date', DateTime(2024, 7, 28, 4, 10, 0, tzinfo=Timezone('UTC')))>, 'expanded_ti_count': None, 'inlets': [], 'logical_date': DateTime(2024, 7, 28, 4, 10, 0, tzinfo=Timezone('UTC')), 'macros': <module 'airflow.macros' from '/Users/DE32/.pyenv/versions/3.11.9/envs/note/lib/python3.11/site-packages/airflow/macros/__init__.py'>, 'map_index_template': None, 'next_ds': <Proxy at 0x10afff180 with factory functools.partial(<function lazy_mapping_from_context.<locals>._deprecated_proxy_factory at 0x10aff5ee0>, 'next_ds', '2024-07-29')>, 'next_ds_nodash': <Proxy at 0x10a7b64c0 with factory functools.partial(<function lazy_mapping_from_context.<locals>._deprecated_proxy_factory at 0x10aff5ee0>, 'next_ds_nodash', '20240729')>, 'next_execution_date': <Proxy at 0x10df94980 with factory functools.partial(<function lazy_mapping_from_context.<locals>._deprecated_proxy_factory at 0x10aff5ee0>, 'next_execution_date', DateTime(2024, 7, 29, 4, 10, 0, tzinfo=Timezone('UTC')))>, 'outlets': [], 'params': {}, 'prev_data_interval_start_success': None, 'prev_data_interval_end_success': None, 'prev_ds': <Proxy at 0x10df94f00 with factory functools.partial(<function lazy_mapping_from_context.<locals>._deprecated_proxy_factory at 0x10aff5ee0>, 'prev_ds', '2024-07-27')>, 'prev_ds_nodash': <Proxy at 0x10dfbd100 with factory functools.partial(<function lazy_mapping_from_context.<locals>._deprecated_proxy_factory at 0x10aff5ee0>, 'prev_ds_nodash', '20240727')>, 'prev_execution_date': <Proxy at 0x10dfbd1c0 with factory functools.partial(<function lazy_mapping_from_context.<locals>._deprecated_proxy_factory at 0x10aff5ee0>, 'prev_execution_date', DateTime(2024, 7, 27, 4, 10, 0, tzinfo=Timezone('UTC')))>, 'prev_execution_date_success': <Proxy at 0x10dfbd280 with factory functools.partial(<function lazy_mapping_from_context.<locals>._deprecated_proxy_factory at 0x10aff5ee0>, 'prev_execution_date_success', None)>, 'prev_start_date_success': None, 'prev_end_date_success': None, 'run_id': 'scheduled__2024-07-28T04:10:00+00:00', 'task': <Task(PythonOperator): get_data>, 'task_instance': <TaskInstance: movie.get_data scheduled__2024-07-28T04:10:00+00:00 [running]>, 'task_instance_key_str': 'movie__get_data__20240728', 'test_mode': False, 'ti': <TaskInstance: movie.get_data scheduled__2024-07-28T04:10:00+00:00 [running]>, 'tomorrow_ds': <Proxy at 0x10dfbd340 with factory functools.partial(<function lazy_mapping_from_context.<locals>._deprecated_proxy_factory at 0x10aff5ee0>, 'tomorrow_ds', '2024-07-29')>, 'tomorrow_ds_nodash': <Proxy at 0x10dfbd400 with factory functools.partial(<function lazy_mapping_from_context.<locals>._deprecated_proxy_factory at 0x10aff5ee0>, 'tomorrow_ds_nodash', '20240729')>, 'triggering_dataset_events': <Proxy at 0x10affd5c0 with factory <function _get_template_context.<locals>.get_triggering_events at 0x10afb76a0>>, 'ts': '2024-07-28T04:10:00+00:00', 'ts_nodash': '20240728T041000', 'ts_nodash_with_tz': '20240728T041000+0000', 'var': {'json': None, 'value': None}, 'conn': None, 'yesterday_ds': <Proxy at 0x10dfbd4c0 with factory functools.partial(<function lazy_mapping_from_context.<locals>._deprecated_proxy_factory at 0x10aff5ee0>, 'yesterday_ds', '2024-07-27')>, 'yesterday_ds_nodash': <Proxy at 0x10dfbd580 with factory functools.partial(<function lazy_mapping_from_context.<locals>._deprecated_proxy_factory at 0x10aff5ee0>, 'yesterday_ds_nodash', '20240727')>, 'templates_dict': None}
[2024-07-29T16:02:11.360+0900] {logging_mixin.py:188} INFO - ====================
[2024-07-29T16:02:11.361+0900] {logging_mixin.py:188} INFO - ds_nodash => 20240728
[2024-07-29T16:02:11.361+0900] {logging_mixin.py:188} INFO - kwargs type => <class 'dict'>
[2024-07-29T16:02:11.361+0900] {logging_mixin.py:188} INFO - ====================
[2024-07-29T16:02:11.362+0900] {taskinstance.py:441} INFO - ::group::Post task execution logs
[2024-07-29T16:02:11.362+0900] {taskinstance.py:2905} ERROR - Task failed with exception
Traceback (most recent call last):
  File "/Users/DE32/.pyenv/versions/3.11.9/envs/note/lib/python3.11/site-packages/airflow/models/taskinstance.py", line 465, in _execute_task
    result = _execute_callable(context=context, **execute_callable_kwargs)
             ^^^^^^^^^^^^^^^^^^^^^^^^^^^^^^^^^^^^^^^^^^^^^^^^^^^^^^^^^^^^^
  File "/Users/DE32/.pyenv/versions/3.11.9/envs/note/lib/python3.11/site-packages/airflow/models/taskinstance.py", line 432, in _execute_callable
    return execute_callable(context=context, **execute_callable_kwargs)
           ^^^^^^^^^^^^^^^^^^^^^^^^^^^^^^^^^^^^^^^^^^^^^^^^^^^^^^^^^^^^
  File "/Users/DE32/.pyenv/versions/3.11.9/envs/note/lib/python3.11/site-packages/airflow/models/baseoperator.py", line 401, in wrapper
    return func(self, *args, **kwargs)
           ^^^^^^^^^^^^^^^^^^^^^^^^^^^
  File "/Users/DE32/.pyenv/versions/3.11.9/envs/note/lib/python3.11/site-packages/airflow/operators/python.py", line 235, in execute
    return_value = self.execute_callable()
                   ^^^^^^^^^^^^^^^^^^^^^^^
  File "/Users/DE32/.pyenv/versions/3.11.9/envs/note/lib/python3.11/site-packages/airflow/operators/python.py", line 252, in execute_callable
    return self.python_callable(*self.op_args, **self.op_kwargs)
           ^^^^^^^^^^^^^^^^^^^^^^^^^^^^^^^^^^^^^^^^^^^^^^^^^^^^^
  File "/Users/DE32/airflow/dags/movie.py", line 32, in get_data
    from movie.api.call import get_key, save2df
ModuleNotFoundError: No module named 'movie.api'; 'movie' is not a package
[2024-07-29T16:02:11.365+0900] {taskinstance.py:1206} INFO - Marking task as UP_FOR_RETRY. dag_id=movie, task_id=get_data, run_id=scheduled__2024-07-28T04:10:00+00:00, execution_date=20240728T041000, start_date=20240729T070211, end_date=20240729T070211
[2024-07-29T16:02:11.370+0900] {standard_task_runner.py:110} ERROR - Failed to execute job 557 for task get_data (No module named 'movie.api'; 'movie' is not a package; 4635)
[2024-07-29T16:02:11.384+0900] {local_task_job_runner.py:243} INFO - Task exited with return code 1
[2024-07-29T16:02:11.394+0900] {taskinstance.py:3503} INFO - 0 downstream tasks scheduled from follow-on schedule check
[2024-07-29T16:02:11.394+0900] {local_task_job_runner.py:222} INFO - ::endgroup::
[2024-07-29T16:49:47.165+0900] {local_task_job_runner.py:120} INFO - ::group::Pre task execution logs
[2024-07-29T16:49:47.172+0900] {taskinstance.py:2076} INFO - Dependencies all met for dep_context=non-requeueable deps ti=<TaskInstance: movie.get_data scheduled__2024-07-28T04:10:00+00:00 [queued]>
[2024-07-29T16:49:47.174+0900] {taskinstance.py:2076} INFO - Dependencies all met for dep_context=requeueable deps ti=<TaskInstance: movie.get_data scheduled__2024-07-28T04:10:00+00:00 [queued]>
[2024-07-29T16:49:47.174+0900] {taskinstance.py:2306} INFO - Starting attempt 1 of 2
[2024-07-29T16:49:47.179+0900] {taskinstance.py:2330} INFO - Executing <Task(PythonOperator): get_data> on 2024-07-28 04:10:00+00:00
[2024-07-29T16:49:47.182+0900] {standard_task_runner.py:64} INFO - Started process 10145 to run task
[2024-07-29T16:49:47.185+0900] {standard_task_runner.py:90} INFO - Running: ['airflow', 'tasks', 'run', 'movie', 'get_data', 'scheduled__2024-07-28T04:10:00+00:00', '--job-id', '584', '--raw', '--subdir', 'DAGS_FOLDER/movie.py', '--cfg-path', '/var/folders/qv/0knwm5h50ml0skpppwpbks_r0000gp/T/tmpg762dxfb']
[2024-07-29T16:49:47.186+0900] {standard_task_runner.py:91} INFO - Job 584: Subtask get_data
[2024-07-29T16:49:47.203+0900] {task_command.py:426} INFO - Running <TaskInstance: movie.get_data scheduled__2024-07-28T04:10:00+00:00 [running]> on host jeongui-MacBookPro.local
[2024-07-29T16:49:47.226+0900] {taskinstance.py:2648} INFO - Exporting env vars: AIRFLOW_CTX_DAG_OWNER='airflow' AIRFLOW_CTX_DAG_ID='movie' AIRFLOW_CTX_TASK_ID='get_data' AIRFLOW_CTX_EXECUTION_DATE='2024-07-28T04:10:00+00:00' AIRFLOW_CTX_TRY_NUMBER='1' AIRFLOW_CTX_DAG_RUN_ID='scheduled__2024-07-28T04:10:00+00:00'
[2024-07-29T16:49:47.226+0900] {taskinstance.py:430} INFO - ::endgroup::
[2024-07-29T16:49:47.232+0900] {logging_mixin.py:188} INFO - 2024-07-28
[2024-07-29T16:49:47.232+0900] {logging_mixin.py:188} INFO - {'conf': <airflow.configuration.AirflowConfigParser object at 0x1055b21d0>, 'dag': <DAG: movie>, 'dag_run': <DagRun movie @ 2024-07-28 04:10:00+00:00: scheduled__2024-07-28T04:10:00+00:00, state:running, queued_at: 2024-07-29 07:49:04.491853+00:00. externally triggered: False>, 'data_interval_end': DateTime(2024, 7, 29, 4, 10, 0, tzinfo=Timezone('UTC')), 'data_interval_start': DateTime(2024, 7, 28, 4, 10, 0, tzinfo=Timezone('UTC')), 'ds_nodash': '20240728', 'execution_date': <Proxy at 0x10b054640 with factory functools.partial(<function lazy_mapping_from_context.<locals>._deprecated_proxy_factory at 0x10d065ee0>, 'execution_date', DateTime(2024, 7, 28, 4, 10, 0, tzinfo=Timezone('UTC')))>, 'expanded_ti_count': None, 'inlets': [], 'logical_date': DateTime(2024, 7, 28, 4, 10, 0, tzinfo=Timezone('UTC')), 'macros': <module 'airflow.macros' from '/Users/DE32/.pyenv/versions/3.11.9/envs/note/lib/python3.11/site-packages/airflow/macros/__init__.py'>, 'map_index_template': None, 'next_ds': <Proxy at 0x10d0d1b80 with factory functools.partial(<function lazy_mapping_from_context.<locals>._deprecated_proxy_factory at 0x10d065ee0>, 'next_ds', '2024-07-29')>, 'next_ds_nodash': <Proxy at 0x10d0ec7c0 with factory functools.partial(<function lazy_mapping_from_context.<locals>._deprecated_proxy_factory at 0x10d065ee0>, 'next_ds_nodash', '20240729')>, 'next_execution_date': <Proxy at 0x10d0ecd80 with factory functools.partial(<function lazy_mapping_from_context.<locals>._deprecated_proxy_factory at 0x10d065ee0>, 'next_execution_date', DateTime(2024, 7, 29, 4, 10, 0, tzinfo=Timezone('UTC')))>, 'outlets': [], 'params': {}, 'prev_data_interval_start_success': None, 'prev_data_interval_end_success': None, 'prev_ds': <Proxy at 0x10d0ec840 with factory functools.partial(<function lazy_mapping_from_context.<locals>._deprecated_proxy_factory at 0x10d065ee0>, 'prev_ds', '2024-07-27')>, 'prev_ds_nodash': <Proxy at 0x10d114dc0 with factory functools.partial(<function lazy_mapping_from_context.<locals>._deprecated_proxy_factory at 0x10d065ee0>, 'prev_ds_nodash', '20240727')>, 'prev_execution_date': <Proxy at 0x10d114e80 with factory functools.partial(<function lazy_mapping_from_context.<locals>._deprecated_proxy_factory at 0x10d065ee0>, 'prev_execution_date', DateTime(2024, 7, 27, 4, 10, 0, tzinfo=Timezone('UTC')))>, 'prev_execution_date_success': <Proxy at 0x10d114f40 with factory functools.partial(<function lazy_mapping_from_context.<locals>._deprecated_proxy_factory at 0x10d065ee0>, 'prev_execution_date_success', None)>, 'prev_start_date_success': None, 'prev_end_date_success': None, 'run_id': 'scheduled__2024-07-28T04:10:00+00:00', 'task': <Task(PythonOperator): get_data>, 'task_instance': <TaskInstance: movie.get_data scheduled__2024-07-28T04:10:00+00:00 [running]>, 'task_instance_key_str': 'movie__get_data__20240728', 'test_mode': False, 'ti': <TaskInstance: movie.get_data scheduled__2024-07-28T04:10:00+00:00 [running]>, 'tomorrow_ds': <Proxy at 0x10d115000 with factory functools.partial(<function lazy_mapping_from_context.<locals>._deprecated_proxy_factory at 0x10d065ee0>, 'tomorrow_ds', '2024-07-29')>, 'tomorrow_ds_nodash': <Proxy at 0x10d1150c0 with factory functools.partial(<function lazy_mapping_from_context.<locals>._deprecated_proxy_factory at 0x10d065ee0>, 'tomorrow_ds_nodash', '20240729')>, 'triggering_dataset_events': <Proxy at 0x10d06a5c0 with factory <function _get_template_context.<locals>.get_triggering_events at 0x10d0236a0>>, 'ts': '2024-07-28T04:10:00+00:00', 'ts_nodash': '20240728T041000', 'ts_nodash_with_tz': '20240728T041000+0000', 'var': {'json': None, 'value': None}, 'conn': None, 'yesterday_ds': <Proxy at 0x10d115180 with factory functools.partial(<function lazy_mapping_from_context.<locals>._deprecated_proxy_factory at 0x10d065ee0>, 'yesterday_ds', '2024-07-27')>, 'yesterday_ds_nodash': <Proxy at 0x10d115240 with factory functools.partial(<function lazy_mapping_from_context.<locals>._deprecated_proxy_factory at 0x10d065ee0>, 'yesterday_ds_nodash', '20240727')>, 'templates_dict': None}
[2024-07-29T16:49:47.232+0900] {logging_mixin.py:188} INFO - ====================
[2024-07-29T16:49:47.233+0900] {logging_mixin.py:188} INFO - ds_nodash => 20240728
[2024-07-29T16:49:47.233+0900] {logging_mixin.py:188} INFO - kwargs type => <class 'dict'>
[2024-07-29T16:49:47.233+0900] {logging_mixin.py:188} INFO - ====================
[2024-07-29T16:49:47.234+0900] {taskinstance.py:441} INFO - ::group::Post task execution logs
[2024-07-29T16:49:47.234+0900] {taskinstance.py:2905} ERROR - Task failed with exception
Traceback (most recent call last):
  File "/Users/DE32/.pyenv/versions/3.11.9/envs/note/lib/python3.11/site-packages/airflow/models/taskinstance.py", line 465, in _execute_task
    result = _execute_callable(context=context, **execute_callable_kwargs)
             ^^^^^^^^^^^^^^^^^^^^^^^^^^^^^^^^^^^^^^^^^^^^^^^^^^^^^^^^^^^^^
  File "/Users/DE32/.pyenv/versions/3.11.9/envs/note/lib/python3.11/site-packages/airflow/models/taskinstance.py", line 432, in _execute_callable
    return execute_callable(context=context, **execute_callable_kwargs)
           ^^^^^^^^^^^^^^^^^^^^^^^^^^^^^^^^^^^^^^^^^^^^^^^^^^^^^^^^^^^^
  File "/Users/DE32/.pyenv/versions/3.11.9/envs/note/lib/python3.11/site-packages/airflow/models/baseoperator.py", line 401, in wrapper
    return func(self, *args, **kwargs)
           ^^^^^^^^^^^^^^^^^^^^^^^^^^^
  File "/Users/DE32/.pyenv/versions/3.11.9/envs/note/lib/python3.11/site-packages/airflow/operators/python.py", line 235, in execute
    return_value = self.execute_callable()
                   ^^^^^^^^^^^^^^^^^^^^^^^
  File "/Users/DE32/.pyenv/versions/3.11.9/envs/note/lib/python3.11/site-packages/airflow/operators/python.py", line 252, in execute_callable
    return self.python_callable(*self.op_args, **self.op_kwargs)
           ^^^^^^^^^^^^^^^^^^^^^^^^^^^^^^^^^^^^^^^^^^^^^^^^^^^^^
  File "/Users/DE32/airflow/dags/movie.py", line 32, in get_data
    from movie.api.call import get_key, save2df
ModuleNotFoundError: No module named 'movie.api'; 'movie' is not a package
[2024-07-29T16:49:47.237+0900] {taskinstance.py:1206} INFO - Marking task as UP_FOR_RETRY. dag_id=movie, task_id=get_data, run_id=scheduled__2024-07-28T04:10:00+00:00, execution_date=20240728T041000, start_date=20240729T074947, end_date=20240729T074947
[2024-07-29T16:49:47.241+0900] {standard_task_runner.py:110} ERROR - Failed to execute job 584 for task get_data (No module named 'movie.api'; 'movie' is not a package; 10145)
[2024-07-29T16:49:47.247+0900] {local_task_job_runner.py:243} INFO - Task exited with return code 1
[2024-07-29T16:49:47.255+0900] {taskinstance.py:3503} INFO - 0 downstream tasks scheduled from follow-on schedule check
[2024-07-29T16:49:47.255+0900] {local_task_job_runner.py:222} INFO - ::endgroup::
