[2024-07-29T16:02:47.639+0900] {local_task_job_runner.py:120} INFO - ::group::Pre task execution logs
[2024-07-29T16:02:47.651+0900] {taskinstance.py:2076} INFO - Dependencies all met for dep_context=non-requeueable deps ti=<TaskInstance: movie.get_data scheduled__2024-07-28T04:10:00+00:00 [queued]>
[2024-07-29T16:02:47.654+0900] {taskinstance.py:2076} INFO - Dependencies all met for dep_context=requeueable deps ti=<TaskInstance: movie.get_data scheduled__2024-07-28T04:10:00+00:00 [queued]>
[2024-07-29T16:02:47.654+0900] {taskinstance.py:2306} INFO - Starting attempt 2 of 2
[2024-07-29T16:02:47.659+0900] {taskinstance.py:2330} INFO - Executing <Task(PythonOperator): get_data> on 2024-07-28 04:10:00+00:00
[2024-07-29T16:02:47.662+0900] {standard_task_runner.py:64} INFO - Started process 5374 to run task
[2024-07-29T16:02:47.665+0900] {standard_task_runner.py:90} INFO - Running: ['airflow', 'tasks', 'run', 'movie', 'get_data', 'scheduled__2024-07-28T04:10:00+00:00', '--job-id', '563', '--raw', '--subdir', 'DAGS_FOLDER/movie.py', '--cfg-path', '/var/folders/qv/0knwm5h50ml0skpppwpbks_r0000gp/T/tmp2wbpp92i']
[2024-07-29T16:02:47.667+0900] {standard_task_runner.py:91} INFO - Job 563: Subtask get_data
[2024-07-29T16:02:47.683+0900] {task_command.py:426} INFO - Running <TaskInstance: movie.get_data scheduled__2024-07-28T04:10:00+00:00 [running]> on host jeongui-MacBookPro.local
[2024-07-29T16:02:47.704+0900] {taskinstance.py:2648} INFO - Exporting env vars: AIRFLOW_CTX_DAG_OWNER='airflow' AIRFLOW_CTX_DAG_ID='movie' AIRFLOW_CTX_TASK_ID='get_data' AIRFLOW_CTX_EXECUTION_DATE='2024-07-28T04:10:00+00:00' AIRFLOW_CTX_TRY_NUMBER='2' AIRFLOW_CTX_DAG_RUN_ID='scheduled__2024-07-28T04:10:00+00:00'
[2024-07-29T16:02:47.704+0900] {taskinstance.py:430} INFO - ::endgroup::
[2024-07-29T16:02:47.709+0900] {logging_mixin.py:188} INFO - 2024-07-28
[2024-07-29T16:02:47.709+0900] {logging_mixin.py:188} INFO - {'conf': <airflow.configuration.AirflowConfigParser object at 0x1055921d0>, 'dag': <DAG: movie>, 'dag_run': <DagRun movie @ 2024-07-28 04:10:00+00:00: scheduled__2024-07-28T04:10:00+00:00, state:running, queued_at: 2024-07-29 07:01:52.434823+00:00. externally triggered: False>, 'data_interval_end': DateTime(2024, 7, 29, 4, 10, 0, tzinfo=Timezone('UTC')), 'data_interval_start': DateTime(2024, 7, 28, 4, 10, 0, tzinfo=Timezone('UTC')), 'ds_nodash': '20240728', 'execution_date': <Proxy at 0x10d096340 with factory functools.partial(<function lazy_mapping_from_context.<locals>._deprecated_proxy_factory at 0x10d045bc0>, 'execution_date', DateTime(2024, 7, 28, 4, 10, 0, tzinfo=Timezone('UTC')))>, 'expanded_ti_count': None, 'inlets': [], 'logical_date': DateTime(2024, 7, 28, 4, 10, 0, tzinfo=Timezone('UTC')), 'macros': <module 'airflow.macros' from '/Users/DE32/.pyenv/versions/3.11.9/envs/note/lib/python3.11/site-packages/airflow/macros/__init__.py'>, 'map_index_template': None, 'next_ds': <Proxy at 0x10d096080 with factory functools.partial(<function lazy_mapping_from_context.<locals>._deprecated_proxy_factory at 0x10d045bc0>, 'next_ds', '2024-07-29')>, 'next_ds_nodash': <Proxy at 0x10d0cca80 with factory functools.partial(<function lazy_mapping_from_context.<locals>._deprecated_proxy_factory at 0x10d045bc0>, 'next_ds_nodash', '20240729')>, 'next_execution_date': <Proxy at 0x10d0cce00 with factory functools.partial(<function lazy_mapping_from_context.<locals>._deprecated_proxy_factory at 0x10d045bc0>, 'next_execution_date', DateTime(2024, 7, 29, 4, 10, 0, tzinfo=Timezone('UTC')))>, 'outlets': [], 'params': {}, 'prev_data_interval_start_success': None, 'prev_data_interval_end_success': None, 'prev_ds': <Proxy at 0x10d0ccb00 with factory functools.partial(<function lazy_mapping_from_context.<locals>._deprecated_proxy_factory at 0x10d045bc0>, 'prev_ds', '2024-07-27')>, 'prev_ds_nodash': <Proxy at 0x10d0f9380 with factory functools.partial(<function lazy_mapping_from_context.<locals>._deprecated_proxy_factory at 0x10d045bc0>, 'prev_ds_nodash', '20240727')>, 'prev_execution_date': <Proxy at 0x10d0f9440 with factory functools.partial(<function lazy_mapping_from_context.<locals>._deprecated_proxy_factory at 0x10d045bc0>, 'prev_execution_date', DateTime(2024, 7, 27, 4, 10, 0, tzinfo=Timezone('UTC')))>, 'prev_execution_date_success': <Proxy at 0x10d0f9500 with factory functools.partial(<function lazy_mapping_from_context.<locals>._deprecated_proxy_factory at 0x10d045bc0>, 'prev_execution_date_success', None)>, 'prev_start_date_success': None, 'prev_end_date_success': None, 'run_id': 'scheduled__2024-07-28T04:10:00+00:00', 'task': <Task(PythonOperator): get_data>, 'task_instance': <TaskInstance: movie.get_data scheduled__2024-07-28T04:10:00+00:00 [running]>, 'task_instance_key_str': 'movie__get_data__20240728', 'test_mode': False, 'ti': <TaskInstance: movie.get_data scheduled__2024-07-28T04:10:00+00:00 [running]>, 'tomorrow_ds': <Proxy at 0x10d0f95c0 with factory functools.partial(<function lazy_mapping_from_context.<locals>._deprecated_proxy_factory at 0x10d045bc0>, 'tomorrow_ds', '2024-07-29')>, 'tomorrow_ds_nodash': <Proxy at 0x10d0f9680 with factory functools.partial(<function lazy_mapping_from_context.<locals>._deprecated_proxy_factory at 0x10d045bc0>, 'tomorrow_ds_nodash', '20240729')>, 'triggering_dataset_events': <Proxy at 0x10d04bf40 with factory <function _get_template_context.<locals>.get_triggering_events at 0x10cfff7e0>>, 'ts': '2024-07-28T04:10:00+00:00', 'ts_nodash': '20240728T041000', 'ts_nodash_with_tz': '20240728T041000+0000', 'var': {'json': None, 'value': None}, 'conn': None, 'yesterday_ds': <Proxy at 0x10d0f9740 with factory functools.partial(<function lazy_mapping_from_context.<locals>._deprecated_proxy_factory at 0x10d045bc0>, 'yesterday_ds', '2024-07-27')>, 'yesterday_ds_nodash': <Proxy at 0x10d0f9800 with factory functools.partial(<function lazy_mapping_from_context.<locals>._deprecated_proxy_factory at 0x10d045bc0>, 'yesterday_ds_nodash', '20240727')>, 'templates_dict': None}
[2024-07-29T16:02:47.709+0900] {logging_mixin.py:188} INFO - ====================
[2024-07-29T16:02:47.709+0900] {logging_mixin.py:188} INFO - ds_nodash => 20240728
[2024-07-29T16:02:47.709+0900] {logging_mixin.py:188} INFO - kwargs type => <class 'dict'>
[2024-07-29T16:02:47.709+0900] {logging_mixin.py:188} INFO - ====================
[2024-07-29T16:02:47.710+0900] {taskinstance.py:441} INFO - ::group::Post task execution logs
[2024-07-29T16:02:47.711+0900] {taskinstance.py:2905} ERROR - Task failed with exception
Traceback (most recent call last):
  File "/Users/DE32/.pyenv/versions/3.11.9/envs/note/lib/python3.11/site-packages/airflow/models/taskinstance.py", line 465, in _execute_task
    result = _execute_callable(context=context, **execute_callable_kwargs)
             ^^^^^^^^^^^^^^^^^^^^^^^^^^^^^^^^^^^^^^^^^^^^^^^^^^^^^^^^^^^^^
  File "/Users/DE32/.pyenv/versions/3.11.9/envs/note/lib/python3.11/site-packages/airflow/models/taskinstance.py", line 432, in _execute_callable
    return execute_callable(context=context, **execute_callable_kwargs)
           ^^^^^^^^^^^^^^^^^^^^^^^^^^^^^^^^^^^^^^^^^^^^^^^^^^^^^^^^^^^^
  File "/Users/DE32/.pyenv/versions/3.11.9/envs/note/lib/python3.11/site-packages/airflow/models/baseoperator.py", line 401, in wrapper
    return func(self, *args, **kwargs)
           ^^^^^^^^^^^^^^^^^^^^^^^^^^^
  File "/Users/DE32/.pyenv/versions/3.11.9/envs/note/lib/python3.11/site-packages/airflow/operators/python.py", line 235, in execute
    return_value = self.execute_callable()
                   ^^^^^^^^^^^^^^^^^^^^^^^
  File "/Users/DE32/.pyenv/versions/3.11.9/envs/note/lib/python3.11/site-packages/airflow/operators/python.py", line 252, in execute_callable
    return self.python_callable(*self.op_args, **self.op_kwargs)
           ^^^^^^^^^^^^^^^^^^^^^^^^^^^^^^^^^^^^^^^^^^^^^^^^^^^^^
  File "/Users/DE32/airflow/dags/movie.py", line 32, in get_data
    from movie.api.call import get_key, save2df
ModuleNotFoundError: No module named 'movie.api'; 'movie' is not a package
[2024-07-29T16:02:47.713+0900] {taskinstance.py:1206} INFO - Marking task as FAILED. dag_id=movie, task_id=get_data, run_id=scheduled__2024-07-28T04:10:00+00:00, execution_date=20240728T041000, start_date=20240729T070247, end_date=20240729T070247
[2024-07-29T16:02:47.716+0900] {standard_task_runner.py:110} ERROR - Failed to execute job 563 for task get_data (No module named 'movie.api'; 'movie' is not a package; 5374)
[2024-07-29T16:02:47.725+0900] {local_task_job_runner.py:243} INFO - Task exited with return code 1
[2024-07-29T16:02:47.733+0900] {taskinstance.py:3503} INFO - 0 downstream tasks scheduled from follow-on schedule check
[2024-07-29T16:02:47.734+0900] {local_task_job_runner.py:222} INFO - ::endgroup::
[2024-07-29T16:50:00.030+0900] {local_task_job_runner.py:120} INFO - ::group::Pre task execution logs
[2024-07-29T16:50:00.038+0900] {taskinstance.py:2076} INFO - Dependencies all met for dep_context=non-requeueable deps ti=<TaskInstance: movie.get_data scheduled__2024-07-28T04:10:00+00:00 [queued]>
[2024-07-29T16:50:00.040+0900] {taskinstance.py:2076} INFO - Dependencies all met for dep_context=requeueable deps ti=<TaskInstance: movie.get_data scheduled__2024-07-28T04:10:00+00:00 [queued]>
[2024-07-29T16:50:00.040+0900] {taskinstance.py:2306} INFO - Starting attempt 2 of 2
[2024-07-29T16:50:00.044+0900] {taskinstance.py:2330} INFO - Executing <Task(PythonOperator): get_data> on 2024-07-28 04:10:00+00:00
[2024-07-29T16:50:00.047+0900] {standard_task_runner.py:64} INFO - Started process 10150 to run task
[2024-07-29T16:50:00.050+0900] {standard_task_runner.py:90} INFO - Running: ['airflow', 'tasks', 'run', 'movie', 'get_data', 'scheduled__2024-07-28T04:10:00+00:00', '--job-id', '586', '--raw', '--subdir', 'DAGS_FOLDER/movie.py', '--cfg-path', '/var/folders/qv/0knwm5h50ml0skpppwpbks_r0000gp/T/tmputw3cddx']
[2024-07-29T16:50:00.051+0900] {standard_task_runner.py:91} INFO - Job 586: Subtask get_data
[2024-07-29T16:50:00.069+0900] {task_command.py:426} INFO - Running <TaskInstance: movie.get_data scheduled__2024-07-28T04:10:00+00:00 [running]> on host jeongui-MacBookPro.local
[2024-07-29T16:50:00.094+0900] {taskinstance.py:2648} INFO - Exporting env vars: AIRFLOW_CTX_DAG_OWNER='airflow' AIRFLOW_CTX_DAG_ID='movie' AIRFLOW_CTX_TASK_ID='get_data' AIRFLOW_CTX_EXECUTION_DATE='2024-07-28T04:10:00+00:00' AIRFLOW_CTX_TRY_NUMBER='2' AIRFLOW_CTX_DAG_RUN_ID='scheduled__2024-07-28T04:10:00+00:00'
[2024-07-29T16:50:00.094+0900] {taskinstance.py:430} INFO - ::endgroup::
[2024-07-29T16:50:00.100+0900] {logging_mixin.py:188} INFO - 2024-07-28
[2024-07-29T16:50:00.100+0900] {logging_mixin.py:188} INFO - {'conf': <airflow.configuration.AirflowConfigParser object at 0x102f221d0>, 'dag': <DAG: movie>, 'dag_run': <DagRun movie @ 2024-07-28 04:10:00+00:00: scheduled__2024-07-28T04:10:00+00:00, state:running, queued_at: 2024-07-29 07:49:04.491853+00:00. externally triggered: False>, 'data_interval_end': DateTime(2024, 7, 29, 4, 10, 0, tzinfo=Timezone('UTC')), 'data_interval_start': DateTime(2024, 7, 28, 4, 10, 0, tzinfo=Timezone('UTC')), 'ds_nodash': '20240728', 'execution_date': <Proxy at 0x10aa41940 with factory functools.partial(<function lazy_mapping_from_context.<locals>._deprecated_proxy_factory at 0x10a9d5bc0>, 'execution_date', DateTime(2024, 7, 28, 4, 10, 0, tzinfo=Timezone('UTC')))>, 'expanded_ti_count': None, 'inlets': [], 'logical_date': DateTime(2024, 7, 28, 4, 10, 0, tzinfo=Timezone('UTC')), 'macros': <module 'airflow.macros' from '/Users/DE32/.pyenv/versions/3.11.9/envs/note/lib/python3.11/site-packages/airflow/macros/__init__.py'>, 'map_index_template': None, 'next_ds': <Proxy at 0x10aa42dc0 with factory functools.partial(<function lazy_mapping_from_context.<locals>._deprecated_proxy_factory at 0x10a9d5bc0>, 'next_ds', '2024-07-29')>, 'next_ds_nodash': <Proxy at 0x10aa5cd40 with factory functools.partial(<function lazy_mapping_from_context.<locals>._deprecated_proxy_factory at 0x10a9d5bc0>, 'next_ds_nodash', '20240729')>, 'next_execution_date': <Proxy at 0x10aa5d300 with factory functools.partial(<function lazy_mapping_from_context.<locals>._deprecated_proxy_factory at 0x10a9d5bc0>, 'next_execution_date', DateTime(2024, 7, 29, 4, 10, 0, tzinfo=Timezone('UTC')))>, 'outlets': [], 'params': {}, 'prev_data_interval_start_success': None, 'prev_data_interval_end_success': None, 'prev_ds': <Proxy at 0x10aa5cec0 with factory functools.partial(<function lazy_mapping_from_context.<locals>._deprecated_proxy_factory at 0x10a9d5bc0>, 'prev_ds', '2024-07-27')>, 'prev_ds_nodash': <Proxy at 0x10aa85400 with factory functools.partial(<function lazy_mapping_from_context.<locals>._deprecated_proxy_factory at 0x10a9d5bc0>, 'prev_ds_nodash', '20240727')>, 'prev_execution_date': <Proxy at 0x10aa854c0 with factory functools.partial(<function lazy_mapping_from_context.<locals>._deprecated_proxy_factory at 0x10a9d5bc0>, 'prev_execution_date', DateTime(2024, 7, 27, 4, 10, 0, tzinfo=Timezone('UTC')))>, 'prev_execution_date_success': <Proxy at 0x10aa85580 with factory functools.partial(<function lazy_mapping_from_context.<locals>._deprecated_proxy_factory at 0x10a9d5bc0>, 'prev_execution_date_success', None)>, 'prev_start_date_success': None, 'prev_end_date_success': None, 'run_id': 'scheduled__2024-07-28T04:10:00+00:00', 'task': <Task(PythonOperator): get_data>, 'task_instance': <TaskInstance: movie.get_data scheduled__2024-07-28T04:10:00+00:00 [running]>, 'task_instance_key_str': 'movie__get_data__20240728', 'test_mode': False, 'ti': <TaskInstance: movie.get_data scheduled__2024-07-28T04:10:00+00:00 [running]>, 'tomorrow_ds': <Proxy at 0x10aa85640 with factory functools.partial(<function lazy_mapping_from_context.<locals>._deprecated_proxy_factory at 0x10a9d5bc0>, 'tomorrow_ds', '2024-07-29')>, 'tomorrow_ds_nodash': <Proxy at 0x10aa85700 with factory functools.partial(<function lazy_mapping_from_context.<locals>._deprecated_proxy_factory at 0x10a9d5bc0>, 'tomorrow_ds_nodash', '20240729')>, 'triggering_dataset_events': <Proxy at 0x10a9dbcc0 with factory <function _get_template_context.<locals>.get_triggering_events at 0x10a98f7e0>>, 'ts': '2024-07-28T04:10:00+00:00', 'ts_nodash': '20240728T041000', 'ts_nodash_with_tz': '20240728T041000+0000', 'var': {'json': None, 'value': None}, 'conn': None, 'yesterday_ds': <Proxy at 0x10aa857c0 with factory functools.partial(<function lazy_mapping_from_context.<locals>._deprecated_proxy_factory at 0x10a9d5bc0>, 'yesterday_ds', '2024-07-27')>, 'yesterday_ds_nodash': <Proxy at 0x10aa85880 with factory functools.partial(<function lazy_mapping_from_context.<locals>._deprecated_proxy_factory at 0x10a9d5bc0>, 'yesterday_ds_nodash', '20240727')>, 'templates_dict': None}
[2024-07-29T16:50:00.100+0900] {logging_mixin.py:188} INFO - ====================
[2024-07-29T16:50:00.100+0900] {logging_mixin.py:188} INFO - ds_nodash => 20240728
[2024-07-29T16:50:00.100+0900] {logging_mixin.py:188} INFO - kwargs type => <class 'dict'>
[2024-07-29T16:50:00.101+0900] {logging_mixin.py:188} INFO - ====================
[2024-07-29T16:50:00.102+0900] {taskinstance.py:441} INFO - ::group::Post task execution logs
[2024-07-29T16:50:00.102+0900] {taskinstance.py:2905} ERROR - Task failed with exception
Traceback (most recent call last):
  File "/Users/DE32/.pyenv/versions/3.11.9/envs/note/lib/python3.11/site-packages/airflow/models/taskinstance.py", line 465, in _execute_task
    result = _execute_callable(context=context, **execute_callable_kwargs)
             ^^^^^^^^^^^^^^^^^^^^^^^^^^^^^^^^^^^^^^^^^^^^^^^^^^^^^^^^^^^^^
  File "/Users/DE32/.pyenv/versions/3.11.9/envs/note/lib/python3.11/site-packages/airflow/models/taskinstance.py", line 432, in _execute_callable
    return execute_callable(context=context, **execute_callable_kwargs)
           ^^^^^^^^^^^^^^^^^^^^^^^^^^^^^^^^^^^^^^^^^^^^^^^^^^^^^^^^^^^^
  File "/Users/DE32/.pyenv/versions/3.11.9/envs/note/lib/python3.11/site-packages/airflow/models/baseoperator.py", line 401, in wrapper
    return func(self, *args, **kwargs)
           ^^^^^^^^^^^^^^^^^^^^^^^^^^^
  File "/Users/DE32/.pyenv/versions/3.11.9/envs/note/lib/python3.11/site-packages/airflow/operators/python.py", line 235, in execute
    return_value = self.execute_callable()
                   ^^^^^^^^^^^^^^^^^^^^^^^
  File "/Users/DE32/.pyenv/versions/3.11.9/envs/note/lib/python3.11/site-packages/airflow/operators/python.py", line 252, in execute_callable
    return self.python_callable(*self.op_args, **self.op_kwargs)
           ^^^^^^^^^^^^^^^^^^^^^^^^^^^^^^^^^^^^^^^^^^^^^^^^^^^^^
  File "/Users/DE32/airflow/dags/movie.py", line 32, in get_data
    from movie.api.call import get_key, save2df
ModuleNotFoundError: No module named 'movie.api'; 'movie' is not a package
[2024-07-29T16:50:00.104+0900] {taskinstance.py:1206} INFO - Marking task as FAILED. dag_id=movie, task_id=get_data, run_id=scheduled__2024-07-28T04:10:00+00:00, execution_date=20240728T041000, start_date=20240729T075000, end_date=20240729T075000
[2024-07-29T16:50:00.108+0900] {standard_task_runner.py:110} ERROR - Failed to execute job 586 for task get_data (No module named 'movie.api'; 'movie' is not a package; 10150)
[2024-07-29T16:50:00.112+0900] {local_task_job_runner.py:243} INFO - Task exited with return code 1
[2024-07-29T16:50:00.120+0900] {taskinstance.py:3503} INFO - 0 downstream tasks scheduled from follow-on schedule check
[2024-07-29T16:50:00.122+0900] {local_task_job_runner.py:222} INFO - ::endgroup::
