[2024-07-24T15:07:23.793+0900] {local_task_job_runner.py:120} INFO - ::group::Pre task execution logs
[2024-07-24T15:07:23.800+0900] {taskinstance.py:2076} INFO - Dependencies all met for dep_context=non-requeueable deps ti=<TaskInstance: import_db.Check scheduled__2024-07-20T00:00:00+00:00 [queued]>
[2024-07-24T15:07:23.802+0900] {taskinstance.py:2076} INFO - Dependencies all met for dep_context=requeueable deps ti=<TaskInstance: import_db.Check scheduled__2024-07-20T00:00:00+00:00 [queued]>
[2024-07-24T15:07:23.802+0900] {taskinstance.py:2306} INFO - Starting attempt 3 of 3
[2024-07-24T15:07:23.806+0900] {taskinstance.py:2330} INFO - Executing <Task(BashOperator): Check> on 2024-07-20 00:00:00+00:00
[2024-07-24T15:07:23.808+0900] {standard_task_runner.py:64} INFO - Started process 94400 to run task
[2024-07-24T15:07:23.811+0900] {standard_task_runner.py:90} INFO - Running: ['airflow', 'tasks', 'run', 'import_db', 'Check', 'scheduled__2024-07-20T00:00:00+00:00', '--job-id', '253', '--raw', '--subdir', 'DAGS_FOLDER/import_db.py', '--cfg-path', '/var/folders/qv/0knwm5h50ml0skpppwpbks_r0000gp/T/tmpy0jegt_6']
[2024-07-24T15:07:23.812+0900] {standard_task_runner.py:91} INFO - Job 253: Subtask Check
[2024-07-24T15:07:23.826+0900] {task_command.py:426} INFO - Running <TaskInstance: import_db.Check scheduled__2024-07-20T00:00:00+00:00 [running]> on host jeongui-MacBookPro.local
[2024-07-24T15:07:23.848+0900] {taskinstance.py:2648} INFO - Exporting env vars: AIRFLOW_CTX_DAG_OWNER='airflow' AIRFLOW_CTX_DAG_ID='import_db' AIRFLOW_CTX_TASK_ID='Check' AIRFLOW_CTX_EXECUTION_DATE='2024-07-20T00:00:00+00:00' AIRFLOW_CTX_TRY_NUMBER='3' AIRFLOW_CTX_DAG_RUN_ID='scheduled__2024-07-20T00:00:00+00:00'
[2024-07-24T15:07:23.848+0900] {taskinstance.py:430} INFO - ::endgroup::
[2024-07-24T15:07:23.854+0900] {subprocess.py:63} INFO - Tmp dir root location: /var/folders/qv/0knwm5h50ml0skpppwpbks_r0000gp/T
[2024-07-24T15:07:23.854+0900] {subprocess.py:75} INFO - Running command: ['/bin/bash', '-c', 'bash /Users/DE32/airflow/sh/simple_done_check.sh ~/data/done/20240720/_DONE']
[2024-07-24T15:07:23.857+0900] {subprocess.py:86} INFO - Output:
[2024-07-24T15:07:23.860+0900] {subprocess.py:93} INFO - _DONE Path = /Users/DE32/data/done/20240720/_DONE
[2024-07-24T15:07:23.861+0900] {subprocess.py:93} INFO - I'll be back =>
[2024-07-24T15:07:23.861+0900] {subprocess.py:97} INFO - Command exited with return code 1
[2024-07-24T15:07:23.861+0900] {taskinstance.py:441} INFO - ::group::Post task execution logs
[2024-07-24T15:07:23.864+0900] {taskinstance.py:2905} ERROR - Task failed with exception
Traceback (most recent call last):
  File "/Users/DE32/.pyenv/versions/3.11.9/envs/note/lib/python3.11/site-packages/airflow/models/taskinstance.py", line 465, in _execute_task
    result = _execute_callable(context=context, **execute_callable_kwargs)
             ^^^^^^^^^^^^^^^^^^^^^^^^^^^^^^^^^^^^^^^^^^^^^^^^^^^^^^^^^^^^^
  File "/Users/DE32/.pyenv/versions/3.11.9/envs/note/lib/python3.11/site-packages/airflow/models/taskinstance.py", line 432, in _execute_callable
    return execute_callable(context=context, **execute_callable_kwargs)
           ^^^^^^^^^^^^^^^^^^^^^^^^^^^^^^^^^^^^^^^^^^^^^^^^^^^^^^^^^^^^
  File "/Users/DE32/.pyenv/versions/3.11.9/envs/note/lib/python3.11/site-packages/airflow/models/baseoperator.py", line 401, in wrapper
    return func(self, *args, **kwargs)
           ^^^^^^^^^^^^^^^^^^^^^^^^^^^
  File "/Users/DE32/.pyenv/versions/3.11.9/envs/note/lib/python3.11/site-packages/airflow/operators/bash.py", line 243, in execute
    raise AirflowException(
airflow.exceptions.AirflowException: Bash command failed. The command returned a non-zero exit code 1.
[2024-07-24T15:07:23.866+0900] {taskinstance.py:1206} INFO - Marking task as FAILED. dag_id=import_db, task_id=Check, run_id=scheduled__2024-07-20T00:00:00+00:00, execution_date=20240720T000000, start_date=20240724T060723, end_date=20240724T060723
[2024-07-24T15:07:23.869+0900] {standard_task_runner.py:110} ERROR - Failed to execute job 253 for task Check (Bash command failed. The command returned a non-zero exit code 1.; 94400)
[2024-07-24T15:07:23.873+0900] {local_task_job_runner.py:243} INFO - Task exited with return code 1
[2024-07-24T15:07:23.881+0900] {taskinstance.py:3503} INFO - 1 downstream tasks scheduled from follow-on schedule check
[2024-07-24T15:07:23.882+0900] {local_task_job_runner.py:222} INFO - ::endgroup::
