[2024-07-24T16:24:48.046+0900] {local_task_job_runner.py:120} INFO - ::group::Pre task execution logs
[2024-07-24T16:24:48.054+0900] {taskinstance.py:2076} INFO - Dependencies all met for dep_context=non-requeueable deps ti=<TaskInstance: make_parquet.err.report scheduled__2024-07-21T00:00:00+00:00 [queued]>
[2024-07-24T16:24:48.056+0900] {taskinstance.py:2076} INFO - Dependencies all met for dep_context=requeueable deps ti=<TaskInstance: make_parquet.err.report scheduled__2024-07-21T00:00:00+00:00 [queued]>
[2024-07-24T16:24:48.056+0900] {taskinstance.py:2306} INFO - Starting attempt 1 of 2
[2024-07-24T16:24:48.060+0900] {taskinstance.py:2330} INFO - Executing <Task(BashOperator): err.report> on 2024-07-21 00:00:00+00:00
[2024-07-24T16:24:48.063+0900] {standard_task_runner.py:64} INFO - Started process 99104 to run task
[2024-07-24T16:24:48.065+0900] {standard_task_runner.py:90} INFO - Running: ['airflow', 'tasks', 'run', 'make_parquet', 'err.report', 'scheduled__2024-07-21T00:00:00+00:00', '--job-id', '435', '--raw', '--subdir', 'DAGS_FOLDER/make_parquet.py', '--cfg-path', '/var/folders/qv/0knwm5h50ml0skpppwpbks_r0000gp/T/tmp9lmiqbrw']
[2024-07-24T16:24:48.066+0900] {standard_task_runner.py:91} INFO - Job 435: Subtask err.report
[2024-07-24T16:24:48.080+0900] {task_command.py:426} INFO - Running <TaskInstance: make_parquet.err.report scheduled__2024-07-21T00:00:00+00:00 [running]> on host jeongui-MacBookPro.local
[2024-07-24T16:24:48.101+0900] {taskinstance.py:2648} INFO - Exporting env vars: AIRFLOW_CTX_DAG_OWNER='airflow' AIRFLOW_CTX_DAG_ID='make_parquet' AIRFLOW_CTX_TASK_ID='err.report' AIRFLOW_CTX_EXECUTION_DATE='2024-07-21T00:00:00+00:00' AIRFLOW_CTX_TRY_NUMBER='1' AIRFLOW_CTX_DAG_RUN_ID='scheduled__2024-07-21T00:00:00+00:00'
[2024-07-24T16:24:48.101+0900] {taskinstance.py:430} INFO - ::endgroup::
[2024-07-24T16:24:48.107+0900] {subprocess.py:63} INFO - Tmp dir root location: /var/folders/qv/0knwm5h50ml0skpppwpbks_r0000gp/T
[2024-07-24T16:24:48.107+0900] {subprocess.py:75} INFO - Running command: ['/bin/bash', '-c', '\n        ']
[2024-07-24T16:24:48.110+0900] {subprocess.py:86} INFO - Output:
[2024-07-24T16:24:48.112+0900] {subprocess.py:97} INFO - Command exited with return code 0
[2024-07-24T16:24:48.112+0900] {taskinstance.py:441} INFO - ::group::Post task execution logs
[2024-07-24T16:24:48.118+0900] {taskinstance.py:1206} INFO - Marking task as SUCCESS. dag_id=make_parquet, task_id=err.report, run_id=scheduled__2024-07-21T00:00:00+00:00, execution_date=20240721T000000, start_date=20240724T072448, end_date=20240724T072448
[2024-07-24T16:24:48.127+0900] {local_task_job_runner.py:243} INFO - Task exited with return code 0
[2024-07-24T16:24:48.132+0900] {taskinstance.py:3503} INFO - 0 downstream tasks scheduled from follow-on schedule check
[2024-07-24T16:24:48.132+0900] {local_task_job_runner.py:222} INFO - ::endgroup::
[2024-07-24T16:38:16.504+0900] {local_task_job_runner.py:120} INFO - ::group::Pre task execution logs
[2024-07-24T16:38:16.511+0900] {taskinstance.py:2076} INFO - Dependencies all met for dep_context=non-requeueable deps ti=<TaskInstance: make_parquet.err.report scheduled__2024-07-21T00:00:00+00:00 [queued]>
[2024-07-24T16:38:16.513+0900] {taskinstance.py:2076} INFO - Dependencies all met for dep_context=requeueable deps ti=<TaskInstance: make_parquet.err.report scheduled__2024-07-21T00:00:00+00:00 [queued]>
[2024-07-24T16:38:16.513+0900] {taskinstance.py:2306} INFO - Starting attempt 1 of 2
[2024-07-24T16:38:16.517+0900] {taskinstance.py:2330} INFO - Executing <Task(BashOperator): err.report> on 2024-07-21 00:00:00+00:00
[2024-07-24T16:38:16.519+0900] {standard_task_runner.py:64} INFO - Started process 1758 to run task
[2024-07-24T16:38:16.522+0900] {standard_task_runner.py:90} INFO - Running: ['airflow', 'tasks', 'run', 'make_parquet', 'err.report', 'scheduled__2024-07-21T00:00:00+00:00', '--job-id', '408', '--raw', '--subdir', 'DAGS_FOLDER/make_parquet.py', '--cfg-path', '/var/folders/qv/0knwm5h50ml0skpppwpbks_r0000gp/T/tmp_b_vbi0i']
[2024-07-24T16:38:16.523+0900] {standard_task_runner.py:91} INFO - Job 408: Subtask err.report
[2024-07-24T16:38:16.536+0900] {task_command.py:426} INFO - Running <TaskInstance: make_parquet.err.report scheduled__2024-07-21T00:00:00+00:00 [running]> on host jeongui-MacBookPro.local
[2024-07-24T16:38:16.558+0900] {taskinstance.py:2648} INFO - Exporting env vars: AIRFLOW_CTX_DAG_OWNER='airflow' AIRFLOW_CTX_DAG_ID='make_parquet' AIRFLOW_CTX_TASK_ID='err.report' AIRFLOW_CTX_EXECUTION_DATE='2024-07-21T00:00:00+00:00' AIRFLOW_CTX_TRY_NUMBER='1' AIRFLOW_CTX_DAG_RUN_ID='scheduled__2024-07-21T00:00:00+00:00'
[2024-07-24T16:38:16.558+0900] {taskinstance.py:430} INFO - ::endgroup::
[2024-07-24T16:38:16.564+0900] {subprocess.py:63} INFO - Tmp dir root location: /var/folders/qv/0knwm5h50ml0skpppwpbks_r0000gp/T
[2024-07-24T16:38:16.564+0900] {subprocess.py:75} INFO - Running command: ['/bin/bash', '-c', '\n        ']
[2024-07-24T16:38:16.567+0900] {subprocess.py:86} INFO - Output:
[2024-07-24T16:38:16.569+0900] {subprocess.py:97} INFO - Command exited with return code 0
[2024-07-24T16:38:16.569+0900] {taskinstance.py:441} INFO - ::group::Post task execution logs
[2024-07-24T16:38:16.576+0900] {taskinstance.py:1206} INFO - Marking task as SUCCESS. dag_id=make_parquet, task_id=err.report, run_id=scheduled__2024-07-21T00:00:00+00:00, execution_date=20240721T000000, start_date=20240724T073816, end_date=20240724T073816
[2024-07-24T16:38:16.584+0900] {local_task_job_runner.py:243} INFO - Task exited with return code 0
[2024-07-24T16:38:16.589+0900] {taskinstance.py:3503} INFO - 0 downstream tasks scheduled from follow-on schedule check
[2024-07-24T16:38:16.589+0900] {local_task_job_runner.py:222} INFO - ::endgroup::
