[2024-07-31T19:43:43.235+0900] {local_task_job_runner.py:120} INFO - ::group::Pre task execution logs
[2024-07-31T19:43:43.245+0900] {taskinstance.py:2076} INFO - Dependencies all met for dep_context=non-requeueable deps ti=<TaskInstance: movie.multi.y scheduled__2024-07-26T02:10:00+00:00 [queued]>
[2024-07-31T19:43:43.249+0900] {taskinstance.py:2076} INFO - Dependencies all met for dep_context=requeueable deps ti=<TaskInstance: movie.multi.y scheduled__2024-07-26T02:10:00+00:00 [queued]>
[2024-07-31T19:43:43.249+0900] {taskinstance.py:2306} INFO - Starting attempt 4 of 5
[2024-07-31T19:43:43.255+0900] {taskinstance.py:2330} INFO - Executing <Task(PythonVirtualenvOperator): multi.y> on 2024-07-26 02:10:00+00:00
[2024-07-31T19:43:43.258+0900] {standard_task_runner.py:64} INFO - Started process 32858 to run task
[2024-07-31T19:43:43.261+0900] {standard_task_runner.py:90} INFO - Running: ['airflow', 'tasks', 'run', 'movie', 'multi.y', 'scheduled__2024-07-26T02:10:00+00:00', '--job-id', '958', '--raw', '--subdir', 'DAGS_FOLDER/movie.py', '--cfg-path', '/var/folders/qv/0knwm5h50ml0skpppwpbks_r0000gp/T/tmpwb63c7jk']
[2024-07-31T19:43:43.262+0900] {standard_task_runner.py:91} INFO - Job 958: Subtask multi.y
[2024-07-31T19:43:43.277+0900] {task_command.py:426} INFO - Running <TaskInstance: movie.multi.y scheduled__2024-07-26T02:10:00+00:00 [running]> on host jeongui-MacBookPro.local
[2024-07-31T19:43:43.300+0900] {taskinstance.py:2648} INFO - Exporting env vars: AIRFLOW_CTX_DAG_OWNER='airflow' AIRFLOW_CTX_DAG_ID='movie' AIRFLOW_CTX_TASK_ID='multi.y' AIRFLOW_CTX_EXECUTION_DATE='2024-07-26T02:10:00+00:00' AIRFLOW_CTX_TRY_NUMBER='4' AIRFLOW_CTX_DAG_RUN_ID='scheduled__2024-07-26T02:10:00+00:00'
[2024-07-31T19:43:43.300+0900] {taskinstance.py:430} INFO - ::endgroup::
[2024-07-31T19:43:43.307+0900] {baseoperator.py:400} WARNING - PythonVirtualenvOperator.execute cannot be called outside TaskInstance!
[2024-07-31T19:43:43.308+0900] {process_utils.py:183} INFO - Executing cmd: /Users/DE32/.pyenv/versions/3.11.9/envs/note/bin/python -m virtualenv /var/folders/qv/0knwm5h50ml0skpppwpbks_r0000gp/T/venv_4qq6seg --python=python
[2024-07-31T19:43:43.310+0900] {process_utils.py:187} INFO - Output:
[2024-07-31T19:43:43.578+0900] {process_utils.py:191} INFO - created virtual environment CPython3.11.9.final.0-64 in 199ms
[2024-07-31T19:43:43.578+0900] {process_utils.py:191} INFO -   creator CPython3Posix(dest=/private/var/folders/qv/0knwm5h50ml0skpppwpbks_r0000gp/T/venv_4qq6seg, clear=False, no_vcs_ignore=False, global=False)
[2024-07-31T19:43:43.578+0900] {process_utils.py:191} INFO -   seeder FromAppData(download=False, pip=bundle, setuptools=bundle, wheel=bundle, via=copy, app_data_dir=/Users/DE32/Library/Application Support/virtualenv)
[2024-07-31T19:43:43.578+0900] {process_utils.py:191} INFO -     added seed packages: pip==24.1.2, setuptools==70.2.0, wheel==0.43.0
[2024-07-31T19:43:43.579+0900] {process_utils.py:191} INFO -   activators BashActivator,CShellActivator,FishActivator,NushellActivator,PowerShellActivator,PythonActivator
[2024-07-31T19:43:43.589+0900] {process_utils.py:183} INFO - Executing cmd: /var/folders/qv/0knwm5h50ml0skpppwpbks_r0000gp/T/venv_4qq6seg/bin/pip install -r /var/folders/qv/0knwm5h50ml0skpppwpbks_r0000gp/T/venv_4qq6seg/requirements.txt
[2024-07-31T19:43:43.591+0900] {process_utils.py:187} INFO - Output:
[2024-07-31T19:43:44.317+0900] {process_utils.py:191} INFO - Collecting git+https://github.com/Jeonghoon2/movie.git@0.2/api (from -r /var/folders/qv/0knwm5h50ml0skpppwpbks_r0000gp/T/venv_4qq6seg/requirements.txt (line 1))
[2024-07-31T19:43:44.318+0900] {process_utils.py:191} INFO -   Cloning https://github.com/Jeonghoon2/movie.git (to revision 0.2/api) to /private/var/folders/qv/0knwm5h50ml0skpppwpbks_r0000gp/T/pip-req-build-weic7527
[2024-07-31T19:43:44.330+0900] {process_utils.py:191} INFO -   Running command git clone --filter=blob:none --quiet https://github.com/Jeonghoon2/movie.git /private/var/folders/qv/0knwm5h50ml0skpppwpbks_r0000gp/T/pip-req-build-weic7527
[2024-07-31T19:43:46.134+0900] {process_utils.py:191} INFO -   Running command git checkout -b 0.2/api --track origin/0.2/api
[2024-07-31T19:43:46.748+0900] {process_utils.py:191} INFO -   Switched to a new branch '0.2/api'
[2024-07-31T19:43:46.749+0900] {process_utils.py:191} INFO -   branch '0.2/api' set up to track 'origin/0.2/api'.
[2024-07-31T19:43:46.749+0900] {process_utils.py:191} INFO -   Resolved https://github.com/Jeonghoon2/movie.git to commit c2fdd392ce95b386519b05b3bab786608cdb1c58
[2024-07-31T19:43:46.771+0900] {process_utils.py:191} INFO -   Installing build dependencies: started
[2024-07-31T19:43:47.652+0900] {process_utils.py:191} INFO -   Installing build dependencies: finished with status 'done'
[2024-07-31T19:43:47.653+0900] {process_utils.py:191} INFO -   Getting requirements to build wheel: started
[2024-07-31T19:43:47.775+0900] {process_utils.py:191} INFO -   Getting requirements to build wheel: finished with status 'done'
[2024-07-31T19:43:47.776+0900] {process_utils.py:191} INFO -   Preparing metadata (pyproject.toml): started
[2024-07-31T19:43:47.901+0900] {process_utils.py:191} INFO -   Preparing metadata (pyproject.toml): finished with status 'done'
[2024-07-31T19:43:47.959+0900] {process_utils.py:191} INFO - Collecting requests>=2.32.3 (from mov==0.1.0->-r /var/folders/qv/0knwm5h50ml0skpppwpbks_r0000gp/T/venv_4qq6seg/requirements.txt (line 1))
[2024-07-31T19:43:47.960+0900] {process_utils.py:191} INFO -   Using cached requests-2.32.3-py3-none-any.whl.metadata (4.6 kB)
[2024-07-31T19:43:48.025+0900] {process_utils.py:191} INFO - Collecting pandas>=2.2.2 (from mov==0.1.0->-r /var/folders/qv/0knwm5h50ml0skpppwpbks_r0000gp/T/venv_4qq6seg/requirements.txt (line 1))
[2024-07-31T19:43:48.026+0900] {process_utils.py:191} INFO -   Using cached pandas-2.2.2-cp311-cp311-macosx_11_0_arm64.whl.metadata (19 kB)
[2024-07-31T19:43:48.124+0900] {process_utils.py:191} INFO - Collecting numpy>=2.0.1 (from mov==0.1.0->-r /var/folders/qv/0knwm5h50ml0skpppwpbks_r0000gp/T/venv_4qq6seg/requirements.txt (line 1))
[2024-07-31T19:43:48.125+0900] {process_utils.py:191} INFO -   Using cached numpy-2.0.1-cp311-cp311-macosx_14_0_arm64.whl.metadata (60 kB)
[2024-07-31T19:43:48.172+0900] {process_utils.py:191} INFO - Collecting pyarrow>=17.0.0 (from mov==0.1.0->-r /var/folders/qv/0knwm5h50ml0skpppwpbks_r0000gp/T/venv_4qq6seg/requirements.txt (line 1))
[2024-07-31T19:43:48.173+0900] {process_utils.py:191} INFO -   Using cached pyarrow-17.0.0-cp311-cp311-macosx_11_0_arm64.whl.metadata (3.3 kB)
[2024-07-31T19:43:48.193+0900] {process_utils.py:191} INFO - Collecting python-dateutil>=2.8.2 (from pandas>=2.2.2->mov==0.1.0->-r /var/folders/qv/0knwm5h50ml0skpppwpbks_r0000gp/T/venv_4qq6seg/requirements.txt (line 1))
[2024-07-31T19:43:48.194+0900] {process_utils.py:191} INFO -   Using cached python_dateutil-2.9.0.post0-py2.py3-none-any.whl.metadata (8.4 kB)
[2024-07-31T19:43:48.222+0900] {process_utils.py:191} INFO - Collecting pytz>=2020.1 (from pandas>=2.2.2->mov==0.1.0->-r /var/folders/qv/0knwm5h50ml0skpppwpbks_r0000gp/T/venv_4qq6seg/requirements.txt (line 1))
[2024-07-31T19:43:48.223+0900] {process_utils.py:191} INFO -   Using cached pytz-2024.1-py2.py3-none-any.whl.metadata (22 kB)
[2024-07-31T19:43:48.236+0900] {process_utils.py:191} INFO - Collecting tzdata>=2022.7 (from pandas>=2.2.2->mov==0.1.0->-r /var/folders/qv/0knwm5h50ml0skpppwpbks_r0000gp/T/venv_4qq6seg/requirements.txt (line 1))
[2024-07-31T19:43:48.237+0900] {process_utils.py:191} INFO -   Using cached tzdata-2024.1-py2.py3-none-any.whl.metadata (1.4 kB)
[2024-07-31T19:43:48.281+0900] {process_utils.py:191} INFO - Collecting charset-normalizer<4,>=2 (from requests>=2.32.3->mov==0.1.0->-r /var/folders/qv/0knwm5h50ml0skpppwpbks_r0000gp/T/venv_4qq6seg/requirements.txt (line 1))
[2024-07-31T19:43:48.282+0900] {process_utils.py:191} INFO -   Using cached charset_normalizer-3.3.2-cp311-cp311-macosx_11_0_arm64.whl.metadata (33 kB)
[2024-07-31T19:43:48.295+0900] {process_utils.py:191} INFO - Collecting idna<4,>=2.5 (from requests>=2.32.3->mov==0.1.0->-r /var/folders/qv/0knwm5h50ml0skpppwpbks_r0000gp/T/venv_4qq6seg/requirements.txt (line 1))
[2024-07-31T19:43:48.296+0900] {process_utils.py:191} INFO -   Using cached idna-3.7-py3-none-any.whl.metadata (9.9 kB)
[2024-07-31T19:43:48.323+0900] {process_utils.py:191} INFO - Collecting urllib3<3,>=1.21.1 (from requests>=2.32.3->mov==0.1.0->-r /var/folders/qv/0knwm5h50ml0skpppwpbks_r0000gp/T/venv_4qq6seg/requirements.txt (line 1))
[2024-07-31T19:43:48.323+0900] {process_utils.py:191} INFO -   Using cached urllib3-2.2.2-py3-none-any.whl.metadata (6.4 kB)
[2024-07-31T19:43:48.341+0900] {process_utils.py:191} INFO - Collecting certifi>=2017.4.17 (from requests>=2.32.3->mov==0.1.0->-r /var/folders/qv/0knwm5h50ml0skpppwpbks_r0000gp/T/venv_4qq6seg/requirements.txt (line 1))
[2024-07-31T19:43:48.342+0900] {process_utils.py:191} INFO -   Using cached certifi-2024.7.4-py3-none-any.whl.metadata (2.2 kB)
[2024-07-31T19:43:48.366+0900] {process_utils.py:191} INFO - Collecting six>=1.5 (from python-dateutil>=2.8.2->pandas>=2.2.2->mov==0.1.0->-r /var/folders/qv/0knwm5h50ml0skpppwpbks_r0000gp/T/venv_4qq6seg/requirements.txt (line 1))
[2024-07-31T19:43:48.367+0900] {process_utils.py:191} INFO -   Using cached six-1.16.0-py2.py3-none-any.whl.metadata (1.8 kB)
[2024-07-31T19:43:48.370+0900] {process_utils.py:191} INFO - Using cached numpy-2.0.1-cp311-cp311-macosx_14_0_arm64.whl (5.3 MB)
[2024-07-31T19:43:48.376+0900] {process_utils.py:191} INFO - Using cached pandas-2.2.2-cp311-cp311-macosx_11_0_arm64.whl (11.3 MB)
[2024-07-31T19:43:48.388+0900] {process_utils.py:191} INFO - Using cached pyarrow-17.0.0-cp311-cp311-macosx_11_0_arm64.whl (27.2 MB)
[2024-07-31T19:43:48.415+0900] {process_utils.py:191} INFO - Using cached requests-2.32.3-py3-none-any.whl (64 kB)
[2024-07-31T19:43:48.416+0900] {process_utils.py:191} INFO - Using cached certifi-2024.7.4-py3-none-any.whl (162 kB)
[2024-07-31T19:43:48.416+0900] {process_utils.py:191} INFO - Using cached charset_normalizer-3.3.2-cp311-cp311-macosx_11_0_arm64.whl (118 kB)
[2024-07-31T19:43:48.417+0900] {process_utils.py:191} INFO - Using cached idna-3.7-py3-none-any.whl (66 kB)
[2024-07-31T19:43:48.418+0900] {process_utils.py:191} INFO - Using cached python_dateutil-2.9.0.post0-py2.py3-none-any.whl (229 kB)
[2024-07-31T19:43:48.419+0900] {process_utils.py:191} INFO - Using cached pytz-2024.1-py2.py3-none-any.whl (505 kB)
[2024-07-31T19:43:48.420+0900] {process_utils.py:191} INFO - Using cached tzdata-2024.1-py2.py3-none-any.whl (345 kB)
[2024-07-31T19:43:48.422+0900] {process_utils.py:191} INFO - Using cached urllib3-2.2.2-py3-none-any.whl (121 kB)
[2024-07-31T19:43:48.422+0900] {process_utils.py:191} INFO - Using cached six-1.16.0-py2.py3-none-any.whl (11 kB)
[2024-07-31T19:43:48.464+0900] {process_utils.py:191} INFO - Building wheels for collected packages: mov
[2024-07-31T19:43:48.477+0900] {process_utils.py:191} INFO -   Building wheel for mov (pyproject.toml): started
[2024-07-31T19:43:48.612+0900] {process_utils.py:191} INFO -   Building wheel for mov (pyproject.toml): finished with status 'done'
[2024-07-31T19:43:48.613+0900] {process_utils.py:191} INFO -   Created wheel for mov: filename=mov-0.1.0-py3-none-any.whl size=3056 sha256=0934211d82793b5a796caa05e7845d4566980819b796e06eff93a18201749602
[2024-07-31T19:43:48.613+0900] {process_utils.py:191} INFO -   Stored in directory: /private/var/folders/qv/0knwm5h50ml0skpppwpbks_r0000gp/T/pip-ephem-wheel-cache-s7tzyqvk/wheels/cf/ab/a7/d0c528d20fa8a5f19e169bdf1d98f2b2cefe79d8527bb89200
[2024-07-31T19:43:48.614+0900] {process_utils.py:191} INFO - Successfully built mov
[2024-07-31T19:43:48.642+0900] {process_utils.py:191} INFO - Installing collected packages: pytz, urllib3, tzdata, six, numpy, idna, charset-normalizer, certifi, requests, python-dateutil, pyarrow, pandas, mov
[2024-07-31T19:43:53.187+0900] {process_utils.py:191} INFO - Successfully installed certifi-2024.7.4 charset-normalizer-3.3.2 idna-3.7 mov-0.1.0 numpy-2.0.1 pandas-2.2.2 pyarrow-17.0.0 python-dateutil-2.9.0.post0 pytz-2024.1 requests-2.32.3 six-1.16.0 tzdata-2024.1 urllib3-2.2.2
[2024-07-31T19:43:53.191+0900] {process_utils.py:191} INFO - 
[2024-07-31T19:43:53.191+0900] {process_utils.py:191} INFO - [notice] A new release of pip is available: 24.1.2 -> 24.2
[2024-07-31T19:43:53.191+0900] {process_utils.py:191} INFO - [notice] To update, run: python -m pip install --upgrade pip
[2024-07-31T19:43:53.327+0900] {logging_mixin.py:188} WARNING - /Users/DE32/.pyenv/versions/3.11.9/envs/note/lib/python3.11/site-packages/airflow/utils/context.py:212 AirflowContextDeprecationWarning: Accessing 'next_ds' from the template is deprecated and will be removed in a future version. Please use '{{ data_interval_end | ds }}' instead.
[2024-07-31T19:43:53.328+0900] {logging_mixin.py:188} WARNING - /Users/DE32/.pyenv/versions/3.11.9/envs/note/lib/python3.11/site-packages/airflow/utils/context.py:212 AirflowContextDeprecationWarning: Accessing 'next_ds_nodash' from the template is deprecated and will be removed in a future version. Please use '{{ data_interval_end | ds_nodash }}' instead.
[2024-07-31T19:43:53.328+0900] {logging_mixin.py:188} WARNING - /Users/DE32/.pyenv/versions/3.11.9/envs/note/lib/python3.11/site-packages/airflow/utils/context.py:212 AirflowContextDeprecationWarning: Accessing 'prev_ds' from the template is deprecated and will be removed in a future version.
[2024-07-31T19:43:53.328+0900] {logging_mixin.py:188} WARNING - /Users/DE32/.pyenv/versions/3.11.9/envs/note/lib/python3.11/site-packages/airflow/utils/context.py:212 AirflowContextDeprecationWarning: Accessing 'prev_ds_nodash' from the template is deprecated and will be removed in a future version.
[2024-07-31T19:43:53.329+0900] {logging_mixin.py:188} WARNING - /Users/DE32/.pyenv/versions/3.11.9/envs/note/lib/python3.11/site-packages/airflow/utils/context.py:212 AirflowContextDeprecationWarning: Accessing 'tomorrow_ds' from the template is deprecated and will be removed in a future version.
[2024-07-31T19:43:53.329+0900] {logging_mixin.py:188} WARNING - /Users/DE32/.pyenv/versions/3.11.9/envs/note/lib/python3.11/site-packages/airflow/utils/context.py:212 AirflowContextDeprecationWarning: Accessing 'tomorrow_ds_nodash' from the template is deprecated and will be removed in a future version.
[2024-07-31T19:43:53.329+0900] {logging_mixin.py:188} WARNING - /Users/DE32/.pyenv/versions/3.11.9/envs/note/lib/python3.11/site-packages/airflow/utils/context.py:212 AirflowContextDeprecationWarning: Accessing 'yesterday_ds' from the template is deprecated and will be removed in a future version.
[2024-07-31T19:43:53.330+0900] {logging_mixin.py:188} WARNING - /Users/DE32/.pyenv/versions/3.11.9/envs/note/lib/python3.11/site-packages/airflow/utils/context.py:212 AirflowContextDeprecationWarning: Accessing 'yesterday_ds_nodash' from the template is deprecated and will be removed in a future version.
[2024-07-31T19:43:53.333+0900] {process_utils.py:183} INFO - Executing cmd: /var/folders/qv/0knwm5h50ml0skpppwpbks_r0000gp/T/venv_4qq6seg/bin/python /var/folders/qv/0knwm5h50ml0skpppwpbks_r0000gp/T/venv-callx2hdlyae/script.py /var/folders/qv/0knwm5h50ml0skpppwpbks_r0000gp/T/venv-callx2hdlyae/script.in /var/folders/qv/0knwm5h50ml0skpppwpbks_r0000gp/T/venv-callx2hdlyae/script.out /var/folders/qv/0knwm5h50ml0skpppwpbks_r0000gp/T/venv-callx2hdlyae/string_args.txt /var/folders/qv/0knwm5h50ml0skpppwpbks_r0000gp/T/venv-callx2hdlyae/termination.log
[2024-07-31T19:43:53.335+0900] {process_utils.py:187} INFO - Output:
[2024-07-31T19:44:06.767+0900] {process_utils.py:191} INFO - {'boxOfficeResult': {'boxofficeType': '일별 박스오피스', 'showRange': '20240726~20240726', 'dailyBoxOfficeList': [{'rnum': '1', 'rank': '1', 'rankInten': '0', 'rankOldAndNew': 'OLD', 'movieCd': '20235926', 'movieNm': '퍼펙트 데이즈', 'openDt': '2024-07-03', 'salesAmt': '17065556', 'salesShare': '22.3', 'salesInten': '-28783', 'salesChange': '-0.2', 'salesAcc': '555781558', 'audiCnt': '1779', 'audiInten': '-82', 'audiChange': '-4.4', 'audiAcc': '58866', 'scrnCnt': '47', 'showCnt': '64'}, {'rnum': '2', 'rank': '2', 'rankInten': '0', 'rankOldAndNew': 'OLD', 'movieCd': '19960126', 'movieNm': '비포 선라이즈', 'openDt': '1996-03-30', 'salesAmt': '10531459', 'salesShare': '13.8', 'salesInten': '3135820', 'salesChange': '42.4', 'salesAcc': '644250218', 'audiCnt': '991', 'audiInten': '211', 'audiChange': '27.1', 'audiAcc': '75690', 'scrnCnt': '37', 'showCnt': '49'}, {'rnum': '3', 'rank': '3', 'rankInten': '3', 'rankOldAndNew': 'OLD', 'movieCd': '20240541', 'movieNm': '언더더씨: 마법 산호초를 찾아서', 'openDt': '2024-06-27', 'salesAmt': '4200000', 'salesShare': '5.5', 'salesInten': '2468000', 'salesChange': '142.5', 'salesAcc': '226963255', 'audiCnt': '753', 'audiInten': '447', 'audiChange': '146.1', 'audiAcc': '29411', 'scrnCnt': '15', 'showCnt': '16'}, {'rnum': '4', 'rank': '4', 'rankInten': '-1', 'rankOldAndNew': 'OLD', 'movieCd': '20148830', 'movieNm': '마담 프루스트의 비밀정원', 'openDt': '2014-07-24', 'salesAmt': '5166617', 'salesShare': '6.8', 'salesInten': '715417', 'salesChange': '16.1', 'salesAcc': '1295538479', 'audiCnt': '534', 'audiInten': '70', 'audiChange': '15.1', 'audiAcc': '164831', 'scrnCnt': '41', 'showCnt': '42'}, {'rnum': '5', 'rank': '5', 'rankInten': '-1', 'rankOldAndNew': 'OLD', 'movieCd': '20247397', 'movieNm': '존 오브 인터레스트', 'openDt': '2024-06-05', 'salesAmt': '3942778', 'salesShare': '5.2', 'salesInten': '557539', 'salesChange': '16.5', 'salesAcc': '1912521836', 'audiCnt': '406', 'audiInten': '50', 'audiChange': '14', 'audiAcc': '192427', 'scrnCnt': '22', 'showCnt': '26'}, {'rnum': '6', 'rank': '6', 'rankInten': '-1', 'rankOldAndNew': 'OLD', 'movieCd': '20240735', 'movieNm': '러브 라이즈 블리딩', 'openDt': '2024-07-10', 'salesAmt': '3752800', 'salesShare': '4.9', 'salesInten': '468300', 'salesChange': '14.3', 'salesAcc': '206631050', 'audiCnt': '377', 'audiInten': '55', 'audiChange': '17.1', 'audiAcc': '26867', 'scrnCnt': '25', 'showCnt': '26'}, {'rnum': '7', 'rank': '7', 'rankInten': '0', 'rankOldAndNew': 'NEW', 'movieCd': '20233271', 'movieNm': '땅에 쓰는 시', 'openDt': '2024-04-17', 'salesAmt': '4127000', 'salesShare': '5.4', 'salesInten': '4127000', 'salesChange': '100', 'salesAcc': '207277915', 'audiCnt': '307', 'audiInten': '307', 'audiChange': '100', 'audiAcc': '23366', 'scrnCnt': '3', 'showCnt': '3'}, {'rnum': '8', 'rank': '8', 'rankInten': '0', 'rankOldAndNew': 'OLD', 'movieCd': '20231415', 'movieNm': '소풍', 'openDt': '2024-02-07', 'salesAmt': '1680000', 'salesShare': '2.2', 'salesInten': '522000', 'salesChange': '45.1', 'salesAcc': '3141303943', 'audiCnt': '275', 'audiInten': '82', 'audiChange': '42.5', 'audiAcc': '354892', 'scrnCnt': '3', 'showCnt': '3'}, {'rnum': '9', 'rank': '9', 'rankInten': '0', 'rankOldAndNew': 'NEW', 'movieCd': '20231342', 'movieNm': '초대의 법칙', 'openDt': '2023-05-11', 'salesAmt': '3915000', 'salesShare': '5.1', 'salesInten': '3915000', 'salesChange': '100', 'salesAcc': '5715000', 'audiCnt': '261', 'audiInten': '261', 'audiChange': '100', 'audiAcc': '529', 'scrnCnt': '1', 'showCnt': '3'}, {'rnum': '10', 'rank': '10', 'rankInten': '8', 'rankOldAndNew': 'OLD', 'movieCd': '20191801', 'movieNm': '행복한 라짜로', 'openDt': '2019-06-20', 'salesAmt': '2029300', 'salesShare': '2.7', 'salesInten': '1334700', 'salesChange': '192.2', 'salesAcc': '136345640', 'audiCnt': '189', 'audiInten': '116', 'audiChange': '158.9', 'audiAcc': '17062', 'scrnCnt': '8', 'showCnt': '8'}]}}
[2024-07-31T19:44:06.768+0900] {process_utils.py:191} INFO - partitioning List : ['load_dt', 'multiMovieYn']
[2024-07-31T19:44:06.769+0900] {process_utils.py:191} INFO -   rnum rank rankInten rankOldAndNew  ... scrnCnt showCnt   load_dt multiMovieYn
[2024-07-31T19:44:06.769+0900] {process_utils.py:191} INFO - 0    1    1         0           OLD  ...      47      64  20240726            Y
[2024-07-31T19:44:06.769+0900] {process_utils.py:191} INFO - 1    2    2         0           OLD  ...      37      49  20240726            Y
[2024-07-31T19:44:06.770+0900] {process_utils.py:191} INFO - 2    3    3         3           OLD  ...      15      16  20240726            Y
[2024-07-31T19:44:06.770+0900] {process_utils.py:191} INFO - 3    4    4        -1           OLD  ...      41      42  20240726            Y
[2024-07-31T19:44:06.771+0900] {process_utils.py:191} INFO - 4    5    5        -1           OLD  ...      22      26  20240726            Y
[2024-07-31T19:44:06.771+0900] {process_utils.py:191} INFO - 5    6    6        -1           OLD  ...      25      26  20240726            Y
[2024-07-31T19:44:06.771+0900] {process_utils.py:191} INFO - 6    7    7         0           NEW  ...       3       3  20240726            Y
[2024-07-31T19:44:06.772+0900] {process_utils.py:191} INFO - 7    8    8         0           OLD  ...       3       3  20240726            Y
[2024-07-31T19:44:06.772+0900] {process_utils.py:191} INFO - 8    9    9         0           NEW  ...       1       3  20240726            Y
[2024-07-31T19:44:06.773+0900] {process_utils.py:191} INFO - 9   10   10         8           OLD  ...       8       8  20240726            Y
[2024-07-31T19:44:06.773+0900] {process_utils.py:191} INFO - 
[2024-07-31T19:44:06.773+0900] {process_utils.py:191} INFO - [10 rows x 20 columns]
[2024-07-31T19:44:07.270+0900] {python.py:237} INFO - Done. Returned value was: None
[2024-07-31T19:44:07.271+0900] {taskinstance.py:441} INFO - ::group::Post task execution logs
[2024-07-31T19:44:07.275+0900] {taskinstance.py:1206} INFO - Marking task as SUCCESS. dag_id=movie, task_id=multi.y, run_id=scheduled__2024-07-26T02:10:00+00:00, execution_date=20240726T021000, start_date=20240731T104343, end_date=20240731T104407
[2024-07-31T19:44:07.292+0900] {local_task_job_runner.py:243} INFO - Task exited with return code 0
[2024-07-31T19:44:07.299+0900] {taskinstance.py:3503} INFO - 0 downstream tasks scheduled from follow-on schedule check
[2024-07-31T19:44:07.300+0900] {local_task_job_runner.py:222} INFO - ::endgroup::
