[2024-07-31T16:50:16.070+0900] {local_task_job_runner.py:120} INFO - ::group::Pre task execution logs
[2024-07-31T16:50:16.080+0900] {taskinstance.py:2076} INFO - Dependencies all met for dep_context=non-requeueable deps ti=<TaskInstance: movie.multi.y scheduled__2024-07-26T02:10:00+00:00 [queued]>
[2024-07-31T16:50:16.084+0900] {taskinstance.py:2076} INFO - Dependencies all met for dep_context=requeueable deps ti=<TaskInstance: movie.multi.y scheduled__2024-07-26T02:10:00+00:00 [queued]>
[2024-07-31T16:50:16.084+0900] {taskinstance.py:2306} INFO - Starting attempt 3 of 4
[2024-07-31T16:50:16.090+0900] {taskinstance.py:2330} INFO - Executing <Task(PythonVirtualenvOperator): multi.y> on 2024-07-26 02:10:00+00:00
[2024-07-31T16:50:16.093+0900] {standard_task_runner.py:64} INFO - Started process 20429 to run task
[2024-07-31T16:50:16.095+0900] {standard_task_runner.py:90} INFO - Running: ['airflow', 'tasks', 'run', 'movie', 'multi.y', 'scheduled__2024-07-26T02:10:00+00:00', '--job-id', '857', '--raw', '--subdir', 'DAGS_FOLDER/movie.py', '--cfg-path', '/var/folders/qv/0knwm5h50ml0skpppwpbks_r0000gp/T/tmpsi_ofuqk']
[2024-07-31T16:50:16.097+0900] {standard_task_runner.py:91} INFO - Job 857: Subtask multi.y
[2024-07-31T16:50:16.111+0900] {task_command.py:426} INFO - Running <TaskInstance: movie.multi.y scheduled__2024-07-26T02:10:00+00:00 [running]> on host jeongui-MacBookPro.local
[2024-07-31T16:50:16.133+0900] {taskinstance.py:2648} INFO - Exporting env vars: AIRFLOW_CTX_DAG_OWNER='airflow' AIRFLOW_CTX_DAG_ID='movie' AIRFLOW_CTX_TASK_ID='multi.y' AIRFLOW_CTX_EXECUTION_DATE='2024-07-26T02:10:00+00:00' AIRFLOW_CTX_TRY_NUMBER='3' AIRFLOW_CTX_DAG_RUN_ID='scheduled__2024-07-26T02:10:00+00:00'
[2024-07-31T16:50:16.133+0900] {taskinstance.py:430} INFO - ::endgroup::
[2024-07-31T16:50:16.138+0900] {baseoperator.py:400} WARNING - PythonVirtualenvOperator.execute cannot be called outside TaskInstance!
[2024-07-31T16:50:16.139+0900] {process_utils.py:183} INFO - Executing cmd: /Users/DE32/.pyenv/versions/3.11.9/envs/note/bin/python -m virtualenv /var/folders/qv/0knwm5h50ml0skpppwpbks_r0000gp/T/venva3dle4o9 --python=python
[2024-07-31T16:50:16.141+0900] {process_utils.py:187} INFO - Output:
[2024-07-31T16:50:16.353+0900] {process_utils.py:191} INFO - created virtual environment CPython3.11.9.final.0-64 in 146ms
[2024-07-31T16:50:16.353+0900] {process_utils.py:191} INFO -   creator CPython3Posix(dest=/private/var/folders/qv/0knwm5h50ml0skpppwpbks_r0000gp/T/venva3dle4o9, clear=False, no_vcs_ignore=False, global=False)
[2024-07-31T16:50:16.354+0900] {process_utils.py:191} INFO -   seeder FromAppData(download=False, pip=bundle, setuptools=bundle, wheel=bundle, via=copy, app_data_dir=/Users/DE32/Library/Application Support/virtualenv)
[2024-07-31T16:50:16.354+0900] {process_utils.py:191} INFO -     added seed packages: pip==24.1.2, setuptools==70.2.0, wheel==0.43.0
[2024-07-31T16:50:16.354+0900] {process_utils.py:191} INFO -   activators BashActivator,CShellActivator,FishActivator,NushellActivator,PowerShellActivator,PythonActivator
[2024-07-31T16:50:16.364+0900] {process_utils.py:183} INFO - Executing cmd: /var/folders/qv/0knwm5h50ml0skpppwpbks_r0000gp/T/venva3dle4o9/bin/pip install -r /var/folders/qv/0knwm5h50ml0skpppwpbks_r0000gp/T/venva3dle4o9/requirements.txt
[2024-07-31T16:50:16.366+0900] {process_utils.py:187} INFO - Output:
[2024-07-31T16:50:17.097+0900] {process_utils.py:191} INFO - Collecting git+https://github.com/Jeonghoon2/movie.git@0.2/api (from -r /var/folders/qv/0knwm5h50ml0skpppwpbks_r0000gp/T/venva3dle4o9/requirements.txt (line 1))
[2024-07-31T16:50:17.097+0900] {process_utils.py:191} INFO -   Cloning https://github.com/Jeonghoon2/movie.git (to revision 0.2/api) to /private/var/folders/qv/0knwm5h50ml0skpppwpbks_r0000gp/T/pip-req-build-7kklxlrw
[2024-07-31T16:50:17.111+0900] {process_utils.py:191} INFO -   Running command git clone --filter=blob:none --quiet https://github.com/Jeonghoon2/movie.git /private/var/folders/qv/0knwm5h50ml0skpppwpbks_r0000gp/T/pip-req-build-7kklxlrw
[2024-07-31T16:50:18.368+0900] {process_utils.py:191} INFO -   Running command git checkout -b 0.2/api --track origin/0.2/api
[2024-07-31T16:50:18.933+0900] {process_utils.py:191} INFO -   Switched to a new branch '0.2/api'
[2024-07-31T16:50:18.934+0900] {process_utils.py:191} INFO -   branch '0.2/api' set up to track 'origin/0.2/api'.
[2024-07-31T16:50:18.934+0900] {process_utils.py:191} INFO -   Resolved https://github.com/Jeonghoon2/movie.git to commit 34de3b5e993ea074744539373447116355ac95da
[2024-07-31T16:50:18.954+0900] {process_utils.py:191} INFO -   Installing build dependencies: started
[2024-07-31T16:50:19.833+0900] {process_utils.py:191} INFO -   Installing build dependencies: finished with status 'done'
[2024-07-31T16:50:19.833+0900] {process_utils.py:191} INFO -   Getting requirements to build wheel: started
[2024-07-31T16:50:19.956+0900] {process_utils.py:191} INFO -   Getting requirements to build wheel: finished with status 'done'
[2024-07-31T16:50:19.957+0900] {process_utils.py:191} INFO -   Preparing metadata (pyproject.toml): started
[2024-07-31T16:50:20.081+0900] {process_utils.py:191} INFO -   Preparing metadata (pyproject.toml): finished with status 'done'
[2024-07-31T16:50:20.149+0900] {process_utils.py:191} INFO - Collecting requests>=2.32.3 (from mov==0.1.0->-r /var/folders/qv/0knwm5h50ml0skpppwpbks_r0000gp/T/venva3dle4o9/requirements.txt (line 1))
[2024-07-31T16:50:20.150+0900] {process_utils.py:191} INFO -   Using cached requests-2.32.3-py3-none-any.whl.metadata (4.6 kB)
[2024-07-31T16:50:20.215+0900] {process_utils.py:191} INFO - Collecting pandas>=2.2.2 (from mov==0.1.0->-r /var/folders/qv/0knwm5h50ml0skpppwpbks_r0000gp/T/venva3dle4o9/requirements.txt (line 1))
[2024-07-31T16:50:20.216+0900] {process_utils.py:191} INFO -   Using cached pandas-2.2.2-cp311-cp311-macosx_11_0_arm64.whl.metadata (19 kB)
[2024-07-31T16:50:20.317+0900] {process_utils.py:191} INFO - Collecting numpy>=2.0.1 (from mov==0.1.0->-r /var/folders/qv/0knwm5h50ml0skpppwpbks_r0000gp/T/venva3dle4o9/requirements.txt (line 1))
[2024-07-31T16:50:20.318+0900] {process_utils.py:191} INFO -   Using cached numpy-2.0.1-cp311-cp311-macosx_14_0_arm64.whl.metadata (60 kB)
[2024-07-31T16:50:20.364+0900] {process_utils.py:191} INFO - Collecting pyarrow>=17.0.0 (from mov==0.1.0->-r /var/folders/qv/0knwm5h50ml0skpppwpbks_r0000gp/T/venva3dle4o9/requirements.txt (line 1))
[2024-07-31T16:50:20.365+0900] {process_utils.py:191} INFO -   Using cached pyarrow-17.0.0-cp311-cp311-macosx_11_0_arm64.whl.metadata (3.3 kB)
[2024-07-31T16:50:20.389+0900] {process_utils.py:191} INFO - Collecting python-dateutil>=2.8.2 (from pandas>=2.2.2->mov==0.1.0->-r /var/folders/qv/0knwm5h50ml0skpppwpbks_r0000gp/T/venva3dle4o9/requirements.txt (line 1))
[2024-07-31T16:50:20.390+0900] {process_utils.py:191} INFO -   Using cached python_dateutil-2.9.0.post0-py2.py3-none-any.whl.metadata (8.4 kB)
[2024-07-31T16:50:20.421+0900] {process_utils.py:191} INFO - Collecting pytz>=2020.1 (from pandas>=2.2.2->mov==0.1.0->-r /var/folders/qv/0knwm5h50ml0skpppwpbks_r0000gp/T/venva3dle4o9/requirements.txt (line 1))
[2024-07-31T16:50:20.422+0900] {process_utils.py:191} INFO -   Using cached pytz-2024.1-py2.py3-none-any.whl.metadata (22 kB)
[2024-07-31T16:50:20.436+0900] {process_utils.py:191} INFO - Collecting tzdata>=2022.7 (from pandas>=2.2.2->mov==0.1.0->-r /var/folders/qv/0knwm5h50ml0skpppwpbks_r0000gp/T/venva3dle4o9/requirements.txt (line 1))
[2024-07-31T16:50:20.437+0900] {process_utils.py:191} INFO -   Using cached tzdata-2024.1-py2.py3-none-any.whl.metadata (1.4 kB)
[2024-07-31T16:50:20.481+0900] {process_utils.py:191} INFO - Collecting charset-normalizer<4,>=2 (from requests>=2.32.3->mov==0.1.0->-r /var/folders/qv/0knwm5h50ml0skpppwpbks_r0000gp/T/venva3dle4o9/requirements.txt (line 1))
[2024-07-31T16:50:20.482+0900] {process_utils.py:191} INFO -   Using cached charset_normalizer-3.3.2-cp311-cp311-macosx_11_0_arm64.whl.metadata (33 kB)
[2024-07-31T16:50:20.496+0900] {process_utils.py:191} INFO - Collecting idna<4,>=2.5 (from requests>=2.32.3->mov==0.1.0->-r /var/folders/qv/0knwm5h50ml0skpppwpbks_r0000gp/T/venva3dle4o9/requirements.txt (line 1))
[2024-07-31T16:50:20.496+0900] {process_utils.py:191} INFO -   Using cached idna-3.7-py3-none-any.whl.metadata (9.9 kB)
[2024-07-31T16:50:20.757+0900] {process_utils.py:191} INFO - Collecting urllib3<3,>=1.21.1 (from requests>=2.32.3->mov==0.1.0->-r /var/folders/qv/0knwm5h50ml0skpppwpbks_r0000gp/T/venva3dle4o9/requirements.txt (line 1))
[2024-07-31T16:50:20.759+0900] {process_utils.py:191} INFO -   Using cached urllib3-2.2.2-py3-none-any.whl.metadata (6.4 kB)
[2024-07-31T16:50:20.782+0900] {process_utils.py:191} INFO - Collecting certifi>=2017.4.17 (from requests>=2.32.3->mov==0.1.0->-r /var/folders/qv/0knwm5h50ml0skpppwpbks_r0000gp/T/venva3dle4o9/requirements.txt (line 1))
[2024-07-31T16:50:20.783+0900] {process_utils.py:191} INFO -   Using cached certifi-2024.7.4-py3-none-any.whl.metadata (2.2 kB)
[2024-07-31T16:50:20.811+0900] {process_utils.py:191} INFO - Collecting six>=1.5 (from python-dateutil>=2.8.2->pandas>=2.2.2->mov==0.1.0->-r /var/folders/qv/0knwm5h50ml0skpppwpbks_r0000gp/T/venva3dle4o9/requirements.txt (line 1))
[2024-07-31T16:50:20.812+0900] {process_utils.py:191} INFO -   Using cached six-1.16.0-py2.py3-none-any.whl.metadata (1.8 kB)
[2024-07-31T16:50:20.816+0900] {process_utils.py:191} INFO - Using cached numpy-2.0.1-cp311-cp311-macosx_14_0_arm64.whl (5.3 MB)
[2024-07-31T16:50:20.822+0900] {process_utils.py:191} INFO - Using cached pandas-2.2.2-cp311-cp311-macosx_11_0_arm64.whl (11.3 MB)
[2024-07-31T16:50:20.834+0900] {process_utils.py:191} INFO - Using cached pyarrow-17.0.0-cp311-cp311-macosx_11_0_arm64.whl (27.2 MB)
[2024-07-31T16:50:20.861+0900] {process_utils.py:191} INFO - Using cached requests-2.32.3-py3-none-any.whl (64 kB)
[2024-07-31T16:50:20.862+0900] {process_utils.py:191} INFO - Using cached certifi-2024.7.4-py3-none-any.whl (162 kB)
[2024-07-31T16:50:20.862+0900] {process_utils.py:191} INFO - Using cached charset_normalizer-3.3.2-cp311-cp311-macosx_11_0_arm64.whl (118 kB)
[2024-07-31T16:50:20.863+0900] {process_utils.py:191} INFO - Using cached idna-3.7-py3-none-any.whl (66 kB)
[2024-07-31T16:50:20.864+0900] {process_utils.py:191} INFO - Using cached python_dateutil-2.9.0.post0-py2.py3-none-any.whl (229 kB)
[2024-07-31T16:50:20.865+0900] {process_utils.py:191} INFO - Using cached pytz-2024.1-py2.py3-none-any.whl (505 kB)
[2024-07-31T16:50:20.867+0900] {process_utils.py:191} INFO - Using cached tzdata-2024.1-py2.py3-none-any.whl (345 kB)
[2024-07-31T16:50:20.868+0900] {process_utils.py:191} INFO - Using cached urllib3-2.2.2-py3-none-any.whl (121 kB)
[2024-07-31T16:50:20.868+0900] {process_utils.py:191} INFO - Using cached six-1.16.0-py2.py3-none-any.whl (11 kB)
[2024-07-31T16:50:20.911+0900] {process_utils.py:191} INFO - Building wheels for collected packages: mov
[2024-07-31T16:50:20.923+0900] {process_utils.py:191} INFO -   Building wheel for mov (pyproject.toml): started
[2024-07-31T16:50:21.059+0900] {process_utils.py:191} INFO -   Building wheel for mov (pyproject.toml): finished with status 'done'
[2024-07-31T16:50:21.060+0900] {process_utils.py:191} INFO -   Created wheel for mov: filename=mov-0.1.0-py3-none-any.whl size=3035 sha256=8a44acba53d42630bca822eeb693f19ffea58e85cb5f5fb64c32a651508f1a60
[2024-07-31T16:50:21.060+0900] {process_utils.py:191} INFO -   Stored in directory: /private/var/folders/qv/0knwm5h50ml0skpppwpbks_r0000gp/T/pip-ephem-wheel-cache-ofiooj30/wheels/cf/ab/a7/d0c528d20fa8a5f19e169bdf1d98f2b2cefe79d8527bb89200
[2024-07-31T16:50:21.061+0900] {process_utils.py:191} INFO - Successfully built mov
[2024-07-31T16:50:21.089+0900] {process_utils.py:191} INFO - Installing collected packages: pytz, urllib3, tzdata, six, numpy, idna, charset-normalizer, certifi, requests, python-dateutil, pyarrow, pandas, mov
[2024-07-31T16:50:25.544+0900] {process_utils.py:191} INFO - Successfully installed certifi-2024.7.4 charset-normalizer-3.3.2 idna-3.7 mov-0.1.0 numpy-2.0.1 pandas-2.2.2 pyarrow-17.0.0 python-dateutil-2.9.0.post0 pytz-2024.1 requests-2.32.3 six-1.16.0 tzdata-2024.1 urllib3-2.2.2
[2024-07-31T16:50:25.547+0900] {process_utils.py:191} INFO - 
[2024-07-31T16:50:25.547+0900] {process_utils.py:191} INFO - [notice] A new release of pip is available: 24.1.2 -> 24.2
[2024-07-31T16:50:25.548+0900] {process_utils.py:191} INFO - [notice] To update, run: python -m pip install --upgrade pip
[2024-07-31T16:50:25.675+0900] {logging_mixin.py:188} WARNING - /Users/DE32/.pyenv/versions/3.11.9/envs/note/lib/python3.11/site-packages/airflow/utils/context.py:212 AirflowContextDeprecationWarning: Accessing 'next_ds' from the template is deprecated and will be removed in a future version. Please use '{{ data_interval_end | ds }}' instead.
[2024-07-31T16:50:25.675+0900] {logging_mixin.py:188} WARNING - /Users/DE32/.pyenv/versions/3.11.9/envs/note/lib/python3.11/site-packages/airflow/utils/context.py:212 AirflowContextDeprecationWarning: Accessing 'next_ds_nodash' from the template is deprecated and will be removed in a future version. Please use '{{ data_interval_end | ds_nodash }}' instead.
[2024-07-31T16:50:25.675+0900] {logging_mixin.py:188} WARNING - /Users/DE32/.pyenv/versions/3.11.9/envs/note/lib/python3.11/site-packages/airflow/utils/context.py:212 AirflowContextDeprecationWarning: Accessing 'prev_ds' from the template is deprecated and will be removed in a future version.
[2024-07-31T16:50:25.676+0900] {logging_mixin.py:188} WARNING - /Users/DE32/.pyenv/versions/3.11.9/envs/note/lib/python3.11/site-packages/airflow/utils/context.py:212 AirflowContextDeprecationWarning: Accessing 'prev_ds_nodash' from the template is deprecated and will be removed in a future version.
[2024-07-31T16:50:25.676+0900] {logging_mixin.py:188} WARNING - /Users/DE32/.pyenv/versions/3.11.9/envs/note/lib/python3.11/site-packages/airflow/utils/context.py:212 AirflowContextDeprecationWarning: Accessing 'tomorrow_ds' from the template is deprecated and will be removed in a future version.
[2024-07-31T16:50:25.677+0900] {logging_mixin.py:188} WARNING - /Users/DE32/.pyenv/versions/3.11.9/envs/note/lib/python3.11/site-packages/airflow/utils/context.py:212 AirflowContextDeprecationWarning: Accessing 'tomorrow_ds_nodash' from the template is deprecated and will be removed in a future version.
[2024-07-31T16:50:25.677+0900] {logging_mixin.py:188} WARNING - /Users/DE32/.pyenv/versions/3.11.9/envs/note/lib/python3.11/site-packages/airflow/utils/context.py:212 AirflowContextDeprecationWarning: Accessing 'yesterday_ds' from the template is deprecated and will be removed in a future version.
[2024-07-31T16:50:25.677+0900] {logging_mixin.py:188} WARNING - /Users/DE32/.pyenv/versions/3.11.9/envs/note/lib/python3.11/site-packages/airflow/utils/context.py:212 AirflowContextDeprecationWarning: Accessing 'yesterday_ds_nodash' from the template is deprecated and will be removed in a future version.
[2024-07-31T16:50:25.681+0900] {process_utils.py:183} INFO - Executing cmd: /var/folders/qv/0knwm5h50ml0skpppwpbks_r0000gp/T/venva3dle4o9/bin/python /var/folders/qv/0knwm5h50ml0skpppwpbks_r0000gp/T/venv-callbatk8uxy/script.py /var/folders/qv/0knwm5h50ml0skpppwpbks_r0000gp/T/venv-callbatk8uxy/script.in /var/folders/qv/0knwm5h50ml0skpppwpbks_r0000gp/T/venv-callbatk8uxy/script.out /var/folders/qv/0knwm5h50ml0skpppwpbks_r0000gp/T/venv-callbatk8uxy/string_args.txt /var/folders/qv/0knwm5h50ml0skpppwpbks_r0000gp/T/venv-callbatk8uxy/termination.log
[2024-07-31T16:50:25.683+0900] {process_utils.py:187} INFO - Output:
[2024-07-31T16:50:36.874+0900] {process_utils.py:191} INFO - {'boxOfficeResult': {'boxofficeType': '일별 박스오피스', 'showRange': '20120101~20120101', 'dailyBoxOfficeList': [{'rnum': '1', 'rank': '1', 'rankInten': '0', 'rankOldAndNew': 'OLD', 'movieCd': '20113473', 'movieNm': '진짜로 일어날지도 몰라 기적', 'openDt': '2011-12-22', 'salesAmt': '11717500', 'salesShare': '30.9', 'salesInten': '-4310000', 'salesChange': '-26.9', 'salesAcc': '124681500', 'audiCnt': '1405', 'audiInten': '-542', 'audiChange': '-27.8', 'audiAcc': '16328', 'scrnCnt': '17', 'showCnt': '31'}, {'rnum': '2', 'rank': '2', 'rankInten': '0', 'rankOldAndNew': 'OLD', 'movieCd': '20113654', 'movieNm': '내가 사는 피부', 'openDt': '2011-12-29', 'salesAmt': '6856000', 'salesShare': '18.1', 'salesInten': '-4407000', 'salesChange': '-39.1', 'salesAcc': '37295500', 'audiCnt': '823', 'audiInten': '-550', 'audiChange': '-40.1', 'audiAcc': '4587', 'scrnCnt': '15', 'showCnt': '40'}, {'rnum': '3', 'rank': '3', 'rankInten': '0', 'rankOldAndNew': 'OLD', 'movieCd': '20113487', 'movieNm': '래빗 홀', 'openDt': '2011-12-22', 'salesAmt': '4238500', 'salesShare': '11.2', 'salesInten': '-1755000', 'salesChange': '-29.3', 'salesAcc': '61660000', 'audiCnt': '506', 'audiInten': '-220', 'audiChange': '-30.3', 'audiAcc': '7704', 'scrnCnt': '15', 'showCnt': '21'}, {'rnum': '4', 'rank': '4', 'rankInten': '0', 'rankOldAndNew': 'OLD', 'movieCd': '19398001', 'movieNm': '오즈의 마법사', 'openDt': '2012-05-03', 'salesAmt': '895000', 'salesShare': '2.4', 'salesInten': '-309000', 'salesChange': '-25.7', 'salesAcc': '3478000', 'audiCnt': '437', 'audiInten': '-153', 'audiChange': '-25.9', 'audiAcc': '1630', 'scrnCnt': '1', 'showCnt': '4'}, {'rnum': '5', 'rank': '5', 'rankInten': '1', 'rankOldAndNew': 'OLD', 'movieCd': '20119659', 'movieNm': '량강도 아이들', 'openDt': '2011-11-17', 'salesAmt': '2139500', 'salesShare': '5.7', 'salesInten': '110500', 'salesChange': '5.4', 'salesAcc': '68282500', 'audiCnt': '271', 'audiInten': '4', 'audiChange': '1.5', 'audiAcc': '10172', 'scrnCnt': '11', 'showCnt': '35'}, {'rnum': '6', 'rank': '6', 'rankInten': '-1', 'rankOldAndNew': 'OLD', 'movieCd': '20113362', 'movieNm': '르 아브르', 'openDt': '2011-12-08', 'salesAmt': '1795000', 'salesShare': '4.7', 'salesInten': '-712500', 'salesChange': '-28.4', 'salesAcc': '68179000', 'audiCnt': '221', 'audiInten': '-92', 'audiChange': '-29.4', 'audiAcc': '8712', 'scrnCnt': '6', 'showCnt': '7'}, {'rnum': '7', 'rank': '7', 'rankInten': '1', 'rankOldAndNew': 'OLD', 'movieCd': '20113502', 'movieNm': '메리와 맥스', 'openDt': '2011-12-22', 'salesAmt': '1255000', 'salesShare': '3.3', 'salesInten': '-51000', 'salesChange': '-3.9', 'salesAcc': '26630000', 'audiCnt': '162', 'audiInten': '-9', 'audiChange': '-5.3', 'audiAcc': '3678', 'scrnCnt': '8', 'showCnt': '9'}, {'rnum': '8', 'rank': '8', 'rankInten': '-1', 'rankOldAndNew': 'OLD', 'movieCd': '20113306', 'movieNm': '50/50', 'openDt': '2011-11-24', 'salesAmt': '1177000', 'salesShare': '3.1', 'salesInten': '-372000', 'salesChange': '-24', 'salesAcc': '1020945500', 'audiCnt': '139', 'audiInten': '-41', 'audiChange': '-22.8', 'audiAcc': '136124', 'scrnCnt': '6', 'showCnt': '6'}, {'rnum': '9', 'rank': '9', 'rankInten': '0', 'rankOldAndNew': 'NEW', 'movieCd': '20101344', 'movieNm': '파수꾼', 'openDt': '2011-03-03', 'salesAmt': '1015000', 'salesShare': '2.7', 'salesInten': '1015000', 'salesChange': '100', 'salesAcc': '170888700', 'audiCnt': '127', 'audiInten': '127', 'audiChange': '100', 'audiAcc': '22112', 'scrnCnt': '1', 'showCnt': '1'}, {'rnum': '10', 'rank': '10', 'rankInten': '34', 'rankOldAndNew': 'OLD', 'movieCd': '20112692', 'movieNm': '드라이브', 'openDt': '2011-11-17', 'salesAmt': '977000', 'salesShare': '2.6', 'salesInten': '977000', 'salesChange': '100', 'salesAcc': '143986500', 'audiCnt': '119', 'audiInten': '119', 'audiChange': '100', 'audiAcc': '18590', 'scrnCnt': '2', 'showCnt': '2'}]}}
[2024-07-31T16:50:37.328+0900] {python.py:237} INFO - Done. Returned value was: None
[2024-07-31T16:50:37.329+0900] {taskinstance.py:441} INFO - ::group::Post task execution logs
[2024-07-31T16:50:37.332+0900] {taskinstance.py:1206} INFO - Marking task as SUCCESS. dag_id=movie, task_id=multi.y, run_id=scheduled__2024-07-26T02:10:00+00:00, execution_date=20240726T021000, start_date=20240731T075016, end_date=20240731T075037
[2024-07-31T16:50:37.382+0900] {local_task_job_runner.py:243} INFO - Task exited with return code 0
[2024-07-31T16:50:37.391+0900] {taskinstance.py:3503} INFO - 0 downstream tasks scheduled from follow-on schedule check
[2024-07-31T16:50:37.391+0900] {local_task_job_runner.py:222} INFO - ::endgroup::
