[2024-07-29T12:28:15.459+0900] {local_task_job_runner.py:120} INFO - ::group::Pre task execution logs
[2024-07-29T12:28:15.471+0900] {taskinstance.py:2076} INFO - Dependencies all met for dep_context=non-requeueable deps ti=<TaskInstance: movie.print_the_context scheduled__2024-07-27T02:10:00+00:00 [queued]>
[2024-07-29T12:28:15.475+0900] {taskinstance.py:2076} INFO - Dependencies all met for dep_context=requeueable deps ti=<TaskInstance: movie.print_the_context scheduled__2024-07-27T02:10:00+00:00 [queued]>
[2024-07-29T12:28:15.475+0900] {taskinstance.py:2306} INFO - Starting attempt 1 of 2
[2024-07-29T12:28:15.481+0900] {taskinstance.py:2330} INFO - Executing <Task(PythonOperator): print_the_context> on 2024-07-27 02:10:00+00:00
[2024-07-29T12:28:15.484+0900] {standard_task_runner.py:64} INFO - Started process 71601 to run task
[2024-07-29T12:28:15.487+0900] {standard_task_runner.py:90} INFO - Running: ['airflow', 'tasks', 'run', 'movie', 'print_the_context', 'scheduled__2024-07-27T02:10:00+00:00', '--job-id', '508', '--raw', '--subdir', 'DAGS_FOLDER/movie.py', '--cfg-path', '/var/folders/qv/0knwm5h50ml0skpppwpbks_r0000gp/T/tmp033txxqm']
[2024-07-29T12:28:15.488+0900] {standard_task_runner.py:91} INFO - Job 508: Subtask print_the_context
[2024-07-29T12:28:15.503+0900] {task_command.py:426} INFO - Running <TaskInstance: movie.print_the_context scheduled__2024-07-27T02:10:00+00:00 [running]> on host jeongui-MacBookPro.local
[2024-07-29T12:28:15.525+0900] {taskinstance.py:2648} INFO - Exporting env vars: AIRFLOW_CTX_DAG_OWNER='airflow' AIRFLOW_CTX_DAG_ID='movie' AIRFLOW_CTX_TASK_ID='print_the_context' AIRFLOW_CTX_EXECUTION_DATE='2024-07-27T02:10:00+00:00' AIRFLOW_CTX_TRY_NUMBER='1' AIRFLOW_CTX_DAG_RUN_ID='scheduled__2024-07-27T02:10:00+00:00'
[2024-07-29T12:28:15.526+0900] {taskinstance.py:430} INFO - ::endgroup::
[2024-07-29T12:28:15.531+0900] {logging_mixin.py:188} INFO - ::group::All kwargs
[2024-07-29T12:28:15.533+0900] {logging_mixin.py:188} WARNING - /Users/DE32/.pyenv/versions/3.11.9/envs/note/lib/python3.11/site-packages/airflow/utils/context.py:320 AirflowContextDeprecationWarning: Accessing 'execution_date' from the template is deprecated and will be removed in a future version. Please use 'data_interval_start' or 'logical_date' instead.
[2024-07-29T12:28:15.533+0900] {logging_mixin.py:188} WARNING - /Users/DE32/.pyenv/versions/3.11.9/envs/note/lib/python3.11/site-packages/airflow/utils/context.py:320 AirflowContextDeprecationWarning: Accessing 'next_ds' from the template is deprecated and will be removed in a future version. Please use '{{ data_interval_end | ds }}' instead.
[2024-07-29T12:28:15.534+0900] {logging_mixin.py:188} WARNING - /Users/DE32/.pyenv/versions/3.11.9/envs/note/lib/python3.11/site-packages/airflow/utils/context.py:320 AirflowContextDeprecationWarning: Accessing 'next_ds_nodash' from the template is deprecated and will be removed in a future version. Please use '{{ data_interval_end | ds_nodash }}' instead.
[2024-07-29T12:28:15.534+0900] {logging_mixin.py:188} WARNING - /Users/DE32/.pyenv/versions/3.11.9/envs/note/lib/python3.11/site-packages/airflow/utils/context.py:320 AirflowContextDeprecationWarning: Accessing 'next_execution_date' from the template is deprecated and will be removed in a future version. Please use 'data_interval_end' instead.
[2024-07-29T12:28:15.535+0900] {logging_mixin.py:188} WARNING - /Users/DE32/.pyenv/versions/3.11.9/envs/note/lib/python3.11/site-packages/airflow/utils/context.py:320 AirflowContextDeprecationWarning: Accessing 'prev_ds' from the template is deprecated and will be removed in a future version.
[2024-07-29T12:28:15.535+0900] {logging_mixin.py:188} WARNING - /Users/DE32/.pyenv/versions/3.11.9/envs/note/lib/python3.11/site-packages/airflow/utils/context.py:320 AirflowContextDeprecationWarning: Accessing 'prev_ds_nodash' from the template is deprecated and will be removed in a future version.
[2024-07-29T12:28:15.535+0900] {logging_mixin.py:188} WARNING - /Users/DE32/.pyenv/versions/3.11.9/envs/note/lib/python3.11/site-packages/airflow/utils/context.py:320 AirflowContextDeprecationWarning: Accessing 'prev_execution_date' from the template is deprecated and will be removed in a future version.
[2024-07-29T12:28:15.536+0900] {logging_mixin.py:188} WARNING - /Users/DE32/.pyenv/versions/3.11.9/envs/note/lib/python3.11/site-packages/airflow/utils/context.py:320 AirflowContextDeprecationWarning: Accessing 'prev_execution_date_success' from the template is deprecated and will be removed in a future version. Please use 'prev_data_interval_start_success' instead.
[2024-07-29T12:28:15.536+0900] {logging_mixin.py:188} WARNING - /Users/DE32/.pyenv/versions/3.11.9/envs/note/lib/python3.11/site-packages/airflow/utils/context.py:320 AirflowContextDeprecationWarning: Accessing 'tomorrow_ds' from the template is deprecated and will be removed in a future version.
[2024-07-29T12:28:15.537+0900] {logging_mixin.py:188} WARNING - /Users/DE32/.pyenv/versions/3.11.9/envs/note/lib/python3.11/site-packages/airflow/utils/context.py:320 AirflowContextDeprecationWarning: Accessing 'tomorrow_ds_nodash' from the template is deprecated and will be removed in a future version.
[2024-07-29T12:28:15.539+0900] {logging_mixin.py:188} WARNING - /Users/DE32/.pyenv/versions/3.11.9/envs/note/lib/python3.11/site-packages/airflow/utils/context.py:320 AirflowContextDeprecationWarning: Accessing 'yesterday_ds' from the template is deprecated and will be removed in a future version.
[2024-07-29T12:28:15.539+0900] {logging_mixin.py:188} WARNING - /Users/DE32/.pyenv/versions/3.11.9/envs/note/lib/python3.11/site-packages/airflow/utils/context.py:320 AirflowContextDeprecationWarning: Accessing 'yesterday_ds_nodash' from the template is deprecated and will be removed in a future version.
[2024-07-29T12:28:15.539+0900] {logging_mixin.py:188} INFO - {'conf': <airflow.configuration.AirflowConfigParser object at 0x100d4b250>,
 'conn': None,
 'dag': <DAG: movie>,
 'dag_run': <DagRun movie @ 2024-07-27 02:10:00+00:00: scheduled__2024-07-27T02:10:00+00:00, state:running, queued_at: 2024-07-29 03:27:39.374684+00:00. externally triggered: False>,
 'data_interval_end': DateTime(2024, 7, 28, 2, 10, 0, tzinfo=Timezone('UTC')),
 'data_interval_start': DateTime(2024, 7, 27, 2, 10, 0, tzinfo=Timezone('UTC')),
 'ds_nodash': '20240727',
 'execution_date': <Proxy at 0x1069d8e40 with factory functools.partial(<function lazy_mapping_from_context.<locals>._deprecated_proxy_factory at 0x107034e00>, 'execution_date', DateTime(2024, 7, 27, 2, 10, 0, tzinfo=Timezone('UTC')))>,
 'expanded_ti_count': None,
 'inlets': [],
 'logical_date': DateTime(2024, 7, 27, 2, 10, 0, tzinfo=Timezone('UTC')),
 'macros': <module 'airflow.macros' from '/Users/DE32/.pyenv/versions/3.11.9/envs/note/lib/python3.11/site-packages/airflow/macros/__init__.py'>,
 'map_index_template': None,
 'next_ds': <Proxy at 0x106e633c0 with factory functools.partial(<function lazy_mapping_from_context.<locals>._deprecated_proxy_factory at 0x107034e00>, 'next_ds', '2024-07-28')>,
 'next_ds_nodash': <Proxy at 0x107190180 with factory functools.partial(<function lazy_mapping_from_context.<locals>._deprecated_proxy_factory at 0x107034e00>, 'next_ds_nodash', '20240728')>,
 'next_execution_date': <Proxy at 0x107190640 with factory functools.partial(<function lazy_mapping_from_context.<locals>._deprecated_proxy_factory at 0x107034e00>, 'next_execution_date', DateTime(2024, 7, 28, 2, 10, 0, tzinfo=Timezone('UTC')))>,
 'outlets': [],
 'params': {},
 'prev_data_interval_end_success': DateTime(2024, 7, 25, 2, 10, 0, tzinfo=Timezone('UTC')),
 'prev_data_interval_start_success': DateTime(2024, 7, 24, 2, 10, 0, tzinfo=Timezone('UTC')),
 'prev_ds': <Proxy at 0x107192f80 with factory functools.partial(<function lazy_mapping_from_context.<locals>._deprecated_proxy_factory at 0x107034e00>, 'prev_ds', '2024-07-26')>,
 'prev_ds_nodash': <Proxy at 0x1071bb5c0 with factory functools.partial(<function lazy_mapping_from_context.<locals>._deprecated_proxy_factory at 0x107034e00>, 'prev_ds_nodash', '20240726')>,
 'prev_end_date_success': DateTime(2024, 7, 29, 3, 27, 57, 965131, tzinfo=Timezone('UTC')),
 'prev_execution_date': <Proxy at 0x1071bb640 with factory functools.partial(<function lazy_mapping_from_context.<locals>._deprecated_proxy_factory at 0x107034e00>, 'prev_execution_date', DateTime(2024, 7, 26, 2, 10, 0, tzinfo=Timezone('UTC')))>,
 'prev_execution_date_success': <Proxy at 0x1071bb700 with factory functools.partial(<function lazy_mapping_from_context.<locals>._deprecated_proxy_factory at 0x107034e00>, 'prev_execution_date_success', DateTime(2024, 7, 24, 2, 10, 0, tzinfo=Timezone('UTC')))>,
 'prev_start_date_success': DateTime(2024, 7, 29, 3, 27, 7, 171179, tzinfo=Timezone('UTC')),
 'run_id': 'scheduled__2024-07-27T02:10:00+00:00',
 'task': <Task(PythonOperator): print_the_context>,
 'task_instance': <TaskInstance: movie.print_the_context scheduled__2024-07-27T02:10:00+00:00 [running]>,
 'task_instance_key_str': 'movie__print_the_context__20240727',
 'templates_dict': None,
 'test_mode': False,
 'ti': <TaskInstance: movie.print_the_context scheduled__2024-07-27T02:10:00+00:00 [running]>,
 'tomorrow_ds': <Proxy at 0x1071bb7c0 with factory functools.partial(<function lazy_mapping_from_context.<locals>._deprecated_proxy_factory at 0x107034e00>, 'tomorrow_ds', '2024-07-28')>,
 'tomorrow_ds_nodash': <Proxy at 0x1071bb880 with factory functools.partial(<function lazy_mapping_from_context.<locals>._deprecated_proxy_factory at 0x107034e00>, 'tomorrow_ds_nodash', '20240728')>,
 'triggering_dataset_events': <Proxy at 0x1071171c0 with factory <function _get_template_context.<locals>.get_triggering_events at 0x1071102c0>>,
 'ts': '2024-07-27T02:10:00+00:00',
 'ts_nodash': '20240727T021000',
 'ts_nodash_with_tz': '20240727T021000+0000',
 'var': {'json': None, 'value': None},
 'yesterday_ds': <Proxy at 0x1071bb940 with factory functools.partial(<function lazy_mapping_from_context.<locals>._deprecated_proxy_factory at 0x107034e00>, 'yesterday_ds', '2024-07-26')>,
 'yesterday_ds_nodash': <Proxy at 0x1071bba00 with factory functools.partial(<function lazy_mapping_from_context.<locals>._deprecated_proxy_factory at 0x107034e00>, 'yesterday_ds_nodash', '20240726')>}
[2024-07-29T12:28:15.539+0900] {logging_mixin.py:188} INFO - ::endgroup::
[2024-07-29T12:28:15.539+0900] {logging_mixin.py:188} INFO - ::group::Context variable ds
[2024-07-29T12:28:15.540+0900] {logging_mixin.py:188} INFO - 2024-07-27
[2024-07-29T12:28:15.540+0900] {logging_mixin.py:188} INFO - ::endgroup::
[2024-07-29T12:28:15.540+0900] {python.py:237} INFO - Done. Returned value was: Whatever you return gets printed in the logs
[2024-07-29T12:28:15.540+0900] {taskinstance.py:441} INFO - ::group::Post task execution logs
[2024-07-29T12:28:15.543+0900] {taskinstance.py:1206} INFO - Marking task as SUCCESS. dag_id=movie, task_id=print_the_context, run_id=scheduled__2024-07-27T02:10:00+00:00, execution_date=20240727T021000, start_date=20240729T032815, end_date=20240729T032815
[2024-07-29T12:28:15.548+0900] {local_task_job_runner.py:243} INFO - Task exited with return code 0
[2024-07-29T12:28:15.556+0900] {taskinstance.py:3503} INFO - 0 downstream tasks scheduled from follow-on schedule check
[2024-07-29T12:28:15.556+0900] {local_task_job_runner.py:222} INFO - ::endgroup::
[2024-07-29T15:15:42.699+0900] {local_task_job_runner.py:120} INFO - ::group::Pre task execution logs
[2024-07-29T15:15:42.707+0900] {taskinstance.py:2066} INFO - Dependencies not met for <TaskInstance: movie.print_the_context scheduled__2024-07-27T02:10:00+00:00 [success]>, dependency 'Task Instance State' FAILED: Task is in the 'success' state.
[2024-07-29T15:15:42.707+0900] {local_task_job_runner.py:163} INFO - Task is not able to be run
[2024-07-29T15:28:05.935+0900] {local_task_job_runner.py:120} INFO - ::group::Pre task execution logs
[2024-07-29T15:28:05.945+0900] {taskinstance.py:2076} INFO - Dependencies all met for dep_context=non-requeueable deps ti=<TaskInstance: movie.print_the_context scheduled__2024-07-27T02:10:00+00:00 [queued]>
[2024-07-29T15:28:05.948+0900] {taskinstance.py:2076} INFO - Dependencies all met for dep_context=requeueable deps ti=<TaskInstance: movie.print_the_context scheduled__2024-07-27T02:10:00+00:00 [queued]>
[2024-07-29T15:28:05.948+0900] {taskinstance.py:2306} INFO - Starting attempt 1 of 2
[2024-07-29T15:28:05.955+0900] {taskinstance.py:2330} INFO - Executing <Task(PythonOperator): print_the_context> on 2024-07-27 02:10:00+00:00
[2024-07-29T15:28:05.958+0900] {standard_task_runner.py:64} INFO - Started process 81701 to run task
[2024-07-29T15:28:05.962+0900] {standard_task_runner.py:90} INFO - Running: ['airflow', 'tasks', 'run', 'movie', 'print_the_context', 'scheduled__2024-07-27T02:10:00+00:00', '--job-id', '545', '--raw', '--subdir', 'DAGS_FOLDER/movie.py', '--cfg-path', '/var/folders/qv/0knwm5h50ml0skpppwpbks_r0000gp/T/tmpmmeopqgf']
[2024-07-29T15:28:05.964+0900] {standard_task_runner.py:91} INFO - Job 545: Subtask print_the_context
[2024-07-29T15:28:05.985+0900] {task_command.py:426} INFO - Running <TaskInstance: movie.print_the_context scheduled__2024-07-27T02:10:00+00:00 [running]> on host jeongui-MacBookPro.local
[2024-07-29T15:28:06.013+0900] {taskinstance.py:2648} INFO - Exporting env vars: AIRFLOW_CTX_DAG_OWNER='airflow' AIRFLOW_CTX_DAG_ID='movie' AIRFLOW_CTX_TASK_ID='print_the_context' AIRFLOW_CTX_EXECUTION_DATE='2024-07-27T02:10:00+00:00' AIRFLOW_CTX_TRY_NUMBER='1' AIRFLOW_CTX_DAG_RUN_ID='scheduled__2024-07-27T02:10:00+00:00'
[2024-07-29T15:28:06.014+0900] {taskinstance.py:430} INFO - ::endgroup::
[2024-07-29T15:28:06.020+0900] {logging_mixin.py:188} INFO - ::group::All kwargs
[2024-07-29T15:28:06.024+0900] {logging_mixin.py:188} WARNING - /Users/DE32/.pyenv/versions/3.11.9/envs/note/lib/python3.11/site-packages/airflow/utils/context.py:320 AirflowContextDeprecationWarning: Accessing 'execution_date' from the template is deprecated and will be removed in a future version. Please use 'data_interval_start' or 'logical_date' instead.
[2024-07-29T15:28:06.025+0900] {logging_mixin.py:188} WARNING - /Users/DE32/.pyenv/versions/3.11.9/envs/note/lib/python3.11/site-packages/airflow/utils/context.py:320 AirflowContextDeprecationWarning: Accessing 'next_ds' from the template is deprecated and will be removed in a future version. Please use '{{ data_interval_end | ds }}' instead.
[2024-07-29T15:28:06.025+0900] {logging_mixin.py:188} WARNING - /Users/DE32/.pyenv/versions/3.11.9/envs/note/lib/python3.11/site-packages/airflow/utils/context.py:320 AirflowContextDeprecationWarning: Accessing 'next_ds_nodash' from the template is deprecated and will be removed in a future version. Please use '{{ data_interval_end | ds_nodash }}' instead.
[2024-07-29T15:28:06.026+0900] {logging_mixin.py:188} WARNING - /Users/DE32/.pyenv/versions/3.11.9/envs/note/lib/python3.11/site-packages/airflow/utils/context.py:320 AirflowContextDeprecationWarning: Accessing 'next_execution_date' from the template is deprecated and will be removed in a future version. Please use 'data_interval_end' instead.
[2024-07-29T15:28:06.026+0900] {logging_mixin.py:188} WARNING - /Users/DE32/.pyenv/versions/3.11.9/envs/note/lib/python3.11/site-packages/airflow/utils/context.py:320 AirflowContextDeprecationWarning: Accessing 'prev_ds' from the template is deprecated and will be removed in a future version.
[2024-07-29T15:28:06.027+0900] {logging_mixin.py:188} WARNING - /Users/DE32/.pyenv/versions/3.11.9/envs/note/lib/python3.11/site-packages/airflow/utils/context.py:320 AirflowContextDeprecationWarning: Accessing 'prev_ds_nodash' from the template is deprecated and will be removed in a future version.
[2024-07-29T15:28:06.028+0900] {logging_mixin.py:188} WARNING - /Users/DE32/.pyenv/versions/3.11.9/envs/note/lib/python3.11/site-packages/airflow/utils/context.py:320 AirflowContextDeprecationWarning: Accessing 'prev_execution_date' from the template is deprecated and will be removed in a future version.
[2024-07-29T15:28:06.028+0900] {logging_mixin.py:188} WARNING - /Users/DE32/.pyenv/versions/3.11.9/envs/note/lib/python3.11/site-packages/airflow/utils/context.py:320 AirflowContextDeprecationWarning: Accessing 'prev_execution_date_success' from the template is deprecated and will be removed in a future version. Please use 'prev_data_interval_start_success' instead.
[2024-07-29T15:28:06.029+0900] {logging_mixin.py:188} WARNING - /Users/DE32/.pyenv/versions/3.11.9/envs/note/lib/python3.11/site-packages/airflow/utils/context.py:320 AirflowContextDeprecationWarning: Accessing 'tomorrow_ds' from the template is deprecated and will be removed in a future version.
[2024-07-29T15:28:06.029+0900] {logging_mixin.py:188} WARNING - /Users/DE32/.pyenv/versions/3.11.9/envs/note/lib/python3.11/site-packages/airflow/utils/context.py:320 AirflowContextDeprecationWarning: Accessing 'tomorrow_ds_nodash' from the template is deprecated and will be removed in a future version.
[2024-07-29T15:28:06.032+0900] {logging_mixin.py:188} WARNING - /Users/DE32/.pyenv/versions/3.11.9/envs/note/lib/python3.11/site-packages/airflow/utils/context.py:320 AirflowContextDeprecationWarning: Accessing 'yesterday_ds' from the template is deprecated and will be removed in a future version.
[2024-07-29T15:28:06.033+0900] {logging_mixin.py:188} WARNING - /Users/DE32/.pyenv/versions/3.11.9/envs/note/lib/python3.11/site-packages/airflow/utils/context.py:320 AirflowContextDeprecationWarning: Accessing 'yesterday_ds_nodash' from the template is deprecated and will be removed in a future version.
[2024-07-29T15:28:06.033+0900] {logging_mixin.py:188} INFO - {'conf': <airflow.configuration.AirflowConfigParser object at 0x104b7f250>,
 'conn': None,
 'dag': <DAG: movie>,
 'dag_run': <DagRun movie @ 2024-07-27 02:10:00+00:00: scheduled__2024-07-27T02:10:00+00:00, state:running, queued_at: 2024-07-29 06:19:09.894496+00:00. externally triggered: False>,
 'data_interval_end': DateTime(2024, 7, 28, 2, 10, 0, tzinfo=Timezone('UTC')),
 'data_interval_start': DateTime(2024, 7, 27, 2, 10, 0, tzinfo=Timezone('UTC')),
 'ds_nodash': '20240727',
 'execution_date': <Proxy at 0x10a1ad600 with factory functools.partial(<function lazy_mapping_from_context.<locals>._deprecated_proxy_factory at 0x10c3e04a0>, 'execution_date', DateTime(2024, 7, 27, 2, 10, 0, tzinfo=Timezone('UTC')))>,
 'expanded_ti_count': None,
 'inlets': [],
 'logical_date': DateTime(2024, 7, 27, 2, 10, 0, tzinfo=Timezone('UTC')),
 'macros': <module 'airflow.macros' from '/Users/DE32/.pyenv/versions/3.11.9/envs/note/lib/python3.11/site-packages/airflow/macros/__init__.py'>,
 'map_index_template': None,
 'next_ds': <Proxy at 0x10c4b9e80 with factory functools.partial(<function lazy_mapping_from_context.<locals>._deprecated_proxy_factory at 0x10c3e04a0>, 'next_ds', '2024-07-28')>,
 'next_ds_nodash': <Proxy at 0x10c536a40 with factory functools.partial(<function lazy_mapping_from_context.<locals>._deprecated_proxy_factory at 0x10c3e04a0>, 'next_ds_nodash', '20240728')>,
 'next_execution_date': <Proxy at 0x10c537100 with factory functools.partial(<function lazy_mapping_from_context.<locals>._deprecated_proxy_factory at 0x10c3e04a0>, 'next_execution_date', DateTime(2024, 7, 28, 2, 10, 0, tzinfo=Timezone('UTC')))>,
 'outlets': [],
 'params': {},
 'prev_data_interval_end_success': None,
 'prev_data_interval_start_success': None,
 'prev_ds': <Proxy at 0x10c536bc0 with factory functools.partial(<function lazy_mapping_from_context.<locals>._deprecated_proxy_factory at 0x10c3e04a0>, 'prev_ds', '2024-07-26')>,
 'prev_ds_nodash': <Proxy at 0x10c55aac0 with factory functools.partial(<function lazy_mapping_from_context.<locals>._deprecated_proxy_factory at 0x10c3e04a0>, 'prev_ds_nodash', '20240726')>,
 'prev_end_date_success': None,
 'prev_execution_date': <Proxy at 0x10c55adc0 with factory functools.partial(<function lazy_mapping_from_context.<locals>._deprecated_proxy_factory at 0x10c3e04a0>, 'prev_execution_date', DateTime(2024, 7, 26, 2, 10, 0, tzinfo=Timezone('UTC')))>,
 'prev_execution_date_success': <Proxy at 0x10c55ae80 with factory functools.partial(<function lazy_mapping_from_context.<locals>._deprecated_proxy_factory at 0x10c3e04a0>, 'prev_execution_date_success', None)>,
 'prev_start_date_success': None,
 'run_id': 'scheduled__2024-07-27T02:10:00+00:00',
 'task': <Task(PythonOperator): print_the_context>,
 'task_instance': <TaskInstance: movie.print_the_context scheduled__2024-07-27T02:10:00+00:00 [running]>,
 'task_instance_key_str': 'movie__print_the_context__20240727',
 'templates_dict': None,
 'test_mode': False,
 'ti': <TaskInstance: movie.print_the_context scheduled__2024-07-27T02:10:00+00:00 [running]>,
 'tomorrow_ds': <Proxy at 0x10c55af40 with factory functools.partial(<function lazy_mapping_from_context.<locals>._deprecated_proxy_factory at 0x10c3e04a0>, 'tomorrow_ds', '2024-07-28')>,
 'tomorrow_ds_nodash': <Proxy at 0x10c55b000 with factory functools.partial(<function lazy_mapping_from_context.<locals>._deprecated_proxy_factory at 0x10c3e04a0>, 'tomorrow_ds_nodash', '20240728')>,
 'triggering_dataset_events': <Proxy at 0x10a1ae140 with factory <function _get_template_context.<locals>.get_triggering_events at 0x10c477a60>>,
 'ts': '2024-07-27T02:10:00+00:00',
 'ts_nodash': '20240727T021000',
 'ts_nodash_with_tz': '20240727T021000+0000',
 'var': {'json': None, 'value': None},
 'yesterday_ds': <Proxy at 0x10c55b0c0 with factory functools.partial(<function lazy_mapping_from_context.<locals>._deprecated_proxy_factory at 0x10c3e04a0>, 'yesterday_ds', '2024-07-26')>,
 'yesterday_ds_nodash': <Proxy at 0x10c55b180 with factory functools.partial(<function lazy_mapping_from_context.<locals>._deprecated_proxy_factory at 0x10c3e04a0>, 'yesterday_ds_nodash', '20240726')>}
[2024-07-29T15:28:06.033+0900] {logging_mixin.py:188} INFO - ::endgroup::
[2024-07-29T15:28:06.033+0900] {logging_mixin.py:188} INFO - ::group::Context variable ds
[2024-07-29T15:28:06.034+0900] {logging_mixin.py:188} INFO - 2024-07-27
[2024-07-29T15:28:06.034+0900] {logging_mixin.py:188} INFO - ::endgroup::
[2024-07-29T15:28:06.034+0900] {python.py:237} INFO - Done. Returned value was: Whatever you return gets printed in the logs
[2024-07-29T15:28:06.034+0900] {taskinstance.py:441} INFO - ::group::Post task execution logs
[2024-07-29T15:28:06.039+0900] {taskinstance.py:1206} INFO - Marking task as SUCCESS. dag_id=movie, task_id=print_the_context, run_id=scheduled__2024-07-27T02:10:00+00:00, execution_date=20240727T021000, start_date=20240729T062805, end_date=20240729T062806
[2024-07-29T15:28:06.069+0900] {local_task_job_runner.py:243} INFO - Task exited with return code 0
[2024-07-29T15:28:06.080+0900] {taskinstance.py:3503} INFO - 0 downstream tasks scheduled from follow-on schedule check
[2024-07-29T15:28:06.080+0900] {local_task_job_runner.py:222} INFO - ::endgroup::
