[2024-07-24T14:11:07.800+0900] {local_task_job_runner.py:120} INFO - ::group::Pre task execution logs
[2024-07-24T14:11:07.808+0900] {taskinstance.py:2076} INFO - Dependencies all met for dep_context=non-requeueable deps ti=<TaskInstance: simple_bash.copy.log scheduled__2024-07-21T00:00:00+00:00 [queued]>
[2024-07-24T14:11:07.810+0900] {taskinstance.py:2076} INFO - Dependencies all met for dep_context=requeueable deps ti=<TaskInstance: simple_bash.copy.log scheduled__2024-07-21T00:00:00+00:00 [queued]>
[2024-07-24T14:11:07.810+0900] {taskinstance.py:2306} INFO - Starting attempt 2 of 2
[2024-07-24T14:11:07.814+0900] {taskinstance.py:2330} INFO - Executing <Task(BashOperator): copy.log> on 2024-07-21 00:00:00+00:00
[2024-07-24T14:11:07.817+0900] {standard_task_runner.py:64} INFO - Started process 89773 to run task
[2024-07-24T14:11:07.819+0900] {standard_task_runner.py:90} INFO - Running: ['airflow', 'tasks', 'run', 'simple_bash', 'copy.log', 'scheduled__2024-07-21T00:00:00+00:00', '--job-id', '51', '--raw', '--subdir', 'DAGS_FOLDER/simple_bash.py', '--cfg-path', '/var/folders/qv/0knwm5h50ml0skpppwpbks_r0000gp/T/tmpg6ihn4dn']
[2024-07-24T14:11:07.821+0900] {standard_task_runner.py:91} INFO - Job 51: Subtask copy.log
[2024-07-24T14:11:07.834+0900] {task_command.py:426} INFO - Running <TaskInstance: simple_bash.copy.log scheduled__2024-07-21T00:00:00+00:00 [running]> on host jeongui-MacBookPro.local
[2024-07-24T14:11:07.857+0900] {taskinstance.py:2648} INFO - Exporting env vars: AIRFLOW_CTX_DAG_OWNER='airflow' AIRFLOW_CTX_DAG_ID='simple_bash' AIRFLOW_CTX_TASK_ID='copy.log' AIRFLOW_CTX_EXECUTION_DATE='2024-07-21T00:00:00+00:00' AIRFLOW_CTX_TRY_NUMBER='2' AIRFLOW_CTX_DAG_RUN_ID='scheduled__2024-07-21T00:00:00+00:00'
[2024-07-24T14:11:07.857+0900] {taskinstance.py:430} INFO - ::endgroup::
[2024-07-24T14:11:07.863+0900] {subprocess.py:63} INFO - Tmp dir root location: /var/folders/qv/0knwm5h50ml0skpppwpbks_r0000gp/T
[2024-07-24T14:11:07.863+0900] {subprocess.py:75} INFO - Running command: ['/bin/bash', '-c', '\n            mkdir -p ~/data/20240721\n            cp ~/logs/history_20240721*.log ~/data/20240721/\n        ']
[2024-07-24T14:11:07.866+0900] {subprocess.py:86} INFO - Output:
[2024-07-24T14:11:07.870+0900] {subprocess.py:93} INFO - cp: /Users/DE32/logs/history_20240721*.log: No such file or directory
[2024-07-24T14:11:07.870+0900] {subprocess.py:97} INFO - Command exited with return code 1
[2024-07-24T14:11:07.871+0900] {taskinstance.py:441} INFO - ::group::Post task execution logs
[2024-07-24T14:11:07.874+0900] {taskinstance.py:2905} ERROR - Task failed with exception
Traceback (most recent call last):
  File "/Users/DE32/.pyenv/versions/3.11.9/envs/note/lib/python3.11/site-packages/airflow/models/taskinstance.py", line 465, in _execute_task
    result = _execute_callable(context=context, **execute_callable_kwargs)
             ^^^^^^^^^^^^^^^^^^^^^^^^^^^^^^^^^^^^^^^^^^^^^^^^^^^^^^^^^^^^^
  File "/Users/DE32/.pyenv/versions/3.11.9/envs/note/lib/python3.11/site-packages/airflow/models/taskinstance.py", line 432, in _execute_callable
    return execute_callable(context=context, **execute_callable_kwargs)
           ^^^^^^^^^^^^^^^^^^^^^^^^^^^^^^^^^^^^^^^^^^^^^^^^^^^^^^^^^^^^
  File "/Users/DE32/.pyenv/versions/3.11.9/envs/note/lib/python3.11/site-packages/airflow/models/baseoperator.py", line 401, in wrapper
    return func(self, *args, **kwargs)
           ^^^^^^^^^^^^^^^^^^^^^^^^^^^
  File "/Users/DE32/.pyenv/versions/3.11.9/envs/note/lib/python3.11/site-packages/airflow/operators/bash.py", line 243, in execute
    raise AirflowException(
airflow.exceptions.AirflowException: Bash command failed. The command returned a non-zero exit code 1.
[2024-07-24T14:11:07.875+0900] {taskinstance.py:1206} INFO - Marking task as FAILED. dag_id=simple_bash, task_id=copy.log, run_id=scheduled__2024-07-21T00:00:00+00:00, execution_date=20240721T000000, start_date=20240724T051107, end_date=20240724T051107
[2024-07-24T14:11:07.879+0900] {standard_task_runner.py:110} ERROR - Failed to execute job 51 for task copy.log (Bash command failed. The command returned a non-zero exit code 1.; 89773)
[2024-07-24T14:11:07.926+0900] {local_task_job_runner.py:243} INFO - Task exited with return code 1
[2024-07-24T14:11:07.937+0900] {taskinstance.py:3503} INFO - 1 downstream tasks scheduled from follow-on schedule check
[2024-07-24T14:11:07.938+0900] {local_task_job_runner.py:222} INFO - ::endgroup::
[2024-07-24T14:34:32.487+0900] {local_task_job_runner.py:120} INFO - ::group::Pre task execution logs
[2024-07-24T14:34:32.495+0900] {taskinstance.py:2076} INFO - Dependencies all met for dep_context=non-requeueable deps ti=<TaskInstance: simple_bash.copy.log scheduled__2024-07-21T00:00:00+00:00 [queued]>
[2024-07-24T14:34:32.497+0900] {taskinstance.py:2076} INFO - Dependencies all met for dep_context=requeueable deps ti=<TaskInstance: simple_bash.copy.log scheduled__2024-07-21T00:00:00+00:00 [queued]>
[2024-07-24T14:34:32.497+0900] {taskinstance.py:2306} INFO - Starting attempt 2 of 2
[2024-07-24T14:34:32.501+0900] {taskinstance.py:2330} INFO - Executing <Task(BashOperator): copy.log> on 2024-07-21 00:00:00+00:00
[2024-07-24T14:34:32.503+0900] {standard_task_runner.py:64} INFO - Started process 92335 to run task
[2024-07-24T14:34:32.506+0900] {standard_task_runner.py:90} INFO - Running: ['airflow', 'tasks', 'run', 'simple_bash', 'copy.log', 'scheduled__2024-07-21T00:00:00+00:00', '--job-id', '173', '--raw', '--subdir', 'DAGS_FOLDER/simple_bash.py', '--cfg-path', '/var/folders/qv/0knwm5h50ml0skpppwpbks_r0000gp/T/tmp7wpp8qkp']
[2024-07-24T14:34:32.507+0900] {standard_task_runner.py:91} INFO - Job 173: Subtask copy.log
[2024-07-24T14:34:32.520+0900] {task_command.py:426} INFO - Running <TaskInstance: simple_bash.copy.log scheduled__2024-07-21T00:00:00+00:00 [running]> on host jeongui-MacBookPro.local
[2024-07-24T14:34:32.540+0900] {taskinstance.py:2648} INFO - Exporting env vars: AIRFLOW_CTX_DAG_OWNER='airflow' AIRFLOW_CTX_DAG_ID='simple_bash' AIRFLOW_CTX_TASK_ID='copy.log' AIRFLOW_CTX_EXECUTION_DATE='2024-07-21T00:00:00+00:00' AIRFLOW_CTX_TRY_NUMBER='2' AIRFLOW_CTX_DAG_RUN_ID='scheduled__2024-07-21T00:00:00+00:00'
[2024-07-24T14:34:32.541+0900] {taskinstance.py:430} INFO - ::endgroup::
[2024-07-24T14:34:32.546+0900] {subprocess.py:63} INFO - Tmp dir root location: /var/folders/qv/0knwm5h50ml0skpppwpbks_r0000gp/T
[2024-07-24T14:34:32.547+0900] {subprocess.py:75} INFO - Running command: ['/bin/bash', '-c', '\n            mkdir -p ~/data/20240721\n            cp ~/logs/history_20240721*.log ~/data/20240721/\n        ']
[2024-07-24T14:34:32.549+0900] {subprocess.py:86} INFO - Output:
[2024-07-24T14:34:32.553+0900] {subprocess.py:93} INFO - cp: /Users/DE32/logs/history_20240721*.log: No such file or directory
[2024-07-24T14:34:32.554+0900] {subprocess.py:97} INFO - Command exited with return code 1
[2024-07-24T14:34:32.554+0900] {taskinstance.py:441} INFO - ::group::Post task execution logs
[2024-07-24T14:34:32.557+0900] {taskinstance.py:2905} ERROR - Task failed with exception
Traceback (most recent call last):
  File "/Users/DE32/.pyenv/versions/3.11.9/envs/note/lib/python3.11/site-packages/airflow/models/taskinstance.py", line 465, in _execute_task
    result = _execute_callable(context=context, **execute_callable_kwargs)
             ^^^^^^^^^^^^^^^^^^^^^^^^^^^^^^^^^^^^^^^^^^^^^^^^^^^^^^^^^^^^^
  File "/Users/DE32/.pyenv/versions/3.11.9/envs/note/lib/python3.11/site-packages/airflow/models/taskinstance.py", line 432, in _execute_callable
    return execute_callable(context=context, **execute_callable_kwargs)
           ^^^^^^^^^^^^^^^^^^^^^^^^^^^^^^^^^^^^^^^^^^^^^^^^^^^^^^^^^^^^
  File "/Users/DE32/.pyenv/versions/3.11.9/envs/note/lib/python3.11/site-packages/airflow/models/baseoperator.py", line 401, in wrapper
    return func(self, *args, **kwargs)
           ^^^^^^^^^^^^^^^^^^^^^^^^^^^
  File "/Users/DE32/.pyenv/versions/3.11.9/envs/note/lib/python3.11/site-packages/airflow/operators/bash.py", line 243, in execute
    raise AirflowException(
airflow.exceptions.AirflowException: Bash command failed. The command returned a non-zero exit code 1.
[2024-07-24T14:34:32.559+0900] {taskinstance.py:1206} INFO - Marking task as FAILED. dag_id=simple_bash, task_id=copy.log, run_id=scheduled__2024-07-21T00:00:00+00:00, execution_date=20240721T000000, start_date=20240724T053432, end_date=20240724T053432
[2024-07-24T14:34:32.562+0900] {standard_task_runner.py:110} ERROR - Failed to execute job 173 for task copy.log (Bash command failed. The command returned a non-zero exit code 1.; 92335)
[2024-07-24T14:34:32.564+0900] {local_task_job_runner.py:243} INFO - Task exited with return code 1
[2024-07-24T14:34:32.572+0900] {taskinstance.py:3503} INFO - 1 downstream tasks scheduled from follow-on schedule check
[2024-07-24T14:34:32.573+0900] {local_task_job_runner.py:222} INFO - ::endgroup::
