[2024-07-24T15:08:06.674+0900] {local_task_job_runner.py:120} INFO - ::group::Pre task execution logs
[2024-07-24T15:08:06.682+0900] {taskinstance.py:2076} INFO - Dependencies all met for dep_context=non-requeueable deps ti=<TaskInstance: import_db.to_csv scheduled__2024-07-15T00:00:00+00:00 [queued]>
[2024-07-24T15:08:06.685+0900] {taskinstance.py:2076} INFO - Dependencies all met for dep_context=requeueable deps ti=<TaskInstance: import_db.to_csv scheduled__2024-07-15T00:00:00+00:00 [queued]>
[2024-07-24T15:08:06.685+0900] {taskinstance.py:2306} INFO - Starting attempt 1 of 1
[2024-07-24T15:08:06.689+0900] {taskinstance.py:2330} INFO - Executing <Task(BashOperator): to_csv> on 2024-07-15 00:00:00+00:00
[2024-07-24T15:08:06.691+0900] {standard_task_runner.py:64} INFO - Started process 94698 to run task
[2024-07-24T15:08:06.694+0900] {standard_task_runner.py:90} INFO - Running: ['airflow', 'tasks', 'run', 'import_db', 'to_csv', 'scheduled__2024-07-15T00:00:00+00:00', '--job-id', '260', '--raw', '--subdir', 'DAGS_FOLDER/import_db.py', '--cfg-path', '/var/folders/qv/0knwm5h50ml0skpppwpbks_r0000gp/T/tmpq6a8x2_c']
[2024-07-24T15:08:06.695+0900] {standard_task_runner.py:91} INFO - Job 260: Subtask to_csv
[2024-07-24T15:08:06.710+0900] {task_command.py:426} INFO - Running <TaskInstance: import_db.to_csv scheduled__2024-07-15T00:00:00+00:00 [running]> on host jeongui-MacBookPro.local
[2024-07-24T15:08:06.731+0900] {taskinstance.py:2648} INFO - Exporting env vars: AIRFLOW_CTX_DAG_OWNER='airflow' AIRFLOW_CTX_DAG_ID='import_db' AIRFLOW_CTX_TASK_ID='to_csv' AIRFLOW_CTX_EXECUTION_DATE='2024-07-15T00:00:00+00:00' AIRFLOW_CTX_TRY_NUMBER='1' AIRFLOW_CTX_DAG_RUN_ID='scheduled__2024-07-15T00:00:00+00:00'
[2024-07-24T15:08:06.731+0900] {taskinstance.py:430} INFO - ::endgroup::
[2024-07-24T15:08:06.737+0900] {subprocess.py:63} INFO - Tmp dir root location: /var/folders/qv/0knwm5h50ml0skpppwpbks_r0000gp/T
[2024-07-24T15:08:06.737+0900] {subprocess.py:75} INFO - Running command: ['/bin/bash', '-c', '\n            echo "to.csv"\n\n            U_PATH=~/data/count/20240715/count.log\n            CSV_PATH=~/data/csv/20240715\n            CSV_FILE=~/data/csv/20240715/csv.csv\n\n            mkdir -p $CSV_PATH\n            cat $U_PATH | awk \'{print "^2024-07-15^,^" $2 "^,^" $1 "^"}\' > ${CSV_FILE}\n            echo "transfer done"\n            ']
[2024-07-24T15:08:06.741+0900] {subprocess.py:86} INFO - Output:
[2024-07-24T15:08:06.742+0900] {subprocess.py:93} INFO - to.csv
[2024-07-24T15:08:06.745+0900] {subprocess.py:93} INFO - transfer done
[2024-07-24T15:08:06.745+0900] {subprocess.py:97} INFO - Command exited with return code 0
[2024-07-24T15:08:06.746+0900] {taskinstance.py:441} INFO - ::group::Post task execution logs
[2024-07-24T15:08:06.752+0900] {taskinstance.py:1206} INFO - Marking task as SUCCESS. dag_id=import_db, task_id=to_csv, run_id=scheduled__2024-07-15T00:00:00+00:00, execution_date=20240715T000000, start_date=20240724T060806, end_date=20240724T060806
[2024-07-24T15:08:06.799+0900] {local_task_job_runner.py:243} INFO - Task exited with return code 0
[2024-07-24T15:08:06.810+0900] {taskinstance.py:3503} INFO - 1 downstream tasks scheduled from follow-on schedule check
[2024-07-24T15:08:06.810+0900] {local_task_job_runner.py:222} INFO - ::endgroup::
