[2024-07-31T15:30:33.016+0900] {local_task_job_runner.py:120} INFO - ::group::Pre task execution logs
[2024-07-31T15:30:33.027+0900] {taskinstance.py:2076} INFO - Dependencies all met for dep_context=non-requeueable deps ti=<TaskInstance: movie.nation.k scheduled__2024-07-30T02:10:00+00:00 [queued]>
[2024-07-31T15:30:33.030+0900] {taskinstance.py:2076} INFO - Dependencies all met for dep_context=requeueable deps ti=<TaskInstance: movie.nation.k scheduled__2024-07-30T02:10:00+00:00 [queued]>
[2024-07-31T15:30:33.030+0900] {taskinstance.py:2306} INFO - Starting attempt 4 of 4
[2024-07-31T15:30:33.037+0900] {taskinstance.py:2330} INFO - Executing <Task(PythonVirtualenvOperator): nation.k> on 2024-07-30 02:10:00+00:00
[2024-07-31T15:30:33.039+0900] {standard_task_runner.py:64} INFO - Started process 17104 to run task
[2024-07-31T15:30:33.042+0900] {standard_task_runner.py:90} INFO - Running: ['airflow', 'tasks', 'run', 'movie', 'nation.k', 'scheduled__2024-07-30T02:10:00+00:00', '--job-id', '786', '--raw', '--subdir', 'DAGS_FOLDER/movie.py', '--cfg-path', '/var/folders/qv/0knwm5h50ml0skpppwpbks_r0000gp/T/tmpotof_o9t']
[2024-07-31T15:30:33.043+0900] {standard_task_runner.py:91} INFO - Job 786: Subtask nation.k
[2024-07-31T15:30:33.057+0900] {task_command.py:426} INFO - Running <TaskInstance: movie.nation.k scheduled__2024-07-30T02:10:00+00:00 [running]> on host jeongui-MacBookPro.local
[2024-07-31T15:30:33.078+0900] {taskinstance.py:2648} INFO - Exporting env vars: AIRFLOW_CTX_DAG_OWNER='airflow' AIRFLOW_CTX_DAG_ID='movie' AIRFLOW_CTX_TASK_ID='nation.k' AIRFLOW_CTX_EXECUTION_DATE='2024-07-30T02:10:00+00:00' AIRFLOW_CTX_TRY_NUMBER='4' AIRFLOW_CTX_DAG_RUN_ID='scheduled__2024-07-30T02:10:00+00:00'
[2024-07-31T15:30:33.079+0900] {taskinstance.py:430} INFO - ::endgroup::
[2024-07-31T15:30:33.086+0900] {baseoperator.py:400} WARNING - PythonVirtualenvOperator.execute cannot be called outside TaskInstance!
[2024-07-31T15:30:33.086+0900] {process_utils.py:183} INFO - Executing cmd: /Users/DE32/.pyenv/versions/3.11.9/envs/note/bin/python -m virtualenv /var/folders/qv/0knwm5h50ml0skpppwpbks_r0000gp/T/venvbi21a_7p --python=python
[2024-07-31T15:30:33.088+0900] {process_utils.py:187} INFO - Output:
[2024-07-31T15:30:33.345+0900] {process_utils.py:191} INFO - created virtual environment CPython3.11.9.final.0-64 in 189ms
[2024-07-31T15:30:33.346+0900] {process_utils.py:191} INFO -   creator CPython3Posix(dest=/private/var/folders/qv/0knwm5h50ml0skpppwpbks_r0000gp/T/venvbi21a_7p, clear=False, no_vcs_ignore=False, global=False)
[2024-07-31T15:30:33.346+0900] {process_utils.py:191} INFO -   seeder FromAppData(download=False, pip=bundle, setuptools=bundle, wheel=bundle, via=copy, app_data_dir=/Users/DE32/Library/Application Support/virtualenv)
[2024-07-31T15:30:33.346+0900] {process_utils.py:191} INFO -     added seed packages: pip==24.1.2, setuptools==70.2.0, wheel==0.43.0
[2024-07-31T15:30:33.346+0900] {process_utils.py:191} INFO -   activators BashActivator,CShellActivator,FishActivator,NushellActivator,PowerShellActivator,PythonActivator
[2024-07-31T15:30:33.357+0900] {process_utils.py:183} INFO - Executing cmd: /var/folders/qv/0knwm5h50ml0skpppwpbks_r0000gp/T/venvbi21a_7p/bin/pip install -r /var/folders/qv/0knwm5h50ml0skpppwpbks_r0000gp/T/venvbi21a_7p/requirements.txt
[2024-07-31T15:30:33.359+0900] {process_utils.py:187} INFO - Output:
[2024-07-31T15:30:34.113+0900] {process_utils.py:191} INFO - Collecting git+https://github.com/Jeonghoon2/movie.git@0.2/api (from -r /var/folders/qv/0knwm5h50ml0skpppwpbks_r0000gp/T/venvbi21a_7p/requirements.txt (line 1))
[2024-07-31T15:30:34.113+0900] {process_utils.py:191} INFO -   Cloning https://github.com/Jeonghoon2/movie.git (to revision 0.2/api) to /private/var/folders/qv/0knwm5h50ml0skpppwpbks_r0000gp/T/pip-req-build-4gg6na_i
[2024-07-31T15:30:34.126+0900] {process_utils.py:191} INFO -   Running command git clone --filter=blob:none --quiet https://github.com/Jeonghoon2/movie.git /private/var/folders/qv/0knwm5h50ml0skpppwpbks_r0000gp/T/pip-req-build-4gg6na_i
[2024-07-31T15:30:35.604+0900] {process_utils.py:191} INFO -   Running command git checkout -b 0.2/api --track origin/0.2/api
[2024-07-31T15:30:36.238+0900] {process_utils.py:191} INFO -   Switched to a new branch '0.2/api'
[2024-07-31T15:30:36.239+0900] {process_utils.py:191} INFO -   branch '0.2/api' set up to track 'origin/0.2/api'.
[2024-07-31T15:30:36.239+0900] {process_utils.py:191} INFO -   Resolved https://github.com/Jeonghoon2/movie.git to commit 34de3b5e993ea074744539373447116355ac95da
[2024-07-31T15:30:36.262+0900] {process_utils.py:191} INFO -   Installing build dependencies: started
[2024-07-31T15:30:37.209+0900] {process_utils.py:191} INFO -   Installing build dependencies: finished with status 'done'
[2024-07-31T15:30:37.210+0900] {process_utils.py:191} INFO -   Getting requirements to build wheel: started
[2024-07-31T15:30:37.336+0900] {process_utils.py:191} INFO -   Getting requirements to build wheel: finished with status 'done'
[2024-07-31T15:30:37.338+0900] {process_utils.py:191} INFO -   Preparing metadata (pyproject.toml): started
[2024-07-31T15:30:37.464+0900] {process_utils.py:191} INFO -   Preparing metadata (pyproject.toml): finished with status 'done'
[2024-07-31T15:30:37.520+0900] {process_utils.py:191} INFO - Collecting requests>=2.32.3 (from mov==0.1.0->-r /var/folders/qv/0knwm5h50ml0skpppwpbks_r0000gp/T/venvbi21a_7p/requirements.txt (line 1))
[2024-07-31T15:30:37.521+0900] {process_utils.py:191} INFO -   Using cached requests-2.32.3-py3-none-any.whl.metadata (4.6 kB)
[2024-07-31T15:30:37.635+0900] {process_utils.py:191} INFO - Collecting pandas>=2.2.2 (from mov==0.1.0->-r /var/folders/qv/0knwm5h50ml0skpppwpbks_r0000gp/T/venvbi21a_7p/requirements.txt (line 1))
[2024-07-31T15:30:37.636+0900] {process_utils.py:191} INFO -   Using cached pandas-2.2.2-cp311-cp311-macosx_11_0_arm64.whl.metadata (19 kB)
[2024-07-31T15:30:37.748+0900] {process_utils.py:191} INFO - Collecting numpy>=2.0.1 (from mov==0.1.0->-r /var/folders/qv/0knwm5h50ml0skpppwpbks_r0000gp/T/venvbi21a_7p/requirements.txt (line 1))
[2024-07-31T15:30:37.750+0900] {process_utils.py:191} INFO -   Using cached numpy-2.0.1-cp311-cp311-macosx_14_0_arm64.whl.metadata (60 kB)
[2024-07-31T15:30:37.802+0900] {process_utils.py:191} INFO - Collecting pyarrow>=17.0.0 (from mov==0.1.0->-r /var/folders/qv/0knwm5h50ml0skpppwpbks_r0000gp/T/venvbi21a_7p/requirements.txt (line 1))
[2024-07-31T15:30:37.804+0900] {process_utils.py:191} INFO -   Using cached pyarrow-17.0.0-cp311-cp311-macosx_11_0_arm64.whl.metadata (3.3 kB)
[2024-07-31T15:30:37.826+0900] {process_utils.py:191} INFO - Collecting python-dateutil>=2.8.2 (from pandas>=2.2.2->mov==0.1.0->-r /var/folders/qv/0knwm5h50ml0skpppwpbks_r0000gp/T/venvbi21a_7p/requirements.txt (line 1))
[2024-07-31T15:30:37.827+0900] {process_utils.py:191} INFO -   Using cached python_dateutil-2.9.0.post0-py2.py3-none-any.whl.metadata (8.4 kB)
[2024-07-31T15:30:37.855+0900] {process_utils.py:191} INFO - Collecting pytz>=2020.1 (from pandas>=2.2.2->mov==0.1.0->-r /var/folders/qv/0knwm5h50ml0skpppwpbks_r0000gp/T/venvbi21a_7p/requirements.txt (line 1))
[2024-07-31T15:30:37.856+0900] {process_utils.py:191} INFO -   Using cached pytz-2024.1-py2.py3-none-any.whl.metadata (22 kB)
[2024-07-31T15:30:37.870+0900] {process_utils.py:191} INFO - Collecting tzdata>=2022.7 (from pandas>=2.2.2->mov==0.1.0->-r /var/folders/qv/0knwm5h50ml0skpppwpbks_r0000gp/T/venvbi21a_7p/requirements.txt (line 1))
[2024-07-31T15:30:37.871+0900] {process_utils.py:191} INFO -   Using cached tzdata-2024.1-py2.py3-none-any.whl.metadata (1.4 kB)
[2024-07-31T15:30:37.918+0900] {process_utils.py:191} INFO - Collecting charset-normalizer<4,>=2 (from requests>=2.32.3->mov==0.1.0->-r /var/folders/qv/0knwm5h50ml0skpppwpbks_r0000gp/T/venvbi21a_7p/requirements.txt (line 1))
[2024-07-31T15:30:37.919+0900] {process_utils.py:191} INFO -   Using cached charset_normalizer-3.3.2-cp311-cp311-macosx_11_0_arm64.whl.metadata (33 kB)
[2024-07-31T15:30:37.933+0900] {process_utils.py:191} INFO - Collecting idna<4,>=2.5 (from requests>=2.32.3->mov==0.1.0->-r /var/folders/qv/0knwm5h50ml0skpppwpbks_r0000gp/T/venvbi21a_7p/requirements.txt (line 1))
[2024-07-31T15:30:37.934+0900] {process_utils.py:191} INFO -   Using cached idna-3.7-py3-none-any.whl.metadata (9.9 kB)
[2024-07-31T15:30:37.961+0900] {process_utils.py:191} INFO - Collecting urllib3<3,>=1.21.1 (from requests>=2.32.3->mov==0.1.0->-r /var/folders/qv/0knwm5h50ml0skpppwpbks_r0000gp/T/venvbi21a_7p/requirements.txt (line 1))
[2024-07-31T15:30:37.961+0900] {process_utils.py:191} INFO -   Using cached urllib3-2.2.2-py3-none-any.whl.metadata (6.4 kB)
[2024-07-31T15:30:37.980+0900] {process_utils.py:191} INFO - Collecting certifi>=2017.4.17 (from requests>=2.32.3->mov==0.1.0->-r /var/folders/qv/0knwm5h50ml0skpppwpbks_r0000gp/T/venvbi21a_7p/requirements.txt (line 1))
[2024-07-31T15:30:37.980+0900] {process_utils.py:191} INFO -   Using cached certifi-2024.7.4-py3-none-any.whl.metadata (2.2 kB)
[2024-07-31T15:30:38.010+0900] {process_utils.py:191} INFO - Collecting six>=1.5 (from python-dateutil>=2.8.2->pandas>=2.2.2->mov==0.1.0->-r /var/folders/qv/0knwm5h50ml0skpppwpbks_r0000gp/T/venvbi21a_7p/requirements.txt (line 1))
[2024-07-31T15:30:38.011+0900] {process_utils.py:191} INFO -   Using cached six-1.16.0-py2.py3-none-any.whl.metadata (1.8 kB)
[2024-07-31T15:30:38.014+0900] {process_utils.py:191} INFO - Using cached numpy-2.0.1-cp311-cp311-macosx_14_0_arm64.whl (5.3 MB)
[2024-07-31T15:30:38.020+0900] {process_utils.py:191} INFO - Using cached pandas-2.2.2-cp311-cp311-macosx_11_0_arm64.whl (11.3 MB)
[2024-07-31T15:30:38.032+0900] {process_utils.py:191} INFO - Using cached pyarrow-17.0.0-cp311-cp311-macosx_11_0_arm64.whl (27.2 MB)
[2024-07-31T15:30:38.058+0900] {process_utils.py:191} INFO - Using cached requests-2.32.3-py3-none-any.whl (64 kB)
[2024-07-31T15:30:38.059+0900] {process_utils.py:191} INFO - Using cached certifi-2024.7.4-py3-none-any.whl (162 kB)
[2024-07-31T15:30:38.060+0900] {process_utils.py:191} INFO - Using cached charset_normalizer-3.3.2-cp311-cp311-macosx_11_0_arm64.whl (118 kB)
[2024-07-31T15:30:38.061+0900] {process_utils.py:191} INFO - Using cached idna-3.7-py3-none-any.whl (66 kB)
[2024-07-31T15:30:38.062+0900] {process_utils.py:191} INFO - Using cached python_dateutil-2.9.0.post0-py2.py3-none-any.whl (229 kB)
[2024-07-31T15:30:38.063+0900] {process_utils.py:191} INFO - Using cached pytz-2024.1-py2.py3-none-any.whl (505 kB)
[2024-07-31T15:30:38.064+0900] {process_utils.py:191} INFO - Using cached tzdata-2024.1-py2.py3-none-any.whl (345 kB)
[2024-07-31T15:30:38.065+0900] {process_utils.py:191} INFO - Using cached urllib3-2.2.2-py3-none-any.whl (121 kB)
[2024-07-31T15:30:38.066+0900] {process_utils.py:191} INFO - Using cached six-1.16.0-py2.py3-none-any.whl (11 kB)
[2024-07-31T15:30:38.110+0900] {process_utils.py:191} INFO - Building wheels for collected packages: mov
[2024-07-31T15:30:38.123+0900] {process_utils.py:191} INFO -   Building wheel for mov (pyproject.toml): started
[2024-07-31T15:30:38.280+0900] {process_utils.py:191} INFO -   Building wheel for mov (pyproject.toml): finished with status 'done'
[2024-07-31T15:30:38.281+0900] {process_utils.py:191} INFO -   Created wheel for mov: filename=mov-0.1.0-py3-none-any.whl size=3035 sha256=8511c1de8f18b36f7b267d459dfd8bc81199a50ff0c4a2230ae2c9c8f86528fa
[2024-07-31T15:30:38.281+0900] {process_utils.py:191} INFO -   Stored in directory: /private/var/folders/qv/0knwm5h50ml0skpppwpbks_r0000gp/T/pip-ephem-wheel-cache-xyvsrlg0/wheels/cf/ab/a7/d0c528d20fa8a5f19e169bdf1d98f2b2cefe79d8527bb89200
[2024-07-31T15:30:38.282+0900] {process_utils.py:191} INFO - Successfully built mov
[2024-07-31T15:30:38.310+0900] {process_utils.py:191} INFO - Installing collected packages: pytz, urllib3, tzdata, six, numpy, idna, charset-normalizer, certifi, requests, python-dateutil, pyarrow, pandas, mov
[2024-07-31T15:30:42.906+0900] {process_utils.py:191} INFO - Successfully installed certifi-2024.7.4 charset-normalizer-3.3.2 idna-3.7 mov-0.1.0 numpy-2.0.1 pandas-2.2.2 pyarrow-17.0.0 python-dateutil-2.9.0.post0 pytz-2024.1 requests-2.32.3 six-1.16.0 tzdata-2024.1 urllib3-2.2.2
[2024-07-31T15:30:42.908+0900] {process_utils.py:191} INFO - 
[2024-07-31T15:30:42.909+0900] {process_utils.py:191} INFO - [notice] A new release of pip is available: 24.1.2 -> 24.2
[2024-07-31T15:30:42.909+0900] {process_utils.py:191} INFO - [notice] To update, run: python -m pip install --upgrade pip
[2024-07-31T15:30:43.039+0900] {process_utils.py:183} INFO - Executing cmd: /var/folders/qv/0knwm5h50ml0skpppwpbks_r0000gp/T/venvbi21a_7p/bin/python /var/folders/qv/0knwm5h50ml0skpppwpbks_r0000gp/T/venv-call5nl4zzhr/script.py /var/folders/qv/0knwm5h50ml0skpppwpbks_r0000gp/T/venv-call5nl4zzhr/script.in /var/folders/qv/0knwm5h50ml0skpppwpbks_r0000gp/T/venv-call5nl4zzhr/script.out /var/folders/qv/0knwm5h50ml0skpppwpbks_r0000gp/T/venv-call5nl4zzhr/string_args.txt /var/folders/qv/0knwm5h50ml0skpppwpbks_r0000gp/T/venv-call5nl4zzhr/termination.log
[2024-07-31T15:30:43.041+0900] {process_utils.py:187} INFO - Output:
[2024-07-31T15:30:43.056+0900] {process_utils.py:191} INFO - Traceback (most recent call last):
[2024-07-31T15:30:43.056+0900] {process_utils.py:191} INFO -   File "/var/folders/qv/0knwm5h50ml0skpppwpbks_r0000gp/T/venv-call5nl4zzhr/script.py", line 58, in <module>
[2024-07-31T15:30:43.056+0900] {process_utils.py:191} INFO -     res = get_data_with_params(*arg_dict["args"], **arg_dict["kwargs"])
[2024-07-31T15:30:43.057+0900] {process_utils.py:191} INFO -           ^^^^^^^^^^^^^^^^^^^^^^^^^^^^^^^^^^^^^^^^^^^^^^^^^^^^^^^^^^^^^
[2024-07-31T15:30:43.057+0900] {process_utils.py:191} INFO - TypeError: get_data_with_params() missing 1 required positional argument: 'params'
[2024-07-31T15:30:43.496+0900] {taskinstance.py:441} INFO - ::group::Post task execution logs
[2024-07-31T15:30:43.500+0900] {taskinstance.py:2905} ERROR - Task failed with exception
Traceback (most recent call last):
  File "/Users/DE32/.pyenv/versions/3.11.9/envs/note/lib/python3.11/site-packages/airflow/models/taskinstance.py", line 465, in _execute_task
    result = _execute_callable(context=context, **execute_callable_kwargs)
             ^^^^^^^^^^^^^^^^^^^^^^^^^^^^^^^^^^^^^^^^^^^^^^^^^^^^^^^^^^^^^
  File "/Users/DE32/.pyenv/versions/3.11.9/envs/note/lib/python3.11/site-packages/airflow/models/taskinstance.py", line 432, in _execute_callable
    return execute_callable(context=context, **execute_callable_kwargs)
           ^^^^^^^^^^^^^^^^^^^^^^^^^^^^^^^^^^^^^^^^^^^^^^^^^^^^^^^^^^^^
  File "/Users/DE32/.pyenv/versions/3.11.9/envs/note/lib/python3.11/site-packages/airflow/models/baseoperator.py", line 401, in wrapper
    return func(self, *args, **kwargs)
           ^^^^^^^^^^^^^^^^^^^^^^^^^^^
  File "/Users/DE32/.pyenv/versions/3.11.9/envs/note/lib/python3.11/site-packages/airflow/operators/python.py", line 437, in execute
    return super().execute(context=serializable_context)
           ^^^^^^^^^^^^^^^^^^^^^^^^^^^^^^^^^^^^^^^^^^^^^
  File "/Users/DE32/.pyenv/versions/3.11.9/envs/note/lib/python3.11/site-packages/airflow/models/baseoperator.py", line 401, in wrapper
    return func(self, *args, **kwargs)
           ^^^^^^^^^^^^^^^^^^^^^^^^^^^
  File "/Users/DE32/.pyenv/versions/3.11.9/envs/note/lib/python3.11/site-packages/airflow/operators/python.py", line 235, in execute
    return_value = self.execute_callable()
                   ^^^^^^^^^^^^^^^^^^^^^^^
  File "/Users/DE32/.pyenv/versions/3.11.9/envs/note/lib/python3.11/site-packages/airflow/operators/python.py", line 759, in execute_callable
    result = self._execute_python_callable_in_subprocess(python_path)
             ^^^^^^^^^^^^^^^^^^^^^^^^^^^^^^^^^^^^^^^^^^^^^^^^^^^^^^^^
  File "/Users/DE32/.pyenv/versions/3.11.9/envs/note/lib/python3.11/site-packages/airflow/operators/python.py", line 514, in _execute_python_callable_in_subprocess
    raise AirflowException(error_msg) from None
airflow.exceptions.AirflowException: Process returned non-zero exit status 1.
get_data_with_params() missing 1 required positional argument: 'params'
[2024-07-31T15:30:43.503+0900] {taskinstance.py:1206} INFO - Marking task as FAILED. dag_id=movie, task_id=nation.k, run_id=scheduled__2024-07-30T02:10:00+00:00, execution_date=20240730T021000, start_date=20240731T063033, end_date=20240731T063043
[2024-07-31T15:30:43.507+0900] {standard_task_runner.py:110} ERROR - Failed to execute job 786 for task nation.k (Process returned non-zero exit status 1.
get_data_with_params() missing 1 required positional argument: 'params'; 17104)
[2024-07-31T15:30:43.548+0900] {local_task_job_runner.py:243} INFO - Task exited with return code 1
[2024-07-31T15:30:43.555+0900] {taskinstance.py:3503} INFO - 0 downstream tasks scheduled from follow-on schedule check
[2024-07-31T15:30:43.555+0900] {local_task_job_runner.py:222} INFO - ::endgroup::
[2024-07-31T17:52:25.902+0900] {local_task_job_runner.py:120} INFO - ::group::Pre task execution logs
[2024-07-31T17:52:25.921+0900] {taskinstance.py:2076} INFO - Dependencies all met for dep_context=non-requeueable deps ti=<TaskInstance: movie.nation.k scheduled__2024-07-30T02:10:00+00:00 [queued]>
[2024-07-31T17:52:25.924+0900] {taskinstance.py:2076} INFO - Dependencies all met for dep_context=requeueable deps ti=<TaskInstance: movie.nation.k scheduled__2024-07-30T02:10:00+00:00 [queued]>
[2024-07-31T17:52:25.925+0900] {taskinstance.py:2306} INFO - Starting attempt 4 of 4
[2024-07-31T17:52:25.931+0900] {taskinstance.py:2330} INFO - Executing <Task(PythonVirtualenvOperator): nation.k> on 2024-07-30 02:10:00+00:00
[2024-07-31T17:52:25.934+0900] {standard_task_runner.py:64} INFO - Started process 24171 to run task
[2024-07-31T17:52:25.937+0900] {standard_task_runner.py:90} INFO - Running: ['airflow', 'tasks', 'run', 'movie', 'nation.k', 'scheduled__2024-07-30T02:10:00+00:00', '--job-id', '897', '--raw', '--subdir', 'DAGS_FOLDER/movie.py', '--cfg-path', '/var/folders/qv/0knwm5h50ml0skpppwpbks_r0000gp/T/tmpm4d9gvto']
[2024-07-31T17:52:25.938+0900] {standard_task_runner.py:91} INFO - Job 897: Subtask nation.k
[2024-07-31T17:52:25.952+0900] {task_command.py:426} INFO - Running <TaskInstance: movie.nation.k scheduled__2024-07-30T02:10:00+00:00 [running]> on host jeongui-MacBookPro.local
[2024-07-31T17:52:25.975+0900] {taskinstance.py:2648} INFO - Exporting env vars: AIRFLOW_CTX_DAG_OWNER='airflow' AIRFLOW_CTX_DAG_ID='movie' AIRFLOW_CTX_TASK_ID='nation.k' AIRFLOW_CTX_EXECUTION_DATE='2024-07-30T02:10:00+00:00' AIRFLOW_CTX_TRY_NUMBER='4' AIRFLOW_CTX_DAG_RUN_ID='scheduled__2024-07-30T02:10:00+00:00'
[2024-07-31T17:52:25.975+0900] {taskinstance.py:430} INFO - ::endgroup::
[2024-07-31T17:52:25.983+0900] {baseoperator.py:400} WARNING - PythonVirtualenvOperator.execute cannot be called outside TaskInstance!
[2024-07-31T17:52:25.983+0900] {process_utils.py:183} INFO - Executing cmd: /Users/DE32/.pyenv/versions/3.11.9/envs/note/bin/python -m virtualenv /var/folders/qv/0knwm5h50ml0skpppwpbks_r0000gp/T/venv2108ffcc --python=python
[2024-07-31T17:52:25.985+0900] {process_utils.py:187} INFO - Output:
[2024-07-31T17:52:26.250+0900] {process_utils.py:191} INFO - created virtual environment CPython3.11.9.final.0-64 in 195ms
[2024-07-31T17:52:26.251+0900] {process_utils.py:191} INFO -   creator CPython3Posix(dest=/private/var/folders/qv/0knwm5h50ml0skpppwpbks_r0000gp/T/venv2108ffcc, clear=False, no_vcs_ignore=False, global=False)
[2024-07-31T17:52:26.251+0900] {process_utils.py:191} INFO -   seeder FromAppData(download=False, pip=bundle, setuptools=bundle, wheel=bundle, via=copy, app_data_dir=/Users/DE32/Library/Application Support/virtualenv)
[2024-07-31T17:52:26.251+0900] {process_utils.py:191} INFO -     added seed packages: pip==24.1.2, setuptools==70.2.0, wheel==0.43.0
[2024-07-31T17:52:26.251+0900] {process_utils.py:191} INFO -   activators BashActivator,CShellActivator,FishActivator,NushellActivator,PowerShellActivator,PythonActivator
[2024-07-31T17:52:26.262+0900] {process_utils.py:183} INFO - Executing cmd: /var/folders/qv/0knwm5h50ml0skpppwpbks_r0000gp/T/venv2108ffcc/bin/pip install -r /var/folders/qv/0knwm5h50ml0skpppwpbks_r0000gp/T/venv2108ffcc/requirements.txt
[2024-07-31T17:52:26.264+0900] {process_utils.py:187} INFO - Output:
[2024-07-31T17:52:27.012+0900] {process_utils.py:191} INFO - Collecting git+https://github.com/Jeonghoon2/movie.git@0.2/api (from -r /var/folders/qv/0knwm5h50ml0skpppwpbks_r0000gp/T/venv2108ffcc/requirements.txt (line 1))
[2024-07-31T17:52:27.013+0900] {process_utils.py:191} INFO -   Cloning https://github.com/Jeonghoon2/movie.git (to revision 0.2/api) to /private/var/folders/qv/0knwm5h50ml0skpppwpbks_r0000gp/T/pip-req-build-q1v4x4bi
[2024-07-31T17:52:27.025+0900] {process_utils.py:191} INFO -   Running command git clone --filter=blob:none --quiet https://github.com/Jeonghoon2/movie.git /private/var/folders/qv/0knwm5h50ml0skpppwpbks_r0000gp/T/pip-req-build-q1v4x4bi
[2024-07-31T17:52:28.357+0900] {process_utils.py:191} INFO -   Running command git checkout -b 0.2/api --track origin/0.2/api
[2024-07-31T17:52:28.856+0900] {process_utils.py:191} INFO -   Switched to a new branch '0.2/api'
[2024-07-31T17:52:28.856+0900] {process_utils.py:191} INFO -   branch '0.2/api' set up to track 'origin/0.2/api'.
[2024-07-31T17:52:28.857+0900] {process_utils.py:191} INFO -   Resolved https://github.com/Jeonghoon2/movie.git to commit 3e0a21e3e155d637ca26fdd452be387e0f4ca3e9
[2024-07-31T17:52:28.879+0900] {process_utils.py:191} INFO -   Installing build dependencies: started
[2024-07-31T17:52:29.802+0900] {process_utils.py:191} INFO -   Installing build dependencies: finished with status 'done'
[2024-07-31T17:52:29.803+0900] {process_utils.py:191} INFO -   Getting requirements to build wheel: started
[2024-07-31T17:52:29.929+0900] {process_utils.py:191} INFO -   Getting requirements to build wheel: finished with status 'done'
[2024-07-31T17:52:29.930+0900] {process_utils.py:191} INFO -   Preparing metadata (pyproject.toml): started
[2024-07-31T17:52:30.055+0900] {process_utils.py:191} INFO -   Preparing metadata (pyproject.toml): finished with status 'done'
[2024-07-31T17:52:30.115+0900] {process_utils.py:191} INFO - Collecting requests>=2.32.3 (from mov==0.1.0->-r /var/folders/qv/0knwm5h50ml0skpppwpbks_r0000gp/T/venv2108ffcc/requirements.txt (line 1))
[2024-07-31T17:52:30.116+0900] {process_utils.py:191} INFO -   Using cached requests-2.32.3-py3-none-any.whl.metadata (4.6 kB)
[2024-07-31T17:52:30.184+0900] {process_utils.py:191} INFO - Collecting pandas>=2.2.2 (from mov==0.1.0->-r /var/folders/qv/0knwm5h50ml0skpppwpbks_r0000gp/T/venv2108ffcc/requirements.txt (line 1))
[2024-07-31T17:52:30.185+0900] {process_utils.py:191} INFO -   Using cached pandas-2.2.2-cp311-cp311-macosx_11_0_arm64.whl.metadata (19 kB)
[2024-07-31T17:52:30.285+0900] {process_utils.py:191} INFO - Collecting numpy>=2.0.1 (from mov==0.1.0->-r /var/folders/qv/0knwm5h50ml0skpppwpbks_r0000gp/T/venv2108ffcc/requirements.txt (line 1))
[2024-07-31T17:52:30.287+0900] {process_utils.py:191} INFO -   Using cached numpy-2.0.1-cp311-cp311-macosx_14_0_arm64.whl.metadata (60 kB)
[2024-07-31T17:52:30.335+0900] {process_utils.py:191} INFO - Collecting pyarrow>=17.0.0 (from mov==0.1.0->-r /var/folders/qv/0knwm5h50ml0skpppwpbks_r0000gp/T/venv2108ffcc/requirements.txt (line 1))
[2024-07-31T17:52:30.336+0900] {process_utils.py:191} INFO -   Using cached pyarrow-17.0.0-cp311-cp311-macosx_11_0_arm64.whl.metadata (3.3 kB)
[2024-07-31T17:52:30.357+0900] {process_utils.py:191} INFO - Collecting python-dateutil>=2.8.2 (from pandas>=2.2.2->mov==0.1.0->-r /var/folders/qv/0knwm5h50ml0skpppwpbks_r0000gp/T/venv2108ffcc/requirements.txt (line 1))
[2024-07-31T17:52:30.358+0900] {process_utils.py:191} INFO -   Using cached python_dateutil-2.9.0.post0-py2.py3-none-any.whl.metadata (8.4 kB)
[2024-07-31T17:52:30.387+0900] {process_utils.py:191} INFO - Collecting pytz>=2020.1 (from pandas>=2.2.2->mov==0.1.0->-r /var/folders/qv/0knwm5h50ml0skpppwpbks_r0000gp/T/venv2108ffcc/requirements.txt (line 1))
[2024-07-31T17:52:30.388+0900] {process_utils.py:191} INFO -   Using cached pytz-2024.1-py2.py3-none-any.whl.metadata (22 kB)
[2024-07-31T17:52:30.402+0900] {process_utils.py:191} INFO - Collecting tzdata>=2022.7 (from pandas>=2.2.2->mov==0.1.0->-r /var/folders/qv/0knwm5h50ml0skpppwpbks_r0000gp/T/venv2108ffcc/requirements.txt (line 1))
[2024-07-31T17:52:30.403+0900] {process_utils.py:191} INFO -   Using cached tzdata-2024.1-py2.py3-none-any.whl.metadata (1.4 kB)
[2024-07-31T17:52:30.446+0900] {process_utils.py:191} INFO - Collecting charset-normalizer<4,>=2 (from requests>=2.32.3->mov==0.1.0->-r /var/folders/qv/0knwm5h50ml0skpppwpbks_r0000gp/T/venv2108ffcc/requirements.txt (line 1))
[2024-07-31T17:52:30.447+0900] {process_utils.py:191} INFO -   Using cached charset_normalizer-3.3.2-cp311-cp311-macosx_11_0_arm64.whl.metadata (33 kB)
[2024-07-31T17:52:30.462+0900] {process_utils.py:191} INFO - Collecting idna<4,>=2.5 (from requests>=2.32.3->mov==0.1.0->-r /var/folders/qv/0knwm5h50ml0skpppwpbks_r0000gp/T/venv2108ffcc/requirements.txt (line 1))
[2024-07-31T17:52:30.462+0900] {process_utils.py:191} INFO -   Using cached idna-3.7-py3-none-any.whl.metadata (9.9 kB)
[2024-07-31T17:52:30.490+0900] {process_utils.py:191} INFO - Collecting urllib3<3,>=1.21.1 (from requests>=2.32.3->mov==0.1.0->-r /var/folders/qv/0knwm5h50ml0skpppwpbks_r0000gp/T/venv2108ffcc/requirements.txt (line 1))
[2024-07-31T17:52:30.490+0900] {process_utils.py:191} INFO -   Using cached urllib3-2.2.2-py3-none-any.whl.metadata (6.4 kB)
[2024-07-31T17:52:30.506+0900] {process_utils.py:191} INFO - Collecting certifi>=2017.4.17 (from requests>=2.32.3->mov==0.1.0->-r /var/folders/qv/0knwm5h50ml0skpppwpbks_r0000gp/T/venv2108ffcc/requirements.txt (line 1))
[2024-07-31T17:52:30.507+0900] {process_utils.py:191} INFO -   Using cached certifi-2024.7.4-py3-none-any.whl.metadata (2.2 kB)
[2024-07-31T17:52:30.532+0900] {process_utils.py:191} INFO - Collecting six>=1.5 (from python-dateutil>=2.8.2->pandas>=2.2.2->mov==0.1.0->-r /var/folders/qv/0knwm5h50ml0skpppwpbks_r0000gp/T/venv2108ffcc/requirements.txt (line 1))
[2024-07-31T17:52:30.533+0900] {process_utils.py:191} INFO -   Using cached six-1.16.0-py2.py3-none-any.whl.metadata (1.8 kB)
[2024-07-31T17:52:30.536+0900] {process_utils.py:191} INFO - Using cached numpy-2.0.1-cp311-cp311-macosx_14_0_arm64.whl (5.3 MB)
[2024-07-31T17:52:30.543+0900] {process_utils.py:191} INFO - Using cached pandas-2.2.2-cp311-cp311-macosx_11_0_arm64.whl (11.3 MB)
[2024-07-31T17:52:30.563+0900] {process_utils.py:191} INFO - Using cached pyarrow-17.0.0-cp311-cp311-macosx_11_0_arm64.whl (27.2 MB)
[2024-07-31T17:52:30.603+0900] {process_utils.py:191} INFO - Using cached requests-2.32.3-py3-none-any.whl (64 kB)
[2024-07-31T17:52:30.610+0900] {process_utils.py:191} INFO - Using cached certifi-2024.7.4-py3-none-any.whl (162 kB)
[2024-07-31T17:52:30.617+0900] {process_utils.py:191} INFO - Using cached charset_normalizer-3.3.2-cp311-cp311-macosx_11_0_arm64.whl (118 kB)
[2024-07-31T17:52:30.623+0900] {process_utils.py:191} INFO - Using cached idna-3.7-py3-none-any.whl (66 kB)
[2024-07-31T17:52:30.624+0900] {process_utils.py:191} INFO - Using cached python_dateutil-2.9.0.post0-py2.py3-none-any.whl (229 kB)
[2024-07-31T17:52:30.626+0900] {process_utils.py:191} INFO - Using cached pytz-2024.1-py2.py3-none-any.whl (505 kB)
[2024-07-31T17:52:30.629+0900] {process_utils.py:191} INFO - Using cached tzdata-2024.1-py2.py3-none-any.whl (345 kB)
[2024-07-31T17:52:30.632+0900] {process_utils.py:191} INFO - Using cached urllib3-2.2.2-py3-none-any.whl (121 kB)
[2024-07-31T17:52:30.634+0900] {process_utils.py:191} INFO - Using cached six-1.16.0-py2.py3-none-any.whl (11 kB)
[2024-07-31T17:52:30.676+0900] {process_utils.py:191} INFO - Building wheels for collected packages: mov
[2024-07-31T17:52:30.689+0900] {process_utils.py:191} INFO -   Building wheel for mov (pyproject.toml): started
[2024-07-31T17:52:30.824+0900] {process_utils.py:191} INFO -   Building wheel for mov (pyproject.toml): finished with status 'done'
[2024-07-31T17:52:30.825+0900] {process_utils.py:191} INFO -   Created wheel for mov: filename=mov-0.1.0-py3-none-any.whl size=3042 sha256=2a822e473087e5e422ce40338d1562d1f37d9755c6e45277c76daf1ec2612a0d
[2024-07-31T17:52:30.825+0900] {process_utils.py:191} INFO -   Stored in directory: /private/var/folders/qv/0knwm5h50ml0skpppwpbks_r0000gp/T/pip-ephem-wheel-cache-l7efhcua/wheels/cf/ab/a7/d0c528d20fa8a5f19e169bdf1d98f2b2cefe79d8527bb89200
[2024-07-31T17:52:30.826+0900] {process_utils.py:191} INFO - Successfully built mov
[2024-07-31T17:52:30.853+0900] {process_utils.py:191} INFO - Installing collected packages: pytz, urllib3, tzdata, six, numpy, idna, charset-normalizer, certifi, requests, python-dateutil, pyarrow, pandas, mov
[2024-07-31T17:52:35.440+0900] {process_utils.py:191} INFO - Successfully installed certifi-2024.7.4 charset-normalizer-3.3.2 idna-3.7 mov-0.1.0 numpy-2.0.1 pandas-2.2.2 pyarrow-17.0.0 python-dateutil-2.9.0.post0 pytz-2024.1 requests-2.32.3 six-1.16.0 tzdata-2024.1 urllib3-2.2.2
[2024-07-31T17:52:35.444+0900] {process_utils.py:191} INFO - 
[2024-07-31T17:52:35.444+0900] {process_utils.py:191} INFO - [notice] A new release of pip is available: 24.1.2 -> 24.2
[2024-07-31T17:52:35.444+0900] {process_utils.py:191} INFO - [notice] To update, run: python -m pip install --upgrade pip
[2024-07-31T17:52:35.577+0900] {logging_mixin.py:188} WARNING - /Users/DE32/.pyenv/versions/3.11.9/envs/note/lib/python3.11/site-packages/airflow/utils/context.py:212 AirflowContextDeprecationWarning: Accessing 'next_ds' from the template is deprecated and will be removed in a future version. Please use '{{ data_interval_end | ds }}' instead.
[2024-07-31T17:52:35.577+0900] {logging_mixin.py:188} WARNING - /Users/DE32/.pyenv/versions/3.11.9/envs/note/lib/python3.11/site-packages/airflow/utils/context.py:212 AirflowContextDeprecationWarning: Accessing 'next_ds_nodash' from the template is deprecated and will be removed in a future version. Please use '{{ data_interval_end | ds_nodash }}' instead.
[2024-07-31T17:52:35.578+0900] {logging_mixin.py:188} WARNING - /Users/DE32/.pyenv/versions/3.11.9/envs/note/lib/python3.11/site-packages/airflow/utils/context.py:212 AirflowContextDeprecationWarning: Accessing 'prev_ds' from the template is deprecated and will be removed in a future version.
[2024-07-31T17:52:35.578+0900] {logging_mixin.py:188} WARNING - /Users/DE32/.pyenv/versions/3.11.9/envs/note/lib/python3.11/site-packages/airflow/utils/context.py:212 AirflowContextDeprecationWarning: Accessing 'prev_ds_nodash' from the template is deprecated and will be removed in a future version.
[2024-07-31T17:52:35.579+0900] {logging_mixin.py:188} WARNING - /Users/DE32/.pyenv/versions/3.11.9/envs/note/lib/python3.11/site-packages/airflow/utils/context.py:212 AirflowContextDeprecationWarning: Accessing 'tomorrow_ds' from the template is deprecated and will be removed in a future version.
[2024-07-31T17:52:35.579+0900] {logging_mixin.py:188} WARNING - /Users/DE32/.pyenv/versions/3.11.9/envs/note/lib/python3.11/site-packages/airflow/utils/context.py:212 AirflowContextDeprecationWarning: Accessing 'tomorrow_ds_nodash' from the template is deprecated and will be removed in a future version.
[2024-07-31T17:52:35.579+0900] {logging_mixin.py:188} WARNING - /Users/DE32/.pyenv/versions/3.11.9/envs/note/lib/python3.11/site-packages/airflow/utils/context.py:212 AirflowContextDeprecationWarning: Accessing 'yesterday_ds' from the template is deprecated and will be removed in a future version.
[2024-07-31T17:52:35.580+0900] {logging_mixin.py:188} WARNING - /Users/DE32/.pyenv/versions/3.11.9/envs/note/lib/python3.11/site-packages/airflow/utils/context.py:212 AirflowContextDeprecationWarning: Accessing 'yesterday_ds_nodash' from the template is deprecated and will be removed in a future version.
[2024-07-31T17:52:35.584+0900] {process_utils.py:183} INFO - Executing cmd: /var/folders/qv/0knwm5h50ml0skpppwpbks_r0000gp/T/venv2108ffcc/bin/python /var/folders/qv/0knwm5h50ml0skpppwpbks_r0000gp/T/venv-call8z6qsxqn/script.py /var/folders/qv/0knwm5h50ml0skpppwpbks_r0000gp/T/venv-call8z6qsxqn/script.in /var/folders/qv/0knwm5h50ml0skpppwpbks_r0000gp/T/venv-call8z6qsxqn/script.out /var/folders/qv/0knwm5h50ml0skpppwpbks_r0000gp/T/venv-call8z6qsxqn/string_args.txt /var/folders/qv/0knwm5h50ml0skpppwpbks_r0000gp/T/venv-call8z6qsxqn/termination.log
[2024-07-31T17:52:35.586+0900] {process_utils.py:187} INFO - Output:
[2024-07-31T17:52:48.790+0900] {process_utils.py:191} INFO - {'boxOfficeResult': {'boxofficeType': '일별 박스오피스', 'showRange': '20120101~20120101', 'dailyBoxOfficeList': [{'rnum': '1', 'rank': '1', 'rankInten': '0', 'rankOldAndNew': 'OLD', 'movieCd': '20110295', 'movieNm': '마이 웨이', 'openDt': '2011-12-21', 'salesAmt': '1189058500', 'salesShare': '54.4', 'salesInten': '-105894500', 'salesChange': '-8.2', 'salesAcc': '13002897500', 'audiCnt': '153501', 'audiInten': '-16465', 'audiChange': '-9.7', 'audiAcc': '1739543', 'scrnCnt': '588', 'showCnt': '2321'}, {'rnum': '2', 'rank': '2', 'rankInten': '0', 'rankOldAndNew': 'OLD', 'movieCd': '20113260', 'movieNm': '퍼펙트 게임', 'openDt': '2011-12-21', 'salesAmt': '644532000', 'salesShare': '29.5', 'salesInten': '-75116500', 'salesChange': '-10.4', 'salesAcc': '6640940000', 'audiCnt': '83644', 'audiInten': '-12225', 'audiChange': '-12.8', 'audiAcc': '895416', 'scrnCnt': '396', 'showCnt': '1364'}, {'rnum': '3', 'rank': '3', 'rankInten': '0', 'rankOldAndNew': 'OLD', 'movieCd': '20113381', 'movieNm': '오싹한 연애', 'openDt': '2011-12-01', 'salesAmt': '344871000', 'salesShare': '15.8', 'salesInten': '-107005500', 'salesChange': '-23.7', 'salesAcc': '20634684500', 'audiCnt': '45062', 'audiInten': '-15926', 'audiChange': '-26.1', 'audiAcc': '2823060', 'scrnCnt': '243', 'showCnt': '839'}, {'rnum': '4', 'rank': '4', 'rankInten': '0', 'rankOldAndNew': 'OLD', 'movieCd': '20119659', 'movieNm': '량강도 아이들', 'openDt': '2011-11-17', 'salesAmt': '2139500', 'salesShare': '0.1', 'salesInten': '110500', 'salesChange': '5.4', 'salesAcc': '68282500', 'audiCnt': '271', 'audiInten': '4', 'audiChange': '1.5', 'audiAcc': '10172', 'scrnCnt': '11', 'showCnt': '35'}, {'rnum': '5', 'rank': '5', 'rankInten': '0', 'rankOldAndNew': 'NEW', 'movieCd': '20101344', 'movieNm': '파수꾼', 'openDt': '2011-03-03', 'salesAmt': '1015000', 'salesShare': '0.0', 'salesInten': '1015000', 'salesChange': '100', 'salesAcc': '170888700', 'audiCnt': '127', 'audiInten': '127', 'audiChange': '100', 'audiAcc': '22112', 'scrnCnt': '1', 'showCnt': '1'}, {'rnum': '6', 'rank': '6', 'rankInten': '0', 'rankOldAndNew': 'NEW', 'movieCd': '20113743', 'movieNm': '댄싱퀸', 'openDt': '2012-01-18', 'salesAmt': '1008000', 'salesShare': '0.0', 'salesInten': '1008000', 'salesChange': '100', 'salesAcc': '1008000', 'audiCnt': '126', 'audiInten': '126', 'audiChange': '100', 'audiAcc': '126', 'scrnCnt': '1', 'showCnt': '1'}, {'rnum': '7', 'rank': '7', 'rankInten': '0', 'rankOldAndNew': 'NEW', 'movieCd': '20110985', 'movieNm': '줄탁동시', 'openDt': '2012-03-01', 'salesAmt': '864000', 'salesShare': '0.0', 'salesInten': '864000', 'salesChange': '100', 'salesAcc': '2047000', 'audiCnt': '108', 'audiInten': '108', 'audiChange': '100', 'audiAcc': '305', 'scrnCnt': '1', 'showCnt': '1'}, {'rnum': '8', 'rank': '8', 'rankInten': '3', 'rankOldAndNew': 'OLD', 'movieCd': '20119436', 'movieNm': '오래된 인력거', 'openDt': '2011-12-15', 'salesAmt': '546000', 'salesShare': '0.0', 'salesInten': '359000', 'salesChange': '192', 'salesAcc': '15047800', 'audiCnt': '104', 'audiInten': '65', 'audiChange': '166.7', 'audiAcc': '2272', 'scrnCnt': '3', 'showCnt': '5'}, {'rnum': '9', 'rank': '9', 'rankInten': '0', 'rankOldAndNew': 'NEW', 'movieCd': '20111031', 'movieNm': '돼지의 왕', 'openDt': '2011-11-03', 'salesAmt': '509000', 'salesShare': '0.0', 'salesInten': '509000', 'salesChange': '100', 'salesAcc': '144630300', 'audiCnt': '57', 'audiInten': '57', 'audiChange': '100', 'audiAcc': '18660', 'scrnCnt': '2', 'showCnt': '2'}, {'rnum': '10', 'rank': '10', 'rankInten': '-3', 'rankOldAndNew': 'OLD', 'movieCd': '20112695', 'movieNm': '완득이', 'openDt': '2011-10-20', 'salesAmt': '339000', 'salesShare': '0.0', 'salesInten': '-97000', 'salesChange': '-22.2', 'salesAcc': '38526500500', 'audiCnt': '54', 'audiInten': '-22', 'audiChange': '-28.9', 'audiAcc': '5309982', 'scrnCnt': '2', 'showCnt': '4'}]}}
[2024-07-31T17:52:48.792+0900] {process_utils.py:191} INFO - Traceback (most recent call last):
[2024-07-31T17:52:48.793+0900] {process_utils.py:191} INFO -   File "/var/folders/qv/0knwm5h50ml0skpppwpbks_r0000gp/T/venv-call8z6qsxqn/script.py", line 55, in <module>
[2024-07-31T17:52:48.794+0900] {process_utils.py:191} INFO -     res = get_data_with_params(*arg_dict["args"], **arg_dict["kwargs"])
[2024-07-31T17:52:48.795+0900] {process_utils.py:191} INFO -           ^^^^^^^^^^^^^^^^^^^^^^^^^^^^^^^^^^^^^^^^^^^^^^^^^^^^^^^^^^^^^
[2024-07-31T17:52:48.796+0900] {process_utils.py:191} INFO -   File "/var/folders/qv/0knwm5h50ml0skpppwpbks_r0000gp/T/venv-call8z6qsxqn/script.py", line 23, in get_data_with_params
[2024-07-31T17:52:48.797+0900] {process_utils.py:191} INFO -     df = save2df(url_params=url_params)
[2024-07-31T17:52:48.798+0900] {process_utils.py:191} INFO -          ^^^^^^^^^^^^^^^^^^^^^^^^^^^^^^
[2024-07-31T17:52:48.799+0900] {process_utils.py:191} INFO -   File "/var/folders/qv/0knwm5h50ml0skpppwpbks_r0000gp/T/venv2108ffcc/lib/python3.11/site-packages/mov/api/call.py", line 40, in save2df
[2024-07-31T17:52:48.799+0900] {process_utils.py:191} INFO -     df.to_parquet('~/tmp/test_parquet', partition_cols=partition)
[2024-07-31T17:52:48.800+0900] {process_utils.py:191} INFO -   File "/var/folders/qv/0knwm5h50ml0skpppwpbks_r0000gp/T/venv2108ffcc/lib/python3.11/site-packages/pandas/util/_decorators.py", line 333, in wrapper
[2024-07-31T17:52:48.801+0900] {process_utils.py:191} INFO -     return func(*args, **kwargs)
[2024-07-31T17:52:48.802+0900] {process_utils.py:191} INFO -            ^^^^^^^^^^^^^^^^^^^^^
[2024-07-31T17:52:48.802+0900] {process_utils.py:191} INFO -   File "/var/folders/qv/0knwm5h50ml0skpppwpbks_r0000gp/T/venv2108ffcc/lib/python3.11/site-packages/pandas/core/frame.py", line 3113, in to_parquet
[2024-07-31T17:52:48.803+0900] {process_utils.py:191} INFO -     return to_parquet(
[2024-07-31T17:52:48.803+0900] {process_utils.py:191} INFO -            ^^^^^^^^^^^
[2024-07-31T17:52:48.804+0900] {process_utils.py:191} INFO -   File "/var/folders/qv/0knwm5h50ml0skpppwpbks_r0000gp/T/venv2108ffcc/lib/python3.11/site-packages/pandas/io/parquet.py", line 480, in to_parquet
[2024-07-31T17:52:48.804+0900] {process_utils.py:191} INFO -     impl.write(
[2024-07-31T17:52:48.805+0900] {process_utils.py:191} INFO -   File "/var/folders/qv/0knwm5h50ml0skpppwpbks_r0000gp/T/venv2108ffcc/lib/python3.11/site-packages/pandas/io/parquet.py", line 218, in write
[2024-07-31T17:52:48.805+0900] {process_utils.py:191} INFO -     self.api.parquet.write_to_dataset(
[2024-07-31T17:52:48.806+0900] {process_utils.py:191} INFO -   File "/var/folders/qv/0knwm5h50ml0skpppwpbks_r0000gp/T/venv2108ffcc/lib/python3.11/site-packages/pyarrow/parquet/core.py", line 2163, in write_to_dataset
[2024-07-31T17:52:48.807+0900] {process_utils.py:191} INFO -     part_schema = table.select(partition_cols).schema
[2024-07-31T17:52:48.808+0900] {process_utils.py:191} INFO -                   ^^^^^^^^^^^^^^^^^^^^^^^^^^^^
[2024-07-31T17:52:48.808+0900] {process_utils.py:191} INFO -   File "pyarrow/table.pxi", line 4207, in pyarrow.lib.Table.select
[2024-07-31T17:52:48.809+0900] {process_utils.py:191} INFO -   File "pyarrow/table.pxi", line 1668, in pyarrow.lib._Tabular._ensure_integer_index
[2024-07-31T17:52:48.810+0900] {process_utils.py:191} INFO - KeyError: 'Field "repNationCd" does not exist in schema'
[2024-07-31T17:52:49.274+0900] {taskinstance.py:441} INFO - ::group::Post task execution logs
[2024-07-31T17:52:49.278+0900] {taskinstance.py:2905} ERROR - Task failed with exception
Traceback (most recent call last):
  File "/Users/DE32/.pyenv/versions/3.11.9/envs/note/lib/python3.11/site-packages/airflow/models/taskinstance.py", line 465, in _execute_task
    result = _execute_callable(context=context, **execute_callable_kwargs)
             ^^^^^^^^^^^^^^^^^^^^^^^^^^^^^^^^^^^^^^^^^^^^^^^^^^^^^^^^^^^^^
  File "/Users/DE32/.pyenv/versions/3.11.9/envs/note/lib/python3.11/site-packages/airflow/models/taskinstance.py", line 432, in _execute_callable
    return execute_callable(context=context, **execute_callable_kwargs)
           ^^^^^^^^^^^^^^^^^^^^^^^^^^^^^^^^^^^^^^^^^^^^^^^^^^^^^^^^^^^^
  File "/Users/DE32/.pyenv/versions/3.11.9/envs/note/lib/python3.11/site-packages/airflow/models/baseoperator.py", line 401, in wrapper
    return func(self, *args, **kwargs)
           ^^^^^^^^^^^^^^^^^^^^^^^^^^^
  File "/Users/DE32/.pyenv/versions/3.11.9/envs/note/lib/python3.11/site-packages/airflow/operators/python.py", line 437, in execute
    return super().execute(context=serializable_context)
           ^^^^^^^^^^^^^^^^^^^^^^^^^^^^^^^^^^^^^^^^^^^^^
  File "/Users/DE32/.pyenv/versions/3.11.9/envs/note/lib/python3.11/site-packages/airflow/models/baseoperator.py", line 401, in wrapper
    return func(self, *args, **kwargs)
           ^^^^^^^^^^^^^^^^^^^^^^^^^^^
  File "/Users/DE32/.pyenv/versions/3.11.9/envs/note/lib/python3.11/site-packages/airflow/operators/python.py", line 235, in execute
    return_value = self.execute_callable()
                   ^^^^^^^^^^^^^^^^^^^^^^^
  File "/Users/DE32/.pyenv/versions/3.11.9/envs/note/lib/python3.11/site-packages/airflow/operators/python.py", line 759, in execute_callable
    result = self._execute_python_callable_in_subprocess(python_path)
             ^^^^^^^^^^^^^^^^^^^^^^^^^^^^^^^^^^^^^^^^^^^^^^^^^^^^^^^^
  File "/Users/DE32/.pyenv/versions/3.11.9/envs/note/lib/python3.11/site-packages/airflow/operators/python.py", line 514, in _execute_python_callable_in_subprocess
    raise AirflowException(error_msg) from None
airflow.exceptions.AirflowException: Process returned non-zero exit status 1.
'Field "repNationCd" does not exist in schema'
[2024-07-31T17:52:49.281+0900] {taskinstance.py:1206} INFO - Marking task as FAILED. dag_id=movie, task_id=nation.k, run_id=scheduled__2024-07-30T02:10:00+00:00, execution_date=20240730T021000, start_date=20240731T085225, end_date=20240731T085249
[2024-07-31T17:52:49.285+0900] {standard_task_runner.py:110} ERROR - Failed to execute job 897 for task nation.k (Process returned non-zero exit status 1.
'Field "repNationCd" does not exist in schema'; 24171)
[2024-07-31T17:52:49.316+0900] {local_task_job_runner.py:243} INFO - Task exited with return code 1
[2024-07-31T17:52:49.324+0900] {taskinstance.py:3503} INFO - 0 downstream tasks scheduled from follow-on schedule check
[2024-07-31T17:52:49.325+0900] {local_task_job_runner.py:222} INFO - ::endgroup::
