[2024-07-31T16:26:37.271+0900] {local_task_job_runner.py:120} INFO - ::group::Pre task execution logs
[2024-07-31T16:26:37.282+0900] {taskinstance.py:2076} INFO - Dependencies all met for dep_context=non-requeueable deps ti=<TaskInstance: movie.nation.k scheduled__2024-07-30T02:10:00+00:00 [queued]>
[2024-07-31T16:26:37.285+0900] {taskinstance.py:2076} INFO - Dependencies all met for dep_context=requeueable deps ti=<TaskInstance: movie.nation.k scheduled__2024-07-30T02:10:00+00:00 [queued]>
[2024-07-31T16:26:37.286+0900] {taskinstance.py:2306} INFO - Starting attempt 27 of 28
[2024-07-31T16:26:37.292+0900] {taskinstance.py:2330} INFO - Executing <Task(PythonVirtualenvOperator): nation.k> on 2024-07-30 02:10:00+00:00
[2024-07-31T16:26:37.295+0900] {standard_task_runner.py:64} INFO - Started process 18655 to run task
[2024-07-31T16:26:37.297+0900] {standard_task_runner.py:90} INFO - Running: ['airflow', 'tasks', 'run', 'movie', 'nation.k', 'scheduled__2024-07-30T02:10:00+00:00', '--job-id', '809', '--raw', '--subdir', 'DAGS_FOLDER/movie.py', '--cfg-path', '/var/folders/qv/0knwm5h50ml0skpppwpbks_r0000gp/T/tmp61xo8kjy']
[2024-07-31T16:26:37.299+0900] {standard_task_runner.py:91} INFO - Job 809: Subtask nation.k
[2024-07-31T16:26:37.315+0900] {task_command.py:426} INFO - Running <TaskInstance: movie.nation.k scheduled__2024-07-30T02:10:00+00:00 [running]> on host jeongui-MacBookPro.local
[2024-07-31T16:26:37.344+0900] {taskinstance.py:2648} INFO - Exporting env vars: AIRFLOW_CTX_DAG_OWNER='airflow' AIRFLOW_CTX_DAG_ID='movie' AIRFLOW_CTX_TASK_ID='nation.k' AIRFLOW_CTX_EXECUTION_DATE='2024-07-30T02:10:00+00:00' AIRFLOW_CTX_TRY_NUMBER='27' AIRFLOW_CTX_DAG_RUN_ID='scheduled__2024-07-30T02:10:00+00:00'
[2024-07-31T16:26:37.344+0900] {taskinstance.py:430} INFO - ::endgroup::
[2024-07-31T16:26:37.353+0900] {baseoperator.py:400} WARNING - PythonVirtualenvOperator.execute cannot be called outside TaskInstance!
[2024-07-31T16:26:37.354+0900] {process_utils.py:183} INFO - Executing cmd: /Users/DE32/.pyenv/versions/3.11.9/envs/note/bin/python -m virtualenv /var/folders/qv/0knwm5h50ml0skpppwpbks_r0000gp/T/venv0ykbmgzs --python=python
[2024-07-31T16:26:37.356+0900] {process_utils.py:187} INFO - Output:
[2024-07-31T16:26:37.619+0900] {process_utils.py:191} INFO - created virtual environment CPython3.11.9.final.0-64 in 189ms
[2024-07-31T16:26:37.620+0900] {process_utils.py:191} INFO -   creator CPython3Posix(dest=/private/var/folders/qv/0knwm5h50ml0skpppwpbks_r0000gp/T/venv0ykbmgzs, clear=False, no_vcs_ignore=False, global=False)
[2024-07-31T16:26:37.620+0900] {process_utils.py:191} INFO -   seeder FromAppData(download=False, pip=bundle, setuptools=bundle, wheel=bundle, via=copy, app_data_dir=/Users/DE32/Library/Application Support/virtualenv)
[2024-07-31T16:26:37.620+0900] {process_utils.py:191} INFO -     added seed packages: pip==24.1.2, setuptools==70.2.0, wheel==0.43.0
[2024-07-31T16:26:37.620+0900] {process_utils.py:191} INFO -   activators BashActivator,CShellActivator,FishActivator,NushellActivator,PowerShellActivator,PythonActivator
[2024-07-31T16:26:37.631+0900] {process_utils.py:183} INFO - Executing cmd: /var/folders/qv/0knwm5h50ml0skpppwpbks_r0000gp/T/venv0ykbmgzs/bin/pip install -r /var/folders/qv/0knwm5h50ml0skpppwpbks_r0000gp/T/venv0ykbmgzs/requirements.txt
[2024-07-31T16:26:37.633+0900] {process_utils.py:187} INFO - Output:
[2024-07-31T16:26:38.694+0900] {process_utils.py:191} INFO - Collecting git+https://github.com/Jeonghoon2/movie.git@0.2/api (from -r /var/folders/qv/0knwm5h50ml0skpppwpbks_r0000gp/T/venv0ykbmgzs/requirements.txt (line 1))
[2024-07-31T16:26:38.695+0900] {process_utils.py:191} INFO -   Cloning https://github.com/Jeonghoon2/movie.git (to revision 0.2/api) to /private/var/folders/qv/0knwm5h50ml0skpppwpbks_r0000gp/T/pip-req-build-_ka87gg6
[2024-07-31T16:26:38.710+0900] {process_utils.py:191} INFO -   Running command git clone --filter=blob:none --quiet https://github.com/Jeonghoon2/movie.git /private/var/folders/qv/0knwm5h50ml0skpppwpbks_r0000gp/T/pip-req-build-_ka87gg6
[2024-07-31T16:26:40.439+0900] {process_utils.py:191} INFO -   Running command git checkout -b 0.2/api --track origin/0.2/api
[2024-07-31T16:26:41.022+0900] {process_utils.py:191} INFO -   Switched to a new branch '0.2/api'
[2024-07-31T16:26:41.023+0900] {process_utils.py:191} INFO -   branch '0.2/api' set up to track 'origin/0.2/api'.
[2024-07-31T16:26:41.023+0900] {process_utils.py:191} INFO -   Resolved https://github.com/Jeonghoon2/movie.git to commit 34de3b5e993ea074744539373447116355ac95da
[2024-07-31T16:26:41.044+0900] {process_utils.py:191} INFO -   Installing build dependencies: started
[2024-07-31T16:26:43.172+0900] {process_utils.py:191} INFO -   Installing build dependencies: finished with status 'done'
[2024-07-31T16:26:43.173+0900] {process_utils.py:191} INFO -   Getting requirements to build wheel: started
[2024-07-31T16:26:43.296+0900] {process_utils.py:191} INFO -   Getting requirements to build wheel: finished with status 'done'
[2024-07-31T16:26:43.298+0900] {process_utils.py:191} INFO -   Preparing metadata (pyproject.toml): started
[2024-07-31T16:26:43.432+0900] {process_utils.py:191} INFO -   Preparing metadata (pyproject.toml): finished with status 'done'
[2024-07-31T16:26:43.612+0900] {process_utils.py:191} INFO - Collecting requests>=2.32.3 (from mov==0.1.0->-r /var/folders/qv/0knwm5h50ml0skpppwpbks_r0000gp/T/venv0ykbmgzs/requirements.txt (line 1))
[2024-07-31T16:26:43.613+0900] {process_utils.py:191} INFO -   Using cached requests-2.32.3-py3-none-any.whl.metadata (4.6 kB)
[2024-07-31T16:26:43.824+0900] {process_utils.py:191} INFO - Collecting pandas>=2.2.2 (from mov==0.1.0->-r /var/folders/qv/0knwm5h50ml0skpppwpbks_r0000gp/T/venv0ykbmgzs/requirements.txt (line 1))
[2024-07-31T16:26:43.825+0900] {process_utils.py:191} INFO -   Using cached pandas-2.2.2-cp311-cp311-macosx_11_0_arm64.whl.metadata (19 kB)
[2024-07-31T16:26:43.968+0900] {process_utils.py:191} INFO - Collecting numpy>=2.0.1 (from mov==0.1.0->-r /var/folders/qv/0knwm5h50ml0skpppwpbks_r0000gp/T/venv0ykbmgzs/requirements.txt (line 1))
[2024-07-31T16:26:43.970+0900] {process_utils.py:191} INFO -   Using cached numpy-2.0.1-cp311-cp311-macosx_14_0_arm64.whl.metadata (60 kB)
[2024-07-31T16:26:44.673+0900] {process_utils.py:191} INFO - Collecting pyarrow>=17.0.0 (from mov==0.1.0->-r /var/folders/qv/0knwm5h50ml0skpppwpbks_r0000gp/T/venv0ykbmgzs/requirements.txt (line 1))
[2024-07-31T16:26:44.675+0900] {process_utils.py:191} INFO -   Using cached pyarrow-17.0.0-cp311-cp311-macosx_11_0_arm64.whl.metadata (3.3 kB)
[2024-07-31T16:26:44.768+0900] {process_utils.py:191} INFO - Collecting python-dateutil>=2.8.2 (from pandas>=2.2.2->mov==0.1.0->-r /var/folders/qv/0knwm5h50ml0skpppwpbks_r0000gp/T/venv0ykbmgzs/requirements.txt (line 1))
[2024-07-31T16:26:44.769+0900] {process_utils.py:191} INFO -   Using cached python_dateutil-2.9.0.post0-py2.py3-none-any.whl.metadata (8.4 kB)
[2024-07-31T16:26:44.959+0900] {process_utils.py:191} INFO - Collecting pytz>=2020.1 (from pandas>=2.2.2->mov==0.1.0->-r /var/folders/qv/0knwm5h50ml0skpppwpbks_r0000gp/T/venv0ykbmgzs/requirements.txt (line 1))
[2024-07-31T16:26:44.961+0900] {process_utils.py:191} INFO -   Using cached pytz-2024.1-py2.py3-none-any.whl.metadata (22 kB)
[2024-07-31T16:26:45.107+0900] {process_utils.py:191} INFO - Collecting tzdata>=2022.7 (from pandas>=2.2.2->mov==0.1.0->-r /var/folders/qv/0knwm5h50ml0skpppwpbks_r0000gp/T/venv0ykbmgzs/requirements.txt (line 1))
[2024-07-31T16:26:45.110+0900] {process_utils.py:191} INFO -   Using cached tzdata-2024.1-py2.py3-none-any.whl.metadata (1.4 kB)
[2024-07-31T16:26:45.347+0900] {process_utils.py:191} INFO - Collecting charset-normalizer<4,>=2 (from requests>=2.32.3->mov==0.1.0->-r /var/folders/qv/0knwm5h50ml0skpppwpbks_r0000gp/T/venv0ykbmgzs/requirements.txt (line 1))
[2024-07-31T16:26:45.349+0900] {process_utils.py:191} INFO -   Using cached charset_normalizer-3.3.2-cp311-cp311-macosx_11_0_arm64.whl.metadata (33 kB)
[2024-07-31T16:26:45.440+0900] {process_utils.py:191} INFO - Collecting idna<4,>=2.5 (from requests>=2.32.3->mov==0.1.0->-r /var/folders/qv/0knwm5h50ml0skpppwpbks_r0000gp/T/venv0ykbmgzs/requirements.txt (line 1))
[2024-07-31T16:26:45.442+0900] {process_utils.py:191} INFO -   Using cached idna-3.7-py3-none-any.whl.metadata (9.9 kB)
[2024-07-31T16:26:45.486+0900] {process_utils.py:191} INFO - Collecting urllib3<3,>=1.21.1 (from requests>=2.32.3->mov==0.1.0->-r /var/folders/qv/0knwm5h50ml0skpppwpbks_r0000gp/T/venv0ykbmgzs/requirements.txt (line 1))
[2024-07-31T16:26:45.487+0900] {process_utils.py:191} INFO -   Using cached urllib3-2.2.2-py3-none-any.whl.metadata (6.4 kB)
[2024-07-31T16:26:45.657+0900] {process_utils.py:191} INFO - Collecting certifi>=2017.4.17 (from requests>=2.32.3->mov==0.1.0->-r /var/folders/qv/0knwm5h50ml0skpppwpbks_r0000gp/T/venv0ykbmgzs/requirements.txt (line 1))
[2024-07-31T16:26:45.659+0900] {process_utils.py:191} INFO -   Using cached certifi-2024.7.4-py3-none-any.whl.metadata (2.2 kB)
[2024-07-31T16:26:46.143+0900] {process_utils.py:191} INFO - Collecting six>=1.5 (from python-dateutil>=2.8.2->pandas>=2.2.2->mov==0.1.0->-r /var/folders/qv/0knwm5h50ml0skpppwpbks_r0000gp/T/venv0ykbmgzs/requirements.txt (line 1))
[2024-07-31T16:26:46.146+0900] {process_utils.py:191} INFO -   Using cached six-1.16.0-py2.py3-none-any.whl.metadata (1.8 kB)
[2024-07-31T16:26:46.156+0900] {process_utils.py:191} INFO - Using cached numpy-2.0.1-cp311-cp311-macosx_14_0_arm64.whl (5.3 MB)
[2024-07-31T16:26:46.174+0900] {process_utils.py:191} INFO - Using cached pandas-2.2.2-cp311-cp311-macosx_11_0_arm64.whl (11.3 MB)
[2024-07-31T16:26:46.197+0900] {process_utils.py:191} INFO - Using cached pyarrow-17.0.0-cp311-cp311-macosx_11_0_arm64.whl (27.2 MB)
[2024-07-31T16:26:46.235+0900] {process_utils.py:191} INFO - Using cached requests-2.32.3-py3-none-any.whl (64 kB)
[2024-07-31T16:26:46.239+0900] {process_utils.py:191} INFO - Using cached certifi-2024.7.4-py3-none-any.whl (162 kB)
[2024-07-31T16:26:46.241+0900] {process_utils.py:191} INFO - Using cached charset_normalizer-3.3.2-cp311-cp311-macosx_11_0_arm64.whl (118 kB)
[2024-07-31T16:26:46.243+0900] {process_utils.py:191} INFO - Using cached idna-3.7-py3-none-any.whl (66 kB)
[2024-07-31T16:26:46.245+0900] {process_utils.py:191} INFO - Using cached python_dateutil-2.9.0.post0-py2.py3-none-any.whl (229 kB)
[2024-07-31T16:26:46.247+0900] {process_utils.py:191} INFO - Using cached pytz-2024.1-py2.py3-none-any.whl (505 kB)
[2024-07-31T16:26:46.250+0900] {process_utils.py:191} INFO - Using cached tzdata-2024.1-py2.py3-none-any.whl (345 kB)
[2024-07-31T16:26:46.254+0900] {process_utils.py:191} INFO - Using cached urllib3-2.2.2-py3-none-any.whl (121 kB)
[2024-07-31T16:26:46.257+0900] {process_utils.py:191} INFO - Using cached six-1.16.0-py2.py3-none-any.whl (11 kB)
[2024-07-31T16:26:46.300+0900] {process_utils.py:191} INFO - Building wheels for collected packages: mov
[2024-07-31T16:26:46.314+0900] {process_utils.py:191} INFO -   Building wheel for mov (pyproject.toml): started
[2024-07-31T16:26:46.468+0900] {process_utils.py:191} INFO -   Building wheel for mov (pyproject.toml): finished with status 'done'
[2024-07-31T16:26:46.469+0900] {process_utils.py:191} INFO -   Created wheel for mov: filename=mov-0.1.0-py3-none-any.whl size=3035 sha256=2f52d86c401cac6eb56a9e1a66efe716b6fd388c6076761bf70bc5994a7800ab
[2024-07-31T16:26:46.470+0900] {process_utils.py:191} INFO -   Stored in directory: /private/var/folders/qv/0knwm5h50ml0skpppwpbks_r0000gp/T/pip-ephem-wheel-cache-7okpfjon/wheels/cf/ab/a7/d0c528d20fa8a5f19e169bdf1d98f2b2cefe79d8527bb89200
[2024-07-31T16:26:46.471+0900] {process_utils.py:191} INFO - Successfully built mov
[2024-07-31T16:26:46.499+0900] {process_utils.py:191} INFO - Installing collected packages: pytz, urllib3, tzdata, six, numpy, idna, charset-normalizer, certifi, requests, python-dateutil, pyarrow, pandas, mov
[2024-07-31T16:26:51.114+0900] {process_utils.py:191} INFO - Successfully installed certifi-2024.7.4 charset-normalizer-3.3.2 idna-3.7 mov-0.1.0 numpy-2.0.1 pandas-2.2.2 pyarrow-17.0.0 python-dateutil-2.9.0.post0 pytz-2024.1 requests-2.32.3 six-1.16.0 tzdata-2024.1 urllib3-2.2.2
[2024-07-31T16:26:51.118+0900] {process_utils.py:191} INFO - 
[2024-07-31T16:26:51.118+0900] {process_utils.py:191} INFO - [notice] A new release of pip is available: 24.1.2 -> 24.2
[2024-07-31T16:26:51.118+0900] {process_utils.py:191} INFO - [notice] To update, run: python -m pip install --upgrade pip
[2024-07-31T16:26:51.253+0900] {logging_mixin.py:188} WARNING - /Users/DE32/.pyenv/versions/3.11.9/envs/note/lib/python3.11/site-packages/airflow/utils/context.py:212 AirflowContextDeprecationWarning: Accessing 'next_ds' from the template is deprecated and will be removed in a future version. Please use '{{ data_interval_end | ds }}' instead.
[2024-07-31T16:26:51.254+0900] {logging_mixin.py:188} WARNING - /Users/DE32/.pyenv/versions/3.11.9/envs/note/lib/python3.11/site-packages/airflow/utils/context.py:212 AirflowContextDeprecationWarning: Accessing 'next_ds_nodash' from the template is deprecated and will be removed in a future version. Please use '{{ data_interval_end | ds_nodash }}' instead.
[2024-07-31T16:26:51.254+0900] {logging_mixin.py:188} WARNING - /Users/DE32/.pyenv/versions/3.11.9/envs/note/lib/python3.11/site-packages/airflow/utils/context.py:212 AirflowContextDeprecationWarning: Accessing 'prev_ds' from the template is deprecated and will be removed in a future version.
[2024-07-31T16:26:51.254+0900] {logging_mixin.py:188} WARNING - /Users/DE32/.pyenv/versions/3.11.9/envs/note/lib/python3.11/site-packages/airflow/utils/context.py:212 AirflowContextDeprecationWarning: Accessing 'prev_ds_nodash' from the template is deprecated and will be removed in a future version.
[2024-07-31T16:26:51.255+0900] {logging_mixin.py:188} WARNING - /Users/DE32/.pyenv/versions/3.11.9/envs/note/lib/python3.11/site-packages/airflow/utils/context.py:212 AirflowContextDeprecationWarning: Accessing 'tomorrow_ds' from the template is deprecated and will be removed in a future version.
[2024-07-31T16:26:51.255+0900] {logging_mixin.py:188} WARNING - /Users/DE32/.pyenv/versions/3.11.9/envs/note/lib/python3.11/site-packages/airflow/utils/context.py:212 AirflowContextDeprecationWarning: Accessing 'tomorrow_ds_nodash' from the template is deprecated and will be removed in a future version.
[2024-07-31T16:26:51.255+0900] {logging_mixin.py:188} WARNING - /Users/DE32/.pyenv/versions/3.11.9/envs/note/lib/python3.11/site-packages/airflow/utils/context.py:212 AirflowContextDeprecationWarning: Accessing 'yesterday_ds' from the template is deprecated and will be removed in a future version.
[2024-07-31T16:26:51.256+0900] {logging_mixin.py:188} WARNING - /Users/DE32/.pyenv/versions/3.11.9/envs/note/lib/python3.11/site-packages/airflow/utils/context.py:212 AirflowContextDeprecationWarning: Accessing 'yesterday_ds_nodash' from the template is deprecated and will be removed in a future version.
[2024-07-31T16:26:51.260+0900] {process_utils.py:183} INFO - Executing cmd: /var/folders/qv/0knwm5h50ml0skpppwpbks_r0000gp/T/venv0ykbmgzs/bin/python /var/folders/qv/0knwm5h50ml0skpppwpbks_r0000gp/T/venv-call5ox1j4w8/script.py /var/folders/qv/0knwm5h50ml0skpppwpbks_r0000gp/T/venv-call5ox1j4w8/script.in /var/folders/qv/0knwm5h50ml0skpppwpbks_r0000gp/T/venv-call5ox1j4w8/script.out /var/folders/qv/0knwm5h50ml0skpppwpbks_r0000gp/T/venv-call5ox1j4w8/string_args.txt /var/folders/qv/0knwm5h50ml0skpppwpbks_r0000gp/T/venv-call5ox1j4w8/termination.log
[2024-07-31T16:26:51.262+0900] {process_utils.py:187} INFO - Output:
[2024-07-31T16:27:03.159+0900] {process_utils.py:191} INFO - {'boxOfficeResult': {'boxofficeType': '일별 박스오피스', 'showRange': '20120101~20120101', 'dailyBoxOfficeList': [{'rnum': '1', 'rank': '1', 'rankInten': '0', 'rankOldAndNew': 'OLD', 'movieCd': '20110295', 'movieNm': '마이 웨이', 'openDt': '2011-12-21', 'salesAmt': '1189058500', 'salesShare': '54.4', 'salesInten': '-105894500', 'salesChange': '-8.2', 'salesAcc': '13002897500', 'audiCnt': '153501', 'audiInten': '-16465', 'audiChange': '-9.7', 'audiAcc': '1739543', 'scrnCnt': '588', 'showCnt': '2321'}, {'rnum': '2', 'rank': '2', 'rankInten': '0', 'rankOldAndNew': 'OLD', 'movieCd': '20113260', 'movieNm': '퍼펙트 게임', 'openDt': '2011-12-21', 'salesAmt': '644532000', 'salesShare': '29.5', 'salesInten': '-75116500', 'salesChange': '-10.4', 'salesAcc': '6640940000', 'audiCnt': '83644', 'audiInten': '-12225', 'audiChange': '-12.8', 'audiAcc': '895416', 'scrnCnt': '396', 'showCnt': '1364'}, {'rnum': '3', 'rank': '3', 'rankInten': '0', 'rankOldAndNew': 'OLD', 'movieCd': '20113381', 'movieNm': '오싹한 연애', 'openDt': '2011-12-01', 'salesAmt': '344871000', 'salesShare': '15.8', 'salesInten': '-107005500', 'salesChange': '-23.7', 'salesAcc': '20634684500', 'audiCnt': '45062', 'audiInten': '-15926', 'audiChange': '-26.1', 'audiAcc': '2823060', 'scrnCnt': '243', 'showCnt': '839'}, {'rnum': '4', 'rank': '4', 'rankInten': '0', 'rankOldAndNew': 'OLD', 'movieCd': '20119659', 'movieNm': '량강도 아이들', 'openDt': '2011-11-17', 'salesAmt': '2139500', 'salesShare': '0.1', 'salesInten': '110500', 'salesChange': '5.4', 'salesAcc': '68282500', 'audiCnt': '271', 'audiInten': '4', 'audiChange': '1.5', 'audiAcc': '10172', 'scrnCnt': '11', 'showCnt': '35'}, {'rnum': '5', 'rank': '5', 'rankInten': '0', 'rankOldAndNew': 'NEW', 'movieCd': '20101344', 'movieNm': '파수꾼', 'openDt': '2011-03-03', 'salesAmt': '1015000', 'salesShare': '0.0', 'salesInten': '1015000', 'salesChange': '100', 'salesAcc': '170888700', 'audiCnt': '127', 'audiInten': '127', 'audiChange': '100', 'audiAcc': '22112', 'scrnCnt': '1', 'showCnt': '1'}, {'rnum': '6', 'rank': '6', 'rankInten': '0', 'rankOldAndNew': 'NEW', 'movieCd': '20113743', 'movieNm': '댄싱퀸', 'openDt': '2012-01-18', 'salesAmt': '1008000', 'salesShare': '0.0', 'salesInten': '1008000', 'salesChange': '100', 'salesAcc': '1008000', 'audiCnt': '126', 'audiInten': '126', 'audiChange': '100', 'audiAcc': '126', 'scrnCnt': '1', 'showCnt': '1'}, {'rnum': '7', 'rank': '7', 'rankInten': '0', 'rankOldAndNew': 'NEW', 'movieCd': '20110985', 'movieNm': '줄탁동시', 'openDt': '2012-03-01', 'salesAmt': '864000', 'salesShare': '0.0', 'salesInten': '864000', 'salesChange': '100', 'salesAcc': '2047000', 'audiCnt': '108', 'audiInten': '108', 'audiChange': '100', 'audiAcc': '305', 'scrnCnt': '1', 'showCnt': '1'}, {'rnum': '8', 'rank': '8', 'rankInten': '3', 'rankOldAndNew': 'OLD', 'movieCd': '20119436', 'movieNm': '오래된 인력거', 'openDt': '2011-12-15', 'salesAmt': '546000', 'salesShare': '0.0', 'salesInten': '359000', 'salesChange': '192', 'salesAcc': '15047800', 'audiCnt': '104', 'audiInten': '65', 'audiChange': '166.7', 'audiAcc': '2272', 'scrnCnt': '3', 'showCnt': '5'}, {'rnum': '9', 'rank': '9', 'rankInten': '0', 'rankOldAndNew': 'NEW', 'movieCd': '20111031', 'movieNm': '돼지의 왕', 'openDt': '2011-11-03', 'salesAmt': '509000', 'salesShare': '0.0', 'salesInten': '509000', 'salesChange': '100', 'salesAcc': '144630300', 'audiCnt': '57', 'audiInten': '57', 'audiChange': '100', 'audiAcc': '18660', 'scrnCnt': '2', 'showCnt': '2'}, {'rnum': '10', 'rank': '10', 'rankInten': '-3', 'rankOldAndNew': 'OLD', 'movieCd': '20112695', 'movieNm': '완득이', 'openDt': '2011-10-20', 'salesAmt': '339000', 'salesShare': '0.0', 'salesInten': '-97000', 'salesChange': '-22.2', 'salesAcc': '38526500500', 'audiCnt': '54', 'audiInten': '-22', 'audiChange': '-28.9', 'audiAcc': '5309982', 'scrnCnt': '2', 'showCnt': '4'}]}}
[2024-07-31T16:27:03.633+0900] {python.py:237} INFO - Done. Returned value was: None
[2024-07-31T16:27:03.633+0900] {taskinstance.py:441} INFO - ::group::Post task execution logs
[2024-07-31T16:27:03.637+0900] {taskinstance.py:1206} INFO - Marking task as SUCCESS. dag_id=movie, task_id=nation.k, run_id=scheduled__2024-07-30T02:10:00+00:00, execution_date=20240730T021000, start_date=20240731T072637, end_date=20240731T072703
[2024-07-31T16:27:03.680+0900] {local_task_job_runner.py:243} INFO - Task exited with return code 0
[2024-07-31T16:27:03.688+0900] {taskinstance.py:3503} INFO - 0 downstream tasks scheduled from follow-on schedule check
[2024-07-31T16:27:03.689+0900] {local_task_job_runner.py:222} INFO - ::endgroup::
