[2024-07-31T15:32:52.775+0900] {local_task_job_runner.py:120} INFO - ::group::Pre task execution logs
[2024-07-31T15:32:52.786+0900] {taskinstance.py:2076} INFO - Dependencies all met for dep_context=non-requeueable deps ti=<TaskInstance: movie.nation.k scheduled__2024-07-30T02:10:00+00:00 [queued]>
[2024-07-31T15:32:52.790+0900] {taskinstance.py:2076} INFO - Dependencies all met for dep_context=requeueable deps ti=<TaskInstance: movie.nation.k scheduled__2024-07-30T02:10:00+00:00 [queued]>
[2024-07-31T15:32:52.790+0900] {taskinstance.py:2306} INFO - Starting attempt 6 of 6
[2024-07-31T15:32:52.797+0900] {taskinstance.py:2330} INFO - Executing <Task(PythonVirtualenvOperator): nation.k> on 2024-07-30 02:10:00+00:00
[2024-07-31T15:32:52.800+0900] {standard_task_runner.py:64} INFO - Started process 17210 to run task
[2024-07-31T15:32:52.802+0900] {standard_task_runner.py:90} INFO - Running: ['airflow', 'tasks', 'run', 'movie', 'nation.k', 'scheduled__2024-07-30T02:10:00+00:00', '--job-id', '788', '--raw', '--subdir', 'DAGS_FOLDER/movie.py', '--cfg-path', '/var/folders/qv/0knwm5h50ml0skpppwpbks_r0000gp/T/tmprbq7jty8']
[2024-07-31T15:32:52.804+0900] {standard_task_runner.py:91} INFO - Job 788: Subtask nation.k
[2024-07-31T15:32:52.819+0900] {task_command.py:426} INFO - Running <TaskInstance: movie.nation.k scheduled__2024-07-30T02:10:00+00:00 [running]> on host jeongui-MacBookPro.local
[2024-07-31T15:32:52.844+0900] {taskinstance.py:2648} INFO - Exporting env vars: AIRFLOW_CTX_DAG_OWNER='airflow' AIRFLOW_CTX_DAG_ID='movie' AIRFLOW_CTX_TASK_ID='nation.k' AIRFLOW_CTX_EXECUTION_DATE='2024-07-30T02:10:00+00:00' AIRFLOW_CTX_TRY_NUMBER='6' AIRFLOW_CTX_DAG_RUN_ID='scheduled__2024-07-30T02:10:00+00:00'
[2024-07-31T15:32:52.845+0900] {taskinstance.py:430} INFO - ::endgroup::
[2024-07-31T15:32:52.851+0900] {baseoperator.py:400} WARNING - PythonVirtualenvOperator.execute cannot be called outside TaskInstance!
[2024-07-31T15:32:52.852+0900] {process_utils.py:183} INFO - Executing cmd: /Users/DE32/.pyenv/versions/3.11.9/envs/note/bin/python -m virtualenv /var/folders/qv/0knwm5h50ml0skpppwpbks_r0000gp/T/venvfwrtqol2 --python=python
[2024-07-31T15:32:52.853+0900] {process_utils.py:187} INFO - Output:
[2024-07-31T15:32:53.092+0900] {process_utils.py:191} INFO - created virtual environment CPython3.11.9.final.0-64 in 169ms
[2024-07-31T15:32:53.092+0900] {process_utils.py:191} INFO -   creator CPython3Posix(dest=/private/var/folders/qv/0knwm5h50ml0skpppwpbks_r0000gp/T/venvfwrtqol2, clear=False, no_vcs_ignore=False, global=False)
[2024-07-31T15:32:53.092+0900] {process_utils.py:191} INFO -   seeder FromAppData(download=False, pip=bundle, setuptools=bundle, wheel=bundle, via=copy, app_data_dir=/Users/DE32/Library/Application Support/virtualenv)
[2024-07-31T15:32:53.092+0900] {process_utils.py:191} INFO -     added seed packages: pip==24.1.2, setuptools==70.2.0, wheel==0.43.0
[2024-07-31T15:32:53.093+0900] {process_utils.py:191} INFO -   activators BashActivator,CShellActivator,FishActivator,NushellActivator,PowerShellActivator,PythonActivator
[2024-07-31T15:32:53.103+0900] {process_utils.py:183} INFO - Executing cmd: /var/folders/qv/0knwm5h50ml0skpppwpbks_r0000gp/T/venvfwrtqol2/bin/pip install -r /var/folders/qv/0knwm5h50ml0skpppwpbks_r0000gp/T/venvfwrtqol2/requirements.txt
[2024-07-31T15:32:53.105+0900] {process_utils.py:187} INFO - Output:
[2024-07-31T15:32:53.852+0900] {process_utils.py:191} INFO - Collecting git+https://github.com/Jeonghoon2/movie.git@0.2/api (from -r /var/folders/qv/0knwm5h50ml0skpppwpbks_r0000gp/T/venvfwrtqol2/requirements.txt (line 1))
[2024-07-31T15:32:53.853+0900] {process_utils.py:191} INFO -   Cloning https://github.com/Jeonghoon2/movie.git (to revision 0.2/api) to /private/var/folders/qv/0knwm5h50ml0skpppwpbks_r0000gp/T/pip-req-build-53c8wfgc
[2024-07-31T15:32:53.865+0900] {process_utils.py:191} INFO -   Running command git clone --filter=blob:none --quiet https://github.com/Jeonghoon2/movie.git /private/var/folders/qv/0knwm5h50ml0skpppwpbks_r0000gp/T/pip-req-build-53c8wfgc
[2024-07-31T15:32:55.473+0900] {process_utils.py:191} INFO -   Running command git checkout -b 0.2/api --track origin/0.2/api
[2024-07-31T15:32:56.076+0900] {process_utils.py:191} INFO -   Switched to a new branch '0.2/api'
[2024-07-31T15:32:56.076+0900] {process_utils.py:191} INFO -   branch '0.2/api' set up to track 'origin/0.2/api'.
[2024-07-31T15:32:56.077+0900] {process_utils.py:191} INFO -   Resolved https://github.com/Jeonghoon2/movie.git to commit 34de3b5e993ea074744539373447116355ac95da
[2024-07-31T15:32:56.090+0900] {process_utils.py:191} INFO -   Installing build dependencies: started
[2024-07-31T15:32:57.025+0900] {process_utils.py:191} INFO -   Installing build dependencies: finished with status 'done'
[2024-07-31T15:32:57.025+0900] {process_utils.py:191} INFO -   Getting requirements to build wheel: started
[2024-07-31T15:32:57.147+0900] {process_utils.py:191} INFO -   Getting requirements to build wheel: finished with status 'done'
[2024-07-31T15:32:57.149+0900] {process_utils.py:191} INFO -   Preparing metadata (pyproject.toml): started
[2024-07-31T15:32:57.273+0900] {process_utils.py:191} INFO -   Preparing metadata (pyproject.toml): finished with status 'done'
[2024-07-31T15:32:57.343+0900] {process_utils.py:191} INFO - Collecting requests>=2.32.3 (from mov==0.1.0->-r /var/folders/qv/0knwm5h50ml0skpppwpbks_r0000gp/T/venvfwrtqol2/requirements.txt (line 1))
[2024-07-31T15:32:57.344+0900] {process_utils.py:191} INFO -   Using cached requests-2.32.3-py3-none-any.whl.metadata (4.6 kB)
[2024-07-31T15:32:57.414+0900] {process_utils.py:191} INFO - Collecting pandas>=2.2.2 (from mov==0.1.0->-r /var/folders/qv/0knwm5h50ml0skpppwpbks_r0000gp/T/venvfwrtqol2/requirements.txt (line 1))
[2024-07-31T15:32:57.416+0900] {process_utils.py:191} INFO -   Using cached pandas-2.2.2-cp311-cp311-macosx_11_0_arm64.whl.metadata (19 kB)
[2024-07-31T15:32:57.519+0900] {process_utils.py:191} INFO - Collecting numpy>=2.0.1 (from mov==0.1.0->-r /var/folders/qv/0knwm5h50ml0skpppwpbks_r0000gp/T/venvfwrtqol2/requirements.txt (line 1))
[2024-07-31T15:32:57.521+0900] {process_utils.py:191} INFO -   Using cached numpy-2.0.1-cp311-cp311-macosx_14_0_arm64.whl.metadata (60 kB)
[2024-07-31T15:32:57.578+0900] {process_utils.py:191} INFO - Collecting pyarrow>=17.0.0 (from mov==0.1.0->-r /var/folders/qv/0knwm5h50ml0skpppwpbks_r0000gp/T/venvfwrtqol2/requirements.txt (line 1))
[2024-07-31T15:32:57.579+0900] {process_utils.py:191} INFO -   Using cached pyarrow-17.0.0-cp311-cp311-macosx_11_0_arm64.whl.metadata (3.3 kB)
[2024-07-31T15:32:57.602+0900] {process_utils.py:191} INFO - Collecting python-dateutil>=2.8.2 (from pandas>=2.2.2->mov==0.1.0->-r /var/folders/qv/0knwm5h50ml0skpppwpbks_r0000gp/T/venvfwrtqol2/requirements.txt (line 1))
[2024-07-31T15:32:57.603+0900] {process_utils.py:191} INFO -   Using cached python_dateutil-2.9.0.post0-py2.py3-none-any.whl.metadata (8.4 kB)
[2024-07-31T15:32:57.631+0900] {process_utils.py:191} INFO - Collecting pytz>=2020.1 (from pandas>=2.2.2->mov==0.1.0->-r /var/folders/qv/0knwm5h50ml0skpppwpbks_r0000gp/T/venvfwrtqol2/requirements.txt (line 1))
[2024-07-31T15:32:57.632+0900] {process_utils.py:191} INFO -   Using cached pytz-2024.1-py2.py3-none-any.whl.metadata (22 kB)
[2024-07-31T15:32:57.645+0900] {process_utils.py:191} INFO - Collecting tzdata>=2022.7 (from pandas>=2.2.2->mov==0.1.0->-r /var/folders/qv/0knwm5h50ml0skpppwpbks_r0000gp/T/venvfwrtqol2/requirements.txt (line 1))
[2024-07-31T15:32:57.646+0900] {process_utils.py:191} INFO -   Using cached tzdata-2024.1-py2.py3-none-any.whl.metadata (1.4 kB)
[2024-07-31T15:32:57.694+0900] {process_utils.py:191} INFO - Collecting charset-normalizer<4,>=2 (from requests>=2.32.3->mov==0.1.0->-r /var/folders/qv/0knwm5h50ml0skpppwpbks_r0000gp/T/venvfwrtqol2/requirements.txt (line 1))
[2024-07-31T15:32:57.695+0900] {process_utils.py:191} INFO -   Using cached charset_normalizer-3.3.2-cp311-cp311-macosx_11_0_arm64.whl.metadata (33 kB)
[2024-07-31T15:32:57.711+0900] {process_utils.py:191} INFO - Collecting idna<4,>=2.5 (from requests>=2.32.3->mov==0.1.0->-r /var/folders/qv/0knwm5h50ml0skpppwpbks_r0000gp/T/venvfwrtqol2/requirements.txt (line 1))
[2024-07-31T15:32:57.712+0900] {process_utils.py:191} INFO -   Using cached idna-3.7-py3-none-any.whl.metadata (9.9 kB)
[2024-07-31T15:32:57.750+0900] {process_utils.py:191} INFO - Collecting urllib3<3,>=1.21.1 (from requests>=2.32.3->mov==0.1.0->-r /var/folders/qv/0knwm5h50ml0skpppwpbks_r0000gp/T/venvfwrtqol2/requirements.txt (line 1))
[2024-07-31T15:32:57.751+0900] {process_utils.py:191} INFO -   Using cached urllib3-2.2.2-py3-none-any.whl.metadata (6.4 kB)
[2024-07-31T15:32:57.778+0900] {process_utils.py:191} INFO - Collecting certifi>=2017.4.17 (from requests>=2.32.3->mov==0.1.0->-r /var/folders/qv/0knwm5h50ml0skpppwpbks_r0000gp/T/venvfwrtqol2/requirements.txt (line 1))
[2024-07-31T15:32:57.779+0900] {process_utils.py:191} INFO -   Using cached certifi-2024.7.4-py3-none-any.whl.metadata (2.2 kB)
[2024-07-31T15:32:57.795+0900] {process_utils.py:191} INFO - Collecting six>=1.5 (from python-dateutil>=2.8.2->pandas>=2.2.2->mov==0.1.0->-r /var/folders/qv/0knwm5h50ml0skpppwpbks_r0000gp/T/venvfwrtqol2/requirements.txt (line 1))
[2024-07-31T15:32:57.796+0900] {process_utils.py:191} INFO -   Using cached six-1.16.0-py2.py3-none-any.whl.metadata (1.8 kB)
[2024-07-31T15:32:57.798+0900] {process_utils.py:191} INFO - Using cached numpy-2.0.1-cp311-cp311-macosx_14_0_arm64.whl (5.3 MB)
[2024-07-31T15:32:57.805+0900] {process_utils.py:191} INFO - Using cached pandas-2.2.2-cp311-cp311-macosx_11_0_arm64.whl (11.3 MB)
[2024-07-31T15:32:57.818+0900] {process_utils.py:191} INFO - Using cached pyarrow-17.0.0-cp311-cp311-macosx_11_0_arm64.whl (27.2 MB)
[2024-07-31T15:32:57.844+0900] {process_utils.py:191} INFO - Using cached requests-2.32.3-py3-none-any.whl (64 kB)
[2024-07-31T15:32:57.845+0900] {process_utils.py:191} INFO - Using cached certifi-2024.7.4-py3-none-any.whl (162 kB)
[2024-07-31T15:32:57.846+0900] {process_utils.py:191} INFO - Using cached charset_normalizer-3.3.2-cp311-cp311-macosx_11_0_arm64.whl (118 kB)
[2024-07-31T15:32:57.847+0900] {process_utils.py:191} INFO - Using cached idna-3.7-py3-none-any.whl (66 kB)
[2024-07-31T15:32:57.848+0900] {process_utils.py:191} INFO - Using cached python_dateutil-2.9.0.post0-py2.py3-none-any.whl (229 kB)
[2024-07-31T15:32:57.849+0900] {process_utils.py:191} INFO - Using cached pytz-2024.1-py2.py3-none-any.whl (505 kB)
[2024-07-31T15:32:57.850+0900] {process_utils.py:191} INFO - Using cached tzdata-2024.1-py2.py3-none-any.whl (345 kB)
[2024-07-31T15:32:57.852+0900] {process_utils.py:191} INFO - Using cached urllib3-2.2.2-py3-none-any.whl (121 kB)
[2024-07-31T15:32:57.853+0900] {process_utils.py:191} INFO - Using cached six-1.16.0-py2.py3-none-any.whl (11 kB)
[2024-07-31T15:32:57.902+0900] {process_utils.py:191} INFO - Building wheels for collected packages: mov
[2024-07-31T15:32:57.916+0900] {process_utils.py:191} INFO -   Building wheel for mov (pyproject.toml): started
[2024-07-31T15:32:58.050+0900] {process_utils.py:191} INFO -   Building wheel for mov (pyproject.toml): finished with status 'done'
[2024-07-31T15:32:58.051+0900] {process_utils.py:191} INFO -   Created wheel for mov: filename=mov-0.1.0-py3-none-any.whl size=3035 sha256=f8ac4ae6549ab8ded68395ad04aa43db05694577971a6633dc383528c536dfa2
[2024-07-31T15:32:58.051+0900] {process_utils.py:191} INFO -   Stored in directory: /private/var/folders/qv/0knwm5h50ml0skpppwpbks_r0000gp/T/pip-ephem-wheel-cache-ef1k0h_h/wheels/cf/ab/a7/d0c528d20fa8a5f19e169bdf1d98f2b2cefe79d8527bb89200
[2024-07-31T15:32:58.052+0900] {process_utils.py:191} INFO - Successfully built mov
[2024-07-31T15:32:58.080+0900] {process_utils.py:191} INFO - Installing collected packages: pytz, urllib3, tzdata, six, numpy, idna, charset-normalizer, certifi, requests, python-dateutil, pyarrow, pandas, mov
[2024-07-31T15:33:02.727+0900] {process_utils.py:191} INFO - Successfully installed certifi-2024.7.4 charset-normalizer-3.3.2 idna-3.7 mov-0.1.0 numpy-2.0.1 pandas-2.2.2 pyarrow-17.0.0 python-dateutil-2.9.0.post0 pytz-2024.1 requests-2.32.3 six-1.16.0 tzdata-2024.1 urllib3-2.2.2
[2024-07-31T15:33:02.731+0900] {process_utils.py:191} INFO - 
[2024-07-31T15:33:02.732+0900] {process_utils.py:191} INFO - [notice] A new release of pip is available: 24.1.2 -> 24.2
[2024-07-31T15:33:02.732+0900] {process_utils.py:191} INFO - [notice] To update, run: python -m pip install --upgrade pip
[2024-07-31T15:33:02.883+0900] {logging_mixin.py:188} WARNING - /Users/DE32/.pyenv/versions/3.11.9/envs/note/lib/python3.11/site-packages/airflow/utils/context.py:212 AirflowContextDeprecationWarning: Accessing 'next_ds' from the template is deprecated and will be removed in a future version. Please use '{{ data_interval_end | ds }}' instead.
[2024-07-31T15:33:02.884+0900] {logging_mixin.py:188} WARNING - /Users/DE32/.pyenv/versions/3.11.9/envs/note/lib/python3.11/site-packages/airflow/utils/context.py:212 AirflowContextDeprecationWarning: Accessing 'next_ds_nodash' from the template is deprecated and will be removed in a future version. Please use '{{ data_interval_end | ds_nodash }}' instead.
[2024-07-31T15:33:02.884+0900] {logging_mixin.py:188} WARNING - /Users/DE32/.pyenv/versions/3.11.9/envs/note/lib/python3.11/site-packages/airflow/utils/context.py:212 AirflowContextDeprecationWarning: Accessing 'prev_ds' from the template is deprecated and will be removed in a future version.
[2024-07-31T15:33:02.885+0900] {logging_mixin.py:188} WARNING - /Users/DE32/.pyenv/versions/3.11.9/envs/note/lib/python3.11/site-packages/airflow/utils/context.py:212 AirflowContextDeprecationWarning: Accessing 'prev_ds_nodash' from the template is deprecated and will be removed in a future version.
[2024-07-31T15:33:02.885+0900] {logging_mixin.py:188} WARNING - /Users/DE32/.pyenv/versions/3.11.9/envs/note/lib/python3.11/site-packages/airflow/utils/context.py:212 AirflowContextDeprecationWarning: Accessing 'tomorrow_ds' from the template is deprecated and will be removed in a future version.
[2024-07-31T15:33:02.886+0900] {logging_mixin.py:188} WARNING - /Users/DE32/.pyenv/versions/3.11.9/envs/note/lib/python3.11/site-packages/airflow/utils/context.py:212 AirflowContextDeprecationWarning: Accessing 'tomorrow_ds_nodash' from the template is deprecated and will be removed in a future version.
[2024-07-31T15:33:02.886+0900] {logging_mixin.py:188} WARNING - /Users/DE32/.pyenv/versions/3.11.9/envs/note/lib/python3.11/site-packages/airflow/utils/context.py:212 AirflowContextDeprecationWarning: Accessing 'yesterday_ds' from the template is deprecated and will be removed in a future version.
[2024-07-31T15:33:02.887+0900] {logging_mixin.py:188} WARNING - /Users/DE32/.pyenv/versions/3.11.9/envs/note/lib/python3.11/site-packages/airflow/utils/context.py:212 AirflowContextDeprecationWarning: Accessing 'yesterday_ds_nodash' from the template is deprecated and will be removed in a future version.
[2024-07-31T15:33:02.890+0900] {process_utils.py:183} INFO - Executing cmd: /var/folders/qv/0knwm5h50ml0skpppwpbks_r0000gp/T/venvfwrtqol2/bin/python /var/folders/qv/0knwm5h50ml0skpppwpbks_r0000gp/T/venv-call4t3rhwwn/script.py /var/folders/qv/0knwm5h50ml0skpppwpbks_r0000gp/T/venv-call4t3rhwwn/script.in /var/folders/qv/0knwm5h50ml0skpppwpbks_r0000gp/T/venv-call4t3rhwwn/script.out /var/folders/qv/0knwm5h50ml0skpppwpbks_r0000gp/T/venv-call4t3rhwwn/string_args.txt /var/folders/qv/0knwm5h50ml0skpppwpbks_r0000gp/T/venv-call4t3rhwwn/termination.log
[2024-07-31T15:33:02.893+0900] {process_utils.py:187} INFO - Output:
[2024-07-31T15:33:02.909+0900] {process_utils.py:191} INFO - {}
[2024-07-31T15:33:02.909+0900] {process_utils.py:191} INFO - params안에 값이 없음
[2024-07-31T15:33:03.318+0900] {taskinstance.py:441} INFO - ::group::Post task execution logs
[2024-07-31T15:33:03.319+0900] {taskinstance.py:2905} ERROR - Task failed with exception
Traceback (most recent call last):
  File "/Users/DE32/.pyenv/versions/3.11.9/envs/note/lib/python3.11/site-packages/airflow/models/taskinstance.py", line 465, in _execute_task
    result = _execute_callable(context=context, **execute_callable_kwargs)
             ^^^^^^^^^^^^^^^^^^^^^^^^^^^^^^^^^^^^^^^^^^^^^^^^^^^^^^^^^^^^^
  File "/Users/DE32/.pyenv/versions/3.11.9/envs/note/lib/python3.11/site-packages/airflow/models/taskinstance.py", line 432, in _execute_callable
    return execute_callable(context=context, **execute_callable_kwargs)
           ^^^^^^^^^^^^^^^^^^^^^^^^^^^^^^^^^^^^^^^^^^^^^^^^^^^^^^^^^^^^
  File "/Users/DE32/.pyenv/versions/3.11.9/envs/note/lib/python3.11/site-packages/airflow/models/baseoperator.py", line 401, in wrapper
    return func(self, *args, **kwargs)
           ^^^^^^^^^^^^^^^^^^^^^^^^^^^
  File "/Users/DE32/.pyenv/versions/3.11.9/envs/note/lib/python3.11/site-packages/airflow/operators/python.py", line 437, in execute
    return super().execute(context=serializable_context)
           ^^^^^^^^^^^^^^^^^^^^^^^^^^^^^^^^^^^^^^^^^^^^^
  File "/Users/DE32/.pyenv/versions/3.11.9/envs/note/lib/python3.11/site-packages/airflow/models/baseoperator.py", line 401, in wrapper
    return func(self, *args, **kwargs)
           ^^^^^^^^^^^^^^^^^^^^^^^^^^^
  File "/Users/DE32/.pyenv/versions/3.11.9/envs/note/lib/python3.11/site-packages/airflow/operators/python.py", line 235, in execute
    return_value = self.execute_callable()
                   ^^^^^^^^^^^^^^^^^^^^^^^
  File "/Users/DE32/.pyenv/versions/3.11.9/envs/note/lib/python3.11/site-packages/airflow/operators/python.py", line 759, in execute_callable
    result = self._execute_python_callable_in_subprocess(python_path)
             ^^^^^^^^^^^^^^^^^^^^^^^^^^^^^^^^^^^^^^^^^^^^^^^^^^^^^^^^
  File "/Users/DE32/.pyenv/versions/3.11.9/envs/note/lib/python3.11/site-packages/airflow/operators/python.py", line 521, in _execute_python_callable_in_subprocess
    return self._read_result(output_path)
           ^^^^^^^^^^^^^^^^^^^^^^^^^^^^^^
  File "/Users/DE32/.pyenv/versions/3.11.9/envs/note/lib/python3.11/site-packages/airflow/operators/python.py", line 451, in _read_result
    if path.stat().st_size == 0:
       ^^^^^^^^^^^
  File "/Users/DE32/.pyenv/versions/3.11.9/lib/python3.11/pathlib.py", line 1013, in stat
    return os.stat(self, follow_symlinks=follow_symlinks)
           ^^^^^^^^^^^^^^^^^^^^^^^^^^^^^^^^^^^^^^^^^^^^^^
FileNotFoundError: [Errno 2] No such file or directory: '/var/folders/qv/0knwm5h50ml0skpppwpbks_r0000gp/T/venv-call4t3rhwwn/script.out'
[2024-07-31T15:33:03.325+0900] {taskinstance.py:1206} INFO - Marking task as FAILED. dag_id=movie, task_id=nation.k, run_id=scheduled__2024-07-30T02:10:00+00:00, execution_date=20240730T021000, start_date=20240731T063252, end_date=20240731T063303
[2024-07-31T15:33:03.329+0900] {standard_task_runner.py:110} ERROR - Failed to execute job 788 for task nation.k ([Errno 2] No such file or directory: '/var/folders/qv/0knwm5h50ml0skpppwpbks_r0000gp/T/venv-call4t3rhwwn/script.out'; 17210)
[2024-07-31T15:33:03.358+0900] {local_task_job_runner.py:243} INFO - Task exited with return code 1
[2024-07-31T15:33:03.364+0900] {taskinstance.py:3503} INFO - 0 downstream tasks scheduled from follow-on schedule check
[2024-07-31T15:33:03.365+0900] {local_task_job_runner.py:222} INFO - ::endgroup::
[2024-07-31T19:17:04.348+0900] {local_task_job_runner.py:120} INFO - ::group::Pre task execution logs
[2024-07-31T19:17:04.361+0900] {taskinstance.py:2076} INFO - Dependencies all met for dep_context=non-requeueable deps ti=<TaskInstance: movie.nation.k scheduled__2024-07-30T02:10:00+00:00 [queued]>
[2024-07-31T19:17:04.364+0900] {taskinstance.py:2076} INFO - Dependencies all met for dep_context=requeueable deps ti=<TaskInstance: movie.nation.k scheduled__2024-07-30T02:10:00+00:00 [queued]>
[2024-07-31T19:17:04.364+0900] {taskinstance.py:2306} INFO - Starting attempt 6 of 7
[2024-07-31T19:17:04.370+0900] {taskinstance.py:2330} INFO - Executing <Task(PythonVirtualenvOperator): nation.k> on 2024-07-30 02:10:00+00:00
[2024-07-31T19:17:04.373+0900] {standard_task_runner.py:64} INFO - Started process 25957 to run task
[2024-07-31T19:17:04.375+0900] {standard_task_runner.py:90} INFO - Running: ['airflow', 'tasks', 'run', 'movie', 'nation.k', 'scheduled__2024-07-30T02:10:00+00:00', '--job-id', '899', '--raw', '--subdir', 'DAGS_FOLDER/movie.py', '--cfg-path', '/var/folders/qv/0knwm5h50ml0skpppwpbks_r0000gp/T/tmpg_lf3f2q']
[2024-07-31T19:17:04.377+0900] {standard_task_runner.py:91} INFO - Job 899: Subtask nation.k
[2024-07-31T19:17:04.390+0900] {task_command.py:426} INFO - Running <TaskInstance: movie.nation.k scheduled__2024-07-30T02:10:00+00:00 [running]> on host jeongui-MacBookPro.local
[2024-07-31T19:17:04.412+0900] {taskinstance.py:2648} INFO - Exporting env vars: AIRFLOW_CTX_DAG_OWNER='airflow' AIRFLOW_CTX_DAG_ID='movie' AIRFLOW_CTX_TASK_ID='nation.k' AIRFLOW_CTX_EXECUTION_DATE='2024-07-30T02:10:00+00:00' AIRFLOW_CTX_TRY_NUMBER='6' AIRFLOW_CTX_DAG_RUN_ID='scheduled__2024-07-30T02:10:00+00:00'
[2024-07-31T19:17:04.412+0900] {taskinstance.py:430} INFO - ::endgroup::
[2024-07-31T19:17:04.420+0900] {baseoperator.py:400} WARNING - PythonVirtualenvOperator.execute cannot be called outside TaskInstance!
[2024-07-31T19:17:04.420+0900] {process_utils.py:183} INFO - Executing cmd: /Users/DE32/.pyenv/versions/3.11.9/envs/note/bin/python -m virtualenv /var/folders/qv/0knwm5h50ml0skpppwpbks_r0000gp/T/venvbx1i380x --python=python
[2024-07-31T19:17:04.422+0900] {process_utils.py:187} INFO - Output:
[2024-07-31T19:17:04.695+0900] {process_utils.py:191} INFO - created virtual environment CPython3.11.9.final.0-64 in 201ms
[2024-07-31T19:17:04.696+0900] {process_utils.py:191} INFO -   creator CPython3Posix(dest=/private/var/folders/qv/0knwm5h50ml0skpppwpbks_r0000gp/T/venvbx1i380x, clear=False, no_vcs_ignore=False, global=False)
[2024-07-31T19:17:04.696+0900] {process_utils.py:191} INFO -   seeder FromAppData(download=False, pip=bundle, setuptools=bundle, wheel=bundle, via=copy, app_data_dir=/Users/DE32/Library/Application Support/virtualenv)
[2024-07-31T19:17:04.696+0900] {process_utils.py:191} INFO -     added seed packages: pip==24.1.2, setuptools==70.2.0, wheel==0.43.0
[2024-07-31T19:17:04.697+0900] {process_utils.py:191} INFO -   activators BashActivator,CShellActivator,FishActivator,NushellActivator,PowerShellActivator,PythonActivator
[2024-07-31T19:17:04.707+0900] {process_utils.py:183} INFO - Executing cmd: /var/folders/qv/0knwm5h50ml0skpppwpbks_r0000gp/T/venvbx1i380x/bin/pip install -r /var/folders/qv/0knwm5h50ml0skpppwpbks_r0000gp/T/venvbx1i380x/requirements.txt
[2024-07-31T19:17:04.709+0900] {process_utils.py:187} INFO - Output:
[2024-07-31T19:17:05.647+0900] {process_utils.py:191} INFO - Collecting git+https://github.com/Jeonghoon2/movie.git@0.2/api (from -r /var/folders/qv/0knwm5h50ml0skpppwpbks_r0000gp/T/venvbx1i380x/requirements.txt (line 1))
[2024-07-31T19:17:05.648+0900] {process_utils.py:191} INFO -   Cloning https://github.com/Jeonghoon2/movie.git (to revision 0.2/api) to /private/var/folders/qv/0knwm5h50ml0skpppwpbks_r0000gp/T/pip-req-build-d2lzlnru
[2024-07-31T19:17:05.661+0900] {process_utils.py:191} INFO -   Running command git clone --filter=blob:none --quiet https://github.com/Jeonghoon2/movie.git /private/var/folders/qv/0knwm5h50ml0skpppwpbks_r0000gp/T/pip-req-build-d2lzlnru
[2024-07-31T19:17:07.249+0900] {process_utils.py:191} INFO -   Running command git checkout -b 0.2/api --track origin/0.2/api
[2024-07-31T19:17:08.773+0900] {process_utils.py:191} INFO -   Switched to a new branch '0.2/api'
[2024-07-31T19:17:08.774+0900] {process_utils.py:191} INFO -   branch '0.2/api' set up to track 'origin/0.2/api'.
[2024-07-31T19:17:08.774+0900] {process_utils.py:191} INFO -   Resolved https://github.com/Jeonghoon2/movie.git to commit c2fdd392ce95b386519b05b3bab786608cdb1c58
[2024-07-31T19:17:08.797+0900] {process_utils.py:191} INFO -   Installing build dependencies: started
[2024-07-31T19:17:09.701+0900] {process_utils.py:191} INFO -   Installing build dependencies: finished with status 'done'
[2024-07-31T19:17:09.702+0900] {process_utils.py:191} INFO -   Getting requirements to build wheel: started
[2024-07-31T19:17:09.836+0900] {process_utils.py:191} INFO -   Getting requirements to build wheel: finished with status 'done'
[2024-07-31T19:17:09.837+0900] {process_utils.py:191} INFO -   Preparing metadata (pyproject.toml): started
[2024-07-31T19:17:09.961+0900] {process_utils.py:191} INFO -   Preparing metadata (pyproject.toml): finished with status 'done'
[2024-07-31T19:17:10.033+0900] {process_utils.py:191} INFO - Collecting requests>=2.32.3 (from mov==0.1.0->-r /var/folders/qv/0knwm5h50ml0skpppwpbks_r0000gp/T/venvbx1i380x/requirements.txt (line 1))
[2024-07-31T19:17:10.034+0900] {process_utils.py:191} INFO -   Using cached requests-2.32.3-py3-none-any.whl.metadata (4.6 kB)
[2024-07-31T19:17:10.105+0900] {process_utils.py:191} INFO - Collecting pandas>=2.2.2 (from mov==0.1.0->-r /var/folders/qv/0knwm5h50ml0skpppwpbks_r0000gp/T/venvbx1i380x/requirements.txt (line 1))
[2024-07-31T19:17:10.107+0900] {process_utils.py:191} INFO -   Using cached pandas-2.2.2-cp311-cp311-macosx_11_0_arm64.whl.metadata (19 kB)
[2024-07-31T19:17:10.208+0900] {process_utils.py:191} INFO - Collecting numpy>=2.0.1 (from mov==0.1.0->-r /var/folders/qv/0knwm5h50ml0skpppwpbks_r0000gp/T/venvbx1i380x/requirements.txt (line 1))
[2024-07-31T19:17:10.210+0900] {process_utils.py:191} INFO -   Using cached numpy-2.0.1-cp311-cp311-macosx_14_0_arm64.whl.metadata (60 kB)
[2024-07-31T19:17:10.260+0900] {process_utils.py:191} INFO - Collecting pyarrow>=17.0.0 (from mov==0.1.0->-r /var/folders/qv/0knwm5h50ml0skpppwpbks_r0000gp/T/venvbx1i380x/requirements.txt (line 1))
[2024-07-31T19:17:10.261+0900] {process_utils.py:191} INFO -   Using cached pyarrow-17.0.0-cp311-cp311-macosx_11_0_arm64.whl.metadata (3.3 kB)
[2024-07-31T19:17:10.291+0900] {process_utils.py:191} INFO - Collecting python-dateutil>=2.8.2 (from pandas>=2.2.2->mov==0.1.0->-r /var/folders/qv/0knwm5h50ml0skpppwpbks_r0000gp/T/venvbx1i380x/requirements.txt (line 1))
[2024-07-31T19:17:10.292+0900] {process_utils.py:191} INFO -   Using cached python_dateutil-2.9.0.post0-py2.py3-none-any.whl.metadata (8.4 kB)
[2024-07-31T19:17:10.321+0900] {process_utils.py:191} INFO - Collecting pytz>=2020.1 (from pandas>=2.2.2->mov==0.1.0->-r /var/folders/qv/0knwm5h50ml0skpppwpbks_r0000gp/T/venvbx1i380x/requirements.txt (line 1))
[2024-07-31T19:17:10.322+0900] {process_utils.py:191} INFO -   Using cached pytz-2024.1-py2.py3-none-any.whl.metadata (22 kB)
[2024-07-31T19:17:10.349+0900] {process_utils.py:191} INFO - Collecting tzdata>=2022.7 (from pandas>=2.2.2->mov==0.1.0->-r /var/folders/qv/0knwm5h50ml0skpppwpbks_r0000gp/T/venvbx1i380x/requirements.txt (line 1))
[2024-07-31T19:17:10.350+0900] {process_utils.py:191} INFO -   Using cached tzdata-2024.1-py2.py3-none-any.whl.metadata (1.4 kB)
[2024-07-31T19:17:10.396+0900] {process_utils.py:191} INFO - Collecting charset-normalizer<4,>=2 (from requests>=2.32.3->mov==0.1.0->-r /var/folders/qv/0knwm5h50ml0skpppwpbks_r0000gp/T/venvbx1i380x/requirements.txt (line 1))
[2024-07-31T19:17:10.397+0900] {process_utils.py:191} INFO -   Using cached charset_normalizer-3.3.2-cp311-cp311-macosx_11_0_arm64.whl.metadata (33 kB)
[2024-07-31T19:17:10.413+0900] {process_utils.py:191} INFO - Collecting idna<4,>=2.5 (from requests>=2.32.3->mov==0.1.0->-r /var/folders/qv/0knwm5h50ml0skpppwpbks_r0000gp/T/venvbx1i380x/requirements.txt (line 1))
[2024-07-31T19:17:10.414+0900] {process_utils.py:191} INFO -   Using cached idna-3.7-py3-none-any.whl.metadata (9.9 kB)
[2024-07-31T19:17:10.445+0900] {process_utils.py:191} INFO - Collecting urllib3<3,>=1.21.1 (from requests>=2.32.3->mov==0.1.0->-r /var/folders/qv/0knwm5h50ml0skpppwpbks_r0000gp/T/venvbx1i380x/requirements.txt (line 1))
[2024-07-31T19:17:10.446+0900] {process_utils.py:191} INFO -   Using cached urllib3-2.2.2-py3-none-any.whl.metadata (6.4 kB)
[2024-07-31T19:17:10.490+0900] {process_utils.py:191} INFO - Collecting certifi>=2017.4.17 (from requests>=2.32.3->mov==0.1.0->-r /var/folders/qv/0knwm5h50ml0skpppwpbks_r0000gp/T/venvbx1i380x/requirements.txt (line 1))
[2024-07-31T19:17:10.491+0900] {process_utils.py:191} INFO -   Using cached certifi-2024.7.4-py3-none-any.whl.metadata (2.2 kB)
[2024-07-31T19:17:10.506+0900] {process_utils.py:191} INFO - Collecting six>=1.5 (from python-dateutil>=2.8.2->pandas>=2.2.2->mov==0.1.0->-r /var/folders/qv/0knwm5h50ml0skpppwpbks_r0000gp/T/venvbx1i380x/requirements.txt (line 1))
[2024-07-31T19:17:10.507+0900] {process_utils.py:191} INFO -   Using cached six-1.16.0-py2.py3-none-any.whl.metadata (1.8 kB)
[2024-07-31T19:17:10.510+0900] {process_utils.py:191} INFO - Using cached numpy-2.0.1-cp311-cp311-macosx_14_0_arm64.whl (5.3 MB)
[2024-07-31T19:17:10.520+0900] {process_utils.py:191} INFO - Using cached pandas-2.2.2-cp311-cp311-macosx_11_0_arm64.whl (11.3 MB)
[2024-07-31T19:17:10.549+0900] {process_utils.py:191} INFO - Using cached pyarrow-17.0.0-cp311-cp311-macosx_11_0_arm64.whl (27.2 MB)
[2024-07-31T19:17:10.608+0900] {process_utils.py:191} INFO - Using cached requests-2.32.3-py3-none-any.whl (64 kB)
[2024-07-31T19:17:10.618+0900] {process_utils.py:191} INFO - Using cached certifi-2024.7.4-py3-none-any.whl (162 kB)
[2024-07-31T19:17:10.621+0900] {process_utils.py:191} INFO - Using cached charset_normalizer-3.3.2-cp311-cp311-macosx_11_0_arm64.whl (118 kB)
[2024-07-31T19:17:10.623+0900] {process_utils.py:191} INFO - Using cached idna-3.7-py3-none-any.whl (66 kB)
[2024-07-31T19:17:10.624+0900] {process_utils.py:191} INFO - Using cached python_dateutil-2.9.0.post0-py2.py3-none-any.whl (229 kB)
[2024-07-31T19:17:10.627+0900] {process_utils.py:191} INFO - Using cached pytz-2024.1-py2.py3-none-any.whl (505 kB)
[2024-07-31T19:17:10.630+0900] {process_utils.py:191} INFO - Using cached tzdata-2024.1-py2.py3-none-any.whl (345 kB)
[2024-07-31T19:17:10.634+0900] {process_utils.py:191} INFO - Using cached urllib3-2.2.2-py3-none-any.whl (121 kB)
[2024-07-31T19:17:10.636+0900] {process_utils.py:191} INFO - Using cached six-1.16.0-py2.py3-none-any.whl (11 kB)
[2024-07-31T19:17:10.678+0900] {process_utils.py:191} INFO - Building wheels for collected packages: mov
[2024-07-31T19:17:10.691+0900] {process_utils.py:191} INFO -   Building wheel for mov (pyproject.toml): started
[2024-07-31T19:17:10.827+0900] {process_utils.py:191} INFO -   Building wheel for mov (pyproject.toml): finished with status 'done'
[2024-07-31T19:17:10.827+0900] {process_utils.py:191} INFO -   Created wheel for mov: filename=mov-0.1.0-py3-none-any.whl size=3056 sha256=7f8b1b67f68f6bedb8c7c4afdfbea63f161d67bb6c9bdf4cbbdb4f36d73fcf7c
[2024-07-31T19:17:10.828+0900] {process_utils.py:191} INFO -   Stored in directory: /private/var/folders/qv/0knwm5h50ml0skpppwpbks_r0000gp/T/pip-ephem-wheel-cache-u_dm8oh2/wheels/cf/ab/a7/d0c528d20fa8a5f19e169bdf1d98f2b2cefe79d8527bb89200
[2024-07-31T19:17:10.829+0900] {process_utils.py:191} INFO - Successfully built mov
[2024-07-31T19:17:10.856+0900] {process_utils.py:191} INFO - Installing collected packages: pytz, urllib3, tzdata, six, numpy, idna, charset-normalizer, certifi, requests, python-dateutil, pyarrow, pandas, mov
[2024-07-31T19:17:15.431+0900] {process_utils.py:191} INFO - Successfully installed certifi-2024.7.4 charset-normalizer-3.3.2 idna-3.7 mov-0.1.0 numpy-2.0.1 pandas-2.2.2 pyarrow-17.0.0 python-dateutil-2.9.0.post0 pytz-2024.1 requests-2.32.3 six-1.16.0 tzdata-2024.1 urllib3-2.2.2
[2024-07-31T19:17:15.434+0900] {process_utils.py:191} INFO - 
[2024-07-31T19:17:15.434+0900] {process_utils.py:191} INFO - [notice] A new release of pip is available: 24.1.2 -> 24.2
[2024-07-31T19:17:15.435+0900] {process_utils.py:191} INFO - [notice] To update, run: python -m pip install --upgrade pip
[2024-07-31T19:17:15.569+0900] {logging_mixin.py:188} WARNING - /Users/DE32/.pyenv/versions/3.11.9/envs/note/lib/python3.11/site-packages/airflow/utils/context.py:212 AirflowContextDeprecationWarning: Accessing 'next_ds' from the template is deprecated and will be removed in a future version. Please use '{{ data_interval_end | ds }}' instead.
[2024-07-31T19:17:15.570+0900] {logging_mixin.py:188} WARNING - /Users/DE32/.pyenv/versions/3.11.9/envs/note/lib/python3.11/site-packages/airflow/utils/context.py:212 AirflowContextDeprecationWarning: Accessing 'next_ds_nodash' from the template is deprecated and will be removed in a future version. Please use '{{ data_interval_end | ds_nodash }}' instead.
[2024-07-31T19:17:15.570+0900] {logging_mixin.py:188} WARNING - /Users/DE32/.pyenv/versions/3.11.9/envs/note/lib/python3.11/site-packages/airflow/utils/context.py:212 AirflowContextDeprecationWarning: Accessing 'prev_ds' from the template is deprecated and will be removed in a future version.
[2024-07-31T19:17:15.571+0900] {logging_mixin.py:188} WARNING - /Users/DE32/.pyenv/versions/3.11.9/envs/note/lib/python3.11/site-packages/airflow/utils/context.py:212 AirflowContextDeprecationWarning: Accessing 'prev_ds_nodash' from the template is deprecated and will be removed in a future version.
[2024-07-31T19:17:15.571+0900] {logging_mixin.py:188} WARNING - /Users/DE32/.pyenv/versions/3.11.9/envs/note/lib/python3.11/site-packages/airflow/utils/context.py:212 AirflowContextDeprecationWarning: Accessing 'tomorrow_ds' from the template is deprecated and will be removed in a future version.
[2024-07-31T19:17:15.571+0900] {logging_mixin.py:188} WARNING - /Users/DE32/.pyenv/versions/3.11.9/envs/note/lib/python3.11/site-packages/airflow/utils/context.py:212 AirflowContextDeprecationWarning: Accessing 'tomorrow_ds_nodash' from the template is deprecated and will be removed in a future version.
[2024-07-31T19:17:15.572+0900] {logging_mixin.py:188} WARNING - /Users/DE32/.pyenv/versions/3.11.9/envs/note/lib/python3.11/site-packages/airflow/utils/context.py:212 AirflowContextDeprecationWarning: Accessing 'yesterday_ds' from the template is deprecated and will be removed in a future version.
[2024-07-31T19:17:15.572+0900] {logging_mixin.py:188} WARNING - /Users/DE32/.pyenv/versions/3.11.9/envs/note/lib/python3.11/site-packages/airflow/utils/context.py:212 AirflowContextDeprecationWarning: Accessing 'yesterday_ds_nodash' from the template is deprecated and will be removed in a future version.
[2024-07-31T19:17:15.576+0900] {process_utils.py:183} INFO - Executing cmd: /var/folders/qv/0knwm5h50ml0skpppwpbks_r0000gp/T/venvbx1i380x/bin/python /var/folders/qv/0knwm5h50ml0skpppwpbks_r0000gp/T/venv-call1fp2bxrp/script.py /var/folders/qv/0knwm5h50ml0skpppwpbks_r0000gp/T/venv-call1fp2bxrp/script.in /var/folders/qv/0knwm5h50ml0skpppwpbks_r0000gp/T/venv-call1fp2bxrp/script.out /var/folders/qv/0knwm5h50ml0skpppwpbks_r0000gp/T/venv-call1fp2bxrp/string_args.txt /var/folders/qv/0knwm5h50ml0skpppwpbks_r0000gp/T/venv-call1fp2bxrp/termination.log
[2024-07-31T19:17:15.578+0900] {process_utils.py:187} INFO - Output:
[2024-07-31T19:17:33.160+0900] {process_utils.py:191} INFO - {'boxOfficeResult': {'boxofficeType': '일별 박스오피스', 'showRange': '20120101~20120101', 'dailyBoxOfficeList': [{'rnum': '1', 'rank': '1', 'rankInten': '0', 'rankOldAndNew': 'OLD', 'movieCd': '20110295', 'movieNm': '마이 웨이', 'openDt': '2011-12-21', 'salesAmt': '1189058500', 'salesShare': '54.4', 'salesInten': '-105894500', 'salesChange': '-8.2', 'salesAcc': '13002897500', 'audiCnt': '153501', 'audiInten': '-16465', 'audiChange': '-9.7', 'audiAcc': '1739543', 'scrnCnt': '588', 'showCnt': '2321'}, {'rnum': '2', 'rank': '2', 'rankInten': '0', 'rankOldAndNew': 'OLD', 'movieCd': '20113260', 'movieNm': '퍼펙트 게임', 'openDt': '2011-12-21', 'salesAmt': '644532000', 'salesShare': '29.5', 'salesInten': '-75116500', 'salesChange': '-10.4', 'salesAcc': '6640940000', 'audiCnt': '83644', 'audiInten': '-12225', 'audiChange': '-12.8', 'audiAcc': '895416', 'scrnCnt': '396', 'showCnt': '1364'}, {'rnum': '3', 'rank': '3', 'rankInten': '0', 'rankOldAndNew': 'OLD', 'movieCd': '20113381', 'movieNm': '오싹한 연애', 'openDt': '2011-12-01', 'salesAmt': '344871000', 'salesShare': '15.8', 'salesInten': '-107005500', 'salesChange': '-23.7', 'salesAcc': '20634684500', 'audiCnt': '45062', 'audiInten': '-15926', 'audiChange': '-26.1', 'audiAcc': '2823060', 'scrnCnt': '243', 'showCnt': '839'}, {'rnum': '4', 'rank': '4', 'rankInten': '0', 'rankOldAndNew': 'OLD', 'movieCd': '20119659', 'movieNm': '량강도 아이들', 'openDt': '2011-11-17', 'salesAmt': '2139500', 'salesShare': '0.1', 'salesInten': '110500', 'salesChange': '5.4', 'salesAcc': '68282500', 'audiCnt': '271', 'audiInten': '4', 'audiChange': '1.5', 'audiAcc': '10172', 'scrnCnt': '11', 'showCnt': '35'}, {'rnum': '5', 'rank': '5', 'rankInten': '0', 'rankOldAndNew': 'NEW', 'movieCd': '20101344', 'movieNm': '파수꾼', 'openDt': '2011-03-03', 'salesAmt': '1015000', 'salesShare': '0.0', 'salesInten': '1015000', 'salesChange': '100', 'salesAcc': '170888700', 'audiCnt': '127', 'audiInten': '127', 'audiChange': '100', 'audiAcc': '22112', 'scrnCnt': '1', 'showCnt': '1'}, {'rnum': '6', 'rank': '6', 'rankInten': '0', 'rankOldAndNew': 'NEW', 'movieCd': '20113743', 'movieNm': '댄싱퀸', 'openDt': '2012-01-18', 'salesAmt': '1008000', 'salesShare': '0.0', 'salesInten': '1008000', 'salesChange': '100', 'salesAcc': '1008000', 'audiCnt': '126', 'audiInten': '126', 'audiChange': '100', 'audiAcc': '126', 'scrnCnt': '1', 'showCnt': '1'}, {'rnum': '7', 'rank': '7', 'rankInten': '0', 'rankOldAndNew': 'NEW', 'movieCd': '20110985', 'movieNm': '줄탁동시', 'openDt': '2012-03-01', 'salesAmt': '864000', 'salesShare': '0.0', 'salesInten': '864000', 'salesChange': '100', 'salesAcc': '2047000', 'audiCnt': '108', 'audiInten': '108', 'audiChange': '100', 'audiAcc': '305', 'scrnCnt': '1', 'showCnt': '1'}, {'rnum': '8', 'rank': '8', 'rankInten': '3', 'rankOldAndNew': 'OLD', 'movieCd': '20119436', 'movieNm': '오래된 인력거', 'openDt': '2011-12-15', 'salesAmt': '546000', 'salesShare': '0.0', 'salesInten': '359000', 'salesChange': '192', 'salesAcc': '15047800', 'audiCnt': '104', 'audiInten': '65', 'audiChange': '166.7', 'audiAcc': '2272', 'scrnCnt': '3', 'showCnt': '5'}, {'rnum': '9', 'rank': '9', 'rankInten': '0', 'rankOldAndNew': 'NEW', 'movieCd': '20111031', 'movieNm': '돼지의 왕', 'openDt': '2011-11-03', 'salesAmt': '509000', 'salesShare': '0.0', 'salesInten': '509000', 'salesChange': '100', 'salesAcc': '144630300', 'audiCnt': '57', 'audiInten': '57', 'audiChange': '100', 'audiAcc': '18660', 'scrnCnt': '2', 'showCnt': '2'}, {'rnum': '10', 'rank': '10', 'rankInten': '-3', 'rankOldAndNew': 'OLD', 'movieCd': '20112695', 'movieNm': '완득이', 'openDt': '2011-10-20', 'salesAmt': '339000', 'salesShare': '0.0', 'salesInten': '-97000', 'salesChange': '-22.2', 'salesAcc': '38526500500', 'audiCnt': '54', 'audiInten': '-22', 'audiChange': '-28.9', 'audiAcc': '5309982', 'scrnCnt': '2', 'showCnt': '4'}]}}
[2024-07-31T19:17:33.161+0900] {process_utils.py:191} INFO - partitioning List : ['load_dt', 'repNationCd']
[2024-07-31T19:17:33.161+0900] {process_utils.py:191} INFO -   rnum rank rankInten rankOldAndNew  ... scrnCnt showCnt   load_dt repNationCd
[2024-07-31T19:17:33.161+0900] {process_utils.py:191} INFO - 0    1    1         0           OLD  ...     588    2321  20120101           K
[2024-07-31T19:17:33.162+0900] {process_utils.py:191} INFO - 1    2    2         0           OLD  ...     396    1364  20120101           K
[2024-07-31T19:17:33.162+0900] {process_utils.py:191} INFO - 2    3    3         0           OLD  ...     243     839  20120101           K
[2024-07-31T19:17:33.163+0900] {process_utils.py:191} INFO - 3    4    4         0           OLD  ...      11      35  20120101           K
[2024-07-31T19:17:33.163+0900] {process_utils.py:191} INFO - 4    5    5         0           NEW  ...       1       1  20120101           K
[2024-07-31T19:17:33.163+0900] {process_utils.py:191} INFO - 5    6    6         0           NEW  ...       1       1  20120101           K
[2024-07-31T19:17:33.164+0900] {process_utils.py:191} INFO - 6    7    7         0           NEW  ...       1       1  20120101           K
[2024-07-31T19:17:33.164+0900] {process_utils.py:191} INFO - 7    8    8         3           OLD  ...       3       5  20120101           K
[2024-07-31T19:17:33.164+0900] {process_utils.py:191} INFO - 8    9    9         0           NEW  ...       2       2  20120101           K
[2024-07-31T19:17:33.165+0900] {process_utils.py:191} INFO - 9   10   10        -3           OLD  ...       2       4  20120101           K
[2024-07-31T19:17:33.165+0900] {process_utils.py:191} INFO - 
[2024-07-31T19:17:33.165+0900] {process_utils.py:191} INFO - [10 rows x 20 columns]
[2024-07-31T19:17:33.644+0900] {python.py:237} INFO - Done. Returned value was: None
[2024-07-31T19:17:33.645+0900] {taskinstance.py:441} INFO - ::group::Post task execution logs
[2024-07-31T19:17:33.648+0900] {taskinstance.py:1206} INFO - Marking task as SUCCESS. dag_id=movie, task_id=nation.k, run_id=scheduled__2024-07-30T02:10:00+00:00, execution_date=20240730T021000, start_date=20240731T101704, end_date=20240731T101733
[2024-07-31T19:17:33.677+0900] {local_task_job_runner.py:243} INFO - Task exited with return code 0
[2024-07-31T19:17:33.683+0900] {taskinstance.py:3503} INFO - 0 downstream tasks scheduled from follow-on schedule check
[2024-07-31T19:17:33.683+0900] {local_task_job_runner.py:222} INFO - ::endgroup::
