[2024-07-31T15:35:17.827+0900] {local_task_job_runner.py:120} INFO - ::group::Pre task execution logs
[2024-07-31T15:35:17.837+0900] {taskinstance.py:2076} INFO - Dependencies all met for dep_context=non-requeueable deps ti=<TaskInstance: movie.nation.k scheduled__2024-07-30T02:10:00+00:00 [queued]>
[2024-07-31T15:35:17.841+0900] {taskinstance.py:2076} INFO - Dependencies all met for dep_context=requeueable deps ti=<TaskInstance: movie.nation.k scheduled__2024-07-30T02:10:00+00:00 [queued]>
[2024-07-31T15:35:17.841+0900] {taskinstance.py:2306} INFO - Starting attempt 8 of 8
[2024-07-31T15:35:17.847+0900] {taskinstance.py:2330} INFO - Executing <Task(PythonVirtualenvOperator): nation.k> on 2024-07-30 02:10:00+00:00
[2024-07-31T15:35:17.850+0900] {standard_task_runner.py:64} INFO - Started process 17320 to run task
[2024-07-31T15:35:17.852+0900] {standard_task_runner.py:90} INFO - Running: ['airflow', 'tasks', 'run', 'movie', 'nation.k', 'scheduled__2024-07-30T02:10:00+00:00', '--job-id', '790', '--raw', '--subdir', 'DAGS_FOLDER/movie.py', '--cfg-path', '/var/folders/qv/0knwm5h50ml0skpppwpbks_r0000gp/T/tmpgrbx6n_6']
[2024-07-31T15:35:17.854+0900] {standard_task_runner.py:91} INFO - Job 790: Subtask nation.k
[2024-07-31T15:35:17.869+0900] {task_command.py:426} INFO - Running <TaskInstance: movie.nation.k scheduled__2024-07-30T02:10:00+00:00 [running]> on host jeongui-MacBookPro.local
[2024-07-31T15:35:17.891+0900] {taskinstance.py:2648} INFO - Exporting env vars: AIRFLOW_CTX_DAG_OWNER='airflow' AIRFLOW_CTX_DAG_ID='movie' AIRFLOW_CTX_TASK_ID='nation.k' AIRFLOW_CTX_EXECUTION_DATE='2024-07-30T02:10:00+00:00' AIRFLOW_CTX_TRY_NUMBER='8' AIRFLOW_CTX_DAG_RUN_ID='scheduled__2024-07-30T02:10:00+00:00'
[2024-07-31T15:35:17.892+0900] {taskinstance.py:430} INFO - ::endgroup::
[2024-07-31T15:35:17.898+0900] {baseoperator.py:400} WARNING - PythonVirtualenvOperator.execute cannot be called outside TaskInstance!
[2024-07-31T15:35:17.899+0900] {process_utils.py:183} INFO - Executing cmd: /Users/DE32/.pyenv/versions/3.11.9/envs/note/bin/python -m virtualenv /var/folders/qv/0knwm5h50ml0skpppwpbks_r0000gp/T/venv1b25zhnz --python=python
[2024-07-31T15:35:17.900+0900] {process_utils.py:187} INFO - Output:
[2024-07-31T15:35:18.141+0900] {process_utils.py:191} INFO - created virtual environment CPython3.11.9.final.0-64 in 174ms
[2024-07-31T15:35:18.141+0900] {process_utils.py:191} INFO -   creator CPython3Posix(dest=/private/var/folders/qv/0knwm5h50ml0skpppwpbks_r0000gp/T/venv1b25zhnz, clear=False, no_vcs_ignore=False, global=False)
[2024-07-31T15:35:18.142+0900] {process_utils.py:191} INFO -   seeder FromAppData(download=False, pip=bundle, setuptools=bundle, wheel=bundle, via=copy, app_data_dir=/Users/DE32/Library/Application Support/virtualenv)
[2024-07-31T15:35:18.142+0900] {process_utils.py:191} INFO -     added seed packages: pip==24.1.2, setuptools==70.2.0, wheel==0.43.0
[2024-07-31T15:35:18.142+0900] {process_utils.py:191} INFO -   activators BashActivator,CShellActivator,FishActivator,NushellActivator,PowerShellActivator,PythonActivator
[2024-07-31T15:35:18.153+0900] {process_utils.py:183} INFO - Executing cmd: /var/folders/qv/0knwm5h50ml0skpppwpbks_r0000gp/T/venv1b25zhnz/bin/pip install -r /var/folders/qv/0knwm5h50ml0skpppwpbks_r0000gp/T/venv1b25zhnz/requirements.txt
[2024-07-31T15:35:18.154+0900] {process_utils.py:187} INFO - Output:
[2024-07-31T15:35:18.885+0900] {process_utils.py:191} INFO - Collecting git+https://github.com/Jeonghoon2/movie.git@0.2/api (from -r /var/folders/qv/0knwm5h50ml0skpppwpbks_r0000gp/T/venv1b25zhnz/requirements.txt (line 1))
[2024-07-31T15:35:18.885+0900] {process_utils.py:191} INFO -   Cloning https://github.com/Jeonghoon2/movie.git (to revision 0.2/api) to /private/var/folders/qv/0knwm5h50ml0skpppwpbks_r0000gp/T/pip-req-build-6x2yuwab
[2024-07-31T15:35:18.897+0900] {process_utils.py:191} INFO -   Running command git clone --filter=blob:none --quiet https://github.com/Jeonghoon2/movie.git /private/var/folders/qv/0knwm5h50ml0skpppwpbks_r0000gp/T/pip-req-build-6x2yuwab
[2024-07-31T15:35:20.485+0900] {process_utils.py:191} INFO -   Running command git checkout -b 0.2/api --track origin/0.2/api
[2024-07-31T15:35:21.177+0900] {process_utils.py:191} INFO -   Switched to a new branch '0.2/api'
[2024-07-31T15:35:21.177+0900] {process_utils.py:191} INFO -   branch '0.2/api' set up to track 'origin/0.2/api'.
[2024-07-31T15:35:21.178+0900] {process_utils.py:191} INFO -   Resolved https://github.com/Jeonghoon2/movie.git to commit 34de3b5e993ea074744539373447116355ac95da
[2024-07-31T15:35:21.200+0900] {process_utils.py:191} INFO -   Installing build dependencies: started
[2024-07-31T15:35:22.155+0900] {process_utils.py:191} INFO -   Installing build dependencies: finished with status 'done'
[2024-07-31T15:35:22.155+0900] {process_utils.py:191} INFO -   Getting requirements to build wheel: started
[2024-07-31T15:35:22.284+0900] {process_utils.py:191} INFO -   Getting requirements to build wheel: finished with status 'done'
[2024-07-31T15:35:22.285+0900] {process_utils.py:191} INFO -   Preparing metadata (pyproject.toml): started
[2024-07-31T15:35:22.418+0900] {process_utils.py:191} INFO -   Preparing metadata (pyproject.toml): finished with status 'done'
[2024-07-31T15:35:22.488+0900] {process_utils.py:191} INFO - Collecting requests>=2.32.3 (from mov==0.1.0->-r /var/folders/qv/0knwm5h50ml0skpppwpbks_r0000gp/T/venv1b25zhnz/requirements.txt (line 1))
[2024-07-31T15:35:22.489+0900] {process_utils.py:191} INFO -   Using cached requests-2.32.3-py3-none-any.whl.metadata (4.6 kB)
[2024-07-31T15:35:22.555+0900] {process_utils.py:191} INFO - Collecting pandas>=2.2.2 (from mov==0.1.0->-r /var/folders/qv/0knwm5h50ml0skpppwpbks_r0000gp/T/venv1b25zhnz/requirements.txt (line 1))
[2024-07-31T15:35:22.556+0900] {process_utils.py:191} INFO -   Using cached pandas-2.2.2-cp311-cp311-macosx_11_0_arm64.whl.metadata (19 kB)
[2024-07-31T15:35:22.654+0900] {process_utils.py:191} INFO - Collecting numpy>=2.0.1 (from mov==0.1.0->-r /var/folders/qv/0knwm5h50ml0skpppwpbks_r0000gp/T/venv1b25zhnz/requirements.txt (line 1))
[2024-07-31T15:35:22.655+0900] {process_utils.py:191} INFO -   Using cached numpy-2.0.1-cp311-cp311-macosx_14_0_arm64.whl.metadata (60 kB)
[2024-07-31T15:35:22.703+0900] {process_utils.py:191} INFO - Collecting pyarrow>=17.0.0 (from mov==0.1.0->-r /var/folders/qv/0knwm5h50ml0skpppwpbks_r0000gp/T/venv1b25zhnz/requirements.txt (line 1))
[2024-07-31T15:35:22.704+0900] {process_utils.py:191} INFO -   Using cached pyarrow-17.0.0-cp311-cp311-macosx_11_0_arm64.whl.metadata (3.3 kB)
[2024-07-31T15:35:22.724+0900] {process_utils.py:191} INFO - Collecting python-dateutil>=2.8.2 (from pandas>=2.2.2->mov==0.1.0->-r /var/folders/qv/0knwm5h50ml0skpppwpbks_r0000gp/T/venv1b25zhnz/requirements.txt (line 1))
[2024-07-31T15:35:22.725+0900] {process_utils.py:191} INFO -   Using cached python_dateutil-2.9.0.post0-py2.py3-none-any.whl.metadata (8.4 kB)
[2024-07-31T15:35:22.753+0900] {process_utils.py:191} INFO - Collecting pytz>=2020.1 (from pandas>=2.2.2->mov==0.1.0->-r /var/folders/qv/0knwm5h50ml0skpppwpbks_r0000gp/T/venv1b25zhnz/requirements.txt (line 1))
[2024-07-31T15:35:22.754+0900] {process_utils.py:191} INFO -   Using cached pytz-2024.1-py2.py3-none-any.whl.metadata (22 kB)
[2024-07-31T15:35:22.772+0900] {process_utils.py:191} INFO - Collecting tzdata>=2022.7 (from pandas>=2.2.2->mov==0.1.0->-r /var/folders/qv/0knwm5h50ml0skpppwpbks_r0000gp/T/venv1b25zhnz/requirements.txt (line 1))
[2024-07-31T15:35:22.773+0900] {process_utils.py:191} INFO -   Using cached tzdata-2024.1-py2.py3-none-any.whl.metadata (1.4 kB)
[2024-07-31T15:35:22.816+0900] {process_utils.py:191} INFO - Collecting charset-normalizer<4,>=2 (from requests>=2.32.3->mov==0.1.0->-r /var/folders/qv/0knwm5h50ml0skpppwpbks_r0000gp/T/venv1b25zhnz/requirements.txt (line 1))
[2024-07-31T15:35:22.817+0900] {process_utils.py:191} INFO -   Using cached charset_normalizer-3.3.2-cp311-cp311-macosx_11_0_arm64.whl.metadata (33 kB)
[2024-07-31T15:35:22.830+0900] {process_utils.py:191} INFO - Collecting idna<4,>=2.5 (from requests>=2.32.3->mov==0.1.0->-r /var/folders/qv/0knwm5h50ml0skpppwpbks_r0000gp/T/venv1b25zhnz/requirements.txt (line 1))
[2024-07-31T15:35:22.831+0900] {process_utils.py:191} INFO -   Using cached idna-3.7-py3-none-any.whl.metadata (9.9 kB)
[2024-07-31T15:35:22.856+0900] {process_utils.py:191} INFO - Collecting urllib3<3,>=1.21.1 (from requests>=2.32.3->mov==0.1.0->-r /var/folders/qv/0knwm5h50ml0skpppwpbks_r0000gp/T/venv1b25zhnz/requirements.txt (line 1))
[2024-07-31T15:35:22.857+0900] {process_utils.py:191} INFO -   Using cached urllib3-2.2.2-py3-none-any.whl.metadata (6.4 kB)
[2024-07-31T15:35:22.875+0900] {process_utils.py:191} INFO - Collecting certifi>=2017.4.17 (from requests>=2.32.3->mov==0.1.0->-r /var/folders/qv/0knwm5h50ml0skpppwpbks_r0000gp/T/venv1b25zhnz/requirements.txt (line 1))
[2024-07-31T15:35:22.876+0900] {process_utils.py:191} INFO -   Using cached certifi-2024.7.4-py3-none-any.whl.metadata (2.2 kB)
[2024-07-31T15:35:22.902+0900] {process_utils.py:191} INFO - Collecting six>=1.5 (from python-dateutil>=2.8.2->pandas>=2.2.2->mov==0.1.0->-r /var/folders/qv/0knwm5h50ml0skpppwpbks_r0000gp/T/venv1b25zhnz/requirements.txt (line 1))
[2024-07-31T15:35:22.903+0900] {process_utils.py:191} INFO -   Using cached six-1.16.0-py2.py3-none-any.whl.metadata (1.8 kB)
[2024-07-31T15:35:22.906+0900] {process_utils.py:191} INFO - Using cached numpy-2.0.1-cp311-cp311-macosx_14_0_arm64.whl (5.3 MB)
[2024-07-31T15:35:22.912+0900] {process_utils.py:191} INFO - Using cached pandas-2.2.2-cp311-cp311-macosx_11_0_arm64.whl (11.3 MB)
[2024-07-31T15:35:22.924+0900] {process_utils.py:191} INFO - Using cached pyarrow-17.0.0-cp311-cp311-macosx_11_0_arm64.whl (27.2 MB)
[2024-07-31T15:35:22.950+0900] {process_utils.py:191} INFO - Using cached requests-2.32.3-py3-none-any.whl (64 kB)
[2024-07-31T15:35:22.951+0900] {process_utils.py:191} INFO - Using cached certifi-2024.7.4-py3-none-any.whl (162 kB)
[2024-07-31T15:35:22.952+0900] {process_utils.py:191} INFO - Using cached charset_normalizer-3.3.2-cp311-cp311-macosx_11_0_arm64.whl (118 kB)
[2024-07-31T15:35:22.953+0900] {process_utils.py:191} INFO - Using cached idna-3.7-py3-none-any.whl (66 kB)
[2024-07-31T15:35:22.954+0900] {process_utils.py:191} INFO - Using cached python_dateutil-2.9.0.post0-py2.py3-none-any.whl (229 kB)
[2024-07-31T15:35:22.955+0900] {process_utils.py:191} INFO - Using cached pytz-2024.1-py2.py3-none-any.whl (505 kB)
[2024-07-31T15:35:22.956+0900] {process_utils.py:191} INFO - Using cached tzdata-2024.1-py2.py3-none-any.whl (345 kB)
[2024-07-31T15:35:22.957+0900] {process_utils.py:191} INFO - Using cached urllib3-2.2.2-py3-none-any.whl (121 kB)
[2024-07-31T15:35:22.958+0900] {process_utils.py:191} INFO - Using cached six-1.16.0-py2.py3-none-any.whl (11 kB)
[2024-07-31T15:35:23.000+0900] {process_utils.py:191} INFO - Building wheels for collected packages: mov
[2024-07-31T15:35:23.013+0900] {process_utils.py:191} INFO -   Building wheel for mov (pyproject.toml): started
[2024-07-31T15:35:23.158+0900] {process_utils.py:191} INFO -   Building wheel for mov (pyproject.toml): finished with status 'done'
[2024-07-31T15:35:23.158+0900] {process_utils.py:191} INFO -   Created wheel for mov: filename=mov-0.1.0-py3-none-any.whl size=3035 sha256=07128ac0e67d67c9c82d267bb7dea0ea22dd81a46004572fe4df87dd4a665dfa
[2024-07-31T15:35:23.159+0900] {process_utils.py:191} INFO -   Stored in directory: /private/var/folders/qv/0knwm5h50ml0skpppwpbks_r0000gp/T/pip-ephem-wheel-cache-wfc8y95t/wheels/cf/ab/a7/d0c528d20fa8a5f19e169bdf1d98f2b2cefe79d8527bb89200
[2024-07-31T15:35:23.160+0900] {process_utils.py:191} INFO - Successfully built mov
[2024-07-31T15:35:23.187+0900] {process_utils.py:191} INFO - Installing collected packages: pytz, urllib3, tzdata, six, numpy, idna, charset-normalizer, certifi, requests, python-dateutil, pyarrow, pandas, mov
[2024-07-31T15:35:27.814+0900] {process_utils.py:191} INFO - Successfully installed certifi-2024.7.4 charset-normalizer-3.3.2 idna-3.7 mov-0.1.0 numpy-2.0.1 pandas-2.2.2 pyarrow-17.0.0 python-dateutil-2.9.0.post0 pytz-2024.1 requests-2.32.3 six-1.16.0 tzdata-2024.1 urllib3-2.2.2
[2024-07-31T15:35:27.818+0900] {process_utils.py:191} INFO - 
[2024-07-31T15:35:27.818+0900] {process_utils.py:191} INFO - [notice] A new release of pip is available: 24.1.2 -> 24.2
[2024-07-31T15:35:27.819+0900] {process_utils.py:191} INFO - [notice] To update, run: python -m pip install --upgrade pip
[2024-07-31T15:35:27.993+0900] {logging_mixin.py:188} WARNING - /Users/DE32/.pyenv/versions/3.11.9/envs/note/lib/python3.11/site-packages/airflow/utils/context.py:212 AirflowContextDeprecationWarning: Accessing 'next_ds' from the template is deprecated and will be removed in a future version. Please use '{{ data_interval_end | ds }}' instead.
[2024-07-31T15:35:27.993+0900] {logging_mixin.py:188} WARNING - /Users/DE32/.pyenv/versions/3.11.9/envs/note/lib/python3.11/site-packages/airflow/utils/context.py:212 AirflowContextDeprecationWarning: Accessing 'next_ds_nodash' from the template is deprecated and will be removed in a future version. Please use '{{ data_interval_end | ds_nodash }}' instead.
[2024-07-31T15:35:27.994+0900] {logging_mixin.py:188} WARNING - /Users/DE32/.pyenv/versions/3.11.9/envs/note/lib/python3.11/site-packages/airflow/utils/context.py:212 AirflowContextDeprecationWarning: Accessing 'prev_ds' from the template is deprecated and will be removed in a future version.
[2024-07-31T15:35:27.994+0900] {logging_mixin.py:188} WARNING - /Users/DE32/.pyenv/versions/3.11.9/envs/note/lib/python3.11/site-packages/airflow/utils/context.py:212 AirflowContextDeprecationWarning: Accessing 'prev_ds_nodash' from the template is deprecated and will be removed in a future version.
[2024-07-31T15:35:27.994+0900] {logging_mixin.py:188} WARNING - /Users/DE32/.pyenv/versions/3.11.9/envs/note/lib/python3.11/site-packages/airflow/utils/context.py:212 AirflowContextDeprecationWarning: Accessing 'tomorrow_ds' from the template is deprecated and will be removed in a future version.
[2024-07-31T15:35:27.995+0900] {logging_mixin.py:188} WARNING - /Users/DE32/.pyenv/versions/3.11.9/envs/note/lib/python3.11/site-packages/airflow/utils/context.py:212 AirflowContextDeprecationWarning: Accessing 'tomorrow_ds_nodash' from the template is deprecated and will be removed in a future version.
[2024-07-31T15:35:27.995+0900] {logging_mixin.py:188} WARNING - /Users/DE32/.pyenv/versions/3.11.9/envs/note/lib/python3.11/site-packages/airflow/utils/context.py:212 AirflowContextDeprecationWarning: Accessing 'yesterday_ds' from the template is deprecated and will be removed in a future version.
[2024-07-31T15:35:27.995+0900] {logging_mixin.py:188} WARNING - /Users/DE32/.pyenv/versions/3.11.9/envs/note/lib/python3.11/site-packages/airflow/utils/context.py:212 AirflowContextDeprecationWarning: Accessing 'yesterday_ds_nodash' from the template is deprecated and will be removed in a future version.
[2024-07-31T15:35:28.000+0900] {process_utils.py:183} INFO - Executing cmd: /var/folders/qv/0knwm5h50ml0skpppwpbks_r0000gp/T/venv1b25zhnz/bin/python /var/folders/qv/0knwm5h50ml0skpppwpbks_r0000gp/T/venv-callbydn1poi/script.py /var/folders/qv/0knwm5h50ml0skpppwpbks_r0000gp/T/venv-callbydn1poi/script.in /var/folders/qv/0knwm5h50ml0skpppwpbks_r0000gp/T/venv-callbydn1poi/script.out /var/folders/qv/0knwm5h50ml0skpppwpbks_r0000gp/T/venv-callbydn1poi/string_args.txt /var/folders/qv/0knwm5h50ml0skpppwpbks_r0000gp/T/venv-callbydn1poi/termination.log
[2024-07-31T15:35:28.002+0900] {process_utils.py:187} INFO - Output:
[2024-07-31T15:35:28.015+0900] {process_utils.py:191} INFO - {}
[2024-07-31T15:35:28.015+0900] {process_utils.py:191} INFO - params안에 값이 없음
[2024-07-31T15:35:28.416+0900] {taskinstance.py:441} INFO - ::group::Post task execution logs
[2024-07-31T15:35:28.417+0900] {taskinstance.py:2905} ERROR - Task failed with exception
Traceback (most recent call last):
  File "/Users/DE32/.pyenv/versions/3.11.9/envs/note/lib/python3.11/site-packages/airflow/models/taskinstance.py", line 465, in _execute_task
    result = _execute_callable(context=context, **execute_callable_kwargs)
             ^^^^^^^^^^^^^^^^^^^^^^^^^^^^^^^^^^^^^^^^^^^^^^^^^^^^^^^^^^^^^
  File "/Users/DE32/.pyenv/versions/3.11.9/envs/note/lib/python3.11/site-packages/airflow/models/taskinstance.py", line 432, in _execute_callable
    return execute_callable(context=context, **execute_callable_kwargs)
           ^^^^^^^^^^^^^^^^^^^^^^^^^^^^^^^^^^^^^^^^^^^^^^^^^^^^^^^^^^^^
  File "/Users/DE32/.pyenv/versions/3.11.9/envs/note/lib/python3.11/site-packages/airflow/models/baseoperator.py", line 401, in wrapper
    return func(self, *args, **kwargs)
           ^^^^^^^^^^^^^^^^^^^^^^^^^^^
  File "/Users/DE32/.pyenv/versions/3.11.9/envs/note/lib/python3.11/site-packages/airflow/operators/python.py", line 437, in execute
    return super().execute(context=serializable_context)
           ^^^^^^^^^^^^^^^^^^^^^^^^^^^^^^^^^^^^^^^^^^^^^
  File "/Users/DE32/.pyenv/versions/3.11.9/envs/note/lib/python3.11/site-packages/airflow/models/baseoperator.py", line 401, in wrapper
    return func(self, *args, **kwargs)
           ^^^^^^^^^^^^^^^^^^^^^^^^^^^
  File "/Users/DE32/.pyenv/versions/3.11.9/envs/note/lib/python3.11/site-packages/airflow/operators/python.py", line 235, in execute
    return_value = self.execute_callable()
                   ^^^^^^^^^^^^^^^^^^^^^^^
  File "/Users/DE32/.pyenv/versions/3.11.9/envs/note/lib/python3.11/site-packages/airflow/operators/python.py", line 759, in execute_callable
    result = self._execute_python_callable_in_subprocess(python_path)
             ^^^^^^^^^^^^^^^^^^^^^^^^^^^^^^^^^^^^^^^^^^^^^^^^^^^^^^^^
  File "/Users/DE32/.pyenv/versions/3.11.9/envs/note/lib/python3.11/site-packages/airflow/operators/python.py", line 521, in _execute_python_callable_in_subprocess
    return self._read_result(output_path)
           ^^^^^^^^^^^^^^^^^^^^^^^^^^^^^^
  File "/Users/DE32/.pyenv/versions/3.11.9/envs/note/lib/python3.11/site-packages/airflow/operators/python.py", line 451, in _read_result
    if path.stat().st_size == 0:
       ^^^^^^^^^^^
  File "/Users/DE32/.pyenv/versions/3.11.9/lib/python3.11/pathlib.py", line 1013, in stat
    return os.stat(self, follow_symlinks=follow_symlinks)
           ^^^^^^^^^^^^^^^^^^^^^^^^^^^^^^^^^^^^^^^^^^^^^^
FileNotFoundError: [Errno 2] No such file or directory: '/var/folders/qv/0knwm5h50ml0skpppwpbks_r0000gp/T/venv-callbydn1poi/script.out'
[2024-07-31T15:35:28.426+0900] {taskinstance.py:1206} INFO - Marking task as FAILED. dag_id=movie, task_id=nation.k, run_id=scheduled__2024-07-30T02:10:00+00:00, execution_date=20240730T021000, start_date=20240731T063517, end_date=20240731T063528
[2024-07-31T15:35:28.430+0900] {standard_task_runner.py:110} ERROR - Failed to execute job 790 for task nation.k ([Errno 2] No such file or directory: '/var/folders/qv/0knwm5h50ml0skpppwpbks_r0000gp/T/venv-callbydn1poi/script.out'; 17320)
[2024-07-31T15:35:28.459+0900] {local_task_job_runner.py:243} INFO - Task exited with return code 1
[2024-07-31T15:35:28.465+0900] {taskinstance.py:3503} INFO - 0 downstream tasks scheduled from follow-on schedule check
[2024-07-31T15:35:28.465+0900] {local_task_job_runner.py:222} INFO - ::endgroup::
[2024-07-31T19:57:09.451+0900] {local_task_job_runner.py:120} INFO - ::group::Pre task execution logs
[2024-07-31T19:57:09.466+0900] {taskinstance.py:2076} INFO - Dependencies all met for dep_context=non-requeueable deps ti=<TaskInstance: movie.nation.k scheduled__2024-07-30T02:10:00+00:00 [queued]>
[2024-07-31T19:57:09.469+0900] {taskinstance.py:2076} INFO - Dependencies all met for dep_context=requeueable deps ti=<TaskInstance: movie.nation.k scheduled__2024-07-30T02:10:00+00:00 [queued]>
[2024-07-31T19:57:09.469+0900] {taskinstance.py:2306} INFO - Starting attempt 8 of 9
[2024-07-31T19:57:09.477+0900] {taskinstance.py:2330} INFO - Executing <Task(PythonVirtualenvOperator): nation.k> on 2024-07-30 02:10:00+00:00
[2024-07-31T19:57:09.480+0900] {standard_task_runner.py:64} INFO - Started process 33674 to run task
[2024-07-31T19:57:09.482+0900] {standard_task_runner.py:90} INFO - Running: ['airflow', 'tasks', 'run', 'movie', 'nation.k', 'scheduled__2024-07-30T02:10:00+00:00', '--job-id', '996', '--raw', '--subdir', 'DAGS_FOLDER/movie.py', '--cfg-path', '/var/folders/qv/0knwm5h50ml0skpppwpbks_r0000gp/T/tmpyiuqjkhr']
[2024-07-31T19:57:09.484+0900] {standard_task_runner.py:91} INFO - Job 996: Subtask nation.k
[2024-07-31T19:57:09.499+0900] {task_command.py:426} INFO - Running <TaskInstance: movie.nation.k scheduled__2024-07-30T02:10:00+00:00 [running]> on host jeongui-MacBookPro.local
[2024-07-31T19:57:09.529+0900] {taskinstance.py:2648} INFO - Exporting env vars: AIRFLOW_CTX_DAG_OWNER='airflow' AIRFLOW_CTX_DAG_ID='movie' AIRFLOW_CTX_TASK_ID='nation.k' AIRFLOW_CTX_EXECUTION_DATE='2024-07-30T02:10:00+00:00' AIRFLOW_CTX_TRY_NUMBER='8' AIRFLOW_CTX_DAG_RUN_ID='scheduled__2024-07-30T02:10:00+00:00'
[2024-07-31T19:57:09.530+0900] {taskinstance.py:430} INFO - ::endgroup::
[2024-07-31T19:57:09.537+0900] {baseoperator.py:400} WARNING - PythonVirtualenvOperator.execute cannot be called outside TaskInstance!
[2024-07-31T19:57:09.538+0900] {process_utils.py:183} INFO - Executing cmd: /Users/DE32/.pyenv/versions/3.11.9/envs/note/bin/python -m virtualenv /var/folders/qv/0knwm5h50ml0skpppwpbks_r0000gp/T/venvcksy1swo --python=python
[2024-07-31T19:57:09.540+0900] {process_utils.py:187} INFO - Output:
[2024-07-31T19:57:09.793+0900] {process_utils.py:191} INFO - created virtual environment CPython3.11.9.final.0-64 in 178ms
[2024-07-31T19:57:09.794+0900] {process_utils.py:191} INFO -   creator CPython3Posix(dest=/private/var/folders/qv/0knwm5h50ml0skpppwpbks_r0000gp/T/venvcksy1swo, clear=False, no_vcs_ignore=False, global=False)
[2024-07-31T19:57:09.794+0900] {process_utils.py:191} INFO -   seeder FromAppData(download=False, pip=bundle, setuptools=bundle, wheel=bundle, via=copy, app_data_dir=/Users/DE32/Library/Application Support/virtualenv)
[2024-07-31T19:57:09.794+0900] {process_utils.py:191} INFO -     added seed packages: pip==24.1.2, setuptools==70.2.0, wheel==0.43.0
[2024-07-31T19:57:09.794+0900] {process_utils.py:191} INFO -   activators BashActivator,CShellActivator,FishActivator,NushellActivator,PowerShellActivator,PythonActivator
[2024-07-31T19:57:09.806+0900] {process_utils.py:183} INFO - Executing cmd: /var/folders/qv/0knwm5h50ml0skpppwpbks_r0000gp/T/venvcksy1swo/bin/pip install -r /var/folders/qv/0knwm5h50ml0skpppwpbks_r0000gp/T/venvcksy1swo/requirements.txt
[2024-07-31T19:57:09.808+0900] {process_utils.py:187} INFO - Output:
[2024-07-31T19:57:10.543+0900] {process_utils.py:191} INFO - Collecting git+https://github.com/Jeonghoon2/movie.git@0.2/api (from -r /var/folders/qv/0knwm5h50ml0skpppwpbks_r0000gp/T/venvcksy1swo/requirements.txt (line 1))
[2024-07-31T19:57:10.544+0900] {process_utils.py:191} INFO -   Cloning https://github.com/Jeonghoon2/movie.git (to revision 0.2/api) to /private/var/folders/qv/0knwm5h50ml0skpppwpbks_r0000gp/T/pip-req-build-z0qnrydh
[2024-07-31T19:57:10.558+0900] {process_utils.py:191} INFO -   Running command git clone --filter=blob:none --quiet https://github.com/Jeonghoon2/movie.git /private/var/folders/qv/0knwm5h50ml0skpppwpbks_r0000gp/T/pip-req-build-z0qnrydh
[2024-07-31T19:57:12.233+0900] {process_utils.py:191} INFO -   Running command git checkout -b 0.2/api --track origin/0.2/api
[2024-07-31T19:57:12.816+0900] {process_utils.py:191} INFO -   Switched to a new branch '0.2/api'
[2024-07-31T19:57:12.817+0900] {process_utils.py:191} INFO -   branch '0.2/api' set up to track 'origin/0.2/api'.
[2024-07-31T19:57:12.817+0900] {process_utils.py:191} INFO -   Resolved https://github.com/Jeonghoon2/movie.git to commit c2fdd392ce95b386519b05b3bab786608cdb1c58
[2024-07-31T19:57:12.838+0900] {process_utils.py:191} INFO -   Installing build dependencies: started
[2024-07-31T19:57:13.747+0900] {process_utils.py:191} INFO -   Installing build dependencies: finished with status 'done'
[2024-07-31T19:57:13.748+0900] {process_utils.py:191} INFO -   Getting requirements to build wheel: started
[2024-07-31T19:57:13.872+0900] {process_utils.py:191} INFO -   Getting requirements to build wheel: finished with status 'done'
[2024-07-31T19:57:13.873+0900] {process_utils.py:191} INFO -   Preparing metadata (pyproject.toml): started
[2024-07-31T19:57:14.005+0900] {process_utils.py:191} INFO -   Preparing metadata (pyproject.toml): finished with status 'done'
[2024-07-31T19:57:14.068+0900] {process_utils.py:191} INFO - Collecting requests>=2.32.3 (from mov==0.1.0->-r /var/folders/qv/0knwm5h50ml0skpppwpbks_r0000gp/T/venvcksy1swo/requirements.txt (line 1))
[2024-07-31T19:57:14.069+0900] {process_utils.py:191} INFO -   Using cached requests-2.32.3-py3-none-any.whl.metadata (4.6 kB)
[2024-07-31T19:57:14.191+0900] {process_utils.py:191} INFO - Collecting pandas>=2.2.2 (from mov==0.1.0->-r /var/folders/qv/0knwm5h50ml0skpppwpbks_r0000gp/T/venvcksy1swo/requirements.txt (line 1))
[2024-07-31T19:57:14.192+0900] {process_utils.py:191} INFO -   Using cached pandas-2.2.2-cp311-cp311-macosx_11_0_arm64.whl.metadata (19 kB)
[2024-07-31T19:57:14.308+0900] {process_utils.py:191} INFO - Collecting numpy>=2.0.1 (from mov==0.1.0->-r /var/folders/qv/0knwm5h50ml0skpppwpbks_r0000gp/T/venvcksy1swo/requirements.txt (line 1))
[2024-07-31T19:57:14.310+0900] {process_utils.py:191} INFO -   Using cached numpy-2.0.1-cp311-cp311-macosx_14_0_arm64.whl.metadata (60 kB)
[2024-07-31T19:57:14.362+0900] {process_utils.py:191} INFO - Collecting pyarrow>=17.0.0 (from mov==0.1.0->-r /var/folders/qv/0knwm5h50ml0skpppwpbks_r0000gp/T/venvcksy1swo/requirements.txt (line 1))
[2024-07-31T19:57:14.363+0900] {process_utils.py:191} INFO -   Using cached pyarrow-17.0.0-cp311-cp311-macosx_11_0_arm64.whl.metadata (3.3 kB)
[2024-07-31T19:57:14.383+0900] {process_utils.py:191} INFO - Collecting python-dateutil>=2.8.2 (from pandas>=2.2.2->mov==0.1.0->-r /var/folders/qv/0knwm5h50ml0skpppwpbks_r0000gp/T/venvcksy1swo/requirements.txt (line 1))
[2024-07-31T19:57:14.384+0900] {process_utils.py:191} INFO -   Using cached python_dateutil-2.9.0.post0-py2.py3-none-any.whl.metadata (8.4 kB)
[2024-07-31T19:57:14.413+0900] {process_utils.py:191} INFO - Collecting pytz>=2020.1 (from pandas>=2.2.2->mov==0.1.0->-r /var/folders/qv/0knwm5h50ml0skpppwpbks_r0000gp/T/venvcksy1swo/requirements.txt (line 1))
[2024-07-31T19:57:14.414+0900] {process_utils.py:191} INFO -   Using cached pytz-2024.1-py2.py3-none-any.whl.metadata (22 kB)
[2024-07-31T19:57:14.429+0900] {process_utils.py:191} INFO - Collecting tzdata>=2022.7 (from pandas>=2.2.2->mov==0.1.0->-r /var/folders/qv/0knwm5h50ml0skpppwpbks_r0000gp/T/venvcksy1swo/requirements.txt (line 1))
[2024-07-31T19:57:14.430+0900] {process_utils.py:191} INFO -   Using cached tzdata-2024.1-py2.py3-none-any.whl.metadata (1.4 kB)
[2024-07-31T19:57:14.473+0900] {process_utils.py:191} INFO - Collecting charset-normalizer<4,>=2 (from requests>=2.32.3->mov==0.1.0->-r /var/folders/qv/0knwm5h50ml0skpppwpbks_r0000gp/T/venvcksy1swo/requirements.txt (line 1))
[2024-07-31T19:57:14.474+0900] {process_utils.py:191} INFO -   Using cached charset_normalizer-3.3.2-cp311-cp311-macosx_11_0_arm64.whl.metadata (33 kB)
[2024-07-31T19:57:14.489+0900] {process_utils.py:191} INFO - Collecting idna<4,>=2.5 (from requests>=2.32.3->mov==0.1.0->-r /var/folders/qv/0knwm5h50ml0skpppwpbks_r0000gp/T/venvcksy1swo/requirements.txt (line 1))
[2024-07-31T19:57:14.489+0900] {process_utils.py:191} INFO -   Using cached idna-3.7-py3-none-any.whl.metadata (9.9 kB)
[2024-07-31T19:57:14.517+0900] {process_utils.py:191} INFO - Collecting urllib3<3,>=1.21.1 (from requests>=2.32.3->mov==0.1.0->-r /var/folders/qv/0knwm5h50ml0skpppwpbks_r0000gp/T/venvcksy1swo/requirements.txt (line 1))
[2024-07-31T19:57:14.518+0900] {process_utils.py:191} INFO -   Using cached urllib3-2.2.2-py3-none-any.whl.metadata (6.4 kB)
[2024-07-31T19:57:14.536+0900] {process_utils.py:191} INFO - Collecting certifi>=2017.4.17 (from requests>=2.32.3->mov==0.1.0->-r /var/folders/qv/0knwm5h50ml0skpppwpbks_r0000gp/T/venvcksy1swo/requirements.txt (line 1))
[2024-07-31T19:57:14.537+0900] {process_utils.py:191} INFO -   Using cached certifi-2024.7.4-py3-none-any.whl.metadata (2.2 kB)
[2024-07-31T19:57:14.562+0900] {process_utils.py:191} INFO - Collecting six>=1.5 (from python-dateutil>=2.8.2->pandas>=2.2.2->mov==0.1.0->-r /var/folders/qv/0knwm5h50ml0skpppwpbks_r0000gp/T/venvcksy1swo/requirements.txt (line 1))
[2024-07-31T19:57:14.564+0900] {process_utils.py:191} INFO -   Using cached six-1.16.0-py2.py3-none-any.whl.metadata (1.8 kB)
[2024-07-31T19:57:14.567+0900] {process_utils.py:191} INFO - Using cached numpy-2.0.1-cp311-cp311-macosx_14_0_arm64.whl (5.3 MB)
[2024-07-31T19:57:14.576+0900] {process_utils.py:191} INFO - Using cached pandas-2.2.2-cp311-cp311-macosx_11_0_arm64.whl (11.3 MB)
[2024-07-31T19:57:14.596+0900] {process_utils.py:191} INFO - Using cached pyarrow-17.0.0-cp311-cp311-macosx_11_0_arm64.whl (27.2 MB)
[2024-07-31T19:57:14.635+0900] {process_utils.py:191} INFO - Using cached requests-2.32.3-py3-none-any.whl (64 kB)
[2024-07-31T19:57:14.638+0900] {process_utils.py:191} INFO - Using cached certifi-2024.7.4-py3-none-any.whl (162 kB)
[2024-07-31T19:57:14.641+0900] {process_utils.py:191} INFO - Using cached charset_normalizer-3.3.2-cp311-cp311-macosx_11_0_arm64.whl (118 kB)
[2024-07-31T19:57:14.643+0900] {process_utils.py:191} INFO - Using cached idna-3.7-py3-none-any.whl (66 kB)
[2024-07-31T19:57:14.645+0900] {process_utils.py:191} INFO - Using cached python_dateutil-2.9.0.post0-py2.py3-none-any.whl (229 kB)
[2024-07-31T19:57:14.647+0900] {process_utils.py:191} INFO - Using cached pytz-2024.1-py2.py3-none-any.whl (505 kB)
[2024-07-31T19:57:14.649+0900] {process_utils.py:191} INFO - Using cached tzdata-2024.1-py2.py3-none-any.whl (345 kB)
[2024-07-31T19:57:14.651+0900] {process_utils.py:191} INFO - Using cached urllib3-2.2.2-py3-none-any.whl (121 kB)
[2024-07-31T19:57:14.653+0900] {process_utils.py:191} INFO - Using cached six-1.16.0-py2.py3-none-any.whl (11 kB)
[2024-07-31T19:57:14.699+0900] {process_utils.py:191} INFO - Building wheels for collected packages: mov
[2024-07-31T19:57:14.712+0900] {process_utils.py:191} INFO -   Building wheel for mov (pyproject.toml): started
[2024-07-31T19:57:14.848+0900] {process_utils.py:191} INFO -   Building wheel for mov (pyproject.toml): finished with status 'done'
[2024-07-31T19:57:14.848+0900] {process_utils.py:191} INFO -   Created wheel for mov: filename=mov-0.1.0-py3-none-any.whl size=3056 sha256=a38d5098e2f60d390af372e3bafd37be42cd8bca394243e8585e497e5efe992b
[2024-07-31T19:57:14.849+0900] {process_utils.py:191} INFO -   Stored in directory: /private/var/folders/qv/0knwm5h50ml0skpppwpbks_r0000gp/T/pip-ephem-wheel-cache-593sxngu/wheels/cf/ab/a7/d0c528d20fa8a5f19e169bdf1d98f2b2cefe79d8527bb89200
[2024-07-31T19:57:14.850+0900] {process_utils.py:191} INFO - Successfully built mov
[2024-07-31T19:57:14.878+0900] {process_utils.py:191} INFO - Installing collected packages: pytz, urllib3, tzdata, six, numpy, idna, charset-normalizer, certifi, requests, python-dateutil, pyarrow, pandas, mov
[2024-07-31T19:57:19.393+0900] {process_utils.py:191} INFO - Successfully installed certifi-2024.7.4 charset-normalizer-3.3.2 idna-3.7 mov-0.1.0 numpy-2.0.1 pandas-2.2.2 pyarrow-17.0.0 python-dateutil-2.9.0.post0 pytz-2024.1 requests-2.32.3 six-1.16.0 tzdata-2024.1 urllib3-2.2.2
[2024-07-31T19:57:19.396+0900] {process_utils.py:191} INFO - 
[2024-07-31T19:57:19.396+0900] {process_utils.py:191} INFO - [notice] A new release of pip is available: 24.1.2 -> 24.2
[2024-07-31T19:57:19.396+0900] {process_utils.py:191} INFO - [notice] To update, run: python -m pip install --upgrade pip
[2024-07-31T19:57:19.529+0900] {logging_mixin.py:188} WARNING - /Users/DE32/.pyenv/versions/3.11.9/envs/note/lib/python3.11/site-packages/airflow/utils/context.py:212 AirflowContextDeprecationWarning: Accessing 'next_ds' from the template is deprecated and will be removed in a future version. Please use '{{ data_interval_end | ds }}' instead.
[2024-07-31T19:57:19.530+0900] {logging_mixin.py:188} WARNING - /Users/DE32/.pyenv/versions/3.11.9/envs/note/lib/python3.11/site-packages/airflow/utils/context.py:212 AirflowContextDeprecationWarning: Accessing 'next_ds_nodash' from the template is deprecated and will be removed in a future version. Please use '{{ data_interval_end | ds_nodash }}' instead.
[2024-07-31T19:57:19.530+0900] {logging_mixin.py:188} WARNING - /Users/DE32/.pyenv/versions/3.11.9/envs/note/lib/python3.11/site-packages/airflow/utils/context.py:212 AirflowContextDeprecationWarning: Accessing 'prev_ds' from the template is deprecated and will be removed in a future version.
[2024-07-31T19:57:19.530+0900] {logging_mixin.py:188} WARNING - /Users/DE32/.pyenv/versions/3.11.9/envs/note/lib/python3.11/site-packages/airflow/utils/context.py:212 AirflowContextDeprecationWarning: Accessing 'prev_ds_nodash' from the template is deprecated and will be removed in a future version.
[2024-07-31T19:57:19.531+0900] {logging_mixin.py:188} WARNING - /Users/DE32/.pyenv/versions/3.11.9/envs/note/lib/python3.11/site-packages/airflow/utils/context.py:212 AirflowContextDeprecationWarning: Accessing 'tomorrow_ds' from the template is deprecated and will be removed in a future version.
[2024-07-31T19:57:19.531+0900] {logging_mixin.py:188} WARNING - /Users/DE32/.pyenv/versions/3.11.9/envs/note/lib/python3.11/site-packages/airflow/utils/context.py:212 AirflowContextDeprecationWarning: Accessing 'tomorrow_ds_nodash' from the template is deprecated and will be removed in a future version.
[2024-07-31T19:57:19.531+0900] {logging_mixin.py:188} WARNING - /Users/DE32/.pyenv/versions/3.11.9/envs/note/lib/python3.11/site-packages/airflow/utils/context.py:212 AirflowContextDeprecationWarning: Accessing 'yesterday_ds' from the template is deprecated and will be removed in a future version.
[2024-07-31T19:57:19.532+0900] {logging_mixin.py:188} WARNING - /Users/DE32/.pyenv/versions/3.11.9/envs/note/lib/python3.11/site-packages/airflow/utils/context.py:212 AirflowContextDeprecationWarning: Accessing 'yesterday_ds_nodash' from the template is deprecated and will be removed in a future version.
[2024-07-31T19:57:19.536+0900] {process_utils.py:183} INFO - Executing cmd: /var/folders/qv/0knwm5h50ml0skpppwpbks_r0000gp/T/venvcksy1swo/bin/python /var/folders/qv/0knwm5h50ml0skpppwpbks_r0000gp/T/venv-call9svbelkr/script.py /var/folders/qv/0knwm5h50ml0skpppwpbks_r0000gp/T/venv-call9svbelkr/script.in /var/folders/qv/0knwm5h50ml0skpppwpbks_r0000gp/T/venv-call9svbelkr/script.out /var/folders/qv/0knwm5h50ml0skpppwpbks_r0000gp/T/venv-call9svbelkr/string_args.txt /var/folders/qv/0knwm5h50ml0skpppwpbks_r0000gp/T/venv-call9svbelkr/termination.log
[2024-07-31T19:57:19.538+0900] {process_utils.py:187} INFO - Output:
[2024-07-31T19:57:33.499+0900] {process_utils.py:191} INFO - {'boxOfficeResult': {'boxofficeType': '일별 박스오피스', 'showRange': '20240730~20240730', 'dailyBoxOfficeList': [{'rnum': '1', 'rank': '1', 'rankInten': '0', 'rankOldAndNew': 'OLD', 'movieCd': '20212932', 'movieNm': '탈주', 'openDt': '2024-07-03', 'salesAmt': '382461417', 'salesShare': '61.8', 'salesInten': '2037253', 'salesChange': '0.5', 'salesAcc': '22414550896', 'audiCnt': '41512', 'audiInten': '742', 'audiChange': '1.8', 'audiAcc': '2364336', 'scrnCnt': '900', 'showCnt': '2432'}, {'rnum': '2', 'rank': '2', 'rankInten': '0', 'rankOldAndNew': 'OLD', 'movieCd': '20208245', 'movieNm': '핸섬가이즈', 'openDt': '2024-06-26', 'salesAmt': '124455756', 'salesShare': '20.1', 'salesInten': '1452545', 'salesChange': '1.2', 'salesAcc': '16305397805', 'audiCnt': '13489', 'audiInten': '288', 'audiChange': '2.2', 'audiAcc': '1743907', 'scrnCnt': '586', 'showCnt': '977'}, {'rnum': '3', 'rank': '3', 'rankInten': '0', 'rankOldAndNew': 'OLD', 'movieCd': '20208911', 'movieNm': '탈출: 프로젝트 사일런스', 'openDt': '2024-07-12', 'salesAmt': '48268256', 'salesShare': '7.8', 'salesInten': '2840754', 'salesChange': '6.3', 'salesAcc': '6647518989', 'audiCnt': '5095', 'audiInten': '458', 'audiChange': '9.9', 'audiAcc': '681791', 'scrnCnt': '334', 'showCnt': '476'}, {'rnum': '4', 'rank': '4', 'rankInten': '1', 'rankOldAndNew': 'OLD', 'movieCd': '20248465', 'movieNm': '하이재킹', 'openDt': '2024-06-21', 'salesAmt': '14739340', 'salesShare': '2.4', 'salesInten': '616872', 'salesChange': '4.4', 'salesAcc': '16822849452', 'audiCnt': '1679', 'audiInten': '114', 'audiChange': '7.3', 'audiAcc': '1771095', 'scrnCnt': '129', 'showCnt': '160'}, {'rnum': '5', 'rank': '5', 'rankInten': '1', 'rankOldAndNew': 'OLD', 'movieCd': '20241984', 'movieNm': '2023 영탁 단독 콘서트 : 탁쇼2', 'openDt': '2024-07-18', 'salesAmt': '18019500', 'salesShare': '2.9', 'salesInten': '151500', 'salesChange': '0.8', 'salesAcc': '776861000', 'audiCnt': '721', 'audiInten': '6', 'audiChange': '0.8', 'audiAcc': '31082', 'scrnCnt': '47', 'showCnt': '54'}, {'rnum': '6', 'rank': '6', 'rankInten': '2', 'rankOldAndNew': 'OLD', 'movieCd': '20242349', 'movieNm': '이준호 콘서트 : 다시 만나는 날', 'openDt': '2024-07-24', 'salesAmt': '12173000', 'salesShare': '2.0', 'salesInten': '5774000', 'salesChange': '90.2', 'salesAcc': '178384500', 'audiCnt': '487', 'audiInten': '231', 'audiChange': '90.2', 'audiAcc': '7136', 'scrnCnt': '50', 'showCnt': '65'}, {'rnum': '7', 'rank': '7', 'rankInten': '-3', 'rankOldAndNew': 'OLD', 'movieCd': '20224666', 'movieNm': '파일럿', 'openDt': '2024-07-31', 'salesAmt': '2410000', 'salesShare': '0.4', 'salesInten': '-13375000', 'salesChange': '-84.7', 'salesAcc': '513428434', 'audiCnt': '320', 'audiInten': '-1765', 'audiChange': '-84.7', 'audiAcc': '51531', 'scrnCnt': '2', 'showCnt': '2'}, {'rnum': '8', 'rank': '8', 'rankInten': '0', 'rankOldAndNew': 'NEW', 'movieCd': '20236400', 'movieNm': '조선인 여공의 노래', 'openDt': '2024-08-07', 'salesAmt': '2682000', 'salesShare': '0.4', 'salesInten': '2682000', 'salesChange': '100', 'salesAcc': '2682000', 'audiCnt': '298', 'audiInten': '298', 'audiChange': '100', 'audiAcc': '298', 'scrnCnt': '2', 'showCnt': '2'}, {'rnum': '9', 'rank': '9', 'rankInten': '0', 'rankOldAndNew': 'NEW', 'movieCd': '20231042', 'movieNm': '빅토리', 'openDt': '2024-08-14', 'salesAmt': '2223000', 'salesShare': '0.4', 'salesInten': '2223000', 'salesChange': '100', 'salesAcc': '2223000', 'audiCnt': '247', 'audiInten': '247', 'audiChange': '100', 'audiAcc': '247', 'scrnCnt': '1', 'showCnt': '1'}, {'rnum': '10', 'rank': '10', 'rankInten': '3', 'rankOldAndNew': 'OLD', 'movieCd': '20225866', 'movieNm': '진주의 진주', 'openDt': '2024-07-24', 'salesAmt': '1539300', 'salesShare': '0.2', 'salesInten': '864600', 'salesChange': '128.1', 'salesAcc': '9550500', 'audiCnt': '180', 'audiInten': '108', 'audiChange': '150', 'audiAcc': '1085', 'scrnCnt': '22', 'showCnt': '27'}]}}
[2024-07-31T19:57:33.499+0900] {process_utils.py:191} INFO - partitioning List : ['load_dt', 'repNationCd']
[2024-07-31T19:57:33.500+0900] {process_utils.py:191} INFO -   rnum rank rankInten rankOldAndNew  ... scrnCnt showCnt   load_dt repNationCd
[2024-07-31T19:57:33.500+0900] {process_utils.py:191} INFO - 0    1    1         0           OLD  ...     900    2432  20240730           K
[2024-07-31T19:57:33.501+0900] {process_utils.py:191} INFO - 1    2    2         0           OLD  ...     586     977  20240730           K
[2024-07-31T19:57:33.501+0900] {process_utils.py:191} INFO - 2    3    3         0           OLD  ...     334     476  20240730           K
[2024-07-31T19:57:33.502+0900] {process_utils.py:191} INFO - 3    4    4         1           OLD  ...     129     160  20240730           K
[2024-07-31T19:57:33.502+0900] {process_utils.py:191} INFO - 4    5    5         1           OLD  ...      47      54  20240730           K
[2024-07-31T19:57:33.502+0900] {process_utils.py:191} INFO - 5    6    6         2           OLD  ...      50      65  20240730           K
[2024-07-31T19:57:33.503+0900] {process_utils.py:191} INFO - 6    7    7        -3           OLD  ...       2       2  20240730           K
[2024-07-31T19:57:33.503+0900] {process_utils.py:191} INFO - 7    8    8         0           NEW  ...       2       2  20240730           K
[2024-07-31T19:57:33.504+0900] {process_utils.py:191} INFO - 8    9    9         0           NEW  ...       1       1  20240730           K
[2024-07-31T19:57:33.504+0900] {process_utils.py:191} INFO - 9   10   10         3           OLD  ...      22      27  20240730           K
[2024-07-31T19:57:33.504+0900] {process_utils.py:191} INFO - 
[2024-07-31T19:57:33.504+0900] {process_utils.py:191} INFO - [10 rows x 20 columns]
[2024-07-31T19:57:33.967+0900] {python.py:237} INFO - Done. Returned value was: None
[2024-07-31T19:57:33.968+0900] {taskinstance.py:441} INFO - ::group::Post task execution logs
[2024-07-31T19:57:33.971+0900] {taskinstance.py:1206} INFO - Marking task as SUCCESS. dag_id=movie, task_id=nation.k, run_id=scheduled__2024-07-30T02:10:00+00:00, execution_date=20240730T021000, start_date=20240731T105709, end_date=20240731T105733
[2024-07-31T19:57:34.006+0900] {local_task_job_runner.py:243} INFO - Task exited with return code 0
[2024-07-31T19:57:34.015+0900] {taskinstance.py:3503} INFO - 0 downstream tasks scheduled from follow-on schedule check
[2024-07-31T19:57:34.015+0900] {local_task_job_runner.py:222} INFO - ::endgroup::
