[2024-07-24T16:30:37.059+0900] {local_task_job_runner.py:120} INFO - ::group::Pre task execution logs
[2024-07-24T16:30:37.066+0900] {taskinstance.py:2076} INFO - Dependencies all met for dep_context=non-requeueable deps ti=<TaskInstance: make_parquet.to.parquet scheduled__2024-07-16T04:10:00+00:00 [queued]>
[2024-07-24T16:30:37.068+0900] {taskinstance.py:2076} INFO - Dependencies all met for dep_context=requeueable deps ti=<TaskInstance: make_parquet.to.parquet scheduled__2024-07-16T04:10:00+00:00 [queued]>
[2024-07-24T16:30:37.068+0900] {taskinstance.py:2306} INFO - Starting attempt 1 of 2
[2024-07-24T16:30:37.072+0900] {taskinstance.py:2330} INFO - Executing <Task(BashOperator): to.parquet> on 2024-07-16 04:10:00+00:00
[2024-07-24T16:30:37.075+0900] {standard_task_runner.py:64} INFO - Started process 454 to run task
[2024-07-24T16:30:37.077+0900] {standard_task_runner.py:90} INFO - Running: ['airflow', 'tasks', 'run', 'make_parquet', 'to.parquet', 'scheduled__2024-07-16T04:10:00+00:00', '--job-id', '486', '--raw', '--subdir', 'DAGS_FOLDER/make_parquet.py', '--cfg-path', '/var/folders/qv/0knwm5h50ml0skpppwpbks_r0000gp/T/tmp5atm4t8a']
[2024-07-24T16:30:37.078+0900] {standard_task_runner.py:91} INFO - Job 486: Subtask to.parquet
[2024-07-24T16:30:37.093+0900] {task_command.py:426} INFO - Running <TaskInstance: make_parquet.to.parquet scheduled__2024-07-16T04:10:00+00:00 [running]> on host jeongui-MacBookPro.local
[2024-07-24T16:30:37.121+0900] {taskinstance.py:2648} INFO - Exporting env vars: AIRFLOW_CTX_DAG_OWNER='airflow' AIRFLOW_CTX_DAG_ID='make_parquet' AIRFLOW_CTX_TASK_ID='to.parquet' AIRFLOW_CTX_EXECUTION_DATE='2024-07-16T04:10:00+00:00' AIRFLOW_CTX_TRY_NUMBER='1' AIRFLOW_CTX_DAG_RUN_ID='scheduled__2024-07-16T04:10:00+00:00'
[2024-07-24T16:30:37.121+0900] {taskinstance.py:430} INFO - ::endgroup::
[2024-07-24T16:30:37.127+0900] {subprocess.py:63} INFO - Tmp dir root location: /var/folders/qv/0knwm5h50ml0skpppwpbks_r0000gp/T
[2024-07-24T16:30:37.128+0900] {subprocess.py:75} INFO - Running command: ['/bin/bash', '-c', '\n        echo "to.parquet"\n\n        READ_PATH=~/data/csv/20240716/csv.csv\n        SAVE_PATH=~/data/parquet/20240716/parquet.parquet\n\n        mkdir -p $SAVE_PATH\n\n        python ~/airflow/operator/csv2parquet.py $READ_PATH $SAVE_PATH\n        ']
[2024-07-24T16:30:37.131+0900] {subprocess.py:86} INFO - Output:
[2024-07-24T16:30:37.133+0900] {subprocess.py:93} INFO - to.parquet
[2024-07-24T16:30:37.395+0900] {subprocess.py:97} INFO - Command exited with return code 0
[2024-07-24T16:30:37.395+0900] {taskinstance.py:441} INFO - ::group::Post task execution logs
[2024-07-24T16:30:37.402+0900] {taskinstance.py:1206} INFO - Marking task as SUCCESS. dag_id=make_parquet, task_id=to.parquet, run_id=scheduled__2024-07-16T04:10:00+00:00, execution_date=20240716T041000, start_date=20240724T073037, end_date=20240724T073037
[2024-07-24T16:30:37.449+0900] {local_task_job_runner.py:243} INFO - Task exited with return code 0
[2024-07-24T16:30:37.459+0900] {taskinstance.py:3503} INFO - 1 downstream tasks scheduled from follow-on schedule check
[2024-07-24T16:30:37.459+0900] {local_task_job_runner.py:222} INFO - ::endgroup::
