[2024-07-24T14:37:21.053+0900] {local_task_job_runner.py:120} INFO - ::group::Pre task execution logs
[2024-07-24T14:37:21.060+0900] {taskinstance.py:2076} INFO - Dependencies all met for dep_context=non-requeueable deps ti=<TaskInstance: simple_bash.count.log scheduled__2024-07-18T00:00:00+00:00 [queued]>
[2024-07-24T14:37:21.063+0900] {taskinstance.py:2076} INFO - Dependencies all met for dep_context=requeueable deps ti=<TaskInstance: simple_bash.count.log scheduled__2024-07-18T00:00:00+00:00 [queued]>
[2024-07-24T14:37:21.063+0900] {taskinstance.py:2306} INFO - Starting attempt 2 of 2
[2024-07-24T14:37:21.067+0900] {taskinstance.py:2330} INFO - Executing <Task(BashOperator): count.log> on 2024-07-18 00:00:00+00:00
[2024-07-24T14:37:21.070+0900] {standard_task_runner.py:64} INFO - Started process 92607 to run task
[2024-07-24T14:37:21.072+0900] {standard_task_runner.py:90} INFO - Running: ['airflow', 'tasks', 'run', 'simple_bash', 'count.log', 'scheduled__2024-07-18T00:00:00+00:00', '--job-id', '201', '--raw', '--subdir', 'DAGS_FOLDER/simple_bash.py', '--cfg-path', '/var/folders/qv/0knwm5h50ml0skpppwpbks_r0000gp/T/tmpgwu3108l']
[2024-07-24T14:37:21.073+0900] {standard_task_runner.py:91} INFO - Job 201: Subtask count.log
[2024-07-24T14:37:21.087+0900] {task_command.py:426} INFO - Running <TaskInstance: simple_bash.count.log scheduled__2024-07-18T00:00:00+00:00 [running]> on host jeongui-MacBookPro.local
[2024-07-24T14:37:21.108+0900] {taskinstance.py:2648} INFO - Exporting env vars: AIRFLOW_CTX_DAG_OWNER='airflow' AIRFLOW_CTX_DAG_ID='simple_bash' AIRFLOW_CTX_TASK_ID='count.log' AIRFLOW_CTX_EXECUTION_DATE='2024-07-18T00:00:00+00:00' AIRFLOW_CTX_TRY_NUMBER='2' AIRFLOW_CTX_DAG_RUN_ID='scheduled__2024-07-18T00:00:00+00:00'
[2024-07-24T14:37:21.109+0900] {taskinstance.py:430} INFO - ::endgroup::
[2024-07-24T14:37:21.114+0900] {subprocess.py:63} INFO - Tmp dir root location: /var/folders/qv/0knwm5h50ml0skpppwpbks_r0000gp/T
[2024-07-24T14:37:21.115+0900] {subprocess.py:75} INFO - Running command: ['/bin/bash', '-c', '\n            echo "count"\n\t\t\tLANG=C\n\t\t\tmkdir -p ~/data/count/20240718\n\t\t\tcat ~/data/sort/20240718/sort.log | uniq -c > ~/data/count/20240718/count.log\n        ']
[2024-07-24T14:37:21.117+0900] {subprocess.py:86} INFO - Output:
[2024-07-24T14:37:21.119+0900] {subprocess.py:93} INFO - count
[2024-07-24T14:37:21.122+0900] {subprocess.py:97} INFO - Command exited with return code 0
[2024-07-24T14:37:21.122+0900] {taskinstance.py:441} INFO - ::group::Post task execution logs
[2024-07-24T14:37:21.128+0900] {taskinstance.py:1206} INFO - Marking task as SUCCESS. dag_id=simple_bash, task_id=count.log, run_id=scheduled__2024-07-18T00:00:00+00:00, execution_date=20240718T000000, start_date=20240724T053721, end_date=20240724T053721
[2024-07-24T14:37:21.134+0900] {local_task_job_runner.py:243} INFO - Task exited with return code 0
[2024-07-24T14:37:21.141+0900] {taskinstance.py:3503} INFO - 1 downstream tasks scheduled from follow-on schedule check
[2024-07-24T14:37:21.142+0900] {local_task_job_runner.py:222} INFO - ::endgroup::
