[2024-07-24T14:10:37.650+0900] {local_task_job_runner.py:120} INFO - ::group::Pre task execution logs
[2024-07-24T14:10:37.658+0900] {taskinstance.py:2076} INFO - Dependencies all met for dep_context=non-requeueable deps ti=<TaskInstance: simple_bash.count.log scheduled__2024-07-18T00:00:00+00:00 [queued]>
[2024-07-24T14:10:37.660+0900] {taskinstance.py:2076} INFO - Dependencies all met for dep_context=requeueable deps ti=<TaskInstance: simple_bash.count.log scheduled__2024-07-18T00:00:00+00:00 [queued]>
[2024-07-24T14:10:37.661+0900] {taskinstance.py:2306} INFO - Starting attempt 1 of 2
[2024-07-24T14:10:37.665+0900] {taskinstance.py:2330} INFO - Executing <Task(BashOperator): count.log> on 2024-07-18 00:00:00+00:00
[2024-07-24T14:10:37.667+0900] {standard_task_runner.py:64} INFO - Started process 89753 to run task
[2024-07-24T14:10:37.670+0900] {standard_task_runner.py:90} INFO - Running: ['airflow', 'tasks', 'run', 'simple_bash', 'count.log', 'scheduled__2024-07-18T00:00:00+00:00', '--job-id', '46', '--raw', '--subdir', 'DAGS_FOLDER/simple_bash.py', '--cfg-path', '/var/folders/qv/0knwm5h50ml0skpppwpbks_r0000gp/T/tmpp6dz6_69']
[2024-07-24T14:10:37.671+0900] {standard_task_runner.py:91} INFO - Job 46: Subtask count.log
[2024-07-24T14:10:37.686+0900] {task_command.py:426} INFO - Running <TaskInstance: simple_bash.count.log scheduled__2024-07-18T00:00:00+00:00 [running]> on host jeongui-MacBookPro.local
[2024-07-24T14:10:37.708+0900] {taskinstance.py:2648} INFO - Exporting env vars: AIRFLOW_CTX_DAG_OWNER='airflow' AIRFLOW_CTX_DAG_ID='simple_bash' AIRFLOW_CTX_TASK_ID='count.log' AIRFLOW_CTX_EXECUTION_DATE='2024-07-18T00:00:00+00:00' AIRFLOW_CTX_TRY_NUMBER='1' AIRFLOW_CTX_DAG_RUN_ID='scheduled__2024-07-18T00:00:00+00:00'
[2024-07-24T14:10:37.709+0900] {taskinstance.py:430} INFO - ::endgroup::
[2024-07-24T14:10:37.714+0900] {subprocess.py:63} INFO - Tmp dir root location: /var/folders/qv/0knwm5h50ml0skpppwpbks_r0000gp/T
[2024-07-24T14:10:37.715+0900] {subprocess.py:75} INFO - Running command: ['/bin/bash', '-c', '\n            echo "count"\n        ']
[2024-07-24T14:10:37.718+0900] {subprocess.py:86} INFO - Output:
[2024-07-24T14:10:37.719+0900] {subprocess.py:93} INFO - count
[2024-07-24T14:10:37.720+0900] {subprocess.py:97} INFO - Command exited with return code 0
[2024-07-24T14:10:37.720+0900] {taskinstance.py:441} INFO - ::group::Post task execution logs
[2024-07-24T14:10:37.726+0900] {taskinstance.py:1206} INFO - Marking task as SUCCESS. dag_id=simple_bash, task_id=count.log, run_id=scheduled__2024-07-18T00:00:00+00:00, execution_date=20240718T000000, start_date=20240724T051037, end_date=20240724T051037
[2024-07-24T14:10:37.772+0900] {local_task_job_runner.py:243} INFO - Task exited with return code 0
[2024-07-24T14:10:37.779+0900] {taskinstance.py:3503} INFO - 0 downstream tasks scheduled from follow-on schedule check
[2024-07-24T14:10:37.779+0900] {local_task_job_runner.py:222} INFO - ::endgroup::
[2024-07-24T14:22:44.087+0900] {local_task_job_runner.py:120} INFO - ::group::Pre task execution logs
[2024-07-24T14:22:44.095+0900] {taskinstance.py:2076} INFO - Dependencies all met for dep_context=non-requeueable deps ti=<TaskInstance: simple_bash.count.log scheduled__2024-07-18T00:00:00+00:00 [queued]>
[2024-07-24T14:22:44.098+0900] {taskinstance.py:2076} INFO - Dependencies all met for dep_context=requeueable deps ti=<TaskInstance: simple_bash.count.log scheduled__2024-07-18T00:00:00+00:00 [queued]>
[2024-07-24T14:22:44.098+0900] {taskinstance.py:2306} INFO - Starting attempt 1 of 1
[2024-07-24T14:22:44.102+0900] {taskinstance.py:2330} INFO - Executing <Task(BashOperator): count.log> on 2024-07-18 00:00:00+00:00
[2024-07-24T14:22:44.104+0900] {standard_task_runner.py:64} INFO - Started process 91139 to run task
[2024-07-24T14:22:44.107+0900] {standard_task_runner.py:90} INFO - Running: ['airflow', 'tasks', 'run', 'simple_bash', 'count.log', 'scheduled__2024-07-18T00:00:00+00:00', '--job-id', '141', '--raw', '--subdir', 'DAGS_FOLDER/simple_bash.py', '--cfg-path', '/var/folders/qv/0knwm5h50ml0skpppwpbks_r0000gp/T/tmpotir1umb']
[2024-07-24T14:22:44.108+0900] {standard_task_runner.py:91} INFO - Job 141: Subtask count.log
[2024-07-24T14:22:44.122+0900] {task_command.py:426} INFO - Running <TaskInstance: simple_bash.count.log scheduled__2024-07-18T00:00:00+00:00 [running]> on host jeongui-MacBookPro.local
[2024-07-24T14:22:44.145+0900] {taskinstance.py:2648} INFO - Exporting env vars: AIRFLOW_CTX_DAG_OWNER='airflow' AIRFLOW_CTX_DAG_ID='simple_bash' AIRFLOW_CTX_TASK_ID='count.log' AIRFLOW_CTX_EXECUTION_DATE='2024-07-18T00:00:00+00:00' AIRFLOW_CTX_TRY_NUMBER='1' AIRFLOW_CTX_DAG_RUN_ID='scheduled__2024-07-18T00:00:00+00:00'
[2024-07-24T14:22:44.145+0900] {taskinstance.py:430} INFO - ::endgroup::
[2024-07-24T14:22:44.151+0900] {subprocess.py:63} INFO - Tmp dir root location: /var/folders/qv/0knwm5h50ml0skpppwpbks_r0000gp/T
[2024-07-24T14:22:44.151+0900] {subprocess.py:75} INFO - Running command: ['/bin/bash', '-c', '\n            echo "count"\n\t\t\tLANG=C\n\t\t\tmkdir -p ~/data/count/20240718\n\t\t\tcat ~/data/sort/20240718/sort.log | uniq -c > ~/data/count/20240718/count.log\n        ']
[2024-07-24T14:22:44.154+0900] {subprocess.py:86} INFO - Output:
[2024-07-24T14:22:44.156+0900] {subprocess.py:93} INFO - count
[2024-07-24T14:22:44.159+0900] {subprocess.py:97} INFO - Command exited with return code 0
[2024-07-24T14:22:44.160+0900] {taskinstance.py:441} INFO - ::group::Post task execution logs
[2024-07-24T14:22:44.165+0900] {taskinstance.py:1206} INFO - Marking task as SUCCESS. dag_id=simple_bash, task_id=count.log, run_id=scheduled__2024-07-18T00:00:00+00:00, execution_date=20240718T000000, start_date=20240724T052244, end_date=20240724T052244
[2024-07-24T14:22:44.210+0900] {local_task_job_runner.py:243} INFO - Task exited with return code 0
[2024-07-24T14:22:44.216+0900] {taskinstance.py:3503} INFO - 0 downstream tasks scheduled from follow-on schedule check
[2024-07-24T14:22:44.217+0900] {local_task_job_runner.py:222} INFO - ::endgroup::
