[2024-07-31T10:32:11.940+0900] {local_task_job_runner.py:120} INFO - ::group::Pre task execution logs
[2024-07-31T10:32:11.952+0900] {taskinstance.py:2076} INFO - Dependencies all met for dep_context=non-requeueable deps ti=<TaskInstance: movie.join scheduled__2024-07-24T02:10:00+00:00 [queued]>
[2024-07-31T10:32:11.955+0900] {taskinstance.py:2076} INFO - Dependencies all met for dep_context=requeueable deps ti=<TaskInstance: movie.join scheduled__2024-07-24T02:10:00+00:00 [queued]>
[2024-07-31T10:32:11.955+0900] {taskinstance.py:2306} INFO - Starting attempt 3 of 4
[2024-07-31T10:32:11.962+0900] {taskinstance.py:2330} INFO - Executing <Task(BashOperator): join> on 2024-07-24 02:10:00+00:00
[2024-07-31T10:32:11.964+0900] {standard_task_runner.py:64} INFO - Started process 9341 to run task
[2024-07-31T10:32:11.967+0900] {standard_task_runner.py:90} INFO - Running: ['airflow', 'tasks', 'run', 'movie', 'join', 'scheduled__2024-07-24T02:10:00+00:00', '--job-id', '690', '--raw', '--subdir', 'DAGS_FOLDER/movie.py', '--cfg-path', '/var/folders/qv/0knwm5h50ml0skpppwpbks_r0000gp/T/tmp2h5bg0pf']
[2024-07-31T10:32:11.968+0900] {standard_task_runner.py:91} INFO - Job 690: Subtask join
[2024-07-31T10:32:11.984+0900] {task_command.py:426} INFO - Running <TaskInstance: movie.join scheduled__2024-07-24T02:10:00+00:00 [running]> on host jeongui-MacBookPro.local
[2024-07-31T10:32:12.002+0900] {taskinstance.py:2648} INFO - Exporting env vars: AIRFLOW_CTX_DAG_OWNER='airflow' AIRFLOW_CTX_DAG_ID='movie' AIRFLOW_CTX_TASK_ID='join' AIRFLOW_CTX_EXECUTION_DATE='2024-07-24T02:10:00+00:00' AIRFLOW_CTX_TRY_NUMBER='3' AIRFLOW_CTX_DAG_RUN_ID='scheduled__2024-07-24T02:10:00+00:00'
[2024-07-31T10:32:12.002+0900] {taskinstance.py:430} INFO - ::endgroup::
[2024-07-31T10:32:12.007+0900] {subprocess.py:63} INFO - Tmp dir root location: /var/folders/qv/0knwm5h50ml0skpppwpbks_r0000gp/T
[2024-07-31T10:32:12.008+0900] {subprocess.py:75} INFO - Running command: ['/bin/bash', '-c', 'exit 1']
[2024-07-31T10:32:12.010+0900] {subprocess.py:86} INFO - Output:
[2024-07-31T10:32:12.012+0900] {subprocess.py:97} INFO - Command exited with return code 1
[2024-07-31T10:32:12.013+0900] {taskinstance.py:441} INFO - ::group::Post task execution logs
[2024-07-31T10:32:12.016+0900] {taskinstance.py:2905} ERROR - Task failed with exception
Traceback (most recent call last):
  File "/Users/DE32/.pyenv/versions/3.11.9/envs/note/lib/python3.11/site-packages/airflow/models/taskinstance.py", line 465, in _execute_task
    result = _execute_callable(context=context, **execute_callable_kwargs)
             ^^^^^^^^^^^^^^^^^^^^^^^^^^^^^^^^^^^^^^^^^^^^^^^^^^^^^^^^^^^^^
  File "/Users/DE32/.pyenv/versions/3.11.9/envs/note/lib/python3.11/site-packages/airflow/models/taskinstance.py", line 432, in _execute_callable
    return execute_callable(context=context, **execute_callable_kwargs)
           ^^^^^^^^^^^^^^^^^^^^^^^^^^^^^^^^^^^^^^^^^^^^^^^^^^^^^^^^^^^^
  File "/Users/DE32/.pyenv/versions/3.11.9/envs/note/lib/python3.11/site-packages/airflow/models/baseoperator.py", line 401, in wrapper
    return func(self, *args, **kwargs)
           ^^^^^^^^^^^^^^^^^^^^^^^^^^^
  File "/Users/DE32/.pyenv/versions/3.11.9/envs/note/lib/python3.11/site-packages/airflow/operators/bash.py", line 243, in execute
    raise AirflowException(
airflow.exceptions.AirflowException: Bash command failed. The command returned a non-zero exit code 1.
[2024-07-31T10:32:12.018+0900] {taskinstance.py:1206} INFO - Marking task as UP_FOR_RETRY. dag_id=movie, task_id=join, run_id=scheduled__2024-07-24T02:10:00+00:00, execution_date=20240724T021000, start_date=20240731T013211, end_date=20240731T013212
[2024-07-31T10:32:12.021+0900] {standard_task_runner.py:110} ERROR - Failed to execute job 690 for task join (Bash command failed. The command returned a non-zero exit code 1.; 9341)
[2024-07-31T10:32:12.029+0900] {local_task_job_runner.py:243} INFO - Task exited with return code 1
[2024-07-31T10:32:12.036+0900] {taskinstance.py:3503} INFO - 0 downstream tasks scheduled from follow-on schedule check
[2024-07-31T10:32:12.037+0900] {local_task_job_runner.py:222} INFO - ::endgroup::
