[2024-07-24T15:27:37.564+0900] {local_task_job_runner.py:120} INFO - ::group::Pre task execution logs
[2024-07-24T15:27:37.571+0900] {taskinstance.py:2076} INFO - Dependencies all met for dep_context=non-requeueable deps ti=<TaskInstance: import_db.to_tmp scheduled__2024-07-14T00:00:00+00:00 [queued]>
[2024-07-24T15:27:37.573+0900] {taskinstance.py:2076} INFO - Dependencies all met for dep_context=requeueable deps ti=<TaskInstance: import_db.to_tmp scheduled__2024-07-14T00:00:00+00:00 [queued]>
[2024-07-24T15:27:37.573+0900] {taskinstance.py:2306} INFO - Starting attempt 9 of 9
[2024-07-24T15:27:37.577+0900] {taskinstance.py:2330} INFO - Executing <Task(BashOperator): to_tmp> on 2024-07-14 00:00:00+00:00
[2024-07-24T15:27:37.579+0900] {standard_task_runner.py:64} INFO - Started process 96523 to run task
[2024-07-24T15:27:37.582+0900] {standard_task_runner.py:90} INFO - Running: ['airflow', 'tasks', 'run', 'import_db', 'to_tmp', 'scheduled__2024-07-14T00:00:00+00:00', '--job-id', '337', '--raw', '--subdir', 'DAGS_FOLDER/import_db.py', '--cfg-path', '/var/folders/qv/0knwm5h50ml0skpppwpbks_r0000gp/T/tmp8bbdd6lw']
[2024-07-24T15:27:37.583+0900] {standard_task_runner.py:91} INFO - Job 337: Subtask to_tmp
[2024-07-24T15:27:37.596+0900] {task_command.py:426} INFO - Running <TaskInstance: import_db.to_tmp scheduled__2024-07-14T00:00:00+00:00 [running]> on host jeongui-MacBookPro.local
[2024-07-24T15:27:37.619+0900] {taskinstance.py:2648} INFO - Exporting env vars: AIRFLOW_CTX_DAG_OWNER='airflow' AIRFLOW_CTX_DAG_ID='import_db' AIRFLOW_CTX_TASK_ID='to_tmp' AIRFLOW_CTX_EXECUTION_DATE='2024-07-14T00:00:00+00:00' AIRFLOW_CTX_TRY_NUMBER='9' AIRFLOW_CTX_DAG_RUN_ID='scheduled__2024-07-14T00:00:00+00:00'
[2024-07-24T15:27:37.619+0900] {taskinstance.py:430} INFO - ::endgroup::
[2024-07-24T15:27:37.625+0900] {subprocess.py:63} INFO - Tmp dir root location: /var/folders/qv/0knwm5h50ml0skpppwpbks_r0000gp/T
[2024-07-24T15:27:37.625+0900] {subprocess.py:75} INFO - Running command: ['/bin/bash', '-c', '\n                echo "tmp"\n                CSV_FILE=~/data/csv/20240714/csv.csv\n                echo $CSV_FILE\n                bash /Users/DE32/airflow/sh/to_tmp.sh $CSV_FILE {ds}\n            ']
[2024-07-24T15:27:37.628+0900] {subprocess.py:86} INFO - Output:
[2024-07-24T15:27:37.630+0900] {subprocess.py:93} INFO - tmp
[2024-07-24T15:27:37.630+0900] {subprocess.py:93} INFO - /Users/DE32/data/csv/20240714/csv.csv
[2024-07-24T15:27:37.636+0900] {subprocess.py:93} INFO - mysql: [Warning] Using a password on the command line interface can be insecure.
[2024-07-24T15:27:37.641+0900] {subprocess.py:97} INFO - Command exited with return code 0
[2024-07-24T15:27:37.642+0900] {taskinstance.py:441} INFO - ::group::Post task execution logs
[2024-07-24T15:27:37.649+0900] {taskinstance.py:1206} INFO - Marking task as SUCCESS. dag_id=import_db, task_id=to_tmp, run_id=scheduled__2024-07-14T00:00:00+00:00, execution_date=20240714T000000, start_date=20240724T062737, end_date=20240724T062737
[2024-07-24T15:27:37.686+0900] {local_task_job_runner.py:243} INFO - Task exited with return code 0
[2024-07-24T15:27:37.692+0900] {taskinstance.py:3503} INFO - 0 downstream tasks scheduled from follow-on schedule check
[2024-07-24T15:27:37.692+0900] {local_task_job_runner.py:222} INFO - ::endgroup::
