[2024-07-31T10:36:57.939+0900] {local_task_job_runner.py:120} INFO - ::group::Pre task execution logs
[2024-07-31T10:36:57.953+0900] {taskinstance.py:2076} INFO - Dependencies all met for dep_context=non-requeueable deps ti=<TaskInstance: movie.get.data scheduled__2024-07-28T02:10:00+00:00 [queued]>
[2024-07-31T10:36:57.958+0900] {taskinstance.py:2076} INFO - Dependencies all met for dep_context=requeueable deps ti=<TaskInstance: movie.get.data scheduled__2024-07-28T02:10:00+00:00 [queued]>
[2024-07-31T10:36:57.958+0900] {taskinstance.py:2306} INFO - Starting attempt 1 of 2
[2024-07-31T10:36:57.964+0900] {taskinstance.py:2330} INFO - Executing <Task(PythonVirtualenvOperator): get.data> on 2024-07-28 02:10:00+00:00
[2024-07-31T10:36:57.967+0900] {standard_task_runner.py:64} INFO - Started process 9582 to run task
[2024-07-31T10:36:57.970+0900] {standard_task_runner.py:90} INFO - Running: ['airflow', 'tasks', 'run', 'movie', 'get.data', 'scheduled__2024-07-28T02:10:00+00:00', '--job-id', '710', '--raw', '--subdir', 'DAGS_FOLDER/movie.py', '--cfg-path', '/var/folders/qv/0knwm5h50ml0skpppwpbks_r0000gp/T/tmprp2yekrn']
[2024-07-31T10:36:57.971+0900] {standard_task_runner.py:91} INFO - Job 710: Subtask get.data
[2024-07-31T10:36:57.987+0900] {task_command.py:426} INFO - Running <TaskInstance: movie.get.data scheduled__2024-07-28T02:10:00+00:00 [running]> on host jeongui-MacBookPro.local
[2024-07-31T10:36:58.009+0900] {taskinstance.py:2648} INFO - Exporting env vars: AIRFLOW_CTX_DAG_OWNER='airflow' AIRFLOW_CTX_DAG_ID='movie' AIRFLOW_CTX_TASK_ID='get.data' AIRFLOW_CTX_EXECUTION_DATE='2024-07-28T02:10:00+00:00' AIRFLOW_CTX_TRY_NUMBER='1' AIRFLOW_CTX_DAG_RUN_ID='scheduled__2024-07-28T02:10:00+00:00'
[2024-07-31T10:36:58.010+0900] {taskinstance.py:430} INFO - ::endgroup::
[2024-07-31T10:36:58.015+0900] {baseoperator.py:400} WARNING - PythonVirtualenvOperator.execute cannot be called outside TaskInstance!
[2024-07-31T10:36:58.016+0900] {process_utils.py:183} INFO - Executing cmd: /Users/DE32/.pyenv/versions/3.11.9/envs/note/bin/python -m virtualenv /var/folders/qv/0knwm5h50ml0skpppwpbks_r0000gp/T/venvdzc0zoiz --python=python
[2024-07-31T10:36:58.018+0900] {process_utils.py:187} INFO - Output:
[2024-07-31T10:36:58.197+0900] {process_utils.py:191} INFO - created virtual environment CPython3.11.9.final.0-64 in 121ms
[2024-07-31T10:36:58.197+0900] {process_utils.py:191} INFO -   creator CPython3Posix(dest=/private/var/folders/qv/0knwm5h50ml0skpppwpbks_r0000gp/T/venvdzc0zoiz, clear=False, no_vcs_ignore=False, global=False)
[2024-07-31T10:36:58.197+0900] {process_utils.py:191} INFO -   seeder FromAppData(download=False, pip=bundle, setuptools=bundle, wheel=bundle, via=copy, app_data_dir=/Users/DE32/Library/Application Support/virtualenv)
[2024-07-31T10:36:58.198+0900] {process_utils.py:191} INFO -     added seed packages: pip==24.1.2, setuptools==70.2.0, wheel==0.43.0
[2024-07-31T10:36:58.198+0900] {process_utils.py:191} INFO -   activators BashActivator,CShellActivator,FishActivator,NushellActivator,PowerShellActivator,PythonActivator
[2024-07-31T10:36:58.209+0900] {process_utils.py:183} INFO - Executing cmd: /var/folders/qv/0knwm5h50ml0skpppwpbks_r0000gp/T/venvdzc0zoiz/bin/pip install -r /var/folders/qv/0knwm5h50ml0skpppwpbks_r0000gp/T/venvdzc0zoiz/requirements.txt
[2024-07-31T10:36:58.211+0900] {process_utils.py:187} INFO - Output:
[2024-07-31T10:36:59.040+0900] {process_utils.py:191} INFO - Collecting git+https://github.com/Jeonghoon2/movie.git@0.2/api (from -r /var/folders/qv/0knwm5h50ml0skpppwpbks_r0000gp/T/venvdzc0zoiz/requirements.txt (line 1))
[2024-07-31T10:36:59.041+0900] {process_utils.py:191} INFO -   Cloning https://github.com/Jeonghoon2/movie.git (to revision 0.2/api) to /private/var/folders/qv/0knwm5h50ml0skpppwpbks_r0000gp/T/pip-req-build-1_x81zk4
[2024-07-31T10:36:59.053+0900] {process_utils.py:191} INFO -   Running command git clone --filter=blob:none --quiet https://github.com/Jeonghoon2/movie.git /private/var/folders/qv/0knwm5h50ml0skpppwpbks_r0000gp/T/pip-req-build-1_x81zk4
[2024-07-31T10:37:00.391+0900] {process_utils.py:191} INFO -   Running command git checkout -b 0.2/api --track origin/0.2/api
[2024-07-31T10:37:01.111+0900] {process_utils.py:191} INFO -   Switched to a new branch '0.2/api'
[2024-07-31T10:37:01.112+0900] {process_utils.py:191} INFO -   branch '0.2/api' set up to track 'origin/0.2/api'.
[2024-07-31T10:37:01.113+0900] {process_utils.py:191} INFO -   Resolved https://github.com/Jeonghoon2/movie.git to commit 514cfb45f6fa577ee07d4fa2076f9283780af81e
[2024-07-31T10:37:01.136+0900] {process_utils.py:191} INFO -   Installing build dependencies: started
[2024-07-31T10:37:02.256+0900] {process_utils.py:191} INFO -   Installing build dependencies: finished with status 'done'
[2024-07-31T10:37:02.257+0900] {process_utils.py:191} INFO -   Getting requirements to build wheel: started
[2024-07-31T10:37:02.384+0900] {process_utils.py:191} INFO -   Getting requirements to build wheel: finished with status 'done'
[2024-07-31T10:37:02.386+0900] {process_utils.py:191} INFO -   Preparing metadata (pyproject.toml): started
[2024-07-31T10:37:02.510+0900] {process_utils.py:191} INFO -   Preparing metadata (pyproject.toml): finished with status 'done'
[2024-07-31T10:37:02.601+0900] {process_utils.py:191} INFO - Collecting requests>=2.32.3 (from mov==0.1.0->-r /var/folders/qv/0knwm5h50ml0skpppwpbks_r0000gp/T/venvdzc0zoiz/requirements.txt (line 1))
[2024-07-31T10:37:02.602+0900] {process_utils.py:191} INFO -   Using cached requests-2.32.3-py3-none-any.whl.metadata (4.6 kB)
[2024-07-31T10:37:02.670+0900] {process_utils.py:191} INFO - Collecting pandas>=2.2.2 (from mov==0.1.0->-r /var/folders/qv/0knwm5h50ml0skpppwpbks_r0000gp/T/venvdzc0zoiz/requirements.txt (line 1))
[2024-07-31T10:37:02.672+0900] {process_utils.py:191} INFO -   Using cached pandas-2.2.2-cp311-cp311-macosx_11_0_arm64.whl.metadata (19 kB)
[2024-07-31T10:37:02.833+0900] {process_utils.py:191} INFO - Collecting numpy>=2.0.1 (from mov==0.1.0->-r /var/folders/qv/0knwm5h50ml0skpppwpbks_r0000gp/T/venvdzc0zoiz/requirements.txt (line 1))
[2024-07-31T10:37:02.834+0900] {process_utils.py:191} INFO -   Using cached numpy-2.0.1-cp311-cp311-macosx_14_0_arm64.whl.metadata (60 kB)
[2024-07-31T10:37:02.920+0900] {process_utils.py:191} INFO - Collecting pyarrow>=17.0.0 (from mov==0.1.0->-r /var/folders/qv/0knwm5h50ml0skpppwpbks_r0000gp/T/venvdzc0zoiz/requirements.txt (line 1))
[2024-07-31T10:37:02.921+0900] {process_utils.py:191} INFO -   Using cached pyarrow-17.0.0-cp311-cp311-macosx_11_0_arm64.whl.metadata (3.3 kB)
[2024-07-31T10:37:02.944+0900] {process_utils.py:191} INFO - Collecting python-dateutil>=2.8.2 (from pandas>=2.2.2->mov==0.1.0->-r /var/folders/qv/0knwm5h50ml0skpppwpbks_r0000gp/T/venvdzc0zoiz/requirements.txt (line 1))
[2024-07-31T10:37:02.945+0900] {process_utils.py:191} INFO -   Using cached python_dateutil-2.9.0.post0-py2.py3-none-any.whl.metadata (8.4 kB)
[2024-07-31T10:37:02.977+0900] {process_utils.py:191} INFO - Collecting pytz>=2020.1 (from pandas>=2.2.2->mov==0.1.0->-r /var/folders/qv/0knwm5h50ml0skpppwpbks_r0000gp/T/venvdzc0zoiz/requirements.txt (line 1))
[2024-07-31T10:37:02.978+0900] {process_utils.py:191} INFO -   Using cached pytz-2024.1-py2.py3-none-any.whl.metadata (22 kB)
[2024-07-31T10:37:03.002+0900] {process_utils.py:191} INFO - Collecting tzdata>=2022.7 (from pandas>=2.2.2->mov==0.1.0->-r /var/folders/qv/0knwm5h50ml0skpppwpbks_r0000gp/T/venvdzc0zoiz/requirements.txt (line 1))
[2024-07-31T10:37:03.003+0900] {process_utils.py:191} INFO -   Using cached tzdata-2024.1-py2.py3-none-any.whl.metadata (1.4 kB)
[2024-07-31T10:37:03.056+0900] {process_utils.py:191} INFO - Collecting charset-normalizer<4,>=2 (from requests>=2.32.3->mov==0.1.0->-r /var/folders/qv/0knwm5h50ml0skpppwpbks_r0000gp/T/venvdzc0zoiz/requirements.txt (line 1))
[2024-07-31T10:37:03.057+0900] {process_utils.py:191} INFO -   Using cached charset_normalizer-3.3.2-cp311-cp311-macosx_11_0_arm64.whl.metadata (33 kB)
[2024-07-31T10:37:03.078+0900] {process_utils.py:191} INFO - Collecting idna<4,>=2.5 (from requests>=2.32.3->mov==0.1.0->-r /var/folders/qv/0knwm5h50ml0skpppwpbks_r0000gp/T/venvdzc0zoiz/requirements.txt (line 1))
[2024-07-31T10:37:03.079+0900] {process_utils.py:191} INFO -   Using cached idna-3.7-py3-none-any.whl.metadata (9.9 kB)
[2024-07-31T10:37:03.112+0900] {process_utils.py:191} INFO - Collecting urllib3<3,>=1.21.1 (from requests>=2.32.3->mov==0.1.0->-r /var/folders/qv/0knwm5h50ml0skpppwpbks_r0000gp/T/venvdzc0zoiz/requirements.txt (line 1))
[2024-07-31T10:37:03.113+0900] {process_utils.py:191} INFO -   Using cached urllib3-2.2.2-py3-none-any.whl.metadata (6.4 kB)
[2024-07-31T10:37:03.135+0900] {process_utils.py:191} INFO - Collecting certifi>=2017.4.17 (from requests>=2.32.3->mov==0.1.0->-r /var/folders/qv/0knwm5h50ml0skpppwpbks_r0000gp/T/venvdzc0zoiz/requirements.txt (line 1))
[2024-07-31T10:37:03.136+0900] {process_utils.py:191} INFO -   Using cached certifi-2024.7.4-py3-none-any.whl.metadata (2.2 kB)
[2024-07-31T10:37:03.161+0900] {process_utils.py:191} INFO - Collecting six>=1.5 (from python-dateutil>=2.8.2->pandas>=2.2.2->mov==0.1.0->-r /var/folders/qv/0knwm5h50ml0skpppwpbks_r0000gp/T/venvdzc0zoiz/requirements.txt (line 1))
[2024-07-31T10:37:03.162+0900] {process_utils.py:191} INFO -   Using cached six-1.16.0-py2.py3-none-any.whl.metadata (1.8 kB)
[2024-07-31T10:37:03.165+0900] {process_utils.py:191} INFO - Using cached numpy-2.0.1-cp311-cp311-macosx_14_0_arm64.whl (5.3 MB)
[2024-07-31T10:37:03.171+0900] {process_utils.py:191} INFO - Using cached pandas-2.2.2-cp311-cp311-macosx_11_0_arm64.whl (11.3 MB)
[2024-07-31T10:37:03.183+0900] {process_utils.py:191} INFO - Using cached pyarrow-17.0.0-cp311-cp311-macosx_11_0_arm64.whl (27.2 MB)
[2024-07-31T10:37:03.209+0900] {process_utils.py:191} INFO - Using cached requests-2.32.3-py3-none-any.whl (64 kB)
[2024-07-31T10:37:03.210+0900] {process_utils.py:191} INFO - Using cached certifi-2024.7.4-py3-none-any.whl (162 kB)
[2024-07-31T10:37:03.211+0900] {process_utils.py:191} INFO - Using cached charset_normalizer-3.3.2-cp311-cp311-macosx_11_0_arm64.whl (118 kB)
[2024-07-31T10:37:03.212+0900] {process_utils.py:191} INFO - Using cached idna-3.7-py3-none-any.whl (66 kB)
[2024-07-31T10:37:03.213+0900] {process_utils.py:191} INFO - Using cached python_dateutil-2.9.0.post0-py2.py3-none-any.whl (229 kB)
[2024-07-31T10:37:03.214+0900] {process_utils.py:191} INFO - Using cached pytz-2024.1-py2.py3-none-any.whl (505 kB)
[2024-07-31T10:37:03.215+0900] {process_utils.py:191} INFO - Using cached tzdata-2024.1-py2.py3-none-any.whl (345 kB)
[2024-07-31T10:37:03.216+0900] {process_utils.py:191} INFO - Using cached urllib3-2.2.2-py3-none-any.whl (121 kB)
[2024-07-31T10:37:03.217+0900] {process_utils.py:191} INFO - Using cached six-1.16.0-py2.py3-none-any.whl (11 kB)
[2024-07-31T10:37:03.259+0900] {process_utils.py:191} INFO - Building wheels for collected packages: mov
[2024-07-31T10:37:03.272+0900] {process_utils.py:191} INFO -   Building wheel for mov (pyproject.toml): started
[2024-07-31T10:37:03.478+0900] {process_utils.py:191} INFO -   Building wheel for mov (pyproject.toml): finished with status 'done'
[2024-07-31T10:37:03.480+0900] {process_utils.py:191} INFO -   Created wheel for mov: filename=mov-0.1.0-py3-none-any.whl size=3017 sha256=d130c75a5a8d44d31bc42b53b4805d4cb96e477f27913ff07cb37a0d4f4d931c
[2024-07-31T10:37:03.480+0900] {process_utils.py:191} INFO -   Stored in directory: /private/var/folders/qv/0knwm5h50ml0skpppwpbks_r0000gp/T/pip-ephem-wheel-cache-k91rssv9/wheels/cf/ab/a7/d0c528d20fa8a5f19e169bdf1d98f2b2cefe79d8527bb89200
[2024-07-31T10:37:03.482+0900] {process_utils.py:191} INFO - Successfully built mov
[2024-07-31T10:37:03.518+0900] {process_utils.py:191} INFO - Installing collected packages: pytz, urllib3, tzdata, six, numpy, idna, charset-normalizer, certifi, requests, python-dateutil, pyarrow, pandas, mov
[2024-07-31T10:37:09.936+0900] {process_utils.py:191} INFO - Successfully installed certifi-2024.7.4 charset-normalizer-3.3.2 idna-3.7 mov-0.1.0 numpy-2.0.1 pandas-2.2.2 pyarrow-17.0.0 python-dateutil-2.9.0.post0 pytz-2024.1 requests-2.32.3 six-1.16.0 tzdata-2024.1 urllib3-2.2.2
[2024-07-31T10:37:09.940+0900] {process_utils.py:191} INFO - 
[2024-07-31T10:37:09.940+0900] {process_utils.py:191} INFO - [notice] A new release of pip is available: 24.1.2 -> 24.2
[2024-07-31T10:37:09.940+0900] {process_utils.py:191} INFO - [notice] To update, run: python -m pip install --upgrade pip
[2024-07-31T10:37:10.068+0900] {process_utils.py:183} INFO - Executing cmd: /var/folders/qv/0knwm5h50ml0skpppwpbks_r0000gp/T/venvdzc0zoiz/bin/python /var/folders/qv/0knwm5h50ml0skpppwpbks_r0000gp/T/venv-callzacv9d1s/script.py /var/folders/qv/0knwm5h50ml0skpppwpbks_r0000gp/T/venv-callzacv9d1s/script.in /var/folders/qv/0knwm5h50ml0skpppwpbks_r0000gp/T/venv-callzacv9d1s/script.out /var/folders/qv/0knwm5h50ml0skpppwpbks_r0000gp/T/venv-callzacv9d1s/string_args.txt /var/folders/qv/0knwm5h50ml0skpppwpbks_r0000gp/T/venv-callzacv9d1s/termination.log
[2024-07-31T10:37:10.070+0900] {process_utils.py:187} INFO - Output:
[2024-07-31T10:37:25.193+0900] {process_utils.py:191} INFO - {'boxOfficeResult': {'boxofficeType': '일별 박스오피스', 'showRange': '20240728~20240728', 'dailyBoxOfficeList': [{'rnum': '1', 'rank': '1', 'rankInten': '0', 'rankOldAndNew': 'OLD', 'movieCd': '20247781', 'movieNm': '데드풀과 울버린', 'openDt': '2024-07-24', 'salesAmt': '2569022883', 'salesShare': '41.2', 'salesInten': '-698938084', 'salesChange': '-21.4', 'salesAcc': '11304738123', 'audiCnt': '246319', 'audiInten': '-65284', 'audiChange': '-21', 'audiAcc': '1086015', 'scrnCnt': '1919', 'showCnt': '8414'}, {'rnum': '2', 'rank': '2', 'rankInten': '0', 'rankOldAndNew': 'OLD', 'movieCd': '20247440', 'movieNm': '슈퍼배드 4', 'openDt': '2024-07-24', 'salesAmt': '1361684323', 'salesShare': '21.8', 'salesInten': '-4000519', 'salesChange': '-0.3', 'salesAcc': '5492474247', 'audiCnt': '145484', 'audiInten': '-390', 'audiChange': '-0.3', 'audiAcc': '588415', 'scrnCnt': '1178', 'showCnt': '4406'}, {'rnum': '3', 'rank': '3', 'rankInten': '0', 'rankOldAndNew': 'OLD', 'movieCd': '20212932', 'movieNm': '탈주', 'openDt': '2024-07-03', 'salesAmt': '794258228', 'salesShare': '12.7', 'salesInten': '-3188334', 'salesChange': '-0.4', 'salesAcc': '21651689315', 'audiCnt': '82451', 'audiInten': '-152', 'audiChange': '-0.2', 'audiAcc': '2282056', 'scrnCnt': '899', 'showCnt': '2339'}, {'rnum': '4', 'rank': '4', 'rankInten': '0', 'rankOldAndNew': 'OLD', 'movieCd': '20235974', 'movieNm': '인사이드 아웃 2', 'openDt': '2024-06-12', 'salesAmt': '564806082', 'salesShare': '9.1', 'salesInten': '20651916', 'salesChange': '3.8', 'salesAcc': '79738401801', 'audiCnt': '58197', 'audiInten': '2236', 'audiChange': '4', 'audiAcc': '8291896', 'scrnCnt': '777', 'showCnt': '1608'}, {'rnum': '5', 'rank': '5', 'rankInten': '0', 'rankOldAndNew': 'OLD', 'movieCd': '20240983', 'movieNm': '명탐정 코난: 100만 달러의 펜타그램', 'openDt': '2024-07-17', 'salesAmt': '260530502', 'salesShare': '4.2', 'salesInten': '-5113429', 'salesChange': '-1.9', 'salesAcc': '5479615323', 'audiCnt': '27182', 'audiInten': '-334', 'audiChange': '-1.2', 'audiAcc': '557265', 'scrnCnt': '575', 'showCnt': '1032'}, {'rnum': '6', 'rank': '6', 'rankInten': '0', 'rankOldAndNew': 'OLD', 'movieCd': '20208245', 'movieNm': '핸섬가이즈', 'openDt': '2024-06-26', 'salesAmt': '227791568', 'salesShare': '3.7', 'salesInten': '-22713058', 'salesChange': '-9.1', 'salesAcc': '16055431838', 'audiCnt': '23547', 'audiInten': '-2134', 'audiChange': '-8.3', 'audiAcc': '1716883', 'scrnCnt': '528', 'showCnt': '837'}, {'rnum': '7', 'rank': '7', 'rankInten': '1', 'rankOldAndNew': 'OLD', 'movieCd': '20208911', 'movieNm': '탈출: 프로젝트 사일런스', 'openDt': '2024-07-12', 'salesAmt': '79656105', 'salesShare': '1.3', 'salesInten': '-589658', 'salesChange': '-0.7', 'salesAcc': '6553823231', 'audiCnt': '8120', 'audiInten': '-78', 'audiChange': '-1', 'audiAcc': '672059', 'scrnCnt': '332', 'showCnt': '469'}, {'rnum': '8', 'rank': '8', 'rankInten': '-1', 'rankOldAndNew': 'OLD', 'movieCd': '20224666', 'movieNm': '파일럿', 'openDt': '2024-07-31', 'salesAmt': '79377067', 'salesShare': '1.3', 'salesInten': '-52225300', 'salesChange': '-39.7', 'salesAcc': '495233434', 'audiCnt': '6701', 'audiInten': '-5419', 'audiChange': '-44.7', 'audiAcc': '49126', 'scrnCnt': '18', 'showCnt': '26'}, {'rnum': '9', 'rank': '9', 'rankInten': '0', 'rankOldAndNew': 'OLD', 'movieCd': '20249733', 'movieNm': '사랑의 하츄핑', 'openDt': '2024-08-07', 'salesAmt': '40034300', 'salesShare': '0.6', 'salesInten': '-8775650', 'salesChange': '-18', 'salesAcc': '128831250', 'audiCnt': '3435', 'audiInten': '-626', 'audiChange': '-15.4', 'audiAcc': '11546', 'scrnCnt': '12', 'showCnt': '16'}, {'rnum': '10', 'rank': '10', 'rankInten': '0', 'rankOldAndNew': 'OLD', 'movieCd': '20235926', 'movieNm': '퍼펙트 데이즈', 'openDt': '2024-07-03', 'salesAmt': '31272195', 'salesShare': '0.5', 'salesInten': '-3393139', 'salesChange': '-9.8', 'salesAcc': '621719087', 'audiCnt': '3246', 'audiInten': '-285', 'audiChange': '-8.1', 'audiAcc': '65643', 'scrnCnt': '53', 'showCnt': '69'}]}}
[2024-07-31T10:37:25.194+0900] {process_utils.py:191} INFO -   rnum rank rankInten rankOldAndNew  ...  audiAcc scrnCnt showCnt   load_dt
[2024-07-31T10:37:25.194+0900] {process_utils.py:191} INFO - 0    1    1         0           OLD  ...  1086015    1919    8414  20240728
[2024-07-31T10:37:25.194+0900] {process_utils.py:191} INFO - 1    2    2         0           OLD  ...   588415    1178    4406  20240728
[2024-07-31T10:37:25.195+0900] {process_utils.py:191} INFO - 2    3    3         0           OLD  ...  2282056     899    2339  20240728
[2024-07-31T10:37:25.195+0900] {process_utils.py:191} INFO - 3    4    4         0           OLD  ...  8291896     777    1608  20240728
[2024-07-31T10:37:25.196+0900] {process_utils.py:191} INFO - 4    5    5         0           OLD  ...   557265     575    1032  20240728
[2024-07-31T10:37:25.196+0900] {process_utils.py:191} INFO - 
[2024-07-31T10:37:25.196+0900] {process_utils.py:191} INFO - [5 rows x 19 columns]
[2024-07-31T10:37:25.197+0900] {process_utils.py:191} INFO -   rnum rank rankInten rankOldAndNew  ...  audiAcc scrnCnt showCnt   load_dt
[2024-07-31T10:37:25.197+0900] {process_utils.py:191} INFO - 0    1    1         0           OLD  ...  1086015    1919    8414  20240728
[2024-07-31T10:37:25.197+0900] {process_utils.py:191} INFO - 1    2    2         0           OLD  ...   588415    1178    4406  20240728
[2024-07-31T10:37:25.198+0900] {process_utils.py:191} INFO - 2    3    3         0           OLD  ...  2282056     899    2339  20240728
[2024-07-31T10:37:25.198+0900] {process_utils.py:191} INFO - 3    4    4         0           OLD  ...  8291896     777    1608  20240728
[2024-07-31T10:37:25.199+0900] {process_utils.py:191} INFO - 4    5    5         0           OLD  ...   557265     575    1032  20240728
[2024-07-31T10:37:25.199+0900] {process_utils.py:191} INFO - 
[2024-07-31T10:37:25.199+0900] {process_utils.py:191} INFO - [5 rows x 19 columns]
[2024-07-31T10:37:25.631+0900] {python.py:237} INFO - Done. Returned value was: None
[2024-07-31T10:37:25.632+0900] {taskinstance.py:441} INFO - ::group::Post task execution logs
[2024-07-31T10:37:25.635+0900] {taskinstance.py:1206} INFO - Marking task as SUCCESS. dag_id=movie, task_id=get.data, run_id=scheduled__2024-07-28T02:10:00+00:00, execution_date=20240728T021000, start_date=20240731T013657, end_date=20240731T013725
[2024-07-31T10:37:25.663+0900] {local_task_job_runner.py:243} INFO - Task exited with return code 0
[2024-07-31T10:37:25.671+0900] {taskinstance.py:3503} INFO - 1 downstream tasks scheduled from follow-on schedule check
[2024-07-31T10:37:25.672+0900] {local_task_job_runner.py:222} INFO - ::endgroup::
[2024-07-31T16:40:54.070+0900] {local_task_job_runner.py:120} INFO - ::group::Pre task execution logs
[2024-07-31T16:40:54.083+0900] {taskinstance.py:2076} INFO - Dependencies all met for dep_context=non-requeueable deps ti=<TaskInstance: movie.get.data scheduled__2024-07-28T02:10:00+00:00 [queued]>
[2024-07-31T16:40:54.087+0900] {taskinstance.py:2076} INFO - Dependencies all met for dep_context=requeueable deps ti=<TaskInstance: movie.get.data scheduled__2024-07-28T02:10:00+00:00 [queued]>
[2024-07-31T16:40:54.087+0900] {taskinstance.py:2306} INFO - Starting attempt 1 of 2
[2024-07-31T16:40:54.093+0900] {taskinstance.py:2330} INFO - Executing <Task(PythonVirtualenvOperator): get.data> on 2024-07-28 02:10:00+00:00
[2024-07-31T16:40:54.096+0900] {standard_task_runner.py:64} INFO - Started process 19775 to run task
[2024-07-31T16:40:54.099+0900] {standard_task_runner.py:90} INFO - Running: ['airflow', 'tasks', 'run', 'movie', 'get.data', 'scheduled__2024-07-28T02:10:00+00:00', '--job-id', '827', '--raw', '--subdir', 'DAGS_FOLDER/movie.py', '--cfg-path', '/var/folders/qv/0knwm5h50ml0skpppwpbks_r0000gp/T/tmpfdc4lq5o']
[2024-07-31T16:40:54.100+0900] {standard_task_runner.py:91} INFO - Job 827: Subtask get.data
[2024-07-31T16:40:54.116+0900] {task_command.py:426} INFO - Running <TaskInstance: movie.get.data scheduled__2024-07-28T02:10:00+00:00 [running]> on host jeongui-MacBookPro.local
[2024-07-31T16:40:54.134+0900] {taskinstance.py:2648} INFO - Exporting env vars: AIRFLOW_CTX_DAG_OWNER='airflow' AIRFLOW_CTX_DAG_ID='movie' AIRFLOW_CTX_TASK_ID='get.data' AIRFLOW_CTX_EXECUTION_DATE='2024-07-28T02:10:00+00:00' AIRFLOW_CTX_TRY_NUMBER='1' AIRFLOW_CTX_DAG_RUN_ID='scheduled__2024-07-28T02:10:00+00:00'
[2024-07-31T16:40:54.135+0900] {taskinstance.py:430} INFO - ::endgroup::
[2024-07-31T16:40:54.139+0900] {baseoperator.py:400} WARNING - PythonVirtualenvOperator.execute cannot be called outside TaskInstance!
[2024-07-31T16:40:54.140+0900] {process_utils.py:183} INFO - Executing cmd: /Users/DE32/.pyenv/versions/3.11.9/envs/note/bin/python -m virtualenv /var/folders/qv/0knwm5h50ml0skpppwpbks_r0000gp/T/venvl284f08a --python=python
[2024-07-31T16:40:54.142+0900] {process_utils.py:187} INFO - Output:
[2024-07-31T16:40:54.317+0900] {process_utils.py:191} INFO - created virtual environment CPython3.11.9.final.0-64 in 116ms
[2024-07-31T16:40:54.317+0900] {process_utils.py:191} INFO -   creator CPython3Posix(dest=/private/var/folders/qv/0knwm5h50ml0skpppwpbks_r0000gp/T/venvl284f08a, clear=False, no_vcs_ignore=False, global=False)
[2024-07-31T16:40:54.317+0900] {process_utils.py:191} INFO -   seeder FromAppData(download=False, pip=bundle, setuptools=bundle, wheel=bundle, via=copy, app_data_dir=/Users/DE32/Library/Application Support/virtualenv)
[2024-07-31T16:40:54.318+0900] {process_utils.py:191} INFO -     added seed packages: pip==24.1.2, setuptools==70.2.0, wheel==0.43.0
[2024-07-31T16:40:54.318+0900] {process_utils.py:191} INFO -   activators BashActivator,CShellActivator,FishActivator,NushellActivator,PowerShellActivator,PythonActivator
[2024-07-31T16:40:54.329+0900] {process_utils.py:183} INFO - Executing cmd: /var/folders/qv/0knwm5h50ml0skpppwpbks_r0000gp/T/venvl284f08a/bin/pip install -r /var/folders/qv/0knwm5h50ml0skpppwpbks_r0000gp/T/venvl284f08a/requirements.txt
[2024-07-31T16:40:54.331+0900] {process_utils.py:187} INFO - Output:
[2024-07-31T16:40:55.163+0900] {process_utils.py:191} INFO - Collecting git+https://github.com/Jeonghoon2/movie.git@0.2/api (from -r /var/folders/qv/0knwm5h50ml0skpppwpbks_r0000gp/T/venvl284f08a/requirements.txt (line 1))
[2024-07-31T16:40:55.163+0900] {process_utils.py:191} INFO -   Cloning https://github.com/Jeonghoon2/movie.git (to revision 0.2/api) to /private/var/folders/qv/0knwm5h50ml0skpppwpbks_r0000gp/T/pip-req-build-20i0f6uh
[2024-07-31T16:40:55.175+0900] {process_utils.py:191} INFO -   Running command git clone --filter=blob:none --quiet https://github.com/Jeonghoon2/movie.git /private/var/folders/qv/0knwm5h50ml0skpppwpbks_r0000gp/T/pip-req-build-20i0f6uh
[2024-07-31T16:40:56.729+0900] {process_utils.py:191} INFO -   Running command git checkout -b 0.2/api --track origin/0.2/api
[2024-07-31T16:40:57.295+0900] {process_utils.py:191} INFO -   Switched to a new branch '0.2/api'
[2024-07-31T16:40:57.296+0900] {process_utils.py:191} INFO -   branch '0.2/api' set up to track 'origin/0.2/api'.
[2024-07-31T16:40:57.296+0900] {process_utils.py:191} INFO -   Resolved https://github.com/Jeonghoon2/movie.git to commit 34de3b5e993ea074744539373447116355ac95da
[2024-07-31T16:40:57.317+0900] {process_utils.py:191} INFO -   Installing build dependencies: started
[2024-07-31T16:40:58.229+0900] {process_utils.py:191} INFO -   Installing build dependencies: finished with status 'done'
[2024-07-31T16:40:58.229+0900] {process_utils.py:191} INFO -   Getting requirements to build wheel: started
[2024-07-31T16:40:58.352+0900] {process_utils.py:191} INFO -   Getting requirements to build wheel: finished with status 'done'
[2024-07-31T16:40:58.353+0900] {process_utils.py:191} INFO -   Preparing metadata (pyproject.toml): started
[2024-07-31T16:40:58.478+0900] {process_utils.py:191} INFO -   Preparing metadata (pyproject.toml): finished with status 'done'
[2024-07-31T16:40:58.555+0900] {process_utils.py:191} INFO - Collecting requests>=2.32.3 (from mov==0.1.0->-r /var/folders/qv/0knwm5h50ml0skpppwpbks_r0000gp/T/venvl284f08a/requirements.txt (line 1))
[2024-07-31T16:40:58.556+0900] {process_utils.py:191} INFO -   Using cached requests-2.32.3-py3-none-any.whl.metadata (4.6 kB)
[2024-07-31T16:40:58.624+0900] {process_utils.py:191} INFO - Collecting pandas>=2.2.2 (from mov==0.1.0->-r /var/folders/qv/0knwm5h50ml0skpppwpbks_r0000gp/T/venvl284f08a/requirements.txt (line 1))
[2024-07-31T16:40:58.625+0900] {process_utils.py:191} INFO -   Using cached pandas-2.2.2-cp311-cp311-macosx_11_0_arm64.whl.metadata (19 kB)
[2024-07-31T16:40:58.731+0900] {process_utils.py:191} INFO - Collecting numpy>=2.0.1 (from mov==0.1.0->-r /var/folders/qv/0knwm5h50ml0skpppwpbks_r0000gp/T/venvl284f08a/requirements.txt (line 1))
[2024-07-31T16:40:58.732+0900] {process_utils.py:191} INFO -   Using cached numpy-2.0.1-cp311-cp311-macosx_14_0_arm64.whl.metadata (60 kB)
[2024-07-31T16:40:58.783+0900] {process_utils.py:191} INFO - Collecting pyarrow>=17.0.0 (from mov==0.1.0->-r /var/folders/qv/0knwm5h50ml0skpppwpbks_r0000gp/T/venvl284f08a/requirements.txt (line 1))
[2024-07-31T16:40:58.784+0900] {process_utils.py:191} INFO -   Using cached pyarrow-17.0.0-cp311-cp311-macosx_11_0_arm64.whl.metadata (3.3 kB)
[2024-07-31T16:40:58.809+0900] {process_utils.py:191} INFO - Collecting python-dateutil>=2.8.2 (from pandas>=2.2.2->mov==0.1.0->-r /var/folders/qv/0knwm5h50ml0skpppwpbks_r0000gp/T/venvl284f08a/requirements.txt (line 1))
[2024-07-31T16:40:58.811+0900] {process_utils.py:191} INFO -   Using cached python_dateutil-2.9.0.post0-py2.py3-none-any.whl.metadata (8.4 kB)
[2024-07-31T16:40:58.842+0900] {process_utils.py:191} INFO - Collecting pytz>=2020.1 (from pandas>=2.2.2->mov==0.1.0->-r /var/folders/qv/0knwm5h50ml0skpppwpbks_r0000gp/T/venvl284f08a/requirements.txt (line 1))
[2024-07-31T16:40:58.843+0900] {process_utils.py:191} INFO -   Using cached pytz-2024.1-py2.py3-none-any.whl.metadata (22 kB)
[2024-07-31T16:40:58.860+0900] {process_utils.py:191} INFO - Collecting tzdata>=2022.7 (from pandas>=2.2.2->mov==0.1.0->-r /var/folders/qv/0knwm5h50ml0skpppwpbks_r0000gp/T/venvl284f08a/requirements.txt (line 1))
[2024-07-31T16:40:58.860+0900] {process_utils.py:191} INFO -   Using cached tzdata-2024.1-py2.py3-none-any.whl.metadata (1.4 kB)
[2024-07-31T16:40:58.902+0900] {process_utils.py:191} INFO - Collecting charset-normalizer<4,>=2 (from requests>=2.32.3->mov==0.1.0->-r /var/folders/qv/0knwm5h50ml0skpppwpbks_r0000gp/T/venvl284f08a/requirements.txt (line 1))
[2024-07-31T16:40:58.903+0900] {process_utils.py:191} INFO -   Using cached charset_normalizer-3.3.2-cp311-cp311-macosx_11_0_arm64.whl.metadata (33 kB)
[2024-07-31T16:40:58.920+0900] {process_utils.py:191} INFO - Collecting idna<4,>=2.5 (from requests>=2.32.3->mov==0.1.0->-r /var/folders/qv/0knwm5h50ml0skpppwpbks_r0000gp/T/venvl284f08a/requirements.txt (line 1))
[2024-07-31T16:40:58.921+0900] {process_utils.py:191} INFO -   Using cached idna-3.7-py3-none-any.whl.metadata (9.9 kB)
[2024-07-31T16:40:58.949+0900] {process_utils.py:191} INFO - Collecting urllib3<3,>=1.21.1 (from requests>=2.32.3->mov==0.1.0->-r /var/folders/qv/0knwm5h50ml0skpppwpbks_r0000gp/T/venvl284f08a/requirements.txt (line 1))
[2024-07-31T16:40:58.950+0900] {process_utils.py:191} INFO -   Using cached urllib3-2.2.2-py3-none-any.whl.metadata (6.4 kB)
[2024-07-31T16:40:58.966+0900] {process_utils.py:191} INFO - Collecting certifi>=2017.4.17 (from requests>=2.32.3->mov==0.1.0->-r /var/folders/qv/0knwm5h50ml0skpppwpbks_r0000gp/T/venvl284f08a/requirements.txt (line 1))
[2024-07-31T16:40:58.967+0900] {process_utils.py:191} INFO -   Using cached certifi-2024.7.4-py3-none-any.whl.metadata (2.2 kB)
[2024-07-31T16:40:58.994+0900] {process_utils.py:191} INFO - Collecting six>=1.5 (from python-dateutil>=2.8.2->pandas>=2.2.2->mov==0.1.0->-r /var/folders/qv/0knwm5h50ml0skpppwpbks_r0000gp/T/venvl284f08a/requirements.txt (line 1))
[2024-07-31T16:40:58.995+0900] {process_utils.py:191} INFO -   Using cached six-1.16.0-py2.py3-none-any.whl.metadata (1.8 kB)
[2024-07-31T16:40:58.998+0900] {process_utils.py:191} INFO - Using cached numpy-2.0.1-cp311-cp311-macosx_14_0_arm64.whl (5.3 MB)
[2024-07-31T16:40:59.004+0900] {process_utils.py:191} INFO - Using cached pandas-2.2.2-cp311-cp311-macosx_11_0_arm64.whl (11.3 MB)
[2024-07-31T16:40:59.016+0900] {process_utils.py:191} INFO - Using cached pyarrow-17.0.0-cp311-cp311-macosx_11_0_arm64.whl (27.2 MB)
[2024-07-31T16:40:59.043+0900] {process_utils.py:191} INFO - Using cached requests-2.32.3-py3-none-any.whl (64 kB)
[2024-07-31T16:40:59.044+0900] {process_utils.py:191} INFO - Using cached certifi-2024.7.4-py3-none-any.whl (162 kB)
[2024-07-31T16:40:59.045+0900] {process_utils.py:191} INFO - Using cached charset_normalizer-3.3.2-cp311-cp311-macosx_11_0_arm64.whl (118 kB)
[2024-07-31T16:40:59.045+0900] {process_utils.py:191} INFO - Using cached idna-3.7-py3-none-any.whl (66 kB)
[2024-07-31T16:40:59.046+0900] {process_utils.py:191} INFO - Using cached python_dateutil-2.9.0.post0-py2.py3-none-any.whl (229 kB)
[2024-07-31T16:40:59.047+0900] {process_utils.py:191} INFO - Using cached pytz-2024.1-py2.py3-none-any.whl (505 kB)
[2024-07-31T16:40:59.048+0900] {process_utils.py:191} INFO - Using cached tzdata-2024.1-py2.py3-none-any.whl (345 kB)
[2024-07-31T16:40:59.049+0900] {process_utils.py:191} INFO - Using cached urllib3-2.2.2-py3-none-any.whl (121 kB)
[2024-07-31T16:40:59.050+0900] {process_utils.py:191} INFO - Using cached six-1.16.0-py2.py3-none-any.whl (11 kB)
[2024-07-31T16:40:59.092+0900] {process_utils.py:191} INFO - Building wheels for collected packages: mov
[2024-07-31T16:40:59.105+0900] {process_utils.py:191} INFO -   Building wheel for mov (pyproject.toml): started
[2024-07-31T16:40:59.241+0900] {process_utils.py:191} INFO -   Building wheel for mov (pyproject.toml): finished with status 'done'
[2024-07-31T16:40:59.242+0900] {process_utils.py:191} INFO -   Created wheel for mov: filename=mov-0.1.0-py3-none-any.whl size=3035 sha256=3c1a9d76ec4e4962ca9caa481062d95dc8fdefd281441bcea497543dcdc5de2e
[2024-07-31T16:40:59.242+0900] {process_utils.py:191} INFO -   Stored in directory: /private/var/folders/qv/0knwm5h50ml0skpppwpbks_r0000gp/T/pip-ephem-wheel-cache-dnyx0w6d/wheels/cf/ab/a7/d0c528d20fa8a5f19e169bdf1d98f2b2cefe79d8527bb89200
[2024-07-31T16:40:59.243+0900] {process_utils.py:191} INFO - Successfully built mov
[2024-07-31T16:40:59.276+0900] {process_utils.py:191} INFO - Installing collected packages: pytz, urllib3, tzdata, six, numpy, idna, charset-normalizer, certifi, requests, python-dateutil, pyarrow, pandas, mov
[2024-07-31T16:41:03.724+0900] {process_utils.py:191} INFO - Successfully installed certifi-2024.7.4 charset-normalizer-3.3.2 idna-3.7 mov-0.1.0 numpy-2.0.1 pandas-2.2.2 pyarrow-17.0.0 python-dateutil-2.9.0.post0 pytz-2024.1 requests-2.32.3 six-1.16.0 tzdata-2024.1 urllib3-2.2.2
[2024-07-31T16:41:03.729+0900] {process_utils.py:191} INFO - 
[2024-07-31T16:41:03.730+0900] {process_utils.py:191} INFO - [notice] A new release of pip is available: 24.1.2 -> 24.2
[2024-07-31T16:41:03.730+0900] {process_utils.py:191} INFO - [notice] To update, run: python -m pip install --upgrade pip
[2024-07-31T16:41:03.937+0900] {process_utils.py:183} INFO - Executing cmd: /var/folders/qv/0knwm5h50ml0skpppwpbks_r0000gp/T/venvl284f08a/bin/python /var/folders/qv/0knwm5h50ml0skpppwpbks_r0000gp/T/venv-call68435sir/script.py /var/folders/qv/0knwm5h50ml0skpppwpbks_r0000gp/T/venv-call68435sir/script.in /var/folders/qv/0knwm5h50ml0skpppwpbks_r0000gp/T/venv-call68435sir/script.out /var/folders/qv/0knwm5h50ml0skpppwpbks_r0000gp/T/venv-call68435sir/string_args.txt /var/folders/qv/0knwm5h50ml0skpppwpbks_r0000gp/T/venv-call68435sir/termination.log
[2024-07-31T16:41:03.939+0900] {process_utils.py:187} INFO - Output:
[2024-07-31T16:41:20.325+0900] {process_utils.py:191} INFO - {'boxOfficeResult': {'boxofficeType': '일별 박스오피스', 'showRange': '20240728~20240728', 'dailyBoxOfficeList': [{'rnum': '1', 'rank': '1', 'rankInten': '0', 'rankOldAndNew': 'OLD', 'movieCd': '20247781', 'movieNm': '데드풀과 울버린', 'openDt': '2024-07-24', 'salesAmt': '2569022883', 'salesShare': '41.2', 'salesInten': '-698920584', 'salesChange': '-21.4', 'salesAcc': '11304620623', 'audiCnt': '246319', 'audiInten': '-65282', 'audiChange': '-21', 'audiAcc': '1086003', 'scrnCnt': '1919', 'showCnt': '8414'}, {'rnum': '2', 'rank': '2', 'rankInten': '0', 'rankOldAndNew': 'OLD', 'movieCd': '20247440', 'movieNm': '슈퍼배드 4', 'openDt': '2024-07-24', 'salesAmt': '1361684323', 'salesShare': '21.8', 'salesInten': '-3961519', 'salesChange': '-0.3', 'salesAcc': '5492435247', 'audiCnt': '145484', 'audiInten': '-387', 'audiChange': '-0.3', 'audiAcc': '588412', 'scrnCnt': '1178', 'showCnt': '4406'}, {'rnum': '3', 'rank': '3', 'rankInten': '0', 'rankOldAndNew': 'OLD', 'movieCd': '20212932', 'movieNm': '탈주', 'openDt': '2024-07-03', 'salesAmt': '794258228', 'salesShare': '12.7', 'salesInten': '-3188334', 'salesChange': '-0.4', 'salesAcc': '21651689315', 'audiCnt': '82451', 'audiInten': '-152', 'audiChange': '-0.2', 'audiAcc': '2282056', 'scrnCnt': '899', 'showCnt': '2339'}, {'rnum': '4', 'rank': '4', 'rankInten': '0', 'rankOldAndNew': 'OLD', 'movieCd': '20235974', 'movieNm': '인사이드 아웃 2', 'openDt': '2024-06-12', 'salesAmt': '564806082', 'salesShare': '9.1', 'salesInten': '20651916', 'salesChange': '3.8', 'salesAcc': '79738373801', 'audiCnt': '58197', 'audiInten': '2236', 'audiChange': '4', 'audiAcc': '8291893', 'scrnCnt': '777', 'showCnt': '1608'}, {'rnum': '5', 'rank': '5', 'rankInten': '0', 'rankOldAndNew': 'OLD', 'movieCd': '20240983', 'movieNm': '명탐정 코난: 100만 달러의 펜타그램', 'openDt': '2024-07-17', 'salesAmt': '260530502', 'salesShare': '4.2', 'salesInten': '-5113429', 'salesChange': '-1.9', 'salesAcc': '5479615323', 'audiCnt': '27182', 'audiInten': '-334', 'audiChange': '-1.2', 'audiAcc': '557265', 'scrnCnt': '575', 'showCnt': '1032'}, {'rnum': '6', 'rank': '6', 'rankInten': '0', 'rankOldAndNew': 'OLD', 'movieCd': '20208245', 'movieNm': '핸섬가이즈', 'openDt': '2024-06-26', 'salesAmt': '227791568', 'salesShare': '3.7', 'salesInten': '-22713058', 'salesChange': '-9.1', 'salesAcc': '16056088838', 'audiCnt': '23547', 'audiInten': '-2134', 'audiChange': '-8.3', 'audiAcc': '1716970', 'scrnCnt': '528', 'showCnt': '837'}, {'rnum': '7', 'rank': '7', 'rankInten': '1', 'rankOldAndNew': 'OLD', 'movieCd': '20208911', 'movieNm': '탈출: 프로젝트 사일런스', 'openDt': '2024-07-12', 'salesAmt': '79656105', 'salesShare': '1.3', 'salesInten': '-589658', 'salesChange': '-0.7', 'salesAcc': '6553823231', 'audiCnt': '8120', 'audiInten': '-78', 'audiChange': '-1', 'audiAcc': '672059', 'scrnCnt': '332', 'showCnt': '469'}, {'rnum': '8', 'rank': '8', 'rankInten': '-1', 'rankOldAndNew': 'OLD', 'movieCd': '20224666', 'movieNm': '파일럿', 'openDt': '2024-07-31', 'salesAmt': '79377067', 'salesShare': '1.3', 'salesInten': '-52225300', 'salesChange': '-39.7', 'salesAcc': '495233434', 'audiCnt': '6701', 'audiInten': '-5419', 'audiChange': '-44.7', 'audiAcc': '49126', 'scrnCnt': '18', 'showCnt': '26'}, {'rnum': '9', 'rank': '9', 'rankInten': '0', 'rankOldAndNew': 'OLD', 'movieCd': '20249733', 'movieNm': '사랑의 하츄핑', 'openDt': '2024-08-07', 'salesAmt': '40034300', 'salesShare': '0.6', 'salesInten': '-8775650', 'salesChange': '-18', 'salesAcc': '128831250', 'audiCnt': '3435', 'audiInten': '-626', 'audiChange': '-15.4', 'audiAcc': '11546', 'scrnCnt': '12', 'showCnt': '16'}, {'rnum': '10', 'rank': '10', 'rankInten': '0', 'rankOldAndNew': 'OLD', 'movieCd': '20235926', 'movieNm': '퍼펙트 데이즈', 'openDt': '2024-07-03', 'salesAmt': '31272195', 'salesShare': '0.5', 'salesInten': '-3393139', 'salesChange': '-9.8', 'salesAcc': '621719087', 'audiCnt': '3246', 'audiInten': '-285', 'audiChange': '-8.1', 'audiAcc': '65643', 'scrnCnt': '53', 'showCnt': '69'}]}}
[2024-07-31T16:41:20.326+0900] {process_utils.py:191} INFO -   rnum rank rankInten rankOldAndNew  ...  audiAcc scrnCnt showCnt   load_dt
[2024-07-31T16:41:20.326+0900] {process_utils.py:191} INFO - 0    1    1         0           OLD  ...  1086003    1919    8414  20240728
[2024-07-31T16:41:20.327+0900] {process_utils.py:191} INFO - 1    2    2         0           OLD  ...   588412    1178    4406  20240728
[2024-07-31T16:41:20.327+0900] {process_utils.py:191} INFO - 2    3    3         0           OLD  ...  2282056     899    2339  20240728
[2024-07-31T16:41:20.327+0900] {process_utils.py:191} INFO - 3    4    4         0           OLD  ...  8291893     777    1608  20240728
[2024-07-31T16:41:20.328+0900] {process_utils.py:191} INFO - 4    5    5         0           OLD  ...   557265     575    1032  20240728
[2024-07-31T16:41:20.328+0900] {process_utils.py:191} INFO - 
[2024-07-31T16:41:20.328+0900] {process_utils.py:191} INFO - [5 rows x 19 columns]
[2024-07-31T16:41:20.329+0900] {process_utils.py:191} INFO -   rnum rank rankInten rankOldAndNew  ...  audiAcc scrnCnt showCnt   load_dt
[2024-07-31T16:41:20.329+0900] {process_utils.py:191} INFO - 0    1    1         0           OLD  ...  1086003    1919    8414  20240728
[2024-07-31T16:41:20.329+0900] {process_utils.py:191} INFO - 1    2    2         0           OLD  ...   588412    1178    4406  20240728
[2024-07-31T16:41:20.330+0900] {process_utils.py:191} INFO - 2    3    3         0           OLD  ...  2282056     899    2339  20240728
[2024-07-31T16:41:20.330+0900] {process_utils.py:191} INFO - 3    4    4         0           OLD  ...  8291893     777    1608  20240728
[2024-07-31T16:41:20.331+0900] {process_utils.py:191} INFO - 4    5    5         0           OLD  ...   557265     575    1032  20240728
[2024-07-31T16:41:20.331+0900] {process_utils.py:191} INFO - 
[2024-07-31T16:41:20.331+0900] {process_utils.py:191} INFO - [5 rows x 19 columns]
[2024-07-31T16:41:20.773+0900] {python.py:237} INFO - Done. Returned value was: None
[2024-07-31T16:41:20.773+0900] {taskinstance.py:441} INFO - ::group::Post task execution logs
[2024-07-31T16:41:20.776+0900] {taskinstance.py:1206} INFO - Marking task as SUCCESS. dag_id=movie, task_id=get.data, run_id=scheduled__2024-07-28T02:10:00+00:00, execution_date=20240728T021000, start_date=20240731T074054, end_date=20240731T074120
[2024-07-31T16:41:20.815+0900] {local_task_job_runner.py:243} INFO - Task exited with return code 0
[2024-07-31T16:41:20.823+0900] {taskinstance.py:3503} INFO - 0 downstream tasks scheduled from follow-on schedule check
[2024-07-31T16:41:20.823+0900] {local_task_job_runner.py:222} INFO - ::endgroup::
