[2024-07-24T15:27:31.634+0900] {local_task_job_runner.py:120} INFO - ::group::Pre task execution logs
[2024-07-24T15:27:31.641+0900] {taskinstance.py:2076} INFO - Dependencies all met for dep_context=non-requeueable deps ti=<TaskInstance: import_db.to_tmp scheduled__2024-07-13T00:00:00+00:00 [queued]>
[2024-07-24T15:27:31.643+0900] {taskinstance.py:2076} INFO - Dependencies all met for dep_context=requeueable deps ti=<TaskInstance: import_db.to_tmp scheduled__2024-07-13T00:00:00+00:00 [queued]>
[2024-07-24T15:27:31.644+0900] {taskinstance.py:2306} INFO - Starting attempt 9 of 9
[2024-07-24T15:27:31.647+0900] {taskinstance.py:2330} INFO - Executing <Task(BashOperator): to_tmp> on 2024-07-13 00:00:00+00:00
[2024-07-24T15:27:31.650+0900] {standard_task_runner.py:64} INFO - Started process 96517 to run task
[2024-07-24T15:27:31.652+0900] {standard_task_runner.py:90} INFO - Running: ['airflow', 'tasks', 'run', 'import_db', 'to_tmp', 'scheduled__2024-07-13T00:00:00+00:00', '--job-id', '336', '--raw', '--subdir', 'DAGS_FOLDER/import_db.py', '--cfg-path', '/var/folders/qv/0knwm5h50ml0skpppwpbks_r0000gp/T/tmp4wv_oh_0']
[2024-07-24T15:27:31.653+0900] {standard_task_runner.py:91} INFO - Job 336: Subtask to_tmp
[2024-07-24T15:27:31.667+0900] {task_command.py:426} INFO - Running <TaskInstance: import_db.to_tmp scheduled__2024-07-13T00:00:00+00:00 [running]> on host jeongui-MacBookPro.local
[2024-07-24T15:27:31.689+0900] {taskinstance.py:2648} INFO - Exporting env vars: AIRFLOW_CTX_DAG_OWNER='airflow' AIRFLOW_CTX_DAG_ID='import_db' AIRFLOW_CTX_TASK_ID='to_tmp' AIRFLOW_CTX_EXECUTION_DATE='2024-07-13T00:00:00+00:00' AIRFLOW_CTX_TRY_NUMBER='9' AIRFLOW_CTX_DAG_RUN_ID='scheduled__2024-07-13T00:00:00+00:00'
[2024-07-24T15:27:31.690+0900] {taskinstance.py:430} INFO - ::endgroup::
[2024-07-24T15:27:31.695+0900] {subprocess.py:63} INFO - Tmp dir root location: /var/folders/qv/0knwm5h50ml0skpppwpbks_r0000gp/T
[2024-07-24T15:27:31.696+0900] {subprocess.py:75} INFO - Running command: ['/bin/bash', '-c', '\n                echo "tmp"\n                CSV_FILE=~/data/csv/20240713/csv.csv\n                echo $CSV_FILE\n                bash /Users/DE32/airflow/sh/to_tmp.sh $CSV_FILE {ds}\n            ']
[2024-07-24T15:27:31.699+0900] {subprocess.py:86} INFO - Output:
[2024-07-24T15:27:31.700+0900] {subprocess.py:93} INFO - tmp
[2024-07-24T15:27:31.700+0900] {subprocess.py:93} INFO - /Users/DE32/data/csv/20240713/csv.csv
[2024-07-24T15:27:31.707+0900] {subprocess.py:93} INFO - mysql: [Warning] Using a password on the command line interface can be insecure.
[2024-07-24T15:27:31.712+0900] {subprocess.py:97} INFO - Command exited with return code 0
[2024-07-24T15:27:31.712+0900] {taskinstance.py:441} INFO - ::group::Post task execution logs
[2024-07-24T15:27:31.719+0900] {taskinstance.py:1206} INFO - Marking task as SUCCESS. dag_id=import_db, task_id=to_tmp, run_id=scheduled__2024-07-13T00:00:00+00:00, execution_date=20240713T000000, start_date=20240724T062731, end_date=20240724T062731
[2024-07-24T15:27:31.757+0900] {local_task_job_runner.py:243} INFO - Task exited with return code 0
[2024-07-24T15:27:31.763+0900] {taskinstance.py:3503} INFO - 0 downstream tasks scheduled from follow-on schedule check
[2024-07-24T15:27:31.764+0900] {local_task_job_runner.py:222} INFO - ::endgroup::
