[2024-07-24T16:22:23.536+0900] {local_task_job_runner.py:120} INFO - ::group::Pre task execution logs
[2024-07-24T16:22:23.543+0900] {taskinstance.py:2076} INFO - Dependencies all met for dep_context=non-requeueable deps ti=<TaskInstance: make_parquet.check.done scheduled__2024-07-21T00:00:00+00:00 [queued]>
[2024-07-24T16:22:23.546+0900] {taskinstance.py:2076} INFO - Dependencies all met for dep_context=requeueable deps ti=<TaskInstance: make_parquet.check.done scheduled__2024-07-21T00:00:00+00:00 [queued]>
[2024-07-24T16:22:23.546+0900] {taskinstance.py:2306} INFO - Starting attempt 1 of 2
[2024-07-24T16:22:23.550+0900] {taskinstance.py:2330} INFO - Executing <Task(BashOperator): check.done> on 2024-07-21 00:00:00+00:00
[2024-07-24T16:22:23.552+0900] {standard_task_runner.py:64} INFO - Started process 98873 to run task
[2024-07-24T16:22:23.555+0900] {standard_task_runner.py:90} INFO - Running: ['airflow', 'tasks', 'run', 'make_parquet', 'check.done', 'scheduled__2024-07-21T00:00:00+00:00', '--job-id', '411', '--raw', '--subdir', 'DAGS_FOLDER/make_parquet.py', '--cfg-path', '/var/folders/qv/0knwm5h50ml0skpppwpbks_r0000gp/T/tmpv1yovj3j']
[2024-07-24T16:22:23.556+0900] {standard_task_runner.py:91} INFO - Job 411: Subtask check.done
[2024-07-24T16:22:23.570+0900] {task_command.py:426} INFO - Running <TaskInstance: make_parquet.check.done scheduled__2024-07-21T00:00:00+00:00 [running]> on host jeongui-MacBookPro.local
[2024-07-24T16:22:23.596+0900] {taskinstance.py:2648} INFO - Exporting env vars: AIRFLOW_CTX_DAG_OWNER='airflow' AIRFLOW_CTX_DAG_ID='make_parquet' AIRFLOW_CTX_TASK_ID='check.done' AIRFLOW_CTX_EXECUTION_DATE='2024-07-21T00:00:00+00:00' AIRFLOW_CTX_TRY_NUMBER='1' AIRFLOW_CTX_DAG_RUN_ID='scheduled__2024-07-21T00:00:00+00:00'
[2024-07-24T16:22:23.597+0900] {taskinstance.py:430} INFO - ::endgroup::
[2024-07-24T16:22:23.604+0900] {subprocess.py:63} INFO - Tmp dir root location: /var/folders/qv/0knwm5h50ml0skpppwpbks_r0000gp/T
[2024-07-24T16:22:23.604+0900] {subprocess.py:75} INFO - Running command: ['/bin/bash', '-c', '\n        DONE_FILE=~/data/done/_import/20240721/_DONE\n        bash /Users/DE32/airflow/sh/simple_done_check.sh $DONE_FILE\n        ']
[2024-07-24T16:22:23.607+0900] {subprocess.py:86} INFO - Output:
[2024-07-24T16:22:23.611+0900] {subprocess.py:93} INFO - _DONE Path = /Users/DE32/data/done/_import/20240721/_DONE
[2024-07-24T16:22:23.611+0900] {subprocess.py:93} INFO - I'll be back =>
[2024-07-24T16:22:23.611+0900] {subprocess.py:97} INFO - Command exited with return code 1
[2024-07-24T16:22:23.612+0900] {taskinstance.py:441} INFO - ::group::Post task execution logs
[2024-07-24T16:22:23.615+0900] {taskinstance.py:2905} ERROR - Task failed with exception
Traceback (most recent call last):
  File "/Users/DE32/.pyenv/versions/3.11.9/envs/note/lib/python3.11/site-packages/airflow/models/taskinstance.py", line 465, in _execute_task
    result = _execute_callable(context=context, **execute_callable_kwargs)
             ^^^^^^^^^^^^^^^^^^^^^^^^^^^^^^^^^^^^^^^^^^^^^^^^^^^^^^^^^^^^^
  File "/Users/DE32/.pyenv/versions/3.11.9/envs/note/lib/python3.11/site-packages/airflow/models/taskinstance.py", line 432, in _execute_callable
    return execute_callable(context=context, **execute_callable_kwargs)
           ^^^^^^^^^^^^^^^^^^^^^^^^^^^^^^^^^^^^^^^^^^^^^^^^^^^^^^^^^^^^
  File "/Users/DE32/.pyenv/versions/3.11.9/envs/note/lib/python3.11/site-packages/airflow/models/baseoperator.py", line 401, in wrapper
    return func(self, *args, **kwargs)
           ^^^^^^^^^^^^^^^^^^^^^^^^^^^
  File "/Users/DE32/.pyenv/versions/3.11.9/envs/note/lib/python3.11/site-packages/airflow/operators/bash.py", line 243, in execute
    raise AirflowException(
airflow.exceptions.AirflowException: Bash command failed. The command returned a non-zero exit code 1.
[2024-07-24T16:22:23.616+0900] {taskinstance.py:1206} INFO - Marking task as UP_FOR_RETRY. dag_id=make_parquet, task_id=check.done, run_id=scheduled__2024-07-21T00:00:00+00:00, execution_date=20240721T000000, start_date=20240724T072223, end_date=20240724T072223
[2024-07-24T16:22:23.620+0900] {standard_task_runner.py:110} ERROR - Failed to execute job 411 for task check.done (Bash command failed. The command returned a non-zero exit code 1.; 98873)
[2024-07-24T16:22:23.660+0900] {local_task_job_runner.py:243} INFO - Task exited with return code 1
[2024-07-24T16:22:23.669+0900] {taskinstance.py:3503} INFO - 0 downstream tasks scheduled from follow-on schedule check
[2024-07-24T16:22:23.669+0900] {local_task_job_runner.py:222} INFO - ::endgroup::
[2024-07-24T16:37:21.422+0900] {local_task_job_runner.py:120} INFO - ::group::Pre task execution logs
[2024-07-24T16:37:21.429+0900] {taskinstance.py:2076} INFO - Dependencies all met for dep_context=non-requeueable deps ti=<TaskInstance: make_parquet.check.done scheduled__2024-07-21T00:00:00+00:00 [queued]>
[2024-07-24T16:37:21.431+0900] {taskinstance.py:2076} INFO - Dependencies all met for dep_context=requeueable deps ti=<TaskInstance: make_parquet.check.done scheduled__2024-07-21T00:00:00+00:00 [queued]>
[2024-07-24T16:37:21.431+0900] {taskinstance.py:2306} INFO - Starting attempt 1 of 2
[2024-07-24T16:37:21.435+0900] {taskinstance.py:2330} INFO - Executing <Task(BashOperator): check.done> on 2024-07-21 00:00:00+00:00
[2024-07-24T16:37:21.437+0900] {standard_task_runner.py:64} INFO - Started process 1336 to run task
[2024-07-24T16:37:21.439+0900] {standard_task_runner.py:90} INFO - Running: ['airflow', 'tasks', 'run', 'make_parquet', 'check.done', 'scheduled__2024-07-21T00:00:00+00:00', '--job-id', '399', '--raw', '--subdir', 'DAGS_FOLDER/make_parquet.py', '--cfg-path', '/var/folders/qv/0knwm5h50ml0skpppwpbks_r0000gp/T/tmpvx_oeos4']
[2024-07-24T16:37:21.441+0900] {standard_task_runner.py:91} INFO - Job 399: Subtask check.done
[2024-07-24T16:37:21.454+0900] {task_command.py:426} INFO - Running <TaskInstance: make_parquet.check.done scheduled__2024-07-21T00:00:00+00:00 [running]> on host jeongui-MacBookPro.local
[2024-07-24T16:37:21.477+0900] {taskinstance.py:2648} INFO - Exporting env vars: AIRFLOW_CTX_DAG_OWNER='airflow' AIRFLOW_CTX_DAG_ID='make_parquet' AIRFLOW_CTX_TASK_ID='check.done' AIRFLOW_CTX_EXECUTION_DATE='2024-07-21T00:00:00+00:00' AIRFLOW_CTX_TRY_NUMBER='1' AIRFLOW_CTX_DAG_RUN_ID='scheduled__2024-07-21T00:00:00+00:00'
[2024-07-24T16:37:21.477+0900] {taskinstance.py:430} INFO - ::endgroup::
[2024-07-24T16:37:21.483+0900] {subprocess.py:63} INFO - Tmp dir root location: /var/folders/qv/0knwm5h50ml0skpppwpbks_r0000gp/T
[2024-07-24T16:37:21.483+0900] {subprocess.py:75} INFO - Running command: ['/bin/bash', '-c', '\n        DONE_FILE=~/data/done/_import/20240721/_DONE\n        bash /Users/DE32/airflow/sh/simple_done_check.sh $DONE_FILE\n        ']
[2024-07-24T16:37:21.486+0900] {subprocess.py:86} INFO - Output:
[2024-07-24T16:37:21.490+0900] {subprocess.py:93} INFO - _DONE Path = /Users/DE32/data/done/_import/20240721/_DONE
[2024-07-24T16:37:21.490+0900] {subprocess.py:93} INFO - I'll be back =>
[2024-07-24T16:37:21.490+0900] {subprocess.py:97} INFO - Command exited with return code 1
[2024-07-24T16:37:21.491+0900] {taskinstance.py:441} INFO - ::group::Post task execution logs
[2024-07-24T16:37:21.493+0900] {taskinstance.py:2905} ERROR - Task failed with exception
Traceback (most recent call last):
  File "/Users/DE32/.pyenv/versions/3.11.9/envs/note/lib/python3.11/site-packages/airflow/models/taskinstance.py", line 465, in _execute_task
    result = _execute_callable(context=context, **execute_callable_kwargs)
             ^^^^^^^^^^^^^^^^^^^^^^^^^^^^^^^^^^^^^^^^^^^^^^^^^^^^^^^^^^^^^
  File "/Users/DE32/.pyenv/versions/3.11.9/envs/note/lib/python3.11/site-packages/airflow/models/taskinstance.py", line 432, in _execute_callable
    return execute_callable(context=context, **execute_callable_kwargs)
           ^^^^^^^^^^^^^^^^^^^^^^^^^^^^^^^^^^^^^^^^^^^^^^^^^^^^^^^^^^^^
  File "/Users/DE32/.pyenv/versions/3.11.9/envs/note/lib/python3.11/site-packages/airflow/models/baseoperator.py", line 401, in wrapper
    return func(self, *args, **kwargs)
           ^^^^^^^^^^^^^^^^^^^^^^^^^^^
  File "/Users/DE32/.pyenv/versions/3.11.9/envs/note/lib/python3.11/site-packages/airflow/operators/bash.py", line 243, in execute
    raise AirflowException(
airflow.exceptions.AirflowException: Bash command failed. The command returned a non-zero exit code 1.
[2024-07-24T16:37:21.495+0900] {taskinstance.py:1206} INFO - Marking task as UP_FOR_RETRY. dag_id=make_parquet, task_id=check.done, run_id=scheduled__2024-07-21T00:00:00+00:00, execution_date=20240721T000000, start_date=20240724T073721, end_date=20240724T073721
[2024-07-24T16:37:21.499+0900] {standard_task_runner.py:110} ERROR - Failed to execute job 399 for task check.done (Bash command failed. The command returned a non-zero exit code 1.; 1336)
[2024-07-24T16:37:21.501+0900] {local_task_job_runner.py:243} INFO - Task exited with return code 1
[2024-07-24T16:37:21.508+0900] {taskinstance.py:3503} INFO - 0 downstream tasks scheduled from follow-on schedule check
[2024-07-24T16:37:21.508+0900] {local_task_job_runner.py:222} INFO - ::endgroup::
