[2024-07-31T19:40:05.243+0900] {local_task_job_runner.py:120} INFO - ::group::Pre task execution logs
[2024-07-31T19:40:05.252+0900] {taskinstance.py:2076} INFO - Dependencies all met for dep_context=non-requeueable deps ti=<TaskInstance: movie.multi.y scheduled__2024-07-25T02:10:00+00:00 [queued]>
[2024-07-31T19:40:05.254+0900] {taskinstance.py:2076} INFO - Dependencies all met for dep_context=requeueable deps ti=<TaskInstance: movie.multi.y scheduled__2024-07-25T02:10:00+00:00 [queued]>
[2024-07-31T19:40:05.254+0900] {taskinstance.py:2306} INFO - Starting attempt 5 of 6
[2024-07-31T19:40:05.262+0900] {taskinstance.py:2330} INFO - Executing <Task(PythonVirtualenvOperator): multi.y> on 2024-07-25 02:10:00+00:00
[2024-07-31T19:40:05.267+0900] {standard_task_runner.py:64} INFO - Started process 32654 to run task
[2024-07-31T19:40:05.269+0900] {standard_task_runner.py:90} INFO - Running: ['airflow', 'tasks', 'run', 'movie', 'multi.y', 'scheduled__2024-07-25T02:10:00+00:00', '--job-id', '948', '--raw', '--subdir', 'DAGS_FOLDER/movie.py', '--cfg-path', '/var/folders/qv/0knwm5h50ml0skpppwpbks_r0000gp/T/tmpye_6htka']
[2024-07-31T19:40:05.271+0900] {standard_task_runner.py:91} INFO - Job 948: Subtask multi.y
[2024-07-31T19:40:05.292+0900] {task_command.py:426} INFO - Running <TaskInstance: movie.multi.y scheduled__2024-07-25T02:10:00+00:00 [running]> on host jeongui-MacBookPro.local
[2024-07-31T19:40:05.318+0900] {taskinstance.py:2648} INFO - Exporting env vars: AIRFLOW_CTX_DAG_OWNER='airflow' AIRFLOW_CTX_DAG_ID='movie' AIRFLOW_CTX_TASK_ID='multi.y' AIRFLOW_CTX_EXECUTION_DATE='2024-07-25T02:10:00+00:00' AIRFLOW_CTX_TRY_NUMBER='5' AIRFLOW_CTX_DAG_RUN_ID='scheduled__2024-07-25T02:10:00+00:00'
[2024-07-31T19:40:05.319+0900] {taskinstance.py:430} INFO - ::endgroup::
[2024-07-31T19:40:05.324+0900] {baseoperator.py:400} WARNING - PythonVirtualenvOperator.execute cannot be called outside TaskInstance!
[2024-07-31T19:40:05.324+0900] {process_utils.py:183} INFO - Executing cmd: /Users/DE32/.pyenv/versions/3.11.9/envs/note/bin/python -m virtualenv /var/folders/qv/0knwm5h50ml0skpppwpbks_r0000gp/T/venv_i0f0tmg --python=python
[2024-07-31T19:40:05.326+0900] {process_utils.py:187} INFO - Output:
[2024-07-31T19:40:05.559+0900] {process_utils.py:191} INFO - created virtual environment CPython3.11.9.final.0-64 in 164ms
[2024-07-31T19:40:05.559+0900] {process_utils.py:191} INFO -   creator CPython3Posix(dest=/private/var/folders/qv/0knwm5h50ml0skpppwpbks_r0000gp/T/venv_i0f0tmg, clear=False, no_vcs_ignore=False, global=False)
[2024-07-31T19:40:05.559+0900] {process_utils.py:191} INFO -   seeder FromAppData(download=False, pip=bundle, setuptools=bundle, wheel=bundle, via=copy, app_data_dir=/Users/DE32/Library/Application Support/virtualenv)
[2024-07-31T19:40:05.559+0900] {process_utils.py:191} INFO -     added seed packages: pip==24.1.2, setuptools==70.2.0, wheel==0.43.0
[2024-07-31T19:40:05.560+0900] {process_utils.py:191} INFO -   activators BashActivator,CShellActivator,FishActivator,NushellActivator,PowerShellActivator,PythonActivator
[2024-07-31T19:40:05.570+0900] {process_utils.py:183} INFO - Executing cmd: /var/folders/qv/0knwm5h50ml0skpppwpbks_r0000gp/T/venv_i0f0tmg/bin/pip install -r /var/folders/qv/0knwm5h50ml0skpppwpbks_r0000gp/T/venv_i0f0tmg/requirements.txt
[2024-07-31T19:40:05.572+0900] {process_utils.py:187} INFO - Output:
[2024-07-31T19:40:06.306+0900] {process_utils.py:191} INFO - Collecting git+https://github.com/Jeonghoon2/movie.git@0.2/api (from -r /var/folders/qv/0knwm5h50ml0skpppwpbks_r0000gp/T/venv_i0f0tmg/requirements.txt (line 1))
[2024-07-31T19:40:06.306+0900] {process_utils.py:191} INFO -   Cloning https://github.com/Jeonghoon2/movie.git (to revision 0.2/api) to /private/var/folders/qv/0knwm5h50ml0skpppwpbks_r0000gp/T/pip-req-build-ycu6if5r
[2024-07-31T19:40:06.318+0900] {process_utils.py:191} INFO -   Running command git clone --filter=blob:none --quiet https://github.com/Jeonghoon2/movie.git /private/var/folders/qv/0knwm5h50ml0skpppwpbks_r0000gp/T/pip-req-build-ycu6if5r
[2024-07-31T19:40:07.845+0900] {process_utils.py:191} INFO -   Running command git checkout -b 0.2/api --track origin/0.2/api
[2024-07-31T19:40:08.378+0900] {process_utils.py:191} INFO -   Switched to a new branch '0.2/api'
[2024-07-31T19:40:08.378+0900] {process_utils.py:191} INFO -   branch '0.2/api' set up to track 'origin/0.2/api'.
[2024-07-31T19:40:08.379+0900] {process_utils.py:191} INFO -   Resolved https://github.com/Jeonghoon2/movie.git to commit c2fdd392ce95b386519b05b3bab786608cdb1c58
[2024-07-31T19:40:08.400+0900] {process_utils.py:191} INFO -   Installing build dependencies: started
[2024-07-31T19:40:09.284+0900] {process_utils.py:191} INFO -   Installing build dependencies: finished with status 'done'
[2024-07-31T19:40:09.285+0900] {process_utils.py:191} INFO -   Getting requirements to build wheel: started
[2024-07-31T19:40:09.408+0900] {process_utils.py:191} INFO -   Getting requirements to build wheel: finished with status 'done'
[2024-07-31T19:40:09.409+0900] {process_utils.py:191} INFO -   Preparing metadata (pyproject.toml): started
[2024-07-31T19:40:09.534+0900] {process_utils.py:191} INFO -   Preparing metadata (pyproject.toml): finished with status 'done'
[2024-07-31T19:40:09.594+0900] {process_utils.py:191} INFO - Collecting requests>=2.32.3 (from mov==0.1.0->-r /var/folders/qv/0knwm5h50ml0skpppwpbks_r0000gp/T/venv_i0f0tmg/requirements.txt (line 1))
[2024-07-31T19:40:09.595+0900] {process_utils.py:191} INFO -   Using cached requests-2.32.3-py3-none-any.whl.metadata (4.6 kB)
[2024-07-31T19:40:09.660+0900] {process_utils.py:191} INFO - Collecting pandas>=2.2.2 (from mov==0.1.0->-r /var/folders/qv/0knwm5h50ml0skpppwpbks_r0000gp/T/venv_i0f0tmg/requirements.txt (line 1))
[2024-07-31T19:40:09.661+0900] {process_utils.py:191} INFO -   Using cached pandas-2.2.2-cp311-cp311-macosx_11_0_arm64.whl.metadata (19 kB)
[2024-07-31T19:40:09.759+0900] {process_utils.py:191} INFO - Collecting numpy>=2.0.1 (from mov==0.1.0->-r /var/folders/qv/0knwm5h50ml0skpppwpbks_r0000gp/T/venv_i0f0tmg/requirements.txt (line 1))
[2024-07-31T19:40:09.760+0900] {process_utils.py:191} INFO -   Using cached numpy-2.0.1-cp311-cp311-macosx_14_0_arm64.whl.metadata (60 kB)
[2024-07-31T19:40:09.818+0900] {process_utils.py:191} INFO - Collecting pyarrow>=17.0.0 (from mov==0.1.0->-r /var/folders/qv/0knwm5h50ml0skpppwpbks_r0000gp/T/venv_i0f0tmg/requirements.txt (line 1))
[2024-07-31T19:40:09.819+0900] {process_utils.py:191} INFO -   Using cached pyarrow-17.0.0-cp311-cp311-macosx_11_0_arm64.whl.metadata (3.3 kB)
[2024-07-31T19:40:09.841+0900] {process_utils.py:191} INFO - Collecting python-dateutil>=2.8.2 (from pandas>=2.2.2->mov==0.1.0->-r /var/folders/qv/0knwm5h50ml0skpppwpbks_r0000gp/T/venv_i0f0tmg/requirements.txt (line 1))
[2024-07-31T19:40:09.842+0900] {process_utils.py:191} INFO -   Using cached python_dateutil-2.9.0.post0-py2.py3-none-any.whl.metadata (8.4 kB)
[2024-07-31T19:40:09.873+0900] {process_utils.py:191} INFO - Collecting pytz>=2020.1 (from pandas>=2.2.2->mov==0.1.0->-r /var/folders/qv/0knwm5h50ml0skpppwpbks_r0000gp/T/venv_i0f0tmg/requirements.txt (line 1))
[2024-07-31T19:40:09.874+0900] {process_utils.py:191} INFO -   Using cached pytz-2024.1-py2.py3-none-any.whl.metadata (22 kB)
[2024-07-31T19:40:09.888+0900] {process_utils.py:191} INFO - Collecting tzdata>=2022.7 (from pandas>=2.2.2->mov==0.1.0->-r /var/folders/qv/0knwm5h50ml0skpppwpbks_r0000gp/T/venv_i0f0tmg/requirements.txt (line 1))
[2024-07-31T19:40:09.888+0900] {process_utils.py:191} INFO -   Using cached tzdata-2024.1-py2.py3-none-any.whl.metadata (1.4 kB)
[2024-07-31T19:40:09.930+0900] {process_utils.py:191} INFO - Collecting charset-normalizer<4,>=2 (from requests>=2.32.3->mov==0.1.0->-r /var/folders/qv/0knwm5h50ml0skpppwpbks_r0000gp/T/venv_i0f0tmg/requirements.txt (line 1))
[2024-07-31T19:40:09.931+0900] {process_utils.py:191} INFO -   Using cached charset_normalizer-3.3.2-cp311-cp311-macosx_11_0_arm64.whl.metadata (33 kB)
[2024-07-31T19:40:09.944+0900] {process_utils.py:191} INFO - Collecting idna<4,>=2.5 (from requests>=2.32.3->mov==0.1.0->-r /var/folders/qv/0knwm5h50ml0skpppwpbks_r0000gp/T/venv_i0f0tmg/requirements.txt (line 1))
[2024-07-31T19:40:09.945+0900] {process_utils.py:191} INFO -   Using cached idna-3.7-py3-none-any.whl.metadata (9.9 kB)
[2024-07-31T19:40:09.971+0900] {process_utils.py:191} INFO - Collecting urllib3<3,>=1.21.1 (from requests>=2.32.3->mov==0.1.0->-r /var/folders/qv/0knwm5h50ml0skpppwpbks_r0000gp/T/venv_i0f0tmg/requirements.txt (line 1))
[2024-07-31T19:40:09.972+0900] {process_utils.py:191} INFO -   Using cached urllib3-2.2.2-py3-none-any.whl.metadata (6.4 kB)
[2024-07-31T19:40:09.989+0900] {process_utils.py:191} INFO - Collecting certifi>=2017.4.17 (from requests>=2.32.3->mov==0.1.0->-r /var/folders/qv/0knwm5h50ml0skpppwpbks_r0000gp/T/venv_i0f0tmg/requirements.txt (line 1))
[2024-07-31T19:40:09.990+0900] {process_utils.py:191} INFO -   Using cached certifi-2024.7.4-py3-none-any.whl.metadata (2.2 kB)
[2024-07-31T19:40:10.014+0900] {process_utils.py:191} INFO - Collecting six>=1.5 (from python-dateutil>=2.8.2->pandas>=2.2.2->mov==0.1.0->-r /var/folders/qv/0knwm5h50ml0skpppwpbks_r0000gp/T/venv_i0f0tmg/requirements.txt (line 1))
[2024-07-31T19:40:10.015+0900] {process_utils.py:191} INFO -   Using cached six-1.16.0-py2.py3-none-any.whl.metadata (1.8 kB)
[2024-07-31T19:40:10.018+0900] {process_utils.py:191} INFO - Using cached numpy-2.0.1-cp311-cp311-macosx_14_0_arm64.whl (5.3 MB)
[2024-07-31T19:40:10.024+0900] {process_utils.py:191} INFO - Using cached pandas-2.2.2-cp311-cp311-macosx_11_0_arm64.whl (11.3 MB)
[2024-07-31T19:40:10.036+0900] {process_utils.py:191} INFO - Using cached pyarrow-17.0.0-cp311-cp311-macosx_11_0_arm64.whl (27.2 MB)
[2024-07-31T19:40:10.063+0900] {process_utils.py:191} INFO - Using cached requests-2.32.3-py3-none-any.whl (64 kB)
[2024-07-31T19:40:10.064+0900] {process_utils.py:191} INFO - Using cached certifi-2024.7.4-py3-none-any.whl (162 kB)
[2024-07-31T19:40:10.065+0900] {process_utils.py:191} INFO - Using cached charset_normalizer-3.3.2-cp311-cp311-macosx_11_0_arm64.whl (118 kB)
[2024-07-31T19:40:10.066+0900] {process_utils.py:191} INFO - Using cached idna-3.7-py3-none-any.whl (66 kB)
[2024-07-31T19:40:10.066+0900] {process_utils.py:191} INFO - Using cached python_dateutil-2.9.0.post0-py2.py3-none-any.whl (229 kB)
[2024-07-31T19:40:10.067+0900] {process_utils.py:191} INFO - Using cached pytz-2024.1-py2.py3-none-any.whl (505 kB)
[2024-07-31T19:40:10.069+0900] {process_utils.py:191} INFO - Using cached tzdata-2024.1-py2.py3-none-any.whl (345 kB)
[2024-07-31T19:40:10.070+0900] {process_utils.py:191} INFO - Using cached urllib3-2.2.2-py3-none-any.whl (121 kB)
[2024-07-31T19:40:10.070+0900] {process_utils.py:191} INFO - Using cached six-1.16.0-py2.py3-none-any.whl (11 kB)
[2024-07-31T19:40:10.112+0900] {process_utils.py:191} INFO - Building wheels for collected packages: mov
[2024-07-31T19:40:10.125+0900] {process_utils.py:191} INFO -   Building wheel for mov (pyproject.toml): started
[2024-07-31T19:40:10.260+0900] {process_utils.py:191} INFO -   Building wheel for mov (pyproject.toml): finished with status 'done'
[2024-07-31T19:40:10.261+0900] {process_utils.py:191} INFO -   Created wheel for mov: filename=mov-0.1.0-py3-none-any.whl size=3056 sha256=06875bfa53e8e94479c77c948df1b529a8e04092ca0bfeaafedc894edcc7ea3a
[2024-07-31T19:40:10.261+0900] {process_utils.py:191} INFO -   Stored in directory: /private/var/folders/qv/0knwm5h50ml0skpppwpbks_r0000gp/T/pip-ephem-wheel-cache-3heaierx/wheels/cf/ab/a7/d0c528d20fa8a5f19e169bdf1d98f2b2cefe79d8527bb89200
[2024-07-31T19:40:10.262+0900] {process_utils.py:191} INFO - Successfully built mov
[2024-07-31T19:40:10.290+0900] {process_utils.py:191} INFO - Installing collected packages: pytz, urllib3, tzdata, six, numpy, idna, charset-normalizer, certifi, requests, python-dateutil, pyarrow, pandas, mov
[2024-07-31T19:40:14.774+0900] {process_utils.py:191} INFO - Successfully installed certifi-2024.7.4 charset-normalizer-3.3.2 idna-3.7 mov-0.1.0 numpy-2.0.1 pandas-2.2.2 pyarrow-17.0.0 python-dateutil-2.9.0.post0 pytz-2024.1 requests-2.32.3 six-1.16.0 tzdata-2024.1 urllib3-2.2.2
[2024-07-31T19:40:14.777+0900] {process_utils.py:191} INFO - 
[2024-07-31T19:40:14.777+0900] {process_utils.py:191} INFO - [notice] A new release of pip is available: 24.1.2 -> 24.2
[2024-07-31T19:40:14.777+0900] {process_utils.py:191} INFO - [notice] To update, run: python -m pip install --upgrade pip
[2024-07-31T19:40:14.909+0900] {logging_mixin.py:188} WARNING - /Users/DE32/.pyenv/versions/3.11.9/envs/note/lib/python3.11/site-packages/airflow/utils/context.py:212 AirflowContextDeprecationWarning: Accessing 'next_ds' from the template is deprecated and will be removed in a future version. Please use '{{ data_interval_end | ds }}' instead.
[2024-07-31T19:40:14.910+0900] {logging_mixin.py:188} WARNING - /Users/DE32/.pyenv/versions/3.11.9/envs/note/lib/python3.11/site-packages/airflow/utils/context.py:212 AirflowContextDeprecationWarning: Accessing 'next_ds_nodash' from the template is deprecated and will be removed in a future version. Please use '{{ data_interval_end | ds_nodash }}' instead.
[2024-07-31T19:40:14.910+0900] {logging_mixin.py:188} WARNING - /Users/DE32/.pyenv/versions/3.11.9/envs/note/lib/python3.11/site-packages/airflow/utils/context.py:212 AirflowContextDeprecationWarning: Accessing 'prev_ds' from the template is deprecated and will be removed in a future version.
[2024-07-31T19:40:14.910+0900] {logging_mixin.py:188} WARNING - /Users/DE32/.pyenv/versions/3.11.9/envs/note/lib/python3.11/site-packages/airflow/utils/context.py:212 AirflowContextDeprecationWarning: Accessing 'prev_ds_nodash' from the template is deprecated and will be removed in a future version.
[2024-07-31T19:40:14.911+0900] {logging_mixin.py:188} WARNING - /Users/DE32/.pyenv/versions/3.11.9/envs/note/lib/python3.11/site-packages/airflow/utils/context.py:212 AirflowContextDeprecationWarning: Accessing 'tomorrow_ds' from the template is deprecated and will be removed in a future version.
[2024-07-31T19:40:14.911+0900] {logging_mixin.py:188} WARNING - /Users/DE32/.pyenv/versions/3.11.9/envs/note/lib/python3.11/site-packages/airflow/utils/context.py:212 AirflowContextDeprecationWarning: Accessing 'tomorrow_ds_nodash' from the template is deprecated and will be removed in a future version.
[2024-07-31T19:40:14.911+0900] {logging_mixin.py:188} WARNING - /Users/DE32/.pyenv/versions/3.11.9/envs/note/lib/python3.11/site-packages/airflow/utils/context.py:212 AirflowContextDeprecationWarning: Accessing 'yesterday_ds' from the template is deprecated and will be removed in a future version.
[2024-07-31T19:40:14.912+0900] {logging_mixin.py:188} WARNING - /Users/DE32/.pyenv/versions/3.11.9/envs/note/lib/python3.11/site-packages/airflow/utils/context.py:212 AirflowContextDeprecationWarning: Accessing 'yesterday_ds_nodash' from the template is deprecated and will be removed in a future version.
[2024-07-31T19:40:14.916+0900] {process_utils.py:183} INFO - Executing cmd: /var/folders/qv/0knwm5h50ml0skpppwpbks_r0000gp/T/venv_i0f0tmg/bin/python /var/folders/qv/0knwm5h50ml0skpppwpbks_r0000gp/T/venv-calles3r79i4/script.py /var/folders/qv/0knwm5h50ml0skpppwpbks_r0000gp/T/venv-calles3r79i4/script.in /var/folders/qv/0knwm5h50ml0skpppwpbks_r0000gp/T/venv-calles3r79i4/script.out /var/folders/qv/0knwm5h50ml0skpppwpbks_r0000gp/T/venv-calles3r79i4/string_args.txt /var/folders/qv/0knwm5h50ml0skpppwpbks_r0000gp/T/venv-calles3r79i4/termination.log
[2024-07-31T19:40:14.918+0900] {process_utils.py:187} INFO - Output:
[2024-07-31T19:40:30.505+0900] {process_utils.py:191} INFO - {'boxOfficeResult': {'boxofficeType': '일별 박스오피스', 'showRange': '20240725~20240725', 'dailyBoxOfficeList': [{'rnum': '1', 'rank': '1', 'rankInten': '0', 'rankOldAndNew': 'OLD', 'movieCd': '20235926', 'movieNm': '퍼펙트 데이즈', 'openDt': '2024-07-03', 'salesAmt': '17094339', 'salesShare': '29.4', 'salesInten': '2354800', 'salesChange': '16', 'salesAcc': '538716002', 'audiCnt': '1861', 'audiInten': '204', 'audiChange': '12.3', 'audiAcc': '57087', 'scrnCnt': '52', 'showCnt': '65'}, {'rnum': '2', 'rank': '2', 'rankInten': '0', 'rankOldAndNew': 'OLD', 'movieCd': '19960126', 'movieNm': '비포 선라이즈', 'openDt': '1996-03-30', 'salesAmt': '7395639', 'salesShare': '12.7', 'salesInten': '-1142039', 'salesChange': '-13.4', 'salesAcc': '633718759', 'audiCnt': '780', 'audiInten': '-114', 'audiChange': '-12.8', 'audiAcc': '74699', 'scrnCnt': '39', 'showCnt': '49'}, {'rnum': '3', 'rank': '3', 'rankInten': '0', 'rankOldAndNew': 'OLD', 'movieCd': '20148830', 'movieNm': '마담 프루스트의 비밀정원', 'openDt': '2014-07-24', 'salesAmt': '4451200', 'salesShare': '7.7', 'salesInten': '-678100', 'salesChange': '-13.2', 'salesAcc': '1290371862', 'audiCnt': '464', 'audiInten': '-77', 'audiChange': '-14.2', 'audiAcc': '164297', 'scrnCnt': '38', 'showCnt': '43'}, {'rnum': '4', 'rank': '4', 'rankInten': '1', 'rankOldAndNew': 'OLD', 'movieCd': '20247397', 'movieNm': '존 오브 인터레스트', 'openDt': '2024-06-05', 'salesAmt': '3385239', 'salesShare': '5.8', 'salesInten': '325300', 'salesChange': '10.6', 'salesAcc': '1908579058', 'audiCnt': '356', 'audiInten': '19', 'audiChange': '5.6', 'audiAcc': '192021', 'scrnCnt': '26', 'showCnt': '32'}, {'rnum': '5', 'rank': '5', 'rankInten': '4', 'rankOldAndNew': 'OLD', 'movieCd': '20240735', 'movieNm': '러브 라이즈 블리딩', 'openDt': '2024-07-10', 'salesAmt': '3284500', 'salesShare': '5.7', 'salesInten': '1172000', 'salesChange': '55.5', 'salesAcc': '202878250', 'audiCnt': '322', 'audiInten': '84', 'audiChange': '35.3', 'audiAcc': '26490', 'scrnCnt': '24', 'showCnt': '27'}, {'rnum': '6', 'rank': '6', 'rankInten': '-2', 'rankOldAndNew': 'OLD', 'movieCd': '20240541', 'movieNm': '언더더씨: 마법 산호초를 찾아서', 'openDt': '2024-06-27', 'salesAmt': '1732000', 'salesShare': '3.0', 'salesInten': '-973000', 'salesChange': '-36', 'salesAcc': '222763255', 'audiCnt': '306', 'audiInten': '-160', 'audiChange': '-34.3', 'audiAcc': '28658', 'scrnCnt': '10', 'showCnt': '10'}, {'rnum': '7', 'rank': '7', 'rankInten': '4', 'rankOldAndNew': 'OLD', 'movieCd': '20234413', 'movieNm': '프렌치 수프', 'openDt': '2024-06-19', 'salesAmt': '2090500', 'salesShare': '3.6', 'salesInten': '672000', 'salesChange': '47.4', 'salesAcc': '401569556', 'audiCnt': '224', 'audiInten': '35', 'audiChange': '18.5', 'audiAcc': '42624', 'scrnCnt': '10', 'showCnt': '11'}, {'rnum': '8', 'rank': '8', 'rankInten': '-1', 'rankOldAndNew': 'OLD', 'movieCd': '20231415', 'movieNm': '소풍', 'openDt': '2024-02-07', 'salesAmt': '1158000', 'salesShare': '2.0', 'salesInten': '-356000', 'salesChange': '-23.5', 'salesAcc': '3139623943', 'audiCnt': '193', 'audiInten': '-93', 'audiChange': '-32.5', 'audiAcc': '354617', 'scrnCnt': '1', 'showCnt': '1'}, {'rnum': '9', 'rank': '9', 'rankInten': '3', 'rankOldAndNew': 'OLD', 'movieCd': '20212336', 'movieNm': '수카바티: 극락축구단', 'openDt': '2024-07-31', 'salesAmt': '1665000', 'salesShare': '2.9', 'salesInten': '171000', 'salesChange': '11.4', 'salesAcc': '12097000', 'audiCnt': '185', 'audiInten': '19', 'audiChange': '11.4', 'audiAcc': '1353', 'scrnCnt': '2', 'showCnt': '2'}, {'rnum': '10', 'rank': '10', 'rankInten': '37', 'rankOldAndNew': 'OLD', 'movieCd': '20225826', 'movieNm': '양치기', 'openDt': '2024-06-12', 'salesAmt': '1902000', 'salesShare': '3.3', 'salesInten': '1863000', 'salesChange': '4776.9', 'salesAcc': '21635039', 'audiCnt': '141', 'audiInten': '136', 'audiChange': '2720', 'audiAcc': '2412', 'scrnCnt': '3', 'showCnt': '3'}]}}
[2024-07-31T19:40:30.505+0900] {process_utils.py:191} INFO - partitioning List : ['load_dt', 'multiMovieYn']
[2024-07-31T19:40:30.506+0900] {process_utils.py:191} INFO -   rnum rank rankInten rankOldAndNew  ... scrnCnt showCnt   load_dt multiMovieYn
[2024-07-31T19:40:30.506+0900] {process_utils.py:191} INFO - 0    1    1         0           OLD  ...      52      65  20240725            Y
[2024-07-31T19:40:30.507+0900] {process_utils.py:191} INFO - 1    2    2         0           OLD  ...      39      49  20240725            Y
[2024-07-31T19:40:30.507+0900] {process_utils.py:191} INFO - 2    3    3         0           OLD  ...      38      43  20240725            Y
[2024-07-31T19:40:30.507+0900] {process_utils.py:191} INFO - 3    4    4         1           OLD  ...      26      32  20240725            Y
[2024-07-31T19:40:30.508+0900] {process_utils.py:191} INFO - 4    5    5         4           OLD  ...      24      27  20240725            Y
[2024-07-31T19:40:30.508+0900] {process_utils.py:191} INFO - 5    6    6        -2           OLD  ...      10      10  20240725            Y
[2024-07-31T19:40:30.509+0900] {process_utils.py:191} INFO - 6    7    7         4           OLD  ...      10      11  20240725            Y
[2024-07-31T19:40:30.509+0900] {process_utils.py:191} INFO - 7    8    8        -1           OLD  ...       1       1  20240725            Y
[2024-07-31T19:40:30.509+0900] {process_utils.py:191} INFO - 8    9    9         3           OLD  ...       2       2  20240725            Y
[2024-07-31T19:40:30.510+0900] {process_utils.py:191} INFO - 9   10   10        37           OLD  ...       3       3  20240725            Y
[2024-07-31T19:40:30.510+0900] {process_utils.py:191} INFO - 
[2024-07-31T19:40:30.510+0900] {process_utils.py:191} INFO - [10 rows x 20 columns]
[2024-07-31T19:40:30.955+0900] {python.py:237} INFO - Done. Returned value was: None
[2024-07-31T19:40:30.955+0900] {taskinstance.py:441} INFO - ::group::Post task execution logs
[2024-07-31T19:40:30.959+0900] {taskinstance.py:1206} INFO - Marking task as SUCCESS. dag_id=movie, task_id=multi.y, run_id=scheduled__2024-07-25T02:10:00+00:00, execution_date=20240725T021000, start_date=20240731T104005, end_date=20240731T104030
[2024-07-31T19:40:31.008+0900] {local_task_job_runner.py:243} INFO - Task exited with return code 0
[2024-07-31T19:40:31.017+0900] {taskinstance.py:3503} INFO - 0 downstream tasks scheduled from follow-on schedule check
[2024-07-31T19:40:31.017+0900] {local_task_job_runner.py:222} INFO - ::endgroup::
