[2024-07-31T11:20:27.559+0900] {local_task_job_runner.py:120} INFO - ::group::Pre task execution logs
[2024-07-31T11:20:27.570+0900] {taskinstance.py:2076} INFO - Dependencies all met for dep_context=non-requeueable deps ti=<TaskInstance: movie.get.data scheduled__2024-07-30T02:10:00+00:00 [queued]>
[2024-07-31T11:20:27.573+0900] {taskinstance.py:2076} INFO - Dependencies all met for dep_context=requeueable deps ti=<TaskInstance: movie.get.data scheduled__2024-07-30T02:10:00+00:00 [queued]>
[2024-07-31T11:20:27.573+0900] {taskinstance.py:2306} INFO - Starting attempt 2 of 3
[2024-07-31T11:20:27.579+0900] {taskinstance.py:2330} INFO - Executing <Task(PythonVirtualenvOperator): get.data> on 2024-07-30 02:10:00+00:00
[2024-07-31T11:20:27.581+0900] {standard_task_runner.py:64} INFO - Started process 10672 to run task
[2024-07-31T11:20:27.584+0900] {standard_task_runner.py:90} INFO - Running: ['airflow', 'tasks', 'run', 'movie', 'get.data', 'scheduled__2024-07-30T02:10:00+00:00', '--job-id', '728', '--raw', '--subdir', 'DAGS_FOLDER/movie.py', '--cfg-path', '/var/folders/qv/0knwm5h50ml0skpppwpbks_r0000gp/T/tmp1uhftdm1']
[2024-07-31T11:20:27.585+0900] {standard_task_runner.py:91} INFO - Job 728: Subtask get.data
[2024-07-31T11:20:27.599+0900] {task_command.py:426} INFO - Running <TaskInstance: movie.get.data scheduled__2024-07-30T02:10:00+00:00 [running]> on host jeongui-MacBookPro.local
[2024-07-31T11:20:27.621+0900] {taskinstance.py:2648} INFO - Exporting env vars: AIRFLOW_CTX_DAG_OWNER='airflow' AIRFLOW_CTX_DAG_ID='movie' AIRFLOW_CTX_TASK_ID='get.data' AIRFLOW_CTX_EXECUTION_DATE='2024-07-30T02:10:00+00:00' AIRFLOW_CTX_TRY_NUMBER='2' AIRFLOW_CTX_DAG_RUN_ID='scheduled__2024-07-30T02:10:00+00:00'
[2024-07-31T11:20:27.621+0900] {taskinstance.py:430} INFO - ::endgroup::
[2024-07-31T11:20:27.626+0900] {baseoperator.py:400} WARNING - PythonVirtualenvOperator.execute cannot be called outside TaskInstance!
[2024-07-31T11:20:27.627+0900] {process_utils.py:183} INFO - Executing cmd: /Users/DE32/.pyenv/versions/3.11.9/envs/note/bin/python -m virtualenv /var/folders/qv/0knwm5h50ml0skpppwpbks_r0000gp/T/venvdchi5vwp --python=python
[2024-07-31T11:20:27.629+0900] {process_utils.py:187} INFO - Output:
[2024-07-31T11:20:27.891+0900] {process_utils.py:191} INFO - created virtual environment CPython3.11.9.final.0-64 in 195ms
[2024-07-31T11:20:27.891+0900] {process_utils.py:191} INFO -   creator CPython3Posix(dest=/private/var/folders/qv/0knwm5h50ml0skpppwpbks_r0000gp/T/venvdchi5vwp, clear=False, no_vcs_ignore=False, global=False)
[2024-07-31T11:20:27.891+0900] {process_utils.py:191} INFO -   seeder FromAppData(download=False, pip=bundle, setuptools=bundle, wheel=bundle, via=copy, app_data_dir=/Users/DE32/Library/Application Support/virtualenv)
[2024-07-31T11:20:27.892+0900] {process_utils.py:191} INFO -     added seed packages: pip==24.1.2, setuptools==70.2.0, wheel==0.43.0
[2024-07-31T11:20:27.892+0900] {process_utils.py:191} INFO -   activators BashActivator,CShellActivator,FishActivator,NushellActivator,PowerShellActivator,PythonActivator
[2024-07-31T11:20:27.903+0900] {process_utils.py:183} INFO - Executing cmd: /var/folders/qv/0knwm5h50ml0skpppwpbks_r0000gp/T/venvdchi5vwp/bin/pip install -r /var/folders/qv/0knwm5h50ml0skpppwpbks_r0000gp/T/venvdchi5vwp/requirements.txt
[2024-07-31T11:20:27.905+0900] {process_utils.py:187} INFO - Output:
[2024-07-31T11:20:28.750+0900] {process_utils.py:191} INFO - Collecting git+https://github.com/Jeonghoon2/movie.git@0.2/api (from -r /var/folders/qv/0knwm5h50ml0skpppwpbks_r0000gp/T/venvdchi5vwp/requirements.txt (line 1))
[2024-07-31T11:20:28.751+0900] {process_utils.py:191} INFO -   Cloning https://github.com/Jeonghoon2/movie.git (to revision 0.2/api) to /private/var/folders/qv/0knwm5h50ml0skpppwpbks_r0000gp/T/pip-req-build-bhndzoii
[2024-07-31T11:20:28.766+0900] {process_utils.py:191} INFO -   Running command git clone --filter=blob:none --quiet https://github.com/Jeonghoon2/movie.git /private/var/folders/qv/0knwm5h50ml0skpppwpbks_r0000gp/T/pip-req-build-bhndzoii
[2024-07-31T11:20:30.307+0900] {process_utils.py:191} INFO -   Running command git checkout -b 0.2/api --track origin/0.2/api
[2024-07-31T11:20:31.002+0900] {process_utils.py:191} INFO -   Switched to a new branch '0.2/api'
[2024-07-31T11:20:31.003+0900] {process_utils.py:191} INFO -   branch '0.2/api' set up to track 'origin/0.2/api'.
[2024-07-31T11:20:31.004+0900] {process_utils.py:191} INFO -   Resolved https://github.com/Jeonghoon2/movie.git to commit 514cfb45f6fa577ee07d4fa2076f9283780af81e
[2024-07-31T11:20:31.027+0900] {process_utils.py:191} INFO -   Installing build dependencies: started
[2024-07-31T11:20:31.943+0900] {process_utils.py:191} INFO -   Installing build dependencies: finished with status 'done'
[2024-07-31T11:20:31.943+0900] {process_utils.py:191} INFO -   Getting requirements to build wheel: started
[2024-07-31T11:20:32.079+0900] {process_utils.py:191} INFO -   Getting requirements to build wheel: finished with status 'done'
[2024-07-31T11:20:32.080+0900] {process_utils.py:191} INFO -   Preparing metadata (pyproject.toml): started
[2024-07-31T11:20:32.207+0900] {process_utils.py:191} INFO -   Preparing metadata (pyproject.toml): finished with status 'done'
[2024-07-31T11:20:32.273+0900] {process_utils.py:191} INFO - Collecting requests>=2.32.3 (from mov==0.1.0->-r /var/folders/qv/0knwm5h50ml0skpppwpbks_r0000gp/T/venvdchi5vwp/requirements.txt (line 1))
[2024-07-31T11:20:32.275+0900] {process_utils.py:191} INFO -   Using cached requests-2.32.3-py3-none-any.whl.metadata (4.6 kB)
[2024-07-31T11:20:32.341+0900] {process_utils.py:191} INFO - Collecting pandas>=2.2.2 (from mov==0.1.0->-r /var/folders/qv/0knwm5h50ml0skpppwpbks_r0000gp/T/venvdchi5vwp/requirements.txt (line 1))
[2024-07-31T11:20:32.342+0900] {process_utils.py:191} INFO -   Using cached pandas-2.2.2-cp311-cp311-macosx_11_0_arm64.whl.metadata (19 kB)
[2024-07-31T11:20:32.445+0900] {process_utils.py:191} INFO - Collecting numpy>=2.0.1 (from mov==0.1.0->-r /var/folders/qv/0knwm5h50ml0skpppwpbks_r0000gp/T/venvdchi5vwp/requirements.txt (line 1))
[2024-07-31T11:20:32.447+0900] {process_utils.py:191} INFO -   Using cached numpy-2.0.1-cp311-cp311-macosx_14_0_arm64.whl.metadata (60 kB)
[2024-07-31T11:20:32.503+0900] {process_utils.py:191} INFO - Collecting pyarrow>=17.0.0 (from mov==0.1.0->-r /var/folders/qv/0knwm5h50ml0skpppwpbks_r0000gp/T/venvdchi5vwp/requirements.txt (line 1))
[2024-07-31T11:20:32.504+0900] {process_utils.py:191} INFO -   Using cached pyarrow-17.0.0-cp311-cp311-macosx_11_0_arm64.whl.metadata (3.3 kB)
[2024-07-31T11:20:32.527+0900] {process_utils.py:191} INFO - Collecting python-dateutil>=2.8.2 (from pandas>=2.2.2->mov==0.1.0->-r /var/folders/qv/0knwm5h50ml0skpppwpbks_r0000gp/T/venvdchi5vwp/requirements.txt (line 1))
[2024-07-31T11:20:32.528+0900] {process_utils.py:191} INFO -   Using cached python_dateutil-2.9.0.post0-py2.py3-none-any.whl.metadata (8.4 kB)
[2024-07-31T11:20:32.562+0900] {process_utils.py:191} INFO - Collecting pytz>=2020.1 (from pandas>=2.2.2->mov==0.1.0->-r /var/folders/qv/0knwm5h50ml0skpppwpbks_r0000gp/T/venvdchi5vwp/requirements.txt (line 1))
[2024-07-31T11:20:32.563+0900] {process_utils.py:191} INFO -   Using cached pytz-2024.1-py2.py3-none-any.whl.metadata (22 kB)
[2024-07-31T11:20:32.580+0900] {process_utils.py:191} INFO - Collecting tzdata>=2022.7 (from pandas>=2.2.2->mov==0.1.0->-r /var/folders/qv/0knwm5h50ml0skpppwpbks_r0000gp/T/venvdchi5vwp/requirements.txt (line 1))
[2024-07-31T11:20:32.581+0900] {process_utils.py:191} INFO -   Using cached tzdata-2024.1-py2.py3-none-any.whl.metadata (1.4 kB)
[2024-07-31T11:20:32.631+0900] {process_utils.py:191} INFO - Collecting charset-normalizer<4,>=2 (from requests>=2.32.3->mov==0.1.0->-r /var/folders/qv/0knwm5h50ml0skpppwpbks_r0000gp/T/venvdchi5vwp/requirements.txt (line 1))
[2024-07-31T11:20:32.632+0900] {process_utils.py:191} INFO -   Using cached charset_normalizer-3.3.2-cp311-cp311-macosx_11_0_arm64.whl.metadata (33 kB)
[2024-07-31T11:20:32.648+0900] {process_utils.py:191} INFO - Collecting idna<4,>=2.5 (from requests>=2.32.3->mov==0.1.0->-r /var/folders/qv/0knwm5h50ml0skpppwpbks_r0000gp/T/venvdchi5vwp/requirements.txt (line 1))
[2024-07-31T11:20:32.649+0900] {process_utils.py:191} INFO -   Using cached idna-3.7-py3-none-any.whl.metadata (9.9 kB)
[2024-07-31T11:20:32.677+0900] {process_utils.py:191} INFO - Collecting urllib3<3,>=1.21.1 (from requests>=2.32.3->mov==0.1.0->-r /var/folders/qv/0knwm5h50ml0skpppwpbks_r0000gp/T/venvdchi5vwp/requirements.txt (line 1))
[2024-07-31T11:20:32.678+0900] {process_utils.py:191} INFO -   Using cached urllib3-2.2.2-py3-none-any.whl.metadata (6.4 kB)
[2024-07-31T11:20:32.695+0900] {process_utils.py:191} INFO - Collecting certifi>=2017.4.17 (from requests>=2.32.3->mov==0.1.0->-r /var/folders/qv/0knwm5h50ml0skpppwpbks_r0000gp/T/venvdchi5vwp/requirements.txt (line 1))
[2024-07-31T11:20:32.696+0900] {process_utils.py:191} INFO -   Using cached certifi-2024.7.4-py3-none-any.whl.metadata (2.2 kB)
[2024-07-31T11:20:32.722+0900] {process_utils.py:191} INFO - Collecting six>=1.5 (from python-dateutil>=2.8.2->pandas>=2.2.2->mov==0.1.0->-r /var/folders/qv/0knwm5h50ml0skpppwpbks_r0000gp/T/venvdchi5vwp/requirements.txt (line 1))
[2024-07-31T11:20:32.724+0900] {process_utils.py:191} INFO -   Using cached six-1.16.0-py2.py3-none-any.whl.metadata (1.8 kB)
[2024-07-31T11:20:32.727+0900] {process_utils.py:191} INFO - Using cached numpy-2.0.1-cp311-cp311-macosx_14_0_arm64.whl (5.3 MB)
[2024-07-31T11:20:32.736+0900] {process_utils.py:191} INFO - Using cached pandas-2.2.2-cp311-cp311-macosx_11_0_arm64.whl (11.3 MB)
[2024-07-31T11:20:32.752+0900] {process_utils.py:191} INFO - Using cached pyarrow-17.0.0-cp311-cp311-macosx_11_0_arm64.whl (27.2 MB)
[2024-07-31T11:20:32.784+0900] {process_utils.py:191} INFO - Using cached requests-2.32.3-py3-none-any.whl (64 kB)
[2024-07-31T11:20:32.788+0900] {process_utils.py:191} INFO - Using cached certifi-2024.7.4-py3-none-any.whl (162 kB)
[2024-07-31T11:20:32.790+0900] {process_utils.py:191} INFO - Using cached charset_normalizer-3.3.2-cp311-cp311-macosx_11_0_arm64.whl (118 kB)
[2024-07-31T11:20:32.792+0900] {process_utils.py:191} INFO - Using cached idna-3.7-py3-none-any.whl (66 kB)
[2024-07-31T11:20:32.794+0900] {process_utils.py:191} INFO - Using cached python_dateutil-2.9.0.post0-py2.py3-none-any.whl (229 kB)
[2024-07-31T11:20:32.796+0900] {process_utils.py:191} INFO - Using cached pytz-2024.1-py2.py3-none-any.whl (505 kB)
[2024-07-31T11:20:32.798+0900] {process_utils.py:191} INFO - Using cached tzdata-2024.1-py2.py3-none-any.whl (345 kB)
[2024-07-31T11:20:32.801+0900] {process_utils.py:191} INFO - Using cached urllib3-2.2.2-py3-none-any.whl (121 kB)
[2024-07-31T11:20:32.803+0900] {process_utils.py:191} INFO - Using cached six-1.16.0-py2.py3-none-any.whl (11 kB)
[2024-07-31T11:20:32.845+0900] {process_utils.py:191} INFO - Building wheels for collected packages: mov
[2024-07-31T11:20:32.861+0900] {process_utils.py:191} INFO -   Building wheel for mov (pyproject.toml): started
[2024-07-31T11:20:32.998+0900] {process_utils.py:191} INFO -   Building wheel for mov (pyproject.toml): finished with status 'done'
[2024-07-31T11:20:32.999+0900] {process_utils.py:191} INFO -   Created wheel for mov: filename=mov-0.1.0-py3-none-any.whl size=3017 sha256=9d38f66af6dd4fe25e751d030df032b025ad7c655436873ac2bfc1826f87cd67
[2024-07-31T11:20:32.999+0900] {process_utils.py:191} INFO -   Stored in directory: /private/var/folders/qv/0knwm5h50ml0skpppwpbks_r0000gp/T/pip-ephem-wheel-cache-gphf8n7h/wheels/cf/ab/a7/d0c528d20fa8a5f19e169bdf1d98f2b2cefe79d8527bb89200
[2024-07-31T11:20:33.000+0900] {process_utils.py:191} INFO - Successfully built mov
[2024-07-31T11:20:33.028+0900] {process_utils.py:191} INFO - Installing collected packages: pytz, urllib3, tzdata, six, numpy, idna, charset-normalizer, certifi, requests, python-dateutil, pyarrow, pandas, mov
[2024-07-31T11:20:37.550+0900] {process_utils.py:191} INFO - Successfully installed certifi-2024.7.4 charset-normalizer-3.3.2 idna-3.7 mov-0.1.0 numpy-2.0.1 pandas-2.2.2 pyarrow-17.0.0 python-dateutil-2.9.0.post0 pytz-2024.1 requests-2.32.3 six-1.16.0 tzdata-2024.1 urllib3-2.2.2
[2024-07-31T11:20:37.553+0900] {process_utils.py:191} INFO - 
[2024-07-31T11:20:37.553+0900] {process_utils.py:191} INFO - [notice] A new release of pip is available: 24.1.2 -> 24.2
[2024-07-31T11:20:37.554+0900] {process_utils.py:191} INFO - [notice] To update, run: python -m pip install --upgrade pip
[2024-07-31T11:20:37.686+0900] {process_utils.py:183} INFO - Executing cmd: /var/folders/qv/0knwm5h50ml0skpppwpbks_r0000gp/T/venvdchi5vwp/bin/python /var/folders/qv/0knwm5h50ml0skpppwpbks_r0000gp/T/venv-call15lu730c/script.py /var/folders/qv/0knwm5h50ml0skpppwpbks_r0000gp/T/venv-call15lu730c/script.in /var/folders/qv/0knwm5h50ml0skpppwpbks_r0000gp/T/venv-call15lu730c/script.out /var/folders/qv/0knwm5h50ml0skpppwpbks_r0000gp/T/venv-call15lu730c/string_args.txt /var/folders/qv/0knwm5h50ml0skpppwpbks_r0000gp/T/venv-call15lu730c/termination.log
[2024-07-31T11:20:37.688+0900] {process_utils.py:187} INFO - Output:
[2024-07-31T11:20:54.302+0900] {process_utils.py:191} INFO - {'boxOfficeResult': {'boxofficeType': '일별 박스오피스', 'showRange': '20240730~20240730', 'dailyBoxOfficeList': [{'rnum': '1', 'rank': '1', 'rankInten': '1', 'rankOldAndNew': 'OLD', 'movieCd': '20247440', 'movieNm': '슈퍼배드 4', 'openDt': '2024-07-24', 'salesAmt': '709624985', 'salesShare': '26.2', 'salesInten': '-5161840', 'salesChange': '-0.7', 'salesAcc': '6916858057', 'audiCnt': '79855', 'audiInten': '-198', 'audiChange': '-0.2', 'audiAcc': '748321', 'scrnCnt': '1081', 'showCnt': '4080'}, {'rnum': '2', 'rank': '2', 'rankInten': '-1', 'rankOldAndNew': 'OLD', 'movieCd': '20247781', 'movieNm': '데드풀과 울버린', 'openDt': '2024-07-24', 'salesAmt': '794901435', 'salesShare': '29.4', 'salesInten': '-141426941', 'salesChange': '-15.1', 'salesAcc': '13035967934', 'audiCnt': '79067', 'audiInten': '-13465', 'audiChange': '-14.6', 'audiAcc': '1257614', 'scrnCnt': '1769', 'showCnt': '7207'}, {'rnum': '3', 'rank': '3', 'rankInten': '0', 'rankOldAndNew': 'OLD', 'movieCd': '20212932', 'movieNm': '탈주', 'openDt': '2024-07-03', 'salesAmt': '382461417', 'salesShare': '14.1', 'salesInten': '2037253', 'salesChange': '0.5', 'salesAcc': '22414574896', 'audiCnt': '41512', 'audiInten': '742', 'audiChange': '1.8', 'audiAcc': '2364338', 'scrnCnt': '900', 'showCnt': '2432'}, {'rnum': '4', 'rank': '4', 'rankInten': '0', 'rankOldAndNew': 'OLD', 'movieCd': '20235974', 'movieNm': '인사이드 아웃 2', 'openDt': '2024-06-12', 'salesAmt': '355070963', 'salesShare': '13.1', 'salesInten': '7990032', 'salesChange': '2.3', 'salesAcc': '80440553695', 'audiCnt': '38549', 'audiInten': '1172', 'audiChange': '3.1', 'audiAcc': '8367822', 'scrnCnt': '814', 'showCnt': '1746'}, {'rnum': '5', 'rank': '5', 'rankInten': '0', 'rankOldAndNew': 'OLD', 'movieCd': '20240983', 'movieNm': '명탐정 코난: 100만 달러의 펜타그램', 'openDt': '2024-07-17', 'salesAmt': '145004046', 'salesShare': '5.4', 'salesInten': '-2091543', 'salesChange': '-1.4', 'salesAcc': '5771714958', 'audiCnt': '15694', 'audiInten': '-186', 'audiChange': '-1.2', 'audiAcc': '588839', 'scrnCnt': '591', 'showCnt': '1101'}, {'rnum': '6', 'rank': '6', 'rankInten': '0', 'rankOldAndNew': 'OLD', 'movieCd': '20208245', 'movieNm': '핸섬가이즈', 'openDt': '2024-06-26', 'salesAmt': '124455756', 'salesShare': '4.6', 'salesInten': '1452545', 'salesChange': '1.2', 'salesAcc': '16302890805', 'audiCnt': '13489', 'audiInten': '288', 'audiChange': '2.2', 'audiAcc': '1743573', 'scrnCnt': '586', 'showCnt': '977'}, {'rnum': '7', 'rank': '7', 'rankInten': '0', 'rankOldAndNew': 'OLD', 'movieCd': '20208911', 'movieNm': '탈출: 프로젝트 사일런스', 'openDt': '2024-07-12', 'salesAmt': '48268256', 'salesShare': '1.8', 'salesInten': '2840754', 'salesChange': '6.3', 'salesAcc': '6647518989', 'audiCnt': '5095', 'audiInten': '458', 'audiChange': '9.9', 'audiAcc': '681791', 'scrnCnt': '334', 'showCnt': '476'}, {'rnum': '8', 'rank': '8', 'rankInten': '1', 'rankOldAndNew': 'OLD', 'movieCd': '20240850', 'movieNm': '극장판 도라에몽: 진구의 지구 교향곡', 'openDt': '2024-07-10', 'salesAmt': '16915800', 'salesShare': '0.6', 'salesInten': '590800', 'salesChange': '3.6', 'salesAcc': '658816700', 'audiCnt': '2093', 'audiInten': '140', 'audiChange': '7.2', 'audiAcc': '76426', 'scrnCnt': '118', 'showCnt': '149'}, {'rnum': '9', 'rank': '9', 'rankInten': '1', 'rankOldAndNew': 'OLD', 'movieCd': '20235926', 'movieNm': '퍼펙트 데이즈', 'openDt': '2024-07-03', 'salesAmt': '17391173', 'salesShare': '0.6', 'salesInten': '777318', 'salesChange': '4.7', 'salesAcc': '655724115', 'audiCnt': '1972', 'audiInten': '104', 'audiChange': '5.6', 'audiAcc': '69483', 'scrnCnt': '52', 'showCnt': '63'}, {'rnum': '10', 'rank': '10', 'rankInten': '1', 'rankOldAndNew': 'OLD', 'movieCd': '20248465', 'movieNm': '하이재킹', 'openDt': '2024-06-21', 'salesAmt': '14739340', 'salesShare': '0.5', 'salesInten': '616872', 'salesChange': '4.4', 'salesAcc': '16822849452', 'audiCnt': '1679', 'audiInten': '114', 'audiChange': '7.3', 'audiAcc': '1771095', 'scrnCnt': '129', 'showCnt': '160'}]}}
[2024-07-31T11:20:54.303+0900] {process_utils.py:191} INFO -   rnum rank rankInten rankOldAndNew  ...  audiAcc scrnCnt showCnt   load_dt
[2024-07-31T11:20:54.303+0900] {process_utils.py:191} INFO - 0    1    1         1           OLD  ...   748321    1081    4080  20240730
[2024-07-31T11:20:54.304+0900] {process_utils.py:191} INFO - 1    2    2        -1           OLD  ...  1257614    1769    7207  20240730
[2024-07-31T11:20:54.304+0900] {process_utils.py:191} INFO - 2    3    3         0           OLD  ...  2364338     900    2432  20240730
[2024-07-31T11:20:54.304+0900] {process_utils.py:191} INFO - 3    4    4         0           OLD  ...  8367822     814    1746  20240730
[2024-07-31T11:20:54.305+0900] {process_utils.py:191} INFO - 4    5    5         0           OLD  ...   588839     591    1101  20240730
[2024-07-31T11:20:54.305+0900] {process_utils.py:191} INFO - 
[2024-07-31T11:20:54.305+0900] {process_utils.py:191} INFO - [5 rows x 19 columns]
[2024-07-31T11:20:54.306+0900] {process_utils.py:191} INFO -   rnum rank rankInten rankOldAndNew  ...  audiAcc scrnCnt showCnt   load_dt
[2024-07-31T11:20:54.306+0900] {process_utils.py:191} INFO - 0    1    1         1           OLD  ...   748321    1081    4080  20240730
[2024-07-31T11:20:54.307+0900] {process_utils.py:191} INFO - 1    2    2        -1           OLD  ...  1257614    1769    7207  20240730
[2024-07-31T11:20:54.307+0900] {process_utils.py:191} INFO - 2    3    3         0           OLD  ...  2364338     900    2432  20240730
[2024-07-31T11:20:54.307+0900] {process_utils.py:191} INFO - 3    4    4         0           OLD  ...  8367822     814    1746  20240730
[2024-07-31T11:20:54.308+0900] {process_utils.py:191} INFO - 4    5    5         0           OLD  ...   588839     591    1101  20240730
[2024-07-31T11:20:54.308+0900] {process_utils.py:191} INFO - 
[2024-07-31T11:20:54.308+0900] {process_utils.py:191} INFO - [5 rows x 19 columns]
[2024-07-31T11:20:54.752+0900] {python.py:237} INFO - Done. Returned value was: None
[2024-07-31T11:20:54.753+0900] {taskinstance.py:441} INFO - ::group::Post task execution logs
[2024-07-31T11:20:54.757+0900] {taskinstance.py:1206} INFO - Marking task as SUCCESS. dag_id=movie, task_id=get.data, run_id=scheduled__2024-07-30T02:10:00+00:00, execution_date=20240730T021000, start_date=20240731T022027, end_date=20240731T022054
[2024-07-31T11:20:54.801+0900] {local_task_job_runner.py:243} INFO - Task exited with return code 0
[2024-07-31T11:20:54.808+0900] {taskinstance.py:3503} INFO - 0 downstream tasks scheduled from follow-on schedule check
[2024-07-31T11:20:54.809+0900] {local_task_job_runner.py:222} INFO - ::endgroup::
[2024-07-31T19:56:36.065+0900] {local_task_job_runner.py:120} INFO - ::group::Pre task execution logs
[2024-07-31T19:56:36.075+0900] {taskinstance.py:2076} INFO - Dependencies all met for dep_context=non-requeueable deps ti=<TaskInstance: movie.get.data scheduled__2024-07-30T02:10:00+00:00 [queued]>
[2024-07-31T19:56:36.078+0900] {taskinstance.py:2076} INFO - Dependencies all met for dep_context=requeueable deps ti=<TaskInstance: movie.get.data scheduled__2024-07-30T02:10:00+00:00 [queued]>
[2024-07-31T19:56:36.078+0900] {taskinstance.py:2306} INFO - Starting attempt 2 of 3
[2024-07-31T19:56:36.084+0900] {taskinstance.py:2330} INFO - Executing <Task(PythonVirtualenvOperator): get.data> on 2024-07-30 02:10:00+00:00
[2024-07-31T19:56:36.086+0900] {standard_task_runner.py:64} INFO - Started process 33641 to run task
[2024-07-31T19:56:36.089+0900] {standard_task_runner.py:90} INFO - Running: ['airflow', 'tasks', 'run', 'movie', 'get.data', 'scheduled__2024-07-30T02:10:00+00:00', '--job-id', '995', '--raw', '--subdir', 'DAGS_FOLDER/movie.py', '--cfg-path', '/var/folders/qv/0knwm5h50ml0skpppwpbks_r0000gp/T/tmp_0r0llfp']
[2024-07-31T19:56:36.090+0900] {standard_task_runner.py:91} INFO - Job 995: Subtask get.data
[2024-07-31T19:56:36.104+0900] {task_command.py:426} INFO - Running <TaskInstance: movie.get.data scheduled__2024-07-30T02:10:00+00:00 [running]> on host jeongui-MacBookPro.local
[2024-07-31T19:56:36.125+0900] {taskinstance.py:2648} INFO - Exporting env vars: AIRFLOW_CTX_DAG_OWNER='airflow' AIRFLOW_CTX_DAG_ID='movie' AIRFLOW_CTX_TASK_ID='get.data' AIRFLOW_CTX_EXECUTION_DATE='2024-07-30T02:10:00+00:00' AIRFLOW_CTX_TRY_NUMBER='2' AIRFLOW_CTX_DAG_RUN_ID='scheduled__2024-07-30T02:10:00+00:00'
[2024-07-31T19:56:36.126+0900] {taskinstance.py:430} INFO - ::endgroup::
[2024-07-31T19:56:36.131+0900] {baseoperator.py:400} WARNING - PythonVirtualenvOperator.execute cannot be called outside TaskInstance!
[2024-07-31T19:56:36.131+0900] {process_utils.py:183} INFO - Executing cmd: /Users/DE32/.pyenv/versions/3.11.9/envs/note/bin/python -m virtualenv /var/folders/qv/0knwm5h50ml0skpppwpbks_r0000gp/T/venv8c9rh054 --python=python
[2024-07-31T19:56:36.133+0900] {process_utils.py:187} INFO - Output:
[2024-07-31T19:56:36.389+0900] {process_utils.py:191} INFO - created virtual environment CPython3.11.9.final.0-64 in 185ms
[2024-07-31T19:56:36.390+0900] {process_utils.py:191} INFO -   creator CPython3Posix(dest=/private/var/folders/qv/0knwm5h50ml0skpppwpbks_r0000gp/T/venv8c9rh054, clear=False, no_vcs_ignore=False, global=False)
[2024-07-31T19:56:36.390+0900] {process_utils.py:191} INFO -   seeder FromAppData(download=False, pip=bundle, setuptools=bundle, wheel=bundle, via=copy, app_data_dir=/Users/DE32/Library/Application Support/virtualenv)
[2024-07-31T19:56:36.390+0900] {process_utils.py:191} INFO -     added seed packages: pip==24.1.2, setuptools==70.2.0, wheel==0.43.0
[2024-07-31T19:56:36.390+0900] {process_utils.py:191} INFO -   activators BashActivator,CShellActivator,FishActivator,NushellActivator,PowerShellActivator,PythonActivator
[2024-07-31T19:56:36.401+0900] {process_utils.py:183} INFO - Executing cmd: /var/folders/qv/0knwm5h50ml0skpppwpbks_r0000gp/T/venv8c9rh054/bin/pip install -r /var/folders/qv/0knwm5h50ml0skpppwpbks_r0000gp/T/venv8c9rh054/requirements.txt
[2024-07-31T19:56:36.403+0900] {process_utils.py:187} INFO - Output:
[2024-07-31T19:56:37.122+0900] {process_utils.py:191} INFO - Collecting git+https://github.com/Jeonghoon2/movie.git@0.2/api (from -r /var/folders/qv/0knwm5h50ml0skpppwpbks_r0000gp/T/venv8c9rh054/requirements.txt (line 1))
[2024-07-31T19:56:37.122+0900] {process_utils.py:191} INFO -   Cloning https://github.com/Jeonghoon2/movie.git (to revision 0.2/api) to /private/var/folders/qv/0knwm5h50ml0skpppwpbks_r0000gp/T/pip-req-build-s5jmr5wt
[2024-07-31T19:56:37.136+0900] {process_utils.py:191} INFO -   Running command git clone --filter=blob:none --quiet https://github.com/Jeonghoon2/movie.git /private/var/folders/qv/0knwm5h50ml0skpppwpbks_r0000gp/T/pip-req-build-s5jmr5wt
[2024-07-31T19:56:38.957+0900] {process_utils.py:191} INFO -   Running command git checkout -b 0.2/api --track origin/0.2/api
[2024-07-31T19:56:39.525+0900] {process_utils.py:191} INFO -   Switched to a new branch '0.2/api'
[2024-07-31T19:56:39.525+0900] {process_utils.py:191} INFO -   branch '0.2/api' set up to track 'origin/0.2/api'.
[2024-07-31T19:56:39.526+0900] {process_utils.py:191} INFO -   Resolved https://github.com/Jeonghoon2/movie.git to commit c2fdd392ce95b386519b05b3bab786608cdb1c58
[2024-07-31T19:56:39.550+0900] {process_utils.py:191} INFO -   Installing build dependencies: started
[2024-07-31T19:56:40.470+0900] {process_utils.py:191} INFO -   Installing build dependencies: finished with status 'done'
[2024-07-31T19:56:40.471+0900] {process_utils.py:191} INFO -   Getting requirements to build wheel: started
[2024-07-31T19:56:40.594+0900] {process_utils.py:191} INFO -   Getting requirements to build wheel: finished with status 'done'
[2024-07-31T19:56:40.595+0900] {process_utils.py:191} INFO -   Preparing metadata (pyproject.toml): started
[2024-07-31T19:56:40.720+0900] {process_utils.py:191} INFO -   Preparing metadata (pyproject.toml): finished with status 'done'
[2024-07-31T19:56:40.782+0900] {process_utils.py:191} INFO - Collecting requests>=2.32.3 (from mov==0.1.0->-r /var/folders/qv/0knwm5h50ml0skpppwpbks_r0000gp/T/venv8c9rh054/requirements.txt (line 1))
[2024-07-31T19:56:40.783+0900] {process_utils.py:191} INFO -   Using cached requests-2.32.3-py3-none-any.whl.metadata (4.6 kB)
[2024-07-31T19:56:40.849+0900] {process_utils.py:191} INFO - Collecting pandas>=2.2.2 (from mov==0.1.0->-r /var/folders/qv/0knwm5h50ml0skpppwpbks_r0000gp/T/venv8c9rh054/requirements.txt (line 1))
[2024-07-31T19:56:40.850+0900] {process_utils.py:191} INFO -   Using cached pandas-2.2.2-cp311-cp311-macosx_11_0_arm64.whl.metadata (19 kB)
[2024-07-31T19:56:40.955+0900] {process_utils.py:191} INFO - Collecting numpy>=2.0.1 (from mov==0.1.0->-r /var/folders/qv/0knwm5h50ml0skpppwpbks_r0000gp/T/venv8c9rh054/requirements.txt (line 1))
[2024-07-31T19:56:40.957+0900] {process_utils.py:191} INFO -   Using cached numpy-2.0.1-cp311-cp311-macosx_14_0_arm64.whl.metadata (60 kB)
[2024-07-31T19:56:41.007+0900] {process_utils.py:191} INFO - Collecting pyarrow>=17.0.0 (from mov==0.1.0->-r /var/folders/qv/0knwm5h50ml0skpppwpbks_r0000gp/T/venv8c9rh054/requirements.txt (line 1))
[2024-07-31T19:56:41.009+0900] {process_utils.py:191} INFO -   Using cached pyarrow-17.0.0-cp311-cp311-macosx_11_0_arm64.whl.metadata (3.3 kB)
[2024-07-31T19:56:41.029+0900] {process_utils.py:191} INFO - Collecting python-dateutil>=2.8.2 (from pandas>=2.2.2->mov==0.1.0->-r /var/folders/qv/0knwm5h50ml0skpppwpbks_r0000gp/T/venv8c9rh054/requirements.txt (line 1))
[2024-07-31T19:56:41.030+0900] {process_utils.py:191} INFO -   Using cached python_dateutil-2.9.0.post0-py2.py3-none-any.whl.metadata (8.4 kB)
[2024-07-31T19:56:41.059+0900] {process_utils.py:191} INFO - Collecting pytz>=2020.1 (from pandas>=2.2.2->mov==0.1.0->-r /var/folders/qv/0knwm5h50ml0skpppwpbks_r0000gp/T/venv8c9rh054/requirements.txt (line 1))
[2024-07-31T19:56:41.061+0900] {process_utils.py:191} INFO -   Using cached pytz-2024.1-py2.py3-none-any.whl.metadata (22 kB)
[2024-07-31T19:56:41.075+0900] {process_utils.py:191} INFO - Collecting tzdata>=2022.7 (from pandas>=2.2.2->mov==0.1.0->-r /var/folders/qv/0knwm5h50ml0skpppwpbks_r0000gp/T/venv8c9rh054/requirements.txt (line 1))
[2024-07-31T19:56:41.075+0900] {process_utils.py:191} INFO -   Using cached tzdata-2024.1-py2.py3-none-any.whl.metadata (1.4 kB)
[2024-07-31T19:56:41.119+0900] {process_utils.py:191} INFO - Collecting charset-normalizer<4,>=2 (from requests>=2.32.3->mov==0.1.0->-r /var/folders/qv/0knwm5h50ml0skpppwpbks_r0000gp/T/venv8c9rh054/requirements.txt (line 1))
[2024-07-31T19:56:41.120+0900] {process_utils.py:191} INFO -   Using cached charset_normalizer-3.3.2-cp311-cp311-macosx_11_0_arm64.whl.metadata (33 kB)
[2024-07-31T19:56:41.134+0900] {process_utils.py:191} INFO - Collecting idna<4,>=2.5 (from requests>=2.32.3->mov==0.1.0->-r /var/folders/qv/0knwm5h50ml0skpppwpbks_r0000gp/T/venv8c9rh054/requirements.txt (line 1))
[2024-07-31T19:56:41.135+0900] {process_utils.py:191} INFO -   Using cached idna-3.7-py3-none-any.whl.metadata (9.9 kB)
[2024-07-31T19:56:41.161+0900] {process_utils.py:191} INFO - Collecting urllib3<3,>=1.21.1 (from requests>=2.32.3->mov==0.1.0->-r /var/folders/qv/0knwm5h50ml0skpppwpbks_r0000gp/T/venv8c9rh054/requirements.txt (line 1))
[2024-07-31T19:56:41.162+0900] {process_utils.py:191} INFO -   Using cached urllib3-2.2.2-py3-none-any.whl.metadata (6.4 kB)
[2024-07-31T19:56:41.180+0900] {process_utils.py:191} INFO - Collecting certifi>=2017.4.17 (from requests>=2.32.3->mov==0.1.0->-r /var/folders/qv/0knwm5h50ml0skpppwpbks_r0000gp/T/venv8c9rh054/requirements.txt (line 1))
[2024-07-31T19:56:41.180+0900] {process_utils.py:191} INFO -   Using cached certifi-2024.7.4-py3-none-any.whl.metadata (2.2 kB)
[2024-07-31T19:56:41.206+0900] {process_utils.py:191} INFO - Collecting six>=1.5 (from python-dateutil>=2.8.2->pandas>=2.2.2->mov==0.1.0->-r /var/folders/qv/0knwm5h50ml0skpppwpbks_r0000gp/T/venv8c9rh054/requirements.txt (line 1))
[2024-07-31T19:56:41.207+0900] {process_utils.py:191} INFO -   Using cached six-1.16.0-py2.py3-none-any.whl.metadata (1.8 kB)
[2024-07-31T19:56:41.210+0900] {process_utils.py:191} INFO - Using cached numpy-2.0.1-cp311-cp311-macosx_14_0_arm64.whl (5.3 MB)
[2024-07-31T19:56:41.219+0900] {process_utils.py:191} INFO - Using cached pandas-2.2.2-cp311-cp311-macosx_11_0_arm64.whl (11.3 MB)
[2024-07-31T19:56:41.234+0900] {process_utils.py:191} INFO - Using cached pyarrow-17.0.0-cp311-cp311-macosx_11_0_arm64.whl (27.2 MB)
[2024-07-31T19:56:41.264+0900] {process_utils.py:191} INFO - Using cached requests-2.32.3-py3-none-any.whl (64 kB)
[2024-07-31T19:56:41.267+0900] {process_utils.py:191} INFO - Using cached certifi-2024.7.4-py3-none-any.whl (162 kB)
[2024-07-31T19:56:41.269+0900] {process_utils.py:191} INFO - Using cached charset_normalizer-3.3.2-cp311-cp311-macosx_11_0_arm64.whl (118 kB)
[2024-07-31T19:56:41.270+0900] {process_utils.py:191} INFO - Using cached idna-3.7-py3-none-any.whl (66 kB)
[2024-07-31T19:56:41.272+0900] {process_utils.py:191} INFO - Using cached python_dateutil-2.9.0.post0-py2.py3-none-any.whl (229 kB)
[2024-07-31T19:56:41.274+0900] {process_utils.py:191} INFO - Using cached pytz-2024.1-py2.py3-none-any.whl (505 kB)
[2024-07-31T19:56:41.276+0900] {process_utils.py:191} INFO - Using cached tzdata-2024.1-py2.py3-none-any.whl (345 kB)
[2024-07-31T19:56:41.278+0900] {process_utils.py:191} INFO - Using cached urllib3-2.2.2-py3-none-any.whl (121 kB)
[2024-07-31T19:56:41.280+0900] {process_utils.py:191} INFO - Using cached six-1.16.0-py2.py3-none-any.whl (11 kB)
[2024-07-31T19:56:41.322+0900] {process_utils.py:191} INFO - Building wheels for collected packages: mov
[2024-07-31T19:56:41.335+0900] {process_utils.py:191} INFO -   Building wheel for mov (pyproject.toml): started
[2024-07-31T19:56:41.472+0900] {process_utils.py:191} INFO -   Building wheel for mov (pyproject.toml): finished with status 'done'
[2024-07-31T19:56:41.473+0900] {process_utils.py:191} INFO -   Created wheel for mov: filename=mov-0.1.0-py3-none-any.whl size=3056 sha256=27cfad1dc1a17a72679cf04532f4476bf3f4f2e8e915cda9377084bd301a329d
[2024-07-31T19:56:41.473+0900] {process_utils.py:191} INFO -   Stored in directory: /private/var/folders/qv/0knwm5h50ml0skpppwpbks_r0000gp/T/pip-ephem-wheel-cache-i3kl3pb8/wheels/cf/ab/a7/d0c528d20fa8a5f19e169bdf1d98f2b2cefe79d8527bb89200
[2024-07-31T19:56:41.474+0900] {process_utils.py:191} INFO - Successfully built mov
[2024-07-31T19:56:41.502+0900] {process_utils.py:191} INFO - Installing collected packages: pytz, urllib3, tzdata, six, numpy, idna, charset-normalizer, certifi, requests, python-dateutil, pyarrow, pandas, mov
[2024-07-31T19:56:46.021+0900] {process_utils.py:191} INFO - Successfully installed certifi-2024.7.4 charset-normalizer-3.3.2 idna-3.7 mov-0.1.0 numpy-2.0.1 pandas-2.2.2 pyarrow-17.0.0 python-dateutil-2.9.0.post0 pytz-2024.1 requests-2.32.3 six-1.16.0 tzdata-2024.1 urllib3-2.2.2
[2024-07-31T19:56:46.025+0900] {process_utils.py:191} INFO - 
[2024-07-31T19:56:46.025+0900] {process_utils.py:191} INFO - [notice] A new release of pip is available: 24.1.2 -> 24.2
[2024-07-31T19:56:46.025+0900] {process_utils.py:191} INFO - [notice] To update, run: python -m pip install --upgrade pip
[2024-07-31T19:56:46.162+0900] {process_utils.py:183} INFO - Executing cmd: /var/folders/qv/0knwm5h50ml0skpppwpbks_r0000gp/T/venv8c9rh054/bin/python /var/folders/qv/0knwm5h50ml0skpppwpbks_r0000gp/T/venv-call2cvrdv6a/script.py /var/folders/qv/0knwm5h50ml0skpppwpbks_r0000gp/T/venv-call2cvrdv6a/script.in /var/folders/qv/0knwm5h50ml0skpppwpbks_r0000gp/T/venv-call2cvrdv6a/script.out /var/folders/qv/0knwm5h50ml0skpppwpbks_r0000gp/T/venv-call2cvrdv6a/string_args.txt /var/folders/qv/0knwm5h50ml0skpppwpbks_r0000gp/T/venv-call2cvrdv6a/termination.log
[2024-07-31T19:56:46.164+0900] {process_utils.py:187} INFO - Output:
[2024-07-31T19:57:02.809+0900] {process_utils.py:191} INFO - {'boxOfficeResult': {'boxofficeType': '일별 박스오피스', 'showRange': '20240730~20240730', 'dailyBoxOfficeList': [{'rnum': '1', 'rank': '1', 'rankInten': '1', 'rankOldAndNew': 'OLD', 'movieCd': '20247440', 'movieNm': '슈퍼배드 4', 'openDt': '2024-07-24', 'salesAmt': '709624985', 'salesShare': '26.2', 'salesInten': '-5161840', 'salesChange': '-0.7', 'salesAcc': '6916847057', 'audiCnt': '79855', 'audiInten': '-198', 'audiChange': '-0.2', 'audiAcc': '748320', 'scrnCnt': '1081', 'showCnt': '4080'}, {'rnum': '2', 'rank': '2', 'rankInten': '-1', 'rankOldAndNew': 'OLD', 'movieCd': '20247781', 'movieNm': '데드풀과 울버린', 'openDt': '2024-07-24', 'salesAmt': '794441435', 'salesShare': '29.3', 'salesInten': '-141886941', 'salesChange': '-15.2', 'salesAcc': '13035390434', 'audiCnt': '79021', 'audiInten': '-13511', 'audiChange': '-14.6', 'audiAcc': '1257556', 'scrnCnt': '1769', 'showCnt': '7207'}, {'rnum': '3', 'rank': '3', 'rankInten': '0', 'rankOldAndNew': 'OLD', 'movieCd': '20212932', 'movieNm': '탈주', 'openDt': '2024-07-03', 'salesAmt': '382461417', 'salesShare': '14.1', 'salesInten': '2037253', 'salesChange': '0.5', 'salesAcc': '22414550896', 'audiCnt': '41512', 'audiInten': '742', 'audiChange': '1.8', 'audiAcc': '2364336', 'scrnCnt': '900', 'showCnt': '2432'}, {'rnum': '4', 'rank': '4', 'rankInten': '0', 'rankOldAndNew': 'OLD', 'movieCd': '20235974', 'movieNm': '인사이드 아웃 2', 'openDt': '2024-06-12', 'salesAmt': '355047963', 'salesShare': '13.1', 'salesInten': '7967032', 'salesChange': '2.3', 'salesAcc': '80440502695', 'audiCnt': '38546', 'audiInten': '1169', 'audiChange': '3.1', 'audiAcc': '8367816', 'scrnCnt': '814', 'showCnt': '1746'}, {'rnum': '5', 'rank': '5', 'rankInten': '0', 'rankOldAndNew': 'OLD', 'movieCd': '20240983', 'movieNm': '명탐정 코난: 100만 달러의 펜타그램', 'openDt': '2024-07-17', 'salesAmt': '145004046', 'salesShare': '5.4', 'salesInten': '-2091543', 'salesChange': '-1.4', 'salesAcc': '5771714958', 'audiCnt': '15694', 'audiInten': '-186', 'audiChange': '-1.2', 'audiAcc': '588839', 'scrnCnt': '591', 'showCnt': '1101'}, {'rnum': '6', 'rank': '6', 'rankInten': '0', 'rankOldAndNew': 'OLD', 'movieCd': '20208245', 'movieNm': '핸섬가이즈', 'openDt': '2024-06-26', 'salesAmt': '124455756', 'salesShare': '4.6', 'salesInten': '1452545', 'salesChange': '1.2', 'salesAcc': '16305397805', 'audiCnt': '13489', 'audiInten': '288', 'audiChange': '2.2', 'audiAcc': '1743907', 'scrnCnt': '586', 'showCnt': '977'}, {'rnum': '7', 'rank': '7', 'rankInten': '0', 'rankOldAndNew': 'OLD', 'movieCd': '20208911', 'movieNm': '탈출: 프로젝트 사일런스', 'openDt': '2024-07-12', 'salesAmt': '48268256', 'salesShare': '1.8', 'salesInten': '2840754', 'salesChange': '6.3', 'salesAcc': '6647518989', 'audiCnt': '5095', 'audiInten': '458', 'audiChange': '9.9', 'audiAcc': '681791', 'scrnCnt': '334', 'showCnt': '476'}, {'rnum': '8', 'rank': '8', 'rankInten': '1', 'rankOldAndNew': 'OLD', 'movieCd': '20240850', 'movieNm': '극장판 도라에몽: 진구의 지구 교향곡', 'openDt': '2024-07-10', 'salesAmt': '16915800', 'salesShare': '0.6', 'salesInten': '590800', 'salesChange': '3.6', 'salesAcc': '658816700', 'audiCnt': '2093', 'audiInten': '140', 'audiChange': '7.2', 'audiAcc': '76426', 'scrnCnt': '118', 'showCnt': '149'}, {'rnum': '9', 'rank': '9', 'rankInten': '1', 'rankOldAndNew': 'OLD', 'movieCd': '20235926', 'movieNm': '퍼펙트 데이즈', 'openDt': '2024-07-03', 'salesAmt': '17391173', 'salesShare': '0.6', 'salesInten': '777318', 'salesChange': '4.7', 'salesAcc': '655724115', 'audiCnt': '1972', 'audiInten': '104', 'audiChange': '5.6', 'audiAcc': '69483', 'scrnCnt': '52', 'showCnt': '63'}, {'rnum': '10', 'rank': '10', 'rankInten': '1', 'rankOldAndNew': 'OLD', 'movieCd': '20248465', 'movieNm': '하이재킹', 'openDt': '2024-06-21', 'salesAmt': '14739340', 'salesShare': '0.5', 'salesInten': '616872', 'salesChange': '4.4', 'salesAcc': '16822849452', 'audiCnt': '1679', 'audiInten': '114', 'audiChange': '7.3', 'audiAcc': '1771095', 'scrnCnt': '129', 'showCnt': '160'}]}}
[2024-07-31T19:57:02.811+0900] {process_utils.py:191} INFO - partitioning List : ['load_dt']
[2024-07-31T19:57:02.811+0900] {process_utils.py:191} INFO -   rnum rank rankInten rankOldAndNew  ...  audiAcc scrnCnt showCnt   load_dt
[2024-07-31T19:57:02.812+0900] {process_utils.py:191} INFO - 0    1    1         1           OLD  ...   748320    1081    4080  20240730
[2024-07-31T19:57:02.812+0900] {process_utils.py:191} INFO - 1    2    2        -1           OLD  ...  1257556    1769    7207  20240730
[2024-07-31T19:57:02.812+0900] {process_utils.py:191} INFO - 2    3    3         0           OLD  ...  2364336     900    2432  20240730
[2024-07-31T19:57:02.813+0900] {process_utils.py:191} INFO - 3    4    4         0           OLD  ...  8367816     814    1746  20240730
[2024-07-31T19:57:02.813+0900] {process_utils.py:191} INFO - 4    5    5         0           OLD  ...   588839     591    1101  20240730
[2024-07-31T19:57:02.813+0900] {process_utils.py:191} INFO - 
[2024-07-31T19:57:02.814+0900] {process_utils.py:191} INFO - [5 rows x 19 columns]
[2024-07-31T19:57:03.282+0900] {python.py:237} INFO - Done. Returned value was: None
[2024-07-31T19:57:03.282+0900] {taskinstance.py:441} INFO - ::group::Post task execution logs
[2024-07-31T19:57:03.286+0900] {taskinstance.py:1206} INFO - Marking task as SUCCESS. dag_id=movie, task_id=get.data, run_id=scheduled__2024-07-30T02:10:00+00:00, execution_date=20240730T021000, start_date=20240731T105636, end_date=20240731T105703
[2024-07-31T19:57:03.303+0900] {local_task_job_runner.py:243} INFO - Task exited with return code 0
[2024-07-31T19:57:03.310+0900] {taskinstance.py:3503} INFO - 0 downstream tasks scheduled from follow-on schedule check
[2024-07-31T19:57:03.310+0900] {local_task_job_runner.py:222} INFO - ::endgroup::
