[2024-07-31T15:18:58.159+0900] {local_task_job_runner.py:120} INFO - ::group::Pre task execution logs
[2024-07-31T15:18:58.169+0900] {taskinstance.py:2076} INFO - Dependencies all met for dep_context=non-requeueable deps ti=<TaskInstance: movie.get.data scheduled__2024-07-30T02:10:00+00:00 [queued]>
[2024-07-31T15:18:58.172+0900] {taskinstance.py:2076} INFO - Dependencies all met for dep_context=requeueable deps ti=<TaskInstance: movie.get.data scheduled__2024-07-30T02:10:00+00:00 [queued]>
[2024-07-31T15:18:58.173+0900] {taskinstance.py:2306} INFO - Starting attempt 4 of 5
[2024-07-31T15:18:58.179+0900] {taskinstance.py:2330} INFO - Executing <Task(PythonVirtualenvOperator): get.data> on 2024-07-30 02:10:00+00:00
[2024-07-31T15:18:58.181+0900] {standard_task_runner.py:64} INFO - Started process 16821 to run task
[2024-07-31T15:18:58.184+0900] {standard_task_runner.py:90} INFO - Running: ['airflow', 'tasks', 'run', 'movie', 'get.data', 'scheduled__2024-07-30T02:10:00+00:00', '--job-id', '779', '--raw', '--subdir', 'DAGS_FOLDER/movie.py', '--cfg-path', '/var/folders/qv/0knwm5h50ml0skpppwpbks_r0000gp/T/tmpzp3to2h2']
[2024-07-31T15:18:58.185+0900] {standard_task_runner.py:91} INFO - Job 779: Subtask get.data
[2024-07-31T15:18:58.199+0900] {task_command.py:426} INFO - Running <TaskInstance: movie.get.data scheduled__2024-07-30T02:10:00+00:00 [running]> on host jeongui-MacBookPro.local
[2024-07-31T15:18:58.221+0900] {taskinstance.py:2648} INFO - Exporting env vars: AIRFLOW_CTX_DAG_OWNER='airflow' AIRFLOW_CTX_DAG_ID='movie' AIRFLOW_CTX_TASK_ID='get.data' AIRFLOW_CTX_EXECUTION_DATE='2024-07-30T02:10:00+00:00' AIRFLOW_CTX_TRY_NUMBER='4' AIRFLOW_CTX_DAG_RUN_ID='scheduled__2024-07-30T02:10:00+00:00'
[2024-07-31T15:18:58.221+0900] {taskinstance.py:430} INFO - ::endgroup::
[2024-07-31T15:18:58.227+0900] {baseoperator.py:400} WARNING - PythonVirtualenvOperator.execute cannot be called outside TaskInstance!
[2024-07-31T15:18:58.227+0900] {process_utils.py:183} INFO - Executing cmd: /Users/DE32/.pyenv/versions/3.11.9/envs/note/bin/python -m virtualenv /var/folders/qv/0knwm5h50ml0skpppwpbks_r0000gp/T/venv1fj4j06k --python=python
[2024-07-31T15:18:58.229+0900] {process_utils.py:187} INFO - Output:
[2024-07-31T15:18:58.501+0900] {process_utils.py:191} INFO - created virtual environment CPython3.11.9.final.0-64 in 203ms
[2024-07-31T15:18:58.501+0900] {process_utils.py:191} INFO -   creator CPython3Posix(dest=/private/var/folders/qv/0knwm5h50ml0skpppwpbks_r0000gp/T/venv1fj4j06k, clear=False, no_vcs_ignore=False, global=False)
[2024-07-31T15:18:58.501+0900] {process_utils.py:191} INFO -   seeder FromAppData(download=False, pip=bundle, setuptools=bundle, wheel=bundle, via=copy, app_data_dir=/Users/DE32/Library/Application Support/virtualenv)
[2024-07-31T15:18:58.502+0900] {process_utils.py:191} INFO -     added seed packages: pip==24.1.2, setuptools==70.2.0, wheel==0.43.0
[2024-07-31T15:18:58.502+0900] {process_utils.py:191} INFO -   activators BashActivator,CShellActivator,FishActivator,NushellActivator,PowerShellActivator,PythonActivator
[2024-07-31T15:18:58.514+0900] {process_utils.py:183} INFO - Executing cmd: /var/folders/qv/0knwm5h50ml0skpppwpbks_r0000gp/T/venv1fj4j06k/bin/pip install -r /var/folders/qv/0knwm5h50ml0skpppwpbks_r0000gp/T/venv1fj4j06k/requirements.txt
[2024-07-31T15:18:58.516+0900] {process_utils.py:187} INFO - Output:
[2024-07-31T15:18:59.218+0900] {process_utils.py:191} INFO - Collecting git+https://github.com/Jeonghoon2/movie.git@0.2/api (from -r /var/folders/qv/0knwm5h50ml0skpppwpbks_r0000gp/T/venv1fj4j06k/requirements.txt (line 1))
[2024-07-31T15:18:59.219+0900] {process_utils.py:191} INFO -   Cloning https://github.com/Jeonghoon2/movie.git (to revision 0.2/api) to /private/var/folders/qv/0knwm5h50ml0skpppwpbks_r0000gp/T/pip-req-build-bsgnc6tb
[2024-07-31T15:18:59.233+0900] {process_utils.py:191} INFO -   Running command git clone --filter=blob:none --quiet https://github.com/Jeonghoon2/movie.git /private/var/folders/qv/0knwm5h50ml0skpppwpbks_r0000gp/T/pip-req-build-bsgnc6tb
[2024-07-31T15:19:00.700+0900] {process_utils.py:191} INFO -   Running command git checkout -b 0.2/api --track origin/0.2/api
[2024-07-31T15:19:01.200+0900] {process_utils.py:191} INFO -   Switched to a new branch '0.2/api'
[2024-07-31T15:19:01.201+0900] {process_utils.py:191} INFO -   branch '0.2/api' set up to track 'origin/0.2/api'.
[2024-07-31T15:19:01.201+0900] {process_utils.py:191} INFO -   Resolved https://github.com/Jeonghoon2/movie.git to commit 34de3b5e993ea074744539373447116355ac95da
[2024-07-31T15:19:01.221+0900] {process_utils.py:191} INFO -   Installing build dependencies: started
[2024-07-31T15:19:02.145+0900] {process_utils.py:191} INFO -   Installing build dependencies: finished with status 'done'
[2024-07-31T15:19:02.146+0900] {process_utils.py:191} INFO -   Getting requirements to build wheel: started
[2024-07-31T15:19:02.269+0900] {process_utils.py:191} INFO -   Getting requirements to build wheel: finished with status 'done'
[2024-07-31T15:19:02.271+0900] {process_utils.py:191} INFO -   Preparing metadata (pyproject.toml): started
[2024-07-31T15:19:02.395+0900] {process_utils.py:191} INFO -   Preparing metadata (pyproject.toml): finished with status 'done'
[2024-07-31T15:19:02.502+0900] {process_utils.py:191} INFO - Collecting requests>=2.32.3 (from mov==0.1.0->-r /var/folders/qv/0knwm5h50ml0skpppwpbks_r0000gp/T/venv1fj4j06k/requirements.txt (line 1))
[2024-07-31T15:19:02.503+0900] {process_utils.py:191} INFO -   Using cached requests-2.32.3-py3-none-any.whl.metadata (4.6 kB)
[2024-07-31T15:19:02.573+0900] {process_utils.py:191} INFO - Collecting pandas>=2.2.2 (from mov==0.1.0->-r /var/folders/qv/0knwm5h50ml0skpppwpbks_r0000gp/T/venv1fj4j06k/requirements.txt (line 1))
[2024-07-31T15:19:02.574+0900] {process_utils.py:191} INFO -   Using cached pandas-2.2.2-cp311-cp311-macosx_11_0_arm64.whl.metadata (19 kB)
[2024-07-31T15:19:02.674+0900] {process_utils.py:191} INFO - Collecting numpy>=2.0.1 (from mov==0.1.0->-r /var/folders/qv/0knwm5h50ml0skpppwpbks_r0000gp/T/venv1fj4j06k/requirements.txt (line 1))
[2024-07-31T15:19:02.676+0900] {process_utils.py:191} INFO -   Using cached numpy-2.0.1-cp311-cp311-macosx_14_0_arm64.whl.metadata (60 kB)
[2024-07-31T15:19:02.725+0900] {process_utils.py:191} INFO - Collecting pyarrow>=17.0.0 (from mov==0.1.0->-r /var/folders/qv/0knwm5h50ml0skpppwpbks_r0000gp/T/venv1fj4j06k/requirements.txt (line 1))
[2024-07-31T15:19:02.727+0900] {process_utils.py:191} INFO -   Using cached pyarrow-17.0.0-cp311-cp311-macosx_11_0_arm64.whl.metadata (3.3 kB)
[2024-07-31T15:19:02.753+0900] {process_utils.py:191} INFO - Collecting python-dateutil>=2.8.2 (from pandas>=2.2.2->mov==0.1.0->-r /var/folders/qv/0knwm5h50ml0skpppwpbks_r0000gp/T/venv1fj4j06k/requirements.txt (line 1))
[2024-07-31T15:19:02.754+0900] {process_utils.py:191} INFO -   Using cached python_dateutil-2.9.0.post0-py2.py3-none-any.whl.metadata (8.4 kB)
[2024-07-31T15:19:02.791+0900] {process_utils.py:191} INFO - Collecting pytz>=2020.1 (from pandas>=2.2.2->mov==0.1.0->-r /var/folders/qv/0knwm5h50ml0skpppwpbks_r0000gp/T/venv1fj4j06k/requirements.txt (line 1))
[2024-07-31T15:19:02.793+0900] {process_utils.py:191} INFO -   Using cached pytz-2024.1-py2.py3-none-any.whl.metadata (22 kB)
[2024-07-31T15:19:02.809+0900] {process_utils.py:191} INFO - Collecting tzdata>=2022.7 (from pandas>=2.2.2->mov==0.1.0->-r /var/folders/qv/0knwm5h50ml0skpppwpbks_r0000gp/T/venv1fj4j06k/requirements.txt (line 1))
[2024-07-31T15:19:02.810+0900] {process_utils.py:191} INFO -   Using cached tzdata-2024.1-py2.py3-none-any.whl.metadata (1.4 kB)
[2024-07-31T15:19:02.857+0900] {process_utils.py:191} INFO - Collecting charset-normalizer<4,>=2 (from requests>=2.32.3->mov==0.1.0->-r /var/folders/qv/0knwm5h50ml0skpppwpbks_r0000gp/T/venv1fj4j06k/requirements.txt (line 1))
[2024-07-31T15:19:02.858+0900] {process_utils.py:191} INFO -   Using cached charset_normalizer-3.3.2-cp311-cp311-macosx_11_0_arm64.whl.metadata (33 kB)
[2024-07-31T15:19:02.878+0900] {process_utils.py:191} INFO - Collecting idna<4,>=2.5 (from requests>=2.32.3->mov==0.1.0->-r /var/folders/qv/0knwm5h50ml0skpppwpbks_r0000gp/T/venv1fj4j06k/requirements.txt (line 1))
[2024-07-31T15:19:02.879+0900] {process_utils.py:191} INFO -   Using cached idna-3.7-py3-none-any.whl.metadata (9.9 kB)
[2024-07-31T15:19:02.905+0900] {process_utils.py:191} INFO - Collecting urllib3<3,>=1.21.1 (from requests>=2.32.3->mov==0.1.0->-r /var/folders/qv/0knwm5h50ml0skpppwpbks_r0000gp/T/venv1fj4j06k/requirements.txt (line 1))
[2024-07-31T15:19:02.906+0900] {process_utils.py:191} INFO -   Using cached urllib3-2.2.2-py3-none-any.whl.metadata (6.4 kB)
[2024-07-31T15:19:02.930+0900] {process_utils.py:191} INFO - Collecting certifi>=2017.4.17 (from requests>=2.32.3->mov==0.1.0->-r /var/folders/qv/0knwm5h50ml0skpppwpbks_r0000gp/T/venv1fj4j06k/requirements.txt (line 1))
[2024-07-31T15:19:02.931+0900] {process_utils.py:191} INFO -   Using cached certifi-2024.7.4-py3-none-any.whl.metadata (2.2 kB)
[2024-07-31T15:19:02.961+0900] {process_utils.py:191} INFO - Collecting six>=1.5 (from python-dateutil>=2.8.2->pandas>=2.2.2->mov==0.1.0->-r /var/folders/qv/0knwm5h50ml0skpppwpbks_r0000gp/T/venv1fj4j06k/requirements.txt (line 1))
[2024-07-31T15:19:02.962+0900] {process_utils.py:191} INFO -   Using cached six-1.16.0-py2.py3-none-any.whl.metadata (1.8 kB)
[2024-07-31T15:19:02.965+0900] {process_utils.py:191} INFO - Using cached numpy-2.0.1-cp311-cp311-macosx_14_0_arm64.whl (5.3 MB)
[2024-07-31T15:19:02.974+0900] {process_utils.py:191} INFO - Using cached pandas-2.2.2-cp311-cp311-macosx_11_0_arm64.whl (11.3 MB)
[2024-07-31T15:19:02.990+0900] {process_utils.py:191} INFO - Using cached pyarrow-17.0.0-cp311-cp311-macosx_11_0_arm64.whl (27.2 MB)
[2024-07-31T15:19:03.022+0900] {process_utils.py:191} INFO - Using cached requests-2.32.3-py3-none-any.whl (64 kB)
[2024-07-31T15:19:03.025+0900] {process_utils.py:191} INFO - Using cached certifi-2024.7.4-py3-none-any.whl (162 kB)
[2024-07-31T15:19:03.027+0900] {process_utils.py:191} INFO - Using cached charset_normalizer-3.3.2-cp311-cp311-macosx_11_0_arm64.whl (118 kB)
[2024-07-31T15:19:03.029+0900] {process_utils.py:191} INFO - Using cached idna-3.7-py3-none-any.whl (66 kB)
[2024-07-31T15:19:03.031+0900] {process_utils.py:191} INFO - Using cached python_dateutil-2.9.0.post0-py2.py3-none-any.whl (229 kB)
[2024-07-31T15:19:03.033+0900] {process_utils.py:191} INFO - Using cached pytz-2024.1-py2.py3-none-any.whl (505 kB)
[2024-07-31T15:19:03.036+0900] {process_utils.py:191} INFO - Using cached tzdata-2024.1-py2.py3-none-any.whl (345 kB)
[2024-07-31T15:19:03.039+0900] {process_utils.py:191} INFO - Using cached urllib3-2.2.2-py3-none-any.whl (121 kB)
[2024-07-31T15:19:03.040+0900] {process_utils.py:191} INFO - Using cached six-1.16.0-py2.py3-none-any.whl (11 kB)
[2024-07-31T15:19:03.082+0900] {process_utils.py:191} INFO - Building wheels for collected packages: mov
[2024-07-31T15:19:03.095+0900] {process_utils.py:191} INFO -   Building wheel for mov (pyproject.toml): started
[2024-07-31T15:19:03.232+0900] {process_utils.py:191} INFO -   Building wheel for mov (pyproject.toml): finished with status 'done'
[2024-07-31T15:19:03.233+0900] {process_utils.py:191} INFO -   Created wheel for mov: filename=mov-0.1.0-py3-none-any.whl size=3035 sha256=de8084adf649eaaab7213dd389f7f8d2d8d58b6964025df0b5909e109c5a30d2
[2024-07-31T15:19:03.233+0900] {process_utils.py:191} INFO -   Stored in directory: /private/var/folders/qv/0knwm5h50ml0skpppwpbks_r0000gp/T/pip-ephem-wheel-cache-h85jszu4/wheels/cf/ab/a7/d0c528d20fa8a5f19e169bdf1d98f2b2cefe79d8527bb89200
[2024-07-31T15:19:03.234+0900] {process_utils.py:191} INFO - Successfully built mov
[2024-07-31T15:19:03.262+0900] {process_utils.py:191} INFO - Installing collected packages: pytz, urllib3, tzdata, six, numpy, idna, charset-normalizer, certifi, requests, python-dateutil, pyarrow, pandas, mov
[2024-07-31T15:19:07.817+0900] {process_utils.py:191} INFO - Successfully installed certifi-2024.7.4 charset-normalizer-3.3.2 idna-3.7 mov-0.1.0 numpy-2.0.1 pandas-2.2.2 pyarrow-17.0.0 python-dateutil-2.9.0.post0 pytz-2024.1 requests-2.32.3 six-1.16.0 tzdata-2024.1 urllib3-2.2.2
[2024-07-31T15:19:07.820+0900] {process_utils.py:191} INFO - 
[2024-07-31T15:19:07.820+0900] {process_utils.py:191} INFO - [notice] A new release of pip is available: 24.1.2 -> 24.2
[2024-07-31T15:19:07.820+0900] {process_utils.py:191} INFO - [notice] To update, run: python -m pip install --upgrade pip
[2024-07-31T15:19:07.963+0900] {process_utils.py:183} INFO - Executing cmd: /var/folders/qv/0knwm5h50ml0skpppwpbks_r0000gp/T/venv1fj4j06k/bin/python /var/folders/qv/0knwm5h50ml0skpppwpbks_r0000gp/T/venv-call17iq215z/script.py /var/folders/qv/0knwm5h50ml0skpppwpbks_r0000gp/T/venv-call17iq215z/script.in /var/folders/qv/0knwm5h50ml0skpppwpbks_r0000gp/T/venv-call17iq215z/script.out /var/folders/qv/0knwm5h50ml0skpppwpbks_r0000gp/T/venv-call17iq215z/string_args.txt /var/folders/qv/0knwm5h50ml0skpppwpbks_r0000gp/T/venv-call17iq215z/termination.log
[2024-07-31T15:19:07.965+0900] {process_utils.py:187} INFO - Output:
[2024-07-31T15:19:23.501+0900] {process_utils.py:191} INFO - {'boxOfficeResult': {'boxofficeType': '일별 박스오피스', 'showRange': '20240730~20240730', 'dailyBoxOfficeList': [{'rnum': '1', 'rank': '1', 'rankInten': '1', 'rankOldAndNew': 'OLD', 'movieCd': '20247440', 'movieNm': '슈퍼배드 4', 'openDt': '2024-07-24', 'salesAmt': '709624985', 'salesShare': '26.2', 'salesInten': '-5161840', 'salesChange': '-0.7', 'salesAcc': '6916847057', 'audiCnt': '79855', 'audiInten': '-198', 'audiChange': '-0.2', 'audiAcc': '748320', 'scrnCnt': '1081', 'showCnt': '4080'}, {'rnum': '2', 'rank': '2', 'rankInten': '-1', 'rankOldAndNew': 'OLD', 'movieCd': '20247781', 'movieNm': '데드풀과 울버린', 'openDt': '2024-07-24', 'salesAmt': '794441435', 'salesShare': '29.3', 'salesInten': '-141886941', 'salesChange': '-15.2', 'salesAcc': '13035390434', 'audiCnt': '79021', 'audiInten': '-13511', 'audiChange': '-14.6', 'audiAcc': '1257556', 'scrnCnt': '1769', 'showCnt': '7207'}, {'rnum': '3', 'rank': '3', 'rankInten': '0', 'rankOldAndNew': 'OLD', 'movieCd': '20212932', 'movieNm': '탈주', 'openDt': '2024-07-03', 'salesAmt': '382461417', 'salesShare': '14.1', 'salesInten': '2037253', 'salesChange': '0.5', 'salesAcc': '22414574896', 'audiCnt': '41512', 'audiInten': '742', 'audiChange': '1.8', 'audiAcc': '2364338', 'scrnCnt': '900', 'showCnt': '2432'}, {'rnum': '4', 'rank': '4', 'rankInten': '0', 'rankOldAndNew': 'OLD', 'movieCd': '20235974', 'movieNm': '인사이드 아웃 2', 'openDt': '2024-06-12', 'salesAmt': '355070963', 'salesShare': '13.1', 'salesInten': '7990032', 'salesChange': '2.3', 'salesAcc': '80440525695', 'audiCnt': '38549', 'audiInten': '1172', 'audiChange': '3.1', 'audiAcc': '8367819', 'scrnCnt': '814', 'showCnt': '1746'}, {'rnum': '5', 'rank': '5', 'rankInten': '0', 'rankOldAndNew': 'OLD', 'movieCd': '20240983', 'movieNm': '명탐정 코난: 100만 달러의 펜타그램', 'openDt': '2024-07-17', 'salesAmt': '145004046', 'salesShare': '5.4', 'salesInten': '-2091543', 'salesChange': '-1.4', 'salesAcc': '5771714958', 'audiCnt': '15694', 'audiInten': '-186', 'audiChange': '-1.2', 'audiAcc': '588839', 'scrnCnt': '591', 'showCnt': '1101'}, {'rnum': '6', 'rank': '6', 'rankInten': '0', 'rankOldAndNew': 'OLD', 'movieCd': '20208245', 'movieNm': '핸섬가이즈', 'openDt': '2024-06-26', 'salesAmt': '124455756', 'salesShare': '4.6', 'salesInten': '1452545', 'salesChange': '1.2', 'salesAcc': '16303547805', 'audiCnt': '13489', 'audiInten': '288', 'audiChange': '2.2', 'audiAcc': '1743660', 'scrnCnt': '586', 'showCnt': '977'}, {'rnum': '7', 'rank': '7', 'rankInten': '0', 'rankOldAndNew': 'OLD', 'movieCd': '20208911', 'movieNm': '탈출: 프로젝트 사일런스', 'openDt': '2024-07-12', 'salesAmt': '48268256', 'salesShare': '1.8', 'salesInten': '2840754', 'salesChange': '6.3', 'salesAcc': '6647518989', 'audiCnt': '5095', 'audiInten': '458', 'audiChange': '9.9', 'audiAcc': '681791', 'scrnCnt': '334', 'showCnt': '476'}, {'rnum': '8', 'rank': '8', 'rankInten': '1', 'rankOldAndNew': 'OLD', 'movieCd': '20240850', 'movieNm': '극장판 도라에몽: 진구의 지구 교향곡', 'openDt': '2024-07-10', 'salesAmt': '16915800', 'salesShare': '0.6', 'salesInten': '590800', 'salesChange': '3.6', 'salesAcc': '658816700', 'audiCnt': '2093', 'audiInten': '140', 'audiChange': '7.2', 'audiAcc': '76426', 'scrnCnt': '118', 'showCnt': '149'}, {'rnum': '9', 'rank': '9', 'rankInten': '1', 'rankOldAndNew': 'OLD', 'movieCd': '20235926', 'movieNm': '퍼펙트 데이즈', 'openDt': '2024-07-03', 'salesAmt': '17391173', 'salesShare': '0.6', 'salesInten': '777318', 'salesChange': '4.7', 'salesAcc': '655724115', 'audiCnt': '1972', 'audiInten': '104', 'audiChange': '5.6', 'audiAcc': '69483', 'scrnCnt': '52', 'showCnt': '63'}, {'rnum': '10', 'rank': '10', 'rankInten': '1', 'rankOldAndNew': 'OLD', 'movieCd': '20248465', 'movieNm': '하이재킹', 'openDt': '2024-06-21', 'salesAmt': '14739340', 'salesShare': '0.5', 'salesInten': '616872', 'salesChange': '4.4', 'salesAcc': '16822849452', 'audiCnt': '1679', 'audiInten': '114', 'audiChange': '7.3', 'audiAcc': '1771095', 'scrnCnt': '129', 'showCnt': '160'}]}}
[2024-07-31T15:19:23.502+0900] {process_utils.py:191} INFO -   rnum rank rankInten rankOldAndNew  ...  audiAcc scrnCnt showCnt   load_dt
[2024-07-31T15:19:23.502+0900] {process_utils.py:191} INFO - 0    1    1         1           OLD  ...   748320    1081    4080  20240730
[2024-07-31T15:19:23.503+0900] {process_utils.py:191} INFO - 1    2    2        -1           OLD  ...  1257556    1769    7207  20240730
[2024-07-31T15:19:23.503+0900] {process_utils.py:191} INFO - 2    3    3         0           OLD  ...  2364338     900    2432  20240730
[2024-07-31T15:19:23.503+0900] {process_utils.py:191} INFO - 3    4    4         0           OLD  ...  8367819     814    1746  20240730
[2024-07-31T15:19:23.504+0900] {process_utils.py:191} INFO - 4    5    5         0           OLD  ...   588839     591    1101  20240730
[2024-07-31T15:19:23.504+0900] {process_utils.py:191} INFO - 
[2024-07-31T15:19:23.504+0900] {process_utils.py:191} INFO - [5 rows x 19 columns]
[2024-07-31T15:19:23.505+0900] {process_utils.py:191} INFO -   rnum rank rankInten rankOldAndNew  ...  audiAcc scrnCnt showCnt   load_dt
[2024-07-31T15:19:23.505+0900] {process_utils.py:191} INFO - 0    1    1         1           OLD  ...   748320    1081    4080  20240730
[2024-07-31T15:19:23.505+0900] {process_utils.py:191} INFO - 1    2    2        -1           OLD  ...  1257556    1769    7207  20240730
[2024-07-31T15:19:23.506+0900] {process_utils.py:191} INFO - 2    3    3         0           OLD  ...  2364338     900    2432  20240730
[2024-07-31T15:19:23.506+0900] {process_utils.py:191} INFO - 3    4    4         0           OLD  ...  8367819     814    1746  20240730
[2024-07-31T15:19:23.507+0900] {process_utils.py:191} INFO - 4    5    5         0           OLD  ...   588839     591    1101  20240730
[2024-07-31T15:19:23.507+0900] {process_utils.py:191} INFO - 
[2024-07-31T15:19:23.507+0900] {process_utils.py:191} INFO - [5 rows x 19 columns]
[2024-07-31T15:19:23.954+0900] {python.py:237} INFO - Done. Returned value was: None
[2024-07-31T15:19:23.954+0900] {taskinstance.py:441} INFO - ::group::Post task execution logs
[2024-07-31T15:19:23.957+0900] {taskinstance.py:1206} INFO - Marking task as SUCCESS. dag_id=movie, task_id=get.data, run_id=scheduled__2024-07-30T02:10:00+00:00, execution_date=20240730T021000, start_date=20240731T061858, end_date=20240731T061923
[2024-07-31T15:19:23.981+0900] {local_task_job_runner.py:243} INFO - Task exited with return code 0
[2024-07-31T15:19:23.988+0900] {taskinstance.py:3503} INFO - 0 downstream tasks scheduled from follow-on schedule check
[2024-07-31T15:19:23.988+0900] {local_task_job_runner.py:222} INFO - ::endgroup::
