[2024-07-31T11:10:25.632+0900] {local_task_job_runner.py:120} INFO - ::group::Pre task execution logs
[2024-07-31T11:10:25.643+0900] {taskinstance.py:2076} INFO - Dependencies all met for dep_context=non-requeueable deps ti=<TaskInstance: movie.get.data scheduled__2024-07-30T02:10:00+00:00 [queued]>
[2024-07-31T11:10:25.647+0900] {taskinstance.py:2076} INFO - Dependencies all met for dep_context=requeueable deps ti=<TaskInstance: movie.get.data scheduled__2024-07-30T02:10:00+00:00 [queued]>
[2024-07-31T11:10:25.647+0900] {taskinstance.py:2306} INFO - Starting attempt 1 of 2
[2024-07-31T11:10:25.653+0900] {taskinstance.py:2330} INFO - Executing <Task(PythonVirtualenvOperator): get.data> on 2024-07-30 02:10:00+00:00
[2024-07-31T11:10:25.656+0900] {standard_task_runner.py:64} INFO - Started process 10144 to run task
[2024-07-31T11:10:25.659+0900] {standard_task_runner.py:90} INFO - Running: ['airflow', 'tasks', 'run', 'movie', 'get.data', 'scheduled__2024-07-30T02:10:00+00:00', '--job-id', '722', '--raw', '--subdir', 'DAGS_FOLDER/movie.py', '--cfg-path', '/var/folders/qv/0knwm5h50ml0skpppwpbks_r0000gp/T/tmp_x0gxt27']
[2024-07-31T11:10:25.660+0900] {standard_task_runner.py:91} INFO - Job 722: Subtask get.data
[2024-07-31T11:10:25.675+0900] {task_command.py:426} INFO - Running <TaskInstance: movie.get.data scheduled__2024-07-30T02:10:00+00:00 [running]> on host jeongui-MacBookPro.local
[2024-07-31T11:10:25.695+0900] {taskinstance.py:2648} INFO - Exporting env vars: AIRFLOW_CTX_DAG_OWNER='airflow' AIRFLOW_CTX_DAG_ID='movie' AIRFLOW_CTX_TASK_ID='get.data' AIRFLOW_CTX_EXECUTION_DATE='2024-07-30T02:10:00+00:00' AIRFLOW_CTX_TRY_NUMBER='1' AIRFLOW_CTX_DAG_RUN_ID='scheduled__2024-07-30T02:10:00+00:00'
[2024-07-31T11:10:25.696+0900] {taskinstance.py:430} INFO - ::endgroup::
[2024-07-31T11:10:25.701+0900] {baseoperator.py:400} WARNING - PythonVirtualenvOperator.execute cannot be called outside TaskInstance!
[2024-07-31T11:10:25.702+0900] {process_utils.py:183} INFO - Executing cmd: /Users/DE32/.pyenv/versions/3.11.9/envs/note/bin/python -m virtualenv /var/folders/qv/0knwm5h50ml0skpppwpbks_r0000gp/T/venv3qgslwic --python=python
[2024-07-31T11:10:25.704+0900] {process_utils.py:187} INFO - Output:
[2024-07-31T11:10:25.947+0900] {process_utils.py:191} INFO - created virtual environment CPython3.11.9.final.0-64 in 175ms
[2024-07-31T11:10:25.948+0900] {process_utils.py:191} INFO -   creator CPython3Posix(dest=/private/var/folders/qv/0knwm5h50ml0skpppwpbks_r0000gp/T/venv3qgslwic, clear=False, no_vcs_ignore=False, global=False)
[2024-07-31T11:10:25.948+0900] {process_utils.py:191} INFO -   seeder FromAppData(download=False, pip=bundle, setuptools=bundle, wheel=bundle, via=copy, app_data_dir=/Users/DE32/Library/Application Support/virtualenv)
[2024-07-31T11:10:25.948+0900] {process_utils.py:191} INFO -     added seed packages: pip==24.1.2, setuptools==70.2.0, wheel==0.43.0
[2024-07-31T11:10:25.948+0900] {process_utils.py:191} INFO -   activators BashActivator,CShellActivator,FishActivator,NushellActivator,PowerShellActivator,PythonActivator
[2024-07-31T11:10:25.959+0900] {process_utils.py:183} INFO - Executing cmd: /var/folders/qv/0knwm5h50ml0skpppwpbks_r0000gp/T/venv3qgslwic/bin/pip install -r /var/folders/qv/0knwm5h50ml0skpppwpbks_r0000gp/T/venv3qgslwic/requirements.txt
[2024-07-31T11:10:25.961+0900] {process_utils.py:187} INFO - Output:
[2024-07-31T11:10:26.924+0900] {process_utils.py:191} INFO - Collecting git+https://github.com/Jeonghoon2/movie.git@0.2/api (from -r /var/folders/qv/0knwm5h50ml0skpppwpbks_r0000gp/T/venv3qgslwic/requirements.txt (line 1))
[2024-07-31T11:10:26.924+0900] {process_utils.py:191} INFO -   Cloning https://github.com/Jeonghoon2/movie.git (to revision 0.2/api) to /private/var/folders/qv/0knwm5h50ml0skpppwpbks_r0000gp/T/pip-req-build-028fwbvi
[2024-07-31T11:10:26.942+0900] {process_utils.py:191} INFO -   Running command git clone --filter=blob:none --quiet https://github.com/Jeonghoon2/movie.git /private/var/folders/qv/0knwm5h50ml0skpppwpbks_r0000gp/T/pip-req-build-028fwbvi
[2024-07-31T11:10:28.229+0900] {process_utils.py:191} INFO -   Running command git checkout -b 0.2/api --track origin/0.2/api
[2024-07-31T11:10:28.865+0900] {process_utils.py:191} INFO -   Switched to a new branch '0.2/api'
[2024-07-31T11:10:28.866+0900] {process_utils.py:191} INFO -   branch '0.2/api' set up to track 'origin/0.2/api'.
[2024-07-31T11:10:28.866+0900] {process_utils.py:191} INFO -   Resolved https://github.com/Jeonghoon2/movie.git to commit 514cfb45f6fa577ee07d4fa2076f9283780af81e
[2024-07-31T11:10:28.890+0900] {process_utils.py:191} INFO -   Installing build dependencies: started
[2024-07-31T11:10:30.073+0900] {process_utils.py:191} INFO -   Installing build dependencies: finished with status 'done'
[2024-07-31T11:10:30.074+0900] {process_utils.py:191} INFO -   Getting requirements to build wheel: started
[2024-07-31T11:10:30.204+0900] {process_utils.py:191} INFO -   Getting requirements to build wheel: finished with status 'done'
[2024-07-31T11:10:30.205+0900] {process_utils.py:191} INFO -   Preparing metadata (pyproject.toml): started
[2024-07-31T11:10:30.352+0900] {process_utils.py:191} INFO -   Preparing metadata (pyproject.toml): finished with status 'done'
[2024-07-31T11:10:30.447+0900] {process_utils.py:191} INFO - Collecting requests>=2.32.3 (from mov==0.1.0->-r /var/folders/qv/0knwm5h50ml0skpppwpbks_r0000gp/T/venv3qgslwic/requirements.txt (line 1))
[2024-07-31T11:10:30.449+0900] {process_utils.py:191} INFO -   Using cached requests-2.32.3-py3-none-any.whl.metadata (4.6 kB)
[2024-07-31T11:10:30.588+0900] {process_utils.py:191} INFO - Collecting pandas>=2.2.2 (from mov==0.1.0->-r /var/folders/qv/0knwm5h50ml0skpppwpbks_r0000gp/T/venv3qgslwic/requirements.txt (line 1))
[2024-07-31T11:10:30.590+0900] {process_utils.py:191} INFO -   Using cached pandas-2.2.2-cp311-cp311-macosx_11_0_arm64.whl.metadata (19 kB)
[2024-07-31T11:10:30.694+0900] {process_utils.py:191} INFO - Collecting numpy>=2.0.1 (from mov==0.1.0->-r /var/folders/qv/0knwm5h50ml0skpppwpbks_r0000gp/T/venv3qgslwic/requirements.txt (line 1))
[2024-07-31T11:10:30.695+0900] {process_utils.py:191} INFO -   Using cached numpy-2.0.1-cp311-cp311-macosx_14_0_arm64.whl.metadata (60 kB)
[2024-07-31T11:10:30.746+0900] {process_utils.py:191} INFO - Collecting pyarrow>=17.0.0 (from mov==0.1.0->-r /var/folders/qv/0knwm5h50ml0skpppwpbks_r0000gp/T/venv3qgslwic/requirements.txt (line 1))
[2024-07-31T11:10:30.747+0900] {process_utils.py:191} INFO -   Using cached pyarrow-17.0.0-cp311-cp311-macosx_11_0_arm64.whl.metadata (3.3 kB)
[2024-07-31T11:10:30.773+0900] {process_utils.py:191} INFO - Collecting python-dateutil>=2.8.2 (from pandas>=2.2.2->mov==0.1.0->-r /var/folders/qv/0knwm5h50ml0skpppwpbks_r0000gp/T/venv3qgslwic/requirements.txt (line 1))
[2024-07-31T11:10:30.774+0900] {process_utils.py:191} INFO -   Using cached python_dateutil-2.9.0.post0-py2.py3-none-any.whl.metadata (8.4 kB)
[2024-07-31T11:10:30.808+0900] {process_utils.py:191} INFO - Collecting pytz>=2020.1 (from pandas>=2.2.2->mov==0.1.0->-r /var/folders/qv/0knwm5h50ml0skpppwpbks_r0000gp/T/venv3qgslwic/requirements.txt (line 1))
[2024-07-31T11:10:30.809+0900] {process_utils.py:191} INFO -   Using cached pytz-2024.1-py2.py3-none-any.whl.metadata (22 kB)
[2024-07-31T11:10:30.827+0900] {process_utils.py:191} INFO - Collecting tzdata>=2022.7 (from pandas>=2.2.2->mov==0.1.0->-r /var/folders/qv/0knwm5h50ml0skpppwpbks_r0000gp/T/venv3qgslwic/requirements.txt (line 1))
[2024-07-31T11:10:30.828+0900] {process_utils.py:191} INFO -   Using cached tzdata-2024.1-py2.py3-none-any.whl.metadata (1.4 kB)
[2024-07-31T11:10:30.873+0900] {process_utils.py:191} INFO - Collecting charset-normalizer<4,>=2 (from requests>=2.32.3->mov==0.1.0->-r /var/folders/qv/0knwm5h50ml0skpppwpbks_r0000gp/T/venv3qgslwic/requirements.txt (line 1))
[2024-07-31T11:10:30.874+0900] {process_utils.py:191} INFO -   Using cached charset_normalizer-3.3.2-cp311-cp311-macosx_11_0_arm64.whl.metadata (33 kB)
[2024-07-31T11:10:30.906+0900] {process_utils.py:191} INFO - Collecting idna<4,>=2.5 (from requests>=2.32.3->mov==0.1.0->-r /var/folders/qv/0knwm5h50ml0skpppwpbks_r0000gp/T/venv3qgslwic/requirements.txt (line 1))
[2024-07-31T11:10:30.907+0900] {process_utils.py:191} INFO -   Using cached idna-3.7-py3-none-any.whl.metadata (9.9 kB)
[2024-07-31T11:10:30.935+0900] {process_utils.py:191} INFO - Collecting urllib3<3,>=1.21.1 (from requests>=2.32.3->mov==0.1.0->-r /var/folders/qv/0knwm5h50ml0skpppwpbks_r0000gp/T/venv3qgslwic/requirements.txt (line 1))
[2024-07-31T11:10:30.936+0900] {process_utils.py:191} INFO -   Using cached urllib3-2.2.2-py3-none-any.whl.metadata (6.4 kB)
[2024-07-31T11:10:30.958+0900] {process_utils.py:191} INFO - Collecting certifi>=2017.4.17 (from requests>=2.32.3->mov==0.1.0->-r /var/folders/qv/0knwm5h50ml0skpppwpbks_r0000gp/T/venv3qgslwic/requirements.txt (line 1))
[2024-07-31T11:10:30.959+0900] {process_utils.py:191} INFO -   Using cached certifi-2024.7.4-py3-none-any.whl.metadata (2.2 kB)
[2024-07-31T11:10:30.988+0900] {process_utils.py:191} INFO - Collecting six>=1.5 (from python-dateutil>=2.8.2->pandas>=2.2.2->mov==0.1.0->-r /var/folders/qv/0knwm5h50ml0skpppwpbks_r0000gp/T/venv3qgslwic/requirements.txt (line 1))
[2024-07-31T11:10:30.989+0900] {process_utils.py:191} INFO -   Using cached six-1.16.0-py2.py3-none-any.whl.metadata (1.8 kB)
[2024-07-31T11:10:30.993+0900] {process_utils.py:191} INFO - Using cached numpy-2.0.1-cp311-cp311-macosx_14_0_arm64.whl (5.3 MB)
[2024-07-31T11:10:31.001+0900] {process_utils.py:191} INFO - Using cached pandas-2.2.2-cp311-cp311-macosx_11_0_arm64.whl (11.3 MB)
[2024-07-31T11:10:31.016+0900] {process_utils.py:191} INFO - Using cached pyarrow-17.0.0-cp311-cp311-macosx_11_0_arm64.whl (27.2 MB)
[2024-07-31T11:10:31.048+0900] {process_utils.py:191} INFO - Using cached requests-2.32.3-py3-none-any.whl (64 kB)
[2024-07-31T11:10:31.051+0900] {process_utils.py:191} INFO - Using cached certifi-2024.7.4-py3-none-any.whl (162 kB)
[2024-07-31T11:10:31.053+0900] {process_utils.py:191} INFO - Using cached charset_normalizer-3.3.2-cp311-cp311-macosx_11_0_arm64.whl (118 kB)
[2024-07-31T11:10:31.055+0900] {process_utils.py:191} INFO - Using cached idna-3.7-py3-none-any.whl (66 kB)
[2024-07-31T11:10:31.057+0900] {process_utils.py:191} INFO - Using cached python_dateutil-2.9.0.post0-py2.py3-none-any.whl (229 kB)
[2024-07-31T11:10:31.059+0900] {process_utils.py:191} INFO - Using cached pytz-2024.1-py2.py3-none-any.whl (505 kB)
[2024-07-31T11:10:31.062+0900] {process_utils.py:191} INFO - Using cached tzdata-2024.1-py2.py3-none-any.whl (345 kB)
[2024-07-31T11:10:31.065+0900] {process_utils.py:191} INFO - Using cached urllib3-2.2.2-py3-none-any.whl (121 kB)
[2024-07-31T11:10:31.066+0900] {process_utils.py:191} INFO - Using cached six-1.16.0-py2.py3-none-any.whl (11 kB)
[2024-07-31T11:10:31.108+0900] {process_utils.py:191} INFO - Building wheels for collected packages: mov
[2024-07-31T11:10:31.122+0900] {process_utils.py:191} INFO -   Building wheel for mov (pyproject.toml): started
[2024-07-31T11:10:31.256+0900] {process_utils.py:191} INFO -   Building wheel for mov (pyproject.toml): finished with status 'done'
[2024-07-31T11:10:31.257+0900] {process_utils.py:191} INFO -   Created wheel for mov: filename=mov-0.1.0-py3-none-any.whl size=3017 sha256=0f4093b6b540f20d2b97a99259e48186b02f3478005bb13cc7d288e1ecef0852
[2024-07-31T11:10:31.257+0900] {process_utils.py:191} INFO -   Stored in directory: /private/var/folders/qv/0knwm5h50ml0skpppwpbks_r0000gp/T/pip-ephem-wheel-cache-mzmge3pc/wheels/cf/ab/a7/d0c528d20fa8a5f19e169bdf1d98f2b2cefe79d8527bb89200
[2024-07-31T11:10:31.258+0900] {process_utils.py:191} INFO - Successfully built mov
[2024-07-31T11:10:31.285+0900] {process_utils.py:191} INFO - Installing collected packages: pytz, urllib3, tzdata, six, numpy, idna, charset-normalizer, certifi, requests, python-dateutil, pyarrow, pandas, mov
[2024-07-31T11:10:35.772+0900] {process_utils.py:191} INFO - Successfully installed certifi-2024.7.4 charset-normalizer-3.3.2 idna-3.7 mov-0.1.0 numpy-2.0.1 pandas-2.2.2 pyarrow-17.0.0 python-dateutil-2.9.0.post0 pytz-2024.1 requests-2.32.3 six-1.16.0 tzdata-2024.1 urllib3-2.2.2
[2024-07-31T11:10:35.775+0900] {process_utils.py:191} INFO - 
[2024-07-31T11:10:35.775+0900] {process_utils.py:191} INFO - [notice] A new release of pip is available: 24.1.2 -> 24.2
[2024-07-31T11:10:35.775+0900] {process_utils.py:191} INFO - [notice] To update, run: python -m pip install --upgrade pip
[2024-07-31T11:10:35.909+0900] {process_utils.py:183} INFO - Executing cmd: /var/folders/qv/0knwm5h50ml0skpppwpbks_r0000gp/T/venv3qgslwic/bin/python /var/folders/qv/0knwm5h50ml0skpppwpbks_r0000gp/T/venv-callwc_hmrwh/script.py /var/folders/qv/0knwm5h50ml0skpppwpbks_r0000gp/T/venv-callwc_hmrwh/script.in /var/folders/qv/0knwm5h50ml0skpppwpbks_r0000gp/T/venv-callwc_hmrwh/script.out /var/folders/qv/0knwm5h50ml0skpppwpbks_r0000gp/T/venv-callwc_hmrwh/string_args.txt /var/folders/qv/0knwm5h50ml0skpppwpbks_r0000gp/T/venv-callwc_hmrwh/termination.log
[2024-07-31T11:10:35.911+0900] {process_utils.py:187} INFO - Output:
[2024-07-31T11:10:49.596+0900] {process_utils.py:191} INFO - {'boxOfficeResult': {'boxofficeType': '일별 박스오피스', 'showRange': '20240730~20240730', 'dailyBoxOfficeList': [{'rnum': '1', 'rank': '1', 'rankInten': '1', 'rankOldAndNew': 'OLD', 'movieCd': '20247440', 'movieNm': '슈퍼배드 4', 'openDt': '2024-07-24', 'salesAmt': '709624985', 'salesShare': '26.2', 'salesInten': '-5161840', 'salesChange': '-0.7', 'salesAcc': '6916886057', 'audiCnt': '79855', 'audiInten': '-198', 'audiChange': '-0.2', 'audiAcc': '748323', 'scrnCnt': '1081', 'showCnt': '4080'}, {'rnum': '2', 'rank': '2', 'rankInten': '-1', 'rankOldAndNew': 'OLD', 'movieCd': '20247781', 'movieNm': '데드풀과 울버린', 'openDt': '2024-07-24', 'salesAmt': '794901435', 'salesShare': '29.4', 'salesInten': '-141426941', 'salesChange': '-15.1', 'salesAcc': '13035967934', 'audiCnt': '79067', 'audiInten': '-13465', 'audiChange': '-14.6', 'audiAcc': '1257614', 'scrnCnt': '1769', 'showCnt': '7207'}, {'rnum': '3', 'rank': '3', 'rankInten': '0', 'rankOldAndNew': 'OLD', 'movieCd': '20212932', 'movieNm': '탈주', 'openDt': '2024-07-03', 'salesAmt': '382461417', 'salesShare': '14.1', 'salesInten': '2037253', 'salesChange': '0.5', 'salesAcc': '22414574896', 'audiCnt': '41512', 'audiInten': '742', 'audiChange': '1.8', 'audiAcc': '2364338', 'scrnCnt': '900', 'showCnt': '2432'}, {'rnum': '4', 'rank': '4', 'rankInten': '0', 'rankOldAndNew': 'OLD', 'movieCd': '20235974', 'movieNm': '인사이드 아웃 2', 'openDt': '2024-06-12', 'salesAmt': '355070963', 'salesShare': '13.1', 'salesInten': '7990032', 'salesChange': '2.3', 'salesAcc': '80440553695', 'audiCnt': '38549', 'audiInten': '1172', 'audiChange': '3.1', 'audiAcc': '8367822', 'scrnCnt': '814', 'showCnt': '1746'}, {'rnum': '5', 'rank': '5', 'rankInten': '0', 'rankOldAndNew': 'OLD', 'movieCd': '20240983', 'movieNm': '명탐정 코난: 100만 달러의 펜타그램', 'openDt': '2024-07-17', 'salesAmt': '145004046', 'salesShare': '5.4', 'salesInten': '-2091543', 'salesChange': '-1.4', 'salesAcc': '5771714958', 'audiCnt': '15694', 'audiInten': '-186', 'audiChange': '-1.2', 'audiAcc': '588839', 'scrnCnt': '591', 'showCnt': '1101'}, {'rnum': '6', 'rank': '6', 'rankInten': '0', 'rankOldAndNew': 'OLD', 'movieCd': '20208245', 'movieNm': '핸섬가이즈', 'openDt': '2024-06-26', 'salesAmt': '124455756', 'salesShare': '4.6', 'salesInten': '1452545', 'salesChange': '1.2', 'salesAcc': '16302890805', 'audiCnt': '13489', 'audiInten': '288', 'audiChange': '2.2', 'audiAcc': '1743573', 'scrnCnt': '586', 'showCnt': '977'}, {'rnum': '7', 'rank': '7', 'rankInten': '0', 'rankOldAndNew': 'OLD', 'movieCd': '20208911', 'movieNm': '탈출: 프로젝트 사일런스', 'openDt': '2024-07-12', 'salesAmt': '48268256', 'salesShare': '1.8', 'salesInten': '2840754', 'salesChange': '6.3', 'salesAcc': '6647518989', 'audiCnt': '5095', 'audiInten': '458', 'audiChange': '9.9', 'audiAcc': '681791', 'scrnCnt': '334', 'showCnt': '476'}, {'rnum': '8', 'rank': '8', 'rankInten': '1', 'rankOldAndNew': 'OLD', 'movieCd': '20240850', 'movieNm': '극장판 도라에몽: 진구의 지구 교향곡', 'openDt': '2024-07-10', 'salesAmt': '16915800', 'salesShare': '0.6', 'salesInten': '590800', 'salesChange': '3.6', 'salesAcc': '658816700', 'audiCnt': '2093', 'audiInten': '140', 'audiChange': '7.2', 'audiAcc': '76426', 'scrnCnt': '118', 'showCnt': '149'}, {'rnum': '9', 'rank': '9', 'rankInten': '1', 'rankOldAndNew': 'OLD', 'movieCd': '20235926', 'movieNm': '퍼펙트 데이즈', 'openDt': '2024-07-03', 'salesAmt': '17391173', 'salesShare': '0.6', 'salesInten': '777318', 'salesChange': '4.7', 'salesAcc': '655724115', 'audiCnt': '1972', 'audiInten': '104', 'audiChange': '5.6', 'audiAcc': '69483', 'scrnCnt': '52', 'showCnt': '63'}, {'rnum': '10', 'rank': '10', 'rankInten': '1', 'rankOldAndNew': 'OLD', 'movieCd': '20248465', 'movieNm': '하이재킹', 'openDt': '2024-06-21', 'salesAmt': '14739340', 'salesShare': '0.5', 'salesInten': '616872', 'salesChange': '4.4', 'salesAcc': '16822849452', 'audiCnt': '1679', 'audiInten': '114', 'audiChange': '7.3', 'audiAcc': '1771095', 'scrnCnt': '129', 'showCnt': '160'}]}}
[2024-07-31T11:10:49.597+0900] {process_utils.py:191} INFO -   rnum rank rankInten rankOldAndNew  ...  audiAcc scrnCnt showCnt   load_dt
[2024-07-31T11:10:49.597+0900] {process_utils.py:191} INFO - 0    1    1         1           OLD  ...   748323    1081    4080  20240730
[2024-07-31T11:10:49.598+0900] {process_utils.py:191} INFO - 1    2    2        -1           OLD  ...  1257614    1769    7207  20240730
[2024-07-31T11:10:49.598+0900] {process_utils.py:191} INFO - 2    3    3         0           OLD  ...  2364338     900    2432  20240730
[2024-07-31T11:10:49.598+0900] {process_utils.py:191} INFO - 3    4    4         0           OLD  ...  8367822     814    1746  20240730
[2024-07-31T11:10:49.599+0900] {process_utils.py:191} INFO - 4    5    5         0           OLD  ...   588839     591    1101  20240730
[2024-07-31T11:10:49.599+0900] {process_utils.py:191} INFO - 
[2024-07-31T11:10:49.599+0900] {process_utils.py:191} INFO - [5 rows x 19 columns]
[2024-07-31T11:10:49.600+0900] {process_utils.py:191} INFO -   rnum rank rankInten rankOldAndNew  ...  audiAcc scrnCnt showCnt   load_dt
[2024-07-31T11:10:49.600+0900] {process_utils.py:191} INFO - 0    1    1         1           OLD  ...   748323    1081    4080  20240730
[2024-07-31T11:10:49.601+0900] {process_utils.py:191} INFO - 1    2    2        -1           OLD  ...  1257614    1769    7207  20240730
[2024-07-31T11:10:49.601+0900] {process_utils.py:191} INFO - 2    3    3         0           OLD  ...  2364338     900    2432  20240730
[2024-07-31T11:10:49.601+0900] {process_utils.py:191} INFO - 3    4    4         0           OLD  ...  8367822     814    1746  20240730
[2024-07-31T11:10:49.602+0900] {process_utils.py:191} INFO - 4    5    5         0           OLD  ...   588839     591    1101  20240730
[2024-07-31T11:10:49.602+0900] {process_utils.py:191} INFO - 
[2024-07-31T11:10:49.602+0900] {process_utils.py:191} INFO - [5 rows x 19 columns]
[2024-07-31T11:10:50.035+0900] {python.py:237} INFO - Done. Returned value was: None
[2024-07-31T11:10:50.036+0900] {taskinstance.py:441} INFO - ::group::Post task execution logs
[2024-07-31T11:10:50.039+0900] {taskinstance.py:1206} INFO - Marking task as SUCCESS. dag_id=movie, task_id=get.data, run_id=scheduled__2024-07-30T02:10:00+00:00, execution_date=20240730T021000, start_date=20240731T021025, end_date=20240731T021050
[2024-07-31T11:10:50.068+0900] {local_task_job_runner.py:243} INFO - Task exited with return code 0
[2024-07-31T11:10:50.076+0900] {taskinstance.py:3503} INFO - 0 downstream tasks scheduled from follow-on schedule check
[2024-07-31T11:10:50.076+0900] {local_task_job_runner.py:222} INFO - ::endgroup::
[2024-07-31T17:00:24.488+0900] {local_task_job_runner.py:120} INFO - ::group::Pre task execution logs
[2024-07-31T17:00:24.499+0900] {taskinstance.py:2076} INFO - Dependencies all met for dep_context=non-requeueable deps ti=<TaskInstance: movie.get.data scheduled__2024-07-30T02:10:00+00:00 [queued]>
[2024-07-31T17:00:24.502+0900] {taskinstance.py:2076} INFO - Dependencies all met for dep_context=requeueable deps ti=<TaskInstance: movie.get.data scheduled__2024-07-30T02:10:00+00:00 [queued]>
[2024-07-31T17:00:24.502+0900] {taskinstance.py:2306} INFO - Starting attempt 1 of 2
[2024-07-31T17:00:24.508+0900] {taskinstance.py:2330} INFO - Executing <Task(PythonVirtualenvOperator): get.data> on 2024-07-30 02:10:00+00:00
[2024-07-31T17:00:24.511+0900] {standard_task_runner.py:64} INFO - Started process 21020 to run task
[2024-07-31T17:00:24.513+0900] {standard_task_runner.py:90} INFO - Running: ['airflow', 'tasks', 'run', 'movie', 'get.data', 'scheduled__2024-07-30T02:10:00+00:00', '--job-id', '888', '--raw', '--subdir', 'DAGS_FOLDER/movie.py', '--cfg-path', '/var/folders/qv/0knwm5h50ml0skpppwpbks_r0000gp/T/tmpj4cto2ft']
[2024-07-31T17:00:24.515+0900] {standard_task_runner.py:91} INFO - Job 888: Subtask get.data
[2024-07-31T17:00:24.529+0900] {task_command.py:426} INFO - Running <TaskInstance: movie.get.data scheduled__2024-07-30T02:10:00+00:00 [running]> on host jeongui-MacBookPro.local
[2024-07-31T17:00:24.549+0900] {taskinstance.py:2648} INFO - Exporting env vars: AIRFLOW_CTX_DAG_OWNER='airflow' AIRFLOW_CTX_DAG_ID='movie' AIRFLOW_CTX_TASK_ID='get.data' AIRFLOW_CTX_EXECUTION_DATE='2024-07-30T02:10:00+00:00' AIRFLOW_CTX_TRY_NUMBER='1' AIRFLOW_CTX_DAG_RUN_ID='scheduled__2024-07-30T02:10:00+00:00'
[2024-07-31T17:00:24.549+0900] {taskinstance.py:430} INFO - ::endgroup::
[2024-07-31T17:00:24.555+0900] {baseoperator.py:400} WARNING - PythonVirtualenvOperator.execute cannot be called outside TaskInstance!
[2024-07-31T17:00:24.555+0900] {process_utils.py:183} INFO - Executing cmd: /Users/DE32/.pyenv/versions/3.11.9/envs/note/bin/python -m virtualenv /var/folders/qv/0knwm5h50ml0skpppwpbks_r0000gp/T/venv_h4bd69z --python=python
[2024-07-31T17:00:24.557+0900] {process_utils.py:187} INFO - Output:
[2024-07-31T17:00:24.731+0900] {process_utils.py:191} INFO - created virtual environment CPython3.11.9.final.0-64 in 116ms
[2024-07-31T17:00:24.731+0900] {process_utils.py:191} INFO -   creator CPython3Posix(dest=/private/var/folders/qv/0knwm5h50ml0skpppwpbks_r0000gp/T/venv_h4bd69z, clear=False, no_vcs_ignore=False, global=False)
[2024-07-31T17:00:24.731+0900] {process_utils.py:191} INFO -   seeder FromAppData(download=False, pip=bundle, setuptools=bundle, wheel=bundle, via=copy, app_data_dir=/Users/DE32/Library/Application Support/virtualenv)
[2024-07-31T17:00:24.731+0900] {process_utils.py:191} INFO -     added seed packages: pip==24.1.2, setuptools==70.2.0, wheel==0.43.0
[2024-07-31T17:00:24.732+0900] {process_utils.py:191} INFO -   activators BashActivator,CShellActivator,FishActivator,NushellActivator,PowerShellActivator,PythonActivator
[2024-07-31T17:00:24.742+0900] {process_utils.py:183} INFO - Executing cmd: /var/folders/qv/0knwm5h50ml0skpppwpbks_r0000gp/T/venv_h4bd69z/bin/pip install -r /var/folders/qv/0knwm5h50ml0skpppwpbks_r0000gp/T/venv_h4bd69z/requirements.txt
[2024-07-31T17:00:24.744+0900] {process_utils.py:187} INFO - Output:
[2024-07-31T17:00:25.491+0900] {process_utils.py:191} INFO - Collecting git+https://github.com/Jeonghoon2/movie.git@0.2/api (from -r /var/folders/qv/0knwm5h50ml0skpppwpbks_r0000gp/T/venv_h4bd69z/requirements.txt (line 1))
[2024-07-31T17:00:25.491+0900] {process_utils.py:191} INFO -   Cloning https://github.com/Jeonghoon2/movie.git (to revision 0.2/api) to /private/var/folders/qv/0knwm5h50ml0skpppwpbks_r0000gp/T/pip-req-build-nkqnahyk
[2024-07-31T17:00:25.502+0900] {process_utils.py:191} INFO -   Running command git clone --filter=blob:none --quiet https://github.com/Jeonghoon2/movie.git /private/var/folders/qv/0knwm5h50ml0skpppwpbks_r0000gp/T/pip-req-build-nkqnahyk
[2024-07-31T17:00:27.078+0900] {process_utils.py:191} INFO -   Running command git checkout -b 0.2/api --track origin/0.2/api
[2024-07-31T17:00:27.604+0900] {process_utils.py:191} INFO -   Switched to a new branch '0.2/api'
[2024-07-31T17:00:27.605+0900] {process_utils.py:191} INFO -   branch '0.2/api' set up to track 'origin/0.2/api'.
[2024-07-31T17:00:27.605+0900] {process_utils.py:191} INFO -   Resolved https://github.com/Jeonghoon2/movie.git to commit 34de3b5e993ea074744539373447116355ac95da
[2024-07-31T17:00:27.627+0900] {process_utils.py:191} INFO -   Installing build dependencies: started
[2024-07-31T17:00:28.524+0900] {process_utils.py:191} INFO -   Installing build dependencies: finished with status 'done'
[2024-07-31T17:00:28.524+0900] {process_utils.py:191} INFO -   Getting requirements to build wheel: started
[2024-07-31T17:00:28.645+0900] {process_utils.py:191} INFO -   Getting requirements to build wheel: finished with status 'done'
[2024-07-31T17:00:28.646+0900] {process_utils.py:191} INFO -   Preparing metadata (pyproject.toml): started
[2024-07-31T17:00:28.769+0900] {process_utils.py:191} INFO -   Preparing metadata (pyproject.toml): finished with status 'done'
[2024-07-31T17:00:28.839+0900] {process_utils.py:191} INFO - Collecting requests>=2.32.3 (from mov==0.1.0->-r /var/folders/qv/0knwm5h50ml0skpppwpbks_r0000gp/T/venv_h4bd69z/requirements.txt (line 1))
[2024-07-31T17:00:28.840+0900] {process_utils.py:191} INFO -   Using cached requests-2.32.3-py3-none-any.whl.metadata (4.6 kB)
[2024-07-31T17:00:28.904+0900] {process_utils.py:191} INFO - Collecting pandas>=2.2.2 (from mov==0.1.0->-r /var/folders/qv/0knwm5h50ml0skpppwpbks_r0000gp/T/venv_h4bd69z/requirements.txt (line 1))
[2024-07-31T17:00:28.905+0900] {process_utils.py:191} INFO -   Using cached pandas-2.2.2-cp311-cp311-macosx_11_0_arm64.whl.metadata (19 kB)
[2024-07-31T17:00:29.006+0900] {process_utils.py:191} INFO - Collecting numpy>=2.0.1 (from mov==0.1.0->-r /var/folders/qv/0knwm5h50ml0skpppwpbks_r0000gp/T/venv_h4bd69z/requirements.txt (line 1))
[2024-07-31T17:00:29.007+0900] {process_utils.py:191} INFO -   Using cached numpy-2.0.1-cp311-cp311-macosx_14_0_arm64.whl.metadata (60 kB)
[2024-07-31T17:00:29.054+0900] {process_utils.py:191} INFO - Collecting pyarrow>=17.0.0 (from mov==0.1.0->-r /var/folders/qv/0knwm5h50ml0skpppwpbks_r0000gp/T/venv_h4bd69z/requirements.txt (line 1))
[2024-07-31T17:00:29.055+0900] {process_utils.py:191} INFO -   Using cached pyarrow-17.0.0-cp311-cp311-macosx_11_0_arm64.whl.metadata (3.3 kB)
[2024-07-31T17:00:29.076+0900] {process_utils.py:191} INFO - Collecting python-dateutil>=2.8.2 (from pandas>=2.2.2->mov==0.1.0->-r /var/folders/qv/0knwm5h50ml0skpppwpbks_r0000gp/T/venv_h4bd69z/requirements.txt (line 1))
[2024-07-31T17:00:29.077+0900] {process_utils.py:191} INFO -   Using cached python_dateutil-2.9.0.post0-py2.py3-none-any.whl.metadata (8.4 kB)
[2024-07-31T17:00:29.106+0900] {process_utils.py:191} INFO - Collecting pytz>=2020.1 (from pandas>=2.2.2->mov==0.1.0->-r /var/folders/qv/0knwm5h50ml0skpppwpbks_r0000gp/T/venv_h4bd69z/requirements.txt (line 1))
[2024-07-31T17:00:29.106+0900] {process_utils.py:191} INFO -   Using cached pytz-2024.1-py2.py3-none-any.whl.metadata (22 kB)
[2024-07-31T17:00:29.119+0900] {process_utils.py:191} INFO - Collecting tzdata>=2022.7 (from pandas>=2.2.2->mov==0.1.0->-r /var/folders/qv/0knwm5h50ml0skpppwpbks_r0000gp/T/venv_h4bd69z/requirements.txt (line 1))
[2024-07-31T17:00:29.120+0900] {process_utils.py:191} INFO -   Using cached tzdata-2024.1-py2.py3-none-any.whl.metadata (1.4 kB)
[2024-07-31T17:00:29.163+0900] {process_utils.py:191} INFO - Collecting charset-normalizer<4,>=2 (from requests>=2.32.3->mov==0.1.0->-r /var/folders/qv/0knwm5h50ml0skpppwpbks_r0000gp/T/venv_h4bd69z/requirements.txt (line 1))
[2024-07-31T17:00:29.164+0900] {process_utils.py:191} INFO -   Using cached charset_normalizer-3.3.2-cp311-cp311-macosx_11_0_arm64.whl.metadata (33 kB)
[2024-07-31T17:00:29.177+0900] {process_utils.py:191} INFO - Collecting idna<4,>=2.5 (from requests>=2.32.3->mov==0.1.0->-r /var/folders/qv/0knwm5h50ml0skpppwpbks_r0000gp/T/venv_h4bd69z/requirements.txt (line 1))
[2024-07-31T17:00:29.178+0900] {process_utils.py:191} INFO -   Using cached idna-3.7-py3-none-any.whl.metadata (9.9 kB)
[2024-07-31T17:00:29.207+0900] {process_utils.py:191} INFO - Collecting urllib3<3,>=1.21.1 (from requests>=2.32.3->mov==0.1.0->-r /var/folders/qv/0knwm5h50ml0skpppwpbks_r0000gp/T/venv_h4bd69z/requirements.txt (line 1))
[2024-07-31T17:00:29.208+0900] {process_utils.py:191} INFO -   Using cached urllib3-2.2.2-py3-none-any.whl.metadata (6.4 kB)
[2024-07-31T17:00:29.224+0900] {process_utils.py:191} INFO - Collecting certifi>=2017.4.17 (from requests>=2.32.3->mov==0.1.0->-r /var/folders/qv/0knwm5h50ml0skpppwpbks_r0000gp/T/venv_h4bd69z/requirements.txt (line 1))
[2024-07-31T17:00:29.224+0900] {process_utils.py:191} INFO -   Using cached certifi-2024.7.4-py3-none-any.whl.metadata (2.2 kB)
[2024-07-31T17:00:29.261+0900] {process_utils.py:191} INFO - Collecting six>=1.5 (from python-dateutil>=2.8.2->pandas>=2.2.2->mov==0.1.0->-r /var/folders/qv/0knwm5h50ml0skpppwpbks_r0000gp/T/venv_h4bd69z/requirements.txt (line 1))
[2024-07-31T17:00:29.262+0900] {process_utils.py:191} INFO -   Using cached six-1.16.0-py2.py3-none-any.whl.metadata (1.8 kB)
[2024-07-31T17:00:29.265+0900] {process_utils.py:191} INFO - Using cached numpy-2.0.1-cp311-cp311-macosx_14_0_arm64.whl (5.3 MB)
[2024-07-31T17:00:29.271+0900] {process_utils.py:191} INFO - Using cached pandas-2.2.2-cp311-cp311-macosx_11_0_arm64.whl (11.3 MB)
[2024-07-31T17:00:29.282+0900] {process_utils.py:191} INFO - Using cached pyarrow-17.0.0-cp311-cp311-macosx_11_0_arm64.whl (27.2 MB)
[2024-07-31T17:00:29.309+0900] {process_utils.py:191} INFO - Using cached requests-2.32.3-py3-none-any.whl (64 kB)
[2024-07-31T17:00:29.310+0900] {process_utils.py:191} INFO - Using cached certifi-2024.7.4-py3-none-any.whl (162 kB)
[2024-07-31T17:00:29.310+0900] {process_utils.py:191} INFO - Using cached charset_normalizer-3.3.2-cp311-cp311-macosx_11_0_arm64.whl (118 kB)
[2024-07-31T17:00:29.311+0900] {process_utils.py:191} INFO - Using cached idna-3.7-py3-none-any.whl (66 kB)
[2024-07-31T17:00:29.312+0900] {process_utils.py:191} INFO - Using cached python_dateutil-2.9.0.post0-py2.py3-none-any.whl (229 kB)
[2024-07-31T17:00:29.313+0900] {process_utils.py:191} INFO - Using cached pytz-2024.1-py2.py3-none-any.whl (505 kB)
[2024-07-31T17:00:29.314+0900] {process_utils.py:191} INFO - Using cached tzdata-2024.1-py2.py3-none-any.whl (345 kB)
[2024-07-31T17:00:29.316+0900] {process_utils.py:191} INFO - Using cached urllib3-2.2.2-py3-none-any.whl (121 kB)
[2024-07-31T17:00:29.317+0900] {process_utils.py:191} INFO - Using cached six-1.16.0-py2.py3-none-any.whl (11 kB)
[2024-07-31T17:00:29.358+0900] {process_utils.py:191} INFO - Building wheels for collected packages: mov
[2024-07-31T17:00:29.371+0900] {process_utils.py:191} INFO -   Building wheel for mov (pyproject.toml): started
[2024-07-31T17:00:29.504+0900] {process_utils.py:191} INFO -   Building wheel for mov (pyproject.toml): finished with status 'done'
[2024-07-31T17:00:29.505+0900] {process_utils.py:191} INFO -   Created wheel for mov: filename=mov-0.1.0-py3-none-any.whl size=3035 sha256=282b6ae674b0aa855cb1a94d5107122d4b6ba390c9d94afd62afdc1399ef5e71
[2024-07-31T17:00:29.505+0900] {process_utils.py:191} INFO -   Stored in directory: /private/var/folders/qv/0knwm5h50ml0skpppwpbks_r0000gp/T/pip-ephem-wheel-cache-s7kuqz3o/wheels/cf/ab/a7/d0c528d20fa8a5f19e169bdf1d98f2b2cefe79d8527bb89200
[2024-07-31T17:00:29.506+0900] {process_utils.py:191} INFO - Successfully built mov
[2024-07-31T17:00:29.533+0900] {process_utils.py:191} INFO - Installing collected packages: pytz, urllib3, tzdata, six, numpy, idna, charset-normalizer, certifi, requests, python-dateutil, pyarrow, pandas, mov
[2024-07-31T17:00:33.985+0900] {process_utils.py:191} INFO - Successfully installed certifi-2024.7.4 charset-normalizer-3.3.2 idna-3.7 mov-0.1.0 numpy-2.0.1 pandas-2.2.2 pyarrow-17.0.0 python-dateutil-2.9.0.post0 pytz-2024.1 requests-2.32.3 six-1.16.0 tzdata-2024.1 urllib3-2.2.2
[2024-07-31T17:00:33.987+0900] {process_utils.py:191} INFO - 
[2024-07-31T17:00:33.988+0900] {process_utils.py:191} INFO - [notice] A new release of pip is available: 24.1.2 -> 24.2
[2024-07-31T17:00:33.988+0900] {process_utils.py:191} INFO - [notice] To update, run: python -m pip install --upgrade pip
[2024-07-31T17:00:34.116+0900] {process_utils.py:183} INFO - Executing cmd: /var/folders/qv/0knwm5h50ml0skpppwpbks_r0000gp/T/venv_h4bd69z/bin/python /var/folders/qv/0knwm5h50ml0skpppwpbks_r0000gp/T/venv-callidj84r9c/script.py /var/folders/qv/0knwm5h50ml0skpppwpbks_r0000gp/T/venv-callidj84r9c/script.in /var/folders/qv/0knwm5h50ml0skpppwpbks_r0000gp/T/venv-callidj84r9c/script.out /var/folders/qv/0knwm5h50ml0skpppwpbks_r0000gp/T/venv-callidj84r9c/string_args.txt /var/folders/qv/0knwm5h50ml0skpppwpbks_r0000gp/T/venv-callidj84r9c/termination.log
[2024-07-31T17:00:34.118+0900] {process_utils.py:187} INFO - Output:
[2024-07-31T17:00:47.790+0900] {process_utils.py:191} INFO - {'boxOfficeResult': {'boxofficeType': '일별 박스오피스', 'showRange': '20240730~20240730', 'dailyBoxOfficeList': [{'rnum': '1', 'rank': '1', 'rankInten': '1', 'rankOldAndNew': 'OLD', 'movieCd': '20247440', 'movieNm': '슈퍼배드 4', 'openDt': '2024-07-24', 'salesAmt': '709624985', 'salesShare': '26.2', 'salesInten': '-5161840', 'salesChange': '-0.7', 'salesAcc': '6916847057', 'audiCnt': '79855', 'audiInten': '-198', 'audiChange': '-0.2', 'audiAcc': '748320', 'scrnCnt': '1081', 'showCnt': '4080'}, {'rnum': '2', 'rank': '2', 'rankInten': '-1', 'rankOldAndNew': 'OLD', 'movieCd': '20247781', 'movieNm': '데드풀과 울버린', 'openDt': '2024-07-24', 'salesAmt': '794441435', 'salesShare': '29.3', 'salesInten': '-141886941', 'salesChange': '-15.2', 'salesAcc': '13035390434', 'audiCnt': '79021', 'audiInten': '-13511', 'audiChange': '-14.6', 'audiAcc': '1257556', 'scrnCnt': '1769', 'showCnt': '7207'}, {'rnum': '3', 'rank': '3', 'rankInten': '0', 'rankOldAndNew': 'OLD', 'movieCd': '20212932', 'movieNm': '탈주', 'openDt': '2024-07-03', 'salesAmt': '382461417', 'salesShare': '14.1', 'salesInten': '2037253', 'salesChange': '0.5', 'salesAcc': '22414574896', 'audiCnt': '41512', 'audiInten': '742', 'audiChange': '1.8', 'audiAcc': '2364338', 'scrnCnt': '900', 'showCnt': '2432'}, {'rnum': '4', 'rank': '4', 'rankInten': '0', 'rankOldAndNew': 'OLD', 'movieCd': '20235974', 'movieNm': '인사이드 아웃 2', 'openDt': '2024-06-12', 'salesAmt': '355070963', 'salesShare': '13.1', 'salesInten': '7990032', 'salesChange': '2.3', 'salesAcc': '80440525695', 'audiCnt': '38549', 'audiInten': '1172', 'audiChange': '3.1', 'audiAcc': '8367819', 'scrnCnt': '814', 'showCnt': '1746'}, {'rnum': '5', 'rank': '5', 'rankInten': '0', 'rankOldAndNew': 'OLD', 'movieCd': '20240983', 'movieNm': '명탐정 코난: 100만 달러의 펜타그램', 'openDt': '2024-07-17', 'salesAmt': '145004046', 'salesShare': '5.4', 'salesInten': '-2091543', 'salesChange': '-1.4', 'salesAcc': '5771714958', 'audiCnt': '15694', 'audiInten': '-186', 'audiChange': '-1.2', 'audiAcc': '588839', 'scrnCnt': '591', 'showCnt': '1101'}, {'rnum': '6', 'rank': '6', 'rankInten': '0', 'rankOldAndNew': 'OLD', 'movieCd': '20208245', 'movieNm': '핸섬가이즈', 'openDt': '2024-06-26', 'salesAmt': '124455756', 'salesShare': '4.6', 'salesInten': '1452545', 'salesChange': '1.2', 'salesAcc': '16303547805', 'audiCnt': '13489', 'audiInten': '288', 'audiChange': '2.2', 'audiAcc': '1743660', 'scrnCnt': '586', 'showCnt': '977'}, {'rnum': '7', 'rank': '7', 'rankInten': '0', 'rankOldAndNew': 'OLD', 'movieCd': '20208911', 'movieNm': '탈출: 프로젝트 사일런스', 'openDt': '2024-07-12', 'salesAmt': '48268256', 'salesShare': '1.8', 'salesInten': '2840754', 'salesChange': '6.3', 'salesAcc': '6647518989', 'audiCnt': '5095', 'audiInten': '458', 'audiChange': '9.9', 'audiAcc': '681791', 'scrnCnt': '334', 'showCnt': '476'}, {'rnum': '8', 'rank': '8', 'rankInten': '1', 'rankOldAndNew': 'OLD', 'movieCd': '20240850', 'movieNm': '극장판 도라에몽: 진구의 지구 교향곡', 'openDt': '2024-07-10', 'salesAmt': '16915800', 'salesShare': '0.6', 'salesInten': '590800', 'salesChange': '3.6', 'salesAcc': '658816700', 'audiCnt': '2093', 'audiInten': '140', 'audiChange': '7.2', 'audiAcc': '76426', 'scrnCnt': '118', 'showCnt': '149'}, {'rnum': '9', 'rank': '9', 'rankInten': '1', 'rankOldAndNew': 'OLD', 'movieCd': '20235926', 'movieNm': '퍼펙트 데이즈', 'openDt': '2024-07-03', 'salesAmt': '17391173', 'salesShare': '0.6', 'salesInten': '777318', 'salesChange': '4.7', 'salesAcc': '655724115', 'audiCnt': '1972', 'audiInten': '104', 'audiChange': '5.6', 'audiAcc': '69483', 'scrnCnt': '52', 'showCnt': '63'}, {'rnum': '10', 'rank': '10', 'rankInten': '1', 'rankOldAndNew': 'OLD', 'movieCd': '20248465', 'movieNm': '하이재킹', 'openDt': '2024-06-21', 'salesAmt': '14739340', 'salesShare': '0.5', 'salesInten': '616872', 'salesChange': '4.4', 'salesAcc': '16822849452', 'audiCnt': '1679', 'audiInten': '114', 'audiChange': '7.3', 'audiAcc': '1771095', 'scrnCnt': '129', 'showCnt': '160'}]}}
[2024-07-31T17:00:47.791+0900] {process_utils.py:191} INFO -   rnum rank rankInten rankOldAndNew  ...  audiAcc scrnCnt showCnt   load_dt
[2024-07-31T17:00:47.792+0900] {process_utils.py:191} INFO - 0    1    1         1           OLD  ...   748320    1081    4080  20240730
[2024-07-31T17:00:47.792+0900] {process_utils.py:191} INFO - 1    2    2        -1           OLD  ...  1257556    1769    7207  20240730
[2024-07-31T17:00:47.792+0900] {process_utils.py:191} INFO - 2    3    3         0           OLD  ...  2364338     900    2432  20240730
[2024-07-31T17:00:47.793+0900] {process_utils.py:191} INFO - 3    4    4         0           OLD  ...  8367819     814    1746  20240730
[2024-07-31T17:00:47.793+0900] {process_utils.py:191} INFO - 4    5    5         0           OLD  ...   588839     591    1101  20240730
[2024-07-31T17:00:47.793+0900] {process_utils.py:191} INFO - 
[2024-07-31T17:00:47.794+0900] {process_utils.py:191} INFO - [5 rows x 19 columns]
[2024-07-31T17:00:47.794+0900] {process_utils.py:191} INFO -   rnum rank rankInten rankOldAndNew  ...  audiAcc scrnCnt showCnt   load_dt
[2024-07-31T17:00:47.795+0900] {process_utils.py:191} INFO - 0    1    1         1           OLD  ...   748320    1081    4080  20240730
[2024-07-31T17:00:47.795+0900] {process_utils.py:191} INFO - 1    2    2        -1           OLD  ...  1257556    1769    7207  20240730
[2024-07-31T17:00:47.795+0900] {process_utils.py:191} INFO - 2    3    3         0           OLD  ...  2364338     900    2432  20240730
[2024-07-31T17:00:47.796+0900] {process_utils.py:191} INFO - 3    4    4         0           OLD  ...  8367819     814    1746  20240730
[2024-07-31T17:00:47.796+0900] {process_utils.py:191} INFO - 4    5    5         0           OLD  ...   588839     591    1101  20240730
[2024-07-31T17:00:47.796+0900] {process_utils.py:191} INFO - 
[2024-07-31T17:00:47.797+0900] {process_utils.py:191} INFO - [5 rows x 19 columns]
[2024-07-31T17:00:48.238+0900] {python.py:237} INFO - Done. Returned value was: None
[2024-07-31T17:00:48.239+0900] {taskinstance.py:441} INFO - ::group::Post task execution logs
[2024-07-31T17:00:48.242+0900] {taskinstance.py:1206} INFO - Marking task as SUCCESS. dag_id=movie, task_id=get.data, run_id=scheduled__2024-07-30T02:10:00+00:00, execution_date=20240730T021000, start_date=20240731T080024, end_date=20240731T080048
[2024-07-31T17:00:48.253+0900] {local_task_job_runner.py:243} INFO - Task exited with return code 0
[2024-07-31T17:00:48.260+0900] {taskinstance.py:3503} INFO - 0 downstream tasks scheduled from follow-on schedule check
[2024-07-31T17:00:48.260+0900] {local_task_job_runner.py:222} INFO - ::endgroup::
