[2024-07-30T11:10:50.190+0900] {local_task_job_runner.py:120} INFO - ::group::Pre task execution logs
[2024-07-30T11:10:50.205+0900] {taskinstance.py:2076} INFO - Dependencies all met for dep_context=non-requeueable deps ti=<TaskInstance: movie.rm.dir scheduled__2024-07-26T04:10:00+00:00 [queued]>
[2024-07-30T11:10:50.209+0900] {taskinstance.py:2076} INFO - Dependencies all met for dep_context=requeueable deps ti=<TaskInstance: movie.rm.dir scheduled__2024-07-26T04:10:00+00:00 [queued]>
[2024-07-30T11:10:50.209+0900] {taskinstance.py:2306} INFO - Starting attempt 1 of 2
[2024-07-30T11:10:50.215+0900] {taskinstance.py:2330} INFO - Executing <Task(BashOperator): rm.dir> on 2024-07-26 04:10:00+00:00
[2024-07-30T11:10:50.218+0900] {standard_task_runner.py:64} INFO - Started process 7817 to run task
[2024-07-30T11:10:50.221+0900] {standard_task_runner.py:90} INFO - Running: ['airflow', 'tasks', 'run', 'movie', 'rm.dir', 'scheduled__2024-07-26T04:10:00+00:00', '--job-id', '650', '--raw', '--subdir', 'DAGS_FOLDER/movie.py', '--cfg-path', '/var/folders/qv/0knwm5h50ml0skpppwpbks_r0000gp/T/tmpw_a432rv']
[2024-07-30T11:10:50.222+0900] {standard_task_runner.py:91} INFO - Job 650: Subtask rm.dir
[2024-07-30T11:10:50.239+0900] {task_command.py:426} INFO - Running <TaskInstance: movie.rm.dir scheduled__2024-07-26T04:10:00+00:00 [running]> on host jeongui-MacBookPro.local
[2024-07-30T11:10:50.259+0900] {taskinstance.py:2648} INFO - Exporting env vars: AIRFLOW_CTX_DAG_OWNER='airflow' AIRFLOW_CTX_DAG_ID='movie' AIRFLOW_CTX_TASK_ID='rm.dir' AIRFLOW_CTX_EXECUTION_DATE='2024-07-26T04:10:00+00:00' AIRFLOW_CTX_TRY_NUMBER='1' AIRFLOW_CTX_DAG_RUN_ID='scheduled__2024-07-26T04:10:00+00:00'
[2024-07-30T11:10:50.260+0900] {taskinstance.py:430} INFO - ::endgroup::
[2024-07-30T11:10:50.265+0900] {subprocess.py:63} INFO - Tmp dir root location: /var/folders/qv/0knwm5h50ml0skpppwpbks_r0000gp/T
[2024-07-30T11:10:50.266+0900] {subprocess.py:75} INFO - Running command: ['/bin/bash', '-c', '\n                    rm -rf ~/tmp/test_parquet/load_dt=20240726\n                    ']
[2024-07-30T11:10:50.269+0900] {subprocess.py:86} INFO - Output:
[2024-07-30T11:10:50.273+0900] {subprocess.py:97} INFO - Command exited with return code 0
[2024-07-30T11:10:50.274+0900] {taskinstance.py:441} INFO - ::group::Post task execution logs
[2024-07-30T11:10:50.282+0900] {taskinstance.py:1206} INFO - Marking task as SUCCESS. dag_id=movie, task_id=rm.dir, run_id=scheduled__2024-07-26T04:10:00+00:00, execution_date=20240726T041000, start_date=20240730T021050, end_date=20240730T021050
[2024-07-30T11:10:50.328+0900] {local_task_job_runner.py:243} INFO - Task exited with return code 0
[2024-07-30T11:10:50.338+0900] {taskinstance.py:3503} INFO - 1 downstream tasks scheduled from follow-on schedule check
[2024-07-30T11:10:50.339+0900] {local_task_job_runner.py:222} INFO - ::endgroup::
