[2024-07-31T11:23:24.305+0900] {local_task_job_runner.py:120} INFO - ::group::Pre task execution logs
[2024-07-31T11:23:24.315+0900] {taskinstance.py:2076} INFO - Dependencies all met for dep_context=non-requeueable deps ti=<TaskInstance: movie.throw.err scheduled__2024-07-25T02:10:00+00:00 [queued]>
[2024-07-31T11:23:24.318+0900] {taskinstance.py:2076} INFO - Dependencies all met for dep_context=requeueable deps ti=<TaskInstance: movie.throw.err scheduled__2024-07-25T02:10:00+00:00 [queued]>
[2024-07-31T11:23:24.319+0900] {taskinstance.py:2306} INFO - Starting attempt 1 of 2
[2024-07-31T11:23:24.324+0900] {taskinstance.py:2330} INFO - Executing <Task(BashOperator): throw.err> on 2024-07-25 02:10:00+00:00
[2024-07-31T11:23:24.327+0900] {standard_task_runner.py:64} INFO - Started process 10823 to run task
[2024-07-31T11:23:24.330+0900] {standard_task_runner.py:90} INFO - Running: ['airflow', 'tasks', 'run', 'movie', 'throw.err', 'scheduled__2024-07-25T02:10:00+00:00', '--job-id', '737', '--raw', '--subdir', 'DAGS_FOLDER/movie.py', '--cfg-path', '/var/folders/qv/0knwm5h50ml0skpppwpbks_r0000gp/T/tmp5wf7hsbp']
[2024-07-31T11:23:24.331+0900] {standard_task_runner.py:91} INFO - Job 737: Subtask throw.err
[2024-07-31T11:23:24.346+0900] {task_command.py:426} INFO - Running <TaskInstance: movie.throw.err scheduled__2024-07-25T02:10:00+00:00 [running]> on host jeongui-MacBookPro.local
[2024-07-31T11:23:24.366+0900] {taskinstance.py:2648} INFO - Exporting env vars: AIRFLOW_CTX_DAG_OWNER='airflow' AIRFLOW_CTX_DAG_ID='movie' AIRFLOW_CTX_TASK_ID='throw.err' AIRFLOW_CTX_EXECUTION_DATE='2024-07-25T02:10:00+00:00' AIRFLOW_CTX_TRY_NUMBER='1' AIRFLOW_CTX_DAG_RUN_ID='scheduled__2024-07-25T02:10:00+00:00'
[2024-07-31T11:23:24.366+0900] {taskinstance.py:430} INFO - ::endgroup::
[2024-07-31T11:23:24.372+0900] {subprocess.py:63} INFO - Tmp dir root location: /var/folders/qv/0knwm5h50ml0skpppwpbks_r0000gp/T
[2024-07-31T11:23:24.373+0900] {subprocess.py:75} INFO - Running command: ['/bin/bash', '-c', 'exit 1']
[2024-07-31T11:23:24.376+0900] {subprocess.py:86} INFO - Output:
[2024-07-31T11:23:24.378+0900] {subprocess.py:97} INFO - Command exited with return code 1
[2024-07-31T11:23:24.379+0900] {taskinstance.py:441} INFO - ::group::Post task execution logs
[2024-07-31T11:23:24.382+0900] {taskinstance.py:2905} ERROR - Task failed with exception
Traceback (most recent call last):
  File "/Users/DE32/.pyenv/versions/3.11.9/envs/note/lib/python3.11/site-packages/airflow/models/taskinstance.py", line 465, in _execute_task
    result = _execute_callable(context=context, **execute_callable_kwargs)
             ^^^^^^^^^^^^^^^^^^^^^^^^^^^^^^^^^^^^^^^^^^^^^^^^^^^^^^^^^^^^^
  File "/Users/DE32/.pyenv/versions/3.11.9/envs/note/lib/python3.11/site-packages/airflow/models/taskinstance.py", line 432, in _execute_callable
    return execute_callable(context=context, **execute_callable_kwargs)
           ^^^^^^^^^^^^^^^^^^^^^^^^^^^^^^^^^^^^^^^^^^^^^^^^^^^^^^^^^^^^
  File "/Users/DE32/.pyenv/versions/3.11.9/envs/note/lib/python3.11/site-packages/airflow/models/baseoperator.py", line 401, in wrapper
    return func(self, *args, **kwargs)
           ^^^^^^^^^^^^^^^^^^^^^^^^^^^
  File "/Users/DE32/.pyenv/versions/3.11.9/envs/note/lib/python3.11/site-packages/airflow/operators/bash.py", line 243, in execute
    raise AirflowException(
airflow.exceptions.AirflowException: Bash command failed. The command returned a non-zero exit code 1.
[2024-07-31T11:23:24.384+0900] {taskinstance.py:1206} INFO - Marking task as UP_FOR_RETRY. dag_id=movie, task_id=throw.err, run_id=scheduled__2024-07-25T02:10:00+00:00, execution_date=20240725T021000, start_date=20240731T022324, end_date=20240731T022324
[2024-07-31T11:23:24.388+0900] {standard_task_runner.py:110} ERROR - Failed to execute job 737 for task throw.err (Bash command failed. The command returned a non-zero exit code 1.; 10823)
[2024-07-31T11:23:24.432+0900] {local_task_job_runner.py:243} INFO - Task exited with return code 1
[2024-07-31T11:23:24.440+0900] {taskinstance.py:3503} INFO - 0 downstream tasks scheduled from follow-on schedule check
[2024-07-31T11:23:24.440+0900] {local_task_job_runner.py:222} INFO - ::endgroup::
[2024-07-31T16:31:11.977+0900] {local_task_job_runner.py:120} INFO - ::group::Pre task execution logs
[2024-07-31T16:31:11.989+0900] {taskinstance.py:2076} INFO - Dependencies all met for dep_context=non-requeueable deps ti=<TaskInstance: movie.throw.err scheduled__2024-07-25T02:10:00+00:00 [queued]>
[2024-07-31T16:31:11.992+0900] {taskinstance.py:2076} INFO - Dependencies all met for dep_context=requeueable deps ti=<TaskInstance: movie.throw.err scheduled__2024-07-25T02:10:00+00:00 [queued]>
[2024-07-31T16:31:11.992+0900] {taskinstance.py:2306} INFO - Starting attempt 1 of 2
[2024-07-31T16:31:11.998+0900] {taskinstance.py:2330} INFO - Executing <Task(BashOperator): throw.err> on 2024-07-25 02:10:00+00:00
[2024-07-31T16:31:12.001+0900] {standard_task_runner.py:64} INFO - Started process 18984 to run task
[2024-07-31T16:31:12.004+0900] {standard_task_runner.py:90} INFO - Running: ['airflow', 'tasks', 'run', 'movie', 'throw.err', 'scheduled__2024-07-25T02:10:00+00:00', '--job-id', '788', '--raw', '--subdir', 'DAGS_FOLDER/movie.py', '--cfg-path', '/var/folders/qv/0knwm5h50ml0skpppwpbks_r0000gp/T/tmpliv1oclu']
[2024-07-31T16:31:12.005+0900] {standard_task_runner.py:91} INFO - Job 788: Subtask throw.err
[2024-07-31T16:31:12.021+0900] {task_command.py:426} INFO - Running <TaskInstance: movie.throw.err scheduled__2024-07-25T02:10:00+00:00 [running]> on host jeongui-MacBookPro.local
[2024-07-31T16:31:12.039+0900] {taskinstance.py:2648} INFO - Exporting env vars: AIRFLOW_CTX_DAG_OWNER='airflow' AIRFLOW_CTX_DAG_ID='movie' AIRFLOW_CTX_TASK_ID='throw.err' AIRFLOW_CTX_EXECUTION_DATE='2024-07-25T02:10:00+00:00' AIRFLOW_CTX_TRY_NUMBER='1' AIRFLOW_CTX_DAG_RUN_ID='scheduled__2024-07-25T02:10:00+00:00'
[2024-07-31T16:31:12.040+0900] {taskinstance.py:430} INFO - ::endgroup::
[2024-07-31T16:31:12.045+0900] {subprocess.py:63} INFO - Tmp dir root location: /var/folders/qv/0knwm5h50ml0skpppwpbks_r0000gp/T
[2024-07-31T16:31:12.045+0900] {subprocess.py:75} INFO - Running command: ['/bin/bash', '-c', 'exit 1']
[2024-07-31T16:31:12.048+0900] {subprocess.py:86} INFO - Output:
[2024-07-31T16:31:12.052+0900] {subprocess.py:97} INFO - Command exited with return code 1
[2024-07-31T16:31:12.052+0900] {taskinstance.py:441} INFO - ::group::Post task execution logs
[2024-07-31T16:31:12.055+0900] {taskinstance.py:2905} ERROR - Task failed with exception
Traceback (most recent call last):
  File "/Users/DE32/.pyenv/versions/3.11.9/envs/note/lib/python3.11/site-packages/airflow/models/taskinstance.py", line 465, in _execute_task
    result = _execute_callable(context=context, **execute_callable_kwargs)
             ^^^^^^^^^^^^^^^^^^^^^^^^^^^^^^^^^^^^^^^^^^^^^^^^^^^^^^^^^^^^^
  File "/Users/DE32/.pyenv/versions/3.11.9/envs/note/lib/python3.11/site-packages/airflow/models/taskinstance.py", line 432, in _execute_callable
    return execute_callable(context=context, **execute_callable_kwargs)
           ^^^^^^^^^^^^^^^^^^^^^^^^^^^^^^^^^^^^^^^^^^^^^^^^^^^^^^^^^^^^
  File "/Users/DE32/.pyenv/versions/3.11.9/envs/note/lib/python3.11/site-packages/airflow/models/baseoperator.py", line 401, in wrapper
    return func(self, *args, **kwargs)
           ^^^^^^^^^^^^^^^^^^^^^^^^^^^
  File "/Users/DE32/.pyenv/versions/3.11.9/envs/note/lib/python3.11/site-packages/airflow/operators/bash.py", line 243, in execute
    raise AirflowException(
airflow.exceptions.AirflowException: Bash command failed. The command returned a non-zero exit code 1.
[2024-07-31T16:31:12.057+0900] {taskinstance.py:1206} INFO - Marking task as UP_FOR_RETRY. dag_id=movie, task_id=throw.err, run_id=scheduled__2024-07-25T02:10:00+00:00, execution_date=20240725T021000, start_date=20240731T073111, end_date=20240731T073112
[2024-07-31T16:31:12.060+0900] {standard_task_runner.py:110} ERROR - Failed to execute job 788 for task throw.err (Bash command failed. The command returned a non-zero exit code 1.; 18984)
[2024-07-31T16:31:12.066+0900] {local_task_job_runner.py:243} INFO - Task exited with return code 1
[2024-07-31T16:31:12.072+0900] {taskinstance.py:3503} INFO - 0 downstream tasks scheduled from follow-on schedule check
[2024-07-31T16:31:12.072+0900] {local_task_job_runner.py:222} INFO - ::endgroup::
