[2024-07-31T19:23:30.647+0900] {local_task_job_runner.py:120} INFO - ::group::Pre task execution logs
[2024-07-31T19:23:30.660+0900] {taskinstance.py:2076} INFO - Dependencies all met for dep_context=non-requeueable deps ti=<TaskInstance: movie.echo.task scheduled__2024-07-25T02:10:00+00:00 [queued]>
[2024-07-31T19:23:30.665+0900] {taskinstance.py:2076} INFO - Dependencies all met for dep_context=requeueable deps ti=<TaskInstance: movie.echo.task scheduled__2024-07-25T02:10:00+00:00 [queued]>
[2024-07-31T19:23:30.665+0900] {taskinstance.py:2306} INFO - Starting attempt 1 of 2
[2024-07-31T19:23:30.671+0900] {taskinstance.py:2330} INFO - Executing <Task(BashOperator): echo.task> on 2024-07-25 02:10:00+00:00
[2024-07-31T19:23:30.674+0900] {standard_task_runner.py:64} INFO - Started process 30908 to run task
[2024-07-31T19:23:30.677+0900] {standard_task_runner.py:90} INFO - Running: ['airflow', 'tasks', 'run', 'movie', 'echo.task', 'scheduled__2024-07-25T02:10:00+00:00', '--job-id', '913', '--raw', '--subdir', 'DAGS_FOLDER/movie.py', '--cfg-path', '/var/folders/qv/0knwm5h50ml0skpppwpbks_r0000gp/T/tmpq9l1n144']
[2024-07-31T19:23:30.679+0900] {standard_task_runner.py:91} INFO - Job 913: Subtask echo.task
[2024-07-31T19:23:30.695+0900] {task_command.py:426} INFO - Running <TaskInstance: movie.echo.task scheduled__2024-07-25T02:10:00+00:00 [running]> on host jeongui-MacBookPro.local
[2024-07-31T19:23:30.716+0900] {taskinstance.py:2648} INFO - Exporting env vars: AIRFLOW_CTX_DAG_OWNER='airflow' AIRFLOW_CTX_DAG_ID='movie' AIRFLOW_CTX_TASK_ID='echo.task' AIRFLOW_CTX_EXECUTION_DATE='2024-07-25T02:10:00+00:00' AIRFLOW_CTX_TRY_NUMBER='1' AIRFLOW_CTX_DAG_RUN_ID='scheduled__2024-07-25T02:10:00+00:00'
[2024-07-31T19:23:30.716+0900] {taskinstance.py:430} INFO - ::endgroup::
[2024-07-31T19:23:30.722+0900] {subprocess.py:63} INFO - Tmp dir root location: /var/folders/qv/0knwm5h50ml0skpppwpbks_r0000gp/T
[2024-07-31T19:23:30.723+0900] {subprocess.py:75} INFO - Running command: ['/bin/bash', '-c', "echo 'task'"]
[2024-07-31T19:23:30.725+0900] {subprocess.py:86} INFO - Output:
[2024-07-31T19:23:30.727+0900] {subprocess.py:93} INFO - task
[2024-07-31T19:23:30.727+0900] {subprocess.py:97} INFO - Command exited with return code 0
[2024-07-31T19:23:30.728+0900] {taskinstance.py:441} INFO - ::group::Post task execution logs
[2024-07-31T19:23:30.733+0900] {taskinstance.py:1206} INFO - Marking task as SUCCESS. dag_id=movie, task_id=echo.task, run_id=scheduled__2024-07-25T02:10:00+00:00, execution_date=20240725T021000, start_date=20240731T102330, end_date=20240731T102330
[2024-07-31T19:23:30.739+0900] {local_task_job_runner.py:243} INFO - Task exited with return code 0
[2024-07-31T19:23:30.748+0900] {taskinstance.py:3503} INFO - 0 downstream tasks scheduled from follow-on schedule check
[2024-07-31T19:23:30.748+0900] {local_task_job_runner.py:222} INFO - ::endgroup::
