[2024-07-31T09:29:19.991+0900] {local_task_job_runner.py:120} INFO - ::group::Pre task execution logs
[2024-07-31T09:29:20.006+0900] {taskinstance.py:2076} INFO - Dependencies all met for dep_context=non-requeueable deps ti=<TaskInstance: movie.echo.task scheduled__2024-07-27T04:10:00+00:00 [queued]>
[2024-07-31T09:29:20.010+0900] {taskinstance.py:2076} INFO - Dependencies all met for dep_context=requeueable deps ti=<TaskInstance: movie.echo.task scheduled__2024-07-27T04:10:00+00:00 [queued]>
[2024-07-31T09:29:20.010+0900] {taskinstance.py:2306} INFO - Starting attempt 1 of 2
[2024-07-31T09:29:20.015+0900] {taskinstance.py:2330} INFO - Executing <Task(BashOperator): echo.task> on 2024-07-27 04:10:00+00:00
[2024-07-31T09:29:20.018+0900] {standard_task_runner.py:64} INFO - Started process 6578 to run task
[2024-07-31T09:29:20.020+0900] {standard_task_runner.py:90} INFO - Running: ['airflow', 'tasks', 'run', 'movie', 'echo.task', 'scheduled__2024-07-27T04:10:00+00:00', '--job-id', '694', '--raw', '--subdir', 'DAGS_FOLDER/movie.py', '--cfg-path', '/var/folders/qv/0knwm5h50ml0skpppwpbks_r0000gp/T/tmpt0nh9w1o']
[2024-07-31T09:29:20.022+0900] {standard_task_runner.py:91} INFO - Job 694: Subtask echo.task
[2024-07-31T09:29:20.036+0900] {task_command.py:426} INFO - Running <TaskInstance: movie.echo.task scheduled__2024-07-27T04:10:00+00:00 [running]> on host jeongui-MacBookPro.local
[2024-07-31T09:29:20.057+0900] {taskinstance.py:2648} INFO - Exporting env vars: AIRFLOW_CTX_DAG_OWNER='airflow' AIRFLOW_CTX_DAG_ID='movie' AIRFLOW_CTX_TASK_ID='echo.task' AIRFLOW_CTX_EXECUTION_DATE='2024-07-27T04:10:00+00:00' AIRFLOW_CTX_TRY_NUMBER='1' AIRFLOW_CTX_DAG_RUN_ID='scheduled__2024-07-27T04:10:00+00:00'
[2024-07-31T09:29:20.057+0900] {taskinstance.py:430} INFO - ::endgroup::
[2024-07-31T09:29:20.062+0900] {subprocess.py:63} INFO - Tmp dir root location: /var/folders/qv/0knwm5h50ml0skpppwpbks_r0000gp/T
[2024-07-31T09:29:20.063+0900] {subprocess.py:75} INFO - Running command: ['/bin/bash', '-c', "echo 'task'"]
[2024-07-31T09:29:20.066+0900] {subprocess.py:86} INFO - Output:
[2024-07-31T09:29:20.068+0900] {subprocess.py:93} INFO - task
[2024-07-31T09:29:20.068+0900] {subprocess.py:97} INFO - Command exited with return code 0
[2024-07-31T09:29:20.069+0900] {taskinstance.py:441} INFO - ::group::Post task execution logs
[2024-07-31T09:29:20.074+0900] {taskinstance.py:1206} INFO - Marking task as SUCCESS. dag_id=movie, task_id=echo.task, run_id=scheduled__2024-07-27T04:10:00+00:00, execution_date=20240727T041000, start_date=20240731T002920, end_date=20240731T002920
[2024-07-31T09:29:20.082+0900] {local_task_job_runner.py:243} INFO - Task exited with return code 0
[2024-07-31T09:29:20.091+0900] {taskinstance.py:3503} INFO - 0 downstream tasks scheduled from follow-on schedule check
[2024-07-31T09:29:20.091+0900] {local_task_job_runner.py:222} INFO - ::endgroup::
