[2024-07-31T11:22:02.546+0900] {local_task_job_runner.py:120} INFO - ::group::Pre task execution logs
[2024-07-31T11:22:02.558+0900] {taskinstance.py:2076} INFO - Dependencies all met for dep_context=non-requeueable deps ti=<TaskInstance: movie.throw.err scheduled__2024-07-24T02:10:00+00:00 [queued]>
[2024-07-31T11:22:02.561+0900] {taskinstance.py:2076} INFO - Dependencies all met for dep_context=requeueable deps ti=<TaskInstance: movie.throw.err scheduled__2024-07-24T02:10:00+00:00 [queued]>
[2024-07-31T11:22:02.561+0900] {taskinstance.py:2306} INFO - Starting attempt 2 of 2
[2024-07-31T11:22:02.567+0900] {taskinstance.py:2330} INFO - Executing <Task(BashOperator): throw.err> on 2024-07-24 02:10:00+00:00
[2024-07-31T11:22:02.570+0900] {standard_task_runner.py:64} INFO - Started process 10745 to run task
[2024-07-31T11:22:02.572+0900] {standard_task_runner.py:90} INFO - Running: ['airflow', 'tasks', 'run', 'movie', 'throw.err', 'scheduled__2024-07-24T02:10:00+00:00', '--job-id', '733', '--raw', '--subdir', 'DAGS_FOLDER/movie.py', '--cfg-path', '/var/folders/qv/0knwm5h50ml0skpppwpbks_r0000gp/T/tmp07s2vo3x']
[2024-07-31T11:22:02.574+0900] {standard_task_runner.py:91} INFO - Job 733: Subtask throw.err
[2024-07-31T11:22:02.589+0900] {task_command.py:426} INFO - Running <TaskInstance: movie.throw.err scheduled__2024-07-24T02:10:00+00:00 [running]> on host jeongui-MacBookPro.local
[2024-07-31T11:22:02.608+0900] {taskinstance.py:2648} INFO - Exporting env vars: AIRFLOW_CTX_DAG_OWNER='airflow' AIRFLOW_CTX_DAG_ID='movie' AIRFLOW_CTX_TASK_ID='throw.err' AIRFLOW_CTX_EXECUTION_DATE='2024-07-24T02:10:00+00:00' AIRFLOW_CTX_TRY_NUMBER='2' AIRFLOW_CTX_DAG_RUN_ID='scheduled__2024-07-24T02:10:00+00:00'
[2024-07-31T11:22:02.608+0900] {taskinstance.py:430} INFO - ::endgroup::
[2024-07-31T11:22:02.613+0900] {subprocess.py:63} INFO - Tmp dir root location: /var/folders/qv/0knwm5h50ml0skpppwpbks_r0000gp/T
[2024-07-31T11:22:02.613+0900] {subprocess.py:75} INFO - Running command: ['/bin/bash', '-c', 'exit 1']
[2024-07-31T11:22:02.616+0900] {subprocess.py:86} INFO - Output:
[2024-07-31T11:22:02.618+0900] {subprocess.py:97} INFO - Command exited with return code 1
[2024-07-31T11:22:02.618+0900] {taskinstance.py:441} INFO - ::group::Post task execution logs
[2024-07-31T11:22:02.622+0900] {taskinstance.py:2905} ERROR - Task failed with exception
Traceback (most recent call last):
  File "/Users/DE32/.pyenv/versions/3.11.9/envs/note/lib/python3.11/site-packages/airflow/models/taskinstance.py", line 465, in _execute_task
    result = _execute_callable(context=context, **execute_callable_kwargs)
             ^^^^^^^^^^^^^^^^^^^^^^^^^^^^^^^^^^^^^^^^^^^^^^^^^^^^^^^^^^^^^
  File "/Users/DE32/.pyenv/versions/3.11.9/envs/note/lib/python3.11/site-packages/airflow/models/taskinstance.py", line 432, in _execute_callable
    return execute_callable(context=context, **execute_callable_kwargs)
           ^^^^^^^^^^^^^^^^^^^^^^^^^^^^^^^^^^^^^^^^^^^^^^^^^^^^^^^^^^^^
  File "/Users/DE32/.pyenv/versions/3.11.9/envs/note/lib/python3.11/site-packages/airflow/models/baseoperator.py", line 401, in wrapper
    return func(self, *args, **kwargs)
           ^^^^^^^^^^^^^^^^^^^^^^^^^^^
  File "/Users/DE32/.pyenv/versions/3.11.9/envs/note/lib/python3.11/site-packages/airflow/operators/bash.py", line 243, in execute
    raise AirflowException(
airflow.exceptions.AirflowException: Bash command failed. The command returned a non-zero exit code 1.
[2024-07-31T11:22:02.623+0900] {taskinstance.py:1206} INFO - Marking task as FAILED. dag_id=movie, task_id=throw.err, run_id=scheduled__2024-07-24T02:10:00+00:00, execution_date=20240724T021000, start_date=20240731T022202, end_date=20240731T022202
[2024-07-31T11:22:02.626+0900] {standard_task_runner.py:110} ERROR - Failed to execute job 733 for task throw.err (Bash command failed. The command returned a non-zero exit code 1.; 10745)
[2024-07-31T11:22:02.634+0900] {local_task_job_runner.py:243} INFO - Task exited with return code 1
[2024-07-31T11:22:02.641+0900] {taskinstance.py:3503} INFO - 0 downstream tasks scheduled from follow-on schedule check
[2024-07-31T11:22:02.641+0900] {local_task_job_runner.py:222} INFO - ::endgroup::
[2024-07-31T16:28:09.399+0900] {local_task_job_runner.py:120} INFO - ::group::Pre task execution logs
[2024-07-31T16:28:09.412+0900] {taskinstance.py:2076} INFO - Dependencies all met for dep_context=non-requeueable deps ti=<TaskInstance: movie.throw.err scheduled__2024-07-24T02:10:00+00:00 [queued]>
[2024-07-31T16:28:09.415+0900] {taskinstance.py:2076} INFO - Dependencies all met for dep_context=requeueable deps ti=<TaskInstance: movie.throw.err scheduled__2024-07-24T02:10:00+00:00 [queued]>
[2024-07-31T16:28:09.415+0900] {taskinstance.py:2306} INFO - Starting attempt 2 of 2
[2024-07-31T16:28:09.422+0900] {taskinstance.py:2330} INFO - Executing <Task(BashOperator): throw.err> on 2024-07-24 02:10:00+00:00
[2024-07-31T16:28:09.424+0900] {standard_task_runner.py:64} INFO - Started process 18717 to run task
[2024-07-31T16:28:09.427+0900] {standard_task_runner.py:90} INFO - Running: ['airflow', 'tasks', 'run', 'movie', 'throw.err', 'scheduled__2024-07-24T02:10:00+00:00', '--job-id', '778', '--raw', '--subdir', 'DAGS_FOLDER/movie.py', '--cfg-path', '/var/folders/qv/0knwm5h50ml0skpppwpbks_r0000gp/T/tmpic8a4pf1']
[2024-07-31T16:28:09.428+0900] {standard_task_runner.py:91} INFO - Job 778: Subtask throw.err
[2024-07-31T16:28:09.443+0900] {task_command.py:426} INFO - Running <TaskInstance: movie.throw.err scheduled__2024-07-24T02:10:00+00:00 [running]> on host jeongui-MacBookPro.local
[2024-07-31T16:28:09.463+0900] {taskinstance.py:2648} INFO - Exporting env vars: AIRFLOW_CTX_DAG_OWNER='airflow' AIRFLOW_CTX_DAG_ID='movie' AIRFLOW_CTX_TASK_ID='throw.err' AIRFLOW_CTX_EXECUTION_DATE='2024-07-24T02:10:00+00:00' AIRFLOW_CTX_TRY_NUMBER='2' AIRFLOW_CTX_DAG_RUN_ID='scheduled__2024-07-24T02:10:00+00:00'
[2024-07-31T16:28:09.463+0900] {taskinstance.py:430} INFO - ::endgroup::
[2024-07-31T16:28:09.468+0900] {subprocess.py:63} INFO - Tmp dir root location: /var/folders/qv/0knwm5h50ml0skpppwpbks_r0000gp/T
[2024-07-31T16:28:09.468+0900] {subprocess.py:75} INFO - Running command: ['/bin/bash', '-c', 'exit 1']
[2024-07-31T16:28:09.471+0900] {subprocess.py:86} INFO - Output:
[2024-07-31T16:28:09.473+0900] {subprocess.py:97} INFO - Command exited with return code 1
[2024-07-31T16:28:09.473+0900] {taskinstance.py:441} INFO - ::group::Post task execution logs
[2024-07-31T16:28:09.477+0900] {taskinstance.py:2905} ERROR - Task failed with exception
Traceback (most recent call last):
  File "/Users/DE32/.pyenv/versions/3.11.9/envs/note/lib/python3.11/site-packages/airflow/models/taskinstance.py", line 465, in _execute_task
    result = _execute_callable(context=context, **execute_callable_kwargs)
             ^^^^^^^^^^^^^^^^^^^^^^^^^^^^^^^^^^^^^^^^^^^^^^^^^^^^^^^^^^^^^
  File "/Users/DE32/.pyenv/versions/3.11.9/envs/note/lib/python3.11/site-packages/airflow/models/taskinstance.py", line 432, in _execute_callable
    return execute_callable(context=context, **execute_callable_kwargs)
           ^^^^^^^^^^^^^^^^^^^^^^^^^^^^^^^^^^^^^^^^^^^^^^^^^^^^^^^^^^^^
  File "/Users/DE32/.pyenv/versions/3.11.9/envs/note/lib/python3.11/site-packages/airflow/models/baseoperator.py", line 401, in wrapper
    return func(self, *args, **kwargs)
           ^^^^^^^^^^^^^^^^^^^^^^^^^^^
  File "/Users/DE32/.pyenv/versions/3.11.9/envs/note/lib/python3.11/site-packages/airflow/operators/bash.py", line 243, in execute
    raise AirflowException(
airflow.exceptions.AirflowException: Bash command failed. The command returned a non-zero exit code 1.
[2024-07-31T16:28:09.479+0900] {taskinstance.py:1206} INFO - Marking task as FAILED. dag_id=movie, task_id=throw.err, run_id=scheduled__2024-07-24T02:10:00+00:00, execution_date=20240724T021000, start_date=20240731T072809, end_date=20240731T072809
[2024-07-31T16:28:09.483+0900] {standard_task_runner.py:110} ERROR - Failed to execute job 778 for task throw.err (Bash command failed. The command returned a non-zero exit code 1.; 18717)
[2024-07-31T16:28:09.489+0900] {local_task_job_runner.py:243} INFO - Task exited with return code 1
[2024-07-31T16:28:09.495+0900] {taskinstance.py:3503} INFO - 0 downstream tasks scheduled from follow-on schedule check
[2024-07-31T16:28:09.496+0900] {local_task_job_runner.py:222} INFO - ::endgroup::
