[2024-07-31T11:21:50.653+0900] {local_task_job_runner.py:120} INFO - ::group::Pre task execution logs
[2024-07-31T11:21:50.664+0900] {taskinstance.py:2076} INFO - Dependencies all met for dep_context=non-requeueable deps ti=<TaskInstance: movie.throw.err scheduled__2024-07-24T02:10:00+00:00 [queued]>
[2024-07-31T11:21:50.668+0900] {taskinstance.py:2076} INFO - Dependencies all met for dep_context=requeueable deps ti=<TaskInstance: movie.throw.err scheduled__2024-07-24T02:10:00+00:00 [queued]>
[2024-07-31T11:21:50.668+0900] {taskinstance.py:2306} INFO - Starting attempt 1 of 2
[2024-07-31T11:21:50.674+0900] {taskinstance.py:2330} INFO - Executing <Task(BashOperator): throw.err> on 2024-07-24 02:10:00+00:00
[2024-07-31T11:21:50.677+0900] {standard_task_runner.py:64} INFO - Started process 10739 to run task
[2024-07-31T11:21:50.680+0900] {standard_task_runner.py:90} INFO - Running: ['airflow', 'tasks', 'run', 'movie', 'throw.err', 'scheduled__2024-07-24T02:10:00+00:00', '--job-id', '731', '--raw', '--subdir', 'DAGS_FOLDER/movie.py', '--cfg-path', '/var/folders/qv/0knwm5h50ml0skpppwpbks_r0000gp/T/tmpw3k_d_bw']
[2024-07-31T11:21:50.681+0900] {standard_task_runner.py:91} INFO - Job 731: Subtask throw.err
[2024-07-31T11:21:50.696+0900] {task_command.py:426} INFO - Running <TaskInstance: movie.throw.err scheduled__2024-07-24T02:10:00+00:00 [running]> on host jeongui-MacBookPro.local
[2024-07-31T11:21:50.715+0900] {taskinstance.py:2648} INFO - Exporting env vars: AIRFLOW_CTX_DAG_OWNER='airflow' AIRFLOW_CTX_DAG_ID='movie' AIRFLOW_CTX_TASK_ID='throw.err' AIRFLOW_CTX_EXECUTION_DATE='2024-07-24T02:10:00+00:00' AIRFLOW_CTX_TRY_NUMBER='1' AIRFLOW_CTX_DAG_RUN_ID='scheduled__2024-07-24T02:10:00+00:00'
[2024-07-31T11:21:50.716+0900] {taskinstance.py:430} INFO - ::endgroup::
[2024-07-31T11:21:50.721+0900] {subprocess.py:63} INFO - Tmp dir root location: /var/folders/qv/0knwm5h50ml0skpppwpbks_r0000gp/T
[2024-07-31T11:21:50.721+0900] {subprocess.py:75} INFO - Running command: ['/bin/bash', '-c', 'exit 1']
[2024-07-31T11:21:50.724+0900] {subprocess.py:86} INFO - Output:
[2024-07-31T11:21:50.726+0900] {subprocess.py:97} INFO - Command exited with return code 1
[2024-07-31T11:21:50.727+0900] {taskinstance.py:441} INFO - ::group::Post task execution logs
[2024-07-31T11:21:50.730+0900] {taskinstance.py:2905} ERROR - Task failed with exception
Traceback (most recent call last):
  File "/Users/DE32/.pyenv/versions/3.11.9/envs/note/lib/python3.11/site-packages/airflow/models/taskinstance.py", line 465, in _execute_task
    result = _execute_callable(context=context, **execute_callable_kwargs)
             ^^^^^^^^^^^^^^^^^^^^^^^^^^^^^^^^^^^^^^^^^^^^^^^^^^^^^^^^^^^^^
  File "/Users/DE32/.pyenv/versions/3.11.9/envs/note/lib/python3.11/site-packages/airflow/models/taskinstance.py", line 432, in _execute_callable
    return execute_callable(context=context, **execute_callable_kwargs)
           ^^^^^^^^^^^^^^^^^^^^^^^^^^^^^^^^^^^^^^^^^^^^^^^^^^^^^^^^^^^^
  File "/Users/DE32/.pyenv/versions/3.11.9/envs/note/lib/python3.11/site-packages/airflow/models/baseoperator.py", line 401, in wrapper
    return func(self, *args, **kwargs)
           ^^^^^^^^^^^^^^^^^^^^^^^^^^^
  File "/Users/DE32/.pyenv/versions/3.11.9/envs/note/lib/python3.11/site-packages/airflow/operators/bash.py", line 243, in execute
    raise AirflowException(
airflow.exceptions.AirflowException: Bash command failed. The command returned a non-zero exit code 1.
[2024-07-31T11:21:50.733+0900] {taskinstance.py:1206} INFO - Marking task as UP_FOR_RETRY. dag_id=movie, task_id=throw.err, run_id=scheduled__2024-07-24T02:10:00+00:00, execution_date=20240724T021000, start_date=20240731T022150, end_date=20240731T022150
[2024-07-31T11:21:50.736+0900] {standard_task_runner.py:110} ERROR - Failed to execute job 731 for task throw.err (Bash command failed. The command returned a non-zero exit code 1.; 10739)
[2024-07-31T11:21:50.742+0900] {local_task_job_runner.py:243} INFO - Task exited with return code 1
[2024-07-31T11:21:50.748+0900] {taskinstance.py:3503} INFO - 0 downstream tasks scheduled from follow-on schedule check
[2024-07-31T11:21:50.748+0900] {local_task_job_runner.py:222} INFO - ::endgroup::
[2024-07-31T16:27:57.357+0900] {local_task_job_runner.py:120} INFO - ::group::Pre task execution logs
[2024-07-31T16:27:57.369+0900] {taskinstance.py:2076} INFO - Dependencies all met for dep_context=non-requeueable deps ti=<TaskInstance: movie.throw.err scheduled__2024-07-24T02:10:00+00:00 [queued]>
[2024-07-31T16:27:57.372+0900] {taskinstance.py:2076} INFO - Dependencies all met for dep_context=requeueable deps ti=<TaskInstance: movie.throw.err scheduled__2024-07-24T02:10:00+00:00 [queued]>
[2024-07-31T16:27:57.372+0900] {taskinstance.py:2306} INFO - Starting attempt 1 of 2
[2024-07-31T16:27:57.378+0900] {taskinstance.py:2330} INFO - Executing <Task(BashOperator): throw.err> on 2024-07-24 02:10:00+00:00
[2024-07-31T16:27:57.381+0900] {standard_task_runner.py:64} INFO - Started process 18705 to run task
[2024-07-31T16:27:57.384+0900] {standard_task_runner.py:90} INFO - Running: ['airflow', 'tasks', 'run', 'movie', 'throw.err', 'scheduled__2024-07-24T02:10:00+00:00', '--job-id', '776', '--raw', '--subdir', 'DAGS_FOLDER/movie.py', '--cfg-path', '/var/folders/qv/0knwm5h50ml0skpppwpbks_r0000gp/T/tmp9_m2stz0']
[2024-07-31T16:27:57.385+0900] {standard_task_runner.py:91} INFO - Job 776: Subtask throw.err
[2024-07-31T16:27:57.403+0900] {task_command.py:426} INFO - Running <TaskInstance: movie.throw.err scheduled__2024-07-24T02:10:00+00:00 [running]> on host jeongui-MacBookPro.local
[2024-07-31T16:27:57.422+0900] {taskinstance.py:2648} INFO - Exporting env vars: AIRFLOW_CTX_DAG_OWNER='airflow' AIRFLOW_CTX_DAG_ID='movie' AIRFLOW_CTX_TASK_ID='throw.err' AIRFLOW_CTX_EXECUTION_DATE='2024-07-24T02:10:00+00:00' AIRFLOW_CTX_TRY_NUMBER='1' AIRFLOW_CTX_DAG_RUN_ID='scheduled__2024-07-24T02:10:00+00:00'
[2024-07-31T16:27:57.422+0900] {taskinstance.py:430} INFO - ::endgroup::
[2024-07-31T16:27:57.429+0900] {subprocess.py:63} INFO - Tmp dir root location: /var/folders/qv/0knwm5h50ml0skpppwpbks_r0000gp/T
[2024-07-31T16:27:57.429+0900] {subprocess.py:75} INFO - Running command: ['/bin/bash', '-c', 'exit 1']
[2024-07-31T16:27:57.432+0900] {subprocess.py:86} INFO - Output:
[2024-07-31T16:27:57.436+0900] {subprocess.py:97} INFO - Command exited with return code 1
[2024-07-31T16:27:57.436+0900] {taskinstance.py:441} INFO - ::group::Post task execution logs
[2024-07-31T16:27:57.440+0900] {taskinstance.py:2905} ERROR - Task failed with exception
Traceback (most recent call last):
  File "/Users/DE32/.pyenv/versions/3.11.9/envs/note/lib/python3.11/site-packages/airflow/models/taskinstance.py", line 465, in _execute_task
    result = _execute_callable(context=context, **execute_callable_kwargs)
             ^^^^^^^^^^^^^^^^^^^^^^^^^^^^^^^^^^^^^^^^^^^^^^^^^^^^^^^^^^^^^
  File "/Users/DE32/.pyenv/versions/3.11.9/envs/note/lib/python3.11/site-packages/airflow/models/taskinstance.py", line 432, in _execute_callable
    return execute_callable(context=context, **execute_callable_kwargs)
           ^^^^^^^^^^^^^^^^^^^^^^^^^^^^^^^^^^^^^^^^^^^^^^^^^^^^^^^^^^^^
  File "/Users/DE32/.pyenv/versions/3.11.9/envs/note/lib/python3.11/site-packages/airflow/models/baseoperator.py", line 401, in wrapper
    return func(self, *args, **kwargs)
           ^^^^^^^^^^^^^^^^^^^^^^^^^^^
  File "/Users/DE32/.pyenv/versions/3.11.9/envs/note/lib/python3.11/site-packages/airflow/operators/bash.py", line 243, in execute
    raise AirflowException(
airflow.exceptions.AirflowException: Bash command failed. The command returned a non-zero exit code 1.
[2024-07-31T16:27:57.442+0900] {taskinstance.py:1206} INFO - Marking task as UP_FOR_RETRY. dag_id=movie, task_id=throw.err, run_id=scheduled__2024-07-24T02:10:00+00:00, execution_date=20240724T021000, start_date=20240731T072757, end_date=20240731T072757
[2024-07-31T16:27:57.446+0900] {standard_task_runner.py:110} ERROR - Failed to execute job 776 for task throw.err (Bash command failed. The command returned a non-zero exit code 1.; 18705)
[2024-07-31T16:27:57.491+0900] {local_task_job_runner.py:243} INFO - Task exited with return code 1
[2024-07-31T16:27:57.499+0900] {taskinstance.py:3503} INFO - 0 downstream tasks scheduled from follow-on schedule check
[2024-07-31T16:27:57.499+0900] {local_task_job_runner.py:222} INFO - ::endgroup::
