[2024-07-31T19:19:57.871+0900] {local_task_job_runner.py:120} INFO - ::group::Pre task execution logs
[2024-07-31T19:19:57.882+0900] {taskinstance.py:2076} INFO - Dependencies all met for dep_context=non-requeueable deps ti=<TaskInstance: movie.throw.err scheduled__2024-07-24T02:10:00+00:00 [queued]>
[2024-07-31T19:19:57.885+0900] {taskinstance.py:2076} INFO - Dependencies all met for dep_context=requeueable deps ti=<TaskInstance: movie.throw.err scheduled__2024-07-24T02:10:00+00:00 [queued]>
[2024-07-31T19:19:57.886+0900] {taskinstance.py:2306} INFO - Starting attempt 6 of 6
[2024-07-31T19:19:57.891+0900] {taskinstance.py:2330} INFO - Executing <Task(BashOperator): throw.err> on 2024-07-24 02:10:00+00:00
[2024-07-31T19:19:57.894+0900] {standard_task_runner.py:64} INFO - Started process 27057 to run task
[2024-07-31T19:19:57.897+0900] {standard_task_runner.py:90} INFO - Running: ['airflow', 'tasks', 'run', 'movie', 'throw.err', 'scheduled__2024-07-24T02:10:00+00:00', '--job-id', '904', '--raw', '--subdir', 'DAGS_FOLDER/movie.py', '--cfg-path', '/var/folders/qv/0knwm5h50ml0skpppwpbks_r0000gp/T/tmpu9vpegx_']
[2024-07-31T19:19:57.898+0900] {standard_task_runner.py:91} INFO - Job 904: Subtask throw.err
[2024-07-31T19:19:57.913+0900] {task_command.py:426} INFO - Running <TaskInstance: movie.throw.err scheduled__2024-07-24T02:10:00+00:00 [running]> on host jeongui-MacBookPro.local
[2024-07-31T19:19:57.932+0900] {taskinstance.py:2648} INFO - Exporting env vars: AIRFLOW_CTX_DAG_OWNER='airflow' AIRFLOW_CTX_DAG_ID='movie' AIRFLOW_CTX_TASK_ID='throw.err' AIRFLOW_CTX_EXECUTION_DATE='2024-07-24T02:10:00+00:00' AIRFLOW_CTX_TRY_NUMBER='6' AIRFLOW_CTX_DAG_RUN_ID='scheduled__2024-07-24T02:10:00+00:00'
[2024-07-31T19:19:57.933+0900] {taskinstance.py:430} INFO - ::endgroup::
[2024-07-31T19:19:57.938+0900] {subprocess.py:63} INFO - Tmp dir root location: /var/folders/qv/0knwm5h50ml0skpppwpbks_r0000gp/T
[2024-07-31T19:19:57.938+0900] {subprocess.py:75} INFO - Running command: ['/bin/bash', '-c', 'exit 1']
[2024-07-31T19:19:57.941+0900] {subprocess.py:86} INFO - Output:
[2024-07-31T19:19:57.942+0900] {subprocess.py:97} INFO - Command exited with return code 1
[2024-07-31T19:19:57.943+0900] {taskinstance.py:441} INFO - ::group::Post task execution logs
[2024-07-31T19:19:57.946+0900] {taskinstance.py:2905} ERROR - Task failed with exception
Traceback (most recent call last):
  File "/Users/DE32/.pyenv/versions/3.11.9/envs/note/lib/python3.11/site-packages/airflow/models/taskinstance.py", line 465, in _execute_task
    result = _execute_callable(context=context, **execute_callable_kwargs)
             ^^^^^^^^^^^^^^^^^^^^^^^^^^^^^^^^^^^^^^^^^^^^^^^^^^^^^^^^^^^^^
  File "/Users/DE32/.pyenv/versions/3.11.9/envs/note/lib/python3.11/site-packages/airflow/models/taskinstance.py", line 432, in _execute_callable
    return execute_callable(context=context, **execute_callable_kwargs)
           ^^^^^^^^^^^^^^^^^^^^^^^^^^^^^^^^^^^^^^^^^^^^^^^^^^^^^^^^^^^^
  File "/Users/DE32/.pyenv/versions/3.11.9/envs/note/lib/python3.11/site-packages/airflow/models/baseoperator.py", line 401, in wrapper
    return func(self, *args, **kwargs)
           ^^^^^^^^^^^^^^^^^^^^^^^^^^^
  File "/Users/DE32/.pyenv/versions/3.11.9/envs/note/lib/python3.11/site-packages/airflow/operators/bash.py", line 243, in execute
    raise AirflowException(
airflow.exceptions.AirflowException: Bash command failed. The command returned a non-zero exit code 1.
[2024-07-31T19:19:57.948+0900] {taskinstance.py:1206} INFO - Marking task as FAILED. dag_id=movie, task_id=throw.err, run_id=scheduled__2024-07-24T02:10:00+00:00, execution_date=20240724T021000, start_date=20240731T101957, end_date=20240731T101957
[2024-07-31T19:19:57.951+0900] {standard_task_runner.py:110} ERROR - Failed to execute job 904 for task throw.err (Bash command failed. The command returned a non-zero exit code 1.; 27057)
[2024-07-31T19:19:57.959+0900] {local_task_job_runner.py:243} INFO - Task exited with return code 1
[2024-07-31T19:19:57.966+0900] {taskinstance.py:3503} INFO - 0 downstream tasks scheduled from follow-on schedule check
[2024-07-31T19:19:57.966+0900] {local_task_job_runner.py:222} INFO - ::endgroup::
