[2024-07-31T19:31:02.724+0900] {local_task_job_runner.py:120} INFO - ::group::Pre task execution logs
[2024-07-31T19:31:02.735+0900] {taskinstance.py:2076} INFO - Dependencies all met for dep_context=non-requeueable deps ti=<TaskInstance: movie.multi.y scheduled__2024-07-24T02:10:00+00:00 [queued]>
[2024-07-31T19:31:02.739+0900] {taskinstance.py:2076} INFO - Dependencies all met for dep_context=requeueable deps ti=<TaskInstance: movie.multi.y scheduled__2024-07-24T02:10:00+00:00 [queued]>
[2024-07-31T19:31:02.739+0900] {taskinstance.py:2306} INFO - Starting attempt 6 of 7
[2024-07-31T19:31:02.745+0900] {taskinstance.py:2330} INFO - Executing <Task(PythonVirtualenvOperator): multi.y> on 2024-07-24 02:10:00+00:00
[2024-07-31T19:31:02.748+0900] {standard_task_runner.py:64} INFO - Started process 31548 to run task
[2024-07-31T19:31:02.751+0900] {standard_task_runner.py:90} INFO - Running: ['airflow', 'tasks', 'run', 'movie', 'multi.y', 'scheduled__2024-07-24T02:10:00+00:00', '--job-id', '928', '--raw', '--subdir', 'DAGS_FOLDER/movie.py', '--cfg-path', '/var/folders/qv/0knwm5h50ml0skpppwpbks_r0000gp/T/tmpme8rj62i']
[2024-07-31T19:31:02.753+0900] {standard_task_runner.py:91} INFO - Job 928: Subtask multi.y
[2024-07-31T19:31:02.769+0900] {task_command.py:426} INFO - Running <TaskInstance: movie.multi.y scheduled__2024-07-24T02:10:00+00:00 [running]> on host jeongui-MacBookPro.local
[2024-07-31T19:31:02.791+0900] {taskinstance.py:2648} INFO - Exporting env vars: AIRFLOW_CTX_DAG_OWNER='airflow' AIRFLOW_CTX_DAG_ID='movie' AIRFLOW_CTX_TASK_ID='multi.y' AIRFLOW_CTX_EXECUTION_DATE='2024-07-24T02:10:00+00:00' AIRFLOW_CTX_TRY_NUMBER='6' AIRFLOW_CTX_DAG_RUN_ID='scheduled__2024-07-24T02:10:00+00:00'
[2024-07-31T19:31:02.791+0900] {taskinstance.py:430} INFO - ::endgroup::
[2024-07-31T19:31:02.796+0900] {baseoperator.py:400} WARNING - PythonVirtualenvOperator.execute cannot be called outside TaskInstance!
[2024-07-31T19:31:02.796+0900] {process_utils.py:183} INFO - Executing cmd: /Users/DE32/.pyenv/versions/3.11.9/envs/note/bin/python -m virtualenv /var/folders/qv/0knwm5h50ml0skpppwpbks_r0000gp/T/venvykxh42wq --python=python
[2024-07-31T19:31:02.798+0900] {process_utils.py:187} INFO - Output:
[2024-07-31T19:31:03.065+0900] {process_utils.py:191} INFO - created virtual environment CPython3.11.9.final.0-64 in 190ms
[2024-07-31T19:31:03.065+0900] {process_utils.py:191} INFO -   creator CPython3Posix(dest=/private/var/folders/qv/0knwm5h50ml0skpppwpbks_r0000gp/T/venvykxh42wq, clear=False, no_vcs_ignore=False, global=False)
[2024-07-31T19:31:03.066+0900] {process_utils.py:191} INFO -   seeder FromAppData(download=False, pip=bundle, setuptools=bundle, wheel=bundle, via=copy, app_data_dir=/Users/DE32/Library/Application Support/virtualenv)
[2024-07-31T19:31:03.066+0900] {process_utils.py:191} INFO -     added seed packages: pip==24.1.2, setuptools==70.2.0, wheel==0.43.0
[2024-07-31T19:31:03.066+0900] {process_utils.py:191} INFO -   activators BashActivator,CShellActivator,FishActivator,NushellActivator,PowerShellActivator,PythonActivator
[2024-07-31T19:31:03.076+0900] {process_utils.py:183} INFO - Executing cmd: /var/folders/qv/0knwm5h50ml0skpppwpbks_r0000gp/T/venvykxh42wq/bin/pip install -r /var/folders/qv/0knwm5h50ml0skpppwpbks_r0000gp/T/venvykxh42wq/requirements.txt
[2024-07-31T19:31:03.078+0900] {process_utils.py:187} INFO - Output:
[2024-07-31T19:31:03.804+0900] {process_utils.py:191} INFO - Collecting git+https://github.com/Jeonghoon2/movie.git@0.2/api (from -r /var/folders/qv/0knwm5h50ml0skpppwpbks_r0000gp/T/venvykxh42wq/requirements.txt (line 1))
[2024-07-31T19:31:03.805+0900] {process_utils.py:191} INFO -   Cloning https://github.com/Jeonghoon2/movie.git (to revision 0.2/api) to /private/var/folders/qv/0knwm5h50ml0skpppwpbks_r0000gp/T/pip-req-build-phf2stxf
[2024-07-31T19:31:03.816+0900] {process_utils.py:191} INFO -   Running command git clone --filter=blob:none --quiet https://github.com/Jeonghoon2/movie.git /private/var/folders/qv/0knwm5h50ml0skpppwpbks_r0000gp/T/pip-req-build-phf2stxf
[2024-07-31T19:31:05.532+0900] {process_utils.py:191} INFO -   Running command git checkout -b 0.2/api --track origin/0.2/api
[2024-07-31T19:31:06.112+0900] {process_utils.py:191} INFO -   Switched to a new branch '0.2/api'
[2024-07-31T19:31:06.112+0900] {process_utils.py:191} INFO -   branch '0.2/api' set up to track 'origin/0.2/api'.
[2024-07-31T19:31:06.113+0900] {process_utils.py:191} INFO -   Resolved https://github.com/Jeonghoon2/movie.git to commit c2fdd392ce95b386519b05b3bab786608cdb1c58
[2024-07-31T19:31:06.132+0900] {process_utils.py:191} INFO -   Installing build dependencies: started
[2024-07-31T19:31:07.037+0900] {process_utils.py:191} INFO -   Installing build dependencies: finished with status 'done'
[2024-07-31T19:31:07.037+0900] {process_utils.py:191} INFO -   Getting requirements to build wheel: started
[2024-07-31T19:31:07.161+0900] {process_utils.py:191} INFO -   Getting requirements to build wheel: finished with status 'done'
[2024-07-31T19:31:07.162+0900] {process_utils.py:191} INFO -   Preparing metadata (pyproject.toml): started
[2024-07-31T19:31:07.286+0900] {process_utils.py:191} INFO -   Preparing metadata (pyproject.toml): finished with status 'done'
[2024-07-31T19:31:07.361+0900] {process_utils.py:191} INFO - Collecting requests>=2.32.3 (from mov==0.1.0->-r /var/folders/qv/0knwm5h50ml0skpppwpbks_r0000gp/T/venvykxh42wq/requirements.txt (line 1))
[2024-07-31T19:31:07.362+0900] {process_utils.py:191} INFO -   Using cached requests-2.32.3-py3-none-any.whl.metadata (4.6 kB)
[2024-07-31T19:31:07.431+0900] {process_utils.py:191} INFO - Collecting pandas>=2.2.2 (from mov==0.1.0->-r /var/folders/qv/0knwm5h50ml0skpppwpbks_r0000gp/T/venvykxh42wq/requirements.txt (line 1))
[2024-07-31T19:31:07.432+0900] {process_utils.py:191} INFO -   Using cached pandas-2.2.2-cp311-cp311-macosx_11_0_arm64.whl.metadata (19 kB)
[2024-07-31T19:31:07.534+0900] {process_utils.py:191} INFO - Collecting numpy>=2.0.1 (from mov==0.1.0->-r /var/folders/qv/0knwm5h50ml0skpppwpbks_r0000gp/T/venvykxh42wq/requirements.txt (line 1))
[2024-07-31T19:31:07.535+0900] {process_utils.py:191} INFO -   Using cached numpy-2.0.1-cp311-cp311-macosx_14_0_arm64.whl.metadata (60 kB)
[2024-07-31T19:31:07.585+0900] {process_utils.py:191} INFO - Collecting pyarrow>=17.0.0 (from mov==0.1.0->-r /var/folders/qv/0knwm5h50ml0skpppwpbks_r0000gp/T/venvykxh42wq/requirements.txt (line 1))
[2024-07-31T19:31:07.586+0900] {process_utils.py:191} INFO -   Using cached pyarrow-17.0.0-cp311-cp311-macosx_11_0_arm64.whl.metadata (3.3 kB)
[2024-07-31T19:31:07.606+0900] {process_utils.py:191} INFO - Collecting python-dateutil>=2.8.2 (from pandas>=2.2.2->mov==0.1.0->-r /var/folders/qv/0knwm5h50ml0skpppwpbks_r0000gp/T/venvykxh42wq/requirements.txt (line 1))
[2024-07-31T19:31:07.607+0900] {process_utils.py:191} INFO -   Using cached python_dateutil-2.9.0.post0-py2.py3-none-any.whl.metadata (8.4 kB)
[2024-07-31T19:31:07.637+0900] {process_utils.py:191} INFO - Collecting pytz>=2020.1 (from pandas>=2.2.2->mov==0.1.0->-r /var/folders/qv/0knwm5h50ml0skpppwpbks_r0000gp/T/venvykxh42wq/requirements.txt (line 1))
[2024-07-31T19:31:07.638+0900] {process_utils.py:191} INFO -   Using cached pytz-2024.1-py2.py3-none-any.whl.metadata (22 kB)
[2024-07-31T19:31:07.652+0900] {process_utils.py:191} INFO - Collecting tzdata>=2022.7 (from pandas>=2.2.2->mov==0.1.0->-r /var/folders/qv/0knwm5h50ml0skpppwpbks_r0000gp/T/venvykxh42wq/requirements.txt (line 1))
[2024-07-31T19:31:07.653+0900] {process_utils.py:191} INFO -   Using cached tzdata-2024.1-py2.py3-none-any.whl.metadata (1.4 kB)
[2024-07-31T19:31:07.699+0900] {process_utils.py:191} INFO - Collecting charset-normalizer<4,>=2 (from requests>=2.32.3->mov==0.1.0->-r /var/folders/qv/0knwm5h50ml0skpppwpbks_r0000gp/T/venvykxh42wq/requirements.txt (line 1))
[2024-07-31T19:31:07.700+0900] {process_utils.py:191} INFO -   Using cached charset_normalizer-3.3.2-cp311-cp311-macosx_11_0_arm64.whl.metadata (33 kB)
[2024-07-31T19:31:07.714+0900] {process_utils.py:191} INFO - Collecting idna<4,>=2.5 (from requests>=2.32.3->mov==0.1.0->-r /var/folders/qv/0knwm5h50ml0skpppwpbks_r0000gp/T/venvykxh42wq/requirements.txt (line 1))
[2024-07-31T19:31:07.715+0900] {process_utils.py:191} INFO -   Using cached idna-3.7-py3-none-any.whl.metadata (9.9 kB)
[2024-07-31T19:31:07.743+0900] {process_utils.py:191} INFO - Collecting urllib3<3,>=1.21.1 (from requests>=2.32.3->mov==0.1.0->-r /var/folders/qv/0knwm5h50ml0skpppwpbks_r0000gp/T/venvykxh42wq/requirements.txt (line 1))
[2024-07-31T19:31:07.744+0900] {process_utils.py:191} INFO -   Using cached urllib3-2.2.2-py3-none-any.whl.metadata (6.4 kB)
[2024-07-31T19:31:07.764+0900] {process_utils.py:191} INFO - Collecting certifi>=2017.4.17 (from requests>=2.32.3->mov==0.1.0->-r /var/folders/qv/0knwm5h50ml0skpppwpbks_r0000gp/T/venvykxh42wq/requirements.txt (line 1))
[2024-07-31T19:31:07.765+0900] {process_utils.py:191} INFO -   Using cached certifi-2024.7.4-py3-none-any.whl.metadata (2.2 kB)
[2024-07-31T19:31:07.794+0900] {process_utils.py:191} INFO - Collecting six>=1.5 (from python-dateutil>=2.8.2->pandas>=2.2.2->mov==0.1.0->-r /var/folders/qv/0knwm5h50ml0skpppwpbks_r0000gp/T/venvykxh42wq/requirements.txt (line 1))
[2024-07-31T19:31:07.795+0900] {process_utils.py:191} INFO -   Using cached six-1.16.0-py2.py3-none-any.whl.metadata (1.8 kB)
[2024-07-31T19:31:07.798+0900] {process_utils.py:191} INFO - Using cached numpy-2.0.1-cp311-cp311-macosx_14_0_arm64.whl (5.3 MB)
[2024-07-31T19:31:07.804+0900] {process_utils.py:191} INFO - Using cached pandas-2.2.2-cp311-cp311-macosx_11_0_arm64.whl (11.3 MB)
[2024-07-31T19:31:07.816+0900] {process_utils.py:191} INFO - Using cached pyarrow-17.0.0-cp311-cp311-macosx_11_0_arm64.whl (27.2 MB)
[2024-07-31T19:31:07.842+0900] {process_utils.py:191} INFO - Using cached requests-2.32.3-py3-none-any.whl (64 kB)
[2024-07-31T19:31:07.843+0900] {process_utils.py:191} INFO - Using cached certifi-2024.7.4-py3-none-any.whl (162 kB)
[2024-07-31T19:31:07.844+0900] {process_utils.py:191} INFO - Using cached charset_normalizer-3.3.2-cp311-cp311-macosx_11_0_arm64.whl (118 kB)
[2024-07-31T19:31:07.845+0900] {process_utils.py:191} INFO - Using cached idna-3.7-py3-none-any.whl (66 kB)
[2024-07-31T19:31:07.846+0900] {process_utils.py:191} INFO - Using cached python_dateutil-2.9.0.post0-py2.py3-none-any.whl (229 kB)
[2024-07-31T19:31:07.847+0900] {process_utils.py:191} INFO - Using cached pytz-2024.1-py2.py3-none-any.whl (505 kB)
[2024-07-31T19:31:07.848+0900] {process_utils.py:191} INFO - Using cached tzdata-2024.1-py2.py3-none-any.whl (345 kB)
[2024-07-31T19:31:07.849+0900] {process_utils.py:191} INFO - Using cached urllib3-2.2.2-py3-none-any.whl (121 kB)
[2024-07-31T19:31:07.850+0900] {process_utils.py:191} INFO - Using cached six-1.16.0-py2.py3-none-any.whl (11 kB)
[2024-07-31T19:31:07.892+0900] {process_utils.py:191} INFO - Building wheels for collected packages: mov
[2024-07-31T19:31:07.904+0900] {process_utils.py:191} INFO -   Building wheel for mov (pyproject.toml): started
[2024-07-31T19:31:08.040+0900] {process_utils.py:191} INFO -   Building wheel for mov (pyproject.toml): finished with status 'done'
[2024-07-31T19:31:08.041+0900] {process_utils.py:191} INFO -   Created wheel for mov: filename=mov-0.1.0-py3-none-any.whl size=3056 sha256=8bfd8cf9faff3c060c55a0efb61b1dd7a081ae579efc25d4344ec6f20599d516
[2024-07-31T19:31:08.041+0900] {process_utils.py:191} INFO -   Stored in directory: /private/var/folders/qv/0knwm5h50ml0skpppwpbks_r0000gp/T/pip-ephem-wheel-cache-wxi__qfv/wheels/cf/ab/a7/d0c528d20fa8a5f19e169bdf1d98f2b2cefe79d8527bb89200
[2024-07-31T19:31:08.042+0900] {process_utils.py:191} INFO - Successfully built mov
[2024-07-31T19:31:08.070+0900] {process_utils.py:191} INFO - Installing collected packages: pytz, urllib3, tzdata, six, numpy, idna, charset-normalizer, certifi, requests, python-dateutil, pyarrow, pandas, mov
[2024-07-31T19:31:12.616+0900] {process_utils.py:191} INFO - Successfully installed certifi-2024.7.4 charset-normalizer-3.3.2 idna-3.7 mov-0.1.0 numpy-2.0.1 pandas-2.2.2 pyarrow-17.0.0 python-dateutil-2.9.0.post0 pytz-2024.1 requests-2.32.3 six-1.16.0 tzdata-2024.1 urllib3-2.2.2
[2024-07-31T19:31:12.619+0900] {process_utils.py:191} INFO - 
[2024-07-31T19:31:12.619+0900] {process_utils.py:191} INFO - [notice] A new release of pip is available: 24.1.2 -> 24.2
[2024-07-31T19:31:12.619+0900] {process_utils.py:191} INFO - [notice] To update, run: python -m pip install --upgrade pip
[2024-07-31T19:31:12.756+0900] {logging_mixin.py:188} WARNING - /Users/DE32/.pyenv/versions/3.11.9/envs/note/lib/python3.11/site-packages/airflow/utils/context.py:212 AirflowContextDeprecationWarning: Accessing 'next_ds' from the template is deprecated and will be removed in a future version. Please use '{{ data_interval_end | ds }}' instead.
[2024-07-31T19:31:12.756+0900] {logging_mixin.py:188} WARNING - /Users/DE32/.pyenv/versions/3.11.9/envs/note/lib/python3.11/site-packages/airflow/utils/context.py:212 AirflowContextDeprecationWarning: Accessing 'next_ds_nodash' from the template is deprecated and will be removed in a future version. Please use '{{ data_interval_end | ds_nodash }}' instead.
[2024-07-31T19:31:12.757+0900] {logging_mixin.py:188} WARNING - /Users/DE32/.pyenv/versions/3.11.9/envs/note/lib/python3.11/site-packages/airflow/utils/context.py:212 AirflowContextDeprecationWarning: Accessing 'prev_ds' from the template is deprecated and will be removed in a future version.
[2024-07-31T19:31:12.757+0900] {logging_mixin.py:188} WARNING - /Users/DE32/.pyenv/versions/3.11.9/envs/note/lib/python3.11/site-packages/airflow/utils/context.py:212 AirflowContextDeprecationWarning: Accessing 'prev_ds_nodash' from the template is deprecated and will be removed in a future version.
[2024-07-31T19:31:12.758+0900] {logging_mixin.py:188} WARNING - /Users/DE32/.pyenv/versions/3.11.9/envs/note/lib/python3.11/site-packages/airflow/utils/context.py:212 AirflowContextDeprecationWarning: Accessing 'tomorrow_ds' from the template is deprecated and will be removed in a future version.
[2024-07-31T19:31:12.758+0900] {logging_mixin.py:188} WARNING - /Users/DE32/.pyenv/versions/3.11.9/envs/note/lib/python3.11/site-packages/airflow/utils/context.py:212 AirflowContextDeprecationWarning: Accessing 'tomorrow_ds_nodash' from the template is deprecated and will be removed in a future version.
[2024-07-31T19:31:12.758+0900] {logging_mixin.py:188} WARNING - /Users/DE32/.pyenv/versions/3.11.9/envs/note/lib/python3.11/site-packages/airflow/utils/context.py:212 AirflowContextDeprecationWarning: Accessing 'yesterday_ds' from the template is deprecated and will be removed in a future version.
[2024-07-31T19:31:12.759+0900] {logging_mixin.py:188} WARNING - /Users/DE32/.pyenv/versions/3.11.9/envs/note/lib/python3.11/site-packages/airflow/utils/context.py:212 AirflowContextDeprecationWarning: Accessing 'yesterday_ds_nodash' from the template is deprecated and will be removed in a future version.
[2024-07-31T19:31:12.763+0900] {process_utils.py:183} INFO - Executing cmd: /var/folders/qv/0knwm5h50ml0skpppwpbks_r0000gp/T/venvykxh42wq/bin/python /var/folders/qv/0knwm5h50ml0skpppwpbks_r0000gp/T/venv-callzfvqu7ht/script.py /var/folders/qv/0knwm5h50ml0skpppwpbks_r0000gp/T/venv-callzfvqu7ht/script.in /var/folders/qv/0knwm5h50ml0skpppwpbks_r0000gp/T/venv-callzfvqu7ht/script.out /var/folders/qv/0knwm5h50ml0skpppwpbks_r0000gp/T/venv-callzfvqu7ht/string_args.txt /var/folders/qv/0knwm5h50ml0skpppwpbks_r0000gp/T/venv-callzfvqu7ht/termination.log
[2024-07-31T19:31:12.764+0900] {process_utils.py:187} INFO - Output:
[2024-07-31T19:31:26.769+0900] {process_utils.py:191} INFO - {'boxOfficeResult': {'boxofficeType': '일별 박스오피스', 'showRange': '20240724~20240724', 'dailyBoxOfficeList': [{'rnum': '1', 'rank': '1', 'rankInten': '1', 'rankOldAndNew': 'OLD', 'movieCd': '20235926', 'movieNm': '퍼펙트 데이즈', 'openDt': '2024-07-03', 'salesAmt': '14739539', 'salesShare': '24.5', 'salesInten': '-3285578', 'salesChange': '-18.2', 'salesAcc': '521621663', 'audiCnt': '1657', 'audiInten': '-349', 'audiChange': '-17.4', 'audiAcc': '55226', 'scrnCnt': '45', 'showCnt': '58'}, {'rnum': '2', 'rank': '2', 'rankInten': '1', 'rankOldAndNew': 'OLD', 'movieCd': '19960126', 'movieNm': '비포 선라이즈', 'openDt': '1996-03-30', 'salesAmt': '8537678', 'salesShare': '14.2', 'salesInten': '-5401261', 'salesChange': '-38.7', 'salesAcc': '626323120', 'audiCnt': '894', 'audiInten': '-577', 'audiChange': '-39.2', 'audiAcc': '73919', 'scrnCnt': '38', 'showCnt': '55'}, {'rnum': '3', 'rank': '3', 'rankInten': '0', 'rankOldAndNew': 'NEW', 'movieCd': '20148830', 'movieNm': '마담 프루스트의 비밀정원', 'openDt': '2014-07-24', 'salesAmt': '5129300', 'salesShare': '8.5', 'salesInten': '5129300', 'salesChange': '100', 'salesAcc': '1285920662', 'audiCnt': '541', 'audiInten': '541', 'audiChange': '100', 'audiAcc': '163833', 'scrnCnt': '40', 'showCnt': '48'}, {'rnum': '4', 'rank': '4', 'rankInten': '1', 'rankOldAndNew': 'OLD', 'movieCd': '20240541', 'movieNm': '언더더씨: 마법 산호초를 찾아서', 'openDt': '2024-06-27', 'salesAmt': '2705000', 'salesShare': '4.5', 'salesInten': '-1350800', 'salesChange': '-33.3', 'salesAcc': '221031255', 'audiCnt': '466', 'audiInten': '-236', 'audiChange': '-33.6', 'audiAcc': '28352', 'scrnCnt': '8', 'showCnt': '8'}, {'rnum': '5', 'rank': '5', 'rankInten': '2', 'rankOldAndNew': 'OLD', 'movieCd': '20247397', 'movieNm': '존 오브 인터레스트', 'openDt': '2024-06-05', 'salesAmt': '3059939', 'salesShare': '5.1', 'salesInten': '-1492261', 'salesChange': '-32.8', 'salesAcc': '1905193819', 'audiCnt': '337', 'audiInten': '-148', 'audiChange': '-30.5', 'audiAcc': '191665', 'scrnCnt': '25', 'showCnt': '29'}, {'rnum': '6', 'rank': '6', 'rankInten': '0', 'rankOldAndNew': 'NEW', 'movieCd': '20236233', 'movieNm': '엄마의 왕국', 'openDt': '2024-07-24', 'salesAmt': '3090500', 'salesShare': '5.1', 'salesInten': '3090500', 'salesChange': '100', 'salesAcc': '19374500', 'audiCnt': '287', 'audiInten': '287', 'audiChange': '100', 'audiAcc': '2068', 'scrnCnt': '24', 'showCnt': '26'}, {'rnum': '7', 'rank': '7', 'rankInten': '10', 'rankOldAndNew': 'OLD', 'movieCd': '20231415', 'movieNm': '소풍', 'openDt': '2024-02-07', 'salesAmt': '1514000', 'salesShare': '2.5', 'salesInten': '1102000', 'salesChange': '267.5', 'salesAcc': '3138465943', 'audiCnt': '286', 'audiInten': '196', 'audiChange': '217.8', 'audiAcc': '354424', 'scrnCnt': '4', 'showCnt': '5'}, {'rnum': '8', 'rank': '8', 'rankInten': '-4', 'rankOldAndNew': 'OLD', 'movieCd': '20248880', 'movieNm': '그리고 바통은 넘겨졌다', 'openDt': '2024-07-17', 'salesAmt': '1593000', 'salesShare': '2.6', 'salesInten': '-5745500', 'salesChange': '-78.3', 'salesAcc': '63055700', 'audiCnt': '244', 'audiInten': '-802', 'audiChange': '-76.7', 'audiAcc': '8718', 'scrnCnt': '17', 'showCnt': '20'}, {'rnum': '9', 'rank': '9', 'rankInten': '-3', 'rankOldAndNew': 'OLD', 'movieCd': '20240735', 'movieNm': '러브 라이즈 블리딩', 'openDt': '2024-07-10', 'salesAmt': '2112500', 'salesShare': '3.5', 'salesInten': '-2666400', 'salesChange': '-55.8', 'salesAcc': '199593750', 'audiCnt': '238', 'audiInten': '-335', 'audiChange': '-58.5', 'audiAcc': '26168', 'scrnCnt': '23', 'showCnt': '26'}, {'rnum': '10', 'rank': '10', 'rankInten': '0', 'rankOldAndNew': 'NEW', 'movieCd': '20158948', 'movieNm': '더 원더스', 'openDt': '2024-07-31', 'salesAmt': '2120500', 'salesShare': '3.5', 'salesInten': '2120500', 'salesChange': '100', 'salesAcc': '3310500', 'audiCnt': '223', 'audiInten': '223', 'audiChange': '100', 'audiAcc': '359', 'scrnCnt': '8', 'showCnt': '8'}]}}
[2024-07-31T19:31:26.770+0900] {process_utils.py:191} INFO - partitioning List : ['load_dt', 'multiMovieYn']
[2024-07-31T19:31:26.771+0900] {process_utils.py:191} INFO -   rnum rank rankInten rankOldAndNew  ... scrnCnt showCnt   load_dt multiMovieYn
[2024-07-31T19:31:26.771+0900] {process_utils.py:191} INFO - 0    1    1         1           OLD  ...      45      58  20240724            Y
[2024-07-31T19:31:26.772+0900] {process_utils.py:191} INFO - 1    2    2         1           OLD  ...      38      55  20240724            Y
[2024-07-31T19:31:26.772+0900] {process_utils.py:191} INFO - 2    3    3         0           NEW  ...      40      48  20240724            Y
[2024-07-31T19:31:26.772+0900] {process_utils.py:191} INFO - 3    4    4         1           OLD  ...       8       8  20240724            Y
[2024-07-31T19:31:26.773+0900] {process_utils.py:191} INFO - 4    5    5         2           OLD  ...      25      29  20240724            Y
[2024-07-31T19:31:26.773+0900] {process_utils.py:191} INFO - 5    6    6         0           NEW  ...      24      26  20240724            Y
[2024-07-31T19:31:26.774+0900] {process_utils.py:191} INFO - 6    7    7        10           OLD  ...       4       5  20240724            Y
[2024-07-31T19:31:26.774+0900] {process_utils.py:191} INFO - 7    8    8        -4           OLD  ...      17      20  20240724            Y
[2024-07-31T19:31:26.774+0900] {process_utils.py:191} INFO - 8    9    9        -3           OLD  ...      23      26  20240724            Y
[2024-07-31T19:31:26.775+0900] {process_utils.py:191} INFO - 9   10   10         0           NEW  ...       8       8  20240724            Y
[2024-07-31T19:31:26.775+0900] {process_utils.py:191} INFO - 
[2024-07-31T19:31:26.775+0900] {process_utils.py:191} INFO - [10 rows x 20 columns]
[2024-07-31T19:31:27.242+0900] {python.py:237} INFO - Done. Returned value was: None
[2024-07-31T19:31:27.242+0900] {taskinstance.py:441} INFO - ::group::Post task execution logs
[2024-07-31T19:31:27.246+0900] {taskinstance.py:1206} INFO - Marking task as SUCCESS. dag_id=movie, task_id=multi.y, run_id=scheduled__2024-07-24T02:10:00+00:00, execution_date=20240724T021000, start_date=20240731T103102, end_date=20240731T103127
[2024-07-31T19:31:27.291+0900] {local_task_job_runner.py:243} INFO - Task exited with return code 0
[2024-07-31T19:31:27.299+0900] {taskinstance.py:3503} INFO - 0 downstream tasks scheduled from follow-on schedule check
[2024-07-31T19:31:27.299+0900] {local_task_job_runner.py:222} INFO - ::endgroup::
