[2024-07-24T14:13:19.987+0900] {local_task_job_runner.py:120} INFO - ::group::Pre task execution logs
[2024-07-24T14:13:19.994+0900] {taskinstance.py:2076} INFO - Dependencies all met for dep_context=non-requeueable deps ti=<TaskInstance: simple_bash.print.date scheduled__2024-07-22T00:00:00+00:00 [queued]>
[2024-07-24T14:13:19.996+0900] {taskinstance.py:2076} INFO - Dependencies all met for dep_context=requeueable deps ti=<TaskInstance: simple_bash.print.date scheduled__2024-07-22T00:00:00+00:00 [queued]>
[2024-07-24T14:13:19.996+0900] {taskinstance.py:2306} INFO - Starting attempt 2 of 3
[2024-07-24T14:13:20.000+0900] {taskinstance.py:2330} INFO - Executing <Task(BashOperator): print.date> on 2024-07-22 00:00:00+00:00
[2024-07-24T14:13:20.003+0900] {standard_task_runner.py:64} INFO - Started process 89879 to run task
[2024-07-24T14:13:20.005+0900] {standard_task_runner.py:90} INFO - Running: ['airflow', 'tasks', 'run', 'simple_bash', 'print.date', 'scheduled__2024-07-22T00:00:00+00:00', '--job-id', '70', '--raw', '--subdir', 'DAGS_FOLDER/simple_bash.py', '--cfg-path', '/var/folders/qv/0knwm5h50ml0skpppwpbks_r0000gp/T/tmp38r677ca']
[2024-07-24T14:13:20.007+0900] {standard_task_runner.py:91} INFO - Job 70: Subtask print.date
[2024-07-24T14:13:20.021+0900] {task_command.py:426} INFO - Running <TaskInstance: simple_bash.print.date scheduled__2024-07-22T00:00:00+00:00 [running]> on host jeongui-MacBookPro.local
[2024-07-24T14:13:20.037+0900] {logging_mixin.py:188} WARNING - /Users/DE32/.pyenv/versions/3.11.9/envs/note/lib/python3.11/site-packages/airflow/utils/context.py:212 AirflowContextDeprecationWarning: Accessing 'execution_date' from the template is deprecated and will be removed in a future version. Please use 'data_interval_start' or 'logical_date' instead.
[2024-07-24T14:13:20.038+0900] {logging_mixin.py:188} WARNING - /Users/DE32/.pyenv/versions/3.11.9/envs/note/lib/python3.11/site-packages/airflow/utils/context.py:212 AirflowContextDeprecationWarning: Accessing 'next_execution_date' from the template is deprecated and will be removed in a future version. Please use 'data_interval_end' instead.
[2024-07-24T14:13:20.038+0900] {logging_mixin.py:188} WARNING - /Users/DE32/.pyenv/versions/3.11.9/envs/note/lib/python3.11/site-packages/airflow/utils/context.py:212 AirflowContextDeprecationWarning: Accessing 'prev_execution_date' from the template is deprecated and will be removed in a future version.
[2024-07-24T14:13:20.046+0900] {taskinstance.py:2648} INFO - Exporting env vars: AIRFLOW_CTX_DAG_OWNER='airflow' AIRFLOW_CTX_DAG_ID='simple_bash' AIRFLOW_CTX_TASK_ID='print.date' AIRFLOW_CTX_EXECUTION_DATE='2024-07-22T00:00:00+00:00' AIRFLOW_CTX_TRY_NUMBER='2' AIRFLOW_CTX_DAG_RUN_ID='scheduled__2024-07-22T00:00:00+00:00'
[2024-07-24T14:13:20.046+0900] {taskinstance.py:430} INFO - ::endgroup::
[2024-07-24T14:13:20.052+0900] {subprocess.py:63} INFO - Tmp dir root location: /var/folders/qv/0knwm5h50ml0skpppwpbks_r0000gp/T
[2024-07-24T14:13:20.052+0900] {subprocess.py:75} INFO - Running command: ['/bin/bash', '-c', '\n            echo "date => `date`"\n            echo "ds => 2024-07-22"\n            echo "ds_nodash => 20240722"\n            echo "logical_date => 2024-07-22 00:00:00+00:00"\n            echo "logical_date => 2024-07-22 00:00:00"\n            echo "execution_date => 2024-07-22 00:00:00+00:00"\n            echo "execution_date => 2024-07-22 00:00:00"\n            echo "next_execution_date => 2024-07-23 00:00:00"\n            echo "prev_execution_date => 2024-07-21 00:00:00"\n            echo "ts => 2024-07-22T00:00:00+00:00"\n        ']
[2024-07-24T14:13:20.055+0900] {subprocess.py:86} INFO - Output:
[2024-07-24T14:13:20.059+0900] {subprocess.py:93} INFO - date => 2024년 7월 24일 수요일 14시 13분 20초 KST
[2024-07-24T14:13:20.059+0900] {subprocess.py:93} INFO - ds => 2024-07-22
[2024-07-24T14:13:20.059+0900] {subprocess.py:93} INFO - ds_nodash => 20240722
[2024-07-24T14:13:20.059+0900] {subprocess.py:93} INFO - logical_date => 2024-07-22 00:00:00+00:00
[2024-07-24T14:13:20.059+0900] {subprocess.py:93} INFO - logical_date => 2024-07-22 00:00:00
[2024-07-24T14:13:20.060+0900] {subprocess.py:93} INFO - execution_date => 2024-07-22 00:00:00+00:00
[2024-07-24T14:13:20.060+0900] {subprocess.py:93} INFO - execution_date => 2024-07-22 00:00:00
[2024-07-24T14:13:20.060+0900] {subprocess.py:93} INFO - next_execution_date => 2024-07-23 00:00:00
[2024-07-24T14:13:20.060+0900] {subprocess.py:93} INFO - prev_execution_date => 2024-07-21 00:00:00
[2024-07-24T14:13:20.060+0900] {subprocess.py:93} INFO - ts => 2024-07-22T00:00:00+00:00
[2024-07-24T14:13:20.060+0900] {subprocess.py:97} INFO - Command exited with return code 0
[2024-07-24T14:13:20.061+0900] {taskinstance.py:441} INFO - ::group::Post task execution logs
[2024-07-24T14:13:20.067+0900] {taskinstance.py:1206} INFO - Marking task as SUCCESS. dag_id=simple_bash, task_id=print.date, run_id=scheduled__2024-07-22T00:00:00+00:00, execution_date=20240722T000000, start_date=20240724T051319, end_date=20240724T051320
[2024-07-24T14:13:20.110+0900] {local_task_job_runner.py:243} INFO - Task exited with return code 0
[2024-07-24T14:13:20.119+0900] {taskinstance.py:3503} INFO - 1 downstream tasks scheduled from follow-on schedule check
[2024-07-24T14:13:20.120+0900] {local_task_job_runner.py:222} INFO - ::endgroup::
[2024-07-24T14:33:26.002+0900] {local_task_job_runner.py:120} INFO - ::group::Pre task execution logs
[2024-07-24T14:33:26.010+0900] {taskinstance.py:2076} INFO - Dependencies all met for dep_context=non-requeueable deps ti=<TaskInstance: simple_bash.print.date scheduled__2024-07-22T00:00:00+00:00 [queued]>
[2024-07-24T14:33:26.012+0900] {taskinstance.py:2076} INFO - Dependencies all met for dep_context=requeueable deps ti=<TaskInstance: simple_bash.print.date scheduled__2024-07-22T00:00:00+00:00 [queued]>
[2024-07-24T14:33:26.013+0900] {taskinstance.py:2306} INFO - Starting attempt 2 of 2
[2024-07-24T14:33:26.016+0900] {taskinstance.py:2330} INFO - Executing <Task(BashOperator): print.date> on 2024-07-22 00:00:00+00:00
[2024-07-24T14:33:26.019+0900] {standard_task_runner.py:64} INFO - Started process 92269 to run task
[2024-07-24T14:33:26.021+0900] {standard_task_runner.py:90} INFO - Running: ['airflow', 'tasks', 'run', 'simple_bash', 'print.date', 'scheduled__2024-07-22T00:00:00+00:00', '--job-id', '162', '--raw', '--subdir', 'DAGS_FOLDER/simple_bash.py', '--cfg-path', '/var/folders/qv/0knwm5h50ml0skpppwpbks_r0000gp/T/tmpvlpr_px4']
[2024-07-24T14:33:26.022+0900] {standard_task_runner.py:91} INFO - Job 162: Subtask print.date
[2024-07-24T14:33:26.036+0900] {task_command.py:426} INFO - Running <TaskInstance: simple_bash.print.date scheduled__2024-07-22T00:00:00+00:00 [running]> on host jeongui-MacBookPro.local
[2024-07-24T14:33:26.052+0900] {logging_mixin.py:188} WARNING - /Users/DE32/.pyenv/versions/3.11.9/envs/note/lib/python3.11/site-packages/airflow/utils/context.py:212 AirflowContextDeprecationWarning: Accessing 'execution_date' from the template is deprecated and will be removed in a future version. Please use 'data_interval_start' or 'logical_date' instead.
[2024-07-24T14:33:26.053+0900] {logging_mixin.py:188} WARNING - /Users/DE32/.pyenv/versions/3.11.9/envs/note/lib/python3.11/site-packages/airflow/utils/context.py:212 AirflowContextDeprecationWarning: Accessing 'next_execution_date' from the template is deprecated and will be removed in a future version. Please use 'data_interval_end' instead.
[2024-07-24T14:33:26.053+0900] {logging_mixin.py:188} WARNING - /Users/DE32/.pyenv/versions/3.11.9/envs/note/lib/python3.11/site-packages/airflow/utils/context.py:212 AirflowContextDeprecationWarning: Accessing 'prev_execution_date' from the template is deprecated and will be removed in a future version.
[2024-07-24T14:33:26.061+0900] {taskinstance.py:2648} INFO - Exporting env vars: AIRFLOW_CTX_DAG_OWNER='airflow' AIRFLOW_CTX_DAG_ID='simple_bash' AIRFLOW_CTX_TASK_ID='print.date' AIRFLOW_CTX_EXECUTION_DATE='2024-07-22T00:00:00+00:00' AIRFLOW_CTX_TRY_NUMBER='2' AIRFLOW_CTX_DAG_RUN_ID='scheduled__2024-07-22T00:00:00+00:00'
[2024-07-24T14:33:26.062+0900] {taskinstance.py:430} INFO - ::endgroup::
[2024-07-24T14:33:26.067+0900] {subprocess.py:63} INFO - Tmp dir root location: /var/folders/qv/0knwm5h50ml0skpppwpbks_r0000gp/T
[2024-07-24T14:33:26.068+0900] {subprocess.py:75} INFO - Running command: ['/bin/bash', '-c', '\n            echo "date => `date`"\n            echo "ds => 2024-07-22"\n            echo "ds_nodash => 20240722"\n            echo "logical_date => 2024-07-22 00:00:00+00:00"\n            echo "logical_date => 2024-07-22 00:00:00"\n            echo "execution_date => 2024-07-22 00:00:00+00:00"\n            echo "execution_date => 2024-07-22 00:00:00"\n            echo "next_execution_date => 2024-07-23 00:00:00"\n            echo "prev_execution_date => 2024-07-21 00:00:00"\n            echo "ts => 2024-07-22T00:00:00+00:00"\n        ']
[2024-07-24T14:33:26.071+0900] {subprocess.py:86} INFO - Output:
[2024-07-24T14:33:26.074+0900] {subprocess.py:93} INFO - date => 2024년 7월 24일 수요일 14시 33분 26초 KST
[2024-07-24T14:33:26.074+0900] {subprocess.py:93} INFO - ds => 2024-07-22
[2024-07-24T14:33:26.074+0900] {subprocess.py:93} INFO - ds_nodash => 20240722
[2024-07-24T14:33:26.075+0900] {subprocess.py:93} INFO - logical_date => 2024-07-22 00:00:00+00:00
[2024-07-24T14:33:26.075+0900] {subprocess.py:93} INFO - logical_date => 2024-07-22 00:00:00
[2024-07-24T14:33:26.075+0900] {subprocess.py:93} INFO - execution_date => 2024-07-22 00:00:00+00:00
[2024-07-24T14:33:26.075+0900] {subprocess.py:93} INFO - execution_date => 2024-07-22 00:00:00
[2024-07-24T14:33:26.075+0900] {subprocess.py:93} INFO - next_execution_date => 2024-07-23 00:00:00
[2024-07-24T14:33:26.075+0900] {subprocess.py:93} INFO - prev_execution_date => 2024-07-21 00:00:00
[2024-07-24T14:33:26.075+0900] {subprocess.py:93} INFO - ts => 2024-07-22T00:00:00+00:00
[2024-07-24T14:33:26.076+0900] {subprocess.py:97} INFO - Command exited with return code 0
[2024-07-24T14:33:26.076+0900] {taskinstance.py:441} INFO - ::group::Post task execution logs
[2024-07-24T14:33:26.081+0900] {taskinstance.py:1206} INFO - Marking task as SUCCESS. dag_id=simple_bash, task_id=print.date, run_id=scheduled__2024-07-22T00:00:00+00:00, execution_date=20240722T000000, start_date=20240724T053326, end_date=20240724T053326
[2024-07-24T14:33:26.126+0900] {local_task_job_runner.py:243} INFO - Task exited with return code 0
[2024-07-24T14:33:26.136+0900] {taskinstance.py:3503} INFO - 1 downstream tasks scheduled from follow-on schedule check
[2024-07-24T14:33:26.136+0900] {local_task_job_runner.py:222} INFO - ::endgroup::
