[2024-07-24T12:44:37.346+0900] {local_task_job_runner.py:120} INFO - ::group::Pre task execution logs
[2024-07-24T12:44:37.353+0900] {taskinstance.py:2076} INFO - Dependencies all met for dep_context=non-requeueable deps ti=<TaskInstance: simple_bash.print.date scheduled__2024-07-22T00:00:00+00:00 [queued]>
[2024-07-24T12:44:37.355+0900] {taskinstance.py:2076} INFO - Dependencies all met for dep_context=requeueable deps ti=<TaskInstance: simple_bash.print.date scheduled__2024-07-22T00:00:00+00:00 [queued]>
[2024-07-24T12:44:37.355+0900] {taskinstance.py:2306} INFO - Starting attempt 1 of 6
[2024-07-24T12:44:37.359+0900] {taskinstance.py:2330} INFO - Executing <Task(BashOperator): print.date> on 2024-07-22 00:00:00+00:00
[2024-07-24T12:44:37.362+0900] {standard_task_runner.py:64} INFO - Started process 88752 to run task
[2024-07-24T12:44:37.364+0900] {standard_task_runner.py:90} INFO - Running: ['airflow', 'tasks', 'run', 'simple_bash', 'print.date', 'scheduled__2024-07-22T00:00:00+00:00', '--job-id', '6', '--raw', '--subdir', 'DAGS_FOLDER/simple_bash.py', '--cfg-path', '/var/folders/qv/0knwm5h50ml0skpppwpbks_r0000gp/T/tmppv44bao0']
[2024-07-24T12:44:37.365+0900] {standard_task_runner.py:91} INFO - Job 6: Subtask print.date
[2024-07-24T12:44:37.379+0900] {task_command.py:426} INFO - Running <TaskInstance: simple_bash.print.date scheduled__2024-07-22T00:00:00+00:00 [running]> on host jeongui-MacBookPro.local
[2024-07-24T12:44:37.395+0900] {logging_mixin.py:188} WARNING - /Users/DE32/.pyenv/versions/3.11.9/envs/note/lib/python3.11/site-packages/airflow/utils/context.py:212 AirflowContextDeprecationWarning: Accessing 'execution_date' from the template is deprecated and will be removed in a future version. Please use 'data_interval_start' or 'logical_date' instead.
[2024-07-24T12:44:37.396+0900] {logging_mixin.py:188} WARNING - /Users/DE32/.pyenv/versions/3.11.9/envs/note/lib/python3.11/site-packages/airflow/utils/context.py:212 AirflowContextDeprecationWarning: Accessing 'next_execution_date' from the template is deprecated and will be removed in a future version. Please use 'data_interval_end' instead.
[2024-07-24T12:44:37.396+0900] {logging_mixin.py:188} WARNING - /Users/DE32/.pyenv/versions/3.11.9/envs/note/lib/python3.11/site-packages/airflow/utils/context.py:212 AirflowContextDeprecationWarning: Accessing 'prev_execution_date' from the template is deprecated and will be removed in a future version.
[2024-07-24T12:44:37.404+0900] {taskinstance.py:2648} INFO - Exporting env vars: AIRFLOW_CTX_DAG_OWNER='airflow' AIRFLOW_CTX_DAG_ID='simple_bash' AIRFLOW_CTX_TASK_ID='print.date' AIRFLOW_CTX_EXECUTION_DATE='2024-07-22T00:00:00+00:00' AIRFLOW_CTX_TRY_NUMBER='1' AIRFLOW_CTX_DAG_RUN_ID='scheduled__2024-07-22T00:00:00+00:00'
[2024-07-24T12:44:37.404+0900] {taskinstance.py:430} INFO - ::endgroup::
[2024-07-24T12:44:37.410+0900] {subprocess.py:63} INFO - Tmp dir root location: /var/folders/qv/0knwm5h50ml0skpppwpbks_r0000gp/T
[2024-07-24T12:44:37.410+0900] {subprocess.py:75} INFO - Running command: ['/bin/bash', '-c', '\n            echo "date => `date`"\n            echo "ds => 2024-07-22"\n            echo "ds_nodash => 20240722"\n            echo "logical_date => 2024-07-22 00:00:00+00:00"\n            echo "logical_date => 2024-07-22 00:00:00"\n            echo "execution_date => 2024-07-22 00:00:00+00:00"\n            echo "execution_date => 2024-07-22 00:00:00"\n            echo "next_execution_date => 2024-07-23 00:00:00"\n            echo "prev_execution_date => 2024-07-21 00:00:00"\n            echo "ts => 2024-07-22T00:00:00+00:00"\n        ']
[2024-07-24T12:44:37.413+0900] {subprocess.py:86} INFO - Output:
[2024-07-24T12:44:37.417+0900] {subprocess.py:93} INFO - date => 2024년 7월 24일 수요일 12시 44분 37초 KST
[2024-07-24T12:44:37.417+0900] {subprocess.py:93} INFO - ds => 2024-07-22
[2024-07-24T12:44:37.417+0900] {subprocess.py:93} INFO - ds_nodash => 20240722
[2024-07-24T12:44:37.417+0900] {subprocess.py:93} INFO - logical_date => 2024-07-22 00:00:00+00:00
[2024-07-24T12:44:37.417+0900] {subprocess.py:93} INFO - logical_date => 2024-07-22 00:00:00
[2024-07-24T12:44:37.418+0900] {subprocess.py:93} INFO - execution_date => 2024-07-22 00:00:00+00:00
[2024-07-24T12:44:37.418+0900] {subprocess.py:93} INFO - execution_date => 2024-07-22 00:00:00
[2024-07-24T12:44:37.418+0900] {subprocess.py:93} INFO - next_execution_date => 2024-07-23 00:00:00
[2024-07-24T12:44:37.418+0900] {subprocess.py:93} INFO - prev_execution_date => 2024-07-21 00:00:00
[2024-07-24T12:44:37.418+0900] {subprocess.py:93} INFO - ts => 2024-07-22T00:00:00+00:00
[2024-07-24T12:44:37.418+0900] {subprocess.py:97} INFO - Command exited with return code 0
[2024-07-24T12:44:37.419+0900] {taskinstance.py:441} INFO - ::group::Post task execution logs
[2024-07-24T12:44:37.425+0900] {taskinstance.py:1206} INFO - Marking task as SUCCESS. dag_id=simple_bash, task_id=print.date, run_id=scheduled__2024-07-22T00:00:00+00:00, execution_date=20240722T000000, start_date=20240724T034437, end_date=20240724T034437
[2024-07-24T12:44:37.471+0900] {local_task_job_runner.py:243} INFO - Task exited with return code 0
[2024-07-24T12:44:37.480+0900] {taskinstance.py:3503} INFO - 1 downstream tasks scheduled from follow-on schedule check
[2024-07-24T12:44:37.480+0900] {local_task_job_runner.py:222} INFO - ::endgroup::
[2024-07-24T14:11:01.886+0900] {local_task_job_runner.py:120} INFO - ::group::Pre task execution logs
[2024-07-24T14:11:01.894+0900] {taskinstance.py:2076} INFO - Dependencies all met for dep_context=non-requeueable deps ti=<TaskInstance: simple_bash.print.date scheduled__2024-07-22T00:00:00+00:00 [queued]>
[2024-07-24T14:11:01.896+0900] {taskinstance.py:2076} INFO - Dependencies all met for dep_context=requeueable deps ti=<TaskInstance: simple_bash.print.date scheduled__2024-07-22T00:00:00+00:00 [queued]>
[2024-07-24T14:11:01.896+0900] {taskinstance.py:2306} INFO - Starting attempt 1 of 2
[2024-07-24T14:11:01.900+0900] {taskinstance.py:2330} INFO - Executing <Task(BashOperator): print.date> on 2024-07-22 00:00:00+00:00
[2024-07-24T14:11:01.903+0900] {standard_task_runner.py:64} INFO - Started process 89768 to run task
[2024-07-24T14:11:01.905+0900] {standard_task_runner.py:90} INFO - Running: ['airflow', 'tasks', 'run', 'simple_bash', 'print.date', 'scheduled__2024-07-22T00:00:00+00:00', '--job-id', '50', '--raw', '--subdir', 'DAGS_FOLDER/simple_bash.py', '--cfg-path', '/var/folders/qv/0knwm5h50ml0skpppwpbks_r0000gp/T/tmpz3j1x68k']
[2024-07-24T14:11:01.907+0900] {standard_task_runner.py:91} INFO - Job 50: Subtask print.date
[2024-07-24T14:11:01.921+0900] {task_command.py:426} INFO - Running <TaskInstance: simple_bash.print.date scheduled__2024-07-22T00:00:00+00:00 [running]> on host jeongui-MacBookPro.local
[2024-07-24T14:11:01.939+0900] {logging_mixin.py:188} WARNING - /Users/DE32/.pyenv/versions/3.11.9/envs/note/lib/python3.11/site-packages/airflow/utils/context.py:212 AirflowContextDeprecationWarning: Accessing 'execution_date' from the template is deprecated and will be removed in a future version. Please use 'data_interval_start' or 'logical_date' instead.
[2024-07-24T14:11:01.939+0900] {logging_mixin.py:188} WARNING - /Users/DE32/.pyenv/versions/3.11.9/envs/note/lib/python3.11/site-packages/airflow/utils/context.py:212 AirflowContextDeprecationWarning: Accessing 'next_execution_date' from the template is deprecated and will be removed in a future version. Please use 'data_interval_end' instead.
[2024-07-24T14:11:01.940+0900] {logging_mixin.py:188} WARNING - /Users/DE32/.pyenv/versions/3.11.9/envs/note/lib/python3.11/site-packages/airflow/utils/context.py:212 AirflowContextDeprecationWarning: Accessing 'prev_execution_date' from the template is deprecated and will be removed in a future version.
[2024-07-24T14:11:01.948+0900] {taskinstance.py:2648} INFO - Exporting env vars: AIRFLOW_CTX_DAG_OWNER='airflow' AIRFLOW_CTX_DAG_ID='simple_bash' AIRFLOW_CTX_TASK_ID='print.date' AIRFLOW_CTX_EXECUTION_DATE='2024-07-22T00:00:00+00:00' AIRFLOW_CTX_TRY_NUMBER='1' AIRFLOW_CTX_DAG_RUN_ID='scheduled__2024-07-22T00:00:00+00:00'
[2024-07-24T14:11:01.948+0900] {taskinstance.py:430} INFO - ::endgroup::
[2024-07-24T14:11:01.954+0900] {subprocess.py:63} INFO - Tmp dir root location: /var/folders/qv/0knwm5h50ml0skpppwpbks_r0000gp/T
[2024-07-24T14:11:01.955+0900] {subprocess.py:75} INFO - Running command: ['/bin/bash', '-c', '\n            echo "date => `date`"\n            echo "ds => 2024-07-22"\n            echo "ds_nodash => 20240722"\n            echo "logical_date => 2024-07-22 00:00:00+00:00"\n            echo "logical_date => 2024-07-22 00:00:00"\n            echo "execution_date => 2024-07-22 00:00:00+00:00"\n            echo "execution_date => 2024-07-22 00:00:00"\n            echo "next_execution_date => 2024-07-23 00:00:00"\n            echo "prev_execution_date => 2024-07-21 00:00:00"\n            echo "ts => 2024-07-22T00:00:00+00:00"\n        ']
[2024-07-24T14:11:01.958+0900] {subprocess.py:86} INFO - Output:
[2024-07-24T14:11:01.961+0900] {subprocess.py:93} INFO - date => 2024년 7월 24일 수요일 14시 11분 01초 KST
[2024-07-24T14:11:01.962+0900] {subprocess.py:93} INFO - ds => 2024-07-22
[2024-07-24T14:11:01.962+0900] {subprocess.py:93} INFO - ds_nodash => 20240722
[2024-07-24T14:11:01.962+0900] {subprocess.py:93} INFO - logical_date => 2024-07-22 00:00:00+00:00
[2024-07-24T14:11:01.962+0900] {subprocess.py:93} INFO - logical_date => 2024-07-22 00:00:00
[2024-07-24T14:11:01.962+0900] {subprocess.py:93} INFO - execution_date => 2024-07-22 00:00:00+00:00
[2024-07-24T14:11:01.963+0900] {subprocess.py:93} INFO - execution_date => 2024-07-22 00:00:00
[2024-07-24T14:11:01.963+0900] {subprocess.py:93} INFO - next_execution_date => 2024-07-23 00:00:00
[2024-07-24T14:11:01.963+0900] {subprocess.py:93} INFO - prev_execution_date => 2024-07-21 00:00:00
[2024-07-24T14:11:01.963+0900] {subprocess.py:93} INFO - ts => 2024-07-22T00:00:00+00:00
[2024-07-24T14:11:01.963+0900] {subprocess.py:97} INFO - Command exited with return code 0
[2024-07-24T14:11:01.963+0900] {taskinstance.py:441} INFO - ::group::Post task execution logs
[2024-07-24T14:11:01.970+0900] {taskinstance.py:1206} INFO - Marking task as SUCCESS. dag_id=simple_bash, task_id=print.date, run_id=scheduled__2024-07-22T00:00:00+00:00, execution_date=20240722T000000, start_date=20240724T051101, end_date=20240724T051101
[2024-07-24T14:11:02.010+0900] {local_task_job_runner.py:243} INFO - Task exited with return code 0
[2024-07-24T14:11:02.020+0900] {taskinstance.py:3503} INFO - 1 downstream tasks scheduled from follow-on schedule check
[2024-07-24T14:11:02.021+0900] {local_task_job_runner.py:222} INFO - ::endgroup::
[2024-07-24T14:23:02.532+0900] {local_task_job_runner.py:120} INFO - ::group::Pre task execution logs
[2024-07-24T14:23:02.540+0900] {taskinstance.py:2076} INFO - Dependencies all met for dep_context=non-requeueable deps ti=<TaskInstance: simple_bash.print.date scheduled__2024-07-22T00:00:00+00:00 [queued]>
[2024-07-24T14:23:02.542+0900] {taskinstance.py:2076} INFO - Dependencies all met for dep_context=requeueable deps ti=<TaskInstance: simple_bash.print.date scheduled__2024-07-22T00:00:00+00:00 [queued]>
[2024-07-24T14:23:02.542+0900] {taskinstance.py:2306} INFO - Starting attempt 1 of 1
[2024-07-24T14:23:02.546+0900] {taskinstance.py:2330} INFO - Executing <Task(BashOperator): print.date> on 2024-07-22 00:00:00+00:00
[2024-07-24T14:23:02.548+0900] {standard_task_runner.py:64} INFO - Started process 91155 to run task
[2024-07-24T14:23:02.551+0900] {standard_task_runner.py:90} INFO - Running: ['airflow', 'tasks', 'run', 'simple_bash', 'print.date', 'scheduled__2024-07-22T00:00:00+00:00', '--job-id', '144', '--raw', '--subdir', 'DAGS_FOLDER/simple_bash.py', '--cfg-path', '/var/folders/qv/0knwm5h50ml0skpppwpbks_r0000gp/T/tmpw0gju3wn']
[2024-07-24T14:23:02.552+0900] {standard_task_runner.py:91} INFO - Job 144: Subtask print.date
[2024-07-24T14:23:02.566+0900] {task_command.py:426} INFO - Running <TaskInstance: simple_bash.print.date scheduled__2024-07-22T00:00:00+00:00 [running]> on host jeongui-MacBookPro.local
[2024-07-24T14:23:02.583+0900] {logging_mixin.py:188} WARNING - /Users/DE32/.pyenv/versions/3.11.9/envs/note/lib/python3.11/site-packages/airflow/utils/context.py:212 AirflowContextDeprecationWarning: Accessing 'execution_date' from the template is deprecated and will be removed in a future version. Please use 'data_interval_start' or 'logical_date' instead.
[2024-07-24T14:23:02.583+0900] {logging_mixin.py:188} WARNING - /Users/DE32/.pyenv/versions/3.11.9/envs/note/lib/python3.11/site-packages/airflow/utils/context.py:212 AirflowContextDeprecationWarning: Accessing 'next_execution_date' from the template is deprecated and will be removed in a future version. Please use 'data_interval_end' instead.
[2024-07-24T14:23:02.584+0900] {logging_mixin.py:188} WARNING - /Users/DE32/.pyenv/versions/3.11.9/envs/note/lib/python3.11/site-packages/airflow/utils/context.py:212 AirflowContextDeprecationWarning: Accessing 'prev_execution_date' from the template is deprecated and will be removed in a future version.
[2024-07-24T14:23:02.592+0900] {taskinstance.py:2648} INFO - Exporting env vars: AIRFLOW_CTX_DAG_OWNER='airflow' AIRFLOW_CTX_DAG_ID='simple_bash' AIRFLOW_CTX_TASK_ID='print.date' AIRFLOW_CTX_EXECUTION_DATE='2024-07-22T00:00:00+00:00' AIRFLOW_CTX_TRY_NUMBER='1' AIRFLOW_CTX_DAG_RUN_ID='scheduled__2024-07-22T00:00:00+00:00'
[2024-07-24T14:23:02.592+0900] {taskinstance.py:430} INFO - ::endgroup::
[2024-07-24T14:23:02.598+0900] {subprocess.py:63} INFO - Tmp dir root location: /var/folders/qv/0knwm5h50ml0skpppwpbks_r0000gp/T
[2024-07-24T14:23:02.599+0900] {subprocess.py:75} INFO - Running command: ['/bin/bash', '-c', '\n            echo "date => `date`"\n            echo "ds => 2024-07-22"\n            echo "ds_nodash => 20240722"\n            echo "logical_date => 2024-07-22 00:00:00+00:00"\n            echo "logical_date => 2024-07-22 00:00:00"\n            echo "execution_date => 2024-07-22 00:00:00+00:00"\n            echo "execution_date => 2024-07-22 00:00:00"\n            echo "next_execution_date => 2024-07-23 00:00:00"\n            echo "prev_execution_date => 2024-07-21 00:00:00"\n            echo "ts => 2024-07-22T00:00:00+00:00"\n        ']
[2024-07-24T14:23:02.602+0900] {subprocess.py:86} INFO - Output:
[2024-07-24T14:23:02.606+0900] {subprocess.py:93} INFO - date => 2024년 7월 24일 수요일 14시 23분 02초 KST
[2024-07-24T14:23:02.607+0900] {subprocess.py:93} INFO - ds => 2024-07-22
[2024-07-24T14:23:02.607+0900] {subprocess.py:93} INFO - ds_nodash => 20240722
[2024-07-24T14:23:02.607+0900] {subprocess.py:93} INFO - logical_date => 2024-07-22 00:00:00+00:00
[2024-07-24T14:23:02.607+0900] {subprocess.py:93} INFO - logical_date => 2024-07-22 00:00:00
[2024-07-24T14:23:02.607+0900] {subprocess.py:93} INFO - execution_date => 2024-07-22 00:00:00+00:00
[2024-07-24T14:23:02.607+0900] {subprocess.py:93} INFO - execution_date => 2024-07-22 00:00:00
[2024-07-24T14:23:02.608+0900] {subprocess.py:93} INFO - next_execution_date => 2024-07-23 00:00:00
[2024-07-24T14:23:02.608+0900] {subprocess.py:93} INFO - prev_execution_date => 2024-07-21 00:00:00
[2024-07-24T14:23:02.608+0900] {subprocess.py:93} INFO - ts => 2024-07-22T00:00:00+00:00
[2024-07-24T14:23:02.608+0900] {subprocess.py:97} INFO - Command exited with return code 0
[2024-07-24T14:23:02.608+0900] {taskinstance.py:441} INFO - ::group::Post task execution logs
[2024-07-24T14:23:02.615+0900] {taskinstance.py:1206} INFO - Marking task as SUCCESS. dag_id=simple_bash, task_id=print.date, run_id=scheduled__2024-07-22T00:00:00+00:00, execution_date=20240722T000000, start_date=20240724T052302, end_date=20240724T052302
[2024-07-24T14:23:02.654+0900] {local_task_job_runner.py:243} INFO - Task exited with return code 0
[2024-07-24T14:23:02.664+0900] {taskinstance.py:3503} INFO - 1 downstream tasks scheduled from follow-on schedule check
[2024-07-24T14:23:02.665+0900] {local_task_job_runner.py:222} INFO - ::endgroup::
