[2024-07-31T10:02:10.197+0900] {local_task_job_runner.py:120} INFO - ::group::Pre task execution logs
[2024-07-31T10:02:10.213+0900] {taskinstance.py:2076} INFO - Dependencies all met for dep_context=non-requeueable deps ti=<TaskInstance: movie.get.data scheduled__2024-07-25T02:10:00+00:00 [queued]>
[2024-07-31T10:02:10.216+0900] {taskinstance.py:2076} INFO - Dependencies all met for dep_context=requeueable deps ti=<TaskInstance: movie.get.data scheduled__2024-07-25T02:10:00+00:00 [queued]>
[2024-07-31T10:02:10.217+0900] {taskinstance.py:2306} INFO - Starting attempt 1 of 2
[2024-07-31T10:02:10.222+0900] {taskinstance.py:2330} INFO - Executing <Task(PythonVirtualenvOperator): get.data> on 2024-07-25 02:10:00+00:00
[2024-07-31T10:02:10.224+0900] {standard_task_runner.py:64} INFO - Started process 7379 to run task
[2024-07-31T10:02:10.227+0900] {standard_task_runner.py:90} INFO - Running: ['airflow', 'tasks', 'run', 'movie', 'get.data', 'scheduled__2024-07-25T02:10:00+00:00', '--job-id', '681', '--raw', '--subdir', 'DAGS_FOLDER/movie.py', '--cfg-path', '/var/folders/qv/0knwm5h50ml0skpppwpbks_r0000gp/T/tmpxgat380e']
[2024-07-31T10:02:10.228+0900] {standard_task_runner.py:91} INFO - Job 681: Subtask get.data
[2024-07-31T10:02:10.242+0900] {task_command.py:426} INFO - Running <TaskInstance: movie.get.data scheduled__2024-07-25T02:10:00+00:00 [running]> on host jeongui-MacBookPro.local
[2024-07-31T10:02:10.263+0900] {taskinstance.py:2648} INFO - Exporting env vars: AIRFLOW_CTX_DAG_OWNER='airflow' AIRFLOW_CTX_DAG_ID='movie' AIRFLOW_CTX_TASK_ID='get.data' AIRFLOW_CTX_EXECUTION_DATE='2024-07-25T02:10:00+00:00' AIRFLOW_CTX_TRY_NUMBER='1' AIRFLOW_CTX_DAG_RUN_ID='scheduled__2024-07-25T02:10:00+00:00'
[2024-07-31T10:02:10.263+0900] {taskinstance.py:430} INFO - ::endgroup::
[2024-07-31T10:02:10.268+0900] {baseoperator.py:400} WARNING - PythonVirtualenvOperator.execute cannot be called outside TaskInstance!
[2024-07-31T10:02:10.269+0900] {process_utils.py:183} INFO - Executing cmd: /Users/DE32/.pyenv/versions/3.11.9/envs/note/bin/python -m virtualenv /var/folders/qv/0knwm5h50ml0skpppwpbks_r0000gp/T/venv8vbpkx0c --python=python
[2024-07-31T10:02:10.271+0900] {process_utils.py:187} INFO - Output:
[2024-07-31T10:02:10.518+0900] {process_utils.py:191} INFO - created virtual environment CPython3.11.9.final.0-64 in 182ms
[2024-07-31T10:02:10.518+0900] {process_utils.py:191} INFO -   creator CPython3Posix(dest=/private/var/folders/qv/0knwm5h50ml0skpppwpbks_r0000gp/T/venv8vbpkx0c, clear=False, no_vcs_ignore=False, global=False)
[2024-07-31T10:02:10.519+0900] {process_utils.py:191} INFO -   seeder FromAppData(download=False, pip=bundle, setuptools=bundle, wheel=bundle, via=copy, app_data_dir=/Users/DE32/Library/Application Support/virtualenv)
[2024-07-31T10:02:10.519+0900] {process_utils.py:191} INFO -     added seed packages: pip==24.1.2, setuptools==70.2.0, wheel==0.43.0
[2024-07-31T10:02:10.519+0900] {process_utils.py:191} INFO -   activators BashActivator,CShellActivator,FishActivator,NushellActivator,PowerShellActivator,PythonActivator
[2024-07-31T10:02:10.530+0900] {process_utils.py:183} INFO - Executing cmd: /var/folders/qv/0knwm5h50ml0skpppwpbks_r0000gp/T/venv8vbpkx0c/bin/pip install -r /var/folders/qv/0knwm5h50ml0skpppwpbks_r0000gp/T/venv8vbpkx0c/requirements.txt
[2024-07-31T10:02:10.532+0900] {process_utils.py:187} INFO - Output:
[2024-07-31T10:02:11.264+0900] {process_utils.py:191} INFO - Collecting git+https://github.com/Jeonghoon2/movie.git@0.2/api (from -r /var/folders/qv/0knwm5h50ml0skpppwpbks_r0000gp/T/venv8vbpkx0c/requirements.txt (line 1))
[2024-07-31T10:02:11.264+0900] {process_utils.py:191} INFO -   Cloning https://github.com/Jeonghoon2/movie.git (to revision 0.2/api) to /private/var/folders/qv/0knwm5h50ml0skpppwpbks_r0000gp/T/pip-req-build-9s7redi1
[2024-07-31T10:02:11.275+0900] {process_utils.py:191} INFO -   Running command git clone --filter=blob:none --quiet https://github.com/Jeonghoon2/movie.git /private/var/folders/qv/0knwm5h50ml0skpppwpbks_r0000gp/T/pip-req-build-9s7redi1
[2024-07-31T10:02:12.696+0900] {process_utils.py:191} INFO -   Running command git checkout -b 0.2/api --track origin/0.2/api
[2024-07-31T10:02:13.460+0900] {process_utils.py:191} INFO -   Switched to a new branch '0.2/api'
[2024-07-31T10:02:13.461+0900] {process_utils.py:191} INFO -   branch '0.2/api' set up to track 'origin/0.2/api'.
[2024-07-31T10:02:13.461+0900] {process_utils.py:191} INFO -   Resolved https://github.com/Jeonghoon2/movie.git to commit 514cfb45f6fa577ee07d4fa2076f9283780af81e
[2024-07-31T10:02:13.483+0900] {process_utils.py:191} INFO -   Installing build dependencies: started
[2024-07-31T10:02:14.403+0900] {process_utils.py:191} INFO -   Installing build dependencies: finished with status 'done'
[2024-07-31T10:02:14.404+0900] {process_utils.py:191} INFO -   Getting requirements to build wheel: started
[2024-07-31T10:02:14.527+0900] {process_utils.py:191} INFO -   Getting requirements to build wheel: finished with status 'done'
[2024-07-31T10:02:14.528+0900] {process_utils.py:191} INFO -   Preparing metadata (pyproject.toml): started
[2024-07-31T10:02:14.651+0900] {process_utils.py:191} INFO -   Preparing metadata (pyproject.toml): finished with status 'done'
[2024-07-31T10:02:14.770+0900] {process_utils.py:191} INFO - Collecting requests>=2.32.3 (from mov==0.1.0->-r /var/folders/qv/0knwm5h50ml0skpppwpbks_r0000gp/T/venv8vbpkx0c/requirements.txt (line 1))
[2024-07-31T10:02:14.771+0900] {process_utils.py:191} INFO -   Using cached requests-2.32.3-py3-none-any.whl.metadata (4.6 kB)
[2024-07-31T10:02:14.838+0900] {process_utils.py:191} INFO - Collecting pandas>=2.2.2 (from mov==0.1.0->-r /var/folders/qv/0knwm5h50ml0skpppwpbks_r0000gp/T/venv8vbpkx0c/requirements.txt (line 1))
[2024-07-31T10:02:14.839+0900] {process_utils.py:191} INFO -   Using cached pandas-2.2.2-cp311-cp311-macosx_11_0_arm64.whl.metadata (19 kB)
[2024-07-31T10:02:14.953+0900] {process_utils.py:191} INFO - Collecting numpy>=2.0.1 (from mov==0.1.0->-r /var/folders/qv/0knwm5h50ml0skpppwpbks_r0000gp/T/venv8vbpkx0c/requirements.txt (line 1))
[2024-07-31T10:02:14.954+0900] {process_utils.py:191} INFO -   Using cached numpy-2.0.1-cp311-cp311-macosx_14_0_arm64.whl.metadata (60 kB)
[2024-07-31T10:02:15.028+0900] {process_utils.py:191} INFO - Collecting pyarrow>=17.0.0 (from mov==0.1.0->-r /var/folders/qv/0knwm5h50ml0skpppwpbks_r0000gp/T/venv8vbpkx0c/requirements.txt (line 1))
[2024-07-31T10:02:15.029+0900] {process_utils.py:191} INFO -   Using cached pyarrow-17.0.0-cp311-cp311-macosx_11_0_arm64.whl.metadata (3.3 kB)
[2024-07-31T10:02:15.054+0900] {process_utils.py:191} INFO - Collecting python-dateutil>=2.8.2 (from pandas>=2.2.2->mov==0.1.0->-r /var/folders/qv/0knwm5h50ml0skpppwpbks_r0000gp/T/venv8vbpkx0c/requirements.txt (line 1))
[2024-07-31T10:02:15.055+0900] {process_utils.py:191} INFO -   Using cached python_dateutil-2.9.0.post0-py2.py3-none-any.whl.metadata (8.4 kB)
[2024-07-31T10:02:15.107+0900] {process_utils.py:191} INFO - Collecting pytz>=2020.1 (from pandas>=2.2.2->mov==0.1.0->-r /var/folders/qv/0knwm5h50ml0skpppwpbks_r0000gp/T/venv8vbpkx0c/requirements.txt (line 1))
[2024-07-31T10:02:15.108+0900] {process_utils.py:191} INFO -   Using cached pytz-2024.1-py2.py3-none-any.whl.metadata (22 kB)
[2024-07-31T10:02:15.124+0900] {process_utils.py:191} INFO - Collecting tzdata>=2022.7 (from pandas>=2.2.2->mov==0.1.0->-r /var/folders/qv/0knwm5h50ml0skpppwpbks_r0000gp/T/venv8vbpkx0c/requirements.txt (line 1))
[2024-07-31T10:02:15.125+0900] {process_utils.py:191} INFO -   Using cached tzdata-2024.1-py2.py3-none-any.whl.metadata (1.4 kB)
[2024-07-31T10:02:15.189+0900] {process_utils.py:191} INFO - Collecting charset-normalizer<4,>=2 (from requests>=2.32.3->mov==0.1.0->-r /var/folders/qv/0knwm5h50ml0skpppwpbks_r0000gp/T/venv8vbpkx0c/requirements.txt (line 1))
[2024-07-31T10:02:15.189+0900] {process_utils.py:191} INFO -   Using cached charset_normalizer-3.3.2-cp311-cp311-macosx_11_0_arm64.whl.metadata (33 kB)
[2024-07-31T10:02:15.208+0900] {process_utils.py:191} INFO - Collecting idna<4,>=2.5 (from requests>=2.32.3->mov==0.1.0->-r /var/folders/qv/0knwm5h50ml0skpppwpbks_r0000gp/T/venv8vbpkx0c/requirements.txt (line 1))
[2024-07-31T10:02:15.209+0900] {process_utils.py:191} INFO -   Using cached idna-3.7-py3-none-any.whl.metadata (9.9 kB)
[2024-07-31T10:02:15.238+0900] {process_utils.py:191} INFO - Collecting urllib3<3,>=1.21.1 (from requests>=2.32.3->mov==0.1.0->-r /var/folders/qv/0knwm5h50ml0skpppwpbks_r0000gp/T/venv8vbpkx0c/requirements.txt (line 1))
[2024-07-31T10:02:15.239+0900] {process_utils.py:191} INFO -   Using cached urllib3-2.2.2-py3-none-any.whl.metadata (6.4 kB)
[2024-07-31T10:02:15.271+0900] {process_utils.py:191} INFO - Collecting certifi>=2017.4.17 (from requests>=2.32.3->mov==0.1.0->-r /var/folders/qv/0knwm5h50ml0skpppwpbks_r0000gp/T/venv8vbpkx0c/requirements.txt (line 1))
[2024-07-31T10:02:15.272+0900] {process_utils.py:191} INFO -   Using cached certifi-2024.7.4-py3-none-any.whl.metadata (2.2 kB)
[2024-07-31T10:02:15.287+0900] {process_utils.py:191} INFO - Collecting six>=1.5 (from python-dateutil>=2.8.2->pandas>=2.2.2->mov==0.1.0->-r /var/folders/qv/0knwm5h50ml0skpppwpbks_r0000gp/T/venv8vbpkx0c/requirements.txt (line 1))
[2024-07-31T10:02:15.288+0900] {process_utils.py:191} INFO -   Using cached six-1.16.0-py2.py3-none-any.whl.metadata (1.8 kB)
[2024-07-31T10:02:15.291+0900] {process_utils.py:191} INFO - Using cached numpy-2.0.1-cp311-cp311-macosx_14_0_arm64.whl (5.3 MB)
[2024-07-31T10:02:15.297+0900] {process_utils.py:191} INFO - Using cached pandas-2.2.2-cp311-cp311-macosx_11_0_arm64.whl (11.3 MB)
[2024-07-31T10:02:15.309+0900] {process_utils.py:191} INFO - Using cached pyarrow-17.0.0-cp311-cp311-macosx_11_0_arm64.whl (27.2 MB)
[2024-07-31T10:02:15.336+0900] {process_utils.py:191} INFO - Using cached requests-2.32.3-py3-none-any.whl (64 kB)
[2024-07-31T10:02:15.336+0900] {process_utils.py:191} INFO - Using cached certifi-2024.7.4-py3-none-any.whl (162 kB)
[2024-07-31T10:02:15.337+0900] {process_utils.py:191} INFO - Using cached charset_normalizer-3.3.2-cp311-cp311-macosx_11_0_arm64.whl (118 kB)
[2024-07-31T10:02:15.338+0900] {process_utils.py:191} INFO - Using cached idna-3.7-py3-none-any.whl (66 kB)
[2024-07-31T10:02:15.339+0900] {process_utils.py:191} INFO - Using cached python_dateutil-2.9.0.post0-py2.py3-none-any.whl (229 kB)
[2024-07-31T10:02:15.340+0900] {process_utils.py:191} INFO - Using cached pytz-2024.1-py2.py3-none-any.whl (505 kB)
[2024-07-31T10:02:15.342+0900] {process_utils.py:191} INFO - Using cached tzdata-2024.1-py2.py3-none-any.whl (345 kB)
[2024-07-31T10:02:15.343+0900] {process_utils.py:191} INFO - Using cached urllib3-2.2.2-py3-none-any.whl (121 kB)
[2024-07-31T10:02:15.344+0900] {process_utils.py:191} INFO - Using cached six-1.16.0-py2.py3-none-any.whl (11 kB)
[2024-07-31T10:02:15.385+0900] {process_utils.py:191} INFO - Building wheels for collected packages: mov
[2024-07-31T10:02:15.398+0900] {process_utils.py:191} INFO -   Building wheel for mov (pyproject.toml): started
[2024-07-31T10:02:15.532+0900] {process_utils.py:191} INFO -   Building wheel for mov (pyproject.toml): finished with status 'done'
[2024-07-31T10:02:15.533+0900] {process_utils.py:191} INFO -   Created wheel for mov: filename=mov-0.1.0-py3-none-any.whl size=3017 sha256=66f606fd217d6ac7805d5a062c0e6e18d999cb89eacdb541182cb216debfb6bb
[2024-07-31T10:02:15.533+0900] {process_utils.py:191} INFO -   Stored in directory: /private/var/folders/qv/0knwm5h50ml0skpppwpbks_r0000gp/T/pip-ephem-wheel-cache-50mg_fha/wheels/cf/ab/a7/d0c528d20fa8a5f19e169bdf1d98f2b2cefe79d8527bb89200
[2024-07-31T10:02:15.535+0900] {process_utils.py:191} INFO - Successfully built mov
[2024-07-31T10:02:15.562+0900] {process_utils.py:191} INFO - Installing collected packages: pytz, urllib3, tzdata, six, numpy, idna, charset-normalizer, certifi, requests, python-dateutil, pyarrow, pandas, mov
[2024-07-31T10:02:20.055+0900] {process_utils.py:191} INFO - Successfully installed certifi-2024.7.4 charset-normalizer-3.3.2 idna-3.7 mov-0.1.0 numpy-2.0.1 pandas-2.2.2 pyarrow-17.0.0 python-dateutil-2.9.0.post0 pytz-2024.1 requests-2.32.3 six-1.16.0 tzdata-2024.1 urllib3-2.2.2
[2024-07-31T10:02:20.058+0900] {process_utils.py:191} INFO - 
[2024-07-31T10:02:20.058+0900] {process_utils.py:191} INFO - [notice] A new release of pip is available: 24.1.2 -> 24.2
[2024-07-31T10:02:20.058+0900] {process_utils.py:191} INFO - [notice] To update, run: python -m pip install --upgrade pip
[2024-07-31T10:02:20.187+0900] {process_utils.py:183} INFO - Executing cmd: /var/folders/qv/0knwm5h50ml0skpppwpbks_r0000gp/T/venv8vbpkx0c/bin/python /var/folders/qv/0knwm5h50ml0skpppwpbks_r0000gp/T/venv-callq7j6tpx1/script.py /var/folders/qv/0knwm5h50ml0skpppwpbks_r0000gp/T/venv-callq7j6tpx1/script.in /var/folders/qv/0knwm5h50ml0skpppwpbks_r0000gp/T/venv-callq7j6tpx1/script.out /var/folders/qv/0knwm5h50ml0skpppwpbks_r0000gp/T/venv-callq7j6tpx1/string_args.txt /var/folders/qv/0knwm5h50ml0skpppwpbks_r0000gp/T/venv-callq7j6tpx1/termination.log
[2024-07-31T10:02:20.189+0900] {process_utils.py:187} INFO - Output:
[2024-07-31T10:02:34.949+0900] {process_utils.py:191} INFO - {'boxOfficeResult': {'boxofficeType': '일별 박스오피스', 'showRange': '20240725~20240725', 'dailyBoxOfficeList': [{'rnum': '1', 'rank': '1', 'rankInten': '0', 'rankOldAndNew': 'OLD', 'movieCd': '20247781', 'movieNm': '데드풀과 울버린', 'openDt': '2024-07-24', 'salesAmt': '1344445878', 'salesShare': '46.8', 'salesInten': '-1012444419', 'salesChange': '-43', 'salesAcc': '3729131175', 'audiCnt': '131665', 'audiInten': '-98461', 'audiChange': '-42.8', 'audiAcc': '363426', 'scrnCnt': '1908', 'showCnt': '8054'}, {'rnum': '2', 'rank': '2', 'rankInten': '0', 'rankOldAndNew': 'OLD', 'movieCd': '20247440', 'movieNm': '슈퍼배드 4', 'openDt': '2024-07-24', 'salesAmt': '483981249', 'salesShare': '16.9', 'salesInten': '-180006940', 'salesChange': '-27.1', 'salesAcc': '2155987776', 'audiCnt': '53655', 'audiInten': '-19690', 'audiChange': '-26.8', 'audiAcc': '231946', 'scrnCnt': '997', 'showCnt': '3750'}, {'rnum': '3', 'rank': '3', 'rankInten': '0', 'rankOldAndNew': 'OLD', 'movieCd': '20212932', 'movieNm': '탈주', 'openDt': '2024-07-03', 'salesAmt': '317669651', 'salesShare': '11.1', 'salesInten': '-18247944', 'salesChange': '-5.4', 'salesAcc': '19650284180', 'audiCnt': '34225', 'audiInten': '-1499', 'audiChange': '-4.2', 'audiAcc': '2074632', 'scrnCnt': '884', 'showCnt': '2222'}, {'rnum': '4', 'rank': '4', 'rankInten': '1', 'rankOldAndNew': 'OLD', 'movieCd': '20235974', 'movieNm': '인사이드 아웃 2', 'openDt': '2024-06-12', 'salesAmt': '191810106', 'salesShare': '6.7', 'salesInten': '27746483', 'salesChange': '16.9', 'salesAcc': '78378465964', 'audiCnt': '20542', 'audiInten': '3083', 'audiChange': '17.7', 'audiAcc': '8151939', 'scrnCnt': '639', 'showCnt': '1191'}, {'rnum': '5', 'rank': '5', 'rankInten': '-1', 'rankOldAndNew': 'OLD', 'movieCd': '20240983', 'movieNm': '명탐정 코난: 100만 달러의 펜타그램', 'openDt': '2024-07-17', 'salesAmt': '180717774', 'salesShare': '6.3', 'salesInten': '-109841213', 'salesChange': '-37.8', 'salesAcc': '4776943053', 'audiCnt': '19378', 'audiInten': '-12440', 'audiChange': '-39.1', 'audiAcc': '484329', 'scrnCnt': '620', 'showCnt': '1246'}, {'rnum': '6', 'rank': '6', 'rankInten': '0', 'rankOldAndNew': 'OLD', 'movieCd': '20208245', 'movieNm': '핸섬가이즈', 'openDt': '2024-06-26', 'salesAmt': '95425447', 'salesShare': '3.3', 'salesInten': '1490585', 'salesChange': '1.6', 'salesAcc': '15444874815', 'audiCnt': '10198', 'audiInten': '-25', 'audiChange': '-0.2', 'audiAcc': '1653947', 'scrnCnt': '550', 'showCnt': '924'}, {'rnum': '7', 'rank': '7', 'rankInten': '0', 'rankOldAndNew': 'OLD', 'movieCd': '20208911', 'movieNm': '탈출: 프로젝트 사일런스', 'openDt': '2024-07-12', 'salesAmt': '56477314', 'salesShare': '2.0', 'salesInten': '-5011237', 'salesChange': '-8.1', 'salesAcc': '6334190309', 'audiCnt': '5965', 'audiInten': '-770', 'audiChange': '-11.4', 'audiAcc': '649657', 'scrnCnt': '413', 'showCnt': '625'}, {'rnum': '8', 'rank': '8', 'rankInten': '9', 'rankOldAndNew': 'OLD', 'movieCd': '20241343', 'movieNm': '우마무스메 프리티 더비 새로운 시대의 문', 'openDt': '2024-07-11', 'salesAmt': '32392771', 'salesShare': '1.1', 'salesInten': '27766571', 'salesChange': '600.2', 'salesAcc': '396228587', 'audiCnt': '3251', 'audiInten': '2818', 'audiChange': '650.8', 'audiAcc': '36810', 'scrnCnt': '77', 'showCnt': '93'}, {'rnum': '9', 'rank': '9', 'rankInten': '1', 'rankOldAndNew': 'OLD', 'movieCd': '20224666', 'movieNm': '파일럿', 'openDt': '2024-07-31', 'salesAmt': '20152000', 'salesShare': '0.7', 'salesInten': '5494000', 'salesChange': '37.5', 'salesAcc': '268750000', 'audiCnt': '2274', 'audiInten': '420', 'audiChange': '22.7', 'audiAcc': '28484', 'scrnCnt': '10', 'showCnt': '14'}, {'rnum': '10', 'rank': '10', 'rankInten': '-1', 'rankOldAndNew': 'OLD', 'movieCd': '20248465', 'movieNm': '하이재킹', 'openDt': '2024-06-21', 'salesAmt': '18582373', 'salesShare': '0.6', 'salesInten': '748878', 'salesChange': '4.2', 'salesAcc': '16724456634', 'audiCnt': '2037', 'audiInten': '82', 'audiChange': '4.2', 'audiAcc': '1760743', 'scrnCnt': '155', 'showCnt': '189'}]}}
[2024-07-31T10:02:34.950+0900] {process_utils.py:191} INFO -   rnum rank rankInten rankOldAndNew  ...  audiAcc scrnCnt showCnt   load_dt
[2024-07-31T10:02:34.950+0900] {process_utils.py:191} INFO - 0    1    1         0           OLD  ...   363426    1908    8054  20240725
[2024-07-31T10:02:34.950+0900] {process_utils.py:191} INFO - 1    2    2         0           OLD  ...   231946     997    3750  20240725
[2024-07-31T10:02:34.951+0900] {process_utils.py:191} INFO - 2    3    3         0           OLD  ...  2074632     884    2222  20240725
[2024-07-31T10:02:34.951+0900] {process_utils.py:191} INFO - 3    4    4         1           OLD  ...  8151939     639    1191  20240725
[2024-07-31T10:02:34.951+0900] {process_utils.py:191} INFO - 4    5    5        -1           OLD  ...   484329     620    1246  20240725
[2024-07-31T10:02:34.951+0900] {process_utils.py:191} INFO - 
[2024-07-31T10:02:34.951+0900] {process_utils.py:191} INFO - [5 rows x 19 columns]
[2024-07-31T10:02:34.951+0900] {process_utils.py:191} INFO -   rnum rank rankInten rankOldAndNew  ...  audiAcc scrnCnt showCnt   load_dt
[2024-07-31T10:02:34.952+0900] {process_utils.py:191} INFO - 0    1    1         0           OLD  ...   363426    1908    8054  20240725
[2024-07-31T10:02:34.952+0900] {process_utils.py:191} INFO - 1    2    2         0           OLD  ...   231946     997    3750  20240725
[2024-07-31T10:02:34.952+0900] {process_utils.py:191} INFO - 2    3    3         0           OLD  ...  2074632     884    2222  20240725
[2024-07-31T10:02:34.953+0900] {process_utils.py:191} INFO - 3    4    4         1           OLD  ...  8151939     639    1191  20240725
[2024-07-31T10:02:34.953+0900] {process_utils.py:191} INFO - 4    5    5        -1           OLD  ...   484329     620    1246  20240725
[2024-07-31T10:02:34.954+0900] {process_utils.py:191} INFO - 
[2024-07-31T10:02:34.954+0900] {process_utils.py:191} INFO - [5 rows x 19 columns]
[2024-07-31T10:02:35.386+0900] {python.py:237} INFO - Done. Returned value was: None
[2024-07-31T10:02:35.386+0900] {taskinstance.py:441} INFO - ::group::Post task execution logs
[2024-07-31T10:02:35.389+0900] {taskinstance.py:1206} INFO - Marking task as SUCCESS. dag_id=movie, task_id=get.data, run_id=scheduled__2024-07-25T02:10:00+00:00, execution_date=20240725T021000, start_date=20240731T010210, end_date=20240731T010235
[2024-07-31T10:02:35.401+0900] {local_task_job_runner.py:243} INFO - Task exited with return code 0
[2024-07-31T10:02:35.410+0900] {taskinstance.py:3503} INFO - 1 downstream tasks scheduled from follow-on schedule check
[2024-07-31T10:02:35.410+0900] {local_task_job_runner.py:222} INFO - ::endgroup::
[2024-07-31T16:31:30.500+0900] {local_task_job_runner.py:120} INFO - ::group::Pre task execution logs
[2024-07-31T16:31:30.513+0900] {taskinstance.py:2076} INFO - Dependencies all met for dep_context=non-requeueable deps ti=<TaskInstance: movie.get.data scheduled__2024-07-25T02:10:00+00:00 [queued]>
[2024-07-31T16:31:30.516+0900] {taskinstance.py:2076} INFO - Dependencies all met for dep_context=requeueable deps ti=<TaskInstance: movie.get.data scheduled__2024-07-25T02:10:00+00:00 [queued]>
[2024-07-31T16:31:30.516+0900] {taskinstance.py:2306} INFO - Starting attempt 1 of 2
[2024-07-31T16:31:30.523+0900] {taskinstance.py:2330} INFO - Executing <Task(PythonVirtualenvOperator): get.data> on 2024-07-25 02:10:00+00:00
[2024-07-31T16:31:30.526+0900] {standard_task_runner.py:64} INFO - Started process 18994 to run task
[2024-07-31T16:31:30.528+0900] {standard_task_runner.py:90} INFO - Running: ['airflow', 'tasks', 'run', 'movie', 'get.data', 'scheduled__2024-07-25T02:10:00+00:00', '--job-id', '791', '--raw', '--subdir', 'DAGS_FOLDER/movie.py', '--cfg-path', '/var/folders/qv/0knwm5h50ml0skpppwpbks_r0000gp/T/tmpo8b71s2x']
[2024-07-31T16:31:30.530+0900] {standard_task_runner.py:91} INFO - Job 791: Subtask get.data
[2024-07-31T16:31:30.545+0900] {task_command.py:426} INFO - Running <TaskInstance: movie.get.data scheduled__2024-07-25T02:10:00+00:00 [running]> on host jeongui-MacBookPro.local
[2024-07-31T16:31:30.564+0900] {taskinstance.py:2648} INFO - Exporting env vars: AIRFLOW_CTX_DAG_OWNER='airflow' AIRFLOW_CTX_DAG_ID='movie' AIRFLOW_CTX_TASK_ID='get.data' AIRFLOW_CTX_EXECUTION_DATE='2024-07-25T02:10:00+00:00' AIRFLOW_CTX_TRY_NUMBER='1' AIRFLOW_CTX_DAG_RUN_ID='scheduled__2024-07-25T02:10:00+00:00'
[2024-07-31T16:31:30.564+0900] {taskinstance.py:430} INFO - ::endgroup::
[2024-07-31T16:31:30.569+0900] {baseoperator.py:400} WARNING - PythonVirtualenvOperator.execute cannot be called outside TaskInstance!
[2024-07-31T16:31:30.570+0900] {process_utils.py:183} INFO - Executing cmd: /Users/DE32/.pyenv/versions/3.11.9/envs/note/bin/python -m virtualenv /var/folders/qv/0knwm5h50ml0skpppwpbks_r0000gp/T/venvnq8jrmr_ --python=python
[2024-07-31T16:31:30.572+0900] {process_utils.py:187} INFO - Output:
[2024-07-31T16:31:30.747+0900] {process_utils.py:191} INFO - created virtual environment CPython3.11.9.final.0-64 in 117ms
[2024-07-31T16:31:30.747+0900] {process_utils.py:191} INFO -   creator CPython3Posix(dest=/private/var/folders/qv/0knwm5h50ml0skpppwpbks_r0000gp/T/venvnq8jrmr_, clear=False, no_vcs_ignore=False, global=False)
[2024-07-31T16:31:30.748+0900] {process_utils.py:191} INFO -   seeder FromAppData(download=False, pip=bundle, setuptools=bundle, wheel=bundle, via=copy, app_data_dir=/Users/DE32/Library/Application Support/virtualenv)
[2024-07-31T16:31:30.748+0900] {process_utils.py:191} INFO -     added seed packages: pip==24.1.2, setuptools==70.2.0, wheel==0.43.0
[2024-07-31T16:31:30.748+0900] {process_utils.py:191} INFO -   activators BashActivator,CShellActivator,FishActivator,NushellActivator,PowerShellActivator,PythonActivator
[2024-07-31T16:31:30.759+0900] {process_utils.py:183} INFO - Executing cmd: /var/folders/qv/0knwm5h50ml0skpppwpbks_r0000gp/T/venvnq8jrmr_/bin/pip install -r /var/folders/qv/0knwm5h50ml0skpppwpbks_r0000gp/T/venvnq8jrmr_/requirements.txt
[2024-07-31T16:31:30.761+0900] {process_utils.py:187} INFO - Output:
[2024-07-31T16:31:31.569+0900] {process_utils.py:191} INFO - Collecting git+https://github.com/Jeonghoon2/movie.git@0.2/api (from -r /var/folders/qv/0knwm5h50ml0skpppwpbks_r0000gp/T/venvnq8jrmr_/requirements.txt (line 1))
[2024-07-31T16:31:31.570+0900] {process_utils.py:191} INFO -   Cloning https://github.com/Jeonghoon2/movie.git (to revision 0.2/api) to /private/var/folders/qv/0knwm5h50ml0skpppwpbks_r0000gp/T/pip-req-build-3n01ixqe
[2024-07-31T16:31:31.581+0900] {process_utils.py:191} INFO -   Running command git clone --filter=blob:none --quiet https://github.com/Jeonghoon2/movie.git /private/var/folders/qv/0knwm5h50ml0skpppwpbks_r0000gp/T/pip-req-build-3n01ixqe
[2024-07-31T16:31:33.130+0900] {process_utils.py:191} INFO -   Running command git checkout -b 0.2/api --track origin/0.2/api
[2024-07-31T16:31:33.708+0900] {process_utils.py:191} INFO -   Switched to a new branch '0.2/api'
[2024-07-31T16:31:33.708+0900] {process_utils.py:191} INFO -   branch '0.2/api' set up to track 'origin/0.2/api'.
[2024-07-31T16:31:33.709+0900] {process_utils.py:191} INFO -   Resolved https://github.com/Jeonghoon2/movie.git to commit 34de3b5e993ea074744539373447116355ac95da
[2024-07-31T16:31:33.730+0900] {process_utils.py:191} INFO -   Installing build dependencies: started
[2024-07-31T16:31:34.622+0900] {process_utils.py:191} INFO -   Installing build dependencies: finished with status 'done'
[2024-07-31T16:31:34.623+0900] {process_utils.py:191} INFO -   Getting requirements to build wheel: started
[2024-07-31T16:31:34.745+0900] {process_utils.py:191} INFO -   Getting requirements to build wheel: finished with status 'done'
[2024-07-31T16:31:34.746+0900] {process_utils.py:191} INFO -   Preparing metadata (pyproject.toml): started
[2024-07-31T16:31:34.869+0900] {process_utils.py:191} INFO -   Preparing metadata (pyproject.toml): finished with status 'done'
[2024-07-31T16:31:34.930+0900] {process_utils.py:191} INFO - Collecting requests>=2.32.3 (from mov==0.1.0->-r /var/folders/qv/0knwm5h50ml0skpppwpbks_r0000gp/T/venvnq8jrmr_/requirements.txt (line 1))
[2024-07-31T16:31:34.931+0900] {process_utils.py:191} INFO -   Using cached requests-2.32.3-py3-none-any.whl.metadata (4.6 kB)
[2024-07-31T16:31:34.996+0900] {process_utils.py:191} INFO - Collecting pandas>=2.2.2 (from mov==0.1.0->-r /var/folders/qv/0knwm5h50ml0skpppwpbks_r0000gp/T/venvnq8jrmr_/requirements.txt (line 1))
[2024-07-31T16:31:34.997+0900] {process_utils.py:191} INFO -   Using cached pandas-2.2.2-cp311-cp311-macosx_11_0_arm64.whl.metadata (19 kB)
[2024-07-31T16:31:35.095+0900] {process_utils.py:191} INFO - Collecting numpy>=2.0.1 (from mov==0.1.0->-r /var/folders/qv/0knwm5h50ml0skpppwpbks_r0000gp/T/venvnq8jrmr_/requirements.txt (line 1))
[2024-07-31T16:31:35.096+0900] {process_utils.py:191} INFO -   Using cached numpy-2.0.1-cp311-cp311-macosx_14_0_arm64.whl.metadata (60 kB)
[2024-07-31T16:31:35.145+0900] {process_utils.py:191} INFO - Collecting pyarrow>=17.0.0 (from mov==0.1.0->-r /var/folders/qv/0knwm5h50ml0skpppwpbks_r0000gp/T/venvnq8jrmr_/requirements.txt (line 1))
[2024-07-31T16:31:35.146+0900] {process_utils.py:191} INFO -   Using cached pyarrow-17.0.0-cp311-cp311-macosx_11_0_arm64.whl.metadata (3.3 kB)
[2024-07-31T16:31:35.167+0900] {process_utils.py:191} INFO - Collecting python-dateutil>=2.8.2 (from pandas>=2.2.2->mov==0.1.0->-r /var/folders/qv/0knwm5h50ml0skpppwpbks_r0000gp/T/venvnq8jrmr_/requirements.txt (line 1))
[2024-07-31T16:31:35.167+0900] {process_utils.py:191} INFO -   Using cached python_dateutil-2.9.0.post0-py2.py3-none-any.whl.metadata (8.4 kB)
[2024-07-31T16:31:35.204+0900] {process_utils.py:191} INFO - Collecting pytz>=2020.1 (from pandas>=2.2.2->mov==0.1.0->-r /var/folders/qv/0knwm5h50ml0skpppwpbks_r0000gp/T/venvnq8jrmr_/requirements.txt (line 1))
[2024-07-31T16:31:35.205+0900] {process_utils.py:191} INFO -   Using cached pytz-2024.1-py2.py3-none-any.whl.metadata (22 kB)
[2024-07-31T16:31:35.221+0900] {process_utils.py:191} INFO - Collecting tzdata>=2022.7 (from pandas>=2.2.2->mov==0.1.0->-r /var/folders/qv/0knwm5h50ml0skpppwpbks_r0000gp/T/venvnq8jrmr_/requirements.txt (line 1))
[2024-07-31T16:31:35.221+0900] {process_utils.py:191} INFO -   Using cached tzdata-2024.1-py2.py3-none-any.whl.metadata (1.4 kB)
[2024-07-31T16:31:35.266+0900] {process_utils.py:191} INFO - Collecting charset-normalizer<4,>=2 (from requests>=2.32.3->mov==0.1.0->-r /var/folders/qv/0knwm5h50ml0skpppwpbks_r0000gp/T/venvnq8jrmr_/requirements.txt (line 1))
[2024-07-31T16:31:35.267+0900] {process_utils.py:191} INFO -   Using cached charset_normalizer-3.3.2-cp311-cp311-macosx_11_0_arm64.whl.metadata (33 kB)
[2024-07-31T16:31:35.280+0900] {process_utils.py:191} INFO - Collecting idna<4,>=2.5 (from requests>=2.32.3->mov==0.1.0->-r /var/folders/qv/0knwm5h50ml0skpppwpbks_r0000gp/T/venvnq8jrmr_/requirements.txt (line 1))
[2024-07-31T16:31:35.281+0900] {process_utils.py:191} INFO -   Using cached idna-3.7-py3-none-any.whl.metadata (9.9 kB)
[2024-07-31T16:31:35.309+0900] {process_utils.py:191} INFO - Collecting urllib3<3,>=1.21.1 (from requests>=2.32.3->mov==0.1.0->-r /var/folders/qv/0knwm5h50ml0skpppwpbks_r0000gp/T/venvnq8jrmr_/requirements.txt (line 1))
[2024-07-31T16:31:35.310+0900] {process_utils.py:191} INFO -   Using cached urllib3-2.2.2-py3-none-any.whl.metadata (6.4 kB)
[2024-07-31T16:31:35.325+0900] {process_utils.py:191} INFO - Collecting certifi>=2017.4.17 (from requests>=2.32.3->mov==0.1.0->-r /var/folders/qv/0knwm5h50ml0skpppwpbks_r0000gp/T/venvnq8jrmr_/requirements.txt (line 1))
[2024-07-31T16:31:35.326+0900] {process_utils.py:191} INFO -   Using cached certifi-2024.7.4-py3-none-any.whl.metadata (2.2 kB)
[2024-07-31T16:31:35.349+0900] {process_utils.py:191} INFO - Collecting six>=1.5 (from python-dateutil>=2.8.2->pandas>=2.2.2->mov==0.1.0->-r /var/folders/qv/0knwm5h50ml0skpppwpbks_r0000gp/T/venvnq8jrmr_/requirements.txt (line 1))
[2024-07-31T16:31:35.350+0900] {process_utils.py:191} INFO -   Using cached six-1.16.0-py2.py3-none-any.whl.metadata (1.8 kB)
[2024-07-31T16:31:35.354+0900] {process_utils.py:191} INFO - Using cached numpy-2.0.1-cp311-cp311-macosx_14_0_arm64.whl (5.3 MB)
[2024-07-31T16:31:35.360+0900] {process_utils.py:191} INFO - Using cached pandas-2.2.2-cp311-cp311-macosx_11_0_arm64.whl (11.3 MB)
[2024-07-31T16:31:35.371+0900] {process_utils.py:191} INFO - Using cached pyarrow-17.0.0-cp311-cp311-macosx_11_0_arm64.whl (27.2 MB)
[2024-07-31T16:31:35.411+0900] {process_utils.py:191} INFO - Using cached requests-2.32.3-py3-none-any.whl (64 kB)
[2024-07-31T16:31:35.412+0900] {process_utils.py:191} INFO - Using cached certifi-2024.7.4-py3-none-any.whl (162 kB)
[2024-07-31T16:31:35.413+0900] {process_utils.py:191} INFO - Using cached charset_normalizer-3.3.2-cp311-cp311-macosx_11_0_arm64.whl (118 kB)
[2024-07-31T16:31:35.414+0900] {process_utils.py:191} INFO - Using cached idna-3.7-py3-none-any.whl (66 kB)
[2024-07-31T16:31:35.415+0900] {process_utils.py:191} INFO - Using cached python_dateutil-2.9.0.post0-py2.py3-none-any.whl (229 kB)
[2024-07-31T16:31:35.416+0900] {process_utils.py:191} INFO - Using cached pytz-2024.1-py2.py3-none-any.whl (505 kB)
[2024-07-31T16:31:35.417+0900] {process_utils.py:191} INFO - Using cached tzdata-2024.1-py2.py3-none-any.whl (345 kB)
[2024-07-31T16:31:35.418+0900] {process_utils.py:191} INFO - Using cached urllib3-2.2.2-py3-none-any.whl (121 kB)
[2024-07-31T16:31:35.419+0900] {process_utils.py:191} INFO - Using cached six-1.16.0-py2.py3-none-any.whl (11 kB)
[2024-07-31T16:31:35.461+0900] {process_utils.py:191} INFO - Building wheels for collected packages: mov
[2024-07-31T16:31:35.473+0900] {process_utils.py:191} INFO -   Building wheel for mov (pyproject.toml): started
[2024-07-31T16:31:35.609+0900] {process_utils.py:191} INFO -   Building wheel for mov (pyproject.toml): finished with status 'done'
[2024-07-31T16:31:35.610+0900] {process_utils.py:191} INFO -   Created wheel for mov: filename=mov-0.1.0-py3-none-any.whl size=3035 sha256=bc3191dc8680bc6d4e383799095fa617f22bd1e7a6a0ffaaaedb61520f931b25
[2024-07-31T16:31:35.610+0900] {process_utils.py:191} INFO -   Stored in directory: /private/var/folders/qv/0knwm5h50ml0skpppwpbks_r0000gp/T/pip-ephem-wheel-cache-l813mpb8/wheels/cf/ab/a7/d0c528d20fa8a5f19e169bdf1d98f2b2cefe79d8527bb89200
[2024-07-31T16:31:35.611+0900] {process_utils.py:191} INFO - Successfully built mov
[2024-07-31T16:31:35.638+0900] {process_utils.py:191} INFO - Installing collected packages: pytz, urllib3, tzdata, six, numpy, idna, charset-normalizer, certifi, requests, python-dateutil, pyarrow, pandas, mov
[2024-07-31T16:31:40.079+0900] {process_utils.py:191} INFO - Successfully installed certifi-2024.7.4 charset-normalizer-3.3.2 idna-3.7 mov-0.1.0 numpy-2.0.1 pandas-2.2.2 pyarrow-17.0.0 python-dateutil-2.9.0.post0 pytz-2024.1 requests-2.32.3 six-1.16.0 tzdata-2024.1 urllib3-2.2.2
[2024-07-31T16:31:40.082+0900] {process_utils.py:191} INFO - 
[2024-07-31T16:31:40.083+0900] {process_utils.py:191} INFO - [notice] A new release of pip is available: 24.1.2 -> 24.2
[2024-07-31T16:31:40.083+0900] {process_utils.py:191} INFO - [notice] To update, run: python -m pip install --upgrade pip
[2024-07-31T16:31:40.212+0900] {process_utils.py:183} INFO - Executing cmd: /var/folders/qv/0knwm5h50ml0skpppwpbks_r0000gp/T/venvnq8jrmr_/bin/python /var/folders/qv/0knwm5h50ml0skpppwpbks_r0000gp/T/venv-callppw8zqrb/script.py /var/folders/qv/0knwm5h50ml0skpppwpbks_r0000gp/T/venv-callppw8zqrb/script.in /var/folders/qv/0knwm5h50ml0skpppwpbks_r0000gp/T/venv-callppw8zqrb/script.out /var/folders/qv/0knwm5h50ml0skpppwpbks_r0000gp/T/venv-callppw8zqrb/string_args.txt /var/folders/qv/0knwm5h50ml0skpppwpbks_r0000gp/T/venv-callppw8zqrb/termination.log
[2024-07-31T16:31:40.214+0900] {process_utils.py:187} INFO - Output:
[2024-07-31T16:31:55.398+0900] {process_utils.py:191} INFO - {'boxOfficeResult': {'boxofficeType': '일별 박스오피스', 'showRange': '20240725~20240725', 'dailyBoxOfficeList': [{'rnum': '1', 'rank': '1', 'rankInten': '0', 'rankOldAndNew': 'OLD', 'movieCd': '20247781', 'movieNm': '데드풀과 울버린', 'openDt': '2024-07-24', 'salesAmt': '1344445878', 'salesShare': '46.8', 'salesInten': '-1012444419', 'salesChange': '-43', 'salesAcc': '3729131175', 'audiCnt': '131665', 'audiInten': '-98461', 'audiChange': '-42.8', 'audiAcc': '363426', 'scrnCnt': '1908', 'showCnt': '8054'}, {'rnum': '2', 'rank': '2', 'rankInten': '0', 'rankOldAndNew': 'OLD', 'movieCd': '20247440', 'movieNm': '슈퍼배드 4', 'openDt': '2024-07-24', 'salesAmt': '483981249', 'salesShare': '16.9', 'salesInten': '-180006940', 'salesChange': '-27.1', 'salesAcc': '2155987776', 'audiCnt': '53655', 'audiInten': '-19690', 'audiChange': '-26.8', 'audiAcc': '231946', 'scrnCnt': '997', 'showCnt': '3750'}, {'rnum': '3', 'rank': '3', 'rankInten': '0', 'rankOldAndNew': 'OLD', 'movieCd': '20212932', 'movieNm': '탈주', 'openDt': '2024-07-03', 'salesAmt': '317669651', 'salesShare': '11.1', 'salesInten': '-18247944', 'salesChange': '-5.4', 'salesAcc': '19650284180', 'audiCnt': '34225', 'audiInten': '-1499', 'audiChange': '-4.2', 'audiAcc': '2074632', 'scrnCnt': '884', 'showCnt': '2222'}, {'rnum': '4', 'rank': '4', 'rankInten': '1', 'rankOldAndNew': 'OLD', 'movieCd': '20235974', 'movieNm': '인사이드 아웃 2', 'openDt': '2024-06-12', 'salesAmt': '191810106', 'salesShare': '6.7', 'salesInten': '27746483', 'salesChange': '16.9', 'salesAcc': '78378437964', 'audiCnt': '20542', 'audiInten': '3083', 'audiChange': '17.7', 'audiAcc': '8151936', 'scrnCnt': '639', 'showCnt': '1191'}, {'rnum': '5', 'rank': '5', 'rankInten': '-1', 'rankOldAndNew': 'OLD', 'movieCd': '20240983', 'movieNm': '명탐정 코난: 100만 달러의 펜타그램', 'openDt': '2024-07-17', 'salesAmt': '180717774', 'salesShare': '6.3', 'salesInten': '-109841213', 'salesChange': '-37.8', 'salesAcc': '4776943053', 'audiCnt': '19378', 'audiInten': '-12440', 'audiChange': '-39.1', 'audiAcc': '484329', 'scrnCnt': '620', 'showCnt': '1246'}, {'rnum': '6', 'rank': '6', 'rankInten': '0', 'rankOldAndNew': 'OLD', 'movieCd': '20208245', 'movieNm': '핸섬가이즈', 'openDt': '2024-06-26', 'salesAmt': '95425447', 'salesShare': '3.3', 'salesInten': '1490585', 'salesChange': '1.6', 'salesAcc': '15445531815', 'audiCnt': '10198', 'audiInten': '-25', 'audiChange': '-0.2', 'audiAcc': '1654034', 'scrnCnt': '550', 'showCnt': '924'}, {'rnum': '7', 'rank': '7', 'rankInten': '0', 'rankOldAndNew': 'OLD', 'movieCd': '20208911', 'movieNm': '탈출: 프로젝트 사일런스', 'openDt': '2024-07-12', 'salesAmt': '56477314', 'salesShare': '2.0', 'salesInten': '-5011237', 'salesChange': '-8.1', 'salesAcc': '6334190309', 'audiCnt': '5965', 'audiInten': '-770', 'audiChange': '-11.4', 'audiAcc': '649657', 'scrnCnt': '413', 'showCnt': '625'}, {'rnum': '8', 'rank': '8', 'rankInten': '9', 'rankOldAndNew': 'OLD', 'movieCd': '20241343', 'movieNm': '우마무스메 프리티 더비 새로운 시대의 문', 'openDt': '2024-07-11', 'salesAmt': '32392771', 'salesShare': '1.1', 'salesInten': '27766571', 'salesChange': '600.2', 'salesAcc': '396228587', 'audiCnt': '3251', 'audiInten': '2818', 'audiChange': '650.8', 'audiAcc': '36810', 'scrnCnt': '77', 'showCnt': '93'}, {'rnum': '9', 'rank': '9', 'rankInten': '1', 'rankOldAndNew': 'OLD', 'movieCd': '20224666', 'movieNm': '파일럿', 'openDt': '2024-07-31', 'salesAmt': '20152000', 'salesShare': '0.7', 'salesInten': '5494000', 'salesChange': '37.5', 'salesAcc': '268750000', 'audiCnt': '2274', 'audiInten': '420', 'audiChange': '22.7', 'audiAcc': '28484', 'scrnCnt': '10', 'showCnt': '14'}, {'rnum': '10', 'rank': '10', 'rankInten': '-1', 'rankOldAndNew': 'OLD', 'movieCd': '20248465', 'movieNm': '하이재킹', 'openDt': '2024-06-21', 'salesAmt': '18582373', 'salesShare': '0.6', 'salesInten': '748878', 'salesChange': '4.2', 'salesAcc': '16724456634', 'audiCnt': '2037', 'audiInten': '82', 'audiChange': '4.2', 'audiAcc': '1760743', 'scrnCnt': '155', 'showCnt': '189'}]}}
[2024-07-31T16:31:55.399+0900] {process_utils.py:191} INFO -   rnum rank rankInten rankOldAndNew  ...  audiAcc scrnCnt showCnt   load_dt
[2024-07-31T16:31:55.399+0900] {process_utils.py:191} INFO - 0    1    1         0           OLD  ...   363426    1908    8054  20240725
[2024-07-31T16:31:55.400+0900] {process_utils.py:191} INFO - 1    2    2         0           OLD  ...   231946     997    3750  20240725
[2024-07-31T16:31:55.400+0900] {process_utils.py:191} INFO - 2    3    3         0           OLD  ...  2074632     884    2222  20240725
[2024-07-31T16:31:55.400+0900] {process_utils.py:191} INFO - 3    4    4         1           OLD  ...  8151936     639    1191  20240725
[2024-07-31T16:31:55.401+0900] {process_utils.py:191} INFO - 4    5    5        -1           OLD  ...   484329     620    1246  20240725
[2024-07-31T16:31:55.401+0900] {process_utils.py:191} INFO - 
[2024-07-31T16:31:55.401+0900] {process_utils.py:191} INFO - [5 rows x 19 columns]
[2024-07-31T16:31:55.402+0900] {process_utils.py:191} INFO -   rnum rank rankInten rankOldAndNew  ...  audiAcc scrnCnt showCnt   load_dt
[2024-07-31T16:31:55.402+0900] {process_utils.py:191} INFO - 0    1    1         0           OLD  ...   363426    1908    8054  20240725
[2024-07-31T16:31:55.402+0900] {process_utils.py:191} INFO - 1    2    2         0           OLD  ...   231946     997    3750  20240725
[2024-07-31T16:31:55.403+0900] {process_utils.py:191} INFO - 2    3    3         0           OLD  ...  2074632     884    2222  20240725
[2024-07-31T16:31:55.403+0900] {process_utils.py:191} INFO - 3    4    4         1           OLD  ...  8151936     639    1191  20240725
[2024-07-31T16:31:55.404+0900] {process_utils.py:191} INFO - 4    5    5        -1           OLD  ...   484329     620    1246  20240725
[2024-07-31T16:31:55.404+0900] {process_utils.py:191} INFO - 
[2024-07-31T16:31:55.404+0900] {process_utils.py:191} INFO - [5 rows x 19 columns]
[2024-07-31T16:31:55.846+0900] {python.py:237} INFO - Done. Returned value was: None
[2024-07-31T16:31:55.846+0900] {taskinstance.py:441} INFO - ::group::Post task execution logs
[2024-07-31T16:31:55.850+0900] {taskinstance.py:1206} INFO - Marking task as SUCCESS. dag_id=movie, task_id=get.data, run_id=scheduled__2024-07-25T02:10:00+00:00, execution_date=20240725T021000, start_date=20240731T073130, end_date=20240731T073155
[2024-07-31T16:31:55.894+0900] {local_task_job_runner.py:243} INFO - Task exited with return code 0
[2024-07-31T16:31:55.901+0900] {taskinstance.py:3503} INFO - 0 downstream tasks scheduled from follow-on schedule check
[2024-07-31T16:31:55.901+0900] {local_task_job_runner.py:222} INFO - ::endgroup::
