[2024-07-31T10:30:43.915+0900] {local_task_job_runner.py:120} INFO - ::group::Pre task execution logs
[2024-07-31T10:30:43.930+0900] {taskinstance.py:2076} INFO - Dependencies all met for dep_context=non-requeueable deps ti=<TaskInstance: movie.get.data scheduled__2024-07-25T02:10:00+00:00 [queued]>
[2024-07-31T10:30:43.934+0900] {taskinstance.py:2076} INFO - Dependencies all met for dep_context=requeueable deps ti=<TaskInstance: movie.get.data scheduled__2024-07-25T02:10:00+00:00 [queued]>
[2024-07-31T10:30:43.934+0900] {taskinstance.py:2306} INFO - Starting attempt 2 of 3
[2024-07-31T10:30:43.940+0900] {taskinstance.py:2330} INFO - Executing <Task(PythonVirtualenvOperator): get.data> on 2024-07-25 02:10:00+00:00
[2024-07-31T10:30:43.943+0900] {standard_task_runner.py:64} INFO - Started process 9273 to run task
[2024-07-31T10:30:43.945+0900] {standard_task_runner.py:90} INFO - Running: ['airflow', 'tasks', 'run', 'movie', 'get.data', 'scheduled__2024-07-25T02:10:00+00:00', '--job-id', '686', '--raw', '--subdir', 'DAGS_FOLDER/movie.py', '--cfg-path', '/var/folders/qv/0knwm5h50ml0skpppwpbks_r0000gp/T/tmp1v3vtd5p']
[2024-07-31T10:30:43.947+0900] {standard_task_runner.py:91} INFO - Job 686: Subtask get.data
[2024-07-31T10:30:43.962+0900] {task_command.py:426} INFO - Running <TaskInstance: movie.get.data scheduled__2024-07-25T02:10:00+00:00 [running]> on host jeongui-MacBookPro.local
[2024-07-31T10:30:43.982+0900] {taskinstance.py:2648} INFO - Exporting env vars: AIRFLOW_CTX_DAG_OWNER='airflow' AIRFLOW_CTX_DAG_ID='movie' AIRFLOW_CTX_TASK_ID='get.data' AIRFLOW_CTX_EXECUTION_DATE='2024-07-25T02:10:00+00:00' AIRFLOW_CTX_TRY_NUMBER='2' AIRFLOW_CTX_DAG_RUN_ID='scheduled__2024-07-25T02:10:00+00:00'
[2024-07-31T10:30:43.983+0900] {taskinstance.py:430} INFO - ::endgroup::
[2024-07-31T10:30:43.987+0900] {baseoperator.py:400} WARNING - PythonVirtualenvOperator.execute cannot be called outside TaskInstance!
[2024-07-31T10:30:43.988+0900] {process_utils.py:183} INFO - Executing cmd: /Users/DE32/.pyenv/versions/3.11.9/envs/note/bin/python -m virtualenv /var/folders/qv/0knwm5h50ml0skpppwpbks_r0000gp/T/venvqyx3fo__ --python=python
[2024-07-31T10:30:43.990+0900] {process_utils.py:187} INFO - Output:
[2024-07-31T10:30:44.221+0900] {process_utils.py:191} INFO - created virtual environment CPython3.11.9.final.0-64 in 164ms
[2024-07-31T10:30:44.221+0900] {process_utils.py:191} INFO -   creator CPython3Posix(dest=/private/var/folders/qv/0knwm5h50ml0skpppwpbks_r0000gp/T/venvqyx3fo__, clear=False, no_vcs_ignore=False, global=False)
[2024-07-31T10:30:44.221+0900] {process_utils.py:191} INFO -   seeder FromAppData(download=False, pip=bundle, setuptools=bundle, wheel=bundle, via=copy, app_data_dir=/Users/DE32/Library/Application Support/virtualenv)
[2024-07-31T10:30:44.221+0900] {process_utils.py:191} INFO -     added seed packages: pip==24.1.2, setuptools==70.2.0, wheel==0.43.0
[2024-07-31T10:30:44.222+0900] {process_utils.py:191} INFO -   activators BashActivator,CShellActivator,FishActivator,NushellActivator,PowerShellActivator,PythonActivator
[2024-07-31T10:30:44.232+0900] {process_utils.py:183} INFO - Executing cmd: /var/folders/qv/0knwm5h50ml0skpppwpbks_r0000gp/T/venvqyx3fo__/bin/pip install -r /var/folders/qv/0knwm5h50ml0skpppwpbks_r0000gp/T/venvqyx3fo__/requirements.txt
[2024-07-31T10:30:44.234+0900] {process_utils.py:187} INFO - Output:
[2024-07-31T10:30:45.088+0900] {process_utils.py:191} INFO - Collecting git+https://github.com/Jeonghoon2/movie.git@0.2/api (from -r /var/folders/qv/0knwm5h50ml0skpppwpbks_r0000gp/T/venvqyx3fo__/requirements.txt (line 1))
[2024-07-31T10:30:45.088+0900] {process_utils.py:191} INFO -   Cloning https://github.com/Jeonghoon2/movie.git (to revision 0.2/api) to /private/var/folders/qv/0knwm5h50ml0skpppwpbks_r0000gp/T/pip-req-build-6vbab6zm
[2024-07-31T10:30:45.099+0900] {process_utils.py:191} INFO -   Running command git clone --filter=blob:none --quiet https://github.com/Jeonghoon2/movie.git /private/var/folders/qv/0knwm5h50ml0skpppwpbks_r0000gp/T/pip-req-build-6vbab6zm
[2024-07-31T10:30:46.421+0900] {process_utils.py:191} INFO -   Running command git checkout -b 0.2/api --track origin/0.2/api
[2024-07-31T10:30:47.064+0900] {process_utils.py:191} INFO -   Switched to a new branch '0.2/api'
[2024-07-31T10:30:47.065+0900] {process_utils.py:191} INFO -   branch '0.2/api' set up to track 'origin/0.2/api'.
[2024-07-31T10:30:47.065+0900] {process_utils.py:191} INFO -   Resolved https://github.com/Jeonghoon2/movie.git to commit 514cfb45f6fa577ee07d4fa2076f9283780af81e
[2024-07-31T10:30:47.087+0900] {process_utils.py:191} INFO -   Installing build dependencies: started
[2024-07-31T10:30:48.090+0900] {process_utils.py:191} INFO -   Installing build dependencies: finished with status 'done'
[2024-07-31T10:30:48.091+0900] {process_utils.py:191} INFO -   Getting requirements to build wheel: started
[2024-07-31T10:30:48.220+0900] {process_utils.py:191} INFO -   Getting requirements to build wheel: finished with status 'done'
[2024-07-31T10:30:48.222+0900] {process_utils.py:191} INFO -   Preparing metadata (pyproject.toml): started
[2024-07-31T10:30:48.347+0900] {process_utils.py:191} INFO -   Preparing metadata (pyproject.toml): finished with status 'done'
[2024-07-31T10:30:48.429+0900] {process_utils.py:191} INFO - Collecting requests>=2.32.3 (from mov==0.1.0->-r /var/folders/qv/0knwm5h50ml0skpppwpbks_r0000gp/T/venvqyx3fo__/requirements.txt (line 1))
[2024-07-31T10:30:48.430+0900] {process_utils.py:191} INFO -   Using cached requests-2.32.3-py3-none-any.whl.metadata (4.6 kB)
[2024-07-31T10:30:48.674+0900] {process_utils.py:191} INFO - Collecting pandas>=2.2.2 (from mov==0.1.0->-r /var/folders/qv/0knwm5h50ml0skpppwpbks_r0000gp/T/venvqyx3fo__/requirements.txt (line 1))
[2024-07-31T10:30:48.675+0900] {process_utils.py:191} INFO -   Using cached pandas-2.2.2-cp311-cp311-macosx_11_0_arm64.whl.metadata (19 kB)
[2024-07-31T10:30:48.779+0900] {process_utils.py:191} INFO - Collecting numpy>=2.0.1 (from mov==0.1.0->-r /var/folders/qv/0knwm5h50ml0skpppwpbks_r0000gp/T/venvqyx3fo__/requirements.txt (line 1))
[2024-07-31T10:30:48.780+0900] {process_utils.py:191} INFO -   Using cached numpy-2.0.1-cp311-cp311-macosx_14_0_arm64.whl.metadata (60 kB)
[2024-07-31T10:30:48.864+0900] {process_utils.py:191} INFO - Collecting pyarrow>=17.0.0 (from mov==0.1.0->-r /var/folders/qv/0knwm5h50ml0skpppwpbks_r0000gp/T/venvqyx3fo__/requirements.txt (line 1))
[2024-07-31T10:30:48.865+0900] {process_utils.py:191} INFO -   Using cached pyarrow-17.0.0-cp311-cp311-macosx_11_0_arm64.whl.metadata (3.3 kB)
[2024-07-31T10:30:48.897+0900] {process_utils.py:191} INFO - Collecting python-dateutil>=2.8.2 (from pandas>=2.2.2->mov==0.1.0->-r /var/folders/qv/0knwm5h50ml0skpppwpbks_r0000gp/T/venvqyx3fo__/requirements.txt (line 1))
[2024-07-31T10:30:48.898+0900] {process_utils.py:191} INFO -   Using cached python_dateutil-2.9.0.post0-py2.py3-none-any.whl.metadata (8.4 kB)
[2024-07-31T10:30:48.938+0900] {process_utils.py:191} INFO - Collecting pytz>=2020.1 (from pandas>=2.2.2->mov==0.1.0->-r /var/folders/qv/0knwm5h50ml0skpppwpbks_r0000gp/T/venvqyx3fo__/requirements.txt (line 1))
[2024-07-31T10:30:48.939+0900] {process_utils.py:191} INFO -   Using cached pytz-2024.1-py2.py3-none-any.whl.metadata (22 kB)
[2024-07-31T10:30:48.971+0900] {process_utils.py:191} INFO - Collecting tzdata>=2022.7 (from pandas>=2.2.2->mov==0.1.0->-r /var/folders/qv/0knwm5h50ml0skpppwpbks_r0000gp/T/venvqyx3fo__/requirements.txt (line 1))
[2024-07-31T10:30:48.971+0900] {process_utils.py:191} INFO -   Using cached tzdata-2024.1-py2.py3-none-any.whl.metadata (1.4 kB)
[2024-07-31T10:30:49.039+0900] {process_utils.py:191} INFO - Collecting charset-normalizer<4,>=2 (from requests>=2.32.3->mov==0.1.0->-r /var/folders/qv/0knwm5h50ml0skpppwpbks_r0000gp/T/venvqyx3fo__/requirements.txt (line 1))
[2024-07-31T10:30:49.040+0900] {process_utils.py:191} INFO -   Using cached charset_normalizer-3.3.2-cp311-cp311-macosx_11_0_arm64.whl.metadata (33 kB)
[2024-07-31T10:30:49.095+0900] {process_utils.py:191} INFO - Collecting idna<4,>=2.5 (from requests>=2.32.3->mov==0.1.0->-r /var/folders/qv/0knwm5h50ml0skpppwpbks_r0000gp/T/venvqyx3fo__/requirements.txt (line 1))
[2024-07-31T10:30:49.096+0900] {process_utils.py:191} INFO -   Using cached idna-3.7-py3-none-any.whl.metadata (9.9 kB)
[2024-07-31T10:30:49.161+0900] {process_utils.py:191} INFO - Collecting urllib3<3,>=1.21.1 (from requests>=2.32.3->mov==0.1.0->-r /var/folders/qv/0knwm5h50ml0skpppwpbks_r0000gp/T/venvqyx3fo__/requirements.txt (line 1))
[2024-07-31T10:30:49.162+0900] {process_utils.py:191} INFO -   Using cached urllib3-2.2.2-py3-none-any.whl.metadata (6.4 kB)
[2024-07-31T10:30:49.188+0900] {process_utils.py:191} INFO - Collecting certifi>=2017.4.17 (from requests>=2.32.3->mov==0.1.0->-r /var/folders/qv/0knwm5h50ml0skpppwpbks_r0000gp/T/venvqyx3fo__/requirements.txt (line 1))
[2024-07-31T10:30:49.189+0900] {process_utils.py:191} INFO -   Using cached certifi-2024.7.4-py3-none-any.whl.metadata (2.2 kB)
[2024-07-31T10:30:49.229+0900] {process_utils.py:191} INFO - Collecting six>=1.5 (from python-dateutil>=2.8.2->pandas>=2.2.2->mov==0.1.0->-r /var/folders/qv/0knwm5h50ml0skpppwpbks_r0000gp/T/venvqyx3fo__/requirements.txt (line 1))
[2024-07-31T10:30:49.230+0900] {process_utils.py:191} INFO -   Using cached six-1.16.0-py2.py3-none-any.whl.metadata (1.8 kB)
[2024-07-31T10:30:49.233+0900] {process_utils.py:191} INFO - Using cached numpy-2.0.1-cp311-cp311-macosx_14_0_arm64.whl (5.3 MB)
[2024-07-31T10:30:49.239+0900] {process_utils.py:191} INFO - Using cached pandas-2.2.2-cp311-cp311-macosx_11_0_arm64.whl (11.3 MB)
[2024-07-31T10:30:49.251+0900] {process_utils.py:191} INFO - Using cached pyarrow-17.0.0-cp311-cp311-macosx_11_0_arm64.whl (27.2 MB)
[2024-07-31T10:30:49.277+0900] {process_utils.py:191} INFO - Using cached requests-2.32.3-py3-none-any.whl (64 kB)
[2024-07-31T10:30:49.278+0900] {process_utils.py:191} INFO - Using cached certifi-2024.7.4-py3-none-any.whl (162 kB)
[2024-07-31T10:30:49.279+0900] {process_utils.py:191} INFO - Using cached charset_normalizer-3.3.2-cp311-cp311-macosx_11_0_arm64.whl (118 kB)
[2024-07-31T10:30:49.280+0900] {process_utils.py:191} INFO - Using cached idna-3.7-py3-none-any.whl (66 kB)
[2024-07-31T10:30:49.281+0900] {process_utils.py:191} INFO - Using cached python_dateutil-2.9.0.post0-py2.py3-none-any.whl (229 kB)
[2024-07-31T10:30:49.282+0900] {process_utils.py:191} INFO - Using cached pytz-2024.1-py2.py3-none-any.whl (505 kB)
[2024-07-31T10:30:49.283+0900] {process_utils.py:191} INFO - Using cached tzdata-2024.1-py2.py3-none-any.whl (345 kB)
[2024-07-31T10:30:49.284+0900] {process_utils.py:191} INFO - Using cached urllib3-2.2.2-py3-none-any.whl (121 kB)
[2024-07-31T10:30:49.285+0900] {process_utils.py:191} INFO - Using cached six-1.16.0-py2.py3-none-any.whl (11 kB)
[2024-07-31T10:30:49.327+0900] {process_utils.py:191} INFO - Building wheels for collected packages: mov
[2024-07-31T10:30:49.340+0900] {process_utils.py:191} INFO -   Building wheel for mov (pyproject.toml): started
[2024-07-31T10:30:49.481+0900] {process_utils.py:191} INFO -   Building wheel for mov (pyproject.toml): finished with status 'done'
[2024-07-31T10:30:49.482+0900] {process_utils.py:191} INFO -   Created wheel for mov: filename=mov-0.1.0-py3-none-any.whl size=3017 sha256=db5c1cd75c448f3140006ad6473251790440691ab99779fe961d2fedf468592a
[2024-07-31T10:30:49.482+0900] {process_utils.py:191} INFO -   Stored in directory: /private/var/folders/qv/0knwm5h50ml0skpppwpbks_r0000gp/T/pip-ephem-wheel-cache-22v9wt7d/wheels/cf/ab/a7/d0c528d20fa8a5f19e169bdf1d98f2b2cefe79d8527bb89200
[2024-07-31T10:30:49.484+0900] {process_utils.py:191} INFO - Successfully built mov
[2024-07-31T10:30:49.513+0900] {process_utils.py:191} INFO - Installing collected packages: pytz, urllib3, tzdata, six, numpy, idna, charset-normalizer, certifi, requests, python-dateutil, pyarrow, pandas, mov
[2024-07-31T10:30:54.072+0900] {process_utils.py:191} INFO - Successfully installed certifi-2024.7.4 charset-normalizer-3.3.2 idna-3.7 mov-0.1.0 numpy-2.0.1 pandas-2.2.2 pyarrow-17.0.0 python-dateutil-2.9.0.post0 pytz-2024.1 requests-2.32.3 six-1.16.0 tzdata-2024.1 urllib3-2.2.2
[2024-07-31T10:30:54.075+0900] {process_utils.py:191} INFO - 
[2024-07-31T10:30:54.075+0900] {process_utils.py:191} INFO - [notice] A new release of pip is available: 24.1.2 -> 24.2
[2024-07-31T10:30:54.075+0900] {process_utils.py:191} INFO - [notice] To update, run: python -m pip install --upgrade pip
[2024-07-31T10:30:54.204+0900] {process_utils.py:183} INFO - Executing cmd: /var/folders/qv/0knwm5h50ml0skpppwpbks_r0000gp/T/venvqyx3fo__/bin/python /var/folders/qv/0knwm5h50ml0skpppwpbks_r0000gp/T/venv-calldvqeheyn/script.py /var/folders/qv/0knwm5h50ml0skpppwpbks_r0000gp/T/venv-calldvqeheyn/script.in /var/folders/qv/0knwm5h50ml0skpppwpbks_r0000gp/T/venv-calldvqeheyn/script.out /var/folders/qv/0knwm5h50ml0skpppwpbks_r0000gp/T/venv-calldvqeheyn/string_args.txt /var/folders/qv/0knwm5h50ml0skpppwpbks_r0000gp/T/venv-calldvqeheyn/termination.log
[2024-07-31T10:30:54.206+0900] {process_utils.py:187} INFO - Output:
[2024-07-31T10:31:17.594+0900] {process_utils.py:191} INFO - {'boxOfficeResult': {'boxofficeType': '일별 박스오피스', 'showRange': '20240725~20240725', 'dailyBoxOfficeList': [{'rnum': '1', 'rank': '1', 'rankInten': '0', 'rankOldAndNew': 'OLD', 'movieCd': '20247781', 'movieNm': '데드풀과 울버린', 'openDt': '2024-07-24', 'salesAmt': '1344445878', 'salesShare': '46.8', 'salesInten': '-1012444419', 'salesChange': '-43', 'salesAcc': '3729131175', 'audiCnt': '131665', 'audiInten': '-98461', 'audiChange': '-42.8', 'audiAcc': '363426', 'scrnCnt': '1908', 'showCnt': '8054'}, {'rnum': '2', 'rank': '2', 'rankInten': '0', 'rankOldAndNew': 'OLD', 'movieCd': '20247440', 'movieNm': '슈퍼배드 4', 'openDt': '2024-07-24', 'salesAmt': '483981249', 'salesShare': '16.9', 'salesInten': '-180006940', 'salesChange': '-27.1', 'salesAcc': '2155987776', 'audiCnt': '53655', 'audiInten': '-19690', 'audiChange': '-26.8', 'audiAcc': '231946', 'scrnCnt': '997', 'showCnt': '3750'}, {'rnum': '3', 'rank': '3', 'rankInten': '0', 'rankOldAndNew': 'OLD', 'movieCd': '20212932', 'movieNm': '탈주', 'openDt': '2024-07-03', 'salesAmt': '317669651', 'salesShare': '11.1', 'salesInten': '-18247944', 'salesChange': '-5.4', 'salesAcc': '19650284180', 'audiCnt': '34225', 'audiInten': '-1499', 'audiChange': '-4.2', 'audiAcc': '2074632', 'scrnCnt': '884', 'showCnt': '2222'}, {'rnum': '4', 'rank': '4', 'rankInten': '1', 'rankOldAndNew': 'OLD', 'movieCd': '20235974', 'movieNm': '인사이드 아웃 2', 'openDt': '2024-06-12', 'salesAmt': '191810106', 'salesShare': '6.7', 'salesInten': '27746483', 'salesChange': '16.9', 'salesAcc': '78378465964', 'audiCnt': '20542', 'audiInten': '3083', 'audiChange': '17.7', 'audiAcc': '8151939', 'scrnCnt': '639', 'showCnt': '1191'}, {'rnum': '5', 'rank': '5', 'rankInten': '-1', 'rankOldAndNew': 'OLD', 'movieCd': '20240983', 'movieNm': '명탐정 코난: 100만 달러의 펜타그램', 'openDt': '2024-07-17', 'salesAmt': '180717774', 'salesShare': '6.3', 'salesInten': '-109841213', 'salesChange': '-37.8', 'salesAcc': '4776943053', 'audiCnt': '19378', 'audiInten': '-12440', 'audiChange': '-39.1', 'audiAcc': '484329', 'scrnCnt': '620', 'showCnt': '1246'}, {'rnum': '6', 'rank': '6', 'rankInten': '0', 'rankOldAndNew': 'OLD', 'movieCd': '20208245', 'movieNm': '핸섬가이즈', 'openDt': '2024-06-26', 'salesAmt': '95425447', 'salesShare': '3.3', 'salesInten': '1490585', 'salesChange': '1.6', 'salesAcc': '15444874815', 'audiCnt': '10198', 'audiInten': '-25', 'audiChange': '-0.2', 'audiAcc': '1653947', 'scrnCnt': '550', 'showCnt': '924'}, {'rnum': '7', 'rank': '7', 'rankInten': '0', 'rankOldAndNew': 'OLD', 'movieCd': '20208911', 'movieNm': '탈출: 프로젝트 사일런스', 'openDt': '2024-07-12', 'salesAmt': '56477314', 'salesShare': '2.0', 'salesInten': '-5011237', 'salesChange': '-8.1', 'salesAcc': '6334190309', 'audiCnt': '5965', 'audiInten': '-770', 'audiChange': '-11.4', 'audiAcc': '649657', 'scrnCnt': '413', 'showCnt': '625'}, {'rnum': '8', 'rank': '8', 'rankInten': '9', 'rankOldAndNew': 'OLD', 'movieCd': '20241343', 'movieNm': '우마무스메 프리티 더비 새로운 시대의 문', 'openDt': '2024-07-11', 'salesAmt': '32392771', 'salesShare': '1.1', 'salesInten': '27766571', 'salesChange': '600.2', 'salesAcc': '396228587', 'audiCnt': '3251', 'audiInten': '2818', 'audiChange': '650.8', 'audiAcc': '36810', 'scrnCnt': '77', 'showCnt': '93'}, {'rnum': '9', 'rank': '9', 'rankInten': '1', 'rankOldAndNew': 'OLD', 'movieCd': '20224666', 'movieNm': '파일럿', 'openDt': '2024-07-31', 'salesAmt': '20152000', 'salesShare': '0.7', 'salesInten': '5494000', 'salesChange': '37.5', 'salesAcc': '268750000', 'audiCnt': '2274', 'audiInten': '420', 'audiChange': '22.7', 'audiAcc': '28484', 'scrnCnt': '10', 'showCnt': '14'}, {'rnum': '10', 'rank': '10', 'rankInten': '-1', 'rankOldAndNew': 'OLD', 'movieCd': '20248465', 'movieNm': '하이재킹', 'openDt': '2024-06-21', 'salesAmt': '18582373', 'salesShare': '0.6', 'salesInten': '748878', 'salesChange': '4.2', 'salesAcc': '16724456634', 'audiCnt': '2037', 'audiInten': '82', 'audiChange': '4.2', 'audiAcc': '1760743', 'scrnCnt': '155', 'showCnt': '189'}]}}
[2024-07-31T10:31:17.594+0900] {process_utils.py:191} INFO -   rnum rank rankInten rankOldAndNew  ...  audiAcc scrnCnt showCnt   load_dt
[2024-07-31T10:31:17.595+0900] {process_utils.py:191} INFO - 0    1    1         0           OLD  ...   363426    1908    8054  20240725
[2024-07-31T10:31:17.595+0900] {process_utils.py:191} INFO - 1    2    2         0           OLD  ...   231946     997    3750  20240725
[2024-07-31T10:31:17.596+0900] {process_utils.py:191} INFO - 2    3    3         0           OLD  ...  2074632     884    2222  20240725
[2024-07-31T10:31:17.596+0900] {process_utils.py:191} INFO - 3    4    4         1           OLD  ...  8151939     639    1191  20240725
[2024-07-31T10:31:17.597+0900] {process_utils.py:191} INFO - 4    5    5        -1           OLD  ...   484329     620    1246  20240725
[2024-07-31T10:31:17.597+0900] {process_utils.py:191} INFO - 
[2024-07-31T10:31:17.597+0900] {process_utils.py:191} INFO - [5 rows x 19 columns]
[2024-07-31T10:31:17.598+0900] {process_utils.py:191} INFO -   rnum rank rankInten rankOldAndNew  ...  audiAcc scrnCnt showCnt   load_dt
[2024-07-31T10:31:17.598+0900] {process_utils.py:191} INFO - 0    1    1         0           OLD  ...   363426    1908    8054  20240725
[2024-07-31T10:31:17.598+0900] {process_utils.py:191} INFO - 1    2    2         0           OLD  ...   231946     997    3750  20240725
[2024-07-31T10:31:17.599+0900] {process_utils.py:191} INFO - 2    3    3         0           OLD  ...  2074632     884    2222  20240725
[2024-07-31T10:31:17.599+0900] {process_utils.py:191} INFO - 3    4    4         1           OLD  ...  8151939     639    1191  20240725
[2024-07-31T10:31:17.600+0900] {process_utils.py:191} INFO - 4    5    5        -1           OLD  ...   484329     620    1246  20240725
[2024-07-31T10:31:17.600+0900] {process_utils.py:191} INFO - 
[2024-07-31T10:31:17.600+0900] {process_utils.py:191} INFO - [5 rows x 19 columns]
[2024-07-31T10:31:18.036+0900] {python.py:237} INFO - Done. Returned value was: None
[2024-07-31T10:31:18.036+0900] {taskinstance.py:441} INFO - ::group::Post task execution logs
[2024-07-31T10:31:18.040+0900] {taskinstance.py:1206} INFO - Marking task as SUCCESS. dag_id=movie, task_id=get.data, run_id=scheduled__2024-07-25T02:10:00+00:00, execution_date=20240725T021000, start_date=20240731T013043, end_date=20240731T013118
[2024-07-31T10:31:18.085+0900] {local_task_job_runner.py:243} INFO - Task exited with return code 0
[2024-07-31T10:31:18.095+0900] {taskinstance.py:3503} INFO - 1 downstream tasks scheduled from follow-on schedule check
[2024-07-31T10:31:18.097+0900] {local_task_job_runner.py:222} INFO - ::endgroup::
[2024-07-31T19:23:42.633+0900] {local_task_job_runner.py:120} INFO - ::group::Pre task execution logs
[2024-07-31T19:23:42.644+0900] {taskinstance.py:2076} INFO - Dependencies all met for dep_context=non-requeueable deps ti=<TaskInstance: movie.get.data scheduled__2024-07-25T02:10:00+00:00 [queued]>
[2024-07-31T19:23:42.647+0900] {taskinstance.py:2076} INFO - Dependencies all met for dep_context=requeueable deps ti=<TaskInstance: movie.get.data scheduled__2024-07-25T02:10:00+00:00 [queued]>
[2024-07-31T19:23:42.647+0900] {taskinstance.py:2306} INFO - Starting attempt 2 of 3
[2024-07-31T19:23:42.653+0900] {taskinstance.py:2330} INFO - Executing <Task(PythonVirtualenvOperator): get.data> on 2024-07-25 02:10:00+00:00
[2024-07-31T19:23:42.656+0900] {standard_task_runner.py:64} INFO - Started process 30915 to run task
[2024-07-31T19:23:42.659+0900] {standard_task_runner.py:90} INFO - Running: ['airflow', 'tasks', 'run', 'movie', 'get.data', 'scheduled__2024-07-25T02:10:00+00:00', '--job-id', '915', '--raw', '--subdir', 'DAGS_FOLDER/movie.py', '--cfg-path', '/var/folders/qv/0knwm5h50ml0skpppwpbks_r0000gp/T/tmp2skqzxo6']
[2024-07-31T19:23:42.660+0900] {standard_task_runner.py:91} INFO - Job 915: Subtask get.data
[2024-07-31T19:23:42.681+0900] {task_command.py:426} INFO - Running <TaskInstance: movie.get.data scheduled__2024-07-25T02:10:00+00:00 [running]> on host jeongui-MacBookPro.local
[2024-07-31T19:23:42.715+0900] {taskinstance.py:2648} INFO - Exporting env vars: AIRFLOW_CTX_DAG_OWNER='airflow' AIRFLOW_CTX_DAG_ID='movie' AIRFLOW_CTX_TASK_ID='get.data' AIRFLOW_CTX_EXECUTION_DATE='2024-07-25T02:10:00+00:00' AIRFLOW_CTX_TRY_NUMBER='2' AIRFLOW_CTX_DAG_RUN_ID='scheduled__2024-07-25T02:10:00+00:00'
[2024-07-31T19:23:42.715+0900] {taskinstance.py:430} INFO - ::endgroup::
[2024-07-31T19:23:42.722+0900] {baseoperator.py:400} WARNING - PythonVirtualenvOperator.execute cannot be called outside TaskInstance!
[2024-07-31T19:23:42.723+0900] {process_utils.py:183} INFO - Executing cmd: /Users/DE32/.pyenv/versions/3.11.9/envs/note/bin/python -m virtualenv /var/folders/qv/0knwm5h50ml0skpppwpbks_r0000gp/T/venvh45ovj1t --python=python
[2024-07-31T19:23:42.725+0900] {process_utils.py:187} INFO - Output:
[2024-07-31T19:23:42.979+0900] {process_utils.py:191} INFO - created virtual environment CPython3.11.9.final.0-64 in 179ms
[2024-07-31T19:23:42.979+0900] {process_utils.py:191} INFO -   creator CPython3Posix(dest=/private/var/folders/qv/0knwm5h50ml0skpppwpbks_r0000gp/T/venvh45ovj1t, clear=False, no_vcs_ignore=False, global=False)
[2024-07-31T19:23:42.980+0900] {process_utils.py:191} INFO -   seeder FromAppData(download=False, pip=bundle, setuptools=bundle, wheel=bundle, via=copy, app_data_dir=/Users/DE32/Library/Application Support/virtualenv)
[2024-07-31T19:23:42.980+0900] {process_utils.py:191} INFO -     added seed packages: pip==24.1.2, setuptools==70.2.0, wheel==0.43.0
[2024-07-31T19:23:42.980+0900] {process_utils.py:191} INFO -   activators BashActivator,CShellActivator,FishActivator,NushellActivator,PowerShellActivator,PythonActivator
[2024-07-31T19:23:42.991+0900] {process_utils.py:183} INFO - Executing cmd: /var/folders/qv/0knwm5h50ml0skpppwpbks_r0000gp/T/venvh45ovj1t/bin/pip install -r /var/folders/qv/0knwm5h50ml0skpppwpbks_r0000gp/T/venvh45ovj1t/requirements.txt
[2024-07-31T19:23:42.993+0900] {process_utils.py:187} INFO - Output:
[2024-07-31T19:23:43.811+0900] {process_utils.py:191} INFO - Collecting git+https://github.com/Jeonghoon2/movie.git@0.2/api (from -r /var/folders/qv/0knwm5h50ml0skpppwpbks_r0000gp/T/venvh45ovj1t/requirements.txt (line 1))
[2024-07-31T19:23:43.811+0900] {process_utils.py:191} INFO -   Cloning https://github.com/Jeonghoon2/movie.git (to revision 0.2/api) to /private/var/folders/qv/0knwm5h50ml0skpppwpbks_r0000gp/T/pip-req-build-v4_0j7bs
[2024-07-31T19:23:43.824+0900] {process_utils.py:191} INFO -   Running command git clone --filter=blob:none --quiet https://github.com/Jeonghoon2/movie.git /private/var/folders/qv/0knwm5h50ml0skpppwpbks_r0000gp/T/pip-req-build-v4_0j7bs
[2024-07-31T19:23:45.444+0900] {process_utils.py:191} INFO -   Running command git checkout -b 0.2/api --track origin/0.2/api
[2024-07-31T19:23:46.130+0900] {process_utils.py:191} INFO -   Switched to a new branch '0.2/api'
[2024-07-31T19:23:46.130+0900] {process_utils.py:191} INFO -   branch '0.2/api' set up to track 'origin/0.2/api'.
[2024-07-31T19:23:46.131+0900] {process_utils.py:191} INFO -   Resolved https://github.com/Jeonghoon2/movie.git to commit c2fdd392ce95b386519b05b3bab786608cdb1c58
[2024-07-31T19:23:46.153+0900] {process_utils.py:191} INFO -   Installing build dependencies: started
[2024-07-31T19:23:47.062+0900] {process_utils.py:191} INFO -   Installing build dependencies: finished with status 'done'
[2024-07-31T19:23:47.063+0900] {process_utils.py:191} INFO -   Getting requirements to build wheel: started
[2024-07-31T19:23:47.187+0900] {process_utils.py:191} INFO -   Getting requirements to build wheel: finished with status 'done'
[2024-07-31T19:23:47.188+0900] {process_utils.py:191} INFO -   Preparing metadata (pyproject.toml): started
[2024-07-31T19:23:47.312+0900] {process_utils.py:191} INFO -   Preparing metadata (pyproject.toml): finished with status 'done'
[2024-07-31T19:23:47.364+0900] {process_utils.py:191} INFO - Collecting requests>=2.32.3 (from mov==0.1.0->-r /var/folders/qv/0knwm5h50ml0skpppwpbks_r0000gp/T/venvh45ovj1t/requirements.txt (line 1))
[2024-07-31T19:23:47.366+0900] {process_utils.py:191} INFO -   Using cached requests-2.32.3-py3-none-any.whl.metadata (4.6 kB)
[2024-07-31T19:23:47.434+0900] {process_utils.py:191} INFO - Collecting pandas>=2.2.2 (from mov==0.1.0->-r /var/folders/qv/0knwm5h50ml0skpppwpbks_r0000gp/T/venvh45ovj1t/requirements.txt (line 1))
[2024-07-31T19:23:47.435+0900] {process_utils.py:191} INFO -   Using cached pandas-2.2.2-cp311-cp311-macosx_11_0_arm64.whl.metadata (19 kB)
[2024-07-31T19:23:47.533+0900] {process_utils.py:191} INFO - Collecting numpy>=2.0.1 (from mov==0.1.0->-r /var/folders/qv/0knwm5h50ml0skpppwpbks_r0000gp/T/venvh45ovj1t/requirements.txt (line 1))
[2024-07-31T19:23:47.535+0900] {process_utils.py:191} INFO -   Using cached numpy-2.0.1-cp311-cp311-macosx_14_0_arm64.whl.metadata (60 kB)
[2024-07-31T19:23:47.583+0900] {process_utils.py:191} INFO - Collecting pyarrow>=17.0.0 (from mov==0.1.0->-r /var/folders/qv/0knwm5h50ml0skpppwpbks_r0000gp/T/venvh45ovj1t/requirements.txt (line 1))
[2024-07-31T19:23:47.584+0900] {process_utils.py:191} INFO -   Using cached pyarrow-17.0.0-cp311-cp311-macosx_11_0_arm64.whl.metadata (3.3 kB)
[2024-07-31T19:23:47.604+0900] {process_utils.py:191} INFO - Collecting python-dateutil>=2.8.2 (from pandas>=2.2.2->mov==0.1.0->-r /var/folders/qv/0knwm5h50ml0skpppwpbks_r0000gp/T/venvh45ovj1t/requirements.txt (line 1))
[2024-07-31T19:23:47.605+0900] {process_utils.py:191} INFO -   Using cached python_dateutil-2.9.0.post0-py2.py3-none-any.whl.metadata (8.4 kB)
[2024-07-31T19:23:47.637+0900] {process_utils.py:191} INFO - Collecting pytz>=2020.1 (from pandas>=2.2.2->mov==0.1.0->-r /var/folders/qv/0knwm5h50ml0skpppwpbks_r0000gp/T/venvh45ovj1t/requirements.txt (line 1))
[2024-07-31T19:23:47.638+0900] {process_utils.py:191} INFO -   Using cached pytz-2024.1-py2.py3-none-any.whl.metadata (22 kB)
[2024-07-31T19:23:47.652+0900] {process_utils.py:191} INFO - Collecting tzdata>=2022.7 (from pandas>=2.2.2->mov==0.1.0->-r /var/folders/qv/0knwm5h50ml0skpppwpbks_r0000gp/T/venvh45ovj1t/requirements.txt (line 1))
[2024-07-31T19:23:47.653+0900] {process_utils.py:191} INFO -   Using cached tzdata-2024.1-py2.py3-none-any.whl.metadata (1.4 kB)
[2024-07-31T19:23:47.698+0900] {process_utils.py:191} INFO - Collecting charset-normalizer<4,>=2 (from requests>=2.32.3->mov==0.1.0->-r /var/folders/qv/0knwm5h50ml0skpppwpbks_r0000gp/T/venvh45ovj1t/requirements.txt (line 1))
[2024-07-31T19:23:47.699+0900] {process_utils.py:191} INFO -   Using cached charset_normalizer-3.3.2-cp311-cp311-macosx_11_0_arm64.whl.metadata (33 kB)
[2024-07-31T19:23:47.713+0900] {process_utils.py:191} INFO - Collecting idna<4,>=2.5 (from requests>=2.32.3->mov==0.1.0->-r /var/folders/qv/0knwm5h50ml0skpppwpbks_r0000gp/T/venvh45ovj1t/requirements.txt (line 1))
[2024-07-31T19:23:47.714+0900] {process_utils.py:191} INFO -   Using cached idna-3.7-py3-none-any.whl.metadata (9.9 kB)
[2024-07-31T19:23:47.741+0900] {process_utils.py:191} INFO - Collecting urllib3<3,>=1.21.1 (from requests>=2.32.3->mov==0.1.0->-r /var/folders/qv/0knwm5h50ml0skpppwpbks_r0000gp/T/venvh45ovj1t/requirements.txt (line 1))
[2024-07-31T19:23:47.742+0900] {process_utils.py:191} INFO -   Using cached urllib3-2.2.2-py3-none-any.whl.metadata (6.4 kB)
[2024-07-31T19:23:47.760+0900] {process_utils.py:191} INFO - Collecting certifi>=2017.4.17 (from requests>=2.32.3->mov==0.1.0->-r /var/folders/qv/0knwm5h50ml0skpppwpbks_r0000gp/T/venvh45ovj1t/requirements.txt (line 1))
[2024-07-31T19:23:47.761+0900] {process_utils.py:191} INFO -   Using cached certifi-2024.7.4-py3-none-any.whl.metadata (2.2 kB)
[2024-07-31T19:23:47.791+0900] {process_utils.py:191} INFO - Collecting six>=1.5 (from python-dateutil>=2.8.2->pandas>=2.2.2->mov==0.1.0->-r /var/folders/qv/0knwm5h50ml0skpppwpbks_r0000gp/T/venvh45ovj1t/requirements.txt (line 1))
[2024-07-31T19:23:47.792+0900] {process_utils.py:191} INFO -   Using cached six-1.16.0-py2.py3-none-any.whl.metadata (1.8 kB)
[2024-07-31T19:23:47.795+0900] {process_utils.py:191} INFO - Using cached numpy-2.0.1-cp311-cp311-macosx_14_0_arm64.whl (5.3 MB)
[2024-07-31T19:23:47.805+0900] {process_utils.py:191} INFO - Using cached pandas-2.2.2-cp311-cp311-macosx_11_0_arm64.whl (11.3 MB)
[2024-07-31T19:23:47.821+0900] {process_utils.py:191} INFO - Using cached pyarrow-17.0.0-cp311-cp311-macosx_11_0_arm64.whl (27.2 MB)
[2024-07-31T19:23:47.859+0900] {process_utils.py:191} INFO - Using cached requests-2.32.3-py3-none-any.whl (64 kB)
[2024-07-31T19:23:47.862+0900] {process_utils.py:191} INFO - Using cached certifi-2024.7.4-py3-none-any.whl (162 kB)
[2024-07-31T19:23:47.864+0900] {process_utils.py:191} INFO - Using cached charset_normalizer-3.3.2-cp311-cp311-macosx_11_0_arm64.whl (118 kB)
[2024-07-31T19:23:47.866+0900] {process_utils.py:191} INFO - Using cached idna-3.7-py3-none-any.whl (66 kB)
[2024-07-31T19:23:47.867+0900] {process_utils.py:191} INFO - Using cached python_dateutil-2.9.0.post0-py2.py3-none-any.whl (229 kB)
[2024-07-31T19:23:47.870+0900] {process_utils.py:191} INFO - Using cached pytz-2024.1-py2.py3-none-any.whl (505 kB)
[2024-07-31T19:23:47.873+0900] {process_utils.py:191} INFO - Using cached tzdata-2024.1-py2.py3-none-any.whl (345 kB)
[2024-07-31T19:23:47.876+0900] {process_utils.py:191} INFO - Using cached urllib3-2.2.2-py3-none-any.whl (121 kB)
[2024-07-31T19:23:47.877+0900] {process_utils.py:191} INFO - Using cached six-1.16.0-py2.py3-none-any.whl (11 kB)
[2024-07-31T19:23:47.924+0900] {process_utils.py:191} INFO - Building wheels for collected packages: mov
[2024-07-31T19:23:47.939+0900] {process_utils.py:191} INFO -   Building wheel for mov (pyproject.toml): started
[2024-07-31T19:23:48.081+0900] {process_utils.py:191} INFO -   Building wheel for mov (pyproject.toml): finished with status 'done'
[2024-07-31T19:23:48.082+0900] {process_utils.py:191} INFO -   Created wheel for mov: filename=mov-0.1.0-py3-none-any.whl size=3056 sha256=494c778a0d1632347fb14a6b346d663144101fd2b9629acac9df718d64da5a12
[2024-07-31T19:23:48.082+0900] {process_utils.py:191} INFO -   Stored in directory: /private/var/folders/qv/0knwm5h50ml0skpppwpbks_r0000gp/T/pip-ephem-wheel-cache-dycf9hp7/wheels/cf/ab/a7/d0c528d20fa8a5f19e169bdf1d98f2b2cefe79d8527bb89200
[2024-07-31T19:23:48.083+0900] {process_utils.py:191} INFO - Successfully built mov
[2024-07-31T19:23:48.111+0900] {process_utils.py:191} INFO - Installing collected packages: pytz, urllib3, tzdata, six, numpy, idna, charset-normalizer, certifi, requests, python-dateutil, pyarrow, pandas, mov
[2024-07-31T19:23:52.685+0900] {process_utils.py:191} INFO - Successfully installed certifi-2024.7.4 charset-normalizer-3.3.2 idna-3.7 mov-0.1.0 numpy-2.0.1 pandas-2.2.2 pyarrow-17.0.0 python-dateutil-2.9.0.post0 pytz-2024.1 requests-2.32.3 six-1.16.0 tzdata-2024.1 urllib3-2.2.2
[2024-07-31T19:23:52.688+0900] {process_utils.py:191} INFO - 
[2024-07-31T19:23:52.688+0900] {process_utils.py:191} INFO - [notice] A new release of pip is available: 24.1.2 -> 24.2
[2024-07-31T19:23:52.688+0900] {process_utils.py:191} INFO - [notice] To update, run: python -m pip install --upgrade pip
[2024-07-31T19:23:52.835+0900] {process_utils.py:183} INFO - Executing cmd: /var/folders/qv/0knwm5h50ml0skpppwpbks_r0000gp/T/venvh45ovj1t/bin/python /var/folders/qv/0knwm5h50ml0skpppwpbks_r0000gp/T/venv-call4sjioj4d/script.py /var/folders/qv/0knwm5h50ml0skpppwpbks_r0000gp/T/venv-call4sjioj4d/script.in /var/folders/qv/0knwm5h50ml0skpppwpbks_r0000gp/T/venv-call4sjioj4d/script.out /var/folders/qv/0knwm5h50ml0skpppwpbks_r0000gp/T/venv-call4sjioj4d/string_args.txt /var/folders/qv/0knwm5h50ml0skpppwpbks_r0000gp/T/venv-call4sjioj4d/termination.log
[2024-07-31T19:23:52.838+0900] {process_utils.py:187} INFO - Output:
[2024-07-31T19:24:09.933+0900] {process_utils.py:191} INFO - {'boxOfficeResult': {'boxofficeType': '일별 박스오피스', 'showRange': '20240725~20240725', 'dailyBoxOfficeList': [{'rnum': '1', 'rank': '1', 'rankInten': '0', 'rankOldAndNew': 'OLD', 'movieCd': '20247781', 'movieNm': '데드풀과 울버린', 'openDt': '2024-07-24', 'salesAmt': '1344445878', 'salesShare': '46.8', 'salesInten': '-1012444419', 'salesChange': '-43', 'salesAcc': '3729131175', 'audiCnt': '131665', 'audiInten': '-98461', 'audiChange': '-42.8', 'audiAcc': '363426', 'scrnCnt': '1908', 'showCnt': '8054'}, {'rnum': '2', 'rank': '2', 'rankInten': '0', 'rankOldAndNew': 'OLD', 'movieCd': '20247440', 'movieNm': '슈퍼배드 4', 'openDt': '2024-07-24', 'salesAmt': '483981249', 'salesShare': '16.9', 'salesInten': '-180006940', 'salesChange': '-27.1', 'salesAcc': '2155987776', 'audiCnt': '53655', 'audiInten': '-19690', 'audiChange': '-26.8', 'audiAcc': '231946', 'scrnCnt': '997', 'showCnt': '3750'}, {'rnum': '3', 'rank': '3', 'rankInten': '0', 'rankOldAndNew': 'OLD', 'movieCd': '20212932', 'movieNm': '탈주', 'openDt': '2024-07-03', 'salesAmt': '317669651', 'salesShare': '11.1', 'salesInten': '-18247944', 'salesChange': '-5.4', 'salesAcc': '19650284180', 'audiCnt': '34225', 'audiInten': '-1499', 'audiChange': '-4.2', 'audiAcc': '2074632', 'scrnCnt': '884', 'showCnt': '2222'}, {'rnum': '4', 'rank': '4', 'rankInten': '1', 'rankOldAndNew': 'OLD', 'movieCd': '20235974', 'movieNm': '인사이드 아웃 2', 'openDt': '2024-06-12', 'salesAmt': '191810106', 'salesShare': '6.7', 'salesInten': '27746483', 'salesChange': '16.9', 'salesAcc': '78378437964', 'audiCnt': '20542', 'audiInten': '3083', 'audiChange': '17.7', 'audiAcc': '8151936', 'scrnCnt': '639', 'showCnt': '1191'}, {'rnum': '5', 'rank': '5', 'rankInten': '-1', 'rankOldAndNew': 'OLD', 'movieCd': '20240983', 'movieNm': '명탐정 코난: 100만 달러의 펜타그램', 'openDt': '2024-07-17', 'salesAmt': '180717774', 'salesShare': '6.3', 'salesInten': '-109841213', 'salesChange': '-37.8', 'salesAcc': '4776943053', 'audiCnt': '19378', 'audiInten': '-12440', 'audiChange': '-39.1', 'audiAcc': '484329', 'scrnCnt': '620', 'showCnt': '1246'}, {'rnum': '6', 'rank': '6', 'rankInten': '0', 'rankOldAndNew': 'OLD', 'movieCd': '20208245', 'movieNm': '핸섬가이즈', 'openDt': '2024-06-26', 'salesAmt': '95425447', 'salesShare': '3.3', 'salesInten': '1490585', 'salesChange': '1.6', 'salesAcc': '15447381815', 'audiCnt': '10198', 'audiInten': '-25', 'audiChange': '-0.2', 'audiAcc': '1654281', 'scrnCnt': '550', 'showCnt': '924'}, {'rnum': '7', 'rank': '7', 'rankInten': '0', 'rankOldAndNew': 'OLD', 'movieCd': '20208911', 'movieNm': '탈출: 프로젝트 사일런스', 'openDt': '2024-07-12', 'salesAmt': '56477314', 'salesShare': '2.0', 'salesInten': '-5011237', 'salesChange': '-8.1', 'salesAcc': '6334190309', 'audiCnt': '5965', 'audiInten': '-770', 'audiChange': '-11.4', 'audiAcc': '649657', 'scrnCnt': '413', 'showCnt': '625'}, {'rnum': '8', 'rank': '8', 'rankInten': '9', 'rankOldAndNew': 'OLD', 'movieCd': '20241343', 'movieNm': '우마무스메 프리티 더비 새로운 시대의 문', 'openDt': '2024-07-11', 'salesAmt': '32392771', 'salesShare': '1.1', 'salesInten': '27766571', 'salesChange': '600.2', 'salesAcc': '396228587', 'audiCnt': '3251', 'audiInten': '2818', 'audiChange': '650.8', 'audiAcc': '36810', 'scrnCnt': '77', 'showCnt': '93'}, {'rnum': '9', 'rank': '9', 'rankInten': '1', 'rankOldAndNew': 'OLD', 'movieCd': '20224666', 'movieNm': '파일럿', 'openDt': '2024-07-31', 'salesAmt': '20152000', 'salesShare': '0.7', 'salesInten': '5494000', 'salesChange': '37.5', 'salesAcc': '268750000', 'audiCnt': '2274', 'audiInten': '420', 'audiChange': '22.7', 'audiAcc': '28484', 'scrnCnt': '10', 'showCnt': '14'}, {'rnum': '10', 'rank': '10', 'rankInten': '-1', 'rankOldAndNew': 'OLD', 'movieCd': '20248465', 'movieNm': '하이재킹', 'openDt': '2024-06-21', 'salesAmt': '18582373', 'salesShare': '0.6', 'salesInten': '748878', 'salesChange': '4.2', 'salesAcc': '16724456634', 'audiCnt': '2037', 'audiInten': '82', 'audiChange': '4.2', 'audiAcc': '1760743', 'scrnCnt': '155', 'showCnt': '189'}]}}
[2024-07-31T19:24:09.934+0900] {process_utils.py:191} INFO - partitioning List : ['load_dt']
[2024-07-31T19:24:09.934+0900] {process_utils.py:191} INFO -   rnum rank rankInten rankOldAndNew  ...  audiAcc scrnCnt showCnt   load_dt
[2024-07-31T19:24:09.934+0900] {process_utils.py:191} INFO - 0    1    1         0           OLD  ...   363426    1908    8054  20240725
[2024-07-31T19:24:09.935+0900] {process_utils.py:191} INFO - 1    2    2         0           OLD  ...   231946     997    3750  20240725
[2024-07-31T19:24:09.935+0900] {process_utils.py:191} INFO - 2    3    3         0           OLD  ...  2074632     884    2222  20240725
[2024-07-31T19:24:09.935+0900] {process_utils.py:191} INFO - 3    4    4         1           OLD  ...  8151936     639    1191  20240725
[2024-07-31T19:24:09.935+0900] {process_utils.py:191} INFO - 4    5    5        -1           OLD  ...   484329     620    1246  20240725
[2024-07-31T19:24:09.935+0900] {process_utils.py:191} INFO - 
[2024-07-31T19:24:09.936+0900] {process_utils.py:191} INFO - [5 rows x 19 columns]
[2024-07-31T19:24:10.399+0900] {python.py:237} INFO - Done. Returned value was: None
[2024-07-31T19:24:10.399+0900] {taskinstance.py:441} INFO - ::group::Post task execution logs
[2024-07-31T19:24:10.404+0900] {taskinstance.py:1206} INFO - Marking task as SUCCESS. dag_id=movie, task_id=get.data, run_id=scheduled__2024-07-25T02:10:00+00:00, execution_date=20240725T021000, start_date=20240731T102342, end_date=20240731T102410
[2024-07-31T19:24:10.439+0900] {local_task_job_runner.py:243} INFO - Task exited with return code 0
[2024-07-31T19:24:10.447+0900] {taskinstance.py:3503} INFO - 0 downstream tasks scheduled from follow-on schedule check
[2024-07-31T19:24:10.447+0900] {local_task_job_runner.py:222} INFO - ::endgroup::
