[2024-07-24T16:21:59.932+0900] {local_task_job_runner.py:120} INFO - ::group::Pre task execution logs
[2024-07-24T16:21:59.939+0900] {taskinstance.py:2076} INFO - Dependencies all met for dep_context=non-requeueable deps ti=<TaskInstance: make_parquet.check.done scheduled__2024-07-17T00:00:00+00:00 [queued]>
[2024-07-24T16:21:59.941+0900] {taskinstance.py:2076} INFO - Dependencies all met for dep_context=requeueable deps ti=<TaskInstance: make_parquet.check.done scheduled__2024-07-17T00:00:00+00:00 [queued]>
[2024-07-24T16:21:59.941+0900] {taskinstance.py:2306} INFO - Starting attempt 1 of 2
[2024-07-24T16:21:59.945+0900] {taskinstance.py:2330} INFO - Executing <Task(BashOperator): check.done> on 2024-07-17 00:00:00+00:00
[2024-07-24T16:21:59.948+0900] {standard_task_runner.py:64} INFO - Started process 98841 to run task
[2024-07-24T16:21:59.950+0900] {standard_task_runner.py:90} INFO - Running: ['airflow', 'tasks', 'run', 'make_parquet', 'check.done', 'scheduled__2024-07-17T00:00:00+00:00', '--job-id', '407', '--raw', '--subdir', 'DAGS_FOLDER/make_parquet.py', '--cfg-path', '/var/folders/qv/0knwm5h50ml0skpppwpbks_r0000gp/T/tmp1m12f65c']
[2024-07-24T16:21:59.951+0900] {standard_task_runner.py:91} INFO - Job 407: Subtask check.done
[2024-07-24T16:21:59.966+0900] {task_command.py:426} INFO - Running <TaskInstance: make_parquet.check.done scheduled__2024-07-17T00:00:00+00:00 [running]> on host jeongui-MacBookPro.local
[2024-07-24T16:21:59.988+0900] {taskinstance.py:2648} INFO - Exporting env vars: AIRFLOW_CTX_DAG_OWNER='airflow' AIRFLOW_CTX_DAG_ID='make_parquet' AIRFLOW_CTX_TASK_ID='check.done' AIRFLOW_CTX_EXECUTION_DATE='2024-07-17T00:00:00+00:00' AIRFLOW_CTX_TRY_NUMBER='1' AIRFLOW_CTX_DAG_RUN_ID='scheduled__2024-07-17T00:00:00+00:00'
[2024-07-24T16:21:59.988+0900] {taskinstance.py:430} INFO - ::endgroup::
[2024-07-24T16:21:59.994+0900] {subprocess.py:63} INFO - Tmp dir root location: /var/folders/qv/0knwm5h50ml0skpppwpbks_r0000gp/T
[2024-07-24T16:21:59.994+0900] {subprocess.py:75} INFO - Running command: ['/bin/bash', '-c', '\n        DONE_FILE=~/data/done/_import/20240717/_DONE\n        bash /Users/DE32/airflow/sh/simple_done_check.sh $DONE_FILE\n        ']
[2024-07-24T16:21:59.997+0900] {subprocess.py:86} INFO - Output:
[2024-07-24T16:22:00.001+0900] {subprocess.py:93} INFO - _DONE Path = /Users/DE32/data/done/_import/20240717/_DONE
[2024-07-24T16:22:00.001+0900] {subprocess.py:93} INFO - /Users/DE32/airflow/sh/simple_done_check.sh: line 7: figlet: command not found
[2024-07-24T16:22:00.002+0900] {subprocess.py:97} INFO - Command exited with return code 0
[2024-07-24T16:22:00.002+0900] {taskinstance.py:441} INFO - ::group::Post task execution logs
[2024-07-24T16:22:00.008+0900] {taskinstance.py:1206} INFO - Marking task as SUCCESS. dag_id=make_parquet, task_id=check.done, run_id=scheduled__2024-07-17T00:00:00+00:00, execution_date=20240717T000000, start_date=20240724T072159, end_date=20240724T072200
[2024-07-24T16:22:00.052+0900] {local_task_job_runner.py:243} INFO - Task exited with return code 0
[2024-07-24T16:22:00.061+0900] {taskinstance.py:3503} INFO - 1 downstream tasks scheduled from follow-on schedule check
[2024-07-24T16:22:00.062+0900] {local_task_job_runner.py:222} INFO - ::endgroup::
[2024-07-24T16:36:16.577+0900] {local_task_job_runner.py:120} INFO - ::group::Pre task execution logs
[2024-07-24T16:36:16.585+0900] {taskinstance.py:2076} INFO - Dependencies all met for dep_context=non-requeueable deps ti=<TaskInstance: make_parquet.check.done scheduled__2024-07-17T00:00:00+00:00 [queued]>
[2024-07-24T16:36:16.588+0900] {taskinstance.py:2076} INFO - Dependencies all met for dep_context=requeueable deps ti=<TaskInstance: make_parquet.check.done scheduled__2024-07-17T00:00:00+00:00 [queued]>
[2024-07-24T16:36:16.588+0900] {taskinstance.py:2306} INFO - Starting attempt 1 of 2
[2024-07-24T16:36:16.594+0900] {taskinstance.py:2330} INFO - Executing <Task(BashOperator): check.done> on 2024-07-17 00:00:00+00:00
[2024-07-24T16:36:16.610+0900] {standard_task_runner.py:64} INFO - Started process 1067 to run task
[2024-07-24T16:36:16.622+0900] {standard_task_runner.py:90} INFO - Running: ['airflow', 'tasks', 'run', 'make_parquet', 'check.done', 'scheduled__2024-07-17T00:00:00+00:00', '--job-id', '389', '--raw', '--subdir', 'DAGS_FOLDER/make_parquet.py', '--cfg-path', '/var/folders/qv/0knwm5h50ml0skpppwpbks_r0000gp/T/tmpjd9mdz5x']
[2024-07-24T16:36:16.629+0900] {standard_task_runner.py:91} INFO - Job 389: Subtask check.done
[2024-07-24T16:36:16.653+0900] {task_command.py:426} INFO - Running <TaskInstance: make_parquet.check.done scheduled__2024-07-17T00:00:00+00:00 [running]> on host jeongui-MacBookPro.local
[2024-07-24T16:36:16.683+0900] {taskinstance.py:2648} INFO - Exporting env vars: AIRFLOW_CTX_DAG_OWNER='airflow' AIRFLOW_CTX_DAG_ID='make_parquet' AIRFLOW_CTX_TASK_ID='check.done' AIRFLOW_CTX_EXECUTION_DATE='2024-07-17T00:00:00+00:00' AIRFLOW_CTX_TRY_NUMBER='1' AIRFLOW_CTX_DAG_RUN_ID='scheduled__2024-07-17T00:00:00+00:00'
[2024-07-24T16:36:16.683+0900] {taskinstance.py:430} INFO - ::endgroup::
[2024-07-24T16:36:16.689+0900] {subprocess.py:63} INFO - Tmp dir root location: /var/folders/qv/0knwm5h50ml0skpppwpbks_r0000gp/T
[2024-07-24T16:36:16.690+0900] {subprocess.py:75} INFO - Running command: ['/bin/bash', '-c', '\n        DONE_FILE=~/data/done/_import/20240717/_DONE\n        bash /Users/DE32/airflow/sh/simple_done_check.sh $DONE_FILE\n        ']
[2024-07-24T16:36:16.695+0900] {subprocess.py:86} INFO - Output:
[2024-07-24T16:36:16.701+0900] {subprocess.py:93} INFO - _DONE Path = /Users/DE32/data/done/_import/20240717/_DONE
[2024-07-24T16:36:16.702+0900] {subprocess.py:93} INFO - /Users/DE32/airflow/sh/simple_done_check.sh: line 7: figlet: command not found
[2024-07-24T16:36:16.702+0900] {subprocess.py:97} INFO - Command exited with return code 0
[2024-07-24T16:36:16.702+0900] {taskinstance.py:441} INFO - ::group::Post task execution logs
[2024-07-24T16:36:16.710+0900] {taskinstance.py:1206} INFO - Marking task as SUCCESS. dag_id=make_parquet, task_id=check.done, run_id=scheduled__2024-07-17T00:00:00+00:00, execution_date=20240717T000000, start_date=20240724T073616, end_date=20240724T073616
[2024-07-24T16:36:16.722+0900] {local_task_job_runner.py:243} INFO - Task exited with return code 0
[2024-07-24T16:36:16.731+0900] {taskinstance.py:3503} INFO - 1 downstream tasks scheduled from follow-on schedule check
[2024-07-24T16:36:16.732+0900] {local_task_job_runner.py:222} INFO - ::endgroup::
