[2024-07-29T09:30:06.520+0900] {local_task_job_runner.py:120} INFO - ::group::Pre task execution logs
[2024-07-29T09:30:06.527+0900] {taskinstance.py:2076} INFO - Dependencies all met for dep_context=non-requeueable deps ti=<TaskInstance: import_db.Check scheduled__2024-07-28T00:00:00+00:00 [queued]>
[2024-07-29T09:30:06.529+0900] {taskinstance.py:2076} INFO - Dependencies all met for dep_context=requeueable deps ti=<TaskInstance: import_db.Check scheduled__2024-07-28T00:00:00+00:00 [queued]>
[2024-07-29T09:30:06.529+0900] {taskinstance.py:2306} INFO - Starting attempt 1 of 1
[2024-07-29T09:30:06.533+0900] {taskinstance.py:2330} INFO - Executing <Task(BashOperator): Check> on 2024-07-28 00:00:00+00:00
[2024-07-29T09:30:06.535+0900] {standard_task_runner.py:64} INFO - Started process 55559 to run task
[2024-07-29T09:30:06.537+0900] {standard_task_runner.py:90} INFO - Running: ['airflow', 'tasks', 'run', 'import_db', 'Check', 'scheduled__2024-07-28T00:00:00+00:00', '--job-id', '494', '--raw', '--subdir', 'DAGS_FOLDER/import_db.py', '--cfg-path', '/var/folders/qv/0knwm5h50ml0skpppwpbks_r0000gp/T/tmpym_ul9y8']
[2024-07-29T09:30:06.539+0900] {standard_task_runner.py:91} INFO - Job 494: Subtask Check
[2024-07-29T09:30:06.553+0900] {task_command.py:426} INFO - Running <TaskInstance: import_db.Check scheduled__2024-07-28T00:00:00+00:00 [running]> on host jeongui-macbookpro.local
[2024-07-29T09:30:06.576+0900] {taskinstance.py:2648} INFO - Exporting env vars: AIRFLOW_CTX_DAG_OWNER='airflow' AIRFLOW_CTX_DAG_ID='import_db' AIRFLOW_CTX_TASK_ID='Check' AIRFLOW_CTX_EXECUTION_DATE='2024-07-28T00:00:00+00:00' AIRFLOW_CTX_TRY_NUMBER='1' AIRFLOW_CTX_DAG_RUN_ID='scheduled__2024-07-28T00:00:00+00:00'
[2024-07-29T09:30:06.576+0900] {taskinstance.py:430} INFO - ::endgroup::
[2024-07-29T09:30:06.583+0900] {subprocess.py:63} INFO - Tmp dir root location: /var/folders/qv/0knwm5h50ml0skpppwpbks_r0000gp/T
[2024-07-29T09:30:06.583+0900] {subprocess.py:75} INFO - Running command: ['/bin/bash', '-c', 'bash /Users/DE32/airflow/sh/simple_done_check.sh ~/data/done/20240728/_DONE']
[2024-07-29T09:30:06.586+0900] {subprocess.py:86} INFO - Output:
[2024-07-29T09:30:06.590+0900] {subprocess.py:93} INFO - _DONE Path = /Users/DE32/data/done/20240728/_DONE
[2024-07-29T09:30:06.590+0900] {subprocess.py:93} INFO - I'll be back =>
[2024-07-29T09:30:06.591+0900] {subprocess.py:97} INFO - Command exited with return code 1
[2024-07-29T09:30:06.591+0900] {taskinstance.py:441} INFO - ::group::Post task execution logs
[2024-07-29T09:30:06.594+0900] {taskinstance.py:2905} ERROR - Task failed with exception
Traceback (most recent call last):
  File "/Users/DE32/.pyenv/versions/3.11.9/envs/note/lib/python3.11/site-packages/airflow/models/taskinstance.py", line 465, in _execute_task
    result = _execute_callable(context=context, **execute_callable_kwargs)
             ^^^^^^^^^^^^^^^^^^^^^^^^^^^^^^^^^^^^^^^^^^^^^^^^^^^^^^^^^^^^^
  File "/Users/DE32/.pyenv/versions/3.11.9/envs/note/lib/python3.11/site-packages/airflow/models/taskinstance.py", line 432, in _execute_callable
    return execute_callable(context=context, **execute_callable_kwargs)
           ^^^^^^^^^^^^^^^^^^^^^^^^^^^^^^^^^^^^^^^^^^^^^^^^^^^^^^^^^^^^
  File "/Users/DE32/.pyenv/versions/3.11.9/envs/note/lib/python3.11/site-packages/airflow/models/baseoperator.py", line 401, in wrapper
    return func(self, *args, **kwargs)
           ^^^^^^^^^^^^^^^^^^^^^^^^^^^
  File "/Users/DE32/.pyenv/versions/3.11.9/envs/note/lib/python3.11/site-packages/airflow/operators/bash.py", line 243, in execute
    raise AirflowException(
airflow.exceptions.AirflowException: Bash command failed. The command returned a non-zero exit code 1.
[2024-07-29T09:30:06.596+0900] {taskinstance.py:1206} INFO - Marking task as FAILED. dag_id=import_db, task_id=Check, run_id=scheduled__2024-07-28T00:00:00+00:00, execution_date=20240728T000000, start_date=20240729T003006, end_date=20240729T003006
[2024-07-29T09:30:06.600+0900] {standard_task_runner.py:110} ERROR - Failed to execute job 494 for task Check (Bash command failed. The command returned a non-zero exit code 1.; 55559)
[2024-07-29T09:30:06.641+0900] {local_task_job_runner.py:243} INFO - Task exited with return code 1
[2024-07-29T09:30:06.653+0900] {taskinstance.py:3503} INFO - 1 downstream tasks scheduled from follow-on schedule check
[2024-07-29T09:30:06.654+0900] {local_task_job_runner.py:222} INFO - ::endgroup::
