[2024-07-31T09:29:56.264+0900] {local_task_job_runner.py:120} INFO - ::group::Pre task execution logs
[2024-07-31T09:29:56.276+0900] {taskinstance.py:2076} INFO - Dependencies all met for dep_context=non-requeueable deps ti=<TaskInstance: movie.save.data scheduled__2024-07-26T04:10:00+00:00 [queued]>
[2024-07-31T09:29:56.281+0900] {taskinstance.py:2076} INFO - Dependencies all met for dep_context=requeueable deps ti=<TaskInstance: movie.save.data scheduled__2024-07-26T04:10:00+00:00 [queued]>
[2024-07-31T09:29:56.281+0900] {taskinstance.py:2306} INFO - Starting attempt 1 of 2
[2024-07-31T09:29:56.286+0900] {taskinstance.py:2330} INFO - Executing <Task(PythonVirtualenvOperator): save.data> on 2024-07-26 04:10:00+00:00
[2024-07-31T09:29:56.288+0900] {standard_task_runner.py:64} INFO - Started process 6611 to run task
[2024-07-31T09:29:56.291+0900] {standard_task_runner.py:90} INFO - Running: ['airflow', 'tasks', 'run', 'movie', 'save.data', 'scheduled__2024-07-26T04:10:00+00:00', '--job-id', '696', '--raw', '--subdir', 'DAGS_FOLDER/movie.py', '--cfg-path', '/var/folders/qv/0knwm5h50ml0skpppwpbks_r0000gp/T/tmp3rvlmcd5']
[2024-07-31T09:29:56.292+0900] {standard_task_runner.py:91} INFO - Job 696: Subtask save.data
[2024-07-31T09:29:56.306+0900] {task_command.py:426} INFO - Running <TaskInstance: movie.save.data scheduled__2024-07-26T04:10:00+00:00 [running]> on host jeongui-MacBookPro.local
[2024-07-31T09:29:56.326+0900] {taskinstance.py:2648} INFO - Exporting env vars: AIRFLOW_CTX_DAG_OWNER='airflow' AIRFLOW_CTX_DAG_ID='movie' AIRFLOW_CTX_TASK_ID='save.data' AIRFLOW_CTX_EXECUTION_DATE='2024-07-26T04:10:00+00:00' AIRFLOW_CTX_TRY_NUMBER='1' AIRFLOW_CTX_DAG_RUN_ID='scheduled__2024-07-26T04:10:00+00:00'
[2024-07-31T09:29:56.326+0900] {taskinstance.py:430} INFO - ::endgroup::
[2024-07-31T09:29:56.332+0900] {baseoperator.py:400} WARNING - PythonVirtualenvOperator.execute cannot be called outside TaskInstance!
[2024-07-31T09:29:56.332+0900] {process_utils.py:183} INFO - Executing cmd: /Users/DE32/.pyenv/versions/3.11.9/envs/note/bin/python -m virtualenv /var/folders/qv/0knwm5h50ml0skpppwpbks_r0000gp/T/venvhtt9ov69 --python=python
[2024-07-31T09:29:56.334+0900] {process_utils.py:187} INFO - Output:
[2024-07-31T09:29:56.508+0900] {process_utils.py:191} INFO - created virtual environment CPython3.11.9.final.0-64 in 116ms
[2024-07-31T09:29:56.508+0900] {process_utils.py:191} INFO -   creator CPython3Posix(dest=/private/var/folders/qv/0knwm5h50ml0skpppwpbks_r0000gp/T/venvhtt9ov69, clear=False, no_vcs_ignore=False, global=False)
[2024-07-31T09:29:56.509+0900] {process_utils.py:191} INFO -   seeder FromAppData(download=False, pip=bundle, setuptools=bundle, wheel=bundle, via=copy, app_data_dir=/Users/DE32/Library/Application Support/virtualenv)
[2024-07-31T09:29:56.509+0900] {process_utils.py:191} INFO -     added seed packages: pip==24.1.2, setuptools==70.2.0, wheel==0.43.0
[2024-07-31T09:29:56.509+0900] {process_utils.py:191} INFO -   activators BashActivator,CShellActivator,FishActivator,NushellActivator,PowerShellActivator,PythonActivator
[2024-07-31T09:29:56.520+0900] {process_utils.py:183} INFO - Executing cmd: /var/folders/qv/0knwm5h50ml0skpppwpbks_r0000gp/T/venvhtt9ov69/bin/pip install -r /var/folders/qv/0knwm5h50ml0skpppwpbks_r0000gp/T/venvhtt9ov69/requirements.txt
[2024-07-31T09:29:56.522+0900] {process_utils.py:187} INFO - Output:
[2024-07-31T09:29:57.261+0900] {process_utils.py:191} INFO - Collecting git+https://github.com/Jeonghoon2/movie.git@0.2/api (from -r /var/folders/qv/0knwm5h50ml0skpppwpbks_r0000gp/T/venvhtt9ov69/requirements.txt (line 1))
[2024-07-31T09:29:57.261+0900] {process_utils.py:191} INFO -   Cloning https://github.com/Jeonghoon2/movie.git (to revision 0.2/api) to /private/var/folders/qv/0knwm5h50ml0skpppwpbks_r0000gp/T/pip-req-build-3hw9twk6
[2024-07-31T09:29:57.273+0900] {process_utils.py:191} INFO -   Running command git clone --filter=blob:none --quiet https://github.com/Jeonghoon2/movie.git /private/var/folders/qv/0knwm5h50ml0skpppwpbks_r0000gp/T/pip-req-build-3hw9twk6
[2024-07-31T09:29:58.720+0900] {process_utils.py:191} INFO -   Running command git checkout -b 0.2/api --track origin/0.2/api
[2024-07-31T09:29:59.370+0900] {process_utils.py:191} INFO -   Switched to a new branch '0.2/api'
[2024-07-31T09:29:59.371+0900] {process_utils.py:191} INFO -   branch '0.2/api' set up to track 'origin/0.2/api'.
[2024-07-31T09:29:59.371+0900] {process_utils.py:191} INFO -   Resolved https://github.com/Jeonghoon2/movie.git to commit 514cfb45f6fa577ee07d4fa2076f9283780af81e
[2024-07-31T09:29:59.394+0900] {process_utils.py:191} INFO -   Installing build dependencies: started
[2024-07-31T09:30:00.336+0900] {process_utils.py:191} INFO -   Installing build dependencies: finished with status 'done'
[2024-07-31T09:30:00.337+0900] {process_utils.py:191} INFO -   Getting requirements to build wheel: started
[2024-07-31T09:30:00.461+0900] {process_utils.py:191} INFO -   Getting requirements to build wheel: finished with status 'done'
[2024-07-31T09:30:00.462+0900] {process_utils.py:191} INFO -   Preparing metadata (pyproject.toml): started
[2024-07-31T09:30:00.586+0900] {process_utils.py:191} INFO -   Preparing metadata (pyproject.toml): finished with status 'done'
[2024-07-31T09:30:00.648+0900] {process_utils.py:191} INFO - Collecting requests>=2.32.3 (from mov==0.1.0->-r /var/folders/qv/0knwm5h50ml0skpppwpbks_r0000gp/T/venvhtt9ov69/requirements.txt (line 1))
[2024-07-31T09:30:00.649+0900] {process_utils.py:191} INFO -   Using cached requests-2.32.3-py3-none-any.whl.metadata (4.6 kB)
[2024-07-31T09:30:00.715+0900] {process_utils.py:191} INFO - Collecting pandas>=2.2.2 (from mov==0.1.0->-r /var/folders/qv/0knwm5h50ml0skpppwpbks_r0000gp/T/venvhtt9ov69/requirements.txt (line 1))
[2024-07-31T09:30:00.716+0900] {process_utils.py:191} INFO -   Using cached pandas-2.2.2-cp311-cp311-macosx_11_0_arm64.whl.metadata (19 kB)
[2024-07-31T09:30:00.815+0900] {process_utils.py:191} INFO - Collecting numpy>=2.0.1 (from mov==0.1.0->-r /var/folders/qv/0knwm5h50ml0skpppwpbks_r0000gp/T/venvhtt9ov69/requirements.txt (line 1))
[2024-07-31T09:30:00.816+0900] {process_utils.py:191} INFO -   Using cached numpy-2.0.1-cp311-cp311-macosx_14_0_arm64.whl.metadata (60 kB)
[2024-07-31T09:30:00.868+0900] {process_utils.py:191} INFO - Collecting pyarrow>=17.0.0 (from mov==0.1.0->-r /var/folders/qv/0knwm5h50ml0skpppwpbks_r0000gp/T/venvhtt9ov69/requirements.txt (line 1))
[2024-07-31T09:30:00.869+0900] {process_utils.py:191} INFO -   Using cached pyarrow-17.0.0-cp311-cp311-macosx_11_0_arm64.whl.metadata (3.3 kB)
[2024-07-31T09:30:00.892+0900] {process_utils.py:191} INFO - Collecting python-dateutil>=2.8.2 (from pandas>=2.2.2->mov==0.1.0->-r /var/folders/qv/0knwm5h50ml0skpppwpbks_r0000gp/T/venvhtt9ov69/requirements.txt (line 1))
[2024-07-31T09:30:00.893+0900] {process_utils.py:191} INFO -   Using cached python_dateutil-2.9.0.post0-py2.py3-none-any.whl.metadata (8.4 kB)
[2024-07-31T09:30:00.946+0900] {process_utils.py:191} INFO - Collecting pytz>=2020.1 (from pandas>=2.2.2->mov==0.1.0->-r /var/folders/qv/0knwm5h50ml0skpppwpbks_r0000gp/T/venvhtt9ov69/requirements.txt (line 1))
[2024-07-31T09:30:00.947+0900] {process_utils.py:191} INFO -   Using cached pytz-2024.1-py2.py3-none-any.whl.metadata (22 kB)
[2024-07-31T09:30:00.968+0900] {process_utils.py:191} INFO - Collecting tzdata>=2022.7 (from pandas>=2.2.2->mov==0.1.0->-r /var/folders/qv/0knwm5h50ml0skpppwpbks_r0000gp/T/venvhtt9ov69/requirements.txt (line 1))
[2024-07-31T09:30:00.969+0900] {process_utils.py:191} INFO -   Using cached tzdata-2024.1-py2.py3-none-any.whl.metadata (1.4 kB)
[2024-07-31T09:30:01.029+0900] {process_utils.py:191} INFO - Collecting charset-normalizer<4,>=2 (from requests>=2.32.3->mov==0.1.0->-r /var/folders/qv/0knwm5h50ml0skpppwpbks_r0000gp/T/venvhtt9ov69/requirements.txt (line 1))
[2024-07-31T09:30:01.029+0900] {process_utils.py:191} INFO -   Using cached charset_normalizer-3.3.2-cp311-cp311-macosx_11_0_arm64.whl.metadata (33 kB)
[2024-07-31T09:30:01.047+0900] {process_utils.py:191} INFO - Collecting idna<4,>=2.5 (from requests>=2.32.3->mov==0.1.0->-r /var/folders/qv/0knwm5h50ml0skpppwpbks_r0000gp/T/venvhtt9ov69/requirements.txt (line 1))
[2024-07-31T09:30:01.047+0900] {process_utils.py:191} INFO -   Using cached idna-3.7-py3-none-any.whl.metadata (9.9 kB)
[2024-07-31T09:30:01.074+0900] {process_utils.py:191} INFO - Collecting urllib3<3,>=1.21.1 (from requests>=2.32.3->mov==0.1.0->-r /var/folders/qv/0knwm5h50ml0skpppwpbks_r0000gp/T/venvhtt9ov69/requirements.txt (line 1))
[2024-07-31T09:30:01.075+0900] {process_utils.py:191} INFO -   Using cached urllib3-2.2.2-py3-none-any.whl.metadata (6.4 kB)
[2024-07-31T09:30:01.092+0900] {process_utils.py:191} INFO - Collecting certifi>=2017.4.17 (from requests>=2.32.3->mov==0.1.0->-r /var/folders/qv/0knwm5h50ml0skpppwpbks_r0000gp/T/venvhtt9ov69/requirements.txt (line 1))
[2024-07-31T09:30:01.093+0900] {process_utils.py:191} INFO -   Using cached certifi-2024.7.4-py3-none-any.whl.metadata (2.2 kB)
[2024-07-31T09:30:01.118+0900] {process_utils.py:191} INFO - Collecting six>=1.5 (from python-dateutil>=2.8.2->pandas>=2.2.2->mov==0.1.0->-r /var/folders/qv/0knwm5h50ml0skpppwpbks_r0000gp/T/venvhtt9ov69/requirements.txt (line 1))
[2024-07-31T09:30:01.118+0900] {process_utils.py:191} INFO -   Using cached six-1.16.0-py2.py3-none-any.whl.metadata (1.8 kB)
[2024-07-31T09:30:01.121+0900] {process_utils.py:191} INFO - Using cached numpy-2.0.1-cp311-cp311-macosx_14_0_arm64.whl (5.3 MB)
[2024-07-31T09:30:01.127+0900] {process_utils.py:191} INFO - Using cached pandas-2.2.2-cp311-cp311-macosx_11_0_arm64.whl (11.3 MB)
[2024-07-31T09:30:01.139+0900] {process_utils.py:191} INFO - Using cached pyarrow-17.0.0-cp311-cp311-macosx_11_0_arm64.whl (27.2 MB)
[2024-07-31T09:30:01.165+0900] {process_utils.py:191} INFO - Using cached requests-2.32.3-py3-none-any.whl (64 kB)
[2024-07-31T09:30:01.166+0900] {process_utils.py:191} INFO - Using cached certifi-2024.7.4-py3-none-any.whl (162 kB)
[2024-07-31T09:30:01.167+0900] {process_utils.py:191} INFO - Using cached charset_normalizer-3.3.2-cp311-cp311-macosx_11_0_arm64.whl (118 kB)
[2024-07-31T09:30:01.168+0900] {process_utils.py:191} INFO - Using cached idna-3.7-py3-none-any.whl (66 kB)
[2024-07-31T09:30:01.169+0900] {process_utils.py:191} INFO - Using cached python_dateutil-2.9.0.post0-py2.py3-none-any.whl (229 kB)
[2024-07-31T09:30:01.170+0900] {process_utils.py:191} INFO - Using cached pytz-2024.1-py2.py3-none-any.whl (505 kB)
[2024-07-31T09:30:01.171+0900] {process_utils.py:191} INFO - Using cached tzdata-2024.1-py2.py3-none-any.whl (345 kB)
[2024-07-31T09:30:01.172+0900] {process_utils.py:191} INFO - Using cached urllib3-2.2.2-py3-none-any.whl (121 kB)
[2024-07-31T09:30:01.173+0900] {process_utils.py:191} INFO - Using cached six-1.16.0-py2.py3-none-any.whl (11 kB)
[2024-07-31T09:30:01.215+0900] {process_utils.py:191} INFO - Building wheels for collected packages: mov
[2024-07-31T09:30:01.228+0900] {process_utils.py:191} INFO -   Building wheel for mov (pyproject.toml): started
[2024-07-31T09:30:01.363+0900] {process_utils.py:191} INFO -   Building wheel for mov (pyproject.toml): finished with status 'done'
[2024-07-31T09:30:01.364+0900] {process_utils.py:191} INFO -   Created wheel for mov: filename=mov-0.1.0-py3-none-any.whl size=3017 sha256=e9382da78aa36e040a072b0aacbc922e4bfca0b32bbb838b153b054f1651af3b
[2024-07-31T09:30:01.364+0900] {process_utils.py:191} INFO -   Stored in directory: /private/var/folders/qv/0knwm5h50ml0skpppwpbks_r0000gp/T/pip-ephem-wheel-cache-lupusm6c/wheels/cf/ab/a7/d0c528d20fa8a5f19e169bdf1d98f2b2cefe79d8527bb89200
[2024-07-31T09:30:01.365+0900] {process_utils.py:191} INFO - Successfully built mov
[2024-07-31T09:30:01.393+0900] {process_utils.py:191} INFO - Installing collected packages: pytz, urllib3, tzdata, six, numpy, idna, charset-normalizer, certifi, requests, python-dateutil, pyarrow, pandas, mov
[2024-07-31T09:30:05.883+0900] {process_utils.py:191} INFO - Successfully installed certifi-2024.7.4 charset-normalizer-3.3.2 idna-3.7 mov-0.1.0 numpy-2.0.1 pandas-2.2.2 pyarrow-17.0.0 python-dateutil-2.9.0.post0 pytz-2024.1 requests-2.32.3 six-1.16.0 tzdata-2024.1 urllib3-2.2.2
[2024-07-31T09:30:05.886+0900] {process_utils.py:191} INFO - 
[2024-07-31T09:30:05.887+0900] {process_utils.py:191} INFO - [notice] A new release of pip is available: 24.1.2 -> 24.2
[2024-07-31T09:30:05.887+0900] {process_utils.py:191} INFO - [notice] To update, run: python -m pip install --upgrade pip
[2024-07-31T09:30:06.017+0900] {process_utils.py:183} INFO - Executing cmd: /var/folders/qv/0knwm5h50ml0skpppwpbks_r0000gp/T/venvhtt9ov69/bin/python /var/folders/qv/0knwm5h50ml0skpppwpbks_r0000gp/T/venv-callk8j85bdo/script.py /var/folders/qv/0knwm5h50ml0skpppwpbks_r0000gp/T/venv-callk8j85bdo/script.in /var/folders/qv/0knwm5h50ml0skpppwpbks_r0000gp/T/venv-callk8j85bdo/script.out /var/folders/qv/0knwm5h50ml0skpppwpbks_r0000gp/T/venv-callk8j85bdo/string_args.txt /var/folders/qv/0knwm5h50ml0skpppwpbks_r0000gp/T/venv-callk8j85bdo/termination.log
[2024-07-31T09:30:06.018+0900] {process_utils.py:187} INFO - Output:
[2024-07-31T09:30:18.801+0900] {process_utils.py:191} INFO - *********************************
[2024-07-31T09:30:18.802+0900] {process_utils.py:191} INFO -    rnum  rank  rankInten rankOldAndNew  ... audiChange  audiAcc scrnCnt  showCnt
[2024-07-31T09:30:18.802+0900] {process_utils.py:191} INFO - 0     1     1          0           OLD  ...       25.1   528093    1947     8677
[2024-07-31T09:30:18.802+0900] {process_utils.py:191} INFO - 1     2     2          0           OLD  ...       21.4   297057    1017     3846
[2024-07-31T09:30:18.803+0900] {process_utils.py:191} INFO - 2     3     3          0           OLD  ...       23.8  2117002     878     2310
[2024-07-31T09:30:18.803+0900] {process_utils.py:191} INFO - 3     4     4          0           OLD  ...       25.6  8177738     652     1220
[2024-07-31T09:30:18.804+0900] {process_utils.py:191} INFO - 4     5     5          0           OLD  ...       -5.9   502567     589     1187
[2024-07-31T09:30:18.804+0900] {process_utils.py:191} INFO - 5     6     6          0           OLD  ...       34.4  1667655     537      928
[2024-07-31T09:30:18.804+0900] {process_utils.py:191} INFO - 6     7     7          0           OLD  ...        2.0   655741     377      577
[2024-07-31T09:30:18.805+0900] {process_utils.py:191} INFO - 7     8     8          6           OLD  ...      241.3    25607      50       66
[2024-07-31T09:30:18.805+0900] {process_utils.py:191} INFO - 8     9     9          1           OLD  ...       -5.1  1762676     138      173
[2024-07-31T09:30:18.805+0900] {process_utils.py:191} INFO - 9    10    10         -2           OLD  ...      -42.3    38685      79       91
[2024-07-31T09:30:18.806+0900] {process_utils.py:191} INFO - 
[2024-07-31T09:30:18.806+0900] {process_utils.py:191} INFO - [10 rows x 18 columns]
[2024-07-31T09:30:18.806+0900] {process_utils.py:191} INFO - *********************************
[2024-07-31T09:30:18.806+0900] {process_utils.py:191} INFO - rnum               int64
[2024-07-31T09:30:18.807+0900] {process_utils.py:191} INFO - rank               int64
[2024-07-31T09:30:18.807+0900] {process_utils.py:191} INFO - rankInten          int64
[2024-07-31T09:30:18.807+0900] {process_utils.py:191} INFO - rankOldAndNew     object
[2024-07-31T09:30:18.808+0900] {process_utils.py:191} INFO - movieCd           object
[2024-07-31T09:30:18.808+0900] {process_utils.py:191} INFO - movieNm           object
[2024-07-31T09:30:18.808+0900] {process_utils.py:191} INFO - openDt            object
[2024-07-31T09:30:18.808+0900] {process_utils.py:191} INFO - salesAmt           int64
[2024-07-31T09:30:18.809+0900] {process_utils.py:191} INFO - salesShare       float64
[2024-07-31T09:30:18.809+0900] {process_utils.py:191} INFO - salesInten         int64
[2024-07-31T09:30:18.809+0900] {process_utils.py:191} INFO - salesChange      float64
[2024-07-31T09:30:18.809+0900] {process_utils.py:191} INFO - salesAcc          object
[2024-07-31T09:30:18.810+0900] {process_utils.py:191} INFO - audiCnt            int64
[2024-07-31T09:30:18.810+0900] {process_utils.py:191} INFO - audiInten          int64
[2024-07-31T09:30:18.810+0900] {process_utils.py:191} INFO - audiChange       float64
[2024-07-31T09:30:18.811+0900] {process_utils.py:191} INFO - audiAcc            int64
[2024-07-31T09:30:18.811+0900] {process_utils.py:191} INFO - scrnCnt            int64
[2024-07-31T09:30:18.811+0900] {process_utils.py:191} INFO - showCnt            int64
[2024-07-31T09:30:18.811+0900] {process_utils.py:191} INFO - dtype: object
[2024-07-31T09:30:18.812+0900] {process_utils.py:191} INFO - 개봉일 기준 그룹핑 누적 관객수 합
[2024-07-31T09:30:18.812+0900] {process_utils.py:191} INFO -        openDt  audiCnt
[2024-07-31T09:30:18.812+0900] {process_utils.py:191} INFO - 0  2024-06-12    25799
[2024-07-31T09:30:18.812+0900] {process_utils.py:191} INFO - 1  2024-06-21     1933
[2024-07-31T09:30:18.813+0900] {process_utils.py:191} INFO - 2  2024-06-26    13708
[2024-07-31T09:30:18.813+0900] {process_utils.py:191} INFO - 3  2024-07-03    42370
[2024-07-31T09:30:18.813+0900] {process_utils.py:191} INFO - 4  2024-07-11     1875
[2024-07-31T09:30:18.813+0900] {process_utils.py:191} INFO - 5  2024-07-12     6084
[2024-07-31T09:30:18.814+0900] {process_utils.py:191} INFO - 6  2024-07-17    18238
[2024-07-31T09:30:18.814+0900] {process_utils.py:191} INFO - 7  2024-07-18     2611
[2024-07-31T09:30:18.814+0900] {process_utils.py:191} INFO - 8  2024-07-24   229778
[2024-07-31T09:30:19.227+0900] {python.py:237} INFO - Done. Returned value was: None
[2024-07-31T09:30:19.227+0900] {taskinstance.py:441} INFO - ::group::Post task execution logs
[2024-07-31T09:30:19.231+0900] {taskinstance.py:1206} INFO - Marking task as SUCCESS. dag_id=movie, task_id=save.data, run_id=scheduled__2024-07-26T04:10:00+00:00, execution_date=20240726T041000, start_date=20240731T002956, end_date=20240731T003019
[2024-07-31T09:30:19.248+0900] {local_task_job_runner.py:243} INFO - Task exited with return code 0
[2024-07-31T09:30:19.254+0900] {taskinstance.py:3503} INFO - 0 downstream tasks scheduled from follow-on schedule check
[2024-07-31T09:30:19.254+0900] {local_task_job_runner.py:222} INFO - ::endgroup::
