[2024-07-31T19:35:53.076+0900] {local_task_job_runner.py:120} INFO - ::group::Pre task execution logs
[2024-07-31T19:35:53.087+0900] {taskinstance.py:2076} INFO - Dependencies all met for dep_context=non-requeueable deps ti=<TaskInstance: movie.nation.f scheduled__2024-07-24T02:10:00+00:00 [queued]>
[2024-07-31T19:35:53.091+0900] {taskinstance.py:2076} INFO - Dependencies all met for dep_context=requeueable deps ti=<TaskInstance: movie.nation.f scheduled__2024-07-24T02:10:00+00:00 [queued]>
[2024-07-31T19:35:53.091+0900] {taskinstance.py:2306} INFO - Starting attempt 8 of 9
[2024-07-31T19:35:53.097+0900] {taskinstance.py:2330} INFO - Executing <Task(PythonVirtualenvOperator): nation.f> on 2024-07-24 02:10:00+00:00
[2024-07-31T19:35:53.100+0900] {standard_task_runner.py:64} INFO - Started process 32419 to run task
[2024-07-31T19:35:53.103+0900] {standard_task_runner.py:90} INFO - Running: ['airflow', 'tasks', 'run', 'movie', 'nation.f', 'scheduled__2024-07-24T02:10:00+00:00', '--job-id', '937', '--raw', '--subdir', 'DAGS_FOLDER/movie.py', '--cfg-path', '/var/folders/qv/0knwm5h50ml0skpppwpbks_r0000gp/T/tmpdonhmoms']
[2024-07-31T19:35:53.104+0900] {standard_task_runner.py:91} INFO - Job 937: Subtask nation.f
[2024-07-31T19:35:53.119+0900] {task_command.py:426} INFO - Running <TaskInstance: movie.nation.f scheduled__2024-07-24T02:10:00+00:00 [running]> on host jeongui-MacBookPro.local
[2024-07-31T19:35:53.140+0900] {taskinstance.py:2648} INFO - Exporting env vars: AIRFLOW_CTX_DAG_OWNER='airflow' AIRFLOW_CTX_DAG_ID='movie' AIRFLOW_CTX_TASK_ID='nation.f' AIRFLOW_CTX_EXECUTION_DATE='2024-07-24T02:10:00+00:00' AIRFLOW_CTX_TRY_NUMBER='8' AIRFLOW_CTX_DAG_RUN_ID='scheduled__2024-07-24T02:10:00+00:00'
[2024-07-31T19:35:53.140+0900] {taskinstance.py:430} INFO - ::endgroup::
[2024-07-31T19:35:53.145+0900] {baseoperator.py:400} WARNING - PythonVirtualenvOperator.execute cannot be called outside TaskInstance!
[2024-07-31T19:35:53.145+0900] {process_utils.py:183} INFO - Executing cmd: /Users/DE32/.pyenv/versions/3.11.9/envs/note/bin/python -m virtualenv /var/folders/qv/0knwm5h50ml0skpppwpbks_r0000gp/T/venvptz1am1h --python=python
[2024-07-31T19:35:53.147+0900] {process_utils.py:187} INFO - Output:
[2024-07-31T19:35:53.383+0900] {process_utils.py:191} INFO - created virtual environment CPython3.11.9.final.0-64 in 167ms
[2024-07-31T19:35:53.384+0900] {process_utils.py:191} INFO -   creator CPython3Posix(dest=/private/var/folders/qv/0knwm5h50ml0skpppwpbks_r0000gp/T/venvptz1am1h, clear=False, no_vcs_ignore=False, global=False)
[2024-07-31T19:35:53.384+0900] {process_utils.py:191} INFO -   seeder FromAppData(download=False, pip=bundle, setuptools=bundle, wheel=bundle, via=copy, app_data_dir=/Users/DE32/Library/Application Support/virtualenv)
[2024-07-31T19:35:53.384+0900] {process_utils.py:191} INFO -     added seed packages: pip==24.1.2, setuptools==70.2.0, wheel==0.43.0
[2024-07-31T19:35:53.384+0900] {process_utils.py:191} INFO -   activators BashActivator,CShellActivator,FishActivator,NushellActivator,PowerShellActivator,PythonActivator
[2024-07-31T19:35:53.395+0900] {process_utils.py:183} INFO - Executing cmd: /var/folders/qv/0knwm5h50ml0skpppwpbks_r0000gp/T/venvptz1am1h/bin/pip install -r /var/folders/qv/0knwm5h50ml0skpppwpbks_r0000gp/T/venvptz1am1h/requirements.txt
[2024-07-31T19:35:53.397+0900] {process_utils.py:187} INFO - Output:
[2024-07-31T19:35:54.116+0900] {process_utils.py:191} INFO - Collecting git+https://github.com/Jeonghoon2/movie.git@0.2/api (from -r /var/folders/qv/0knwm5h50ml0skpppwpbks_r0000gp/T/venvptz1am1h/requirements.txt (line 1))
[2024-07-31T19:35:54.116+0900] {process_utils.py:191} INFO -   Cloning https://github.com/Jeonghoon2/movie.git (to revision 0.2/api) to /private/var/folders/qv/0knwm5h50ml0skpppwpbks_r0000gp/T/pip-req-build-zy_k4h__
[2024-07-31T19:35:54.128+0900] {process_utils.py:191} INFO -   Running command git clone --filter=blob:none --quiet https://github.com/Jeonghoon2/movie.git /private/var/folders/qv/0knwm5h50ml0skpppwpbks_r0000gp/T/pip-req-build-zy_k4h__
[2024-07-31T19:35:55.736+0900] {process_utils.py:191} INFO -   Running command git checkout -b 0.2/api --track origin/0.2/api
[2024-07-31T19:35:57.417+0900] {process_utils.py:191} INFO -   Switched to a new branch '0.2/api'
[2024-07-31T19:35:57.418+0900] {process_utils.py:191} INFO -   branch '0.2/api' set up to track 'origin/0.2/api'.
[2024-07-31T19:35:57.418+0900] {process_utils.py:191} INFO -   Resolved https://github.com/Jeonghoon2/movie.git to commit c2fdd392ce95b386519b05b3bab786608cdb1c58
[2024-07-31T19:35:57.440+0900] {process_utils.py:191} INFO -   Installing build dependencies: started
[2024-07-31T19:35:58.329+0900] {process_utils.py:191} INFO -   Installing build dependencies: finished with status 'done'
[2024-07-31T19:35:58.329+0900] {process_utils.py:191} INFO -   Getting requirements to build wheel: started
[2024-07-31T19:35:58.452+0900] {process_utils.py:191} INFO -   Getting requirements to build wheel: finished with status 'done'
[2024-07-31T19:35:58.453+0900] {process_utils.py:191} INFO -   Preparing metadata (pyproject.toml): started
[2024-07-31T19:35:58.578+0900] {process_utils.py:191} INFO -   Preparing metadata (pyproject.toml): finished with status 'done'
[2024-07-31T19:35:58.639+0900] {process_utils.py:191} INFO - Collecting requests>=2.32.3 (from mov==0.1.0->-r /var/folders/qv/0knwm5h50ml0skpppwpbks_r0000gp/T/venvptz1am1h/requirements.txt (line 1))
[2024-07-31T19:35:58.640+0900] {process_utils.py:191} INFO -   Using cached requests-2.32.3-py3-none-any.whl.metadata (4.6 kB)
[2024-07-31T19:35:58.704+0900] {process_utils.py:191} INFO - Collecting pandas>=2.2.2 (from mov==0.1.0->-r /var/folders/qv/0knwm5h50ml0skpppwpbks_r0000gp/T/venvptz1am1h/requirements.txt (line 1))
[2024-07-31T19:35:58.705+0900] {process_utils.py:191} INFO -   Using cached pandas-2.2.2-cp311-cp311-macosx_11_0_arm64.whl.metadata (19 kB)
[2024-07-31T19:35:58.803+0900] {process_utils.py:191} INFO - Collecting numpy>=2.0.1 (from mov==0.1.0->-r /var/folders/qv/0knwm5h50ml0skpppwpbks_r0000gp/T/venvptz1am1h/requirements.txt (line 1))
[2024-07-31T19:35:58.804+0900] {process_utils.py:191} INFO -   Using cached numpy-2.0.1-cp311-cp311-macosx_14_0_arm64.whl.metadata (60 kB)
[2024-07-31T19:35:58.857+0900] {process_utils.py:191} INFO - Collecting pyarrow>=17.0.0 (from mov==0.1.0->-r /var/folders/qv/0knwm5h50ml0skpppwpbks_r0000gp/T/venvptz1am1h/requirements.txt (line 1))
[2024-07-31T19:35:58.859+0900] {process_utils.py:191} INFO -   Using cached pyarrow-17.0.0-cp311-cp311-macosx_11_0_arm64.whl.metadata (3.3 kB)
[2024-07-31T19:35:58.882+0900] {process_utils.py:191} INFO - Collecting python-dateutil>=2.8.2 (from pandas>=2.2.2->mov==0.1.0->-r /var/folders/qv/0knwm5h50ml0skpppwpbks_r0000gp/T/venvptz1am1h/requirements.txt (line 1))
[2024-07-31T19:35:58.883+0900] {process_utils.py:191} INFO -   Using cached python_dateutil-2.9.0.post0-py2.py3-none-any.whl.metadata (8.4 kB)
[2024-07-31T19:35:58.912+0900] {process_utils.py:191} INFO - Collecting pytz>=2020.1 (from pandas>=2.2.2->mov==0.1.0->-r /var/folders/qv/0knwm5h50ml0skpppwpbks_r0000gp/T/venvptz1am1h/requirements.txt (line 1))
[2024-07-31T19:35:58.913+0900] {process_utils.py:191} INFO -   Using cached pytz-2024.1-py2.py3-none-any.whl.metadata (22 kB)
[2024-07-31T19:35:58.927+0900] {process_utils.py:191} INFO - Collecting tzdata>=2022.7 (from pandas>=2.2.2->mov==0.1.0->-r /var/folders/qv/0knwm5h50ml0skpppwpbks_r0000gp/T/venvptz1am1h/requirements.txt (line 1))
[2024-07-31T19:35:58.928+0900] {process_utils.py:191} INFO -   Using cached tzdata-2024.1-py2.py3-none-any.whl.metadata (1.4 kB)
[2024-07-31T19:35:58.970+0900] {process_utils.py:191} INFO - Collecting charset-normalizer<4,>=2 (from requests>=2.32.3->mov==0.1.0->-r /var/folders/qv/0knwm5h50ml0skpppwpbks_r0000gp/T/venvptz1am1h/requirements.txt (line 1))
[2024-07-31T19:35:58.971+0900] {process_utils.py:191} INFO -   Using cached charset_normalizer-3.3.2-cp311-cp311-macosx_11_0_arm64.whl.metadata (33 kB)
[2024-07-31T19:35:58.989+0900] {process_utils.py:191} INFO - Collecting idna<4,>=2.5 (from requests>=2.32.3->mov==0.1.0->-r /var/folders/qv/0knwm5h50ml0skpppwpbks_r0000gp/T/venvptz1am1h/requirements.txt (line 1))
[2024-07-31T19:35:58.990+0900] {process_utils.py:191} INFO -   Using cached idna-3.7-py3-none-any.whl.metadata (9.9 kB)
[2024-07-31T19:35:59.019+0900] {process_utils.py:191} INFO - Collecting urllib3<3,>=1.21.1 (from requests>=2.32.3->mov==0.1.0->-r /var/folders/qv/0knwm5h50ml0skpppwpbks_r0000gp/T/venvptz1am1h/requirements.txt (line 1))
[2024-07-31T19:35:59.020+0900] {process_utils.py:191} INFO -   Using cached urllib3-2.2.2-py3-none-any.whl.metadata (6.4 kB)
[2024-07-31T19:35:59.036+0900] {process_utils.py:191} INFO - Collecting certifi>=2017.4.17 (from requests>=2.32.3->mov==0.1.0->-r /var/folders/qv/0knwm5h50ml0skpppwpbks_r0000gp/T/venvptz1am1h/requirements.txt (line 1))
[2024-07-31T19:35:59.037+0900] {process_utils.py:191} INFO -   Using cached certifi-2024.7.4-py3-none-any.whl.metadata (2.2 kB)
[2024-07-31T19:35:59.062+0900] {process_utils.py:191} INFO - Collecting six>=1.5 (from python-dateutil>=2.8.2->pandas>=2.2.2->mov==0.1.0->-r /var/folders/qv/0knwm5h50ml0skpppwpbks_r0000gp/T/venvptz1am1h/requirements.txt (line 1))
[2024-07-31T19:35:59.063+0900] {process_utils.py:191} INFO -   Using cached six-1.16.0-py2.py3-none-any.whl.metadata (1.8 kB)
[2024-07-31T19:35:59.066+0900] {process_utils.py:191} INFO - Using cached numpy-2.0.1-cp311-cp311-macosx_14_0_arm64.whl (5.3 MB)
[2024-07-31T19:35:59.072+0900] {process_utils.py:191} INFO - Using cached pandas-2.2.2-cp311-cp311-macosx_11_0_arm64.whl (11.3 MB)
[2024-07-31T19:35:59.084+0900] {process_utils.py:191} INFO - Using cached pyarrow-17.0.0-cp311-cp311-macosx_11_0_arm64.whl (27.2 MB)
[2024-07-31T19:35:59.110+0900] {process_utils.py:191} INFO - Using cached requests-2.32.3-py3-none-any.whl (64 kB)
[2024-07-31T19:35:59.111+0900] {process_utils.py:191} INFO - Using cached certifi-2024.7.4-py3-none-any.whl (162 kB)
[2024-07-31T19:35:59.112+0900] {process_utils.py:191} INFO - Using cached charset_normalizer-3.3.2-cp311-cp311-macosx_11_0_arm64.whl (118 kB)
[2024-07-31T19:35:59.113+0900] {process_utils.py:191} INFO - Using cached idna-3.7-py3-none-any.whl (66 kB)
[2024-07-31T19:35:59.114+0900] {process_utils.py:191} INFO - Using cached python_dateutil-2.9.0.post0-py2.py3-none-any.whl (229 kB)
[2024-07-31T19:35:59.115+0900] {process_utils.py:191} INFO - Using cached pytz-2024.1-py2.py3-none-any.whl (505 kB)
[2024-07-31T19:35:59.116+0900] {process_utils.py:191} INFO - Using cached tzdata-2024.1-py2.py3-none-any.whl (345 kB)
[2024-07-31T19:35:59.117+0900] {process_utils.py:191} INFO - Using cached urllib3-2.2.2-py3-none-any.whl (121 kB)
[2024-07-31T19:35:59.118+0900] {process_utils.py:191} INFO - Using cached six-1.16.0-py2.py3-none-any.whl (11 kB)
[2024-07-31T19:35:59.160+0900] {process_utils.py:191} INFO - Building wheels for collected packages: mov
[2024-07-31T19:35:59.172+0900] {process_utils.py:191} INFO -   Building wheel for mov (pyproject.toml): started
[2024-07-31T19:35:59.307+0900] {process_utils.py:191} INFO -   Building wheel for mov (pyproject.toml): finished with status 'done'
[2024-07-31T19:35:59.308+0900] {process_utils.py:191} INFO -   Created wheel for mov: filename=mov-0.1.0-py3-none-any.whl size=3056 sha256=7fffaff0bd016c30dcab87819261323e5fd41eb7526515e2977e5b992a475b80
[2024-07-31T19:35:59.308+0900] {process_utils.py:191} INFO -   Stored in directory: /private/var/folders/qv/0knwm5h50ml0skpppwpbks_r0000gp/T/pip-ephem-wheel-cache-xg8u1f8a/wheels/cf/ab/a7/d0c528d20fa8a5f19e169bdf1d98f2b2cefe79d8527bb89200
[2024-07-31T19:35:59.309+0900] {process_utils.py:191} INFO - Successfully built mov
[2024-07-31T19:35:59.336+0900] {process_utils.py:191} INFO - Installing collected packages: pytz, urllib3, tzdata, six, numpy, idna, charset-normalizer, certifi, requests, python-dateutil, pyarrow, pandas, mov
[2024-07-31T19:36:03.845+0900] {process_utils.py:191} INFO - Successfully installed certifi-2024.7.4 charset-normalizer-3.3.2 idna-3.7 mov-0.1.0 numpy-2.0.1 pandas-2.2.2 pyarrow-17.0.0 python-dateutil-2.9.0.post0 pytz-2024.1 requests-2.32.3 six-1.16.0 tzdata-2024.1 urllib3-2.2.2
[2024-07-31T19:36:03.848+0900] {process_utils.py:191} INFO - 
[2024-07-31T19:36:03.848+0900] {process_utils.py:191} INFO - [notice] A new release of pip is available: 24.1.2 -> 24.2
[2024-07-31T19:36:03.849+0900] {process_utils.py:191} INFO - [notice] To update, run: python -m pip install --upgrade pip
[2024-07-31T19:36:03.981+0900] {logging_mixin.py:188} WARNING - /Users/DE32/.pyenv/versions/3.11.9/envs/note/lib/python3.11/site-packages/airflow/utils/context.py:212 AirflowContextDeprecationWarning: Accessing 'next_ds' from the template is deprecated and will be removed in a future version. Please use '{{ data_interval_end | ds }}' instead.
[2024-07-31T19:36:03.981+0900] {logging_mixin.py:188} WARNING - /Users/DE32/.pyenv/versions/3.11.9/envs/note/lib/python3.11/site-packages/airflow/utils/context.py:212 AirflowContextDeprecationWarning: Accessing 'next_ds_nodash' from the template is deprecated and will be removed in a future version. Please use '{{ data_interval_end | ds_nodash }}' instead.
[2024-07-31T19:36:03.982+0900] {logging_mixin.py:188} WARNING - /Users/DE32/.pyenv/versions/3.11.9/envs/note/lib/python3.11/site-packages/airflow/utils/context.py:212 AirflowContextDeprecationWarning: Accessing 'prev_ds' from the template is deprecated and will be removed in a future version.
[2024-07-31T19:36:03.982+0900] {logging_mixin.py:188} WARNING - /Users/DE32/.pyenv/versions/3.11.9/envs/note/lib/python3.11/site-packages/airflow/utils/context.py:212 AirflowContextDeprecationWarning: Accessing 'prev_ds_nodash' from the template is deprecated and will be removed in a future version.
[2024-07-31T19:36:03.983+0900] {logging_mixin.py:188} WARNING - /Users/DE32/.pyenv/versions/3.11.9/envs/note/lib/python3.11/site-packages/airflow/utils/context.py:212 AirflowContextDeprecationWarning: Accessing 'tomorrow_ds' from the template is deprecated and will be removed in a future version.
[2024-07-31T19:36:03.983+0900] {logging_mixin.py:188} WARNING - /Users/DE32/.pyenv/versions/3.11.9/envs/note/lib/python3.11/site-packages/airflow/utils/context.py:212 AirflowContextDeprecationWarning: Accessing 'tomorrow_ds_nodash' from the template is deprecated and will be removed in a future version.
[2024-07-31T19:36:03.983+0900] {logging_mixin.py:188} WARNING - /Users/DE32/.pyenv/versions/3.11.9/envs/note/lib/python3.11/site-packages/airflow/utils/context.py:212 AirflowContextDeprecationWarning: Accessing 'yesterday_ds' from the template is deprecated and will be removed in a future version.
[2024-07-31T19:36:03.984+0900] {logging_mixin.py:188} WARNING - /Users/DE32/.pyenv/versions/3.11.9/envs/note/lib/python3.11/site-packages/airflow/utils/context.py:212 AirflowContextDeprecationWarning: Accessing 'yesterday_ds_nodash' from the template is deprecated and will be removed in a future version.
[2024-07-31T19:36:03.987+0900] {process_utils.py:183} INFO - Executing cmd: /var/folders/qv/0knwm5h50ml0skpppwpbks_r0000gp/T/venvptz1am1h/bin/python /var/folders/qv/0knwm5h50ml0skpppwpbks_r0000gp/T/venv-callp9ye8s81/script.py /var/folders/qv/0knwm5h50ml0skpppwpbks_r0000gp/T/venv-callp9ye8s81/script.in /var/folders/qv/0knwm5h50ml0skpppwpbks_r0000gp/T/venv-callp9ye8s81/script.out /var/folders/qv/0knwm5h50ml0skpppwpbks_r0000gp/T/venv-callp9ye8s81/string_args.txt /var/folders/qv/0knwm5h50ml0skpppwpbks_r0000gp/T/venv-callp9ye8s81/termination.log
[2024-07-31T19:36:03.989+0900] {process_utils.py:187} INFO - Output:
[2024-07-31T19:36:17.997+0900] {process_utils.py:191} INFO - {'boxOfficeResult': {'boxofficeType': '일별 박스오피스', 'showRange': '20240724~20240724', 'dailyBoxOfficeList': [{'rnum': '1', 'rank': '1', 'rankInten': '5', 'rankOldAndNew': 'OLD', 'movieCd': '20247781', 'movieNm': '데드풀과 울버린', 'openDt': '2024-07-24', 'salesAmt': '2356890297', 'salesShare': '66.5', 'salesInten': '2329095297', 'salesChange': '8379.5', 'salesAcc': '2384685297', 'audiCnt': '230126', 'audiInten': '228491', 'audiChange': '13975', 'audiAcc': '231761', 'scrnCnt': '1936', 'showCnt': '8234'}, {'rnum': '2', 'rank': '2', 'rankInten': '0', 'rankOldAndNew': 'NEW', 'movieCd': '20247440', 'movieNm': '슈퍼배드 4', 'openDt': '2024-07-24', 'salesAmt': '663988189', 'salesShare': '18.7', 'salesInten': '663988189', 'salesChange': '100', 'salesAcc': '1672006527', 'audiCnt': '73345', 'audiInten': '73345', 'audiChange': '100', 'audiAcc': '178291', 'scrnCnt': '1031', 'showCnt': '3989'}, {'rnum': '3', 'rank': '3', 'rankInten': '-1', 'rankOldAndNew': 'OLD', 'movieCd': '20240983', 'movieNm': '명탐정 코난: 100만 달러의 펜타그램', 'openDt': '2024-07-17', 'salesAmt': '290558987', 'salesShare': '8.2', 'salesInten': '37970053', 'salesChange': '15', 'salesAcc': '4596225279', 'audiCnt': '31818', 'audiInten': '5670', 'audiChange': '21.7', 'audiAcc': '464951', 'scrnCnt': '613', 'showCnt': '1268'}, {'rnum': '4', 'rank': '4', 'rankInten': '-3', 'rankOldAndNew': 'OLD', 'movieCd': '20235974', 'movieNm': '인사이드 아웃 2', 'openDt': '2024-06-12', 'salesAmt': '164063623', 'salesShare': '4.6', 'salesInten': '-94243411', 'salesChange': '-36.5', 'salesAcc': '78186627858', 'audiCnt': '17459', 'audiInten': '-10172', 'audiChange': '-36.8', 'audiAcc': '8131394', 'scrnCnt': '625', 'showCnt': '1128'}, {'rnum': '5', 'rank': '5', 'rankInten': '0', 'rankOldAndNew': 'OLD', 'movieCd': '20235926', 'movieNm': '퍼펙트 데이즈', 'openDt': '2024-07-03', 'salesAmt': '14739539', 'salesShare': '0.4', 'salesInten': '-3285578', 'salesChange': '-18.2', 'salesAcc': '521621663', 'audiCnt': '1657', 'audiInten': '-349', 'audiChange': '-17.4', 'audiAcc': '55226', 'scrnCnt': '45', 'showCnt': '58'}, {'rnum': '6', 'rank': '6', 'rankInten': '1', 'rankOldAndNew': 'OLD', 'movieCd': '19960126', 'movieNm': '비포 선라이즈', 'openDt': '1996-03-30', 'salesAmt': '8537678', 'salesShare': '0.2', 'salesInten': '-5401261', 'salesChange': '-38.7', 'salesAcc': '626323120', 'audiCnt': '894', 'audiInten': '-577', 'audiChange': '-39.2', 'audiAcc': '73919', 'scrnCnt': '38', 'showCnt': '55'}, {'rnum': '7', 'rank': '7', 'rankInten': '0', 'rankOldAndNew': 'NEW', 'movieCd': '20148830', 'movieNm': '마담 프루스트의 비밀정원', 'openDt': '2014-07-24', 'salesAmt': '5129300', 'salesShare': '0.1', 'salesInten': '5129300', 'salesChange': '100', 'salesAcc': '1285920662', 'audiCnt': '541', 'audiInten': '541', 'audiChange': '100', 'audiAcc': '163833', 'scrnCnt': '40', 'showCnt': '48'}, {'rnum': '8', 'rank': '8', 'rankInten': '0', 'rankOldAndNew': 'OLD', 'movieCd': '20240850', 'movieNm': '극장판 도라에몽: 진구의 지구 교향곡', 'openDt': '2024-07-10', 'salesAmt': '4409200', 'salesShare': '0.1', 'salesInten': '-6491500', 'salesChange': '-59.6', 'salesAcc': '559023100', 'audiCnt': '524', 'audiInten': '-908', 'audiChange': '-63.4', 'audiAcc': '64582', 'scrnCnt': '90', 'showCnt': '94'}, {'rnum': '9', 'rank': '9', 'rankInten': '3', 'rankOldAndNew': 'OLD', 'movieCd': '20240541', 'movieNm': '언더더씨: 마법 산호초를 찾아서', 'openDt': '2024-06-27', 'salesAmt': '2705000', 'salesShare': '0.1', 'salesInten': '-1350800', 'salesChange': '-33.3', 'salesAcc': '221031255', 'audiCnt': '466', 'audiInten': '-236', 'audiChange': '-33.6', 'audiAcc': '28352', 'scrnCnt': '8', 'showCnt': '8'}, {'rnum': '10', 'rank': '10', 'rankInten': '1', 'rankOldAndNew': 'OLD', 'movieCd': '20241343', 'movieNm': '우마무스메 프리티 더비 새로운 시대의 문', 'openDt': '2024-07-11', 'salesAmt': '4626200', 'salesShare': '0.1', 'salesInten': '-4906617', 'salesChange': '-51.5', 'salesAcc': '363835816', 'audiCnt': '433', 'audiInten': '-441', 'audiChange': '-50.5', 'audiAcc': '33559', 'scrnCnt': '70', 'showCnt': '79'}]}}
[2024-07-31T19:36:17.998+0900] {process_utils.py:191} INFO - partitioning List : ['load_dt', 'repNationCd']
[2024-07-31T19:36:17.998+0900] {process_utils.py:191} INFO -   rnum rank rankInten rankOldAndNew  ... scrnCnt showCnt   load_dt repNationCd
[2024-07-31T19:36:17.999+0900] {process_utils.py:191} INFO - 0    1    1         5           OLD  ...    1936    8234  20240724           F
[2024-07-31T19:36:17.999+0900] {process_utils.py:191} INFO - 1    2    2         0           NEW  ...    1031    3989  20240724           F
[2024-07-31T19:36:17.999+0900] {process_utils.py:191} INFO - 2    3    3        -1           OLD  ...     613    1268  20240724           F
[2024-07-31T19:36:18.000+0900] {process_utils.py:191} INFO - 3    4    4        -3           OLD  ...     625    1128  20240724           F
[2024-07-31T19:36:18.000+0900] {process_utils.py:191} INFO - 4    5    5         0           OLD  ...      45      58  20240724           F
[2024-07-31T19:36:18.000+0900] {process_utils.py:191} INFO - 5    6    6         1           OLD  ...      38      55  20240724           F
[2024-07-31T19:36:18.001+0900] {process_utils.py:191} INFO - 6    7    7         0           NEW  ...      40      48  20240724           F
[2024-07-31T19:36:18.001+0900] {process_utils.py:191} INFO - 7    8    8         0           OLD  ...      90      94  20240724           F
[2024-07-31T19:36:18.002+0900] {process_utils.py:191} INFO - 8    9    9         3           OLD  ...       8       8  20240724           F
[2024-07-31T19:36:18.002+0900] {process_utils.py:191} INFO - 9   10   10         1           OLD  ...      70      79  20240724           F
[2024-07-31T19:36:18.002+0900] {process_utils.py:191} INFO - 
[2024-07-31T19:36:18.002+0900] {process_utils.py:191} INFO - [10 rows x 20 columns]
[2024-07-31T19:36:18.647+0900] {python.py:237} INFO - Done. Returned value was: None
[2024-07-31T19:36:18.648+0900] {taskinstance.py:441} INFO - ::group::Post task execution logs
[2024-07-31T19:36:18.653+0900] {taskinstance.py:1206} INFO - Marking task as SUCCESS. dag_id=movie, task_id=nation.f, run_id=scheduled__2024-07-24T02:10:00+00:00, execution_date=20240724T021000, start_date=20240731T103553, end_date=20240731T103618
[2024-07-31T19:36:18.684+0900] {local_task_job_runner.py:243} INFO - Task exited with return code 0
[2024-07-31T19:36:18.692+0900] {taskinstance.py:3503} INFO - 0 downstream tasks scheduled from follow-on schedule check
[2024-07-31T19:36:18.692+0900] {local_task_job_runner.py:222} INFO - ::endgroup::
