[2024-07-31T10:00:45.160+0900] {local_task_job_runner.py:120} INFO - ::group::Pre task execution logs
[2024-07-31T10:00:45.176+0900] {taskinstance.py:2076} INFO - Dependencies all met for dep_context=non-requeueable deps ti=<TaskInstance: movie.get.data scheduled__2024-07-24T02:10:00+00:00 [queued]>
[2024-07-31T10:00:45.181+0900] {taskinstance.py:2076} INFO - Dependencies all met for dep_context=requeueable deps ti=<TaskInstance: movie.get.data scheduled__2024-07-24T02:10:00+00:00 [queued]>
[2024-07-31T10:00:45.181+0900] {taskinstance.py:2306} INFO - Starting attempt 1 of 2
[2024-07-31T10:00:45.186+0900] {taskinstance.py:2330} INFO - Executing <Task(PythonVirtualenvOperator): get.data> on 2024-07-24 02:10:00+00:00
[2024-07-31T10:00:45.188+0900] {standard_task_runner.py:64} INFO - Started process 7307 to run task
[2024-07-31T10:00:45.191+0900] {standard_task_runner.py:90} INFO - Running: ['airflow', 'tasks', 'run', 'movie', 'get.data', 'scheduled__2024-07-24T02:10:00+00:00', '--job-id', '676', '--raw', '--subdir', 'DAGS_FOLDER/movie.py', '--cfg-path', '/var/folders/qv/0knwm5h50ml0skpppwpbks_r0000gp/T/tmp6qceg5un']
[2024-07-31T10:00:45.192+0900] {standard_task_runner.py:91} INFO - Job 676: Subtask get.data
[2024-07-31T10:00:45.208+0900] {task_command.py:426} INFO - Running <TaskInstance: movie.get.data scheduled__2024-07-24T02:10:00+00:00 [running]> on host jeongui-MacBookPro.local
[2024-07-31T10:00:45.229+0900] {taskinstance.py:2648} INFO - Exporting env vars: AIRFLOW_CTX_DAG_OWNER='airflow' AIRFLOW_CTX_DAG_ID='movie' AIRFLOW_CTX_TASK_ID='get.data' AIRFLOW_CTX_EXECUTION_DATE='2024-07-24T02:10:00+00:00' AIRFLOW_CTX_TRY_NUMBER='1' AIRFLOW_CTX_DAG_RUN_ID='scheduled__2024-07-24T02:10:00+00:00'
[2024-07-31T10:00:45.229+0900] {taskinstance.py:430} INFO - ::endgroup::
[2024-07-31T10:00:45.237+0900] {baseoperator.py:400} WARNING - PythonVirtualenvOperator.execute cannot be called outside TaskInstance!
[2024-07-31T10:00:45.238+0900] {process_utils.py:183} INFO - Executing cmd: /Users/DE32/.pyenv/versions/3.11.9/envs/note/bin/python -m virtualenv /var/folders/qv/0knwm5h50ml0skpppwpbks_r0000gp/T/venvncb02nqw --python=python
[2024-07-31T10:00:45.240+0900] {process_utils.py:187} INFO - Output:
[2024-07-31T10:00:45.504+0900] {process_utils.py:191} INFO - created virtual environment CPython3.11.9.final.0-64 in 188ms
[2024-07-31T10:00:45.505+0900] {process_utils.py:191} INFO -   creator CPython3Posix(dest=/private/var/folders/qv/0knwm5h50ml0skpppwpbks_r0000gp/T/venvncb02nqw, clear=False, no_vcs_ignore=False, global=False)
[2024-07-31T10:00:45.505+0900] {process_utils.py:191} INFO -   seeder FromAppData(download=False, pip=bundle, setuptools=bundle, wheel=bundle, via=copy, app_data_dir=/Users/DE32/Library/Application Support/virtualenv)
[2024-07-31T10:00:45.505+0900] {process_utils.py:191} INFO -     added seed packages: pip==24.1.2, setuptools==70.2.0, wheel==0.43.0
[2024-07-31T10:00:45.506+0900] {process_utils.py:191} INFO -   activators BashActivator,CShellActivator,FishActivator,NushellActivator,PowerShellActivator,PythonActivator
[2024-07-31T10:00:45.516+0900] {process_utils.py:183} INFO - Executing cmd: /var/folders/qv/0knwm5h50ml0skpppwpbks_r0000gp/T/venvncb02nqw/bin/pip install -r /var/folders/qv/0knwm5h50ml0skpppwpbks_r0000gp/T/venvncb02nqw/requirements.txt
[2024-07-31T10:00:45.518+0900] {process_utils.py:187} INFO - Output:
[2024-07-31T10:00:46.363+0900] {process_utils.py:191} INFO - Collecting git+https://github.com/Jeonghoon2/movie.git@0.2/api (from -r /var/folders/qv/0knwm5h50ml0skpppwpbks_r0000gp/T/venvncb02nqw/requirements.txt (line 1))
[2024-07-31T10:00:46.363+0900] {process_utils.py:191} INFO -   Cloning https://github.com/Jeonghoon2/movie.git (to revision 0.2/api) to /private/var/folders/qv/0knwm5h50ml0skpppwpbks_r0000gp/T/pip-req-build-uzlklffd
[2024-07-31T10:00:46.377+0900] {process_utils.py:191} INFO -   Running command git clone --filter=blob:none --quiet https://github.com/Jeonghoon2/movie.git /private/var/folders/qv/0knwm5h50ml0skpppwpbks_r0000gp/T/pip-req-build-uzlklffd
[2024-07-31T10:00:48.064+0900] {process_utils.py:191} INFO -   Running command git checkout -b 0.2/api --track origin/0.2/api
[2024-07-31T10:00:48.635+0900] {process_utils.py:191} INFO -   Switched to a new branch '0.2/api'
[2024-07-31T10:00:48.635+0900] {process_utils.py:191} INFO -   branch '0.2/api' set up to track 'origin/0.2/api'.
[2024-07-31T10:00:48.636+0900] {process_utils.py:191} INFO -   Resolved https://github.com/Jeonghoon2/movie.git to commit 514cfb45f6fa577ee07d4fa2076f9283780af81e
[2024-07-31T10:00:48.658+0900] {process_utils.py:191} INFO -   Installing build dependencies: started
[2024-07-31T10:00:49.595+0900] {process_utils.py:191} INFO -   Installing build dependencies: finished with status 'done'
[2024-07-31T10:00:49.596+0900] {process_utils.py:191} INFO -   Getting requirements to build wheel: started
[2024-07-31T10:00:49.720+0900] {process_utils.py:191} INFO -   Getting requirements to build wheel: finished with status 'done'
[2024-07-31T10:00:49.721+0900] {process_utils.py:191} INFO -   Preparing metadata (pyproject.toml): started
[2024-07-31T10:00:49.846+0900] {process_utils.py:191} INFO -   Preparing metadata (pyproject.toml): finished with status 'done'
[2024-07-31T10:00:49.915+0900] {process_utils.py:191} INFO - Collecting requests>=2.32.3 (from mov==0.1.0->-r /var/folders/qv/0knwm5h50ml0skpppwpbks_r0000gp/T/venvncb02nqw/requirements.txt (line 1))
[2024-07-31T10:00:49.917+0900] {process_utils.py:191} INFO -   Using cached requests-2.32.3-py3-none-any.whl.metadata (4.6 kB)
[2024-07-31T10:00:49.988+0900] {process_utils.py:191} INFO - Collecting pandas>=2.2.2 (from mov==0.1.0->-r /var/folders/qv/0knwm5h50ml0skpppwpbks_r0000gp/T/venvncb02nqw/requirements.txt (line 1))
[2024-07-31T10:00:49.990+0900] {process_utils.py:191} INFO -   Using cached pandas-2.2.2-cp311-cp311-macosx_11_0_arm64.whl.metadata (19 kB)
[2024-07-31T10:00:50.091+0900] {process_utils.py:191} INFO - Collecting numpy>=2.0.1 (from mov==0.1.0->-r /var/folders/qv/0knwm5h50ml0skpppwpbks_r0000gp/T/venvncb02nqw/requirements.txt (line 1))
[2024-07-31T10:00:50.093+0900] {process_utils.py:191} INFO -   Using cached numpy-2.0.1-cp311-cp311-macosx_14_0_arm64.whl.metadata (60 kB)
[2024-07-31T10:00:50.145+0900] {process_utils.py:191} INFO - Collecting pyarrow>=17.0.0 (from mov==0.1.0->-r /var/folders/qv/0knwm5h50ml0skpppwpbks_r0000gp/T/venvncb02nqw/requirements.txt (line 1))
[2024-07-31T10:00:50.146+0900] {process_utils.py:191} INFO -   Using cached pyarrow-17.0.0-cp311-cp311-macosx_11_0_arm64.whl.metadata (3.3 kB)
[2024-07-31T10:00:50.168+0900] {process_utils.py:191} INFO - Collecting python-dateutil>=2.8.2 (from pandas>=2.2.2->mov==0.1.0->-r /var/folders/qv/0knwm5h50ml0skpppwpbks_r0000gp/T/venvncb02nqw/requirements.txt (line 1))
[2024-07-31T10:00:50.169+0900] {process_utils.py:191} INFO -   Using cached python_dateutil-2.9.0.post0-py2.py3-none-any.whl.metadata (8.4 kB)
[2024-07-31T10:00:50.201+0900] {process_utils.py:191} INFO - Collecting pytz>=2020.1 (from pandas>=2.2.2->mov==0.1.0->-r /var/folders/qv/0knwm5h50ml0skpppwpbks_r0000gp/T/venvncb02nqw/requirements.txt (line 1))
[2024-07-31T10:00:50.202+0900] {process_utils.py:191} INFO -   Using cached pytz-2024.1-py2.py3-none-any.whl.metadata (22 kB)
[2024-07-31T10:00:50.217+0900] {process_utils.py:191} INFO - Collecting tzdata>=2022.7 (from pandas>=2.2.2->mov==0.1.0->-r /var/folders/qv/0knwm5h50ml0skpppwpbks_r0000gp/T/venvncb02nqw/requirements.txt (line 1))
[2024-07-31T10:00:50.218+0900] {process_utils.py:191} INFO -   Using cached tzdata-2024.1-py2.py3-none-any.whl.metadata (1.4 kB)
[2024-07-31T10:00:50.263+0900] {process_utils.py:191} INFO - Collecting charset-normalizer<4,>=2 (from requests>=2.32.3->mov==0.1.0->-r /var/folders/qv/0knwm5h50ml0skpppwpbks_r0000gp/T/venvncb02nqw/requirements.txt (line 1))
[2024-07-31T10:00:50.265+0900] {process_utils.py:191} INFO -   Using cached charset_normalizer-3.3.2-cp311-cp311-macosx_11_0_arm64.whl.metadata (33 kB)
[2024-07-31T10:00:50.280+0900] {process_utils.py:191} INFO - Collecting idna<4,>=2.5 (from requests>=2.32.3->mov==0.1.0->-r /var/folders/qv/0knwm5h50ml0skpppwpbks_r0000gp/T/venvncb02nqw/requirements.txt (line 1))
[2024-07-31T10:00:50.281+0900] {process_utils.py:191} INFO -   Using cached idna-3.7-py3-none-any.whl.metadata (9.9 kB)
[2024-07-31T10:00:50.361+0900] {process_utils.py:191} INFO - Collecting urllib3<3,>=1.21.1 (from requests>=2.32.3->mov==0.1.0->-r /var/folders/qv/0knwm5h50ml0skpppwpbks_r0000gp/T/venvncb02nqw/requirements.txt (line 1))
[2024-07-31T10:00:50.362+0900] {process_utils.py:191} INFO -   Using cached urllib3-2.2.2-py3-none-any.whl.metadata (6.4 kB)
[2024-07-31T10:00:50.403+0900] {process_utils.py:191} INFO - Collecting certifi>=2017.4.17 (from requests>=2.32.3->mov==0.1.0->-r /var/folders/qv/0knwm5h50ml0skpppwpbks_r0000gp/T/venvncb02nqw/requirements.txt (line 1))
[2024-07-31T10:00:50.404+0900] {process_utils.py:191} INFO -   Using cached certifi-2024.7.4-py3-none-any.whl.metadata (2.2 kB)
[2024-07-31T10:00:50.441+0900] {process_utils.py:191} INFO - Collecting six>=1.5 (from python-dateutil>=2.8.2->pandas>=2.2.2->mov==0.1.0->-r /var/folders/qv/0knwm5h50ml0skpppwpbks_r0000gp/T/venvncb02nqw/requirements.txt (line 1))
[2024-07-31T10:00:50.442+0900] {process_utils.py:191} INFO -   Using cached six-1.16.0-py2.py3-none-any.whl.metadata (1.8 kB)
[2024-07-31T10:00:50.446+0900] {process_utils.py:191} INFO - Using cached numpy-2.0.1-cp311-cp311-macosx_14_0_arm64.whl (5.3 MB)
[2024-07-31T10:00:50.454+0900] {process_utils.py:191} INFO - Using cached pandas-2.2.2-cp311-cp311-macosx_11_0_arm64.whl (11.3 MB)
[2024-07-31T10:00:50.470+0900] {process_utils.py:191} INFO - Using cached pyarrow-17.0.0-cp311-cp311-macosx_11_0_arm64.whl (27.2 MB)
[2024-07-31T10:00:50.503+0900] {process_utils.py:191} INFO - Using cached requests-2.32.3-py3-none-any.whl (64 kB)
[2024-07-31T10:00:50.506+0900] {process_utils.py:191} INFO - Using cached certifi-2024.7.4-py3-none-any.whl (162 kB)
[2024-07-31T10:00:50.508+0900] {process_utils.py:191} INFO - Using cached charset_normalizer-3.3.2-cp311-cp311-macosx_11_0_arm64.whl (118 kB)
[2024-07-31T10:00:50.510+0900] {process_utils.py:191} INFO - Using cached idna-3.7-py3-none-any.whl (66 kB)
[2024-07-31T10:00:50.512+0900] {process_utils.py:191} INFO - Using cached python_dateutil-2.9.0.post0-py2.py3-none-any.whl (229 kB)
[2024-07-31T10:00:50.514+0900] {process_utils.py:191} INFO - Using cached pytz-2024.1-py2.py3-none-any.whl (505 kB)
[2024-07-31T10:00:50.517+0900] {process_utils.py:191} INFO - Using cached tzdata-2024.1-py2.py3-none-any.whl (345 kB)
[2024-07-31T10:00:50.520+0900] {process_utils.py:191} INFO - Using cached urllib3-2.2.2-py3-none-any.whl (121 kB)
[2024-07-31T10:00:50.522+0900] {process_utils.py:191} INFO - Using cached six-1.16.0-py2.py3-none-any.whl (11 kB)
[2024-07-31T10:00:50.564+0900] {process_utils.py:191} INFO - Building wheels for collected packages: mov
[2024-07-31T10:00:50.577+0900] {process_utils.py:191} INFO -   Building wheel for mov (pyproject.toml): started
[2024-07-31T10:00:50.711+0900] {process_utils.py:191} INFO -   Building wheel for mov (pyproject.toml): finished with status 'done'
[2024-07-31T10:00:50.711+0900] {process_utils.py:191} INFO -   Created wheel for mov: filename=mov-0.1.0-py3-none-any.whl size=3017 sha256=5f02d3111ca71a91474c16f3d121b7481e8f3257f469c3c7fbf43e54a015404d
[2024-07-31T10:00:50.712+0900] {process_utils.py:191} INFO -   Stored in directory: /private/var/folders/qv/0knwm5h50ml0skpppwpbks_r0000gp/T/pip-ephem-wheel-cache-7_uv2oqb/wheels/cf/ab/a7/d0c528d20fa8a5f19e169bdf1d98f2b2cefe79d8527bb89200
[2024-07-31T10:00:50.713+0900] {process_utils.py:191} INFO - Successfully built mov
[2024-07-31T10:00:50.740+0900] {process_utils.py:191} INFO - Installing collected packages: pytz, urllib3, tzdata, six, numpy, idna, charset-normalizer, certifi, requests, python-dateutil, pyarrow, pandas, mov
[2024-07-31T10:00:55.227+0900] {process_utils.py:191} INFO - Successfully installed certifi-2024.7.4 charset-normalizer-3.3.2 idna-3.7 mov-0.1.0 numpy-2.0.1 pandas-2.2.2 pyarrow-17.0.0 python-dateutil-2.9.0.post0 pytz-2024.1 requests-2.32.3 six-1.16.0 tzdata-2024.1 urllib3-2.2.2
[2024-07-31T10:00:55.232+0900] {process_utils.py:191} INFO - 
[2024-07-31T10:00:55.232+0900] {process_utils.py:191} INFO - [notice] A new release of pip is available: 24.1.2 -> 24.2
[2024-07-31T10:00:55.232+0900] {process_utils.py:191} INFO - [notice] To update, run: python -m pip install --upgrade pip
[2024-07-31T10:00:55.364+0900] {process_utils.py:183} INFO - Executing cmd: /var/folders/qv/0knwm5h50ml0skpppwpbks_r0000gp/T/venvncb02nqw/bin/python /var/folders/qv/0knwm5h50ml0skpppwpbks_r0000gp/T/venv-callb70ed5g5/script.py /var/folders/qv/0knwm5h50ml0skpppwpbks_r0000gp/T/venv-callb70ed5g5/script.in /var/folders/qv/0knwm5h50ml0skpppwpbks_r0000gp/T/venv-callb70ed5g5/script.out /var/folders/qv/0knwm5h50ml0skpppwpbks_r0000gp/T/venv-callb70ed5g5/string_args.txt /var/folders/qv/0knwm5h50ml0skpppwpbks_r0000gp/T/venv-callb70ed5g5/termination.log
[2024-07-31T10:00:55.366+0900] {process_utils.py:187} INFO - Output:
[2024-07-31T10:01:09.395+0900] {process_utils.py:191} INFO - {'boxOfficeResult': {'boxofficeType': '일별 박스오피스', 'showRange': '20240724~20240724', 'dailyBoxOfficeList': [{'rnum': '1', 'rank': '1', 'rankInten': '10', 'rankOldAndNew': 'OLD', 'movieCd': '20247781', 'movieNm': '데드풀과 울버린', 'openDt': '2024-07-24', 'salesAmt': '2356890297', 'salesShare': '55.9', 'salesInten': '2329095297', 'salesChange': '8379.5', 'salesAcc': '2384685297', 'audiCnt': '230126', 'audiInten': '228491', 'audiChange': '13975', 'audiAcc': '231761', 'scrnCnt': '1936', 'showCnt': '8234'}, {'rnum': '2', 'rank': '2', 'rankInten': '0', 'rankOldAndNew': 'NEW', 'movieCd': '20247440', 'movieNm': '슈퍼배드 4', 'openDt': '2024-07-24', 'salesAmt': '663988189', 'salesShare': '15.8', 'salesInten': '663988189', 'salesChange': '100', 'salesAcc': '1672006527', 'audiCnt': '73345', 'audiInten': '73345', 'audiChange': '100', 'audiAcc': '178291', 'scrnCnt': '1031', 'showCnt': '3989'}, {'rnum': '3', 'rank': '3', 'rankInten': '-2', 'rankOldAndNew': 'OLD', 'movieCd': '20212932', 'movieNm': '탈주', 'openDt': '2024-07-03', 'salesAmt': '335917595', 'salesShare': '8.0', 'salesInten': '-108900901', 'salesChange': '-24.5', 'salesAcc': '19332614529', 'audiCnt': '35724', 'audiInten': '-11161', 'audiChange': '-23.8', 'audiAcc': '2040407', 'scrnCnt': '879', 'showCnt': '2171'}, {'rnum': '4', 'rank': '4', 'rankInten': '-1', 'rankOldAndNew': 'OLD', 'movieCd': '20240983', 'movieNm': '명탐정 코난: 100만 달러의 펜타그램', 'openDt': '2024-07-17', 'salesAmt': '290558987', 'salesShare': '6.9', 'salesInten': '37970053', 'salesChange': '15', 'salesAcc': '4596225279', 'audiCnt': '31818', 'audiInten': '5670', 'audiChange': '21.7', 'audiAcc': '464951', 'scrnCnt': '613', 'showCnt': '1268'}, {'rnum': '5', 'rank': '5', 'rankInten': '-3', 'rankOldAndNew': 'OLD', 'movieCd': '20235974', 'movieNm': '인사이드 아웃 2', 'openDt': '2024-06-12', 'salesAmt': '164063623', 'salesShare': '3.9', 'salesInten': '-94243411', 'salesChange': '-36.5', 'salesAcc': '78186655858', 'audiCnt': '17459', 'audiInten': '-10172', 'audiChange': '-36.8', 'audiAcc': '8131397', 'scrnCnt': '625', 'showCnt': '1128'}, {'rnum': '6', 'rank': '6', 'rankInten': '-2', 'rankOldAndNew': 'OLD', 'movieCd': '20208245', 'movieNm': '핸섬가이즈', 'openDt': '2024-06-26', 'salesAmt': '93934862', 'salesShare': '2.2', 'salesInten': '-96733299', 'salesChange': '-50.7', 'salesAcc': '15349449368', 'audiCnt': '10223', 'audiInten': '-10129', 'audiChange': '-49.8', 'audiAcc': '1643749', 'scrnCnt': '532', 'showCnt': '878'}, {'rnum': '7', 'rank': '7', 'rankInten': '-2', 'rankOldAndNew': 'OLD', 'movieCd': '20208911', 'movieNm': '탈출: 프로젝트 사일런스', 'openDt': '2024-07-12', 'salesAmt': '61488551', 'salesShare': '1.5', 'salesInten': '-111919554', 'salesChange': '-64.5', 'salesAcc': '6277712995', 'audiCnt': '6735', 'audiInten': '-11546', 'audiChange': '-63.2', 'audiAcc': '643692', 'scrnCnt': '416', 'showCnt': '629'}, {'rnum': '8', 'rank': '8', 'rankInten': '0', 'rankOldAndNew': 'NEW', 'movieCd': '20242349', 'movieNm': '이준호 콘서트 : 다시 만나는 날', 'openDt': '2024-07-24', 'salesAmt': '108169000', 'salesShare': '2.6', 'salesInten': '108169000', 'salesChange': '100', 'salesAcc': '108169000', 'audiCnt': '4327', 'audiInten': '4327', 'audiChange': '100', 'audiAcc': '4327', 'scrnCnt': '56', 'showCnt': '105'}, {'rnum': '9', 'rank': '9', 'rankInten': '-2', 'rankOldAndNew': 'OLD', 'movieCd': '20248465', 'movieNm': '하이재킹', 'openDt': '2024-06-21', 'salesAmt': '17833495', 'salesShare': '0.4', 'salesInten': '-58995111', 'salesChange': '-76.8', 'salesAcc': '16705874261', 'audiCnt': '1955', 'audiInten': '-6191', 'audiChange': '-76', 'audiAcc': '1758706', 'scrnCnt': '147', 'showCnt': '180'}, {'rnum': '10', 'rank': '10', 'rankInten': '-4', 'rankOldAndNew': 'OLD', 'movieCd': '20224666', 'movieNm': '파일럿', 'openDt': '2024-07-31', 'salesAmt': '14658000', 'salesShare': '0.3', 'salesInten': '-118493000', 'salesChange': '-89', 'salesAcc': '248598000', 'audiCnt': '1854', 'audiInten': '-11537', 'audiChange': '-86.2', 'audiAcc': '26210', 'scrnCnt': '11', 'showCnt': '13'}]}}
[2024-07-31T10:01:09.396+0900] {process_utils.py:191} INFO -   rnum rank rankInten rankOldAndNew  ...  audiAcc scrnCnt showCnt   load_dt
[2024-07-31T10:01:09.396+0900] {process_utils.py:191} INFO - 0    1    1        10           OLD  ...   231761    1936    8234  20240724
[2024-07-31T10:01:09.397+0900] {process_utils.py:191} INFO - 1    2    2         0           NEW  ...   178291    1031    3989  20240724
[2024-07-31T10:01:09.397+0900] {process_utils.py:191} INFO - 2    3    3        -2           OLD  ...  2040407     879    2171  20240724
[2024-07-31T10:01:09.397+0900] {process_utils.py:191} INFO - 3    4    4        -1           OLD  ...   464951     613    1268  20240724
[2024-07-31T10:01:09.398+0900] {process_utils.py:191} INFO - 4    5    5        -3           OLD  ...  8131397     625    1128  20240724
[2024-07-31T10:01:09.398+0900] {process_utils.py:191} INFO - 
[2024-07-31T10:01:09.398+0900] {process_utils.py:191} INFO - [5 rows x 19 columns]
[2024-07-31T10:01:09.399+0900] {process_utils.py:191} INFO -   rnum rank rankInten rankOldAndNew  ...  audiAcc scrnCnt showCnt   load_dt
[2024-07-31T10:01:09.399+0900] {process_utils.py:191} INFO - 0    1    1        10           OLD  ...   231761    1936    8234  20240724
[2024-07-31T10:01:09.399+0900] {process_utils.py:191} INFO - 1    2    2         0           NEW  ...   178291    1031    3989  20240724
[2024-07-31T10:01:09.400+0900] {process_utils.py:191} INFO - 2    3    3        -2           OLD  ...  2040407     879    2171  20240724
[2024-07-31T10:01:09.400+0900] {process_utils.py:191} INFO - 3    4    4        -1           OLD  ...   464951     613    1268  20240724
[2024-07-31T10:01:09.401+0900] {process_utils.py:191} INFO - 4    5    5        -3           OLD  ...  8131397     625    1128  20240724
[2024-07-31T10:01:09.401+0900] {process_utils.py:191} INFO - 
[2024-07-31T10:01:09.401+0900] {process_utils.py:191} INFO - [5 rows x 19 columns]
[2024-07-31T10:01:09.824+0900] {python.py:237} INFO - Done. Returned value was: None
[2024-07-31T10:01:09.825+0900] {taskinstance.py:441} INFO - ::group::Post task execution logs
[2024-07-31T10:01:09.828+0900] {taskinstance.py:1206} INFO - Marking task as SUCCESS. dag_id=movie, task_id=get.data, run_id=scheduled__2024-07-24T02:10:00+00:00, execution_date=20240724T021000, start_date=20240731T010045, end_date=20240731T010109
[2024-07-31T10:01:09.877+0900] {local_task_job_runner.py:243} INFO - Task exited with return code 0
[2024-07-31T10:01:09.886+0900] {taskinstance.py:3503} INFO - 1 downstream tasks scheduled from follow-on schedule check
[2024-07-31T10:01:09.887+0900] {local_task_job_runner.py:222} INFO - ::endgroup::
[2024-07-31T16:28:16.312+0900] {local_task_job_runner.py:120} INFO - ::group::Pre task execution logs
[2024-07-31T16:28:16.325+0900] {taskinstance.py:2076} INFO - Dependencies all met for dep_context=non-requeueable deps ti=<TaskInstance: movie.get.data scheduled__2024-07-24T02:10:00+00:00 [queued]>
[2024-07-31T16:28:16.328+0900] {taskinstance.py:2076} INFO - Dependencies all met for dep_context=requeueable deps ti=<TaskInstance: movie.get.data scheduled__2024-07-24T02:10:00+00:00 [queued]>
[2024-07-31T16:28:16.328+0900] {taskinstance.py:2306} INFO - Starting attempt 1 of 2
[2024-07-31T16:28:16.334+0900] {taskinstance.py:2330} INFO - Executing <Task(PythonVirtualenvOperator): get.data> on 2024-07-24 02:10:00+00:00
[2024-07-31T16:28:16.337+0900] {standard_task_runner.py:64} INFO - Started process 18721 to run task
[2024-07-31T16:28:16.340+0900] {standard_task_runner.py:90} INFO - Running: ['airflow', 'tasks', 'run', 'movie', 'get.data', 'scheduled__2024-07-24T02:10:00+00:00', '--job-id', '779', '--raw', '--subdir', 'DAGS_FOLDER/movie.py', '--cfg-path', '/var/folders/qv/0knwm5h50ml0skpppwpbks_r0000gp/T/tmp7_wz131j']
[2024-07-31T16:28:16.341+0900] {standard_task_runner.py:91} INFO - Job 779: Subtask get.data
[2024-07-31T16:28:16.357+0900] {task_command.py:426} INFO - Running <TaskInstance: movie.get.data scheduled__2024-07-24T02:10:00+00:00 [running]> on host jeongui-MacBookPro.local
[2024-07-31T16:28:16.375+0900] {taskinstance.py:2648} INFO - Exporting env vars: AIRFLOW_CTX_DAG_OWNER='airflow' AIRFLOW_CTX_DAG_ID='movie' AIRFLOW_CTX_TASK_ID='get.data' AIRFLOW_CTX_EXECUTION_DATE='2024-07-24T02:10:00+00:00' AIRFLOW_CTX_TRY_NUMBER='1' AIRFLOW_CTX_DAG_RUN_ID='scheduled__2024-07-24T02:10:00+00:00'
[2024-07-31T16:28:16.375+0900] {taskinstance.py:430} INFO - ::endgroup::
[2024-07-31T16:28:16.380+0900] {baseoperator.py:400} WARNING - PythonVirtualenvOperator.execute cannot be called outside TaskInstance!
[2024-07-31T16:28:16.381+0900] {process_utils.py:183} INFO - Executing cmd: /Users/DE32/.pyenv/versions/3.11.9/envs/note/bin/python -m virtualenv /var/folders/qv/0knwm5h50ml0skpppwpbks_r0000gp/T/venvc9aikxiu --python=python
[2024-07-31T16:28:16.383+0900] {process_utils.py:187} INFO - Output:
[2024-07-31T16:28:16.649+0900] {process_utils.py:191} INFO - created virtual environment CPython3.11.9.final.0-64 in 193ms
[2024-07-31T16:28:16.650+0900] {process_utils.py:191} INFO -   creator CPython3Posix(dest=/private/var/folders/qv/0knwm5h50ml0skpppwpbks_r0000gp/T/venvc9aikxiu, clear=False, no_vcs_ignore=False, global=False)
[2024-07-31T16:28:16.650+0900] {process_utils.py:191} INFO -   seeder FromAppData(download=False, pip=bundle, setuptools=bundle, wheel=bundle, via=copy, app_data_dir=/Users/DE32/Library/Application Support/virtualenv)
[2024-07-31T16:28:16.650+0900] {process_utils.py:191} INFO -     added seed packages: pip==24.1.2, setuptools==70.2.0, wheel==0.43.0
[2024-07-31T16:28:16.651+0900] {process_utils.py:191} INFO -   activators BashActivator,CShellActivator,FishActivator,NushellActivator,PowerShellActivator,PythonActivator
[2024-07-31T16:28:16.661+0900] {process_utils.py:183} INFO - Executing cmd: /var/folders/qv/0knwm5h50ml0skpppwpbks_r0000gp/T/venvc9aikxiu/bin/pip install -r /var/folders/qv/0knwm5h50ml0skpppwpbks_r0000gp/T/venvc9aikxiu/requirements.txt
[2024-07-31T16:28:16.664+0900] {process_utils.py:187} INFO - Output:
[2024-07-31T16:28:17.550+0900] {process_utils.py:191} INFO - Collecting git+https://github.com/Jeonghoon2/movie.git@0.2/api (from -r /var/folders/qv/0knwm5h50ml0skpppwpbks_r0000gp/T/venvc9aikxiu/requirements.txt (line 1))
[2024-07-31T16:28:17.551+0900] {process_utils.py:191} INFO -   Cloning https://github.com/Jeonghoon2/movie.git (to revision 0.2/api) to /private/var/folders/qv/0knwm5h50ml0skpppwpbks_r0000gp/T/pip-req-build-tw53r1_n
[2024-07-31T16:28:17.566+0900] {process_utils.py:191} INFO -   Running command git clone --filter=blob:none --quiet https://github.com/Jeonghoon2/movie.git /private/var/folders/qv/0knwm5h50ml0skpppwpbks_r0000gp/T/pip-req-build-tw53r1_n
[2024-07-31T16:28:19.192+0900] {process_utils.py:191} INFO -   Running command git checkout -b 0.2/api --track origin/0.2/api
[2024-07-31T16:28:19.726+0900] {process_utils.py:191} INFO -   Switched to a new branch '0.2/api'
[2024-07-31T16:28:19.726+0900] {process_utils.py:191} INFO -   branch '0.2/api' set up to track 'origin/0.2/api'.
[2024-07-31T16:28:19.727+0900] {process_utils.py:191} INFO -   Resolved https://github.com/Jeonghoon2/movie.git to commit 34de3b5e993ea074744539373447116355ac95da
[2024-07-31T16:28:19.746+0900] {process_utils.py:191} INFO -   Installing build dependencies: started
[2024-07-31T16:28:20.673+0900] {process_utils.py:191} INFO -   Installing build dependencies: finished with status 'done'
[2024-07-31T16:28:20.674+0900] {process_utils.py:191} INFO -   Getting requirements to build wheel: started
[2024-07-31T16:28:20.802+0900] {process_utils.py:191} INFO -   Getting requirements to build wheel: finished with status 'done'
[2024-07-31T16:28:20.804+0900] {process_utils.py:191} INFO -   Preparing metadata (pyproject.toml): started
[2024-07-31T16:28:20.929+0900] {process_utils.py:191} INFO -   Preparing metadata (pyproject.toml): finished with status 'done'
[2024-07-31T16:28:20.988+0900] {process_utils.py:191} INFO - Collecting requests>=2.32.3 (from mov==0.1.0->-r /var/folders/qv/0knwm5h50ml0skpppwpbks_r0000gp/T/venvc9aikxiu/requirements.txt (line 1))
[2024-07-31T16:28:20.989+0900] {process_utils.py:191} INFO -   Using cached requests-2.32.3-py3-none-any.whl.metadata (4.6 kB)
[2024-07-31T16:28:21.063+0900] {process_utils.py:191} INFO - Collecting pandas>=2.2.2 (from mov==0.1.0->-r /var/folders/qv/0knwm5h50ml0skpppwpbks_r0000gp/T/venvc9aikxiu/requirements.txt (line 1))
[2024-07-31T16:28:21.064+0900] {process_utils.py:191} INFO -   Using cached pandas-2.2.2-cp311-cp311-macosx_11_0_arm64.whl.metadata (19 kB)
[2024-07-31T16:28:21.174+0900] {process_utils.py:191} INFO - Collecting numpy>=2.0.1 (from mov==0.1.0->-r /var/folders/qv/0knwm5h50ml0skpppwpbks_r0000gp/T/venvc9aikxiu/requirements.txt (line 1))
[2024-07-31T16:28:21.177+0900] {process_utils.py:191} INFO -   Using cached numpy-2.0.1-cp311-cp311-macosx_14_0_arm64.whl.metadata (60 kB)
[2024-07-31T16:28:21.232+0900] {process_utils.py:191} INFO - Collecting pyarrow>=17.0.0 (from mov==0.1.0->-r /var/folders/qv/0knwm5h50ml0skpppwpbks_r0000gp/T/venvc9aikxiu/requirements.txt (line 1))
[2024-07-31T16:28:21.233+0900] {process_utils.py:191} INFO -   Using cached pyarrow-17.0.0-cp311-cp311-macosx_11_0_arm64.whl.metadata (3.3 kB)
[2024-07-31T16:28:21.270+0900] {process_utils.py:191} INFO - Collecting python-dateutil>=2.8.2 (from pandas>=2.2.2->mov==0.1.0->-r /var/folders/qv/0knwm5h50ml0skpppwpbks_r0000gp/T/venvc9aikxiu/requirements.txt (line 1))
[2024-07-31T16:28:21.271+0900] {process_utils.py:191} INFO -   Using cached python_dateutil-2.9.0.post0-py2.py3-none-any.whl.metadata (8.4 kB)
[2024-07-31T16:28:21.310+0900] {process_utils.py:191} INFO - Collecting pytz>=2020.1 (from pandas>=2.2.2->mov==0.1.0->-r /var/folders/qv/0knwm5h50ml0skpppwpbks_r0000gp/T/venvc9aikxiu/requirements.txt (line 1))
[2024-07-31T16:28:21.311+0900] {process_utils.py:191} INFO -   Using cached pytz-2024.1-py2.py3-none-any.whl.metadata (22 kB)
[2024-07-31T16:28:21.329+0900] {process_utils.py:191} INFO - Collecting tzdata>=2022.7 (from pandas>=2.2.2->mov==0.1.0->-r /var/folders/qv/0knwm5h50ml0skpppwpbks_r0000gp/T/venvc9aikxiu/requirements.txt (line 1))
[2024-07-31T16:28:21.330+0900] {process_utils.py:191} INFO -   Using cached tzdata-2024.1-py2.py3-none-any.whl.metadata (1.4 kB)
[2024-07-31T16:28:21.383+0900] {process_utils.py:191} INFO - Collecting charset-normalizer<4,>=2 (from requests>=2.32.3->mov==0.1.0->-r /var/folders/qv/0knwm5h50ml0skpppwpbks_r0000gp/T/venvc9aikxiu/requirements.txt (line 1))
[2024-07-31T16:28:21.385+0900] {process_utils.py:191} INFO -   Using cached charset_normalizer-3.3.2-cp311-cp311-macosx_11_0_arm64.whl.metadata (33 kB)
[2024-07-31T16:28:21.406+0900] {process_utils.py:191} INFO - Collecting idna<4,>=2.5 (from requests>=2.32.3->mov==0.1.0->-r /var/folders/qv/0knwm5h50ml0skpppwpbks_r0000gp/T/venvc9aikxiu/requirements.txt (line 1))
[2024-07-31T16:28:21.407+0900] {process_utils.py:191} INFO -   Using cached idna-3.7-py3-none-any.whl.metadata (9.9 kB)
[2024-07-31T16:28:21.435+0900] {process_utils.py:191} INFO - Collecting urllib3<3,>=1.21.1 (from requests>=2.32.3->mov==0.1.0->-r /var/folders/qv/0knwm5h50ml0skpppwpbks_r0000gp/T/venvc9aikxiu/requirements.txt (line 1))
[2024-07-31T16:28:21.436+0900] {process_utils.py:191} INFO -   Using cached urllib3-2.2.2-py3-none-any.whl.metadata (6.4 kB)
[2024-07-31T16:28:21.458+0900] {process_utils.py:191} INFO - Collecting certifi>=2017.4.17 (from requests>=2.32.3->mov==0.1.0->-r /var/folders/qv/0knwm5h50ml0skpppwpbks_r0000gp/T/venvc9aikxiu/requirements.txt (line 1))
[2024-07-31T16:28:21.459+0900] {process_utils.py:191} INFO -   Using cached certifi-2024.7.4-py3-none-any.whl.metadata (2.2 kB)
[2024-07-31T16:28:21.501+0900] {process_utils.py:191} INFO - Collecting six>=1.5 (from python-dateutil>=2.8.2->pandas>=2.2.2->mov==0.1.0->-r /var/folders/qv/0knwm5h50ml0skpppwpbks_r0000gp/T/venvc9aikxiu/requirements.txt (line 1))
[2024-07-31T16:28:21.502+0900] {process_utils.py:191} INFO -   Using cached six-1.16.0-py2.py3-none-any.whl.metadata (1.8 kB)
[2024-07-31T16:28:21.505+0900] {process_utils.py:191} INFO - Using cached numpy-2.0.1-cp311-cp311-macosx_14_0_arm64.whl (5.3 MB)
[2024-07-31T16:28:21.514+0900] {process_utils.py:191} INFO - Using cached pandas-2.2.2-cp311-cp311-macosx_11_0_arm64.whl (11.3 MB)
[2024-07-31T16:28:21.530+0900] {process_utils.py:191} INFO - Using cached pyarrow-17.0.0-cp311-cp311-macosx_11_0_arm64.whl (27.2 MB)
[2024-07-31T16:28:21.571+0900] {process_utils.py:191} INFO - Using cached requests-2.32.3-py3-none-any.whl (64 kB)
[2024-07-31T16:28:21.575+0900] {process_utils.py:191} INFO - Using cached certifi-2024.7.4-py3-none-any.whl (162 kB)
[2024-07-31T16:28:21.577+0900] {process_utils.py:191} INFO - Using cached charset_normalizer-3.3.2-cp311-cp311-macosx_11_0_arm64.whl (118 kB)
[2024-07-31T16:28:21.579+0900] {process_utils.py:191} INFO - Using cached idna-3.7-py3-none-any.whl (66 kB)
[2024-07-31T16:28:21.581+0900] {process_utils.py:191} INFO - Using cached python_dateutil-2.9.0.post0-py2.py3-none-any.whl (229 kB)
[2024-07-31T16:28:21.584+0900] {process_utils.py:191} INFO - Using cached pytz-2024.1-py2.py3-none-any.whl (505 kB)
[2024-07-31T16:28:21.586+0900] {process_utils.py:191} INFO - Using cached tzdata-2024.1-py2.py3-none-any.whl (345 kB)
[2024-07-31T16:28:21.589+0900] {process_utils.py:191} INFO - Using cached urllib3-2.2.2-py3-none-any.whl (121 kB)
[2024-07-31T16:28:21.590+0900] {process_utils.py:191} INFO - Using cached six-1.16.0-py2.py3-none-any.whl (11 kB)
[2024-07-31T16:28:21.633+0900] {process_utils.py:191} INFO - Building wheels for collected packages: mov
[2024-07-31T16:28:21.645+0900] {process_utils.py:191} INFO -   Building wheel for mov (pyproject.toml): started
[2024-07-31T16:28:21.783+0900] {process_utils.py:191} INFO -   Building wheel for mov (pyproject.toml): finished with status 'done'
[2024-07-31T16:28:21.783+0900] {process_utils.py:191} INFO -   Created wheel for mov: filename=mov-0.1.0-py3-none-any.whl size=3035 sha256=4afb9d3b61be44fc0d9f89ee88289e40aaab73a04f15df21aaa829ee5a4077f0
[2024-07-31T16:28:21.784+0900] {process_utils.py:191} INFO -   Stored in directory: /private/var/folders/qv/0knwm5h50ml0skpppwpbks_r0000gp/T/pip-ephem-wheel-cache-hn51a2an/wheels/cf/ab/a7/d0c528d20fa8a5f19e169bdf1d98f2b2cefe79d8527bb89200
[2024-07-31T16:28:21.785+0900] {process_utils.py:191} INFO - Successfully built mov
[2024-07-31T16:28:21.812+0900] {process_utils.py:191} INFO - Installing collected packages: pytz, urllib3, tzdata, six, numpy, idna, charset-normalizer, certifi, requests, python-dateutil, pyarrow, pandas, mov
[2024-07-31T16:28:26.384+0900] {process_utils.py:191} INFO - Successfully installed certifi-2024.7.4 charset-normalizer-3.3.2 idna-3.7 mov-0.1.0 numpy-2.0.1 pandas-2.2.2 pyarrow-17.0.0 python-dateutil-2.9.0.post0 pytz-2024.1 requests-2.32.3 six-1.16.0 tzdata-2024.1 urllib3-2.2.2
[2024-07-31T16:28:26.387+0900] {process_utils.py:191} INFO - 
[2024-07-31T16:28:26.387+0900] {process_utils.py:191} INFO - [notice] A new release of pip is available: 24.1.2 -> 24.2
[2024-07-31T16:28:26.388+0900] {process_utils.py:191} INFO - [notice] To update, run: python -m pip install --upgrade pip
[2024-07-31T16:28:26.522+0900] {process_utils.py:183} INFO - Executing cmd: /var/folders/qv/0knwm5h50ml0skpppwpbks_r0000gp/T/venvc9aikxiu/bin/python /var/folders/qv/0knwm5h50ml0skpppwpbks_r0000gp/T/venv-callgde_i3ta/script.py /var/folders/qv/0knwm5h50ml0skpppwpbks_r0000gp/T/venv-callgde_i3ta/script.in /var/folders/qv/0knwm5h50ml0skpppwpbks_r0000gp/T/venv-callgde_i3ta/script.out /var/folders/qv/0knwm5h50ml0skpppwpbks_r0000gp/T/venv-callgde_i3ta/string_args.txt /var/folders/qv/0knwm5h50ml0skpppwpbks_r0000gp/T/venv-callgde_i3ta/termination.log
[2024-07-31T16:28:26.524+0900] {process_utils.py:187} INFO - Output:
[2024-07-31T16:28:42.026+0900] {process_utils.py:191} INFO - {'boxOfficeResult': {'boxofficeType': '일별 박스오피스', 'showRange': '20240724~20240724', 'dailyBoxOfficeList': [{'rnum': '1', 'rank': '1', 'rankInten': '10', 'rankOldAndNew': 'OLD', 'movieCd': '20247781', 'movieNm': '데드풀과 울버린', 'openDt': '2024-07-24', 'salesAmt': '2356890297', 'salesShare': '55.9', 'salesInten': '2329095297', 'salesChange': '8379.5', 'salesAcc': '2384685297', 'audiCnt': '230126', 'audiInten': '228491', 'audiChange': '13975', 'audiAcc': '231761', 'scrnCnt': '1936', 'showCnt': '8234'}, {'rnum': '2', 'rank': '2', 'rankInten': '0', 'rankOldAndNew': 'NEW', 'movieCd': '20247440', 'movieNm': '슈퍼배드 4', 'openDt': '2024-07-24', 'salesAmt': '663988189', 'salesShare': '15.8', 'salesInten': '663988189', 'salesChange': '100', 'salesAcc': '1672006527', 'audiCnt': '73345', 'audiInten': '73345', 'audiChange': '100', 'audiAcc': '178291', 'scrnCnt': '1031', 'showCnt': '3989'}, {'rnum': '3', 'rank': '3', 'rankInten': '-2', 'rankOldAndNew': 'OLD', 'movieCd': '20212932', 'movieNm': '탈주', 'openDt': '2024-07-03', 'salesAmt': '335917595', 'salesShare': '8.0', 'salesInten': '-108900901', 'salesChange': '-24.5', 'salesAcc': '19332614529', 'audiCnt': '35724', 'audiInten': '-11161', 'audiChange': '-23.8', 'audiAcc': '2040407', 'scrnCnt': '879', 'showCnt': '2171'}, {'rnum': '4', 'rank': '4', 'rankInten': '-1', 'rankOldAndNew': 'OLD', 'movieCd': '20240983', 'movieNm': '명탐정 코난: 100만 달러의 펜타그램', 'openDt': '2024-07-17', 'salesAmt': '290558987', 'salesShare': '6.9', 'salesInten': '37970053', 'salesChange': '15', 'salesAcc': '4596225279', 'audiCnt': '31818', 'audiInten': '5670', 'audiChange': '21.7', 'audiAcc': '464951', 'scrnCnt': '613', 'showCnt': '1268'}, {'rnum': '5', 'rank': '5', 'rankInten': '-3', 'rankOldAndNew': 'OLD', 'movieCd': '20235974', 'movieNm': '인사이드 아웃 2', 'openDt': '2024-06-12', 'salesAmt': '164063623', 'salesShare': '3.9', 'salesInten': '-94243411', 'salesChange': '-36.5', 'salesAcc': '78186627858', 'audiCnt': '17459', 'audiInten': '-10172', 'audiChange': '-36.8', 'audiAcc': '8131394', 'scrnCnt': '625', 'showCnt': '1128'}, {'rnum': '6', 'rank': '6', 'rankInten': '-2', 'rankOldAndNew': 'OLD', 'movieCd': '20208245', 'movieNm': '핸섬가이즈', 'openDt': '2024-06-26', 'salesAmt': '93934862', 'salesShare': '2.2', 'salesInten': '-96733299', 'salesChange': '-50.7', 'salesAcc': '15350106368', 'audiCnt': '10223', 'audiInten': '-10129', 'audiChange': '-49.8', 'audiAcc': '1643836', 'scrnCnt': '532', 'showCnt': '878'}, {'rnum': '7', 'rank': '7', 'rankInten': '-2', 'rankOldAndNew': 'OLD', 'movieCd': '20208911', 'movieNm': '탈출: 프로젝트 사일런스', 'openDt': '2024-07-12', 'salesAmt': '61488551', 'salesShare': '1.5', 'salesInten': '-111919554', 'salesChange': '-64.5', 'salesAcc': '6277712995', 'audiCnt': '6735', 'audiInten': '-11546', 'audiChange': '-63.2', 'audiAcc': '643692', 'scrnCnt': '416', 'showCnt': '629'}, {'rnum': '8', 'rank': '8', 'rankInten': '0', 'rankOldAndNew': 'NEW', 'movieCd': '20242349', 'movieNm': '이준호 콘서트 : 다시 만나는 날', 'openDt': '2024-07-24', 'salesAmt': '108169000', 'salesShare': '2.6', 'salesInten': '108169000', 'salesChange': '100', 'salesAcc': '108169000', 'audiCnt': '4327', 'audiInten': '4327', 'audiChange': '100', 'audiAcc': '4327', 'scrnCnt': '56', 'showCnt': '105'}, {'rnum': '9', 'rank': '9', 'rankInten': '-2', 'rankOldAndNew': 'OLD', 'movieCd': '20248465', 'movieNm': '하이재킹', 'openDt': '2024-06-21', 'salesAmt': '17833495', 'salesShare': '0.4', 'salesInten': '-58995111', 'salesChange': '-76.8', 'salesAcc': '16705874261', 'audiCnt': '1955', 'audiInten': '-6191', 'audiChange': '-76', 'audiAcc': '1758706', 'scrnCnt': '147', 'showCnt': '180'}, {'rnum': '10', 'rank': '10', 'rankInten': '-4', 'rankOldAndNew': 'OLD', 'movieCd': '20224666', 'movieNm': '파일럿', 'openDt': '2024-07-31', 'salesAmt': '14658000', 'salesShare': '0.3', 'salesInten': '-118493000', 'salesChange': '-89', 'salesAcc': '248598000', 'audiCnt': '1854', 'audiInten': '-11537', 'audiChange': '-86.2', 'audiAcc': '26210', 'scrnCnt': '11', 'showCnt': '13'}]}}
[2024-07-31T16:28:42.027+0900] {process_utils.py:191} INFO -   rnum rank rankInten rankOldAndNew  ...  audiAcc scrnCnt showCnt   load_dt
[2024-07-31T16:28:42.027+0900] {process_utils.py:191} INFO - 0    1    1        10           OLD  ...   231761    1936    8234  20240724
[2024-07-31T16:28:42.028+0900] {process_utils.py:191} INFO - 1    2    2         0           NEW  ...   178291    1031    3989  20240724
[2024-07-31T16:28:42.028+0900] {process_utils.py:191} INFO - 2    3    3        -2           OLD  ...  2040407     879    2171  20240724
[2024-07-31T16:28:42.028+0900] {process_utils.py:191} INFO - 3    4    4        -1           OLD  ...   464951     613    1268  20240724
[2024-07-31T16:28:42.029+0900] {process_utils.py:191} INFO - 4    5    5        -3           OLD  ...  8131394     625    1128  20240724
[2024-07-31T16:28:42.029+0900] {process_utils.py:191} INFO - 
[2024-07-31T16:28:42.029+0900] {process_utils.py:191} INFO - [5 rows x 19 columns]
[2024-07-31T16:28:42.030+0900] {process_utils.py:191} INFO -   rnum rank rankInten rankOldAndNew  ...  audiAcc scrnCnt showCnt   load_dt
[2024-07-31T16:28:42.030+0900] {process_utils.py:191} INFO - 0    1    1        10           OLD  ...   231761    1936    8234  20240724
[2024-07-31T16:28:42.031+0900] {process_utils.py:191} INFO - 1    2    2         0           NEW  ...   178291    1031    3989  20240724
[2024-07-31T16:28:42.031+0900] {process_utils.py:191} INFO - 2    3    3        -2           OLD  ...  2040407     879    2171  20240724
[2024-07-31T16:28:42.031+0900] {process_utils.py:191} INFO - 3    4    4        -1           OLD  ...   464951     613    1268  20240724
[2024-07-31T16:28:42.032+0900] {process_utils.py:191} INFO - 4    5    5        -3           OLD  ...  8131394     625    1128  20240724
[2024-07-31T16:28:42.032+0900] {process_utils.py:191} INFO - 
[2024-07-31T16:28:42.032+0900] {process_utils.py:191} INFO - [5 rows x 19 columns]
[2024-07-31T16:28:42.501+0900] {python.py:237} INFO - Done. Returned value was: None
[2024-07-31T16:28:42.502+0900] {taskinstance.py:441} INFO - ::group::Post task execution logs
[2024-07-31T16:28:42.505+0900] {taskinstance.py:1206} INFO - Marking task as SUCCESS. dag_id=movie, task_id=get.data, run_id=scheduled__2024-07-24T02:10:00+00:00, execution_date=20240724T021000, start_date=20240731T072816, end_date=20240731T072842
[2024-07-31T16:28:42.516+0900] {local_task_job_runner.py:243} INFO - Task exited with return code 0
[2024-07-31T16:28:42.523+0900] {taskinstance.py:3503} INFO - 0 downstream tasks scheduled from follow-on schedule check
[2024-07-31T16:28:42.523+0900] {local_task_job_runner.py:222} INFO - ::endgroup::
