[2024-07-31T10:32:23.840+0900] {local_task_job_runner.py:120} INFO - ::group::Pre task execution logs
[2024-07-31T10:32:23.853+0900] {taskinstance.py:2076} INFO - Dependencies all met for dep_context=non-requeueable deps ti=<TaskInstance: movie.get.data scheduled__2024-07-24T02:10:00+00:00 [queued]>
[2024-07-31T10:32:23.857+0900] {taskinstance.py:2076} INFO - Dependencies all met for dep_context=requeueable deps ti=<TaskInstance: movie.get.data scheduled__2024-07-24T02:10:00+00:00 [queued]>
[2024-07-31T10:32:23.857+0900] {taskinstance.py:2306} INFO - Starting attempt 2 of 3
[2024-07-31T10:32:23.863+0900] {taskinstance.py:2330} INFO - Executing <Task(PythonVirtualenvOperator): get.data> on 2024-07-24 02:10:00+00:00
[2024-07-31T10:32:23.866+0900] {standard_task_runner.py:64} INFO - Started process 9347 to run task
[2024-07-31T10:32:23.869+0900] {standard_task_runner.py:90} INFO - Running: ['airflow', 'tasks', 'run', 'movie', 'get.data', 'scheduled__2024-07-24T02:10:00+00:00', '--job-id', '692', '--raw', '--subdir', 'DAGS_FOLDER/movie.py', '--cfg-path', '/var/folders/qv/0knwm5h50ml0skpppwpbks_r0000gp/T/tmpbdxf_gc4']
[2024-07-31T10:32:23.870+0900] {standard_task_runner.py:91} INFO - Job 692: Subtask get.data
[2024-07-31T10:32:23.885+0900] {task_command.py:426} INFO - Running <TaskInstance: movie.get.data scheduled__2024-07-24T02:10:00+00:00 [running]> on host jeongui-MacBookPro.local
[2024-07-31T10:32:23.904+0900] {taskinstance.py:2648} INFO - Exporting env vars: AIRFLOW_CTX_DAG_OWNER='airflow' AIRFLOW_CTX_DAG_ID='movie' AIRFLOW_CTX_TASK_ID='get.data' AIRFLOW_CTX_EXECUTION_DATE='2024-07-24T02:10:00+00:00' AIRFLOW_CTX_TRY_NUMBER='2' AIRFLOW_CTX_DAG_RUN_ID='scheduled__2024-07-24T02:10:00+00:00'
[2024-07-31T10:32:23.905+0900] {taskinstance.py:430} INFO - ::endgroup::
[2024-07-31T10:32:23.909+0900] {baseoperator.py:400} WARNING - PythonVirtualenvOperator.execute cannot be called outside TaskInstance!
[2024-07-31T10:32:23.910+0900] {process_utils.py:183} INFO - Executing cmd: /Users/DE32/.pyenv/versions/3.11.9/envs/note/bin/python -m virtualenv /var/folders/qv/0knwm5h50ml0skpppwpbks_r0000gp/T/venv4cy4c63a --python=python
[2024-07-31T10:32:23.913+0900] {process_utils.py:187} INFO - Output:
[2024-07-31T10:32:24.097+0900] {process_utils.py:191} INFO - created virtual environment CPython3.11.9.final.0-64 in 126ms
[2024-07-31T10:32:24.097+0900] {process_utils.py:191} INFO -   creator CPython3Posix(dest=/private/var/folders/qv/0knwm5h50ml0skpppwpbks_r0000gp/T/venv4cy4c63a, clear=False, no_vcs_ignore=False, global=False)
[2024-07-31T10:32:24.097+0900] {process_utils.py:191} INFO -   seeder FromAppData(download=False, pip=bundle, setuptools=bundle, wheel=bundle, via=copy, app_data_dir=/Users/DE32/Library/Application Support/virtualenv)
[2024-07-31T10:32:24.098+0900] {process_utils.py:191} INFO -     added seed packages: pip==24.1.2, setuptools==70.2.0, wheel==0.43.0
[2024-07-31T10:32:24.098+0900] {process_utils.py:191} INFO -   activators BashActivator,CShellActivator,FishActivator,NushellActivator,PowerShellActivator,PythonActivator
[2024-07-31T10:32:24.109+0900] {process_utils.py:183} INFO - Executing cmd: /var/folders/qv/0knwm5h50ml0skpppwpbks_r0000gp/T/venv4cy4c63a/bin/pip install -r /var/folders/qv/0knwm5h50ml0skpppwpbks_r0000gp/T/venv4cy4c63a/requirements.txt
[2024-07-31T10:32:24.111+0900] {process_utils.py:187} INFO - Output:
[2024-07-31T10:32:24.985+0900] {process_utils.py:191} INFO - Collecting git+https://github.com/Jeonghoon2/movie.git@0.2/api (from -r /var/folders/qv/0knwm5h50ml0skpppwpbks_r0000gp/T/venv4cy4c63a/requirements.txt (line 1))
[2024-07-31T10:32:24.985+0900] {process_utils.py:191} INFO -   Cloning https://github.com/Jeonghoon2/movie.git (to revision 0.2/api) to /private/var/folders/qv/0knwm5h50ml0skpppwpbks_r0000gp/T/pip-req-build-hjzej2kr
[2024-07-31T10:32:24.996+0900] {process_utils.py:191} INFO -   Running command git clone --filter=blob:none --quiet https://github.com/Jeonghoon2/movie.git /private/var/folders/qv/0knwm5h50ml0skpppwpbks_r0000gp/T/pip-req-build-hjzej2kr
[2024-07-31T10:32:26.448+0900] {process_utils.py:191} INFO -   Running command git checkout -b 0.2/api --track origin/0.2/api
[2024-07-31T10:32:27.130+0900] {process_utils.py:191} INFO -   Switched to a new branch '0.2/api'
[2024-07-31T10:32:27.131+0900] {process_utils.py:191} INFO -   branch '0.2/api' set up to track 'origin/0.2/api'.
[2024-07-31T10:32:27.131+0900] {process_utils.py:191} INFO -   Resolved https://github.com/Jeonghoon2/movie.git to commit 514cfb45f6fa577ee07d4fa2076f9283780af81e
[2024-07-31T10:32:27.156+0900] {process_utils.py:191} INFO -   Installing build dependencies: started
[2024-07-31T10:32:28.141+0900] {process_utils.py:191} INFO -   Installing build dependencies: finished with status 'done'
[2024-07-31T10:32:28.142+0900] {process_utils.py:191} INFO -   Getting requirements to build wheel: started
[2024-07-31T10:32:28.264+0900] {process_utils.py:191} INFO -   Getting requirements to build wheel: finished with status 'done'
[2024-07-31T10:32:28.265+0900] {process_utils.py:191} INFO -   Preparing metadata (pyproject.toml): started
[2024-07-31T10:32:28.389+0900] {process_utils.py:191} INFO -   Preparing metadata (pyproject.toml): finished with status 'done'
[2024-07-31T10:32:28.500+0900] {process_utils.py:191} INFO - Collecting requests>=2.32.3 (from mov==0.1.0->-r /var/folders/qv/0knwm5h50ml0skpppwpbks_r0000gp/T/venv4cy4c63a/requirements.txt (line 1))
[2024-07-31T10:32:28.501+0900] {process_utils.py:191} INFO -   Using cached requests-2.32.3-py3-none-any.whl.metadata (4.6 kB)
[2024-07-31T10:32:28.574+0900] {process_utils.py:191} INFO - Collecting pandas>=2.2.2 (from mov==0.1.0->-r /var/folders/qv/0knwm5h50ml0skpppwpbks_r0000gp/T/venv4cy4c63a/requirements.txt (line 1))
[2024-07-31T10:32:28.575+0900] {process_utils.py:191} INFO -   Using cached pandas-2.2.2-cp311-cp311-macosx_11_0_arm64.whl.metadata (19 kB)
[2024-07-31T10:32:28.711+0900] {process_utils.py:191} INFO - Collecting numpy>=2.0.1 (from mov==0.1.0->-r /var/folders/qv/0knwm5h50ml0skpppwpbks_r0000gp/T/venv4cy4c63a/requirements.txt (line 1))
[2024-07-31T10:32:28.712+0900] {process_utils.py:191} INFO -   Using cached numpy-2.0.1-cp311-cp311-macosx_14_0_arm64.whl.metadata (60 kB)
[2024-07-31T10:32:28.767+0900] {process_utils.py:191} INFO - Collecting pyarrow>=17.0.0 (from mov==0.1.0->-r /var/folders/qv/0knwm5h50ml0skpppwpbks_r0000gp/T/venv4cy4c63a/requirements.txt (line 1))
[2024-07-31T10:32:28.768+0900] {process_utils.py:191} INFO -   Using cached pyarrow-17.0.0-cp311-cp311-macosx_11_0_arm64.whl.metadata (3.3 kB)
[2024-07-31T10:32:28.790+0900] {process_utils.py:191} INFO - Collecting python-dateutil>=2.8.2 (from pandas>=2.2.2->mov==0.1.0->-r /var/folders/qv/0knwm5h50ml0skpppwpbks_r0000gp/T/venv4cy4c63a/requirements.txt (line 1))
[2024-07-31T10:32:28.791+0900] {process_utils.py:191} INFO -   Using cached python_dateutil-2.9.0.post0-py2.py3-none-any.whl.metadata (8.4 kB)
[2024-07-31T10:32:28.864+0900] {process_utils.py:191} INFO - Collecting pytz>=2020.1 (from pandas>=2.2.2->mov==0.1.0->-r /var/folders/qv/0knwm5h50ml0skpppwpbks_r0000gp/T/venv4cy4c63a/requirements.txt (line 1))
[2024-07-31T10:32:28.865+0900] {process_utils.py:191} INFO -   Using cached pytz-2024.1-py2.py3-none-any.whl.metadata (22 kB)
[2024-07-31T10:32:28.911+0900] {process_utils.py:191} INFO - Collecting tzdata>=2022.7 (from pandas>=2.2.2->mov==0.1.0->-r /var/folders/qv/0knwm5h50ml0skpppwpbks_r0000gp/T/venv4cy4c63a/requirements.txt (line 1))
[2024-07-31T10:32:28.912+0900] {process_utils.py:191} INFO -   Using cached tzdata-2024.1-py2.py3-none-any.whl.metadata (1.4 kB)
[2024-07-31T10:32:28.967+0900] {process_utils.py:191} INFO - Collecting charset-normalizer<4,>=2 (from requests>=2.32.3->mov==0.1.0->-r /var/folders/qv/0knwm5h50ml0skpppwpbks_r0000gp/T/venv4cy4c63a/requirements.txt (line 1))
[2024-07-31T10:32:28.968+0900] {process_utils.py:191} INFO -   Using cached charset_normalizer-3.3.2-cp311-cp311-macosx_11_0_arm64.whl.metadata (33 kB)
[2024-07-31T10:32:28.996+0900] {process_utils.py:191} INFO - Collecting idna<4,>=2.5 (from requests>=2.32.3->mov==0.1.0->-r /var/folders/qv/0knwm5h50ml0skpppwpbks_r0000gp/T/venv4cy4c63a/requirements.txt (line 1))
[2024-07-31T10:32:28.997+0900] {process_utils.py:191} INFO -   Using cached idna-3.7-py3-none-any.whl.metadata (9.9 kB)
[2024-07-31T10:32:29.059+0900] {process_utils.py:191} INFO - Collecting urllib3<3,>=1.21.1 (from requests>=2.32.3->mov==0.1.0->-r /var/folders/qv/0knwm5h50ml0skpppwpbks_r0000gp/T/venv4cy4c63a/requirements.txt (line 1))
[2024-07-31T10:32:29.059+0900] {process_utils.py:191} INFO -   Using cached urllib3-2.2.2-py3-none-any.whl.metadata (6.4 kB)
[2024-07-31T10:32:29.107+0900] {process_utils.py:191} INFO - Collecting certifi>=2017.4.17 (from requests>=2.32.3->mov==0.1.0->-r /var/folders/qv/0knwm5h50ml0skpppwpbks_r0000gp/T/venv4cy4c63a/requirements.txt (line 1))
[2024-07-31T10:32:29.108+0900] {process_utils.py:191} INFO -   Using cached certifi-2024.7.4-py3-none-any.whl.metadata (2.2 kB)
[2024-07-31T10:32:29.135+0900] {process_utils.py:191} INFO - Collecting six>=1.5 (from python-dateutil>=2.8.2->pandas>=2.2.2->mov==0.1.0->-r /var/folders/qv/0knwm5h50ml0skpppwpbks_r0000gp/T/venv4cy4c63a/requirements.txt (line 1))
[2024-07-31T10:32:29.135+0900] {process_utils.py:191} INFO -   Using cached six-1.16.0-py2.py3-none-any.whl.metadata (1.8 kB)
[2024-07-31T10:32:29.139+0900] {process_utils.py:191} INFO - Using cached numpy-2.0.1-cp311-cp311-macosx_14_0_arm64.whl (5.3 MB)
[2024-07-31T10:32:29.145+0900] {process_utils.py:191} INFO - Using cached pandas-2.2.2-cp311-cp311-macosx_11_0_arm64.whl (11.3 MB)
[2024-07-31T10:32:29.156+0900] {process_utils.py:191} INFO - Using cached pyarrow-17.0.0-cp311-cp311-macosx_11_0_arm64.whl (27.2 MB)
[2024-07-31T10:32:29.183+0900] {process_utils.py:191} INFO - Using cached requests-2.32.3-py3-none-any.whl (64 kB)
[2024-07-31T10:32:29.184+0900] {process_utils.py:191} INFO - Using cached certifi-2024.7.4-py3-none-any.whl (162 kB)
[2024-07-31T10:32:29.185+0900] {process_utils.py:191} INFO - Using cached charset_normalizer-3.3.2-cp311-cp311-macosx_11_0_arm64.whl (118 kB)
[2024-07-31T10:32:29.186+0900] {process_utils.py:191} INFO - Using cached idna-3.7-py3-none-any.whl (66 kB)
[2024-07-31T10:32:29.186+0900] {process_utils.py:191} INFO - Using cached python_dateutil-2.9.0.post0-py2.py3-none-any.whl (229 kB)
[2024-07-31T10:32:29.187+0900] {process_utils.py:191} INFO - Using cached pytz-2024.1-py2.py3-none-any.whl (505 kB)
[2024-07-31T10:32:29.189+0900] {process_utils.py:191} INFO - Using cached tzdata-2024.1-py2.py3-none-any.whl (345 kB)
[2024-07-31T10:32:29.190+0900] {process_utils.py:191} INFO - Using cached urllib3-2.2.2-py3-none-any.whl (121 kB)
[2024-07-31T10:32:29.191+0900] {process_utils.py:191} INFO - Using cached six-1.16.0-py2.py3-none-any.whl (11 kB)
[2024-07-31T10:32:29.233+0900] {process_utils.py:191} INFO - Building wheels for collected packages: mov
[2024-07-31T10:32:29.246+0900] {process_utils.py:191} INFO -   Building wheel for mov (pyproject.toml): started
[2024-07-31T10:32:29.380+0900] {process_utils.py:191} INFO -   Building wheel for mov (pyproject.toml): finished with status 'done'
[2024-07-31T10:32:29.381+0900] {process_utils.py:191} INFO -   Created wheel for mov: filename=mov-0.1.0-py3-none-any.whl size=3017 sha256=b028196520cfb3c41854a327654620ed4b663bbffad692572bfbfdc9964ddbfc
[2024-07-31T10:32:29.381+0900] {process_utils.py:191} INFO -   Stored in directory: /private/var/folders/qv/0knwm5h50ml0skpppwpbks_r0000gp/T/pip-ephem-wheel-cache-l9456_6_/wheels/cf/ab/a7/d0c528d20fa8a5f19e169bdf1d98f2b2cefe79d8527bb89200
[2024-07-31T10:32:29.382+0900] {process_utils.py:191} INFO - Successfully built mov
[2024-07-31T10:32:29.410+0900] {process_utils.py:191} INFO - Installing collected packages: pytz, urllib3, tzdata, six, numpy, idna, charset-normalizer, certifi, requests, python-dateutil, pyarrow, pandas, mov
[2024-07-31T10:32:33.894+0900] {process_utils.py:191} INFO - Successfully installed certifi-2024.7.4 charset-normalizer-3.3.2 idna-3.7 mov-0.1.0 numpy-2.0.1 pandas-2.2.2 pyarrow-17.0.0 python-dateutil-2.9.0.post0 pytz-2024.1 requests-2.32.3 six-1.16.0 tzdata-2024.1 urllib3-2.2.2
[2024-07-31T10:32:33.897+0900] {process_utils.py:191} INFO - 
[2024-07-31T10:32:33.897+0900] {process_utils.py:191} INFO - [notice] A new release of pip is available: 24.1.2 -> 24.2
[2024-07-31T10:32:33.897+0900] {process_utils.py:191} INFO - [notice] To update, run: python -m pip install --upgrade pip
[2024-07-31T10:32:34.027+0900] {process_utils.py:183} INFO - Executing cmd: /var/folders/qv/0knwm5h50ml0skpppwpbks_r0000gp/T/venv4cy4c63a/bin/python /var/folders/qv/0knwm5h50ml0skpppwpbks_r0000gp/T/venv-callfwuuvp3j/script.py /var/folders/qv/0knwm5h50ml0skpppwpbks_r0000gp/T/venv-callfwuuvp3j/script.in /var/folders/qv/0knwm5h50ml0skpppwpbks_r0000gp/T/venv-callfwuuvp3j/script.out /var/folders/qv/0knwm5h50ml0skpppwpbks_r0000gp/T/venv-callfwuuvp3j/string_args.txt /var/folders/qv/0knwm5h50ml0skpppwpbks_r0000gp/T/venv-callfwuuvp3j/termination.log
[2024-07-31T10:32:34.029+0900] {process_utils.py:187} INFO - Output:
[2024-07-31T10:32:49.036+0900] {process_utils.py:191} INFO - {'boxOfficeResult': {'boxofficeType': '일별 박스오피스', 'showRange': '20240724~20240724', 'dailyBoxOfficeList': [{'rnum': '1', 'rank': '1', 'rankInten': '10', 'rankOldAndNew': 'OLD', 'movieCd': '20247781', 'movieNm': '데드풀과 울버린', 'openDt': '2024-07-24', 'salesAmt': '2356890297', 'salesShare': '55.9', 'salesInten': '2329095297', 'salesChange': '8379.5', 'salesAcc': '2384685297', 'audiCnt': '230126', 'audiInten': '228491', 'audiChange': '13975', 'audiAcc': '231761', 'scrnCnt': '1936', 'showCnt': '8234'}, {'rnum': '2', 'rank': '2', 'rankInten': '0', 'rankOldAndNew': 'NEW', 'movieCd': '20247440', 'movieNm': '슈퍼배드 4', 'openDt': '2024-07-24', 'salesAmt': '663988189', 'salesShare': '15.8', 'salesInten': '663988189', 'salesChange': '100', 'salesAcc': '1672006527', 'audiCnt': '73345', 'audiInten': '73345', 'audiChange': '100', 'audiAcc': '178291', 'scrnCnt': '1031', 'showCnt': '3989'}, {'rnum': '3', 'rank': '3', 'rankInten': '-2', 'rankOldAndNew': 'OLD', 'movieCd': '20212932', 'movieNm': '탈주', 'openDt': '2024-07-03', 'salesAmt': '335917595', 'salesShare': '8.0', 'salesInten': '-108900901', 'salesChange': '-24.5', 'salesAcc': '19332614529', 'audiCnt': '35724', 'audiInten': '-11161', 'audiChange': '-23.8', 'audiAcc': '2040407', 'scrnCnt': '879', 'showCnt': '2171'}, {'rnum': '4', 'rank': '4', 'rankInten': '-1', 'rankOldAndNew': 'OLD', 'movieCd': '20240983', 'movieNm': '명탐정 코난: 100만 달러의 펜타그램', 'openDt': '2024-07-17', 'salesAmt': '290558987', 'salesShare': '6.9', 'salesInten': '37970053', 'salesChange': '15', 'salesAcc': '4596225279', 'audiCnt': '31818', 'audiInten': '5670', 'audiChange': '21.7', 'audiAcc': '464951', 'scrnCnt': '613', 'showCnt': '1268'}, {'rnum': '5', 'rank': '5', 'rankInten': '-3', 'rankOldAndNew': 'OLD', 'movieCd': '20235974', 'movieNm': '인사이드 아웃 2', 'openDt': '2024-06-12', 'salesAmt': '164063623', 'salesShare': '3.9', 'salesInten': '-94243411', 'salesChange': '-36.5', 'salesAcc': '78186655858', 'audiCnt': '17459', 'audiInten': '-10172', 'audiChange': '-36.8', 'audiAcc': '8131397', 'scrnCnt': '625', 'showCnt': '1128'}, {'rnum': '6', 'rank': '6', 'rankInten': '-2', 'rankOldAndNew': 'OLD', 'movieCd': '20208245', 'movieNm': '핸섬가이즈', 'openDt': '2024-06-26', 'salesAmt': '93934862', 'salesShare': '2.2', 'salesInten': '-96733299', 'salesChange': '-50.7', 'salesAcc': '15349449368', 'audiCnt': '10223', 'audiInten': '-10129', 'audiChange': '-49.8', 'audiAcc': '1643749', 'scrnCnt': '532', 'showCnt': '878'}, {'rnum': '7', 'rank': '7', 'rankInten': '-2', 'rankOldAndNew': 'OLD', 'movieCd': '20208911', 'movieNm': '탈출: 프로젝트 사일런스', 'openDt': '2024-07-12', 'salesAmt': '61488551', 'salesShare': '1.5', 'salesInten': '-111919554', 'salesChange': '-64.5', 'salesAcc': '6277712995', 'audiCnt': '6735', 'audiInten': '-11546', 'audiChange': '-63.2', 'audiAcc': '643692', 'scrnCnt': '416', 'showCnt': '629'}, {'rnum': '8', 'rank': '8', 'rankInten': '0', 'rankOldAndNew': 'NEW', 'movieCd': '20242349', 'movieNm': '이준호 콘서트 : 다시 만나는 날', 'openDt': '2024-07-24', 'salesAmt': '108169000', 'salesShare': '2.6', 'salesInten': '108169000', 'salesChange': '100', 'salesAcc': '108169000', 'audiCnt': '4327', 'audiInten': '4327', 'audiChange': '100', 'audiAcc': '4327', 'scrnCnt': '56', 'showCnt': '105'}, {'rnum': '9', 'rank': '9', 'rankInten': '-2', 'rankOldAndNew': 'OLD', 'movieCd': '20248465', 'movieNm': '하이재킹', 'openDt': '2024-06-21', 'salesAmt': '17833495', 'salesShare': '0.4', 'salesInten': '-58995111', 'salesChange': '-76.8', 'salesAcc': '16705874261', 'audiCnt': '1955', 'audiInten': '-6191', 'audiChange': '-76', 'audiAcc': '1758706', 'scrnCnt': '147', 'showCnt': '180'}, {'rnum': '10', 'rank': '10', 'rankInten': '-4', 'rankOldAndNew': 'OLD', 'movieCd': '20224666', 'movieNm': '파일럿', 'openDt': '2024-07-31', 'salesAmt': '14658000', 'salesShare': '0.3', 'salesInten': '-118493000', 'salesChange': '-89', 'salesAcc': '248598000', 'audiCnt': '1854', 'audiInten': '-11537', 'audiChange': '-86.2', 'audiAcc': '26210', 'scrnCnt': '11', 'showCnt': '13'}]}}
[2024-07-31T10:32:49.037+0900] {process_utils.py:191} INFO -   rnum rank rankInten rankOldAndNew  ...  audiAcc scrnCnt showCnt   load_dt
[2024-07-31T10:32:49.038+0900] {process_utils.py:191} INFO - 0    1    1        10           OLD  ...   231761    1936    8234  20240724
[2024-07-31T10:32:49.038+0900] {process_utils.py:191} INFO - 1    2    2         0           NEW  ...   178291    1031    3989  20240724
[2024-07-31T10:32:49.038+0900] {process_utils.py:191} INFO - 2    3    3        -2           OLD  ...  2040407     879    2171  20240724
[2024-07-31T10:32:49.039+0900] {process_utils.py:191} INFO - 3    4    4        -1           OLD  ...   464951     613    1268  20240724
[2024-07-31T10:32:49.039+0900] {process_utils.py:191} INFO - 4    5    5        -3           OLD  ...  8131397     625    1128  20240724
[2024-07-31T10:32:49.039+0900] {process_utils.py:191} INFO - 
[2024-07-31T10:32:49.040+0900] {process_utils.py:191} INFO - [5 rows x 19 columns]
[2024-07-31T10:32:49.040+0900] {process_utils.py:191} INFO -   rnum rank rankInten rankOldAndNew  ...  audiAcc scrnCnt showCnt   load_dt
[2024-07-31T10:32:49.040+0900] {process_utils.py:191} INFO - 0    1    1        10           OLD  ...   231761    1936    8234  20240724
[2024-07-31T10:32:49.041+0900] {process_utils.py:191} INFO - 1    2    2         0           NEW  ...   178291    1031    3989  20240724
[2024-07-31T10:32:49.041+0900] {process_utils.py:191} INFO - 2    3    3        -2           OLD  ...  2040407     879    2171  20240724
[2024-07-31T10:32:49.041+0900] {process_utils.py:191} INFO - 3    4    4        -1           OLD  ...   464951     613    1268  20240724
[2024-07-31T10:32:49.042+0900] {process_utils.py:191} INFO - 4    5    5        -3           OLD  ...  8131397     625    1128  20240724
[2024-07-31T10:32:49.042+0900] {process_utils.py:191} INFO - 
[2024-07-31T10:32:49.042+0900] {process_utils.py:191} INFO - [5 rows x 19 columns]
[2024-07-31T10:32:49.462+0900] {python.py:237} INFO - Done. Returned value was: None
[2024-07-31T10:32:49.462+0900] {taskinstance.py:441} INFO - ::group::Post task execution logs
[2024-07-31T10:32:49.466+0900] {taskinstance.py:1206} INFO - Marking task as SUCCESS. dag_id=movie, task_id=get.data, run_id=scheduled__2024-07-24T02:10:00+00:00, execution_date=20240724T021000, start_date=20240731T013223, end_date=20240731T013249
[2024-07-31T10:32:49.506+0900] {local_task_job_runner.py:243} INFO - Task exited with return code 0
[2024-07-31T10:32:49.514+0900] {taskinstance.py:3503} INFO - 1 downstream tasks scheduled from follow-on schedule check
[2024-07-31T10:32:49.515+0900] {local_task_job_runner.py:222} INFO - ::endgroup::
[2024-07-31T19:20:04.571+0900] {local_task_job_runner.py:120} INFO - ::group::Pre task execution logs
[2024-07-31T19:20:04.584+0900] {taskinstance.py:2076} INFO - Dependencies all met for dep_context=non-requeueable deps ti=<TaskInstance: movie.get.data scheduled__2024-07-24T02:10:00+00:00 [queued]>
[2024-07-31T19:20:04.587+0900] {taskinstance.py:2076} INFO - Dependencies all met for dep_context=requeueable deps ti=<TaskInstance: movie.get.data scheduled__2024-07-24T02:10:00+00:00 [queued]>
[2024-07-31T19:20:04.587+0900] {taskinstance.py:2306} INFO - Starting attempt 2 of 3
[2024-07-31T19:20:04.594+0900] {taskinstance.py:2330} INFO - Executing <Task(PythonVirtualenvOperator): get.data> on 2024-07-24 02:10:00+00:00
[2024-07-31T19:20:04.596+0900] {standard_task_runner.py:64} INFO - Started process 27061 to run task
[2024-07-31T19:20:04.599+0900] {standard_task_runner.py:90} INFO - Running: ['airflow', 'tasks', 'run', 'movie', 'get.data', 'scheduled__2024-07-24T02:10:00+00:00', '--job-id', '905', '--raw', '--subdir', 'DAGS_FOLDER/movie.py', '--cfg-path', '/var/folders/qv/0knwm5h50ml0skpppwpbks_r0000gp/T/tmpq65jql2n']
[2024-07-31T19:20:04.601+0900] {standard_task_runner.py:91} INFO - Job 905: Subtask get.data
[2024-07-31T19:20:04.617+0900] {task_command.py:426} INFO - Running <TaskInstance: movie.get.data scheduled__2024-07-24T02:10:00+00:00 [running]> on host jeongui-MacBookPro.local
[2024-07-31T19:20:04.638+0900] {taskinstance.py:2648} INFO - Exporting env vars: AIRFLOW_CTX_DAG_OWNER='airflow' AIRFLOW_CTX_DAG_ID='movie' AIRFLOW_CTX_TASK_ID='get.data' AIRFLOW_CTX_EXECUTION_DATE='2024-07-24T02:10:00+00:00' AIRFLOW_CTX_TRY_NUMBER='2' AIRFLOW_CTX_DAG_RUN_ID='scheduled__2024-07-24T02:10:00+00:00'
[2024-07-31T19:20:04.638+0900] {taskinstance.py:430} INFO - ::endgroup::
[2024-07-31T19:20:04.643+0900] {baseoperator.py:400} WARNING - PythonVirtualenvOperator.execute cannot be called outside TaskInstance!
[2024-07-31T19:20:04.643+0900] {process_utils.py:183} INFO - Executing cmd: /Users/DE32/.pyenv/versions/3.11.9/envs/note/bin/python -m virtualenv /var/folders/qv/0knwm5h50ml0skpppwpbks_r0000gp/T/venvidx_uz3z --python=python
[2024-07-31T19:20:04.645+0900] {process_utils.py:187} INFO - Output:
[2024-07-31T19:20:04.899+0900] {process_utils.py:191} INFO - created virtual environment CPython3.11.9.final.0-64 in 187ms
[2024-07-31T19:20:04.899+0900] {process_utils.py:191} INFO -   creator CPython3Posix(dest=/private/var/folders/qv/0knwm5h50ml0skpppwpbks_r0000gp/T/venvidx_uz3z, clear=False, no_vcs_ignore=False, global=False)
[2024-07-31T19:20:04.900+0900] {process_utils.py:191} INFO -   seeder FromAppData(download=False, pip=bundle, setuptools=bundle, wheel=bundle, via=copy, app_data_dir=/Users/DE32/Library/Application Support/virtualenv)
[2024-07-31T19:20:04.900+0900] {process_utils.py:191} INFO -     added seed packages: pip==24.1.2, setuptools==70.2.0, wheel==0.43.0
[2024-07-31T19:20:04.900+0900] {process_utils.py:191} INFO -   activators BashActivator,CShellActivator,FishActivator,NushellActivator,PowerShellActivator,PythonActivator
[2024-07-31T19:20:04.911+0900] {process_utils.py:183} INFO - Executing cmd: /var/folders/qv/0knwm5h50ml0skpppwpbks_r0000gp/T/venvidx_uz3z/bin/pip install -r /var/folders/qv/0knwm5h50ml0skpppwpbks_r0000gp/T/venvidx_uz3z/requirements.txt
[2024-07-31T19:20:04.913+0900] {process_utils.py:187} INFO - Output:
[2024-07-31T19:20:05.762+0900] {process_utils.py:191} INFO - Collecting git+https://github.com/Jeonghoon2/movie.git@0.2/api (from -r /var/folders/qv/0knwm5h50ml0skpppwpbks_r0000gp/T/venvidx_uz3z/requirements.txt (line 1))
[2024-07-31T19:20:05.762+0900] {process_utils.py:191} INFO -   Cloning https://github.com/Jeonghoon2/movie.git (to revision 0.2/api) to /private/var/folders/qv/0knwm5h50ml0skpppwpbks_r0000gp/T/pip-req-build-oxt60zin
[2024-07-31T19:20:05.776+0900] {process_utils.py:191} INFO -   Running command git clone --filter=blob:none --quiet https://github.com/Jeonghoon2/movie.git /private/var/folders/qv/0knwm5h50ml0skpppwpbks_r0000gp/T/pip-req-build-oxt60zin
[2024-07-31T19:20:07.345+0900] {process_utils.py:191} INFO -   Running command git checkout -b 0.2/api --track origin/0.2/api
[2024-07-31T19:20:07.849+0900] {process_utils.py:191} INFO -   Switched to a new branch '0.2/api'
[2024-07-31T19:20:07.849+0900] {process_utils.py:191} INFO -   branch '0.2/api' set up to track 'origin/0.2/api'.
[2024-07-31T19:20:07.850+0900] {process_utils.py:191} INFO -   Resolved https://github.com/Jeonghoon2/movie.git to commit c2fdd392ce95b386519b05b3bab786608cdb1c58
[2024-07-31T19:20:07.872+0900] {process_utils.py:191} INFO -   Installing build dependencies: started
[2024-07-31T19:20:08.764+0900] {process_utils.py:191} INFO -   Installing build dependencies: finished with status 'done'
[2024-07-31T19:20:08.765+0900] {process_utils.py:191} INFO -   Getting requirements to build wheel: started
[2024-07-31T19:20:08.890+0900] {process_utils.py:191} INFO -   Getting requirements to build wheel: finished with status 'done'
[2024-07-31T19:20:08.891+0900] {process_utils.py:191} INFO -   Preparing metadata (pyproject.toml): started
[2024-07-31T19:20:09.017+0900] {process_utils.py:191} INFO -   Preparing metadata (pyproject.toml): finished with status 'done'
[2024-07-31T19:20:09.077+0900] {process_utils.py:191} INFO - Collecting requests>=2.32.3 (from mov==0.1.0->-r /var/folders/qv/0knwm5h50ml0skpppwpbks_r0000gp/T/venvidx_uz3z/requirements.txt (line 1))
[2024-07-31T19:20:09.078+0900] {process_utils.py:191} INFO -   Using cached requests-2.32.3-py3-none-any.whl.metadata (4.6 kB)
[2024-07-31T19:20:09.143+0900] {process_utils.py:191} INFO - Collecting pandas>=2.2.2 (from mov==0.1.0->-r /var/folders/qv/0knwm5h50ml0skpppwpbks_r0000gp/T/venvidx_uz3z/requirements.txt (line 1))
[2024-07-31T19:20:09.144+0900] {process_utils.py:191} INFO -   Using cached pandas-2.2.2-cp311-cp311-macosx_11_0_arm64.whl.metadata (19 kB)
[2024-07-31T19:20:09.246+0900] {process_utils.py:191} INFO - Collecting numpy>=2.0.1 (from mov==0.1.0->-r /var/folders/qv/0knwm5h50ml0skpppwpbks_r0000gp/T/venvidx_uz3z/requirements.txt (line 1))
[2024-07-31T19:20:09.247+0900] {process_utils.py:191} INFO -   Using cached numpy-2.0.1-cp311-cp311-macosx_14_0_arm64.whl.metadata (60 kB)
[2024-07-31T19:20:09.299+0900] {process_utils.py:191} INFO - Collecting pyarrow>=17.0.0 (from mov==0.1.0->-r /var/folders/qv/0knwm5h50ml0skpppwpbks_r0000gp/T/venvidx_uz3z/requirements.txt (line 1))
[2024-07-31T19:20:09.301+0900] {process_utils.py:191} INFO -   Using cached pyarrow-17.0.0-cp311-cp311-macosx_11_0_arm64.whl.metadata (3.3 kB)
[2024-07-31T19:20:09.322+0900] {process_utils.py:191} INFO - Collecting python-dateutil>=2.8.2 (from pandas>=2.2.2->mov==0.1.0->-r /var/folders/qv/0knwm5h50ml0skpppwpbks_r0000gp/T/venvidx_uz3z/requirements.txt (line 1))
[2024-07-31T19:20:09.323+0900] {process_utils.py:191} INFO -   Using cached python_dateutil-2.9.0.post0-py2.py3-none-any.whl.metadata (8.4 kB)
[2024-07-31T19:20:09.355+0900] {process_utils.py:191} INFO - Collecting pytz>=2020.1 (from pandas>=2.2.2->mov==0.1.0->-r /var/folders/qv/0knwm5h50ml0skpppwpbks_r0000gp/T/venvidx_uz3z/requirements.txt (line 1))
[2024-07-31T19:20:09.356+0900] {process_utils.py:191} INFO -   Using cached pytz-2024.1-py2.py3-none-any.whl.metadata (22 kB)
[2024-07-31T19:20:09.371+0900] {process_utils.py:191} INFO - Collecting tzdata>=2022.7 (from pandas>=2.2.2->mov==0.1.0->-r /var/folders/qv/0knwm5h50ml0skpppwpbks_r0000gp/T/venvidx_uz3z/requirements.txt (line 1))
[2024-07-31T19:20:09.372+0900] {process_utils.py:191} INFO -   Using cached tzdata-2024.1-py2.py3-none-any.whl.metadata (1.4 kB)
[2024-07-31T19:20:09.420+0900] {process_utils.py:191} INFO - Collecting charset-normalizer<4,>=2 (from requests>=2.32.3->mov==0.1.0->-r /var/folders/qv/0knwm5h50ml0skpppwpbks_r0000gp/T/venvidx_uz3z/requirements.txt (line 1))
[2024-07-31T19:20:09.421+0900] {process_utils.py:191} INFO -   Using cached charset_normalizer-3.3.2-cp311-cp311-macosx_11_0_arm64.whl.metadata (33 kB)
[2024-07-31T19:20:09.437+0900] {process_utils.py:191} INFO - Collecting idna<4,>=2.5 (from requests>=2.32.3->mov==0.1.0->-r /var/folders/qv/0knwm5h50ml0skpppwpbks_r0000gp/T/venvidx_uz3z/requirements.txt (line 1))
[2024-07-31T19:20:09.438+0900] {process_utils.py:191} INFO -   Using cached idna-3.7-py3-none-any.whl.metadata (9.9 kB)
[2024-07-31T19:20:09.467+0900] {process_utils.py:191} INFO - Collecting urllib3<3,>=1.21.1 (from requests>=2.32.3->mov==0.1.0->-r /var/folders/qv/0knwm5h50ml0skpppwpbks_r0000gp/T/venvidx_uz3z/requirements.txt (line 1))
[2024-07-31T19:20:09.468+0900] {process_utils.py:191} INFO -   Using cached urllib3-2.2.2-py3-none-any.whl.metadata (6.4 kB)
[2024-07-31T19:20:09.487+0900] {process_utils.py:191} INFO - Collecting certifi>=2017.4.17 (from requests>=2.32.3->mov==0.1.0->-r /var/folders/qv/0knwm5h50ml0skpppwpbks_r0000gp/T/venvidx_uz3z/requirements.txt (line 1))
[2024-07-31T19:20:09.488+0900] {process_utils.py:191} INFO -   Using cached certifi-2024.7.4-py3-none-any.whl.metadata (2.2 kB)
[2024-07-31T19:20:09.515+0900] {process_utils.py:191} INFO - Collecting six>=1.5 (from python-dateutil>=2.8.2->pandas>=2.2.2->mov==0.1.0->-r /var/folders/qv/0knwm5h50ml0skpppwpbks_r0000gp/T/venvidx_uz3z/requirements.txt (line 1))
[2024-07-31T19:20:09.516+0900] {process_utils.py:191} INFO -   Using cached six-1.16.0-py2.py3-none-any.whl.metadata (1.8 kB)
[2024-07-31T19:20:09.519+0900] {process_utils.py:191} INFO - Using cached numpy-2.0.1-cp311-cp311-macosx_14_0_arm64.whl (5.3 MB)
[2024-07-31T19:20:09.529+0900] {process_utils.py:191} INFO - Using cached pandas-2.2.2-cp311-cp311-macosx_11_0_arm64.whl (11.3 MB)
[2024-07-31T19:20:09.554+0900] {process_utils.py:191} INFO - Using cached pyarrow-17.0.0-cp311-cp311-macosx_11_0_arm64.whl (27.2 MB)
[2024-07-31T19:20:09.612+0900] {process_utils.py:191} INFO - Using cached requests-2.32.3-py3-none-any.whl (64 kB)
[2024-07-31T19:20:09.621+0900] {process_utils.py:191} INFO - Using cached certifi-2024.7.4-py3-none-any.whl (162 kB)
[2024-07-31T19:20:09.627+0900] {process_utils.py:191} INFO - Using cached charset_normalizer-3.3.2-cp311-cp311-macosx_11_0_arm64.whl (118 kB)
[2024-07-31T19:20:09.629+0900] {process_utils.py:191} INFO - Using cached idna-3.7-py3-none-any.whl (66 kB)
[2024-07-31T19:20:09.630+0900] {process_utils.py:191} INFO - Using cached python_dateutil-2.9.0.post0-py2.py3-none-any.whl (229 kB)
[2024-07-31T19:20:09.633+0900] {process_utils.py:191} INFO - Using cached pytz-2024.1-py2.py3-none-any.whl (505 kB)
[2024-07-31T19:20:09.636+0900] {process_utils.py:191} INFO - Using cached tzdata-2024.1-py2.py3-none-any.whl (345 kB)
[2024-07-31T19:20:09.640+0900] {process_utils.py:191} INFO - Using cached urllib3-2.2.2-py3-none-any.whl (121 kB)
[2024-07-31T19:20:09.641+0900] {process_utils.py:191} INFO - Using cached six-1.16.0-py2.py3-none-any.whl (11 kB)
[2024-07-31T19:20:09.691+0900] {process_utils.py:191} INFO - Building wheels for collected packages: mov
[2024-07-31T19:20:09.704+0900] {process_utils.py:191} INFO -   Building wheel for mov (pyproject.toml): started
[2024-07-31T19:20:09.839+0900] {process_utils.py:191} INFO -   Building wheel for mov (pyproject.toml): finished with status 'done'
[2024-07-31T19:20:09.840+0900] {process_utils.py:191} INFO -   Created wheel for mov: filename=mov-0.1.0-py3-none-any.whl size=3056 sha256=f87c981075efd383ec3d73807d731c13d0ab4ffc9a2254566df6d96fc90a814d
[2024-07-31T19:20:09.840+0900] {process_utils.py:191} INFO -   Stored in directory: /private/var/folders/qv/0knwm5h50ml0skpppwpbks_r0000gp/T/pip-ephem-wheel-cache-ln_780hw/wheels/cf/ab/a7/d0c528d20fa8a5f19e169bdf1d98f2b2cefe79d8527bb89200
[2024-07-31T19:20:09.841+0900] {process_utils.py:191} INFO - Successfully built mov
[2024-07-31T19:20:09.869+0900] {process_utils.py:191} INFO - Installing collected packages: pytz, urllib3, tzdata, six, numpy, idna, charset-normalizer, certifi, requests, python-dateutil, pyarrow, pandas, mov
[2024-07-31T19:20:14.421+0900] {process_utils.py:191} INFO - Successfully installed certifi-2024.7.4 charset-normalizer-3.3.2 idna-3.7 mov-0.1.0 numpy-2.0.1 pandas-2.2.2 pyarrow-17.0.0 python-dateutil-2.9.0.post0 pytz-2024.1 requests-2.32.3 six-1.16.0 tzdata-2024.1 urllib3-2.2.2
[2024-07-31T19:20:14.424+0900] {process_utils.py:191} INFO - 
[2024-07-31T19:20:14.424+0900] {process_utils.py:191} INFO - [notice] A new release of pip is available: 24.1.2 -> 24.2
[2024-07-31T19:20:14.424+0900] {process_utils.py:191} INFO - [notice] To update, run: python -m pip install --upgrade pip
[2024-07-31T19:20:14.575+0900] {process_utils.py:183} INFO - Executing cmd: /var/folders/qv/0knwm5h50ml0skpppwpbks_r0000gp/T/venvidx_uz3z/bin/python /var/folders/qv/0knwm5h50ml0skpppwpbks_r0000gp/T/venv-callsnuybf21/script.py /var/folders/qv/0knwm5h50ml0skpppwpbks_r0000gp/T/venv-callsnuybf21/script.in /var/folders/qv/0knwm5h50ml0skpppwpbks_r0000gp/T/venv-callsnuybf21/script.out /var/folders/qv/0knwm5h50ml0skpppwpbks_r0000gp/T/venv-callsnuybf21/string_args.txt /var/folders/qv/0knwm5h50ml0skpppwpbks_r0000gp/T/venv-callsnuybf21/termination.log
[2024-07-31T19:20:14.577+0900] {process_utils.py:187} INFO - Output:
[2024-07-31T19:20:28.461+0900] {process_utils.py:191} INFO - {'boxOfficeResult': {'boxofficeType': '일별 박스오피스', 'showRange': '20240724~20240724', 'dailyBoxOfficeList': [{'rnum': '1', 'rank': '1', 'rankInten': '10', 'rankOldAndNew': 'OLD', 'movieCd': '20247781', 'movieNm': '데드풀과 울버린', 'openDt': '2024-07-24', 'salesAmt': '2356890297', 'salesShare': '55.9', 'salesInten': '2329095297', 'salesChange': '8379.5', 'salesAcc': '2384685297', 'audiCnt': '230126', 'audiInten': '228491', 'audiChange': '13975', 'audiAcc': '231761', 'scrnCnt': '1936', 'showCnt': '8234'}, {'rnum': '2', 'rank': '2', 'rankInten': '0', 'rankOldAndNew': 'NEW', 'movieCd': '20247440', 'movieNm': '슈퍼배드 4', 'openDt': '2024-07-24', 'salesAmt': '663988189', 'salesShare': '15.8', 'salesInten': '663988189', 'salesChange': '100', 'salesAcc': '1672006527', 'audiCnt': '73345', 'audiInten': '73345', 'audiChange': '100', 'audiAcc': '178291', 'scrnCnt': '1031', 'showCnt': '3989'}, {'rnum': '3', 'rank': '3', 'rankInten': '-2', 'rankOldAndNew': 'OLD', 'movieCd': '20212932', 'movieNm': '탈주', 'openDt': '2024-07-03', 'salesAmt': '335917595', 'salesShare': '8.0', 'salesInten': '-108900901', 'salesChange': '-24.5', 'salesAcc': '19332614529', 'audiCnt': '35724', 'audiInten': '-11161', 'audiChange': '-23.8', 'audiAcc': '2040407', 'scrnCnt': '879', 'showCnt': '2171'}, {'rnum': '4', 'rank': '4', 'rankInten': '-1', 'rankOldAndNew': 'OLD', 'movieCd': '20240983', 'movieNm': '명탐정 코난: 100만 달러의 펜타그램', 'openDt': '2024-07-17', 'salesAmt': '290558987', 'salesShare': '6.9', 'salesInten': '37970053', 'salesChange': '15', 'salesAcc': '4596225279', 'audiCnt': '31818', 'audiInten': '5670', 'audiChange': '21.7', 'audiAcc': '464951', 'scrnCnt': '613', 'showCnt': '1268'}, {'rnum': '5', 'rank': '5', 'rankInten': '-3', 'rankOldAndNew': 'OLD', 'movieCd': '20235974', 'movieNm': '인사이드 아웃 2', 'openDt': '2024-06-12', 'salesAmt': '164063623', 'salesShare': '3.9', 'salesInten': '-94243411', 'salesChange': '-36.5', 'salesAcc': '78186627858', 'audiCnt': '17459', 'audiInten': '-10172', 'audiChange': '-36.8', 'audiAcc': '8131394', 'scrnCnt': '625', 'showCnt': '1128'}, {'rnum': '6', 'rank': '6', 'rankInten': '-2', 'rankOldAndNew': 'OLD', 'movieCd': '20208245', 'movieNm': '핸섬가이즈', 'openDt': '2024-06-26', 'salesAmt': '93934862', 'salesShare': '2.2', 'salesInten': '-96733299', 'salesChange': '-50.7', 'salesAcc': '15351956368', 'audiCnt': '10223', 'audiInten': '-10129', 'audiChange': '-49.8', 'audiAcc': '1644083', 'scrnCnt': '532', 'showCnt': '878'}, {'rnum': '7', 'rank': '7', 'rankInten': '-2', 'rankOldAndNew': 'OLD', 'movieCd': '20208911', 'movieNm': '탈출: 프로젝트 사일런스', 'openDt': '2024-07-12', 'salesAmt': '61488551', 'salesShare': '1.5', 'salesInten': '-111919554', 'salesChange': '-64.5', 'salesAcc': '6277712995', 'audiCnt': '6735', 'audiInten': '-11546', 'audiChange': '-63.2', 'audiAcc': '643692', 'scrnCnt': '416', 'showCnt': '629'}, {'rnum': '8', 'rank': '8', 'rankInten': '0', 'rankOldAndNew': 'NEW', 'movieCd': '20242349', 'movieNm': '이준호 콘서트 : 다시 만나는 날', 'openDt': '2024-07-24', 'salesAmt': '108169000', 'salesShare': '2.6', 'salesInten': '108169000', 'salesChange': '100', 'salesAcc': '108169000', 'audiCnt': '4327', 'audiInten': '4327', 'audiChange': '100', 'audiAcc': '4327', 'scrnCnt': '56', 'showCnt': '105'}, {'rnum': '9', 'rank': '9', 'rankInten': '-2', 'rankOldAndNew': 'OLD', 'movieCd': '20248465', 'movieNm': '하이재킹', 'openDt': '2024-06-21', 'salesAmt': '17833495', 'salesShare': '0.4', 'salesInten': '-58995111', 'salesChange': '-76.8', 'salesAcc': '16705874261', 'audiCnt': '1955', 'audiInten': '-6191', 'audiChange': '-76', 'audiAcc': '1758706', 'scrnCnt': '147', 'showCnt': '180'}, {'rnum': '10', 'rank': '10', 'rankInten': '-4', 'rankOldAndNew': 'OLD', 'movieCd': '20224666', 'movieNm': '파일럿', 'openDt': '2024-07-31', 'salesAmt': '14658000', 'salesShare': '0.3', 'salesInten': '-118493000', 'salesChange': '-89', 'salesAcc': '248598000', 'audiCnt': '1854', 'audiInten': '-11537', 'audiChange': '-86.2', 'audiAcc': '26210', 'scrnCnt': '11', 'showCnt': '13'}]}}
[2024-07-31T19:20:28.462+0900] {process_utils.py:191} INFO - partitioning List : ['load_dt']
[2024-07-31T19:20:28.462+0900] {process_utils.py:191} INFO -   rnum rank rankInten rankOldAndNew  ...  audiAcc scrnCnt showCnt   load_dt
[2024-07-31T19:20:28.463+0900] {process_utils.py:191} INFO - 0    1    1        10           OLD  ...   231761    1936    8234  20240724
[2024-07-31T19:20:28.463+0900] {process_utils.py:191} INFO - 1    2    2         0           NEW  ...   178291    1031    3989  20240724
[2024-07-31T19:20:28.464+0900] {process_utils.py:191} INFO - 2    3    3        -2           OLD  ...  2040407     879    2171  20240724
[2024-07-31T19:20:28.464+0900] {process_utils.py:191} INFO - 3    4    4        -1           OLD  ...   464951     613    1268  20240724
[2024-07-31T19:20:28.464+0900] {process_utils.py:191} INFO - 4    5    5        -3           OLD  ...  8131394     625    1128  20240724
[2024-07-31T19:20:28.465+0900] {process_utils.py:191} INFO - 
[2024-07-31T19:20:28.465+0900] {process_utils.py:191} INFO - [5 rows x 19 columns]
[2024-07-31T19:20:28.923+0900] {python.py:237} INFO - Done. Returned value was: None
[2024-07-31T19:20:28.924+0900] {taskinstance.py:441} INFO - ::group::Post task execution logs
[2024-07-31T19:20:28.927+0900] {taskinstance.py:1206} INFO - Marking task as SUCCESS. dag_id=movie, task_id=get.data, run_id=scheduled__2024-07-24T02:10:00+00:00, execution_date=20240724T021000, start_date=20240731T102004, end_date=20240731T102028
[2024-07-31T19:20:28.935+0900] {local_task_job_runner.py:243} INFO - Task exited with return code 0
[2024-07-31T19:20:28.941+0900] {taskinstance.py:3503} INFO - 0 downstream tasks scheduled from follow-on schedule check
[2024-07-31T19:20:28.942+0900] {local_task_job_runner.py:222} INFO - ::endgroup::
