[2024-07-24T14:36:21.394+0900] {local_task_job_runner.py:120} INFO - ::group::Pre task execution logs
[2024-07-24T14:36:21.402+0900] {taskinstance.py:2076} INFO - Dependencies all met for dep_context=non-requeueable deps ti=<TaskInstance: simple_bash.sort.log scheduled__2024-07-15T00:00:00+00:00 [queued]>
[2024-07-24T14:36:21.404+0900] {taskinstance.py:2076} INFO - Dependencies all met for dep_context=requeueable deps ti=<TaskInstance: simple_bash.sort.log scheduled__2024-07-15T00:00:00+00:00 [queued]>
[2024-07-24T14:36:21.405+0900] {taskinstance.py:2306} INFO - Starting attempt 2 of 2
[2024-07-24T14:36:21.409+0900] {taskinstance.py:2330} INFO - Executing <Task(BashOperator): sort.log> on 2024-07-15 00:00:00+00:00
[2024-07-24T14:36:21.411+0900] {standard_task_runner.py:64} INFO - Started process 92511 to run task
[2024-07-24T14:36:21.413+0900] {standard_task_runner.py:90} INFO - Running: ['airflow', 'tasks', 'run', 'simple_bash', 'sort.log', 'scheduled__2024-07-15T00:00:00+00:00', '--job-id', '191', '--raw', '--subdir', 'DAGS_FOLDER/simple_bash.py', '--cfg-path', '/var/folders/qv/0knwm5h50ml0skpppwpbks_r0000gp/T/tmpxgj99rgn']
[2024-07-24T14:36:21.415+0900] {standard_task_runner.py:91} INFO - Job 191: Subtask sort.log
[2024-07-24T14:36:21.428+0900] {task_command.py:426} INFO - Running <TaskInstance: simple_bash.sort.log scheduled__2024-07-15T00:00:00+00:00 [running]> on host jeongui-MacBookPro.local
[2024-07-24T14:36:21.449+0900] {taskinstance.py:2648} INFO - Exporting env vars: AIRFLOW_CTX_DAG_OWNER='airflow' AIRFLOW_CTX_DAG_ID='simple_bash' AIRFLOW_CTX_TASK_ID='sort.log' AIRFLOW_CTX_EXECUTION_DATE='2024-07-15T00:00:00+00:00' AIRFLOW_CTX_TRY_NUMBER='2' AIRFLOW_CTX_DAG_RUN_ID='scheduled__2024-07-15T00:00:00+00:00'
[2024-07-24T14:36:21.450+0900] {taskinstance.py:430} INFO - ::endgroup::
[2024-07-24T14:36:21.456+0900] {subprocess.py:63} INFO - Tmp dir root location: /var/folders/qv/0knwm5h50ml0skpppwpbks_r0000gp/T
[2024-07-24T14:36:21.456+0900] {subprocess.py:75} INFO - Running command: ['/bin/bash', '-c', '\n            echo "sort"\n\t\t\tLANG=C\n\t\t\tmkdir -p ~/data/sort/20240715\n\t\t\tcat ~/data/cut/20240715/cut.log | sort > ~/data/sort/20240715/sort.log\n        ']
[2024-07-24T14:36:21.459+0900] {subprocess.py:86} INFO - Output:
[2024-07-24T14:36:21.460+0900] {subprocess.py:93} INFO - sort
[2024-07-24T14:36:21.464+0900] {subprocess.py:97} INFO - Command exited with return code 0
[2024-07-24T14:36:21.465+0900] {taskinstance.py:441} INFO - ::group::Post task execution logs
[2024-07-24T14:36:21.470+0900] {taskinstance.py:1206} INFO - Marking task as SUCCESS. dag_id=simple_bash, task_id=sort.log, run_id=scheduled__2024-07-15T00:00:00+00:00, execution_date=20240715T000000, start_date=20240724T053621, end_date=20240724T053621
[2024-07-24T14:36:21.475+0900] {local_task_job_runner.py:243} INFO - Task exited with return code 0
[2024-07-24T14:36:21.483+0900] {taskinstance.py:3503} INFO - 1 downstream tasks scheduled from follow-on schedule check
[2024-07-24T14:36:21.484+0900] {local_task_job_runner.py:222} INFO - ::endgroup::
