[2024-07-24T14:07:56.074+0900] {local_task_job_runner.py:120} INFO - ::group::Pre task execution logs
[2024-07-24T14:07:56.081+0900] {taskinstance.py:2076} INFO - Dependencies all met for dep_context=non-requeueable deps ti=<TaskInstance: simple_bash.count.log scheduled__2024-07-12T00:00:00+00:00 [queued]>
[2024-07-24T14:07:56.084+0900] {taskinstance.py:2076} INFO - Dependencies all met for dep_context=requeueable deps ti=<TaskInstance: simple_bash.count.log scheduled__2024-07-12T00:00:00+00:00 [queued]>
[2024-07-24T14:07:56.084+0900] {taskinstance.py:2306} INFO - Starting attempt 1 of 2
[2024-07-24T14:07:56.088+0900] {taskinstance.py:2330} INFO - Executing <Task(BashOperator): count.log> on 2024-07-12 00:00:00+00:00
[2024-07-24T14:07:56.091+0900] {standard_task_runner.py:64} INFO - Started process 89555 to run task
[2024-07-24T14:07:56.093+0900] {standard_task_runner.py:90} INFO - Running: ['airflow', 'tasks', 'run', 'simple_bash', 'count.log', 'scheduled__2024-07-12T00:00:00+00:00', '--job-id', '19', '--raw', '--subdir', 'DAGS_FOLDER/simple_bash.py', '--cfg-path', '/var/folders/qv/0knwm5h50ml0skpppwpbks_r0000gp/T/tmpxa8a2qer']
[2024-07-24T14:07:56.094+0900] {standard_task_runner.py:91} INFO - Job 19: Subtask count.log
[2024-07-24T14:07:56.108+0900] {task_command.py:426} INFO - Running <TaskInstance: simple_bash.count.log scheduled__2024-07-12T00:00:00+00:00 [running]> on host jeongui-MacBookPro.local
[2024-07-24T14:07:56.128+0900] {taskinstance.py:2648} INFO - Exporting env vars: AIRFLOW_CTX_DAG_OWNER='airflow' AIRFLOW_CTX_DAG_ID='simple_bash' AIRFLOW_CTX_TASK_ID='count.log' AIRFLOW_CTX_EXECUTION_DATE='2024-07-12T00:00:00+00:00' AIRFLOW_CTX_TRY_NUMBER='1' AIRFLOW_CTX_DAG_RUN_ID='scheduled__2024-07-12T00:00:00+00:00'
[2024-07-24T14:07:56.129+0900] {taskinstance.py:430} INFO - ::endgroup::
[2024-07-24T14:07:56.134+0900] {subprocess.py:63} INFO - Tmp dir root location: /var/folders/qv/0knwm5h50ml0skpppwpbks_r0000gp/T
[2024-07-24T14:07:56.135+0900] {subprocess.py:75} INFO - Running command: ['/bin/bash', '-c', '\n            echo "count"\n        ']
[2024-07-24T14:07:56.138+0900] {subprocess.py:86} INFO - Output:
[2024-07-24T14:07:56.139+0900] {subprocess.py:93} INFO - count
[2024-07-24T14:07:56.140+0900] {subprocess.py:97} INFO - Command exited with return code 0
[2024-07-24T14:07:56.140+0900] {taskinstance.py:441} INFO - ::group::Post task execution logs
[2024-07-24T14:07:56.146+0900] {taskinstance.py:1206} INFO - Marking task as SUCCESS. dag_id=simple_bash, task_id=count.log, run_id=scheduled__2024-07-12T00:00:00+00:00, execution_date=20240712T000000, start_date=20240724T050756, end_date=20240724T050756
[2024-07-24T14:07:56.155+0900] {local_task_job_runner.py:243} INFO - Task exited with return code 0
[2024-07-24T14:07:56.161+0900] {taskinstance.py:3503} INFO - 0 downstream tasks scheduled from follow-on schedule check
[2024-07-24T14:07:56.161+0900] {local_task_job_runner.py:222} INFO - ::endgroup::
[2024-07-24T14:20:08.061+0900] {local_task_job_runner.py:120} INFO - ::group::Pre task execution logs
[2024-07-24T14:20:08.069+0900] {taskinstance.py:2076} INFO - Dependencies all met for dep_context=non-requeueable deps ti=<TaskInstance: simple_bash.count.log scheduled__2024-07-12T00:00:00+00:00 [queued]>
[2024-07-24T14:20:08.071+0900] {taskinstance.py:2076} INFO - Dependencies all met for dep_context=requeueable deps ti=<TaskInstance: simple_bash.count.log scheduled__2024-07-12T00:00:00+00:00 [queued]>
[2024-07-24T14:20:08.071+0900] {taskinstance.py:2306} INFO - Starting attempt 1 of 1
[2024-07-24T14:20:08.075+0900] {taskinstance.py:2330} INFO - Executing <Task(BashOperator): count.log> on 2024-07-12 00:00:00+00:00
[2024-07-24T14:20:08.077+0900] {standard_task_runner.py:64} INFO - Started process 90867 to run task
[2024-07-24T14:20:08.080+0900] {standard_task_runner.py:90} INFO - Running: ['airflow', 'tasks', 'run', 'simple_bash', 'count.log', 'scheduled__2024-07-12T00:00:00+00:00', '--job-id', '115', '--raw', '--subdir', 'DAGS_FOLDER/simple_bash.py', '--cfg-path', '/var/folders/qv/0knwm5h50ml0skpppwpbks_r0000gp/T/tmp9p27wi9a']
[2024-07-24T14:20:08.081+0900] {standard_task_runner.py:91} INFO - Job 115: Subtask count.log
[2024-07-24T14:20:08.095+0900] {task_command.py:426} INFO - Running <TaskInstance: simple_bash.count.log scheduled__2024-07-12T00:00:00+00:00 [running]> on host jeongui-MacBookPro.local
[2024-07-24T14:20:08.116+0900] {taskinstance.py:2648} INFO - Exporting env vars: AIRFLOW_CTX_DAG_OWNER='airflow' AIRFLOW_CTX_DAG_ID='simple_bash' AIRFLOW_CTX_TASK_ID='count.log' AIRFLOW_CTX_EXECUTION_DATE='2024-07-12T00:00:00+00:00' AIRFLOW_CTX_TRY_NUMBER='1' AIRFLOW_CTX_DAG_RUN_ID='scheduled__2024-07-12T00:00:00+00:00'
[2024-07-24T14:20:08.117+0900] {taskinstance.py:430} INFO - ::endgroup::
[2024-07-24T14:20:08.122+0900] {subprocess.py:63} INFO - Tmp dir root location: /var/folders/qv/0knwm5h50ml0skpppwpbks_r0000gp/T
[2024-07-24T14:20:08.123+0900] {subprocess.py:75} INFO - Running command: ['/bin/bash', '-c', '\n            echo "count"\n\t\t\tLANG=C\n\t\t\tmkdir -p ~/data/count/20240712\n\t\t\tcat ~/data/sort/20240712/sort.log | uniq -c > ~/data/count/20240712/count.log\n        ']
[2024-07-24T14:20:08.126+0900] {subprocess.py:86} INFO - Output:
[2024-07-24T14:20:08.127+0900] {subprocess.py:93} INFO - count
[2024-07-24T14:20:08.131+0900] {subprocess.py:97} INFO - Command exited with return code 0
[2024-07-24T14:20:08.131+0900] {taskinstance.py:441} INFO - ::group::Post task execution logs
[2024-07-24T14:20:08.137+0900] {taskinstance.py:1206} INFO - Marking task as SUCCESS. dag_id=simple_bash, task_id=count.log, run_id=scheduled__2024-07-12T00:00:00+00:00, execution_date=20240712T000000, start_date=20240724T052008, end_date=20240724T052008
[2024-07-24T14:20:08.142+0900] {local_task_job_runner.py:243} INFO - Task exited with return code 0
[2024-07-24T14:20:08.150+0900] {taskinstance.py:3503} INFO - 0 downstream tasks scheduled from follow-on schedule check
[2024-07-24T14:20:08.150+0900] {local_task_job_runner.py:222} INFO - ::endgroup::
