[2024-07-24T17:13:59.874+0900] {local_task_job_runner.py:120} INFO - ::group::Pre task execution logs
[2024-07-24T17:13:59.884+0900] {taskinstance.py:2076} INFO - Dependencies all met for dep_context=non-requeueable deps ti=<TaskInstance: make_parquet.err.report scheduled__2024-07-11T00:00:00+00:00 [queued]>
[2024-07-24T17:13:59.886+0900] {taskinstance.py:2076} INFO - Dependencies all met for dep_context=requeueable deps ti=<TaskInstance: make_parquet.err.report scheduled__2024-07-11T00:00:00+00:00 [queued]>
[2024-07-24T17:13:59.886+0900] {taskinstance.py:2306} INFO - Starting attempt 2 of 3
[2024-07-24T17:13:59.891+0900] {taskinstance.py:2330} INFO - Executing <Task(BashOperator): err.report> on 2024-07-11 00:00:00+00:00
[2024-07-24T17:13:59.893+0900] {standard_task_runner.py:64} INFO - Started process 5070 to run task
[2024-07-24T17:13:59.896+0900] {standard_task_runner.py:90} INFO - Running: ['airflow', 'tasks', 'run', 'make_parquet', 'err.report', 'scheduled__2024-07-11T00:00:00+00:00', '--job-id', '439', '--raw', '--subdir', 'DAGS_FOLDER/make_parquet2.py', '--cfg-path', '/var/folders/qv/0knwm5h50ml0skpppwpbks_r0000gp/T/tmp2t9fvn0v']
[2024-07-24T17:13:59.897+0900] {standard_task_runner.py:91} INFO - Job 439: Subtask err.report
[2024-07-24T17:13:59.912+0900] {task_command.py:426} INFO - Running <TaskInstance: make_parquet.err.report scheduled__2024-07-11T00:00:00+00:00 [running]> on host jeongui-MacBookPro.local
[2024-07-24T17:13:59.940+0900] {taskinstance.py:2648} INFO - Exporting env vars: AIRFLOW_CTX_DAG_OWNER='airflow' AIRFLOW_CTX_DAG_ID='make_parquet' AIRFLOW_CTX_TASK_ID='err.report' AIRFLOW_CTX_EXECUTION_DATE='2024-07-11T00:00:00+00:00' AIRFLOW_CTX_TRY_NUMBER='2' AIRFLOW_CTX_DAG_RUN_ID='scheduled__2024-07-11T00:00:00+00:00'
[2024-07-24T17:13:59.941+0900] {taskinstance.py:430} INFO - ::endgroup::
[2024-07-24T17:13:59.947+0900] {subprocess.py:63} INFO - Tmp dir root location: /var/folders/qv/0knwm5h50ml0skpppwpbks_r0000gp/T
[2024-07-24T17:13:59.947+0900] {subprocess.py:75} INFO - Running command: ['/bin/bash', '-c', '\n        ']
[2024-07-24T17:13:59.951+0900] {subprocess.py:86} INFO - Output:
[2024-07-24T17:13:59.954+0900] {subprocess.py:97} INFO - Command exited with return code 0
[2024-07-24T17:13:59.954+0900] {taskinstance.py:441} INFO - ::group::Post task execution logs
[2024-07-24T17:13:59.960+0900] {taskinstance.py:1206} INFO - Marking task as SUCCESS. dag_id=make_parquet, task_id=err.report, run_id=scheduled__2024-07-11T00:00:00+00:00, execution_date=20240711T000000, start_date=20240724T081359, end_date=20240724T081359
[2024-07-24T17:14:00.001+0900] {local_task_job_runner.py:243} INFO - Task exited with return code 0
[2024-07-24T17:14:00.007+0900] {taskinstance.py:3503} INFO - 0 downstream tasks scheduled from follow-on schedule check
[2024-07-24T17:14:00.007+0900] {local_task_job_runner.py:222} INFO - ::endgroup::
