[2024-07-24T14:07:26.457+0900] {local_task_job_runner.py:120} INFO - ::group::Pre task execution logs
[2024-07-24T14:07:26.464+0900] {taskinstance.py:2076} INFO - Dependencies all met for dep_context=non-requeueable deps ti=<TaskInstance: simple_bash.sort.log scheduled__2024-07-12T00:00:00+00:00 [queued]>
[2024-07-24T14:07:26.467+0900] {taskinstance.py:2076} INFO - Dependencies all met for dep_context=requeueable deps ti=<TaskInstance: simple_bash.sort.log scheduled__2024-07-12T00:00:00+00:00 [queued]>
[2024-07-24T14:07:26.467+0900] {taskinstance.py:2306} INFO - Starting attempt 1 of 2
[2024-07-24T14:07:26.471+0900] {taskinstance.py:2330} INFO - Executing <Task(BashOperator): sort.log> on 2024-07-12 00:00:00+00:00
[2024-07-24T14:07:26.474+0900] {standard_task_runner.py:64} INFO - Started process 89528 to run task
[2024-07-24T14:07:26.476+0900] {standard_task_runner.py:90} INFO - Running: ['airflow', 'tasks', 'run', 'simple_bash', 'sort.log', 'scheduled__2024-07-12T00:00:00+00:00', '--job-id', '14', '--raw', '--subdir', 'DAGS_FOLDER/simple_bash.py', '--cfg-path', '/var/folders/qv/0knwm5h50ml0skpppwpbks_r0000gp/T/tmpio5lvqgy']
[2024-07-24T14:07:26.478+0900] {standard_task_runner.py:91} INFO - Job 14: Subtask sort.log
[2024-07-24T14:07:26.492+0900] {task_command.py:426} INFO - Running <TaskInstance: simple_bash.sort.log scheduled__2024-07-12T00:00:00+00:00 [running]> on host jeongui-MacBookPro.local
[2024-07-24T14:07:26.512+0900] {taskinstance.py:2648} INFO - Exporting env vars: AIRFLOW_CTX_DAG_OWNER='airflow' AIRFLOW_CTX_DAG_ID='simple_bash' AIRFLOW_CTX_TASK_ID='sort.log' AIRFLOW_CTX_EXECUTION_DATE='2024-07-12T00:00:00+00:00' AIRFLOW_CTX_TRY_NUMBER='1' AIRFLOW_CTX_DAG_RUN_ID='scheduled__2024-07-12T00:00:00+00:00'
[2024-07-24T14:07:26.512+0900] {taskinstance.py:430} INFO - ::endgroup::
[2024-07-24T14:07:26.518+0900] {subprocess.py:63} INFO - Tmp dir root location: /var/folders/qv/0knwm5h50ml0skpppwpbks_r0000gp/T
[2024-07-24T14:07:26.518+0900] {subprocess.py:75} INFO - Running command: ['/bin/bash', '-c', '\n            echo "sort"\n        ']
[2024-07-24T14:07:26.521+0900] {subprocess.py:86} INFO - Output:
[2024-07-24T14:07:26.523+0900] {subprocess.py:93} INFO - sort
[2024-07-24T14:07:26.523+0900] {subprocess.py:97} INFO - Command exited with return code 0
[2024-07-24T14:07:26.523+0900] {taskinstance.py:441} INFO - ::group::Post task execution logs
[2024-07-24T14:07:26.530+0900] {taskinstance.py:1206} INFO - Marking task as SUCCESS. dag_id=simple_bash, task_id=sort.log, run_id=scheduled__2024-07-12T00:00:00+00:00, execution_date=20240712T000000, start_date=20240724T050726, end_date=20240724T050726
[2024-07-24T14:07:26.538+0900] {local_task_job_runner.py:243} INFO - Task exited with return code 0
[2024-07-24T14:07:26.546+0900] {taskinstance.py:3503} INFO - 1 downstream tasks scheduled from follow-on schedule check
[2024-07-24T14:07:26.547+0900] {local_task_job_runner.py:222} INFO - ::endgroup::
[2024-07-24T14:19:38.469+0900] {local_task_job_runner.py:120} INFO - ::group::Pre task execution logs
[2024-07-24T14:19:38.477+0900] {taskinstance.py:2076} INFO - Dependencies all met for dep_context=non-requeueable deps ti=<TaskInstance: simple_bash.sort.log scheduled__2024-07-12T00:00:00+00:00 [queued]>
[2024-07-24T14:19:38.480+0900] {taskinstance.py:2076} INFO - Dependencies all met for dep_context=requeueable deps ti=<TaskInstance: simple_bash.sort.log scheduled__2024-07-12T00:00:00+00:00 [queued]>
[2024-07-24T14:19:38.480+0900] {taskinstance.py:2306} INFO - Starting attempt 1 of 1
[2024-07-24T14:19:38.484+0900] {taskinstance.py:2330} INFO - Executing <Task(BashOperator): sort.log> on 2024-07-12 00:00:00+00:00
[2024-07-24T14:19:38.486+0900] {standard_task_runner.py:64} INFO - Started process 90697 to run task
[2024-07-24T14:19:38.489+0900] {standard_task_runner.py:90} INFO - Running: ['airflow', 'tasks', 'run', 'simple_bash', 'sort.log', 'scheduled__2024-07-12T00:00:00+00:00', '--job-id', '110', '--raw', '--subdir', 'DAGS_FOLDER/simple_bash.py', '--cfg-path', '/var/folders/qv/0knwm5h50ml0skpppwpbks_r0000gp/T/tmpqoy6k288']
[2024-07-24T14:19:38.490+0900] {standard_task_runner.py:91} INFO - Job 110: Subtask sort.log
[2024-07-24T14:19:38.504+0900] {task_command.py:426} INFO - Running <TaskInstance: simple_bash.sort.log scheduled__2024-07-12T00:00:00+00:00 [running]> on host jeongui-MacBookPro.local
[2024-07-24T14:19:38.525+0900] {taskinstance.py:2648} INFO - Exporting env vars: AIRFLOW_CTX_DAG_OWNER='airflow' AIRFLOW_CTX_DAG_ID='simple_bash' AIRFLOW_CTX_TASK_ID='sort.log' AIRFLOW_CTX_EXECUTION_DATE='2024-07-12T00:00:00+00:00' AIRFLOW_CTX_TRY_NUMBER='1' AIRFLOW_CTX_DAG_RUN_ID='scheduled__2024-07-12T00:00:00+00:00'
[2024-07-24T14:19:38.525+0900] {taskinstance.py:430} INFO - ::endgroup::
[2024-07-24T14:19:38.531+0900] {subprocess.py:63} INFO - Tmp dir root location: /var/folders/qv/0knwm5h50ml0skpppwpbks_r0000gp/T
[2024-07-24T14:19:38.531+0900] {subprocess.py:75} INFO - Running command: ['/bin/bash', '-c', '\n            echo "sort"\n\t\t\tLANG=C\n\t\t\tmkdir -p ~/data/sort/20240712\n\t\t\tcat ~/data/cut/20240712/cut.log | sort > ~/data/sort/20240712/sort.log\n        ']
[2024-07-24T14:19:38.534+0900] {subprocess.py:86} INFO - Output:
[2024-07-24T14:19:38.536+0900] {subprocess.py:93} INFO - sort
[2024-07-24T14:19:38.539+0900] {subprocess.py:97} INFO - Command exited with return code 0
[2024-07-24T14:19:38.540+0900] {taskinstance.py:441} INFO - ::group::Post task execution logs
[2024-07-24T14:19:38.545+0900] {taskinstance.py:1206} INFO - Marking task as SUCCESS. dag_id=simple_bash, task_id=sort.log, run_id=scheduled__2024-07-12T00:00:00+00:00, execution_date=20240712T000000, start_date=20240724T051938, end_date=20240724T051938
[2024-07-24T14:19:38.550+0900] {local_task_job_runner.py:243} INFO - Task exited with return code 0
[2024-07-24T14:19:38.558+0900] {taskinstance.py:3503} INFO - 1 downstream tasks scheduled from follow-on schedule check
[2024-07-24T14:19:38.559+0900] {local_task_job_runner.py:222} INFO - ::endgroup::
