[2024-07-31T19:43:11.175+0900] {local_task_job_runner.py:120} INFO - ::group::Pre task execution logs
[2024-07-31T19:43:11.189+0900] {taskinstance.py:2076} INFO - Dependencies all met for dep_context=non-requeueable deps ti=<TaskInstance: movie.nation.f scheduled__2024-07-26T02:10:00+00:00 [queued]>
[2024-07-31T19:43:11.192+0900] {taskinstance.py:2076} INFO - Dependencies all met for dep_context=requeueable deps ti=<TaskInstance: movie.nation.f scheduled__2024-07-26T02:10:00+00:00 [queued]>
[2024-07-31T19:43:11.192+0900] {taskinstance.py:2306} INFO - Starting attempt 4 of 5
[2024-07-31T19:43:11.198+0900] {taskinstance.py:2330} INFO - Executing <Task(PythonVirtualenvOperator): nation.f> on 2024-07-26 02:10:00+00:00
[2024-07-31T19:43:11.201+0900] {standard_task_runner.py:64} INFO - Started process 32825 to run task
[2024-07-31T19:43:11.203+0900] {standard_task_runner.py:90} INFO - Running: ['airflow', 'tasks', 'run', 'movie', 'nation.f', 'scheduled__2024-07-26T02:10:00+00:00', '--job-id', '957', '--raw', '--subdir', 'DAGS_FOLDER/movie.py', '--cfg-path', '/var/folders/qv/0knwm5h50ml0skpppwpbks_r0000gp/T/tmptl1vmfp2']
[2024-07-31T19:43:11.205+0900] {standard_task_runner.py:91} INFO - Job 957: Subtask nation.f
[2024-07-31T19:43:11.219+0900] {task_command.py:426} INFO - Running <TaskInstance: movie.nation.f scheduled__2024-07-26T02:10:00+00:00 [running]> on host jeongui-MacBookPro.local
[2024-07-31T19:43:11.241+0900] {taskinstance.py:2648} INFO - Exporting env vars: AIRFLOW_CTX_DAG_OWNER='airflow' AIRFLOW_CTX_DAG_ID='movie' AIRFLOW_CTX_TASK_ID='nation.f' AIRFLOW_CTX_EXECUTION_DATE='2024-07-26T02:10:00+00:00' AIRFLOW_CTX_TRY_NUMBER='4' AIRFLOW_CTX_DAG_RUN_ID='scheduled__2024-07-26T02:10:00+00:00'
[2024-07-31T19:43:11.241+0900] {taskinstance.py:430} INFO - ::endgroup::
[2024-07-31T19:43:11.249+0900] {baseoperator.py:400} WARNING - PythonVirtualenvOperator.execute cannot be called outside TaskInstance!
[2024-07-31T19:43:11.249+0900] {process_utils.py:183} INFO - Executing cmd: /Users/DE32/.pyenv/versions/3.11.9/envs/note/bin/python -m virtualenv /var/folders/qv/0knwm5h50ml0skpppwpbks_r0000gp/T/venv9w64uwax --python=python
[2024-07-31T19:43:11.251+0900] {process_utils.py:187} INFO - Output:
[2024-07-31T19:43:11.497+0900] {process_utils.py:191} INFO - created virtual environment CPython3.11.9.final.0-64 in 179ms
[2024-07-31T19:43:11.498+0900] {process_utils.py:191} INFO -   creator CPython3Posix(dest=/private/var/folders/qv/0knwm5h50ml0skpppwpbks_r0000gp/T/venv9w64uwax, clear=False, no_vcs_ignore=False, global=False)
[2024-07-31T19:43:11.498+0900] {process_utils.py:191} INFO -   seeder FromAppData(download=False, pip=bundle, setuptools=bundle, wheel=bundle, via=copy, app_data_dir=/Users/DE32/Library/Application Support/virtualenv)
[2024-07-31T19:43:11.498+0900] {process_utils.py:191} INFO -     added seed packages: pip==24.1.2, setuptools==70.2.0, wheel==0.43.0
[2024-07-31T19:43:11.498+0900] {process_utils.py:191} INFO -   activators BashActivator,CShellActivator,FishActivator,NushellActivator,PowerShellActivator,PythonActivator
[2024-07-31T19:43:11.509+0900] {process_utils.py:183} INFO - Executing cmd: /var/folders/qv/0knwm5h50ml0skpppwpbks_r0000gp/T/venv9w64uwax/bin/pip install -r /var/folders/qv/0knwm5h50ml0skpppwpbks_r0000gp/T/venv9w64uwax/requirements.txt
[2024-07-31T19:43:11.511+0900] {process_utils.py:187} INFO - Output:
[2024-07-31T19:43:12.274+0900] {process_utils.py:191} INFO - Collecting git+https://github.com/Jeonghoon2/movie.git@0.2/api (from -r /var/folders/qv/0knwm5h50ml0skpppwpbks_r0000gp/T/venv9w64uwax/requirements.txt (line 1))
[2024-07-31T19:43:12.275+0900] {process_utils.py:191} INFO -   Cloning https://github.com/Jeonghoon2/movie.git (to revision 0.2/api) to /private/var/folders/qv/0knwm5h50ml0skpppwpbks_r0000gp/T/pip-req-build-428uqm94
[2024-07-31T19:43:12.289+0900] {process_utils.py:191} INFO -   Running command git clone --filter=blob:none --quiet https://github.com/Jeonghoon2/movie.git /private/var/folders/qv/0knwm5h50ml0skpppwpbks_r0000gp/T/pip-req-build-428uqm94
[2024-07-31T19:43:13.989+0900] {process_utils.py:191} INFO -   Running command git checkout -b 0.2/api --track origin/0.2/api
[2024-07-31T19:43:14.485+0900] {process_utils.py:191} INFO -   Switched to a new branch '0.2/api'
[2024-07-31T19:43:14.485+0900] {process_utils.py:191} INFO -   branch '0.2/api' set up to track 'origin/0.2/api'.
[2024-07-31T19:43:14.486+0900] {process_utils.py:191} INFO -   Resolved https://github.com/Jeonghoon2/movie.git to commit c2fdd392ce95b386519b05b3bab786608cdb1c58
[2024-07-31T19:43:14.505+0900] {process_utils.py:191} INFO -   Installing build dependencies: started
[2024-07-31T19:43:15.372+0900] {process_utils.py:191} INFO -   Installing build dependencies: finished with status 'done'
[2024-07-31T19:43:15.373+0900] {process_utils.py:191} INFO -   Getting requirements to build wheel: started
[2024-07-31T19:43:15.496+0900] {process_utils.py:191} INFO -   Getting requirements to build wheel: finished with status 'done'
[2024-07-31T19:43:15.497+0900] {process_utils.py:191} INFO -   Preparing metadata (pyproject.toml): started
[2024-07-31T19:43:15.622+0900] {process_utils.py:191} INFO -   Preparing metadata (pyproject.toml): finished with status 'done'
[2024-07-31T19:43:15.682+0900] {process_utils.py:191} INFO - Collecting requests>=2.32.3 (from mov==0.1.0->-r /var/folders/qv/0knwm5h50ml0skpppwpbks_r0000gp/T/venv9w64uwax/requirements.txt (line 1))
[2024-07-31T19:43:15.683+0900] {process_utils.py:191} INFO -   Using cached requests-2.32.3-py3-none-any.whl.metadata (4.6 kB)
[2024-07-31T19:43:15.752+0900] {process_utils.py:191} INFO - Collecting pandas>=2.2.2 (from mov==0.1.0->-r /var/folders/qv/0knwm5h50ml0skpppwpbks_r0000gp/T/venv9w64uwax/requirements.txt (line 1))
[2024-07-31T19:43:15.753+0900] {process_utils.py:191} INFO -   Using cached pandas-2.2.2-cp311-cp311-macosx_11_0_arm64.whl.metadata (19 kB)
[2024-07-31T19:43:15.853+0900] {process_utils.py:191} INFO - Collecting numpy>=2.0.1 (from mov==0.1.0->-r /var/folders/qv/0knwm5h50ml0skpppwpbks_r0000gp/T/venv9w64uwax/requirements.txt (line 1))
[2024-07-31T19:43:15.854+0900] {process_utils.py:191} INFO -   Using cached numpy-2.0.1-cp311-cp311-macosx_14_0_arm64.whl.metadata (60 kB)
[2024-07-31T19:43:16.261+0900] {process_utils.py:191} INFO - Collecting pyarrow>=17.0.0 (from mov==0.1.0->-r /var/folders/qv/0knwm5h50ml0skpppwpbks_r0000gp/T/venv9w64uwax/requirements.txt (line 1))
[2024-07-31T19:43:16.262+0900] {process_utils.py:191} INFO -   Using cached pyarrow-17.0.0-cp311-cp311-macosx_11_0_arm64.whl.metadata (3.3 kB)
[2024-07-31T19:43:16.285+0900] {process_utils.py:191} INFO - Collecting python-dateutil>=2.8.2 (from pandas>=2.2.2->mov==0.1.0->-r /var/folders/qv/0knwm5h50ml0skpppwpbks_r0000gp/T/venv9w64uwax/requirements.txt (line 1))
[2024-07-31T19:43:16.286+0900] {process_utils.py:191} INFO -   Using cached python_dateutil-2.9.0.post0-py2.py3-none-any.whl.metadata (8.4 kB)
[2024-07-31T19:43:16.315+0900] {process_utils.py:191} INFO - Collecting pytz>=2020.1 (from pandas>=2.2.2->mov==0.1.0->-r /var/folders/qv/0knwm5h50ml0skpppwpbks_r0000gp/T/venv9w64uwax/requirements.txt (line 1))
[2024-07-31T19:43:16.316+0900] {process_utils.py:191} INFO -   Using cached pytz-2024.1-py2.py3-none-any.whl.metadata (22 kB)
[2024-07-31T19:43:16.329+0900] {process_utils.py:191} INFO - Collecting tzdata>=2022.7 (from pandas>=2.2.2->mov==0.1.0->-r /var/folders/qv/0knwm5h50ml0skpppwpbks_r0000gp/T/venv9w64uwax/requirements.txt (line 1))
[2024-07-31T19:43:16.330+0900] {process_utils.py:191} INFO -   Using cached tzdata-2024.1-py2.py3-none-any.whl.metadata (1.4 kB)
[2024-07-31T19:43:16.373+0900] {process_utils.py:191} INFO - Collecting charset-normalizer<4,>=2 (from requests>=2.32.3->mov==0.1.0->-r /var/folders/qv/0knwm5h50ml0skpppwpbks_r0000gp/T/venv9w64uwax/requirements.txt (line 1))
[2024-07-31T19:43:16.374+0900] {process_utils.py:191} INFO -   Using cached charset_normalizer-3.3.2-cp311-cp311-macosx_11_0_arm64.whl.metadata (33 kB)
[2024-07-31T19:43:16.389+0900] {process_utils.py:191} INFO - Collecting idna<4,>=2.5 (from requests>=2.32.3->mov==0.1.0->-r /var/folders/qv/0knwm5h50ml0skpppwpbks_r0000gp/T/venv9w64uwax/requirements.txt (line 1))
[2024-07-31T19:43:16.390+0900] {process_utils.py:191} INFO -   Using cached idna-3.7-py3-none-any.whl.metadata (9.9 kB)
[2024-07-31T19:43:16.416+0900] {process_utils.py:191} INFO - Collecting urllib3<3,>=1.21.1 (from requests>=2.32.3->mov==0.1.0->-r /var/folders/qv/0knwm5h50ml0skpppwpbks_r0000gp/T/venv9w64uwax/requirements.txt (line 1))
[2024-07-31T19:43:16.417+0900] {process_utils.py:191} INFO -   Using cached urllib3-2.2.2-py3-none-any.whl.metadata (6.4 kB)
[2024-07-31T19:43:16.433+0900] {process_utils.py:191} INFO - Collecting certifi>=2017.4.17 (from requests>=2.32.3->mov==0.1.0->-r /var/folders/qv/0knwm5h50ml0skpppwpbks_r0000gp/T/venv9w64uwax/requirements.txt (line 1))
[2024-07-31T19:43:16.433+0900] {process_utils.py:191} INFO -   Using cached certifi-2024.7.4-py3-none-any.whl.metadata (2.2 kB)
[2024-07-31T19:43:16.458+0900] {process_utils.py:191} INFO - Collecting six>=1.5 (from python-dateutil>=2.8.2->pandas>=2.2.2->mov==0.1.0->-r /var/folders/qv/0knwm5h50ml0skpppwpbks_r0000gp/T/venv9w64uwax/requirements.txt (line 1))
[2024-07-31T19:43:16.459+0900] {process_utils.py:191} INFO -   Using cached six-1.16.0-py2.py3-none-any.whl.metadata (1.8 kB)
[2024-07-31T19:43:16.462+0900] {process_utils.py:191} INFO - Using cached numpy-2.0.1-cp311-cp311-macosx_14_0_arm64.whl (5.3 MB)
[2024-07-31T19:43:16.468+0900] {process_utils.py:191} INFO - Using cached pandas-2.2.2-cp311-cp311-macosx_11_0_arm64.whl (11.3 MB)
[2024-07-31T19:43:16.480+0900] {process_utils.py:191} INFO - Using cached pyarrow-17.0.0-cp311-cp311-macosx_11_0_arm64.whl (27.2 MB)
[2024-07-31T19:43:16.506+0900] {process_utils.py:191} INFO - Using cached requests-2.32.3-py3-none-any.whl (64 kB)
[2024-07-31T19:43:16.507+0900] {process_utils.py:191} INFO - Using cached certifi-2024.7.4-py3-none-any.whl (162 kB)
[2024-07-31T19:43:16.508+0900] {process_utils.py:191} INFO - Using cached charset_normalizer-3.3.2-cp311-cp311-macosx_11_0_arm64.whl (118 kB)
[2024-07-31T19:43:16.509+0900] {process_utils.py:191} INFO - Using cached idna-3.7-py3-none-any.whl (66 kB)
[2024-07-31T19:43:16.510+0900] {process_utils.py:191} INFO - Using cached python_dateutil-2.9.0.post0-py2.py3-none-any.whl (229 kB)
[2024-07-31T19:43:16.511+0900] {process_utils.py:191} INFO - Using cached pytz-2024.1-py2.py3-none-any.whl (505 kB)
[2024-07-31T19:43:16.512+0900] {process_utils.py:191} INFO - Using cached tzdata-2024.1-py2.py3-none-any.whl (345 kB)
[2024-07-31T19:43:16.513+0900] {process_utils.py:191} INFO - Using cached urllib3-2.2.2-py3-none-any.whl (121 kB)
[2024-07-31T19:43:16.514+0900] {process_utils.py:191} INFO - Using cached six-1.16.0-py2.py3-none-any.whl (11 kB)
[2024-07-31T19:43:16.556+0900] {process_utils.py:191} INFO - Building wheels for collected packages: mov
[2024-07-31T19:43:16.569+0900] {process_utils.py:191} INFO -   Building wheel for mov (pyproject.toml): started
[2024-07-31T19:43:16.703+0900] {process_utils.py:191} INFO -   Building wheel for mov (pyproject.toml): finished with status 'done'
[2024-07-31T19:43:16.704+0900] {process_utils.py:191} INFO -   Created wheel for mov: filename=mov-0.1.0-py3-none-any.whl size=3056 sha256=ec43d7d2dce23e430e948b30064a3cbca31aa03f8e5228145a28d72a57f2556b
[2024-07-31T19:43:16.704+0900] {process_utils.py:191} INFO -   Stored in directory: /private/var/folders/qv/0knwm5h50ml0skpppwpbks_r0000gp/T/pip-ephem-wheel-cache-sv4k2br0/wheels/cf/ab/a7/d0c528d20fa8a5f19e169bdf1d98f2b2cefe79d8527bb89200
[2024-07-31T19:43:16.705+0900] {process_utils.py:191} INFO - Successfully built mov
[2024-07-31T19:43:16.733+0900] {process_utils.py:191} INFO - Installing collected packages: pytz, urllib3, tzdata, six, numpy, idna, charset-normalizer, certifi, requests, python-dateutil, pyarrow, pandas, mov
[2024-07-31T19:43:21.210+0900] {process_utils.py:191} INFO - Successfully installed certifi-2024.7.4 charset-normalizer-3.3.2 idna-3.7 mov-0.1.0 numpy-2.0.1 pandas-2.2.2 pyarrow-17.0.0 python-dateutil-2.9.0.post0 pytz-2024.1 requests-2.32.3 six-1.16.0 tzdata-2024.1 urllib3-2.2.2
[2024-07-31T19:43:21.213+0900] {process_utils.py:191} INFO - 
[2024-07-31T19:43:21.213+0900] {process_utils.py:191} INFO - [notice] A new release of pip is available: 24.1.2 -> 24.2
[2024-07-31T19:43:21.214+0900] {process_utils.py:191} INFO - [notice] To update, run: python -m pip install --upgrade pip
[2024-07-31T19:43:21.347+0900] {logging_mixin.py:188} WARNING - /Users/DE32/.pyenv/versions/3.11.9/envs/note/lib/python3.11/site-packages/airflow/utils/context.py:212 AirflowContextDeprecationWarning: Accessing 'next_ds' from the template is deprecated and will be removed in a future version. Please use '{{ data_interval_end | ds }}' instead.
[2024-07-31T19:43:21.348+0900] {logging_mixin.py:188} WARNING - /Users/DE32/.pyenv/versions/3.11.9/envs/note/lib/python3.11/site-packages/airflow/utils/context.py:212 AirflowContextDeprecationWarning: Accessing 'next_ds_nodash' from the template is deprecated and will be removed in a future version. Please use '{{ data_interval_end | ds_nodash }}' instead.
[2024-07-31T19:43:21.348+0900] {logging_mixin.py:188} WARNING - /Users/DE32/.pyenv/versions/3.11.9/envs/note/lib/python3.11/site-packages/airflow/utils/context.py:212 AirflowContextDeprecationWarning: Accessing 'prev_ds' from the template is deprecated and will be removed in a future version.
[2024-07-31T19:43:21.348+0900] {logging_mixin.py:188} WARNING - /Users/DE32/.pyenv/versions/3.11.9/envs/note/lib/python3.11/site-packages/airflow/utils/context.py:212 AirflowContextDeprecationWarning: Accessing 'prev_ds_nodash' from the template is deprecated and will be removed in a future version.
[2024-07-31T19:43:21.349+0900] {logging_mixin.py:188} WARNING - /Users/DE32/.pyenv/versions/3.11.9/envs/note/lib/python3.11/site-packages/airflow/utils/context.py:212 AirflowContextDeprecationWarning: Accessing 'tomorrow_ds' from the template is deprecated and will be removed in a future version.
[2024-07-31T19:43:21.349+0900] {logging_mixin.py:188} WARNING - /Users/DE32/.pyenv/versions/3.11.9/envs/note/lib/python3.11/site-packages/airflow/utils/context.py:212 AirflowContextDeprecationWarning: Accessing 'tomorrow_ds_nodash' from the template is deprecated and will be removed in a future version.
[2024-07-31T19:43:21.349+0900] {logging_mixin.py:188} WARNING - /Users/DE32/.pyenv/versions/3.11.9/envs/note/lib/python3.11/site-packages/airflow/utils/context.py:212 AirflowContextDeprecationWarning: Accessing 'yesterday_ds' from the template is deprecated and will be removed in a future version.
[2024-07-31T19:43:21.350+0900] {logging_mixin.py:188} WARNING - /Users/DE32/.pyenv/versions/3.11.9/envs/note/lib/python3.11/site-packages/airflow/utils/context.py:212 AirflowContextDeprecationWarning: Accessing 'yesterday_ds_nodash' from the template is deprecated and will be removed in a future version.
[2024-07-31T19:43:21.354+0900] {process_utils.py:183} INFO - Executing cmd: /var/folders/qv/0knwm5h50ml0skpppwpbks_r0000gp/T/venv9w64uwax/bin/python /var/folders/qv/0knwm5h50ml0skpppwpbks_r0000gp/T/venv-calltm_16a4h/script.py /var/folders/qv/0knwm5h50ml0skpppwpbks_r0000gp/T/venv-calltm_16a4h/script.in /var/folders/qv/0knwm5h50ml0skpppwpbks_r0000gp/T/venv-calltm_16a4h/script.out /var/folders/qv/0knwm5h50ml0skpppwpbks_r0000gp/T/venv-calltm_16a4h/string_args.txt /var/folders/qv/0knwm5h50ml0skpppwpbks_r0000gp/T/venv-calltm_16a4h/termination.log
[2024-07-31T19:43:21.356+0900] {process_utils.py:187} INFO - Output:
[2024-07-31T19:43:34.822+0900] {process_utils.py:191} INFO - {'boxOfficeResult': {'boxofficeType': '일별 박스오피스', 'showRange': '20240726~20240726', 'dailyBoxOfficeList': [{'rnum': '1', 'rank': '1', 'rankInten': '0', 'rankOldAndNew': 'OLD', 'movieCd': '20247781', 'movieNm': '데드풀과 울버린', 'openDt': '2024-07-24', 'salesAmt': '1738523098', 'salesShare': '60.2', 'salesInten': '394077220', 'salesChange': '29.3', 'salesAcc': '5467654273', 'audiCnt': '164657', 'audiInten': '32992', 'audiChange': '25.1', 'audiAcc': '528083', 'scrnCnt': '1947', 'showCnt': '8677'}, {'rnum': '2', 'rank': '2', 'rankInten': '0', 'rankOldAndNew': 'OLD', 'movieCd': '20247440', 'movieNm': '슈퍼배드 4', 'openDt': '2024-07-24', 'salesAmt': '609117306', 'salesShare': '21.1', 'salesInten': '125136057', 'salesChange': '25.9', 'salesAcc': '2765105082', 'audiCnt': '65111', 'audiInten': '11456', 'audiChange': '21.4', 'audiAcc': '297057', 'scrnCnt': '1017', 'showCnt': '3846'}, {'rnum': '3', 'rank': '3', 'rankInten': '0', 'rankOldAndNew': 'OLD', 'movieCd': '20235974', 'movieNm': '인사이드 아웃 2', 'openDt': '2024-06-12', 'salesAmt': '250975589', 'salesShare': '8.7', 'salesInten': '59165483', 'salesChange': '30.8', 'salesAcc': '78629413553', 'audiCnt': '25799', 'audiInten': '5257', 'audiChange': '25.6', 'audiAcc': '8177735', 'scrnCnt': '652', 'showCnt': '1220'}, {'rnum': '4', 'rank': '4', 'rankInten': '0', 'rankOldAndNew': 'OLD', 'movieCd': '20240983', 'movieNm': '명탐정 코난: 100만 달러의 펜타그램', 'openDt': '2024-07-17', 'salesAmt': '176497837', 'salesShare': '6.1', 'salesInten': '-4219937', 'salesChange': '-2.3', 'salesAcc': '4953440890', 'audiCnt': '18238', 'audiInten': '-1140', 'audiChange': '-5.9', 'audiAcc': '502567', 'scrnCnt': '589', 'showCnt': '1187'}, {'rnum': '5', 'rank': '5', 'rankInten': '0', 'rankOldAndNew': 'OLD', 'movieCd': '20241343', 'movieNm': '우마무스메 프리티 더비 새로운 시대의 문', 'openDt': '2024-07-11', 'salesAmt': '20745614', 'salesShare': '0.7', 'salesInten': '-11647157', 'salesChange': '-36', 'salesAcc': '416974201', 'audiCnt': '1875', 'audiInten': '-1376', 'audiChange': '-42.3', 'audiAcc': '38685', 'scrnCnt': '79', 'showCnt': '91'}, {'rnum': '6', 'rank': '6', 'rankInten': '0', 'rankOldAndNew': 'OLD', 'movieCd': '20235926', 'movieNm': '퍼펙트 데이즈', 'openDt': '2024-07-03', 'salesAmt': '17065556', 'salesShare': '0.6', 'salesInten': '-28783', 'salesChange': '-0.2', 'salesAcc': '555781558', 'audiCnt': '1779', 'audiInten': '-82', 'audiChange': '-4.4', 'audiAcc': '58866', 'scrnCnt': '47', 'showCnt': '64'}, {'rnum': '7', 'rank': '7', 'rankInten': '1', 'rankOldAndNew': 'OLD', 'movieCd': '19960126', 'movieNm': '비포 선라이즈', 'openDt': '1996-03-30', 'salesAmt': '10531459', 'salesShare': '0.4', 'salesInten': '3135820', 'salesChange': '42.4', 'salesAcc': '644250218', 'audiCnt': '991', 'audiInten': '211', 'audiChange': '27.1', 'audiAcc': '75690', 'scrnCnt': '37', 'showCnt': '49'}, {'rnum': '8', 'rank': '8', 'rankInten': '-1', 'rankOldAndNew': 'OLD', 'movieCd': '20240850', 'movieNm': '극장판 도라에몽: 진구의 지구 교향곡', 'openDt': '2024-07-10', 'salesAmt': '8086300', 'salesShare': '0.3', 'salesInten': '1075500', 'salesChange': '15.3', 'salesAcc': '574120200', 'audiCnt': '943', 'audiInten': '87', 'audiChange': '10.2', 'audiAcc': '66381', 'scrnCnt': '95', 'showCnt': '106'}, {'rnum': '9', 'rank': '9', 'rankInten': '6', 'rankOldAndNew': 'OLD', 'movieCd': '20240541', 'movieNm': '언더더씨: 마법 산호초를 찾아서', 'openDt': '2024-06-27', 'salesAmt': '4200000', 'salesShare': '0.1', 'salesInten': '2468000', 'salesChange': '142.5', 'salesAcc': '226963255', 'audiCnt': '753', 'audiInten': '447', 'audiChange': '146.1', 'audiAcc': '29411', 'scrnCnt': '15', 'showCnt': '16'}, {'rnum': '10', 'rank': '10', 'rankInten': '9', 'rankOldAndNew': 'OLD', 'movieCd': '20240761', 'movieNm': '빅샤크5: 80일간의 해저일주', 'openDt': '2024-07-11', 'salesAmt': '3932500', 'salesShare': '0.1', 'salesInten': '2876500', 'salesChange': '272.4', 'salesAcc': '100975300', 'audiCnt': '584', 'audiInten': '436', 'audiChange': '294.6', 'audiAcc': '13681', 'scrnCnt': '19', 'showCnt': '19'}]}}
[2024-07-31T19:43:34.822+0900] {process_utils.py:191} INFO - partitioning List : ['load_dt', 'repNationCd']
[2024-07-31T19:43:34.823+0900] {process_utils.py:191} INFO -   rnum rank rankInten rankOldAndNew  ... scrnCnt showCnt   load_dt repNationCd
[2024-07-31T19:43:34.823+0900] {process_utils.py:191} INFO - 0    1    1         0           OLD  ...    1947    8677  20240726           F
[2024-07-31T19:43:34.824+0900] {process_utils.py:191} INFO - 1    2    2         0           OLD  ...    1017    3846  20240726           F
[2024-07-31T19:43:34.824+0900] {process_utils.py:191} INFO - 2    3    3         0           OLD  ...     652    1220  20240726           F
[2024-07-31T19:43:34.825+0900] {process_utils.py:191} INFO - 3    4    4         0           OLD  ...     589    1187  20240726           F
[2024-07-31T19:43:34.825+0900] {process_utils.py:191} INFO - 4    5    5         0           OLD  ...      79      91  20240726           F
[2024-07-31T19:43:34.825+0900] {process_utils.py:191} INFO - 5    6    6         0           OLD  ...      47      64  20240726           F
[2024-07-31T19:43:34.826+0900] {process_utils.py:191} INFO - 6    7    7         1           OLD  ...      37      49  20240726           F
[2024-07-31T19:43:34.826+0900] {process_utils.py:191} INFO - 7    8    8        -1           OLD  ...      95     106  20240726           F
[2024-07-31T19:43:34.827+0900] {process_utils.py:191} INFO - 8    9    9         6           OLD  ...      15      16  20240726           F
[2024-07-31T19:43:34.827+0900] {process_utils.py:191} INFO - 9   10   10         9           OLD  ...      19      19  20240726           F
[2024-07-31T19:43:34.827+0900] {process_utils.py:191} INFO - 
[2024-07-31T19:43:34.828+0900] {process_utils.py:191} INFO - [10 rows x 20 columns]
[2024-07-31T19:43:35.283+0900] {python.py:237} INFO - Done. Returned value was: None
[2024-07-31T19:43:35.284+0900] {taskinstance.py:441} INFO - ::group::Post task execution logs
[2024-07-31T19:43:35.288+0900] {taskinstance.py:1206} INFO - Marking task as SUCCESS. dag_id=movie, task_id=nation.f, run_id=scheduled__2024-07-26T02:10:00+00:00, execution_date=20240726T021000, start_date=20240731T104311, end_date=20240731T104335
[2024-07-31T19:43:35.331+0900] {local_task_job_runner.py:243} INFO - Task exited with return code 0
[2024-07-31T19:43:35.340+0900] {taskinstance.py:3503} INFO - 0 downstream tasks scheduled from follow-on schedule check
[2024-07-31T19:43:35.340+0900] {local_task_job_runner.py:222} INFO - ::endgroup::
