[2024-07-30T10:16:59.536+0900] {local_task_job_runner.py:120} INFO - ::group::Pre task execution logs
[2024-07-30T10:16:59.547+0900] {taskinstance.py:2076} INFO - Dependencies all met for dep_context=non-requeueable deps ti=<TaskInstance: simple_bash.err.report scheduled__2024-07-29T00:00:00+00:00 [queued]>
[2024-07-30T10:16:59.550+0900] {taskinstance.py:2076} INFO - Dependencies all met for dep_context=requeueable deps ti=<TaskInstance: simple_bash.err.report scheduled__2024-07-29T00:00:00+00:00 [queued]>
[2024-07-30T10:16:59.550+0900] {taskinstance.py:2306} INFO - Starting attempt 1 of 1
[2024-07-30T10:16:59.555+0900] {taskinstance.py:2330} INFO - Executing <Task(BashOperator): err.report> on 2024-07-29 00:00:00+00:00
[2024-07-30T10:16:59.558+0900] {standard_task_runner.py:64} INFO - Started process 3009 to run task
[2024-07-30T10:16:59.560+0900] {standard_task_runner.py:90} INFO - Running: ['airflow', 'tasks', 'run', 'simple_bash', 'err.report', 'scheduled__2024-07-29T00:00:00+00:00', '--job-id', '613', '--raw', '--subdir', 'DAGS_FOLDER/simple_bash.py', '--cfg-path', '/var/folders/qv/0knwm5h50ml0skpppwpbks_r0000gp/T/tmp_g_086f8']
[2024-07-30T10:16:59.562+0900] {standard_task_runner.py:91} INFO - Job 613: Subtask err.report
[2024-07-30T10:16:59.577+0900] {task_command.py:426} INFO - Running <TaskInstance: simple_bash.err.report scheduled__2024-07-29T00:00:00+00:00 [running]> on host jeongui-MacBookPro.local
[2024-07-30T10:16:59.598+0900] {taskinstance.py:2648} INFO - Exporting env vars: AIRFLOW_CTX_DAG_OWNER='airflow' AIRFLOW_CTX_DAG_ID='simple_bash' AIRFLOW_CTX_TASK_ID='err.report' AIRFLOW_CTX_EXECUTION_DATE='2024-07-29T00:00:00+00:00' AIRFLOW_CTX_TRY_NUMBER='1' AIRFLOW_CTX_DAG_RUN_ID='scheduled__2024-07-29T00:00:00+00:00'
[2024-07-30T10:16:59.598+0900] {taskinstance.py:430} INFO - ::endgroup::
[2024-07-30T10:16:59.605+0900] {subprocess.py:63} INFO - Tmp dir root location: /var/folders/qv/0knwm5h50ml0skpppwpbks_r0000gp/T
[2024-07-30T10:16:59.605+0900] {subprocess.py:75} INFO - Running command: ['/bin/bash', '-c', '\n            echo "err report"\n        ']
[2024-07-30T10:16:59.608+0900] {subprocess.py:86} INFO - Output:
[2024-07-30T10:16:59.609+0900] {subprocess.py:93} INFO - err report
[2024-07-30T10:16:59.610+0900] {subprocess.py:97} INFO - Command exited with return code 0
[2024-07-30T10:16:59.610+0900] {taskinstance.py:441} INFO - ::group::Post task execution logs
[2024-07-30T10:16:59.616+0900] {taskinstance.py:1206} INFO - Marking task as SUCCESS. dag_id=simple_bash, task_id=err.report, run_id=scheduled__2024-07-29T00:00:00+00:00, execution_date=20240729T000000, start_date=20240730T011659, end_date=20240730T011659
[2024-07-30T10:16:59.622+0900] {local_task_job_runner.py:243} INFO - Task exited with return code 0
[2024-07-30T10:16:59.630+0900] {taskinstance.py:3503} INFO - 0 downstream tasks scheduled from follow-on schedule check
[2024-07-30T10:16:59.630+0900] {local_task_job_runner.py:222} INFO - ::endgroup::
