[2024-07-27T14:07:13.699+0900] {local_task_job_runner.py:120} INFO - ::group::Pre task execution logs
[2024-07-27T14:07:13.711+0900] {taskinstance.py:2076} INFO - Dependencies all met for dep_context=non-requeueable deps ti=<TaskInstance: make_parquet.err.report scheduled__2024-07-26T04:10:00+00:00 [queued]>
[2024-07-27T14:07:13.714+0900] {taskinstance.py:2076} INFO - Dependencies all met for dep_context=requeueable deps ti=<TaskInstance: make_parquet.err.report scheduled__2024-07-26T04:10:00+00:00 [queued]>
[2024-07-27T14:07:13.714+0900] {taskinstance.py:2306} INFO - Starting attempt 1 of 2
[2024-07-27T14:07:13.720+0900] {taskinstance.py:2330} INFO - Executing <Task(BashOperator): err.report> on 2024-07-26 04:10:00+00:00
[2024-07-27T14:07:13.723+0900] {standard_task_runner.py:64} INFO - Started process 29310 to run task
[2024-07-27T14:07:13.725+0900] {standard_task_runner.py:90} INFO - Running: ['airflow', 'tasks', 'run', 'make_parquet', 'err.report', 'scheduled__2024-07-26T04:10:00+00:00', '--job-id', '482', '--raw', '--subdir', 'DAGS_FOLDER/make_parquet.py', '--cfg-path', '/var/folders/qv/0knwm5h50ml0skpppwpbks_r0000gp/T/tmp301vgosa']
[2024-07-27T14:07:13.727+0900] {standard_task_runner.py:91} INFO - Job 482: Subtask err.report
[2024-07-27T14:07:13.743+0900] {task_command.py:426} INFO - Running <TaskInstance: make_parquet.err.report scheduled__2024-07-26T04:10:00+00:00 [running]> on host jeongui-MacBookPro.local
[2024-07-27T14:07:13.764+0900] {taskinstance.py:2648} INFO - Exporting env vars: AIRFLOW_CTX_DAG_OWNER='airflow' AIRFLOW_CTX_DAG_ID='make_parquet' AIRFLOW_CTX_TASK_ID='err.report' AIRFLOW_CTX_EXECUTION_DATE='2024-07-26T04:10:00+00:00' AIRFLOW_CTX_TRY_NUMBER='1' AIRFLOW_CTX_DAG_RUN_ID='scheduled__2024-07-26T04:10:00+00:00'
[2024-07-27T14:07:13.764+0900] {taskinstance.py:430} INFO - ::endgroup::
[2024-07-27T14:07:13.770+0900] {subprocess.py:63} INFO - Tmp dir root location: /var/folders/qv/0knwm5h50ml0skpppwpbks_r0000gp/T
[2024-07-27T14:07:13.770+0900] {subprocess.py:75} INFO - Running command: ['/bin/bash', '-c', '\n        ']
[2024-07-27T14:07:13.773+0900] {subprocess.py:86} INFO - Output:
[2024-07-27T14:07:13.775+0900] {subprocess.py:97} INFO - Command exited with return code 0
[2024-07-27T14:07:13.775+0900] {taskinstance.py:441} INFO - ::group::Post task execution logs
[2024-07-27T14:07:13.782+0900] {taskinstance.py:1206} INFO - Marking task as SUCCESS. dag_id=make_parquet, task_id=err.report, run_id=scheduled__2024-07-26T04:10:00+00:00, execution_date=20240726T041000, start_date=20240727T050713, end_date=20240727T050713
[2024-07-27T14:07:13.799+0900] {local_task_job_runner.py:243} INFO - Task exited with return code 0
[2024-07-27T14:07:13.805+0900] {taskinstance.py:3503} INFO - 0 downstream tasks scheduled from follow-on schedule check
[2024-07-27T14:07:13.805+0900] {local_task_job_runner.py:222} INFO - ::endgroup::
