[2024-07-24T14:07:02.147+0900] {local_task_job_runner.py:120} INFO - ::group::Pre task execution logs
[2024-07-24T14:07:02.155+0900] {taskinstance.py:2076} INFO - Dependencies all met for dep_context=non-requeueable deps ti=<TaskInstance: simple_bash.cut.log scheduled__2024-07-12T00:00:00+00:00 [queued]>
[2024-07-24T14:07:02.157+0900] {taskinstance.py:2076} INFO - Dependencies all met for dep_context=requeueable deps ti=<TaskInstance: simple_bash.cut.log scheduled__2024-07-12T00:00:00+00:00 [queued]>
[2024-07-24T14:07:02.157+0900] {taskinstance.py:2306} INFO - Starting attempt 1 of 2
[2024-07-24T14:07:02.161+0900] {taskinstance.py:2330} INFO - Executing <Task(BashOperator): cut.log> on 2024-07-12 00:00:00+00:00
[2024-07-24T14:07:02.164+0900] {standard_task_runner.py:64} INFO - Started process 89405 to run task
[2024-07-24T14:07:02.166+0900] {standard_task_runner.py:90} INFO - Running: ['airflow', 'tasks', 'run', 'simple_bash', 'cut.log', 'scheduled__2024-07-12T00:00:00+00:00', '--job-id', '10', '--raw', '--subdir', 'DAGS_FOLDER/simple_bash.py', '--cfg-path', '/var/folders/qv/0knwm5h50ml0skpppwpbks_r0000gp/T/tmpup2w_5rk']
[2024-07-24T14:07:02.168+0900] {standard_task_runner.py:91} INFO - Job 10: Subtask cut.log
[2024-07-24T14:07:02.182+0900] {task_command.py:426} INFO - Running <TaskInstance: simple_bash.cut.log scheduled__2024-07-12T00:00:00+00:00 [running]> on host jeongui-MacBookPro.local
[2024-07-24T14:07:02.203+0900] {taskinstance.py:2648} INFO - Exporting env vars: AIRFLOW_CTX_DAG_OWNER='airflow' AIRFLOW_CTX_DAG_ID='simple_bash' AIRFLOW_CTX_TASK_ID='cut.log' AIRFLOW_CTX_EXECUTION_DATE='2024-07-12T00:00:00+00:00' AIRFLOW_CTX_TRY_NUMBER='1' AIRFLOW_CTX_DAG_RUN_ID='scheduled__2024-07-12T00:00:00+00:00'
[2024-07-24T14:07:02.203+0900] {taskinstance.py:430} INFO - ::endgroup::
[2024-07-24T14:07:02.209+0900] {subprocess.py:63} INFO - Tmp dir root location: /var/folders/qv/0knwm5h50ml0skpppwpbks_r0000gp/T
[2024-07-24T14:07:02.209+0900] {subprocess.py:75} INFO - Running command: ['/bin/bash', '-c', '\n            echo "cut"\n\t\t\tmkdir -p ~/data/cut/20240712\n\t\t\tcat ~/data/20240712/*.log | cut -d\' \' -f1 | sort | uniq -c | sort >> ~/data/cut/20240712/cut.log\n        ']
[2024-07-24T14:07:02.212+0900] {subprocess.py:86} INFO - Output:
[2024-07-24T14:07:02.213+0900] {subprocess.py:93} INFO - cut
[2024-07-24T14:07:02.218+0900] {subprocess.py:93} INFO - cut: stdin: Illegal byte sequence
[2024-07-24T14:07:02.219+0900] {subprocess.py:97} INFO - Command exited with return code 0
[2024-07-24T14:07:02.219+0900] {taskinstance.py:441} INFO - ::group::Post task execution logs
[2024-07-24T14:07:02.225+0900] {taskinstance.py:1206} INFO - Marking task as SUCCESS. dag_id=simple_bash, task_id=cut.log, run_id=scheduled__2024-07-12T00:00:00+00:00, execution_date=20240712T000000, start_date=20240724T050702, end_date=20240724T050702
[2024-07-24T14:07:02.273+0900] {local_task_job_runner.py:243} INFO - Task exited with return code 0
[2024-07-24T14:07:02.283+0900] {taskinstance.py:3503} INFO - 1 downstream tasks scheduled from follow-on schedule check
[2024-07-24T14:07:02.284+0900] {local_task_job_runner.py:222} INFO - ::endgroup::
[2024-07-24T14:19:14.245+0900] {local_task_job_runner.py:120} INFO - ::group::Pre task execution logs
[2024-07-24T14:19:14.253+0900] {taskinstance.py:2076} INFO - Dependencies all met for dep_context=non-requeueable deps ti=<TaskInstance: simple_bash.cut.log scheduled__2024-07-12T00:00:00+00:00 [queued]>
[2024-07-24T14:19:14.255+0900] {taskinstance.py:2076} INFO - Dependencies all met for dep_context=requeueable deps ti=<TaskInstance: simple_bash.cut.log scheduled__2024-07-12T00:00:00+00:00 [queued]>
[2024-07-24T14:19:14.255+0900] {taskinstance.py:2306} INFO - Starting attempt 1 of 1
[2024-07-24T14:19:14.259+0900] {taskinstance.py:2330} INFO - Executing <Task(BashOperator): cut.log> on 2024-07-12 00:00:00+00:00
[2024-07-24T14:19:14.262+0900] {standard_task_runner.py:64} INFO - Started process 90599 to run task
[2024-07-24T14:19:14.264+0900] {standard_task_runner.py:90} INFO - Running: ['airflow', 'tasks', 'run', 'simple_bash', 'cut.log', 'scheduled__2024-07-12T00:00:00+00:00', '--job-id', '106', '--raw', '--subdir', 'DAGS_FOLDER/simple_bash.py', '--cfg-path', '/var/folders/qv/0knwm5h50ml0skpppwpbks_r0000gp/T/tmpx77rz0um']
[2024-07-24T14:19:14.265+0900] {standard_task_runner.py:91} INFO - Job 106: Subtask cut.log
[2024-07-24T14:19:14.279+0900] {task_command.py:426} INFO - Running <TaskInstance: simple_bash.cut.log scheduled__2024-07-12T00:00:00+00:00 [running]> on host jeongui-MacBookPro.local
[2024-07-24T14:19:14.300+0900] {taskinstance.py:2648} INFO - Exporting env vars: AIRFLOW_CTX_DAG_OWNER='airflow' AIRFLOW_CTX_DAG_ID='simple_bash' AIRFLOW_CTX_TASK_ID='cut.log' AIRFLOW_CTX_EXECUTION_DATE='2024-07-12T00:00:00+00:00' AIRFLOW_CTX_TRY_NUMBER='1' AIRFLOW_CTX_DAG_RUN_ID='scheduled__2024-07-12T00:00:00+00:00'
[2024-07-24T14:19:14.300+0900] {taskinstance.py:430} INFO - ::endgroup::
[2024-07-24T14:19:14.306+0900] {subprocess.py:63} INFO - Tmp dir root location: /var/folders/qv/0knwm5h50ml0skpppwpbks_r0000gp/T
[2024-07-24T14:19:14.307+0900] {subprocess.py:75} INFO - Running command: ['/bin/bash', '-c', '\n            echo "cut"\n\t\t\tLANG=C\n\t\t\tmkdir -p ~/data/cut/20240712\n\t\t\tcat ~/data/20240712/*.log | cut -d\' \' -f1 > ~/data/cut/20240712/cut.log\n        ']
[2024-07-24T14:19:14.310+0900] {subprocess.py:86} INFO - Output:
[2024-07-24T14:19:14.311+0900] {subprocess.py:93} INFO - cut
[2024-07-24T14:19:14.314+0900] {subprocess.py:97} INFO - Command exited with return code 0
[2024-07-24T14:19:14.315+0900] {taskinstance.py:441} INFO - ::group::Post task execution logs
[2024-07-24T14:19:14.321+0900] {taskinstance.py:1206} INFO - Marking task as SUCCESS. dag_id=simple_bash, task_id=cut.log, run_id=scheduled__2024-07-12T00:00:00+00:00, execution_date=20240712T000000, start_date=20240724T051914, end_date=20240724T051914
[2024-07-24T14:19:14.326+0900] {local_task_job_runner.py:243} INFO - Task exited with return code 0
[2024-07-24T14:19:14.334+0900] {taskinstance.py:3503} INFO - 1 downstream tasks scheduled from follow-on schedule check
[2024-07-24T14:19:14.334+0900] {local_task_job_runner.py:222} INFO - ::endgroup::
