[2024-07-31T10:34:25.886+0900] {local_task_job_runner.py:120} INFO - ::group::Pre task execution logs
[2024-07-31T10:34:25.898+0900] {taskinstance.py:2076} INFO - Dependencies all met for dep_context=non-requeueable deps ti=<TaskInstance: movie.join scheduled__2024-07-26T02:10:00+00:00 [queued]>
[2024-07-31T10:34:25.901+0900] {taskinstance.py:2076} INFO - Dependencies all met for dep_context=requeueable deps ti=<TaskInstance: movie.join scheduled__2024-07-26T02:10:00+00:00 [queued]>
[2024-07-31T10:34:25.901+0900] {taskinstance.py:2306} INFO - Starting attempt 2 of 2
[2024-07-31T10:34:25.907+0900] {taskinstance.py:2330} INFO - Executing <Task(BashOperator): join> on 2024-07-26 02:10:00+00:00
[2024-07-31T10:34:25.910+0900] {standard_task_runner.py:64} INFO - Started process 9455 to run task
[2024-07-31T10:34:25.913+0900] {standard_task_runner.py:90} INFO - Running: ['airflow', 'tasks', 'run', 'movie', 'join', 'scheduled__2024-07-26T02:10:00+00:00', '--job-id', '699', '--raw', '--subdir', 'DAGS_FOLDER/movie.py', '--cfg-path', '/var/folders/qv/0knwm5h50ml0skpppwpbks_r0000gp/T/tmpyk0k7ow2']
[2024-07-31T10:34:25.914+0900] {standard_task_runner.py:91} INFO - Job 699: Subtask join
[2024-07-31T10:34:25.929+0900] {task_command.py:426} INFO - Running <TaskInstance: movie.join scheduled__2024-07-26T02:10:00+00:00 [running]> on host jeongui-MacBookPro.local
[2024-07-31T10:34:25.949+0900] {taskinstance.py:2648} INFO - Exporting env vars: AIRFLOW_CTX_DAG_OWNER='airflow' AIRFLOW_CTX_DAG_ID='movie' AIRFLOW_CTX_TASK_ID='join' AIRFLOW_CTX_EXECUTION_DATE='2024-07-26T02:10:00+00:00' AIRFLOW_CTX_TRY_NUMBER='2' AIRFLOW_CTX_DAG_RUN_ID='scheduled__2024-07-26T02:10:00+00:00'
[2024-07-31T10:34:25.949+0900] {taskinstance.py:430} INFO - ::endgroup::
[2024-07-31T10:34:25.955+0900] {subprocess.py:63} INFO - Tmp dir root location: /var/folders/qv/0knwm5h50ml0skpppwpbks_r0000gp/T
[2024-07-31T10:34:25.955+0900] {subprocess.py:75} INFO - Running command: ['/bin/bash', '-c', 'exit 1']
[2024-07-31T10:34:25.958+0900] {subprocess.py:86} INFO - Output:
[2024-07-31T10:34:25.959+0900] {subprocess.py:97} INFO - Command exited with return code 1
[2024-07-31T10:34:25.960+0900] {taskinstance.py:441} INFO - ::group::Post task execution logs
[2024-07-31T10:34:25.963+0900] {taskinstance.py:2905} ERROR - Task failed with exception
Traceback (most recent call last):
  File "/Users/DE32/.pyenv/versions/3.11.9/envs/note/lib/python3.11/site-packages/airflow/models/taskinstance.py", line 465, in _execute_task
    result = _execute_callable(context=context, **execute_callable_kwargs)
             ^^^^^^^^^^^^^^^^^^^^^^^^^^^^^^^^^^^^^^^^^^^^^^^^^^^^^^^^^^^^^
  File "/Users/DE32/.pyenv/versions/3.11.9/envs/note/lib/python3.11/site-packages/airflow/models/taskinstance.py", line 432, in _execute_callable
    return execute_callable(context=context, **execute_callable_kwargs)
           ^^^^^^^^^^^^^^^^^^^^^^^^^^^^^^^^^^^^^^^^^^^^^^^^^^^^^^^^^^^^
  File "/Users/DE32/.pyenv/versions/3.11.9/envs/note/lib/python3.11/site-packages/airflow/models/baseoperator.py", line 401, in wrapper
    return func(self, *args, **kwargs)
           ^^^^^^^^^^^^^^^^^^^^^^^^^^^
  File "/Users/DE32/.pyenv/versions/3.11.9/envs/note/lib/python3.11/site-packages/airflow/operators/bash.py", line 243, in execute
    raise AirflowException(
airflow.exceptions.AirflowException: Bash command failed. The command returned a non-zero exit code 1.
[2024-07-31T10:34:25.964+0900] {taskinstance.py:1206} INFO - Marking task as FAILED. dag_id=movie, task_id=join, run_id=scheduled__2024-07-26T02:10:00+00:00, execution_date=20240726T021000, start_date=20240731T013425, end_date=20240731T013425
[2024-07-31T10:34:25.968+0900] {standard_task_runner.py:110} ERROR - Failed to execute job 699 for task join (Bash command failed. The command returned a non-zero exit code 1.; 9455)
[2024-07-31T10:34:25.974+0900] {local_task_job_runner.py:243} INFO - Task exited with return code 1
[2024-07-31T10:34:25.981+0900] {taskinstance.py:3503} INFO - 0 downstream tasks scheduled from follow-on schedule check
[2024-07-31T10:34:25.981+0900] {local_task_job_runner.py:222} INFO - ::endgroup::
