[2024-07-31T19:54:58.763+0900] {local_task_job_runner.py:120} INFO - ::group::Pre task execution logs
[2024-07-31T19:54:58.776+0900] {taskinstance.py:2076} INFO - Dependencies all met for dep_context=non-requeueable deps ti=<TaskInstance: movie.multi.n scheduled__2024-07-29T02:10:00+00:00 [queued]>
[2024-07-31T19:54:58.780+0900] {taskinstance.py:2076} INFO - Dependencies all met for dep_context=requeueable deps ti=<TaskInstance: movie.multi.n scheduled__2024-07-29T02:10:00+00:00 [queued]>
[2024-07-31T19:54:58.780+0900] {taskinstance.py:2306} INFO - Starting attempt 2 of 3
[2024-07-31T19:54:58.786+0900] {taskinstance.py:2330} INFO - Executing <Task(PythonVirtualenvOperator): multi.n> on 2024-07-29 02:10:00+00:00
[2024-07-31T19:54:58.789+0900] {standard_task_runner.py:64} INFO - Started process 33558 to run task
[2024-07-31T19:54:58.792+0900] {standard_task_runner.py:90} INFO - Running: ['airflow', 'tasks', 'run', 'movie', 'multi.n', 'scheduled__2024-07-29T02:10:00+00:00', '--job-id', '989', '--raw', '--subdir', 'DAGS_FOLDER/movie.py', '--cfg-path', '/var/folders/qv/0knwm5h50ml0skpppwpbks_r0000gp/T/tmpfx50qxd4']
[2024-07-31T19:54:58.793+0900] {standard_task_runner.py:91} INFO - Job 989: Subtask multi.n
[2024-07-31T19:54:58.807+0900] {task_command.py:426} INFO - Running <TaskInstance: movie.multi.n scheduled__2024-07-29T02:10:00+00:00 [running]> on host jeongui-MacBookPro.local
[2024-07-31T19:54:58.829+0900] {taskinstance.py:2648} INFO - Exporting env vars: AIRFLOW_CTX_DAG_OWNER='airflow' AIRFLOW_CTX_DAG_ID='movie' AIRFLOW_CTX_TASK_ID='multi.n' AIRFLOW_CTX_EXECUTION_DATE='2024-07-29T02:10:00+00:00' AIRFLOW_CTX_TRY_NUMBER='2' AIRFLOW_CTX_DAG_RUN_ID='scheduled__2024-07-29T02:10:00+00:00'
[2024-07-31T19:54:58.829+0900] {taskinstance.py:430} INFO - ::endgroup::
[2024-07-31T19:54:58.837+0900] {baseoperator.py:400} WARNING - PythonVirtualenvOperator.execute cannot be called outside TaskInstance!
[2024-07-31T19:54:58.837+0900] {process_utils.py:183} INFO - Executing cmd: /Users/DE32/.pyenv/versions/3.11.9/envs/note/bin/python -m virtualenv /var/folders/qv/0knwm5h50ml0skpppwpbks_r0000gp/T/venv6ri9zg7g --python=python
[2024-07-31T19:54:58.839+0900] {process_utils.py:187} INFO - Output:
[2024-07-31T19:54:59.075+0900] {process_utils.py:191} INFO - created virtual environment CPython3.11.9.final.0-64 in 169ms
[2024-07-31T19:54:59.076+0900] {process_utils.py:191} INFO -   creator CPython3Posix(dest=/private/var/folders/qv/0knwm5h50ml0skpppwpbks_r0000gp/T/venv6ri9zg7g, clear=False, no_vcs_ignore=False, global=False)
[2024-07-31T19:54:59.076+0900] {process_utils.py:191} INFO -   seeder FromAppData(download=False, pip=bundle, setuptools=bundle, wheel=bundle, via=copy, app_data_dir=/Users/DE32/Library/Application Support/virtualenv)
[2024-07-31T19:54:59.076+0900] {process_utils.py:191} INFO -     added seed packages: pip==24.1.2, setuptools==70.2.0, wheel==0.43.0
[2024-07-31T19:54:59.077+0900] {process_utils.py:191} INFO -   activators BashActivator,CShellActivator,FishActivator,NushellActivator,PowerShellActivator,PythonActivator
[2024-07-31T19:54:59.087+0900] {process_utils.py:183} INFO - Executing cmd: /var/folders/qv/0knwm5h50ml0skpppwpbks_r0000gp/T/venv6ri9zg7g/bin/pip install -r /var/folders/qv/0knwm5h50ml0skpppwpbks_r0000gp/T/venv6ri9zg7g/requirements.txt
[2024-07-31T19:54:59.089+0900] {process_utils.py:187} INFO - Output:
[2024-07-31T19:54:59.817+0900] {process_utils.py:191} INFO - Collecting git+https://github.com/Jeonghoon2/movie.git@0.2/api (from -r /var/folders/qv/0knwm5h50ml0skpppwpbks_r0000gp/T/venv6ri9zg7g/requirements.txt (line 1))
[2024-07-31T19:54:59.817+0900] {process_utils.py:191} INFO -   Cloning https://github.com/Jeonghoon2/movie.git (to revision 0.2/api) to /private/var/folders/qv/0knwm5h50ml0skpppwpbks_r0000gp/T/pip-req-build-l2s_8dad
[2024-07-31T19:54:59.830+0900] {process_utils.py:191} INFO -   Running command git clone --filter=blob:none --quiet https://github.com/Jeonghoon2/movie.git /private/var/folders/qv/0knwm5h50ml0skpppwpbks_r0000gp/T/pip-req-build-l2s_8dad
[2024-07-31T19:55:01.372+0900] {process_utils.py:191} INFO -   Running command git checkout -b 0.2/api --track origin/0.2/api
[2024-07-31T19:55:01.925+0900] {process_utils.py:191} INFO -   Switched to a new branch '0.2/api'
[2024-07-31T19:55:01.926+0900] {process_utils.py:191} INFO -   branch '0.2/api' set up to track 'origin/0.2/api'.
[2024-07-31T19:55:01.926+0900] {process_utils.py:191} INFO -   Resolved https://github.com/Jeonghoon2/movie.git to commit c2fdd392ce95b386519b05b3bab786608cdb1c58
[2024-07-31T19:55:01.949+0900] {process_utils.py:191} INFO -   Installing build dependencies: started
[2024-07-31T19:55:02.857+0900] {process_utils.py:191} INFO -   Installing build dependencies: finished with status 'done'
[2024-07-31T19:55:02.858+0900] {process_utils.py:191} INFO -   Getting requirements to build wheel: started
[2024-07-31T19:55:02.986+0900] {process_utils.py:191} INFO -   Getting requirements to build wheel: finished with status 'done'
[2024-07-31T19:55:02.987+0900] {process_utils.py:191} INFO -   Preparing metadata (pyproject.toml): started
[2024-07-31T19:55:03.112+0900] {process_utils.py:191} INFO -   Preparing metadata (pyproject.toml): finished with status 'done'
[2024-07-31T19:55:03.167+0900] {process_utils.py:191} INFO - Collecting requests>=2.32.3 (from mov==0.1.0->-r /var/folders/qv/0knwm5h50ml0skpppwpbks_r0000gp/T/venv6ri9zg7g/requirements.txt (line 1))
[2024-07-31T19:55:03.168+0900] {process_utils.py:191} INFO -   Using cached requests-2.32.3-py3-none-any.whl.metadata (4.6 kB)
[2024-07-31T19:55:03.233+0900] {process_utils.py:191} INFO - Collecting pandas>=2.2.2 (from mov==0.1.0->-r /var/folders/qv/0knwm5h50ml0skpppwpbks_r0000gp/T/venv6ri9zg7g/requirements.txt (line 1))
[2024-07-31T19:55:03.234+0900] {process_utils.py:191} INFO -   Using cached pandas-2.2.2-cp311-cp311-macosx_11_0_arm64.whl.metadata (19 kB)
[2024-07-31T19:55:03.335+0900] {process_utils.py:191} INFO - Collecting numpy>=2.0.1 (from mov==0.1.0->-r /var/folders/qv/0knwm5h50ml0skpppwpbks_r0000gp/T/venv6ri9zg7g/requirements.txt (line 1))
[2024-07-31T19:55:03.337+0900] {process_utils.py:191} INFO -   Using cached numpy-2.0.1-cp311-cp311-macosx_14_0_arm64.whl.metadata (60 kB)
[2024-07-31T19:55:03.385+0900] {process_utils.py:191} INFO - Collecting pyarrow>=17.0.0 (from mov==0.1.0->-r /var/folders/qv/0knwm5h50ml0skpppwpbks_r0000gp/T/venv6ri9zg7g/requirements.txt (line 1))
[2024-07-31T19:55:03.386+0900] {process_utils.py:191} INFO -   Using cached pyarrow-17.0.0-cp311-cp311-macosx_11_0_arm64.whl.metadata (3.3 kB)
[2024-07-31T19:55:03.406+0900] {process_utils.py:191} INFO - Collecting python-dateutil>=2.8.2 (from pandas>=2.2.2->mov==0.1.0->-r /var/folders/qv/0knwm5h50ml0skpppwpbks_r0000gp/T/venv6ri9zg7g/requirements.txt (line 1))
[2024-07-31T19:55:03.407+0900] {process_utils.py:191} INFO -   Using cached python_dateutil-2.9.0.post0-py2.py3-none-any.whl.metadata (8.4 kB)
[2024-07-31T19:55:03.436+0900] {process_utils.py:191} INFO - Collecting pytz>=2020.1 (from pandas>=2.2.2->mov==0.1.0->-r /var/folders/qv/0knwm5h50ml0skpppwpbks_r0000gp/T/venv6ri9zg7g/requirements.txt (line 1))
[2024-07-31T19:55:03.437+0900] {process_utils.py:191} INFO -   Using cached pytz-2024.1-py2.py3-none-any.whl.metadata (22 kB)
[2024-07-31T19:55:03.451+0900] {process_utils.py:191} INFO - Collecting tzdata>=2022.7 (from pandas>=2.2.2->mov==0.1.0->-r /var/folders/qv/0knwm5h50ml0skpppwpbks_r0000gp/T/venv6ri9zg7g/requirements.txt (line 1))
[2024-07-31T19:55:03.452+0900] {process_utils.py:191} INFO -   Using cached tzdata-2024.1-py2.py3-none-any.whl.metadata (1.4 kB)
[2024-07-31T19:55:03.495+0900] {process_utils.py:191} INFO - Collecting charset-normalizer<4,>=2 (from requests>=2.32.3->mov==0.1.0->-r /var/folders/qv/0knwm5h50ml0skpppwpbks_r0000gp/T/venv6ri9zg7g/requirements.txt (line 1))
[2024-07-31T19:55:03.496+0900] {process_utils.py:191} INFO -   Using cached charset_normalizer-3.3.2-cp311-cp311-macosx_11_0_arm64.whl.metadata (33 kB)
[2024-07-31T19:55:03.511+0900] {process_utils.py:191} INFO - Collecting idna<4,>=2.5 (from requests>=2.32.3->mov==0.1.0->-r /var/folders/qv/0knwm5h50ml0skpppwpbks_r0000gp/T/venv6ri9zg7g/requirements.txt (line 1))
[2024-07-31T19:55:03.512+0900] {process_utils.py:191} INFO -   Using cached idna-3.7-py3-none-any.whl.metadata (9.9 kB)
[2024-07-31T19:55:03.539+0900] {process_utils.py:191} INFO - Collecting urllib3<3,>=1.21.1 (from requests>=2.32.3->mov==0.1.0->-r /var/folders/qv/0knwm5h50ml0skpppwpbks_r0000gp/T/venv6ri9zg7g/requirements.txt (line 1))
[2024-07-31T19:55:03.540+0900] {process_utils.py:191} INFO -   Using cached urllib3-2.2.2-py3-none-any.whl.metadata (6.4 kB)
[2024-07-31T19:55:03.556+0900] {process_utils.py:191} INFO - Collecting certifi>=2017.4.17 (from requests>=2.32.3->mov==0.1.0->-r /var/folders/qv/0knwm5h50ml0skpppwpbks_r0000gp/T/venv6ri9zg7g/requirements.txt (line 1))
[2024-07-31T19:55:03.557+0900] {process_utils.py:191} INFO -   Using cached certifi-2024.7.4-py3-none-any.whl.metadata (2.2 kB)
[2024-07-31T19:55:03.581+0900] {process_utils.py:191} INFO - Collecting six>=1.5 (from python-dateutil>=2.8.2->pandas>=2.2.2->mov==0.1.0->-r /var/folders/qv/0knwm5h50ml0skpppwpbks_r0000gp/T/venv6ri9zg7g/requirements.txt (line 1))
[2024-07-31T19:55:03.582+0900] {process_utils.py:191} INFO -   Using cached six-1.16.0-py2.py3-none-any.whl.metadata (1.8 kB)
[2024-07-31T19:55:03.585+0900] {process_utils.py:191} INFO - Using cached numpy-2.0.1-cp311-cp311-macosx_14_0_arm64.whl (5.3 MB)
[2024-07-31T19:55:03.593+0900] {process_utils.py:191} INFO - Using cached pandas-2.2.2-cp311-cp311-macosx_11_0_arm64.whl (11.3 MB)
[2024-07-31T19:55:03.609+0900] {process_utils.py:191} INFO - Using cached pyarrow-17.0.0-cp311-cp311-macosx_11_0_arm64.whl (27.2 MB)
[2024-07-31T19:55:03.640+0900] {process_utils.py:191} INFO - Using cached requests-2.32.3-py3-none-any.whl (64 kB)
[2024-07-31T19:55:03.643+0900] {process_utils.py:191} INFO - Using cached certifi-2024.7.4-py3-none-any.whl (162 kB)
[2024-07-31T19:55:03.645+0900] {process_utils.py:191} INFO - Using cached charset_normalizer-3.3.2-cp311-cp311-macosx_11_0_arm64.whl (118 kB)
[2024-07-31T19:55:03.647+0900] {process_utils.py:191} INFO - Using cached idna-3.7-py3-none-any.whl (66 kB)
[2024-07-31T19:55:03.648+0900] {process_utils.py:191} INFO - Using cached python_dateutil-2.9.0.post0-py2.py3-none-any.whl (229 kB)
[2024-07-31T19:55:03.651+0900] {process_utils.py:191} INFO - Using cached pytz-2024.1-py2.py3-none-any.whl (505 kB)
[2024-07-31T19:55:03.653+0900] {process_utils.py:191} INFO - Using cached tzdata-2024.1-py2.py3-none-any.whl (345 kB)
[2024-07-31T19:55:03.657+0900] {process_utils.py:191} INFO - Using cached urllib3-2.2.2-py3-none-any.whl (121 kB)
[2024-07-31T19:55:03.658+0900] {process_utils.py:191} INFO - Using cached six-1.16.0-py2.py3-none-any.whl (11 kB)
[2024-07-31T19:55:03.709+0900] {process_utils.py:191} INFO - Building wheels for collected packages: mov
[2024-07-31T19:55:03.723+0900] {process_utils.py:191} INFO -   Building wheel for mov (pyproject.toml): started
[2024-07-31T19:55:03.862+0900] {process_utils.py:191} INFO -   Building wheel for mov (pyproject.toml): finished with status 'done'
[2024-07-31T19:55:03.863+0900] {process_utils.py:191} INFO -   Created wheel for mov: filename=mov-0.1.0-py3-none-any.whl size=3056 sha256=8d2861c3e5acc51b6c21674aa15e52463d6cc873be3a7db32e37e345296bf1e6
[2024-07-31T19:55:03.863+0900] {process_utils.py:191} INFO -   Stored in directory: /private/var/folders/qv/0knwm5h50ml0skpppwpbks_r0000gp/T/pip-ephem-wheel-cache-901lhlt8/wheels/cf/ab/a7/d0c528d20fa8a5f19e169bdf1d98f2b2cefe79d8527bb89200
[2024-07-31T19:55:03.864+0900] {process_utils.py:191} INFO - Successfully built mov
[2024-07-31T19:55:03.892+0900] {process_utils.py:191} INFO - Installing collected packages: pytz, urllib3, tzdata, six, numpy, idna, charset-normalizer, certifi, requests, python-dateutil, pyarrow, pandas, mov
[2024-07-31T19:55:08.377+0900] {process_utils.py:191} INFO - Successfully installed certifi-2024.7.4 charset-normalizer-3.3.2 idna-3.7 mov-0.1.0 numpy-2.0.1 pandas-2.2.2 pyarrow-17.0.0 python-dateutil-2.9.0.post0 pytz-2024.1 requests-2.32.3 six-1.16.0 tzdata-2024.1 urllib3-2.2.2
[2024-07-31T19:55:08.380+0900] {process_utils.py:191} INFO - 
[2024-07-31T19:55:08.380+0900] {process_utils.py:191} INFO - [notice] A new release of pip is available: 24.1.2 -> 24.2
[2024-07-31T19:55:08.380+0900] {process_utils.py:191} INFO - [notice] To update, run: python -m pip install --upgrade pip
[2024-07-31T19:55:08.511+0900] {logging_mixin.py:188} WARNING - /Users/DE32/.pyenv/versions/3.11.9/envs/note/lib/python3.11/site-packages/airflow/utils/context.py:212 AirflowContextDeprecationWarning: Accessing 'next_ds' from the template is deprecated and will be removed in a future version. Please use '{{ data_interval_end | ds }}' instead.
[2024-07-31T19:55:08.511+0900] {logging_mixin.py:188} WARNING - /Users/DE32/.pyenv/versions/3.11.9/envs/note/lib/python3.11/site-packages/airflow/utils/context.py:212 AirflowContextDeprecationWarning: Accessing 'next_ds_nodash' from the template is deprecated and will be removed in a future version. Please use '{{ data_interval_end | ds_nodash }}' instead.
[2024-07-31T19:55:08.512+0900] {logging_mixin.py:188} WARNING - /Users/DE32/.pyenv/versions/3.11.9/envs/note/lib/python3.11/site-packages/airflow/utils/context.py:212 AirflowContextDeprecationWarning: Accessing 'prev_ds' from the template is deprecated and will be removed in a future version.
[2024-07-31T19:55:08.512+0900] {logging_mixin.py:188} WARNING - /Users/DE32/.pyenv/versions/3.11.9/envs/note/lib/python3.11/site-packages/airflow/utils/context.py:212 AirflowContextDeprecationWarning: Accessing 'prev_ds_nodash' from the template is deprecated and will be removed in a future version.
[2024-07-31T19:55:08.512+0900] {logging_mixin.py:188} WARNING - /Users/DE32/.pyenv/versions/3.11.9/envs/note/lib/python3.11/site-packages/airflow/utils/context.py:212 AirflowContextDeprecationWarning: Accessing 'tomorrow_ds' from the template is deprecated and will be removed in a future version.
[2024-07-31T19:55:08.513+0900] {logging_mixin.py:188} WARNING - /Users/DE32/.pyenv/versions/3.11.9/envs/note/lib/python3.11/site-packages/airflow/utils/context.py:212 AirflowContextDeprecationWarning: Accessing 'tomorrow_ds_nodash' from the template is deprecated and will be removed in a future version.
[2024-07-31T19:55:08.513+0900] {logging_mixin.py:188} WARNING - /Users/DE32/.pyenv/versions/3.11.9/envs/note/lib/python3.11/site-packages/airflow/utils/context.py:212 AirflowContextDeprecationWarning: Accessing 'yesterday_ds' from the template is deprecated and will be removed in a future version.
[2024-07-31T19:55:08.513+0900] {logging_mixin.py:188} WARNING - /Users/DE32/.pyenv/versions/3.11.9/envs/note/lib/python3.11/site-packages/airflow/utils/context.py:212 AirflowContextDeprecationWarning: Accessing 'yesterday_ds_nodash' from the template is deprecated and will be removed in a future version.
[2024-07-31T19:55:08.518+0900] {process_utils.py:183} INFO - Executing cmd: /var/folders/qv/0knwm5h50ml0skpppwpbks_r0000gp/T/venv6ri9zg7g/bin/python /var/folders/qv/0knwm5h50ml0skpppwpbks_r0000gp/T/venv-callv21raziu/script.py /var/folders/qv/0knwm5h50ml0skpppwpbks_r0000gp/T/venv-callv21raziu/script.in /var/folders/qv/0knwm5h50ml0skpppwpbks_r0000gp/T/venv-callv21raziu/script.out /var/folders/qv/0knwm5h50ml0skpppwpbks_r0000gp/T/venv-callv21raziu/string_args.txt /var/folders/qv/0knwm5h50ml0skpppwpbks_r0000gp/T/venv-callv21raziu/termination.log
[2024-07-31T19:55:08.520+0900] {process_utils.py:187} INFO - Output:
[2024-07-31T19:55:27.190+0900] {process_utils.py:191} INFO - {'boxOfficeResult': {'boxofficeType': '일별 박스오피스', 'showRange': '20240729~20240729', 'dailyBoxOfficeList': [{'rnum': '1', 'rank': '1', 'rankInten': '0', 'rankOldAndNew': 'OLD', 'movieCd': '20247781', 'movieNm': '데드풀과 울버린', 'openDt': '2024-07-24', 'salesAmt': '936328376', 'salesShare': '33.6', 'salesInten': '-1632694507', 'salesChange': '-63.6', 'salesAcc': '12240948999', 'audiCnt': '92532', 'audiInten': '-153787', 'audiChange': '-62.4', 'audiAcc': '1178535', 'scrnCnt': '1784', 'showCnt': '7672'}, {'rnum': '2', 'rank': '2', 'rankInten': '0', 'rankOldAndNew': 'OLD', 'movieCd': '20247440', 'movieNm': '슈퍼배드 4', 'openDt': '2024-07-24', 'salesAmt': '714786825', 'salesShare': '25.7', 'salesInten': '-646897498', 'salesChange': '-47.5', 'salesAcc': '6207222072', 'audiCnt': '80053', 'audiInten': '-65431', 'audiChange': '-45', 'audiAcc': '668465', 'scrnCnt': '998', 'showCnt': '3927'}, {'rnum': '3', 'rank': '3', 'rankInten': '0', 'rankOldAndNew': 'OLD', 'movieCd': '20212932', 'movieNm': '탈주', 'openDt': '2024-07-03', 'salesAmt': '380424164', 'salesShare': '13.7', 'salesInten': '-413834064', 'salesChange': '-52.1', 'salesAcc': '22032089479', 'audiCnt': '40770', 'audiInten': '-41681', 'audiChange': '-50.6', 'audiAcc': '2322824', 'scrnCnt': '840', 'showCnt': '2337'}, {'rnum': '4', 'rank': '4', 'rankInten': '0', 'rankOldAndNew': 'OLD', 'movieCd': '20235974', 'movieNm': '인사이드 아웃 2', 'openDt': '2024-06-12', 'salesAmt': '347080931', 'salesShare': '12.5', 'salesInten': '-217725151', 'salesChange': '-38.5', 'salesAcc': '80085454732', 'audiCnt': '37377', 'audiInten': '-20820', 'audiChange': '-35.8', 'audiAcc': '8329270', 'scrnCnt': '701', 'showCnt': '1501'}, {'rnum': '5', 'rank': '5', 'rankInten': '0', 'rankOldAndNew': 'OLD', 'movieCd': '20240983', 'movieNm': '명탐정 코난: 100만 달러의 펜타그램', 'openDt': '2024-07-17', 'salesAmt': '147095589', 'salesShare': '5.3', 'salesInten': '-113434913', 'salesChange': '-43.5', 'salesAcc': '5626710912', 'audiCnt': '15880', 'audiInten': '-11302', 'audiChange': '-41.6', 'audiAcc': '573145', 'scrnCnt': '562', 'showCnt': '1063'}, {'rnum': '6', 'rank': '6', 'rankInten': '0', 'rankOldAndNew': 'OLD', 'movieCd': '20208245', 'movieNm': '핸섬가이즈', 'openDt': '2024-06-26', 'salesAmt': '123003211', 'salesShare': '4.4', 'salesInten': '-104788357', 'salesChange': '-46', 'salesAcc': '16180942049', 'audiCnt': '13201', 'audiInten': '-10346', 'audiChange': '-43.9', 'audiAcc': '1730418', 'scrnCnt': '551', 'showCnt': '929'}, {'rnum': '7', 'rank': '7', 'rankInten': '0', 'rankOldAndNew': 'OLD', 'movieCd': '20208911', 'movieNm': '탈출: 프로젝트 사일런스', 'openDt': '2024-07-12', 'salesAmt': '45427502', 'salesShare': '1.6', 'salesInten': '-34228603', 'salesChange': '-43', 'salesAcc': '6599250733', 'audiCnt': '4637', 'audiInten': '-3483', 'audiChange': '-42.9', 'audiAcc': '676696', 'scrnCnt': '320', 'showCnt': '455'}, {'rnum': '8', 'rank': '8', 'rankInten': '0', 'rankOldAndNew': 'OLD', 'movieCd': '20224666', 'movieNm': '파일럿', 'openDt': '2024-07-31', 'salesAmt': '15785000', 'salesShare': '0.6', 'salesInten': '-63592067', 'salesChange': '-80.1', 'salesAcc': '511018434', 'audiCnt': '2085', 'audiInten': '-4616', 'audiChange': '-68.9', 'audiAcc': '51211', 'scrnCnt': '12', 'showCnt': '16'}, {'rnum': '9', 'rank': '9', 'rankInten': '1', 'rankOldAndNew': 'OLD', 'movieCd': '20240850', 'movieNm': '극장판 도라에몽: 진구의 지구 교향곡', 'openDt': '2024-07-10', 'salesAmt': '16325000', 'salesShare': '0.6', 'salesInten': '-10828500', 'salesChange': '-39.9', 'salesAcc': '641900900', 'audiCnt': '1953', 'audiInten': '-1158', 'audiChange': '-37.2', 'audiAcc': '74333', 'scrnCnt': '118', 'showCnt': '149'}, {'rnum': '10', 'rank': '10', 'rankInten': '1', 'rankOldAndNew': 'OLD', 'movieCd': '20248465', 'movieNm': '하이재킹', 'openDt': '2024-06-21', 'salesAmt': '14122468', 'salesShare': '0.5', 'salesInten': '-10633639', 'salesChange': '-43', 'salesAcc': '16808110112', 'audiCnt': '1565', 'audiInten': '-983', 'audiChange': '-38.6', 'audiAcc': '1769416', 'scrnCnt': '125', 'showCnt': '152'}]}}
[2024-07-31T19:55:27.191+0900] {process_utils.py:191} INFO - partitioning List : ['load_dt', 'multiMovieYn']
[2024-07-31T19:55:27.191+0900] {process_utils.py:191} INFO -   rnum rank rankInten rankOldAndNew  ... scrnCnt showCnt   load_dt multiMovieYn
[2024-07-31T19:55:27.191+0900] {process_utils.py:191} INFO - 0    1    1         0           OLD  ...    1784    7672  20240729            N
[2024-07-31T19:55:27.192+0900] {process_utils.py:191} INFO - 1    2    2         0           OLD  ...     998    3927  20240729            N
[2024-07-31T19:55:27.192+0900] {process_utils.py:191} INFO - 2    3    3         0           OLD  ...     840    2337  20240729            N
[2024-07-31T19:55:27.192+0900] {process_utils.py:191} INFO - 3    4    4         0           OLD  ...     701    1501  20240729            N
[2024-07-31T19:55:27.193+0900] {process_utils.py:191} INFO - 4    5    5         0           OLD  ...     562    1063  20240729            N
[2024-07-31T19:55:27.193+0900] {process_utils.py:191} INFO - 5    6    6         0           OLD  ...     551     929  20240729            N
[2024-07-31T19:55:27.193+0900] {process_utils.py:191} INFO - 6    7    7         0           OLD  ...     320     455  20240729            N
[2024-07-31T19:55:27.193+0900] {process_utils.py:191} INFO - 7    8    8         0           OLD  ...      12      16  20240729            N
[2024-07-31T19:55:27.194+0900] {process_utils.py:191} INFO - 8    9    9         1           OLD  ...     118     149  20240729            N
[2024-07-31T19:55:27.194+0900] {process_utils.py:191} INFO - 9   10   10         1           OLD  ...     125     152  20240729            N
[2024-07-31T19:55:27.194+0900] {process_utils.py:191} INFO - 
[2024-07-31T19:55:27.194+0900] {process_utils.py:191} INFO - [10 rows x 20 columns]
[2024-07-31T19:55:27.636+0900] {python.py:237} INFO - Done. Returned value was: None
[2024-07-31T19:55:27.637+0900] {taskinstance.py:441} INFO - ::group::Post task execution logs
[2024-07-31T19:55:27.640+0900] {taskinstance.py:1206} INFO - Marking task as SUCCESS. dag_id=movie, task_id=multi.n, run_id=scheduled__2024-07-29T02:10:00+00:00, execution_date=20240729T021000, start_date=20240731T105458, end_date=20240731T105527
[2024-07-31T19:55:27.649+0900] {local_task_job_runner.py:243} INFO - Task exited with return code 0
[2024-07-31T19:55:27.656+0900] {taskinstance.py:3503} INFO - 0 downstream tasks scheduled from follow-on schedule check
[2024-07-31T19:55:27.656+0900] {local_task_job_runner.py:222} INFO - ::endgroup::
