[2024-07-31T09:22:57.794+0900] {local_task_job_runner.py:120} INFO - ::group::Pre task execution logs
[2024-07-31T09:22:57.807+0900] {taskinstance.py:2076} INFO - Dependencies all met for dep_context=non-requeueable deps ti=<TaskInstance: movie.echo.task scheduled__2024-07-29T02:10:00+00:00 [queued]>
[2024-07-31T09:22:57.812+0900] {taskinstance.py:2076} INFO - Dependencies all met for dep_context=requeueable deps ti=<TaskInstance: movie.echo.task scheduled__2024-07-29T02:10:00+00:00 [queued]>
[2024-07-31T09:22:57.812+0900] {taskinstance.py:2306} INFO - Starting attempt 1 of 2
[2024-07-31T09:22:57.817+0900] {taskinstance.py:2330} INFO - Executing <Task(BashOperator): echo.task> on 2024-07-29 02:10:00+00:00
[2024-07-31T09:22:57.819+0900] {standard_task_runner.py:64} INFO - Started process 3860 to run task
[2024-07-31T09:22:57.822+0900] {standard_task_runner.py:90} INFO - Running: ['airflow', 'tasks', 'run', 'movie', 'echo.task', 'scheduled__2024-07-29T02:10:00+00:00', '--job-id', '676', '--raw', '--subdir', 'DAGS_FOLDER/movie.py', '--cfg-path', '/var/folders/qv/0knwm5h50ml0skpppwpbks_r0000gp/T/tmp3uj5ivpx']
[2024-07-31T09:22:57.823+0900] {standard_task_runner.py:91} INFO - Job 676: Subtask echo.task
[2024-07-31T09:22:57.838+0900] {task_command.py:426} INFO - Running <TaskInstance: movie.echo.task scheduled__2024-07-29T02:10:00+00:00 [running]> on host jeongui-MacBookPro.local
[2024-07-31T09:22:57.859+0900] {taskinstance.py:2648} INFO - Exporting env vars: AIRFLOW_CTX_DAG_OWNER='airflow' AIRFLOW_CTX_DAG_ID='movie' AIRFLOW_CTX_TASK_ID='echo.task' AIRFLOW_CTX_EXECUTION_DATE='2024-07-29T02:10:00+00:00' AIRFLOW_CTX_TRY_NUMBER='1' AIRFLOW_CTX_DAG_RUN_ID='scheduled__2024-07-29T02:10:00+00:00'
[2024-07-31T09:22:57.860+0900] {taskinstance.py:430} INFO - ::endgroup::
[2024-07-31T09:22:57.865+0900] {subprocess.py:63} INFO - Tmp dir root location: /var/folders/qv/0knwm5h50ml0skpppwpbks_r0000gp/T
[2024-07-31T09:22:57.865+0900] {subprocess.py:75} INFO - Running command: ['/bin/bash', '-c', "echo 'task'"]
[2024-07-31T09:22:57.868+0900] {subprocess.py:86} INFO - Output:
[2024-07-31T09:22:57.871+0900] {subprocess.py:93} INFO - task
[2024-07-31T09:22:57.871+0900] {subprocess.py:97} INFO - Command exited with return code 0
[2024-07-31T09:22:57.872+0900] {taskinstance.py:441} INFO - ::group::Post task execution logs
[2024-07-31T09:22:57.878+0900] {taskinstance.py:1206} INFO - Marking task as SUCCESS. dag_id=movie, task_id=echo.task, run_id=scheduled__2024-07-29T02:10:00+00:00, execution_date=20240729T021000, start_date=20240731T002257, end_date=20240731T002257
[2024-07-31T09:22:57.884+0900] {local_task_job_runner.py:243} INFO - Task exited with return code 0
[2024-07-31T09:22:57.893+0900] {taskinstance.py:3503} INFO - 0 downstream tasks scheduled from follow-on schedule check
[2024-07-31T09:22:57.893+0900] {local_task_job_runner.py:222} INFO - ::endgroup::
[2024-07-31T16:56:43.208+0900] {local_task_job_runner.py:120} INFO - ::group::Pre task execution logs
[2024-07-31T16:56:43.220+0900] {taskinstance.py:2076} INFO - Dependencies all met for dep_context=non-requeueable deps ti=<TaskInstance: movie.echo.task scheduled__2024-07-29T02:10:00+00:00 [queued]>
[2024-07-31T16:56:43.224+0900] {taskinstance.py:2076} INFO - Dependencies all met for dep_context=requeueable deps ti=<TaskInstance: movie.echo.task scheduled__2024-07-29T02:10:00+00:00 [queued]>
[2024-07-31T16:56:43.224+0900] {taskinstance.py:2306} INFO - Starting attempt 1 of 2
[2024-07-31T16:56:43.229+0900] {taskinstance.py:2330} INFO - Executing <Task(BashOperator): echo.task> on 2024-07-29 02:10:00+00:00
[2024-07-31T16:56:43.232+0900] {standard_task_runner.py:64} INFO - Started process 20806 to run task
[2024-07-31T16:56:43.234+0900] {standard_task_runner.py:90} INFO - Running: ['airflow', 'tasks', 'run', 'movie', 'echo.task', 'scheduled__2024-07-29T02:10:00+00:00', '--job-id', '876', '--raw', '--subdir', 'DAGS_FOLDER/movie.py', '--cfg-path', '/var/folders/qv/0knwm5h50ml0skpppwpbks_r0000gp/T/tmpq5tmriwj']
[2024-07-31T16:56:43.236+0900] {standard_task_runner.py:91} INFO - Job 876: Subtask echo.task
[2024-07-31T16:56:43.250+0900] {task_command.py:426} INFO - Running <TaskInstance: movie.echo.task scheduled__2024-07-29T02:10:00+00:00 [running]> on host jeongui-MacBookPro.local
[2024-07-31T16:56:43.270+0900] {taskinstance.py:2648} INFO - Exporting env vars: AIRFLOW_CTX_DAG_OWNER='airflow' AIRFLOW_CTX_DAG_ID='movie' AIRFLOW_CTX_TASK_ID='echo.task' AIRFLOW_CTX_EXECUTION_DATE='2024-07-29T02:10:00+00:00' AIRFLOW_CTX_TRY_NUMBER='1' AIRFLOW_CTX_DAG_RUN_ID='scheduled__2024-07-29T02:10:00+00:00'
[2024-07-31T16:56:43.270+0900] {taskinstance.py:430} INFO - ::endgroup::
[2024-07-31T16:56:43.275+0900] {subprocess.py:63} INFO - Tmp dir root location: /var/folders/qv/0knwm5h50ml0skpppwpbks_r0000gp/T
[2024-07-31T16:56:43.276+0900] {subprocess.py:75} INFO - Running command: ['/bin/bash', '-c', "echo 'task'"]
[2024-07-31T16:56:43.279+0900] {subprocess.py:86} INFO - Output:
[2024-07-31T16:56:43.280+0900] {subprocess.py:93} INFO - task
[2024-07-31T16:56:43.281+0900] {subprocess.py:97} INFO - Command exited with return code 0
[2024-07-31T16:56:43.281+0900] {taskinstance.py:441} INFO - ::group::Post task execution logs
[2024-07-31T16:56:43.287+0900] {taskinstance.py:1206} INFO - Marking task as SUCCESS. dag_id=movie, task_id=echo.task, run_id=scheduled__2024-07-29T02:10:00+00:00, execution_date=20240729T021000, start_date=20240731T075643, end_date=20240731T075643
[2024-07-31T16:56:43.308+0900] {local_task_job_runner.py:243} INFO - Task exited with return code 0
[2024-07-31T16:56:43.316+0900] {taskinstance.py:3503} INFO - 0 downstream tasks scheduled from follow-on schedule check
[2024-07-31T16:56:43.317+0900] {local_task_job_runner.py:222} INFO - ::endgroup::
