[2024-07-31T19:52:43.986+0900] {local_task_job_runner.py:120} INFO - ::group::Pre task execution logs
[2024-07-31T19:52:43.998+0900] {taskinstance.py:2076} INFO - Dependencies all met for dep_context=non-requeueable deps ti=<TaskInstance: movie.echo.task scheduled__2024-07-29T02:10:00+00:00 [queued]>
[2024-07-31T19:52:44.002+0900] {taskinstance.py:2076} INFO - Dependencies all met for dep_context=requeueable deps ti=<TaskInstance: movie.echo.task scheduled__2024-07-29T02:10:00+00:00 [queued]>
[2024-07-31T19:52:44.002+0900] {taskinstance.py:2306} INFO - Starting attempt 2 of 3
[2024-07-31T19:52:44.007+0900] {taskinstance.py:2330} INFO - Executing <Task(BashOperator): echo.task> on 2024-07-29 02:10:00+00:00
[2024-07-31T19:52:44.009+0900] {standard_task_runner.py:64} INFO - Started process 33365 to run task
[2024-07-31T19:52:44.012+0900] {standard_task_runner.py:90} INFO - Running: ['airflow', 'tasks', 'run', 'movie', 'echo.task', 'scheduled__2024-07-29T02:10:00+00:00', '--job-id', '983', '--raw', '--subdir', 'DAGS_FOLDER/movie.py', '--cfg-path', '/var/folders/qv/0knwm5h50ml0skpppwpbks_r0000gp/T/tmpge6b7dg1']
[2024-07-31T19:52:44.013+0900] {standard_task_runner.py:91} INFO - Job 983: Subtask echo.task
[2024-07-31T19:52:44.027+0900] {task_command.py:426} INFO - Running <TaskInstance: movie.echo.task scheduled__2024-07-29T02:10:00+00:00 [running]> on host jeongui-MacBookPro.local
[2024-07-31T19:52:44.049+0900] {taskinstance.py:2648} INFO - Exporting env vars: AIRFLOW_CTX_DAG_OWNER='airflow' AIRFLOW_CTX_DAG_ID='movie' AIRFLOW_CTX_TASK_ID='echo.task' AIRFLOW_CTX_EXECUTION_DATE='2024-07-29T02:10:00+00:00' AIRFLOW_CTX_TRY_NUMBER='2' AIRFLOW_CTX_DAG_RUN_ID='scheduled__2024-07-29T02:10:00+00:00'
[2024-07-31T19:52:44.049+0900] {taskinstance.py:430} INFO - ::endgroup::
[2024-07-31T19:52:44.055+0900] {subprocess.py:63} INFO - Tmp dir root location: /var/folders/qv/0knwm5h50ml0skpppwpbks_r0000gp/T
[2024-07-31T19:52:44.055+0900] {subprocess.py:75} INFO - Running command: ['/bin/bash', '-c', "echo 'task'"]
[2024-07-31T19:52:44.058+0900] {subprocess.py:86} INFO - Output:
[2024-07-31T19:52:44.059+0900] {subprocess.py:93} INFO - task
[2024-07-31T19:52:44.059+0900] {subprocess.py:97} INFO - Command exited with return code 0
[2024-07-31T19:52:44.060+0900] {taskinstance.py:441} INFO - ::group::Post task execution logs
[2024-07-31T19:52:44.065+0900] {taskinstance.py:1206} INFO - Marking task as SUCCESS. dag_id=movie, task_id=echo.task, run_id=scheduled__2024-07-29T02:10:00+00:00, execution_date=20240729T021000, start_date=20240731T105243, end_date=20240731T105244
[2024-07-31T19:52:44.077+0900] {local_task_job_runner.py:243} INFO - Task exited with return code 0
[2024-07-31T19:52:44.085+0900] {taskinstance.py:3503} INFO - 0 downstream tasks scheduled from follow-on schedule check
[2024-07-31T19:52:44.086+0900] {local_task_job_runner.py:222} INFO - ::endgroup::
