[2024-07-24T15:09:01.207+0900] {local_task_job_runner.py:120} INFO - ::group::Pre task execution logs
[2024-07-24T15:09:01.215+0900] {taskinstance.py:2076} INFO - Dependencies all met for dep_context=non-requeueable deps ti=<TaskInstance: import_db.create.table scheduled__2024-07-12T00:00:00+00:00 [queued]>
[2024-07-24T15:09:01.217+0900] {taskinstance.py:2076} INFO - Dependencies all met for dep_context=requeueable deps ti=<TaskInstance: import_db.create.table scheduled__2024-07-12T00:00:00+00:00 [queued]>
[2024-07-24T15:09:01.217+0900] {taskinstance.py:2306} INFO - Starting attempt 1 of 1
[2024-07-24T15:09:01.221+0900] {taskinstance.py:2330} INFO - Executing <Task(BashOperator): create.table> on 2024-07-12 00:00:00+00:00
[2024-07-24T15:09:01.223+0900] {standard_task_runner.py:64} INFO - Started process 94808 to run task
[2024-07-24T15:09:01.226+0900] {standard_task_runner.py:90} INFO - Running: ['airflow', 'tasks', 'run', 'import_db', 'create.table', 'scheduled__2024-07-12T00:00:00+00:00', '--job-id', '269', '--raw', '--subdir', 'DAGS_FOLDER/import_db.py', '--cfg-path', '/var/folders/qv/0knwm5h50ml0skpppwpbks_r0000gp/T/tmpjhl441ih']
[2024-07-24T15:09:01.227+0900] {standard_task_runner.py:91} INFO - Job 269: Subtask create.table
[2024-07-24T15:09:01.240+0900] {task_command.py:426} INFO - Running <TaskInstance: import_db.create.table scheduled__2024-07-12T00:00:00+00:00 [running]> on host jeongui-MacBookPro.local
[2024-07-24T15:09:01.263+0900] {taskinstance.py:2648} INFO - Exporting env vars: AIRFLOW_CTX_DAG_OWNER='airflow' AIRFLOW_CTX_DAG_ID='import_db' AIRFLOW_CTX_TASK_ID='create.table' AIRFLOW_CTX_EXECUTION_DATE='2024-07-12T00:00:00+00:00' AIRFLOW_CTX_TRY_NUMBER='1' AIRFLOW_CTX_DAG_RUN_ID='scheduled__2024-07-12T00:00:00+00:00'
[2024-07-24T15:09:01.263+0900] {taskinstance.py:430} INFO - ::endgroup::
[2024-07-24T15:09:01.269+0900] {subprocess.py:63} INFO - Tmp dir root location: /var/folders/qv/0knwm5h50ml0skpppwpbks_r0000gp/T
[2024-07-24T15:09:01.269+0900] {subprocess.py:75} INFO - Running command: ['/bin/bash', '-c', '\n            echo "create.table"\n            sh /Users/DE32/airflow/sh/create_table.sh /Users/DE32/airflow/sql/create_to_talbe.sql\n            echo "create done"\n            ']
[2024-07-24T15:09:01.272+0900] {subprocess.py:86} INFO - Output:
[2024-07-24T15:09:01.274+0900] {subprocess.py:93} INFO - create.table
[2024-07-24T15:09:01.277+0900] {subprocess.py:93} INFO - /Users/DE32/airflow/sh/create_table.sh: line 3: /Users/DE32/airflow/sql/create_to_talbe.sql.sql: No such file or directory
[2024-07-24T15:09:01.277+0900] {subprocess.py:93} INFO - create done
[2024-07-24T15:09:01.277+0900] {subprocess.py:97} INFO - Command exited with return code 0
[2024-07-24T15:09:01.278+0900] {taskinstance.py:441} INFO - ::group::Post task execution logs
[2024-07-24T15:09:01.284+0900] {taskinstance.py:1206} INFO - Marking task as SUCCESS. dag_id=import_db, task_id=create.table, run_id=scheduled__2024-07-12T00:00:00+00:00, execution_date=20240712T000000, start_date=20240724T060901, end_date=20240724T060901
[2024-07-24T15:09:01.332+0900] {local_task_job_runner.py:243} INFO - Task exited with return code 0
[2024-07-24T15:09:01.342+0900] {taskinstance.py:3503} INFO - 1 downstream tasks scheduled from follow-on schedule check
[2024-07-24T15:09:01.343+0900] {local_task_job_runner.py:222} INFO - ::endgroup::
