[2024-07-24T16:31:03.896+0900] {local_task_job_runner.py:120} INFO - ::group::Pre task execution logs
[2024-07-24T16:31:03.904+0900] {taskinstance.py:2076} INFO - Dependencies all met for dep_context=non-requeueable deps ti=<TaskInstance: make_parquet.make.done scheduled__2024-07-12T00:00:00+00:00 [queued]>
[2024-07-24T16:31:03.906+0900] {taskinstance.py:2076} INFO - Dependencies all met for dep_context=requeueable deps ti=<TaskInstance: make_parquet.make.done scheduled__2024-07-12T00:00:00+00:00 [queued]>
[2024-07-24T16:31:03.906+0900] {taskinstance.py:2306} INFO - Starting attempt 2 of 3
[2024-07-24T16:31:03.910+0900] {taskinstance.py:2330} INFO - Executing <Task(BashOperator): make.done> on 2024-07-12 00:00:00+00:00
[2024-07-24T16:31:03.912+0900] {standard_task_runner.py:64} INFO - Started process 467 to run task
[2024-07-24T16:31:03.915+0900] {standard_task_runner.py:90} INFO - Running: ['airflow', 'tasks', 'run', 'make_parquet', 'make.done', 'scheduled__2024-07-12T00:00:00+00:00', '--job-id', '488', '--raw', '--subdir', 'DAGS_FOLDER/make_parquet.py', '--cfg-path', '/var/folders/qv/0knwm5h50ml0skpppwpbks_r0000gp/T/tmp95sf1e9e']
[2024-07-24T16:31:03.916+0900] {standard_task_runner.py:91} INFO - Job 488: Subtask make.done
[2024-07-24T16:31:03.930+0900] {task_command.py:426} INFO - Running <TaskInstance: make_parquet.make.done scheduled__2024-07-12T00:00:00+00:00 [running]> on host jeongui-MacBookPro.local
[2024-07-24T16:31:03.953+0900] {taskinstance.py:2648} INFO - Exporting env vars: AIRFLOW_CTX_DAG_OWNER='airflow' AIRFLOW_CTX_DAG_ID='make_parquet' AIRFLOW_CTX_TASK_ID='make.done' AIRFLOW_CTX_EXECUTION_DATE='2024-07-12T00:00:00+00:00' AIRFLOW_CTX_TRY_NUMBER='2' AIRFLOW_CTX_DAG_RUN_ID='scheduled__2024-07-12T00:00:00+00:00'
[2024-07-24T16:31:03.954+0900] {taskinstance.py:430} INFO - ::endgroup::
[2024-07-24T16:31:03.960+0900] {subprocess.py:63} INFO - Tmp dir root location: /var/folders/qv/0knwm5h50ml0skpppwpbks_r0000gp/T
[2024-07-24T16:31:03.960+0900] {subprocess.py:75} INFO - Running command: ['/bin/bash', '-c', '\n        PARQUET_DONE_PATH=~/data/done/_parquet/20240712\n        mkdir -p $PARQUET_DONE_PATH\n        echo "PATH=$PARQUET_DONE_PATH"\n        touch $PARQUET_DONE_PATH/_DONE\n        ']
[2024-07-24T16:31:03.963+0900] {subprocess.py:86} INFO - Output:
[2024-07-24T16:31:03.966+0900] {subprocess.py:93} INFO - PATH=/Users/DE32/data/done/_parquet/20240712
[2024-07-24T16:31:03.967+0900] {subprocess.py:97} INFO - Command exited with return code 0
[2024-07-24T16:31:03.968+0900] {taskinstance.py:441} INFO - ::group::Post task execution logs
[2024-07-24T16:31:03.973+0900] {taskinstance.py:1206} INFO - Marking task as SUCCESS. dag_id=make_parquet, task_id=make.done, run_id=scheduled__2024-07-12T00:00:00+00:00, execution_date=20240712T000000, start_date=20240724T073103, end_date=20240724T073103
[2024-07-24T16:31:04.021+0900] {local_task_job_runner.py:243} INFO - Task exited with return code 0
[2024-07-24T16:31:04.027+0900] {taskinstance.py:3503} INFO - 0 downstream tasks scheduled from follow-on schedule check
[2024-07-24T16:31:04.027+0900] {local_task_job_runner.py:222} INFO - ::endgroup::
