[2024-07-24T16:07:07.074+0900] {local_task_job_runner.py:120} INFO - ::group::Pre task execution logs
[2024-07-24T16:07:07.082+0900] {taskinstance.py:2076} INFO - Dependencies all met for dep_context=non-requeueable deps ti=<TaskInstance: make_parquet.make.done scheduled__2024-07-12T00:00:00+00:00 [queued]>
[2024-07-24T16:07:07.085+0900] {taskinstance.py:2076} INFO - Dependencies all met for dep_context=requeueable deps ti=<TaskInstance: make_parquet.make.done scheduled__2024-07-12T00:00:00+00:00 [queued]>
[2024-07-24T16:07:07.085+0900] {taskinstance.py:2306} INFO - Starting attempt 1 of 1
[2024-07-24T16:07:07.089+0900] {taskinstance.py:2330} INFO - Executing <Task(BashOperator): make.done> on 2024-07-12 00:00:00+00:00
[2024-07-24T16:07:07.091+0900] {standard_task_runner.py:64} INFO - Started process 97987 to run task
[2024-07-24T16:07:07.094+0900] {standard_task_runner.py:90} INFO - Running: ['airflow', 'tasks', 'run', 'make_parquet', 'make.done', 'scheduled__2024-07-12T00:00:00+00:00', '--job-id', '373', '--raw', '--subdir', 'DAGS_FOLDER/make_parquet.py', '--cfg-path', '/var/folders/qv/0knwm5h50ml0skpppwpbks_r0000gp/T/tmpjaqsxpph']
[2024-07-24T16:07:07.095+0900] {standard_task_runner.py:91} INFO - Job 373: Subtask make.done
[2024-07-24T16:07:07.109+0900] {task_command.py:426} INFO - Running <TaskInstance: make_parquet.make.done scheduled__2024-07-12T00:00:00+00:00 [running]> on host jeongui-MacBookPro.local
[2024-07-24T16:07:07.133+0900] {taskinstance.py:2648} INFO - Exporting env vars: AIRFLOW_CTX_DAG_OWNER='airflow' AIRFLOW_CTX_DAG_ID='make_parquet' AIRFLOW_CTX_TASK_ID='make.done' AIRFLOW_CTX_EXECUTION_DATE='2024-07-12T00:00:00+00:00' AIRFLOW_CTX_TRY_NUMBER='1' AIRFLOW_CTX_DAG_RUN_ID='scheduled__2024-07-12T00:00:00+00:00'
[2024-07-24T16:07:07.134+0900] {taskinstance.py:430} INFO - ::endgroup::
[2024-07-24T16:07:07.141+0900] {subprocess.py:63} INFO - Tmp dir root location: /var/folders/qv/0knwm5h50ml0skpppwpbks_r0000gp/T
[2024-07-24T16:07:07.141+0900] {subprocess.py:75} INFO - Running command: ['/bin/bash', '-c', '\n            echo "create.table"\n            echo "/Users/DE32/airflow/sql/create_to_talbe.sql"\n            sh /Users/DE32/airflow/sh/create_table.sh /Users/DE32/airflow/sql/create_to_table\n            echo "create done"\n            ']
[2024-07-24T16:07:07.144+0900] {subprocess.py:86} INFO - Output:
[2024-07-24T16:07:07.146+0900] {subprocess.py:93} INFO - create.table
[2024-07-24T16:07:07.146+0900] {subprocess.py:93} INFO - /Users/DE32/airflow/sql/create_to_talbe.sql
[2024-07-24T16:07:07.163+0900] {subprocess.py:93} INFO - create done
[2024-07-24T16:07:07.163+0900] {subprocess.py:97} INFO - Command exited with return code 0
[2024-07-24T16:07:07.164+0900] {taskinstance.py:441} INFO - ::group::Post task execution logs
[2024-07-24T16:07:07.170+0900] {taskinstance.py:1206} INFO - Marking task as SUCCESS. dag_id=make_parquet, task_id=make.done, run_id=scheduled__2024-07-12T00:00:00+00:00, execution_date=20240712T000000, start_date=20240724T070707, end_date=20240724T070707
[2024-07-24T16:07:07.198+0900] {local_task_job_runner.py:243} INFO - Task exited with return code 0
[2024-07-24T16:07:07.204+0900] {taskinstance.py:3503} INFO - 0 downstream tasks scheduled from follow-on schedule check
[2024-07-24T16:07:07.204+0900] {local_task_job_runner.py:222} INFO - ::endgroup::
[2024-07-24T16:35:19.938+0900] {local_task_job_runner.py:120} INFO - ::group::Pre task execution logs
[2024-07-24T16:35:19.946+0900] {taskinstance.py:2076} INFO - Dependencies all met for dep_context=non-requeueable deps ti=<TaskInstance: make_parquet.make.done scheduled__2024-07-12T00:00:00+00:00 [queued]>
[2024-07-24T16:35:19.948+0900] {taskinstance.py:2076} INFO - Dependencies all met for dep_context=requeueable deps ti=<TaskInstance: make_parquet.make.done scheduled__2024-07-12T00:00:00+00:00 [queued]>
[2024-07-24T16:35:19.948+0900] {taskinstance.py:2306} INFO - Starting attempt 1 of 2
[2024-07-24T16:35:19.953+0900] {taskinstance.py:2330} INFO - Executing <Task(BashOperator): make.done> on 2024-07-12 00:00:00+00:00
[2024-07-24T16:35:19.955+0900] {standard_task_runner.py:64} INFO - Started process 832 to run task
[2024-07-24T16:35:19.958+0900] {standard_task_runner.py:90} INFO - Running: ['airflow', 'tasks', 'run', 'make_parquet', 'make.done', 'scheduled__2024-07-12T00:00:00+00:00', '--job-id', '380', '--raw', '--subdir', 'DAGS_FOLDER/make_parquet.py', '--cfg-path', '/var/folders/qv/0knwm5h50ml0skpppwpbks_r0000gp/T/tmpdv23od0h']
[2024-07-24T16:35:19.959+0900] {standard_task_runner.py:91} INFO - Job 380: Subtask make.done
[2024-07-24T16:35:19.973+0900] {task_command.py:426} INFO - Running <TaskInstance: make_parquet.make.done scheduled__2024-07-12T00:00:00+00:00 [running]> on host jeongui-MacBookPro.local
[2024-07-24T16:35:19.993+0900] {taskinstance.py:2648} INFO - Exporting env vars: AIRFLOW_CTX_DAG_OWNER='airflow' AIRFLOW_CTX_DAG_ID='make_parquet' AIRFLOW_CTX_TASK_ID='make.done' AIRFLOW_CTX_EXECUTION_DATE='2024-07-12T00:00:00+00:00' AIRFLOW_CTX_TRY_NUMBER='1' AIRFLOW_CTX_DAG_RUN_ID='scheduled__2024-07-12T00:00:00+00:00'
[2024-07-24T16:35:19.993+0900] {taskinstance.py:430} INFO - ::endgroup::
[2024-07-24T16:35:20.000+0900] {subprocess.py:63} INFO - Tmp dir root location: /var/folders/qv/0knwm5h50ml0skpppwpbks_r0000gp/T
[2024-07-24T16:35:20.000+0900] {subprocess.py:75} INFO - Running command: ['/bin/bash', '-c', '\n        PARQUET_DONE_PATH=~/data/done/_parquet/20240712\n        mkdir -p $PARQUET_DONE_PATH\n        echo "PATH=$PARQUET_DONE_PATH"\n        touch $PARQUET_DONE_PATH/_DONE\n        ']
[2024-07-24T16:35:20.003+0900] {subprocess.py:86} INFO - Output:
[2024-07-24T16:35:20.006+0900] {subprocess.py:93} INFO - PATH=/Users/DE32/data/done/_parquet/20240712
[2024-07-24T16:35:20.007+0900] {subprocess.py:97} INFO - Command exited with return code 0
[2024-07-24T16:35:20.008+0900] {taskinstance.py:441} INFO - ::group::Post task execution logs
[2024-07-24T16:35:20.014+0900] {taskinstance.py:1206} INFO - Marking task as SUCCESS. dag_id=make_parquet, task_id=make.done, run_id=scheduled__2024-07-12T00:00:00+00:00, execution_date=20240712T000000, start_date=20240724T073519, end_date=20240724T073520
[2024-07-24T16:35:20.019+0900] {local_task_job_runner.py:243} INFO - Task exited with return code 0
[2024-07-24T16:35:20.025+0900] {taskinstance.py:3503} INFO - 0 downstream tasks scheduled from follow-on schedule check
[2024-07-24T16:35:20.025+0900] {local_task_job_runner.py:222} INFO - ::endgroup::
