[2024-07-24T12:43:24.185+0900] {local_task_job_runner.py:120} INFO - ::group::Pre task execution logs
[2024-07-24T12:43:24.193+0900] {taskinstance.py:2076} INFO - Dependencies all met for dep_context=non-requeueable deps ti=<TaskInstance: simple_bash.print.date scheduled__2024-07-13T00:00:00+00:00 [queued]>
[2024-07-24T12:43:24.196+0900] {taskinstance.py:2076} INFO - Dependencies all met for dep_context=requeueable deps ti=<TaskInstance: simple_bash.print.date scheduled__2024-07-13T00:00:00+00:00 [queued]>
[2024-07-24T12:43:24.196+0900] {taskinstance.py:2306} INFO - Starting attempt 1 of 6
[2024-07-24T12:43:24.200+0900] {taskinstance.py:2330} INFO - Executing <Task(BashOperator): print.date> on 2024-07-13 00:00:00+00:00
[2024-07-24T12:43:24.202+0900] {standard_task_runner.py:64} INFO - Started process 88651 to run task
[2024-07-24T12:43:24.205+0900] {standard_task_runner.py:90} INFO - Running: ['airflow', 'tasks', 'run', 'simple_bash', 'print.date', 'scheduled__2024-07-13T00:00:00+00:00', '--job-id', '10', '--raw', '--subdir', 'DAGS_FOLDER/simple_bash.py', '--cfg-path', '/var/folders/qv/0knwm5h50ml0skpppwpbks_r0000gp/T/tmps4inepob']
[2024-07-24T12:43:24.206+0900] {standard_task_runner.py:91} INFO - Job 10: Subtask print.date
[2024-07-24T12:43:24.220+0900] {task_command.py:426} INFO - Running <TaskInstance: simple_bash.print.date scheduled__2024-07-13T00:00:00+00:00 [running]> on host jeongui-MacBookPro.local
[2024-07-24T12:43:24.237+0900] {logging_mixin.py:188} WARNING - /Users/DE32/.pyenv/versions/3.11.9/envs/note/lib/python3.11/site-packages/airflow/utils/context.py:212 AirflowContextDeprecationWarning: Accessing 'execution_date' from the template is deprecated and will be removed in a future version. Please use 'data_interval_start' or 'logical_date' instead.
[2024-07-24T12:43:24.237+0900] {logging_mixin.py:188} WARNING - /Users/DE32/.pyenv/versions/3.11.9/envs/note/lib/python3.11/site-packages/airflow/utils/context.py:212 AirflowContextDeprecationWarning: Accessing 'next_execution_date' from the template is deprecated and will be removed in a future version. Please use 'data_interval_end' instead.
[2024-07-24T12:43:24.238+0900] {logging_mixin.py:188} WARNING - /Users/DE32/.pyenv/versions/3.11.9/envs/note/lib/python3.11/site-packages/airflow/utils/context.py:212 AirflowContextDeprecationWarning: Accessing 'prev_execution_date' from the template is deprecated and will be removed in a future version.
[2024-07-24T12:43:24.246+0900] {taskinstance.py:2648} INFO - Exporting env vars: AIRFLOW_CTX_DAG_OWNER='airflow' AIRFLOW_CTX_DAG_ID='simple_bash' AIRFLOW_CTX_TASK_ID='print.date' AIRFLOW_CTX_EXECUTION_DATE='2024-07-13T00:00:00+00:00' AIRFLOW_CTX_TRY_NUMBER='1' AIRFLOW_CTX_DAG_RUN_ID='scheduled__2024-07-13T00:00:00+00:00'
[2024-07-24T12:43:24.246+0900] {taskinstance.py:430} INFO - ::endgroup::
[2024-07-24T12:43:24.252+0900] {subprocess.py:63} INFO - Tmp dir root location: /var/folders/qv/0knwm5h50ml0skpppwpbks_r0000gp/T
[2024-07-24T12:43:24.252+0900] {subprocess.py:75} INFO - Running command: ['/bin/bash', '-c', '\n            echo "date => `date`"\n            echo "ds => 2024-07-13"\n            echo "ds_nodash => 20240713"\n            echo "logical_date => 2024-07-13 00:00:00+00:00"\n            echo "logical_date => 2024-07-13 00:00:00"\n            echo "execution_date => 2024-07-13 00:00:00+00:00"\n            echo "execution_date => 2024-07-13 00:00:00"\n            echo "next_execution_date => 2024-07-14 00:00:00"\n            echo "prev_execution_date => 2024-07-12 00:00:00"\n            echo "ts => 2024-07-13T00:00:00+00:00"\n        ']
[2024-07-24T12:43:24.255+0900] {subprocess.py:86} INFO - Output:
[2024-07-24T12:43:24.259+0900] {subprocess.py:93} INFO - date => 2024년 7월 24일 수요일 12시 43분 24초 KST
[2024-07-24T12:43:24.259+0900] {subprocess.py:93} INFO - ds => 2024-07-13
[2024-07-24T12:43:24.259+0900] {subprocess.py:93} INFO - ds_nodash => 20240713
[2024-07-24T12:43:24.259+0900] {subprocess.py:93} INFO - logical_date => 2024-07-13 00:00:00+00:00
[2024-07-24T12:43:24.259+0900] {subprocess.py:93} INFO - logical_date => 2024-07-13 00:00:00
[2024-07-24T12:43:24.260+0900] {subprocess.py:93} INFO - execution_date => 2024-07-13 00:00:00+00:00
[2024-07-24T12:43:24.260+0900] {subprocess.py:93} INFO - execution_date => 2024-07-13 00:00:00
[2024-07-24T12:43:24.260+0900] {subprocess.py:93} INFO - next_execution_date => 2024-07-14 00:00:00
[2024-07-24T12:43:24.260+0900] {subprocess.py:93} INFO - prev_execution_date => 2024-07-12 00:00:00
[2024-07-24T12:43:24.260+0900] {subprocess.py:93} INFO - ts => 2024-07-13T00:00:00+00:00
[2024-07-24T12:43:24.260+0900] {subprocess.py:97} INFO - Command exited with return code 0
[2024-07-24T12:43:24.261+0900] {taskinstance.py:441} INFO - ::group::Post task execution logs
[2024-07-24T12:43:24.267+0900] {taskinstance.py:1206} INFO - Marking task as SUCCESS. dag_id=simple_bash, task_id=print.date, run_id=scheduled__2024-07-13T00:00:00+00:00, execution_date=20240713T000000, start_date=20240724T034324, end_date=20240724T034324
[2024-07-24T12:43:24.310+0900] {local_task_job_runner.py:243} INFO - Task exited with return code 0
[2024-07-24T12:43:24.320+0900] {taskinstance.py:3503} INFO - 1 downstream tasks scheduled from follow-on schedule check
[2024-07-24T12:43:24.321+0900] {local_task_job_runner.py:222} INFO - ::endgroup::
[2024-07-24T14:06:38.455+0900] {local_task_job_runner.py:120} INFO - ::group::Pre task execution logs
[2024-07-24T14:06:38.463+0900] {taskinstance.py:2076} INFO - Dependencies all met for dep_context=non-requeueable deps ti=<TaskInstance: simple_bash.print.date scheduled__2024-07-13T00:00:00+00:00 [queued]>
[2024-07-24T14:06:38.465+0900] {taskinstance.py:2076} INFO - Dependencies all met for dep_context=requeueable deps ti=<TaskInstance: simple_bash.print.date scheduled__2024-07-13T00:00:00+00:00 [queued]>
[2024-07-24T14:06:38.465+0900] {taskinstance.py:2306} INFO - Starting attempt 1 of 2
[2024-07-24T14:06:38.469+0900] {taskinstance.py:2330} INFO - Executing <Task(BashOperator): print.date> on 2024-07-13 00:00:00+00:00
[2024-07-24T14:06:38.472+0900] {standard_task_runner.py:64} INFO - Started process 89322 to run task
[2024-07-24T14:06:38.474+0900] {standard_task_runner.py:90} INFO - Running: ['airflow', 'tasks', 'run', 'simple_bash', 'print.date', 'scheduled__2024-07-13T00:00:00+00:00', '--job-id', '6', '--raw', '--subdir', 'DAGS_FOLDER/simple_bash.py', '--cfg-path', '/var/folders/qv/0knwm5h50ml0skpppwpbks_r0000gp/T/tmpoj1i5d9h']
[2024-07-24T14:06:38.475+0900] {standard_task_runner.py:91} INFO - Job 6: Subtask print.date
[2024-07-24T14:06:38.489+0900] {task_command.py:426} INFO - Running <TaskInstance: simple_bash.print.date scheduled__2024-07-13T00:00:00+00:00 [running]> on host jeongui-MacBookPro.local
[2024-07-24T14:06:38.504+0900] {logging_mixin.py:188} WARNING - /Users/DE32/.pyenv/versions/3.11.9/envs/note/lib/python3.11/site-packages/airflow/utils/context.py:212 AirflowContextDeprecationWarning: Accessing 'execution_date' from the template is deprecated and will be removed in a future version. Please use 'data_interval_start' or 'logical_date' instead.
[2024-07-24T14:06:38.505+0900] {logging_mixin.py:188} WARNING - /Users/DE32/.pyenv/versions/3.11.9/envs/note/lib/python3.11/site-packages/airflow/utils/context.py:212 AirflowContextDeprecationWarning: Accessing 'next_execution_date' from the template is deprecated and will be removed in a future version. Please use 'data_interval_end' instead.
[2024-07-24T14:06:38.505+0900] {logging_mixin.py:188} WARNING - /Users/DE32/.pyenv/versions/3.11.9/envs/note/lib/python3.11/site-packages/airflow/utils/context.py:212 AirflowContextDeprecationWarning: Accessing 'prev_execution_date' from the template is deprecated and will be removed in a future version.
[2024-07-24T14:06:38.513+0900] {taskinstance.py:2648} INFO - Exporting env vars: AIRFLOW_CTX_DAG_OWNER='airflow' AIRFLOW_CTX_DAG_ID='simple_bash' AIRFLOW_CTX_TASK_ID='print.date' AIRFLOW_CTX_EXECUTION_DATE='2024-07-13T00:00:00+00:00' AIRFLOW_CTX_TRY_NUMBER='1' AIRFLOW_CTX_DAG_RUN_ID='scheduled__2024-07-13T00:00:00+00:00'
[2024-07-24T14:06:38.513+0900] {taskinstance.py:430} INFO - ::endgroup::
[2024-07-24T14:06:38.519+0900] {subprocess.py:63} INFO - Tmp dir root location: /var/folders/qv/0knwm5h50ml0skpppwpbks_r0000gp/T
[2024-07-24T14:06:38.520+0900] {subprocess.py:75} INFO - Running command: ['/bin/bash', '-c', '\n            echo "date => `date`"\n            echo "ds => 2024-07-13"\n            echo "ds_nodash => 20240713"\n            echo "logical_date => 2024-07-13 00:00:00+00:00"\n            echo "logical_date => 2024-07-13 00:00:00"\n            echo "execution_date => 2024-07-13 00:00:00+00:00"\n            echo "execution_date => 2024-07-13 00:00:00"\n            echo "next_execution_date => 2024-07-14 00:00:00"\n            echo "prev_execution_date => 2024-07-12 00:00:00"\n            echo "ts => 2024-07-13T00:00:00+00:00"\n        ']
[2024-07-24T14:06:38.522+0900] {subprocess.py:86} INFO - Output:
[2024-07-24T14:06:38.526+0900] {subprocess.py:93} INFO - date => 2024년 7월 24일 수요일 14시 06분 38초 KST
[2024-07-24T14:06:38.526+0900] {subprocess.py:93} INFO - ds => 2024-07-13
[2024-07-24T14:06:38.526+0900] {subprocess.py:93} INFO - ds_nodash => 20240713
[2024-07-24T14:06:38.526+0900] {subprocess.py:93} INFO - logical_date => 2024-07-13 00:00:00+00:00
[2024-07-24T14:06:38.527+0900] {subprocess.py:93} INFO - logical_date => 2024-07-13 00:00:00
[2024-07-24T14:06:38.527+0900] {subprocess.py:93} INFO - execution_date => 2024-07-13 00:00:00+00:00
[2024-07-24T14:06:38.527+0900] {subprocess.py:93} INFO - execution_date => 2024-07-13 00:00:00
[2024-07-24T14:06:38.527+0900] {subprocess.py:93} INFO - next_execution_date => 2024-07-14 00:00:00
[2024-07-24T14:06:38.527+0900] {subprocess.py:93} INFO - prev_execution_date => 2024-07-12 00:00:00
[2024-07-24T14:06:38.527+0900] {subprocess.py:93} INFO - ts => 2024-07-13T00:00:00+00:00
[2024-07-24T14:06:38.527+0900] {subprocess.py:97} INFO - Command exited with return code 0
[2024-07-24T14:06:38.528+0900] {taskinstance.py:441} INFO - ::group::Post task execution logs
[2024-07-24T14:06:38.534+0900] {taskinstance.py:1206} INFO - Marking task as SUCCESS. dag_id=simple_bash, task_id=print.date, run_id=scheduled__2024-07-13T00:00:00+00:00, execution_date=20240713T000000, start_date=20240724T050638, end_date=20240724T050638
[2024-07-24T14:06:38.581+0900] {local_task_job_runner.py:243} INFO - Task exited with return code 0
[2024-07-24T14:06:38.591+0900] {taskinstance.py:3503} INFO - 1 downstream tasks scheduled from follow-on schedule check
[2024-07-24T14:06:38.592+0900] {local_task_job_runner.py:222} INFO - ::endgroup::
[2024-07-24T14:18:50.513+0900] {local_task_job_runner.py:120} INFO - ::group::Pre task execution logs
[2024-07-24T14:18:50.522+0900] {taskinstance.py:2076} INFO - Dependencies all met for dep_context=non-requeueable deps ti=<TaskInstance: simple_bash.print.date scheduled__2024-07-13T00:00:00+00:00 [queued]>
[2024-07-24T14:18:50.524+0900] {taskinstance.py:2076} INFO - Dependencies all met for dep_context=requeueable deps ti=<TaskInstance: simple_bash.print.date scheduled__2024-07-13T00:00:00+00:00 [queued]>
[2024-07-24T14:18:50.524+0900] {taskinstance.py:2306} INFO - Starting attempt 1 of 1
[2024-07-24T14:18:50.528+0900] {taskinstance.py:2330} INFO - Executing <Task(BashOperator): print.date> on 2024-07-13 00:00:00+00:00
[2024-07-24T14:18:50.531+0900] {standard_task_runner.py:64} INFO - Started process 90571 to run task
[2024-07-24T14:18:50.533+0900] {standard_task_runner.py:90} INFO - Running: ['airflow', 'tasks', 'run', 'simple_bash', 'print.date', 'scheduled__2024-07-13T00:00:00+00:00', '--job-id', '102', '--raw', '--subdir', 'DAGS_FOLDER/simple_bash.py', '--cfg-path', '/var/folders/qv/0knwm5h50ml0skpppwpbks_r0000gp/T/tmpwv3fen7m']
[2024-07-24T14:18:50.534+0900] {standard_task_runner.py:91} INFO - Job 102: Subtask print.date
[2024-07-24T14:18:50.548+0900] {task_command.py:426} INFO - Running <TaskInstance: simple_bash.print.date scheduled__2024-07-13T00:00:00+00:00 [running]> on host jeongui-MacBookPro.local
[2024-07-24T14:18:50.564+0900] {logging_mixin.py:188} WARNING - /Users/DE32/.pyenv/versions/3.11.9/envs/note/lib/python3.11/site-packages/airflow/utils/context.py:212 AirflowContextDeprecationWarning: Accessing 'execution_date' from the template is deprecated and will be removed in a future version. Please use 'data_interval_start' or 'logical_date' instead.
[2024-07-24T14:18:50.565+0900] {logging_mixin.py:188} WARNING - /Users/DE32/.pyenv/versions/3.11.9/envs/note/lib/python3.11/site-packages/airflow/utils/context.py:212 AirflowContextDeprecationWarning: Accessing 'next_execution_date' from the template is deprecated and will be removed in a future version. Please use 'data_interval_end' instead.
[2024-07-24T14:18:50.565+0900] {logging_mixin.py:188} WARNING - /Users/DE32/.pyenv/versions/3.11.9/envs/note/lib/python3.11/site-packages/airflow/utils/context.py:212 AirflowContextDeprecationWarning: Accessing 'prev_execution_date' from the template is deprecated and will be removed in a future version.
[2024-07-24T14:18:50.573+0900] {taskinstance.py:2648} INFO - Exporting env vars: AIRFLOW_CTX_DAG_OWNER='airflow' AIRFLOW_CTX_DAG_ID='simple_bash' AIRFLOW_CTX_TASK_ID='print.date' AIRFLOW_CTX_EXECUTION_DATE='2024-07-13T00:00:00+00:00' AIRFLOW_CTX_TRY_NUMBER='1' AIRFLOW_CTX_DAG_RUN_ID='scheduled__2024-07-13T00:00:00+00:00'
[2024-07-24T14:18:50.573+0900] {taskinstance.py:430} INFO - ::endgroup::
[2024-07-24T14:18:50.579+0900] {subprocess.py:63} INFO - Tmp dir root location: /var/folders/qv/0knwm5h50ml0skpppwpbks_r0000gp/T
[2024-07-24T14:18:50.579+0900] {subprocess.py:75} INFO - Running command: ['/bin/bash', '-c', '\n            echo "date => `date`"\n            echo "ds => 2024-07-13"\n            echo "ds_nodash => 20240713"\n            echo "logical_date => 2024-07-13 00:00:00+00:00"\n            echo "logical_date => 2024-07-13 00:00:00"\n            echo "execution_date => 2024-07-13 00:00:00+00:00"\n            echo "execution_date => 2024-07-13 00:00:00"\n            echo "next_execution_date => 2024-07-14 00:00:00"\n            echo "prev_execution_date => 2024-07-12 00:00:00"\n            echo "ts => 2024-07-13T00:00:00+00:00"\n        ']
[2024-07-24T14:18:50.582+0900] {subprocess.py:86} INFO - Output:
[2024-07-24T14:18:50.586+0900] {subprocess.py:93} INFO - date => 2024년 7월 24일 수요일 14시 18분 50초 KST
[2024-07-24T14:18:50.586+0900] {subprocess.py:93} INFO - ds => 2024-07-13
[2024-07-24T14:18:50.586+0900] {subprocess.py:93} INFO - ds_nodash => 20240713
[2024-07-24T14:18:50.586+0900] {subprocess.py:93} INFO - logical_date => 2024-07-13 00:00:00+00:00
[2024-07-24T14:18:50.586+0900] {subprocess.py:93} INFO - logical_date => 2024-07-13 00:00:00
[2024-07-24T14:18:50.586+0900] {subprocess.py:93} INFO - execution_date => 2024-07-13 00:00:00+00:00
[2024-07-24T14:18:50.587+0900] {subprocess.py:93} INFO - execution_date => 2024-07-13 00:00:00
[2024-07-24T14:18:50.587+0900] {subprocess.py:93} INFO - next_execution_date => 2024-07-14 00:00:00
[2024-07-24T14:18:50.587+0900] {subprocess.py:93} INFO - prev_execution_date => 2024-07-12 00:00:00
[2024-07-24T14:18:50.587+0900] {subprocess.py:93} INFO - ts => 2024-07-13T00:00:00+00:00
[2024-07-24T14:18:50.587+0900] {subprocess.py:97} INFO - Command exited with return code 0
[2024-07-24T14:18:50.588+0900] {taskinstance.py:441} INFO - ::group::Post task execution logs
[2024-07-24T14:18:50.594+0900] {taskinstance.py:1206} INFO - Marking task as SUCCESS. dag_id=simple_bash, task_id=print.date, run_id=scheduled__2024-07-13T00:00:00+00:00, execution_date=20240713T000000, start_date=20240724T051850, end_date=20240724T051850
[2024-07-24T14:18:50.637+0900] {local_task_job_runner.py:243} INFO - Task exited with return code 0
[2024-07-24T14:18:50.647+0900] {taskinstance.py:3503} INFO - 1 downstream tasks scheduled from follow-on schedule check
[2024-07-24T14:18:50.647+0900] {local_task_job_runner.py:222} INFO - ::endgroup::
