[2024-07-31T19:57:40.090+0900] {local_task_job_runner.py:120} INFO - ::group::Pre task execution logs
[2024-07-31T19:57:40.104+0900] {taskinstance.py:2076} INFO - Dependencies all met for dep_context=non-requeueable deps ti=<TaskInstance: movie.nation.f scheduled__2024-07-30T02:10:00+00:00 [queued]>
[2024-07-31T19:57:40.107+0900] {taskinstance.py:2076} INFO - Dependencies all met for dep_context=requeueable deps ti=<TaskInstance: movie.nation.f scheduled__2024-07-30T02:10:00+00:00 [queued]>
[2024-07-31T19:57:40.107+0900] {taskinstance.py:2306} INFO - Starting attempt 2 of 3
[2024-07-31T19:57:40.113+0900] {taskinstance.py:2330} INFO - Executing <Task(PythonVirtualenvOperator): nation.f> on 2024-07-30 02:10:00+00:00
[2024-07-31T19:57:40.116+0900] {standard_task_runner.py:64} INFO - Started process 33711 to run task
[2024-07-31T19:57:40.119+0900] {standard_task_runner.py:90} INFO - Running: ['airflow', 'tasks', 'run', 'movie', 'nation.f', 'scheduled__2024-07-30T02:10:00+00:00', '--job-id', '997', '--raw', '--subdir', 'DAGS_FOLDER/movie.py', '--cfg-path', '/var/folders/qv/0knwm5h50ml0skpppwpbks_r0000gp/T/tmpeoba3i0c']
[2024-07-31T19:57:40.120+0900] {standard_task_runner.py:91} INFO - Job 997: Subtask nation.f
[2024-07-31T19:57:40.133+0900] {task_command.py:426} INFO - Running <TaskInstance: movie.nation.f scheduled__2024-07-30T02:10:00+00:00 [running]> on host jeongui-MacBookPro.local
[2024-07-31T19:57:40.156+0900] {taskinstance.py:2648} INFO - Exporting env vars: AIRFLOW_CTX_DAG_OWNER='airflow' AIRFLOW_CTX_DAG_ID='movie' AIRFLOW_CTX_TASK_ID='nation.f' AIRFLOW_CTX_EXECUTION_DATE='2024-07-30T02:10:00+00:00' AIRFLOW_CTX_TRY_NUMBER='2' AIRFLOW_CTX_DAG_RUN_ID='scheduled__2024-07-30T02:10:00+00:00'
[2024-07-31T19:57:40.157+0900] {taskinstance.py:430} INFO - ::endgroup::
[2024-07-31T19:57:40.164+0900] {baseoperator.py:400} WARNING - PythonVirtualenvOperator.execute cannot be called outside TaskInstance!
[2024-07-31T19:57:40.164+0900] {process_utils.py:183} INFO - Executing cmd: /Users/DE32/.pyenv/versions/3.11.9/envs/note/bin/python -m virtualenv /var/folders/qv/0knwm5h50ml0skpppwpbks_r0000gp/T/venvcfio9995 --python=python
[2024-07-31T19:57:40.166+0900] {process_utils.py:187} INFO - Output:
[2024-07-31T19:57:40.407+0900] {process_utils.py:191} INFO - created virtual environment CPython3.11.9.final.0-64 in 172ms
[2024-07-31T19:57:40.408+0900] {process_utils.py:191} INFO -   creator CPython3Posix(dest=/private/var/folders/qv/0knwm5h50ml0skpppwpbks_r0000gp/T/venvcfio9995, clear=False, no_vcs_ignore=False, global=False)
[2024-07-31T19:57:40.408+0900] {process_utils.py:191} INFO -   seeder FromAppData(download=False, pip=bundle, setuptools=bundle, wheel=bundle, via=copy, app_data_dir=/Users/DE32/Library/Application Support/virtualenv)
[2024-07-31T19:57:40.408+0900] {process_utils.py:191} INFO -     added seed packages: pip==24.1.2, setuptools==70.2.0, wheel==0.43.0
[2024-07-31T19:57:40.408+0900] {process_utils.py:191} INFO -   activators BashActivator,CShellActivator,FishActivator,NushellActivator,PowerShellActivator,PythonActivator
[2024-07-31T19:57:40.419+0900] {process_utils.py:183} INFO - Executing cmd: /var/folders/qv/0knwm5h50ml0skpppwpbks_r0000gp/T/venvcfio9995/bin/pip install -r /var/folders/qv/0knwm5h50ml0skpppwpbks_r0000gp/T/venvcfio9995/requirements.txt
[2024-07-31T19:57:40.421+0900] {process_utils.py:187} INFO - Output:
[2024-07-31T19:57:41.909+0900] {process_utils.py:191} INFO - Collecting git+https://github.com/Jeonghoon2/movie.git@0.2/api (from -r /var/folders/qv/0knwm5h50ml0skpppwpbks_r0000gp/T/venvcfio9995/requirements.txt (line 1))
[2024-07-31T19:57:41.909+0900] {process_utils.py:191} INFO -   Cloning https://github.com/Jeonghoon2/movie.git (to revision 0.2/api) to /private/var/folders/qv/0knwm5h50ml0skpppwpbks_r0000gp/T/pip-req-build-gnveyze5
[2024-07-31T19:57:41.923+0900] {process_utils.py:191} INFO -   Running command git clone --filter=blob:none --quiet https://github.com/Jeonghoon2/movie.git /private/var/folders/qv/0knwm5h50ml0skpppwpbks_r0000gp/T/pip-req-build-gnveyze5
[2024-07-31T19:57:43.372+0900] {process_utils.py:191} INFO -   Running command git checkout -b 0.2/api --track origin/0.2/api
[2024-07-31T19:57:44.156+0900] {process_utils.py:191} INFO -   Switched to a new branch '0.2/api'
[2024-07-31T19:57:44.157+0900] {process_utils.py:191} INFO -   branch '0.2/api' set up to track 'origin/0.2/api'.
[2024-07-31T19:57:44.157+0900] {process_utils.py:191} INFO -   Resolved https://github.com/Jeonghoon2/movie.git to commit c2fdd392ce95b386519b05b3bab786608cdb1c58
[2024-07-31T19:57:44.179+0900] {process_utils.py:191} INFO -   Installing build dependencies: started
[2024-07-31T19:57:45.316+0900] {process_utils.py:191} INFO -   Installing build dependencies: finished with status 'done'
[2024-07-31T19:57:45.316+0900] {process_utils.py:191} INFO -   Getting requirements to build wheel: started
[2024-07-31T19:57:45.447+0900] {process_utils.py:191} INFO -   Getting requirements to build wheel: finished with status 'done'
[2024-07-31T19:57:45.448+0900] {process_utils.py:191} INFO -   Preparing metadata (pyproject.toml): started
[2024-07-31T19:57:45.579+0900] {process_utils.py:191} INFO -   Preparing metadata (pyproject.toml): finished with status 'done'
[2024-07-31T19:57:45.638+0900] {process_utils.py:191} INFO - Collecting requests>=2.32.3 (from mov==0.1.0->-r /var/folders/qv/0knwm5h50ml0skpppwpbks_r0000gp/T/venvcfio9995/requirements.txt (line 1))
[2024-07-31T19:57:45.639+0900] {process_utils.py:191} INFO -   Using cached requests-2.32.3-py3-none-any.whl.metadata (4.6 kB)
[2024-07-31T19:57:45.704+0900] {process_utils.py:191} INFO - Collecting pandas>=2.2.2 (from mov==0.1.0->-r /var/folders/qv/0knwm5h50ml0skpppwpbks_r0000gp/T/venvcfio9995/requirements.txt (line 1))
[2024-07-31T19:57:45.705+0900] {process_utils.py:191} INFO -   Using cached pandas-2.2.2-cp311-cp311-macosx_11_0_arm64.whl.metadata (19 kB)
[2024-07-31T19:57:45.804+0900] {process_utils.py:191} INFO - Collecting numpy>=2.0.1 (from mov==0.1.0->-r /var/folders/qv/0knwm5h50ml0skpppwpbks_r0000gp/T/venvcfio9995/requirements.txt (line 1))
[2024-07-31T19:57:45.805+0900] {process_utils.py:191} INFO -   Using cached numpy-2.0.1-cp311-cp311-macosx_14_0_arm64.whl.metadata (60 kB)
[2024-07-31T19:57:45.854+0900] {process_utils.py:191} INFO - Collecting pyarrow>=17.0.0 (from mov==0.1.0->-r /var/folders/qv/0knwm5h50ml0skpppwpbks_r0000gp/T/venvcfio9995/requirements.txt (line 1))
[2024-07-31T19:57:45.855+0900] {process_utils.py:191} INFO -   Using cached pyarrow-17.0.0-cp311-cp311-macosx_11_0_arm64.whl.metadata (3.3 kB)
[2024-07-31T19:57:45.877+0900] {process_utils.py:191} INFO - Collecting python-dateutil>=2.8.2 (from pandas>=2.2.2->mov==0.1.0->-r /var/folders/qv/0knwm5h50ml0skpppwpbks_r0000gp/T/venvcfio9995/requirements.txt (line 1))
[2024-07-31T19:57:45.878+0900] {process_utils.py:191} INFO -   Using cached python_dateutil-2.9.0.post0-py2.py3-none-any.whl.metadata (8.4 kB)
[2024-07-31T19:57:45.907+0900] {process_utils.py:191} INFO - Collecting pytz>=2020.1 (from pandas>=2.2.2->mov==0.1.0->-r /var/folders/qv/0knwm5h50ml0skpppwpbks_r0000gp/T/venvcfio9995/requirements.txt (line 1))
[2024-07-31T19:57:45.908+0900] {process_utils.py:191} INFO -   Using cached pytz-2024.1-py2.py3-none-any.whl.metadata (22 kB)
[2024-07-31T19:57:45.921+0900] {process_utils.py:191} INFO - Collecting tzdata>=2022.7 (from pandas>=2.2.2->mov==0.1.0->-r /var/folders/qv/0knwm5h50ml0skpppwpbks_r0000gp/T/venvcfio9995/requirements.txt (line 1))
[2024-07-31T19:57:45.922+0900] {process_utils.py:191} INFO -   Using cached tzdata-2024.1-py2.py3-none-any.whl.metadata (1.4 kB)
[2024-07-31T19:57:45.965+0900] {process_utils.py:191} INFO - Collecting charset-normalizer<4,>=2 (from requests>=2.32.3->mov==0.1.0->-r /var/folders/qv/0knwm5h50ml0skpppwpbks_r0000gp/T/venvcfio9995/requirements.txt (line 1))
[2024-07-31T19:57:45.966+0900] {process_utils.py:191} INFO -   Using cached charset_normalizer-3.3.2-cp311-cp311-macosx_11_0_arm64.whl.metadata (33 kB)
[2024-07-31T19:57:45.982+0900] {process_utils.py:191} INFO - Collecting idna<4,>=2.5 (from requests>=2.32.3->mov==0.1.0->-r /var/folders/qv/0knwm5h50ml0skpppwpbks_r0000gp/T/venvcfio9995/requirements.txt (line 1))
[2024-07-31T19:57:45.982+0900] {process_utils.py:191} INFO -   Using cached idna-3.7-py3-none-any.whl.metadata (9.9 kB)
[2024-07-31T19:57:46.009+0900] {process_utils.py:191} INFO - Collecting urllib3<3,>=1.21.1 (from requests>=2.32.3->mov==0.1.0->-r /var/folders/qv/0knwm5h50ml0skpppwpbks_r0000gp/T/venvcfio9995/requirements.txt (line 1))
[2024-07-31T19:57:46.010+0900] {process_utils.py:191} INFO -   Using cached urllib3-2.2.2-py3-none-any.whl.metadata (6.4 kB)
[2024-07-31T19:57:46.038+0900] {process_utils.py:191} INFO - Collecting certifi>=2017.4.17 (from requests>=2.32.3->mov==0.1.0->-r /var/folders/qv/0knwm5h50ml0skpppwpbks_r0000gp/T/venvcfio9995/requirements.txt (line 1))
[2024-07-31T19:57:46.039+0900] {process_utils.py:191} INFO -   Using cached certifi-2024.7.4-py3-none-any.whl.metadata (2.2 kB)
[2024-07-31T19:57:46.053+0900] {process_utils.py:191} INFO - Collecting six>=1.5 (from python-dateutil>=2.8.2->pandas>=2.2.2->mov==0.1.0->-r /var/folders/qv/0knwm5h50ml0skpppwpbks_r0000gp/T/venvcfio9995/requirements.txt (line 1))
[2024-07-31T19:57:46.054+0900] {process_utils.py:191} INFO -   Using cached six-1.16.0-py2.py3-none-any.whl.metadata (1.8 kB)
[2024-07-31T19:57:46.057+0900] {process_utils.py:191} INFO - Using cached numpy-2.0.1-cp311-cp311-macosx_14_0_arm64.whl (5.3 MB)
[2024-07-31T19:57:46.066+0900] {process_utils.py:191} INFO - Using cached pandas-2.2.2-cp311-cp311-macosx_11_0_arm64.whl (11.3 MB)
[2024-07-31T19:57:46.082+0900] {process_utils.py:191} INFO - Using cached pyarrow-17.0.0-cp311-cp311-macosx_11_0_arm64.whl (27.2 MB)
[2024-07-31T19:57:46.115+0900] {process_utils.py:191} INFO - Using cached requests-2.32.3-py3-none-any.whl (64 kB)
[2024-07-31T19:57:46.119+0900] {process_utils.py:191} INFO - Using cached certifi-2024.7.4-py3-none-any.whl (162 kB)
[2024-07-31T19:57:46.122+0900] {process_utils.py:191} INFO - Using cached charset_normalizer-3.3.2-cp311-cp311-macosx_11_0_arm64.whl (118 kB)
[2024-07-31T19:57:46.124+0900] {process_utils.py:191} INFO - Using cached idna-3.7-py3-none-any.whl (66 kB)
[2024-07-31T19:57:46.127+0900] {process_utils.py:191} INFO - Using cached python_dateutil-2.9.0.post0-py2.py3-none-any.whl (229 kB)
[2024-07-31T19:57:46.130+0900] {process_utils.py:191} INFO - Using cached pytz-2024.1-py2.py3-none-any.whl (505 kB)
[2024-07-31T19:57:46.134+0900] {process_utils.py:191} INFO - Using cached tzdata-2024.1-py2.py3-none-any.whl (345 kB)
[2024-07-31T19:57:46.137+0900] {process_utils.py:191} INFO - Using cached urllib3-2.2.2-py3-none-any.whl (121 kB)
[2024-07-31T19:57:46.140+0900] {process_utils.py:191} INFO - Using cached six-1.16.0-py2.py3-none-any.whl (11 kB)
[2024-07-31T19:57:46.187+0900] {process_utils.py:191} INFO - Building wheels for collected packages: mov
[2024-07-31T19:57:46.202+0900] {process_utils.py:191} INFO -   Building wheel for mov (pyproject.toml): started
[2024-07-31T19:57:46.358+0900] {process_utils.py:191} INFO -   Building wheel for mov (pyproject.toml): finished with status 'done'
[2024-07-31T19:57:46.359+0900] {process_utils.py:191} INFO -   Created wheel for mov: filename=mov-0.1.0-py3-none-any.whl size=3056 sha256=c8827dd901b529fb565ba808850a2f8515d0e3875e9a7264b0cd33696c0d25c9
[2024-07-31T19:57:46.359+0900] {process_utils.py:191} INFO -   Stored in directory: /private/var/folders/qv/0knwm5h50ml0skpppwpbks_r0000gp/T/pip-ephem-wheel-cache-dtziudnx/wheels/cf/ab/a7/d0c528d20fa8a5f19e169bdf1d98f2b2cefe79d8527bb89200
[2024-07-31T19:57:46.360+0900] {process_utils.py:191} INFO - Successfully built mov
[2024-07-31T19:57:46.390+0900] {process_utils.py:191} INFO - Installing collected packages: pytz, urllib3, tzdata, six, numpy, idna, charset-normalizer, certifi, requests, python-dateutil, pyarrow, pandas, mov
[2024-07-31T19:57:50.998+0900] {process_utils.py:191} INFO - Successfully installed certifi-2024.7.4 charset-normalizer-3.3.2 idna-3.7 mov-0.1.0 numpy-2.0.1 pandas-2.2.2 pyarrow-17.0.0 python-dateutil-2.9.0.post0 pytz-2024.1 requests-2.32.3 six-1.16.0 tzdata-2024.1 urllib3-2.2.2
[2024-07-31T19:57:51.002+0900] {process_utils.py:191} INFO - 
[2024-07-31T19:57:51.002+0900] {process_utils.py:191} INFO - [notice] A new release of pip is available: 24.1.2 -> 24.2
[2024-07-31T19:57:51.002+0900] {process_utils.py:191} INFO - [notice] To update, run: python -m pip install --upgrade pip
[2024-07-31T19:57:51.135+0900] {logging_mixin.py:188} WARNING - /Users/DE32/.pyenv/versions/3.11.9/envs/note/lib/python3.11/site-packages/airflow/utils/context.py:212 AirflowContextDeprecationWarning: Accessing 'next_ds' from the template is deprecated and will be removed in a future version. Please use '{{ data_interval_end | ds }}' instead.
[2024-07-31T19:57:51.136+0900] {logging_mixin.py:188} WARNING - /Users/DE32/.pyenv/versions/3.11.9/envs/note/lib/python3.11/site-packages/airflow/utils/context.py:212 AirflowContextDeprecationWarning: Accessing 'next_ds_nodash' from the template is deprecated and will be removed in a future version. Please use '{{ data_interval_end | ds_nodash }}' instead.
[2024-07-31T19:57:51.136+0900] {logging_mixin.py:188} WARNING - /Users/DE32/.pyenv/versions/3.11.9/envs/note/lib/python3.11/site-packages/airflow/utils/context.py:212 AirflowContextDeprecationWarning: Accessing 'prev_ds' from the template is deprecated and will be removed in a future version.
[2024-07-31T19:57:51.137+0900] {logging_mixin.py:188} WARNING - /Users/DE32/.pyenv/versions/3.11.9/envs/note/lib/python3.11/site-packages/airflow/utils/context.py:212 AirflowContextDeprecationWarning: Accessing 'prev_ds_nodash' from the template is deprecated and will be removed in a future version.
[2024-07-31T19:57:51.137+0900] {logging_mixin.py:188} WARNING - /Users/DE32/.pyenv/versions/3.11.9/envs/note/lib/python3.11/site-packages/airflow/utils/context.py:212 AirflowContextDeprecationWarning: Accessing 'tomorrow_ds' from the template is deprecated and will be removed in a future version.
[2024-07-31T19:57:51.137+0900] {logging_mixin.py:188} WARNING - /Users/DE32/.pyenv/versions/3.11.9/envs/note/lib/python3.11/site-packages/airflow/utils/context.py:212 AirflowContextDeprecationWarning: Accessing 'tomorrow_ds_nodash' from the template is deprecated and will be removed in a future version.
[2024-07-31T19:57:51.138+0900] {logging_mixin.py:188} WARNING - /Users/DE32/.pyenv/versions/3.11.9/envs/note/lib/python3.11/site-packages/airflow/utils/context.py:212 AirflowContextDeprecationWarning: Accessing 'yesterday_ds' from the template is deprecated and will be removed in a future version.
[2024-07-31T19:57:51.138+0900] {logging_mixin.py:188} WARNING - /Users/DE32/.pyenv/versions/3.11.9/envs/note/lib/python3.11/site-packages/airflow/utils/context.py:212 AirflowContextDeprecationWarning: Accessing 'yesterday_ds_nodash' from the template is deprecated and will be removed in a future version.
[2024-07-31T19:57:51.142+0900] {process_utils.py:183} INFO - Executing cmd: /var/folders/qv/0knwm5h50ml0skpppwpbks_r0000gp/T/venvcfio9995/bin/python /var/folders/qv/0knwm5h50ml0skpppwpbks_r0000gp/T/venv-call7eblqdyk/script.py /var/folders/qv/0knwm5h50ml0skpppwpbks_r0000gp/T/venv-call7eblqdyk/script.in /var/folders/qv/0knwm5h50ml0skpppwpbks_r0000gp/T/venv-call7eblqdyk/script.out /var/folders/qv/0knwm5h50ml0skpppwpbks_r0000gp/T/venv-call7eblqdyk/string_args.txt /var/folders/qv/0knwm5h50ml0skpppwpbks_r0000gp/T/venv-call7eblqdyk/termination.log
[2024-07-31T19:57:51.145+0900] {process_utils.py:187} INFO - Output:
[2024-07-31T19:58:04.535+0900] {process_utils.py:191} INFO - {'boxOfficeResult': {'boxofficeType': '일별 박스오피스', 'showRange': '20240730~20240730', 'dailyBoxOfficeList': [{'rnum': '1', 'rank': '1', 'rankInten': '1', 'rankOldAndNew': 'OLD', 'movieCd': '20247440', 'movieNm': '슈퍼배드 4', 'openDt': '2024-07-24', 'salesAmt': '709624985', 'salesShare': '34.0', 'salesInten': '-5161840', 'salesChange': '-0.7', 'salesAcc': '6916847057', 'audiCnt': '79855', 'audiInten': '-198', 'audiChange': '-0.2', 'audiAcc': '748320', 'scrnCnt': '1081', 'showCnt': '4080'}, {'rnum': '2', 'rank': '2', 'rankInten': '-1', 'rankOldAndNew': 'OLD', 'movieCd': '20247781', 'movieNm': '데드풀과 울버린', 'openDt': '2024-07-24', 'salesAmt': '794441435', 'salesShare': '38.0', 'salesInten': '-141886941', 'salesChange': '-15.2', 'salesAcc': '13035390434', 'audiCnt': '79021', 'audiInten': '-13511', 'audiChange': '-14.6', 'audiAcc': '1257556', 'scrnCnt': '1769', 'showCnt': '7207'}, {'rnum': '3', 'rank': '3', 'rankInten': '0', 'rankOldAndNew': 'OLD', 'movieCd': '20235974', 'movieNm': '인사이드 아웃 2', 'openDt': '2024-06-12', 'salesAmt': '355047963', 'salesShare': '17.0', 'salesInten': '7967032', 'salesChange': '2.3', 'salesAcc': '80440502695', 'audiCnt': '38546', 'audiInten': '1169', 'audiChange': '3.1', 'audiAcc': '8367816', 'scrnCnt': '814', 'showCnt': '1746'}, {'rnum': '4', 'rank': '4', 'rankInten': '0', 'rankOldAndNew': 'OLD', 'movieCd': '20240983', 'movieNm': '명탐정 코난: 100만 달러의 펜타그램', 'openDt': '2024-07-17', 'salesAmt': '145004046', 'salesShare': '6.9', 'salesInten': '-2091543', 'salesChange': '-1.4', 'salesAcc': '5771714958', 'audiCnt': '15694', 'audiInten': '-186', 'audiChange': '-1.2', 'audiAcc': '588839', 'scrnCnt': '591', 'showCnt': '1101'}, {'rnum': '5', 'rank': '5', 'rankInten': '0', 'rankOldAndNew': 'OLD', 'movieCd': '20240850', 'movieNm': '극장판 도라에몽: 진구의 지구 교향곡', 'openDt': '2024-07-10', 'salesAmt': '16915800', 'salesShare': '0.8', 'salesInten': '590800', 'salesChange': '3.6', 'salesAcc': '658816700', 'audiCnt': '2093', 'audiInten': '140', 'audiChange': '7.2', 'audiAcc': '76426', 'scrnCnt': '118', 'showCnt': '149'}, {'rnum': '6', 'rank': '6', 'rankInten': '0', 'rankOldAndNew': 'OLD', 'movieCd': '20235926', 'movieNm': '퍼펙트 데이즈', 'openDt': '2024-07-03', 'salesAmt': '17391173', 'salesShare': '0.8', 'salesInten': '777318', 'salesChange': '4.7', 'salesAcc': '655724115', 'audiCnt': '1972', 'audiInten': '104', 'audiChange': '5.6', 'audiAcc': '69483', 'scrnCnt': '52', 'showCnt': '63'}, {'rnum': '7', 'rank': '7', 'rankInten': '0', 'rankOldAndNew': 'OLD', 'movieCd': '20241343', 'movieNm': '우마무스메 프리티 더비 새로운 시대의 문', 'openDt': '2024-07-11', 'salesAmt': '8270273', 'salesShare': '0.4', 'salesInten': '873295', 'salesChange': '11.8', 'salesAcc': '469335137', 'audiCnt': '795', 'audiInten': '34', 'audiChange': '4.5', 'audiAcc': '43632', 'scrnCnt': '75', 'showCnt': '91'}, {'rnum': '8', 'rank': '8', 'rankInten': '0', 'rankOldAndNew': 'OLD', 'movieCd': '19960126', 'movieNm': '비포 선라이즈', 'openDt': '1996-03-30', 'salesAmt': '6889300', 'salesShare': '0.3', 'salesInten': '574083', 'salesChange': '9.1', 'salesAcc': '682934152', 'audiCnt': '703', 'audiInten': '25', 'audiChange': '3.7', 'audiAcc': '79553', 'scrnCnt': '34', 'showCnt': '47'}, {'rnum': '9', 'rank': '9', 'rankInten': '0', 'rankOldAndNew': 'OLD', 'movieCd': '20148830', 'movieNm': '마담 프루스트의 비밀정원', 'openDt': '2014-07-24', 'salesAmt': '4818439', 'salesShare': '0.2', 'salesInten': '170739', 'salesChange': '3.7', 'salesAcc': '1322140557', 'audiCnt': '525', 'audiInten': '24', 'audiChange': '4.8', 'audiAcc': '167435', 'scrnCnt': '39', 'showCnt': '43'}, {'rnum': '10', 'rank': '10', 'rankInten': '0', 'rankOldAndNew': 'OLD', 'movieCd': '20247397', 'movieNm': '존 오브 인터레스트', 'openDt': '2024-06-05', 'salesAmt': '2942378', 'salesShare': '0.1', 'salesInten': '-238600', 'salesChange': '-7.5', 'salesAcc': '1929131370', 'audiCnt': '320', 'audiInten': '-35', 'audiChange': '-9.9', 'audiAcc': '194167', 'scrnCnt': '20', 'showCnt': '22'}]}}
[2024-07-31T19:58:04.536+0900] {process_utils.py:191} INFO - partitioning List : ['load_dt', 'repNationCd']
[2024-07-31T19:58:04.537+0900] {process_utils.py:191} INFO -   rnum rank rankInten rankOldAndNew  ... scrnCnt showCnt   load_dt repNationCd
[2024-07-31T19:58:04.537+0900] {process_utils.py:191} INFO - 0    1    1         1           OLD  ...    1081    4080  20240730           F
[2024-07-31T19:58:04.537+0900] {process_utils.py:191} INFO - 1    2    2        -1           OLD  ...    1769    7207  20240730           F
[2024-07-31T19:58:04.538+0900] {process_utils.py:191} INFO - 2    3    3         0           OLD  ...     814    1746  20240730           F
[2024-07-31T19:58:04.538+0900] {process_utils.py:191} INFO - 3    4    4         0           OLD  ...     591    1101  20240730           F
[2024-07-31T19:58:04.538+0900] {process_utils.py:191} INFO - 4    5    5         0           OLD  ...     118     149  20240730           F
[2024-07-31T19:58:04.539+0900] {process_utils.py:191} INFO - 5    6    6         0           OLD  ...      52      63  20240730           F
[2024-07-31T19:58:04.539+0900] {process_utils.py:191} INFO - 6    7    7         0           OLD  ...      75      91  20240730           F
[2024-07-31T19:58:04.539+0900] {process_utils.py:191} INFO - 7    8    8         0           OLD  ...      34      47  20240730           F
[2024-07-31T19:58:04.540+0900] {process_utils.py:191} INFO - 8    9    9         0           OLD  ...      39      43  20240730           F
[2024-07-31T19:58:04.540+0900] {process_utils.py:191} INFO - 9   10   10         0           OLD  ...      20      22  20240730           F
[2024-07-31T19:58:04.540+0900] {process_utils.py:191} INFO - 
[2024-07-31T19:58:04.540+0900] {process_utils.py:191} INFO - [10 rows x 20 columns]
[2024-07-31T19:58:04.997+0900] {python.py:237} INFO - Done. Returned value was: None
[2024-07-31T19:58:04.998+0900] {taskinstance.py:441} INFO - ::group::Post task execution logs
[2024-07-31T19:58:05.001+0900] {taskinstance.py:1206} INFO - Marking task as SUCCESS. dag_id=movie, task_id=nation.f, run_id=scheduled__2024-07-30T02:10:00+00:00, execution_date=20240730T021000, start_date=20240731T105740, end_date=20240731T105805
[2024-07-31T19:58:05.010+0900] {local_task_job_runner.py:243} INFO - Task exited with return code 0
[2024-07-31T19:58:05.017+0900] {taskinstance.py:3503} INFO - 0 downstream tasks scheduled from follow-on schedule check
[2024-07-31T19:58:05.017+0900] {local_task_job_runner.py:222} INFO - ::endgroup::
