[2024-07-31T15:19:56.963+0900] {local_task_job_runner.py:120} INFO - ::group::Pre task execution logs
[2024-07-31T15:19:56.974+0900] {taskinstance.py:2076} INFO - Dependencies all met for dep_context=non-requeueable deps ti=<TaskInstance: movie.nation.f scheduled__2024-07-30T02:10:00+00:00 [queued]>
[2024-07-31T15:19:56.977+0900] {taskinstance.py:2076} INFO - Dependencies all met for dep_context=requeueable deps ti=<TaskInstance: movie.nation.f scheduled__2024-07-30T02:10:00+00:00 [queued]>
[2024-07-31T15:19:56.977+0900] {taskinstance.py:2306} INFO - Starting attempt 1 of 2
[2024-07-31T15:19:56.984+0900] {taskinstance.py:2330} INFO - Executing <Task(PythonVirtualenvOperator): nation.f> on 2024-07-30 02:10:00+00:00
[2024-07-31T15:19:56.986+0900] {standard_task_runner.py:64} INFO - Started process 16906 to run task
[2024-07-31T15:19:56.989+0900] {standard_task_runner.py:90} INFO - Running: ['airflow', 'tasks', 'run', 'movie', 'nation.f', 'scheduled__2024-07-30T02:10:00+00:00', '--job-id', '781', '--raw', '--subdir', 'DAGS_FOLDER/movie.py', '--cfg-path', '/var/folders/qv/0knwm5h50ml0skpppwpbks_r0000gp/T/tmpwvrxs_6t']
[2024-07-31T15:19:56.990+0900] {standard_task_runner.py:91} INFO - Job 781: Subtask nation.f
[2024-07-31T15:19:57.005+0900] {task_command.py:426} INFO - Running <TaskInstance: movie.nation.f scheduled__2024-07-30T02:10:00+00:00 [running]> on host jeongui-MacBookPro.local
[2024-07-31T15:19:57.026+0900] {taskinstance.py:2648} INFO - Exporting env vars: AIRFLOW_CTX_DAG_OWNER='airflow' AIRFLOW_CTX_DAG_ID='movie' AIRFLOW_CTX_TASK_ID='nation.f' AIRFLOW_CTX_EXECUTION_DATE='2024-07-30T02:10:00+00:00' AIRFLOW_CTX_TRY_NUMBER='1' AIRFLOW_CTX_DAG_RUN_ID='scheduled__2024-07-30T02:10:00+00:00'
[2024-07-31T15:19:57.026+0900] {taskinstance.py:430} INFO - ::endgroup::
[2024-07-31T15:19:57.032+0900] {baseoperator.py:400} WARNING - PythonVirtualenvOperator.execute cannot be called outside TaskInstance!
[2024-07-31T15:19:57.032+0900] {process_utils.py:183} INFO - Executing cmd: /Users/DE32/.pyenv/versions/3.11.9/envs/note/bin/python -m virtualenv /var/folders/qv/0knwm5h50ml0skpppwpbks_r0000gp/T/venvgwzqc0jn --python=python
[2024-07-31T15:19:57.034+0900] {process_utils.py:187} INFO - Output:
[2024-07-31T15:19:57.210+0900] {process_utils.py:191} INFO - created virtual environment CPython3.11.9.final.0-64 in 117ms
[2024-07-31T15:19:57.210+0900] {process_utils.py:191} INFO -   creator CPython3Posix(dest=/private/var/folders/qv/0knwm5h50ml0skpppwpbks_r0000gp/T/venvgwzqc0jn, clear=False, no_vcs_ignore=False, global=False)
[2024-07-31T15:19:57.210+0900] {process_utils.py:191} INFO -   seeder FromAppData(download=False, pip=bundle, setuptools=bundle, wheel=bundle, via=copy, app_data_dir=/Users/DE32/Library/Application Support/virtualenv)
[2024-07-31T15:19:57.210+0900] {process_utils.py:191} INFO -     added seed packages: pip==24.1.2, setuptools==70.2.0, wheel==0.43.0
[2024-07-31T15:19:57.211+0900] {process_utils.py:191} INFO -   activators BashActivator,CShellActivator,FishActivator,NushellActivator,PowerShellActivator,PythonActivator
[2024-07-31T15:19:57.222+0900] {process_utils.py:183} INFO - Executing cmd: /var/folders/qv/0knwm5h50ml0skpppwpbks_r0000gp/T/venvgwzqc0jn/bin/pip install -r /var/folders/qv/0knwm5h50ml0skpppwpbks_r0000gp/T/venvgwzqc0jn/requirements.txt
[2024-07-31T15:19:57.224+0900] {process_utils.py:187} INFO - Output:
[2024-07-31T15:19:57.925+0900] {process_utils.py:191} INFO - Collecting git+https://github.com/Jeonghoon2/movie.git@0.2/api (from -r /var/folders/qv/0knwm5h50ml0skpppwpbks_r0000gp/T/venvgwzqc0jn/requirements.txt (line 1))
[2024-07-31T15:19:57.925+0900] {process_utils.py:191} INFO -   Cloning https://github.com/Jeonghoon2/movie.git (to revision 0.2/api) to /private/var/folders/qv/0knwm5h50ml0skpppwpbks_r0000gp/T/pip-req-build-x1t0ufjj
[2024-07-31T15:19:57.937+0900] {process_utils.py:191} INFO -   Running command git clone --filter=blob:none --quiet https://github.com/Jeonghoon2/movie.git /private/var/folders/qv/0knwm5h50ml0skpppwpbks_r0000gp/T/pip-req-build-x1t0ufjj
[2024-07-31T15:19:59.364+0900] {process_utils.py:191} INFO -   Running command git checkout -b 0.2/api --track origin/0.2/api
[2024-07-31T15:20:00.053+0900] {process_utils.py:191} INFO -   Switched to a new branch '0.2/api'
[2024-07-31T15:20:00.053+0900] {process_utils.py:191} INFO -   branch '0.2/api' set up to track 'origin/0.2/api'.
[2024-07-31T15:20:00.054+0900] {process_utils.py:191} INFO -   Resolved https://github.com/Jeonghoon2/movie.git to commit 34de3b5e993ea074744539373447116355ac95da
[2024-07-31T15:20:00.075+0900] {process_utils.py:191} INFO -   Installing build dependencies: started
[2024-07-31T15:20:01.007+0900] {process_utils.py:191} INFO -   Installing build dependencies: finished with status 'done'
[2024-07-31T15:20:01.008+0900] {process_utils.py:191} INFO -   Getting requirements to build wheel: started
[2024-07-31T15:20:01.130+0900] {process_utils.py:191} INFO -   Getting requirements to build wheel: finished with status 'done'
[2024-07-31T15:20:01.131+0900] {process_utils.py:191} INFO -   Preparing metadata (pyproject.toml): started
[2024-07-31T15:20:01.256+0900] {process_utils.py:191} INFO -   Preparing metadata (pyproject.toml): finished with status 'done'
[2024-07-31T15:20:01.324+0900] {process_utils.py:191} INFO - Collecting requests>=2.32.3 (from mov==0.1.0->-r /var/folders/qv/0knwm5h50ml0skpppwpbks_r0000gp/T/venvgwzqc0jn/requirements.txt (line 1))
[2024-07-31T15:20:01.325+0900] {process_utils.py:191} INFO -   Using cached requests-2.32.3-py3-none-any.whl.metadata (4.6 kB)
[2024-07-31T15:20:01.392+0900] {process_utils.py:191} INFO - Collecting pandas>=2.2.2 (from mov==0.1.0->-r /var/folders/qv/0knwm5h50ml0skpppwpbks_r0000gp/T/venvgwzqc0jn/requirements.txt (line 1))
[2024-07-31T15:20:01.393+0900] {process_utils.py:191} INFO -   Using cached pandas-2.2.2-cp311-cp311-macosx_11_0_arm64.whl.metadata (19 kB)
[2024-07-31T15:20:01.494+0900] {process_utils.py:191} INFO - Collecting numpy>=2.0.1 (from mov==0.1.0->-r /var/folders/qv/0knwm5h50ml0skpppwpbks_r0000gp/T/venvgwzqc0jn/requirements.txt (line 1))
[2024-07-31T15:20:01.496+0900] {process_utils.py:191} INFO -   Using cached numpy-2.0.1-cp311-cp311-macosx_14_0_arm64.whl.metadata (60 kB)
[2024-07-31T15:20:01.563+0900] {process_utils.py:191} INFO - Collecting pyarrow>=17.0.0 (from mov==0.1.0->-r /var/folders/qv/0knwm5h50ml0skpppwpbks_r0000gp/T/venvgwzqc0jn/requirements.txt (line 1))
[2024-07-31T15:20:01.564+0900] {process_utils.py:191} INFO -   Using cached pyarrow-17.0.0-cp311-cp311-macosx_11_0_arm64.whl.metadata (3.3 kB)
[2024-07-31T15:20:01.586+0900] {process_utils.py:191} INFO - Collecting python-dateutil>=2.8.2 (from pandas>=2.2.2->mov==0.1.0->-r /var/folders/qv/0knwm5h50ml0skpppwpbks_r0000gp/T/venvgwzqc0jn/requirements.txt (line 1))
[2024-07-31T15:20:01.587+0900] {process_utils.py:191} INFO -   Using cached python_dateutil-2.9.0.post0-py2.py3-none-any.whl.metadata (8.4 kB)
[2024-07-31T15:20:01.638+0900] {process_utils.py:191} INFO - Collecting pytz>=2020.1 (from pandas>=2.2.2->mov==0.1.0->-r /var/folders/qv/0knwm5h50ml0skpppwpbks_r0000gp/T/venvgwzqc0jn/requirements.txt (line 1))
[2024-07-31T15:20:01.639+0900] {process_utils.py:191} INFO -   Using cached pytz-2024.1-py2.py3-none-any.whl.metadata (22 kB)
[2024-07-31T15:20:01.655+0900] {process_utils.py:191} INFO - Collecting tzdata>=2022.7 (from pandas>=2.2.2->mov==0.1.0->-r /var/folders/qv/0knwm5h50ml0skpppwpbks_r0000gp/T/venvgwzqc0jn/requirements.txt (line 1))
[2024-07-31T15:20:01.655+0900] {process_utils.py:191} INFO -   Using cached tzdata-2024.1-py2.py3-none-any.whl.metadata (1.4 kB)
[2024-07-31T15:20:01.705+0900] {process_utils.py:191} INFO - Collecting charset-normalizer<4,>=2 (from requests>=2.32.3->mov==0.1.0->-r /var/folders/qv/0knwm5h50ml0skpppwpbks_r0000gp/T/venvgwzqc0jn/requirements.txt (line 1))
[2024-07-31T15:20:01.706+0900] {process_utils.py:191} INFO -   Using cached charset_normalizer-3.3.2-cp311-cp311-macosx_11_0_arm64.whl.metadata (33 kB)
[2024-07-31T15:20:01.724+0900] {process_utils.py:191} INFO - Collecting idna<4,>=2.5 (from requests>=2.32.3->mov==0.1.0->-r /var/folders/qv/0knwm5h50ml0skpppwpbks_r0000gp/T/venvgwzqc0jn/requirements.txt (line 1))
[2024-07-31T15:20:01.725+0900] {process_utils.py:191} INFO -   Using cached idna-3.7-py3-none-any.whl.metadata (9.9 kB)
[2024-07-31T15:20:01.754+0900] {process_utils.py:191} INFO - Collecting urllib3<3,>=1.21.1 (from requests>=2.32.3->mov==0.1.0->-r /var/folders/qv/0knwm5h50ml0skpppwpbks_r0000gp/T/venvgwzqc0jn/requirements.txt (line 1))
[2024-07-31T15:20:01.754+0900] {process_utils.py:191} INFO -   Using cached urllib3-2.2.2-py3-none-any.whl.metadata (6.4 kB)
[2024-07-31T15:20:01.777+0900] {process_utils.py:191} INFO - Collecting certifi>=2017.4.17 (from requests>=2.32.3->mov==0.1.0->-r /var/folders/qv/0knwm5h50ml0skpppwpbks_r0000gp/T/venvgwzqc0jn/requirements.txt (line 1))
[2024-07-31T15:20:01.777+0900] {process_utils.py:191} INFO -   Using cached certifi-2024.7.4-py3-none-any.whl.metadata (2.2 kB)
[2024-07-31T15:20:01.802+0900] {process_utils.py:191} INFO - Collecting six>=1.5 (from python-dateutil>=2.8.2->pandas>=2.2.2->mov==0.1.0->-r /var/folders/qv/0knwm5h50ml0skpppwpbks_r0000gp/T/venvgwzqc0jn/requirements.txt (line 1))
[2024-07-31T15:20:01.803+0900] {process_utils.py:191} INFO -   Using cached six-1.16.0-py2.py3-none-any.whl.metadata (1.8 kB)
[2024-07-31T15:20:01.806+0900] {process_utils.py:191} INFO - Using cached numpy-2.0.1-cp311-cp311-macosx_14_0_arm64.whl (5.3 MB)
[2024-07-31T15:20:01.812+0900] {process_utils.py:191} INFO - Using cached pandas-2.2.2-cp311-cp311-macosx_11_0_arm64.whl (11.3 MB)
[2024-07-31T15:20:01.825+0900] {process_utils.py:191} INFO - Using cached pyarrow-17.0.0-cp311-cp311-macosx_11_0_arm64.whl (27.2 MB)
[2024-07-31T15:20:01.853+0900] {process_utils.py:191} INFO - Using cached requests-2.32.3-py3-none-any.whl (64 kB)
[2024-07-31T15:20:01.855+0900] {process_utils.py:191} INFO - Using cached certifi-2024.7.4-py3-none-any.whl (162 kB)
[2024-07-31T15:20:01.856+0900] {process_utils.py:191} INFO - Using cached charset_normalizer-3.3.2-cp311-cp311-macosx_11_0_arm64.whl (118 kB)
[2024-07-31T15:20:01.857+0900] {process_utils.py:191} INFO - Using cached idna-3.7-py3-none-any.whl (66 kB)
[2024-07-31T15:20:01.858+0900] {process_utils.py:191} INFO - Using cached python_dateutil-2.9.0.post0-py2.py3-none-any.whl (229 kB)
[2024-07-31T15:20:01.859+0900] {process_utils.py:191} INFO - Using cached pytz-2024.1-py2.py3-none-any.whl (505 kB)
[2024-07-31T15:20:01.861+0900] {process_utils.py:191} INFO - Using cached tzdata-2024.1-py2.py3-none-any.whl (345 kB)
[2024-07-31T15:20:01.862+0900] {process_utils.py:191} INFO - Using cached urllib3-2.2.2-py3-none-any.whl (121 kB)
[2024-07-31T15:20:01.863+0900] {process_utils.py:191} INFO - Using cached six-1.16.0-py2.py3-none-any.whl (11 kB)
[2024-07-31T15:20:01.908+0900] {process_utils.py:191} INFO - Building wheels for collected packages: mov
[2024-07-31T15:20:01.922+0900] {process_utils.py:191} INFO -   Building wheel for mov (pyproject.toml): started
[2024-07-31T15:20:02.070+0900] {process_utils.py:191} INFO -   Building wheel for mov (pyproject.toml): finished with status 'done'
[2024-07-31T15:20:02.070+0900] {process_utils.py:191} INFO -   Created wheel for mov: filename=mov-0.1.0-py3-none-any.whl size=3035 sha256=6473007c3c3d37047cf275c128af14b5f258fbd5deb106ff829382654c5d0620
[2024-07-31T15:20:02.071+0900] {process_utils.py:191} INFO -   Stored in directory: /private/var/folders/qv/0knwm5h50ml0skpppwpbks_r0000gp/T/pip-ephem-wheel-cache-i97iel0e/wheels/cf/ab/a7/d0c528d20fa8a5f19e169bdf1d98f2b2cefe79d8527bb89200
[2024-07-31T15:20:02.072+0900] {process_utils.py:191} INFO - Successfully built mov
[2024-07-31T15:20:02.100+0900] {process_utils.py:191} INFO - Installing collected packages: pytz, urllib3, tzdata, six, numpy, idna, charset-normalizer, certifi, requests, python-dateutil, pyarrow, pandas, mov
[2024-07-31T15:20:06.680+0900] {process_utils.py:191} INFO - Successfully installed certifi-2024.7.4 charset-normalizer-3.3.2 idna-3.7 mov-0.1.0 numpy-2.0.1 pandas-2.2.2 pyarrow-17.0.0 python-dateutil-2.9.0.post0 pytz-2024.1 requests-2.32.3 six-1.16.0 tzdata-2024.1 urllib3-2.2.2
[2024-07-31T15:20:06.683+0900] {process_utils.py:191} INFO - 
[2024-07-31T15:20:06.683+0900] {process_utils.py:191} INFO - [notice] A new release of pip is available: 24.1.2 -> 24.2
[2024-07-31T15:20:06.684+0900] {process_utils.py:191} INFO - [notice] To update, run: python -m pip install --upgrade pip
[2024-07-31T15:20:06.812+0900] {logging_mixin.py:188} WARNING - /Users/DE32/.pyenv/versions/3.11.9/envs/note/lib/python3.11/site-packages/airflow/utils/context.py:212 AirflowContextDeprecationWarning: Accessing 'next_ds' from the template is deprecated and will be removed in a future version. Please use '{{ data_interval_end | ds }}' instead.
[2024-07-31T15:20:06.812+0900] {logging_mixin.py:188} WARNING - /Users/DE32/.pyenv/versions/3.11.9/envs/note/lib/python3.11/site-packages/airflow/utils/context.py:212 AirflowContextDeprecationWarning: Accessing 'next_ds_nodash' from the template is deprecated and will be removed in a future version. Please use '{{ data_interval_end | ds_nodash }}' instead.
[2024-07-31T15:20:06.813+0900] {logging_mixin.py:188} WARNING - /Users/DE32/.pyenv/versions/3.11.9/envs/note/lib/python3.11/site-packages/airflow/utils/context.py:212 AirflowContextDeprecationWarning: Accessing 'prev_ds' from the template is deprecated and will be removed in a future version.
[2024-07-31T15:20:06.813+0900] {logging_mixin.py:188} WARNING - /Users/DE32/.pyenv/versions/3.11.9/envs/note/lib/python3.11/site-packages/airflow/utils/context.py:212 AirflowContextDeprecationWarning: Accessing 'prev_ds_nodash' from the template is deprecated and will be removed in a future version.
[2024-07-31T15:20:06.814+0900] {logging_mixin.py:188} WARNING - /Users/DE32/.pyenv/versions/3.11.9/envs/note/lib/python3.11/site-packages/airflow/utils/context.py:212 AirflowContextDeprecationWarning: Accessing 'tomorrow_ds' from the template is deprecated and will be removed in a future version.
[2024-07-31T15:20:06.814+0900] {logging_mixin.py:188} WARNING - /Users/DE32/.pyenv/versions/3.11.9/envs/note/lib/python3.11/site-packages/airflow/utils/context.py:212 AirflowContextDeprecationWarning: Accessing 'tomorrow_ds_nodash' from the template is deprecated and will be removed in a future version.
[2024-07-31T15:20:06.814+0900] {logging_mixin.py:188} WARNING - /Users/DE32/.pyenv/versions/3.11.9/envs/note/lib/python3.11/site-packages/airflow/utils/context.py:212 AirflowContextDeprecationWarning: Accessing 'yesterday_ds' from the template is deprecated and will be removed in a future version.
[2024-07-31T15:20:06.815+0900] {logging_mixin.py:188} WARNING - /Users/DE32/.pyenv/versions/3.11.9/envs/note/lib/python3.11/site-packages/airflow/utils/context.py:212 AirflowContextDeprecationWarning: Accessing 'yesterday_ds_nodash' from the template is deprecated and will be removed in a future version.
[2024-07-31T15:20:06.818+0900] {process_utils.py:183} INFO - Executing cmd: /var/folders/qv/0knwm5h50ml0skpppwpbks_r0000gp/T/venvgwzqc0jn/bin/python /var/folders/qv/0knwm5h50ml0skpppwpbks_r0000gp/T/venv-callkcvlcqoy/script.py /var/folders/qv/0knwm5h50ml0skpppwpbks_r0000gp/T/venv-callkcvlcqoy/script.in /var/folders/qv/0knwm5h50ml0skpppwpbks_r0000gp/T/venv-callkcvlcqoy/script.out /var/folders/qv/0knwm5h50ml0skpppwpbks_r0000gp/T/venv-callkcvlcqoy/string_args.txt /var/folders/qv/0knwm5h50ml0skpppwpbks_r0000gp/T/venv-callkcvlcqoy/termination.log
[2024-07-31T15:20:06.820+0900] {process_utils.py:187} INFO - Output:
[2024-07-31T15:20:17.407+0900] {process_utils.py:191} INFO - Traceback (most recent call last):
[2024-07-31T15:20:17.408+0900] {process_utils.py:191} INFO -   File "/var/folders/qv/0knwm5h50ml0skpppwpbks_r0000gp/T/venv-callkcvlcqoy/script.py", line 51, in <module>
[2024-07-31T15:20:17.409+0900] {process_utils.py:191} INFO -     res = get_data_with_params(*arg_dict["args"], **arg_dict["kwargs"])
[2024-07-31T15:20:17.409+0900] {process_utils.py:191} INFO -           ^^^^^^^^^^^^^^^^^^^^^^^^^^^^^^^^^^^^^^^^^^^^^^^^^^^^^^^^^^^^^
[2024-07-31T15:20:17.410+0900] {process_utils.py:191} INFO -   File "/var/folders/qv/0knwm5h50ml0skpppwpbks_r0000gp/T/venv-callkcvlcqoy/script.py", line 21, in get_data_with_params
[2024-07-31T15:20:17.410+0900] {process_utils.py:191} INFO -     _, data = req(url_params=context["params"]["url_params"])
[2024-07-31T15:20:17.411+0900] {process_utils.py:191} INFO -                              ~~~~~~~^^^^^^^^^^
[2024-07-31T15:20:17.411+0900] {process_utils.py:191} INFO - KeyError: 'params'
[2024-07-31T15:20:17.882+0900] {taskinstance.py:441} INFO - ::group::Post task execution logs
[2024-07-31T15:20:17.886+0900] {taskinstance.py:2905} ERROR - Task failed with exception
Traceback (most recent call last):
  File "/Users/DE32/.pyenv/versions/3.11.9/envs/note/lib/python3.11/site-packages/airflow/models/taskinstance.py", line 465, in _execute_task
    result = _execute_callable(context=context, **execute_callable_kwargs)
             ^^^^^^^^^^^^^^^^^^^^^^^^^^^^^^^^^^^^^^^^^^^^^^^^^^^^^^^^^^^^^
  File "/Users/DE32/.pyenv/versions/3.11.9/envs/note/lib/python3.11/site-packages/airflow/models/taskinstance.py", line 432, in _execute_callable
    return execute_callable(context=context, **execute_callable_kwargs)
           ^^^^^^^^^^^^^^^^^^^^^^^^^^^^^^^^^^^^^^^^^^^^^^^^^^^^^^^^^^^^
  File "/Users/DE32/.pyenv/versions/3.11.9/envs/note/lib/python3.11/site-packages/airflow/models/baseoperator.py", line 401, in wrapper
    return func(self, *args, **kwargs)
           ^^^^^^^^^^^^^^^^^^^^^^^^^^^
  File "/Users/DE32/.pyenv/versions/3.11.9/envs/note/lib/python3.11/site-packages/airflow/operators/python.py", line 437, in execute
    return super().execute(context=serializable_context)
           ^^^^^^^^^^^^^^^^^^^^^^^^^^^^^^^^^^^^^^^^^^^^^
  File "/Users/DE32/.pyenv/versions/3.11.9/envs/note/lib/python3.11/site-packages/airflow/models/baseoperator.py", line 401, in wrapper
    return func(self, *args, **kwargs)
           ^^^^^^^^^^^^^^^^^^^^^^^^^^^
  File "/Users/DE32/.pyenv/versions/3.11.9/envs/note/lib/python3.11/site-packages/airflow/operators/python.py", line 235, in execute
    return_value = self.execute_callable()
                   ^^^^^^^^^^^^^^^^^^^^^^^
  File "/Users/DE32/.pyenv/versions/3.11.9/envs/note/lib/python3.11/site-packages/airflow/operators/python.py", line 759, in execute_callable
    result = self._execute_python_callable_in_subprocess(python_path)
             ^^^^^^^^^^^^^^^^^^^^^^^^^^^^^^^^^^^^^^^^^^^^^^^^^^^^^^^^
  File "/Users/DE32/.pyenv/versions/3.11.9/envs/note/lib/python3.11/site-packages/airflow/operators/python.py", line 514, in _execute_python_callable_in_subprocess
    raise AirflowException(error_msg) from None
airflow.exceptions.AirflowException: Process returned non-zero exit status 1.
'params'
[2024-07-31T15:20:17.887+0900] {taskinstance.py:1206} INFO - Marking task as UP_FOR_RETRY. dag_id=movie, task_id=nation.f, run_id=scheduled__2024-07-30T02:10:00+00:00, execution_date=20240730T021000, start_date=20240731T061956, end_date=20240731T062017
[2024-07-31T15:20:17.891+0900] {standard_task_runner.py:110} ERROR - Failed to execute job 781 for task nation.f (Process returned non-zero exit status 1.
'params'; 16906)
[2024-07-31T15:20:17.925+0900] {local_task_job_runner.py:243} INFO - Task exited with return code 1
[2024-07-31T15:20:17.934+0900] {taskinstance.py:3503} INFO - 0 downstream tasks scheduled from follow-on schedule check
[2024-07-31T15:20:17.934+0900] {local_task_job_runner.py:222} INFO - ::endgroup::
[2024-07-31T17:01:21.543+0900] {local_task_job_runner.py:120} INFO - ::group::Pre task execution logs
[2024-07-31T17:01:21.555+0900] {taskinstance.py:2076} INFO - Dependencies all met for dep_context=non-requeueable deps ti=<TaskInstance: movie.nation.f scheduled__2024-07-30T02:10:00+00:00 [queued]>
[2024-07-31T17:01:21.558+0900] {taskinstance.py:2076} INFO - Dependencies all met for dep_context=requeueable deps ti=<TaskInstance: movie.nation.f scheduled__2024-07-30T02:10:00+00:00 [queued]>
[2024-07-31T17:01:21.558+0900] {taskinstance.py:2306} INFO - Starting attempt 1 of 2
[2024-07-31T17:01:21.564+0900] {taskinstance.py:2330} INFO - Executing <Task(PythonVirtualenvOperator): nation.f> on 2024-07-30 02:10:00+00:00
[2024-07-31T17:01:21.567+0900] {standard_task_runner.py:64} INFO - Started process 21082 to run task
[2024-07-31T17:01:21.570+0900] {standard_task_runner.py:90} INFO - Running: ['airflow', 'tasks', 'run', 'movie', 'nation.f', 'scheduled__2024-07-30T02:10:00+00:00', '--job-id', '890', '--raw', '--subdir', 'DAGS_FOLDER/movie.py', '--cfg-path', '/var/folders/qv/0knwm5h50ml0skpppwpbks_r0000gp/T/tmpjvhfuwh2']
[2024-07-31T17:01:21.571+0900] {standard_task_runner.py:91} INFO - Job 890: Subtask nation.f
[2024-07-31T17:01:21.585+0900] {task_command.py:426} INFO - Running <TaskInstance: movie.nation.f scheduled__2024-07-30T02:10:00+00:00 [running]> on host jeongui-MacBookPro.local
[2024-07-31T17:01:21.605+0900] {taskinstance.py:2648} INFO - Exporting env vars: AIRFLOW_CTX_DAG_OWNER='airflow' AIRFLOW_CTX_DAG_ID='movie' AIRFLOW_CTX_TASK_ID='nation.f' AIRFLOW_CTX_EXECUTION_DATE='2024-07-30T02:10:00+00:00' AIRFLOW_CTX_TRY_NUMBER='1' AIRFLOW_CTX_DAG_RUN_ID='scheduled__2024-07-30T02:10:00+00:00'
[2024-07-31T17:01:21.606+0900] {taskinstance.py:430} INFO - ::endgroup::
[2024-07-31T17:01:21.611+0900] {baseoperator.py:400} WARNING - PythonVirtualenvOperator.execute cannot be called outside TaskInstance!
[2024-07-31T17:01:21.611+0900] {process_utils.py:183} INFO - Executing cmd: /Users/DE32/.pyenv/versions/3.11.9/envs/note/bin/python -m virtualenv /var/folders/qv/0knwm5h50ml0skpppwpbks_r0000gp/T/venvjh0dr16v --python=python
[2024-07-31T17:01:21.613+0900] {process_utils.py:187} INFO - Output:
[2024-07-31T17:01:21.790+0900] {process_utils.py:191} INFO - created virtual environment CPython3.11.9.final.0-64 in 116ms
[2024-07-31T17:01:21.790+0900] {process_utils.py:191} INFO -   creator CPython3Posix(dest=/private/var/folders/qv/0knwm5h50ml0skpppwpbks_r0000gp/T/venvjh0dr16v, clear=False, no_vcs_ignore=False, global=False)
[2024-07-31T17:01:21.791+0900] {process_utils.py:191} INFO -   seeder FromAppData(download=False, pip=bundle, setuptools=bundle, wheel=bundle, via=copy, app_data_dir=/Users/DE32/Library/Application Support/virtualenv)
[2024-07-31T17:01:21.791+0900] {process_utils.py:191} INFO -     added seed packages: pip==24.1.2, setuptools==70.2.0, wheel==0.43.0
[2024-07-31T17:01:21.791+0900] {process_utils.py:191} INFO -   activators BashActivator,CShellActivator,FishActivator,NushellActivator,PowerShellActivator,PythonActivator
[2024-07-31T17:01:21.802+0900] {process_utils.py:183} INFO - Executing cmd: /var/folders/qv/0knwm5h50ml0skpppwpbks_r0000gp/T/venvjh0dr16v/bin/pip install -r /var/folders/qv/0knwm5h50ml0skpppwpbks_r0000gp/T/venvjh0dr16v/requirements.txt
[2024-07-31T17:01:21.803+0900] {process_utils.py:187} INFO - Output:
[2024-07-31T17:01:22.547+0900] {process_utils.py:191} INFO - Collecting git+https://github.com/Jeonghoon2/movie.git@0.2/api (from -r /var/folders/qv/0knwm5h50ml0skpppwpbks_r0000gp/T/venvjh0dr16v/requirements.txt (line 1))
[2024-07-31T17:01:22.547+0900] {process_utils.py:191} INFO -   Cloning https://github.com/Jeonghoon2/movie.git (to revision 0.2/api) to /private/var/folders/qv/0knwm5h50ml0skpppwpbks_r0000gp/T/pip-req-build-7ehxh68v
[2024-07-31T17:01:22.559+0900] {process_utils.py:191} INFO -   Running command git clone --filter=blob:none --quiet https://github.com/Jeonghoon2/movie.git /private/var/folders/qv/0knwm5h50ml0skpppwpbks_r0000gp/T/pip-req-build-7ehxh68v
[2024-07-31T17:01:24.325+0900] {process_utils.py:191} INFO -   Running command git checkout -b 0.2/api --track origin/0.2/api
[2024-07-31T17:01:25.012+0900] {process_utils.py:191} INFO -   Switched to a new branch '0.2/api'
[2024-07-31T17:01:25.013+0900] {process_utils.py:191} INFO -   branch '0.2/api' set up to track 'origin/0.2/api'.
[2024-07-31T17:01:25.013+0900] {process_utils.py:191} INFO -   Resolved https://github.com/Jeonghoon2/movie.git to commit 34de3b5e993ea074744539373447116355ac95da
[2024-07-31T17:01:25.035+0900] {process_utils.py:191} INFO -   Installing build dependencies: started
[2024-07-31T17:01:25.921+0900] {process_utils.py:191} INFO -   Installing build dependencies: finished with status 'done'
[2024-07-31T17:01:25.922+0900] {process_utils.py:191} INFO -   Getting requirements to build wheel: started
[2024-07-31T17:01:26.044+0900] {process_utils.py:191} INFO -   Getting requirements to build wheel: finished with status 'done'
[2024-07-31T17:01:26.045+0900] {process_utils.py:191} INFO -   Preparing metadata (pyproject.toml): started
[2024-07-31T17:01:26.168+0900] {process_utils.py:191} INFO -   Preparing metadata (pyproject.toml): finished with status 'done'
[2024-07-31T17:01:26.231+0900] {process_utils.py:191} INFO - Collecting requests>=2.32.3 (from mov==0.1.0->-r /var/folders/qv/0knwm5h50ml0skpppwpbks_r0000gp/T/venvjh0dr16v/requirements.txt (line 1))
[2024-07-31T17:01:26.232+0900] {process_utils.py:191} INFO -   Using cached requests-2.32.3-py3-none-any.whl.metadata (4.6 kB)
[2024-07-31T17:01:26.297+0900] {process_utils.py:191} INFO - Collecting pandas>=2.2.2 (from mov==0.1.0->-r /var/folders/qv/0knwm5h50ml0skpppwpbks_r0000gp/T/venvjh0dr16v/requirements.txt (line 1))
[2024-07-31T17:01:26.298+0900] {process_utils.py:191} INFO -   Using cached pandas-2.2.2-cp311-cp311-macosx_11_0_arm64.whl.metadata (19 kB)
[2024-07-31T17:01:26.396+0900] {process_utils.py:191} INFO - Collecting numpy>=2.0.1 (from mov==0.1.0->-r /var/folders/qv/0knwm5h50ml0skpppwpbks_r0000gp/T/venvjh0dr16v/requirements.txt (line 1))
[2024-07-31T17:01:26.397+0900] {process_utils.py:191} INFO -   Using cached numpy-2.0.1-cp311-cp311-macosx_14_0_arm64.whl.metadata (60 kB)
[2024-07-31T17:01:26.445+0900] {process_utils.py:191} INFO - Collecting pyarrow>=17.0.0 (from mov==0.1.0->-r /var/folders/qv/0knwm5h50ml0skpppwpbks_r0000gp/T/venvjh0dr16v/requirements.txt (line 1))
[2024-07-31T17:01:26.446+0900] {process_utils.py:191} INFO -   Using cached pyarrow-17.0.0-cp311-cp311-macosx_11_0_arm64.whl.metadata (3.3 kB)
[2024-07-31T17:01:26.468+0900] {process_utils.py:191} INFO - Collecting python-dateutil>=2.8.2 (from pandas>=2.2.2->mov==0.1.0->-r /var/folders/qv/0knwm5h50ml0skpppwpbks_r0000gp/T/venvjh0dr16v/requirements.txt (line 1))
[2024-07-31T17:01:26.469+0900] {process_utils.py:191} INFO -   Using cached python_dateutil-2.9.0.post0-py2.py3-none-any.whl.metadata (8.4 kB)
[2024-07-31T17:01:26.497+0900] {process_utils.py:191} INFO - Collecting pytz>=2020.1 (from pandas>=2.2.2->mov==0.1.0->-r /var/folders/qv/0knwm5h50ml0skpppwpbks_r0000gp/T/venvjh0dr16v/requirements.txt (line 1))
[2024-07-31T17:01:26.498+0900] {process_utils.py:191} INFO -   Using cached pytz-2024.1-py2.py3-none-any.whl.metadata (22 kB)
[2024-07-31T17:01:26.512+0900] {process_utils.py:191} INFO - Collecting tzdata>=2022.7 (from pandas>=2.2.2->mov==0.1.0->-r /var/folders/qv/0knwm5h50ml0skpppwpbks_r0000gp/T/venvjh0dr16v/requirements.txt (line 1))
[2024-07-31T17:01:26.513+0900] {process_utils.py:191} INFO -   Using cached tzdata-2024.1-py2.py3-none-any.whl.metadata (1.4 kB)
[2024-07-31T17:01:26.556+0900] {process_utils.py:191} INFO - Collecting charset-normalizer<4,>=2 (from requests>=2.32.3->mov==0.1.0->-r /var/folders/qv/0knwm5h50ml0skpppwpbks_r0000gp/T/venvjh0dr16v/requirements.txt (line 1))
[2024-07-31T17:01:26.557+0900] {process_utils.py:191} INFO -   Using cached charset_normalizer-3.3.2-cp311-cp311-macosx_11_0_arm64.whl.metadata (33 kB)
[2024-07-31T17:01:26.577+0900] {process_utils.py:191} INFO - Collecting idna<4,>=2.5 (from requests>=2.32.3->mov==0.1.0->-r /var/folders/qv/0knwm5h50ml0skpppwpbks_r0000gp/T/venvjh0dr16v/requirements.txt (line 1))
[2024-07-31T17:01:26.578+0900] {process_utils.py:191} INFO -   Using cached idna-3.7-py3-none-any.whl.metadata (9.9 kB)
[2024-07-31T17:01:26.621+0900] {process_utils.py:191} INFO - Collecting urllib3<3,>=1.21.1 (from requests>=2.32.3->mov==0.1.0->-r /var/folders/qv/0knwm5h50ml0skpppwpbks_r0000gp/T/venvjh0dr16v/requirements.txt (line 1))
[2024-07-31T17:01:26.622+0900] {process_utils.py:191} INFO -   Using cached urllib3-2.2.2-py3-none-any.whl.metadata (6.4 kB)
[2024-07-31T17:01:26.641+0900] {process_utils.py:191} INFO - Collecting certifi>=2017.4.17 (from requests>=2.32.3->mov==0.1.0->-r /var/folders/qv/0knwm5h50ml0skpppwpbks_r0000gp/T/venvjh0dr16v/requirements.txt (line 1))
[2024-07-31T17:01:26.642+0900] {process_utils.py:191} INFO -   Using cached certifi-2024.7.4-py3-none-any.whl.metadata (2.2 kB)
[2024-07-31T17:01:26.668+0900] {process_utils.py:191} INFO - Collecting six>=1.5 (from python-dateutil>=2.8.2->pandas>=2.2.2->mov==0.1.0->-r /var/folders/qv/0knwm5h50ml0skpppwpbks_r0000gp/T/venvjh0dr16v/requirements.txt (line 1))
[2024-07-31T17:01:26.669+0900] {process_utils.py:191} INFO -   Using cached six-1.16.0-py2.py3-none-any.whl.metadata (1.8 kB)
[2024-07-31T17:01:26.672+0900] {process_utils.py:191} INFO - Using cached numpy-2.0.1-cp311-cp311-macosx_14_0_arm64.whl (5.3 MB)
[2024-07-31T17:01:26.678+0900] {process_utils.py:191} INFO - Using cached pandas-2.2.2-cp311-cp311-macosx_11_0_arm64.whl (11.3 MB)
[2024-07-31T17:01:26.690+0900] {process_utils.py:191} INFO - Using cached pyarrow-17.0.0-cp311-cp311-macosx_11_0_arm64.whl (27.2 MB)
[2024-07-31T17:01:26.716+0900] {process_utils.py:191} INFO - Using cached requests-2.32.3-py3-none-any.whl (64 kB)
[2024-07-31T17:01:26.717+0900] {process_utils.py:191} INFO - Using cached certifi-2024.7.4-py3-none-any.whl (162 kB)
[2024-07-31T17:01:26.718+0900] {process_utils.py:191} INFO - Using cached charset_normalizer-3.3.2-cp311-cp311-macosx_11_0_arm64.whl (118 kB)
[2024-07-31T17:01:26.718+0900] {process_utils.py:191} INFO - Using cached idna-3.7-py3-none-any.whl (66 kB)
[2024-07-31T17:01:26.719+0900] {process_utils.py:191} INFO - Using cached python_dateutil-2.9.0.post0-py2.py3-none-any.whl (229 kB)
[2024-07-31T17:01:26.720+0900] {process_utils.py:191} INFO - Using cached pytz-2024.1-py2.py3-none-any.whl (505 kB)
[2024-07-31T17:01:26.722+0900] {process_utils.py:191} INFO - Using cached tzdata-2024.1-py2.py3-none-any.whl (345 kB)
[2024-07-31T17:01:26.723+0900] {process_utils.py:191} INFO - Using cached urllib3-2.2.2-py3-none-any.whl (121 kB)
[2024-07-31T17:01:26.724+0900] {process_utils.py:191} INFO - Using cached six-1.16.0-py2.py3-none-any.whl (11 kB)
[2024-07-31T17:01:26.765+0900] {process_utils.py:191} INFO - Building wheels for collected packages: mov
[2024-07-31T17:01:26.778+0900] {process_utils.py:191} INFO -   Building wheel for mov (pyproject.toml): started
[2024-07-31T17:01:26.911+0900] {process_utils.py:191} INFO -   Building wheel for mov (pyproject.toml): finished with status 'done'
[2024-07-31T17:01:26.912+0900] {process_utils.py:191} INFO -   Created wheel for mov: filename=mov-0.1.0-py3-none-any.whl size=3035 sha256=8811797e7cfc72ec9bd069154547e6a44d865fc22bee719e3eb8812fdf49129b
[2024-07-31T17:01:26.912+0900] {process_utils.py:191} INFO -   Stored in directory: /private/var/folders/qv/0knwm5h50ml0skpppwpbks_r0000gp/T/pip-ephem-wheel-cache-wx4tf1yx/wheels/cf/ab/a7/d0c528d20fa8a5f19e169bdf1d98f2b2cefe79d8527bb89200
[2024-07-31T17:01:26.913+0900] {process_utils.py:191} INFO - Successfully built mov
[2024-07-31T17:01:26.941+0900] {process_utils.py:191} INFO - Installing collected packages: pytz, urllib3, tzdata, six, numpy, idna, charset-normalizer, certifi, requests, python-dateutil, pyarrow, pandas, mov
[2024-07-31T17:01:31.423+0900] {process_utils.py:191} INFO - Successfully installed certifi-2024.7.4 charset-normalizer-3.3.2 idna-3.7 mov-0.1.0 numpy-2.0.1 pandas-2.2.2 pyarrow-17.0.0 python-dateutil-2.9.0.post0 pytz-2024.1 requests-2.32.3 six-1.16.0 tzdata-2024.1 urllib3-2.2.2
[2024-07-31T17:01:31.426+0900] {process_utils.py:191} INFO - 
[2024-07-31T17:01:31.426+0900] {process_utils.py:191} INFO - [notice] A new release of pip is available: 24.1.2 -> 24.2
[2024-07-31T17:01:31.426+0900] {process_utils.py:191} INFO - [notice] To update, run: python -m pip install --upgrade pip
[2024-07-31T17:01:31.557+0900] {logging_mixin.py:188} WARNING - /Users/DE32/.pyenv/versions/3.11.9/envs/note/lib/python3.11/site-packages/airflow/utils/context.py:212 AirflowContextDeprecationWarning: Accessing 'next_ds' from the template is deprecated and will be removed in a future version. Please use '{{ data_interval_end | ds }}' instead.
[2024-07-31T17:01:31.557+0900] {logging_mixin.py:188} WARNING - /Users/DE32/.pyenv/versions/3.11.9/envs/note/lib/python3.11/site-packages/airflow/utils/context.py:212 AirflowContextDeprecationWarning: Accessing 'next_ds_nodash' from the template is deprecated and will be removed in a future version. Please use '{{ data_interval_end | ds_nodash }}' instead.
[2024-07-31T17:01:31.557+0900] {logging_mixin.py:188} WARNING - /Users/DE32/.pyenv/versions/3.11.9/envs/note/lib/python3.11/site-packages/airflow/utils/context.py:212 AirflowContextDeprecationWarning: Accessing 'prev_ds' from the template is deprecated and will be removed in a future version.
[2024-07-31T17:01:31.558+0900] {logging_mixin.py:188} WARNING - /Users/DE32/.pyenv/versions/3.11.9/envs/note/lib/python3.11/site-packages/airflow/utils/context.py:212 AirflowContextDeprecationWarning: Accessing 'prev_ds_nodash' from the template is deprecated and will be removed in a future version.
[2024-07-31T17:01:31.558+0900] {logging_mixin.py:188} WARNING - /Users/DE32/.pyenv/versions/3.11.9/envs/note/lib/python3.11/site-packages/airflow/utils/context.py:212 AirflowContextDeprecationWarning: Accessing 'tomorrow_ds' from the template is deprecated and will be removed in a future version.
[2024-07-31T17:01:31.559+0900] {logging_mixin.py:188} WARNING - /Users/DE32/.pyenv/versions/3.11.9/envs/note/lib/python3.11/site-packages/airflow/utils/context.py:212 AirflowContextDeprecationWarning: Accessing 'tomorrow_ds_nodash' from the template is deprecated and will be removed in a future version.
[2024-07-31T17:01:31.559+0900] {logging_mixin.py:188} WARNING - /Users/DE32/.pyenv/versions/3.11.9/envs/note/lib/python3.11/site-packages/airflow/utils/context.py:212 AirflowContextDeprecationWarning: Accessing 'yesterday_ds' from the template is deprecated and will be removed in a future version.
[2024-07-31T17:01:31.559+0900] {logging_mixin.py:188} WARNING - /Users/DE32/.pyenv/versions/3.11.9/envs/note/lib/python3.11/site-packages/airflow/utils/context.py:212 AirflowContextDeprecationWarning: Accessing 'yesterday_ds_nodash' from the template is deprecated and will be removed in a future version.
[2024-07-31T17:01:31.563+0900] {process_utils.py:183} INFO - Executing cmd: /var/folders/qv/0knwm5h50ml0skpppwpbks_r0000gp/T/venvjh0dr16v/bin/python /var/folders/qv/0knwm5h50ml0skpppwpbks_r0000gp/T/venv-calles6crfcy/script.py /var/folders/qv/0knwm5h50ml0skpppwpbks_r0000gp/T/venv-calles6crfcy/script.in /var/folders/qv/0knwm5h50ml0skpppwpbks_r0000gp/T/venv-calles6crfcy/script.out /var/folders/qv/0knwm5h50ml0skpppwpbks_r0000gp/T/venv-calles6crfcy/string_args.txt /var/folders/qv/0knwm5h50ml0skpppwpbks_r0000gp/T/venv-calles6crfcy/termination.log
[2024-07-31T17:01:31.565+0900] {process_utils.py:187} INFO - Output:
[2024-07-31T17:01:42.688+0900] {process_utils.py:191} INFO - {'boxOfficeResult': {'boxofficeType': '일별 박스오피스', 'showRange': '20120101~20120101', 'dailyBoxOfficeList': [{'rnum': '1', 'rank': '1', 'rankInten': '0', 'rankOldAndNew': 'OLD', 'movieCd': '20112207', 'movieNm': '미션임파서블:고스트프로토콜', 'openDt': '2011-12-15', 'salesAmt': '2776060500', 'salesShare': '50.9', 'salesInten': '-415699000', 'salesChange': '-13', 'salesAcc': '40541108500', 'audiCnt': '353274', 'audiInten': '-60106', 'audiChange': '-14.5', 'audiAcc': '5328435', 'scrnCnt': '697', 'showCnt': '3223'}, {'rnum': '2', 'rank': '2', 'rankInten': '0', 'rankOldAndNew': 'OLD', 'movieCd': '20112621', 'movieNm': '셜록홈즈 : 그림자 게임', 'openDt': '2011-12-21', 'salesAmt': '1176022500', 'salesShare': '21.6', 'salesInten': '-210328500', 'salesChange': '-15.2', 'salesAcc': '10678327500', 'audiCnt': '153004', 'audiInten': '-31283', 'audiChange': '-17', 'audiAcc': '1442861', 'scrnCnt': '360', 'showCnt': '1832'}, {'rnum': '3', 'rank': '3', 'rankInten': '0', 'rankOldAndNew': 'OLD', 'movieCd': '20113271', 'movieNm': '프렌즈: 몬스터섬의비밀 ', 'openDt': '2011-12-29', 'salesAmt': '436753500', 'salesShare': '8.0', 'salesInten': '-89051000', 'salesChange': '-16.9', 'salesAcc': '1523037000', 'audiCnt': '55092', 'audiInten': '-15568', 'audiChange': '-22', 'audiAcc': '202909', 'scrnCnt': '290', 'showCnt': '838'}, {'rnum': '4', 'rank': '4', 'rankInten': '0', 'rankOldAndNew': 'OLD', 'movieCd': '19940256', 'movieNm': '라이온 킹', 'openDt': '1994-07-02', 'salesAmt': '507115500', 'salesShare': '9.3', 'salesInten': '-114593500', 'salesChange': '-18.4', 'salesAcc': '1841625000', 'audiCnt': '45750', 'audiInten': '-11699', 'audiChange': '-20.4', 'audiAcc': '171285', 'scrnCnt': '244', 'showCnt': '895'}, {'rnum': '5', 'rank': '5', 'rankInten': '0', 'rankOldAndNew': 'OLD', 'movieCd': '20112709', 'movieNm': '극장판 포켓몬스터 베스트 위시「비크티니와 백의 영웅 레시라무」', 'openDt': '2011-12-22', 'salesAmt': '167809500', 'salesShare': '3.1', 'salesInten': '-45900500', 'salesChange': '-21.5', 'salesAcc': '1897120000', 'audiCnt': '24202', 'audiInten': '-7756', 'audiChange': '-24.3', 'audiAcc': '285959', 'scrnCnt': '186', 'showCnt': '348'}, {'rnum': '6', 'rank': '6', 'rankInten': '0', 'rankOldAndNew': 'OLD', 'movieCd': '20113311', 'movieNm': '앨빈과 슈퍼밴드3', 'openDt': '2011-12-15', 'salesAmt': '137030000', 'salesShare': '2.5', 'salesInten': '-35408000', 'salesChange': '-20.5', 'salesAcc': '3416675000', 'audiCnt': '19729', 'audiInten': '-6461', 'audiChange': '-24.7', 'audiAcc': '516289', 'scrnCnt': '169', 'showCnt': '359'}, {'rnum': '7', 'rank': '7', 'rankInten': '0', 'rankOldAndNew': 'OLD', 'movieCd': '20112708', 'movieNm': '극장판 포켓몬스터 베스트 위시 「비크티니와 흑의 영웅 제크로무」', 'openDt': '2011-12-22', 'salesAmt': '125535500', 'salesShare': '2.3', 'salesInten': '-40756000', 'salesChange': '-24.5', 'salesAcc': '1595695000', 'audiCnt': '17817', 'audiInten': '-6554', 'audiChange': '-26.9', 'audiAcc': '235070', 'scrnCnt': '175', 'showCnt': '291'}, {'rnum': '8', 'rank': '8', 'rankInten': '0', 'rankOldAndNew': 'OLD', 'movieCd': '20112542', 'movieNm': '틴틴 : 유니콘호의 비밀', 'openDt': '2011-12-07', 'salesAmt': '34852500', 'salesShare': '0.6', 'salesInten': '-6294500', 'salesChange': '-15.3', 'salesAcc': '6681381000', 'audiCnt': '4533', 'audiInten': '-1092', 'audiChange': '-19.4', 'audiAcc': '807789', 'scrnCnt': '56', 'showCnt': '85'}, {'rnum': '9', 'rank': '9', 'rankInten': '0', 'rankOldAndNew': 'OLD', 'movieCd': '20113471', 'movieNm': '오페라의 유령 : 25주년 특별 공연', 'openDt': ' ', 'salesAmt': '49801000', 'salesShare': '0.9', 'salesInten': '-3626000', 'salesChange': '-6.8', 'salesAcc': '634149000', 'audiCnt': '2528', 'audiInten': '-176', 'audiChange': '-6.5', 'audiAcc': '32383', 'scrnCnt': '23', 'showCnt': '27'}, {'rnum': '10', 'rank': '10', 'rankInten': '0', 'rankOldAndNew': 'OLD', 'movieCd': '20113473', 'movieNm': '진짜로 일어날지도 몰라 기적', 'openDt': '2011-12-22', 'salesAmt': '11717500', 'salesShare': '0.2', 'salesInten': '-4310000', 'salesChange': '-26.9', 'salesAcc': '124681500', 'audiCnt': '1405', 'audiInten': '-542', 'audiChange': '-27.8', 'audiAcc': '16328', 'scrnCnt': '17', 'showCnt': '31'}]}}
[2024-07-31T17:01:43.163+0900] {python.py:237} INFO - Done. Returned value was: None
[2024-07-31T17:01:43.163+0900] {taskinstance.py:441} INFO - ::group::Post task execution logs
[2024-07-31T17:01:43.167+0900] {taskinstance.py:1206} INFO - Marking task as SUCCESS. dag_id=movie, task_id=nation.f, run_id=scheduled__2024-07-30T02:10:00+00:00, execution_date=20240730T021000, start_date=20240731T080121, end_date=20240731T080143
[2024-07-31T17:01:43.213+0900] {local_task_job_runner.py:243} INFO - Task exited with return code 0
[2024-07-31T17:01:43.222+0900] {taskinstance.py:3503} INFO - 0 downstream tasks scheduled from follow-on schedule check
[2024-07-31T17:01:43.222+0900] {local_task_job_runner.py:222} INFO - ::endgroup::
