[2024-07-31T11:28:02.323+0900] {local_task_job_runner.py:120} INFO - ::group::Pre task execution logs
[2024-07-31T11:28:02.333+0900] {taskinstance.py:2076} INFO - Dependencies all met for dep_context=non-requeueable deps ti=<TaskInstance: movie.branch.op scheduled__2024-07-28T02:10:00+00:00 [queued]>
[2024-07-31T11:28:02.336+0900] {taskinstance.py:2076} INFO - Dependencies all met for dep_context=requeueable deps ti=<TaskInstance: movie.branch.op scheduled__2024-07-28T02:10:00+00:00 [queued]>
[2024-07-31T11:28:02.336+0900] {taskinstance.py:2306} INFO - Starting attempt 2 of 3
[2024-07-31T11:28:02.343+0900] {taskinstance.py:2330} INFO - Executing <Task(BranchPythonOperator): branch.op> on 2024-07-28 02:10:00+00:00
[2024-07-31T11:28:02.345+0900] {standard_task_runner.py:64} INFO - Started process 11051 to run task
[2024-07-31T11:28:02.348+0900] {standard_task_runner.py:90} INFO - Running: ['airflow', 'tasks', 'run', 'movie', 'branch.op', 'scheduled__2024-07-28T02:10:00+00:00', '--job-id', '754', '--raw', '--subdir', 'DAGS_FOLDER/movie.py', '--cfg-path', '/var/folders/qv/0knwm5h50ml0skpppwpbks_r0000gp/T/tmpzmxktlcq']
[2024-07-31T11:28:02.350+0900] {standard_task_runner.py:91} INFO - Job 754: Subtask branch.op
[2024-07-31T11:28:02.364+0900] {task_command.py:426} INFO - Running <TaskInstance: movie.branch.op scheduled__2024-07-28T02:10:00+00:00 [running]> on host jeongui-MacBookPro.local
[2024-07-31T11:28:02.386+0900] {taskinstance.py:2648} INFO - Exporting env vars: AIRFLOW_CTX_DAG_OWNER='airflow' AIRFLOW_CTX_DAG_ID='movie' AIRFLOW_CTX_TASK_ID='branch.op' AIRFLOW_CTX_EXECUTION_DATE='2024-07-28T02:10:00+00:00' AIRFLOW_CTX_TRY_NUMBER='2' AIRFLOW_CTX_DAG_RUN_ID='scheduled__2024-07-28T02:10:00+00:00'
[2024-07-31T11:28:02.387+0900] {taskinstance.py:430} INFO - ::endgroup::
[2024-07-31T11:28:02.392+0900] {baseoperator.py:400} WARNING - BranchPythonOperator.execute cannot be called outside TaskInstance!
[2024-07-31T11:28:02.392+0900] {python.py:237} INFO - Done. Returned value was: rm.dir
[2024-07-31T11:28:02.392+0900] {branch.py:36} INFO - Branch into rm.dir
[2024-07-31T11:28:02.392+0900] {skipmixin.py:178} INFO - Following branch rm.dir
[2024-07-31T11:28:02.395+0900] {skipmixin.py:246} INFO - Skipping tasks [('echo.task', -1)]
[2024-07-31T11:28:02.399+0900] {taskinstance.py:441} INFO - ::group::Post task execution logs
[2024-07-31T11:28:02.402+0900] {taskinstance.py:1206} INFO - Marking task as SUCCESS. dag_id=movie, task_id=branch.op, run_id=scheduled__2024-07-28T02:10:00+00:00, execution_date=20240728T021000, start_date=20240731T022802, end_date=20240731T022802
[2024-07-31T11:28:02.410+0900] {local_task_job_runner.py:243} INFO - Task exited with return code 0
[2024-07-31T11:28:02.421+0900] {taskinstance.py:3503} INFO - 1 downstream tasks scheduled from follow-on schedule check
[2024-07-31T11:28:02.421+0900] {local_task_job_runner.py:222} INFO - ::endgroup::
[2024-07-31T19:48:56.146+0900] {local_task_job_runner.py:120} INFO - ::group::Pre task execution logs
[2024-07-31T19:48:56.156+0900] {taskinstance.py:2076} INFO - Dependencies all met for dep_context=non-requeueable deps ti=<TaskInstance: movie.branch.op scheduled__2024-07-28T02:10:00+00:00 [queued]>
[2024-07-31T19:48:56.159+0900] {taskinstance.py:2076} INFO - Dependencies all met for dep_context=requeueable deps ti=<TaskInstance: movie.branch.op scheduled__2024-07-28T02:10:00+00:00 [queued]>
[2024-07-31T19:48:56.159+0900] {taskinstance.py:2306} INFO - Starting attempt 2 of 3
[2024-07-31T19:48:56.164+0900] {taskinstance.py:2330} INFO - Executing <Task(BranchPythonOperator): branch.op> on 2024-07-28 02:10:00+00:00
[2024-07-31T19:48:56.167+0900] {standard_task_runner.py:64} INFO - Started process 33161 to run task
[2024-07-31T19:48:56.169+0900] {standard_task_runner.py:90} INFO - Running: ['airflow', 'tasks', 'run', 'movie', 'branch.op', 'scheduled__2024-07-28T02:10:00+00:00', '--job-id', '971', '--raw', '--subdir', 'DAGS_FOLDER/movie.py', '--cfg-path', '/var/folders/qv/0knwm5h50ml0skpppwpbks_r0000gp/T/tmpb5gi0zee']
[2024-07-31T19:48:56.171+0900] {standard_task_runner.py:91} INFO - Job 971: Subtask branch.op
[2024-07-31T19:48:56.184+0900] {task_command.py:426} INFO - Running <TaskInstance: movie.branch.op scheduled__2024-07-28T02:10:00+00:00 [running]> on host jeongui-MacBookPro.local
[2024-07-31T19:48:56.206+0900] {taskinstance.py:2648} INFO - Exporting env vars: AIRFLOW_CTX_DAG_OWNER='airflow' AIRFLOW_CTX_DAG_ID='movie' AIRFLOW_CTX_TASK_ID='branch.op' AIRFLOW_CTX_EXECUTION_DATE='2024-07-28T02:10:00+00:00' AIRFLOW_CTX_TRY_NUMBER='2' AIRFLOW_CTX_DAG_RUN_ID='scheduled__2024-07-28T02:10:00+00:00'
[2024-07-31T19:48:56.206+0900] {taskinstance.py:430} INFO - ::endgroup::
[2024-07-31T19:48:56.211+0900] {baseoperator.py:400} WARNING - BranchPythonOperator.execute cannot be called outside TaskInstance!
[2024-07-31T19:48:56.212+0900] {python.py:237} INFO - Done. Returned value was: ('get.data', 'echo.task')
[2024-07-31T19:48:56.212+0900] {branch.py:36} INFO - Branch into ('get.data', 'echo.task')
[2024-07-31T19:48:56.212+0900] {skipmixin.py:178} INFO - Following branch ('get.data', 'echo.task')
[2024-07-31T19:48:56.214+0900] {skipmixin.py:246} INFO - Skipping tasks [('rm.dir', -1)]
[2024-07-31T19:48:56.218+0900] {taskinstance.py:441} INFO - ::group::Post task execution logs
[2024-07-31T19:48:56.222+0900] {taskinstance.py:1206} INFO - Marking task as SUCCESS. dag_id=movie, task_id=branch.op, run_id=scheduled__2024-07-28T02:10:00+00:00, execution_date=20240728T021000, start_date=20240731T104856, end_date=20240731T104856
[2024-07-31T19:48:56.231+0900] {local_task_job_runner.py:243} INFO - Task exited with return code 0
[2024-07-31T19:48:56.242+0900] {taskinstance.py:3503} INFO - 1 downstream tasks scheduled from follow-on schedule check
[2024-07-31T19:48:56.242+0900] {local_task_job_runner.py:222} INFO - ::endgroup::
