[2024-07-31T10:36:40.052+0900] {local_task_job_runner.py:120} INFO - ::group::Pre task execution logs
[2024-07-31T10:36:40.064+0900] {taskinstance.py:2076} INFO - Dependencies all met for dep_context=non-requeueable deps ti=<TaskInstance: movie.branch.op scheduled__2024-07-28T02:10:00+00:00 [queued]>
[2024-07-31T10:36:40.067+0900] {taskinstance.py:2076} INFO - Dependencies all met for dep_context=requeueable deps ti=<TaskInstance: movie.branch.op scheduled__2024-07-28T02:10:00+00:00 [queued]>
[2024-07-31T10:36:40.067+0900] {taskinstance.py:2306} INFO - Starting attempt 1 of 2
[2024-07-31T10:36:40.073+0900] {taskinstance.py:2330} INFO - Executing <Task(BranchPythonOperator): branch.op> on 2024-07-28 02:10:00+00:00
[2024-07-31T10:36:40.076+0900] {standard_task_runner.py:64} INFO - Started process 9574 to run task
[2024-07-31T10:36:40.079+0900] {standard_task_runner.py:90} INFO - Running: ['airflow', 'tasks', 'run', 'movie', 'branch.op', 'scheduled__2024-07-28T02:10:00+00:00', '--job-id', '707', '--raw', '--subdir', 'DAGS_FOLDER/movie.py', '--cfg-path', '/var/folders/qv/0knwm5h50ml0skpppwpbks_r0000gp/T/tmpgiz943mc']
[2024-07-31T10:36:40.081+0900] {standard_task_runner.py:91} INFO - Job 707: Subtask branch.op
[2024-07-31T10:36:40.095+0900] {task_command.py:426} INFO - Running <TaskInstance: movie.branch.op scheduled__2024-07-28T02:10:00+00:00 [running]> on host jeongui-MacBookPro.local
[2024-07-31T10:36:40.115+0900] {taskinstance.py:2648} INFO - Exporting env vars: AIRFLOW_CTX_DAG_OWNER='airflow' AIRFLOW_CTX_DAG_ID='movie' AIRFLOW_CTX_TASK_ID='branch.op' AIRFLOW_CTX_EXECUTION_DATE='2024-07-28T02:10:00+00:00' AIRFLOW_CTX_TRY_NUMBER='1' AIRFLOW_CTX_DAG_RUN_ID='scheduled__2024-07-28T02:10:00+00:00'
[2024-07-31T10:36:40.115+0900] {taskinstance.py:430} INFO - ::endgroup::
[2024-07-31T10:36:40.121+0900] {baseoperator.py:400} WARNING - BranchPythonOperator.execute cannot be called outside TaskInstance!
[2024-07-31T10:36:40.121+0900] {python.py:237} INFO - Done. Returned value was: rm.dir
[2024-07-31T10:36:40.121+0900] {branch.py:36} INFO - Branch into rm.dir
[2024-07-31T10:36:40.121+0900] {skipmixin.py:178} INFO - Following branch rm.dir
[2024-07-31T10:36:40.124+0900] {skipmixin.py:246} INFO - Skipping tasks [('echo.task', -1)]
[2024-07-31T10:36:40.128+0900] {taskinstance.py:441} INFO - ::group::Post task execution logs
[2024-07-31T10:36:40.131+0900] {taskinstance.py:1206} INFO - Marking task as SUCCESS. dag_id=movie, task_id=branch.op, run_id=scheduled__2024-07-28T02:10:00+00:00, execution_date=20240728T021000, start_date=20240731T013640, end_date=20240731T013640
[2024-07-31T10:36:40.147+0900] {local_task_job_runner.py:243} INFO - Task exited with return code 0
[2024-07-31T10:36:40.158+0900] {taskinstance.py:3503} INFO - 1 downstream tasks scheduled from follow-on schedule check
[2024-07-31T10:36:40.158+0900] {local_task_job_runner.py:222} INFO - ::endgroup::
[2024-07-31T16:40:29.511+0900] {local_task_job_runner.py:120} INFO - ::group::Pre task execution logs
[2024-07-31T16:40:29.523+0900] {taskinstance.py:2076} INFO - Dependencies all met for dep_context=non-requeueable deps ti=<TaskInstance: movie.branch.op scheduled__2024-07-28T02:10:00+00:00 [queued]>
[2024-07-31T16:40:29.525+0900] {taskinstance.py:2076} INFO - Dependencies all met for dep_context=requeueable deps ti=<TaskInstance: movie.branch.op scheduled__2024-07-28T02:10:00+00:00 [queued]>
[2024-07-31T16:40:29.526+0900] {taskinstance.py:2306} INFO - Starting attempt 1 of 2
[2024-07-31T16:40:29.532+0900] {taskinstance.py:2330} INFO - Executing <Task(BranchPythonOperator): branch.op> on 2024-07-28 02:10:00+00:00
[2024-07-31T16:40:29.535+0900] {standard_task_runner.py:64} INFO - Started process 19762 to run task
[2024-07-31T16:40:29.538+0900] {standard_task_runner.py:90} INFO - Running: ['airflow', 'tasks', 'run', 'movie', 'branch.op', 'scheduled__2024-07-28T02:10:00+00:00', '--job-id', '823', '--raw', '--subdir', 'DAGS_FOLDER/movie.py', '--cfg-path', '/var/folders/qv/0knwm5h50ml0skpppwpbks_r0000gp/T/tmpnkv2b_4a']
[2024-07-31T16:40:29.539+0900] {standard_task_runner.py:91} INFO - Job 823: Subtask branch.op
[2024-07-31T16:40:29.555+0900] {task_command.py:426} INFO - Running <TaskInstance: movie.branch.op scheduled__2024-07-28T02:10:00+00:00 [running]> on host jeongui-MacBookPro.local
[2024-07-31T16:40:29.574+0900] {taskinstance.py:2648} INFO - Exporting env vars: AIRFLOW_CTX_DAG_OWNER='airflow' AIRFLOW_CTX_DAG_ID='movie' AIRFLOW_CTX_TASK_ID='branch.op' AIRFLOW_CTX_EXECUTION_DATE='2024-07-28T02:10:00+00:00' AIRFLOW_CTX_TRY_NUMBER='1' AIRFLOW_CTX_DAG_RUN_ID='scheduled__2024-07-28T02:10:00+00:00'
[2024-07-31T16:40:29.575+0900] {taskinstance.py:430} INFO - ::endgroup::
[2024-07-31T16:40:29.579+0900] {baseoperator.py:400} WARNING - BranchPythonOperator.execute cannot be called outside TaskInstance!
[2024-07-31T16:40:29.580+0900] {python.py:237} INFO - Done. Returned value was: rm.dir
[2024-07-31T16:40:29.580+0900] {branch.py:36} INFO - Branch into rm.dir
[2024-07-31T16:40:29.580+0900] {skipmixin.py:178} INFO - Following branch rm.dir
[2024-07-31T16:40:29.584+0900] {skipmixin.py:246} INFO - Skipping tasks [('echo.task', -1)]
[2024-07-31T16:40:29.588+0900] {taskinstance.py:441} INFO - ::group::Post task execution logs
[2024-07-31T16:40:29.591+0900] {taskinstance.py:1206} INFO - Marking task as SUCCESS. dag_id=movie, task_id=branch.op, run_id=scheduled__2024-07-28T02:10:00+00:00, execution_date=20240728T021000, start_date=20240731T074029, end_date=20240731T074029
[2024-07-31T16:40:29.605+0900] {local_task_job_runner.py:243} INFO - Task exited with return code 0
[2024-07-31T16:40:29.616+0900] {taskinstance.py:3503} INFO - 1 downstream tasks scheduled from follow-on schedule check
[2024-07-31T16:40:29.617+0900] {local_task_job_runner.py:222} INFO - ::endgroup::
