[2024-07-24T14:07:50.143+0900] {local_task_job_runner.py:120} INFO - ::group::Pre task execution logs
[2024-07-24T14:07:50.151+0900] {taskinstance.py:2076} INFO - Dependencies all met for dep_context=non-requeueable deps ti=<TaskInstance: simple_bash.sort.log scheduled__2024-07-13T00:00:00+00:00 [queued]>
[2024-07-24T14:07:50.154+0900] {taskinstance.py:2076} INFO - Dependencies all met for dep_context=requeueable deps ti=<TaskInstance: simple_bash.sort.log scheduled__2024-07-13T00:00:00+00:00 [queued]>
[2024-07-24T14:07:50.155+0900] {taskinstance.py:2306} INFO - Starting attempt 1 of 2
[2024-07-24T14:07:50.160+0900] {taskinstance.py:2330} INFO - Executing <Task(BashOperator): sort.log> on 2024-07-13 00:00:00+00:00
[2024-07-24T14:07:50.163+0900] {standard_task_runner.py:64} INFO - Started process 89551 to run task
[2024-07-24T14:07:50.166+0900] {standard_task_runner.py:90} INFO - Running: ['airflow', 'tasks', 'run', 'simple_bash', 'sort.log', 'scheduled__2024-07-13T00:00:00+00:00', '--job-id', '18', '--raw', '--subdir', 'DAGS_FOLDER/simple_bash.py', '--cfg-path', '/var/folders/qv/0knwm5h50ml0skpppwpbks_r0000gp/T/tmpwzrphtin']
[2024-07-24T14:07:50.167+0900] {standard_task_runner.py:91} INFO - Job 18: Subtask sort.log
[2024-07-24T14:07:50.184+0900] {task_command.py:426} INFO - Running <TaskInstance: simple_bash.sort.log scheduled__2024-07-13T00:00:00+00:00 [running]> on host jeongui-MacBookPro.local
[2024-07-24T14:07:50.206+0900] {taskinstance.py:2648} INFO - Exporting env vars: AIRFLOW_CTX_DAG_OWNER='airflow' AIRFLOW_CTX_DAG_ID='simple_bash' AIRFLOW_CTX_TASK_ID='sort.log' AIRFLOW_CTX_EXECUTION_DATE='2024-07-13T00:00:00+00:00' AIRFLOW_CTX_TRY_NUMBER='1' AIRFLOW_CTX_DAG_RUN_ID='scheduled__2024-07-13T00:00:00+00:00'
[2024-07-24T14:07:50.207+0900] {taskinstance.py:430} INFO - ::endgroup::
[2024-07-24T14:07:50.213+0900] {subprocess.py:63} INFO - Tmp dir root location: /var/folders/qv/0knwm5h50ml0skpppwpbks_r0000gp/T
[2024-07-24T14:07:50.213+0900] {subprocess.py:75} INFO - Running command: ['/bin/bash', '-c', '\n            echo "sort"\n        ']
[2024-07-24T14:07:50.216+0900] {subprocess.py:86} INFO - Output:
[2024-07-24T14:07:50.218+0900] {subprocess.py:93} INFO - sort
[2024-07-24T14:07:50.218+0900] {subprocess.py:97} INFO - Command exited with return code 0
[2024-07-24T14:07:50.218+0900] {taskinstance.py:441} INFO - ::group::Post task execution logs
[2024-07-24T14:07:50.224+0900] {taskinstance.py:1206} INFO - Marking task as SUCCESS. dag_id=simple_bash, task_id=sort.log, run_id=scheduled__2024-07-13T00:00:00+00:00, execution_date=20240713T000000, start_date=20240724T050750, end_date=20240724T050750
[2024-07-24T14:07:50.272+0900] {local_task_job_runner.py:243} INFO - Task exited with return code 0
[2024-07-24T14:07:50.281+0900] {taskinstance.py:3503} INFO - 1 downstream tasks scheduled from follow-on schedule check
[2024-07-24T14:07:50.282+0900] {local_task_job_runner.py:222} INFO - ::endgroup::
[2024-07-24T14:20:02.141+0900] {local_task_job_runner.py:120} INFO - ::group::Pre task execution logs
[2024-07-24T14:20:02.148+0900] {taskinstance.py:2076} INFO - Dependencies all met for dep_context=non-requeueable deps ti=<TaskInstance: simple_bash.sort.log scheduled__2024-07-13T00:00:00+00:00 [queued]>
[2024-07-24T14:20:02.151+0900] {taskinstance.py:2076} INFO - Dependencies all met for dep_context=requeueable deps ti=<TaskInstance: simple_bash.sort.log scheduled__2024-07-13T00:00:00+00:00 [queued]>
[2024-07-24T14:20:02.151+0900] {taskinstance.py:2306} INFO - Starting attempt 1 of 1
[2024-07-24T14:20:02.155+0900] {taskinstance.py:2330} INFO - Executing <Task(BashOperator): sort.log> on 2024-07-13 00:00:00+00:00
[2024-07-24T14:20:02.158+0900] {standard_task_runner.py:64} INFO - Started process 90861 to run task
[2024-07-24T14:20:02.160+0900] {standard_task_runner.py:90} INFO - Running: ['airflow', 'tasks', 'run', 'simple_bash', 'sort.log', 'scheduled__2024-07-13T00:00:00+00:00', '--job-id', '114', '--raw', '--subdir', 'DAGS_FOLDER/simple_bash.py', '--cfg-path', '/var/folders/qv/0knwm5h50ml0skpppwpbks_r0000gp/T/tmppcbzlwun']
[2024-07-24T14:20:02.161+0900] {standard_task_runner.py:91} INFO - Job 114: Subtask sort.log
[2024-07-24T14:20:02.175+0900] {task_command.py:426} INFO - Running <TaskInstance: simple_bash.sort.log scheduled__2024-07-13T00:00:00+00:00 [running]> on host jeongui-MacBookPro.local
[2024-07-24T14:20:02.197+0900] {taskinstance.py:2648} INFO - Exporting env vars: AIRFLOW_CTX_DAG_OWNER='airflow' AIRFLOW_CTX_DAG_ID='simple_bash' AIRFLOW_CTX_TASK_ID='sort.log' AIRFLOW_CTX_EXECUTION_DATE='2024-07-13T00:00:00+00:00' AIRFLOW_CTX_TRY_NUMBER='1' AIRFLOW_CTX_DAG_RUN_ID='scheduled__2024-07-13T00:00:00+00:00'
[2024-07-24T14:20:02.198+0900] {taskinstance.py:430} INFO - ::endgroup::
[2024-07-24T14:20:02.204+0900] {subprocess.py:63} INFO - Tmp dir root location: /var/folders/qv/0knwm5h50ml0skpppwpbks_r0000gp/T
[2024-07-24T14:20:02.204+0900] {subprocess.py:75} INFO - Running command: ['/bin/bash', '-c', '\n            echo "sort"\n\t\t\tLANG=C\n\t\t\tmkdir -p ~/data/sort/20240713\n\t\t\tcat ~/data/cut/20240713/cut.log | sort > ~/data/sort/20240713/sort.log\n        ']
[2024-07-24T14:20:02.208+0900] {subprocess.py:86} INFO - Output:
[2024-07-24T14:20:02.209+0900] {subprocess.py:93} INFO - sort
[2024-07-24T14:20:02.212+0900] {subprocess.py:97} INFO - Command exited with return code 0
[2024-07-24T14:20:02.213+0900] {taskinstance.py:441} INFO - ::group::Post task execution logs
[2024-07-24T14:20:02.219+0900] {taskinstance.py:1206} INFO - Marking task as SUCCESS. dag_id=simple_bash, task_id=sort.log, run_id=scheduled__2024-07-13T00:00:00+00:00, execution_date=20240713T000000, start_date=20240724T052002, end_date=20240724T052002
[2024-07-24T14:20:02.267+0900] {local_task_job_runner.py:243} INFO - Task exited with return code 0
[2024-07-24T14:20:02.276+0900] {taskinstance.py:3503} INFO - 1 downstream tasks scheduled from follow-on schedule check
[2024-07-24T14:20:02.277+0900] {local_task_job_runner.py:222} INFO - ::endgroup::
