[2024-07-24T14:12:38.399+0900] {local_task_job_runner.py:120} INFO - ::group::Pre task execution logs
[2024-07-24T14:12:38.407+0900] {taskinstance.py:2076} INFO - Dependencies all met for dep_context=non-requeueable deps ti=<TaskInstance: simple_bash.print.date scheduled__2024-07-15T00:00:00+00:00 [queued]>
[2024-07-24T14:12:38.409+0900] {taskinstance.py:2076} INFO - Dependencies all met for dep_context=requeueable deps ti=<TaskInstance: simple_bash.print.date scheduled__2024-07-15T00:00:00+00:00 [queued]>
[2024-07-24T14:12:38.409+0900] {taskinstance.py:2306} INFO - Starting attempt 2 of 3
[2024-07-24T14:12:38.413+0900] {taskinstance.py:2330} INFO - Executing <Task(BashOperator): print.date> on 2024-07-15 00:00:00+00:00
[2024-07-24T14:12:38.415+0900] {standard_task_runner.py:64} INFO - Started process 89840 to run task
[2024-07-24T14:12:38.417+0900] {standard_task_runner.py:90} INFO - Running: ['airflow', 'tasks', 'run', 'simple_bash', 'print.date', 'scheduled__2024-07-15T00:00:00+00:00', '--job-id', '63', '--raw', '--subdir', 'DAGS_FOLDER/simple_bash.py', '--cfg-path', '/var/folders/qv/0knwm5h50ml0skpppwpbks_r0000gp/T/tmp979j127j']
[2024-07-24T14:12:38.419+0900] {standard_task_runner.py:91} INFO - Job 63: Subtask print.date
[2024-07-24T14:12:38.433+0900] {task_command.py:426} INFO - Running <TaskInstance: simple_bash.print.date scheduled__2024-07-15T00:00:00+00:00 [running]> on host jeongui-MacBookPro.local
[2024-07-24T14:12:38.449+0900] {logging_mixin.py:188} WARNING - /Users/DE32/.pyenv/versions/3.11.9/envs/note/lib/python3.11/site-packages/airflow/utils/context.py:212 AirflowContextDeprecationWarning: Accessing 'execution_date' from the template is deprecated and will be removed in a future version. Please use 'data_interval_start' or 'logical_date' instead.
[2024-07-24T14:12:38.450+0900] {logging_mixin.py:188} WARNING - /Users/DE32/.pyenv/versions/3.11.9/envs/note/lib/python3.11/site-packages/airflow/utils/context.py:212 AirflowContextDeprecationWarning: Accessing 'next_execution_date' from the template is deprecated and will be removed in a future version. Please use 'data_interval_end' instead.
[2024-07-24T14:12:38.450+0900] {logging_mixin.py:188} WARNING - /Users/DE32/.pyenv/versions/3.11.9/envs/note/lib/python3.11/site-packages/airflow/utils/context.py:212 AirflowContextDeprecationWarning: Accessing 'prev_execution_date' from the template is deprecated and will be removed in a future version.
[2024-07-24T14:12:38.457+0900] {taskinstance.py:2648} INFO - Exporting env vars: AIRFLOW_CTX_DAG_OWNER='airflow' AIRFLOW_CTX_DAG_ID='simple_bash' AIRFLOW_CTX_TASK_ID='print.date' AIRFLOW_CTX_EXECUTION_DATE='2024-07-15T00:00:00+00:00' AIRFLOW_CTX_TRY_NUMBER='2' AIRFLOW_CTX_DAG_RUN_ID='scheduled__2024-07-15T00:00:00+00:00'
[2024-07-24T14:12:38.457+0900] {taskinstance.py:430} INFO - ::endgroup::
[2024-07-24T14:12:38.463+0900] {subprocess.py:63} INFO - Tmp dir root location: /var/folders/qv/0knwm5h50ml0skpppwpbks_r0000gp/T
[2024-07-24T14:12:38.463+0900] {subprocess.py:75} INFO - Running command: ['/bin/bash', '-c', '\n            echo "date => `date`"\n            echo "ds => 2024-07-15"\n            echo "ds_nodash => 20240715"\n            echo "logical_date => 2024-07-15 00:00:00+00:00"\n            echo "logical_date => 2024-07-15 00:00:00"\n            echo "execution_date => 2024-07-15 00:00:00+00:00"\n            echo "execution_date => 2024-07-15 00:00:00"\n            echo "next_execution_date => 2024-07-16 00:00:00"\n            echo "prev_execution_date => 2024-07-14 00:00:00"\n            echo "ts => 2024-07-15T00:00:00+00:00"\n        ']
[2024-07-24T14:12:38.466+0900] {subprocess.py:86} INFO - Output:
[2024-07-24T14:12:38.470+0900] {subprocess.py:93} INFO - date => 2024년 7월 24일 수요일 14시 12분 38초 KST
[2024-07-24T14:12:38.470+0900] {subprocess.py:93} INFO - ds => 2024-07-15
[2024-07-24T14:12:38.470+0900] {subprocess.py:93} INFO - ds_nodash => 20240715
[2024-07-24T14:12:38.470+0900] {subprocess.py:93} INFO - logical_date => 2024-07-15 00:00:00+00:00
[2024-07-24T14:12:38.471+0900] {subprocess.py:93} INFO - logical_date => 2024-07-15 00:00:00
[2024-07-24T14:12:38.471+0900] {subprocess.py:93} INFO - execution_date => 2024-07-15 00:00:00+00:00
[2024-07-24T14:12:38.471+0900] {subprocess.py:93} INFO - execution_date => 2024-07-15 00:00:00
[2024-07-24T14:12:38.471+0900] {subprocess.py:93} INFO - next_execution_date => 2024-07-16 00:00:00
[2024-07-24T14:12:38.471+0900] {subprocess.py:93} INFO - prev_execution_date => 2024-07-14 00:00:00
[2024-07-24T14:12:38.471+0900] {subprocess.py:93} INFO - ts => 2024-07-15T00:00:00+00:00
[2024-07-24T14:12:38.471+0900] {subprocess.py:97} INFO - Command exited with return code 0
[2024-07-24T14:12:38.472+0900] {taskinstance.py:441} INFO - ::group::Post task execution logs
[2024-07-24T14:12:38.477+0900] {taskinstance.py:1206} INFO - Marking task as SUCCESS. dag_id=simple_bash, task_id=print.date, run_id=scheduled__2024-07-15T00:00:00+00:00, execution_date=20240715T000000, start_date=20240724T051238, end_date=20240724T051238
[2024-07-24T14:12:38.525+0900] {local_task_job_runner.py:243} INFO - Task exited with return code 0
[2024-07-24T14:12:38.535+0900] {taskinstance.py:3503} INFO - 1 downstream tasks scheduled from follow-on schedule check
[2024-07-24T14:12:38.535+0900] {local_task_job_runner.py:222} INFO - ::endgroup::
[2024-07-24T14:32:44.649+0900] {local_task_job_runner.py:120} INFO - ::group::Pre task execution logs
[2024-07-24T14:32:44.657+0900] {taskinstance.py:2076} INFO - Dependencies all met for dep_context=non-requeueable deps ti=<TaskInstance: simple_bash.print.date scheduled__2024-07-15T00:00:00+00:00 [queued]>
[2024-07-24T14:32:44.659+0900] {taskinstance.py:2076} INFO - Dependencies all met for dep_context=requeueable deps ti=<TaskInstance: simple_bash.print.date scheduled__2024-07-15T00:00:00+00:00 [queued]>
[2024-07-24T14:32:44.659+0900] {taskinstance.py:2306} INFO - Starting attempt 2 of 2
[2024-07-24T14:32:44.663+0900] {taskinstance.py:2330} INFO - Executing <Task(BashOperator): print.date> on 2024-07-15 00:00:00+00:00
[2024-07-24T14:32:44.666+0900] {standard_task_runner.py:64} INFO - Started process 92234 to run task
[2024-07-24T14:32:44.668+0900] {standard_task_runner.py:90} INFO - Running: ['airflow', 'tasks', 'run', 'simple_bash', 'print.date', 'scheduled__2024-07-15T00:00:00+00:00', '--job-id', '155', '--raw', '--subdir', 'DAGS_FOLDER/simple_bash.py', '--cfg-path', '/var/folders/qv/0knwm5h50ml0skpppwpbks_r0000gp/T/tmp52c6lt2f']
[2024-07-24T14:32:44.670+0900] {standard_task_runner.py:91} INFO - Job 155: Subtask print.date
[2024-07-24T14:32:44.683+0900] {task_command.py:426} INFO - Running <TaskInstance: simple_bash.print.date scheduled__2024-07-15T00:00:00+00:00 [running]> on host jeongui-MacBookPro.local
[2024-07-24T14:32:44.699+0900] {logging_mixin.py:188} WARNING - /Users/DE32/.pyenv/versions/3.11.9/envs/note/lib/python3.11/site-packages/airflow/utils/context.py:212 AirflowContextDeprecationWarning: Accessing 'execution_date' from the template is deprecated and will be removed in a future version. Please use 'data_interval_start' or 'logical_date' instead.
[2024-07-24T14:32:44.700+0900] {logging_mixin.py:188} WARNING - /Users/DE32/.pyenv/versions/3.11.9/envs/note/lib/python3.11/site-packages/airflow/utils/context.py:212 AirflowContextDeprecationWarning: Accessing 'next_execution_date' from the template is deprecated and will be removed in a future version. Please use 'data_interval_end' instead.
[2024-07-24T14:32:44.700+0900] {logging_mixin.py:188} WARNING - /Users/DE32/.pyenv/versions/3.11.9/envs/note/lib/python3.11/site-packages/airflow/utils/context.py:212 AirflowContextDeprecationWarning: Accessing 'prev_execution_date' from the template is deprecated and will be removed in a future version.
[2024-07-24T14:32:44.708+0900] {taskinstance.py:2648} INFO - Exporting env vars: AIRFLOW_CTX_DAG_OWNER='airflow' AIRFLOW_CTX_DAG_ID='simple_bash' AIRFLOW_CTX_TASK_ID='print.date' AIRFLOW_CTX_EXECUTION_DATE='2024-07-15T00:00:00+00:00' AIRFLOW_CTX_TRY_NUMBER='2' AIRFLOW_CTX_DAG_RUN_ID='scheduled__2024-07-15T00:00:00+00:00'
[2024-07-24T14:32:44.708+0900] {taskinstance.py:430} INFO - ::endgroup::
[2024-07-24T14:32:44.714+0900] {subprocess.py:63} INFO - Tmp dir root location: /var/folders/qv/0knwm5h50ml0skpppwpbks_r0000gp/T
[2024-07-24T14:32:44.714+0900] {subprocess.py:75} INFO - Running command: ['/bin/bash', '-c', '\n            echo "date => `date`"\n            echo "ds => 2024-07-15"\n            echo "ds_nodash => 20240715"\n            echo "logical_date => 2024-07-15 00:00:00+00:00"\n            echo "logical_date => 2024-07-15 00:00:00"\n            echo "execution_date => 2024-07-15 00:00:00+00:00"\n            echo "execution_date => 2024-07-15 00:00:00"\n            echo "next_execution_date => 2024-07-16 00:00:00"\n            echo "prev_execution_date => 2024-07-14 00:00:00"\n            echo "ts => 2024-07-15T00:00:00+00:00"\n        ']
[2024-07-24T14:32:44.717+0900] {subprocess.py:86} INFO - Output:
[2024-07-24T14:32:44.720+0900] {subprocess.py:93} INFO - date => 2024년 7월 24일 수요일 14시 32분 44초 KST
[2024-07-24T14:32:44.721+0900] {subprocess.py:93} INFO - ds => 2024-07-15
[2024-07-24T14:32:44.721+0900] {subprocess.py:93} INFO - ds_nodash => 20240715
[2024-07-24T14:32:44.721+0900] {subprocess.py:93} INFO - logical_date => 2024-07-15 00:00:00+00:00
[2024-07-24T14:32:44.721+0900] {subprocess.py:93} INFO - logical_date => 2024-07-15 00:00:00
[2024-07-24T14:32:44.721+0900] {subprocess.py:93} INFO - execution_date => 2024-07-15 00:00:00+00:00
[2024-07-24T14:32:44.721+0900] {subprocess.py:93} INFO - execution_date => 2024-07-15 00:00:00
[2024-07-24T14:32:44.721+0900] {subprocess.py:93} INFO - next_execution_date => 2024-07-16 00:00:00
[2024-07-24T14:32:44.722+0900] {subprocess.py:93} INFO - prev_execution_date => 2024-07-14 00:00:00
[2024-07-24T14:32:44.722+0900] {subprocess.py:93} INFO - ts => 2024-07-15T00:00:00+00:00
[2024-07-24T14:32:44.722+0900] {subprocess.py:97} INFO - Command exited with return code 0
[2024-07-24T14:32:44.722+0900] {taskinstance.py:441} INFO - ::group::Post task execution logs
[2024-07-24T14:32:44.728+0900] {taskinstance.py:1206} INFO - Marking task as SUCCESS. dag_id=simple_bash, task_id=print.date, run_id=scheduled__2024-07-15T00:00:00+00:00, execution_date=20240715T000000, start_date=20240724T053244, end_date=20240724T053244
[2024-07-24T14:32:44.775+0900] {local_task_job_runner.py:243} INFO - Task exited with return code 0
[2024-07-24T14:32:44.785+0900] {taskinstance.py:3503} INFO - 1 downstream tasks scheduled from follow-on schedule check
[2024-07-24T14:32:44.786+0900] {local_task_job_runner.py:222} INFO - ::endgroup::
