[2024-07-24T12:43:48.671+0900] {local_task_job_runner.py:120} INFO - ::group::Pre task execution logs
[2024-07-24T12:43:48.679+0900] {taskinstance.py:2076} INFO - Dependencies all met for dep_context=non-requeueable deps ti=<TaskInstance: simple_bash.print.date scheduled__2024-07-15T00:00:00+00:00 [queued]>
[2024-07-24T12:43:48.681+0900] {taskinstance.py:2076} INFO - Dependencies all met for dep_context=requeueable deps ti=<TaskInstance: simple_bash.print.date scheduled__2024-07-15T00:00:00+00:00 [queued]>
[2024-07-24T12:43:48.681+0900] {taskinstance.py:2306} INFO - Starting attempt 1 of 6
[2024-07-24T12:43:48.685+0900] {taskinstance.py:2330} INFO - Executing <Task(BashOperator): print.date> on 2024-07-15 00:00:00+00:00
[2024-07-24T12:43:48.687+0900] {standard_task_runner.py:64} INFO - Started process 88682 to run task
[2024-07-24T12:43:48.690+0900] {standard_task_runner.py:90} INFO - Running: ['airflow', 'tasks', 'run', 'simple_bash', 'print.date', 'scheduled__2024-07-15T00:00:00+00:00', '--job-id', '14', '--raw', '--subdir', 'DAGS_FOLDER/simple_bash.py', '--cfg-path', '/var/folders/qv/0knwm5h50ml0skpppwpbks_r0000gp/T/tmp88vv5sqd']
[2024-07-24T12:43:48.691+0900] {standard_task_runner.py:91} INFO - Job 14: Subtask print.date
[2024-07-24T12:43:48.705+0900] {task_command.py:426} INFO - Running <TaskInstance: simple_bash.print.date scheduled__2024-07-15T00:00:00+00:00 [running]> on host jeongui-MacBookPro.local
[2024-07-24T12:43:48.721+0900] {logging_mixin.py:188} WARNING - /Users/DE32/.pyenv/versions/3.11.9/envs/note/lib/python3.11/site-packages/airflow/utils/context.py:212 AirflowContextDeprecationWarning: Accessing 'execution_date' from the template is deprecated and will be removed in a future version. Please use 'data_interval_start' or 'logical_date' instead.
[2024-07-24T12:43:48.721+0900] {logging_mixin.py:188} WARNING - /Users/DE32/.pyenv/versions/3.11.9/envs/note/lib/python3.11/site-packages/airflow/utils/context.py:212 AirflowContextDeprecationWarning: Accessing 'next_execution_date' from the template is deprecated and will be removed in a future version. Please use 'data_interval_end' instead.
[2024-07-24T12:43:48.722+0900] {logging_mixin.py:188} WARNING - /Users/DE32/.pyenv/versions/3.11.9/envs/note/lib/python3.11/site-packages/airflow/utils/context.py:212 AirflowContextDeprecationWarning: Accessing 'prev_execution_date' from the template is deprecated and will be removed in a future version.
[2024-07-24T12:43:48.729+0900] {taskinstance.py:2648} INFO - Exporting env vars: AIRFLOW_CTX_DAG_OWNER='airflow' AIRFLOW_CTX_DAG_ID='simple_bash' AIRFLOW_CTX_TASK_ID='print.date' AIRFLOW_CTX_EXECUTION_DATE='2024-07-15T00:00:00+00:00' AIRFLOW_CTX_TRY_NUMBER='1' AIRFLOW_CTX_DAG_RUN_ID='scheduled__2024-07-15T00:00:00+00:00'
[2024-07-24T12:43:48.730+0900] {taskinstance.py:430} INFO - ::endgroup::
[2024-07-24T12:43:48.736+0900] {subprocess.py:63} INFO - Tmp dir root location: /var/folders/qv/0knwm5h50ml0skpppwpbks_r0000gp/T
[2024-07-24T12:43:48.736+0900] {subprocess.py:75} INFO - Running command: ['/bin/bash', '-c', '\n            echo "date => `date`"\n            echo "ds => 2024-07-15"\n            echo "ds_nodash => 20240715"\n            echo "logical_date => 2024-07-15 00:00:00+00:00"\n            echo "logical_date => 2024-07-15 00:00:00"\n            echo "execution_date => 2024-07-15 00:00:00+00:00"\n            echo "execution_date => 2024-07-15 00:00:00"\n            echo "next_execution_date => 2024-07-16 00:00:00"\n            echo "prev_execution_date => 2024-07-14 00:00:00"\n            echo "ts => 2024-07-15T00:00:00+00:00"\n        ']
[2024-07-24T12:43:48.739+0900] {subprocess.py:86} INFO - Output:
[2024-07-24T12:43:48.743+0900] {subprocess.py:93} INFO - date => 2024년 7월 24일 수요일 12시 43분 48초 KST
[2024-07-24T12:43:48.743+0900] {subprocess.py:93} INFO - ds => 2024-07-15
[2024-07-24T12:43:48.743+0900] {subprocess.py:93} INFO - ds_nodash => 20240715
[2024-07-24T12:43:48.743+0900] {subprocess.py:93} INFO - logical_date => 2024-07-15 00:00:00+00:00
[2024-07-24T12:43:48.743+0900] {subprocess.py:93} INFO - logical_date => 2024-07-15 00:00:00
[2024-07-24T12:43:48.744+0900] {subprocess.py:93} INFO - execution_date => 2024-07-15 00:00:00+00:00
[2024-07-24T12:43:48.744+0900] {subprocess.py:93} INFO - execution_date => 2024-07-15 00:00:00
[2024-07-24T12:43:48.744+0900] {subprocess.py:93} INFO - next_execution_date => 2024-07-16 00:00:00
[2024-07-24T12:43:48.744+0900] {subprocess.py:93} INFO - prev_execution_date => 2024-07-14 00:00:00
[2024-07-24T12:43:48.744+0900] {subprocess.py:93} INFO - ts => 2024-07-15T00:00:00+00:00
[2024-07-24T12:43:48.744+0900] {subprocess.py:97} INFO - Command exited with return code 0
[2024-07-24T12:43:48.745+0900] {taskinstance.py:441} INFO - ::group::Post task execution logs
[2024-07-24T12:43:48.751+0900] {taskinstance.py:1206} INFO - Marking task as SUCCESS. dag_id=simple_bash, task_id=print.date, run_id=scheduled__2024-07-15T00:00:00+00:00, execution_date=20240715T000000, start_date=20240724T034348, end_date=20240724T034348
[2024-07-24T12:43:48.797+0900] {local_task_job_runner.py:243} INFO - Task exited with return code 0
[2024-07-24T12:43:48.808+0900] {taskinstance.py:3503} INFO - 1 downstream tasks scheduled from follow-on schedule check
[2024-07-24T12:43:48.808+0900] {local_task_job_runner.py:222} INFO - ::endgroup::
[2024-07-24T14:07:08.761+0900] {local_task_job_runner.py:120} INFO - ::group::Pre task execution logs
[2024-07-24T14:07:08.769+0900] {taskinstance.py:2076} INFO - Dependencies all met for dep_context=non-requeueable deps ti=<TaskInstance: simple_bash.print.date scheduled__2024-07-15T00:00:00+00:00 [queued]>
[2024-07-24T14:07:08.772+0900] {taskinstance.py:2076} INFO - Dependencies all met for dep_context=requeueable deps ti=<TaskInstance: simple_bash.print.date scheduled__2024-07-15T00:00:00+00:00 [queued]>
[2024-07-24T14:07:08.772+0900] {taskinstance.py:2306} INFO - Starting attempt 1 of 2
[2024-07-24T14:07:08.776+0900] {taskinstance.py:2330} INFO - Executing <Task(BashOperator): print.date> on 2024-07-15 00:00:00+00:00
[2024-07-24T14:07:08.779+0900] {standard_task_runner.py:64} INFO - Started process 89464 to run task
[2024-07-24T14:07:08.781+0900] {standard_task_runner.py:90} INFO - Running: ['airflow', 'tasks', 'run', 'simple_bash', 'print.date', 'scheduled__2024-07-15T00:00:00+00:00', '--job-id', '11', '--raw', '--subdir', 'DAGS_FOLDER/simple_bash.py', '--cfg-path', '/var/folders/qv/0knwm5h50ml0skpppwpbks_r0000gp/T/tmpjsqeyu49']
[2024-07-24T14:07:08.783+0900] {standard_task_runner.py:91} INFO - Job 11: Subtask print.date
[2024-07-24T14:07:08.797+0900] {task_command.py:426} INFO - Running <TaskInstance: simple_bash.print.date scheduled__2024-07-15T00:00:00+00:00 [running]> on host jeongui-MacBookPro.local
[2024-07-24T14:07:08.814+0900] {logging_mixin.py:188} WARNING - /Users/DE32/.pyenv/versions/3.11.9/envs/note/lib/python3.11/site-packages/airflow/utils/context.py:212 AirflowContextDeprecationWarning: Accessing 'execution_date' from the template is deprecated and will be removed in a future version. Please use 'data_interval_start' or 'logical_date' instead.
[2024-07-24T14:07:08.814+0900] {logging_mixin.py:188} WARNING - /Users/DE32/.pyenv/versions/3.11.9/envs/note/lib/python3.11/site-packages/airflow/utils/context.py:212 AirflowContextDeprecationWarning: Accessing 'next_execution_date' from the template is deprecated and will be removed in a future version. Please use 'data_interval_end' instead.
[2024-07-24T14:07:08.815+0900] {logging_mixin.py:188} WARNING - /Users/DE32/.pyenv/versions/3.11.9/envs/note/lib/python3.11/site-packages/airflow/utils/context.py:212 AirflowContextDeprecationWarning: Accessing 'prev_execution_date' from the template is deprecated and will be removed in a future version.
[2024-07-24T14:07:08.822+0900] {taskinstance.py:2648} INFO - Exporting env vars: AIRFLOW_CTX_DAG_OWNER='airflow' AIRFLOW_CTX_DAG_ID='simple_bash' AIRFLOW_CTX_TASK_ID='print.date' AIRFLOW_CTX_EXECUTION_DATE='2024-07-15T00:00:00+00:00' AIRFLOW_CTX_TRY_NUMBER='1' AIRFLOW_CTX_DAG_RUN_ID='scheduled__2024-07-15T00:00:00+00:00'
[2024-07-24T14:07:08.823+0900] {taskinstance.py:430} INFO - ::endgroup::
[2024-07-24T14:07:08.829+0900] {subprocess.py:63} INFO - Tmp dir root location: /var/folders/qv/0knwm5h50ml0skpppwpbks_r0000gp/T
[2024-07-24T14:07:08.829+0900] {subprocess.py:75} INFO - Running command: ['/bin/bash', '-c', '\n            echo "date => `date`"\n            echo "ds => 2024-07-15"\n            echo "ds_nodash => 20240715"\n            echo "logical_date => 2024-07-15 00:00:00+00:00"\n            echo "logical_date => 2024-07-15 00:00:00"\n            echo "execution_date => 2024-07-15 00:00:00+00:00"\n            echo "execution_date => 2024-07-15 00:00:00"\n            echo "next_execution_date => 2024-07-16 00:00:00"\n            echo "prev_execution_date => 2024-07-14 00:00:00"\n            echo "ts => 2024-07-15T00:00:00+00:00"\n        ']
[2024-07-24T14:07:08.832+0900] {subprocess.py:86} INFO - Output:
[2024-07-24T14:07:08.835+0900] {subprocess.py:93} INFO - date => 2024년 7월 24일 수요일 14시 07분 08초 KST
[2024-07-24T14:07:08.836+0900] {subprocess.py:93} INFO - ds => 2024-07-15
[2024-07-24T14:07:08.836+0900] {subprocess.py:93} INFO - ds_nodash => 20240715
[2024-07-24T14:07:08.836+0900] {subprocess.py:93} INFO - logical_date => 2024-07-15 00:00:00+00:00
[2024-07-24T14:07:08.836+0900] {subprocess.py:93} INFO - logical_date => 2024-07-15 00:00:00
[2024-07-24T14:07:08.836+0900] {subprocess.py:93} INFO - execution_date => 2024-07-15 00:00:00+00:00
[2024-07-24T14:07:08.836+0900] {subprocess.py:93} INFO - execution_date => 2024-07-15 00:00:00
[2024-07-24T14:07:08.837+0900] {subprocess.py:93} INFO - next_execution_date => 2024-07-16 00:00:00
[2024-07-24T14:07:08.837+0900] {subprocess.py:93} INFO - prev_execution_date => 2024-07-14 00:00:00
[2024-07-24T14:07:08.837+0900] {subprocess.py:93} INFO - ts => 2024-07-15T00:00:00+00:00
[2024-07-24T14:07:08.837+0900] {subprocess.py:97} INFO - Command exited with return code 0
[2024-07-24T14:07:08.837+0900] {taskinstance.py:441} INFO - ::group::Post task execution logs
[2024-07-24T14:07:08.844+0900] {taskinstance.py:1206} INFO - Marking task as SUCCESS. dag_id=simple_bash, task_id=print.date, run_id=scheduled__2024-07-15T00:00:00+00:00, execution_date=20240715T000000, start_date=20240724T050708, end_date=20240724T050708
[2024-07-24T14:07:08.886+0900] {local_task_job_runner.py:243} INFO - Task exited with return code 0
[2024-07-24T14:07:08.896+0900] {taskinstance.py:3503} INFO - 1 downstream tasks scheduled from follow-on schedule check
[2024-07-24T14:07:08.896+0900] {local_task_job_runner.py:222} INFO - ::endgroup::
[2024-07-24T14:19:20.790+0900] {local_task_job_runner.py:120} INFO - ::group::Pre task execution logs
[2024-07-24T14:19:20.798+0900] {taskinstance.py:2076} INFO - Dependencies all met for dep_context=non-requeueable deps ti=<TaskInstance: simple_bash.print.date scheduled__2024-07-15T00:00:00+00:00 [queued]>
[2024-07-24T14:19:20.800+0900] {taskinstance.py:2076} INFO - Dependencies all met for dep_context=requeueable deps ti=<TaskInstance: simple_bash.print.date scheduled__2024-07-15T00:00:00+00:00 [queued]>
[2024-07-24T14:19:20.800+0900] {taskinstance.py:2306} INFO - Starting attempt 1 of 1
[2024-07-24T14:19:20.804+0900] {taskinstance.py:2330} INFO - Executing <Task(BashOperator): print.date> on 2024-07-15 00:00:00+00:00
[2024-07-24T14:19:20.807+0900] {standard_task_runner.py:64} INFO - Started process 90608 to run task
[2024-07-24T14:19:20.809+0900] {standard_task_runner.py:90} INFO - Running: ['airflow', 'tasks', 'run', 'simple_bash', 'print.date', 'scheduled__2024-07-15T00:00:00+00:00', '--job-id', '107', '--raw', '--subdir', 'DAGS_FOLDER/simple_bash.py', '--cfg-path', '/var/folders/qv/0knwm5h50ml0skpppwpbks_r0000gp/T/tmptf7nzb_4']
[2024-07-24T14:19:20.810+0900] {standard_task_runner.py:91} INFO - Job 107: Subtask print.date
[2024-07-24T14:19:20.824+0900] {task_command.py:426} INFO - Running <TaskInstance: simple_bash.print.date scheduled__2024-07-15T00:00:00+00:00 [running]> on host jeongui-MacBookPro.local
[2024-07-24T14:19:20.841+0900] {logging_mixin.py:188} WARNING - /Users/DE32/.pyenv/versions/3.11.9/envs/note/lib/python3.11/site-packages/airflow/utils/context.py:212 AirflowContextDeprecationWarning: Accessing 'execution_date' from the template is deprecated and will be removed in a future version. Please use 'data_interval_start' or 'logical_date' instead.
[2024-07-24T14:19:20.841+0900] {logging_mixin.py:188} WARNING - /Users/DE32/.pyenv/versions/3.11.9/envs/note/lib/python3.11/site-packages/airflow/utils/context.py:212 AirflowContextDeprecationWarning: Accessing 'next_execution_date' from the template is deprecated and will be removed in a future version. Please use 'data_interval_end' instead.
[2024-07-24T14:19:20.842+0900] {logging_mixin.py:188} WARNING - /Users/DE32/.pyenv/versions/3.11.9/envs/note/lib/python3.11/site-packages/airflow/utils/context.py:212 AirflowContextDeprecationWarning: Accessing 'prev_execution_date' from the template is deprecated and will be removed in a future version.
[2024-07-24T14:19:20.850+0900] {taskinstance.py:2648} INFO - Exporting env vars: AIRFLOW_CTX_DAG_OWNER='airflow' AIRFLOW_CTX_DAG_ID='simple_bash' AIRFLOW_CTX_TASK_ID='print.date' AIRFLOW_CTX_EXECUTION_DATE='2024-07-15T00:00:00+00:00' AIRFLOW_CTX_TRY_NUMBER='1' AIRFLOW_CTX_DAG_RUN_ID='scheduled__2024-07-15T00:00:00+00:00'
[2024-07-24T14:19:20.850+0900] {taskinstance.py:430} INFO - ::endgroup::
[2024-07-24T14:19:20.857+0900] {subprocess.py:63} INFO - Tmp dir root location: /var/folders/qv/0knwm5h50ml0skpppwpbks_r0000gp/T
[2024-07-24T14:19:20.857+0900] {subprocess.py:75} INFO - Running command: ['/bin/bash', '-c', '\n            echo "date => `date`"\n            echo "ds => 2024-07-15"\n            echo "ds_nodash => 20240715"\n            echo "logical_date => 2024-07-15 00:00:00+00:00"\n            echo "logical_date => 2024-07-15 00:00:00"\n            echo "execution_date => 2024-07-15 00:00:00+00:00"\n            echo "execution_date => 2024-07-15 00:00:00"\n            echo "next_execution_date => 2024-07-16 00:00:00"\n            echo "prev_execution_date => 2024-07-14 00:00:00"\n            echo "ts => 2024-07-15T00:00:00+00:00"\n        ']
[2024-07-24T14:19:20.860+0900] {subprocess.py:86} INFO - Output:
[2024-07-24T14:19:20.863+0900] {subprocess.py:93} INFO - date => 2024년 7월 24일 수요일 14시 19분 20초 KST
[2024-07-24T14:19:20.864+0900] {subprocess.py:93} INFO - ds => 2024-07-15
[2024-07-24T14:19:20.864+0900] {subprocess.py:93} INFO - ds_nodash => 20240715
[2024-07-24T14:19:20.864+0900] {subprocess.py:93} INFO - logical_date => 2024-07-15 00:00:00+00:00
[2024-07-24T14:19:20.864+0900] {subprocess.py:93} INFO - logical_date => 2024-07-15 00:00:00
[2024-07-24T14:19:20.864+0900] {subprocess.py:93} INFO - execution_date => 2024-07-15 00:00:00+00:00
[2024-07-24T14:19:20.864+0900] {subprocess.py:93} INFO - execution_date => 2024-07-15 00:00:00
[2024-07-24T14:19:20.864+0900] {subprocess.py:93} INFO - next_execution_date => 2024-07-16 00:00:00
[2024-07-24T14:19:20.865+0900] {subprocess.py:93} INFO - prev_execution_date => 2024-07-14 00:00:00
[2024-07-24T14:19:20.865+0900] {subprocess.py:93} INFO - ts => 2024-07-15T00:00:00+00:00
[2024-07-24T14:19:20.865+0900] {subprocess.py:97} INFO - Command exited with return code 0
[2024-07-24T14:19:20.865+0900] {taskinstance.py:441} INFO - ::group::Post task execution logs
[2024-07-24T14:19:20.871+0900] {taskinstance.py:1206} INFO - Marking task as SUCCESS. dag_id=simple_bash, task_id=print.date, run_id=scheduled__2024-07-15T00:00:00+00:00, execution_date=20240715T000000, start_date=20240724T051920, end_date=20240724T051920
[2024-07-24T14:19:20.916+0900] {local_task_job_runner.py:243} INFO - Task exited with return code 0
[2024-07-24T14:19:20.926+0900] {taskinstance.py:3503} INFO - 1 downstream tasks scheduled from follow-on schedule check
[2024-07-24T14:19:20.926+0900] {local_task_job_runner.py:222} INFO - ::endgroup::
