[2024-07-24T14:13:57.027+0900] {local_task_job_runner.py:120} INFO - ::group::Pre task execution logs
[2024-07-24T14:13:57.034+0900] {taskinstance.py:2076} INFO - Dependencies all met for dep_context=non-requeueable deps ti=<TaskInstance: simple_bash.copy.log scheduled__2024-07-16T00:00:00+00:00 [queued]>
[2024-07-24T14:13:57.037+0900] {taskinstance.py:2076} INFO - Dependencies all met for dep_context=requeueable deps ti=<TaskInstance: simple_bash.copy.log scheduled__2024-07-16T00:00:00+00:00 [queued]>
[2024-07-24T14:13:57.037+0900] {taskinstance.py:2306} INFO - Starting attempt 2 of 3
[2024-07-24T14:13:57.041+0900] {taskinstance.py:2330} INFO - Executing <Task(BashOperator): copy.log> on 2024-07-16 00:00:00+00:00
[2024-07-24T14:13:57.043+0900] {standard_task_runner.py:64} INFO - Started process 89928 to run task
[2024-07-24T14:13:57.045+0900] {standard_task_runner.py:90} INFO - Running: ['airflow', 'tasks', 'run', 'simple_bash', 'copy.log', 'scheduled__2024-07-16T00:00:00+00:00', '--job-id', '76', '--raw', '--subdir', 'DAGS_FOLDER/simple_bash.py', '--cfg-path', '/var/folders/qv/0knwm5h50ml0skpppwpbks_r0000gp/T/tmp6wva51ny']
[2024-07-24T14:13:57.047+0900] {standard_task_runner.py:91} INFO - Job 76: Subtask copy.log
[2024-07-24T14:13:57.060+0900] {task_command.py:426} INFO - Running <TaskInstance: simple_bash.copy.log scheduled__2024-07-16T00:00:00+00:00 [running]> on host jeongui-MacBookPro.local
[2024-07-24T14:13:57.081+0900] {taskinstance.py:2648} INFO - Exporting env vars: AIRFLOW_CTX_DAG_OWNER='airflow' AIRFLOW_CTX_DAG_ID='simple_bash' AIRFLOW_CTX_TASK_ID='copy.log' AIRFLOW_CTX_EXECUTION_DATE='2024-07-16T00:00:00+00:00' AIRFLOW_CTX_TRY_NUMBER='2' AIRFLOW_CTX_DAG_RUN_ID='scheduled__2024-07-16T00:00:00+00:00'
[2024-07-24T14:13:57.082+0900] {taskinstance.py:430} INFO - ::endgroup::
[2024-07-24T14:13:57.087+0900] {subprocess.py:63} INFO - Tmp dir root location: /var/folders/qv/0knwm5h50ml0skpppwpbks_r0000gp/T
[2024-07-24T14:13:57.088+0900] {subprocess.py:75} INFO - Running command: ['/bin/bash', '-c', '\n            mkdir -p ~/data/20240716\n            cp ~/logs/history_20240716*.log ~/data/20240716/\n        ']
[2024-07-24T14:13:57.091+0900] {subprocess.py:86} INFO - Output:
[2024-07-24T14:13:57.099+0900] {subprocess.py:97} INFO - Command exited with return code 0
[2024-07-24T14:13:57.099+0900] {taskinstance.py:441} INFO - ::group::Post task execution logs
[2024-07-24T14:13:57.105+0900] {taskinstance.py:1206} INFO - Marking task as SUCCESS. dag_id=simple_bash, task_id=copy.log, run_id=scheduled__2024-07-16T00:00:00+00:00, execution_date=20240716T000000, start_date=20240724T051357, end_date=20240724T051357
[2024-07-24T14:13:57.151+0900] {local_task_job_runner.py:243} INFO - Task exited with return code 0
[2024-07-24T14:13:57.161+0900] {taskinstance.py:3503} INFO - 1 downstream tasks scheduled from follow-on schedule check
[2024-07-24T14:13:57.162+0900] {local_task_job_runner.py:222} INFO - ::endgroup::
[2024-07-24T14:34:02.989+0900] {local_task_job_runner.py:120} INFO - ::group::Pre task execution logs
[2024-07-24T14:34:02.997+0900] {taskinstance.py:2076} INFO - Dependencies all met for dep_context=non-requeueable deps ti=<TaskInstance: simple_bash.copy.log scheduled__2024-07-16T00:00:00+00:00 [queued]>
[2024-07-24T14:34:02.999+0900] {taskinstance.py:2076} INFO - Dependencies all met for dep_context=requeueable deps ti=<TaskInstance: simple_bash.copy.log scheduled__2024-07-16T00:00:00+00:00 [queued]>
[2024-07-24T14:34:02.999+0900] {taskinstance.py:2306} INFO - Starting attempt 2 of 2
[2024-07-24T14:34:03.003+0900] {taskinstance.py:2330} INFO - Executing <Task(BashOperator): copy.log> on 2024-07-16 00:00:00+00:00
[2024-07-24T14:34:03.005+0900] {standard_task_runner.py:64} INFO - Started process 92310 to run task
[2024-07-24T14:34:03.008+0900] {standard_task_runner.py:90} INFO - Running: ['airflow', 'tasks', 'run', 'simple_bash', 'copy.log', 'scheduled__2024-07-16T00:00:00+00:00', '--job-id', '168', '--raw', '--subdir', 'DAGS_FOLDER/simple_bash.py', '--cfg-path', '/var/folders/qv/0knwm5h50ml0skpppwpbks_r0000gp/T/tmpebbul76u']
[2024-07-24T14:34:03.009+0900] {standard_task_runner.py:91} INFO - Job 168: Subtask copy.log
[2024-07-24T14:34:03.022+0900] {task_command.py:426} INFO - Running <TaskInstance: simple_bash.copy.log scheduled__2024-07-16T00:00:00+00:00 [running]> on host jeongui-MacBookPro.local
[2024-07-24T14:34:03.043+0900] {taskinstance.py:2648} INFO - Exporting env vars: AIRFLOW_CTX_DAG_OWNER='airflow' AIRFLOW_CTX_DAG_ID='simple_bash' AIRFLOW_CTX_TASK_ID='copy.log' AIRFLOW_CTX_EXECUTION_DATE='2024-07-16T00:00:00+00:00' AIRFLOW_CTX_TRY_NUMBER='2' AIRFLOW_CTX_DAG_RUN_ID='scheduled__2024-07-16T00:00:00+00:00'
[2024-07-24T14:34:03.044+0900] {taskinstance.py:430} INFO - ::endgroup::
[2024-07-24T14:34:03.049+0900] {subprocess.py:63} INFO - Tmp dir root location: /var/folders/qv/0knwm5h50ml0skpppwpbks_r0000gp/T
[2024-07-24T14:34:03.050+0900] {subprocess.py:75} INFO - Running command: ['/bin/bash', '-c', '\n            mkdir -p ~/data/20240716\n            cp ~/logs/history_20240716*.log ~/data/20240716/\n        ']
[2024-07-24T14:34:03.052+0900] {subprocess.py:86} INFO - Output:
[2024-07-24T14:34:03.061+0900] {subprocess.py:97} INFO - Command exited with return code 0
[2024-07-24T14:34:03.062+0900] {taskinstance.py:441} INFO - ::group::Post task execution logs
[2024-07-24T14:34:03.067+0900] {taskinstance.py:1206} INFO - Marking task as SUCCESS. dag_id=simple_bash, task_id=copy.log, run_id=scheduled__2024-07-16T00:00:00+00:00, execution_date=20240716T000000, start_date=20240724T053402, end_date=20240724T053403
[2024-07-24T14:34:03.115+0900] {local_task_job_runner.py:243} INFO - Task exited with return code 0
[2024-07-24T14:34:03.125+0900] {taskinstance.py:3503} INFO - 1 downstream tasks scheduled from follow-on schedule check
[2024-07-24T14:34:03.126+0900] {local_task_job_runner.py:222} INFO - ::endgroup::
