[2024-07-24T16:06:55.106+0900] {local_task_job_runner.py:120} INFO - ::group::Pre task execution logs
[2024-07-24T16:06:55.113+0900] {taskinstance.py:2076} INFO - Dependencies all met for dep_context=non-requeueable deps ti=<TaskInstance: make_parquet.Check scheduled__2024-07-14T00:00:00+00:00 [queued]>
[2024-07-24T16:06:55.115+0900] {taskinstance.py:2076} INFO - Dependencies all met for dep_context=requeueable deps ti=<TaskInstance: make_parquet.Check scheduled__2024-07-14T00:00:00+00:00 [queued]>
[2024-07-24T16:06:55.116+0900] {taskinstance.py:2306} INFO - Starting attempt 1 of 1
[2024-07-24T16:06:55.120+0900] {taskinstance.py:2330} INFO - Executing <Task(BashOperator): Check> on 2024-07-14 00:00:00+00:00
[2024-07-24T16:06:55.122+0900] {standard_task_runner.py:64} INFO - Started process 97976 to run task
[2024-07-24T16:06:55.124+0900] {standard_task_runner.py:90} INFO - Running: ['airflow', 'tasks', 'run', 'make_parquet', 'Check', 'scheduled__2024-07-14T00:00:00+00:00', '--job-id', '371', '--raw', '--subdir', 'DAGS_FOLDER/make_parquet.py', '--cfg-path', '/var/folders/qv/0knwm5h50ml0skpppwpbks_r0000gp/T/tmpy7nrj825']
[2024-07-24T16:06:55.126+0900] {standard_task_runner.py:91} INFO - Job 371: Subtask Check
[2024-07-24T16:06:55.139+0900] {task_command.py:426} INFO - Running <TaskInstance: make_parquet.Check scheduled__2024-07-14T00:00:00+00:00 [running]> on host jeongui-MacBookPro.local
[2024-07-24T16:06:55.160+0900] {taskinstance.py:2648} INFO - Exporting env vars: AIRFLOW_CTX_DAG_OWNER='airflow' AIRFLOW_CTX_DAG_ID='make_parquet' AIRFLOW_CTX_TASK_ID='Check' AIRFLOW_CTX_EXECUTION_DATE='2024-07-14T00:00:00+00:00' AIRFLOW_CTX_TRY_NUMBER='1' AIRFLOW_CTX_DAG_RUN_ID='scheduled__2024-07-14T00:00:00+00:00'
[2024-07-24T16:06:55.161+0900] {taskinstance.py:430} INFO - ::endgroup::
[2024-07-24T16:06:55.167+0900] {subprocess.py:63} INFO - Tmp dir root location: /var/folders/qv/0knwm5h50ml0skpppwpbks_r0000gp/T
[2024-07-24T16:06:55.167+0900] {subprocess.py:75} INFO - Running command: ['/bin/bash', '-c', 'bash /Users/DE32/airflow/sh/simple_done_check.sh ~/data/done/_import/20240714/_DONE']
[2024-07-24T16:06:55.172+0900] {subprocess.py:86} INFO - Output:
[2024-07-24T16:06:55.177+0900] {subprocess.py:93} INFO - _DONE Path = /Users/DE32/data/done/_import/20240714/_DONE
[2024-07-24T16:06:55.177+0900] {subprocess.py:93} INFO - /Users/DE32/airflow/sh/simple_done_check.sh: line 7: figlet: command not found
[2024-07-24T16:06:55.178+0900] {subprocess.py:97} INFO - Command exited with return code 0
[2024-07-24T16:06:55.178+0900] {taskinstance.py:441} INFO - ::group::Post task execution logs
[2024-07-24T16:06:55.185+0900] {taskinstance.py:1206} INFO - Marking task as SUCCESS. dag_id=make_parquet, task_id=Check, run_id=scheduled__2024-07-14T00:00:00+00:00, execution_date=20240714T000000, start_date=20240724T070655, end_date=20240724T070655
[2024-07-24T16:06:55.232+0900] {local_task_job_runner.py:243} INFO - Task exited with return code 0
[2024-07-24T16:06:55.241+0900] {taskinstance.py:3503} INFO - 1 downstream tasks scheduled from follow-on schedule check
[2024-07-24T16:06:55.243+0900] {local_task_job_runner.py:222} INFO - ::endgroup::
