[2024-07-31T19:47:47.599+0900] {local_task_job_runner.py:120} INFO - ::group::Pre task execution logs
[2024-07-31T19:47:47.609+0900] {taskinstance.py:2076} INFO - Dependencies all met for dep_context=non-requeueable deps ti=<TaskInstance: movie.multi.n scheduled__2024-07-27T02:10:00+00:00 [queued]>
[2024-07-31T19:47:47.612+0900] {taskinstance.py:2076} INFO - Dependencies all met for dep_context=requeueable deps ti=<TaskInstance: movie.multi.n scheduled__2024-07-27T02:10:00+00:00 [queued]>
[2024-07-31T19:47:47.612+0900] {taskinstance.py:2306} INFO - Starting attempt 4 of 5
[2024-07-31T19:47:47.619+0900] {taskinstance.py:2330} INFO - Executing <Task(PythonVirtualenvOperator): multi.n> on 2024-07-27 02:10:00+00:00
[2024-07-31T19:47:47.621+0900] {standard_task_runner.py:64} INFO - Started process 33092 to run task
[2024-07-31T19:47:47.624+0900] {standard_task_runner.py:90} INFO - Running: ['airflow', 'tasks', 'run', 'movie', 'multi.n', 'scheduled__2024-07-27T02:10:00+00:00', '--job-id', '969', '--raw', '--subdir', 'DAGS_FOLDER/movie.py', '--cfg-path', '/var/folders/qv/0knwm5h50ml0skpppwpbks_r0000gp/T/tmpki2_721d']
[2024-07-31T19:47:47.625+0900] {standard_task_runner.py:91} INFO - Job 969: Subtask multi.n
[2024-07-31T19:47:47.639+0900] {task_command.py:426} INFO - Running <TaskInstance: movie.multi.n scheduled__2024-07-27T02:10:00+00:00 [running]> on host jeongui-MacBookPro.local
[2024-07-31T19:47:47.661+0900] {taskinstance.py:2648} INFO - Exporting env vars: AIRFLOW_CTX_DAG_OWNER='airflow' AIRFLOW_CTX_DAG_ID='movie' AIRFLOW_CTX_TASK_ID='multi.n' AIRFLOW_CTX_EXECUTION_DATE='2024-07-27T02:10:00+00:00' AIRFLOW_CTX_TRY_NUMBER='4' AIRFLOW_CTX_DAG_RUN_ID='scheduled__2024-07-27T02:10:00+00:00'
[2024-07-31T19:47:47.661+0900] {taskinstance.py:430} INFO - ::endgroup::
[2024-07-31T19:47:47.666+0900] {baseoperator.py:400} WARNING - PythonVirtualenvOperator.execute cannot be called outside TaskInstance!
[2024-07-31T19:47:47.667+0900] {process_utils.py:183} INFO - Executing cmd: /Users/DE32/.pyenv/versions/3.11.9/envs/note/bin/python -m virtualenv /var/folders/qv/0knwm5h50ml0skpppwpbks_r0000gp/T/venvzpiksshb --python=python
[2024-07-31T19:47:47.669+0900] {process_utils.py:187} INFO - Output:
[2024-07-31T19:47:47.842+0900] {process_utils.py:191} INFO - created virtual environment CPython3.11.9.final.0-64 in 115ms
[2024-07-31T19:47:47.842+0900] {process_utils.py:191} INFO -   creator CPython3Posix(dest=/private/var/folders/qv/0knwm5h50ml0skpppwpbks_r0000gp/T/venvzpiksshb, clear=False, no_vcs_ignore=False, global=False)
[2024-07-31T19:47:47.842+0900] {process_utils.py:191} INFO -   seeder FromAppData(download=False, pip=bundle, setuptools=bundle, wheel=bundle, via=copy, app_data_dir=/Users/DE32/Library/Application Support/virtualenv)
[2024-07-31T19:47:47.842+0900] {process_utils.py:191} INFO -     added seed packages: pip==24.1.2, setuptools==70.2.0, wheel==0.43.0
[2024-07-31T19:47:47.843+0900] {process_utils.py:191} INFO -   activators BashActivator,CShellActivator,FishActivator,NushellActivator,PowerShellActivator,PythonActivator
[2024-07-31T19:47:47.853+0900] {process_utils.py:183} INFO - Executing cmd: /var/folders/qv/0knwm5h50ml0skpppwpbks_r0000gp/T/venvzpiksshb/bin/pip install -r /var/folders/qv/0knwm5h50ml0skpppwpbks_r0000gp/T/venvzpiksshb/requirements.txt
[2024-07-31T19:47:47.855+0900] {process_utils.py:187} INFO - Output:
[2024-07-31T19:47:48.567+0900] {process_utils.py:191} INFO - Collecting git+https://github.com/Jeonghoon2/movie.git@0.2/api (from -r /var/folders/qv/0knwm5h50ml0skpppwpbks_r0000gp/T/venvzpiksshb/requirements.txt (line 1))
[2024-07-31T19:47:48.567+0900] {process_utils.py:191} INFO -   Cloning https://github.com/Jeonghoon2/movie.git (to revision 0.2/api) to /private/var/folders/qv/0knwm5h50ml0skpppwpbks_r0000gp/T/pip-req-build-crgpcg7z
[2024-07-31T19:47:48.578+0900] {process_utils.py:191} INFO -   Running command git clone --filter=blob:none --quiet https://github.com/Jeonghoon2/movie.git /private/var/folders/qv/0knwm5h50ml0skpppwpbks_r0000gp/T/pip-req-build-crgpcg7z
[2024-07-31T19:47:50.272+0900] {process_utils.py:191} INFO -   Running command git checkout -b 0.2/api --track origin/0.2/api
[2024-07-31T19:47:50.961+0900] {process_utils.py:191} INFO -   Switched to a new branch '0.2/api'
[2024-07-31T19:47:50.962+0900] {process_utils.py:191} INFO -   branch '0.2/api' set up to track 'origin/0.2/api'.
[2024-07-31T19:47:50.962+0900] {process_utils.py:191} INFO -   Resolved https://github.com/Jeonghoon2/movie.git to commit c2fdd392ce95b386519b05b3bab786608cdb1c58
[2024-07-31T19:47:50.983+0900] {process_utils.py:191} INFO -   Installing build dependencies: started
[2024-07-31T19:47:51.861+0900] {process_utils.py:191} INFO -   Installing build dependencies: finished with status 'done'
[2024-07-31T19:47:51.862+0900] {process_utils.py:191} INFO -   Getting requirements to build wheel: started
[2024-07-31T19:47:51.985+0900] {process_utils.py:191} INFO -   Getting requirements to build wheel: finished with status 'done'
[2024-07-31T19:47:51.986+0900] {process_utils.py:191} INFO -   Preparing metadata (pyproject.toml): started
[2024-07-31T19:47:52.109+0900] {process_utils.py:191} INFO -   Preparing metadata (pyproject.toml): finished with status 'done'
[2024-07-31T19:47:52.169+0900] {process_utils.py:191} INFO - Collecting requests>=2.32.3 (from mov==0.1.0->-r /var/folders/qv/0knwm5h50ml0skpppwpbks_r0000gp/T/venvzpiksshb/requirements.txt (line 1))
[2024-07-31T19:47:52.170+0900] {process_utils.py:191} INFO -   Using cached requests-2.32.3-py3-none-any.whl.metadata (4.6 kB)
[2024-07-31T19:47:52.233+0900] {process_utils.py:191} INFO - Collecting pandas>=2.2.2 (from mov==0.1.0->-r /var/folders/qv/0knwm5h50ml0skpppwpbks_r0000gp/T/venvzpiksshb/requirements.txt (line 1))
[2024-07-31T19:47:52.234+0900] {process_utils.py:191} INFO -   Using cached pandas-2.2.2-cp311-cp311-macosx_11_0_arm64.whl.metadata (19 kB)
[2024-07-31T19:47:52.333+0900] {process_utils.py:191} INFO - Collecting numpy>=2.0.1 (from mov==0.1.0->-r /var/folders/qv/0knwm5h50ml0skpppwpbks_r0000gp/T/venvzpiksshb/requirements.txt (line 1))
[2024-07-31T19:47:52.334+0900] {process_utils.py:191} INFO -   Using cached numpy-2.0.1-cp311-cp311-macosx_14_0_arm64.whl.metadata (60 kB)
[2024-07-31T19:47:52.382+0900] {process_utils.py:191} INFO - Collecting pyarrow>=17.0.0 (from mov==0.1.0->-r /var/folders/qv/0knwm5h50ml0skpppwpbks_r0000gp/T/venvzpiksshb/requirements.txt (line 1))
[2024-07-31T19:47:52.383+0900] {process_utils.py:191} INFO -   Using cached pyarrow-17.0.0-cp311-cp311-macosx_11_0_arm64.whl.metadata (3.3 kB)
[2024-07-31T19:47:52.402+0900] {process_utils.py:191} INFO - Collecting python-dateutil>=2.8.2 (from pandas>=2.2.2->mov==0.1.0->-r /var/folders/qv/0knwm5h50ml0skpppwpbks_r0000gp/T/venvzpiksshb/requirements.txt (line 1))
[2024-07-31T19:47:52.403+0900] {process_utils.py:191} INFO -   Using cached python_dateutil-2.9.0.post0-py2.py3-none-any.whl.metadata (8.4 kB)
[2024-07-31T19:47:52.431+0900] {process_utils.py:191} INFO - Collecting pytz>=2020.1 (from pandas>=2.2.2->mov==0.1.0->-r /var/folders/qv/0knwm5h50ml0skpppwpbks_r0000gp/T/venvzpiksshb/requirements.txt (line 1))
[2024-07-31T19:47:52.432+0900] {process_utils.py:191} INFO -   Using cached pytz-2024.1-py2.py3-none-any.whl.metadata (22 kB)
[2024-07-31T19:47:52.445+0900] {process_utils.py:191} INFO - Collecting tzdata>=2022.7 (from pandas>=2.2.2->mov==0.1.0->-r /var/folders/qv/0knwm5h50ml0skpppwpbks_r0000gp/T/venvzpiksshb/requirements.txt (line 1))
[2024-07-31T19:47:52.446+0900] {process_utils.py:191} INFO -   Using cached tzdata-2024.1-py2.py3-none-any.whl.metadata (1.4 kB)
[2024-07-31T19:47:52.500+0900] {process_utils.py:191} INFO - Collecting charset-normalizer<4,>=2 (from requests>=2.32.3->mov==0.1.0->-r /var/folders/qv/0knwm5h50ml0skpppwpbks_r0000gp/T/venvzpiksshb/requirements.txt (line 1))
[2024-07-31T19:47:52.501+0900] {process_utils.py:191} INFO -   Using cached charset_normalizer-3.3.2-cp311-cp311-macosx_11_0_arm64.whl.metadata (33 kB)
[2024-07-31T19:47:52.515+0900] {process_utils.py:191} INFO - Collecting idna<4,>=2.5 (from requests>=2.32.3->mov==0.1.0->-r /var/folders/qv/0knwm5h50ml0skpppwpbks_r0000gp/T/venvzpiksshb/requirements.txt (line 1))
[2024-07-31T19:47:52.515+0900] {process_utils.py:191} INFO -   Using cached idna-3.7-py3-none-any.whl.metadata (9.9 kB)
[2024-07-31T19:47:52.541+0900] {process_utils.py:191} INFO - Collecting urllib3<3,>=1.21.1 (from requests>=2.32.3->mov==0.1.0->-r /var/folders/qv/0knwm5h50ml0skpppwpbks_r0000gp/T/venvzpiksshb/requirements.txt (line 1))
[2024-07-31T19:47:52.542+0900] {process_utils.py:191} INFO -   Using cached urllib3-2.2.2-py3-none-any.whl.metadata (6.4 kB)
[2024-07-31T19:47:52.569+0900] {process_utils.py:191} INFO - Collecting certifi>=2017.4.17 (from requests>=2.32.3->mov==0.1.0->-r /var/folders/qv/0knwm5h50ml0skpppwpbks_r0000gp/T/venvzpiksshb/requirements.txt (line 1))
[2024-07-31T19:47:52.570+0900] {process_utils.py:191} INFO -   Using cached certifi-2024.7.4-py3-none-any.whl.metadata (2.2 kB)
[2024-07-31T19:47:52.583+0900] {process_utils.py:191} INFO - Collecting six>=1.5 (from python-dateutil>=2.8.2->pandas>=2.2.2->mov==0.1.0->-r /var/folders/qv/0knwm5h50ml0skpppwpbks_r0000gp/T/venvzpiksshb/requirements.txt (line 1))
[2024-07-31T19:47:52.584+0900] {process_utils.py:191} INFO -   Using cached six-1.16.0-py2.py3-none-any.whl.metadata (1.8 kB)
[2024-07-31T19:47:52.587+0900] {process_utils.py:191} INFO - Using cached numpy-2.0.1-cp311-cp311-macosx_14_0_arm64.whl (5.3 MB)
[2024-07-31T19:47:52.593+0900] {process_utils.py:191} INFO - Using cached pandas-2.2.2-cp311-cp311-macosx_11_0_arm64.whl (11.3 MB)
[2024-07-31T19:47:52.605+0900] {process_utils.py:191} INFO - Using cached pyarrow-17.0.0-cp311-cp311-macosx_11_0_arm64.whl (27.2 MB)
[2024-07-31T19:47:52.631+0900] {process_utils.py:191} INFO - Using cached requests-2.32.3-py3-none-any.whl (64 kB)
[2024-07-31T19:47:52.632+0900] {process_utils.py:191} INFO - Using cached certifi-2024.7.4-py3-none-any.whl (162 kB)
[2024-07-31T19:47:52.633+0900] {process_utils.py:191} INFO - Using cached charset_normalizer-3.3.2-cp311-cp311-macosx_11_0_arm64.whl (118 kB)
[2024-07-31T19:47:52.633+0900] {process_utils.py:191} INFO - Using cached idna-3.7-py3-none-any.whl (66 kB)
[2024-07-31T19:47:52.634+0900] {process_utils.py:191} INFO - Using cached python_dateutil-2.9.0.post0-py2.py3-none-any.whl (229 kB)
[2024-07-31T19:47:52.635+0900] {process_utils.py:191} INFO - Using cached pytz-2024.1-py2.py3-none-any.whl (505 kB)
[2024-07-31T19:47:52.637+0900] {process_utils.py:191} INFO - Using cached tzdata-2024.1-py2.py3-none-any.whl (345 kB)
[2024-07-31T19:47:52.638+0900] {process_utils.py:191} INFO - Using cached urllib3-2.2.2-py3-none-any.whl (121 kB)
[2024-07-31T19:47:52.639+0900] {process_utils.py:191} INFO - Using cached six-1.16.0-py2.py3-none-any.whl (11 kB)
[2024-07-31T19:47:52.681+0900] {process_utils.py:191} INFO - Building wheels for collected packages: mov
[2024-07-31T19:47:52.693+0900] {process_utils.py:191} INFO -   Building wheel for mov (pyproject.toml): started
[2024-07-31T19:47:52.827+0900] {process_utils.py:191} INFO -   Building wheel for mov (pyproject.toml): finished with status 'done'
[2024-07-31T19:47:52.828+0900] {process_utils.py:191} INFO -   Created wheel for mov: filename=mov-0.1.0-py3-none-any.whl size=3056 sha256=f2ac39b4eea716a79559aeae3852e9439d9ee5960520f037a680cf99f36cbda5
[2024-07-31T19:47:52.828+0900] {process_utils.py:191} INFO -   Stored in directory: /private/var/folders/qv/0knwm5h50ml0skpppwpbks_r0000gp/T/pip-ephem-wheel-cache-a9cbrdbk/wheels/cf/ab/a7/d0c528d20fa8a5f19e169bdf1d98f2b2cefe79d8527bb89200
[2024-07-31T19:47:52.829+0900] {process_utils.py:191} INFO - Successfully built mov
[2024-07-31T19:47:52.857+0900] {process_utils.py:191} INFO - Installing collected packages: pytz, urllib3, tzdata, six, numpy, idna, charset-normalizer, certifi, requests, python-dateutil, pyarrow, pandas, mov
[2024-07-31T19:47:57.546+0900] {process_utils.py:191} INFO - Successfully installed certifi-2024.7.4 charset-normalizer-3.3.2 idna-3.7 mov-0.1.0 numpy-2.0.1 pandas-2.2.2 pyarrow-17.0.0 python-dateutil-2.9.0.post0 pytz-2024.1 requests-2.32.3 six-1.16.0 tzdata-2024.1 urllib3-2.2.2
[2024-07-31T19:47:57.549+0900] {process_utils.py:191} INFO - 
[2024-07-31T19:47:57.549+0900] {process_utils.py:191} INFO - [notice] A new release of pip is available: 24.1.2 -> 24.2
[2024-07-31T19:47:57.550+0900] {process_utils.py:191} INFO - [notice] To update, run: python -m pip install --upgrade pip
[2024-07-31T19:47:57.679+0900] {logging_mixin.py:188} WARNING - /Users/DE32/.pyenv/versions/3.11.9/envs/note/lib/python3.11/site-packages/airflow/utils/context.py:212 AirflowContextDeprecationWarning: Accessing 'next_ds' from the template is deprecated and will be removed in a future version. Please use '{{ data_interval_end | ds }}' instead.
[2024-07-31T19:47:57.679+0900] {logging_mixin.py:188} WARNING - /Users/DE32/.pyenv/versions/3.11.9/envs/note/lib/python3.11/site-packages/airflow/utils/context.py:212 AirflowContextDeprecationWarning: Accessing 'next_ds_nodash' from the template is deprecated and will be removed in a future version. Please use '{{ data_interval_end | ds_nodash }}' instead.
[2024-07-31T19:47:57.680+0900] {logging_mixin.py:188} WARNING - /Users/DE32/.pyenv/versions/3.11.9/envs/note/lib/python3.11/site-packages/airflow/utils/context.py:212 AirflowContextDeprecationWarning: Accessing 'prev_ds' from the template is deprecated and will be removed in a future version.
[2024-07-31T19:47:57.680+0900] {logging_mixin.py:188} WARNING - /Users/DE32/.pyenv/versions/3.11.9/envs/note/lib/python3.11/site-packages/airflow/utils/context.py:212 AirflowContextDeprecationWarning: Accessing 'prev_ds_nodash' from the template is deprecated and will be removed in a future version.
[2024-07-31T19:47:57.680+0900] {logging_mixin.py:188} WARNING - /Users/DE32/.pyenv/versions/3.11.9/envs/note/lib/python3.11/site-packages/airflow/utils/context.py:212 AirflowContextDeprecationWarning: Accessing 'tomorrow_ds' from the template is deprecated and will be removed in a future version.
[2024-07-31T19:47:57.681+0900] {logging_mixin.py:188} WARNING - /Users/DE32/.pyenv/versions/3.11.9/envs/note/lib/python3.11/site-packages/airflow/utils/context.py:212 AirflowContextDeprecationWarning: Accessing 'tomorrow_ds_nodash' from the template is deprecated and will be removed in a future version.
[2024-07-31T19:47:57.681+0900] {logging_mixin.py:188} WARNING - /Users/DE32/.pyenv/versions/3.11.9/envs/note/lib/python3.11/site-packages/airflow/utils/context.py:212 AirflowContextDeprecationWarning: Accessing 'yesterday_ds' from the template is deprecated and will be removed in a future version.
[2024-07-31T19:47:57.681+0900] {logging_mixin.py:188} WARNING - /Users/DE32/.pyenv/versions/3.11.9/envs/note/lib/python3.11/site-packages/airflow/utils/context.py:212 AirflowContextDeprecationWarning: Accessing 'yesterday_ds_nodash' from the template is deprecated and will be removed in a future version.
[2024-07-31T19:47:57.684+0900] {process_utils.py:183} INFO - Executing cmd: /var/folders/qv/0knwm5h50ml0skpppwpbks_r0000gp/T/venvzpiksshb/bin/python /var/folders/qv/0knwm5h50ml0skpppwpbks_r0000gp/T/venv-callkaz25xyz/script.py /var/folders/qv/0knwm5h50ml0skpppwpbks_r0000gp/T/venv-callkaz25xyz/script.in /var/folders/qv/0knwm5h50ml0skpppwpbks_r0000gp/T/venv-callkaz25xyz/script.out /var/folders/qv/0knwm5h50ml0skpppwpbks_r0000gp/T/venv-callkaz25xyz/string_args.txt /var/folders/qv/0knwm5h50ml0skpppwpbks_r0000gp/T/venv-callkaz25xyz/termination.log
[2024-07-31T19:47:57.686+0900] {process_utils.py:187} INFO - Output:
[2024-07-31T19:48:11.632+0900] {process_utils.py:191} INFO - {'boxOfficeResult': {'boxofficeType': '일별 박스오피스', 'showRange': '20240727~20240727', 'dailyBoxOfficeList': [{'rnum': '1', 'rank': '1', 'rankInten': '0', 'rankOldAndNew': 'OLD', 'movieCd': '20247781', 'movieNm': '데드풀과 울버린', 'openDt': '2024-07-24', 'salesAmt': '3267943467', 'salesShare': '47.0', 'salesInten': '1529420369', 'salesChange': '88', 'salesAcc': '8735597740', 'audiCnt': '311601', 'audiInten': '146944', 'audiChange': '89.2', 'audiAcc': '839684', 'scrnCnt': '1948', 'showCnt': '8847'}, {'rnum': '2', 'rank': '2', 'rankInten': '0', 'rankOldAndNew': 'OLD', 'movieCd': '20247440', 'movieNm': '슈퍼배드 4', 'openDt': '2024-07-24', 'salesAmt': '1365645842', 'salesShare': '19.6', 'salesInten': '756528536', 'salesChange': '124.2', 'salesAcc': '4130750924', 'audiCnt': '145871', 'audiInten': '80760', 'audiChange': '124', 'audiAcc': '442928', 'scrnCnt': '1167', 'showCnt': '4490'}, {'rnum': '3', 'rank': '3', 'rankInten': '0', 'rankOldAndNew': 'OLD', 'movieCd': '20212932', 'movieNm': '탈주', 'openDt': '2024-07-03', 'salesAmt': '797446562', 'salesShare': '11.5', 'salesInten': '387746217', 'salesChange': '94.6', 'salesAcc': '20857431087', 'audiCnt': '82603', 'audiInten': '40233', 'audiChange': '95', 'audiAcc': '2199605', 'scrnCnt': '875', 'showCnt': '2337'}, {'rnum': '4', 'rank': '4', 'rankInten': '0', 'rankOldAndNew': 'OLD', 'movieCd': '20235974', 'movieNm': '인사이드 아웃 2', 'openDt': '2024-06-12', 'salesAmt': '544154166', 'salesShare': '7.8', 'salesInten': '293178577', 'salesChange': '116.8', 'salesAcc': '79173567719', 'audiCnt': '55961', 'audiInten': '30162', 'audiChange': '116.9', 'audiAcc': '8233696', 'scrnCnt': '769', 'showCnt': '1616'}, {'rnum': '5', 'rank': '5', 'rankInten': '0', 'rankOldAndNew': 'OLD', 'movieCd': '20240983', 'movieNm': '명탐정 코난: 100만 달러의 펜타그램', 'openDt': '2024-07-17', 'salesAmt': '265643931', 'salesShare': '3.8', 'salesInten': '89146094', 'salesChange': '50.5', 'salesAcc': '5219084821', 'audiCnt': '27516', 'audiInten': '9278', 'audiChange': '50.9', 'audiAcc': '530083', 'scrnCnt': '587', 'showCnt': '1055'}, {'rnum': '6', 'rank': '6', 'rankInten': '0', 'rankOldAndNew': 'OLD', 'movieCd': '20208245', 'movieNm': '핸섬가이즈', 'openDt': '2024-06-26', 'salesAmt': '250504626', 'salesShare': '3.6', 'salesInten': '118243797', 'salesChange': '89.4', 'salesAcc': '15830147270', 'audiCnt': '25681', 'audiInten': '11973', 'audiChange': '87.3', 'audiAcc': '1693670', 'scrnCnt': '516', 'showCnt': '843'}, {'rnum': '7', 'rank': '7', 'rankInten': '4', 'rankOldAndNew': 'OLD', 'movieCd': '20224666', 'movieNm': '파일럿', 'openDt': '2024-07-31', 'salesAmt': '131602367', 'salesShare': '1.9', 'salesInten': '116098367', 'salesChange': '748.8', 'salesAcc': '415856367', 'audiCnt': '12120', 'audiInten': '10299', 'audiChange': '565.6', 'audiAcc': '42425', 'scrnCnt': '38', 'showCnt': '47'}, {'rnum': '8', 'rank': '8', 'rankInten': '-1', 'rankOldAndNew': 'OLD', 'movieCd': '20208911', 'movieNm': '탈출: 프로젝트 사일런스', 'openDt': '2024-07-12', 'salesAmt': '80245763', 'salesShare': '1.2', 'salesInten': '20514709', 'salesChange': '34.3', 'salesAcc': '6474167126', 'audiCnt': '8198', 'audiInten': '2114', 'audiChange': '34.7', 'audiAcc': '663939', 'scrnCnt': '323', 'showCnt': '480'}, {'rnum': '9', 'rank': '9', 'rankInten': '0', 'rankOldAndNew': 'NEW', 'movieCd': '20249733', 'movieNm': '사랑의 하츄핑', 'openDt': '2024-08-07', 'salesAmt': '48809950', 'salesShare': '0.7', 'salesInten': '48809950', 'salesChange': '100', 'salesAcc': '88796950', 'audiCnt': '4061', 'audiInten': '4061', 'audiChange': '100', 'audiAcc': '8111', 'scrnCnt': '15', 'showCnt': '17'}, {'rnum': '10', 'rank': '10', 'rankInten': '2', 'rankOldAndNew': 'OLD', 'movieCd': '20240850', 'movieNm': '극장판 도라에몽: 진구의 지구 교향곡', 'openDt': '2024-07-10', 'salesAmt': '24302200', 'salesShare': '0.3', 'salesInten': '16215900', 'salesChange': '200.5', 'salesAcc': '598422400', 'audiCnt': '2888', 'audiInten': '1945', 'audiChange': '206.3', 'audiAcc': '69269', 'scrnCnt': '129', 'showCnt': '178'}]}}
[2024-07-31T19:48:11.633+0900] {process_utils.py:191} INFO - partitioning List : ['load_dt', 'multiMovieYn']
[2024-07-31T19:48:11.633+0900] {process_utils.py:191} INFO -   rnum rank rankInten rankOldAndNew  ... scrnCnt showCnt   load_dt multiMovieYn
[2024-07-31T19:48:11.634+0900] {process_utils.py:191} INFO - 0    1    1         0           OLD  ...    1948    8847  20240727            N
[2024-07-31T19:48:11.634+0900] {process_utils.py:191} INFO - 1    2    2         0           OLD  ...    1167    4490  20240727            N
[2024-07-31T19:48:11.635+0900] {process_utils.py:191} INFO - 2    3    3         0           OLD  ...     875    2337  20240727            N
[2024-07-31T19:48:11.635+0900] {process_utils.py:191} INFO - 3    4    4         0           OLD  ...     769    1616  20240727            N
[2024-07-31T19:48:11.635+0900] {process_utils.py:191} INFO - 4    5    5         0           OLD  ...     587    1055  20240727            N
[2024-07-31T19:48:11.636+0900] {process_utils.py:191} INFO - 5    6    6         0           OLD  ...     516     843  20240727            N
[2024-07-31T19:48:11.636+0900] {process_utils.py:191} INFO - 6    7    7         4           OLD  ...      38      47  20240727            N
[2024-07-31T19:48:11.636+0900] {process_utils.py:191} INFO - 7    8    8        -1           OLD  ...     323     480  20240727            N
[2024-07-31T19:48:11.637+0900] {process_utils.py:191} INFO - 8    9    9         0           NEW  ...      15      17  20240727            N
[2024-07-31T19:48:11.637+0900] {process_utils.py:191} INFO - 9   10   10         2           OLD  ...     129     178  20240727            N
[2024-07-31T19:48:11.637+0900] {process_utils.py:191} INFO - 
[2024-07-31T19:48:11.638+0900] {process_utils.py:191} INFO - [10 rows x 20 columns]
[2024-07-31T19:48:12.090+0900] {python.py:237} INFO - Done. Returned value was: None
[2024-07-31T19:48:12.091+0900] {taskinstance.py:441} INFO - ::group::Post task execution logs
[2024-07-31T19:48:12.094+0900] {taskinstance.py:1206} INFO - Marking task as SUCCESS. dag_id=movie, task_id=multi.n, run_id=scheduled__2024-07-27T02:10:00+00:00, execution_date=20240727T021000, start_date=20240731T104747, end_date=20240731T104812
[2024-07-31T19:48:12.130+0900] {local_task_job_runner.py:243} INFO - Task exited with return code 0
[2024-07-31T19:48:12.138+0900] {taskinstance.py:3503} INFO - 0 downstream tasks scheduled from follow-on schedule check
[2024-07-31T19:48:12.138+0900] {local_task_job_runner.py:222} INFO - ::endgroup::
