[2024-07-24T14:09:55.689+0900] {local_task_job_runner.py:120} INFO - ::group::Pre task execution logs
[2024-07-24T14:09:55.697+0900] {taskinstance.py:2076} INFO - Dependencies all met for dep_context=non-requeueable deps ti=<TaskInstance: simple_bash.count.log scheduled__2024-07-16T00:00:00+00:00 [queued]>
[2024-07-24T14:09:55.699+0900] {taskinstance.py:2076} INFO - Dependencies all met for dep_context=requeueable deps ti=<TaskInstance: simple_bash.count.log scheduled__2024-07-16T00:00:00+00:00 [queued]>
[2024-07-24T14:09:55.699+0900] {taskinstance.py:2306} INFO - Starting attempt 1 of 2
[2024-07-24T14:09:55.703+0900] {taskinstance.py:2330} INFO - Executing <Task(BashOperator): count.log> on 2024-07-16 00:00:00+00:00
[2024-07-24T14:09:55.706+0900] {standard_task_runner.py:64} INFO - Started process 89720 to run task
[2024-07-24T14:09:55.708+0900] {standard_task_runner.py:90} INFO - Running: ['airflow', 'tasks', 'run', 'simple_bash', 'count.log', 'scheduled__2024-07-16T00:00:00+00:00', '--job-id', '39', '--raw', '--subdir', 'DAGS_FOLDER/simple_bash.py', '--cfg-path', '/var/folders/qv/0knwm5h50ml0skpppwpbks_r0000gp/T/tmpl90k7l8u']
[2024-07-24T14:09:55.710+0900] {standard_task_runner.py:91} INFO - Job 39: Subtask count.log
[2024-07-24T14:09:55.723+0900] {task_command.py:426} INFO - Running <TaskInstance: simple_bash.count.log scheduled__2024-07-16T00:00:00+00:00 [running]> on host jeongui-MacBookPro.local
[2024-07-24T14:09:55.745+0900] {taskinstance.py:2648} INFO - Exporting env vars: AIRFLOW_CTX_DAG_OWNER='airflow' AIRFLOW_CTX_DAG_ID='simple_bash' AIRFLOW_CTX_TASK_ID='count.log' AIRFLOW_CTX_EXECUTION_DATE='2024-07-16T00:00:00+00:00' AIRFLOW_CTX_TRY_NUMBER='1' AIRFLOW_CTX_DAG_RUN_ID='scheduled__2024-07-16T00:00:00+00:00'
[2024-07-24T14:09:55.745+0900] {taskinstance.py:430} INFO - ::endgroup::
[2024-07-24T14:09:55.751+0900] {subprocess.py:63} INFO - Tmp dir root location: /var/folders/qv/0knwm5h50ml0skpppwpbks_r0000gp/T
[2024-07-24T14:09:55.751+0900] {subprocess.py:75} INFO - Running command: ['/bin/bash', '-c', '\n            echo "count"\n        ']
[2024-07-24T14:09:55.754+0900] {subprocess.py:86} INFO - Output:
[2024-07-24T14:09:55.756+0900] {subprocess.py:93} INFO - count
[2024-07-24T14:09:55.756+0900] {subprocess.py:97} INFO - Command exited with return code 0
[2024-07-24T14:09:55.757+0900] {taskinstance.py:441} INFO - ::group::Post task execution logs
[2024-07-24T14:09:55.762+0900] {taskinstance.py:1206} INFO - Marking task as SUCCESS. dag_id=simple_bash, task_id=count.log, run_id=scheduled__2024-07-16T00:00:00+00:00, execution_date=20240716T000000, start_date=20240724T050955, end_date=20240724T050955
[2024-07-24T14:09:55.770+0900] {local_task_job_runner.py:243} INFO - Task exited with return code 0
[2024-07-24T14:09:55.776+0900] {taskinstance.py:3503} INFO - 0 downstream tasks scheduled from follow-on schedule check
[2024-07-24T14:09:55.776+0900] {local_task_job_runner.py:222} INFO - ::endgroup::
[2024-07-24T14:22:07.729+0900] {local_task_job_runner.py:120} INFO - ::group::Pre task execution logs
[2024-07-24T14:22:07.736+0900] {taskinstance.py:2076} INFO - Dependencies all met for dep_context=non-requeueable deps ti=<TaskInstance: simple_bash.count.log scheduled__2024-07-16T00:00:00+00:00 [queued]>
[2024-07-24T14:22:07.738+0900] {taskinstance.py:2076} INFO - Dependencies all met for dep_context=requeueable deps ti=<TaskInstance: simple_bash.count.log scheduled__2024-07-16T00:00:00+00:00 [queued]>
[2024-07-24T14:22:07.738+0900] {taskinstance.py:2306} INFO - Starting attempt 1 of 1
[2024-07-24T14:22:07.742+0900] {taskinstance.py:2330} INFO - Executing <Task(BashOperator): count.log> on 2024-07-16 00:00:00+00:00
[2024-07-24T14:22:07.745+0900] {standard_task_runner.py:64} INFO - Started process 91091 to run task
[2024-07-24T14:22:07.747+0900] {standard_task_runner.py:90} INFO - Running: ['airflow', 'tasks', 'run', 'simple_bash', 'count.log', 'scheduled__2024-07-16T00:00:00+00:00', '--job-id', '135', '--raw', '--subdir', 'DAGS_FOLDER/simple_bash.py', '--cfg-path', '/var/folders/qv/0knwm5h50ml0skpppwpbks_r0000gp/T/tmpb02w6dy5']
[2024-07-24T14:22:07.749+0900] {standard_task_runner.py:91} INFO - Job 135: Subtask count.log
[2024-07-24T14:22:07.762+0900] {task_command.py:426} INFO - Running <TaskInstance: simple_bash.count.log scheduled__2024-07-16T00:00:00+00:00 [running]> on host jeongui-MacBookPro.local
[2024-07-24T14:22:07.784+0900] {taskinstance.py:2648} INFO - Exporting env vars: AIRFLOW_CTX_DAG_OWNER='airflow' AIRFLOW_CTX_DAG_ID='simple_bash' AIRFLOW_CTX_TASK_ID='count.log' AIRFLOW_CTX_EXECUTION_DATE='2024-07-16T00:00:00+00:00' AIRFLOW_CTX_TRY_NUMBER='1' AIRFLOW_CTX_DAG_RUN_ID='scheduled__2024-07-16T00:00:00+00:00'
[2024-07-24T14:22:07.784+0900] {taskinstance.py:430} INFO - ::endgroup::
[2024-07-24T14:22:07.790+0900] {subprocess.py:63} INFO - Tmp dir root location: /var/folders/qv/0knwm5h50ml0skpppwpbks_r0000gp/T
[2024-07-24T14:22:07.790+0900] {subprocess.py:75} INFO - Running command: ['/bin/bash', '-c', '\n            echo "count"\n\t\t\tLANG=C\n\t\t\tmkdir -p ~/data/count/20240716\n\t\t\tcat ~/data/sort/20240716/sort.log | uniq -c > ~/data/count/20240716/count.log\n        ']
[2024-07-24T14:22:07.794+0900] {subprocess.py:86} INFO - Output:
[2024-07-24T14:22:07.797+0900] {subprocess.py:93} INFO - count
[2024-07-24T14:22:07.801+0900] {subprocess.py:97} INFO - Command exited with return code 0
[2024-07-24T14:22:07.802+0900] {taskinstance.py:441} INFO - ::group::Post task execution logs
[2024-07-24T14:22:07.810+0900] {taskinstance.py:1206} INFO - Marking task as SUCCESS. dag_id=simple_bash, task_id=count.log, run_id=scheduled__2024-07-16T00:00:00+00:00, execution_date=20240716T000000, start_date=20240724T052207, end_date=20240724T052207
[2024-07-24T14:22:07.850+0900] {local_task_job_runner.py:243} INFO - Task exited with return code 0
[2024-07-24T14:22:07.856+0900] {taskinstance.py:3503} INFO - 0 downstream tasks scheduled from follow-on schedule check
[2024-07-24T14:22:07.857+0900] {local_task_job_runner.py:222} INFO - ::endgroup::
