[2024-07-24T14:13:45.172+0900] {local_task_job_runner.py:120} INFO - ::group::Pre task execution logs
[2024-07-24T14:13:45.179+0900] {taskinstance.py:2076} INFO - Dependencies all met for dep_context=non-requeueable deps ti=<TaskInstance: simple_bash.copy.log scheduled__2024-07-14T00:00:00+00:00 [queued]>
[2024-07-24T14:13:45.181+0900] {taskinstance.py:2076} INFO - Dependencies all met for dep_context=requeueable deps ti=<TaskInstance: simple_bash.copy.log scheduled__2024-07-14T00:00:00+00:00 [queued]>
[2024-07-24T14:13:45.181+0900] {taskinstance.py:2306} INFO - Starting attempt 2 of 3
[2024-07-24T14:13:45.185+0900] {taskinstance.py:2330} INFO - Executing <Task(BashOperator): copy.log> on 2024-07-14 00:00:00+00:00
[2024-07-24T14:13:45.187+0900] {standard_task_runner.py:64} INFO - Started process 89908 to run task
[2024-07-24T14:13:45.190+0900] {standard_task_runner.py:90} INFO - Running: ['airflow', 'tasks', 'run', 'simple_bash', 'copy.log', 'scheduled__2024-07-14T00:00:00+00:00', '--job-id', '74', '--raw', '--subdir', 'DAGS_FOLDER/simple_bash.py', '--cfg-path', '/var/folders/qv/0knwm5h50ml0skpppwpbks_r0000gp/T/tmp9you3xgv']
[2024-07-24T14:13:45.191+0900] {standard_task_runner.py:91} INFO - Job 74: Subtask copy.log
[2024-07-24T14:13:45.205+0900] {task_command.py:426} INFO - Running <TaskInstance: simple_bash.copy.log scheduled__2024-07-14T00:00:00+00:00 [running]> on host jeongui-MacBookPro.local
[2024-07-24T14:13:45.226+0900] {taskinstance.py:2648} INFO - Exporting env vars: AIRFLOW_CTX_DAG_OWNER='airflow' AIRFLOW_CTX_DAG_ID='simple_bash' AIRFLOW_CTX_TASK_ID='copy.log' AIRFLOW_CTX_EXECUTION_DATE='2024-07-14T00:00:00+00:00' AIRFLOW_CTX_TRY_NUMBER='2' AIRFLOW_CTX_DAG_RUN_ID='scheduled__2024-07-14T00:00:00+00:00'
[2024-07-24T14:13:45.227+0900] {taskinstance.py:430} INFO - ::endgroup::
[2024-07-24T14:13:45.233+0900] {subprocess.py:63} INFO - Tmp dir root location: /var/folders/qv/0knwm5h50ml0skpppwpbks_r0000gp/T
[2024-07-24T14:13:45.233+0900] {subprocess.py:75} INFO - Running command: ['/bin/bash', '-c', '\n            mkdir -p ~/data/20240714\n            cp ~/logs/history_20240714*.log ~/data/20240714/\n        ']
[2024-07-24T14:13:45.236+0900] {subprocess.py:86} INFO - Output:
[2024-07-24T14:13:45.242+0900] {subprocess.py:97} INFO - Command exited with return code 0
[2024-07-24T14:13:45.242+0900] {taskinstance.py:441} INFO - ::group::Post task execution logs
[2024-07-24T14:13:45.248+0900] {taskinstance.py:1206} INFO - Marking task as SUCCESS. dag_id=simple_bash, task_id=copy.log, run_id=scheduled__2024-07-14T00:00:00+00:00, execution_date=20240714T000000, start_date=20240724T051345, end_date=20240724T051345
[2024-07-24T14:13:45.297+0900] {local_task_job_runner.py:243} INFO - Task exited with return code 0
[2024-07-24T14:13:45.307+0900] {taskinstance.py:3503} INFO - 1 downstream tasks scheduled from follow-on schedule check
[2024-07-24T14:13:45.308+0900] {local_task_job_runner.py:222} INFO - ::endgroup::
[2024-07-24T14:33:51.208+0900] {local_task_job_runner.py:120} INFO - ::group::Pre task execution logs
[2024-07-24T14:33:51.216+0900] {taskinstance.py:2076} INFO - Dependencies all met for dep_context=non-requeueable deps ti=<TaskInstance: simple_bash.copy.log scheduled__2024-07-14T00:00:00+00:00 [queued]>
[2024-07-24T14:33:51.218+0900] {taskinstance.py:2076} INFO - Dependencies all met for dep_context=requeueable deps ti=<TaskInstance: simple_bash.copy.log scheduled__2024-07-14T00:00:00+00:00 [queued]>
[2024-07-24T14:33:51.218+0900] {taskinstance.py:2306} INFO - Starting attempt 2 of 2
[2024-07-24T14:33:51.222+0900] {taskinstance.py:2330} INFO - Executing <Task(BashOperator): copy.log> on 2024-07-14 00:00:00+00:00
[2024-07-24T14:33:51.225+0900] {standard_task_runner.py:64} INFO - Started process 92296 to run task
[2024-07-24T14:33:51.227+0900] {standard_task_runner.py:90} INFO - Running: ['airflow', 'tasks', 'run', 'simple_bash', 'copy.log', 'scheduled__2024-07-14T00:00:00+00:00', '--job-id', '166', '--raw', '--subdir', 'DAGS_FOLDER/simple_bash.py', '--cfg-path', '/var/folders/qv/0knwm5h50ml0skpppwpbks_r0000gp/T/tmp4qptx9x1']
[2024-07-24T14:33:51.228+0900] {standard_task_runner.py:91} INFO - Job 166: Subtask copy.log
[2024-07-24T14:33:51.242+0900] {task_command.py:426} INFO - Running <TaskInstance: simple_bash.copy.log scheduled__2024-07-14T00:00:00+00:00 [running]> on host jeongui-MacBookPro.local
[2024-07-24T14:33:51.263+0900] {taskinstance.py:2648} INFO - Exporting env vars: AIRFLOW_CTX_DAG_OWNER='airflow' AIRFLOW_CTX_DAG_ID='simple_bash' AIRFLOW_CTX_TASK_ID='copy.log' AIRFLOW_CTX_EXECUTION_DATE='2024-07-14T00:00:00+00:00' AIRFLOW_CTX_TRY_NUMBER='2' AIRFLOW_CTX_DAG_RUN_ID='scheduled__2024-07-14T00:00:00+00:00'
[2024-07-24T14:33:51.263+0900] {taskinstance.py:430} INFO - ::endgroup::
[2024-07-24T14:33:51.269+0900] {subprocess.py:63} INFO - Tmp dir root location: /var/folders/qv/0knwm5h50ml0skpppwpbks_r0000gp/T
[2024-07-24T14:33:51.269+0900] {subprocess.py:75} INFO - Running command: ['/bin/bash', '-c', '\n            mkdir -p ~/data/20240714\n            cp ~/logs/history_20240714*.log ~/data/20240714/\n        ']
[2024-07-24T14:33:51.272+0900] {subprocess.py:86} INFO - Output:
[2024-07-24T14:33:51.278+0900] {subprocess.py:97} INFO - Command exited with return code 0
[2024-07-24T14:33:51.278+0900] {taskinstance.py:441} INFO - ::group::Post task execution logs
[2024-07-24T14:33:51.284+0900] {taskinstance.py:1206} INFO - Marking task as SUCCESS. dag_id=simple_bash, task_id=copy.log, run_id=scheduled__2024-07-14T00:00:00+00:00, execution_date=20240714T000000, start_date=20240724T053351, end_date=20240724T053351
[2024-07-24T14:33:51.289+0900] {local_task_job_runner.py:243} INFO - Task exited with return code 0
[2024-07-24T14:33:51.297+0900] {taskinstance.py:3503} INFO - 1 downstream tasks scheduled from follow-on schedule check
[2024-07-24T14:33:51.298+0900] {local_task_job_runner.py:222} INFO - ::endgroup::
