[2024-07-24T16:22:11.743+0900] {local_task_job_runner.py:120} INFO - ::group::Pre task execution logs
[2024-07-24T16:22:11.751+0900] {taskinstance.py:2076} INFO - Dependencies all met for dep_context=non-requeueable deps ti=<TaskInstance: make_parquet.check.done scheduled__2024-07-19T00:00:00+00:00 [queued]>
[2024-07-24T16:22:11.753+0900] {taskinstance.py:2076} INFO - Dependencies all met for dep_context=requeueable deps ti=<TaskInstance: make_parquet.check.done scheduled__2024-07-19T00:00:00+00:00 [queued]>
[2024-07-24T16:22:11.753+0900] {taskinstance.py:2306} INFO - Starting attempt 1 of 2
[2024-07-24T16:22:11.757+0900] {taskinstance.py:2330} INFO - Executing <Task(BashOperator): check.done> on 2024-07-19 00:00:00+00:00
[2024-07-24T16:22:11.760+0900] {standard_task_runner.py:64} INFO - Started process 98851 to run task
[2024-07-24T16:22:11.762+0900] {standard_task_runner.py:90} INFO - Running: ['airflow', 'tasks', 'run', 'make_parquet', 'check.done', 'scheduled__2024-07-19T00:00:00+00:00', '--job-id', '409', '--raw', '--subdir', 'DAGS_FOLDER/make_parquet.py', '--cfg-path', '/var/folders/qv/0knwm5h50ml0skpppwpbks_r0000gp/T/tmp5d6qjllf']
[2024-07-24T16:22:11.764+0900] {standard_task_runner.py:91} INFO - Job 409: Subtask check.done
[2024-07-24T16:22:11.785+0900] {task_command.py:426} INFO - Running <TaskInstance: make_parquet.check.done scheduled__2024-07-19T00:00:00+00:00 [running]> on host jeongui-MacBookPro.local
[2024-07-24T16:22:11.811+0900] {taskinstance.py:2648} INFO - Exporting env vars: AIRFLOW_CTX_DAG_OWNER='airflow' AIRFLOW_CTX_DAG_ID='make_parquet' AIRFLOW_CTX_TASK_ID='check.done' AIRFLOW_CTX_EXECUTION_DATE='2024-07-19T00:00:00+00:00' AIRFLOW_CTX_TRY_NUMBER='1' AIRFLOW_CTX_DAG_RUN_ID='scheduled__2024-07-19T00:00:00+00:00'
[2024-07-24T16:22:11.812+0900] {taskinstance.py:430} INFO - ::endgroup::
[2024-07-24T16:22:11.818+0900] {subprocess.py:63} INFO - Tmp dir root location: /var/folders/qv/0knwm5h50ml0skpppwpbks_r0000gp/T
[2024-07-24T16:22:11.818+0900] {subprocess.py:75} INFO - Running command: ['/bin/bash', '-c', '\n        DONE_FILE=~/data/done/_import/20240719/_DONE\n        bash /Users/DE32/airflow/sh/simple_done_check.sh $DONE_FILE\n        ']
[2024-07-24T16:22:11.821+0900] {subprocess.py:86} INFO - Output:
[2024-07-24T16:22:11.825+0900] {subprocess.py:93} INFO - _DONE Path = /Users/DE32/data/done/_import/20240719/_DONE
[2024-07-24T16:22:11.825+0900] {subprocess.py:93} INFO - I'll be back =>
[2024-07-24T16:22:11.825+0900] {subprocess.py:97} INFO - Command exited with return code 1
[2024-07-24T16:22:11.826+0900] {taskinstance.py:441} INFO - ::group::Post task execution logs
[2024-07-24T16:22:11.829+0900] {taskinstance.py:2905} ERROR - Task failed with exception
Traceback (most recent call last):
  File "/Users/DE32/.pyenv/versions/3.11.9/envs/note/lib/python3.11/site-packages/airflow/models/taskinstance.py", line 465, in _execute_task
    result = _execute_callable(context=context, **execute_callable_kwargs)
             ^^^^^^^^^^^^^^^^^^^^^^^^^^^^^^^^^^^^^^^^^^^^^^^^^^^^^^^^^^^^^
  File "/Users/DE32/.pyenv/versions/3.11.9/envs/note/lib/python3.11/site-packages/airflow/models/taskinstance.py", line 432, in _execute_callable
    return execute_callable(context=context, **execute_callable_kwargs)
           ^^^^^^^^^^^^^^^^^^^^^^^^^^^^^^^^^^^^^^^^^^^^^^^^^^^^^^^^^^^^
  File "/Users/DE32/.pyenv/versions/3.11.9/envs/note/lib/python3.11/site-packages/airflow/models/baseoperator.py", line 401, in wrapper
    return func(self, *args, **kwargs)
           ^^^^^^^^^^^^^^^^^^^^^^^^^^^
  File "/Users/DE32/.pyenv/versions/3.11.9/envs/note/lib/python3.11/site-packages/airflow/operators/bash.py", line 243, in execute
    raise AirflowException(
airflow.exceptions.AirflowException: Bash command failed. The command returned a non-zero exit code 1.
[2024-07-24T16:22:11.831+0900] {taskinstance.py:1206} INFO - Marking task as UP_FOR_RETRY. dag_id=make_parquet, task_id=check.done, run_id=scheduled__2024-07-19T00:00:00+00:00, execution_date=20240719T000000, start_date=20240724T072211, end_date=20240724T072211
[2024-07-24T16:22:11.835+0900] {standard_task_runner.py:110} ERROR - Failed to execute job 409 for task check.done (Bash command failed. The command returned a non-zero exit code 1.; 98851)
[2024-07-24T16:22:11.869+0900] {local_task_job_runner.py:243} INFO - Task exited with return code 1
[2024-07-24T16:22:11.877+0900] {taskinstance.py:3503} INFO - 0 downstream tasks scheduled from follow-on schedule check
[2024-07-24T16:22:11.878+0900] {local_task_job_runner.py:222} INFO - ::endgroup::
[2024-07-24T16:37:02.953+0900] {local_task_job_runner.py:120} INFO - ::group::Pre task execution logs
[2024-07-24T16:37:02.960+0900] {taskinstance.py:2076} INFO - Dependencies all met for dep_context=non-requeueable deps ti=<TaskInstance: make_parquet.check.done scheduled__2024-07-19T00:00:00+00:00 [queued]>
[2024-07-24T16:37:02.962+0900] {taskinstance.py:2076} INFO - Dependencies all met for dep_context=requeueable deps ti=<TaskInstance: make_parquet.check.done scheduled__2024-07-19T00:00:00+00:00 [queued]>
[2024-07-24T16:37:02.962+0900] {taskinstance.py:2306} INFO - Starting attempt 1 of 2
[2024-07-24T16:37:02.966+0900] {taskinstance.py:2330} INFO - Executing <Task(BashOperator): check.done> on 2024-07-19 00:00:00+00:00
[2024-07-24T16:37:02.968+0900] {standard_task_runner.py:64} INFO - Started process 1322 to run task
[2024-07-24T16:37:02.971+0900] {standard_task_runner.py:90} INFO - Running: ['airflow', 'tasks', 'run', 'make_parquet', 'check.done', 'scheduled__2024-07-19T00:00:00+00:00', '--job-id', '396', '--raw', '--subdir', 'DAGS_FOLDER/make_parquet.py', '--cfg-path', '/var/folders/qv/0knwm5h50ml0skpppwpbks_r0000gp/T/tmp4vxv59ps']
[2024-07-24T16:37:02.972+0900] {standard_task_runner.py:91} INFO - Job 396: Subtask check.done
[2024-07-24T16:37:02.985+0900] {task_command.py:426} INFO - Running <TaskInstance: make_parquet.check.done scheduled__2024-07-19T00:00:00+00:00 [running]> on host jeongui-MacBookPro.local
[2024-07-24T16:37:03.008+0900] {taskinstance.py:2648} INFO - Exporting env vars: AIRFLOW_CTX_DAG_OWNER='airflow' AIRFLOW_CTX_DAG_ID='make_parquet' AIRFLOW_CTX_TASK_ID='check.done' AIRFLOW_CTX_EXECUTION_DATE='2024-07-19T00:00:00+00:00' AIRFLOW_CTX_TRY_NUMBER='1' AIRFLOW_CTX_DAG_RUN_ID='scheduled__2024-07-19T00:00:00+00:00'
[2024-07-24T16:37:03.008+0900] {taskinstance.py:430} INFO - ::endgroup::
[2024-07-24T16:37:03.014+0900] {subprocess.py:63} INFO - Tmp dir root location: /var/folders/qv/0knwm5h50ml0skpppwpbks_r0000gp/T
[2024-07-24T16:37:03.015+0900] {subprocess.py:75} INFO - Running command: ['/bin/bash', '-c', '\n        DONE_FILE=~/data/done/_import/20240719/_DONE\n        bash /Users/DE32/airflow/sh/simple_done_check.sh $DONE_FILE\n        ']
[2024-07-24T16:37:03.018+0900] {subprocess.py:86} INFO - Output:
[2024-07-24T16:37:03.022+0900] {subprocess.py:93} INFO - _DONE Path = /Users/DE32/data/done/_import/20240719/_DONE
[2024-07-24T16:37:03.022+0900] {subprocess.py:93} INFO - I'll be back =>
[2024-07-24T16:37:03.023+0900] {subprocess.py:97} INFO - Command exited with return code 1
[2024-07-24T16:37:03.023+0900] {taskinstance.py:441} INFO - ::group::Post task execution logs
[2024-07-24T16:37:03.026+0900] {taskinstance.py:2905} ERROR - Task failed with exception
Traceback (most recent call last):
  File "/Users/DE32/.pyenv/versions/3.11.9/envs/note/lib/python3.11/site-packages/airflow/models/taskinstance.py", line 465, in _execute_task
    result = _execute_callable(context=context, **execute_callable_kwargs)
             ^^^^^^^^^^^^^^^^^^^^^^^^^^^^^^^^^^^^^^^^^^^^^^^^^^^^^^^^^^^^^
  File "/Users/DE32/.pyenv/versions/3.11.9/envs/note/lib/python3.11/site-packages/airflow/models/taskinstance.py", line 432, in _execute_callable
    return execute_callable(context=context, **execute_callable_kwargs)
           ^^^^^^^^^^^^^^^^^^^^^^^^^^^^^^^^^^^^^^^^^^^^^^^^^^^^^^^^^^^^
  File "/Users/DE32/.pyenv/versions/3.11.9/envs/note/lib/python3.11/site-packages/airflow/models/baseoperator.py", line 401, in wrapper
    return func(self, *args, **kwargs)
           ^^^^^^^^^^^^^^^^^^^^^^^^^^^
  File "/Users/DE32/.pyenv/versions/3.11.9/envs/note/lib/python3.11/site-packages/airflow/operators/bash.py", line 243, in execute
    raise AirflowException(
airflow.exceptions.AirflowException: Bash command failed. The command returned a non-zero exit code 1.
[2024-07-24T16:37:03.028+0900] {taskinstance.py:1206} INFO - Marking task as UP_FOR_RETRY. dag_id=make_parquet, task_id=check.done, run_id=scheduled__2024-07-19T00:00:00+00:00, execution_date=20240719T000000, start_date=20240724T073702, end_date=20240724T073703
[2024-07-24T16:37:03.033+0900] {standard_task_runner.py:110} ERROR - Failed to execute job 396 for task check.done (Bash command failed. The command returned a non-zero exit code 1.; 1322)
[2024-07-24T16:37:03.078+0900] {local_task_job_runner.py:243} INFO - Task exited with return code 1
[2024-07-24T16:37:03.086+0900] {taskinstance.py:3503} INFO - 0 downstream tasks scheduled from follow-on schedule check
[2024-07-24T16:37:03.086+0900] {local_task_job_runner.py:222} INFO - ::endgroup::
