[2024-07-24T16:22:48.849+0900] {local_task_job_runner.py:120} INFO - ::group::Pre task execution logs
[2024-07-24T16:22:48.856+0900] {taskinstance.py:2076} INFO - Dependencies all met for dep_context=non-requeueable deps ti=<TaskInstance: make_parquet.check.done scheduled__2024-07-19T00:00:00+00:00 [queued]>
[2024-07-24T16:22:48.859+0900] {taskinstance.py:2076} INFO - Dependencies all met for dep_context=requeueable deps ti=<TaskInstance: make_parquet.check.done scheduled__2024-07-19T00:00:00+00:00 [queued]>
[2024-07-24T16:22:48.859+0900] {taskinstance.py:2306} INFO - Starting attempt 2 of 2
[2024-07-24T16:22:48.863+0900] {taskinstance.py:2330} INFO - Executing <Task(BashOperator): check.done> on 2024-07-19 00:00:00+00:00
[2024-07-24T16:22:48.865+0900] {standard_task_runner.py:64} INFO - Started process 98966 to run task
[2024-07-24T16:22:48.868+0900] {standard_task_runner.py:90} INFO - Running: ['airflow', 'tasks', 'run', 'make_parquet', 'check.done', 'scheduled__2024-07-19T00:00:00+00:00', '--job-id', '415', '--raw', '--subdir', 'DAGS_FOLDER/make_parquet.py', '--cfg-path', '/var/folders/qv/0knwm5h50ml0skpppwpbks_r0000gp/T/tmpc326t88w']
[2024-07-24T16:22:48.869+0900] {standard_task_runner.py:91} INFO - Job 415: Subtask check.done
[2024-07-24T16:22:48.884+0900] {task_command.py:426} INFO - Running <TaskInstance: make_parquet.check.done scheduled__2024-07-19T00:00:00+00:00 [running]> on host jeongui-MacBookPro.local
[2024-07-24T16:22:48.906+0900] {taskinstance.py:2648} INFO - Exporting env vars: AIRFLOW_CTX_DAG_OWNER='airflow' AIRFLOW_CTX_DAG_ID='make_parquet' AIRFLOW_CTX_TASK_ID='check.done' AIRFLOW_CTX_EXECUTION_DATE='2024-07-19T00:00:00+00:00' AIRFLOW_CTX_TRY_NUMBER='2' AIRFLOW_CTX_DAG_RUN_ID='scheduled__2024-07-19T00:00:00+00:00'
[2024-07-24T16:22:48.907+0900] {taskinstance.py:430} INFO - ::endgroup::
[2024-07-24T16:22:48.912+0900] {subprocess.py:63} INFO - Tmp dir root location: /var/folders/qv/0knwm5h50ml0skpppwpbks_r0000gp/T
[2024-07-24T16:22:48.913+0900] {subprocess.py:75} INFO - Running command: ['/bin/bash', '-c', '\n        DONE_FILE=~/data/done/_import/20240719/_DONE\n        bash /Users/DE32/airflow/sh/simple_done_check.sh $DONE_FILE\n        ']
[2024-07-24T16:22:48.916+0900] {subprocess.py:86} INFO - Output:
[2024-07-24T16:22:48.919+0900] {subprocess.py:93} INFO - _DONE Path = /Users/DE32/data/done/_import/20240719/_DONE
[2024-07-24T16:22:48.920+0900] {subprocess.py:93} INFO - I'll be back =>
[2024-07-24T16:22:48.920+0900] {subprocess.py:97} INFO - Command exited with return code 1
[2024-07-24T16:22:48.920+0900] {taskinstance.py:441} INFO - ::group::Post task execution logs
[2024-07-24T16:22:48.923+0900] {taskinstance.py:2905} ERROR - Task failed with exception
Traceback (most recent call last):
  File "/Users/DE32/.pyenv/versions/3.11.9/envs/note/lib/python3.11/site-packages/airflow/models/taskinstance.py", line 465, in _execute_task
    result = _execute_callable(context=context, **execute_callable_kwargs)
             ^^^^^^^^^^^^^^^^^^^^^^^^^^^^^^^^^^^^^^^^^^^^^^^^^^^^^^^^^^^^^
  File "/Users/DE32/.pyenv/versions/3.11.9/envs/note/lib/python3.11/site-packages/airflow/models/taskinstance.py", line 432, in _execute_callable
    return execute_callable(context=context, **execute_callable_kwargs)
           ^^^^^^^^^^^^^^^^^^^^^^^^^^^^^^^^^^^^^^^^^^^^^^^^^^^^^^^^^^^^
  File "/Users/DE32/.pyenv/versions/3.11.9/envs/note/lib/python3.11/site-packages/airflow/models/baseoperator.py", line 401, in wrapper
    return func(self, *args, **kwargs)
           ^^^^^^^^^^^^^^^^^^^^^^^^^^^
  File "/Users/DE32/.pyenv/versions/3.11.9/envs/note/lib/python3.11/site-packages/airflow/operators/bash.py", line 243, in execute
    raise AirflowException(
airflow.exceptions.AirflowException: Bash command failed. The command returned a non-zero exit code 1.
[2024-07-24T16:22:48.925+0900] {taskinstance.py:1206} INFO - Marking task as FAILED. dag_id=make_parquet, task_id=check.done, run_id=scheduled__2024-07-19T00:00:00+00:00, execution_date=20240719T000000, start_date=20240724T072248, end_date=20240724T072248
[2024-07-24T16:22:48.928+0900] {standard_task_runner.py:110} ERROR - Failed to execute job 415 for task check.done (Bash command failed. The command returned a non-zero exit code 1.; 98966)
[2024-07-24T16:22:48.975+0900] {local_task_job_runner.py:243} INFO - Task exited with return code 1
[2024-07-24T16:22:48.984+0900] {taskinstance.py:3503} INFO - 1 downstream tasks scheduled from follow-on schedule check
[2024-07-24T16:22:48.986+0900] {local_task_job_runner.py:222} INFO - ::endgroup::
[2024-07-24T16:37:15.504+0900] {local_task_job_runner.py:120} INFO - ::group::Pre task execution logs
[2024-07-24T16:37:15.511+0900] {taskinstance.py:2076} INFO - Dependencies all met for dep_context=non-requeueable deps ti=<TaskInstance: make_parquet.check.done scheduled__2024-07-19T00:00:00+00:00 [queued]>
[2024-07-24T16:37:15.513+0900] {taskinstance.py:2076} INFO - Dependencies all met for dep_context=requeueable deps ti=<TaskInstance: make_parquet.check.done scheduled__2024-07-19T00:00:00+00:00 [queued]>
[2024-07-24T16:37:15.514+0900] {taskinstance.py:2306} INFO - Starting attempt 2 of 2
[2024-07-24T16:37:15.518+0900] {taskinstance.py:2330} INFO - Executing <Task(BashOperator): check.done> on 2024-07-19 00:00:00+00:00
[2024-07-24T16:37:15.520+0900] {standard_task_runner.py:64} INFO - Started process 1332 to run task
[2024-07-24T16:37:15.522+0900] {standard_task_runner.py:90} INFO - Running: ['airflow', 'tasks', 'run', 'make_parquet', 'check.done', 'scheduled__2024-07-19T00:00:00+00:00', '--job-id', '398', '--raw', '--subdir', 'DAGS_FOLDER/make_parquet.py', '--cfg-path', '/var/folders/qv/0knwm5h50ml0skpppwpbks_r0000gp/T/tmp6t5vlsye']
[2024-07-24T16:37:15.524+0900] {standard_task_runner.py:91} INFO - Job 398: Subtask check.done
[2024-07-24T16:37:15.536+0900] {task_command.py:426} INFO - Running <TaskInstance: make_parquet.check.done scheduled__2024-07-19T00:00:00+00:00 [running]> on host jeongui-MacBookPro.local
[2024-07-24T16:37:15.560+0900] {taskinstance.py:2648} INFO - Exporting env vars: AIRFLOW_CTX_DAG_OWNER='airflow' AIRFLOW_CTX_DAG_ID='make_parquet' AIRFLOW_CTX_TASK_ID='check.done' AIRFLOW_CTX_EXECUTION_DATE='2024-07-19T00:00:00+00:00' AIRFLOW_CTX_TRY_NUMBER='2' AIRFLOW_CTX_DAG_RUN_ID='scheduled__2024-07-19T00:00:00+00:00'
[2024-07-24T16:37:15.560+0900] {taskinstance.py:430} INFO - ::endgroup::
[2024-07-24T16:37:15.566+0900] {subprocess.py:63} INFO - Tmp dir root location: /var/folders/qv/0knwm5h50ml0skpppwpbks_r0000gp/T
[2024-07-24T16:37:15.567+0900] {subprocess.py:75} INFO - Running command: ['/bin/bash', '-c', '\n        DONE_FILE=~/data/done/_import/20240719/_DONE\n        bash /Users/DE32/airflow/sh/simple_done_check.sh $DONE_FILE\n        ']
[2024-07-24T16:37:15.570+0900] {subprocess.py:86} INFO - Output:
[2024-07-24T16:37:15.573+0900] {subprocess.py:93} INFO - _DONE Path = /Users/DE32/data/done/_import/20240719/_DONE
[2024-07-24T16:37:15.573+0900] {subprocess.py:93} INFO - I'll be back =>
[2024-07-24T16:37:15.574+0900] {subprocess.py:97} INFO - Command exited with return code 1
[2024-07-24T16:37:15.574+0900] {taskinstance.py:441} INFO - ::group::Post task execution logs
[2024-07-24T16:37:15.577+0900] {taskinstance.py:2905} ERROR - Task failed with exception
Traceback (most recent call last):
  File "/Users/DE32/.pyenv/versions/3.11.9/envs/note/lib/python3.11/site-packages/airflow/models/taskinstance.py", line 465, in _execute_task
    result = _execute_callable(context=context, **execute_callable_kwargs)
             ^^^^^^^^^^^^^^^^^^^^^^^^^^^^^^^^^^^^^^^^^^^^^^^^^^^^^^^^^^^^^
  File "/Users/DE32/.pyenv/versions/3.11.9/envs/note/lib/python3.11/site-packages/airflow/models/taskinstance.py", line 432, in _execute_callable
    return execute_callable(context=context, **execute_callable_kwargs)
           ^^^^^^^^^^^^^^^^^^^^^^^^^^^^^^^^^^^^^^^^^^^^^^^^^^^^^^^^^^^^
  File "/Users/DE32/.pyenv/versions/3.11.9/envs/note/lib/python3.11/site-packages/airflow/models/baseoperator.py", line 401, in wrapper
    return func(self, *args, **kwargs)
           ^^^^^^^^^^^^^^^^^^^^^^^^^^^
  File "/Users/DE32/.pyenv/versions/3.11.9/envs/note/lib/python3.11/site-packages/airflow/operators/bash.py", line 243, in execute
    raise AirflowException(
airflow.exceptions.AirflowException: Bash command failed. The command returned a non-zero exit code 1.
[2024-07-24T16:37:15.579+0900] {taskinstance.py:1206} INFO - Marking task as FAILED. dag_id=make_parquet, task_id=check.done, run_id=scheduled__2024-07-19T00:00:00+00:00, execution_date=20240719T000000, start_date=20240724T073715, end_date=20240724T073715
[2024-07-24T16:37:15.583+0900] {standard_task_runner.py:110} ERROR - Failed to execute job 398 for task check.done (Bash command failed. The command returned a non-zero exit code 1.; 1332)
[2024-07-24T16:37:15.629+0900] {local_task_job_runner.py:243} INFO - Task exited with return code 1
[2024-07-24T16:37:15.639+0900] {taskinstance.py:3503} INFO - 1 downstream tasks scheduled from follow-on schedule check
[2024-07-24T16:37:15.640+0900] {local_task_job_runner.py:222} INFO - ::endgroup::
