[2024-07-31T11:25:04.554+0900] {local_task_job_runner.py:120} INFO - ::group::Pre task execution logs
[2024-07-31T11:25:04.568+0900] {taskinstance.py:2076} INFO - Dependencies all met for dep_context=non-requeueable deps ti=<TaskInstance: movie.rm.dir scheduled__2024-07-26T02:10:00+00:00 [queued]>
[2024-07-31T11:25:04.574+0900] {taskinstance.py:2076} INFO - Dependencies all met for dep_context=requeueable deps ti=<TaskInstance: movie.rm.dir scheduled__2024-07-26T02:10:00+00:00 [queued]>
[2024-07-31T11:25:04.574+0900] {taskinstance.py:2306} INFO - Starting attempt 2 of 3
[2024-07-31T11:25:04.580+0900] {taskinstance.py:2330} INFO - Executing <Task(BashOperator): rm.dir> on 2024-07-26 02:10:00+00:00
[2024-07-31T11:25:04.583+0900] {standard_task_runner.py:64} INFO - Started process 10901 to run task
[2024-07-31T11:25:04.586+0900] {standard_task_runner.py:90} INFO - Running: ['airflow', 'tasks', 'run', 'movie', 'rm.dir', 'scheduled__2024-07-26T02:10:00+00:00', '--job-id', '744', '--raw', '--subdir', 'DAGS_FOLDER/movie.py', '--cfg-path', '/var/folders/qv/0knwm5h50ml0skpppwpbks_r0000gp/T/tmpa81sagm8']
[2024-07-31T11:25:04.587+0900] {standard_task_runner.py:91} INFO - Job 744: Subtask rm.dir
[2024-07-31T11:25:04.603+0900] {task_command.py:426} INFO - Running <TaskInstance: movie.rm.dir scheduled__2024-07-26T02:10:00+00:00 [running]> on host jeongui-MacBookPro.local
[2024-07-31T11:25:04.625+0900] {taskinstance.py:2648} INFO - Exporting env vars: AIRFLOW_CTX_DAG_OWNER='airflow' AIRFLOW_CTX_DAG_ID='movie' AIRFLOW_CTX_TASK_ID='rm.dir' AIRFLOW_CTX_EXECUTION_DATE='2024-07-26T02:10:00+00:00' AIRFLOW_CTX_TRY_NUMBER='2' AIRFLOW_CTX_DAG_RUN_ID='scheduled__2024-07-26T02:10:00+00:00'
[2024-07-31T11:25:04.625+0900] {taskinstance.py:430} INFO - ::endgroup::
[2024-07-31T11:25:04.631+0900] {subprocess.py:63} INFO - Tmp dir root location: /var/folders/qv/0knwm5h50ml0skpppwpbks_r0000gp/T
[2024-07-31T11:25:04.631+0900] {subprocess.py:75} INFO - Running command: ['/bin/bash', '-c', 'rm -rf ~/tmp/test_parquet/load_dt=20240726']
[2024-07-31T11:25:04.634+0900] {subprocess.py:86} INFO - Output:
[2024-07-31T11:25:04.638+0900] {subprocess.py:97} INFO - Command exited with return code 0
[2024-07-31T11:25:04.639+0900] {taskinstance.py:441} INFO - ::group::Post task execution logs
[2024-07-31T11:25:04.645+0900] {taskinstance.py:1206} INFO - Marking task as SUCCESS. dag_id=movie, task_id=rm.dir, run_id=scheduled__2024-07-26T02:10:00+00:00, execution_date=20240726T021000, start_date=20240731T022504, end_date=20240731T022504
[2024-07-31T11:25:04.693+0900] {local_task_job_runner.py:243} INFO - Task exited with return code 0
[2024-07-31T11:25:04.703+0900] {taskinstance.py:3503} INFO - 0 downstream tasks scheduled from follow-on schedule check
[2024-07-31T11:25:04.703+0900] {local_task_job_runner.py:222} INFO - ::endgroup::
