[2024-07-24T14:15:44.843+0900] {local_task_job_runner.py:120} INFO - ::group::Pre task execution logs
[2024-07-24T14:15:44.851+0900] {taskinstance.py:2076} INFO - Dependencies all met for dep_context=non-requeueable deps ti=<TaskInstance: simple_bash.cut.log scheduled__2024-07-18T00:00:00+00:00 [queued]>
[2024-07-24T14:15:44.854+0900] {taskinstance.py:2076} INFO - Dependencies all met for dep_context=requeueable deps ti=<TaskInstance: simple_bash.cut.log scheduled__2024-07-18T00:00:00+00:00 [queued]>
[2024-07-24T14:15:44.854+0900] {taskinstance.py:2306} INFO - Starting attempt 2 of 3
[2024-07-24T14:15:44.858+0900] {taskinstance.py:2330} INFO - Executing <Task(BashOperator): cut.log> on 2024-07-18 00:00:00+00:00
[2024-07-24T14:15:44.860+0900] {standard_task_runner.py:64} INFO - Started process 90286 to run task
[2024-07-24T14:15:44.863+0900] {standard_task_runner.py:90} INFO - Running: ['airflow', 'tasks', 'run', 'simple_bash', 'cut.log', 'scheduled__2024-07-18T00:00:00+00:00', '--job-id', '94', '--raw', '--subdir', 'DAGS_FOLDER/simple_bash.py', '--cfg-path', '/var/folders/qv/0knwm5h50ml0skpppwpbks_r0000gp/T/tmpfnwjpb4p']
[2024-07-24T14:15:44.864+0900] {standard_task_runner.py:91} INFO - Job 94: Subtask cut.log
[2024-07-24T14:15:44.879+0900] {task_command.py:426} INFO - Running <TaskInstance: simple_bash.cut.log scheduled__2024-07-18T00:00:00+00:00 [running]> on host jeongui-MacBookPro.local
[2024-07-24T14:15:44.901+0900] {taskinstance.py:2648} INFO - Exporting env vars: AIRFLOW_CTX_DAG_OWNER='airflow' AIRFLOW_CTX_DAG_ID='simple_bash' AIRFLOW_CTX_TASK_ID='cut.log' AIRFLOW_CTX_EXECUTION_DATE='2024-07-18T00:00:00+00:00' AIRFLOW_CTX_TRY_NUMBER='2' AIRFLOW_CTX_DAG_RUN_ID='scheduled__2024-07-18T00:00:00+00:00'
[2024-07-24T14:15:44.902+0900] {taskinstance.py:430} INFO - ::endgroup::
[2024-07-24T14:15:44.907+0900] {subprocess.py:63} INFO - Tmp dir root location: /var/folders/qv/0knwm5h50ml0skpppwpbks_r0000gp/T
[2024-07-24T14:15:44.908+0900] {subprocess.py:75} INFO - Running command: ['/bin/bash', '-c', '\n            echo "cut"\n\t\t\tmkdir -p ~/data/cut/20240718\n\t\t\tcat ~/data/20240718/*.log | cut -d\' \' -f1 > ~/data/cut/20240718/cut.log\n        ']
[2024-07-24T14:15:44.911+0900] {subprocess.py:86} INFO - Output:
[2024-07-24T14:15:44.912+0900] {subprocess.py:93} INFO - cut
[2024-07-24T14:15:44.915+0900] {subprocess.py:93} INFO - cut: stdin: Illegal byte sequence
[2024-07-24T14:15:44.915+0900] {subprocess.py:97} INFO - Command exited with return code 1
[2024-07-24T14:15:44.916+0900] {taskinstance.py:441} INFO - ::group::Post task execution logs
[2024-07-24T14:15:44.919+0900] {taskinstance.py:2905} ERROR - Task failed with exception
Traceback (most recent call last):
  File "/Users/DE32/.pyenv/versions/3.11.9/envs/note/lib/python3.11/site-packages/airflow/models/taskinstance.py", line 465, in _execute_task
    result = _execute_callable(context=context, **execute_callable_kwargs)
             ^^^^^^^^^^^^^^^^^^^^^^^^^^^^^^^^^^^^^^^^^^^^^^^^^^^^^^^^^^^^^
  File "/Users/DE32/.pyenv/versions/3.11.9/envs/note/lib/python3.11/site-packages/airflow/models/taskinstance.py", line 432, in _execute_callable
    return execute_callable(context=context, **execute_callable_kwargs)
           ^^^^^^^^^^^^^^^^^^^^^^^^^^^^^^^^^^^^^^^^^^^^^^^^^^^^^^^^^^^^
  File "/Users/DE32/.pyenv/versions/3.11.9/envs/note/lib/python3.11/site-packages/airflow/models/baseoperator.py", line 401, in wrapper
    return func(self, *args, **kwargs)
           ^^^^^^^^^^^^^^^^^^^^^^^^^^^
  File "/Users/DE32/.pyenv/versions/3.11.9/envs/note/lib/python3.11/site-packages/airflow/operators/bash.py", line 243, in execute
    raise AirflowException(
airflow.exceptions.AirflowException: Bash command failed. The command returned a non-zero exit code 1.
[2024-07-24T14:15:44.920+0900] {taskinstance.py:1206} INFO - Marking task as UP_FOR_RETRY. dag_id=simple_bash, task_id=cut.log, run_id=scheduled__2024-07-18T00:00:00+00:00, execution_date=20240718T000000, start_date=20240724T051544, end_date=20240724T051544
[2024-07-24T14:15:44.924+0900] {standard_task_runner.py:110} ERROR - Failed to execute job 94 for task cut.log (Bash command failed. The command returned a non-zero exit code 1.; 90286)
[2024-07-24T14:15:44.964+0900] {local_task_job_runner.py:243} INFO - Task exited with return code 1
[2024-07-24T14:15:44.973+0900] {taskinstance.py:3503} INFO - 0 downstream tasks scheduled from follow-on schedule check
[2024-07-24T14:15:44.973+0900] {local_task_job_runner.py:222} INFO - ::endgroup::
[2024-07-24T14:35:27.082+0900] {local_task_job_runner.py:120} INFO - ::group::Pre task execution logs
[2024-07-24T14:35:27.090+0900] {taskinstance.py:2076} INFO - Dependencies all met for dep_context=non-requeueable deps ti=<TaskInstance: simple_bash.cut.log scheduled__2024-07-18T00:00:00+00:00 [queued]>
[2024-07-24T14:35:27.093+0900] {taskinstance.py:2076} INFO - Dependencies all met for dep_context=requeueable deps ti=<TaskInstance: simple_bash.cut.log scheduled__2024-07-18T00:00:00+00:00 [queued]>
[2024-07-24T14:35:27.093+0900] {taskinstance.py:2306} INFO - Starting attempt 2 of 2
[2024-07-24T14:35:27.097+0900] {taskinstance.py:2330} INFO - Executing <Task(BashOperator): cut.log> on 2024-07-18 00:00:00+00:00
[2024-07-24T14:35:27.099+0900] {standard_task_runner.py:64} INFO - Started process 92462 to run task
[2024-07-24T14:35:27.102+0900] {standard_task_runner.py:90} INFO - Running: ['airflow', 'tasks', 'run', 'simple_bash', 'cut.log', 'scheduled__2024-07-18T00:00:00+00:00', '--job-id', '182', '--raw', '--subdir', 'DAGS_FOLDER/simple_bash.py', '--cfg-path', '/var/folders/qv/0knwm5h50ml0skpppwpbks_r0000gp/T/tmps08srnv5']
[2024-07-24T14:35:27.103+0900] {standard_task_runner.py:91} INFO - Job 182: Subtask cut.log
[2024-07-24T14:35:27.117+0900] {task_command.py:426} INFO - Running <TaskInstance: simple_bash.cut.log scheduled__2024-07-18T00:00:00+00:00 [running]> on host jeongui-MacBookPro.local
[2024-07-24T14:35:27.138+0900] {taskinstance.py:2648} INFO - Exporting env vars: AIRFLOW_CTX_DAG_OWNER='airflow' AIRFLOW_CTX_DAG_ID='simple_bash' AIRFLOW_CTX_TASK_ID='cut.log' AIRFLOW_CTX_EXECUTION_DATE='2024-07-18T00:00:00+00:00' AIRFLOW_CTX_TRY_NUMBER='2' AIRFLOW_CTX_DAG_RUN_ID='scheduled__2024-07-18T00:00:00+00:00'
[2024-07-24T14:35:27.138+0900] {taskinstance.py:430} INFO - ::endgroup::
[2024-07-24T14:35:27.144+0900] {subprocess.py:63} INFO - Tmp dir root location: /var/folders/qv/0knwm5h50ml0skpppwpbks_r0000gp/T
[2024-07-24T14:35:27.144+0900] {subprocess.py:75} INFO - Running command: ['/bin/bash', '-c', '\n            echo "cut"\n\t\t\tLANG=C\n\t\t\tmkdir -p ~/data/cut/20240718\n\t\t\tcat ~/data/20240718/*.log | cut -d\' \' -f1 > ~/data/cut/20240718/cut.log\n        ']
[2024-07-24T14:35:27.147+0900] {subprocess.py:86} INFO - Output:
[2024-07-24T14:35:27.148+0900] {subprocess.py:93} INFO - cut
[2024-07-24T14:35:27.152+0900] {subprocess.py:97} INFO - Command exited with return code 0
[2024-07-24T14:35:27.152+0900] {taskinstance.py:441} INFO - ::group::Post task execution logs
[2024-07-24T14:35:27.157+0900] {taskinstance.py:1206} INFO - Marking task as SUCCESS. dag_id=simple_bash, task_id=cut.log, run_id=scheduled__2024-07-18T00:00:00+00:00, execution_date=20240718T000000, start_date=20240724T053527, end_date=20240724T053527
[2024-07-24T14:35:27.162+0900] {local_task_job_runner.py:243} INFO - Task exited with return code 0
[2024-07-24T14:35:27.170+0900] {taskinstance.py:3503} INFO - 1 downstream tasks scheduled from follow-on schedule check
[2024-07-24T14:35:27.170+0900] {local_task_job_runner.py:222} INFO - ::endgroup::
