[2024-07-24T14:09:43.894+0900] {local_task_job_runner.py:120} INFO - ::group::Pre task execution logs
[2024-07-24T14:09:43.902+0900] {taskinstance.py:2076} INFO - Dependencies all met for dep_context=non-requeueable deps ti=<TaskInstance: simple_bash.cut.log scheduled__2024-07-18T00:00:00+00:00 [queued]>
[2024-07-24T14:09:43.904+0900] {taskinstance.py:2076} INFO - Dependencies all met for dep_context=requeueable deps ti=<TaskInstance: simple_bash.cut.log scheduled__2024-07-18T00:00:00+00:00 [queued]>
[2024-07-24T14:09:43.904+0900] {taskinstance.py:2306} INFO - Starting attempt 1 of 2
[2024-07-24T14:09:43.909+0900] {taskinstance.py:2330} INFO - Executing <Task(BashOperator): cut.log> on 2024-07-18 00:00:00+00:00
[2024-07-24T14:09:43.911+0900] {standard_task_runner.py:64} INFO - Started process 89708 to run task
[2024-07-24T14:09:43.913+0900] {standard_task_runner.py:90} INFO - Running: ['airflow', 'tasks', 'run', 'simple_bash', 'cut.log', 'scheduled__2024-07-18T00:00:00+00:00', '--job-id', '37', '--raw', '--subdir', 'DAGS_FOLDER/simple_bash.py', '--cfg-path', '/var/folders/qv/0knwm5h50ml0skpppwpbks_r0000gp/T/tmpxtt403hg']
[2024-07-24T14:09:43.915+0900] {standard_task_runner.py:91} INFO - Job 37: Subtask cut.log
[2024-07-24T14:09:43.928+0900] {task_command.py:426} INFO - Running <TaskInstance: simple_bash.cut.log scheduled__2024-07-18T00:00:00+00:00 [running]> on host jeongui-MacBookPro.local
[2024-07-24T14:09:43.950+0900] {taskinstance.py:2648} INFO - Exporting env vars: AIRFLOW_CTX_DAG_OWNER='airflow' AIRFLOW_CTX_DAG_ID='simple_bash' AIRFLOW_CTX_TASK_ID='cut.log' AIRFLOW_CTX_EXECUTION_DATE='2024-07-18T00:00:00+00:00' AIRFLOW_CTX_TRY_NUMBER='1' AIRFLOW_CTX_DAG_RUN_ID='scheduled__2024-07-18T00:00:00+00:00'
[2024-07-24T14:09:43.950+0900] {taskinstance.py:430} INFO - ::endgroup::
[2024-07-24T14:09:43.956+0900] {subprocess.py:63} INFO - Tmp dir root location: /var/folders/qv/0knwm5h50ml0skpppwpbks_r0000gp/T
[2024-07-24T14:09:43.956+0900] {subprocess.py:75} INFO - Running command: ['/bin/bash', '-c', '\n            echo "cut"\n\t\t\tmkdir -p ~/data/cut/20240718\n\t\t\tcat ~/data/20240718/*.log | cut -d\' \' -f1 | sort | uniq -c | sort >> ~/data/cut/20240718/cut.log\n        ']
[2024-07-24T14:09:43.959+0900] {subprocess.py:86} INFO - Output:
[2024-07-24T14:09:43.961+0900] {subprocess.py:93} INFO - cut
[2024-07-24T14:09:43.964+0900] {subprocess.py:93} INFO - cut: stdin: Illegal byte sequence
[2024-07-24T14:09:43.966+0900] {subprocess.py:97} INFO - Command exited with return code 0
[2024-07-24T14:09:43.966+0900] {taskinstance.py:441} INFO - ::group::Post task execution logs
[2024-07-24T14:09:43.973+0900] {taskinstance.py:1206} INFO - Marking task as SUCCESS. dag_id=simple_bash, task_id=cut.log, run_id=scheduled__2024-07-18T00:00:00+00:00, execution_date=20240718T000000, start_date=20240724T050943, end_date=20240724T050943
[2024-07-24T14:09:44.020+0900] {local_task_job_runner.py:243} INFO - Task exited with return code 0
[2024-07-24T14:09:44.030+0900] {taskinstance.py:3503} INFO - 1 downstream tasks scheduled from follow-on schedule check
[2024-07-24T14:09:44.031+0900] {local_task_job_runner.py:222} INFO - ::endgroup::
[2024-07-24T14:21:55.898+0900] {local_task_job_runner.py:120} INFO - ::group::Pre task execution logs
[2024-07-24T14:21:55.906+0900] {taskinstance.py:2076} INFO - Dependencies all met for dep_context=non-requeueable deps ti=<TaskInstance: simple_bash.cut.log scheduled__2024-07-18T00:00:00+00:00 [queued]>
[2024-07-24T14:21:55.908+0900] {taskinstance.py:2076} INFO - Dependencies all met for dep_context=requeueable deps ti=<TaskInstance: simple_bash.cut.log scheduled__2024-07-18T00:00:00+00:00 [queued]>
[2024-07-24T14:21:55.908+0900] {taskinstance.py:2306} INFO - Starting attempt 1 of 1
[2024-07-24T14:21:55.912+0900] {taskinstance.py:2330} INFO - Executing <Task(BashOperator): cut.log> on 2024-07-18 00:00:00+00:00
[2024-07-24T14:21:55.915+0900] {standard_task_runner.py:64} INFO - Started process 91042 to run task
[2024-07-24T14:21:55.917+0900] {standard_task_runner.py:90} INFO - Running: ['airflow', 'tasks', 'run', 'simple_bash', 'cut.log', 'scheduled__2024-07-18T00:00:00+00:00', '--job-id', '133', '--raw', '--subdir', 'DAGS_FOLDER/simple_bash.py', '--cfg-path', '/var/folders/qv/0knwm5h50ml0skpppwpbks_r0000gp/T/tmppr4zxp5f']
[2024-07-24T14:21:55.918+0900] {standard_task_runner.py:91} INFO - Job 133: Subtask cut.log
[2024-07-24T14:21:55.932+0900] {task_command.py:426} INFO - Running <TaskInstance: simple_bash.cut.log scheduled__2024-07-18T00:00:00+00:00 [running]> on host jeongui-MacBookPro.local
[2024-07-24T14:21:55.954+0900] {taskinstance.py:2648} INFO - Exporting env vars: AIRFLOW_CTX_DAG_OWNER='airflow' AIRFLOW_CTX_DAG_ID='simple_bash' AIRFLOW_CTX_TASK_ID='cut.log' AIRFLOW_CTX_EXECUTION_DATE='2024-07-18T00:00:00+00:00' AIRFLOW_CTX_TRY_NUMBER='1' AIRFLOW_CTX_DAG_RUN_ID='scheduled__2024-07-18T00:00:00+00:00'
[2024-07-24T14:21:55.954+0900] {taskinstance.py:430} INFO - ::endgroup::
[2024-07-24T14:21:55.960+0900] {subprocess.py:63} INFO - Tmp dir root location: /var/folders/qv/0knwm5h50ml0skpppwpbks_r0000gp/T
[2024-07-24T14:21:55.960+0900] {subprocess.py:75} INFO - Running command: ['/bin/bash', '-c', '\n            echo "cut"\n\t\t\tLANG=C\n\t\t\tmkdir -p ~/data/cut/20240718\n\t\t\tcat ~/data/20240718/*.log | cut -d\' \' -f1 > ~/data/cut/20240718/cut.log\n        ']
[2024-07-24T14:21:55.964+0900] {subprocess.py:86} INFO - Output:
[2024-07-24T14:21:55.965+0900] {subprocess.py:93} INFO - cut
[2024-07-24T14:21:55.969+0900] {subprocess.py:97} INFO - Command exited with return code 0
[2024-07-24T14:21:55.969+0900] {taskinstance.py:441} INFO - ::group::Post task execution logs
[2024-07-24T14:21:55.975+0900] {taskinstance.py:1206} INFO - Marking task as SUCCESS. dag_id=simple_bash, task_id=cut.log, run_id=scheduled__2024-07-18T00:00:00+00:00, execution_date=20240718T000000, start_date=20240724T052155, end_date=20240724T052155
[2024-07-24T14:21:56.023+0900] {local_task_job_runner.py:243} INFO - Task exited with return code 0
[2024-07-24T14:21:56.032+0900] {taskinstance.py:3503} INFO - 1 downstream tasks scheduled from follow-on schedule check
[2024-07-24T14:21:56.033+0900] {local_task_job_runner.py:222} INFO - ::endgroup::
