[2024-07-31T19:35:23.491+0900] {local_task_job_runner.py:120} INFO - ::group::Pre task execution logs
[2024-07-31T19:35:23.502+0900] {taskinstance.py:2076} INFO - Dependencies all met for dep_context=non-requeueable deps ti=<TaskInstance: movie.nation.k scheduled__2024-07-24T02:10:00+00:00 [queued]>
[2024-07-31T19:35:23.506+0900] {taskinstance.py:2076} INFO - Dependencies all met for dep_context=requeueable deps ti=<TaskInstance: movie.nation.k scheduled__2024-07-24T02:10:00+00:00 [queued]>
[2024-07-31T19:35:23.506+0900] {taskinstance.py:2306} INFO - Starting attempt 4 of 5
[2024-07-31T19:35:23.512+0900] {taskinstance.py:2330} INFO - Executing <Task(PythonVirtualenvOperator): nation.k> on 2024-07-24 02:10:00+00:00
[2024-07-31T19:35:23.515+0900] {standard_task_runner.py:64} INFO - Started process 32390 to run task
[2024-07-31T19:35:23.517+0900] {standard_task_runner.py:90} INFO - Running: ['airflow', 'tasks', 'run', 'movie', 'nation.k', 'scheduled__2024-07-24T02:10:00+00:00', '--job-id', '936', '--raw', '--subdir', 'DAGS_FOLDER/movie.py', '--cfg-path', '/var/folders/qv/0knwm5h50ml0skpppwpbks_r0000gp/T/tmp8wfv_jhy']
[2024-07-31T19:35:23.519+0900] {standard_task_runner.py:91} INFO - Job 936: Subtask nation.k
[2024-07-31T19:35:23.534+0900] {task_command.py:426} INFO - Running <TaskInstance: movie.nation.k scheduled__2024-07-24T02:10:00+00:00 [running]> on host jeongui-MacBookPro.local
[2024-07-31T19:35:23.555+0900] {taskinstance.py:2648} INFO - Exporting env vars: AIRFLOW_CTX_DAG_OWNER='airflow' AIRFLOW_CTX_DAG_ID='movie' AIRFLOW_CTX_TASK_ID='nation.k' AIRFLOW_CTX_EXECUTION_DATE='2024-07-24T02:10:00+00:00' AIRFLOW_CTX_TRY_NUMBER='4' AIRFLOW_CTX_DAG_RUN_ID='scheduled__2024-07-24T02:10:00+00:00'
[2024-07-31T19:35:23.555+0900] {taskinstance.py:430} INFO - ::endgroup::
[2024-07-31T19:35:23.560+0900] {baseoperator.py:400} WARNING - PythonVirtualenvOperator.execute cannot be called outside TaskInstance!
[2024-07-31T19:35:23.560+0900] {process_utils.py:183} INFO - Executing cmd: /Users/DE32/.pyenv/versions/3.11.9/envs/note/bin/python -m virtualenv /var/folders/qv/0knwm5h50ml0skpppwpbks_r0000gp/T/venvanlqdgr1 --python=python
[2024-07-31T19:35:23.562+0900] {process_utils.py:187} INFO - Output:
[2024-07-31T19:35:23.807+0900] {process_utils.py:191} INFO - created virtual environment CPython3.11.9.final.0-64 in 174ms
[2024-07-31T19:35:23.808+0900] {process_utils.py:191} INFO -   creator CPython3Posix(dest=/private/var/folders/qv/0knwm5h50ml0skpppwpbks_r0000gp/T/venvanlqdgr1, clear=False, no_vcs_ignore=False, global=False)
[2024-07-31T19:35:23.808+0900] {process_utils.py:191} INFO -   seeder FromAppData(download=False, pip=bundle, setuptools=bundle, wheel=bundle, via=copy, app_data_dir=/Users/DE32/Library/Application Support/virtualenv)
[2024-07-31T19:35:23.808+0900] {process_utils.py:191} INFO -     added seed packages: pip==24.1.2, setuptools==70.2.0, wheel==0.43.0
[2024-07-31T19:35:23.808+0900] {process_utils.py:191} INFO -   activators BashActivator,CShellActivator,FishActivator,NushellActivator,PowerShellActivator,PythonActivator
[2024-07-31T19:35:23.819+0900] {process_utils.py:183} INFO - Executing cmd: /var/folders/qv/0knwm5h50ml0skpppwpbks_r0000gp/T/venvanlqdgr1/bin/pip install -r /var/folders/qv/0knwm5h50ml0skpppwpbks_r0000gp/T/venvanlqdgr1/requirements.txt
[2024-07-31T19:35:23.821+0900] {process_utils.py:187} INFO - Output:
[2024-07-31T19:35:24.549+0900] {process_utils.py:191} INFO - Collecting git+https://github.com/Jeonghoon2/movie.git@0.2/api (from -r /var/folders/qv/0knwm5h50ml0skpppwpbks_r0000gp/T/venvanlqdgr1/requirements.txt (line 1))
[2024-07-31T19:35:24.549+0900] {process_utils.py:191} INFO -   Cloning https://github.com/Jeonghoon2/movie.git (to revision 0.2/api) to /private/var/folders/qv/0knwm5h50ml0skpppwpbks_r0000gp/T/pip-req-build-bxmw05jo
[2024-07-31T19:35:24.562+0900] {process_utils.py:191} INFO -   Running command git clone --filter=blob:none --quiet https://github.com/Jeonghoon2/movie.git /private/var/folders/qv/0knwm5h50ml0skpppwpbks_r0000gp/T/pip-req-build-bxmw05jo
[2024-07-31T19:35:25.838+0900] {process_utils.py:191} INFO -   Running command git checkout -b 0.2/api --track origin/0.2/api
[2024-07-31T19:35:26.530+0900] {process_utils.py:191} INFO -   Switched to a new branch '0.2/api'
[2024-07-31T19:35:26.531+0900] {process_utils.py:191} INFO -   branch '0.2/api' set up to track 'origin/0.2/api'.
[2024-07-31T19:35:26.531+0900] {process_utils.py:191} INFO -   Resolved https://github.com/Jeonghoon2/movie.git to commit c2fdd392ce95b386519b05b3bab786608cdb1c58
[2024-07-31T19:35:26.553+0900] {process_utils.py:191} INFO -   Installing build dependencies: started
[2024-07-31T19:35:27.446+0900] {process_utils.py:191} INFO -   Installing build dependencies: finished with status 'done'
[2024-07-31T19:35:27.447+0900] {process_utils.py:191} INFO -   Getting requirements to build wheel: started
[2024-07-31T19:35:27.569+0900] {process_utils.py:191} INFO -   Getting requirements to build wheel: finished with status 'done'
[2024-07-31T19:35:27.571+0900] {process_utils.py:191} INFO -   Preparing metadata (pyproject.toml): started
[2024-07-31T19:35:27.695+0900] {process_utils.py:191} INFO -   Preparing metadata (pyproject.toml): finished with status 'done'
[2024-07-31T19:35:27.750+0900] {process_utils.py:191} INFO - Collecting requests>=2.32.3 (from mov==0.1.0->-r /var/folders/qv/0knwm5h50ml0skpppwpbks_r0000gp/T/venvanlqdgr1/requirements.txt (line 1))
[2024-07-31T19:35:27.751+0900] {process_utils.py:191} INFO -   Using cached requests-2.32.3-py3-none-any.whl.metadata (4.6 kB)
[2024-07-31T19:35:27.816+0900] {process_utils.py:191} INFO - Collecting pandas>=2.2.2 (from mov==0.1.0->-r /var/folders/qv/0knwm5h50ml0skpppwpbks_r0000gp/T/venvanlqdgr1/requirements.txt (line 1))
[2024-07-31T19:35:27.817+0900] {process_utils.py:191} INFO -   Using cached pandas-2.2.2-cp311-cp311-macosx_11_0_arm64.whl.metadata (19 kB)
[2024-07-31T19:35:27.916+0900] {process_utils.py:191} INFO - Collecting numpy>=2.0.1 (from mov==0.1.0->-r /var/folders/qv/0knwm5h50ml0skpppwpbks_r0000gp/T/venvanlqdgr1/requirements.txt (line 1))
[2024-07-31T19:35:27.917+0900] {process_utils.py:191} INFO -   Using cached numpy-2.0.1-cp311-cp311-macosx_14_0_arm64.whl.metadata (60 kB)
[2024-07-31T19:35:27.964+0900] {process_utils.py:191} INFO - Collecting pyarrow>=17.0.0 (from mov==0.1.0->-r /var/folders/qv/0knwm5h50ml0skpppwpbks_r0000gp/T/venvanlqdgr1/requirements.txt (line 1))
[2024-07-31T19:35:27.965+0900] {process_utils.py:191} INFO -   Using cached pyarrow-17.0.0-cp311-cp311-macosx_11_0_arm64.whl.metadata (3.3 kB)
[2024-07-31T19:35:27.986+0900] {process_utils.py:191} INFO - Collecting python-dateutil>=2.8.2 (from pandas>=2.2.2->mov==0.1.0->-r /var/folders/qv/0knwm5h50ml0skpppwpbks_r0000gp/T/venvanlqdgr1/requirements.txt (line 1))
[2024-07-31T19:35:27.987+0900] {process_utils.py:191} INFO -   Using cached python_dateutil-2.9.0.post0-py2.py3-none-any.whl.metadata (8.4 kB)
[2024-07-31T19:35:28.016+0900] {process_utils.py:191} INFO - Collecting pytz>=2020.1 (from pandas>=2.2.2->mov==0.1.0->-r /var/folders/qv/0knwm5h50ml0skpppwpbks_r0000gp/T/venvanlqdgr1/requirements.txt (line 1))
[2024-07-31T19:35:28.017+0900] {process_utils.py:191} INFO -   Using cached pytz-2024.1-py2.py3-none-any.whl.metadata (22 kB)
[2024-07-31T19:35:28.030+0900] {process_utils.py:191} INFO - Collecting tzdata>=2022.7 (from pandas>=2.2.2->mov==0.1.0->-r /var/folders/qv/0knwm5h50ml0skpppwpbks_r0000gp/T/venvanlqdgr1/requirements.txt (line 1))
[2024-07-31T19:35:28.031+0900] {process_utils.py:191} INFO -   Using cached tzdata-2024.1-py2.py3-none-any.whl.metadata (1.4 kB)
[2024-07-31T19:35:28.073+0900] {process_utils.py:191} INFO - Collecting charset-normalizer<4,>=2 (from requests>=2.32.3->mov==0.1.0->-r /var/folders/qv/0knwm5h50ml0skpppwpbks_r0000gp/T/venvanlqdgr1/requirements.txt (line 1))
[2024-07-31T19:35:28.073+0900] {process_utils.py:191} INFO -   Using cached charset_normalizer-3.3.2-cp311-cp311-macosx_11_0_arm64.whl.metadata (33 kB)
[2024-07-31T19:35:28.087+0900] {process_utils.py:191} INFO - Collecting idna<4,>=2.5 (from requests>=2.32.3->mov==0.1.0->-r /var/folders/qv/0knwm5h50ml0skpppwpbks_r0000gp/T/venvanlqdgr1/requirements.txt (line 1))
[2024-07-31T19:35:28.087+0900] {process_utils.py:191} INFO -   Using cached idna-3.7-py3-none-any.whl.metadata (9.9 kB)
[2024-07-31T19:35:28.113+0900] {process_utils.py:191} INFO - Collecting urllib3<3,>=1.21.1 (from requests>=2.32.3->mov==0.1.0->-r /var/folders/qv/0knwm5h50ml0skpppwpbks_r0000gp/T/venvanlqdgr1/requirements.txt (line 1))
[2024-07-31T19:35:28.114+0900] {process_utils.py:191} INFO -   Using cached urllib3-2.2.2-py3-none-any.whl.metadata (6.4 kB)
[2024-07-31T19:35:28.142+0900] {process_utils.py:191} INFO - Collecting certifi>=2017.4.17 (from requests>=2.32.3->mov==0.1.0->-r /var/folders/qv/0knwm5h50ml0skpppwpbks_r0000gp/T/venvanlqdgr1/requirements.txt (line 1))
[2024-07-31T19:35:28.143+0900] {process_utils.py:191} INFO -   Using cached certifi-2024.7.4-py3-none-any.whl.metadata (2.2 kB)
[2024-07-31T19:35:28.155+0900] {process_utils.py:191} INFO - Collecting six>=1.5 (from python-dateutil>=2.8.2->pandas>=2.2.2->mov==0.1.0->-r /var/folders/qv/0knwm5h50ml0skpppwpbks_r0000gp/T/venvanlqdgr1/requirements.txt (line 1))
[2024-07-31T19:35:28.156+0900] {process_utils.py:191} INFO -   Using cached six-1.16.0-py2.py3-none-any.whl.metadata (1.8 kB)
[2024-07-31T19:35:28.159+0900] {process_utils.py:191} INFO - Using cached numpy-2.0.1-cp311-cp311-macosx_14_0_arm64.whl (5.3 MB)
[2024-07-31T19:35:28.165+0900] {process_utils.py:191} INFO - Using cached pandas-2.2.2-cp311-cp311-macosx_11_0_arm64.whl (11.3 MB)
[2024-07-31T19:35:28.177+0900] {process_utils.py:191} INFO - Using cached pyarrow-17.0.0-cp311-cp311-macosx_11_0_arm64.whl (27.2 MB)
[2024-07-31T19:35:28.203+0900] {process_utils.py:191} INFO - Using cached requests-2.32.3-py3-none-any.whl (64 kB)
[2024-07-31T19:35:28.204+0900] {process_utils.py:191} INFO - Using cached certifi-2024.7.4-py3-none-any.whl (162 kB)
[2024-07-31T19:35:28.205+0900] {process_utils.py:191} INFO - Using cached charset_normalizer-3.3.2-cp311-cp311-macosx_11_0_arm64.whl (118 kB)
[2024-07-31T19:35:28.206+0900] {process_utils.py:191} INFO - Using cached idna-3.7-py3-none-any.whl (66 kB)
[2024-07-31T19:35:28.207+0900] {process_utils.py:191} INFO - Using cached python_dateutil-2.9.0.post0-py2.py3-none-any.whl (229 kB)
[2024-07-31T19:35:28.208+0900] {process_utils.py:191} INFO - Using cached pytz-2024.1-py2.py3-none-any.whl (505 kB)
[2024-07-31T19:35:28.209+0900] {process_utils.py:191} INFO - Using cached tzdata-2024.1-py2.py3-none-any.whl (345 kB)
[2024-07-31T19:35:28.210+0900] {process_utils.py:191} INFO - Using cached urllib3-2.2.2-py3-none-any.whl (121 kB)
[2024-07-31T19:35:28.211+0900] {process_utils.py:191} INFO - Using cached six-1.16.0-py2.py3-none-any.whl (11 kB)
[2024-07-31T19:35:28.253+0900] {process_utils.py:191} INFO - Building wheels for collected packages: mov
[2024-07-31T19:35:28.266+0900] {process_utils.py:191} INFO -   Building wheel for mov (pyproject.toml): started
[2024-07-31T19:35:28.401+0900] {process_utils.py:191} INFO -   Building wheel for mov (pyproject.toml): finished with status 'done'
[2024-07-31T19:35:28.402+0900] {process_utils.py:191} INFO -   Created wheel for mov: filename=mov-0.1.0-py3-none-any.whl size=3056 sha256=c49163e0ff53ce400ab9592ea1a0859d4d2de053725a775801a5f05bb039718d
[2024-07-31T19:35:28.402+0900] {process_utils.py:191} INFO -   Stored in directory: /private/var/folders/qv/0knwm5h50ml0skpppwpbks_r0000gp/T/pip-ephem-wheel-cache-wx_r8sd2/wheels/cf/ab/a7/d0c528d20fa8a5f19e169bdf1d98f2b2cefe79d8527bb89200
[2024-07-31T19:35:28.403+0900] {process_utils.py:191} INFO - Successfully built mov
[2024-07-31T19:35:28.431+0900] {process_utils.py:191} INFO - Installing collected packages: pytz, urllib3, tzdata, six, numpy, idna, charset-normalizer, certifi, requests, python-dateutil, pyarrow, pandas, mov
[2024-07-31T19:35:32.946+0900] {process_utils.py:191} INFO - Successfully installed certifi-2024.7.4 charset-normalizer-3.3.2 idna-3.7 mov-0.1.0 numpy-2.0.1 pandas-2.2.2 pyarrow-17.0.0 python-dateutil-2.9.0.post0 pytz-2024.1 requests-2.32.3 six-1.16.0 tzdata-2024.1 urllib3-2.2.2
[2024-07-31T19:35:32.949+0900] {process_utils.py:191} INFO - 
[2024-07-31T19:35:32.950+0900] {process_utils.py:191} INFO - [notice] A new release of pip is available: 24.1.2 -> 24.2
[2024-07-31T19:35:32.950+0900] {process_utils.py:191} INFO - [notice] To update, run: python -m pip install --upgrade pip
[2024-07-31T19:35:33.085+0900] {logging_mixin.py:188} WARNING - /Users/DE32/.pyenv/versions/3.11.9/envs/note/lib/python3.11/site-packages/airflow/utils/context.py:212 AirflowContextDeprecationWarning: Accessing 'next_ds' from the template is deprecated and will be removed in a future version. Please use '{{ data_interval_end | ds }}' instead.
[2024-07-31T19:35:33.085+0900] {logging_mixin.py:188} WARNING - /Users/DE32/.pyenv/versions/3.11.9/envs/note/lib/python3.11/site-packages/airflow/utils/context.py:212 AirflowContextDeprecationWarning: Accessing 'next_ds_nodash' from the template is deprecated and will be removed in a future version. Please use '{{ data_interval_end | ds_nodash }}' instead.
[2024-07-31T19:35:33.086+0900] {logging_mixin.py:188} WARNING - /Users/DE32/.pyenv/versions/3.11.9/envs/note/lib/python3.11/site-packages/airflow/utils/context.py:212 AirflowContextDeprecationWarning: Accessing 'prev_ds' from the template is deprecated and will be removed in a future version.
[2024-07-31T19:35:33.086+0900] {logging_mixin.py:188} WARNING - /Users/DE32/.pyenv/versions/3.11.9/envs/note/lib/python3.11/site-packages/airflow/utils/context.py:212 AirflowContextDeprecationWarning: Accessing 'prev_ds_nodash' from the template is deprecated and will be removed in a future version.
[2024-07-31T19:35:33.086+0900] {logging_mixin.py:188} WARNING - /Users/DE32/.pyenv/versions/3.11.9/envs/note/lib/python3.11/site-packages/airflow/utils/context.py:212 AirflowContextDeprecationWarning: Accessing 'tomorrow_ds' from the template is deprecated and will be removed in a future version.
[2024-07-31T19:35:33.087+0900] {logging_mixin.py:188} WARNING - /Users/DE32/.pyenv/versions/3.11.9/envs/note/lib/python3.11/site-packages/airflow/utils/context.py:212 AirflowContextDeprecationWarning: Accessing 'tomorrow_ds_nodash' from the template is deprecated and will be removed in a future version.
[2024-07-31T19:35:33.087+0900] {logging_mixin.py:188} WARNING - /Users/DE32/.pyenv/versions/3.11.9/envs/note/lib/python3.11/site-packages/airflow/utils/context.py:212 AirflowContextDeprecationWarning: Accessing 'yesterday_ds' from the template is deprecated and will be removed in a future version.
[2024-07-31T19:35:33.088+0900] {logging_mixin.py:188} WARNING - /Users/DE32/.pyenv/versions/3.11.9/envs/note/lib/python3.11/site-packages/airflow/utils/context.py:212 AirflowContextDeprecationWarning: Accessing 'yesterday_ds_nodash' from the template is deprecated and will be removed in a future version.
[2024-07-31T19:35:33.091+0900] {process_utils.py:183} INFO - Executing cmd: /var/folders/qv/0knwm5h50ml0skpppwpbks_r0000gp/T/venvanlqdgr1/bin/python /var/folders/qv/0knwm5h50ml0skpppwpbks_r0000gp/T/venv-call2mvdah4b/script.py /var/folders/qv/0knwm5h50ml0skpppwpbks_r0000gp/T/venv-call2mvdah4b/script.in /var/folders/qv/0knwm5h50ml0skpppwpbks_r0000gp/T/venv-call2mvdah4b/script.out /var/folders/qv/0knwm5h50ml0skpppwpbks_r0000gp/T/venv-call2mvdah4b/string_args.txt /var/folders/qv/0knwm5h50ml0skpppwpbks_r0000gp/T/venv-call2mvdah4b/termination.log
[2024-07-31T19:35:33.093+0900] {process_utils.py:187} INFO - Output:
[2024-07-31T19:35:46.475+0900] {process_utils.py:191} INFO - {'boxOfficeResult': {'boxofficeType': '일별 박스오피스', 'showRange': '20240724~20240724', 'dailyBoxOfficeList': [{'rnum': '1', 'rank': '1', 'rankInten': '0', 'rankOldAndNew': 'OLD', 'movieCd': '20212932', 'movieNm': '탈주', 'openDt': '2024-07-03', 'salesAmt': '335917595', 'salesShare': '50.2', 'salesInten': '-108900901', 'salesChange': '-24.5', 'salesAcc': '19332614529', 'audiCnt': '35724', 'audiInten': '-11161', 'audiChange': '-23.8', 'audiAcc': '2040407', 'scrnCnt': '879', 'showCnt': '2171'}, {'rnum': '2', 'rank': '2', 'rankInten': '0', 'rankOldAndNew': 'OLD', 'movieCd': '20208245', 'movieNm': '핸섬가이즈', 'openDt': '2024-06-26', 'salesAmt': '93934862', 'salesShare': '14.0', 'salesInten': '-96733299', 'salesChange': '-50.7', 'salesAcc': '15351956368', 'audiCnt': '10223', 'audiInten': '-10129', 'audiChange': '-49.8', 'audiAcc': '1644083', 'scrnCnt': '532', 'showCnt': '878'}, {'rnum': '3', 'rank': '3', 'rankInten': '0', 'rankOldAndNew': 'OLD', 'movieCd': '20208911', 'movieNm': '탈출: 프로젝트 사일런스', 'openDt': '2024-07-12', 'salesAmt': '61488551', 'salesShare': '9.2', 'salesInten': '-111919554', 'salesChange': '-64.5', 'salesAcc': '6277712995', 'audiCnt': '6735', 'audiInten': '-11546', 'audiChange': '-63.2', 'audiAcc': '643692', 'scrnCnt': '416', 'showCnt': '629'}, {'rnum': '4', 'rank': '4', 'rankInten': '0', 'rankOldAndNew': 'NEW', 'movieCd': '20242349', 'movieNm': '이준호 콘서트 : 다시 만나는 날', 'openDt': '2024-07-24', 'salesAmt': '108169000', 'salesShare': '16.2', 'salesInten': '108169000', 'salesChange': '100', 'salesAcc': '108169000', 'audiCnt': '4327', 'audiInten': '4327', 'audiChange': '100', 'audiAcc': '4327', 'scrnCnt': '56', 'showCnt': '105'}, {'rnum': '5', 'rank': '5', 'rankInten': '0', 'rankOldAndNew': 'OLD', 'movieCd': '20248465', 'movieNm': '하이재킹', 'openDt': '2024-06-21', 'salesAmt': '17833495', 'salesShare': '2.7', 'salesInten': '-58995111', 'salesChange': '-76.8', 'salesAcc': '16705874261', 'audiCnt': '1955', 'audiInten': '-6191', 'audiChange': '-76', 'audiAcc': '1758706', 'scrnCnt': '147', 'showCnt': '180'}, {'rnum': '6', 'rank': '6', 'rankInten': '-2', 'rankOldAndNew': 'OLD', 'movieCd': '20224666', 'movieNm': '파일럿', 'openDt': '2024-07-31', 'salesAmt': '14658000', 'salesShare': '2.2', 'salesInten': '-118493000', 'salesChange': '-89', 'salesAcc': '248598000', 'audiCnt': '1854', 'audiInten': '-11537', 'audiChange': '-86.2', 'audiAcc': '26210', 'scrnCnt': '11', 'showCnt': '13'}, {'rnum': '7', 'rank': '7', 'rankInten': '-1', 'rankOldAndNew': 'OLD', 'movieCd': '20241984', 'movieNm': '2023 영탁 단독 콘서트 : 탁쇼2', 'openDt': '2024-07-18', 'salesAmt': '20285500', 'salesShare': '3.0', 'salesInten': '-4735000', 'salesChange': '-18.9', 'salesAcc': '555650500', 'audiCnt': '812', 'audiInten': '-189', 'audiChange': '-18.9', 'audiAcc': '22231', 'scrnCnt': '73', 'showCnt': '90'}, {'rnum': '8', 'rank': '8', 'rankInten': '0', 'rankOldAndNew': 'NEW', 'movieCd': '20236233', 'movieNm': '엄마의 왕국', 'openDt': '2024-07-24', 'salesAmt': '3090500', 'salesShare': '0.5', 'salesInten': '3090500', 'salesChange': '100', 'salesAcc': '19374500', 'audiCnt': '287', 'audiInten': '287', 'audiChange': '100', 'audiAcc': '2068', 'scrnCnt': '24', 'showCnt': '26'}, {'rnum': '9', 'rank': '9', 'rankInten': '3', 'rankOldAndNew': 'OLD', 'movieCd': '20231415', 'movieNm': '소풍', 'openDt': '2024-02-07', 'salesAmt': '1514000', 'salesShare': '0.2', 'salesInten': '1102000', 'salesChange': '267.5', 'salesAcc': '3138465943', 'audiCnt': '286', 'audiInten': '196', 'audiChange': '217.8', 'audiAcc': '354424', 'scrnCnt': '4', 'showCnt': '5'}, {'rnum': '10', 'rank': '10', 'rankInten': '0', 'rankOldAndNew': 'NEW', 'movieCd': '20206946', 'movieNm': '시민덕희', 'openDt': '2024-01-24', 'salesAmt': '1414000', 'salesShare': '0.2', 'salesInten': '1414000', 'salesChange': '100', 'salesAcc': '16161518097', 'audiCnt': '200', 'audiInten': '200', 'audiChange': '100', 'audiAcc': '1713039', 'scrnCnt': '1', 'showCnt': '1'}]}}
[2024-07-31T19:35:46.476+0900] {process_utils.py:191} INFO - partitioning List : ['load_dt', 'repNationCd']
[2024-07-31T19:35:46.476+0900] {process_utils.py:191} INFO -   rnum rank rankInten rankOldAndNew  ... scrnCnt showCnt   load_dt repNationCd
[2024-07-31T19:35:46.477+0900] {process_utils.py:191} INFO - 0    1    1         0           OLD  ...     879    2171  20240724           K
[2024-07-31T19:35:46.477+0900] {process_utils.py:191} INFO - 1    2    2         0           OLD  ...     532     878  20240724           K
[2024-07-31T19:35:46.478+0900] {process_utils.py:191} INFO - 2    3    3         0           OLD  ...     416     629  20240724           K
[2024-07-31T19:35:46.478+0900] {process_utils.py:191} INFO - 3    4    4         0           NEW  ...      56     105  20240724           K
[2024-07-31T19:35:46.478+0900] {process_utils.py:191} INFO - 4    5    5         0           OLD  ...     147     180  20240724           K
[2024-07-31T19:35:46.479+0900] {process_utils.py:191} INFO - 5    6    6        -2           OLD  ...      11      13  20240724           K
[2024-07-31T19:35:46.479+0900] {process_utils.py:191} INFO - 6    7    7        -1           OLD  ...      73      90  20240724           K
[2024-07-31T19:35:46.479+0900] {process_utils.py:191} INFO - 7    8    8         0           NEW  ...      24      26  20240724           K
[2024-07-31T19:35:46.480+0900] {process_utils.py:191} INFO - 8    9    9         3           OLD  ...       4       5  20240724           K
[2024-07-31T19:35:46.480+0900] {process_utils.py:191} INFO - 9   10   10         0           NEW  ...       1       1  20240724           K
[2024-07-31T19:35:46.480+0900] {process_utils.py:191} INFO - 
[2024-07-31T19:35:46.480+0900] {process_utils.py:191} INFO - [10 rows x 20 columns]
[2024-07-31T19:35:46.940+0900] {python.py:237} INFO - Done. Returned value was: None
[2024-07-31T19:35:46.940+0900] {taskinstance.py:441} INFO - ::group::Post task execution logs
[2024-07-31T19:35:46.944+0900] {taskinstance.py:1206} INFO - Marking task as SUCCESS. dag_id=movie, task_id=nation.k, run_id=scheduled__2024-07-24T02:10:00+00:00, execution_date=20240724T021000, start_date=20240731T103523, end_date=20240731T103546
[2024-07-31T19:35:46.985+0900] {local_task_job_runner.py:243} INFO - Task exited with return code 0
[2024-07-31T19:35:46.994+0900] {taskinstance.py:3503} INFO - 0 downstream tasks scheduled from follow-on schedule check
[2024-07-31T19:35:46.994+0900] {local_task_job_runner.py:222} INFO - ::endgroup::
