[2024-07-31T09:32:17.781+0900] {local_task_job_runner.py:120} INFO - ::group::Pre task execution logs
[2024-07-31T09:32:17.795+0900] {taskinstance.py:2076} INFO - Dependencies all met for dep_context=non-requeueable deps ti=<TaskInstance: movie.get.data scheduled__2024-07-29T02:10:00+00:00 [queued]>
[2024-07-31T09:32:17.800+0900] {taskinstance.py:2076} INFO - Dependencies all met for dep_context=requeueable deps ti=<TaskInstance: movie.get.data scheduled__2024-07-29T02:10:00+00:00 [queued]>
[2024-07-31T09:32:17.800+0900] {taskinstance.py:2306} INFO - Starting attempt 2 of 3
[2024-07-31T09:32:17.805+0900] {taskinstance.py:2330} INFO - Executing <Task(PythonVirtualenvOperator): get.data> on 2024-07-29 02:10:00+00:00
[2024-07-31T09:32:17.808+0900] {standard_task_runner.py:64} INFO - Started process 6743 to run task
[2024-07-31T09:32:17.811+0900] {standard_task_runner.py:90} INFO - Running: ['airflow', 'tasks', 'run', 'movie', 'get.data', 'scheduled__2024-07-29T02:10:00+00:00', '--job-id', '703', '--raw', '--subdir', 'DAGS_FOLDER/movie.py', '--cfg-path', '/var/folders/qv/0knwm5h50ml0skpppwpbks_r0000gp/T/tmp5w874sfc']
[2024-07-31T09:32:17.812+0900] {standard_task_runner.py:91} INFO - Job 703: Subtask get.data
[2024-07-31T09:32:17.826+0900] {task_command.py:426} INFO - Running <TaskInstance: movie.get.data scheduled__2024-07-29T02:10:00+00:00 [running]> on host jeongui-MacBookPro.local
[2024-07-31T09:32:17.848+0900] {taskinstance.py:2648} INFO - Exporting env vars: AIRFLOW_CTX_DAG_OWNER='airflow' AIRFLOW_CTX_DAG_ID='movie' AIRFLOW_CTX_TASK_ID='get.data' AIRFLOW_CTX_EXECUTION_DATE='2024-07-29T02:10:00+00:00' AIRFLOW_CTX_TRY_NUMBER='2' AIRFLOW_CTX_DAG_RUN_ID='scheduled__2024-07-29T02:10:00+00:00'
[2024-07-31T09:32:17.848+0900] {taskinstance.py:430} INFO - ::endgroup::
[2024-07-31T09:32:17.853+0900] {baseoperator.py:400} WARNING - PythonVirtualenvOperator.execute cannot be called outside TaskInstance!
[2024-07-31T09:32:17.853+0900] {process_utils.py:183} INFO - Executing cmd: /Users/DE32/.pyenv/versions/3.11.9/envs/note/bin/python -m virtualenv /var/folders/qv/0knwm5h50ml0skpppwpbks_r0000gp/T/venvmvo86fse --python=python
[2024-07-31T09:32:17.855+0900] {process_utils.py:187} INFO - Output:
[2024-07-31T09:32:18.080+0900] {process_utils.py:191} INFO - created virtual environment CPython3.11.9.final.0-64 in 167ms
[2024-07-31T09:32:18.081+0900] {process_utils.py:191} INFO -   creator CPython3Posix(dest=/private/var/folders/qv/0knwm5h50ml0skpppwpbks_r0000gp/T/venvmvo86fse, clear=False, no_vcs_ignore=False, global=False)
[2024-07-31T09:32:18.081+0900] {process_utils.py:191} INFO -   seeder FromAppData(download=False, pip=bundle, setuptools=bundle, wheel=bundle, via=copy, app_data_dir=/Users/DE32/Library/Application Support/virtualenv)
[2024-07-31T09:32:18.081+0900] {process_utils.py:191} INFO -     added seed packages: pip==24.1.2, setuptools==70.2.0, wheel==0.43.0
[2024-07-31T09:32:18.081+0900] {process_utils.py:191} INFO -   activators BashActivator,CShellActivator,FishActivator,NushellActivator,PowerShellActivator,PythonActivator
[2024-07-31T09:32:18.092+0900] {process_utils.py:183} INFO - Executing cmd: /var/folders/qv/0knwm5h50ml0skpppwpbks_r0000gp/T/venvmvo86fse/bin/pip install -r /var/folders/qv/0knwm5h50ml0skpppwpbks_r0000gp/T/venvmvo86fse/requirements.txt
[2024-07-31T09:32:18.094+0900] {process_utils.py:187} INFO - Output:
[2024-07-31T09:32:18.829+0900] {process_utils.py:191} INFO - Collecting git+https://github.com/Jeonghoon2/movie.git@0.2/api (from -r /var/folders/qv/0knwm5h50ml0skpppwpbks_r0000gp/T/venvmvo86fse/requirements.txt (line 1))
[2024-07-31T09:32:18.829+0900] {process_utils.py:191} INFO -   Cloning https://github.com/Jeonghoon2/movie.git (to revision 0.2/api) to /private/var/folders/qv/0knwm5h50ml0skpppwpbks_r0000gp/T/pip-req-build-kwckarw4
[2024-07-31T09:32:18.840+0900] {process_utils.py:191} INFO -   Running command git clone --filter=blob:none --quiet https://github.com/Jeonghoon2/movie.git /private/var/folders/qv/0knwm5h50ml0skpppwpbks_r0000gp/T/pip-req-build-kwckarw4
[2024-07-31T09:32:20.139+0900] {process_utils.py:191} INFO -   Running command git checkout -b 0.2/api --track origin/0.2/api
[2024-07-31T09:32:20.635+0900] {process_utils.py:191} INFO -   Switched to a new branch '0.2/api'
[2024-07-31T09:32:20.636+0900] {process_utils.py:191} INFO -   branch '0.2/api' set up to track 'origin/0.2/api'.
[2024-07-31T09:32:20.636+0900] {process_utils.py:191} INFO -   Resolved https://github.com/Jeonghoon2/movie.git to commit 514cfb45f6fa577ee07d4fa2076f9283780af81e
[2024-07-31T09:32:20.657+0900] {process_utils.py:191} INFO -   Installing build dependencies: started
[2024-07-31T09:32:21.543+0900] {process_utils.py:191} INFO -   Installing build dependencies: finished with status 'done'
[2024-07-31T09:32:21.543+0900] {process_utils.py:191} INFO -   Getting requirements to build wheel: started
[2024-07-31T09:32:21.666+0900] {process_utils.py:191} INFO -   Getting requirements to build wheel: finished with status 'done'
[2024-07-31T09:32:21.667+0900] {process_utils.py:191} INFO -   Preparing metadata (pyproject.toml): started
[2024-07-31T09:32:21.793+0900] {process_utils.py:191} INFO -   Preparing metadata (pyproject.toml): finished with status 'done'
[2024-07-31T09:32:21.865+0900] {process_utils.py:191} INFO - Collecting requests>=2.32.3 (from mov==0.1.0->-r /var/folders/qv/0knwm5h50ml0skpppwpbks_r0000gp/T/venvmvo86fse/requirements.txt (line 1))
[2024-07-31T09:32:21.867+0900] {process_utils.py:191} INFO -   Using cached requests-2.32.3-py3-none-any.whl.metadata (4.6 kB)
[2024-07-31T09:32:21.932+0900] {process_utils.py:191} INFO - Collecting pandas>=2.2.2 (from mov==0.1.0->-r /var/folders/qv/0knwm5h50ml0skpppwpbks_r0000gp/T/venvmvo86fse/requirements.txt (line 1))
[2024-07-31T09:32:21.933+0900] {process_utils.py:191} INFO -   Using cached pandas-2.2.2-cp311-cp311-macosx_11_0_arm64.whl.metadata (19 kB)
[2024-07-31T09:32:22.034+0900] {process_utils.py:191} INFO - Collecting numpy>=2.0.1 (from mov==0.1.0->-r /var/folders/qv/0knwm5h50ml0skpppwpbks_r0000gp/T/venvmvo86fse/requirements.txt (line 1))
[2024-07-31T09:32:22.035+0900] {process_utils.py:191} INFO -   Using cached numpy-2.0.1-cp311-cp311-macosx_14_0_arm64.whl.metadata (60 kB)
[2024-07-31T09:32:22.141+0900] {process_utils.py:191} INFO - Collecting pyarrow>=17.0.0 (from mov==0.1.0->-r /var/folders/qv/0knwm5h50ml0skpppwpbks_r0000gp/T/venvmvo86fse/requirements.txt (line 1))
[2024-07-31T09:32:22.142+0900] {process_utils.py:191} INFO -   Using cached pyarrow-17.0.0-cp311-cp311-macosx_11_0_arm64.whl.metadata (3.3 kB)
[2024-07-31T09:32:22.166+0900] {process_utils.py:191} INFO - Collecting python-dateutil>=2.8.2 (from pandas>=2.2.2->mov==0.1.0->-r /var/folders/qv/0knwm5h50ml0skpppwpbks_r0000gp/T/venvmvo86fse/requirements.txt (line 1))
[2024-07-31T09:32:22.167+0900] {process_utils.py:191} INFO -   Using cached python_dateutil-2.9.0.post0-py2.py3-none-any.whl.metadata (8.4 kB)
[2024-07-31T09:32:22.200+0900] {process_utils.py:191} INFO - Collecting pytz>=2020.1 (from pandas>=2.2.2->mov==0.1.0->-r /var/folders/qv/0knwm5h50ml0skpppwpbks_r0000gp/T/venvmvo86fse/requirements.txt (line 1))
[2024-07-31T09:32:22.201+0900] {process_utils.py:191} INFO -   Using cached pytz-2024.1-py2.py3-none-any.whl.metadata (22 kB)
[2024-07-31T09:32:22.353+0900] {process_utils.py:191} INFO - Collecting tzdata>=2022.7 (from pandas>=2.2.2->mov==0.1.0->-r /var/folders/qv/0knwm5h50ml0skpppwpbks_r0000gp/T/venvmvo86fse/requirements.txt (line 1))
[2024-07-31T09:32:22.355+0900] {process_utils.py:191} INFO -   Using cached tzdata-2024.1-py2.py3-none-any.whl.metadata (1.4 kB)
[2024-07-31T09:32:22.424+0900] {process_utils.py:191} INFO - Collecting charset-normalizer<4,>=2 (from requests>=2.32.3->mov==0.1.0->-r /var/folders/qv/0knwm5h50ml0skpppwpbks_r0000gp/T/venvmvo86fse/requirements.txt (line 1))
[2024-07-31T09:32:22.426+0900] {process_utils.py:191} INFO -   Using cached charset_normalizer-3.3.2-cp311-cp311-macosx_11_0_arm64.whl.metadata (33 kB)
[2024-07-31T09:32:22.445+0900] {process_utils.py:191} INFO - Collecting idna<4,>=2.5 (from requests>=2.32.3->mov==0.1.0->-r /var/folders/qv/0knwm5h50ml0skpppwpbks_r0000gp/T/venvmvo86fse/requirements.txt (line 1))
[2024-07-31T09:32:22.446+0900] {process_utils.py:191} INFO -   Using cached idna-3.7-py3-none-any.whl.metadata (9.9 kB)
[2024-07-31T09:32:22.483+0900] {process_utils.py:191} INFO - Collecting urllib3<3,>=1.21.1 (from requests>=2.32.3->mov==0.1.0->-r /var/folders/qv/0knwm5h50ml0skpppwpbks_r0000gp/T/venvmvo86fse/requirements.txt (line 1))
[2024-07-31T09:32:22.484+0900] {process_utils.py:191} INFO -   Using cached urllib3-2.2.2-py3-none-any.whl.metadata (6.4 kB)
[2024-07-31T09:32:22.501+0900] {process_utils.py:191} INFO - Collecting certifi>=2017.4.17 (from requests>=2.32.3->mov==0.1.0->-r /var/folders/qv/0knwm5h50ml0skpppwpbks_r0000gp/T/venvmvo86fse/requirements.txt (line 1))
[2024-07-31T09:32:22.501+0900] {process_utils.py:191} INFO -   Using cached certifi-2024.7.4-py3-none-any.whl.metadata (2.2 kB)
[2024-07-31T09:32:22.527+0900] {process_utils.py:191} INFO - Collecting six>=1.5 (from python-dateutil>=2.8.2->pandas>=2.2.2->mov==0.1.0->-r /var/folders/qv/0knwm5h50ml0skpppwpbks_r0000gp/T/venvmvo86fse/requirements.txt (line 1))
[2024-07-31T09:32:22.528+0900] {process_utils.py:191} INFO -   Using cached six-1.16.0-py2.py3-none-any.whl.metadata (1.8 kB)
[2024-07-31T09:32:22.531+0900] {process_utils.py:191} INFO - Using cached numpy-2.0.1-cp311-cp311-macosx_14_0_arm64.whl (5.3 MB)
[2024-07-31T09:32:22.537+0900] {process_utils.py:191} INFO - Using cached pandas-2.2.2-cp311-cp311-macosx_11_0_arm64.whl (11.3 MB)
[2024-07-31T09:32:22.549+0900] {process_utils.py:191} INFO - Using cached pyarrow-17.0.0-cp311-cp311-macosx_11_0_arm64.whl (27.2 MB)
[2024-07-31T09:32:22.575+0900] {process_utils.py:191} INFO - Using cached requests-2.32.3-py3-none-any.whl (64 kB)
[2024-07-31T09:32:22.576+0900] {process_utils.py:191} INFO - Using cached certifi-2024.7.4-py3-none-any.whl (162 kB)
[2024-07-31T09:32:22.577+0900] {process_utils.py:191} INFO - Using cached charset_normalizer-3.3.2-cp311-cp311-macosx_11_0_arm64.whl (118 kB)
[2024-07-31T09:32:22.577+0900] {process_utils.py:191} INFO - Using cached idna-3.7-py3-none-any.whl (66 kB)
[2024-07-31T09:32:22.578+0900] {process_utils.py:191} INFO - Using cached python_dateutil-2.9.0.post0-py2.py3-none-any.whl (229 kB)
[2024-07-31T09:32:22.579+0900] {process_utils.py:191} INFO - Using cached pytz-2024.1-py2.py3-none-any.whl (505 kB)
[2024-07-31T09:32:22.581+0900] {process_utils.py:191} INFO - Using cached tzdata-2024.1-py2.py3-none-any.whl (345 kB)
[2024-07-31T09:32:22.582+0900] {process_utils.py:191} INFO - Using cached urllib3-2.2.2-py3-none-any.whl (121 kB)
[2024-07-31T09:32:22.583+0900] {process_utils.py:191} INFO - Using cached six-1.16.0-py2.py3-none-any.whl (11 kB)
[2024-07-31T09:32:22.625+0900] {process_utils.py:191} INFO - Building wheels for collected packages: mov
[2024-07-31T09:32:22.637+0900] {process_utils.py:191} INFO -   Building wheel for mov (pyproject.toml): started
[2024-07-31T09:32:22.772+0900] {process_utils.py:191} INFO -   Building wheel for mov (pyproject.toml): finished with status 'done'
[2024-07-31T09:32:22.773+0900] {process_utils.py:191} INFO -   Created wheel for mov: filename=mov-0.1.0-py3-none-any.whl size=3017 sha256=913ea39aa044865c9dfdaf0fe5b318d78ab53399a3619451227ae46f284d4884
[2024-07-31T09:32:22.773+0900] {process_utils.py:191} INFO -   Stored in directory: /private/var/folders/qv/0knwm5h50ml0skpppwpbks_r0000gp/T/pip-ephem-wheel-cache-fpfq632q/wheels/cf/ab/a7/d0c528d20fa8a5f19e169bdf1d98f2b2cefe79d8527bb89200
[2024-07-31T09:32:22.774+0900] {process_utils.py:191} INFO - Successfully built mov
[2024-07-31T09:32:22.802+0900] {process_utils.py:191} INFO - Installing collected packages: pytz, urllib3, tzdata, six, numpy, idna, charset-normalizer, certifi, requests, python-dateutil, pyarrow, pandas, mov
[2024-07-31T09:32:27.309+0900] {process_utils.py:191} INFO - Successfully installed certifi-2024.7.4 charset-normalizer-3.3.2 idna-3.7 mov-0.1.0 numpy-2.0.1 pandas-2.2.2 pyarrow-17.0.0 python-dateutil-2.9.0.post0 pytz-2024.1 requests-2.32.3 six-1.16.0 tzdata-2024.1 urllib3-2.2.2
[2024-07-31T09:32:27.312+0900] {process_utils.py:191} INFO - 
[2024-07-31T09:32:27.312+0900] {process_utils.py:191} INFO - [notice] A new release of pip is available: 24.1.2 -> 24.2
[2024-07-31T09:32:27.312+0900] {process_utils.py:191} INFO - [notice] To update, run: python -m pip install --upgrade pip
[2024-07-31T09:32:27.441+0900] {process_utils.py:183} INFO - Executing cmd: /var/folders/qv/0knwm5h50ml0skpppwpbks_r0000gp/T/venvmvo86fse/bin/python /var/folders/qv/0knwm5h50ml0skpppwpbks_r0000gp/T/venv-callqwimrmyx/script.py /var/folders/qv/0knwm5h50ml0skpppwpbks_r0000gp/T/venv-callqwimrmyx/script.in /var/folders/qv/0knwm5h50ml0skpppwpbks_r0000gp/T/venv-callqwimrmyx/script.out /var/folders/qv/0knwm5h50ml0skpppwpbks_r0000gp/T/venv-callqwimrmyx/string_args.txt /var/folders/qv/0knwm5h50ml0skpppwpbks_r0000gp/T/venv-callqwimrmyx/termination.log
[2024-07-31T09:32:27.443+0900] {process_utils.py:187} INFO - Output:
[2024-07-31T09:32:41.046+0900] {process_utils.py:191} INFO - {'boxOfficeResult': {'boxofficeType': '일별 박스오피스', 'showRange': '20240729~20240729', 'dailyBoxOfficeList': [{'rnum': '1', 'rank': '1', 'rankInten': '0', 'rankOldAndNew': 'OLD', 'movieCd': '20247781', 'movieNm': '데드풀과 울버린', 'openDt': '2024-07-24', 'salesAmt': '936328376', 'salesShare': '33.0', 'salesInten': '-1632694507', 'salesChange': '-63.6', 'salesAcc': '12241066499', 'audiCnt': '92532', 'audiInten': '-153787', 'audiChange': '-62.4', 'audiAcc': '1178547', 'scrnCnt': '1784', 'showCnt': '7672'}, {'rnum': '2', 'rank': '2', 'rankInten': '0', 'rankOldAndNew': 'OLD', 'movieCd': '20247440', 'movieNm': '슈퍼배드 4', 'openDt': '2024-07-24', 'salesAmt': '714786825', 'salesShare': '25.2', 'salesInten': '-646897498', 'salesChange': '-47.5', 'salesAcc': '6207261072', 'audiCnt': '80053', 'audiInten': '-65431', 'audiChange': '-45', 'audiAcc': '668468', 'scrnCnt': '998', 'showCnt': '3927'}, {'rnum': '3', 'rank': '3', 'rankInten': '0', 'rankOldAndNew': 'OLD', 'movieCd': '20212932', 'movieNm': '탈주', 'openDt': '2024-07-03', 'salesAmt': '380424164', 'salesShare': '13.4', 'salesInten': '-413834064', 'salesChange': '-52.1', 'salesAcc': '22032113479', 'audiCnt': '40770', 'audiInten': '-41681', 'audiChange': '-50.6', 'audiAcc': '2322826', 'scrnCnt': '840', 'showCnt': '2337'}, {'rnum': '4', 'rank': '4', 'rankInten': '0', 'rankOldAndNew': 'OLD', 'movieCd': '20235974', 'movieNm': '인사이드 아웃 2', 'openDt': '2024-06-12', 'salesAmt': '347080931', 'salesShare': '12.2', 'salesInten': '-217725151', 'salesChange': '-38.5', 'salesAcc': '80085482732', 'audiCnt': '37377', 'audiInten': '-20820', 'audiChange': '-35.8', 'audiAcc': '8329273', 'scrnCnt': '701', 'showCnt': '1501'}, {'rnum': '5', 'rank': '5', 'rankInten': '0', 'rankOldAndNew': 'OLD', 'movieCd': '20240983', 'movieNm': '명탐정 코난: 100만 달러의 펜타그램', 'openDt': '2024-07-17', 'salesAmt': '147095589', 'salesShare': '5.2', 'salesInten': '-113434913', 'salesChange': '-43.5', 'salesAcc': '5626710912', 'audiCnt': '15880', 'audiInten': '-11302', 'audiChange': '-41.6', 'audiAcc': '573145', 'scrnCnt': '562', 'showCnt': '1063'}, {'rnum': '6', 'rank': '6', 'rankInten': '0', 'rankOldAndNew': 'OLD', 'movieCd': '20208245', 'movieNm': '핸섬가이즈', 'openDt': '2024-06-26', 'salesAmt': '123003211', 'salesShare': '4.3', 'salesInten': '-104818357', 'salesChange': '-46', 'salesAcc': '16178465049', 'audiCnt': '13201', 'audiInten': '-10348', 'audiChange': '-43.9', 'audiAcc': '1730086', 'scrnCnt': '551', 'showCnt': '929'}, {'rnum': '7', 'rank': '7', 'rankInten': '0', 'rankOldAndNew': 'OLD', 'movieCd': '20208911', 'movieNm': '탈출: 프로젝트 사일런스', 'openDt': '2024-07-12', 'salesAmt': '45427502', 'salesShare': '1.6', 'salesInten': '-34228603', 'salesChange': '-43', 'salesAcc': '6599250733', 'audiCnt': '4637', 'audiInten': '-3483', 'audiChange': '-42.9', 'audiAcc': '676696', 'scrnCnt': '320', 'showCnt': '455'}, {'rnum': '8', 'rank': '8', 'rankInten': '0', 'rankOldAndNew': 'OLD', 'movieCd': '20224666', 'movieNm': '파일럿', 'openDt': '2024-07-31', 'salesAmt': '15785000', 'salesShare': '0.6', 'salesInten': '-63592067', 'salesChange': '-80.1', 'salesAcc': '511018434', 'audiCnt': '2085', 'audiInten': '-4616', 'audiChange': '-68.9', 'audiAcc': '51211', 'scrnCnt': '12', 'showCnt': '16'}, {'rnum': '9', 'rank': '9', 'rankInten': '2', 'rankOldAndNew': 'OLD', 'movieCd': '20240850', 'movieNm': '극장판 도라에몽: 진구의 지구 교향곡', 'openDt': '2024-07-10', 'salesAmt': '16325000', 'salesShare': '0.6', 'salesInten': '-10828500', 'salesChange': '-39.9', 'salesAcc': '641900900', 'audiCnt': '1953', 'audiInten': '-1158', 'audiChange': '-37.2', 'audiAcc': '74333', 'scrnCnt': '118', 'showCnt': '149'}, {'rnum': '10', 'rank': '10', 'rankInten': '0', 'rankOldAndNew': 'OLD', 'movieCd': '20235926', 'movieNm': '퍼펙트 데이즈', 'openDt': '2024-07-03', 'salesAmt': '16613855', 'salesShare': '0.6', 'salesInten': '-14658340', 'salesChange': '-46.9', 'salesAcc': '638332942', 'audiCnt': '1868', 'audiInten': '-1378', 'audiChange': '-42.5', 'audiAcc': '67511', 'scrnCnt': '49', 'showCnt': '64'}]}}
[2024-07-31T09:32:41.047+0900] {process_utils.py:191} INFO -   rnum rank rankInten rankOldAndNew  ...  audiAcc scrnCnt showCnt   load_dt
[2024-07-31T09:32:41.047+0900] {process_utils.py:191} INFO - 0    1    1         0           OLD  ...  1178547    1784    7672  20240729
[2024-07-31T09:32:41.048+0900] {process_utils.py:191} INFO - 1    2    2         0           OLD  ...   668468     998    3927  20240729
[2024-07-31T09:32:41.048+0900] {process_utils.py:191} INFO - 2    3    3         0           OLD  ...  2322826     840    2337  20240729
[2024-07-31T09:32:41.048+0900] {process_utils.py:191} INFO - 3    4    4         0           OLD  ...  8329273     701    1501  20240729
[2024-07-31T09:32:41.049+0900] {process_utils.py:191} INFO - 4    5    5         0           OLD  ...   573145     562    1063  20240729
[2024-07-31T09:32:41.049+0900] {process_utils.py:191} INFO - 
[2024-07-31T09:32:41.049+0900] {process_utils.py:191} INFO - [5 rows x 19 columns]
[2024-07-31T09:32:41.050+0900] {process_utils.py:191} INFO -   rnum rank rankInten rankOldAndNew  ...  audiAcc scrnCnt showCnt   load_dt
[2024-07-31T09:32:41.050+0900] {process_utils.py:191} INFO - 0    1    1         0           OLD  ...  1178547    1784    7672  20240729
[2024-07-31T09:32:41.051+0900] {process_utils.py:191} INFO - 1    2    2         0           OLD  ...   668468     998    3927  20240729
[2024-07-31T09:32:41.051+0900] {process_utils.py:191} INFO - 2    3    3         0           OLD  ...  2322826     840    2337  20240729
[2024-07-31T09:32:41.051+0900] {process_utils.py:191} INFO - 3    4    4         0           OLD  ...  8329273     701    1501  20240729
[2024-07-31T09:32:41.052+0900] {process_utils.py:191} INFO - 4    5    5         0           OLD  ...   573145     562    1063  20240729
[2024-07-31T09:32:41.052+0900] {process_utils.py:191} INFO - 
[2024-07-31T09:32:41.052+0900] {process_utils.py:191} INFO - [5 rows x 19 columns]
[2024-07-31T09:32:41.475+0900] {python.py:237} INFO - Done. Returned value was: None
[2024-07-31T09:32:41.476+0900] {taskinstance.py:441} INFO - ::group::Post task execution logs
[2024-07-31T09:32:41.479+0900] {taskinstance.py:1206} INFO - Marking task as SUCCESS. dag_id=movie, task_id=get.data, run_id=scheduled__2024-07-29T02:10:00+00:00, execution_date=20240729T021000, start_date=20240731T003217, end_date=20240731T003241
[2024-07-31T09:32:41.484+0900] {local_task_job_runner.py:243} INFO - Task exited with return code 0
[2024-07-31T09:32:41.493+0900] {taskinstance.py:3503} INFO - 1 downstream tasks scheduled from follow-on schedule check
[2024-07-31T09:32:41.494+0900] {local_task_job_runner.py:222} INFO - ::endgroup::
[2024-07-31T11:29:58.839+0900] {local_task_job_runner.py:120} INFO - ::group::Pre task execution logs
[2024-07-31T11:29:58.850+0900] {taskinstance.py:2076} INFO - Dependencies all met for dep_context=non-requeueable deps ti=<TaskInstance: movie.get.data scheduled__2024-07-29T02:10:00+00:00 [queued]>
[2024-07-31T11:29:58.853+0900] {taskinstance.py:2076} INFO - Dependencies all met for dep_context=requeueable deps ti=<TaskInstance: movie.get.data scheduled__2024-07-29T02:10:00+00:00 [queued]>
[2024-07-31T11:29:58.853+0900] {taskinstance.py:2306} INFO - Starting attempt 2 of 3
[2024-07-31T11:29:58.859+0900] {taskinstance.py:2330} INFO - Executing <Task(PythonVirtualenvOperator): get.data> on 2024-07-29 02:10:00+00:00
[2024-07-31T11:29:58.862+0900] {standard_task_runner.py:64} INFO - Started process 11383 to run task
[2024-07-31T11:29:58.865+0900] {standard_task_runner.py:90} INFO - Running: ['airflow', 'tasks', 'run', 'movie', 'get.data', 'scheduled__2024-07-29T02:10:00+00:00', '--job-id', '764', '--raw', '--subdir', 'DAGS_FOLDER/movie.py', '--cfg-path', '/var/folders/qv/0knwm5h50ml0skpppwpbks_r0000gp/T/tmpl6ual7wz']
[2024-07-31T11:29:58.866+0900] {standard_task_runner.py:91} INFO - Job 764: Subtask get.data
[2024-07-31T11:29:58.881+0900] {task_command.py:426} INFO - Running <TaskInstance: movie.get.data scheduled__2024-07-29T02:10:00+00:00 [running]> on host jeongui-MacBookPro.local
[2024-07-31T11:29:58.903+0900] {taskinstance.py:2648} INFO - Exporting env vars: AIRFLOW_CTX_DAG_OWNER='airflow' AIRFLOW_CTX_DAG_ID='movie' AIRFLOW_CTX_TASK_ID='get.data' AIRFLOW_CTX_EXECUTION_DATE='2024-07-29T02:10:00+00:00' AIRFLOW_CTX_TRY_NUMBER='2' AIRFLOW_CTX_DAG_RUN_ID='scheduled__2024-07-29T02:10:00+00:00'
[2024-07-31T11:29:58.904+0900] {taskinstance.py:430} INFO - ::endgroup::
[2024-07-31T11:29:58.909+0900] {baseoperator.py:400} WARNING - PythonVirtualenvOperator.execute cannot be called outside TaskInstance!
[2024-07-31T11:29:58.910+0900] {process_utils.py:183} INFO - Executing cmd: /Users/DE32/.pyenv/versions/3.11.9/envs/note/bin/python -m virtualenv /var/folders/qv/0knwm5h50ml0skpppwpbks_r0000gp/T/venvge1ja8tu --python=python
[2024-07-31T11:29:58.912+0900] {process_utils.py:187} INFO - Output:
[2024-07-31T11:29:59.154+0900] {process_utils.py:191} INFO - created virtual environment CPython3.11.9.final.0-64 in 168ms
[2024-07-31T11:29:59.154+0900] {process_utils.py:191} INFO -   creator CPython3Posix(dest=/private/var/folders/qv/0knwm5h50ml0skpppwpbks_r0000gp/T/venvge1ja8tu, clear=False, no_vcs_ignore=False, global=False)
[2024-07-31T11:29:59.155+0900] {process_utils.py:191} INFO -   seeder FromAppData(download=False, pip=bundle, setuptools=bundle, wheel=bundle, via=copy, app_data_dir=/Users/DE32/Library/Application Support/virtualenv)
[2024-07-31T11:29:59.155+0900] {process_utils.py:191} INFO -     added seed packages: pip==24.1.2, setuptools==70.2.0, wheel==0.43.0
[2024-07-31T11:29:59.155+0900] {process_utils.py:191} INFO -   activators BashActivator,CShellActivator,FishActivator,NushellActivator,PowerShellActivator,PythonActivator
[2024-07-31T11:29:59.166+0900] {process_utils.py:183} INFO - Executing cmd: /var/folders/qv/0knwm5h50ml0skpppwpbks_r0000gp/T/venvge1ja8tu/bin/pip install -r /var/folders/qv/0knwm5h50ml0skpppwpbks_r0000gp/T/venvge1ja8tu/requirements.txt
[2024-07-31T11:29:59.168+0900] {process_utils.py:187} INFO - Output:
[2024-07-31T11:29:59.963+0900] {process_utils.py:191} INFO - Collecting git+https://github.com/Jeonghoon2/movie.git@0.2/api (from -r /var/folders/qv/0knwm5h50ml0skpppwpbks_r0000gp/T/venvge1ja8tu/requirements.txt (line 1))
[2024-07-31T11:29:59.964+0900] {process_utils.py:191} INFO -   Cloning https://github.com/Jeonghoon2/movie.git (to revision 0.2/api) to /private/var/folders/qv/0knwm5h50ml0skpppwpbks_r0000gp/T/pip-req-build-3l1paht0
[2024-07-31T11:29:59.976+0900] {process_utils.py:191} INFO -   Running command git clone --filter=blob:none --quiet https://github.com/Jeonghoon2/movie.git /private/var/folders/qv/0knwm5h50ml0skpppwpbks_r0000gp/T/pip-req-build-3l1paht0
[2024-07-31T11:30:01.305+0900] {process_utils.py:191} INFO -   Running command git checkout -b 0.2/api --track origin/0.2/api
[2024-07-31T11:30:01.979+0900] {process_utils.py:191} INFO -   Switched to a new branch '0.2/api'
[2024-07-31T11:30:01.980+0900] {process_utils.py:191} INFO -   branch '0.2/api' set up to track 'origin/0.2/api'.
[2024-07-31T11:30:01.981+0900] {process_utils.py:191} INFO -   Resolved https://github.com/Jeonghoon2/movie.git to commit 514cfb45f6fa577ee07d4fa2076f9283780af81e
[2024-07-31T11:30:02.003+0900] {process_utils.py:191} INFO -   Installing build dependencies: started
[2024-07-31T11:30:02.928+0900] {process_utils.py:191} INFO -   Installing build dependencies: finished with status 'done'
[2024-07-31T11:30:02.929+0900] {process_utils.py:191} INFO -   Getting requirements to build wheel: started
[2024-07-31T11:30:03.075+0900] {process_utils.py:191} INFO -   Getting requirements to build wheel: finished with status 'done'
[2024-07-31T11:30:03.076+0900] {process_utils.py:191} INFO -   Preparing metadata (pyproject.toml): started
[2024-07-31T11:30:03.214+0900] {process_utils.py:191} INFO -   Preparing metadata (pyproject.toml): finished with status 'done'
[2024-07-31T11:30:03.292+0900] {process_utils.py:191} INFO - Collecting requests>=2.32.3 (from mov==0.1.0->-r /var/folders/qv/0knwm5h50ml0skpppwpbks_r0000gp/T/venvge1ja8tu/requirements.txt (line 1))
[2024-07-31T11:30:03.294+0900] {process_utils.py:191} INFO -   Using cached requests-2.32.3-py3-none-any.whl.metadata (4.6 kB)
[2024-07-31T11:30:03.365+0900] {process_utils.py:191} INFO - Collecting pandas>=2.2.2 (from mov==0.1.0->-r /var/folders/qv/0knwm5h50ml0skpppwpbks_r0000gp/T/venvge1ja8tu/requirements.txt (line 1))
[2024-07-31T11:30:03.366+0900] {process_utils.py:191} INFO -   Using cached pandas-2.2.2-cp311-cp311-macosx_11_0_arm64.whl.metadata (19 kB)
[2024-07-31T11:30:03.490+0900] {process_utils.py:191} INFO - Collecting numpy>=2.0.1 (from mov==0.1.0->-r /var/folders/qv/0knwm5h50ml0skpppwpbks_r0000gp/T/venvge1ja8tu/requirements.txt (line 1))
[2024-07-31T11:30:03.491+0900] {process_utils.py:191} INFO -   Using cached numpy-2.0.1-cp311-cp311-macosx_14_0_arm64.whl.metadata (60 kB)
[2024-07-31T11:30:03.541+0900] {process_utils.py:191} INFO - Collecting pyarrow>=17.0.0 (from mov==0.1.0->-r /var/folders/qv/0knwm5h50ml0skpppwpbks_r0000gp/T/venvge1ja8tu/requirements.txt (line 1))
[2024-07-31T11:30:03.542+0900] {process_utils.py:191} INFO -   Using cached pyarrow-17.0.0-cp311-cp311-macosx_11_0_arm64.whl.metadata (3.3 kB)
[2024-07-31T11:30:03.564+0900] {process_utils.py:191} INFO - Collecting python-dateutil>=2.8.2 (from pandas>=2.2.2->mov==0.1.0->-r /var/folders/qv/0knwm5h50ml0skpppwpbks_r0000gp/T/venvge1ja8tu/requirements.txt (line 1))
[2024-07-31T11:30:03.565+0900] {process_utils.py:191} INFO -   Using cached python_dateutil-2.9.0.post0-py2.py3-none-any.whl.metadata (8.4 kB)
[2024-07-31T11:30:03.612+0900] {process_utils.py:191} INFO - Collecting pytz>=2020.1 (from pandas>=2.2.2->mov==0.1.0->-r /var/folders/qv/0knwm5h50ml0skpppwpbks_r0000gp/T/venvge1ja8tu/requirements.txt (line 1))
[2024-07-31T11:30:03.613+0900] {process_utils.py:191} INFO -   Using cached pytz-2024.1-py2.py3-none-any.whl.metadata (22 kB)
[2024-07-31T11:30:03.633+0900] {process_utils.py:191} INFO - Collecting tzdata>=2022.7 (from pandas>=2.2.2->mov==0.1.0->-r /var/folders/qv/0knwm5h50ml0skpppwpbks_r0000gp/T/venvge1ja8tu/requirements.txt (line 1))
[2024-07-31T11:30:03.634+0900] {process_utils.py:191} INFO -   Using cached tzdata-2024.1-py2.py3-none-any.whl.metadata (1.4 kB)
[2024-07-31T11:30:03.683+0900] {process_utils.py:191} INFO - Collecting charset-normalizer<4,>=2 (from requests>=2.32.3->mov==0.1.0->-r /var/folders/qv/0knwm5h50ml0skpppwpbks_r0000gp/T/venvge1ja8tu/requirements.txt (line 1))
[2024-07-31T11:30:03.684+0900] {process_utils.py:191} INFO -   Using cached charset_normalizer-3.3.2-cp311-cp311-macosx_11_0_arm64.whl.metadata (33 kB)
[2024-07-31T11:30:03.703+0900] {process_utils.py:191} INFO - Collecting idna<4,>=2.5 (from requests>=2.32.3->mov==0.1.0->-r /var/folders/qv/0knwm5h50ml0skpppwpbks_r0000gp/T/venvge1ja8tu/requirements.txt (line 1))
[2024-07-31T11:30:03.704+0900] {process_utils.py:191} INFO -   Using cached idna-3.7-py3-none-any.whl.metadata (9.9 kB)
[2024-07-31T11:30:03.737+0900] {process_utils.py:191} INFO - Collecting urllib3<3,>=1.21.1 (from requests>=2.32.3->mov==0.1.0->-r /var/folders/qv/0knwm5h50ml0skpppwpbks_r0000gp/T/venvge1ja8tu/requirements.txt (line 1))
[2024-07-31T11:30:03.737+0900] {process_utils.py:191} INFO -   Using cached urllib3-2.2.2-py3-none-any.whl.metadata (6.4 kB)
[2024-07-31T11:30:03.757+0900] {process_utils.py:191} INFO - Collecting certifi>=2017.4.17 (from requests>=2.32.3->mov==0.1.0->-r /var/folders/qv/0knwm5h50ml0skpppwpbks_r0000gp/T/venvge1ja8tu/requirements.txt (line 1))
[2024-07-31T11:30:03.758+0900] {process_utils.py:191} INFO -   Using cached certifi-2024.7.4-py3-none-any.whl.metadata (2.2 kB)
[2024-07-31T11:30:03.799+0900] {process_utils.py:191} INFO - Collecting six>=1.5 (from python-dateutil>=2.8.2->pandas>=2.2.2->mov==0.1.0->-r /var/folders/qv/0knwm5h50ml0skpppwpbks_r0000gp/T/venvge1ja8tu/requirements.txt (line 1))
[2024-07-31T11:30:03.800+0900] {process_utils.py:191} INFO -   Using cached six-1.16.0-py2.py3-none-any.whl.metadata (1.8 kB)
[2024-07-31T11:30:03.803+0900] {process_utils.py:191} INFO - Using cached numpy-2.0.1-cp311-cp311-macosx_14_0_arm64.whl (5.3 MB)
[2024-07-31T11:30:03.809+0900] {process_utils.py:191} INFO - Using cached pandas-2.2.2-cp311-cp311-macosx_11_0_arm64.whl (11.3 MB)
[2024-07-31T11:30:03.821+0900] {process_utils.py:191} INFO - Using cached pyarrow-17.0.0-cp311-cp311-macosx_11_0_arm64.whl (27.2 MB)
[2024-07-31T11:30:03.848+0900] {process_utils.py:191} INFO - Using cached requests-2.32.3-py3-none-any.whl (64 kB)
[2024-07-31T11:30:03.849+0900] {process_utils.py:191} INFO - Using cached certifi-2024.7.4-py3-none-any.whl (162 kB)
[2024-07-31T11:30:03.850+0900] {process_utils.py:191} INFO - Using cached charset_normalizer-3.3.2-cp311-cp311-macosx_11_0_arm64.whl (118 kB)
[2024-07-31T11:30:03.851+0900] {process_utils.py:191} INFO - Using cached idna-3.7-py3-none-any.whl (66 kB)
[2024-07-31T11:30:03.852+0900] {process_utils.py:191} INFO - Using cached python_dateutil-2.9.0.post0-py2.py3-none-any.whl (229 kB)
[2024-07-31T11:30:03.853+0900] {process_utils.py:191} INFO - Using cached pytz-2024.1-py2.py3-none-any.whl (505 kB)
[2024-07-31T11:30:03.855+0900] {process_utils.py:191} INFO - Using cached tzdata-2024.1-py2.py3-none-any.whl (345 kB)
[2024-07-31T11:30:03.856+0900] {process_utils.py:191} INFO - Using cached urllib3-2.2.2-py3-none-any.whl (121 kB)
[2024-07-31T11:30:03.857+0900] {process_utils.py:191} INFO - Using cached six-1.16.0-py2.py3-none-any.whl (11 kB)
[2024-07-31T11:30:03.900+0900] {process_utils.py:191} INFO - Building wheels for collected packages: mov
[2024-07-31T11:30:03.913+0900] {process_utils.py:191} INFO -   Building wheel for mov (pyproject.toml): started
[2024-07-31T11:30:04.049+0900] {process_utils.py:191} INFO -   Building wheel for mov (pyproject.toml): finished with status 'done'
[2024-07-31T11:30:04.050+0900] {process_utils.py:191} INFO -   Created wheel for mov: filename=mov-0.1.0-py3-none-any.whl size=3017 sha256=3746bdd11da290edda1dd433ef630653daa1a9cd123ddaee75ea22eac08b3670
[2024-07-31T11:30:04.050+0900] {process_utils.py:191} INFO -   Stored in directory: /private/var/folders/qv/0knwm5h50ml0skpppwpbks_r0000gp/T/pip-ephem-wheel-cache-hb9cxyx6/wheels/cf/ab/a7/d0c528d20fa8a5f19e169bdf1d98f2b2cefe79d8527bb89200
[2024-07-31T11:30:04.051+0900] {process_utils.py:191} INFO - Successfully built mov
[2024-07-31T11:30:04.079+0900] {process_utils.py:191} INFO - Installing collected packages: pytz, urllib3, tzdata, six, numpy, idna, charset-normalizer, certifi, requests, python-dateutil, pyarrow, pandas, mov
[2024-07-31T11:30:08.645+0900] {process_utils.py:191} INFO - Successfully installed certifi-2024.7.4 charset-normalizer-3.3.2 idna-3.7 mov-0.1.0 numpy-2.0.1 pandas-2.2.2 pyarrow-17.0.0 python-dateutil-2.9.0.post0 pytz-2024.1 requests-2.32.3 six-1.16.0 tzdata-2024.1 urllib3-2.2.2
[2024-07-31T11:30:08.648+0900] {process_utils.py:191} INFO - 
[2024-07-31T11:30:08.648+0900] {process_utils.py:191} INFO - [notice] A new release of pip is available: 24.1.2 -> 24.2
[2024-07-31T11:30:08.648+0900] {process_utils.py:191} INFO - [notice] To update, run: python -m pip install --upgrade pip
[2024-07-31T11:30:08.783+0900] {process_utils.py:183} INFO - Executing cmd: /var/folders/qv/0knwm5h50ml0skpppwpbks_r0000gp/T/venvge1ja8tu/bin/python /var/folders/qv/0knwm5h50ml0skpppwpbks_r0000gp/T/venv-call4pri57mw/script.py /var/folders/qv/0knwm5h50ml0skpppwpbks_r0000gp/T/venv-call4pri57mw/script.in /var/folders/qv/0knwm5h50ml0skpppwpbks_r0000gp/T/venv-call4pri57mw/script.out /var/folders/qv/0knwm5h50ml0skpppwpbks_r0000gp/T/venv-call4pri57mw/string_args.txt /var/folders/qv/0knwm5h50ml0skpppwpbks_r0000gp/T/venv-call4pri57mw/termination.log
[2024-07-31T11:30:08.785+0900] {process_utils.py:187} INFO - Output:
[2024-07-31T11:30:22.664+0900] {process_utils.py:191} INFO - {'boxOfficeResult': {'boxofficeType': '일별 박스오피스', 'showRange': '20240729~20240729', 'dailyBoxOfficeList': [{'rnum': '1', 'rank': '1', 'rankInten': '0', 'rankOldAndNew': 'OLD', 'movieCd': '20247781', 'movieNm': '데드풀과 울버린', 'openDt': '2024-07-24', 'salesAmt': '936328376', 'salesShare': '33.0', 'salesInten': '-1632694507', 'salesChange': '-63.6', 'salesAcc': '12241066499', 'audiCnt': '92532', 'audiInten': '-153787', 'audiChange': '-62.4', 'audiAcc': '1178547', 'scrnCnt': '1784', 'showCnt': '7672'}, {'rnum': '2', 'rank': '2', 'rankInten': '0', 'rankOldAndNew': 'OLD', 'movieCd': '20247440', 'movieNm': '슈퍼배드 4', 'openDt': '2024-07-24', 'salesAmt': '714786825', 'salesShare': '25.2', 'salesInten': '-646897498', 'salesChange': '-47.5', 'salesAcc': '6207222072', 'audiCnt': '80053', 'audiInten': '-65431', 'audiChange': '-45', 'audiAcc': '668465', 'scrnCnt': '998', 'showCnt': '3927'}, {'rnum': '3', 'rank': '3', 'rankInten': '0', 'rankOldAndNew': 'OLD', 'movieCd': '20212932', 'movieNm': '탈주', 'openDt': '2024-07-03', 'salesAmt': '380424164', 'salesShare': '13.4', 'salesInten': '-413834064', 'salesChange': '-52.1', 'salesAcc': '22032113479', 'audiCnt': '40770', 'audiInten': '-41681', 'audiChange': '-50.6', 'audiAcc': '2322826', 'scrnCnt': '840', 'showCnt': '2337'}, {'rnum': '4', 'rank': '4', 'rankInten': '0', 'rankOldAndNew': 'OLD', 'movieCd': '20235974', 'movieNm': '인사이드 아웃 2', 'openDt': '2024-06-12', 'salesAmt': '347080931', 'salesShare': '12.2', 'salesInten': '-217725151', 'salesChange': '-38.5', 'salesAcc': '80085482732', 'audiCnt': '37377', 'audiInten': '-20820', 'audiChange': '-35.8', 'audiAcc': '8329273', 'scrnCnt': '701', 'showCnt': '1501'}, {'rnum': '5', 'rank': '5', 'rankInten': '0', 'rankOldAndNew': 'OLD', 'movieCd': '20240983', 'movieNm': '명탐정 코난: 100만 달러의 펜타그램', 'openDt': '2024-07-17', 'salesAmt': '147095589', 'salesShare': '5.2', 'salesInten': '-113434913', 'salesChange': '-43.5', 'salesAcc': '5626710912', 'audiCnt': '15880', 'audiInten': '-11302', 'audiChange': '-41.6', 'audiAcc': '573145', 'scrnCnt': '562', 'showCnt': '1063'}, {'rnum': '6', 'rank': '6', 'rankInten': '0', 'rankOldAndNew': 'OLD', 'movieCd': '20208245', 'movieNm': '핸섬가이즈', 'openDt': '2024-06-26', 'salesAmt': '123003211', 'salesShare': '4.3', 'salesInten': '-104788357', 'salesChange': '-46', 'salesAcc': '16178435049', 'audiCnt': '13201', 'audiInten': '-10346', 'audiChange': '-43.9', 'audiAcc': '1730084', 'scrnCnt': '551', 'showCnt': '929'}, {'rnum': '7', 'rank': '7', 'rankInten': '0', 'rankOldAndNew': 'OLD', 'movieCd': '20208911', 'movieNm': '탈출: 프로젝트 사일런스', 'openDt': '2024-07-12', 'salesAmt': '45427502', 'salesShare': '1.6', 'salesInten': '-34228603', 'salesChange': '-43', 'salesAcc': '6599250733', 'audiCnt': '4637', 'audiInten': '-3483', 'audiChange': '-42.9', 'audiAcc': '676696', 'scrnCnt': '320', 'showCnt': '455'}, {'rnum': '8', 'rank': '8', 'rankInten': '0', 'rankOldAndNew': 'OLD', 'movieCd': '20224666', 'movieNm': '파일럿', 'openDt': '2024-07-31', 'salesAmt': '15785000', 'salesShare': '0.6', 'salesInten': '-63592067', 'salesChange': '-80.1', 'salesAcc': '511018434', 'audiCnt': '2085', 'audiInten': '-4616', 'audiChange': '-68.9', 'audiAcc': '51211', 'scrnCnt': '12', 'showCnt': '16'}, {'rnum': '9', 'rank': '9', 'rankInten': '2', 'rankOldAndNew': 'OLD', 'movieCd': '20240850', 'movieNm': '극장판 도라에몽: 진구의 지구 교향곡', 'openDt': '2024-07-10', 'salesAmt': '16325000', 'salesShare': '0.6', 'salesInten': '-10828500', 'salesChange': '-39.9', 'salesAcc': '641900900', 'audiCnt': '1953', 'audiInten': '-1158', 'audiChange': '-37.2', 'audiAcc': '74333', 'scrnCnt': '118', 'showCnt': '149'}, {'rnum': '10', 'rank': '10', 'rankInten': '0', 'rankOldAndNew': 'OLD', 'movieCd': '20235926', 'movieNm': '퍼펙트 데이즈', 'openDt': '2024-07-03', 'salesAmt': '16613855', 'salesShare': '0.6', 'salesInten': '-14658340', 'salesChange': '-46.9', 'salesAcc': '638332942', 'audiCnt': '1868', 'audiInten': '-1378', 'audiChange': '-42.5', 'audiAcc': '67511', 'scrnCnt': '49', 'showCnt': '64'}]}}
[2024-07-31T11:30:22.665+0900] {process_utils.py:191} INFO -   rnum rank rankInten rankOldAndNew  ...  audiAcc scrnCnt showCnt   load_dt
[2024-07-31T11:30:22.666+0900] {process_utils.py:191} INFO - 0    1    1         0           OLD  ...  1178547    1784    7672  20240729
[2024-07-31T11:30:22.666+0900] {process_utils.py:191} INFO - 1    2    2         0           OLD  ...   668465     998    3927  20240729
[2024-07-31T11:30:22.666+0900] {process_utils.py:191} INFO - 2    3    3         0           OLD  ...  2322826     840    2337  20240729
[2024-07-31T11:30:22.666+0900] {process_utils.py:191} INFO - 3    4    4         0           OLD  ...  8329273     701    1501  20240729
[2024-07-31T11:30:22.666+0900] {process_utils.py:191} INFO - 4    5    5         0           OLD  ...   573145     562    1063  20240729
[2024-07-31T11:30:22.666+0900] {process_utils.py:191} INFO - 
[2024-07-31T11:30:22.667+0900] {process_utils.py:191} INFO - [5 rows x 19 columns]
[2024-07-31T11:30:22.667+0900] {process_utils.py:191} INFO -   rnum rank rankInten rankOldAndNew  ...  audiAcc scrnCnt showCnt   load_dt
[2024-07-31T11:30:22.667+0900] {process_utils.py:191} INFO - 0    1    1         0           OLD  ...  1178547    1784    7672  20240729
[2024-07-31T11:30:22.667+0900] {process_utils.py:191} INFO - 1    2    2         0           OLD  ...   668465     998    3927  20240729
[2024-07-31T11:30:22.667+0900] {process_utils.py:191} INFO - 2    3    3         0           OLD  ...  2322826     840    2337  20240729
[2024-07-31T11:30:22.668+0900] {process_utils.py:191} INFO - 3    4    4         0           OLD  ...  8329273     701    1501  20240729
[2024-07-31T11:30:22.668+0900] {process_utils.py:191} INFO - 4    5    5         0           OLD  ...   573145     562    1063  20240729
[2024-07-31T11:30:22.668+0900] {process_utils.py:191} INFO - 
[2024-07-31T11:30:22.668+0900] {process_utils.py:191} INFO - [5 rows x 19 columns]
[2024-07-31T11:30:23.114+0900] {python.py:237} INFO - Done. Returned value was: None
[2024-07-31T11:30:23.114+0900] {taskinstance.py:441} INFO - ::group::Post task execution logs
[2024-07-31T11:30:23.118+0900] {taskinstance.py:1206} INFO - Marking task as SUCCESS. dag_id=movie, task_id=get.data, run_id=scheduled__2024-07-29T02:10:00+00:00, execution_date=20240729T021000, start_date=20240731T022958, end_date=20240731T023023
[2024-07-31T11:30:23.124+0900] {local_task_job_runner.py:243} INFO - Task exited with return code 0
[2024-07-31T11:30:23.131+0900] {taskinstance.py:3503} INFO - 0 downstream tasks scheduled from follow-on schedule check
[2024-07-31T11:30:23.131+0900] {local_task_job_runner.py:222} INFO - ::endgroup::
[2024-07-31T19:52:55.885+0900] {local_task_job_runner.py:120} INFO - ::group::Pre task execution logs
[2024-07-31T19:52:55.896+0900] {taskinstance.py:2076} INFO - Dependencies all met for dep_context=non-requeueable deps ti=<TaskInstance: movie.get.data scheduled__2024-07-29T02:10:00+00:00 [queued]>
[2024-07-31T19:52:55.900+0900] {taskinstance.py:2076} INFO - Dependencies all met for dep_context=requeueable deps ti=<TaskInstance: movie.get.data scheduled__2024-07-29T02:10:00+00:00 [queued]>
[2024-07-31T19:52:55.900+0900] {taskinstance.py:2306} INFO - Starting attempt 2 of 3
[2024-07-31T19:52:55.906+0900] {taskinstance.py:2330} INFO - Executing <Task(PythonVirtualenvOperator): get.data> on 2024-07-29 02:10:00+00:00
[2024-07-31T19:52:55.909+0900] {standard_task_runner.py:64} INFO - Started process 33373 to run task
[2024-07-31T19:52:55.911+0900] {standard_task_runner.py:90} INFO - Running: ['airflow', 'tasks', 'run', 'movie', 'get.data', 'scheduled__2024-07-29T02:10:00+00:00', '--job-id', '985', '--raw', '--subdir', 'DAGS_FOLDER/movie.py', '--cfg-path', '/var/folders/qv/0knwm5h50ml0skpppwpbks_r0000gp/T/tmpdyoyh539']
[2024-07-31T19:52:55.913+0900] {standard_task_runner.py:91} INFO - Job 985: Subtask get.data
[2024-07-31T19:52:55.927+0900] {task_command.py:426} INFO - Running <TaskInstance: movie.get.data scheduled__2024-07-29T02:10:00+00:00 [running]> on host jeongui-MacBookPro.local
[2024-07-31T19:52:55.948+0900] {taskinstance.py:2648} INFO - Exporting env vars: AIRFLOW_CTX_DAG_OWNER='airflow' AIRFLOW_CTX_DAG_ID='movie' AIRFLOW_CTX_TASK_ID='get.data' AIRFLOW_CTX_EXECUTION_DATE='2024-07-29T02:10:00+00:00' AIRFLOW_CTX_TRY_NUMBER='2' AIRFLOW_CTX_DAG_RUN_ID='scheduled__2024-07-29T02:10:00+00:00'
[2024-07-31T19:52:55.948+0900] {taskinstance.py:430} INFO - ::endgroup::
[2024-07-31T19:52:55.953+0900] {baseoperator.py:400} WARNING - PythonVirtualenvOperator.execute cannot be called outside TaskInstance!
[2024-07-31T19:52:55.954+0900] {process_utils.py:183} INFO - Executing cmd: /Users/DE32/.pyenv/versions/3.11.9/envs/note/bin/python -m virtualenv /var/folders/qv/0knwm5h50ml0skpppwpbks_r0000gp/T/venvr6uz0pmq --python=python
[2024-07-31T19:52:55.956+0900] {process_utils.py:187} INFO - Output:
[2024-07-31T19:52:56.132+0900] {process_utils.py:191} INFO - created virtual environment CPython3.11.9.final.0-64 in 118ms
[2024-07-31T19:52:56.133+0900] {process_utils.py:191} INFO -   creator CPython3Posix(dest=/private/var/folders/qv/0knwm5h50ml0skpppwpbks_r0000gp/T/venvr6uz0pmq, clear=False, no_vcs_ignore=False, global=False)
[2024-07-31T19:52:56.133+0900] {process_utils.py:191} INFO -   seeder FromAppData(download=False, pip=bundle, setuptools=bundle, wheel=bundle, via=copy, app_data_dir=/Users/DE32/Library/Application Support/virtualenv)
[2024-07-31T19:52:56.133+0900] {process_utils.py:191} INFO -     added seed packages: pip==24.1.2, setuptools==70.2.0, wheel==0.43.0
[2024-07-31T19:52:56.133+0900] {process_utils.py:191} INFO -   activators BashActivator,CShellActivator,FishActivator,NushellActivator,PowerShellActivator,PythonActivator
[2024-07-31T19:52:56.144+0900] {process_utils.py:183} INFO - Executing cmd: /var/folders/qv/0knwm5h50ml0skpppwpbks_r0000gp/T/venvr6uz0pmq/bin/pip install -r /var/folders/qv/0knwm5h50ml0skpppwpbks_r0000gp/T/venvr6uz0pmq/requirements.txt
[2024-07-31T19:52:56.146+0900] {process_utils.py:187} INFO - Output:
[2024-07-31T19:52:56.872+0900] {process_utils.py:191} INFO - Collecting git+https://github.com/Jeonghoon2/movie.git@0.2/api (from -r /var/folders/qv/0knwm5h50ml0skpppwpbks_r0000gp/T/venvr6uz0pmq/requirements.txt (line 1))
[2024-07-31T19:52:56.872+0900] {process_utils.py:191} INFO -   Cloning https://github.com/Jeonghoon2/movie.git (to revision 0.2/api) to /private/var/folders/qv/0knwm5h50ml0skpppwpbks_r0000gp/T/pip-req-build-xis35hz1
[2024-07-31T19:52:56.883+0900] {process_utils.py:191} INFO -   Running command git clone --filter=blob:none --quiet https://github.com/Jeonghoon2/movie.git /private/var/folders/qv/0knwm5h50ml0skpppwpbks_r0000gp/T/pip-req-build-xis35hz1
[2024-07-31T19:52:58.439+0900] {process_utils.py:191} INFO -   Running command git checkout -b 0.2/api --track origin/0.2/api
[2024-07-31T19:52:59.080+0900] {process_utils.py:191} INFO -   Switched to a new branch '0.2/api'
[2024-07-31T19:52:59.080+0900] {process_utils.py:191} INFO -   branch '0.2/api' set up to track 'origin/0.2/api'.
[2024-07-31T19:52:59.081+0900] {process_utils.py:191} INFO -   Resolved https://github.com/Jeonghoon2/movie.git to commit c2fdd392ce95b386519b05b3bab786608cdb1c58
[2024-07-31T19:52:59.102+0900] {process_utils.py:191} INFO -   Installing build dependencies: started
[2024-07-31T19:52:59.973+0900] {process_utils.py:191} INFO -   Installing build dependencies: finished with status 'done'
[2024-07-31T19:52:59.974+0900] {process_utils.py:191} INFO -   Getting requirements to build wheel: started
[2024-07-31T19:53:00.096+0900] {process_utils.py:191} INFO -   Getting requirements to build wheel: finished with status 'done'
[2024-07-31T19:53:00.097+0900] {process_utils.py:191} INFO -   Preparing metadata (pyproject.toml): started
[2024-07-31T19:53:00.221+0900] {process_utils.py:191} INFO -   Preparing metadata (pyproject.toml): finished with status 'done'
[2024-07-31T19:53:00.280+0900] {process_utils.py:191} INFO - Collecting requests>=2.32.3 (from mov==0.1.0->-r /var/folders/qv/0knwm5h50ml0skpppwpbks_r0000gp/T/venvr6uz0pmq/requirements.txt (line 1))
[2024-07-31T19:53:00.281+0900] {process_utils.py:191} INFO -   Using cached requests-2.32.3-py3-none-any.whl.metadata (4.6 kB)
[2024-07-31T19:53:00.345+0900] {process_utils.py:191} INFO - Collecting pandas>=2.2.2 (from mov==0.1.0->-r /var/folders/qv/0knwm5h50ml0skpppwpbks_r0000gp/T/venvr6uz0pmq/requirements.txt (line 1))
[2024-07-31T19:53:00.346+0900] {process_utils.py:191} INFO -   Using cached pandas-2.2.2-cp311-cp311-macosx_11_0_arm64.whl.metadata (19 kB)
[2024-07-31T19:53:00.444+0900] {process_utils.py:191} INFO - Collecting numpy>=2.0.1 (from mov==0.1.0->-r /var/folders/qv/0knwm5h50ml0skpppwpbks_r0000gp/T/venvr6uz0pmq/requirements.txt (line 1))
[2024-07-31T19:53:00.445+0900] {process_utils.py:191} INFO -   Using cached numpy-2.0.1-cp311-cp311-macosx_14_0_arm64.whl.metadata (60 kB)
[2024-07-31T19:53:00.497+0900] {process_utils.py:191} INFO - Collecting pyarrow>=17.0.0 (from mov==0.1.0->-r /var/folders/qv/0knwm5h50ml0skpppwpbks_r0000gp/T/venvr6uz0pmq/requirements.txt (line 1))
[2024-07-31T19:53:00.498+0900] {process_utils.py:191} INFO -   Using cached pyarrow-17.0.0-cp311-cp311-macosx_11_0_arm64.whl.metadata (3.3 kB)
[2024-07-31T19:53:00.518+0900] {process_utils.py:191} INFO - Collecting python-dateutil>=2.8.2 (from pandas>=2.2.2->mov==0.1.0->-r /var/folders/qv/0knwm5h50ml0skpppwpbks_r0000gp/T/venvr6uz0pmq/requirements.txt (line 1))
[2024-07-31T19:53:00.519+0900] {process_utils.py:191} INFO -   Using cached python_dateutil-2.9.0.post0-py2.py3-none-any.whl.metadata (8.4 kB)
[2024-07-31T19:53:00.549+0900] {process_utils.py:191} INFO - Collecting pytz>=2020.1 (from pandas>=2.2.2->mov==0.1.0->-r /var/folders/qv/0knwm5h50ml0skpppwpbks_r0000gp/T/venvr6uz0pmq/requirements.txt (line 1))
[2024-07-31T19:53:00.550+0900] {process_utils.py:191} INFO -   Using cached pytz-2024.1-py2.py3-none-any.whl.metadata (22 kB)
[2024-07-31T19:53:00.563+0900] {process_utils.py:191} INFO - Collecting tzdata>=2022.7 (from pandas>=2.2.2->mov==0.1.0->-r /var/folders/qv/0knwm5h50ml0skpppwpbks_r0000gp/T/venvr6uz0pmq/requirements.txt (line 1))
[2024-07-31T19:53:00.564+0900] {process_utils.py:191} INFO -   Using cached tzdata-2024.1-py2.py3-none-any.whl.metadata (1.4 kB)
[2024-07-31T19:53:00.606+0900] {process_utils.py:191} INFO - Collecting charset-normalizer<4,>=2 (from requests>=2.32.3->mov==0.1.0->-r /var/folders/qv/0knwm5h50ml0skpppwpbks_r0000gp/T/venvr6uz0pmq/requirements.txt (line 1))
[2024-07-31T19:53:00.607+0900] {process_utils.py:191} INFO -   Using cached charset_normalizer-3.3.2-cp311-cp311-macosx_11_0_arm64.whl.metadata (33 kB)
[2024-07-31T19:53:00.622+0900] {process_utils.py:191} INFO - Collecting idna<4,>=2.5 (from requests>=2.32.3->mov==0.1.0->-r /var/folders/qv/0knwm5h50ml0skpppwpbks_r0000gp/T/venvr6uz0pmq/requirements.txt (line 1))
[2024-07-31T19:53:00.622+0900] {process_utils.py:191} INFO -   Using cached idna-3.7-py3-none-any.whl.metadata (9.9 kB)
[2024-07-31T19:53:00.649+0900] {process_utils.py:191} INFO - Collecting urllib3<3,>=1.21.1 (from requests>=2.32.3->mov==0.1.0->-r /var/folders/qv/0knwm5h50ml0skpppwpbks_r0000gp/T/venvr6uz0pmq/requirements.txt (line 1))
[2024-07-31T19:53:00.650+0900] {process_utils.py:191} INFO -   Using cached urllib3-2.2.2-py3-none-any.whl.metadata (6.4 kB)
[2024-07-31T19:53:00.666+0900] {process_utils.py:191} INFO - Collecting certifi>=2017.4.17 (from requests>=2.32.3->mov==0.1.0->-r /var/folders/qv/0knwm5h50ml0skpppwpbks_r0000gp/T/venvr6uz0pmq/requirements.txt (line 1))
[2024-07-31T19:53:00.666+0900] {process_utils.py:191} INFO -   Using cached certifi-2024.7.4-py3-none-any.whl.metadata (2.2 kB)
[2024-07-31T19:53:00.690+0900] {process_utils.py:191} INFO - Collecting six>=1.5 (from python-dateutil>=2.8.2->pandas>=2.2.2->mov==0.1.0->-r /var/folders/qv/0knwm5h50ml0skpppwpbks_r0000gp/T/venvr6uz0pmq/requirements.txt (line 1))
[2024-07-31T19:53:00.691+0900] {process_utils.py:191} INFO -   Using cached six-1.16.0-py2.py3-none-any.whl.metadata (1.8 kB)
[2024-07-31T19:53:00.694+0900] {process_utils.py:191} INFO - Using cached numpy-2.0.1-cp311-cp311-macosx_14_0_arm64.whl (5.3 MB)
[2024-07-31T19:53:00.700+0900] {process_utils.py:191} INFO - Using cached pandas-2.2.2-cp311-cp311-macosx_11_0_arm64.whl (11.3 MB)
[2024-07-31T19:53:00.712+0900] {process_utils.py:191} INFO - Using cached pyarrow-17.0.0-cp311-cp311-macosx_11_0_arm64.whl (27.2 MB)
[2024-07-31T19:53:00.743+0900] {process_utils.py:191} INFO - Using cached requests-2.32.3-py3-none-any.whl (64 kB)
[2024-07-31T19:53:00.744+0900] {process_utils.py:191} INFO - Using cached certifi-2024.7.4-py3-none-any.whl (162 kB)
[2024-07-31T19:53:00.745+0900] {process_utils.py:191} INFO - Using cached charset_normalizer-3.3.2-cp311-cp311-macosx_11_0_arm64.whl (118 kB)
[2024-07-31T19:53:00.746+0900] {process_utils.py:191} INFO - Using cached idna-3.7-py3-none-any.whl (66 kB)
[2024-07-31T19:53:00.746+0900] {process_utils.py:191} INFO - Using cached python_dateutil-2.9.0.post0-py2.py3-none-any.whl (229 kB)
[2024-07-31T19:53:00.747+0900] {process_utils.py:191} INFO - Using cached pytz-2024.1-py2.py3-none-any.whl (505 kB)
[2024-07-31T19:53:00.749+0900] {process_utils.py:191} INFO - Using cached tzdata-2024.1-py2.py3-none-any.whl (345 kB)
[2024-07-31T19:53:00.750+0900] {process_utils.py:191} INFO - Using cached urllib3-2.2.2-py3-none-any.whl (121 kB)
[2024-07-31T19:53:00.751+0900] {process_utils.py:191} INFO - Using cached six-1.16.0-py2.py3-none-any.whl (11 kB)
[2024-07-31T19:53:00.792+0900] {process_utils.py:191} INFO - Building wheels for collected packages: mov
[2024-07-31T19:53:00.806+0900] {process_utils.py:191} INFO -   Building wheel for mov (pyproject.toml): started
[2024-07-31T19:53:00.939+0900] {process_utils.py:191} INFO -   Building wheel for mov (pyproject.toml): finished with status 'done'
[2024-07-31T19:53:00.940+0900] {process_utils.py:191} INFO -   Created wheel for mov: filename=mov-0.1.0-py3-none-any.whl size=3056 sha256=ca8cd885d5b9b53e74aa0c18cf4ba5312b486776035a6012d6a219b8c4445021
[2024-07-31T19:53:00.940+0900] {process_utils.py:191} INFO -   Stored in directory: /private/var/folders/qv/0knwm5h50ml0skpppwpbks_r0000gp/T/pip-ephem-wheel-cache-5krkbvqz/wheels/cf/ab/a7/d0c528d20fa8a5f19e169bdf1d98f2b2cefe79d8527bb89200
[2024-07-31T19:53:00.941+0900] {process_utils.py:191} INFO - Successfully built mov
[2024-07-31T19:53:00.969+0900] {process_utils.py:191} INFO - Installing collected packages: pytz, urllib3, tzdata, six, numpy, idna, charset-normalizer, certifi, requests, python-dateutil, pyarrow, pandas, mov
[2024-07-31T19:53:05.446+0900] {process_utils.py:191} INFO - Successfully installed certifi-2024.7.4 charset-normalizer-3.3.2 idna-3.7 mov-0.1.0 numpy-2.0.1 pandas-2.2.2 pyarrow-17.0.0 python-dateutil-2.9.0.post0 pytz-2024.1 requests-2.32.3 six-1.16.0 tzdata-2024.1 urllib3-2.2.2
[2024-07-31T19:53:05.452+0900] {process_utils.py:191} INFO - 
[2024-07-31T19:53:05.452+0900] {process_utils.py:191} INFO - [notice] A new release of pip is available: 24.1.2 -> 24.2
[2024-07-31T19:53:05.452+0900] {process_utils.py:191} INFO - [notice] To update, run: python -m pip install --upgrade pip
[2024-07-31T19:53:05.582+0900] {process_utils.py:183} INFO - Executing cmd: /var/folders/qv/0knwm5h50ml0skpppwpbks_r0000gp/T/venvr6uz0pmq/bin/python /var/folders/qv/0knwm5h50ml0skpppwpbks_r0000gp/T/venv-callmqtqrtd0/script.py /var/folders/qv/0knwm5h50ml0skpppwpbks_r0000gp/T/venv-callmqtqrtd0/script.in /var/folders/qv/0knwm5h50ml0skpppwpbks_r0000gp/T/venv-callmqtqrtd0/script.out /var/folders/qv/0knwm5h50ml0skpppwpbks_r0000gp/T/venv-callmqtqrtd0/string_args.txt /var/folders/qv/0knwm5h50ml0skpppwpbks_r0000gp/T/venv-callmqtqrtd0/termination.log
[2024-07-31T19:53:05.585+0900] {process_utils.py:187} INFO - Output:
[2024-07-31T19:53:19.314+0900] {process_utils.py:191} INFO - {'boxOfficeResult': {'boxofficeType': '일별 박스오피스', 'showRange': '20240729~20240729', 'dailyBoxOfficeList': [{'rnum': '1', 'rank': '1', 'rankInten': '0', 'rankOldAndNew': 'OLD', 'movieCd': '20247781', 'movieNm': '데드풀과 울버린', 'openDt': '2024-07-24', 'salesAmt': '936328376', 'salesShare': '33.0', 'salesInten': '-1632694507', 'salesChange': '-63.6', 'salesAcc': '12240948999', 'audiCnt': '92532', 'audiInten': '-153787', 'audiChange': '-62.4', 'audiAcc': '1178535', 'scrnCnt': '1784', 'showCnt': '7672'}, {'rnum': '2', 'rank': '2', 'rankInten': '0', 'rankOldAndNew': 'OLD', 'movieCd': '20247440', 'movieNm': '슈퍼배드 4', 'openDt': '2024-07-24', 'salesAmt': '714786825', 'salesShare': '25.2', 'salesInten': '-646897498', 'salesChange': '-47.5', 'salesAcc': '6207222072', 'audiCnt': '80053', 'audiInten': '-65431', 'audiChange': '-45', 'audiAcc': '668465', 'scrnCnt': '998', 'showCnt': '3927'}, {'rnum': '3', 'rank': '3', 'rankInten': '0', 'rankOldAndNew': 'OLD', 'movieCd': '20212932', 'movieNm': '탈주', 'openDt': '2024-07-03', 'salesAmt': '380424164', 'salesShare': '13.4', 'salesInten': '-413834064', 'salesChange': '-52.1', 'salesAcc': '22032089479', 'audiCnt': '40770', 'audiInten': '-41681', 'audiChange': '-50.6', 'audiAcc': '2322824', 'scrnCnt': '840', 'showCnt': '2337'}, {'rnum': '4', 'rank': '4', 'rankInten': '0', 'rankOldAndNew': 'OLD', 'movieCd': '20235974', 'movieNm': '인사이드 아웃 2', 'openDt': '2024-06-12', 'salesAmt': '347080931', 'salesShare': '12.2', 'salesInten': '-217725151', 'salesChange': '-38.5', 'salesAcc': '80085454732', 'audiCnt': '37377', 'audiInten': '-20820', 'audiChange': '-35.8', 'audiAcc': '8329270', 'scrnCnt': '701', 'showCnt': '1501'}, {'rnum': '5', 'rank': '5', 'rankInten': '0', 'rankOldAndNew': 'OLD', 'movieCd': '20240983', 'movieNm': '명탐정 코난: 100만 달러의 펜타그램', 'openDt': '2024-07-17', 'salesAmt': '147095589', 'salesShare': '5.2', 'salesInten': '-113434913', 'salesChange': '-43.5', 'salesAcc': '5626710912', 'audiCnt': '15880', 'audiInten': '-11302', 'audiChange': '-41.6', 'audiAcc': '573145', 'scrnCnt': '562', 'showCnt': '1063'}, {'rnum': '6', 'rank': '6', 'rankInten': '0', 'rankOldAndNew': 'OLD', 'movieCd': '20208245', 'movieNm': '핸섬가이즈', 'openDt': '2024-06-26', 'salesAmt': '123003211', 'salesShare': '4.3', 'salesInten': '-104788357', 'salesChange': '-46', 'salesAcc': '16180942049', 'audiCnt': '13201', 'audiInten': '-10346', 'audiChange': '-43.9', 'audiAcc': '1730418', 'scrnCnt': '551', 'showCnt': '929'}, {'rnum': '7', 'rank': '7', 'rankInten': '0', 'rankOldAndNew': 'OLD', 'movieCd': '20208911', 'movieNm': '탈출: 프로젝트 사일런스', 'openDt': '2024-07-12', 'salesAmt': '45427502', 'salesShare': '1.6', 'salesInten': '-34228603', 'salesChange': '-43', 'salesAcc': '6599250733', 'audiCnt': '4637', 'audiInten': '-3483', 'audiChange': '-42.9', 'audiAcc': '676696', 'scrnCnt': '320', 'showCnt': '455'}, {'rnum': '8', 'rank': '8', 'rankInten': '0', 'rankOldAndNew': 'OLD', 'movieCd': '20224666', 'movieNm': '파일럿', 'openDt': '2024-07-31', 'salesAmt': '15785000', 'salesShare': '0.6', 'salesInten': '-63592067', 'salesChange': '-80.1', 'salesAcc': '511018434', 'audiCnt': '2085', 'audiInten': '-4616', 'audiChange': '-68.9', 'audiAcc': '51211', 'scrnCnt': '12', 'showCnt': '16'}, {'rnum': '9', 'rank': '9', 'rankInten': '2', 'rankOldAndNew': 'OLD', 'movieCd': '20240850', 'movieNm': '극장판 도라에몽: 진구의 지구 교향곡', 'openDt': '2024-07-10', 'salesAmt': '16325000', 'salesShare': '0.6', 'salesInten': '-10828500', 'salesChange': '-39.9', 'salesAcc': '641900900', 'audiCnt': '1953', 'audiInten': '-1158', 'audiChange': '-37.2', 'audiAcc': '74333', 'scrnCnt': '118', 'showCnt': '149'}, {'rnum': '10', 'rank': '10', 'rankInten': '0', 'rankOldAndNew': 'OLD', 'movieCd': '20235926', 'movieNm': '퍼펙트 데이즈', 'openDt': '2024-07-03', 'salesAmt': '16613855', 'salesShare': '0.6', 'salesInten': '-14658340', 'salesChange': '-46.9', 'salesAcc': '638332942', 'audiCnt': '1868', 'audiInten': '-1378', 'audiChange': '-42.5', 'audiAcc': '67511', 'scrnCnt': '49', 'showCnt': '64'}]}}
[2024-07-31T19:53:19.315+0900] {process_utils.py:191} INFO - partitioning List : ['load_dt']
[2024-07-31T19:53:19.315+0900] {process_utils.py:191} INFO -   rnum rank rankInten rankOldAndNew  ...  audiAcc scrnCnt showCnt   load_dt
[2024-07-31T19:53:19.316+0900] {process_utils.py:191} INFO - 0    1    1         0           OLD  ...  1178535    1784    7672  20240729
[2024-07-31T19:53:19.316+0900] {process_utils.py:191} INFO - 1    2    2         0           OLD  ...   668465     998    3927  20240729
[2024-07-31T19:53:19.317+0900] {process_utils.py:191} INFO - 2    3    3         0           OLD  ...  2322824     840    2337  20240729
[2024-07-31T19:53:19.317+0900] {process_utils.py:191} INFO - 3    4    4         0           OLD  ...  8329270     701    1501  20240729
[2024-07-31T19:53:19.317+0900] {process_utils.py:191} INFO - 4    5    5         0           OLD  ...   573145     562    1063  20240729
[2024-07-31T19:53:19.318+0900] {process_utils.py:191} INFO - 
[2024-07-31T19:53:19.318+0900] {process_utils.py:191} INFO - [5 rows x 19 columns]
[2024-07-31T19:53:19.778+0900] {python.py:237} INFO - Done. Returned value was: None
[2024-07-31T19:53:19.779+0900] {taskinstance.py:441} INFO - ::group::Post task execution logs
[2024-07-31T19:53:19.782+0900] {taskinstance.py:1206} INFO - Marking task as SUCCESS. dag_id=movie, task_id=get.data, run_id=scheduled__2024-07-29T02:10:00+00:00, execution_date=20240729T021000, start_date=20240731T105255, end_date=20240731T105319
[2024-07-31T19:53:19.794+0900] {local_task_job_runner.py:243} INFO - Task exited with return code 0
[2024-07-31T19:53:19.801+0900] {taskinstance.py:3503} INFO - 0 downstream tasks scheduled from follow-on schedule check
[2024-07-31T19:53:19.801+0900] {local_task_job_runner.py:222} INFO - ::endgroup::
