[2024-07-30T11:08:12.049+0900] {local_task_job_runner.py:120} INFO - ::group::Pre task execution logs
[2024-07-30T11:08:12.061+0900] {taskinstance.py:2076} INFO - Dependencies all met for dep_context=non-requeueable deps ti=<TaskInstance: movie.branch.op scheduled__2024-07-24T04:10:00+00:00 [queued]>
[2024-07-30T11:08:12.064+0900] {taskinstance.py:2076} INFO - Dependencies all met for dep_context=requeueable deps ti=<TaskInstance: movie.branch.op scheduled__2024-07-24T04:10:00+00:00 [queued]>
[2024-07-30T11:08:12.064+0900] {taskinstance.py:2306} INFO - Starting attempt 1 of 2
[2024-07-30T11:08:12.071+0900] {taskinstance.py:2330} INFO - Executing <Task(BranchPythonOperator): branch.op> on 2024-07-24 04:10:00+00:00
[2024-07-30T11:08:12.074+0900] {standard_task_runner.py:64} INFO - Started process 7340 to run task
[2024-07-30T11:08:12.076+0900] {standard_task_runner.py:90} INFO - Running: ['airflow', 'tasks', 'run', 'movie', 'branch.op', 'scheduled__2024-07-24T04:10:00+00:00', '--job-id', '638', '--raw', '--subdir', 'DAGS_FOLDER/movie.py', '--cfg-path', '/var/folders/qv/0knwm5h50ml0skpppwpbks_r0000gp/T/tmpm5dk893n']
[2024-07-30T11:08:12.078+0900] {standard_task_runner.py:91} INFO - Job 638: Subtask branch.op
[2024-07-30T11:08:12.093+0900] {task_command.py:426} INFO - Running <TaskInstance: movie.branch.op scheduled__2024-07-24T04:10:00+00:00 [running]> on host jeongui-MacBookPro.local
[2024-07-30T11:08:12.111+0900] {taskinstance.py:2648} INFO - Exporting env vars: AIRFLOW_CTX_DAG_OWNER='airflow' AIRFLOW_CTX_DAG_ID='movie' AIRFLOW_CTX_TASK_ID='branch.op' AIRFLOW_CTX_EXECUTION_DATE='2024-07-24T04:10:00+00:00' AIRFLOW_CTX_TRY_NUMBER='1' AIRFLOW_CTX_DAG_RUN_ID='scheduled__2024-07-24T04:10:00+00:00'
[2024-07-30T11:08:12.111+0900] {taskinstance.py:430} INFO - ::endgroup::
[2024-07-30T11:08:12.116+0900] {baseoperator.py:400} WARNING - BranchPythonOperator.execute cannot be called outside TaskInstance!
[2024-07-30T11:08:12.116+0900] {python.py:237} INFO - Done. Returned value was: get_data
[2024-07-30T11:08:12.116+0900] {branch.py:36} INFO - Branch into get_data
[2024-07-30T11:08:12.116+0900] {skipmixin.py:178} INFO - Following branch get_data
[2024-07-30T11:08:12.120+0900] {skipmixin.py:246} INFO - Skipping tasks [('echo.task', -1), ('rm.dir', -1)]
[2024-07-30T11:08:12.125+0900] {taskinstance.py:441} INFO - ::group::Post task execution logs
[2024-07-30T11:08:12.128+0900] {taskinstance.py:1206} INFO - Marking task as SUCCESS. dag_id=movie, task_id=branch.op, run_id=scheduled__2024-07-24T04:10:00+00:00, execution_date=20240724T041000, start_date=20240730T020812, end_date=20240730T020812
[2024-07-30T11:08:12.138+0900] {local_task_job_runner.py:243} INFO - Task exited with return code 0
[2024-07-30T11:08:12.147+0900] {taskinstance.py:3503} INFO - 0 downstream tasks scheduled from follow-on schedule check
[2024-07-30T11:08:12.148+0900] {local_task_job_runner.py:222} INFO - ::endgroup::
