[2024-07-31T09:27:25.081+0900] {local_task_job_runner.py:120} INFO - ::group::Pre task execution logs
[2024-07-31T09:27:25.098+0900] {taskinstance.py:2076} INFO - Dependencies all met for dep_context=non-requeueable deps ti=<TaskInstance: movie.save.data scheduled__2024-07-24T04:10:00+00:00 [queued]>
[2024-07-31T09:27:25.102+0900] {taskinstance.py:2076} INFO - Dependencies all met for dep_context=requeueable deps ti=<TaskInstance: movie.save.data scheduled__2024-07-24T04:10:00+00:00 [queued]>
[2024-07-31T09:27:25.102+0900] {taskinstance.py:2306} INFO - Starting attempt 1 of 2
[2024-07-31T09:27:25.109+0900] {taskinstance.py:2330} INFO - Executing <Task(PythonVirtualenvOperator): save.data> on 2024-07-24 04:10:00+00:00
[2024-07-31T09:27:25.112+0900] {standard_task_runner.py:64} INFO - Started process 6127 to run task
[2024-07-31T09:27:25.115+0900] {standard_task_runner.py:90} INFO - Running: ['airflow', 'tasks', 'run', 'movie', 'save.data', 'scheduled__2024-07-24T04:10:00+00:00', '--job-id', '688', '--raw', '--subdir', 'DAGS_FOLDER/movie.py', '--cfg-path', '/var/folders/qv/0knwm5h50ml0skpppwpbks_r0000gp/T/tmpoo69h55d']
[2024-07-31T09:27:25.116+0900] {standard_task_runner.py:91} INFO - Job 688: Subtask save.data
[2024-07-31T09:27:25.132+0900] {task_command.py:426} INFO - Running <TaskInstance: movie.save.data scheduled__2024-07-24T04:10:00+00:00 [running]> on host jeongui-MacBookPro.local
[2024-07-31T09:27:25.152+0900] {taskinstance.py:2648} INFO - Exporting env vars: AIRFLOW_CTX_DAG_OWNER='airflow' AIRFLOW_CTX_DAG_ID='movie' AIRFLOW_CTX_TASK_ID='save.data' AIRFLOW_CTX_EXECUTION_DATE='2024-07-24T04:10:00+00:00' AIRFLOW_CTX_TRY_NUMBER='1' AIRFLOW_CTX_DAG_RUN_ID='scheduled__2024-07-24T04:10:00+00:00'
[2024-07-31T09:27:25.153+0900] {taskinstance.py:430} INFO - ::endgroup::
[2024-07-31T09:27:25.159+0900] {baseoperator.py:400} WARNING - PythonVirtualenvOperator.execute cannot be called outside TaskInstance!
[2024-07-31T09:27:25.160+0900] {process_utils.py:183} INFO - Executing cmd: /Users/DE32/.pyenv/versions/3.11.9/envs/note/bin/python -m virtualenv /var/folders/qv/0knwm5h50ml0skpppwpbks_r0000gp/T/venv4c6u7ie_ --python=python
[2024-07-31T09:27:25.162+0900] {process_utils.py:187} INFO - Output:
[2024-07-31T09:27:25.407+0900] {process_utils.py:191} INFO - created virtual environment CPython3.11.9.final.0-64 in 179ms
[2024-07-31T09:27:25.408+0900] {process_utils.py:191} INFO -   creator CPython3Posix(dest=/private/var/folders/qv/0knwm5h50ml0skpppwpbks_r0000gp/T/venv4c6u7ie_, clear=False, no_vcs_ignore=False, global=False)
[2024-07-31T09:27:25.408+0900] {process_utils.py:191} INFO -   seeder FromAppData(download=False, pip=bundle, setuptools=bundle, wheel=bundle, via=copy, app_data_dir=/Users/DE32/Library/Application Support/virtualenv)
[2024-07-31T09:27:25.408+0900] {process_utils.py:191} INFO -     added seed packages: pip==24.1.2, setuptools==70.2.0, wheel==0.43.0
[2024-07-31T09:27:25.408+0900] {process_utils.py:191} INFO -   activators BashActivator,CShellActivator,FishActivator,NushellActivator,PowerShellActivator,PythonActivator
[2024-07-31T09:27:25.420+0900] {process_utils.py:183} INFO - Executing cmd: /var/folders/qv/0knwm5h50ml0skpppwpbks_r0000gp/T/venv4c6u7ie_/bin/pip install -r /var/folders/qv/0knwm5h50ml0skpppwpbks_r0000gp/T/venv4c6u7ie_/requirements.txt
[2024-07-31T09:27:25.422+0900] {process_utils.py:187} INFO - Output:
[2024-07-31T09:27:26.190+0900] {process_utils.py:191} INFO - Collecting git+https://github.com/Jeonghoon2/movie.git@0.2/api (from -r /var/folders/qv/0knwm5h50ml0skpppwpbks_r0000gp/T/venv4c6u7ie_/requirements.txt (line 1))
[2024-07-31T09:27:26.190+0900] {process_utils.py:191} INFO -   Cloning https://github.com/Jeonghoon2/movie.git (to revision 0.2/api) to /private/var/folders/qv/0knwm5h50ml0skpppwpbks_r0000gp/T/pip-req-build-qdn5wixs
[2024-07-31T09:27:26.202+0900] {process_utils.py:191} INFO -   Running command git clone --filter=blob:none --quiet https://github.com/Jeonghoon2/movie.git /private/var/folders/qv/0knwm5h50ml0skpppwpbks_r0000gp/T/pip-req-build-qdn5wixs
[2024-07-31T09:27:27.670+0900] {process_utils.py:191} INFO -   Running command git checkout -b 0.2/api --track origin/0.2/api
[2024-07-31T09:27:28.233+0900] {process_utils.py:191} INFO -   Switched to a new branch '0.2/api'
[2024-07-31T09:27:28.234+0900] {process_utils.py:191} INFO -   branch '0.2/api' set up to track 'origin/0.2/api'.
[2024-07-31T09:27:28.234+0900] {process_utils.py:191} INFO -   Resolved https://github.com/Jeonghoon2/movie.git to commit 514cfb45f6fa577ee07d4fa2076f9283780af81e
[2024-07-31T09:27:28.257+0900] {process_utils.py:191} INFO -   Installing build dependencies: started
[2024-07-31T09:27:29.181+0900] {process_utils.py:191} INFO -   Installing build dependencies: finished with status 'done'
[2024-07-31T09:27:29.181+0900] {process_utils.py:191} INFO -   Getting requirements to build wheel: started
[2024-07-31T09:27:29.303+0900] {process_utils.py:191} INFO -   Getting requirements to build wheel: finished with status 'done'
[2024-07-31T09:27:29.304+0900] {process_utils.py:191} INFO -   Preparing metadata (pyproject.toml): started
[2024-07-31T09:27:29.429+0900] {process_utils.py:191} INFO -   Preparing metadata (pyproject.toml): finished with status 'done'
[2024-07-31T09:27:29.514+0900] {process_utils.py:191} INFO - Collecting requests>=2.32.3 (from mov==0.1.0->-r /var/folders/qv/0knwm5h50ml0skpppwpbks_r0000gp/T/venv4c6u7ie_/requirements.txt (line 1))
[2024-07-31T09:27:29.516+0900] {process_utils.py:191} INFO -   Using cached requests-2.32.3-py3-none-any.whl.metadata (4.6 kB)
[2024-07-31T09:27:29.586+0900] {process_utils.py:191} INFO - Collecting pandas>=2.2.2 (from mov==0.1.0->-r /var/folders/qv/0knwm5h50ml0skpppwpbks_r0000gp/T/venv4c6u7ie_/requirements.txt (line 1))
[2024-07-31T09:27:29.588+0900] {process_utils.py:191} INFO -   Using cached pandas-2.2.2-cp311-cp311-macosx_11_0_arm64.whl.metadata (19 kB)
[2024-07-31T09:27:29.695+0900] {process_utils.py:191} INFO - Collecting numpy>=2.0.1 (from mov==0.1.0->-r /var/folders/qv/0knwm5h50ml0skpppwpbks_r0000gp/T/venv4c6u7ie_/requirements.txt (line 1))
[2024-07-31T09:27:29.697+0900] {process_utils.py:191} INFO -   Using cached numpy-2.0.1-cp311-cp311-macosx_14_0_arm64.whl.metadata (60 kB)
[2024-07-31T09:27:29.748+0900] {process_utils.py:191} INFO - Collecting pyarrow>=17.0.0 (from mov==0.1.0->-r /var/folders/qv/0knwm5h50ml0skpppwpbks_r0000gp/T/venv4c6u7ie_/requirements.txt (line 1))
[2024-07-31T09:27:29.749+0900] {process_utils.py:191} INFO -   Using cached pyarrow-17.0.0-cp311-cp311-macosx_11_0_arm64.whl.metadata (3.3 kB)
[2024-07-31T09:27:29.783+0900] {process_utils.py:191} INFO - Collecting python-dateutil>=2.8.2 (from pandas>=2.2.2->mov==0.1.0->-r /var/folders/qv/0knwm5h50ml0skpppwpbks_r0000gp/T/venv4c6u7ie_/requirements.txt (line 1))
[2024-07-31T09:27:29.785+0900] {process_utils.py:191} INFO -   Using cached python_dateutil-2.9.0.post0-py2.py3-none-any.whl.metadata (8.4 kB)
[2024-07-31T09:27:29.821+0900] {process_utils.py:191} INFO - Collecting pytz>=2020.1 (from pandas>=2.2.2->mov==0.1.0->-r /var/folders/qv/0knwm5h50ml0skpppwpbks_r0000gp/T/venv4c6u7ie_/requirements.txt (line 1))
[2024-07-31T09:27:29.822+0900] {process_utils.py:191} INFO -   Using cached pytz-2024.1-py2.py3-none-any.whl.metadata (22 kB)
[2024-07-31T09:27:29.838+0900] {process_utils.py:191} INFO - Collecting tzdata>=2022.7 (from pandas>=2.2.2->mov==0.1.0->-r /var/folders/qv/0knwm5h50ml0skpppwpbks_r0000gp/T/venv4c6u7ie_/requirements.txt (line 1))
[2024-07-31T09:27:29.839+0900] {process_utils.py:191} INFO -   Using cached tzdata-2024.1-py2.py3-none-any.whl.metadata (1.4 kB)
[2024-07-31T09:27:29.889+0900] {process_utils.py:191} INFO - Collecting charset-normalizer<4,>=2 (from requests>=2.32.3->mov==0.1.0->-r /var/folders/qv/0knwm5h50ml0skpppwpbks_r0000gp/T/venv4c6u7ie_/requirements.txt (line 1))
[2024-07-31T09:27:29.890+0900] {process_utils.py:191} INFO -   Using cached charset_normalizer-3.3.2-cp311-cp311-macosx_11_0_arm64.whl.metadata (33 kB)
[2024-07-31T09:27:29.909+0900] {process_utils.py:191} INFO - Collecting idna<4,>=2.5 (from requests>=2.32.3->mov==0.1.0->-r /var/folders/qv/0knwm5h50ml0skpppwpbks_r0000gp/T/venv4c6u7ie_/requirements.txt (line 1))
[2024-07-31T09:27:29.909+0900] {process_utils.py:191} INFO -   Using cached idna-3.7-py3-none-any.whl.metadata (9.9 kB)
[2024-07-31T09:27:29.938+0900] {process_utils.py:191} INFO - Collecting urllib3<3,>=1.21.1 (from requests>=2.32.3->mov==0.1.0->-r /var/folders/qv/0knwm5h50ml0skpppwpbks_r0000gp/T/venv4c6u7ie_/requirements.txt (line 1))
[2024-07-31T09:27:29.939+0900] {process_utils.py:191} INFO -   Using cached urllib3-2.2.2-py3-none-any.whl.metadata (6.4 kB)
[2024-07-31T09:27:29.961+0900] {process_utils.py:191} INFO - Collecting certifi>=2017.4.17 (from requests>=2.32.3->mov==0.1.0->-r /var/folders/qv/0knwm5h50ml0skpppwpbks_r0000gp/T/venv4c6u7ie_/requirements.txt (line 1))
[2024-07-31T09:27:29.962+0900] {process_utils.py:191} INFO -   Using cached certifi-2024.7.4-py3-none-any.whl.metadata (2.2 kB)
[2024-07-31T09:27:29.991+0900] {process_utils.py:191} INFO - Collecting six>=1.5 (from python-dateutil>=2.8.2->pandas>=2.2.2->mov==0.1.0->-r /var/folders/qv/0knwm5h50ml0skpppwpbks_r0000gp/T/venv4c6u7ie_/requirements.txt (line 1))
[2024-07-31T09:27:29.992+0900] {process_utils.py:191} INFO -   Using cached six-1.16.0-py2.py3-none-any.whl.metadata (1.8 kB)
[2024-07-31T09:27:29.995+0900] {process_utils.py:191} INFO - Using cached numpy-2.0.1-cp311-cp311-macosx_14_0_arm64.whl (5.3 MB)
[2024-07-31T09:27:30.002+0900] {process_utils.py:191} INFO - Using cached pandas-2.2.2-cp311-cp311-macosx_11_0_arm64.whl (11.3 MB)
[2024-07-31T09:27:30.014+0900] {process_utils.py:191} INFO - Using cached pyarrow-17.0.0-cp311-cp311-macosx_11_0_arm64.whl (27.2 MB)
[2024-07-31T09:27:30.059+0900] {process_utils.py:191} INFO - Using cached requests-2.32.3-py3-none-any.whl (64 kB)
[2024-07-31T09:27:30.060+0900] {process_utils.py:191} INFO - Using cached certifi-2024.7.4-py3-none-any.whl (162 kB)
[2024-07-31T09:27:30.061+0900] {process_utils.py:191} INFO - Using cached charset_normalizer-3.3.2-cp311-cp311-macosx_11_0_arm64.whl (118 kB)
[2024-07-31T09:27:30.062+0900] {process_utils.py:191} INFO - Using cached idna-3.7-py3-none-any.whl (66 kB)
[2024-07-31T09:27:30.063+0900] {process_utils.py:191} INFO - Using cached python_dateutil-2.9.0.post0-py2.py3-none-any.whl (229 kB)
[2024-07-31T09:27:30.064+0900] {process_utils.py:191} INFO - Using cached pytz-2024.1-py2.py3-none-any.whl (505 kB)
[2024-07-31T09:27:30.065+0900] {process_utils.py:191} INFO - Using cached tzdata-2024.1-py2.py3-none-any.whl (345 kB)
[2024-07-31T09:27:30.066+0900] {process_utils.py:191} INFO - Using cached urllib3-2.2.2-py3-none-any.whl (121 kB)
[2024-07-31T09:27:30.067+0900] {process_utils.py:191} INFO - Using cached six-1.16.0-py2.py3-none-any.whl (11 kB)
[2024-07-31T09:27:30.109+0900] {process_utils.py:191} INFO - Building wheels for collected packages: mov
[2024-07-31T09:27:30.123+0900] {process_utils.py:191} INFO -   Building wheel for mov (pyproject.toml): started
[2024-07-31T09:27:30.259+0900] {process_utils.py:191} INFO -   Building wheel for mov (pyproject.toml): finished with status 'done'
[2024-07-31T09:27:30.259+0900] {process_utils.py:191} INFO -   Created wheel for mov: filename=mov-0.1.0-py3-none-any.whl size=3017 sha256=3b1ce1e9a078d62382cd3c275f8bcacdbfdcd3daca28c82816a5bf3ab8fef80a
[2024-07-31T09:27:30.260+0900] {process_utils.py:191} INFO -   Stored in directory: /private/var/folders/qv/0knwm5h50ml0skpppwpbks_r0000gp/T/pip-ephem-wheel-cache-bc18x9z5/wheels/cf/ab/a7/d0c528d20fa8a5f19e169bdf1d98f2b2cefe79d8527bb89200
[2024-07-31T09:27:30.261+0900] {process_utils.py:191} INFO - Successfully built mov
[2024-07-31T09:27:30.288+0900] {process_utils.py:191} INFO - Installing collected packages: pytz, urllib3, tzdata, six, numpy, idna, charset-normalizer, certifi, requests, python-dateutil, pyarrow, pandas, mov
[2024-07-31T09:27:34.871+0900] {process_utils.py:191} INFO - Successfully installed certifi-2024.7.4 charset-normalizer-3.3.2 idna-3.7 mov-0.1.0 numpy-2.0.1 pandas-2.2.2 pyarrow-17.0.0 python-dateutil-2.9.0.post0 pytz-2024.1 requests-2.32.3 six-1.16.0 tzdata-2024.1 urllib3-2.2.2
[2024-07-31T09:27:34.874+0900] {process_utils.py:191} INFO - 
[2024-07-31T09:27:34.874+0900] {process_utils.py:191} INFO - [notice] A new release of pip is available: 24.1.2 -> 24.2
[2024-07-31T09:27:34.874+0900] {process_utils.py:191} INFO - [notice] To update, run: python -m pip install --upgrade pip
[2024-07-31T09:27:35.005+0900] {process_utils.py:183} INFO - Executing cmd: /var/folders/qv/0knwm5h50ml0skpppwpbks_r0000gp/T/venv4c6u7ie_/bin/python /var/folders/qv/0knwm5h50ml0skpppwpbks_r0000gp/T/venv-callfs0yerwo/script.py /var/folders/qv/0knwm5h50ml0skpppwpbks_r0000gp/T/venv-callfs0yerwo/script.in /var/folders/qv/0knwm5h50ml0skpppwpbks_r0000gp/T/venv-callfs0yerwo/script.out /var/folders/qv/0knwm5h50ml0skpppwpbks_r0000gp/T/venv-callfs0yerwo/string_args.txt /var/folders/qv/0knwm5h50ml0skpppwpbks_r0000gp/T/venv-callfs0yerwo/termination.log
[2024-07-31T09:27:35.007+0900] {process_utils.py:187} INFO - Output:
[2024-07-31T09:27:50.302+0900] {process_utils.py:191} INFO - *********************************
[2024-07-31T09:27:50.303+0900] {process_utils.py:191} INFO -    rnum  rank  rankInten rankOldAndNew  ... audiChange  audiAcc scrnCnt  showCnt
[2024-07-31T09:27:50.303+0900] {process_utils.py:191} INFO - 0     1     1         10           OLD  ...    13975.0   231761    1936     8234
[2024-07-31T09:27:50.304+0900] {process_utils.py:191} INFO - 1     2     2          0           NEW  ...      100.0   178291    1031     3989
[2024-07-31T09:27:50.304+0900] {process_utils.py:191} INFO - 2     3     3         -2           OLD  ...      -23.8  2040407     879     2171
[2024-07-31T09:27:50.304+0900] {process_utils.py:191} INFO - 3     4     4         -1           OLD  ...       21.7   464951     613     1268
[2024-07-31T09:27:50.305+0900] {process_utils.py:191} INFO - 4     5     5         -3           OLD  ...      -36.8  8131397     625     1128
[2024-07-31T09:27:50.305+0900] {process_utils.py:191} INFO - 5     6     6         -2           OLD  ...      -49.8  1643749     532      878
[2024-07-31T09:27:50.305+0900] {process_utils.py:191} INFO - 6     7     7         -2           OLD  ...      -63.2   643692     416      629
[2024-07-31T09:27:50.306+0900] {process_utils.py:191} INFO - 7     8     8          0           NEW  ...      100.0     4327      56      105
[2024-07-31T09:27:50.306+0900] {process_utils.py:191} INFO - 8     9     9         -2           OLD  ...      -76.0  1758706     147      180
[2024-07-31T09:27:50.306+0900] {process_utils.py:191} INFO - 9    10    10         -4           OLD  ...      -86.2    26210      11       13
[2024-07-31T09:27:50.307+0900] {process_utils.py:191} INFO - 
[2024-07-31T09:27:50.307+0900] {process_utils.py:191} INFO - [10 rows x 18 columns]
[2024-07-31T09:27:50.307+0900] {process_utils.py:191} INFO - *********************************
[2024-07-31T09:27:50.307+0900] {process_utils.py:191} INFO - rnum               int64
[2024-07-31T09:27:50.308+0900] {process_utils.py:191} INFO - rank               int64
[2024-07-31T09:27:50.308+0900] {process_utils.py:191} INFO - rankInten          int64
[2024-07-31T09:27:50.308+0900] {process_utils.py:191} INFO - rankOldAndNew     object
[2024-07-31T09:27:50.309+0900] {process_utils.py:191} INFO - movieCd           object
[2024-07-31T09:27:50.309+0900] {process_utils.py:191} INFO - movieNm           object
[2024-07-31T09:27:50.309+0900] {process_utils.py:191} INFO - openDt            object
[2024-07-31T09:27:50.309+0900] {process_utils.py:191} INFO - salesAmt           int64
[2024-07-31T09:27:50.310+0900] {process_utils.py:191} INFO - salesShare       float64
[2024-07-31T09:27:50.310+0900] {process_utils.py:191} INFO - salesInten         int64
[2024-07-31T09:27:50.310+0900] {process_utils.py:191} INFO - salesChange      float64
[2024-07-31T09:27:50.311+0900] {process_utils.py:191} INFO - salesAcc          object
[2024-07-31T09:27:50.311+0900] {process_utils.py:191} INFO - audiCnt            int64
[2024-07-31T09:27:50.311+0900] {process_utils.py:191} INFO - audiInten          int64
[2024-07-31T09:27:50.311+0900] {process_utils.py:191} INFO - audiChange       float64
[2024-07-31T09:27:50.311+0900] {process_utils.py:191} INFO - audiAcc            int64
[2024-07-31T09:27:50.312+0900] {process_utils.py:191} INFO - scrnCnt            int64
[2024-07-31T09:27:50.312+0900] {process_utils.py:191} INFO - showCnt            int64
[2024-07-31T09:27:50.312+0900] {process_utils.py:191} INFO - dtype: object
[2024-07-31T09:27:50.312+0900] {process_utils.py:191} INFO - 개봉일 기준 그룹핑 누적 관객수 합
[2024-07-31T09:27:50.313+0900] {process_utils.py:191} INFO -        openDt  audiCnt
[2024-07-31T09:27:50.313+0900] {process_utils.py:191} INFO - 0  2024-06-12    17459
[2024-07-31T09:27:50.313+0900] {process_utils.py:191} INFO - 1  2024-06-21     1955
[2024-07-31T09:27:50.313+0900] {process_utils.py:191} INFO - 2  2024-06-26    10223
[2024-07-31T09:27:50.314+0900] {process_utils.py:191} INFO - 3  2024-07-03    35724
[2024-07-31T09:27:50.314+0900] {process_utils.py:191} INFO - 4  2024-07-12     6735
[2024-07-31T09:27:50.314+0900] {process_utils.py:191} INFO - 5  2024-07-17    31818
[2024-07-31T09:27:50.314+0900] {process_utils.py:191} INFO - 6  2024-07-24   307798
[2024-07-31T09:27:50.315+0900] {process_utils.py:191} INFO - 7  2024-07-31     1854
[2024-07-31T09:27:50.751+0900] {python.py:237} INFO - Done. Returned value was: None
[2024-07-31T09:27:50.751+0900] {taskinstance.py:441} INFO - ::group::Post task execution logs
[2024-07-31T09:27:50.754+0900] {taskinstance.py:1206} INFO - Marking task as SUCCESS. dag_id=movie, task_id=save.data, run_id=scheduled__2024-07-24T04:10:00+00:00, execution_date=20240724T041000, start_date=20240731T002725, end_date=20240731T002750
[2024-07-31T09:27:50.776+0900] {local_task_job_runner.py:243} INFO - Task exited with return code 0
[2024-07-31T09:27:50.781+0900] {taskinstance.py:3503} INFO - 0 downstream tasks scheduled from follow-on schedule check
[2024-07-31T09:27:50.781+0900] {local_task_job_runner.py:222} INFO - ::endgroup::
