[2024-07-31T11:28:08.237+0900] {local_task_job_runner.py:120} INFO - ::group::Pre task execution logs
[2024-07-31T11:28:08.249+0900] {taskinstance.py:2076} INFO - Dependencies all met for dep_context=non-requeueable deps ti=<TaskInstance: movie.throw.err scheduled__2024-07-28T02:10:00+00:00 [queued]>
[2024-07-31T11:28:08.252+0900] {taskinstance.py:2076} INFO - Dependencies all met for dep_context=requeueable deps ti=<TaskInstance: movie.throw.err scheduled__2024-07-28T02:10:00+00:00 [queued]>
[2024-07-31T11:28:08.253+0900] {taskinstance.py:2306} INFO - Starting attempt 1 of 2
[2024-07-31T11:28:08.259+0900] {taskinstance.py:2330} INFO - Executing <Task(BashOperator): throw.err> on 2024-07-28 02:10:00+00:00
[2024-07-31T11:28:08.261+0900] {standard_task_runner.py:64} INFO - Started process 11053 to run task
[2024-07-31T11:28:08.264+0900] {standard_task_runner.py:90} INFO - Running: ['airflow', 'tasks', 'run', 'movie', 'throw.err', 'scheduled__2024-07-28T02:10:00+00:00', '--job-id', '755', '--raw', '--subdir', 'DAGS_FOLDER/movie.py', '--cfg-path', '/var/folders/qv/0knwm5h50ml0skpppwpbks_r0000gp/T/tmpvm33ezvn']
[2024-07-31T11:28:08.266+0900] {standard_task_runner.py:91} INFO - Job 755: Subtask throw.err
[2024-07-31T11:28:08.281+0900] {task_command.py:426} INFO - Running <TaskInstance: movie.throw.err scheduled__2024-07-28T02:10:00+00:00 [running]> on host jeongui-MacBookPro.local
[2024-07-31T11:28:08.301+0900] {taskinstance.py:2648} INFO - Exporting env vars: AIRFLOW_CTX_DAG_OWNER='airflow' AIRFLOW_CTX_DAG_ID='movie' AIRFLOW_CTX_TASK_ID='throw.err' AIRFLOW_CTX_EXECUTION_DATE='2024-07-28T02:10:00+00:00' AIRFLOW_CTX_TRY_NUMBER='1' AIRFLOW_CTX_DAG_RUN_ID='scheduled__2024-07-28T02:10:00+00:00'
[2024-07-31T11:28:08.301+0900] {taskinstance.py:430} INFO - ::endgroup::
[2024-07-31T11:28:08.307+0900] {subprocess.py:63} INFO - Tmp dir root location: /var/folders/qv/0knwm5h50ml0skpppwpbks_r0000gp/T
[2024-07-31T11:28:08.307+0900] {subprocess.py:75} INFO - Running command: ['/bin/bash', '-c', 'exit 1']
[2024-07-31T11:28:08.310+0900] {subprocess.py:86} INFO - Output:
[2024-07-31T11:28:08.312+0900] {subprocess.py:97} INFO - Command exited with return code 1
[2024-07-31T11:28:08.313+0900] {taskinstance.py:441} INFO - ::group::Post task execution logs
[2024-07-31T11:28:08.316+0900] {taskinstance.py:2905} ERROR - Task failed with exception
Traceback (most recent call last):
  File "/Users/DE32/.pyenv/versions/3.11.9/envs/note/lib/python3.11/site-packages/airflow/models/taskinstance.py", line 465, in _execute_task
    result = _execute_callable(context=context, **execute_callable_kwargs)
             ^^^^^^^^^^^^^^^^^^^^^^^^^^^^^^^^^^^^^^^^^^^^^^^^^^^^^^^^^^^^^
  File "/Users/DE32/.pyenv/versions/3.11.9/envs/note/lib/python3.11/site-packages/airflow/models/taskinstance.py", line 432, in _execute_callable
    return execute_callable(context=context, **execute_callable_kwargs)
           ^^^^^^^^^^^^^^^^^^^^^^^^^^^^^^^^^^^^^^^^^^^^^^^^^^^^^^^^^^^^
  File "/Users/DE32/.pyenv/versions/3.11.9/envs/note/lib/python3.11/site-packages/airflow/models/baseoperator.py", line 401, in wrapper
    return func(self, *args, **kwargs)
           ^^^^^^^^^^^^^^^^^^^^^^^^^^^
  File "/Users/DE32/.pyenv/versions/3.11.9/envs/note/lib/python3.11/site-packages/airflow/operators/bash.py", line 243, in execute
    raise AirflowException(
airflow.exceptions.AirflowException: Bash command failed. The command returned a non-zero exit code 1.
[2024-07-31T11:28:08.318+0900] {taskinstance.py:1206} INFO - Marking task as UP_FOR_RETRY. dag_id=movie, task_id=throw.err, run_id=scheduled__2024-07-28T02:10:00+00:00, execution_date=20240728T021000, start_date=20240731T022808, end_date=20240731T022808
[2024-07-31T11:28:08.322+0900] {standard_task_runner.py:110} ERROR - Failed to execute job 755 for task throw.err (Bash command failed. The command returned a non-zero exit code 1.; 11053)
[2024-07-31T11:28:08.326+0900] {local_task_job_runner.py:243} INFO - Task exited with return code 1
[2024-07-31T11:28:08.333+0900] {taskinstance.py:3503} INFO - 0 downstream tasks scheduled from follow-on schedule check
[2024-07-31T11:28:08.333+0900] {local_task_job_runner.py:222} INFO - ::endgroup::
[2024-07-31T16:40:35.421+0900] {local_task_job_runner.py:120} INFO - ::group::Pre task execution logs
[2024-07-31T16:40:35.433+0900] {taskinstance.py:2076} INFO - Dependencies all met for dep_context=non-requeueable deps ti=<TaskInstance: movie.throw.err scheduled__2024-07-28T02:10:00+00:00 [queued]>
[2024-07-31T16:40:35.437+0900] {taskinstance.py:2076} INFO - Dependencies all met for dep_context=requeueable deps ti=<TaskInstance: movie.throw.err scheduled__2024-07-28T02:10:00+00:00 [queued]>
[2024-07-31T16:40:35.437+0900] {taskinstance.py:2306} INFO - Starting attempt 1 of 2
[2024-07-31T16:40:35.443+0900] {taskinstance.py:2330} INFO - Executing <Task(BashOperator): throw.err> on 2024-07-28 02:10:00+00:00
[2024-07-31T16:40:35.446+0900] {standard_task_runner.py:64} INFO - Started process 19764 to run task
[2024-07-31T16:40:35.449+0900] {standard_task_runner.py:90} INFO - Running: ['airflow', 'tasks', 'run', 'movie', 'throw.err', 'scheduled__2024-07-28T02:10:00+00:00', '--job-id', '824', '--raw', '--subdir', 'DAGS_FOLDER/movie.py', '--cfg-path', '/var/folders/qv/0knwm5h50ml0skpppwpbks_r0000gp/T/tmp3a3hcnw6']
[2024-07-31T16:40:35.451+0900] {standard_task_runner.py:91} INFO - Job 824: Subtask throw.err
[2024-07-31T16:40:35.466+0900] {task_command.py:426} INFO - Running <TaskInstance: movie.throw.err scheduled__2024-07-28T02:10:00+00:00 [running]> on host jeongui-MacBookPro.local
[2024-07-31T16:40:35.484+0900] {taskinstance.py:2648} INFO - Exporting env vars: AIRFLOW_CTX_DAG_OWNER='airflow' AIRFLOW_CTX_DAG_ID='movie' AIRFLOW_CTX_TASK_ID='throw.err' AIRFLOW_CTX_EXECUTION_DATE='2024-07-28T02:10:00+00:00' AIRFLOW_CTX_TRY_NUMBER='1' AIRFLOW_CTX_DAG_RUN_ID='scheduled__2024-07-28T02:10:00+00:00'
[2024-07-31T16:40:35.485+0900] {taskinstance.py:430} INFO - ::endgroup::
[2024-07-31T16:40:35.490+0900] {subprocess.py:63} INFO - Tmp dir root location: /var/folders/qv/0knwm5h50ml0skpppwpbks_r0000gp/T
[2024-07-31T16:40:35.490+0900] {subprocess.py:75} INFO - Running command: ['/bin/bash', '-c', 'exit 1']
[2024-07-31T16:40:35.493+0900] {subprocess.py:86} INFO - Output:
[2024-07-31T16:40:35.495+0900] {subprocess.py:97} INFO - Command exited with return code 1
[2024-07-31T16:40:35.496+0900] {taskinstance.py:441} INFO - ::group::Post task execution logs
[2024-07-31T16:40:35.499+0900] {taskinstance.py:2905} ERROR - Task failed with exception
Traceback (most recent call last):
  File "/Users/DE32/.pyenv/versions/3.11.9/envs/note/lib/python3.11/site-packages/airflow/models/taskinstance.py", line 465, in _execute_task
    result = _execute_callable(context=context, **execute_callable_kwargs)
             ^^^^^^^^^^^^^^^^^^^^^^^^^^^^^^^^^^^^^^^^^^^^^^^^^^^^^^^^^^^^^
  File "/Users/DE32/.pyenv/versions/3.11.9/envs/note/lib/python3.11/site-packages/airflow/models/taskinstance.py", line 432, in _execute_callable
    return execute_callable(context=context, **execute_callable_kwargs)
           ^^^^^^^^^^^^^^^^^^^^^^^^^^^^^^^^^^^^^^^^^^^^^^^^^^^^^^^^^^^^
  File "/Users/DE32/.pyenv/versions/3.11.9/envs/note/lib/python3.11/site-packages/airflow/models/baseoperator.py", line 401, in wrapper
    return func(self, *args, **kwargs)
           ^^^^^^^^^^^^^^^^^^^^^^^^^^^
  File "/Users/DE32/.pyenv/versions/3.11.9/envs/note/lib/python3.11/site-packages/airflow/operators/bash.py", line 243, in execute
    raise AirflowException(
airflow.exceptions.AirflowException: Bash command failed. The command returned a non-zero exit code 1.
[2024-07-31T16:40:35.500+0900] {taskinstance.py:1206} INFO - Marking task as UP_FOR_RETRY. dag_id=movie, task_id=throw.err, run_id=scheduled__2024-07-28T02:10:00+00:00, execution_date=20240728T021000, start_date=20240731T074035, end_date=20240731T074035
[2024-07-31T16:40:35.504+0900] {standard_task_runner.py:110} ERROR - Failed to execute job 824 for task throw.err (Bash command failed. The command returned a non-zero exit code 1.; 19764)
[2024-07-31T16:40:35.517+0900] {local_task_job_runner.py:243} INFO - Task exited with return code 1
[2024-07-31T16:40:35.524+0900] {taskinstance.py:3503} INFO - 0 downstream tasks scheduled from follow-on schedule check
[2024-07-31T16:40:35.524+0900] {local_task_job_runner.py:222} INFO - ::endgroup::
