[2024-07-31T11:28:20.129+0900] {local_task_job_runner.py:120} INFO - ::group::Pre task execution logs
[2024-07-31T11:28:20.139+0900] {taskinstance.py:2076} INFO - Dependencies all met for dep_context=non-requeueable deps ti=<TaskInstance: movie.throw.err scheduled__2024-07-28T02:10:00+00:00 [queued]>
[2024-07-31T11:28:20.142+0900] {taskinstance.py:2076} INFO - Dependencies all met for dep_context=requeueable deps ti=<TaskInstance: movie.throw.err scheduled__2024-07-28T02:10:00+00:00 [queued]>
[2024-07-31T11:28:20.142+0900] {taskinstance.py:2306} INFO - Starting attempt 2 of 2
[2024-07-31T11:28:20.148+0900] {taskinstance.py:2330} INFO - Executing <Task(BashOperator): throw.err> on 2024-07-28 02:10:00+00:00
[2024-07-31T11:28:20.150+0900] {standard_task_runner.py:64} INFO - Started process 11059 to run task
[2024-07-31T11:28:20.153+0900] {standard_task_runner.py:90} INFO - Running: ['airflow', 'tasks', 'run', 'movie', 'throw.err', 'scheduled__2024-07-28T02:10:00+00:00', '--job-id', '757', '--raw', '--subdir', 'DAGS_FOLDER/movie.py', '--cfg-path', '/var/folders/qv/0knwm5h50ml0skpppwpbks_r0000gp/T/tmpuwlp5a96']
[2024-07-31T11:28:20.154+0900] {standard_task_runner.py:91} INFO - Job 757: Subtask throw.err
[2024-07-31T11:28:20.168+0900] {task_command.py:426} INFO - Running <TaskInstance: movie.throw.err scheduled__2024-07-28T02:10:00+00:00 [running]> on host jeongui-MacBookPro.local
[2024-07-31T11:28:20.188+0900] {taskinstance.py:2648} INFO - Exporting env vars: AIRFLOW_CTX_DAG_OWNER='airflow' AIRFLOW_CTX_DAG_ID='movie' AIRFLOW_CTX_TASK_ID='throw.err' AIRFLOW_CTX_EXECUTION_DATE='2024-07-28T02:10:00+00:00' AIRFLOW_CTX_TRY_NUMBER='2' AIRFLOW_CTX_DAG_RUN_ID='scheduled__2024-07-28T02:10:00+00:00'
[2024-07-31T11:28:20.189+0900] {taskinstance.py:430} INFO - ::endgroup::
[2024-07-31T11:28:20.194+0900] {subprocess.py:63} INFO - Tmp dir root location: /var/folders/qv/0knwm5h50ml0skpppwpbks_r0000gp/T
[2024-07-31T11:28:20.194+0900] {subprocess.py:75} INFO - Running command: ['/bin/bash', '-c', 'exit 1']
[2024-07-31T11:28:20.197+0900] {subprocess.py:86} INFO - Output:
[2024-07-31T11:28:20.199+0900] {subprocess.py:97} INFO - Command exited with return code 1
[2024-07-31T11:28:20.199+0900] {taskinstance.py:441} INFO - ::group::Post task execution logs
[2024-07-31T11:28:20.202+0900] {taskinstance.py:2905} ERROR - Task failed with exception
Traceback (most recent call last):
  File "/Users/DE32/.pyenv/versions/3.11.9/envs/note/lib/python3.11/site-packages/airflow/models/taskinstance.py", line 465, in _execute_task
    result = _execute_callable(context=context, **execute_callable_kwargs)
             ^^^^^^^^^^^^^^^^^^^^^^^^^^^^^^^^^^^^^^^^^^^^^^^^^^^^^^^^^^^^^
  File "/Users/DE32/.pyenv/versions/3.11.9/envs/note/lib/python3.11/site-packages/airflow/models/taskinstance.py", line 432, in _execute_callable
    return execute_callable(context=context, **execute_callable_kwargs)
           ^^^^^^^^^^^^^^^^^^^^^^^^^^^^^^^^^^^^^^^^^^^^^^^^^^^^^^^^^^^^
  File "/Users/DE32/.pyenv/versions/3.11.9/envs/note/lib/python3.11/site-packages/airflow/models/baseoperator.py", line 401, in wrapper
    return func(self, *args, **kwargs)
           ^^^^^^^^^^^^^^^^^^^^^^^^^^^
  File "/Users/DE32/.pyenv/versions/3.11.9/envs/note/lib/python3.11/site-packages/airflow/operators/bash.py", line 243, in execute
    raise AirflowException(
airflow.exceptions.AirflowException: Bash command failed. The command returned a non-zero exit code 1.
[2024-07-31T11:28:20.203+0900] {taskinstance.py:1206} INFO - Marking task as FAILED. dag_id=movie, task_id=throw.err, run_id=scheduled__2024-07-28T02:10:00+00:00, execution_date=20240728T021000, start_date=20240731T022820, end_date=20240731T022820
[2024-07-31T11:28:20.207+0900] {standard_task_runner.py:110} ERROR - Failed to execute job 757 for task throw.err (Bash command failed. The command returned a non-zero exit code 1.; 11059)
[2024-07-31T11:28:20.215+0900] {local_task_job_runner.py:243} INFO - Task exited with return code 1
[2024-07-31T11:28:20.221+0900] {taskinstance.py:3503} INFO - 0 downstream tasks scheduled from follow-on schedule check
[2024-07-31T11:28:20.222+0900] {local_task_job_runner.py:222} INFO - ::endgroup::
[2024-07-31T16:40:48.037+0900] {local_task_job_runner.py:120} INFO - ::group::Pre task execution logs
[2024-07-31T16:40:48.051+0900] {taskinstance.py:2076} INFO - Dependencies all met for dep_context=non-requeueable deps ti=<TaskInstance: movie.throw.err scheduled__2024-07-28T02:10:00+00:00 [queued]>
[2024-07-31T16:40:48.054+0900] {taskinstance.py:2076} INFO - Dependencies all met for dep_context=requeueable deps ti=<TaskInstance: movie.throw.err scheduled__2024-07-28T02:10:00+00:00 [queued]>
[2024-07-31T16:40:48.055+0900] {taskinstance.py:2306} INFO - Starting attempt 2 of 2
[2024-07-31T16:40:48.062+0900] {taskinstance.py:2330} INFO - Executing <Task(BashOperator): throw.err> on 2024-07-28 02:10:00+00:00
[2024-07-31T16:40:48.065+0900] {standard_task_runner.py:64} INFO - Started process 19772 to run task
[2024-07-31T16:40:48.069+0900] {standard_task_runner.py:90} INFO - Running: ['airflow', 'tasks', 'run', 'movie', 'throw.err', 'scheduled__2024-07-28T02:10:00+00:00', '--job-id', '826', '--raw', '--subdir', 'DAGS_FOLDER/movie.py', '--cfg-path', '/var/folders/qv/0knwm5h50ml0skpppwpbks_r0000gp/T/tmpgk3joo2h']
[2024-07-31T16:40:48.071+0900] {standard_task_runner.py:91} INFO - Job 826: Subtask throw.err
[2024-07-31T16:40:48.091+0900] {task_command.py:426} INFO - Running <TaskInstance: movie.throw.err scheduled__2024-07-28T02:10:00+00:00 [running]> on host jeongui-MacBookPro.local
[2024-07-31T16:40:48.116+0900] {taskinstance.py:2648} INFO - Exporting env vars: AIRFLOW_CTX_DAG_OWNER='airflow' AIRFLOW_CTX_DAG_ID='movie' AIRFLOW_CTX_TASK_ID='throw.err' AIRFLOW_CTX_EXECUTION_DATE='2024-07-28T02:10:00+00:00' AIRFLOW_CTX_TRY_NUMBER='2' AIRFLOW_CTX_DAG_RUN_ID='scheduled__2024-07-28T02:10:00+00:00'
[2024-07-31T16:40:48.117+0900] {taskinstance.py:430} INFO - ::endgroup::
[2024-07-31T16:40:48.124+0900] {subprocess.py:63} INFO - Tmp dir root location: /var/folders/qv/0knwm5h50ml0skpppwpbks_r0000gp/T
[2024-07-31T16:40:48.125+0900] {subprocess.py:75} INFO - Running command: ['/bin/bash', '-c', 'exit 1']
[2024-07-31T16:40:48.129+0900] {subprocess.py:86} INFO - Output:
[2024-07-31T16:40:48.131+0900] {subprocess.py:97} INFO - Command exited with return code 1
[2024-07-31T16:40:48.132+0900] {taskinstance.py:441} INFO - ::group::Post task execution logs
[2024-07-31T16:40:48.138+0900] {taskinstance.py:2905} ERROR - Task failed with exception
Traceback (most recent call last):
  File "/Users/DE32/.pyenv/versions/3.11.9/envs/note/lib/python3.11/site-packages/airflow/models/taskinstance.py", line 465, in _execute_task
    result = _execute_callable(context=context, **execute_callable_kwargs)
             ^^^^^^^^^^^^^^^^^^^^^^^^^^^^^^^^^^^^^^^^^^^^^^^^^^^^^^^^^^^^^
  File "/Users/DE32/.pyenv/versions/3.11.9/envs/note/lib/python3.11/site-packages/airflow/models/taskinstance.py", line 432, in _execute_callable
    return execute_callable(context=context, **execute_callable_kwargs)
           ^^^^^^^^^^^^^^^^^^^^^^^^^^^^^^^^^^^^^^^^^^^^^^^^^^^^^^^^^^^^
  File "/Users/DE32/.pyenv/versions/3.11.9/envs/note/lib/python3.11/site-packages/airflow/models/baseoperator.py", line 401, in wrapper
    return func(self, *args, **kwargs)
           ^^^^^^^^^^^^^^^^^^^^^^^^^^^
  File "/Users/DE32/.pyenv/versions/3.11.9/envs/note/lib/python3.11/site-packages/airflow/operators/bash.py", line 243, in execute
    raise AirflowException(
airflow.exceptions.AirflowException: Bash command failed. The command returned a non-zero exit code 1.
[2024-07-31T16:40:48.142+0900] {taskinstance.py:1206} INFO - Marking task as FAILED. dag_id=movie, task_id=throw.err, run_id=scheduled__2024-07-28T02:10:00+00:00, execution_date=20240728T021000, start_date=20240731T074048, end_date=20240731T074048
[2024-07-31T16:40:48.149+0900] {standard_task_runner.py:110} ERROR - Failed to execute job 826 for task throw.err (Bash command failed. The command returned a non-zero exit code 1.; 19772)
[2024-07-31T16:40:48.165+0900] {local_task_job_runner.py:243} INFO - Task exited with return code 1
[2024-07-31T16:40:48.179+0900] {taskinstance.py:3503} INFO - 0 downstream tasks scheduled from follow-on schedule check
[2024-07-31T16:40:48.179+0900] {local_task_job_runner.py:222} INFO - ::endgroup::
