[2024-07-24T16:24:36.309+0900] {local_task_job_runner.py:120} INFO - ::group::Pre task execution logs
[2024-07-24T16:24:36.316+0900] {taskinstance.py:2076} INFO - Dependencies all met for dep_context=non-requeueable deps ti=<TaskInstance: make_parquet.err.report scheduled__2024-07-19T00:00:00+00:00 [queued]>
[2024-07-24T16:24:36.319+0900] {taskinstance.py:2076} INFO - Dependencies all met for dep_context=requeueable deps ti=<TaskInstance: make_parquet.err.report scheduled__2024-07-19T00:00:00+00:00 [queued]>
[2024-07-24T16:24:36.319+0900] {taskinstance.py:2306} INFO - Starting attempt 1 of 2
[2024-07-24T16:24:36.323+0900] {taskinstance.py:2330} INFO - Executing <Task(BashOperator): err.report> on 2024-07-19 00:00:00+00:00
[2024-07-24T16:24:36.325+0900] {standard_task_runner.py:64} INFO - Started process 99096 to run task
[2024-07-24T16:24:36.327+0900] {standard_task_runner.py:90} INFO - Running: ['airflow', 'tasks', 'run', 'make_parquet', 'err.report', 'scheduled__2024-07-19T00:00:00+00:00', '--job-id', '433', '--raw', '--subdir', 'DAGS_FOLDER/make_parquet.py', '--cfg-path', '/var/folders/qv/0knwm5h50ml0skpppwpbks_r0000gp/T/tmpidcugpr9']
[2024-07-24T16:24:36.329+0900] {standard_task_runner.py:91} INFO - Job 433: Subtask err.report
[2024-07-24T16:24:36.343+0900] {task_command.py:426} INFO - Running <TaskInstance: make_parquet.err.report scheduled__2024-07-19T00:00:00+00:00 [running]> on host jeongui-MacBookPro.local
[2024-07-24T16:24:36.363+0900] {taskinstance.py:2648} INFO - Exporting env vars: AIRFLOW_CTX_DAG_OWNER='airflow' AIRFLOW_CTX_DAG_ID='make_parquet' AIRFLOW_CTX_TASK_ID='err.report' AIRFLOW_CTX_EXECUTION_DATE='2024-07-19T00:00:00+00:00' AIRFLOW_CTX_TRY_NUMBER='1' AIRFLOW_CTX_DAG_RUN_ID='scheduled__2024-07-19T00:00:00+00:00'
[2024-07-24T16:24:36.363+0900] {taskinstance.py:430} INFO - ::endgroup::
[2024-07-24T16:24:36.371+0900] {subprocess.py:63} INFO - Tmp dir root location: /var/folders/qv/0knwm5h50ml0skpppwpbks_r0000gp/T
[2024-07-24T16:24:36.372+0900] {subprocess.py:75} INFO - Running command: ['/bin/bash', '-c', '\n        ']
[2024-07-24T16:24:36.374+0900] {subprocess.py:86} INFO - Output:
[2024-07-24T16:24:36.377+0900] {subprocess.py:97} INFO - Command exited with return code 0
[2024-07-24T16:24:36.377+0900] {taskinstance.py:441} INFO - ::group::Post task execution logs
[2024-07-24T16:24:36.383+0900] {taskinstance.py:1206} INFO - Marking task as SUCCESS. dag_id=make_parquet, task_id=err.report, run_id=scheduled__2024-07-19T00:00:00+00:00, execution_date=20240719T000000, start_date=20240724T072436, end_date=20240724T072436
[2024-07-24T16:24:36.389+0900] {local_task_job_runner.py:243} INFO - Task exited with return code 0
[2024-07-24T16:24:36.394+0900] {taskinstance.py:3503} INFO - 0 downstream tasks scheduled from follow-on schedule check
[2024-07-24T16:24:36.395+0900] {local_task_job_runner.py:222} INFO - ::endgroup::
[2024-07-24T16:37:39.763+0900] {local_task_job_runner.py:120} INFO - ::group::Pre task execution logs
[2024-07-24T16:37:39.771+0900] {taskinstance.py:2076} INFO - Dependencies all met for dep_context=non-requeueable deps ti=<TaskInstance: make_parquet.err.report scheduled__2024-07-19T00:00:00+00:00 [queued]>
[2024-07-24T16:37:39.773+0900] {taskinstance.py:2076} INFO - Dependencies all met for dep_context=requeueable deps ti=<TaskInstance: make_parquet.err.report scheduled__2024-07-19T00:00:00+00:00 [queued]>
[2024-07-24T16:37:39.773+0900] {taskinstance.py:2306} INFO - Starting attempt 1 of 2
[2024-07-24T16:37:39.777+0900] {taskinstance.py:2330} INFO - Executing <Task(BashOperator): err.report> on 2024-07-19 00:00:00+00:00
[2024-07-24T16:37:39.779+0900] {standard_task_runner.py:64} INFO - Started process 1433 to run task
[2024-07-24T16:37:39.782+0900] {standard_task_runner.py:90} INFO - Running: ['airflow', 'tasks', 'run', 'make_parquet', 'err.report', 'scheduled__2024-07-19T00:00:00+00:00', '--job-id', '402', '--raw', '--subdir', 'DAGS_FOLDER/make_parquet.py', '--cfg-path', '/var/folders/qv/0knwm5h50ml0skpppwpbks_r0000gp/T/tmpkpwgrcr1']
[2024-07-24T16:37:39.783+0900] {standard_task_runner.py:91} INFO - Job 402: Subtask err.report
[2024-07-24T16:37:39.796+0900] {task_command.py:426} INFO - Running <TaskInstance: make_parquet.err.report scheduled__2024-07-19T00:00:00+00:00 [running]> on host jeongui-MacBookPro.local
[2024-07-24T16:37:39.818+0900] {taskinstance.py:2648} INFO - Exporting env vars: AIRFLOW_CTX_DAG_OWNER='airflow' AIRFLOW_CTX_DAG_ID='make_parquet' AIRFLOW_CTX_TASK_ID='err.report' AIRFLOW_CTX_EXECUTION_DATE='2024-07-19T00:00:00+00:00' AIRFLOW_CTX_TRY_NUMBER='1' AIRFLOW_CTX_DAG_RUN_ID='scheduled__2024-07-19T00:00:00+00:00'
[2024-07-24T16:37:39.818+0900] {taskinstance.py:430} INFO - ::endgroup::
[2024-07-24T16:37:39.824+0900] {subprocess.py:63} INFO - Tmp dir root location: /var/folders/qv/0knwm5h50ml0skpppwpbks_r0000gp/T
[2024-07-24T16:37:39.824+0900] {subprocess.py:75} INFO - Running command: ['/bin/bash', '-c', '\n        ']
[2024-07-24T16:37:39.827+0900] {subprocess.py:86} INFO - Output:
[2024-07-24T16:37:39.829+0900] {subprocess.py:97} INFO - Command exited with return code 0
[2024-07-24T16:37:39.829+0900] {taskinstance.py:441} INFO - ::group::Post task execution logs
[2024-07-24T16:37:39.835+0900] {taskinstance.py:1206} INFO - Marking task as SUCCESS. dag_id=make_parquet, task_id=err.report, run_id=scheduled__2024-07-19T00:00:00+00:00, execution_date=20240719T000000, start_date=20240724T073739, end_date=20240724T073739
[2024-07-24T16:37:39.844+0900] {local_task_job_runner.py:243} INFO - Task exited with return code 0
[2024-07-24T16:37:39.849+0900] {taskinstance.py:3503} INFO - 0 downstream tasks scheduled from follow-on schedule check
[2024-07-24T16:37:39.849+0900] {local_task_job_runner.py:222} INFO - ::endgroup::
