[2024-07-24T14:09:26.148+0900] {local_task_job_runner.py:120} INFO - ::group::Pre task execution logs
[2024-07-24T14:09:26.155+0900] {taskinstance.py:2076} INFO - Dependencies all met for dep_context=non-requeueable deps ti=<TaskInstance: simple_bash.count.log scheduled__2024-07-15T00:00:00+00:00 [queued]>
[2024-07-24T14:09:26.158+0900] {taskinstance.py:2076} INFO - Dependencies all met for dep_context=requeueable deps ti=<TaskInstance: simple_bash.count.log scheduled__2024-07-15T00:00:00+00:00 [queued]>
[2024-07-24T14:09:26.158+0900] {taskinstance.py:2306} INFO - Starting attempt 1 of 2
[2024-07-24T14:09:26.162+0900] {taskinstance.py:2330} INFO - Executing <Task(BashOperator): count.log> on 2024-07-15 00:00:00+00:00
[2024-07-24T14:09:26.164+0900] {standard_task_runner.py:64} INFO - Started process 89694 to run task
[2024-07-24T14:09:26.167+0900] {standard_task_runner.py:90} INFO - Running: ['airflow', 'tasks', 'run', 'simple_bash', 'count.log', 'scheduled__2024-07-15T00:00:00+00:00', '--job-id', '34', '--raw', '--subdir', 'DAGS_FOLDER/simple_bash.py', '--cfg-path', '/var/folders/qv/0knwm5h50ml0skpppwpbks_r0000gp/T/tmpemqbipxq']
[2024-07-24T14:09:26.168+0900] {standard_task_runner.py:91} INFO - Job 34: Subtask count.log
[2024-07-24T14:09:26.181+0900] {task_command.py:426} INFO - Running <TaskInstance: simple_bash.count.log scheduled__2024-07-15T00:00:00+00:00 [running]> on host jeongui-MacBookPro.local
[2024-07-24T14:09:26.204+0900] {taskinstance.py:2648} INFO - Exporting env vars: AIRFLOW_CTX_DAG_OWNER='airflow' AIRFLOW_CTX_DAG_ID='simple_bash' AIRFLOW_CTX_TASK_ID='count.log' AIRFLOW_CTX_EXECUTION_DATE='2024-07-15T00:00:00+00:00' AIRFLOW_CTX_TRY_NUMBER='1' AIRFLOW_CTX_DAG_RUN_ID='scheduled__2024-07-15T00:00:00+00:00'
[2024-07-24T14:09:26.204+0900] {taskinstance.py:430} INFO - ::endgroup::
[2024-07-24T14:09:26.210+0900] {subprocess.py:63} INFO - Tmp dir root location: /var/folders/qv/0knwm5h50ml0skpppwpbks_r0000gp/T
[2024-07-24T14:09:26.210+0900] {subprocess.py:75} INFO - Running command: ['/bin/bash', '-c', '\n            echo "count"\n        ']
[2024-07-24T14:09:26.213+0900] {subprocess.py:86} INFO - Output:
[2024-07-24T14:09:26.214+0900] {subprocess.py:93} INFO - count
[2024-07-24T14:09:26.215+0900] {subprocess.py:97} INFO - Command exited with return code 0
[2024-07-24T14:09:26.215+0900] {taskinstance.py:441} INFO - ::group::Post task execution logs
[2024-07-24T14:09:26.221+0900] {taskinstance.py:1206} INFO - Marking task as SUCCESS. dag_id=simple_bash, task_id=count.log, run_id=scheduled__2024-07-15T00:00:00+00:00, execution_date=20240715T000000, start_date=20240724T050926, end_date=20240724T050926
[2024-07-24T14:09:26.229+0900] {local_task_job_runner.py:243} INFO - Task exited with return code 0
[2024-07-24T14:09:26.234+0900] {taskinstance.py:3503} INFO - 0 downstream tasks scheduled from follow-on schedule check
[2024-07-24T14:09:26.234+0900] {local_task_job_runner.py:222} INFO - ::endgroup::
[2024-07-24T14:21:38.127+0900] {local_task_job_runner.py:120} INFO - ::group::Pre task execution logs
[2024-07-24T14:21:38.135+0900] {taskinstance.py:2076} INFO - Dependencies all met for dep_context=non-requeueable deps ti=<TaskInstance: simple_bash.count.log scheduled__2024-07-15T00:00:00+00:00 [queued]>
[2024-07-24T14:21:38.137+0900] {taskinstance.py:2076} INFO - Dependencies all met for dep_context=requeueable deps ti=<TaskInstance: simple_bash.count.log scheduled__2024-07-15T00:00:00+00:00 [queued]>
[2024-07-24T14:21:38.137+0900] {taskinstance.py:2306} INFO - Starting attempt 1 of 1
[2024-07-24T14:21:38.142+0900] {taskinstance.py:2330} INFO - Executing <Task(BashOperator): count.log> on 2024-07-15 00:00:00+00:00
[2024-07-24T14:21:38.144+0900] {standard_task_runner.py:64} INFO - Started process 90957 to run task
[2024-07-24T14:21:38.146+0900] {standard_task_runner.py:90} INFO - Running: ['airflow', 'tasks', 'run', 'simple_bash', 'count.log', 'scheduled__2024-07-15T00:00:00+00:00', '--job-id', '130', '--raw', '--subdir', 'DAGS_FOLDER/simple_bash.py', '--cfg-path', '/var/folders/qv/0knwm5h50ml0skpppwpbks_r0000gp/T/tmp00nn3_cq']
[2024-07-24T14:21:38.148+0900] {standard_task_runner.py:91} INFO - Job 130: Subtask count.log
[2024-07-24T14:21:38.161+0900] {task_command.py:426} INFO - Running <TaskInstance: simple_bash.count.log scheduled__2024-07-15T00:00:00+00:00 [running]> on host jeongui-MacBookPro.local
[2024-07-24T14:21:38.183+0900] {taskinstance.py:2648} INFO - Exporting env vars: AIRFLOW_CTX_DAG_OWNER='airflow' AIRFLOW_CTX_DAG_ID='simple_bash' AIRFLOW_CTX_TASK_ID='count.log' AIRFLOW_CTX_EXECUTION_DATE='2024-07-15T00:00:00+00:00' AIRFLOW_CTX_TRY_NUMBER='1' AIRFLOW_CTX_DAG_RUN_ID='scheduled__2024-07-15T00:00:00+00:00'
[2024-07-24T14:21:38.183+0900] {taskinstance.py:430} INFO - ::endgroup::
[2024-07-24T14:21:38.189+0900] {subprocess.py:63} INFO - Tmp dir root location: /var/folders/qv/0knwm5h50ml0skpppwpbks_r0000gp/T
[2024-07-24T14:21:38.189+0900] {subprocess.py:75} INFO - Running command: ['/bin/bash', '-c', '\n            echo "count"\n\t\t\tLANG=C\n\t\t\tmkdir -p ~/data/count/20240715\n\t\t\tcat ~/data/sort/20240715/sort.log | uniq -c > ~/data/count/20240715/count.log\n        ']
[2024-07-24T14:21:38.192+0900] {subprocess.py:86} INFO - Output:
[2024-07-24T14:21:38.193+0900] {subprocess.py:93} INFO - count
[2024-07-24T14:21:38.197+0900] {subprocess.py:97} INFO - Command exited with return code 0
[2024-07-24T14:21:38.197+0900] {taskinstance.py:441} INFO - ::group::Post task execution logs
[2024-07-24T14:21:38.203+0900] {taskinstance.py:1206} INFO - Marking task as SUCCESS. dag_id=simple_bash, task_id=count.log, run_id=scheduled__2024-07-15T00:00:00+00:00, execution_date=20240715T000000, start_date=20240724T052138, end_date=20240724T052138
[2024-07-24T14:21:38.209+0900] {local_task_job_runner.py:243} INFO - Task exited with return code 0
[2024-07-24T14:21:38.214+0900] {taskinstance.py:3503} INFO - 0 downstream tasks scheduled from follow-on schedule check
[2024-07-24T14:21:38.214+0900] {local_task_job_runner.py:222} INFO - ::endgroup::
