[2024-07-24T14:37:03.333+0900] {local_task_job_runner.py:120} INFO - ::group::Pre task execution logs
[2024-07-24T14:37:03.342+0900] {taskinstance.py:2076} INFO - Dependencies all met for dep_context=non-requeueable deps ti=<TaskInstance: simple_bash.count.log scheduled__2024-07-15T00:00:00+00:00 [queued]>
[2024-07-24T14:37:03.345+0900] {taskinstance.py:2076} INFO - Dependencies all met for dep_context=requeueable deps ti=<TaskInstance: simple_bash.count.log scheduled__2024-07-15T00:00:00+00:00 [queued]>
[2024-07-24T14:37:03.345+0900] {taskinstance.py:2306} INFO - Starting attempt 2 of 2
[2024-07-24T14:37:03.349+0900] {taskinstance.py:2330} INFO - Executing <Task(BashOperator): count.log> on 2024-07-15 00:00:00+00:00
[2024-07-24T14:37:03.352+0900] {standard_task_runner.py:64} INFO - Started process 92589 to run task
[2024-07-24T14:37:03.354+0900] {standard_task_runner.py:90} INFO - Running: ['airflow', 'tasks', 'run', 'simple_bash', 'count.log', 'scheduled__2024-07-15T00:00:00+00:00', '--job-id', '198', '--raw', '--subdir', 'DAGS_FOLDER/simple_bash.py', '--cfg-path', '/var/folders/qv/0knwm5h50ml0skpppwpbks_r0000gp/T/tmplmr09odv']
[2024-07-24T14:37:03.356+0900] {standard_task_runner.py:91} INFO - Job 198: Subtask count.log
[2024-07-24T14:37:03.369+0900] {task_command.py:426} INFO - Running <TaskInstance: simple_bash.count.log scheduled__2024-07-15T00:00:00+00:00 [running]> on host jeongui-MacBookPro.local
[2024-07-24T14:37:03.391+0900] {taskinstance.py:2648} INFO - Exporting env vars: AIRFLOW_CTX_DAG_OWNER='airflow' AIRFLOW_CTX_DAG_ID='simple_bash' AIRFLOW_CTX_TASK_ID='count.log' AIRFLOW_CTX_EXECUTION_DATE='2024-07-15T00:00:00+00:00' AIRFLOW_CTX_TRY_NUMBER='2' AIRFLOW_CTX_DAG_RUN_ID='scheduled__2024-07-15T00:00:00+00:00'
[2024-07-24T14:37:03.391+0900] {taskinstance.py:430} INFO - ::endgroup::
[2024-07-24T14:37:03.397+0900] {subprocess.py:63} INFO - Tmp dir root location: /var/folders/qv/0knwm5h50ml0skpppwpbks_r0000gp/T
[2024-07-24T14:37:03.397+0900] {subprocess.py:75} INFO - Running command: ['/bin/bash', '-c', '\n            echo "count"\n\t\t\tLANG=C\n\t\t\tmkdir -p ~/data/count/20240715\n\t\t\tcat ~/data/sort/20240715/sort.log | uniq -c > ~/data/count/20240715/count.log\n        ']
[2024-07-24T14:37:03.400+0900] {subprocess.py:86} INFO - Output:
[2024-07-24T14:37:03.402+0900] {subprocess.py:93} INFO - count
[2024-07-24T14:37:03.405+0900] {subprocess.py:97} INFO - Command exited with return code 0
[2024-07-24T14:37:03.406+0900] {taskinstance.py:441} INFO - ::group::Post task execution logs
[2024-07-24T14:37:03.412+0900] {taskinstance.py:1206} INFO - Marking task as SUCCESS. dag_id=simple_bash, task_id=count.log, run_id=scheduled__2024-07-15T00:00:00+00:00, execution_date=20240715T000000, start_date=20240724T053703, end_date=20240724T053703
[2024-07-24T14:37:03.459+0900] {local_task_job_runner.py:243} INFO - Task exited with return code 0
[2024-07-24T14:37:03.468+0900] {taskinstance.py:3503} INFO - 1 downstream tasks scheduled from follow-on schedule check
[2024-07-24T14:37:03.469+0900] {local_task_job_runner.py:222} INFO - ::endgroup::
