[2024-07-26T09:29:37.853+0900] {local_task_job_runner.py:120} INFO - ::group::Pre task execution logs
[2024-07-26T09:29:37.863+0900] {taskinstance.py:2076} INFO - Dependencies all met for dep_context=non-requeueable deps ti=<TaskInstance: simple_bash.print.date scheduled__2024-07-25T00:00:00+00:00 [queued]>
[2024-07-26T09:29:37.867+0900] {taskinstance.py:2076} INFO - Dependencies all met for dep_context=requeueable deps ti=<TaskInstance: simple_bash.print.date scheduled__2024-07-25T00:00:00+00:00 [queued]>
[2024-07-26T09:29:37.867+0900] {taskinstance.py:2306} INFO - Starting attempt 1 of 1
[2024-07-26T09:29:37.872+0900] {taskinstance.py:2330} INFO - Executing <Task(BashOperator): print.date> on 2024-07-25 00:00:00+00:00
[2024-07-26T09:29:37.874+0900] {standard_task_runner.py:64} INFO - Started process 2575 to run task
[2024-07-26T09:29:37.877+0900] {standard_task_runner.py:90} INFO - Running: ['airflow', 'tasks', 'run', 'simple_bash', 'print.date', 'scheduled__2024-07-25T00:00:00+00:00', '--job-id', '461', '--raw', '--subdir', 'DAGS_FOLDER/simple_bash.py', '--cfg-path', '/var/folders/qv/0knwm5h50ml0skpppwpbks_r0000gp/T/tmpgwskd7gy']
[2024-07-26T09:29:37.879+0900] {standard_task_runner.py:91} INFO - Job 461: Subtask print.date
[2024-07-26T09:29:37.894+0900] {task_command.py:426} INFO - Running <TaskInstance: simple_bash.print.date scheduled__2024-07-25T00:00:00+00:00 [running]> on host jeongui-MacBookPro.local
[2024-07-26T09:29:37.911+0900] {logging_mixin.py:188} WARNING - /Users/DE32/.pyenv/versions/3.11.9/envs/note/lib/python3.11/site-packages/airflow/utils/context.py:212 AirflowContextDeprecationWarning: Accessing 'execution_date' from the template is deprecated and will be removed in a future version. Please use 'data_interval_start' or 'logical_date' instead.
[2024-07-26T09:29:37.911+0900] {logging_mixin.py:188} WARNING - /Users/DE32/.pyenv/versions/3.11.9/envs/note/lib/python3.11/site-packages/airflow/utils/context.py:212 AirflowContextDeprecationWarning: Accessing 'next_execution_date' from the template is deprecated and will be removed in a future version. Please use 'data_interval_end' instead.
[2024-07-26T09:29:37.912+0900] {logging_mixin.py:188} WARNING - /Users/DE32/.pyenv/versions/3.11.9/envs/note/lib/python3.11/site-packages/airflow/utils/context.py:212 AirflowContextDeprecationWarning: Accessing 'prev_execution_date' from the template is deprecated and will be removed in a future version.
[2024-07-26T09:29:37.920+0900] {taskinstance.py:2648} INFO - Exporting env vars: AIRFLOW_CTX_DAG_OWNER='airflow' AIRFLOW_CTX_DAG_ID='simple_bash' AIRFLOW_CTX_TASK_ID='print.date' AIRFLOW_CTX_EXECUTION_DATE='2024-07-25T00:00:00+00:00' AIRFLOW_CTX_TRY_NUMBER='1' AIRFLOW_CTX_DAG_RUN_ID='scheduled__2024-07-25T00:00:00+00:00'
[2024-07-26T09:29:37.920+0900] {taskinstance.py:430} INFO - ::endgroup::
[2024-07-26T09:29:37.927+0900] {subprocess.py:63} INFO - Tmp dir root location: /var/folders/qv/0knwm5h50ml0skpppwpbks_r0000gp/T
[2024-07-26T09:29:37.927+0900] {subprocess.py:75} INFO - Running command: ['/bin/bash', '-c', '\n            echo "date => `date`"\n            echo "ds => 2024-07-25"\n            echo "ds_nodash => 20240725"\n            echo "logical_date => 2024-07-25 00:00:00+00:00"\n            echo "logical_date => 2024-07-25 00:00:00"\n            echo "execution_date => 2024-07-25 00:00:00+00:00"\n            echo "execution_date => 2024-07-25 00:00:00"\n            echo "next_execution_date => 2024-07-26 00:00:00"\n            echo "prev_execution_date => 2024-07-24 00:00:00"\n            echo "ts => 2024-07-25T00:00:00+00:00"\n        ']
[2024-07-26T09:29:37.930+0900] {subprocess.py:86} INFO - Output:
[2024-07-26T09:29:37.933+0900] {subprocess.py:93} INFO - date => 2024년 7월 26일 금요일 09시 29분 37초 KST
[2024-07-26T09:29:37.934+0900] {subprocess.py:93} INFO - ds => 2024-07-25
[2024-07-26T09:29:37.934+0900] {subprocess.py:93} INFO - ds_nodash => 20240725
[2024-07-26T09:29:37.934+0900] {subprocess.py:93} INFO - logical_date => 2024-07-25 00:00:00+00:00
[2024-07-26T09:29:37.934+0900] {subprocess.py:93} INFO - logical_date => 2024-07-25 00:00:00
[2024-07-26T09:29:37.934+0900] {subprocess.py:93} INFO - execution_date => 2024-07-25 00:00:00+00:00
[2024-07-26T09:29:37.934+0900] {subprocess.py:93} INFO - execution_date => 2024-07-25 00:00:00
[2024-07-26T09:29:37.934+0900] {subprocess.py:93} INFO - next_execution_date => 2024-07-26 00:00:00
[2024-07-26T09:29:37.935+0900] {subprocess.py:93} INFO - prev_execution_date => 2024-07-24 00:00:00
[2024-07-26T09:29:37.935+0900] {subprocess.py:93} INFO - ts => 2024-07-25T00:00:00+00:00
[2024-07-26T09:29:37.935+0900] {subprocess.py:97} INFO - Command exited with return code 0
[2024-07-26T09:29:37.935+0900] {taskinstance.py:441} INFO - ::group::Post task execution logs
[2024-07-26T09:29:37.941+0900] {taskinstance.py:1206} INFO - Marking task as SUCCESS. dag_id=simple_bash, task_id=print.date, run_id=scheduled__2024-07-25T00:00:00+00:00, execution_date=20240725T000000, start_date=20240726T002937, end_date=20240726T002937
[2024-07-26T09:29:37.984+0900] {local_task_job_runner.py:243} INFO - Task exited with return code 0
[2024-07-26T09:29:37.996+0900] {taskinstance.py:3503} INFO - 1 downstream tasks scheduled from follow-on schedule check
[2024-07-26T09:29:37.996+0900] {local_task_job_runner.py:222} INFO - ::endgroup::
