[2024-07-24T12:44:43.307+0900] {local_task_job_runner.py:120} INFO - ::group::Pre task execution logs
[2024-07-24T12:44:43.316+0900] {taskinstance.py:2076} INFO - Dependencies all met for dep_context=non-requeueable deps ti=<TaskInstance: simple_bash.print.date scheduled__2024-07-23T00:00:00+00:00 [queued]>
[2024-07-24T12:44:43.319+0900] {taskinstance.py:2076} INFO - Dependencies all met for dep_context=requeueable deps ti=<TaskInstance: simple_bash.print.date scheduled__2024-07-23T00:00:00+00:00 [queued]>
[2024-07-24T12:44:43.319+0900] {taskinstance.py:2306} INFO - Starting attempt 1 of 6
[2024-07-24T12:44:43.323+0900] {taskinstance.py:2330} INFO - Executing <Task(BashOperator): print.date> on 2024-07-23 00:00:00+00:00
[2024-07-24T12:44:43.326+0900] {standard_task_runner.py:64} INFO - Started process 88758 to run task
[2024-07-24T12:44:43.331+0900] {standard_task_runner.py:90} INFO - Running: ['airflow', 'tasks', 'run', 'simple_bash', 'print.date', 'scheduled__2024-07-23T00:00:00+00:00', '--job-id', '7', '--raw', '--subdir', 'DAGS_FOLDER/simple_bash.py', '--cfg-path', '/var/folders/qv/0knwm5h50ml0skpppwpbks_r0000gp/T/tmpovq5_llh']
[2024-07-24T12:44:43.333+0900] {standard_task_runner.py:91} INFO - Job 7: Subtask print.date
[2024-07-24T12:44:43.350+0900] {task_command.py:426} INFO - Running <TaskInstance: simple_bash.print.date scheduled__2024-07-23T00:00:00+00:00 [running]> on host jeongui-MacBookPro.local
[2024-07-24T12:44:43.371+0900] {logging_mixin.py:188} WARNING - /Users/DE32/.pyenv/versions/3.11.9/envs/note/lib/python3.11/site-packages/airflow/utils/context.py:212 AirflowContextDeprecationWarning: Accessing 'execution_date' from the template is deprecated and will be removed in a future version. Please use 'data_interval_start' or 'logical_date' instead.
[2024-07-24T12:44:43.371+0900] {logging_mixin.py:188} WARNING - /Users/DE32/.pyenv/versions/3.11.9/envs/note/lib/python3.11/site-packages/airflow/utils/context.py:212 AirflowContextDeprecationWarning: Accessing 'next_execution_date' from the template is deprecated and will be removed in a future version. Please use 'data_interval_end' instead.
[2024-07-24T12:44:43.372+0900] {logging_mixin.py:188} WARNING - /Users/DE32/.pyenv/versions/3.11.9/envs/note/lib/python3.11/site-packages/airflow/utils/context.py:212 AirflowContextDeprecationWarning: Accessing 'prev_execution_date' from the template is deprecated and will be removed in a future version.
[2024-07-24T12:44:43.385+0900] {taskinstance.py:2648} INFO - Exporting env vars: AIRFLOW_CTX_DAG_OWNER='airflow' AIRFLOW_CTX_DAG_ID='simple_bash' AIRFLOW_CTX_TASK_ID='print.date' AIRFLOW_CTX_EXECUTION_DATE='2024-07-23T00:00:00+00:00' AIRFLOW_CTX_TRY_NUMBER='1' AIRFLOW_CTX_DAG_RUN_ID='scheduled__2024-07-23T00:00:00+00:00'
[2024-07-24T12:44:43.386+0900] {taskinstance.py:430} INFO - ::endgroup::
[2024-07-24T12:44:43.397+0900] {subprocess.py:63} INFO - Tmp dir root location: /var/folders/qv/0knwm5h50ml0skpppwpbks_r0000gp/T
[2024-07-24T12:44:43.398+0900] {subprocess.py:75} INFO - Running command: ['/bin/bash', '-c', '\n            echo "date => `date`"\n            echo "ds => 2024-07-23"\n            echo "ds_nodash => 20240723"\n            echo "logical_date => 2024-07-23 00:00:00+00:00"\n            echo "logical_date => 2024-07-23 00:00:00"\n            echo "execution_date => 2024-07-23 00:00:00+00:00"\n            echo "execution_date => 2024-07-23 00:00:00"\n            echo "next_execution_date => 2024-07-24 00:00:00"\n            echo "prev_execution_date => 2024-07-22 00:00:00"\n            echo "ts => 2024-07-23T00:00:00+00:00"\n        ']
[2024-07-24T12:44:43.403+0900] {subprocess.py:86} INFO - Output:
[2024-07-24T12:44:43.410+0900] {subprocess.py:93} INFO - date => 2024년 7월 24일 수요일 12시 44분 43초 KST
[2024-07-24T12:44:43.411+0900] {subprocess.py:93} INFO - ds => 2024-07-23
[2024-07-24T12:44:43.411+0900] {subprocess.py:93} INFO - ds_nodash => 20240723
[2024-07-24T12:44:43.411+0900] {subprocess.py:93} INFO - logical_date => 2024-07-23 00:00:00+00:00
[2024-07-24T12:44:43.411+0900] {subprocess.py:93} INFO - logical_date => 2024-07-23 00:00:00
[2024-07-24T12:44:43.412+0900] {subprocess.py:93} INFO - execution_date => 2024-07-23 00:00:00+00:00
[2024-07-24T12:44:43.412+0900] {subprocess.py:93} INFO - execution_date => 2024-07-23 00:00:00
[2024-07-24T12:44:43.412+0900] {subprocess.py:93} INFO - next_execution_date => 2024-07-24 00:00:00
[2024-07-24T12:44:43.412+0900] {subprocess.py:93} INFO - prev_execution_date => 2024-07-22 00:00:00
[2024-07-24T12:44:43.412+0900] {subprocess.py:93} INFO - ts => 2024-07-23T00:00:00+00:00
[2024-07-24T12:44:43.412+0900] {subprocess.py:97} INFO - Command exited with return code 0
[2024-07-24T12:44:43.413+0900] {taskinstance.py:441} INFO - ::group::Post task execution logs
[2024-07-24T12:44:43.423+0900] {taskinstance.py:1206} INFO - Marking task as SUCCESS. dag_id=simple_bash, task_id=print.date, run_id=scheduled__2024-07-23T00:00:00+00:00, execution_date=20240723T000000, start_date=20240724T034443, end_date=20240724T034443
[2024-07-24T12:44:43.439+0900] {local_task_job_runner.py:243} INFO - Task exited with return code 0
[2024-07-24T12:44:43.452+0900] {taskinstance.py:3503} INFO - 1 downstream tasks scheduled from follow-on schedule check
[2024-07-24T12:44:43.452+0900] {local_task_job_runner.py:222} INFO - ::endgroup::
[2024-07-24T14:11:32.108+0900] {local_task_job_runner.py:120} INFO - ::group::Pre task execution logs
[2024-07-24T14:11:32.115+0900] {taskinstance.py:2076} INFO - Dependencies all met for dep_context=non-requeueable deps ti=<TaskInstance: simple_bash.print.date scheduled__2024-07-23T00:00:00+00:00 [queued]>
[2024-07-24T14:11:32.118+0900] {taskinstance.py:2076} INFO - Dependencies all met for dep_context=requeueable deps ti=<TaskInstance: simple_bash.print.date scheduled__2024-07-23T00:00:00+00:00 [queued]>
[2024-07-24T14:11:32.118+0900] {taskinstance.py:2306} INFO - Starting attempt 1 of 2
[2024-07-24T14:11:32.122+0900] {taskinstance.py:2330} INFO - Executing <Task(BashOperator): print.date> on 2024-07-23 00:00:00+00:00
[2024-07-24T14:11:32.124+0900] {standard_task_runner.py:64} INFO - Started process 89792 to run task
[2024-07-24T14:11:32.127+0900] {standard_task_runner.py:90} INFO - Running: ['airflow', 'tasks', 'run', 'simple_bash', 'print.date', 'scheduled__2024-07-23T00:00:00+00:00', '--job-id', '55', '--raw', '--subdir', 'DAGS_FOLDER/simple_bash.py', '--cfg-path', '/var/folders/qv/0knwm5h50ml0skpppwpbks_r0000gp/T/tmp1vjoy7aw']
[2024-07-24T14:11:32.128+0900] {standard_task_runner.py:91} INFO - Job 55: Subtask print.date
[2024-07-24T14:11:32.142+0900] {task_command.py:426} INFO - Running <TaskInstance: simple_bash.print.date scheduled__2024-07-23T00:00:00+00:00 [running]> on host jeongui-MacBookPro.local
[2024-07-24T14:11:32.159+0900] {logging_mixin.py:188} WARNING - /Users/DE32/.pyenv/versions/3.11.9/envs/note/lib/python3.11/site-packages/airflow/utils/context.py:212 AirflowContextDeprecationWarning: Accessing 'execution_date' from the template is deprecated and will be removed in a future version. Please use 'data_interval_start' or 'logical_date' instead.
[2024-07-24T14:11:32.159+0900] {logging_mixin.py:188} WARNING - /Users/DE32/.pyenv/versions/3.11.9/envs/note/lib/python3.11/site-packages/airflow/utils/context.py:212 AirflowContextDeprecationWarning: Accessing 'next_execution_date' from the template is deprecated and will be removed in a future version. Please use 'data_interval_end' instead.
[2024-07-24T14:11:32.160+0900] {logging_mixin.py:188} WARNING - /Users/DE32/.pyenv/versions/3.11.9/envs/note/lib/python3.11/site-packages/airflow/utils/context.py:212 AirflowContextDeprecationWarning: Accessing 'prev_execution_date' from the template is deprecated and will be removed in a future version.
[2024-07-24T14:11:32.167+0900] {taskinstance.py:2648} INFO - Exporting env vars: AIRFLOW_CTX_DAG_OWNER='airflow' AIRFLOW_CTX_DAG_ID='simple_bash' AIRFLOW_CTX_TASK_ID='print.date' AIRFLOW_CTX_EXECUTION_DATE='2024-07-23T00:00:00+00:00' AIRFLOW_CTX_TRY_NUMBER='1' AIRFLOW_CTX_DAG_RUN_ID='scheduled__2024-07-23T00:00:00+00:00'
[2024-07-24T14:11:32.168+0900] {taskinstance.py:430} INFO - ::endgroup::
[2024-07-24T14:11:32.174+0900] {subprocess.py:63} INFO - Tmp dir root location: /var/folders/qv/0knwm5h50ml0skpppwpbks_r0000gp/T
[2024-07-24T14:11:32.174+0900] {subprocess.py:75} INFO - Running command: ['/bin/bash', '-c', '\n            echo "date => `date`"\n            echo "ds => 2024-07-23"\n            echo "ds_nodash => 20240723"\n            echo "logical_date => 2024-07-23 00:00:00+00:00"\n            echo "logical_date => 2024-07-23 00:00:00"\n            echo "execution_date => 2024-07-23 00:00:00+00:00"\n            echo "execution_date => 2024-07-23 00:00:00"\n            echo "next_execution_date => 2024-07-24 00:00:00"\n            echo "prev_execution_date => 2024-07-22 00:00:00"\n            echo "ts => 2024-07-23T00:00:00+00:00"\n        ']
[2024-07-24T14:11:32.177+0900] {subprocess.py:86} INFO - Output:
[2024-07-24T14:11:32.180+0900] {subprocess.py:93} INFO - date => 2024년 7월 24일 수요일 14시 11분 32초 KST
[2024-07-24T14:11:32.181+0900] {subprocess.py:93} INFO - ds => 2024-07-23
[2024-07-24T14:11:32.181+0900] {subprocess.py:93} INFO - ds_nodash => 20240723
[2024-07-24T14:11:32.181+0900] {subprocess.py:93} INFO - logical_date => 2024-07-23 00:00:00+00:00
[2024-07-24T14:11:32.181+0900] {subprocess.py:93} INFO - logical_date => 2024-07-23 00:00:00
[2024-07-24T14:11:32.181+0900] {subprocess.py:93} INFO - execution_date => 2024-07-23 00:00:00+00:00
[2024-07-24T14:11:32.181+0900] {subprocess.py:93} INFO - execution_date => 2024-07-23 00:00:00
[2024-07-24T14:11:32.182+0900] {subprocess.py:93} INFO - next_execution_date => 2024-07-24 00:00:00
[2024-07-24T14:11:32.182+0900] {subprocess.py:93} INFO - prev_execution_date => 2024-07-22 00:00:00
[2024-07-24T14:11:32.182+0900] {subprocess.py:93} INFO - ts => 2024-07-23T00:00:00+00:00
[2024-07-24T14:11:32.182+0900] {subprocess.py:97} INFO - Command exited with return code 0
[2024-07-24T14:11:32.182+0900] {taskinstance.py:441} INFO - ::group::Post task execution logs
[2024-07-24T14:11:32.188+0900] {taskinstance.py:1206} INFO - Marking task as SUCCESS. dag_id=simple_bash, task_id=print.date, run_id=scheduled__2024-07-23T00:00:00+00:00, execution_date=20240723T000000, start_date=20240724T051132, end_date=20240724T051132
[2024-07-24T14:11:32.234+0900] {local_task_job_runner.py:243} INFO - Task exited with return code 0
[2024-07-24T14:11:32.245+0900] {taskinstance.py:3503} INFO - 1 downstream tasks scheduled from follow-on schedule check
[2024-07-24T14:11:32.246+0900] {local_task_job_runner.py:222} INFO - ::endgroup::
[2024-07-24T14:23:33.844+0900] {local_task_job_runner.py:120} INFO - ::group::Pre task execution logs
[2024-07-24T14:23:33.851+0900] {taskinstance.py:2076} INFO - Dependencies all met for dep_context=non-requeueable deps ti=<TaskInstance: simple_bash.print.date scheduled__2024-07-23T00:00:00+00:00 [queued]>
[2024-07-24T14:23:33.853+0900] {taskinstance.py:2076} INFO - Dependencies all met for dep_context=requeueable deps ti=<TaskInstance: simple_bash.print.date scheduled__2024-07-23T00:00:00+00:00 [queued]>
[2024-07-24T14:23:33.853+0900] {taskinstance.py:2306} INFO - Starting attempt 1 of 1
[2024-07-24T14:23:33.857+0900] {taskinstance.py:2330} INFO - Executing <Task(BashOperator): print.date> on 2024-07-23 00:00:00+00:00
[2024-07-24T14:23:33.860+0900] {standard_task_runner.py:64} INFO - Started process 91373 to run task
[2024-07-24T14:23:33.862+0900] {standard_task_runner.py:90} INFO - Running: ['airflow', 'tasks', 'run', 'simple_bash', 'print.date', 'scheduled__2024-07-23T00:00:00+00:00', '--job-id', '148', '--raw', '--subdir', 'DAGS_FOLDER/import_db.py', '--cfg-path', '/var/folders/qv/0knwm5h50ml0skpppwpbks_r0000gp/T/tmpp3h9joq_']
[2024-07-24T14:23:33.863+0900] {standard_task_runner.py:91} INFO - Job 148: Subtask print.date
[2024-07-24T14:23:33.878+0900] {task_command.py:426} INFO - Running <TaskInstance: simple_bash.print.date scheduled__2024-07-23T00:00:00+00:00 [running]> on host jeongui-MacBookPro.local
[2024-07-24T14:23:33.896+0900] {logging_mixin.py:188} WARNING - /Users/DE32/.pyenv/versions/3.11.9/envs/note/lib/python3.11/site-packages/airflow/utils/context.py:212 AirflowContextDeprecationWarning: Accessing 'execution_date' from the template is deprecated and will be removed in a future version. Please use 'data_interval_start' or 'logical_date' instead.
[2024-07-24T14:23:33.897+0900] {logging_mixin.py:188} WARNING - /Users/DE32/.pyenv/versions/3.11.9/envs/note/lib/python3.11/site-packages/airflow/utils/context.py:212 AirflowContextDeprecationWarning: Accessing 'next_execution_date' from the template is deprecated and will be removed in a future version. Please use 'data_interval_end' instead.
[2024-07-24T14:23:33.897+0900] {logging_mixin.py:188} WARNING - /Users/DE32/.pyenv/versions/3.11.9/envs/note/lib/python3.11/site-packages/airflow/utils/context.py:212 AirflowContextDeprecationWarning: Accessing 'prev_execution_date' from the template is deprecated and will be removed in a future version.
[2024-07-24T14:23:33.905+0900] {taskinstance.py:2648} INFO - Exporting env vars: AIRFLOW_CTX_DAG_OWNER='airflow' AIRFLOW_CTX_DAG_ID='simple_bash' AIRFLOW_CTX_TASK_ID='print.date' AIRFLOW_CTX_EXECUTION_DATE='2024-07-23T00:00:00+00:00' AIRFLOW_CTX_TRY_NUMBER='1' AIRFLOW_CTX_DAG_RUN_ID='scheduled__2024-07-23T00:00:00+00:00'
[2024-07-24T14:23:33.905+0900] {taskinstance.py:430} INFO - ::endgroup::
[2024-07-24T14:23:33.914+0900] {subprocess.py:63} INFO - Tmp dir root location: /var/folders/qv/0knwm5h50ml0skpppwpbks_r0000gp/T
[2024-07-24T14:23:33.914+0900] {subprocess.py:75} INFO - Running command: ['/bin/bash', '-c', '\n            echo "date => `date`"\n            echo "ds => 2024-07-23"\n            echo "ds_nodash => 20240723"\n            echo "logical_date => 2024-07-23 00:00:00+00:00"\n            echo "logical_date => 2024-07-23 00:00:00"\n            echo "execution_date => 2024-07-23 00:00:00+00:00"\n            echo "execution_date => 2024-07-23 00:00:00"\n            echo "next_execution_date => 2024-07-24 00:00:00"\n            echo "prev_execution_date => 2024-07-22 00:00:00"\n            echo "ts => 2024-07-23T00:00:00+00:00"\n        ']
[2024-07-24T14:23:33.917+0900] {subprocess.py:86} INFO - Output:
[2024-07-24T14:23:33.922+0900] {subprocess.py:93} INFO - date => 2024년 7월 24일 수요일 14시 23분 33초 KST
[2024-07-24T14:23:33.922+0900] {subprocess.py:93} INFO - ds => 2024-07-23
[2024-07-24T14:23:33.922+0900] {subprocess.py:93} INFO - ds_nodash => 20240723
[2024-07-24T14:23:33.922+0900] {subprocess.py:93} INFO - logical_date => 2024-07-23 00:00:00+00:00
[2024-07-24T14:23:33.922+0900] {subprocess.py:93} INFO - logical_date => 2024-07-23 00:00:00
[2024-07-24T14:23:33.923+0900] {subprocess.py:93} INFO - execution_date => 2024-07-23 00:00:00+00:00
[2024-07-24T14:23:33.923+0900] {subprocess.py:93} INFO - execution_date => 2024-07-23 00:00:00
[2024-07-24T14:23:33.923+0900] {subprocess.py:93} INFO - next_execution_date => 2024-07-24 00:00:00
[2024-07-24T14:23:33.923+0900] {subprocess.py:93} INFO - prev_execution_date => 2024-07-22 00:00:00
[2024-07-24T14:23:33.923+0900] {subprocess.py:93} INFO - ts => 2024-07-23T00:00:00+00:00
[2024-07-24T14:23:33.923+0900] {subprocess.py:97} INFO - Command exited with return code 0
[2024-07-24T14:23:33.924+0900] {taskinstance.py:441} INFO - ::group::Post task execution logs
[2024-07-24T14:23:33.931+0900] {taskinstance.py:1206} INFO - Marking task as SUCCESS. dag_id=simple_bash, task_id=print.date, run_id=scheduled__2024-07-23T00:00:00+00:00, execution_date=20240723T000000, start_date=20240724T052333, end_date=20240724T052333
[2024-07-24T14:23:33.969+0900] {local_task_job_runner.py:243} INFO - Task exited with return code 0
[2024-07-24T14:23:33.979+0900] {taskinstance.py:3503} INFO - 1 downstream tasks scheduled from follow-on schedule check
[2024-07-24T14:23:33.980+0900] {local_task_job_runner.py:222} INFO - ::endgroup::
