[2024-07-24T17:39:21.187+0900] {local_task_job_runner.py:120} INFO - ::group::Pre task execution logs
[2024-07-24T17:39:21.195+0900] {taskinstance.py:2076} INFO - Dependencies all met for dep_context=non-requeueable deps ti=<TaskInstance: make_parquet.make.done scheduled__2024-07-17T00:00:00+00:00 [queued]>
[2024-07-24T17:39:21.197+0900] {taskinstance.py:2076} INFO - Dependencies all met for dep_context=requeueable deps ti=<TaskInstance: make_parquet.make.done scheduled__2024-07-17T00:00:00+00:00 [queued]>
[2024-07-24T17:39:21.197+0900] {taskinstance.py:2306} INFO - Starting attempt 2 of 3
[2024-07-24T17:39:21.202+0900] {taskinstance.py:2330} INFO - Executing <Task(BashOperator): make.done> on 2024-07-17 00:00:00+00:00
[2024-07-24T17:39:21.205+0900] {standard_task_runner.py:64} INFO - Started process 8366 to run task
[2024-07-24T17:39:21.208+0900] {standard_task_runner.py:90} INFO - Running: ['airflow', 'tasks', 'run', 'make_parquet', 'make.done', 'scheduled__2024-07-17T00:00:00+00:00', '--job-id', '454', '--raw', '--subdir', 'DAGS_FOLDER/make_parquet2.py', '--cfg-path', '/var/folders/qv/0knwm5h50ml0skpppwpbks_r0000gp/T/tmpjy60ik61']
[2024-07-24T17:39:21.210+0900] {standard_task_runner.py:91} INFO - Job 454: Subtask make.done
[2024-07-24T17:39:21.225+0900] {task_command.py:426} INFO - Running <TaskInstance: make_parquet.make.done scheduled__2024-07-17T00:00:00+00:00 [running]> on host jeongui-MacBookPro.local
[2024-07-24T17:39:21.251+0900] {taskinstance.py:2648} INFO - Exporting env vars: AIRFLOW_CTX_DAG_OWNER='airflow' AIRFLOW_CTX_DAG_ID='make_parquet' AIRFLOW_CTX_TASK_ID='make.done' AIRFLOW_CTX_EXECUTION_DATE='2024-07-17T00:00:00+00:00' AIRFLOW_CTX_TRY_NUMBER='2' AIRFLOW_CTX_DAG_RUN_ID='scheduled__2024-07-17T00:00:00+00:00'
[2024-07-24T17:39:21.252+0900] {taskinstance.py:430} INFO - ::endgroup::
[2024-07-24T17:39:21.258+0900] {subprocess.py:63} INFO - Tmp dir root location: /var/folders/qv/0knwm5h50ml0skpppwpbks_r0000gp/T
[2024-07-24T17:39:21.258+0900] {subprocess.py:75} INFO - Running command: ['/bin/bash', '-c', '\n        figlet "DONE"\n        PARQUET_DONE_PATH=~/data/make_done/2024-07-17\n        mkdir -p $PARQUET_DONE_PATH\n        echo "PATH=$PARQUET_DONE_PATH"\n        touch $PARQUET_DONE_PATH/_DONE\n        ']
[2024-07-24T17:39:21.261+0900] {subprocess.py:86} INFO - Output:
[2024-07-24T17:39:21.263+0900] {subprocess.py:93} INFO - /bin/bash: line 1: figlet: command not found
[2024-07-24T17:39:21.264+0900] {subprocess.py:93} INFO - PATH=/Users/DE32/data/make_done/2024-07-17
[2024-07-24T17:39:21.266+0900] {subprocess.py:97} INFO - Command exited with return code 0
[2024-07-24T17:39:21.266+0900] {taskinstance.py:441} INFO - ::group::Post task execution logs
[2024-07-24T17:39:21.272+0900] {taskinstance.py:1206} INFO - Marking task as SUCCESS. dag_id=make_parquet, task_id=make.done, run_id=scheduled__2024-07-17T00:00:00+00:00, execution_date=20240717T000000, start_date=20240724T083921, end_date=20240724T083921
[2024-07-24T17:39:21.310+0900] {local_task_job_runner.py:243} INFO - Task exited with return code 0
[2024-07-24T17:39:21.317+0900] {taskinstance.py:3503} INFO - 0 downstream tasks scheduled from follow-on schedule check
[2024-07-24T17:39:21.318+0900] {local_task_job_runner.py:222} INFO - ::endgroup::
