[2024-07-24T16:08:34.190+0900] {local_task_job_runner.py:120} INFO - ::group::Pre task execution logs
[2024-07-24T16:08:34.198+0900] {taskinstance.py:2076} INFO - Dependencies all met for dep_context=non-requeueable deps ti=<TaskInstance: make_parquet.make.done scheduled__2024-07-17T00:00:00+00:00 [queued]>
[2024-07-24T16:08:34.200+0900] {taskinstance.py:2076} INFO - Dependencies all met for dep_context=requeueable deps ti=<TaskInstance: make_parquet.make.done scheduled__2024-07-17T00:00:00+00:00 [queued]>
[2024-07-24T16:08:34.200+0900] {taskinstance.py:2306} INFO - Starting attempt 1 of 1
[2024-07-24T16:08:34.204+0900] {taskinstance.py:2330} INFO - Executing <Task(BashOperator): make.done> on 2024-07-17 00:00:00+00:00
[2024-07-24T16:08:34.206+0900] {standard_task_runner.py:64} INFO - Started process 98077 to run task
[2024-07-24T16:08:34.208+0900] {standard_task_runner.py:90} INFO - Running: ['airflow', 'tasks', 'run', 'make_parquet', 'make.done', 'scheduled__2024-07-17T00:00:00+00:00', '--job-id', '387', '--raw', '--subdir', 'DAGS_FOLDER/make_parquet.py', '--cfg-path', '/var/folders/qv/0knwm5h50ml0skpppwpbks_r0000gp/T/tmp0xda2lns']
[2024-07-24T16:08:34.210+0900] {standard_task_runner.py:91} INFO - Job 387: Subtask make.done
[2024-07-24T16:08:34.224+0900] {task_command.py:426} INFO - Running <TaskInstance: make_parquet.make.done scheduled__2024-07-17T00:00:00+00:00 [running]> on host jeongui-MacBookPro.local
[2024-07-24T16:08:34.245+0900] {taskinstance.py:2648} INFO - Exporting env vars: AIRFLOW_CTX_DAG_OWNER='airflow' AIRFLOW_CTX_DAG_ID='make_parquet' AIRFLOW_CTX_TASK_ID='make.done' AIRFLOW_CTX_EXECUTION_DATE='2024-07-17T00:00:00+00:00' AIRFLOW_CTX_TRY_NUMBER='1' AIRFLOW_CTX_DAG_RUN_ID='scheduled__2024-07-17T00:00:00+00:00'
[2024-07-24T16:08:34.246+0900] {taskinstance.py:430} INFO - ::endgroup::
[2024-07-24T16:08:34.252+0900] {subprocess.py:63} INFO - Tmp dir root location: /var/folders/qv/0knwm5h50ml0skpppwpbks_r0000gp/T
[2024-07-24T16:08:34.252+0900] {subprocess.py:75} INFO - Running command: ['/bin/bash', '-c', '\n            echo "make.done"\n            ']
[2024-07-24T16:08:34.255+0900] {subprocess.py:86} INFO - Output:
[2024-07-24T16:08:34.256+0900] {subprocess.py:93} INFO - make.done
[2024-07-24T16:08:34.257+0900] {subprocess.py:97} INFO - Command exited with return code 0
[2024-07-24T16:08:34.257+0900] {taskinstance.py:441} INFO - ::group::Post task execution logs
[2024-07-24T16:08:34.263+0900] {taskinstance.py:1206} INFO - Marking task as SUCCESS. dag_id=make_parquet, task_id=make.done, run_id=scheduled__2024-07-17T00:00:00+00:00, execution_date=20240717T000000, start_date=20240724T070834, end_date=20240724T070834
[2024-07-24T16:08:34.270+0900] {local_task_job_runner.py:243} INFO - Task exited with return code 0
[2024-07-24T16:08:34.275+0900] {taskinstance.py:3503} INFO - 0 downstream tasks scheduled from follow-on schedule check
[2024-07-24T16:08:34.276+0900] {local_task_job_runner.py:222} INFO - ::endgroup::
[2024-07-24T16:36:36.285+0900] {local_task_job_runner.py:120} INFO - ::group::Pre task execution logs
[2024-07-24T16:36:36.292+0900] {taskinstance.py:2076} INFO - Dependencies all met for dep_context=non-requeueable deps ti=<TaskInstance: make_parquet.make.done scheduled__2024-07-17T00:00:00+00:00 [queued]>
[2024-07-24T16:36:36.294+0900] {taskinstance.py:2076} INFO - Dependencies all met for dep_context=requeueable deps ti=<TaskInstance: make_parquet.make.done scheduled__2024-07-17T00:00:00+00:00 [queued]>
[2024-07-24T16:36:36.295+0900] {taskinstance.py:2306} INFO - Starting attempt 1 of 2
[2024-07-24T16:36:36.299+0900] {taskinstance.py:2330} INFO - Executing <Task(BashOperator): make.done> on 2024-07-17 00:00:00+00:00
[2024-07-24T16:36:36.301+0900] {standard_task_runner.py:64} INFO - Started process 1154 to run task
[2024-07-24T16:36:36.304+0900] {standard_task_runner.py:90} INFO - Running: ['airflow', 'tasks', 'run', 'make_parquet', 'make.done', 'scheduled__2024-07-17T00:00:00+00:00', '--job-id', '392', '--raw', '--subdir', 'DAGS_FOLDER/make_parquet.py', '--cfg-path', '/var/folders/qv/0knwm5h50ml0skpppwpbks_r0000gp/T/tmprgrss2ap']
[2024-07-24T16:36:36.305+0900] {standard_task_runner.py:91} INFO - Job 392: Subtask make.done
[2024-07-24T16:36:36.318+0900] {task_command.py:426} INFO - Running <TaskInstance: make_parquet.make.done scheduled__2024-07-17T00:00:00+00:00 [running]> on host jeongui-MacBookPro.local
[2024-07-24T16:36:36.340+0900] {taskinstance.py:2648} INFO - Exporting env vars: AIRFLOW_CTX_DAG_OWNER='airflow' AIRFLOW_CTX_DAG_ID='make_parquet' AIRFLOW_CTX_TASK_ID='make.done' AIRFLOW_CTX_EXECUTION_DATE='2024-07-17T00:00:00+00:00' AIRFLOW_CTX_TRY_NUMBER='1' AIRFLOW_CTX_DAG_RUN_ID='scheduled__2024-07-17T00:00:00+00:00'
[2024-07-24T16:36:36.341+0900] {taskinstance.py:430} INFO - ::endgroup::
[2024-07-24T16:36:36.347+0900] {subprocess.py:63} INFO - Tmp dir root location: /var/folders/qv/0knwm5h50ml0skpppwpbks_r0000gp/T
[2024-07-24T16:36:36.347+0900] {subprocess.py:75} INFO - Running command: ['/bin/bash', '-c', '\n        PARQUET_DONE_PATH=~/data/done/_parquet/20240717\n        mkdir -p $PARQUET_DONE_PATH\n        echo "PATH=$PARQUET_DONE_PATH"\n        touch $PARQUET_DONE_PATH/_DONE\n        ']
[2024-07-24T16:36:36.350+0900] {subprocess.py:86} INFO - Output:
[2024-07-24T16:36:36.353+0900] {subprocess.py:93} INFO - PATH=/Users/DE32/data/done/_parquet/20240717
[2024-07-24T16:36:36.354+0900] {subprocess.py:97} INFO - Command exited with return code 0
[2024-07-24T16:36:36.355+0900] {taskinstance.py:441} INFO - ::group::Post task execution logs
[2024-07-24T16:36:36.360+0900] {taskinstance.py:1206} INFO - Marking task as SUCCESS. dag_id=make_parquet, task_id=make.done, run_id=scheduled__2024-07-17T00:00:00+00:00, execution_date=20240717T000000, start_date=20240724T073636, end_date=20240724T073636
[2024-07-24T16:36:36.366+0900] {local_task_job_runner.py:243} INFO - Task exited with return code 0
[2024-07-24T16:36:36.371+0900] {taskinstance.py:3503} INFO - 0 downstream tasks scheduled from follow-on schedule check
[2024-07-24T16:36:36.371+0900] {local_task_job_runner.py:222} INFO - ::endgroup::
