[2024-07-31T10:35:08.746+0900] {local_task_job_runner.py:120} INFO - ::group::Pre task execution logs
[2024-07-31T10:35:08.757+0900] {taskinstance.py:2076} INFO - Dependencies all met for dep_context=non-requeueable deps ti=<TaskInstance: movie.branch.op scheduled__2024-07-27T02:10:00+00:00 [queued]>
[2024-07-31T10:35:08.760+0900] {taskinstance.py:2076} INFO - Dependencies all met for dep_context=requeueable deps ti=<TaskInstance: movie.branch.op scheduled__2024-07-27T02:10:00+00:00 [queued]>
[2024-07-31T10:35:08.760+0900] {taskinstance.py:2306} INFO - Starting attempt 1 of 2
[2024-07-31T10:35:08.767+0900] {taskinstance.py:2330} INFO - Executing <Task(BranchPythonOperator): branch.op> on 2024-07-27 02:10:00+00:00
[2024-07-31T10:35:08.770+0900] {standard_task_runner.py:64} INFO - Started process 9493 to run task
[2024-07-31T10:35:08.772+0900] {standard_task_runner.py:90} INFO - Running: ['airflow', 'tasks', 'run', 'movie', 'branch.op', 'scheduled__2024-07-27T02:10:00+00:00', '--job-id', '701', '--raw', '--subdir', 'DAGS_FOLDER/movie.py', '--cfg-path', '/var/folders/qv/0knwm5h50ml0skpppwpbks_r0000gp/T/tmp5dsgjz57']
[2024-07-31T10:35:08.774+0900] {standard_task_runner.py:91} INFO - Job 701: Subtask branch.op
[2024-07-31T10:35:08.788+0900] {task_command.py:426} INFO - Running <TaskInstance: movie.branch.op scheduled__2024-07-27T02:10:00+00:00 [running]> on host jeongui-MacBookPro.local
[2024-07-31T10:35:08.808+0900] {taskinstance.py:2648} INFO - Exporting env vars: AIRFLOW_CTX_DAG_OWNER='airflow' AIRFLOW_CTX_DAG_ID='movie' AIRFLOW_CTX_TASK_ID='branch.op' AIRFLOW_CTX_EXECUTION_DATE='2024-07-27T02:10:00+00:00' AIRFLOW_CTX_TRY_NUMBER='1' AIRFLOW_CTX_DAG_RUN_ID='scheduled__2024-07-27T02:10:00+00:00'
[2024-07-31T10:35:08.808+0900] {taskinstance.py:430} INFO - ::endgroup::
[2024-07-31T10:35:08.814+0900] {baseoperator.py:400} WARNING - BranchPythonOperator.execute cannot be called outside TaskInstance!
[2024-07-31T10:35:08.814+0900] {python.py:237} INFO - Done. Returned value was: rm.dir
[2024-07-31T10:35:08.814+0900] {branch.py:36} INFO - Branch into rm.dir
[2024-07-31T10:35:08.814+0900] {skipmixin.py:178} INFO - Following branch rm.dir
[2024-07-31T10:35:08.817+0900] {skipmixin.py:246} INFO - Skipping tasks [('echo.task', -1)]
[2024-07-31T10:35:08.821+0900] {taskinstance.py:441} INFO - ::group::Post task execution logs
[2024-07-31T10:35:08.824+0900] {taskinstance.py:1206} INFO - Marking task as SUCCESS. dag_id=movie, task_id=branch.op, run_id=scheduled__2024-07-27T02:10:00+00:00, execution_date=20240727T021000, start_date=20240731T013508, end_date=20240731T013508
[2024-07-31T10:35:08.834+0900] {local_task_job_runner.py:243} INFO - Task exited with return code 0
[2024-07-31T10:35:08.844+0900] {taskinstance.py:3503} INFO - 1 downstream tasks scheduled from follow-on schedule check
[2024-07-31T10:35:08.845+0900] {local_task_job_runner.py:222} INFO - ::endgroup::
[2024-07-31T16:37:22.824+0900] {local_task_job_runner.py:120} INFO - ::group::Pre task execution logs
[2024-07-31T16:37:22.837+0900] {taskinstance.py:2076} INFO - Dependencies all met for dep_context=non-requeueable deps ti=<TaskInstance: movie.branch.op scheduled__2024-07-27T02:10:00+00:00 [queued]>
[2024-07-31T16:37:22.840+0900] {taskinstance.py:2076} INFO - Dependencies all met for dep_context=requeueable deps ti=<TaskInstance: movie.branch.op scheduled__2024-07-27T02:10:00+00:00 [queued]>
[2024-07-31T16:37:22.840+0900] {taskinstance.py:2306} INFO - Starting attempt 1 of 2
[2024-07-31T16:37:22.846+0900] {taskinstance.py:2330} INFO - Executing <Task(BranchPythonOperator): branch.op> on 2024-07-27 02:10:00+00:00
[2024-07-31T16:37:22.849+0900] {standard_task_runner.py:64} INFO - Started process 19503 to run task
[2024-07-31T16:37:22.851+0900] {standard_task_runner.py:90} INFO - Running: ['airflow', 'tasks', 'run', 'movie', 'branch.op', 'scheduled__2024-07-27T02:10:00+00:00', '--job-id', '811', '--raw', '--subdir', 'DAGS_FOLDER/movie.py', '--cfg-path', '/var/folders/qv/0knwm5h50ml0skpppwpbks_r0000gp/T/tmpjbcc9eto']
[2024-07-31T16:37:22.853+0900] {standard_task_runner.py:91} INFO - Job 811: Subtask branch.op
[2024-07-31T16:37:22.868+0900] {task_command.py:426} INFO - Running <TaskInstance: movie.branch.op scheduled__2024-07-27T02:10:00+00:00 [running]> on host jeongui-MacBookPro.local
[2024-07-31T16:37:22.886+0900] {taskinstance.py:2648} INFO - Exporting env vars: AIRFLOW_CTX_DAG_OWNER='airflow' AIRFLOW_CTX_DAG_ID='movie' AIRFLOW_CTX_TASK_ID='branch.op' AIRFLOW_CTX_EXECUTION_DATE='2024-07-27T02:10:00+00:00' AIRFLOW_CTX_TRY_NUMBER='1' AIRFLOW_CTX_DAG_RUN_ID='scheduled__2024-07-27T02:10:00+00:00'
[2024-07-31T16:37:22.886+0900] {taskinstance.py:430} INFO - ::endgroup::
[2024-07-31T16:37:22.891+0900] {baseoperator.py:400} WARNING - BranchPythonOperator.execute cannot be called outside TaskInstance!
[2024-07-31T16:37:22.891+0900] {python.py:237} INFO - Done. Returned value was: rm.dir
[2024-07-31T16:37:22.891+0900] {branch.py:36} INFO - Branch into rm.dir
[2024-07-31T16:37:22.891+0900] {skipmixin.py:178} INFO - Following branch rm.dir
[2024-07-31T16:37:22.895+0900] {skipmixin.py:246} INFO - Skipping tasks [('echo.task', -1)]
[2024-07-31T16:37:22.899+0900] {taskinstance.py:441} INFO - ::group::Post task execution logs
[2024-07-31T16:37:22.902+0900] {taskinstance.py:1206} INFO - Marking task as SUCCESS. dag_id=movie, task_id=branch.op, run_id=scheduled__2024-07-27T02:10:00+00:00, execution_date=20240727T021000, start_date=20240731T073722, end_date=20240731T073722
[2024-07-31T16:37:22.924+0900] {local_task_job_runner.py:243} INFO - Task exited with return code 0
[2024-07-31T16:37:22.935+0900] {taskinstance.py:3503} INFO - 1 downstream tasks scheduled from follow-on schedule check
[2024-07-31T16:37:22.936+0900] {local_task_job_runner.py:222} INFO - ::endgroup::
