[2024-07-31T11:26:28.077+0900] {local_task_job_runner.py:120} INFO - ::group::Pre task execution logs
[2024-07-31T11:26:28.087+0900] {taskinstance.py:2076} INFO - Dependencies all met for dep_context=non-requeueable deps ti=<TaskInstance: movie.branch.op scheduled__2024-07-27T02:10:00+00:00 [queued]>
[2024-07-31T11:26:28.090+0900] {taskinstance.py:2076} INFO - Dependencies all met for dep_context=requeueable deps ti=<TaskInstance: movie.branch.op scheduled__2024-07-27T02:10:00+00:00 [queued]>
[2024-07-31T11:26:28.090+0900] {taskinstance.py:2306} INFO - Starting attempt 2 of 3
[2024-07-31T11:26:28.096+0900] {taskinstance.py:2330} INFO - Executing <Task(BranchPythonOperator): branch.op> on 2024-07-27 02:10:00+00:00
[2024-07-31T11:26:28.099+0900] {standard_task_runner.py:64} INFO - Started process 10973 to run task
[2024-07-31T11:26:28.101+0900] {standard_task_runner.py:90} INFO - Running: ['airflow', 'tasks', 'run', 'movie', 'branch.op', 'scheduled__2024-07-27T02:10:00+00:00', '--job-id', '748', '--raw', '--subdir', 'DAGS_FOLDER/movie.py', '--cfg-path', '/var/folders/qv/0knwm5h50ml0skpppwpbks_r0000gp/T/tmpqdt2_uru']
[2024-07-31T11:26:28.103+0900] {standard_task_runner.py:91} INFO - Job 748: Subtask branch.op
[2024-07-31T11:26:28.117+0900] {task_command.py:426} INFO - Running <TaskInstance: movie.branch.op scheduled__2024-07-27T02:10:00+00:00 [running]> on host jeongui-MacBookPro.local
[2024-07-31T11:26:28.139+0900] {taskinstance.py:2648} INFO - Exporting env vars: AIRFLOW_CTX_DAG_OWNER='airflow' AIRFLOW_CTX_DAG_ID='movie' AIRFLOW_CTX_TASK_ID='branch.op' AIRFLOW_CTX_EXECUTION_DATE='2024-07-27T02:10:00+00:00' AIRFLOW_CTX_TRY_NUMBER='2' AIRFLOW_CTX_DAG_RUN_ID='scheduled__2024-07-27T02:10:00+00:00'
[2024-07-31T11:26:28.139+0900] {taskinstance.py:430} INFO - ::endgroup::
[2024-07-31T11:26:28.145+0900] {baseoperator.py:400} WARNING - BranchPythonOperator.execute cannot be called outside TaskInstance!
[2024-07-31T11:26:28.146+0900] {python.py:237} INFO - Done. Returned value was: rm.dir
[2024-07-31T11:26:28.146+0900] {branch.py:36} INFO - Branch into rm.dir
[2024-07-31T11:26:28.146+0900] {skipmixin.py:178} INFO - Following branch rm.dir
[2024-07-31T11:26:28.148+0900] {skipmixin.py:246} INFO - Skipping tasks [('echo.task', -1)]
[2024-07-31T11:26:28.152+0900] {taskinstance.py:441} INFO - ::group::Post task execution logs
[2024-07-31T11:26:28.155+0900] {taskinstance.py:1206} INFO - Marking task as SUCCESS. dag_id=movie, task_id=branch.op, run_id=scheduled__2024-07-27T02:10:00+00:00, execution_date=20240727T021000, start_date=20240731T022628, end_date=20240731T022628
[2024-07-31T11:26:28.163+0900] {local_task_job_runner.py:243} INFO - Task exited with return code 0
[2024-07-31T11:26:28.174+0900] {taskinstance.py:3503} INFO - 1 downstream tasks scheduled from follow-on schedule check
[2024-07-31T11:26:28.175+0900] {local_task_job_runner.py:222} INFO - ::endgroup::
[2024-07-31T19:45:21.581+0900] {local_task_job_runner.py:120} INFO - ::group::Pre task execution logs
[2024-07-31T19:45:21.592+0900] {taskinstance.py:2076} INFO - Dependencies all met for dep_context=non-requeueable deps ti=<TaskInstance: movie.branch.op scheduled__2024-07-27T02:10:00+00:00 [queued]>
[2024-07-31T19:45:21.596+0900] {taskinstance.py:2076} INFO - Dependencies all met for dep_context=requeueable deps ti=<TaskInstance: movie.branch.op scheduled__2024-07-27T02:10:00+00:00 [queued]>
[2024-07-31T19:45:21.596+0900] {taskinstance.py:2306} INFO - Starting attempt 2 of 3
[2024-07-31T19:45:21.602+0900] {taskinstance.py:2330} INFO - Executing <Task(BranchPythonOperator): branch.op> on 2024-07-27 02:10:00+00:00
[2024-07-31T19:45:21.605+0900] {standard_task_runner.py:64} INFO - Started process 32958 to run task
[2024-07-31T19:45:21.608+0900] {standard_task_runner.py:90} INFO - Running: ['airflow', 'tasks', 'run', 'movie', 'branch.op', 'scheduled__2024-07-27T02:10:00+00:00', '--job-id', '961', '--raw', '--subdir', 'DAGS_FOLDER/movie.py', '--cfg-path', '/var/folders/qv/0knwm5h50ml0skpppwpbks_r0000gp/T/tmpsg7re3q1']
[2024-07-31T19:45:21.609+0900] {standard_task_runner.py:91} INFO - Job 961: Subtask branch.op
[2024-07-31T19:45:21.624+0900] {task_command.py:426} INFO - Running <TaskInstance: movie.branch.op scheduled__2024-07-27T02:10:00+00:00 [running]> on host jeongui-MacBookPro.local
[2024-07-31T19:45:21.645+0900] {taskinstance.py:2648} INFO - Exporting env vars: AIRFLOW_CTX_DAG_OWNER='airflow' AIRFLOW_CTX_DAG_ID='movie' AIRFLOW_CTX_TASK_ID='branch.op' AIRFLOW_CTX_EXECUTION_DATE='2024-07-27T02:10:00+00:00' AIRFLOW_CTX_TRY_NUMBER='2' AIRFLOW_CTX_DAG_RUN_ID='scheduled__2024-07-27T02:10:00+00:00'
[2024-07-31T19:45:21.645+0900] {taskinstance.py:430} INFO - ::endgroup::
[2024-07-31T19:45:21.651+0900] {baseoperator.py:400} WARNING - BranchPythonOperator.execute cannot be called outside TaskInstance!
[2024-07-31T19:45:21.651+0900] {python.py:237} INFO - Done. Returned value was: ('get.data', 'echo.task')
[2024-07-31T19:45:21.651+0900] {branch.py:36} INFO - Branch into ('get.data', 'echo.task')
[2024-07-31T19:45:21.652+0900] {skipmixin.py:178} INFO - Following branch ('get.data', 'echo.task')
[2024-07-31T19:45:21.654+0900] {skipmixin.py:246} INFO - Skipping tasks [('rm.dir', -1)]
[2024-07-31T19:45:21.658+0900] {taskinstance.py:441} INFO - ::group::Post task execution logs
[2024-07-31T19:45:21.661+0900] {taskinstance.py:1206} INFO - Marking task as SUCCESS. dag_id=movie, task_id=branch.op, run_id=scheduled__2024-07-27T02:10:00+00:00, execution_date=20240727T021000, start_date=20240731T104521, end_date=20240731T104521
[2024-07-31T19:45:21.670+0900] {local_task_job_runner.py:243} INFO - Task exited with return code 0
[2024-07-31T19:45:21.680+0900] {taskinstance.py:3503} INFO - 1 downstream tasks scheduled from follow-on schedule check
[2024-07-31T19:45:21.681+0900] {local_task_job_runner.py:222} INFO - ::endgroup::
