[2024-07-24T14:37:45.243+0900] {local_task_job_runner.py:120} INFO - ::group::Pre task execution logs
[2024-07-24T14:37:45.251+0900] {taskinstance.py:2076} INFO - Dependencies all met for dep_context=non-requeueable deps ti=<TaskInstance: simple_bash.make.done scheduled__2024-07-15T00:00:00+00:00 [queued]>
[2024-07-24T14:37:45.253+0900] {taskinstance.py:2076} INFO - Dependencies all met for dep_context=requeueable deps ti=<TaskInstance: simple_bash.make.done scheduled__2024-07-15T00:00:00+00:00 [queued]>
[2024-07-24T14:37:45.253+0900] {taskinstance.py:2306} INFO - Starting attempt 1 of 1
[2024-07-24T14:37:45.258+0900] {taskinstance.py:2330} INFO - Executing <Task(BashOperator): make.done> on 2024-07-15 00:00:00+00:00
[2024-07-24T14:37:45.260+0900] {standard_task_runner.py:64} INFO - Started process 92689 to run task
[2024-07-24T14:37:45.263+0900] {standard_task_runner.py:90} INFO - Running: ['airflow', 'tasks', 'run', 'simple_bash', 'make.done', 'scheduled__2024-07-15T00:00:00+00:00', '--job-id', '205', '--raw', '--subdir', 'DAGS_FOLDER/simple_bash.py', '--cfg-path', '/var/folders/qv/0knwm5h50ml0skpppwpbks_r0000gp/T/tmph4gs_gkd']
[2024-07-24T14:37:45.264+0900] {standard_task_runner.py:91} INFO - Job 205: Subtask make.done
[2024-07-24T14:37:45.278+0900] {task_command.py:426} INFO - Running <TaskInstance: simple_bash.make.done scheduled__2024-07-15T00:00:00+00:00 [running]> on host jeongui-MacBookPro.local
[2024-07-24T14:37:45.299+0900] {taskinstance.py:2648} INFO - Exporting env vars: AIRFLOW_CTX_DAG_OWNER='airflow' AIRFLOW_CTX_DAG_ID='simple_bash' AIRFLOW_CTX_TASK_ID='make.done' AIRFLOW_CTX_EXECUTION_DATE='2024-07-15T00:00:00+00:00' AIRFLOW_CTX_TRY_NUMBER='1' AIRFLOW_CTX_DAG_RUN_ID='scheduled__2024-07-15T00:00:00+00:00'
[2024-07-24T14:37:45.299+0900] {taskinstance.py:430} INFO - ::endgroup::
[2024-07-24T14:37:45.305+0900] {subprocess.py:63} INFO - Tmp dir root location: /var/folders/qv/0knwm5h50ml0skpppwpbks_r0000gp/T
[2024-07-24T14:37:45.305+0900] {subprocess.py:75} INFO - Running command: ['/bin/bash', '-c', '\n        echo "make done"\n        mkdir -p ~/data/done/20240715\n        touch ~/data/done/20240715/_DONE\n        ']
[2024-07-24T14:37:45.308+0900] {subprocess.py:86} INFO - Output:
[2024-07-24T14:37:45.310+0900] {subprocess.py:93} INFO - make done
[2024-07-24T14:37:45.312+0900] {subprocess.py:97} INFO - Command exited with return code 0
[2024-07-24T14:37:45.313+0900] {taskinstance.py:441} INFO - ::group::Post task execution logs
[2024-07-24T14:37:45.319+0900] {taskinstance.py:1206} INFO - Marking task as SUCCESS. dag_id=simple_bash, task_id=make.done, run_id=scheduled__2024-07-15T00:00:00+00:00, execution_date=20240715T000000, start_date=20240724T053745, end_date=20240724T053745
[2024-07-24T14:37:45.369+0900] {local_task_job_runner.py:243} INFO - Task exited with return code 0
[2024-07-24T14:37:45.376+0900] {taskinstance.py:3503} INFO - 0 downstream tasks scheduled from follow-on schedule check
[2024-07-24T14:37:45.376+0900] {local_task_job_runner.py:222} INFO - ::endgroup::
