[2024-07-24T14:08:38.141+0900] {local_task_job_runner.py:120} INFO - ::group::Pre task execution logs
[2024-07-24T14:08:38.148+0900] {taskinstance.py:2076} INFO - Dependencies all met for dep_context=non-requeueable deps ti=<TaskInstance: simple_bash.copy.log scheduled__2024-07-17T00:00:00+00:00 [queued]>
[2024-07-24T14:08:38.151+0900] {taskinstance.py:2076} INFO - Dependencies all met for dep_context=requeueable deps ti=<TaskInstance: simple_bash.copy.log scheduled__2024-07-17T00:00:00+00:00 [queued]>
[2024-07-24T14:08:38.151+0900] {taskinstance.py:2306} INFO - Starting attempt 1 of 2
[2024-07-24T14:08:38.155+0900] {taskinstance.py:2330} INFO - Executing <Task(BashOperator): copy.log> on 2024-07-17 00:00:00+00:00
[2024-07-24T14:08:38.157+0900] {standard_task_runner.py:64} INFO - Started process 89593 to run task
[2024-07-24T14:08:38.159+0900] {standard_task_runner.py:90} INFO - Running: ['airflow', 'tasks', 'run', 'simple_bash', 'copy.log', 'scheduled__2024-07-17T00:00:00+00:00', '--job-id', '26', '--raw', '--subdir', 'DAGS_FOLDER/simple_bash.py', '--cfg-path', '/var/folders/qv/0knwm5h50ml0skpppwpbks_r0000gp/T/tmp69jhf4e1']
[2024-07-24T14:08:38.161+0900] {standard_task_runner.py:91} INFO - Job 26: Subtask copy.log
[2024-07-24T14:08:38.174+0900] {task_command.py:426} INFO - Running <TaskInstance: simple_bash.copy.log scheduled__2024-07-17T00:00:00+00:00 [running]> on host jeongui-MacBookPro.local
[2024-07-24T14:08:38.195+0900] {taskinstance.py:2648} INFO - Exporting env vars: AIRFLOW_CTX_DAG_OWNER='airflow' AIRFLOW_CTX_DAG_ID='simple_bash' AIRFLOW_CTX_TASK_ID='copy.log' AIRFLOW_CTX_EXECUTION_DATE='2024-07-17T00:00:00+00:00' AIRFLOW_CTX_TRY_NUMBER='1' AIRFLOW_CTX_DAG_RUN_ID='scheduled__2024-07-17T00:00:00+00:00'
[2024-07-24T14:08:38.196+0900] {taskinstance.py:430} INFO - ::endgroup::
[2024-07-24T14:08:38.202+0900] {subprocess.py:63} INFO - Tmp dir root location: /var/folders/qv/0knwm5h50ml0skpppwpbks_r0000gp/T
[2024-07-24T14:08:38.202+0900] {subprocess.py:75} INFO - Running command: ['/bin/bash', '-c', '\n            mkdir -p ~/data/20240717\n            cp ~/logs/history_20240717*.log ~/data/20240717/\n        ']
[2024-07-24T14:08:38.205+0900] {subprocess.py:86} INFO - Output:
[2024-07-24T14:08:38.212+0900] {subprocess.py:97} INFO - Command exited with return code 0
[2024-07-24T14:08:38.213+0900] {taskinstance.py:441} INFO - ::group::Post task execution logs
[2024-07-24T14:08:38.219+0900] {taskinstance.py:1206} INFO - Marking task as SUCCESS. dag_id=simple_bash, task_id=copy.log, run_id=scheduled__2024-07-17T00:00:00+00:00, execution_date=20240717T000000, start_date=20240724T050838, end_date=20240724T050838
[2024-07-24T14:08:38.266+0900] {local_task_job_runner.py:243} INFO - Task exited with return code 0
[2024-07-24T14:08:38.275+0900] {taskinstance.py:3503} INFO - 1 downstream tasks scheduled from follow-on schedule check
[2024-07-24T14:08:38.277+0900] {local_task_job_runner.py:222} INFO - ::endgroup::
[2024-07-24T14:20:50.113+0900] {local_task_job_runner.py:120} INFO - ::group::Pre task execution logs
[2024-07-24T14:20:50.121+0900] {taskinstance.py:2076} INFO - Dependencies all met for dep_context=non-requeueable deps ti=<TaskInstance: simple_bash.copy.log scheduled__2024-07-17T00:00:00+00:00 [queued]>
[2024-07-24T14:20:50.123+0900] {taskinstance.py:2076} INFO - Dependencies all met for dep_context=requeueable deps ti=<TaskInstance: simple_bash.copy.log scheduled__2024-07-17T00:00:00+00:00 [queued]>
[2024-07-24T14:20:50.123+0900] {taskinstance.py:2306} INFO - Starting attempt 1 of 1
[2024-07-24T14:20:50.127+0900] {taskinstance.py:2330} INFO - Executing <Task(BashOperator): copy.log> on 2024-07-17 00:00:00+00:00
[2024-07-24T14:20:50.129+0900] {standard_task_runner.py:64} INFO - Started process 90911 to run task
[2024-07-24T14:20:50.132+0900] {standard_task_runner.py:90} INFO - Running: ['airflow', 'tasks', 'run', 'simple_bash', 'copy.log', 'scheduled__2024-07-17T00:00:00+00:00', '--job-id', '122', '--raw', '--subdir', 'DAGS_FOLDER/simple_bash.py', '--cfg-path', '/var/folders/qv/0knwm5h50ml0skpppwpbks_r0000gp/T/tmp8wyg6vl2']
[2024-07-24T14:20:50.133+0900] {standard_task_runner.py:91} INFO - Job 122: Subtask copy.log
[2024-07-24T14:20:50.147+0900] {task_command.py:426} INFO - Running <TaskInstance: simple_bash.copy.log scheduled__2024-07-17T00:00:00+00:00 [running]> on host jeongui-MacBookPro.local
[2024-07-24T14:20:50.169+0900] {taskinstance.py:2648} INFO - Exporting env vars: AIRFLOW_CTX_DAG_OWNER='airflow' AIRFLOW_CTX_DAG_ID='simple_bash' AIRFLOW_CTX_TASK_ID='copy.log' AIRFLOW_CTX_EXECUTION_DATE='2024-07-17T00:00:00+00:00' AIRFLOW_CTX_TRY_NUMBER='1' AIRFLOW_CTX_DAG_RUN_ID='scheduled__2024-07-17T00:00:00+00:00'
[2024-07-24T14:20:50.169+0900] {taskinstance.py:430} INFO - ::endgroup::
[2024-07-24T14:20:50.175+0900] {subprocess.py:63} INFO - Tmp dir root location: /var/folders/qv/0knwm5h50ml0skpppwpbks_r0000gp/T
[2024-07-24T14:20:50.175+0900] {subprocess.py:75} INFO - Running command: ['/bin/bash', '-c', '\n            mkdir -p ~/data/20240717\n            cp ~/logs/history_20240717*.log ~/data/20240717/\n        ']
[2024-07-24T14:20:50.178+0900] {subprocess.py:86} INFO - Output:
[2024-07-24T14:20:50.185+0900] {subprocess.py:97} INFO - Command exited with return code 0
[2024-07-24T14:20:50.186+0900] {taskinstance.py:441} INFO - ::group::Post task execution logs
[2024-07-24T14:20:50.192+0900] {taskinstance.py:1206} INFO - Marking task as SUCCESS. dag_id=simple_bash, task_id=copy.log, run_id=scheduled__2024-07-17T00:00:00+00:00, execution_date=20240717T000000, start_date=20240724T052050, end_date=20240724T052050
[2024-07-24T14:20:50.238+0900] {local_task_job_runner.py:243} INFO - Task exited with return code 0
[2024-07-24T14:20:50.247+0900] {taskinstance.py:3503} INFO - 1 downstream tasks scheduled from follow-on schedule check
[2024-07-24T14:20:50.248+0900] {local_task_job_runner.py:222} INFO - ::endgroup::
