[2024-07-24T14:14:02.942+0900] {local_task_job_runner.py:120} INFO - ::group::Pre task execution logs
[2024-07-24T14:14:02.949+0900] {taskinstance.py:2076} INFO - Dependencies all met for dep_context=non-requeueable deps ti=<TaskInstance: simple_bash.copy.log scheduled__2024-07-17T00:00:00+00:00 [queued]>
[2024-07-24T14:14:02.951+0900] {taskinstance.py:2076} INFO - Dependencies all met for dep_context=requeueable deps ti=<TaskInstance: simple_bash.copy.log scheduled__2024-07-17T00:00:00+00:00 [queued]>
[2024-07-24T14:14:02.951+0900] {taskinstance.py:2306} INFO - Starting attempt 2 of 3
[2024-07-24T14:14:02.955+0900] {taskinstance.py:2330} INFO - Executing <Task(BashOperator): copy.log> on 2024-07-17 00:00:00+00:00
[2024-07-24T14:14:02.958+0900] {standard_task_runner.py:64} INFO - Started process 89933 to run task
[2024-07-24T14:14:02.960+0900] {standard_task_runner.py:90} INFO - Running: ['airflow', 'tasks', 'run', 'simple_bash', 'copy.log', 'scheduled__2024-07-17T00:00:00+00:00', '--job-id', '77', '--raw', '--subdir', 'DAGS_FOLDER/simple_bash.py', '--cfg-path', '/var/folders/qv/0knwm5h50ml0skpppwpbks_r0000gp/T/tmpp7fqifal']
[2024-07-24T14:14:02.962+0900] {standard_task_runner.py:91} INFO - Job 77: Subtask copy.log
[2024-07-24T14:14:02.975+0900] {task_command.py:426} INFO - Running <TaskInstance: simple_bash.copy.log scheduled__2024-07-17T00:00:00+00:00 [running]> on host jeongui-MacBookPro.local
[2024-07-24T14:14:02.997+0900] {taskinstance.py:2648} INFO - Exporting env vars: AIRFLOW_CTX_DAG_OWNER='airflow' AIRFLOW_CTX_DAG_ID='simple_bash' AIRFLOW_CTX_TASK_ID='copy.log' AIRFLOW_CTX_EXECUTION_DATE='2024-07-17T00:00:00+00:00' AIRFLOW_CTX_TRY_NUMBER='2' AIRFLOW_CTX_DAG_RUN_ID='scheduled__2024-07-17T00:00:00+00:00'
[2024-07-24T14:14:02.997+0900] {taskinstance.py:430} INFO - ::endgroup::
[2024-07-24T14:14:03.003+0900] {subprocess.py:63} INFO - Tmp dir root location: /var/folders/qv/0knwm5h50ml0skpppwpbks_r0000gp/T
[2024-07-24T14:14:03.004+0900] {subprocess.py:75} INFO - Running command: ['/bin/bash', '-c', '\n            mkdir -p ~/data/20240717\n            cp ~/logs/history_20240717*.log ~/data/20240717/\n        ']
[2024-07-24T14:14:03.006+0900] {subprocess.py:86} INFO - Output:
[2024-07-24T14:14:03.013+0900] {subprocess.py:97} INFO - Command exited with return code 0
[2024-07-24T14:14:03.014+0900] {taskinstance.py:441} INFO - ::group::Post task execution logs
[2024-07-24T14:14:03.020+0900] {taskinstance.py:1206} INFO - Marking task as SUCCESS. dag_id=simple_bash, task_id=copy.log, run_id=scheduled__2024-07-17T00:00:00+00:00, execution_date=20240717T000000, start_date=20240724T051402, end_date=20240724T051403
[2024-07-24T14:14:03.067+0900] {local_task_job_runner.py:243} INFO - Task exited with return code 0
[2024-07-24T14:14:03.077+0900] {taskinstance.py:3503} INFO - 1 downstream tasks scheduled from follow-on schedule check
[2024-07-24T14:14:03.079+0900] {local_task_job_runner.py:222} INFO - ::endgroup::
[2024-07-24T14:34:08.915+0900] {local_task_job_runner.py:120} INFO - ::group::Pre task execution logs
[2024-07-24T14:34:08.923+0900] {taskinstance.py:2076} INFO - Dependencies all met for dep_context=non-requeueable deps ti=<TaskInstance: simple_bash.copy.log scheduled__2024-07-17T00:00:00+00:00 [queued]>
[2024-07-24T14:34:08.925+0900] {taskinstance.py:2076} INFO - Dependencies all met for dep_context=requeueable deps ti=<TaskInstance: simple_bash.copy.log scheduled__2024-07-17T00:00:00+00:00 [queued]>
[2024-07-24T14:34:08.925+0900] {taskinstance.py:2306} INFO - Starting attempt 2 of 2
[2024-07-24T14:34:08.929+0900] {taskinstance.py:2330} INFO - Executing <Task(BashOperator): copy.log> on 2024-07-17 00:00:00+00:00
[2024-07-24T14:34:08.931+0900] {standard_task_runner.py:64} INFO - Started process 92315 to run task
[2024-07-24T14:34:08.934+0900] {standard_task_runner.py:90} INFO - Running: ['airflow', 'tasks', 'run', 'simple_bash', 'copy.log', 'scheduled__2024-07-17T00:00:00+00:00', '--job-id', '169', '--raw', '--subdir', 'DAGS_FOLDER/simple_bash.py', '--cfg-path', '/var/folders/qv/0knwm5h50ml0skpppwpbks_r0000gp/T/tmpaj8n4en3']
[2024-07-24T14:34:08.935+0900] {standard_task_runner.py:91} INFO - Job 169: Subtask copy.log
[2024-07-24T14:34:08.948+0900] {task_command.py:426} INFO - Running <TaskInstance: simple_bash.copy.log scheduled__2024-07-17T00:00:00+00:00 [running]> on host jeongui-MacBookPro.local
[2024-07-24T14:34:08.969+0900] {taskinstance.py:2648} INFO - Exporting env vars: AIRFLOW_CTX_DAG_OWNER='airflow' AIRFLOW_CTX_DAG_ID='simple_bash' AIRFLOW_CTX_TASK_ID='copy.log' AIRFLOW_CTX_EXECUTION_DATE='2024-07-17T00:00:00+00:00' AIRFLOW_CTX_TRY_NUMBER='2' AIRFLOW_CTX_DAG_RUN_ID='scheduled__2024-07-17T00:00:00+00:00'
[2024-07-24T14:34:08.969+0900] {taskinstance.py:430} INFO - ::endgroup::
[2024-07-24T14:34:08.975+0900] {subprocess.py:63} INFO - Tmp dir root location: /var/folders/qv/0knwm5h50ml0skpppwpbks_r0000gp/T
[2024-07-24T14:34:08.976+0900] {subprocess.py:75} INFO - Running command: ['/bin/bash', '-c', '\n            mkdir -p ~/data/20240717\n            cp ~/logs/history_20240717*.log ~/data/20240717/\n        ']
[2024-07-24T14:34:08.978+0900] {subprocess.py:86} INFO - Output:
[2024-07-24T14:34:08.987+0900] {subprocess.py:97} INFO - Command exited with return code 0
[2024-07-24T14:34:08.987+0900] {taskinstance.py:441} INFO - ::group::Post task execution logs
[2024-07-24T14:34:08.993+0900] {taskinstance.py:1206} INFO - Marking task as SUCCESS. dag_id=simple_bash, task_id=copy.log, run_id=scheduled__2024-07-17T00:00:00+00:00, execution_date=20240717T000000, start_date=20240724T053408, end_date=20240724T053408
[2024-07-24T14:34:09.039+0900] {local_task_job_runner.py:243} INFO - Task exited with return code 0
[2024-07-24T14:34:09.049+0900] {taskinstance.py:3503} INFO - 1 downstream tasks scheduled from follow-on schedule check
[2024-07-24T14:34:09.050+0900] {local_task_job_runner.py:222} INFO - ::endgroup::
