[2024-07-24T14:11:19.634+0900] {local_task_job_runner.py:120} INFO - ::group::Pre task execution logs
[2024-07-24T14:11:19.642+0900] {taskinstance.py:2076} INFO - Dependencies all met for dep_context=non-requeueable deps ti=<TaskInstance: simple_bash.err.report scheduled__2024-07-21T00:00:00+00:00 [queued]>
[2024-07-24T14:11:19.644+0900] {taskinstance.py:2076} INFO - Dependencies all met for dep_context=requeueable deps ti=<TaskInstance: simple_bash.err.report scheduled__2024-07-21T00:00:00+00:00 [queued]>
[2024-07-24T14:11:19.644+0900] {taskinstance.py:2306} INFO - Starting attempt 1 of 2
[2024-07-24T14:11:19.648+0900] {taskinstance.py:2330} INFO - Executing <Task(BashOperator): err.report> on 2024-07-21 00:00:00+00:00
[2024-07-24T14:11:19.651+0900] {standard_task_runner.py:64} INFO - Started process 89783 to run task
[2024-07-24T14:11:19.653+0900] {standard_task_runner.py:90} INFO - Running: ['airflow', 'tasks', 'run', 'simple_bash', 'err.report', 'scheduled__2024-07-21T00:00:00+00:00', '--job-id', '53', '--raw', '--subdir', 'DAGS_FOLDER/simple_bash.py', '--cfg-path', '/var/folders/qv/0knwm5h50ml0skpppwpbks_r0000gp/T/tmpyo4jjdlg']
[2024-07-24T14:11:19.654+0900] {standard_task_runner.py:91} INFO - Job 53: Subtask err.report
[2024-07-24T14:11:19.668+0900] {task_command.py:426} INFO - Running <TaskInstance: simple_bash.err.report scheduled__2024-07-21T00:00:00+00:00 [running]> on host jeongui-MacBookPro.local
[2024-07-24T14:11:19.690+0900] {taskinstance.py:2648} INFO - Exporting env vars: AIRFLOW_CTX_DAG_OWNER='airflow' AIRFLOW_CTX_DAG_ID='simple_bash' AIRFLOW_CTX_TASK_ID='err.report' AIRFLOW_CTX_EXECUTION_DATE='2024-07-21T00:00:00+00:00' AIRFLOW_CTX_TRY_NUMBER='1' AIRFLOW_CTX_DAG_RUN_ID='scheduled__2024-07-21T00:00:00+00:00'
[2024-07-24T14:11:19.691+0900] {taskinstance.py:430} INFO - ::endgroup::
[2024-07-24T14:11:19.697+0900] {subprocess.py:63} INFO - Tmp dir root location: /var/folders/qv/0knwm5h50ml0skpppwpbks_r0000gp/T
[2024-07-24T14:11:19.697+0900] {subprocess.py:75} INFO - Running command: ['/bin/bash', '-c', '\n            echo "err report"\n        ']
[2024-07-24T14:11:19.700+0900] {subprocess.py:86} INFO - Output:
[2024-07-24T14:11:19.702+0900] {subprocess.py:93} INFO - err report
[2024-07-24T14:11:19.702+0900] {subprocess.py:97} INFO - Command exited with return code 0
[2024-07-24T14:11:19.702+0900] {taskinstance.py:441} INFO - ::group::Post task execution logs
[2024-07-24T14:11:19.708+0900] {taskinstance.py:1206} INFO - Marking task as SUCCESS. dag_id=simple_bash, task_id=err.report, run_id=scheduled__2024-07-21T00:00:00+00:00, execution_date=20240721T000000, start_date=20240724T051119, end_date=20240724T051119
[2024-07-24T14:11:19.715+0900] {local_task_job_runner.py:243} INFO - Task exited with return code 0
[2024-07-24T14:11:19.721+0900] {taskinstance.py:3503} INFO - 0 downstream tasks scheduled from follow-on schedule check
[2024-07-24T14:11:19.722+0900] {local_task_job_runner.py:222} INFO - ::endgroup::
[2024-07-24T14:23:08.442+0900] {local_task_job_runner.py:120} INFO - ::group::Pre task execution logs
[2024-07-24T14:23:08.452+0900] {taskinstance.py:2076} INFO - Dependencies all met for dep_context=non-requeueable deps ti=<TaskInstance: simple_bash.err.report scheduled__2024-07-21T00:00:00+00:00 [queued]>
[2024-07-24T14:23:08.455+0900] {taskinstance.py:2076} INFO - Dependencies all met for dep_context=requeueable deps ti=<TaskInstance: simple_bash.err.report scheduled__2024-07-21T00:00:00+00:00 [queued]>
[2024-07-24T14:23:08.455+0900] {taskinstance.py:2306} INFO - Starting attempt 1 of 1
[2024-07-24T14:23:08.461+0900] {taskinstance.py:2330} INFO - Executing <Task(BashOperator): err.report> on 2024-07-21 00:00:00+00:00
[2024-07-24T14:23:08.463+0900] {standard_task_runner.py:64} INFO - Started process 91171 to run task
[2024-07-24T14:23:08.466+0900] {standard_task_runner.py:90} INFO - Running: ['airflow', 'tasks', 'run', 'simple_bash', 'err.report', 'scheduled__2024-07-21T00:00:00+00:00', '--job-id', '145', '--raw', '--subdir', 'DAGS_FOLDER/simple_bash.py', '--cfg-path', '/var/folders/qv/0knwm5h50ml0skpppwpbks_r0000gp/T/tmpkmq_p7ph']
[2024-07-24T14:23:08.467+0900] {standard_task_runner.py:91} INFO - Job 145: Subtask err.report
[2024-07-24T14:23:08.483+0900] {task_command.py:426} INFO - Running <TaskInstance: simple_bash.err.report scheduled__2024-07-21T00:00:00+00:00 [running]> on host jeongui-MacBookPro.local
[2024-07-24T14:23:08.506+0900] {taskinstance.py:2648} INFO - Exporting env vars: AIRFLOW_CTX_DAG_OWNER='airflow' AIRFLOW_CTX_DAG_ID='simple_bash' AIRFLOW_CTX_TASK_ID='err.report' AIRFLOW_CTX_EXECUTION_DATE='2024-07-21T00:00:00+00:00' AIRFLOW_CTX_TRY_NUMBER='1' AIRFLOW_CTX_DAG_RUN_ID='scheduled__2024-07-21T00:00:00+00:00'
[2024-07-24T14:23:08.507+0900] {taskinstance.py:430} INFO - ::endgroup::
[2024-07-24T14:23:08.512+0900] {subprocess.py:63} INFO - Tmp dir root location: /var/folders/qv/0knwm5h50ml0skpppwpbks_r0000gp/T
[2024-07-24T14:23:08.513+0900] {subprocess.py:75} INFO - Running command: ['/bin/bash', '-c', '\n            echo "err report"\n        ']
[2024-07-24T14:23:08.516+0900] {subprocess.py:86} INFO - Output:
[2024-07-24T14:23:08.517+0900] {subprocess.py:93} INFO - err report
[2024-07-24T14:23:08.518+0900] {subprocess.py:97} INFO - Command exited with return code 0
[2024-07-24T14:23:08.518+0900] {taskinstance.py:441} INFO - ::group::Post task execution logs
[2024-07-24T14:23:08.525+0900] {taskinstance.py:1206} INFO - Marking task as SUCCESS. dag_id=simple_bash, task_id=err.report, run_id=scheduled__2024-07-21T00:00:00+00:00, execution_date=20240721T000000, start_date=20240724T052308, end_date=20240724T052308
[2024-07-24T14:23:08.572+0900] {local_task_job_runner.py:243} INFO - Task exited with return code 0
[2024-07-24T14:23:08.580+0900] {taskinstance.py:3503} INFO - 0 downstream tasks scheduled from follow-on schedule check
[2024-07-24T14:23:08.581+0900] {local_task_job_runner.py:222} INFO - ::endgroup::
