[2024-07-31T19:46:17.835+0900] {local_task_job_runner.py:120} INFO - ::group::Pre task execution logs
[2024-07-31T19:46:17.845+0900] {taskinstance.py:2076} INFO - Dependencies all met for dep_context=non-requeueable deps ti=<TaskInstance: movie.nation.k scheduled__2024-07-27T02:10:00+00:00 [queued]>
[2024-07-31T19:46:17.847+0900] {taskinstance.py:2076} INFO - Dependencies all met for dep_context=requeueable deps ti=<TaskInstance: movie.nation.k scheduled__2024-07-27T02:10:00+00:00 [queued]>
[2024-07-31T19:46:17.848+0900] {taskinstance.py:2306} INFO - Starting attempt 2 of 3
[2024-07-31T19:46:17.853+0900] {taskinstance.py:2330} INFO - Executing <Task(PythonVirtualenvOperator): nation.k> on 2024-07-27 02:10:00+00:00
[2024-07-31T19:46:17.855+0900] {standard_task_runner.py:64} INFO - Started process 32998 to run task
[2024-07-31T19:46:17.858+0900] {standard_task_runner.py:90} INFO - Running: ['airflow', 'tasks', 'run', 'movie', 'nation.k', 'scheduled__2024-07-27T02:10:00+00:00', '--job-id', '966', '--raw', '--subdir', 'DAGS_FOLDER/movie.py', '--cfg-path', '/var/folders/qv/0knwm5h50ml0skpppwpbks_r0000gp/T/tmpbj89i6hr']
[2024-07-31T19:46:17.859+0900] {standard_task_runner.py:91} INFO - Job 966: Subtask nation.k
[2024-07-31T19:46:17.874+0900] {task_command.py:426} INFO - Running <TaskInstance: movie.nation.k scheduled__2024-07-27T02:10:00+00:00 [running]> on host jeongui-MacBookPro.local
[2024-07-31T19:46:17.897+0900] {taskinstance.py:2648} INFO - Exporting env vars: AIRFLOW_CTX_DAG_OWNER='airflow' AIRFLOW_CTX_DAG_ID='movie' AIRFLOW_CTX_TASK_ID='nation.k' AIRFLOW_CTX_EXECUTION_DATE='2024-07-27T02:10:00+00:00' AIRFLOW_CTX_TRY_NUMBER='2' AIRFLOW_CTX_DAG_RUN_ID='scheduled__2024-07-27T02:10:00+00:00'
[2024-07-31T19:46:17.897+0900] {taskinstance.py:430} INFO - ::endgroup::
[2024-07-31T19:46:17.903+0900] {baseoperator.py:400} WARNING - PythonVirtualenvOperator.execute cannot be called outside TaskInstance!
[2024-07-31T19:46:17.903+0900] {process_utils.py:183} INFO - Executing cmd: /Users/DE32/.pyenv/versions/3.11.9/envs/note/bin/python -m virtualenv /var/folders/qv/0knwm5h50ml0skpppwpbks_r0000gp/T/venvms1krfal --python=python
[2024-07-31T19:46:17.905+0900] {process_utils.py:187} INFO - Output:
[2024-07-31T19:46:18.089+0900] {process_utils.py:191} INFO - created virtual environment CPython3.11.9.final.0-64 in 124ms
[2024-07-31T19:46:18.089+0900] {process_utils.py:191} INFO -   creator CPython3Posix(dest=/private/var/folders/qv/0knwm5h50ml0skpppwpbks_r0000gp/T/venvms1krfal, clear=False, no_vcs_ignore=False, global=False)
[2024-07-31T19:46:18.089+0900] {process_utils.py:191} INFO -   seeder FromAppData(download=False, pip=bundle, setuptools=bundle, wheel=bundle, via=copy, app_data_dir=/Users/DE32/Library/Application Support/virtualenv)
[2024-07-31T19:46:18.089+0900] {process_utils.py:191} INFO -     added seed packages: pip==24.1.2, setuptools==70.2.0, wheel==0.43.0
[2024-07-31T19:46:18.090+0900] {process_utils.py:191} INFO -   activators BashActivator,CShellActivator,FishActivator,NushellActivator,PowerShellActivator,PythonActivator
[2024-07-31T19:46:18.101+0900] {process_utils.py:183} INFO - Executing cmd: /var/folders/qv/0knwm5h50ml0skpppwpbks_r0000gp/T/venvms1krfal/bin/pip install -r /var/folders/qv/0knwm5h50ml0skpppwpbks_r0000gp/T/venvms1krfal/requirements.txt
[2024-07-31T19:46:18.102+0900] {process_utils.py:187} INFO - Output:
[2024-07-31T19:46:18.812+0900] {process_utils.py:191} INFO - Collecting git+https://github.com/Jeonghoon2/movie.git@0.2/api (from -r /var/folders/qv/0knwm5h50ml0skpppwpbks_r0000gp/T/venvms1krfal/requirements.txt (line 1))
[2024-07-31T19:46:18.812+0900] {process_utils.py:191} INFO -   Cloning https://github.com/Jeonghoon2/movie.git (to revision 0.2/api) to /private/var/folders/qv/0knwm5h50ml0skpppwpbks_r0000gp/T/pip-req-build-dljpkpjp
[2024-07-31T19:46:18.823+0900] {process_utils.py:191} INFO -   Running command git clone --filter=blob:none --quiet https://github.com/Jeonghoon2/movie.git /private/var/folders/qv/0knwm5h50ml0skpppwpbks_r0000gp/T/pip-req-build-dljpkpjp
[2024-07-31T19:46:20.335+0900] {process_utils.py:191} INFO -   Running command git checkout -b 0.2/api --track origin/0.2/api
[2024-07-31T19:46:20.944+0900] {process_utils.py:191} INFO -   Switched to a new branch '0.2/api'
[2024-07-31T19:46:20.944+0900] {process_utils.py:191} INFO -   branch '0.2/api' set up to track 'origin/0.2/api'.
[2024-07-31T19:46:20.945+0900] {process_utils.py:191} INFO -   Resolved https://github.com/Jeonghoon2/movie.git to commit c2fdd392ce95b386519b05b3bab786608cdb1c58
[2024-07-31T19:46:20.967+0900] {process_utils.py:191} INFO -   Installing build dependencies: started
[2024-07-31T19:46:21.843+0900] {process_utils.py:191} INFO -   Installing build dependencies: finished with status 'done'
[2024-07-31T19:46:21.844+0900] {process_utils.py:191} INFO -   Getting requirements to build wheel: started
[2024-07-31T19:46:21.965+0900] {process_utils.py:191} INFO -   Getting requirements to build wheel: finished with status 'done'
[2024-07-31T19:46:21.967+0900] {process_utils.py:191} INFO -   Preparing metadata (pyproject.toml): started
[2024-07-31T19:46:22.090+0900] {process_utils.py:191} INFO -   Preparing metadata (pyproject.toml): finished with status 'done'
[2024-07-31T19:46:22.140+0900] {process_utils.py:191} INFO - Collecting requests>=2.32.3 (from mov==0.1.0->-r /var/folders/qv/0knwm5h50ml0skpppwpbks_r0000gp/T/venvms1krfal/requirements.txt (line 1))
[2024-07-31T19:46:22.141+0900] {process_utils.py:191} INFO -   Using cached requests-2.32.3-py3-none-any.whl.metadata (4.6 kB)
[2024-07-31T19:46:22.206+0900] {process_utils.py:191} INFO - Collecting pandas>=2.2.2 (from mov==0.1.0->-r /var/folders/qv/0knwm5h50ml0skpppwpbks_r0000gp/T/venvms1krfal/requirements.txt (line 1))
[2024-07-31T19:46:22.207+0900] {process_utils.py:191} INFO -   Using cached pandas-2.2.2-cp311-cp311-macosx_11_0_arm64.whl.metadata (19 kB)
[2024-07-31T19:46:22.305+0900] {process_utils.py:191} INFO - Collecting numpy>=2.0.1 (from mov==0.1.0->-r /var/folders/qv/0knwm5h50ml0skpppwpbks_r0000gp/T/venvms1krfal/requirements.txt (line 1))
[2024-07-31T19:46:22.306+0900] {process_utils.py:191} INFO -   Using cached numpy-2.0.1-cp311-cp311-macosx_14_0_arm64.whl.metadata (60 kB)
[2024-07-31T19:46:22.354+0900] {process_utils.py:191} INFO - Collecting pyarrow>=17.0.0 (from mov==0.1.0->-r /var/folders/qv/0knwm5h50ml0skpppwpbks_r0000gp/T/venvms1krfal/requirements.txt (line 1))
[2024-07-31T19:46:22.355+0900] {process_utils.py:191} INFO -   Using cached pyarrow-17.0.0-cp311-cp311-macosx_11_0_arm64.whl.metadata (3.3 kB)
[2024-07-31T19:46:22.375+0900] {process_utils.py:191} INFO - Collecting python-dateutil>=2.8.2 (from pandas>=2.2.2->mov==0.1.0->-r /var/folders/qv/0knwm5h50ml0skpppwpbks_r0000gp/T/venvms1krfal/requirements.txt (line 1))
[2024-07-31T19:46:22.376+0900] {process_utils.py:191} INFO -   Using cached python_dateutil-2.9.0.post0-py2.py3-none-any.whl.metadata (8.4 kB)
[2024-07-31T19:46:22.403+0900] {process_utils.py:191} INFO - Collecting pytz>=2020.1 (from pandas>=2.2.2->mov==0.1.0->-r /var/folders/qv/0knwm5h50ml0skpppwpbks_r0000gp/T/venvms1krfal/requirements.txt (line 1))
[2024-07-31T19:46:22.404+0900] {process_utils.py:191} INFO -   Using cached pytz-2024.1-py2.py3-none-any.whl.metadata (22 kB)
[2024-07-31T19:46:22.417+0900] {process_utils.py:191} INFO - Collecting tzdata>=2022.7 (from pandas>=2.2.2->mov==0.1.0->-r /var/folders/qv/0knwm5h50ml0skpppwpbks_r0000gp/T/venvms1krfal/requirements.txt (line 1))
[2024-07-31T19:46:22.418+0900] {process_utils.py:191} INFO -   Using cached tzdata-2024.1-py2.py3-none-any.whl.metadata (1.4 kB)
[2024-07-31T19:46:22.460+0900] {process_utils.py:191} INFO - Collecting charset-normalizer<4,>=2 (from requests>=2.32.3->mov==0.1.0->-r /var/folders/qv/0knwm5h50ml0skpppwpbks_r0000gp/T/venvms1krfal/requirements.txt (line 1))
[2024-07-31T19:46:22.461+0900] {process_utils.py:191} INFO -   Using cached charset_normalizer-3.3.2-cp311-cp311-macosx_11_0_arm64.whl.metadata (33 kB)
[2024-07-31T19:46:22.474+0900] {process_utils.py:191} INFO - Collecting idna<4,>=2.5 (from requests>=2.32.3->mov==0.1.0->-r /var/folders/qv/0knwm5h50ml0skpppwpbks_r0000gp/T/venvms1krfal/requirements.txt (line 1))
[2024-07-31T19:46:22.475+0900] {process_utils.py:191} INFO -   Using cached idna-3.7-py3-none-any.whl.metadata (9.9 kB)
[2024-07-31T19:46:22.500+0900] {process_utils.py:191} INFO - Collecting urllib3<3,>=1.21.1 (from requests>=2.32.3->mov==0.1.0->-r /var/folders/qv/0knwm5h50ml0skpppwpbks_r0000gp/T/venvms1krfal/requirements.txt (line 1))
[2024-07-31T19:46:22.501+0900] {process_utils.py:191} INFO -   Using cached urllib3-2.2.2-py3-none-any.whl.metadata (6.4 kB)
[2024-07-31T19:46:22.517+0900] {process_utils.py:191} INFO - Collecting certifi>=2017.4.17 (from requests>=2.32.3->mov==0.1.0->-r /var/folders/qv/0knwm5h50ml0skpppwpbks_r0000gp/T/venvms1krfal/requirements.txt (line 1))
[2024-07-31T19:46:22.518+0900] {process_utils.py:191} INFO -   Using cached certifi-2024.7.4-py3-none-any.whl.metadata (2.2 kB)
[2024-07-31T19:46:22.542+0900] {process_utils.py:191} INFO - Collecting six>=1.5 (from python-dateutil>=2.8.2->pandas>=2.2.2->mov==0.1.0->-r /var/folders/qv/0knwm5h50ml0skpppwpbks_r0000gp/T/venvms1krfal/requirements.txt (line 1))
[2024-07-31T19:46:22.543+0900] {process_utils.py:191} INFO -   Using cached six-1.16.0-py2.py3-none-any.whl.metadata (1.8 kB)
[2024-07-31T19:46:22.546+0900] {process_utils.py:191} INFO - Using cached numpy-2.0.1-cp311-cp311-macosx_14_0_arm64.whl (5.3 MB)
[2024-07-31T19:46:22.552+0900] {process_utils.py:191} INFO - Using cached pandas-2.2.2-cp311-cp311-macosx_11_0_arm64.whl (11.3 MB)
[2024-07-31T19:46:22.564+0900] {process_utils.py:191} INFO - Using cached pyarrow-17.0.0-cp311-cp311-macosx_11_0_arm64.whl (27.2 MB)
[2024-07-31T19:46:22.590+0900] {process_utils.py:191} INFO - Using cached requests-2.32.3-py3-none-any.whl (64 kB)
[2024-07-31T19:46:22.591+0900] {process_utils.py:191} INFO - Using cached certifi-2024.7.4-py3-none-any.whl (162 kB)
[2024-07-31T19:46:22.592+0900] {process_utils.py:191} INFO - Using cached charset_normalizer-3.3.2-cp311-cp311-macosx_11_0_arm64.whl (118 kB)
[2024-07-31T19:46:22.593+0900] {process_utils.py:191} INFO - Using cached idna-3.7-py3-none-any.whl (66 kB)
[2024-07-31T19:46:22.594+0900] {process_utils.py:191} INFO - Using cached python_dateutil-2.9.0.post0-py2.py3-none-any.whl (229 kB)
[2024-07-31T19:46:22.595+0900] {process_utils.py:191} INFO - Using cached pytz-2024.1-py2.py3-none-any.whl (505 kB)
[2024-07-31T19:46:22.596+0900] {process_utils.py:191} INFO - Using cached tzdata-2024.1-py2.py3-none-any.whl (345 kB)
[2024-07-31T19:46:22.597+0900] {process_utils.py:191} INFO - Using cached urllib3-2.2.2-py3-none-any.whl (121 kB)
[2024-07-31T19:46:22.598+0900] {process_utils.py:191} INFO - Using cached six-1.16.0-py2.py3-none-any.whl (11 kB)
[2024-07-31T19:46:22.640+0900] {process_utils.py:191} INFO - Building wheels for collected packages: mov
[2024-07-31T19:46:22.652+0900] {process_utils.py:191} INFO -   Building wheel for mov (pyproject.toml): started
[2024-07-31T19:46:22.788+0900] {process_utils.py:191} INFO -   Building wheel for mov (pyproject.toml): finished with status 'done'
[2024-07-31T19:46:22.789+0900] {process_utils.py:191} INFO -   Created wheel for mov: filename=mov-0.1.0-py3-none-any.whl size=3056 sha256=07b2e869351bb00ec4d5d25dc583d514bb8280f854047fedd90f9af6e39aee88
[2024-07-31T19:46:22.790+0900] {process_utils.py:191} INFO -   Stored in directory: /private/var/folders/qv/0knwm5h50ml0skpppwpbks_r0000gp/T/pip-ephem-wheel-cache-3v5u1att/wheels/cf/ab/a7/d0c528d20fa8a5f19e169bdf1d98f2b2cefe79d8527bb89200
[2024-07-31T19:46:22.791+0900] {process_utils.py:191} INFO - Successfully built mov
[2024-07-31T19:46:22.818+0900] {process_utils.py:191} INFO - Installing collected packages: pytz, urllib3, tzdata, six, numpy, idna, charset-normalizer, certifi, requests, python-dateutil, pyarrow, pandas, mov
[2024-07-31T19:46:27.263+0900] {process_utils.py:191} INFO - Successfully installed certifi-2024.7.4 charset-normalizer-3.3.2 idna-3.7 mov-0.1.0 numpy-2.0.1 pandas-2.2.2 pyarrow-17.0.0 python-dateutil-2.9.0.post0 pytz-2024.1 requests-2.32.3 six-1.16.0 tzdata-2024.1 urllib3-2.2.2
[2024-07-31T19:46:27.266+0900] {process_utils.py:191} INFO - 
[2024-07-31T19:46:27.266+0900] {process_utils.py:191} INFO - [notice] A new release of pip is available: 24.1.2 -> 24.2
[2024-07-31T19:46:27.266+0900] {process_utils.py:191} INFO - [notice] To update, run: python -m pip install --upgrade pip
[2024-07-31T19:46:27.394+0900] {logging_mixin.py:188} WARNING - /Users/DE32/.pyenv/versions/3.11.9/envs/note/lib/python3.11/site-packages/airflow/utils/context.py:212 AirflowContextDeprecationWarning: Accessing 'next_ds' from the template is deprecated and will be removed in a future version. Please use '{{ data_interval_end | ds }}' instead.
[2024-07-31T19:46:27.395+0900] {logging_mixin.py:188} WARNING - /Users/DE32/.pyenv/versions/3.11.9/envs/note/lib/python3.11/site-packages/airflow/utils/context.py:212 AirflowContextDeprecationWarning: Accessing 'next_ds_nodash' from the template is deprecated and will be removed in a future version. Please use '{{ data_interval_end | ds_nodash }}' instead.
[2024-07-31T19:46:27.395+0900] {logging_mixin.py:188} WARNING - /Users/DE32/.pyenv/versions/3.11.9/envs/note/lib/python3.11/site-packages/airflow/utils/context.py:212 AirflowContextDeprecationWarning: Accessing 'prev_ds' from the template is deprecated and will be removed in a future version.
[2024-07-31T19:46:27.396+0900] {logging_mixin.py:188} WARNING - /Users/DE32/.pyenv/versions/3.11.9/envs/note/lib/python3.11/site-packages/airflow/utils/context.py:212 AirflowContextDeprecationWarning: Accessing 'prev_ds_nodash' from the template is deprecated and will be removed in a future version.
[2024-07-31T19:46:27.396+0900] {logging_mixin.py:188} WARNING - /Users/DE32/.pyenv/versions/3.11.9/envs/note/lib/python3.11/site-packages/airflow/utils/context.py:212 AirflowContextDeprecationWarning: Accessing 'tomorrow_ds' from the template is deprecated and will be removed in a future version.
[2024-07-31T19:46:27.396+0900] {logging_mixin.py:188} WARNING - /Users/DE32/.pyenv/versions/3.11.9/envs/note/lib/python3.11/site-packages/airflow/utils/context.py:212 AirflowContextDeprecationWarning: Accessing 'tomorrow_ds_nodash' from the template is deprecated and will be removed in a future version.
[2024-07-31T19:46:27.397+0900] {logging_mixin.py:188} WARNING - /Users/DE32/.pyenv/versions/3.11.9/envs/note/lib/python3.11/site-packages/airflow/utils/context.py:212 AirflowContextDeprecationWarning: Accessing 'yesterday_ds' from the template is deprecated and will be removed in a future version.
[2024-07-31T19:46:27.397+0900] {logging_mixin.py:188} WARNING - /Users/DE32/.pyenv/versions/3.11.9/envs/note/lib/python3.11/site-packages/airflow/utils/context.py:212 AirflowContextDeprecationWarning: Accessing 'yesterday_ds_nodash' from the template is deprecated and will be removed in a future version.
[2024-07-31T19:46:27.400+0900] {process_utils.py:183} INFO - Executing cmd: /var/folders/qv/0knwm5h50ml0skpppwpbks_r0000gp/T/venvms1krfal/bin/python /var/folders/qv/0knwm5h50ml0skpppwpbks_r0000gp/T/venv-callpo569xcw/script.py /var/folders/qv/0knwm5h50ml0skpppwpbks_r0000gp/T/venv-callpo569xcw/script.in /var/folders/qv/0knwm5h50ml0skpppwpbks_r0000gp/T/venv-callpo569xcw/script.out /var/folders/qv/0knwm5h50ml0skpppwpbks_r0000gp/T/venv-callpo569xcw/string_args.txt /var/folders/qv/0knwm5h50ml0skpppwpbks_r0000gp/T/venv-callpo569xcw/termination.log
[2024-07-31T19:46:27.402+0900] {process_utils.py:187} INFO - Output:
[2024-07-31T19:46:41.106+0900] {process_utils.py:191} INFO - {'boxOfficeResult': {'boxofficeType': '일별 박스오피스', 'showRange': '20240727~20240727', 'dailyBoxOfficeList': [{'rnum': '1', 'rank': '1', 'rankInten': '0', 'rankOldAndNew': 'OLD', 'movieCd': '20212932', 'movieNm': '탈주', 'openDt': '2024-07-03', 'salesAmt': '797446562', 'salesShare': '55.8', 'salesInten': '387746217', 'salesChange': '94.6', 'salesAcc': '20857431087', 'audiCnt': '82603', 'audiInten': '40233', 'audiChange': '95', 'audiAcc': '2199605', 'scrnCnt': '875', 'showCnt': '2337'}, {'rnum': '2', 'rank': '2', 'rankInten': '0', 'rankOldAndNew': 'OLD', 'movieCd': '20208245', 'movieNm': '핸섬가이즈', 'openDt': '2024-06-26', 'salesAmt': '250504626', 'salesShare': '17.5', 'salesInten': '118243797', 'salesChange': '89.4', 'salesAcc': '15830147270', 'audiCnt': '25681', 'audiInten': '11973', 'audiChange': '87.3', 'audiAcc': '1693670', 'scrnCnt': '516', 'showCnt': '843'}, {'rnum': '3', 'rank': '3', 'rankInten': '3', 'rankOldAndNew': 'OLD', 'movieCd': '20224666', 'movieNm': '파일럿', 'openDt': '2024-07-31', 'salesAmt': '131602367', 'salesShare': '9.2', 'salesInten': '116098367', 'salesChange': '748.8', 'salesAcc': '415856367', 'audiCnt': '12120', 'audiInten': '10299', 'audiChange': '565.6', 'audiAcc': '42425', 'scrnCnt': '38', 'showCnt': '47'}, {'rnum': '4', 'rank': '4', 'rankInten': '-1', 'rankOldAndNew': 'OLD', 'movieCd': '20208911', 'movieNm': '탈출: 프로젝트 사일런스', 'openDt': '2024-07-12', 'salesAmt': '80245763', 'salesShare': '5.6', 'salesInten': '20514709', 'salesChange': '34.3', 'salesAcc': '6474167126', 'audiCnt': '8198', 'audiInten': '2114', 'audiChange': '34.7', 'audiAcc': '663939', 'scrnCnt': '323', 'showCnt': '480'}, {'rnum': '5', 'rank': '5', 'rankInten': '0', 'rankOldAndNew': 'NEW', 'movieCd': '20249733', 'movieNm': '사랑의 하츄핑', 'openDt': '2024-08-07', 'salesAmt': '48809950', 'salesShare': '3.4', 'salesInten': '48809950', 'salesChange': '100', 'salesAcc': '88796950', 'audiCnt': '4061', 'audiInten': '4061', 'audiChange': '100', 'audiAcc': '8111', 'scrnCnt': '15', 'showCnt': '17'}, {'rnum': '6', 'rank': '6', 'rankInten': '-1', 'rankOldAndNew': 'OLD', 'movieCd': '20248465', 'movieNm': '하이재킹', 'openDt': '2024-06-21', 'salesAmt': '25691791', 'salesShare': '1.8', 'salesInten': '6608679', 'salesChange': '34.6', 'salesAcc': '16769231537', 'audiCnt': '2627', 'audiInten': '694', 'audiChange': '35.9', 'audiAcc': '1765303', 'scrnCnt': '124', 'showCnt': '153'}, {'rnum': '7', 'rank': '7', 'rankInten': '-3', 'rankOldAndNew': 'OLD', 'movieCd': '20241984', 'movieNm': '2023 영탁 단독 콘서트 : 탁쇼2', 'openDt': '2024-07-18', 'salesAmt': '54658500', 'salesShare': '3.8', 'salesInten': '-10606000', 'salesChange': '-16.3', 'salesAcc': '694689000', 'audiCnt': '2187', 'audiInten': '-424', 'audiChange': '-16.2', 'audiAcc': '27794', 'scrnCnt': '53', 'showCnt': '62'}, {'rnum': '8', 'rank': '8', 'rankInten': '0', 'rankOldAndNew': 'NEW', 'movieCd': '20242731', 'movieNm': '2023 심규선 단독 콘서트 : 우리 앞의 세계', 'openDt': '2024-07-27', 'salesAmt': '13975000', 'salesShare': '1.0', 'salesInten': '13975000', 'salesChange': '100', 'salesAcc': '13975000', 'audiCnt': '559', 'audiInten': '559', 'audiChange': '100', 'audiAcc': '559', 'scrnCnt': '2', 'showCnt': '2'}, {'rnum': '9', 'rank': '9', 'rankInten': '-2', 'rankOldAndNew': 'OLD', 'movieCd': '20242349', 'movieNm': '이준호 콘서트 : 다시 만나는 날', 'openDt': '2024-07-24', 'salesAmt': '12248000', 'salesShare': '0.9', 'salesInten': '1651000', 'salesChange': '15.6', 'salesAcc': '145962500', 'audiCnt': '490', 'audiInten': '66', 'audiChange': '15.6', 'audiAcc': '5839', 'scrnCnt': '49', 'showCnt': '67'}, {'rnum': '10', 'rank': '10', 'rankInten': '0', 'rankOldAndNew': 'NEW', 'movieCd': '20197122', 'movieNm': '1947 보스톤', 'openDt': '2023-09-27', 'salesAmt': '2960000', 'salesShare': '0.2', 'salesInten': '2960000', 'salesChange': '100', 'salesAcc': '9477342798', 'audiCnt': '370', 'audiInten': '370', 'audiChange': '100', 'audiAcc': '1028315', 'scrnCnt': '3', 'showCnt': '3'}]}}
[2024-07-31T19:46:41.107+0900] {process_utils.py:191} INFO - partitioning List : ['load_dt', 'repNationCd']
[2024-07-31T19:46:41.107+0900] {process_utils.py:191} INFO -   rnum rank rankInten rankOldAndNew  ... scrnCnt showCnt   load_dt repNationCd
[2024-07-31T19:46:41.108+0900] {process_utils.py:191} INFO - 0    1    1         0           OLD  ...     875    2337  20240727           K
[2024-07-31T19:46:41.108+0900] {process_utils.py:191} INFO - 1    2    2         0           OLD  ...     516     843  20240727           K
[2024-07-31T19:46:41.108+0900] {process_utils.py:191} INFO - 2    3    3         3           OLD  ...      38      47  20240727           K
[2024-07-31T19:46:41.109+0900] {process_utils.py:191} INFO - 3    4    4        -1           OLD  ...     323     480  20240727           K
[2024-07-31T19:46:41.109+0900] {process_utils.py:191} INFO - 4    5    5         0           NEW  ...      15      17  20240727           K
[2024-07-31T19:46:41.110+0900] {process_utils.py:191} INFO - 5    6    6        -1           OLD  ...     124     153  20240727           K
[2024-07-31T19:46:41.110+0900] {process_utils.py:191} INFO - 6    7    7        -3           OLD  ...      53      62  20240727           K
[2024-07-31T19:46:41.110+0900] {process_utils.py:191} INFO - 7    8    8         0           NEW  ...       2       2  20240727           K
[2024-07-31T19:46:41.111+0900] {process_utils.py:191} INFO - 8    9    9        -2           OLD  ...      49      67  20240727           K
[2024-07-31T19:46:41.111+0900] {process_utils.py:191} INFO - 9   10   10         0           NEW  ...       3       3  20240727           K
[2024-07-31T19:46:41.111+0900] {process_utils.py:191} INFO - 
[2024-07-31T19:46:41.112+0900] {process_utils.py:191} INFO - [10 rows x 20 columns]
[2024-07-31T19:46:41.600+0900] {python.py:237} INFO - Done. Returned value was: None
[2024-07-31T19:46:41.600+0900] {taskinstance.py:441} INFO - ::group::Post task execution logs
[2024-07-31T19:46:41.604+0900] {taskinstance.py:1206} INFO - Marking task as SUCCESS. dag_id=movie, task_id=nation.k, run_id=scheduled__2024-07-27T02:10:00+00:00, execution_date=20240727T021000, start_date=20240731T104617, end_date=20240731T104641
[2024-07-31T19:46:41.643+0900] {local_task_job_runner.py:243} INFO - Task exited with return code 0
[2024-07-31T19:46:41.651+0900] {taskinstance.py:3503} INFO - 0 downstream tasks scheduled from follow-on schedule check
[2024-07-31T19:46:41.651+0900] {local_task_job_runner.py:222} INFO - ::endgroup::
