[2024-07-31T19:54:28.132+0900] {local_task_job_runner.py:120} INFO - ::group::Pre task execution logs
[2024-07-31T19:54:28.143+0900] {taskinstance.py:2076} INFO - Dependencies all met for dep_context=non-requeueable deps ti=<TaskInstance: movie.multi.y scheduled__2024-07-29T02:10:00+00:00 [queued]>
[2024-07-31T19:54:28.147+0900] {taskinstance.py:2076} INFO - Dependencies all met for dep_context=requeueable deps ti=<TaskInstance: movie.multi.y scheduled__2024-07-29T02:10:00+00:00 [queued]>
[2024-07-31T19:54:28.147+0900] {taskinstance.py:2306} INFO - Starting attempt 2 of 3
[2024-07-31T19:54:28.153+0900] {taskinstance.py:2330} INFO - Executing <Task(PythonVirtualenvOperator): multi.y> on 2024-07-29 02:10:00+00:00
[2024-07-31T19:54:28.156+0900] {standard_task_runner.py:64} INFO - Started process 33497 to run task
[2024-07-31T19:54:28.159+0900] {standard_task_runner.py:90} INFO - Running: ['airflow', 'tasks', 'run', 'movie', 'multi.y', 'scheduled__2024-07-29T02:10:00+00:00', '--job-id', '988', '--raw', '--subdir', 'DAGS_FOLDER/movie.py', '--cfg-path', '/var/folders/qv/0knwm5h50ml0skpppwpbks_r0000gp/T/tmp7wfkdn1d']
[2024-07-31T19:54:28.160+0900] {standard_task_runner.py:91} INFO - Job 988: Subtask multi.y
[2024-07-31T19:54:28.174+0900] {task_command.py:426} INFO - Running <TaskInstance: movie.multi.y scheduled__2024-07-29T02:10:00+00:00 [running]> on host jeongui-MacBookPro.local
[2024-07-31T19:54:28.196+0900] {taskinstance.py:2648} INFO - Exporting env vars: AIRFLOW_CTX_DAG_OWNER='airflow' AIRFLOW_CTX_DAG_ID='movie' AIRFLOW_CTX_TASK_ID='multi.y' AIRFLOW_CTX_EXECUTION_DATE='2024-07-29T02:10:00+00:00' AIRFLOW_CTX_TRY_NUMBER='2' AIRFLOW_CTX_DAG_RUN_ID='scheduled__2024-07-29T02:10:00+00:00'
[2024-07-31T19:54:28.196+0900] {taskinstance.py:430} INFO - ::endgroup::
[2024-07-31T19:54:28.203+0900] {baseoperator.py:400} WARNING - PythonVirtualenvOperator.execute cannot be called outside TaskInstance!
[2024-07-31T19:54:28.203+0900] {process_utils.py:183} INFO - Executing cmd: /Users/DE32/.pyenv/versions/3.11.9/envs/note/bin/python -m virtualenv /var/folders/qv/0knwm5h50ml0skpppwpbks_r0000gp/T/venvm_tjhls8 --python=python
[2024-07-31T19:54:28.205+0900] {process_utils.py:187} INFO - Output:
[2024-07-31T19:54:28.443+0900] {process_utils.py:191} INFO - created virtual environment CPython3.11.9.final.0-64 in 170ms
[2024-07-31T19:54:28.444+0900] {process_utils.py:191} INFO -   creator CPython3Posix(dest=/private/var/folders/qv/0knwm5h50ml0skpppwpbks_r0000gp/T/venvm_tjhls8, clear=False, no_vcs_ignore=False, global=False)
[2024-07-31T19:54:28.444+0900] {process_utils.py:191} INFO -   seeder FromAppData(download=False, pip=bundle, setuptools=bundle, wheel=bundle, via=copy, app_data_dir=/Users/DE32/Library/Application Support/virtualenv)
[2024-07-31T19:54:28.444+0900] {process_utils.py:191} INFO -     added seed packages: pip==24.1.2, setuptools==70.2.0, wheel==0.43.0
[2024-07-31T19:54:28.444+0900] {process_utils.py:191} INFO -   activators BashActivator,CShellActivator,FishActivator,NushellActivator,PowerShellActivator,PythonActivator
[2024-07-31T19:54:28.455+0900] {process_utils.py:183} INFO - Executing cmd: /var/folders/qv/0knwm5h50ml0skpppwpbks_r0000gp/T/venvm_tjhls8/bin/pip install -r /var/folders/qv/0knwm5h50ml0skpppwpbks_r0000gp/T/venvm_tjhls8/requirements.txt
[2024-07-31T19:54:28.457+0900] {process_utils.py:187} INFO - Output:
[2024-07-31T19:54:29.189+0900] {process_utils.py:191} INFO - Collecting git+https://github.com/Jeonghoon2/movie.git@0.2/api (from -r /var/folders/qv/0knwm5h50ml0skpppwpbks_r0000gp/T/venvm_tjhls8/requirements.txt (line 1))
[2024-07-31T19:54:29.189+0900] {process_utils.py:191} INFO -   Cloning https://github.com/Jeonghoon2/movie.git (to revision 0.2/api) to /private/var/folders/qv/0knwm5h50ml0skpppwpbks_r0000gp/T/pip-req-build-zj032ge9
[2024-07-31T19:54:29.204+0900] {process_utils.py:191} INFO -   Running command git clone --filter=blob:none --quiet https://github.com/Jeonghoon2/movie.git /private/var/folders/qv/0knwm5h50ml0skpppwpbks_r0000gp/T/pip-req-build-zj032ge9
[2024-07-31T19:54:30.755+0900] {process_utils.py:191} INFO -   Running command git checkout -b 0.2/api --track origin/0.2/api
[2024-07-31T19:54:31.343+0900] {process_utils.py:191} INFO -   Switched to a new branch '0.2/api'
[2024-07-31T19:54:31.343+0900] {process_utils.py:191} INFO -   branch '0.2/api' set up to track 'origin/0.2/api'.
[2024-07-31T19:54:31.344+0900] {process_utils.py:191} INFO -   Resolved https://github.com/Jeonghoon2/movie.git to commit c2fdd392ce95b386519b05b3bab786608cdb1c58
[2024-07-31T19:54:31.366+0900] {process_utils.py:191} INFO -   Installing build dependencies: started
[2024-07-31T19:54:32.261+0900] {process_utils.py:191} INFO -   Installing build dependencies: finished with status 'done'
[2024-07-31T19:54:32.262+0900] {process_utils.py:191} INFO -   Getting requirements to build wheel: started
[2024-07-31T19:54:32.385+0900] {process_utils.py:191} INFO -   Getting requirements to build wheel: finished with status 'done'
[2024-07-31T19:54:32.386+0900] {process_utils.py:191} INFO -   Preparing metadata (pyproject.toml): started
[2024-07-31T19:54:32.511+0900] {process_utils.py:191} INFO -   Preparing metadata (pyproject.toml): finished with status 'done'
[2024-07-31T19:54:32.565+0900] {process_utils.py:191} INFO - Collecting requests>=2.32.3 (from mov==0.1.0->-r /var/folders/qv/0knwm5h50ml0skpppwpbks_r0000gp/T/venvm_tjhls8/requirements.txt (line 1))
[2024-07-31T19:54:32.566+0900] {process_utils.py:191} INFO -   Using cached requests-2.32.3-py3-none-any.whl.metadata (4.6 kB)
[2024-07-31T19:54:32.648+0900] {process_utils.py:191} INFO - Collecting pandas>=2.2.2 (from mov==0.1.0->-r /var/folders/qv/0knwm5h50ml0skpppwpbks_r0000gp/T/venvm_tjhls8/requirements.txt (line 1))
[2024-07-31T19:54:32.650+0900] {process_utils.py:191} INFO -   Using cached pandas-2.2.2-cp311-cp311-macosx_11_0_arm64.whl.metadata (19 kB)
[2024-07-31T19:54:32.749+0900] {process_utils.py:191} INFO - Collecting numpy>=2.0.1 (from mov==0.1.0->-r /var/folders/qv/0knwm5h50ml0skpppwpbks_r0000gp/T/venvm_tjhls8/requirements.txt (line 1))
[2024-07-31T19:54:32.751+0900] {process_utils.py:191} INFO -   Using cached numpy-2.0.1-cp311-cp311-macosx_14_0_arm64.whl.metadata (60 kB)
[2024-07-31T19:54:32.798+0900] {process_utils.py:191} INFO - Collecting pyarrow>=17.0.0 (from mov==0.1.0->-r /var/folders/qv/0knwm5h50ml0skpppwpbks_r0000gp/T/venvm_tjhls8/requirements.txt (line 1))
[2024-07-31T19:54:32.799+0900] {process_utils.py:191} INFO -   Using cached pyarrow-17.0.0-cp311-cp311-macosx_11_0_arm64.whl.metadata (3.3 kB)
[2024-07-31T19:54:32.819+0900] {process_utils.py:191} INFO - Collecting python-dateutil>=2.8.2 (from pandas>=2.2.2->mov==0.1.0->-r /var/folders/qv/0knwm5h50ml0skpppwpbks_r0000gp/T/venvm_tjhls8/requirements.txt (line 1))
[2024-07-31T19:54:32.819+0900] {process_utils.py:191} INFO -   Using cached python_dateutil-2.9.0.post0-py2.py3-none-any.whl.metadata (8.4 kB)
[2024-07-31T19:54:32.848+0900] {process_utils.py:191} INFO - Collecting pytz>=2020.1 (from pandas>=2.2.2->mov==0.1.0->-r /var/folders/qv/0knwm5h50ml0skpppwpbks_r0000gp/T/venvm_tjhls8/requirements.txt (line 1))
[2024-07-31T19:54:32.848+0900] {process_utils.py:191} INFO -   Using cached pytz-2024.1-py2.py3-none-any.whl.metadata (22 kB)
[2024-07-31T19:54:32.862+0900] {process_utils.py:191} INFO - Collecting tzdata>=2022.7 (from pandas>=2.2.2->mov==0.1.0->-r /var/folders/qv/0knwm5h50ml0skpppwpbks_r0000gp/T/venvm_tjhls8/requirements.txt (line 1))
[2024-07-31T19:54:32.862+0900] {process_utils.py:191} INFO -   Using cached tzdata-2024.1-py2.py3-none-any.whl.metadata (1.4 kB)
[2024-07-31T19:54:32.904+0900] {process_utils.py:191} INFO - Collecting charset-normalizer<4,>=2 (from requests>=2.32.3->mov==0.1.0->-r /var/folders/qv/0knwm5h50ml0skpppwpbks_r0000gp/T/venvm_tjhls8/requirements.txt (line 1))
[2024-07-31T19:54:32.905+0900] {process_utils.py:191} INFO -   Using cached charset_normalizer-3.3.2-cp311-cp311-macosx_11_0_arm64.whl.metadata (33 kB)
[2024-07-31T19:54:32.918+0900] {process_utils.py:191} INFO - Collecting idna<4,>=2.5 (from requests>=2.32.3->mov==0.1.0->-r /var/folders/qv/0knwm5h50ml0skpppwpbks_r0000gp/T/venvm_tjhls8/requirements.txt (line 1))
[2024-07-31T19:54:32.919+0900] {process_utils.py:191} INFO -   Using cached idna-3.7-py3-none-any.whl.metadata (9.9 kB)
[2024-07-31T19:54:32.945+0900] {process_utils.py:191} INFO - Collecting urllib3<3,>=1.21.1 (from requests>=2.32.3->mov==0.1.0->-r /var/folders/qv/0knwm5h50ml0skpppwpbks_r0000gp/T/venvm_tjhls8/requirements.txt (line 1))
[2024-07-31T19:54:32.946+0900] {process_utils.py:191} INFO -   Using cached urllib3-2.2.2-py3-none-any.whl.metadata (6.4 kB)
[2024-07-31T19:54:32.977+0900] {process_utils.py:191} INFO - Collecting certifi>=2017.4.17 (from requests>=2.32.3->mov==0.1.0->-r /var/folders/qv/0knwm5h50ml0skpppwpbks_r0000gp/T/venvm_tjhls8/requirements.txt (line 1))
[2024-07-31T19:54:32.978+0900] {process_utils.py:191} INFO -   Using cached certifi-2024.7.4-py3-none-any.whl.metadata (2.2 kB)
[2024-07-31T19:54:32.992+0900] {process_utils.py:191} INFO - Collecting six>=1.5 (from python-dateutil>=2.8.2->pandas>=2.2.2->mov==0.1.0->-r /var/folders/qv/0knwm5h50ml0skpppwpbks_r0000gp/T/venvm_tjhls8/requirements.txt (line 1))
[2024-07-31T19:54:32.992+0900] {process_utils.py:191} INFO -   Using cached six-1.16.0-py2.py3-none-any.whl.metadata (1.8 kB)
[2024-07-31T19:54:32.995+0900] {process_utils.py:191} INFO - Using cached numpy-2.0.1-cp311-cp311-macosx_14_0_arm64.whl (5.3 MB)
[2024-07-31T19:54:33.001+0900] {process_utils.py:191} INFO - Using cached pandas-2.2.2-cp311-cp311-macosx_11_0_arm64.whl (11.3 MB)
[2024-07-31T19:54:33.013+0900] {process_utils.py:191} INFO - Using cached pyarrow-17.0.0-cp311-cp311-macosx_11_0_arm64.whl (27.2 MB)
[2024-07-31T19:54:33.040+0900] {process_utils.py:191} INFO - Using cached requests-2.32.3-py3-none-any.whl (64 kB)
[2024-07-31T19:54:33.041+0900] {process_utils.py:191} INFO - Using cached certifi-2024.7.4-py3-none-any.whl (162 kB)
[2024-07-31T19:54:33.042+0900] {process_utils.py:191} INFO - Using cached charset_normalizer-3.3.2-cp311-cp311-macosx_11_0_arm64.whl (118 kB)
[2024-07-31T19:54:33.043+0900] {process_utils.py:191} INFO - Using cached idna-3.7-py3-none-any.whl (66 kB)
[2024-07-31T19:54:33.043+0900] {process_utils.py:191} INFO - Using cached python_dateutil-2.9.0.post0-py2.py3-none-any.whl (229 kB)
[2024-07-31T19:54:33.044+0900] {process_utils.py:191} INFO - Using cached pytz-2024.1-py2.py3-none-any.whl (505 kB)
[2024-07-31T19:54:33.046+0900] {process_utils.py:191} INFO - Using cached tzdata-2024.1-py2.py3-none-any.whl (345 kB)
[2024-07-31T19:54:33.047+0900] {process_utils.py:191} INFO - Using cached urllib3-2.2.2-py3-none-any.whl (121 kB)
[2024-07-31T19:54:33.048+0900] {process_utils.py:191} INFO - Using cached six-1.16.0-py2.py3-none-any.whl (11 kB)
[2024-07-31T19:54:33.089+0900] {process_utils.py:191} INFO - Building wheels for collected packages: mov
[2024-07-31T19:54:33.102+0900] {process_utils.py:191} INFO -   Building wheel for mov (pyproject.toml): started
[2024-07-31T19:54:33.243+0900] {process_utils.py:191} INFO -   Building wheel for mov (pyproject.toml): finished with status 'done'
[2024-07-31T19:54:33.244+0900] {process_utils.py:191} INFO -   Created wheel for mov: filename=mov-0.1.0-py3-none-any.whl size=3056 sha256=a3ca8e3a74ecef26a3ad551cfee357ae6907125dae506e46c8f7d1ffa257ac6d
[2024-07-31T19:54:33.244+0900] {process_utils.py:191} INFO -   Stored in directory: /private/var/folders/qv/0knwm5h50ml0skpppwpbks_r0000gp/T/pip-ephem-wheel-cache-opfg3wxn/wheels/cf/ab/a7/d0c528d20fa8a5f19e169bdf1d98f2b2cefe79d8527bb89200
[2024-07-31T19:54:33.246+0900] {process_utils.py:191} INFO - Successfully built mov
[2024-07-31T19:54:33.274+0900] {process_utils.py:191} INFO - Installing collected packages: pytz, urllib3, tzdata, six, numpy, idna, charset-normalizer, certifi, requests, python-dateutil, pyarrow, pandas, mov
[2024-07-31T19:54:37.791+0900] {process_utils.py:191} INFO - Successfully installed certifi-2024.7.4 charset-normalizer-3.3.2 idna-3.7 mov-0.1.0 numpy-2.0.1 pandas-2.2.2 pyarrow-17.0.0 python-dateutil-2.9.0.post0 pytz-2024.1 requests-2.32.3 six-1.16.0 tzdata-2024.1 urllib3-2.2.2
[2024-07-31T19:54:37.794+0900] {process_utils.py:191} INFO - 
[2024-07-31T19:54:37.794+0900] {process_utils.py:191} INFO - [notice] A new release of pip is available: 24.1.2 -> 24.2
[2024-07-31T19:54:37.794+0900] {process_utils.py:191} INFO - [notice] To update, run: python -m pip install --upgrade pip
[2024-07-31T19:54:37.924+0900] {logging_mixin.py:188} WARNING - /Users/DE32/.pyenv/versions/3.11.9/envs/note/lib/python3.11/site-packages/airflow/utils/context.py:212 AirflowContextDeprecationWarning: Accessing 'next_ds' from the template is deprecated and will be removed in a future version. Please use '{{ data_interval_end | ds }}' instead.
[2024-07-31T19:54:37.925+0900] {logging_mixin.py:188} WARNING - /Users/DE32/.pyenv/versions/3.11.9/envs/note/lib/python3.11/site-packages/airflow/utils/context.py:212 AirflowContextDeprecationWarning: Accessing 'next_ds_nodash' from the template is deprecated and will be removed in a future version. Please use '{{ data_interval_end | ds_nodash }}' instead.
[2024-07-31T19:54:37.925+0900] {logging_mixin.py:188} WARNING - /Users/DE32/.pyenv/versions/3.11.9/envs/note/lib/python3.11/site-packages/airflow/utils/context.py:212 AirflowContextDeprecationWarning: Accessing 'prev_ds' from the template is deprecated and will be removed in a future version.
[2024-07-31T19:54:37.926+0900] {logging_mixin.py:188} WARNING - /Users/DE32/.pyenv/versions/3.11.9/envs/note/lib/python3.11/site-packages/airflow/utils/context.py:212 AirflowContextDeprecationWarning: Accessing 'prev_ds_nodash' from the template is deprecated and will be removed in a future version.
[2024-07-31T19:54:37.926+0900] {logging_mixin.py:188} WARNING - /Users/DE32/.pyenv/versions/3.11.9/envs/note/lib/python3.11/site-packages/airflow/utils/context.py:212 AirflowContextDeprecationWarning: Accessing 'tomorrow_ds' from the template is deprecated and will be removed in a future version.
[2024-07-31T19:54:37.926+0900] {logging_mixin.py:188} WARNING - /Users/DE32/.pyenv/versions/3.11.9/envs/note/lib/python3.11/site-packages/airflow/utils/context.py:212 AirflowContextDeprecationWarning: Accessing 'tomorrow_ds_nodash' from the template is deprecated and will be removed in a future version.
[2024-07-31T19:54:37.927+0900] {logging_mixin.py:188} WARNING - /Users/DE32/.pyenv/versions/3.11.9/envs/note/lib/python3.11/site-packages/airflow/utils/context.py:212 AirflowContextDeprecationWarning: Accessing 'yesterday_ds' from the template is deprecated and will be removed in a future version.
[2024-07-31T19:54:37.927+0900] {logging_mixin.py:188} WARNING - /Users/DE32/.pyenv/versions/3.11.9/envs/note/lib/python3.11/site-packages/airflow/utils/context.py:212 AirflowContextDeprecationWarning: Accessing 'yesterday_ds_nodash' from the template is deprecated and will be removed in a future version.
[2024-07-31T19:54:37.930+0900] {process_utils.py:183} INFO - Executing cmd: /var/folders/qv/0knwm5h50ml0skpppwpbks_r0000gp/T/venvm_tjhls8/bin/python /var/folders/qv/0knwm5h50ml0skpppwpbks_r0000gp/T/venv-call5q68ugjn/script.py /var/folders/qv/0knwm5h50ml0skpppwpbks_r0000gp/T/venv-call5q68ugjn/script.in /var/folders/qv/0knwm5h50ml0skpppwpbks_r0000gp/T/venv-call5q68ugjn/script.out /var/folders/qv/0knwm5h50ml0skpppwpbks_r0000gp/T/venv-call5q68ugjn/string_args.txt /var/folders/qv/0knwm5h50ml0skpppwpbks_r0000gp/T/venv-call5q68ugjn/termination.log
[2024-07-31T19:54:37.932+0900] {process_utils.py:187} INFO - Output:
[2024-07-31T19:54:52.071+0900] {process_utils.py:191} INFO - {'boxOfficeResult': {'boxofficeType': '일별 박스오피스', 'showRange': '20240729~20240729', 'dailyBoxOfficeList': [{'rnum': '1', 'rank': '1', 'rankInten': '0', 'rankOldAndNew': 'OLD', 'movieCd': '20235926', 'movieNm': '퍼펙트 데이즈', 'openDt': '2024-07-03', 'salesAmt': '16613855', 'salesShare': '29.8', 'salesInten': '-14658340', 'salesChange': '-46.9', 'salesAcc': '638332942', 'audiCnt': '1868', 'audiInten': '-1378', 'audiChange': '-42.5', 'audiAcc': '67511', 'scrnCnt': '49', 'showCnt': '64'}, {'rnum': '2', 'rank': '2', 'rankInten': '0', 'rankOldAndNew': 'OLD', 'movieCd': '19960126', 'movieNm': '비포 선라이즈', 'openDt': '1996-03-30', 'salesAmt': '6315217', 'salesShare': '11.3', 'salesInten': '-7410861', 'salesChange': '-54', 'salesAcc': '676044852', 'audiCnt': '678', 'audiInten': '-675', 'audiChange': '-49.9', 'audiAcc': '78850', 'scrnCnt': '35', 'showCnt': '43'}, {'rnum': '3', 'rank': '3', 'rankInten': '0', 'rankOldAndNew': 'NEW', 'movieCd': '20212336', 'movieNm': '수카바티: 극락축구단', 'openDt': '2024-07-31', 'salesAmt': '5105000', 'salesShare': '9.2', 'salesInten': '5105000', 'salesChange': '100', 'salesAcc': '18792000', 'audiCnt': '536', 'audiInten': '536', 'audiChange': '100', 'audiAcc': '2048', 'scrnCnt': '2', 'showCnt': '2'}, {'rnum': '4', 'rank': '4', 'rankInten': '-1', 'rankOldAndNew': 'OLD', 'movieCd': '20148830', 'movieNm': '마담 프루스트의 비밀정원', 'openDt': '2014-07-24', 'salesAmt': '4647700', 'salesShare': '8.3', 'salesInten': '-2921039', 'salesChange': '-38.6', 'salesAcc': '1317322118', 'audiCnt': '501', 'audiInten': '-215', 'audiChange': '-30', 'audiAcc': '166910', 'scrnCnt': '39', 'showCnt': '42'}, {'rnum': '5', 'rank': '5', 'rankInten': '-1', 'rankOldAndNew': 'OLD', 'movieCd': '20247397', 'movieNm': '존 오브 인터레스트', 'openDt': '2024-06-05', 'salesAmt': '3180978', 'salesShare': '5.7', 'salesInten': '-2554361', 'salesChange': '-44.5', 'salesAcc': '1926188992', 'audiCnt': '355', 'audiInten': '-229', 'audiChange': '-39.2', 'audiAcc': '193847', 'scrnCnt': '22', 'showCnt': '26'}, {'rnum': '6', 'rank': '6', 'rankInten': '-1', 'rankOldAndNew': 'OLD', 'movieCd': '20234413', 'movieNm': '프렌치 수프', 'openDt': '2024-06-19', 'salesAmt': '2081000', 'salesShare': '3.7', 'salesInten': '-1811000', 'salesChange': '-46.5', 'salesAcc': '410302056', 'audiCnt': '243', 'audiInten': '-198', 'audiChange': '-44.9', 'audiAcc': '43624', 'scrnCnt': '9', 'showCnt': '10'}, {'rnum': '7', 'rank': '7', 'rankInten': '-1', 'rankOldAndNew': 'OLD', 'movieCd': '20240735', 'movieNm': '러브 라이즈 블리딩', 'openDt': '2024-07-10', 'salesAmt': '1538500', 'salesShare': '2.8', 'salesInten': '-2188500', 'salesChange': '-58.7', 'salesAcc': '214987650', 'audiCnt': '168', 'audiInten': '-196', 'audiChange': '-53.8', 'audiAcc': '27687', 'scrnCnt': '16', 'showCnt': '16'}, {'rnum': '8', 'rank': '8', 'rankInten': '-1', 'rankOldAndNew': 'OLD', 'movieCd': '20191801', 'movieNm': '행복한 라짜로', 'openDt': '2019-06-20', 'salesAmt': '1590000', 'salesShare': '2.9', 'salesInten': '-853100', 'salesChange': '-34.9', 'salesAcc': '140503240', 'audiCnt': '165', 'audiInten': '-64', 'audiChange': '-27.9', 'audiAcc': '17467', 'scrnCnt': '8', 'showCnt': '8'}, {'rnum': '9', 'rank': '9', 'rankInten': '-1', 'rankOldAndNew': 'OLD', 'movieCd': '19978805', 'movieNm': '큐어', 'openDt': '2022-07-06', 'salesAmt': '1283000', 'salesShare': '2.3', 'salesInten': '-453900', 'salesChange': '-26.1', 'salesAcc': '301131625', 'audiCnt': '141', 'audiInten': '-34', 'audiChange': '-19.4', 'audiAcc': '28812', 'scrnCnt': '14', 'showCnt': '18'}, {'rnum': '10', 'rank': '10', 'rankInten': '2', 'rankOldAndNew': 'OLD', 'movieCd': '20248880', 'movieNm': '그리고 바통은 넘겨졌다', 'openDt': '2024-07-17', 'salesAmt': '1022500', 'salesShare': '1.8', 'salesInten': '-136800', 'salesChange': '-11.8', 'salesAcc': '68809600', 'audiCnt': '118', 'audiInten': '-13', 'audiChange': '-9.9', 'audiAcc': '9431', 'scrnCnt': '18', 'showCnt': '19'}]}}
[2024-07-31T19:54:52.072+0900] {process_utils.py:191} INFO - partitioning List : ['load_dt', 'multiMovieYn']
[2024-07-31T19:54:52.072+0900] {process_utils.py:191} INFO -   rnum rank rankInten rankOldAndNew  ... scrnCnt showCnt   load_dt multiMovieYn
[2024-07-31T19:54:52.072+0900] {process_utils.py:191} INFO - 0    1    1         0           OLD  ...      49      64  20240729            Y
[2024-07-31T19:54:52.073+0900] {process_utils.py:191} INFO - 1    2    2         0           OLD  ...      35      43  20240729            Y
[2024-07-31T19:54:52.073+0900] {process_utils.py:191} INFO - 2    3    3         0           NEW  ...       2       2  20240729            Y
[2024-07-31T19:54:52.073+0900] {process_utils.py:191} INFO - 3    4    4        -1           OLD  ...      39      42  20240729            Y
[2024-07-31T19:54:52.073+0900] {process_utils.py:191} INFO - 4    5    5        -1           OLD  ...      22      26  20240729            Y
[2024-07-31T19:54:52.074+0900] {process_utils.py:191} INFO - 5    6    6        -1           OLD  ...       9      10  20240729            Y
[2024-07-31T19:54:52.074+0900] {process_utils.py:191} INFO - 6    7    7        -1           OLD  ...      16      16  20240729            Y
[2024-07-31T19:54:52.074+0900] {process_utils.py:191} INFO - 7    8    8        -1           OLD  ...       8       8  20240729            Y
[2024-07-31T19:54:52.074+0900] {process_utils.py:191} INFO - 8    9    9        -1           OLD  ...      14      18  20240729            Y
[2024-07-31T19:54:52.074+0900] {process_utils.py:191} INFO - 9   10   10         2           OLD  ...      18      19  20240729            Y
[2024-07-31T19:54:52.074+0900] {process_utils.py:191} INFO - 
[2024-07-31T19:54:52.075+0900] {process_utils.py:191} INFO - [10 rows x 20 columns]
[2024-07-31T19:54:52.559+0900] {python.py:237} INFO - Done. Returned value was: None
[2024-07-31T19:54:52.559+0900] {taskinstance.py:441} INFO - ::group::Post task execution logs
[2024-07-31T19:54:52.563+0900] {taskinstance.py:1206} INFO - Marking task as SUCCESS. dag_id=movie, task_id=multi.y, run_id=scheduled__2024-07-29T02:10:00+00:00, execution_date=20240729T021000, start_date=20240731T105428, end_date=20240731T105452
[2024-07-31T19:54:52.583+0900] {local_task_job_runner.py:243} INFO - Task exited with return code 0
[2024-07-31T19:54:52.592+0900] {taskinstance.py:3503} INFO - 0 downstream tasks scheduled from follow-on schedule check
[2024-07-31T19:54:52.592+0900] {local_task_job_runner.py:222} INFO - ::endgroup::
