[2024-07-24T16:24:53.909+0900] {local_task_job_runner.py:120} INFO - ::group::Pre task execution logs
[2024-07-24T16:24:53.917+0900] {taskinstance.py:2076} INFO - Dependencies all met for dep_context=non-requeueable deps ti=<TaskInstance: make_parquet.err.report scheduled__2024-07-22T00:00:00+00:00 [queued]>
[2024-07-24T16:24:53.919+0900] {taskinstance.py:2076} INFO - Dependencies all met for dep_context=requeueable deps ti=<TaskInstance: make_parquet.err.report scheduled__2024-07-22T00:00:00+00:00 [queued]>
[2024-07-24T16:24:53.919+0900] {taskinstance.py:2306} INFO - Starting attempt 1 of 2
[2024-07-24T16:24:53.923+0900] {taskinstance.py:2330} INFO - Executing <Task(BashOperator): err.report> on 2024-07-22 00:00:00+00:00
[2024-07-24T16:24:53.925+0900] {standard_task_runner.py:64} INFO - Started process 99108 to run task
[2024-07-24T16:24:53.928+0900] {standard_task_runner.py:90} INFO - Running: ['airflow', 'tasks', 'run', 'make_parquet', 'err.report', 'scheduled__2024-07-22T00:00:00+00:00', '--job-id', '436', '--raw', '--subdir', 'DAGS_FOLDER/make_parquet.py', '--cfg-path', '/var/folders/qv/0knwm5h50ml0skpppwpbks_r0000gp/T/tmpt4czre5_']
[2024-07-24T16:24:53.929+0900] {standard_task_runner.py:91} INFO - Job 436: Subtask err.report
[2024-07-24T16:24:53.943+0900] {task_command.py:426} INFO - Running <TaskInstance: make_parquet.err.report scheduled__2024-07-22T00:00:00+00:00 [running]> on host jeongui-MacBookPro.local
[2024-07-24T16:24:53.966+0900] {taskinstance.py:2648} INFO - Exporting env vars: AIRFLOW_CTX_DAG_OWNER='airflow' AIRFLOW_CTX_DAG_ID='make_parquet' AIRFLOW_CTX_TASK_ID='err.report' AIRFLOW_CTX_EXECUTION_DATE='2024-07-22T00:00:00+00:00' AIRFLOW_CTX_TRY_NUMBER='1' AIRFLOW_CTX_DAG_RUN_ID='scheduled__2024-07-22T00:00:00+00:00'
[2024-07-24T16:24:53.966+0900] {taskinstance.py:430} INFO - ::endgroup::
[2024-07-24T16:24:53.972+0900] {subprocess.py:63} INFO - Tmp dir root location: /var/folders/qv/0knwm5h50ml0skpppwpbks_r0000gp/T
[2024-07-24T16:24:53.972+0900] {subprocess.py:75} INFO - Running command: ['/bin/bash', '-c', '\n        ']
[2024-07-24T16:24:53.976+0900] {subprocess.py:86} INFO - Output:
[2024-07-24T16:24:53.979+0900] {subprocess.py:97} INFO - Command exited with return code 0
[2024-07-24T16:24:53.979+0900] {taskinstance.py:441} INFO - ::group::Post task execution logs
[2024-07-24T16:24:53.985+0900] {taskinstance.py:1206} INFO - Marking task as SUCCESS. dag_id=make_parquet, task_id=err.report, run_id=scheduled__2024-07-22T00:00:00+00:00, execution_date=20240722T000000, start_date=20240724T072453, end_date=20240724T072453
[2024-07-24T16:24:54.029+0900] {local_task_job_runner.py:243} INFO - Task exited with return code 0
[2024-07-24T16:24:54.035+0900] {taskinstance.py:3503} INFO - 0 downstream tasks scheduled from follow-on schedule check
[2024-07-24T16:24:54.036+0900] {local_task_job_runner.py:222} INFO - ::endgroup::
[2024-07-24T16:38:22.360+0900] {local_task_job_runner.py:120} INFO - ::group::Pre task execution logs
[2024-07-24T16:38:22.367+0900] {taskinstance.py:2076} INFO - Dependencies all met for dep_context=non-requeueable deps ti=<TaskInstance: make_parquet.err.report scheduled__2024-07-22T00:00:00+00:00 [queued]>
[2024-07-24T16:38:22.369+0900] {taskinstance.py:2076} INFO - Dependencies all met for dep_context=requeueable deps ti=<TaskInstance: make_parquet.err.report scheduled__2024-07-22T00:00:00+00:00 [queued]>
[2024-07-24T16:38:22.369+0900] {taskinstance.py:2306} INFO - Starting attempt 1 of 2
[2024-07-24T16:38:22.373+0900] {taskinstance.py:2330} INFO - Executing <Task(BashOperator): err.report> on 2024-07-22 00:00:00+00:00
[2024-07-24T16:38:22.376+0900] {standard_task_runner.py:64} INFO - Started process 1802 to run task
[2024-07-24T16:38:22.378+0900] {standard_task_runner.py:90} INFO - Running: ['airflow', 'tasks', 'run', 'make_parquet', 'err.report', 'scheduled__2024-07-22T00:00:00+00:00', '--job-id', '409', '--raw', '--subdir', 'DAGS_FOLDER/make_parquet.py', '--cfg-path', '/var/folders/qv/0knwm5h50ml0skpppwpbks_r0000gp/T/tmpo6gxjnqv']
[2024-07-24T16:38:22.380+0900] {standard_task_runner.py:91} INFO - Job 409: Subtask err.report
[2024-07-24T16:38:22.393+0900] {task_command.py:426} INFO - Running <TaskInstance: make_parquet.err.report scheduled__2024-07-22T00:00:00+00:00 [running]> on host jeongui-MacBookPro.local
[2024-07-24T16:38:22.415+0900] {taskinstance.py:2648} INFO - Exporting env vars: AIRFLOW_CTX_DAG_OWNER='airflow' AIRFLOW_CTX_DAG_ID='make_parquet' AIRFLOW_CTX_TASK_ID='err.report' AIRFLOW_CTX_EXECUTION_DATE='2024-07-22T00:00:00+00:00' AIRFLOW_CTX_TRY_NUMBER='1' AIRFLOW_CTX_DAG_RUN_ID='scheduled__2024-07-22T00:00:00+00:00'
[2024-07-24T16:38:22.415+0900] {taskinstance.py:430} INFO - ::endgroup::
[2024-07-24T16:38:22.421+0900] {subprocess.py:63} INFO - Tmp dir root location: /var/folders/qv/0knwm5h50ml0skpppwpbks_r0000gp/T
[2024-07-24T16:38:22.421+0900] {subprocess.py:75} INFO - Running command: ['/bin/bash', '-c', '\n        ']
[2024-07-24T16:38:22.424+0900] {subprocess.py:86} INFO - Output:
[2024-07-24T16:38:22.426+0900] {subprocess.py:97} INFO - Command exited with return code 0
[2024-07-24T16:38:22.426+0900] {taskinstance.py:441} INFO - ::group::Post task execution logs
[2024-07-24T16:38:22.432+0900] {taskinstance.py:1206} INFO - Marking task as SUCCESS. dag_id=make_parquet, task_id=err.report, run_id=scheduled__2024-07-22T00:00:00+00:00, execution_date=20240722T000000, start_date=20240724T073822, end_date=20240724T073822
[2024-07-24T16:38:22.440+0900] {local_task_job_runner.py:243} INFO - Task exited with return code 0
[2024-07-24T16:38:22.446+0900] {taskinstance.py:3503} INFO - 0 downstream tasks scheduled from follow-on schedule check
[2024-07-24T16:38:22.446+0900] {local_task_job_runner.py:222} INFO - ::endgroup::
