[2024-07-24T12:43:30.118+0900] {local_task_job_runner.py:120} INFO - ::group::Pre task execution logs
[2024-07-24T12:43:30.126+0900] {taskinstance.py:2076} INFO - Dependencies all met for dep_context=non-requeueable deps ti=<TaskInstance: simple_bash.copy.log scheduled__2024-07-12T00:00:00+00:00 [queued]>
[2024-07-24T12:43:30.128+0900] {taskinstance.py:2076} INFO - Dependencies all met for dep_context=requeueable deps ti=<TaskInstance: simple_bash.copy.log scheduled__2024-07-12T00:00:00+00:00 [queued]>
[2024-07-24T12:43:30.128+0900] {taskinstance.py:2306} INFO - Starting attempt 1 of 6
[2024-07-24T12:43:30.133+0900] {taskinstance.py:2330} INFO - Executing <Task(BashOperator): copy.log> on 2024-07-12 00:00:00+00:00
[2024-07-24T12:43:30.135+0900] {standard_task_runner.py:64} INFO - Started process 88657 to run task
[2024-07-24T12:43:30.138+0900] {standard_task_runner.py:90} INFO - Running: ['airflow', 'tasks', 'run', 'simple_bash', 'copy.log', 'scheduled__2024-07-12T00:00:00+00:00', '--job-id', '11', '--raw', '--subdir', 'DAGS_FOLDER/simple_bash.py', '--cfg-path', '/var/folders/qv/0knwm5h50ml0skpppwpbks_r0000gp/T/tmp8f6giiih']
[2024-07-24T12:43:30.139+0900] {standard_task_runner.py:91} INFO - Job 11: Subtask copy.log
[2024-07-24T12:43:30.153+0900] {task_command.py:426} INFO - Running <TaskInstance: simple_bash.copy.log scheduled__2024-07-12T00:00:00+00:00 [running]> on host jeongui-MacBookPro.local
[2024-07-24T12:43:30.175+0900] {taskinstance.py:2648} INFO - Exporting env vars: AIRFLOW_CTX_DAG_OWNER='airflow' AIRFLOW_CTX_DAG_ID='simple_bash' AIRFLOW_CTX_TASK_ID='copy.log' AIRFLOW_CTX_EXECUTION_DATE='2024-07-12T00:00:00+00:00' AIRFLOW_CTX_TRY_NUMBER='1' AIRFLOW_CTX_DAG_RUN_ID='scheduled__2024-07-12T00:00:00+00:00'
[2024-07-24T12:43:30.175+0900] {taskinstance.py:430} INFO - ::endgroup::
[2024-07-24T12:43:30.181+0900] {subprocess.py:63} INFO - Tmp dir root location: /var/folders/qv/0knwm5h50ml0skpppwpbks_r0000gp/T
[2024-07-24T12:43:30.182+0900] {subprocess.py:75} INFO - Running command: ['/bin/bash', '-c', '\n            mkdir -p ~/data/20240712\n            cp ~/logs/history_20240712*.log ~/data/20240712/\n        ']
[2024-07-24T12:43:30.185+0900] {subprocess.py:86} INFO - Output:
[2024-07-24T12:43:30.189+0900] {subprocess.py:93} INFO - cp: /Users/DE32/logs/history_20240712*.log: No such file or directory
[2024-07-24T12:43:30.189+0900] {subprocess.py:97} INFO - Command exited with return code 1
[2024-07-24T12:43:30.189+0900] {taskinstance.py:441} INFO - ::group::Post task execution logs
[2024-07-24T12:43:30.192+0900] {taskinstance.py:2905} ERROR - Task failed with exception
Traceback (most recent call last):
  File "/Users/DE32/.pyenv/versions/3.11.9/envs/note/lib/python3.11/site-packages/airflow/models/taskinstance.py", line 465, in _execute_task
    result = _execute_callable(context=context, **execute_callable_kwargs)
             ^^^^^^^^^^^^^^^^^^^^^^^^^^^^^^^^^^^^^^^^^^^^^^^^^^^^^^^^^^^^^
  File "/Users/DE32/.pyenv/versions/3.11.9/envs/note/lib/python3.11/site-packages/airflow/models/taskinstance.py", line 432, in _execute_callable
    return execute_callable(context=context, **execute_callable_kwargs)
           ^^^^^^^^^^^^^^^^^^^^^^^^^^^^^^^^^^^^^^^^^^^^^^^^^^^^^^^^^^^^
  File "/Users/DE32/.pyenv/versions/3.11.9/envs/note/lib/python3.11/site-packages/airflow/models/baseoperator.py", line 401, in wrapper
    return func(self, *args, **kwargs)
           ^^^^^^^^^^^^^^^^^^^^^^^^^^^
  File "/Users/DE32/.pyenv/versions/3.11.9/envs/note/lib/python3.11/site-packages/airflow/operators/bash.py", line 243, in execute
    raise AirflowException(
airflow.exceptions.AirflowException: Bash command failed. The command returned a non-zero exit code 1.
[2024-07-24T12:43:30.194+0900] {taskinstance.py:1206} INFO - Marking task as UP_FOR_RETRY. dag_id=simple_bash, task_id=copy.log, run_id=scheduled__2024-07-12T00:00:00+00:00, execution_date=20240712T000000, start_date=20240724T034330, end_date=20240724T034330
[2024-07-24T12:43:30.197+0900] {standard_task_runner.py:110} ERROR - Failed to execute job 11 for task copy.log (Bash command failed. The command returned a non-zero exit code 1.; 88657)
[2024-07-24T12:43:30.243+0900] {local_task_job_runner.py:243} INFO - Task exited with return code 1
[2024-07-24T12:43:30.251+0900] {taskinstance.py:3503} INFO - 0 downstream tasks scheduled from follow-on schedule check
[2024-07-24T12:43:30.252+0900] {local_task_job_runner.py:222} INFO - ::endgroup::
[2024-07-24T14:06:44.368+0900] {local_task_job_runner.py:120} INFO - ::group::Pre task execution logs
[2024-07-24T14:06:44.375+0900] {taskinstance.py:2076} INFO - Dependencies all met for dep_context=non-requeueable deps ti=<TaskInstance: simple_bash.copy.log scheduled__2024-07-12T00:00:00+00:00 [queued]>
[2024-07-24T14:06:44.377+0900] {taskinstance.py:2076} INFO - Dependencies all met for dep_context=requeueable deps ti=<TaskInstance: simple_bash.copy.log scheduled__2024-07-12T00:00:00+00:00 [queued]>
[2024-07-24T14:06:44.377+0900] {taskinstance.py:2306} INFO - Starting attempt 1 of 2
[2024-07-24T14:06:44.381+0900] {taskinstance.py:2330} INFO - Executing <Task(BashOperator): copy.log> on 2024-07-12 00:00:00+00:00
[2024-07-24T14:06:44.383+0900] {standard_task_runner.py:64} INFO - Started process 89327 to run task
[2024-07-24T14:06:44.386+0900] {standard_task_runner.py:90} INFO - Running: ['airflow', 'tasks', 'run', 'simple_bash', 'copy.log', 'scheduled__2024-07-12T00:00:00+00:00', '--job-id', '7', '--raw', '--subdir', 'DAGS_FOLDER/simple_bash.py', '--cfg-path', '/var/folders/qv/0knwm5h50ml0skpppwpbks_r0000gp/T/tmpv91o3wdi']
[2024-07-24T14:06:44.387+0900] {standard_task_runner.py:91} INFO - Job 7: Subtask copy.log
[2024-07-24T14:06:44.401+0900] {task_command.py:426} INFO - Running <TaskInstance: simple_bash.copy.log scheduled__2024-07-12T00:00:00+00:00 [running]> on host jeongui-MacBookPro.local
[2024-07-24T14:06:44.421+0900] {taskinstance.py:2648} INFO - Exporting env vars: AIRFLOW_CTX_DAG_OWNER='airflow' AIRFLOW_CTX_DAG_ID='simple_bash' AIRFLOW_CTX_TASK_ID='copy.log' AIRFLOW_CTX_EXECUTION_DATE='2024-07-12T00:00:00+00:00' AIRFLOW_CTX_TRY_NUMBER='1' AIRFLOW_CTX_DAG_RUN_ID='scheduled__2024-07-12T00:00:00+00:00'
[2024-07-24T14:06:44.421+0900] {taskinstance.py:430} INFO - ::endgroup::
[2024-07-24T14:06:44.427+0900] {subprocess.py:63} INFO - Tmp dir root location: /var/folders/qv/0knwm5h50ml0skpppwpbks_r0000gp/T
[2024-07-24T14:06:44.428+0900] {subprocess.py:75} INFO - Running command: ['/bin/bash', '-c', '\n            mkdir -p ~/data/20240712\n            cp ~/logs/history_20240712*.log ~/data/20240712/\n        ']
[2024-07-24T14:06:44.430+0900] {subprocess.py:86} INFO - Output:
[2024-07-24T14:06:44.438+0900] {subprocess.py:97} INFO - Command exited with return code 0
[2024-07-24T14:06:44.438+0900] {taskinstance.py:441} INFO - ::group::Post task execution logs
[2024-07-24T14:06:44.444+0900] {taskinstance.py:1206} INFO - Marking task as SUCCESS. dag_id=simple_bash, task_id=copy.log, run_id=scheduled__2024-07-12T00:00:00+00:00, execution_date=20240712T000000, start_date=20240724T050644, end_date=20240724T050644
[2024-07-24T14:06:44.491+0900] {local_task_job_runner.py:243} INFO - Task exited with return code 0
[2024-07-24T14:06:44.500+0900] {taskinstance.py:3503} INFO - 1 downstream tasks scheduled from follow-on schedule check
[2024-07-24T14:06:44.502+0900] {local_task_job_runner.py:222} INFO - ::endgroup::
[2024-07-24T14:18:56.427+0900] {local_task_job_runner.py:120} INFO - ::group::Pre task execution logs
[2024-07-24T14:18:56.435+0900] {taskinstance.py:2076} INFO - Dependencies all met for dep_context=non-requeueable deps ti=<TaskInstance: simple_bash.copy.log scheduled__2024-07-12T00:00:00+00:00 [queued]>
[2024-07-24T14:18:56.437+0900] {taskinstance.py:2076} INFO - Dependencies all met for dep_context=requeueable deps ti=<TaskInstance: simple_bash.copy.log scheduled__2024-07-12T00:00:00+00:00 [queued]>
[2024-07-24T14:18:56.437+0900] {taskinstance.py:2306} INFO - Starting attempt 1 of 1
[2024-07-24T14:18:56.442+0900] {taskinstance.py:2330} INFO - Executing <Task(BashOperator): copy.log> on 2024-07-12 00:00:00+00:00
[2024-07-24T14:18:56.445+0900] {standard_task_runner.py:64} INFO - Started process 90576 to run task
[2024-07-24T14:18:56.447+0900] {standard_task_runner.py:90} INFO - Running: ['airflow', 'tasks', 'run', 'simple_bash', 'copy.log', 'scheduled__2024-07-12T00:00:00+00:00', '--job-id', '103', '--raw', '--subdir', 'DAGS_FOLDER/simple_bash.py', '--cfg-path', '/var/folders/qv/0knwm5h50ml0skpppwpbks_r0000gp/T/tmp832r_ri6']
[2024-07-24T14:18:56.448+0900] {standard_task_runner.py:91} INFO - Job 103: Subtask copy.log
[2024-07-24T14:18:56.462+0900] {task_command.py:426} INFO - Running <TaskInstance: simple_bash.copy.log scheduled__2024-07-12T00:00:00+00:00 [running]> on host jeongui-MacBookPro.local
[2024-07-24T14:18:56.483+0900] {taskinstance.py:2648} INFO - Exporting env vars: AIRFLOW_CTX_DAG_OWNER='airflow' AIRFLOW_CTX_DAG_ID='simple_bash' AIRFLOW_CTX_TASK_ID='copy.log' AIRFLOW_CTX_EXECUTION_DATE='2024-07-12T00:00:00+00:00' AIRFLOW_CTX_TRY_NUMBER='1' AIRFLOW_CTX_DAG_RUN_ID='scheduled__2024-07-12T00:00:00+00:00'
[2024-07-24T14:18:56.483+0900] {taskinstance.py:430} INFO - ::endgroup::
[2024-07-24T14:18:56.489+0900] {subprocess.py:63} INFO - Tmp dir root location: /var/folders/qv/0knwm5h50ml0skpppwpbks_r0000gp/T
[2024-07-24T14:18:56.489+0900] {subprocess.py:75} INFO - Running command: ['/bin/bash', '-c', '\n            mkdir -p ~/data/20240712\n            cp ~/logs/history_20240712*.log ~/data/20240712/\n        ']
[2024-07-24T14:18:56.492+0900] {subprocess.py:86} INFO - Output:
[2024-07-24T14:18:56.499+0900] {subprocess.py:97} INFO - Command exited with return code 0
[2024-07-24T14:18:56.499+0900] {taskinstance.py:441} INFO - ::group::Post task execution logs
[2024-07-24T14:18:56.505+0900] {taskinstance.py:1206} INFO - Marking task as SUCCESS. dag_id=simple_bash, task_id=copy.log, run_id=scheduled__2024-07-12T00:00:00+00:00, execution_date=20240712T000000, start_date=20240724T051856, end_date=20240724T051856
[2024-07-24T14:18:56.554+0900] {local_task_job_runner.py:243} INFO - Task exited with return code 0
[2024-07-24T14:18:56.564+0900] {taskinstance.py:3503} INFO - 1 downstream tasks scheduled from follow-on schedule check
[2024-07-24T14:18:56.565+0900] {local_task_job_runner.py:222} INFO - ::endgroup::
