[2024-07-24T14:13:33.237+0900] {local_task_job_runner.py:120} INFO - ::group::Pre task execution logs
[2024-07-24T14:13:33.244+0900] {taskinstance.py:2076} INFO - Dependencies all met for dep_context=non-requeueable deps ti=<TaskInstance: simple_bash.copy.log scheduled__2024-07-12T00:00:00+00:00 [queued]>
[2024-07-24T14:13:33.247+0900] {taskinstance.py:2076} INFO - Dependencies all met for dep_context=requeueable deps ti=<TaskInstance: simple_bash.copy.log scheduled__2024-07-12T00:00:00+00:00 [queued]>
[2024-07-24T14:13:33.247+0900] {taskinstance.py:2306} INFO - Starting attempt 2 of 3
[2024-07-24T14:13:33.251+0900] {taskinstance.py:2330} INFO - Executing <Task(BashOperator): copy.log> on 2024-07-12 00:00:00+00:00
[2024-07-24T14:13:33.253+0900] {standard_task_runner.py:64} INFO - Started process 89891 to run task
[2024-07-24T14:13:33.256+0900] {standard_task_runner.py:90} INFO - Running: ['airflow', 'tasks', 'run', 'simple_bash', 'copy.log', 'scheduled__2024-07-12T00:00:00+00:00', '--job-id', '72', '--raw', '--subdir', 'DAGS_FOLDER/simple_bash.py', '--cfg-path', '/var/folders/qv/0knwm5h50ml0skpppwpbks_r0000gp/T/tmp0_kwuy68']
[2024-07-24T14:13:33.257+0900] {standard_task_runner.py:91} INFO - Job 72: Subtask copy.log
[2024-07-24T14:13:33.271+0900] {task_command.py:426} INFO - Running <TaskInstance: simple_bash.copy.log scheduled__2024-07-12T00:00:00+00:00 [running]> on host jeongui-MacBookPro.local
[2024-07-24T14:13:33.292+0900] {taskinstance.py:2648} INFO - Exporting env vars: AIRFLOW_CTX_DAG_OWNER='airflow' AIRFLOW_CTX_DAG_ID='simple_bash' AIRFLOW_CTX_TASK_ID='copy.log' AIRFLOW_CTX_EXECUTION_DATE='2024-07-12T00:00:00+00:00' AIRFLOW_CTX_TRY_NUMBER='2' AIRFLOW_CTX_DAG_RUN_ID='scheduled__2024-07-12T00:00:00+00:00'
[2024-07-24T14:13:33.293+0900] {taskinstance.py:430} INFO - ::endgroup::
[2024-07-24T14:13:33.298+0900] {subprocess.py:63} INFO - Tmp dir root location: /var/folders/qv/0knwm5h50ml0skpppwpbks_r0000gp/T
[2024-07-24T14:13:33.299+0900] {subprocess.py:75} INFO - Running command: ['/bin/bash', '-c', '\n            mkdir -p ~/data/20240712\n            cp ~/logs/history_20240712*.log ~/data/20240712/\n        ']
[2024-07-24T14:13:33.302+0900] {subprocess.py:86} INFO - Output:
[2024-07-24T14:13:33.308+0900] {subprocess.py:97} INFO - Command exited with return code 0
[2024-07-24T14:13:33.309+0900] {taskinstance.py:441} INFO - ::group::Post task execution logs
[2024-07-24T14:13:33.315+0900] {taskinstance.py:1206} INFO - Marking task as SUCCESS. dag_id=simple_bash, task_id=copy.log, run_id=scheduled__2024-07-12T00:00:00+00:00, execution_date=20240712T000000, start_date=20240724T051333, end_date=20240724T051333
[2024-07-24T14:13:33.359+0900] {local_task_job_runner.py:243} INFO - Task exited with return code 0
[2024-07-24T14:13:33.368+0900] {taskinstance.py:3503} INFO - 1 downstream tasks scheduled from follow-on schedule check
[2024-07-24T14:13:33.370+0900] {local_task_job_runner.py:222} INFO - ::endgroup::
[2024-07-24T14:33:39.381+0900] {local_task_job_runner.py:120} INFO - ::group::Pre task execution logs
[2024-07-24T14:33:39.389+0900] {taskinstance.py:2076} INFO - Dependencies all met for dep_context=non-requeueable deps ti=<TaskInstance: simple_bash.copy.log scheduled__2024-07-12T00:00:00+00:00 [queued]>
[2024-07-24T14:33:39.392+0900] {taskinstance.py:2076} INFO - Dependencies all met for dep_context=requeueable deps ti=<TaskInstance: simple_bash.copy.log scheduled__2024-07-12T00:00:00+00:00 [queued]>
[2024-07-24T14:33:39.392+0900] {taskinstance.py:2306} INFO - Starting attempt 2 of 2
[2024-07-24T14:33:39.396+0900] {taskinstance.py:2330} INFO - Executing <Task(BashOperator): copy.log> on 2024-07-12 00:00:00+00:00
[2024-07-24T14:33:39.398+0900] {standard_task_runner.py:64} INFO - Started process 92282 to run task
[2024-07-24T14:33:39.401+0900] {standard_task_runner.py:90} INFO - Running: ['airflow', 'tasks', 'run', 'simple_bash', 'copy.log', 'scheduled__2024-07-12T00:00:00+00:00', '--job-id', '164', '--raw', '--subdir', 'DAGS_FOLDER/simple_bash.py', '--cfg-path', '/var/folders/qv/0knwm5h50ml0skpppwpbks_r0000gp/T/tmp8lsnip9h']
[2024-07-24T14:33:39.402+0900] {standard_task_runner.py:91} INFO - Job 164: Subtask copy.log
[2024-07-24T14:33:39.415+0900] {task_command.py:426} INFO - Running <TaskInstance: simple_bash.copy.log scheduled__2024-07-12T00:00:00+00:00 [running]> on host jeongui-MacBookPro.local
[2024-07-24T14:33:39.436+0900] {taskinstance.py:2648} INFO - Exporting env vars: AIRFLOW_CTX_DAG_OWNER='airflow' AIRFLOW_CTX_DAG_ID='simple_bash' AIRFLOW_CTX_TASK_ID='copy.log' AIRFLOW_CTX_EXECUTION_DATE='2024-07-12T00:00:00+00:00' AIRFLOW_CTX_TRY_NUMBER='2' AIRFLOW_CTX_DAG_RUN_ID='scheduled__2024-07-12T00:00:00+00:00'
[2024-07-24T14:33:39.437+0900] {taskinstance.py:430} INFO - ::endgroup::
[2024-07-24T14:33:39.443+0900] {subprocess.py:63} INFO - Tmp dir root location: /var/folders/qv/0knwm5h50ml0skpppwpbks_r0000gp/T
[2024-07-24T14:33:39.443+0900] {subprocess.py:75} INFO - Running command: ['/bin/bash', '-c', '\n            mkdir -p ~/data/20240712\n            cp ~/logs/history_20240712*.log ~/data/20240712/\n        ']
[2024-07-24T14:33:39.446+0900] {subprocess.py:86} INFO - Output:
[2024-07-24T14:33:39.452+0900] {subprocess.py:97} INFO - Command exited with return code 0
[2024-07-24T14:33:39.453+0900] {taskinstance.py:441} INFO - ::group::Post task execution logs
[2024-07-24T14:33:39.459+0900] {taskinstance.py:1206} INFO - Marking task as SUCCESS. dag_id=simple_bash, task_id=copy.log, run_id=scheduled__2024-07-12T00:00:00+00:00, execution_date=20240712T000000, start_date=20240724T053339, end_date=20240724T053339
[2024-07-24T14:33:39.507+0900] {local_task_job_runner.py:243} INFO - Task exited with return code 0
[2024-07-24T14:33:39.517+0900] {taskinstance.py:3503} INFO - 1 downstream tasks scheduled from follow-on schedule check
[2024-07-24T14:33:39.519+0900] {local_task_job_runner.py:222} INFO - ::endgroup::
