[2024-07-31T19:50:21.794+0900] {local_task_job_runner.py:120} INFO - ::group::Pre task execution logs
[2024-07-31T19:50:21.806+0900] {taskinstance.py:2076} INFO - Dependencies all met for dep_context=non-requeueable deps ti=<TaskInstance: movie.nation.f scheduled__2024-07-28T02:10:00+00:00 [queued]>
[2024-07-31T19:50:21.809+0900] {taskinstance.py:2076} INFO - Dependencies all met for dep_context=requeueable deps ti=<TaskInstance: movie.nation.f scheduled__2024-07-28T02:10:00+00:00 [queued]>
[2024-07-31T19:50:21.809+0900] {taskinstance.py:2306} INFO - Starting attempt 4 of 5
[2024-07-31T19:50:21.815+0900] {taskinstance.py:2330} INFO - Executing <Task(PythonVirtualenvOperator): nation.f> on 2024-07-28 02:10:00+00:00
[2024-07-31T19:50:21.818+0900] {standard_task_runner.py:64} INFO - Started process 33233 to run task
[2024-07-31T19:50:21.820+0900] {standard_task_runner.py:90} INFO - Running: ['airflow', 'tasks', 'run', 'movie', 'nation.f', 'scheduled__2024-07-28T02:10:00+00:00', '--job-id', '977', '--raw', '--subdir', 'DAGS_FOLDER/movie.py', '--cfg-path', '/var/folders/qv/0knwm5h50ml0skpppwpbks_r0000gp/T/tmpkuiafykh']
[2024-07-31T19:50:21.822+0900] {standard_task_runner.py:91} INFO - Job 977: Subtask nation.f
[2024-07-31T19:50:21.837+0900] {task_command.py:426} INFO - Running <TaskInstance: movie.nation.f scheduled__2024-07-28T02:10:00+00:00 [running]> on host jeongui-MacBookPro.local
[2024-07-31T19:50:21.858+0900] {taskinstance.py:2648} INFO - Exporting env vars: AIRFLOW_CTX_DAG_OWNER='airflow' AIRFLOW_CTX_DAG_ID='movie' AIRFLOW_CTX_TASK_ID='nation.f' AIRFLOW_CTX_EXECUTION_DATE='2024-07-28T02:10:00+00:00' AIRFLOW_CTX_TRY_NUMBER='4' AIRFLOW_CTX_DAG_RUN_ID='scheduled__2024-07-28T02:10:00+00:00'
[2024-07-31T19:50:21.858+0900] {taskinstance.py:430} INFO - ::endgroup::
[2024-07-31T19:50:21.864+0900] {baseoperator.py:400} WARNING - PythonVirtualenvOperator.execute cannot be called outside TaskInstance!
[2024-07-31T19:50:21.864+0900] {process_utils.py:183} INFO - Executing cmd: /Users/DE32/.pyenv/versions/3.11.9/envs/note/bin/python -m virtualenv /var/folders/qv/0knwm5h50ml0skpppwpbks_r0000gp/T/venvk9hzaogr --python=python
[2024-07-31T19:50:21.866+0900] {process_utils.py:187} INFO - Output:
[2024-07-31T19:50:22.041+0900] {process_utils.py:191} INFO - created virtual environment CPython3.11.9.final.0-64 in 117ms
[2024-07-31T19:50:22.041+0900] {process_utils.py:191} INFO -   creator CPython3Posix(dest=/private/var/folders/qv/0knwm5h50ml0skpppwpbks_r0000gp/T/venvk9hzaogr, clear=False, no_vcs_ignore=False, global=False)
[2024-07-31T19:50:22.042+0900] {process_utils.py:191} INFO -   seeder FromAppData(download=False, pip=bundle, setuptools=bundle, wheel=bundle, via=copy, app_data_dir=/Users/DE32/Library/Application Support/virtualenv)
[2024-07-31T19:50:22.042+0900] {process_utils.py:191} INFO -     added seed packages: pip==24.1.2, setuptools==70.2.0, wheel==0.43.0
[2024-07-31T19:50:22.042+0900] {process_utils.py:191} INFO -   activators BashActivator,CShellActivator,FishActivator,NushellActivator,PowerShellActivator,PythonActivator
[2024-07-31T19:50:22.053+0900] {process_utils.py:183} INFO - Executing cmd: /var/folders/qv/0knwm5h50ml0skpppwpbks_r0000gp/T/venvk9hzaogr/bin/pip install -r /var/folders/qv/0knwm5h50ml0skpppwpbks_r0000gp/T/venvk9hzaogr/requirements.txt
[2024-07-31T19:50:22.055+0900] {process_utils.py:187} INFO - Output:
[2024-07-31T19:50:22.762+0900] {process_utils.py:191} INFO - Collecting git+https://github.com/Jeonghoon2/movie.git@0.2/api (from -r /var/folders/qv/0knwm5h50ml0skpppwpbks_r0000gp/T/venvk9hzaogr/requirements.txt (line 1))
[2024-07-31T19:50:22.762+0900] {process_utils.py:191} INFO -   Cloning https://github.com/Jeonghoon2/movie.git (to revision 0.2/api) to /private/var/folders/qv/0knwm5h50ml0skpppwpbks_r0000gp/T/pip-req-build-15w9x0m3
[2024-07-31T19:50:22.773+0900] {process_utils.py:191} INFO -   Running command git clone --filter=blob:none --quiet https://github.com/Jeonghoon2/movie.git /private/var/folders/qv/0knwm5h50ml0skpppwpbks_r0000gp/T/pip-req-build-15w9x0m3
[2024-07-31T19:50:24.278+0900] {process_utils.py:191} INFO -   Running command git checkout -b 0.2/api --track origin/0.2/api
[2024-07-31T19:50:24.826+0900] {process_utils.py:191} INFO -   Switched to a new branch '0.2/api'
[2024-07-31T19:50:24.827+0900] {process_utils.py:191} INFO -   branch '0.2/api' set up to track 'origin/0.2/api'.
[2024-07-31T19:50:24.827+0900] {process_utils.py:191} INFO -   Resolved https://github.com/Jeonghoon2/movie.git to commit c2fdd392ce95b386519b05b3bab786608cdb1c58
[2024-07-31T19:50:24.849+0900] {process_utils.py:191} INFO -   Installing build dependencies: started
[2024-07-31T19:50:25.723+0900] {process_utils.py:191} INFO -   Installing build dependencies: finished with status 'done'
[2024-07-31T19:50:25.723+0900] {process_utils.py:191} INFO -   Getting requirements to build wheel: started
[2024-07-31T19:50:25.845+0900] {process_utils.py:191} INFO -   Getting requirements to build wheel: finished with status 'done'
[2024-07-31T19:50:25.846+0900] {process_utils.py:191} INFO -   Preparing metadata (pyproject.toml): started
[2024-07-31T19:50:25.969+0900] {process_utils.py:191} INFO -   Preparing metadata (pyproject.toml): finished with status 'done'
[2024-07-31T19:50:26.025+0900] {process_utils.py:191} INFO - Collecting requests>=2.32.3 (from mov==0.1.0->-r /var/folders/qv/0knwm5h50ml0skpppwpbks_r0000gp/T/venvk9hzaogr/requirements.txt (line 1))
[2024-07-31T19:50:26.026+0900] {process_utils.py:191} INFO -   Using cached requests-2.32.3-py3-none-any.whl.metadata (4.6 kB)
[2024-07-31T19:50:26.090+0900] {process_utils.py:191} INFO - Collecting pandas>=2.2.2 (from mov==0.1.0->-r /var/folders/qv/0knwm5h50ml0skpppwpbks_r0000gp/T/venvk9hzaogr/requirements.txt (line 1))
[2024-07-31T19:50:26.091+0900] {process_utils.py:191} INFO -   Using cached pandas-2.2.2-cp311-cp311-macosx_11_0_arm64.whl.metadata (19 kB)
[2024-07-31T19:50:26.188+0900] {process_utils.py:191} INFO - Collecting numpy>=2.0.1 (from mov==0.1.0->-r /var/folders/qv/0knwm5h50ml0skpppwpbks_r0000gp/T/venvk9hzaogr/requirements.txt (line 1))
[2024-07-31T19:50:26.190+0900] {process_utils.py:191} INFO -   Using cached numpy-2.0.1-cp311-cp311-macosx_14_0_arm64.whl.metadata (60 kB)
[2024-07-31T19:50:26.238+0900] {process_utils.py:191} INFO - Collecting pyarrow>=17.0.0 (from mov==0.1.0->-r /var/folders/qv/0knwm5h50ml0skpppwpbks_r0000gp/T/venvk9hzaogr/requirements.txt (line 1))
[2024-07-31T19:50:26.239+0900] {process_utils.py:191} INFO -   Using cached pyarrow-17.0.0-cp311-cp311-macosx_11_0_arm64.whl.metadata (3.3 kB)
[2024-07-31T19:50:26.259+0900] {process_utils.py:191} INFO - Collecting python-dateutil>=2.8.2 (from pandas>=2.2.2->mov==0.1.0->-r /var/folders/qv/0knwm5h50ml0skpppwpbks_r0000gp/T/venvk9hzaogr/requirements.txt (line 1))
[2024-07-31T19:50:26.259+0900] {process_utils.py:191} INFO -   Using cached python_dateutil-2.9.0.post0-py2.py3-none-any.whl.metadata (8.4 kB)
[2024-07-31T19:50:26.288+0900] {process_utils.py:191} INFO - Collecting pytz>=2020.1 (from pandas>=2.2.2->mov==0.1.0->-r /var/folders/qv/0knwm5h50ml0skpppwpbks_r0000gp/T/venvk9hzaogr/requirements.txt (line 1))
[2024-07-31T19:50:26.289+0900] {process_utils.py:191} INFO -   Using cached pytz-2024.1-py2.py3-none-any.whl.metadata (22 kB)
[2024-07-31T19:50:26.302+0900] {process_utils.py:191} INFO - Collecting tzdata>=2022.7 (from pandas>=2.2.2->mov==0.1.0->-r /var/folders/qv/0knwm5h50ml0skpppwpbks_r0000gp/T/venvk9hzaogr/requirements.txt (line 1))
[2024-07-31T19:50:26.303+0900] {process_utils.py:191} INFO -   Using cached tzdata-2024.1-py2.py3-none-any.whl.metadata (1.4 kB)
[2024-07-31T19:50:26.346+0900] {process_utils.py:191} INFO - Collecting charset-normalizer<4,>=2 (from requests>=2.32.3->mov==0.1.0->-r /var/folders/qv/0knwm5h50ml0skpppwpbks_r0000gp/T/venvk9hzaogr/requirements.txt (line 1))
[2024-07-31T19:50:26.346+0900] {process_utils.py:191} INFO -   Using cached charset_normalizer-3.3.2-cp311-cp311-macosx_11_0_arm64.whl.metadata (33 kB)
[2024-07-31T19:50:26.360+0900] {process_utils.py:191} INFO - Collecting idna<4,>=2.5 (from requests>=2.32.3->mov==0.1.0->-r /var/folders/qv/0knwm5h50ml0skpppwpbks_r0000gp/T/venvk9hzaogr/requirements.txt (line 1))
[2024-07-31T19:50:26.360+0900] {process_utils.py:191} INFO -   Using cached idna-3.7-py3-none-any.whl.metadata (9.9 kB)
[2024-07-31T19:50:26.386+0900] {process_utils.py:191} INFO - Collecting urllib3<3,>=1.21.1 (from requests>=2.32.3->mov==0.1.0->-r /var/folders/qv/0knwm5h50ml0skpppwpbks_r0000gp/T/venvk9hzaogr/requirements.txt (line 1))
[2024-07-31T19:50:26.387+0900] {process_utils.py:191} INFO -   Using cached urllib3-2.2.2-py3-none-any.whl.metadata (6.4 kB)
[2024-07-31T19:50:26.404+0900] {process_utils.py:191} INFO - Collecting certifi>=2017.4.17 (from requests>=2.32.3->mov==0.1.0->-r /var/folders/qv/0knwm5h50ml0skpppwpbks_r0000gp/T/venvk9hzaogr/requirements.txt (line 1))
[2024-07-31T19:50:26.404+0900] {process_utils.py:191} INFO -   Using cached certifi-2024.7.4-py3-none-any.whl.metadata (2.2 kB)
[2024-07-31T19:50:26.429+0900] {process_utils.py:191} INFO - Collecting six>=1.5 (from python-dateutil>=2.8.2->pandas>=2.2.2->mov==0.1.0->-r /var/folders/qv/0knwm5h50ml0skpppwpbks_r0000gp/T/venvk9hzaogr/requirements.txt (line 1))
[2024-07-31T19:50:26.429+0900] {process_utils.py:191} INFO -   Using cached six-1.16.0-py2.py3-none-any.whl.metadata (1.8 kB)
[2024-07-31T19:50:26.432+0900] {process_utils.py:191} INFO - Using cached numpy-2.0.1-cp311-cp311-macosx_14_0_arm64.whl (5.3 MB)
[2024-07-31T19:50:26.438+0900] {process_utils.py:191} INFO - Using cached pandas-2.2.2-cp311-cp311-macosx_11_0_arm64.whl (11.3 MB)
[2024-07-31T19:50:26.450+0900] {process_utils.py:191} INFO - Using cached pyarrow-17.0.0-cp311-cp311-macosx_11_0_arm64.whl (27.2 MB)
[2024-07-31T19:50:26.477+0900] {process_utils.py:191} INFO - Using cached requests-2.32.3-py3-none-any.whl (64 kB)
[2024-07-31T19:50:26.478+0900] {process_utils.py:191} INFO - Using cached certifi-2024.7.4-py3-none-any.whl (162 kB)
[2024-07-31T19:50:26.479+0900] {process_utils.py:191} INFO - Using cached charset_normalizer-3.3.2-cp311-cp311-macosx_11_0_arm64.whl (118 kB)
[2024-07-31T19:50:26.479+0900] {process_utils.py:191} INFO - Using cached idna-3.7-py3-none-any.whl (66 kB)
[2024-07-31T19:50:26.480+0900] {process_utils.py:191} INFO - Using cached python_dateutil-2.9.0.post0-py2.py3-none-any.whl (229 kB)
[2024-07-31T19:50:26.481+0900] {process_utils.py:191} INFO - Using cached pytz-2024.1-py2.py3-none-any.whl (505 kB)
[2024-07-31T19:50:26.482+0900] {process_utils.py:191} INFO - Using cached tzdata-2024.1-py2.py3-none-any.whl (345 kB)
[2024-07-31T19:50:26.484+0900] {process_utils.py:191} INFO - Using cached urllib3-2.2.2-py3-none-any.whl (121 kB)
[2024-07-31T19:50:26.484+0900] {process_utils.py:191} INFO - Using cached six-1.16.0-py2.py3-none-any.whl (11 kB)
[2024-07-31T19:50:26.528+0900] {process_utils.py:191} INFO - Building wheels for collected packages: mov
[2024-07-31T19:50:26.542+0900] {process_utils.py:191} INFO -   Building wheel for mov (pyproject.toml): started
[2024-07-31T19:50:26.686+0900] {process_utils.py:191} INFO -   Building wheel for mov (pyproject.toml): finished with status 'done'
[2024-07-31T19:50:26.687+0900] {process_utils.py:191} INFO -   Created wheel for mov: filename=mov-0.1.0-py3-none-any.whl size=3056 sha256=6c58e3b2f8897ea1dec8eccbcc6bd67c086793a9dd9645139a6b7d3b9d95a06b
[2024-07-31T19:50:26.687+0900] {process_utils.py:191} INFO -   Stored in directory: /private/var/folders/qv/0knwm5h50ml0skpppwpbks_r0000gp/T/pip-ephem-wheel-cache-252488f9/wheels/cf/ab/a7/d0c528d20fa8a5f19e169bdf1d98f2b2cefe79d8527bb89200
[2024-07-31T19:50:26.688+0900] {process_utils.py:191} INFO - Successfully built mov
[2024-07-31T19:50:26.716+0900] {process_utils.py:191} INFO - Installing collected packages: pytz, urllib3, tzdata, six, numpy, idna, charset-normalizer, certifi, requests, python-dateutil, pyarrow, pandas, mov
[2024-07-31T19:50:31.162+0900] {process_utils.py:191} INFO - Successfully installed certifi-2024.7.4 charset-normalizer-3.3.2 idna-3.7 mov-0.1.0 numpy-2.0.1 pandas-2.2.2 pyarrow-17.0.0 python-dateutil-2.9.0.post0 pytz-2024.1 requests-2.32.3 six-1.16.0 tzdata-2024.1 urllib3-2.2.2
[2024-07-31T19:50:31.165+0900] {process_utils.py:191} INFO - 
[2024-07-31T19:50:31.165+0900] {process_utils.py:191} INFO - [notice] A new release of pip is available: 24.1.2 -> 24.2
[2024-07-31T19:50:31.166+0900] {process_utils.py:191} INFO - [notice] To update, run: python -m pip install --upgrade pip
[2024-07-31T19:50:31.293+0900] {logging_mixin.py:188} WARNING - /Users/DE32/.pyenv/versions/3.11.9/envs/note/lib/python3.11/site-packages/airflow/utils/context.py:212 AirflowContextDeprecationWarning: Accessing 'next_ds' from the template is deprecated and will be removed in a future version. Please use '{{ data_interval_end | ds }}' instead.
[2024-07-31T19:50:31.293+0900] {logging_mixin.py:188} WARNING - /Users/DE32/.pyenv/versions/3.11.9/envs/note/lib/python3.11/site-packages/airflow/utils/context.py:212 AirflowContextDeprecationWarning: Accessing 'next_ds_nodash' from the template is deprecated and will be removed in a future version. Please use '{{ data_interval_end | ds_nodash }}' instead.
[2024-07-31T19:50:31.294+0900] {logging_mixin.py:188} WARNING - /Users/DE32/.pyenv/versions/3.11.9/envs/note/lib/python3.11/site-packages/airflow/utils/context.py:212 AirflowContextDeprecationWarning: Accessing 'prev_ds' from the template is deprecated and will be removed in a future version.
[2024-07-31T19:50:31.294+0900] {logging_mixin.py:188} WARNING - /Users/DE32/.pyenv/versions/3.11.9/envs/note/lib/python3.11/site-packages/airflow/utils/context.py:212 AirflowContextDeprecationWarning: Accessing 'prev_ds_nodash' from the template is deprecated and will be removed in a future version.
[2024-07-31T19:50:31.295+0900] {logging_mixin.py:188} WARNING - /Users/DE32/.pyenv/versions/3.11.9/envs/note/lib/python3.11/site-packages/airflow/utils/context.py:212 AirflowContextDeprecationWarning: Accessing 'tomorrow_ds' from the template is deprecated and will be removed in a future version.
[2024-07-31T19:50:31.295+0900] {logging_mixin.py:188} WARNING - /Users/DE32/.pyenv/versions/3.11.9/envs/note/lib/python3.11/site-packages/airflow/utils/context.py:212 AirflowContextDeprecationWarning: Accessing 'tomorrow_ds_nodash' from the template is deprecated and will be removed in a future version.
[2024-07-31T19:50:31.295+0900] {logging_mixin.py:188} WARNING - /Users/DE32/.pyenv/versions/3.11.9/envs/note/lib/python3.11/site-packages/airflow/utils/context.py:212 AirflowContextDeprecationWarning: Accessing 'yesterday_ds' from the template is deprecated and will be removed in a future version.
[2024-07-31T19:50:31.296+0900] {logging_mixin.py:188} WARNING - /Users/DE32/.pyenv/versions/3.11.9/envs/note/lib/python3.11/site-packages/airflow/utils/context.py:212 AirflowContextDeprecationWarning: Accessing 'yesterday_ds_nodash' from the template is deprecated and will be removed in a future version.
[2024-07-31T19:50:31.299+0900] {process_utils.py:183} INFO - Executing cmd: /var/folders/qv/0knwm5h50ml0skpppwpbks_r0000gp/T/venvk9hzaogr/bin/python /var/folders/qv/0knwm5h50ml0skpppwpbks_r0000gp/T/venv-callcu23el2p/script.py /var/folders/qv/0knwm5h50ml0skpppwpbks_r0000gp/T/venv-callcu23el2p/script.in /var/folders/qv/0knwm5h50ml0skpppwpbks_r0000gp/T/venv-callcu23el2p/script.out /var/folders/qv/0knwm5h50ml0skpppwpbks_r0000gp/T/venv-callcu23el2p/string_args.txt /var/folders/qv/0knwm5h50ml0skpppwpbks_r0000gp/T/venv-callcu23el2p/termination.log
[2024-07-31T19:50:31.301+0900] {process_utils.py:187} INFO - Output:
[2024-07-31T19:50:45.002+0900] {process_utils.py:191} INFO - {'boxOfficeResult': {'boxofficeType': '일별 박스오피스', 'showRange': '20240728~20240728', 'dailyBoxOfficeList': [{'rnum': '1', 'rank': '1', 'rankInten': '0', 'rankOldAndNew': 'OLD', 'movieCd': '20247781', 'movieNm': '데드풀과 울버린', 'openDt': '2024-07-24', 'salesAmt': '2569022883', 'salesShare': '52.2', 'salesInten': '-698920584', 'salesChange': '-21.4', 'salesAcc': '11304620623', 'audiCnt': '246319', 'audiInten': '-65282', 'audiChange': '-21', 'audiAcc': '1086003', 'scrnCnt': '1919', 'showCnt': '8414'}, {'rnum': '2', 'rank': '2', 'rankInten': '0', 'rankOldAndNew': 'OLD', 'movieCd': '20247440', 'movieNm': '슈퍼배드 4', 'openDt': '2024-07-24', 'salesAmt': '1361684323', 'salesShare': '27.7', 'salesInten': '-3961519', 'salesChange': '-0.3', 'salesAcc': '5492435247', 'audiCnt': '145484', 'audiInten': '-387', 'audiChange': '-0.3', 'audiAcc': '588412', 'scrnCnt': '1178', 'showCnt': '4406'}, {'rnum': '3', 'rank': '3', 'rankInten': '0', 'rankOldAndNew': 'OLD', 'movieCd': '20235974', 'movieNm': '인사이드 아웃 2', 'openDt': '2024-06-12', 'salesAmt': '564806082', 'salesShare': '11.5', 'salesInten': '20651916', 'salesChange': '3.8', 'salesAcc': '79738373801', 'audiCnt': '58197', 'audiInten': '2236', 'audiChange': '4', 'audiAcc': '8291893', 'scrnCnt': '777', 'showCnt': '1608'}, {'rnum': '4', 'rank': '4', 'rankInten': '0', 'rankOldAndNew': 'OLD', 'movieCd': '20240983', 'movieNm': '명탐정 코난: 100만 달러의 펜타그램', 'openDt': '2024-07-17', 'salesAmt': '260530502', 'salesShare': '5.3', 'salesInten': '-5113429', 'salesChange': '-1.9', 'salesAcc': '5479615323', 'audiCnt': '27182', 'audiInten': '-334', 'audiChange': '-1.2', 'audiAcc': '557265', 'scrnCnt': '575', 'showCnt': '1032'}, {'rnum': '5', 'rank': '5', 'rankInten': '0', 'rankOldAndNew': 'OLD', 'movieCd': '20235926', 'movieNm': '퍼펙트 데이즈', 'openDt': '2024-07-03', 'salesAmt': '31272195', 'salesShare': '0.6', 'salesInten': '-3393139', 'salesChange': '-9.8', 'salesAcc': '621719087', 'audiCnt': '3246', 'audiInten': '-285', 'audiChange': '-8.1', 'audiAcc': '65643', 'scrnCnt': '53', 'showCnt': '69'}, {'rnum': '6', 'rank': '6', 'rankInten': '0', 'rankOldAndNew': 'OLD', 'movieCd': '20240850', 'movieNm': '극장판 도라에몽: 진구의 지구 교향곡', 'openDt': '2024-07-10', 'salesAmt': '27153500', 'salesShare': '0.6', 'salesInten': '2851300', 'salesChange': '11.7', 'salesAcc': '625575900', 'audiCnt': '3111', 'audiInten': '223', 'audiChange': '7.7', 'audiAcc': '72380', 'scrnCnt': '129', 'showCnt': '169'}, {'rnum': '7', 'rank': '7', 'rankInten': '0', 'rankOldAndNew': 'OLD', 'movieCd': '20241924', 'movieNm': '극장총집편 봇치 더 록! 전편', 'openDt': '2024-08-07', 'salesAmt': '26157000', 'salesShare': '0.5', 'salesInten': '-95000', 'salesChange': '-0.4', 'salesAcc': '76787000', 'audiCnt': '1950', 'audiInten': '5', 'audiChange': '0.3', 'audiAcc': '5561', 'scrnCnt': '17', 'showCnt': '17'}, {'rnum': '8', 'rank': '8', 'rankInten': '0', 'rankOldAndNew': 'OLD', 'movieCd': '20241343', 'movieNm': '우마무스메 프리티 더비 새로운 시대의 문', 'openDt': '2024-07-11', 'salesAmt': '15670934', 'salesShare': '0.3', 'salesInten': '-5351817', 'salesChange': '-25.5', 'salesAcc': '453667886', 'audiCnt': '1464', 'audiInten': '-463', 'audiChange': '-24', 'audiAcc': '42076', 'scrnCnt': '78', 'showCnt': '90'}, {'rnum': '9', 'rank': '9', 'rankInten': '0', 'rankOldAndNew': 'OLD', 'movieCd': '19960126', 'movieNm': '비포 선라이즈', 'openDt': '1996-03-30', 'salesAmt': '13726078', 'salesShare': '0.3', 'salesInten': '1972739', 'salesChange': '16.8', 'salesAcc': '669729635', 'audiCnt': '1353', 'audiInten': '224', 'audiChange': '19.8', 'audiAcc': '78172', 'scrnCnt': '36', 'showCnt': '47'}, {'rnum': '10', 'rank': '10', 'rankInten': '0', 'rankOldAndNew': 'OLD', 'movieCd': '20148830', 'movieNm': '마담 프루스트의 비밀정원', 'openDt': '2014-07-24', 'salesAmt': '7568739', 'salesShare': '0.2', 'salesInten': '-1998461', 'salesChange': '-20.9', 'salesAcc': '1312674418', 'audiCnt': '716', 'audiInten': '-146', 'audiChange': '-16.9', 'audiAcc': '166409', 'scrnCnt': '39', 'showCnt': '43'}]}}
[2024-07-31T19:50:45.003+0900] {process_utils.py:191} INFO - partitioning List : ['load_dt', 'repNationCd']
[2024-07-31T19:50:45.003+0900] {process_utils.py:191} INFO -   rnum rank rankInten rankOldAndNew  ... scrnCnt showCnt   load_dt repNationCd
[2024-07-31T19:50:45.004+0900] {process_utils.py:191} INFO - 0    1    1         0           OLD  ...    1919    8414  20240728           F
[2024-07-31T19:50:45.004+0900] {process_utils.py:191} INFO - 1    2    2         0           OLD  ...    1178    4406  20240728           F
[2024-07-31T19:50:45.004+0900] {process_utils.py:191} INFO - 2    3    3         0           OLD  ...     777    1608  20240728           F
[2024-07-31T19:50:45.005+0900] {process_utils.py:191} INFO - 3    4    4         0           OLD  ...     575    1032  20240728           F
[2024-07-31T19:50:45.005+0900] {process_utils.py:191} INFO - 4    5    5         0           OLD  ...      53      69  20240728           F
[2024-07-31T19:50:45.006+0900] {process_utils.py:191} INFO - 5    6    6         0           OLD  ...     129     169  20240728           F
[2024-07-31T19:50:45.006+0900] {process_utils.py:191} INFO - 6    7    7         0           OLD  ...      17      17  20240728           F
[2024-07-31T19:50:45.006+0900] {process_utils.py:191} INFO - 7    8    8         0           OLD  ...      78      90  20240728           F
[2024-07-31T19:50:45.007+0900] {process_utils.py:191} INFO - 8    9    9         0           OLD  ...      36      47  20240728           F
[2024-07-31T19:50:45.007+0900] {process_utils.py:191} INFO - 9   10   10         0           OLD  ...      39      43  20240728           F
[2024-07-31T19:50:45.007+0900] {process_utils.py:191} INFO - 
[2024-07-31T19:50:45.007+0900] {process_utils.py:191} INFO - [10 rows x 20 columns]
[2024-07-31T19:50:45.452+0900] {python.py:237} INFO - Done. Returned value was: None
[2024-07-31T19:50:45.452+0900] {taskinstance.py:441} INFO - ::group::Post task execution logs
[2024-07-31T19:50:45.456+0900] {taskinstance.py:1206} INFO - Marking task as SUCCESS. dag_id=movie, task_id=nation.f, run_id=scheduled__2024-07-28T02:10:00+00:00, execution_date=20240728T021000, start_date=20240731T105021, end_date=20240731T105045
[2024-07-31T19:50:45.503+0900] {local_task_job_runner.py:243} INFO - Task exited with return code 0
[2024-07-31T19:50:45.511+0900] {taskinstance.py:3503} INFO - 0 downstream tasks scheduled from follow-on schedule check
[2024-07-31T19:50:45.511+0900] {local_task_job_runner.py:222} INFO - ::endgroup::
