[2024-07-24T16:25:45.580+0900] {local_task_job_runner.py:120} INFO - ::group::Pre task execution logs
[2024-07-24T16:25:45.587+0900] {taskinstance.py:2076} INFO - Dependencies all met for dep_context=non-requeueable deps ti=<TaskInstance: make_parquet.to.parquet scheduled__2024-07-15T00:00:00+00:00 [queued]>
[2024-07-24T16:25:45.589+0900] {taskinstance.py:2076} INFO - Dependencies all met for dep_context=requeueable deps ti=<TaskInstance: make_parquet.to.parquet scheduled__2024-07-15T00:00:00+00:00 [queued]>
[2024-07-24T16:25:45.590+0900] {taskinstance.py:2306} INFO - Starting attempt 3 of 4
[2024-07-24T16:25:45.593+0900] {taskinstance.py:2330} INFO - Executing <Task(BashOperator): to.parquet> on 2024-07-15 00:00:00+00:00
[2024-07-24T16:25:45.596+0900] {standard_task_runner.py:64} INFO - Started process 99140 to run task
[2024-07-24T16:25:45.598+0900] {standard_task_runner.py:90} INFO - Running: ['airflow', 'tasks', 'run', 'make_parquet', 'to.parquet', 'scheduled__2024-07-15T00:00:00+00:00', '--job-id', '442', '--raw', '--subdir', 'DAGS_FOLDER/make_parquet.py', '--cfg-path', '/var/folders/qv/0knwm5h50ml0skpppwpbks_r0000gp/T/tmpq_6k4jvu']
[2024-07-24T16:25:45.600+0900] {standard_task_runner.py:91} INFO - Job 442: Subtask to.parquet
[2024-07-24T16:25:45.614+0900] {task_command.py:426} INFO - Running <TaskInstance: make_parquet.to.parquet scheduled__2024-07-15T00:00:00+00:00 [running]> on host jeongui-MacBookPro.local
[2024-07-24T16:25:45.636+0900] {taskinstance.py:2648} INFO - Exporting env vars: AIRFLOW_CTX_DAG_OWNER='airflow' AIRFLOW_CTX_DAG_ID='make_parquet' AIRFLOW_CTX_TASK_ID='to.parquet' AIRFLOW_CTX_EXECUTION_DATE='2024-07-15T00:00:00+00:00' AIRFLOW_CTX_TRY_NUMBER='3' AIRFLOW_CTX_DAG_RUN_ID='scheduled__2024-07-15T00:00:00+00:00'
[2024-07-24T16:25:45.636+0900] {taskinstance.py:430} INFO - ::endgroup::
[2024-07-24T16:25:45.642+0900] {subprocess.py:63} INFO - Tmp dir root location: /var/folders/qv/0knwm5h50ml0skpppwpbks_r0000gp/T
[2024-07-24T16:25:45.643+0900] {subprocess.py:75} INFO - Running command: ['/bin/bash', '-c', '\n        echo "to.parquet"\n\n        READ_PATH=~/data/csv/20240715/csv.csv\n        SAVE_PATH=~/data/parquet/20240715/parquet.parquet\n\n        mkdir -p $SAVE_PATH\n\n        python ~/airflow/operator/csv2parquet.py $READ_PATH $SAVE_PATH\n        ']
[2024-07-24T16:25:45.645+0900] {subprocess.py:86} INFO - Output:
[2024-07-24T16:25:45.647+0900] {subprocess.py:93} INFO - to.parquet
[2024-07-24T16:25:45.818+0900] {subprocess.py:93} INFO - Traceback (most recent call last):
[2024-07-24T16:25:45.819+0900] {subprocess.py:93} INFO -   File "/Users/DE32/airflow/operator/csv2parquet.py", line 7, in <module>
[2024-07-24T16:25:45.819+0900] {subprocess.py:93} INFO -     df = pd.read_csv(READ_PATH,
[2024-07-24T16:25:45.819+0900] {subprocess.py:93} INFO -          ^^^^^^^^^^^^^^^^^^^^^^
[2024-07-24T16:25:45.819+0900] {subprocess.py:93} INFO -   File "/Users/DE32/.pyenv/versions/note/lib/python3.11/site-packages/pandas/io/parsers/readers.py", line 1026, in read_csv
[2024-07-24T16:25:45.819+0900] {subprocess.py:93} INFO -     return _read(filepath_or_buffer, kwds)
[2024-07-24T16:25:45.819+0900] {subprocess.py:93} INFO -            ^^^^^^^^^^^^^^^^^^^^^^^^^^^^^^^
[2024-07-24T16:25:45.820+0900] {subprocess.py:93} INFO -   File "/Users/DE32/.pyenv/versions/note/lib/python3.11/site-packages/pandas/io/parsers/readers.py", line 620, in _read
[2024-07-24T16:25:45.820+0900] {subprocess.py:93} INFO -     parser = TextFileReader(filepath_or_buffer, **kwds)
[2024-07-24T16:25:45.820+0900] {subprocess.py:93} INFO -              ^^^^^^^^^^^^^^^^^^^^^^^^^^^^^^^^^^^^^^^^^^
[2024-07-24T16:25:45.820+0900] {subprocess.py:93} INFO -   File "/Users/DE32/.pyenv/versions/note/lib/python3.11/site-packages/pandas/io/parsers/readers.py", line 1620, in __init__
[2024-07-24T16:25:45.820+0900] {subprocess.py:93} INFO -     self._engine = self._make_engine(f, self.engine)
[2024-07-24T16:25:45.820+0900] {subprocess.py:93} INFO -                    ^^^^^^^^^^^^^^^^^^^^^^^^^^^^^^^^^
[2024-07-24T16:25:45.821+0900] {subprocess.py:93} INFO -   File "/Users/DE32/.pyenv/versions/note/lib/python3.11/site-packages/pandas/io/parsers/readers.py", line 1898, in _make_engine
[2024-07-24T16:25:45.821+0900] {subprocess.py:93} INFO -     return mapping[engine](f, **self.options)
[2024-07-24T16:25:45.821+0900] {subprocess.py:93} INFO -            ^^^^^^^^^^^^^^^^^^^^^^^^^^^^^^^^^^
[2024-07-24T16:25:45.821+0900] {subprocess.py:93} INFO -   File "/Users/DE32/.pyenv/versions/note/lib/python3.11/site-packages/pandas/io/parsers/c_parser_wrapper.py", line 93, in __init__
[2024-07-24T16:25:45.821+0900] {subprocess.py:93} INFO -     self._reader = parsers.TextReader(src, **kwds)
[2024-07-24T16:25:45.821+0900] {subprocess.py:93} INFO -                    ^^^^^^^^^^^^^^^^^^^^^^^^^^^^^^^
[2024-07-24T16:25:45.821+0900] {subprocess.py:93} INFO -   File "parsers.pyx", line 574, in pandas._libs.parsers.TextReader.__cinit__
[2024-07-24T16:25:45.822+0900] {subprocess.py:93} INFO -   File "parsers.pyx", line 766, in pandas._libs.parsers.TextReader._get_header
[2024-07-24T16:25:45.822+0900] {subprocess.py:93} INFO -   File "parsers.pyx", line 874, in pandas._libs.parsers.TextReader._tokenize_rows
[2024-07-24T16:25:45.822+0900] {subprocess.py:93} INFO -   File "parsers.pyx", line 891, in pandas._libs.parsers.TextReader._check_tokenize_status
[2024-07-24T16:25:45.822+0900] {subprocess.py:93} INFO -   File "parsers.pyx", line 2053, in pandas._libs.parsers.raise_parser_error
[2024-07-24T16:25:45.822+0900] {subprocess.py:93} INFO - UnicodeDecodeError: 'utf-8' codec can't decode byte 0xa3 in position 2823: invalid start byte
[2024-07-24T16:25:45.846+0900] {subprocess.py:97} INFO - Command exited with return code 1
[2024-07-24T16:25:45.847+0900] {taskinstance.py:441} INFO - ::group::Post task execution logs
[2024-07-24T16:25:45.850+0900] {taskinstance.py:2905} ERROR - Task failed with exception
Traceback (most recent call last):
  File "/Users/DE32/.pyenv/versions/3.11.9/envs/note/lib/python3.11/site-packages/airflow/models/taskinstance.py", line 465, in _execute_task
    result = _execute_callable(context=context, **execute_callable_kwargs)
             ^^^^^^^^^^^^^^^^^^^^^^^^^^^^^^^^^^^^^^^^^^^^^^^^^^^^^^^^^^^^^
  File "/Users/DE32/.pyenv/versions/3.11.9/envs/note/lib/python3.11/site-packages/airflow/models/taskinstance.py", line 432, in _execute_callable
    return execute_callable(context=context, **execute_callable_kwargs)
           ^^^^^^^^^^^^^^^^^^^^^^^^^^^^^^^^^^^^^^^^^^^^^^^^^^^^^^^^^^^^
  File "/Users/DE32/.pyenv/versions/3.11.9/envs/note/lib/python3.11/site-packages/airflow/models/baseoperator.py", line 401, in wrapper
    return func(self, *args, **kwargs)
           ^^^^^^^^^^^^^^^^^^^^^^^^^^^
  File "/Users/DE32/.pyenv/versions/3.11.9/envs/note/lib/python3.11/site-packages/airflow/operators/bash.py", line 243, in execute
    raise AirflowException(
airflow.exceptions.AirflowException: Bash command failed. The command returned a non-zero exit code 1.
[2024-07-24T16:25:45.851+0900] {taskinstance.py:1206} INFO - Marking task as UP_FOR_RETRY. dag_id=make_parquet, task_id=to.parquet, run_id=scheduled__2024-07-15T00:00:00+00:00, execution_date=20240715T000000, start_date=20240724T072545, end_date=20240724T072545
[2024-07-24T16:25:45.855+0900] {standard_task_runner.py:110} ERROR - Failed to execute job 442 for task to.parquet (Bash command failed. The command returned a non-zero exit code 1.; 99140)
[2024-07-24T16:25:45.880+0900] {local_task_job_runner.py:243} INFO - Task exited with return code 1
[2024-07-24T16:25:45.887+0900] {taskinstance.py:3503} INFO - 0 downstream tasks scheduled from follow-on schedule check
[2024-07-24T16:25:45.887+0900] {local_task_job_runner.py:222} INFO - ::endgroup::
[2024-07-24T17:34:18.839+0900] {local_task_job_runner.py:120} INFO - ::group::Pre task execution logs
[2024-07-24T17:34:18.847+0900] {taskinstance.py:2076} INFO - Dependencies all met for dep_context=non-requeueable deps ti=<TaskInstance: make_parquet.to.parquet scheduled__2024-07-15T00:00:00+00:00 [queued]>
[2024-07-24T17:34:18.849+0900] {taskinstance.py:2076} INFO - Dependencies all met for dep_context=requeueable deps ti=<TaskInstance: make_parquet.to.parquet scheduled__2024-07-15T00:00:00+00:00 [queued]>
[2024-07-24T17:34:18.850+0900] {taskinstance.py:2306} INFO - Starting attempt 3 of 3
[2024-07-24T17:34:18.854+0900] {taskinstance.py:2330} INFO - Executing <Task(BashOperator): to.parquet> on 2024-07-15 00:00:00+00:00
[2024-07-24T17:34:18.856+0900] {standard_task_runner.py:64} INFO - Started process 8124 to run task
[2024-07-24T17:34:18.859+0900] {standard_task_runner.py:90} INFO - Running: ['airflow', 'tasks', 'run', 'make_parquet', 'to.parquet', 'scheduled__2024-07-15T00:00:00+00:00', '--job-id', '444', '--raw', '--subdir', 'DAGS_FOLDER/make_parquet.py', '--cfg-path', '/var/folders/qv/0knwm5h50ml0skpppwpbks_r0000gp/T/tmp4xu_vsba']
[2024-07-24T17:34:18.860+0900] {standard_task_runner.py:91} INFO - Job 444: Subtask to.parquet
[2024-07-24T17:34:18.874+0900] {task_command.py:426} INFO - Running <TaskInstance: make_parquet.to.parquet scheduled__2024-07-15T00:00:00+00:00 [running]> on host jeongui-MacBookPro.local
[2024-07-24T17:34:18.896+0900] {taskinstance.py:2648} INFO - Exporting env vars: AIRFLOW_CTX_DAG_OWNER='airflow' AIRFLOW_CTX_DAG_ID='make_parquet' AIRFLOW_CTX_TASK_ID='to.parquet' AIRFLOW_CTX_EXECUTION_DATE='2024-07-15T00:00:00+00:00' AIRFLOW_CTX_TRY_NUMBER='3' AIRFLOW_CTX_DAG_RUN_ID='scheduled__2024-07-15T00:00:00+00:00'
[2024-07-24T17:34:18.896+0900] {taskinstance.py:430} INFO - ::endgroup::
[2024-07-24T17:34:18.902+0900] {subprocess.py:63} INFO - Tmp dir root location: /var/folders/qv/0knwm5h50ml0skpppwpbks_r0000gp/T
[2024-07-24T17:34:18.902+0900] {subprocess.py:75} INFO - Running command: ['/bin/bash', '-c', '\n        echo "to.parquet"\n\n        READ_PATH=~/data/csv/20240715/csv.csv\n        SAVE_PATH=~/data/parquet/\n\n        mkdir -p $SAVE_PATH\n\n        python ~/airflow/operator/csv2parquet.py $READ_PATH $SAVE_PATH\n        ']
[2024-07-24T17:34:18.905+0900] {subprocess.py:86} INFO - Output:
[2024-07-24T17:34:18.907+0900] {subprocess.py:93} INFO - to.parquet
[2024-07-24T17:34:19.138+0900] {subprocess.py:93} INFO - 0
[2024-07-24T17:34:19.171+0900] {subprocess.py:97} INFO - Command exited with return code 0
[2024-07-24T17:34:19.172+0900] {taskinstance.py:441} INFO - ::group::Post task execution logs
[2024-07-24T17:34:19.178+0900] {taskinstance.py:1206} INFO - Marking task as SUCCESS. dag_id=make_parquet, task_id=to.parquet, run_id=scheduled__2024-07-15T00:00:00+00:00, execution_date=20240715T000000, start_date=20240724T083418, end_date=20240724T083419
[2024-07-24T17:34:19.186+0900] {local_task_job_runner.py:243} INFO - Task exited with return code 0
[2024-07-24T17:34:19.194+0900] {taskinstance.py:3503} INFO - 1 downstream tasks scheduled from follow-on schedule check
[2024-07-24T17:34:19.194+0900] {local_task_job_runner.py:222} INFO - ::endgroup::
