[2024-07-31T10:35:26.623+0900] {local_task_job_runner.py:120} INFO - ::group::Pre task execution logs
[2024-07-31T10:35:26.634+0900] {taskinstance.py:2076} INFO - Dependencies all met for dep_context=non-requeueable deps ti=<TaskInstance: movie.get.data scheduled__2024-07-27T02:10:00+00:00 [queued]>
[2024-07-31T10:35:26.638+0900] {taskinstance.py:2076} INFO - Dependencies all met for dep_context=requeueable deps ti=<TaskInstance: movie.get.data scheduled__2024-07-27T02:10:00+00:00 [queued]>
[2024-07-31T10:35:26.638+0900] {taskinstance.py:2306} INFO - Starting attempt 1 of 2
[2024-07-31T10:35:26.643+0900] {taskinstance.py:2330} INFO - Executing <Task(PythonVirtualenvOperator): get.data> on 2024-07-27 02:10:00+00:00
[2024-07-31T10:35:26.646+0900] {standard_task_runner.py:64} INFO - Started process 9503 to run task
[2024-07-31T10:35:26.648+0900] {standard_task_runner.py:90} INFO - Running: ['airflow', 'tasks', 'run', 'movie', 'get.data', 'scheduled__2024-07-27T02:10:00+00:00', '--job-id', '704', '--raw', '--subdir', 'DAGS_FOLDER/movie.py', '--cfg-path', '/var/folders/qv/0knwm5h50ml0skpppwpbks_r0000gp/T/tmpnr3y0wb_']
[2024-07-31T10:35:26.650+0900] {standard_task_runner.py:91} INFO - Job 704: Subtask get.data
[2024-07-31T10:35:26.663+0900] {task_command.py:426} INFO - Running <TaskInstance: movie.get.data scheduled__2024-07-27T02:10:00+00:00 [running]> on host jeongui-MacBookPro.local
[2024-07-31T10:35:26.684+0900] {taskinstance.py:2648} INFO - Exporting env vars: AIRFLOW_CTX_DAG_OWNER='airflow' AIRFLOW_CTX_DAG_ID='movie' AIRFLOW_CTX_TASK_ID='get.data' AIRFLOW_CTX_EXECUTION_DATE='2024-07-27T02:10:00+00:00' AIRFLOW_CTX_TRY_NUMBER='1' AIRFLOW_CTX_DAG_RUN_ID='scheduled__2024-07-27T02:10:00+00:00'
[2024-07-31T10:35:26.684+0900] {taskinstance.py:430} INFO - ::endgroup::
[2024-07-31T10:35:26.690+0900] {baseoperator.py:400} WARNING - PythonVirtualenvOperator.execute cannot be called outside TaskInstance!
[2024-07-31T10:35:26.691+0900] {process_utils.py:183} INFO - Executing cmd: /Users/DE32/.pyenv/versions/3.11.9/envs/note/bin/python -m virtualenv /var/folders/qv/0knwm5h50ml0skpppwpbks_r0000gp/T/venvxjm86rh_ --python=python
[2024-07-31T10:35:26.693+0900] {process_utils.py:187} INFO - Output:
[2024-07-31T10:35:26.871+0900] {process_utils.py:191} INFO - created virtual environment CPython3.11.9.final.0-64 in 120ms
[2024-07-31T10:35:26.871+0900] {process_utils.py:191} INFO -   creator CPython3Posix(dest=/private/var/folders/qv/0knwm5h50ml0skpppwpbks_r0000gp/T/venvxjm86rh_, clear=False, no_vcs_ignore=False, global=False)
[2024-07-31T10:35:26.871+0900] {process_utils.py:191} INFO -   seeder FromAppData(download=False, pip=bundle, setuptools=bundle, wheel=bundle, via=copy, app_data_dir=/Users/DE32/Library/Application Support/virtualenv)
[2024-07-31T10:35:26.872+0900] {process_utils.py:191} INFO -     added seed packages: pip==24.1.2, setuptools==70.2.0, wheel==0.43.0
[2024-07-31T10:35:26.872+0900] {process_utils.py:191} INFO -   activators BashActivator,CShellActivator,FishActivator,NushellActivator,PowerShellActivator,PythonActivator
[2024-07-31T10:35:26.882+0900] {process_utils.py:183} INFO - Executing cmd: /var/folders/qv/0knwm5h50ml0skpppwpbks_r0000gp/T/venvxjm86rh_/bin/pip install -r /var/folders/qv/0knwm5h50ml0skpppwpbks_r0000gp/T/venvxjm86rh_/requirements.txt
[2024-07-31T10:35:26.884+0900] {process_utils.py:187} INFO - Output:
[2024-07-31T10:35:27.594+0900] {process_utils.py:191} INFO - Collecting git+https://github.com/Jeonghoon2/movie.git@0.2/api (from -r /var/folders/qv/0knwm5h50ml0skpppwpbks_r0000gp/T/venvxjm86rh_/requirements.txt (line 1))
[2024-07-31T10:35:27.595+0900] {process_utils.py:191} INFO -   Cloning https://github.com/Jeonghoon2/movie.git (to revision 0.2/api) to /private/var/folders/qv/0knwm5h50ml0skpppwpbks_r0000gp/T/pip-req-build-5s73ebmy
[2024-07-31T10:35:27.606+0900] {process_utils.py:191} INFO -   Running command git clone --filter=blob:none --quiet https://github.com/Jeonghoon2/movie.git /private/var/folders/qv/0knwm5h50ml0skpppwpbks_r0000gp/T/pip-req-build-5s73ebmy
[2024-07-31T10:35:29.183+0900] {process_utils.py:191} INFO -   Running command git checkout -b 0.2/api --track origin/0.2/api
[2024-07-31T10:35:29.691+0900] {process_utils.py:191} INFO -   Switched to a new branch '0.2/api'
[2024-07-31T10:35:29.692+0900] {process_utils.py:191} INFO -   branch '0.2/api' set up to track 'origin/0.2/api'.
[2024-07-31T10:35:29.692+0900] {process_utils.py:191} INFO -   Resolved https://github.com/Jeonghoon2/movie.git to commit 514cfb45f6fa577ee07d4fa2076f9283780af81e
[2024-07-31T10:35:29.713+0900] {process_utils.py:191} INFO -   Installing build dependencies: started
[2024-07-31T10:35:30.619+0900] {process_utils.py:191} INFO -   Installing build dependencies: finished with status 'done'
[2024-07-31T10:35:30.620+0900] {process_utils.py:191} INFO -   Getting requirements to build wheel: started
[2024-07-31T10:35:30.742+0900] {process_utils.py:191} INFO -   Getting requirements to build wheel: finished with status 'done'
[2024-07-31T10:35:30.743+0900] {process_utils.py:191} INFO -   Preparing metadata (pyproject.toml): started
[2024-07-31T10:35:30.866+0900] {process_utils.py:191} INFO -   Preparing metadata (pyproject.toml): finished with status 'done'
[2024-07-31T10:35:30.945+0900] {process_utils.py:191} INFO - Collecting requests>=2.32.3 (from mov==0.1.0->-r /var/folders/qv/0knwm5h50ml0skpppwpbks_r0000gp/T/venvxjm86rh_/requirements.txt (line 1))
[2024-07-31T10:35:30.946+0900] {process_utils.py:191} INFO -   Using cached requests-2.32.3-py3-none-any.whl.metadata (4.6 kB)
[2024-07-31T10:35:31.014+0900] {process_utils.py:191} INFO - Collecting pandas>=2.2.2 (from mov==0.1.0->-r /var/folders/qv/0knwm5h50ml0skpppwpbks_r0000gp/T/venvxjm86rh_/requirements.txt (line 1))
[2024-07-31T10:35:31.015+0900] {process_utils.py:191} INFO -   Using cached pandas-2.2.2-cp311-cp311-macosx_11_0_arm64.whl.metadata (19 kB)
[2024-07-31T10:35:31.116+0900] {process_utils.py:191} INFO - Collecting numpy>=2.0.1 (from mov==0.1.0->-r /var/folders/qv/0knwm5h50ml0skpppwpbks_r0000gp/T/venvxjm86rh_/requirements.txt (line 1))
[2024-07-31T10:35:31.117+0900] {process_utils.py:191} INFO -   Using cached numpy-2.0.1-cp311-cp311-macosx_14_0_arm64.whl.metadata (60 kB)
[2024-07-31T10:35:31.168+0900] {process_utils.py:191} INFO - Collecting pyarrow>=17.0.0 (from mov==0.1.0->-r /var/folders/qv/0knwm5h50ml0skpppwpbks_r0000gp/T/venvxjm86rh_/requirements.txt (line 1))
[2024-07-31T10:35:31.169+0900] {process_utils.py:191} INFO -   Using cached pyarrow-17.0.0-cp311-cp311-macosx_11_0_arm64.whl.metadata (3.3 kB)
[2024-07-31T10:35:31.194+0900] {process_utils.py:191} INFO - Collecting python-dateutil>=2.8.2 (from pandas>=2.2.2->mov==0.1.0->-r /var/folders/qv/0knwm5h50ml0skpppwpbks_r0000gp/T/venvxjm86rh_/requirements.txt (line 1))
[2024-07-31T10:35:31.195+0900] {process_utils.py:191} INFO -   Using cached python_dateutil-2.9.0.post0-py2.py3-none-any.whl.metadata (8.4 kB)
[2024-07-31T10:35:31.261+0900] {process_utils.py:191} INFO - Collecting pytz>=2020.1 (from pandas>=2.2.2->mov==0.1.0->-r /var/folders/qv/0knwm5h50ml0skpppwpbks_r0000gp/T/venvxjm86rh_/requirements.txt (line 1))
[2024-07-31T10:35:31.262+0900] {process_utils.py:191} INFO -   Using cached pytz-2024.1-py2.py3-none-any.whl.metadata (22 kB)
[2024-07-31T10:35:31.279+0900] {process_utils.py:191} INFO - Collecting tzdata>=2022.7 (from pandas>=2.2.2->mov==0.1.0->-r /var/folders/qv/0knwm5h50ml0skpppwpbks_r0000gp/T/venvxjm86rh_/requirements.txt (line 1))
[2024-07-31T10:35:31.280+0900] {process_utils.py:191} INFO -   Using cached tzdata-2024.1-py2.py3-none-any.whl.metadata (1.4 kB)
[2024-07-31T10:35:31.326+0900] {process_utils.py:191} INFO - Collecting charset-normalizer<4,>=2 (from requests>=2.32.3->mov==0.1.0->-r /var/folders/qv/0knwm5h50ml0skpppwpbks_r0000gp/T/venvxjm86rh_/requirements.txt (line 1))
[2024-07-31T10:35:31.327+0900] {process_utils.py:191} INFO -   Using cached charset_normalizer-3.3.2-cp311-cp311-macosx_11_0_arm64.whl.metadata (33 kB)
[2024-07-31T10:35:31.339+0900] {process_utils.py:191} INFO - Collecting idna<4,>=2.5 (from requests>=2.32.3->mov==0.1.0->-r /var/folders/qv/0knwm5h50ml0skpppwpbks_r0000gp/T/venvxjm86rh_/requirements.txt (line 1))
[2024-07-31T10:35:31.340+0900] {process_utils.py:191} INFO -   Using cached idna-3.7-py3-none-any.whl.metadata (9.9 kB)
[2024-07-31T10:35:31.374+0900] {process_utils.py:191} INFO - Collecting urllib3<3,>=1.21.1 (from requests>=2.32.3->mov==0.1.0->-r /var/folders/qv/0knwm5h50ml0skpppwpbks_r0000gp/T/venvxjm86rh_/requirements.txt (line 1))
[2024-07-31T10:35:31.375+0900] {process_utils.py:191} INFO -   Using cached urllib3-2.2.2-py3-none-any.whl.metadata (6.4 kB)
[2024-07-31T10:35:31.393+0900] {process_utils.py:191} INFO - Collecting certifi>=2017.4.17 (from requests>=2.32.3->mov==0.1.0->-r /var/folders/qv/0knwm5h50ml0skpppwpbks_r0000gp/T/venvxjm86rh_/requirements.txt (line 1))
[2024-07-31T10:35:31.394+0900] {process_utils.py:191} INFO -   Using cached certifi-2024.7.4-py3-none-any.whl.metadata (2.2 kB)
[2024-07-31T10:35:31.434+0900] {process_utils.py:191} INFO - Collecting six>=1.5 (from python-dateutil>=2.8.2->pandas>=2.2.2->mov==0.1.0->-r /var/folders/qv/0knwm5h50ml0skpppwpbks_r0000gp/T/venvxjm86rh_/requirements.txt (line 1))
[2024-07-31T10:35:31.435+0900] {process_utils.py:191} INFO -   Using cached six-1.16.0-py2.py3-none-any.whl.metadata (1.8 kB)
[2024-07-31T10:35:31.438+0900] {process_utils.py:191} INFO - Using cached numpy-2.0.1-cp311-cp311-macosx_14_0_arm64.whl (5.3 MB)
[2024-07-31T10:35:31.444+0900] {process_utils.py:191} INFO - Using cached pandas-2.2.2-cp311-cp311-macosx_11_0_arm64.whl (11.3 MB)
[2024-07-31T10:35:31.455+0900] {process_utils.py:191} INFO - Using cached pyarrow-17.0.0-cp311-cp311-macosx_11_0_arm64.whl (27.2 MB)
[2024-07-31T10:35:31.482+0900] {process_utils.py:191} INFO - Using cached requests-2.32.3-py3-none-any.whl (64 kB)
[2024-07-31T10:35:31.483+0900] {process_utils.py:191} INFO - Using cached certifi-2024.7.4-py3-none-any.whl (162 kB)
[2024-07-31T10:35:31.484+0900] {process_utils.py:191} INFO - Using cached charset_normalizer-3.3.2-cp311-cp311-macosx_11_0_arm64.whl (118 kB)
[2024-07-31T10:35:31.485+0900] {process_utils.py:191} INFO - Using cached idna-3.7-py3-none-any.whl (66 kB)
[2024-07-31T10:35:31.486+0900] {process_utils.py:191} INFO - Using cached python_dateutil-2.9.0.post0-py2.py3-none-any.whl (229 kB)
[2024-07-31T10:35:31.487+0900] {process_utils.py:191} INFO - Using cached pytz-2024.1-py2.py3-none-any.whl (505 kB)
[2024-07-31T10:35:31.488+0900] {process_utils.py:191} INFO - Using cached tzdata-2024.1-py2.py3-none-any.whl (345 kB)
[2024-07-31T10:35:31.489+0900] {process_utils.py:191} INFO - Using cached urllib3-2.2.2-py3-none-any.whl (121 kB)
[2024-07-31T10:35:31.490+0900] {process_utils.py:191} INFO - Using cached six-1.16.0-py2.py3-none-any.whl (11 kB)
[2024-07-31T10:35:31.532+0900] {process_utils.py:191} INFO - Building wheels for collected packages: mov
[2024-07-31T10:35:31.544+0900] {process_utils.py:191} INFO -   Building wheel for mov (pyproject.toml): started
[2024-07-31T10:35:31.678+0900] {process_utils.py:191} INFO -   Building wheel for mov (pyproject.toml): finished with status 'done'
[2024-07-31T10:35:31.678+0900] {process_utils.py:191} INFO -   Created wheel for mov: filename=mov-0.1.0-py3-none-any.whl size=3017 sha256=ac0f0440b26d353d88b1dec7c3b8f6efa6dd2d6ce2af002dd1de7982d72c3bee
[2024-07-31T10:35:31.679+0900] {process_utils.py:191} INFO -   Stored in directory: /private/var/folders/qv/0knwm5h50ml0skpppwpbks_r0000gp/T/pip-ephem-wheel-cache-06plowj2/wheels/cf/ab/a7/d0c528d20fa8a5f19e169bdf1d98f2b2cefe79d8527bb89200
[2024-07-31T10:35:31.680+0900] {process_utils.py:191} INFO - Successfully built mov
[2024-07-31T10:35:31.708+0900] {process_utils.py:191} INFO - Installing collected packages: pytz, urllib3, tzdata, six, numpy, idna, charset-normalizer, certifi, requests, python-dateutil, pyarrow, pandas, mov
[2024-07-31T10:35:36.200+0900] {process_utils.py:191} INFO - Successfully installed certifi-2024.7.4 charset-normalizer-3.3.2 idna-3.7 mov-0.1.0 numpy-2.0.1 pandas-2.2.2 pyarrow-17.0.0 python-dateutil-2.9.0.post0 pytz-2024.1 requests-2.32.3 six-1.16.0 tzdata-2024.1 urllib3-2.2.2
[2024-07-31T10:35:36.203+0900] {process_utils.py:191} INFO - 
[2024-07-31T10:35:36.203+0900] {process_utils.py:191} INFO - [notice] A new release of pip is available: 24.1.2 -> 24.2
[2024-07-31T10:35:36.203+0900] {process_utils.py:191} INFO - [notice] To update, run: python -m pip install --upgrade pip
[2024-07-31T10:35:36.327+0900] {process_utils.py:183} INFO - Executing cmd: /var/folders/qv/0knwm5h50ml0skpppwpbks_r0000gp/T/venvxjm86rh_/bin/python /var/folders/qv/0knwm5h50ml0skpppwpbks_r0000gp/T/venv-calludl3u3g_/script.py /var/folders/qv/0knwm5h50ml0skpppwpbks_r0000gp/T/venv-calludl3u3g_/script.in /var/folders/qv/0knwm5h50ml0skpppwpbks_r0000gp/T/venv-calludl3u3g_/script.out /var/folders/qv/0knwm5h50ml0skpppwpbks_r0000gp/T/venv-calludl3u3g_/string_args.txt /var/folders/qv/0knwm5h50ml0skpppwpbks_r0000gp/T/venv-calludl3u3g_/termination.log
[2024-07-31T10:35:36.329+0900] {process_utils.py:187} INFO - Output:
[2024-07-31T10:35:50.099+0900] {process_utils.py:191} INFO - {'boxOfficeResult': {'boxofficeType': '일별 박스오피스', 'showRange': '20240727~20240727', 'dailyBoxOfficeList': [{'rnum': '1', 'rank': '1', 'rankInten': '0', 'rankOldAndNew': 'OLD', 'movieCd': '20247781', 'movieNm': '데드풀과 울버린', 'openDt': '2024-07-24', 'salesAmt': '3267960967', 'salesShare': '46.3', 'salesInten': '1529337869', 'salesChange': '88', 'salesAcc': '8735715240', 'audiCnt': '311603', 'audiInten': '146936', 'audiChange': '89.2', 'audiAcc': '839696', 'scrnCnt': '1948', 'showCnt': '8847'}, {'rnum': '2', 'rank': '2', 'rankInten': '0', 'rankOldAndNew': 'OLD', 'movieCd': '20247440', 'movieNm': '슈퍼배드 4', 'openDt': '2024-07-24', 'salesAmt': '1365684842', 'salesShare': '19.4', 'salesInten': '756567536', 'salesChange': '124.2', 'salesAcc': '4130789924', 'audiCnt': '145874', 'audiInten': '80763', 'audiChange': '124', 'audiAcc': '442931', 'scrnCnt': '1167', 'showCnt': '4490'}, {'rnum': '3', 'rank': '3', 'rankInten': '0', 'rankOldAndNew': 'OLD', 'movieCd': '20212932', 'movieNm': '탈주', 'openDt': '2024-07-03', 'salesAmt': '797446562', 'salesShare': '11.3', 'salesInten': '387746217', 'salesChange': '94.6', 'salesAcc': '20857431087', 'audiCnt': '82603', 'audiInten': '40233', 'audiChange': '95', 'audiAcc': '2199605', 'scrnCnt': '875', 'showCnt': '2337'}, {'rnum': '4', 'rank': '4', 'rankInten': '0', 'rankOldAndNew': 'OLD', 'movieCd': '20235974', 'movieNm': '인사이드 아웃 2', 'openDt': '2024-06-12', 'salesAmt': '544154166', 'salesShare': '7.7', 'salesInten': '293178577', 'salesChange': '116.8', 'salesAcc': '79173595719', 'audiCnt': '55961', 'audiInten': '30162', 'audiChange': '116.9', 'audiAcc': '8233699', 'scrnCnt': '769', 'showCnt': '1616'}, {'rnum': '5', 'rank': '5', 'rankInten': '0', 'rankOldAndNew': 'OLD', 'movieCd': '20240983', 'movieNm': '명탐정 코난: 100만 달러의 펜타그램', 'openDt': '2024-07-17', 'salesAmt': '265643931', 'salesShare': '3.8', 'salesInten': '89146094', 'salesChange': '50.5', 'salesAcc': '5219084821', 'audiCnt': '27516', 'audiInten': '9278', 'audiChange': '50.9', 'audiAcc': '530083', 'scrnCnt': '587', 'showCnt': '1055'}, {'rnum': '6', 'rank': '6', 'rankInten': '0', 'rankOldAndNew': 'OLD', 'movieCd': '20208245', 'movieNm': '핸섬가이즈', 'openDt': '2024-06-26', 'salesAmt': '250504626', 'salesShare': '3.6', 'salesInten': '118243797', 'salesChange': '89.4', 'salesAcc': '15827640270', 'audiCnt': '25681', 'audiInten': '11973', 'audiChange': '87.3', 'audiAcc': '1693336', 'scrnCnt': '516', 'showCnt': '843'}, {'rnum': '7', 'rank': '7', 'rankInten': '4', 'rankOldAndNew': 'OLD', 'movieCd': '20224666', 'movieNm': '파일럿', 'openDt': '2024-07-31', 'salesAmt': '131602367', 'salesShare': '1.9', 'salesInten': '116098367', 'salesChange': '748.8', 'salesAcc': '415856367', 'audiCnt': '12120', 'audiInten': '10299', 'audiChange': '565.6', 'audiAcc': '42425', 'scrnCnt': '38', 'showCnt': '47'}, {'rnum': '8', 'rank': '8', 'rankInten': '-1', 'rankOldAndNew': 'OLD', 'movieCd': '20208911', 'movieNm': '탈출: 프로젝트 사일런스', 'openDt': '2024-07-12', 'salesAmt': '80245763', 'salesShare': '1.1', 'salesInten': '20514709', 'salesChange': '34.3', 'salesAcc': '6474167126', 'audiCnt': '8198', 'audiInten': '2114', 'audiChange': '34.7', 'audiAcc': '663939', 'scrnCnt': '323', 'showCnt': '480'}, {'rnum': '9', 'rank': '9', 'rankInten': '0', 'rankOldAndNew': 'NEW', 'movieCd': '20249733', 'movieNm': '사랑의 하츄핑', 'openDt': '2024-08-07', 'salesAmt': '48809950', 'salesShare': '0.7', 'salesInten': '48809950', 'salesChange': '100', 'salesAcc': '88796950', 'audiCnt': '4061', 'audiInten': '4061', 'audiChange': '100', 'audiAcc': '8111', 'scrnCnt': '15', 'showCnt': '17'}, {'rnum': '10', 'rank': '10', 'rankInten': '2', 'rankOldAndNew': 'OLD', 'movieCd': '20235926', 'movieNm': '퍼펙트 데이즈', 'openDt': '2024-07-03', 'salesAmt': '34665334', 'salesShare': '0.5', 'salesInten': '17599778', 'salesChange': '103.1', 'salesAcc': '590446892', 'audiCnt': '3531', 'audiInten': '1752', 'audiChange': '98.5', 'audiAcc': '62397', 'scrnCnt': '57', 'showCnt': '75'}]}}
[2024-07-31T10:35:50.100+0900] {process_utils.py:191} INFO -   rnum rank rankInten rankOldAndNew  ...  audiAcc scrnCnt showCnt   load_dt
[2024-07-31T10:35:50.101+0900] {process_utils.py:191} INFO - 0    1    1         0           OLD  ...   839696    1948    8847  20240727
[2024-07-31T10:35:50.101+0900] {process_utils.py:191} INFO - 1    2    2         0           OLD  ...   442931    1167    4490  20240727
[2024-07-31T10:35:50.102+0900] {process_utils.py:191} INFO - 2    3    3         0           OLD  ...  2199605     875    2337  20240727
[2024-07-31T10:35:50.102+0900] {process_utils.py:191} INFO - 3    4    4         0           OLD  ...  8233699     769    1616  20240727
[2024-07-31T10:35:50.103+0900] {process_utils.py:191} INFO - 4    5    5         0           OLD  ...   530083     587    1055  20240727
[2024-07-31T10:35:50.103+0900] {process_utils.py:191} INFO - 
[2024-07-31T10:35:50.103+0900] {process_utils.py:191} INFO - [5 rows x 19 columns]
[2024-07-31T10:35:50.104+0900] {process_utils.py:191} INFO -   rnum rank rankInten rankOldAndNew  ...  audiAcc scrnCnt showCnt   load_dt
[2024-07-31T10:35:50.104+0900] {process_utils.py:191} INFO - 0    1    1         0           OLD  ...   839696    1948    8847  20240727
[2024-07-31T10:35:50.105+0900] {process_utils.py:191} INFO - 1    2    2         0           OLD  ...   442931    1167    4490  20240727
[2024-07-31T10:35:50.105+0900] {process_utils.py:191} INFO - 2    3    3         0           OLD  ...  2199605     875    2337  20240727
[2024-07-31T10:35:50.105+0900] {process_utils.py:191} INFO - 3    4    4         0           OLD  ...  8233699     769    1616  20240727
[2024-07-31T10:35:50.106+0900] {process_utils.py:191} INFO - 4    5    5         0           OLD  ...   530083     587    1055  20240727
[2024-07-31T10:35:50.106+0900] {process_utils.py:191} INFO - 
[2024-07-31T10:35:50.106+0900] {process_utils.py:191} INFO - [5 rows x 19 columns]
[2024-07-31T10:35:50.540+0900] {python.py:237} INFO - Done. Returned value was: None
[2024-07-31T10:35:50.540+0900] {taskinstance.py:441} INFO - ::group::Post task execution logs
[2024-07-31T10:35:50.544+0900] {taskinstance.py:1206} INFO - Marking task as SUCCESS. dag_id=movie, task_id=get.data, run_id=scheduled__2024-07-27T02:10:00+00:00, execution_date=20240727T021000, start_date=20240731T013526, end_date=20240731T013550
[2024-07-31T10:35:50.575+0900] {local_task_job_runner.py:243} INFO - Task exited with return code 0
[2024-07-31T10:35:50.584+0900] {taskinstance.py:3503} INFO - 1 downstream tasks scheduled from follow-on schedule check
[2024-07-31T10:35:50.584+0900] {local_task_job_runner.py:222} INFO - ::endgroup::
[2024-07-31T16:37:47.339+0900] {local_task_job_runner.py:120} INFO - ::group::Pre task execution logs
[2024-07-31T16:37:47.351+0900] {taskinstance.py:2076} INFO - Dependencies all met for dep_context=non-requeueable deps ti=<TaskInstance: movie.get.data scheduled__2024-07-27T02:10:00+00:00 [queued]>
[2024-07-31T16:37:47.354+0900] {taskinstance.py:2076} INFO - Dependencies all met for dep_context=requeueable deps ti=<TaskInstance: movie.get.data scheduled__2024-07-27T02:10:00+00:00 [queued]>
[2024-07-31T16:37:47.354+0900] {taskinstance.py:2306} INFO - Starting attempt 1 of 2
[2024-07-31T16:37:47.361+0900] {taskinstance.py:2330} INFO - Executing <Task(PythonVirtualenvOperator): get.data> on 2024-07-27 02:10:00+00:00
[2024-07-31T16:37:47.363+0900] {standard_task_runner.py:64} INFO - Started process 19517 to run task
[2024-07-31T16:37:47.366+0900] {standard_task_runner.py:90} INFO - Running: ['airflow', 'tasks', 'run', 'movie', 'get.data', 'scheduled__2024-07-27T02:10:00+00:00', '--job-id', '815', '--raw', '--subdir', 'DAGS_FOLDER/movie.py', '--cfg-path', '/var/folders/qv/0knwm5h50ml0skpppwpbks_r0000gp/T/tmpemttoiz9']
[2024-07-31T16:37:47.367+0900] {standard_task_runner.py:91} INFO - Job 815: Subtask get.data
[2024-07-31T16:37:47.382+0900] {task_command.py:426} INFO - Running <TaskInstance: movie.get.data scheduled__2024-07-27T02:10:00+00:00 [running]> on host jeongui-MacBookPro.local
[2024-07-31T16:37:47.402+0900] {taskinstance.py:2648} INFO - Exporting env vars: AIRFLOW_CTX_DAG_OWNER='airflow' AIRFLOW_CTX_DAG_ID='movie' AIRFLOW_CTX_TASK_ID='get.data' AIRFLOW_CTX_EXECUTION_DATE='2024-07-27T02:10:00+00:00' AIRFLOW_CTX_TRY_NUMBER='1' AIRFLOW_CTX_DAG_RUN_ID='scheduled__2024-07-27T02:10:00+00:00'
[2024-07-31T16:37:47.402+0900] {taskinstance.py:430} INFO - ::endgroup::
[2024-07-31T16:37:47.408+0900] {baseoperator.py:400} WARNING - PythonVirtualenvOperator.execute cannot be called outside TaskInstance!
[2024-07-31T16:37:47.408+0900] {process_utils.py:183} INFO - Executing cmd: /Users/DE32/.pyenv/versions/3.11.9/envs/note/bin/python -m virtualenv /var/folders/qv/0knwm5h50ml0skpppwpbks_r0000gp/T/venv__xt7aug --python=python
[2024-07-31T16:37:47.410+0900] {process_utils.py:187} INFO - Output:
[2024-07-31T16:37:47.585+0900] {process_utils.py:191} INFO - created virtual environment CPython3.11.9.final.0-64 in 117ms
[2024-07-31T16:37:47.586+0900] {process_utils.py:191} INFO -   creator CPython3Posix(dest=/private/var/folders/qv/0knwm5h50ml0skpppwpbks_r0000gp/T/venv__xt7aug, clear=False, no_vcs_ignore=False, global=False)
[2024-07-31T16:37:47.586+0900] {process_utils.py:191} INFO -   seeder FromAppData(download=False, pip=bundle, setuptools=bundle, wheel=bundle, via=copy, app_data_dir=/Users/DE32/Library/Application Support/virtualenv)
[2024-07-31T16:37:47.586+0900] {process_utils.py:191} INFO -     added seed packages: pip==24.1.2, setuptools==70.2.0, wheel==0.43.0
[2024-07-31T16:37:47.586+0900] {process_utils.py:191} INFO -   activators BashActivator,CShellActivator,FishActivator,NushellActivator,PowerShellActivator,PythonActivator
[2024-07-31T16:37:47.597+0900] {process_utils.py:183} INFO - Executing cmd: /var/folders/qv/0knwm5h50ml0skpppwpbks_r0000gp/T/venv__xt7aug/bin/pip install -r /var/folders/qv/0knwm5h50ml0skpppwpbks_r0000gp/T/venv__xt7aug/requirements.txt
[2024-07-31T16:37:47.599+0900] {process_utils.py:187} INFO - Output:
[2024-07-31T16:37:48.443+0900] {process_utils.py:191} INFO - Collecting git+https://github.com/Jeonghoon2/movie.git@0.2/api (from -r /var/folders/qv/0knwm5h50ml0skpppwpbks_r0000gp/T/venv__xt7aug/requirements.txt (line 1))
[2024-07-31T16:37:48.443+0900] {process_utils.py:191} INFO -   Cloning https://github.com/Jeonghoon2/movie.git (to revision 0.2/api) to /private/var/folders/qv/0knwm5h50ml0skpppwpbks_r0000gp/T/pip-req-build-krdthfvd
[2024-07-31T16:37:48.454+0900] {process_utils.py:191} INFO -   Running command git clone --filter=blob:none --quiet https://github.com/Jeonghoon2/movie.git /private/var/folders/qv/0knwm5h50ml0skpppwpbks_r0000gp/T/pip-req-build-krdthfvd
[2024-07-31T16:37:49.761+0900] {process_utils.py:191} INFO -   Running command git checkout -b 0.2/api --track origin/0.2/api
[2024-07-31T16:37:50.451+0900] {process_utils.py:191} INFO -   Switched to a new branch '0.2/api'
[2024-07-31T16:37:50.452+0900] {process_utils.py:191} INFO -   branch '0.2/api' set up to track 'origin/0.2/api'.
[2024-07-31T16:37:50.452+0900] {process_utils.py:191} INFO -   Resolved https://github.com/Jeonghoon2/movie.git to commit 34de3b5e993ea074744539373447116355ac95da
[2024-07-31T16:37:50.473+0900] {process_utils.py:191} INFO -   Installing build dependencies: started
[2024-07-31T16:37:51.356+0900] {process_utils.py:191} INFO -   Installing build dependencies: finished with status 'done'
[2024-07-31T16:37:51.356+0900] {process_utils.py:191} INFO -   Getting requirements to build wheel: started
[2024-07-31T16:37:51.478+0900] {process_utils.py:191} INFO -   Getting requirements to build wheel: finished with status 'done'
[2024-07-31T16:37:51.480+0900] {process_utils.py:191} INFO -   Preparing metadata (pyproject.toml): started
[2024-07-31T16:37:51.604+0900] {process_utils.py:191} INFO -   Preparing metadata (pyproject.toml): finished with status 'done'
[2024-07-31T16:37:51.671+0900] {process_utils.py:191} INFO - Collecting requests>=2.32.3 (from mov==0.1.0->-r /var/folders/qv/0knwm5h50ml0skpppwpbks_r0000gp/T/venv__xt7aug/requirements.txt (line 1))
[2024-07-31T16:37:51.672+0900] {process_utils.py:191} INFO -   Using cached requests-2.32.3-py3-none-any.whl.metadata (4.6 kB)
[2024-07-31T16:37:51.738+0900] {process_utils.py:191} INFO - Collecting pandas>=2.2.2 (from mov==0.1.0->-r /var/folders/qv/0knwm5h50ml0skpppwpbks_r0000gp/T/venv__xt7aug/requirements.txt (line 1))
[2024-07-31T16:37:51.739+0900] {process_utils.py:191} INFO -   Using cached pandas-2.2.2-cp311-cp311-macosx_11_0_arm64.whl.metadata (19 kB)
[2024-07-31T16:37:51.836+0900] {process_utils.py:191} INFO - Collecting numpy>=2.0.1 (from mov==0.1.0->-r /var/folders/qv/0knwm5h50ml0skpppwpbks_r0000gp/T/venv__xt7aug/requirements.txt (line 1))
[2024-07-31T16:37:51.838+0900] {process_utils.py:191} INFO -   Using cached numpy-2.0.1-cp311-cp311-macosx_14_0_arm64.whl.metadata (60 kB)
[2024-07-31T16:37:51.885+0900] {process_utils.py:191} INFO - Collecting pyarrow>=17.0.0 (from mov==0.1.0->-r /var/folders/qv/0knwm5h50ml0skpppwpbks_r0000gp/T/venv__xt7aug/requirements.txt (line 1))
[2024-07-31T16:37:51.886+0900] {process_utils.py:191} INFO -   Using cached pyarrow-17.0.0-cp311-cp311-macosx_11_0_arm64.whl.metadata (3.3 kB)
[2024-07-31T16:37:51.906+0900] {process_utils.py:191} INFO - Collecting python-dateutil>=2.8.2 (from pandas>=2.2.2->mov==0.1.0->-r /var/folders/qv/0knwm5h50ml0skpppwpbks_r0000gp/T/venv__xt7aug/requirements.txt (line 1))
[2024-07-31T16:37:51.907+0900] {process_utils.py:191} INFO -   Using cached python_dateutil-2.9.0.post0-py2.py3-none-any.whl.metadata (8.4 kB)
[2024-07-31T16:37:51.937+0900] {process_utils.py:191} INFO - Collecting pytz>=2020.1 (from pandas>=2.2.2->mov==0.1.0->-r /var/folders/qv/0knwm5h50ml0skpppwpbks_r0000gp/T/venv__xt7aug/requirements.txt (line 1))
[2024-07-31T16:37:51.937+0900] {process_utils.py:191} INFO -   Using cached pytz-2024.1-py2.py3-none-any.whl.metadata (22 kB)
[2024-07-31T16:37:51.950+0900] {process_utils.py:191} INFO - Collecting tzdata>=2022.7 (from pandas>=2.2.2->mov==0.1.0->-r /var/folders/qv/0knwm5h50ml0skpppwpbks_r0000gp/T/venv__xt7aug/requirements.txt (line 1))
[2024-07-31T16:37:51.951+0900] {process_utils.py:191} INFO -   Using cached tzdata-2024.1-py2.py3-none-any.whl.metadata (1.4 kB)
[2024-07-31T16:37:51.993+0900] {process_utils.py:191} INFO - Collecting charset-normalizer<4,>=2 (from requests>=2.32.3->mov==0.1.0->-r /var/folders/qv/0knwm5h50ml0skpppwpbks_r0000gp/T/venv__xt7aug/requirements.txt (line 1))
[2024-07-31T16:37:51.994+0900] {process_utils.py:191} INFO -   Using cached charset_normalizer-3.3.2-cp311-cp311-macosx_11_0_arm64.whl.metadata (33 kB)
[2024-07-31T16:37:52.008+0900] {process_utils.py:191} INFO - Collecting idna<4,>=2.5 (from requests>=2.32.3->mov==0.1.0->-r /var/folders/qv/0knwm5h50ml0skpppwpbks_r0000gp/T/venv__xt7aug/requirements.txt (line 1))
[2024-07-31T16:37:52.008+0900] {process_utils.py:191} INFO -   Using cached idna-3.7-py3-none-any.whl.metadata (9.9 kB)
[2024-07-31T16:37:52.036+0900] {process_utils.py:191} INFO - Collecting urllib3<3,>=1.21.1 (from requests>=2.32.3->mov==0.1.0->-r /var/folders/qv/0knwm5h50ml0skpppwpbks_r0000gp/T/venv__xt7aug/requirements.txt (line 1))
[2024-07-31T16:37:52.037+0900] {process_utils.py:191} INFO -   Using cached urllib3-2.2.2-py3-none-any.whl.metadata (6.4 kB)
[2024-07-31T16:37:52.056+0900] {process_utils.py:191} INFO - Collecting certifi>=2017.4.17 (from requests>=2.32.3->mov==0.1.0->-r /var/folders/qv/0knwm5h50ml0skpppwpbks_r0000gp/T/venv__xt7aug/requirements.txt (line 1))
[2024-07-31T16:37:52.056+0900] {process_utils.py:191} INFO -   Using cached certifi-2024.7.4-py3-none-any.whl.metadata (2.2 kB)
[2024-07-31T16:37:52.080+0900] {process_utils.py:191} INFO - Collecting six>=1.5 (from python-dateutil>=2.8.2->pandas>=2.2.2->mov==0.1.0->-r /var/folders/qv/0knwm5h50ml0skpppwpbks_r0000gp/T/venv__xt7aug/requirements.txt (line 1))
[2024-07-31T16:37:52.081+0900] {process_utils.py:191} INFO -   Using cached six-1.16.0-py2.py3-none-any.whl.metadata (1.8 kB)
[2024-07-31T16:37:52.084+0900] {process_utils.py:191} INFO - Using cached numpy-2.0.1-cp311-cp311-macosx_14_0_arm64.whl (5.3 MB)
[2024-07-31T16:37:52.090+0900] {process_utils.py:191} INFO - Using cached pandas-2.2.2-cp311-cp311-macosx_11_0_arm64.whl (11.3 MB)
[2024-07-31T16:37:52.102+0900] {process_utils.py:191} INFO - Using cached pyarrow-17.0.0-cp311-cp311-macosx_11_0_arm64.whl (27.2 MB)
[2024-07-31T16:37:52.129+0900] {process_utils.py:191} INFO - Using cached requests-2.32.3-py3-none-any.whl (64 kB)
[2024-07-31T16:37:52.130+0900] {process_utils.py:191} INFO - Using cached certifi-2024.7.4-py3-none-any.whl (162 kB)
[2024-07-31T16:37:52.131+0900] {process_utils.py:191} INFO - Using cached charset_normalizer-3.3.2-cp311-cp311-macosx_11_0_arm64.whl (118 kB)
[2024-07-31T16:37:52.132+0900] {process_utils.py:191} INFO - Using cached idna-3.7-py3-none-any.whl (66 kB)
[2024-07-31T16:37:52.133+0900] {process_utils.py:191} INFO - Using cached python_dateutil-2.9.0.post0-py2.py3-none-any.whl (229 kB)
[2024-07-31T16:37:52.134+0900] {process_utils.py:191} INFO - Using cached pytz-2024.1-py2.py3-none-any.whl (505 kB)
[2024-07-31T16:37:52.135+0900] {process_utils.py:191} INFO - Using cached tzdata-2024.1-py2.py3-none-any.whl (345 kB)
[2024-07-31T16:37:52.136+0900] {process_utils.py:191} INFO - Using cached urllib3-2.2.2-py3-none-any.whl (121 kB)
[2024-07-31T16:37:52.137+0900] {process_utils.py:191} INFO - Using cached six-1.16.0-py2.py3-none-any.whl (11 kB)
[2024-07-31T16:37:52.178+0900] {process_utils.py:191} INFO - Building wheels for collected packages: mov
[2024-07-31T16:37:52.191+0900] {process_utils.py:191} INFO -   Building wheel for mov (pyproject.toml): started
[2024-07-31T16:37:52.324+0900] {process_utils.py:191} INFO -   Building wheel for mov (pyproject.toml): finished with status 'done'
[2024-07-31T16:37:52.325+0900] {process_utils.py:191} INFO -   Created wheel for mov: filename=mov-0.1.0-py3-none-any.whl size=3035 sha256=557b0cbd27bfcada0a1f4ec3628647a2cc35e9bc20ca711c44e10ccff2b9b217
[2024-07-31T16:37:52.325+0900] {process_utils.py:191} INFO -   Stored in directory: /private/var/folders/qv/0knwm5h50ml0skpppwpbks_r0000gp/T/pip-ephem-wheel-cache-vvowta5w/wheels/cf/ab/a7/d0c528d20fa8a5f19e169bdf1d98f2b2cefe79d8527bb89200
[2024-07-31T16:37:52.326+0900] {process_utils.py:191} INFO - Successfully built mov
[2024-07-31T16:37:52.354+0900] {process_utils.py:191} INFO - Installing collected packages: pytz, urllib3, tzdata, six, numpy, idna, charset-normalizer, certifi, requests, python-dateutil, pyarrow, pandas, mov
[2024-07-31T16:37:56.808+0900] {process_utils.py:191} INFO - Successfully installed certifi-2024.7.4 charset-normalizer-3.3.2 idna-3.7 mov-0.1.0 numpy-2.0.1 pandas-2.2.2 pyarrow-17.0.0 python-dateutil-2.9.0.post0 pytz-2024.1 requests-2.32.3 six-1.16.0 tzdata-2024.1 urllib3-2.2.2
[2024-07-31T16:37:56.811+0900] {process_utils.py:191} INFO - 
[2024-07-31T16:37:56.811+0900] {process_utils.py:191} INFO - [notice] A new release of pip is available: 24.1.2 -> 24.2
[2024-07-31T16:37:56.811+0900] {process_utils.py:191} INFO - [notice] To update, run: python -m pip install --upgrade pip
[2024-07-31T16:37:56.942+0900] {process_utils.py:183} INFO - Executing cmd: /var/folders/qv/0knwm5h50ml0skpppwpbks_r0000gp/T/venv__xt7aug/bin/python /var/folders/qv/0knwm5h50ml0skpppwpbks_r0000gp/T/venv-call5t9t8qls/script.py /var/folders/qv/0knwm5h50ml0skpppwpbks_r0000gp/T/venv-call5t9t8qls/script.in /var/folders/qv/0knwm5h50ml0skpppwpbks_r0000gp/T/venv-call5t9t8qls/script.out /var/folders/qv/0knwm5h50ml0skpppwpbks_r0000gp/T/venv-call5t9t8qls/string_args.txt /var/folders/qv/0knwm5h50ml0skpppwpbks_r0000gp/T/venv-call5t9t8qls/termination.log
[2024-07-31T16:37:56.944+0900] {process_utils.py:187} INFO - Output:
[2024-07-31T16:38:12.384+0900] {process_utils.py:191} INFO - {'boxOfficeResult': {'boxofficeType': '일별 박스오피스', 'showRange': '20240727~20240727', 'dailyBoxOfficeList': [{'rnum': '1', 'rank': '1', 'rankInten': '0', 'rankOldAndNew': 'OLD', 'movieCd': '20247781', 'movieNm': '데드풀과 울버린', 'openDt': '2024-07-24', 'salesAmt': '3267943467', 'salesShare': '46.3', 'salesInten': '1529420369', 'salesChange': '88', 'salesAcc': '8735597740', 'audiCnt': '311601', 'audiInten': '146944', 'audiChange': '89.2', 'audiAcc': '839684', 'scrnCnt': '1948', 'showCnt': '8847'}, {'rnum': '2', 'rank': '2', 'rankInten': '0', 'rankOldAndNew': 'OLD', 'movieCd': '20247440', 'movieNm': '슈퍼배드 4', 'openDt': '2024-07-24', 'salesAmt': '1365645842', 'salesShare': '19.4', 'salesInten': '756528536', 'salesChange': '124.2', 'salesAcc': '4130750924', 'audiCnt': '145871', 'audiInten': '80760', 'audiChange': '124', 'audiAcc': '442928', 'scrnCnt': '1167', 'showCnt': '4490'}, {'rnum': '3', 'rank': '3', 'rankInten': '0', 'rankOldAndNew': 'OLD', 'movieCd': '20212932', 'movieNm': '탈주', 'openDt': '2024-07-03', 'salesAmt': '797446562', 'salesShare': '11.3', 'salesInten': '387746217', 'salesChange': '94.6', 'salesAcc': '20857431087', 'audiCnt': '82603', 'audiInten': '40233', 'audiChange': '95', 'audiAcc': '2199605', 'scrnCnt': '875', 'showCnt': '2337'}, {'rnum': '4', 'rank': '4', 'rankInten': '0', 'rankOldAndNew': 'OLD', 'movieCd': '20235974', 'movieNm': '인사이드 아웃 2', 'openDt': '2024-06-12', 'salesAmt': '544154166', 'salesShare': '7.7', 'salesInten': '293178577', 'salesChange': '116.8', 'salesAcc': '79173567719', 'audiCnt': '55961', 'audiInten': '30162', 'audiChange': '116.9', 'audiAcc': '8233696', 'scrnCnt': '769', 'showCnt': '1616'}, {'rnum': '5', 'rank': '5', 'rankInten': '0', 'rankOldAndNew': 'OLD', 'movieCd': '20240983', 'movieNm': '명탐정 코난: 100만 달러의 펜타그램', 'openDt': '2024-07-17', 'salesAmt': '265643931', 'salesShare': '3.8', 'salesInten': '89146094', 'salesChange': '50.5', 'salesAcc': '5219084821', 'audiCnt': '27516', 'audiInten': '9278', 'audiChange': '50.9', 'audiAcc': '530083', 'scrnCnt': '587', 'showCnt': '1055'}, {'rnum': '6', 'rank': '6', 'rankInten': '0', 'rankOldAndNew': 'OLD', 'movieCd': '20208245', 'movieNm': '핸섬가이즈', 'openDt': '2024-06-26', 'salesAmt': '250504626', 'salesShare': '3.6', 'salesInten': '118243797', 'salesChange': '89.4', 'salesAcc': '15828297270', 'audiCnt': '25681', 'audiInten': '11973', 'audiChange': '87.3', 'audiAcc': '1693423', 'scrnCnt': '516', 'showCnt': '843'}, {'rnum': '7', 'rank': '7', 'rankInten': '4', 'rankOldAndNew': 'OLD', 'movieCd': '20224666', 'movieNm': '파일럿', 'openDt': '2024-07-31', 'salesAmt': '131602367', 'salesShare': '1.9', 'salesInten': '116098367', 'salesChange': '748.8', 'salesAcc': '415856367', 'audiCnt': '12120', 'audiInten': '10299', 'audiChange': '565.6', 'audiAcc': '42425', 'scrnCnt': '38', 'showCnt': '47'}, {'rnum': '8', 'rank': '8', 'rankInten': '-1', 'rankOldAndNew': 'OLD', 'movieCd': '20208911', 'movieNm': '탈출: 프로젝트 사일런스', 'openDt': '2024-07-12', 'salesAmt': '80245763', 'salesShare': '1.1', 'salesInten': '20514709', 'salesChange': '34.3', 'salesAcc': '6474167126', 'audiCnt': '8198', 'audiInten': '2114', 'audiChange': '34.7', 'audiAcc': '663939', 'scrnCnt': '323', 'showCnt': '480'}, {'rnum': '9', 'rank': '9', 'rankInten': '0', 'rankOldAndNew': 'NEW', 'movieCd': '20249733', 'movieNm': '사랑의 하츄핑', 'openDt': '2024-08-07', 'salesAmt': '48809950', 'salesShare': '0.7', 'salesInten': '48809950', 'salesChange': '100', 'salesAcc': '88796950', 'audiCnt': '4061', 'audiInten': '4061', 'audiChange': '100', 'audiAcc': '8111', 'scrnCnt': '15', 'showCnt': '17'}, {'rnum': '10', 'rank': '10', 'rankInten': '2', 'rankOldAndNew': 'OLD', 'movieCd': '20235926', 'movieNm': '퍼펙트 데이즈', 'openDt': '2024-07-03', 'salesAmt': '34665334', 'salesShare': '0.5', 'salesInten': '17599778', 'salesChange': '103.1', 'salesAcc': '590446892', 'audiCnt': '3531', 'audiInten': '1752', 'audiChange': '98.5', 'audiAcc': '62397', 'scrnCnt': '57', 'showCnt': '75'}]}}
[2024-07-31T16:38:12.385+0900] {process_utils.py:191} INFO -   rnum rank rankInten rankOldAndNew  ...  audiAcc scrnCnt showCnt   load_dt
[2024-07-31T16:38:12.386+0900] {process_utils.py:191} INFO - 0    1    1         0           OLD  ...   839684    1948    8847  20240727
[2024-07-31T16:38:12.386+0900] {process_utils.py:191} INFO - 1    2    2         0           OLD  ...   442928    1167    4490  20240727
[2024-07-31T16:38:12.386+0900] {process_utils.py:191} INFO - 2    3    3         0           OLD  ...  2199605     875    2337  20240727
[2024-07-31T16:38:12.387+0900] {process_utils.py:191} INFO - 3    4    4         0           OLD  ...  8233696     769    1616  20240727
[2024-07-31T16:38:12.387+0900] {process_utils.py:191} INFO - 4    5    5         0           OLD  ...   530083     587    1055  20240727
[2024-07-31T16:38:12.388+0900] {process_utils.py:191} INFO - 
[2024-07-31T16:38:12.388+0900] {process_utils.py:191} INFO - [5 rows x 19 columns]
[2024-07-31T16:38:12.388+0900] {process_utils.py:191} INFO -   rnum rank rankInten rankOldAndNew  ...  audiAcc scrnCnt showCnt   load_dt
[2024-07-31T16:38:12.389+0900] {process_utils.py:191} INFO - 0    1    1         0           OLD  ...   839684    1948    8847  20240727
[2024-07-31T16:38:12.389+0900] {process_utils.py:191} INFO - 1    2    2         0           OLD  ...   442928    1167    4490  20240727
[2024-07-31T16:38:12.389+0900] {process_utils.py:191} INFO - 2    3    3         0           OLD  ...  2199605     875    2337  20240727
[2024-07-31T16:38:12.390+0900] {process_utils.py:191} INFO - 3    4    4         0           OLD  ...  8233696     769    1616  20240727
[2024-07-31T16:38:12.390+0900] {process_utils.py:191} INFO - 4    5    5         0           OLD  ...   530083     587    1055  20240727
[2024-07-31T16:38:12.390+0900] {process_utils.py:191} INFO - 
[2024-07-31T16:38:12.391+0900] {process_utils.py:191} INFO - [5 rows x 19 columns]
[2024-07-31T16:38:12.829+0900] {python.py:237} INFO - Done. Returned value was: None
[2024-07-31T16:38:12.830+0900] {taskinstance.py:441} INFO - ::group::Post task execution logs
[2024-07-31T16:38:12.833+0900] {taskinstance.py:1206} INFO - Marking task as SUCCESS. dag_id=movie, task_id=get.data, run_id=scheduled__2024-07-27T02:10:00+00:00, execution_date=20240727T021000, start_date=20240731T073747, end_date=20240731T073812
[2024-07-31T16:38:12.853+0900] {local_task_job_runner.py:243} INFO - Task exited with return code 0
[2024-07-31T16:38:12.860+0900] {taskinstance.py:3503} INFO - 0 downstream tasks scheduled from follow-on schedule check
[2024-07-31T16:38:12.860+0900] {local_task_job_runner.py:222} INFO - ::endgroup::
