[2024-07-24T14:09:49.813+0900] {local_task_job_runner.py:120} INFO - ::group::Pre task execution logs
[2024-07-24T14:09:49.820+0900] {taskinstance.py:2076} INFO - Dependencies all met for dep_context=non-requeueable deps ti=<TaskInstance: simple_bash.sort.log scheduled__2024-07-17T00:00:00+00:00 [queued]>
[2024-07-24T14:09:49.822+0900] {taskinstance.py:2076} INFO - Dependencies all met for dep_context=requeueable deps ti=<TaskInstance: simple_bash.sort.log scheduled__2024-07-17T00:00:00+00:00 [queued]>
[2024-07-24T14:09:49.822+0900] {taskinstance.py:2306} INFO - Starting attempt 1 of 2
[2024-07-24T14:09:49.827+0900] {taskinstance.py:2330} INFO - Executing <Task(BashOperator): sort.log> on 2024-07-17 00:00:00+00:00
[2024-07-24T14:09:49.829+0900] {standard_task_runner.py:64} INFO - Started process 89717 to run task
[2024-07-24T14:09:49.831+0900] {standard_task_runner.py:90} INFO - Running: ['airflow', 'tasks', 'run', 'simple_bash', 'sort.log', 'scheduled__2024-07-17T00:00:00+00:00', '--job-id', '38', '--raw', '--subdir', 'DAGS_FOLDER/simple_bash.py', '--cfg-path', '/var/folders/qv/0knwm5h50ml0skpppwpbks_r0000gp/T/tmp6l8mxxlv']
[2024-07-24T14:09:49.833+0900] {standard_task_runner.py:91} INFO - Job 38: Subtask sort.log
[2024-07-24T14:09:49.846+0900] {task_command.py:426} INFO - Running <TaskInstance: simple_bash.sort.log scheduled__2024-07-17T00:00:00+00:00 [running]> on host jeongui-MacBookPro.local
[2024-07-24T14:09:49.868+0900] {taskinstance.py:2648} INFO - Exporting env vars: AIRFLOW_CTX_DAG_OWNER='airflow' AIRFLOW_CTX_DAG_ID='simple_bash' AIRFLOW_CTX_TASK_ID='sort.log' AIRFLOW_CTX_EXECUTION_DATE='2024-07-17T00:00:00+00:00' AIRFLOW_CTX_TRY_NUMBER='1' AIRFLOW_CTX_DAG_RUN_ID='scheduled__2024-07-17T00:00:00+00:00'
[2024-07-24T14:09:49.868+0900] {taskinstance.py:430} INFO - ::endgroup::
[2024-07-24T14:09:49.874+0900] {subprocess.py:63} INFO - Tmp dir root location: /var/folders/qv/0knwm5h50ml0skpppwpbks_r0000gp/T
[2024-07-24T14:09:49.874+0900] {subprocess.py:75} INFO - Running command: ['/bin/bash', '-c', '\n            echo "sort"\n        ']
[2024-07-24T14:09:49.877+0900] {subprocess.py:86} INFO - Output:
[2024-07-24T14:09:49.879+0900] {subprocess.py:93} INFO - sort
[2024-07-24T14:09:49.879+0900] {subprocess.py:97} INFO - Command exited with return code 0
[2024-07-24T14:09:49.880+0900] {taskinstance.py:441} INFO - ::group::Post task execution logs
[2024-07-24T14:09:49.885+0900] {taskinstance.py:1206} INFO - Marking task as SUCCESS. dag_id=simple_bash, task_id=sort.log, run_id=scheduled__2024-07-17T00:00:00+00:00, execution_date=20240717T000000, start_date=20240724T050949, end_date=20240724T050949
[2024-07-24T14:09:49.892+0900] {local_task_job_runner.py:243} INFO - Task exited with return code 0
[2024-07-24T14:09:49.900+0900] {taskinstance.py:3503} INFO - 1 downstream tasks scheduled from follow-on schedule check
[2024-07-24T14:09:49.901+0900] {local_task_job_runner.py:222} INFO - ::endgroup::
[2024-07-24T14:22:01.806+0900] {local_task_job_runner.py:120} INFO - ::group::Pre task execution logs
[2024-07-24T14:22:01.814+0900] {taskinstance.py:2076} INFO - Dependencies all met for dep_context=non-requeueable deps ti=<TaskInstance: simple_bash.sort.log scheduled__2024-07-17T00:00:00+00:00 [queued]>
[2024-07-24T14:22:01.816+0900] {taskinstance.py:2076} INFO - Dependencies all met for dep_context=requeueable deps ti=<TaskInstance: simple_bash.sort.log scheduled__2024-07-17T00:00:00+00:00 [queued]>
[2024-07-24T14:22:01.816+0900] {taskinstance.py:2306} INFO - Starting attempt 1 of 1
[2024-07-24T14:22:01.820+0900] {taskinstance.py:2330} INFO - Executing <Task(BashOperator): sort.log> on 2024-07-17 00:00:00+00:00
[2024-07-24T14:22:01.823+0900] {standard_task_runner.py:64} INFO - Started process 91081 to run task
[2024-07-24T14:22:01.825+0900] {standard_task_runner.py:90} INFO - Running: ['airflow', 'tasks', 'run', 'simple_bash', 'sort.log', 'scheduled__2024-07-17T00:00:00+00:00', '--job-id', '134', '--raw', '--subdir', 'DAGS_FOLDER/simple_bash.py', '--cfg-path', '/var/folders/qv/0knwm5h50ml0skpppwpbks_r0000gp/T/tmpj8pyz_3d']
[2024-07-24T14:22:01.827+0900] {standard_task_runner.py:91} INFO - Job 134: Subtask sort.log
[2024-07-24T14:22:01.840+0900] {task_command.py:426} INFO - Running <TaskInstance: simple_bash.sort.log scheduled__2024-07-17T00:00:00+00:00 [running]> on host jeongui-MacBookPro.local
[2024-07-24T14:22:01.862+0900] {taskinstance.py:2648} INFO - Exporting env vars: AIRFLOW_CTX_DAG_OWNER='airflow' AIRFLOW_CTX_DAG_ID='simple_bash' AIRFLOW_CTX_TASK_ID='sort.log' AIRFLOW_CTX_EXECUTION_DATE='2024-07-17T00:00:00+00:00' AIRFLOW_CTX_TRY_NUMBER='1' AIRFLOW_CTX_DAG_RUN_ID='scheduled__2024-07-17T00:00:00+00:00'
[2024-07-24T14:22:01.863+0900] {taskinstance.py:430} INFO - ::endgroup::
[2024-07-24T14:22:01.868+0900] {subprocess.py:63} INFO - Tmp dir root location: /var/folders/qv/0knwm5h50ml0skpppwpbks_r0000gp/T
[2024-07-24T14:22:01.869+0900] {subprocess.py:75} INFO - Running command: ['/bin/bash', '-c', '\n            echo "sort"\n\t\t\tLANG=C\n\t\t\tmkdir -p ~/data/sort/20240717\n\t\t\tcat ~/data/cut/20240717/cut.log | sort > ~/data/sort/20240717/sort.log\n        ']
[2024-07-24T14:22:01.872+0900] {subprocess.py:86} INFO - Output:
[2024-07-24T14:22:01.873+0900] {subprocess.py:93} INFO - sort
[2024-07-24T14:22:01.877+0900] {subprocess.py:97} INFO - Command exited with return code 0
[2024-07-24T14:22:01.878+0900] {taskinstance.py:441} INFO - ::group::Post task execution logs
[2024-07-24T14:22:01.885+0900] {taskinstance.py:1206} INFO - Marking task as SUCCESS. dag_id=simple_bash, task_id=sort.log, run_id=scheduled__2024-07-17T00:00:00+00:00, execution_date=20240717T000000, start_date=20240724T052201, end_date=20240724T052201
[2024-07-24T14:22:01.932+0900] {local_task_job_runner.py:243} INFO - Task exited with return code 0
[2024-07-24T14:22:01.942+0900] {taskinstance.py:3503} INFO - 1 downstream tasks scheduled from follow-on schedule check
[2024-07-24T14:22:01.943+0900] {local_task_job_runner.py:222} INFO - ::endgroup::
