[2024-07-24T14:11:26.197+0900] {local_task_job_runner.py:120} INFO - ::group::Pre task execution logs
[2024-07-24T14:11:26.204+0900] {taskinstance.py:2076} INFO - Dependencies all met for dep_context=non-requeueable deps ti=<TaskInstance: simple_bash.copy.log scheduled__2024-07-22T00:00:00+00:00 [queued]>
[2024-07-24T14:11:26.207+0900] {taskinstance.py:2076} INFO - Dependencies all met for dep_context=requeueable deps ti=<TaskInstance: simple_bash.copy.log scheduled__2024-07-22T00:00:00+00:00 [queued]>
[2024-07-24T14:11:26.207+0900] {taskinstance.py:2306} INFO - Starting attempt 2 of 2
[2024-07-24T14:11:26.211+0900] {taskinstance.py:2330} INFO - Executing <Task(BashOperator): copy.log> on 2024-07-22 00:00:00+00:00
[2024-07-24T14:11:26.213+0900] {standard_task_runner.py:64} INFO - Started process 89787 to run task
[2024-07-24T14:11:26.216+0900] {standard_task_runner.py:90} INFO - Running: ['airflow', 'tasks', 'run', 'simple_bash', 'copy.log', 'scheduled__2024-07-22T00:00:00+00:00', '--job-id', '54', '--raw', '--subdir', 'DAGS_FOLDER/simple_bash.py', '--cfg-path', '/var/folders/qv/0knwm5h50ml0skpppwpbks_r0000gp/T/tmpw1m_zv_v']
[2024-07-24T14:11:26.217+0900] {standard_task_runner.py:91} INFO - Job 54: Subtask copy.log
[2024-07-24T14:11:26.230+0900] {task_command.py:426} INFO - Running <TaskInstance: simple_bash.copy.log scheduled__2024-07-22T00:00:00+00:00 [running]> on host jeongui-MacBookPro.local
[2024-07-24T14:11:26.254+0900] {taskinstance.py:2648} INFO - Exporting env vars: AIRFLOW_CTX_DAG_OWNER='airflow' AIRFLOW_CTX_DAG_ID='simple_bash' AIRFLOW_CTX_TASK_ID='copy.log' AIRFLOW_CTX_EXECUTION_DATE='2024-07-22T00:00:00+00:00' AIRFLOW_CTX_TRY_NUMBER='2' AIRFLOW_CTX_DAG_RUN_ID='scheduled__2024-07-22T00:00:00+00:00'
[2024-07-24T14:11:26.254+0900] {taskinstance.py:430} INFO - ::endgroup::
[2024-07-24T14:11:26.260+0900] {subprocess.py:63} INFO - Tmp dir root location: /var/folders/qv/0knwm5h50ml0skpppwpbks_r0000gp/T
[2024-07-24T14:11:26.260+0900] {subprocess.py:75} INFO - Running command: ['/bin/bash', '-c', '\n            mkdir -p ~/data/20240722\n            cp ~/logs/history_20240722*.log ~/data/20240722/\n        ']
[2024-07-24T14:11:26.263+0900] {subprocess.py:86} INFO - Output:
[2024-07-24T14:11:26.267+0900] {subprocess.py:93} INFO - cp: /Users/DE32/logs/history_20240722*.log: No such file or directory
[2024-07-24T14:11:26.267+0900] {subprocess.py:97} INFO - Command exited with return code 1
[2024-07-24T14:11:26.268+0900] {taskinstance.py:441} INFO - ::group::Post task execution logs
[2024-07-24T14:11:26.271+0900] {taskinstance.py:2905} ERROR - Task failed with exception
Traceback (most recent call last):
  File "/Users/DE32/.pyenv/versions/3.11.9/envs/note/lib/python3.11/site-packages/airflow/models/taskinstance.py", line 465, in _execute_task
    result = _execute_callable(context=context, **execute_callable_kwargs)
             ^^^^^^^^^^^^^^^^^^^^^^^^^^^^^^^^^^^^^^^^^^^^^^^^^^^^^^^^^^^^^
  File "/Users/DE32/.pyenv/versions/3.11.9/envs/note/lib/python3.11/site-packages/airflow/models/taskinstance.py", line 432, in _execute_callable
    return execute_callable(context=context, **execute_callable_kwargs)
           ^^^^^^^^^^^^^^^^^^^^^^^^^^^^^^^^^^^^^^^^^^^^^^^^^^^^^^^^^^^^
  File "/Users/DE32/.pyenv/versions/3.11.9/envs/note/lib/python3.11/site-packages/airflow/models/baseoperator.py", line 401, in wrapper
    return func(self, *args, **kwargs)
           ^^^^^^^^^^^^^^^^^^^^^^^^^^^
  File "/Users/DE32/.pyenv/versions/3.11.9/envs/note/lib/python3.11/site-packages/airflow/operators/bash.py", line 243, in execute
    raise AirflowException(
airflow.exceptions.AirflowException: Bash command failed. The command returned a non-zero exit code 1.
[2024-07-24T14:11:26.272+0900] {taskinstance.py:1206} INFO - Marking task as FAILED. dag_id=simple_bash, task_id=copy.log, run_id=scheduled__2024-07-22T00:00:00+00:00, execution_date=20240722T000000, start_date=20240724T051126, end_date=20240724T051126
[2024-07-24T14:11:26.276+0900] {standard_task_runner.py:110} ERROR - Failed to execute job 54 for task copy.log (Bash command failed. The command returned a non-zero exit code 1.; 89787)
[2024-07-24T14:11:26.277+0900] {local_task_job_runner.py:243} INFO - Task exited with return code 1
[2024-07-24T14:11:26.285+0900] {taskinstance.py:3503} INFO - 1 downstream tasks scheduled from follow-on schedule check
[2024-07-24T14:11:26.287+0900] {local_task_job_runner.py:222} INFO - ::endgroup::
[2024-07-24T14:34:38.347+0900] {local_task_job_runner.py:120} INFO - ::group::Pre task execution logs
[2024-07-24T14:34:38.355+0900] {taskinstance.py:2076} INFO - Dependencies all met for dep_context=non-requeueable deps ti=<TaskInstance: simple_bash.copy.log scheduled__2024-07-22T00:00:00+00:00 [queued]>
[2024-07-24T14:34:38.357+0900] {taskinstance.py:2076} INFO - Dependencies all met for dep_context=requeueable deps ti=<TaskInstance: simple_bash.copy.log scheduled__2024-07-22T00:00:00+00:00 [queued]>
[2024-07-24T14:34:38.358+0900] {taskinstance.py:2306} INFO - Starting attempt 2 of 2
[2024-07-24T14:34:38.361+0900] {taskinstance.py:2330} INFO - Executing <Task(BashOperator): copy.log> on 2024-07-22 00:00:00+00:00
[2024-07-24T14:34:38.364+0900] {standard_task_runner.py:64} INFO - Started process 92340 to run task
[2024-07-24T14:34:38.366+0900] {standard_task_runner.py:90} INFO - Running: ['airflow', 'tasks', 'run', 'simple_bash', 'copy.log', 'scheduled__2024-07-22T00:00:00+00:00', '--job-id', '174', '--raw', '--subdir', 'DAGS_FOLDER/simple_bash.py', '--cfg-path', '/var/folders/qv/0knwm5h50ml0skpppwpbks_r0000gp/T/tmpo7svj81l']
[2024-07-24T14:34:38.367+0900] {standard_task_runner.py:91} INFO - Job 174: Subtask copy.log
[2024-07-24T14:34:38.381+0900] {task_command.py:426} INFO - Running <TaskInstance: simple_bash.copy.log scheduled__2024-07-22T00:00:00+00:00 [running]> on host jeongui-MacBookPro.local
[2024-07-24T14:34:38.400+0900] {taskinstance.py:2648} INFO - Exporting env vars: AIRFLOW_CTX_DAG_OWNER='airflow' AIRFLOW_CTX_DAG_ID='simple_bash' AIRFLOW_CTX_TASK_ID='copy.log' AIRFLOW_CTX_EXECUTION_DATE='2024-07-22T00:00:00+00:00' AIRFLOW_CTX_TRY_NUMBER='2' AIRFLOW_CTX_DAG_RUN_ID='scheduled__2024-07-22T00:00:00+00:00'
[2024-07-24T14:34:38.401+0900] {taskinstance.py:430} INFO - ::endgroup::
[2024-07-24T14:34:38.406+0900] {subprocess.py:63} INFO - Tmp dir root location: /var/folders/qv/0knwm5h50ml0skpppwpbks_r0000gp/T
[2024-07-24T14:34:38.407+0900] {subprocess.py:75} INFO - Running command: ['/bin/bash', '-c', '\n            mkdir -p ~/data/20240722\n            cp ~/logs/history_20240722*.log ~/data/20240722/\n        ']
[2024-07-24T14:34:38.409+0900] {subprocess.py:86} INFO - Output:
[2024-07-24T14:34:38.413+0900] {subprocess.py:93} INFO - cp: /Users/DE32/logs/history_20240722*.log: No such file or directory
[2024-07-24T14:34:38.413+0900] {subprocess.py:97} INFO - Command exited with return code 1
[2024-07-24T14:34:38.414+0900] {taskinstance.py:441} INFO - ::group::Post task execution logs
[2024-07-24T14:34:38.417+0900] {taskinstance.py:2905} ERROR - Task failed with exception
Traceback (most recent call last):
  File "/Users/DE32/.pyenv/versions/3.11.9/envs/note/lib/python3.11/site-packages/airflow/models/taskinstance.py", line 465, in _execute_task
    result = _execute_callable(context=context, **execute_callable_kwargs)
             ^^^^^^^^^^^^^^^^^^^^^^^^^^^^^^^^^^^^^^^^^^^^^^^^^^^^^^^^^^^^^
  File "/Users/DE32/.pyenv/versions/3.11.9/envs/note/lib/python3.11/site-packages/airflow/models/taskinstance.py", line 432, in _execute_callable
    return execute_callable(context=context, **execute_callable_kwargs)
           ^^^^^^^^^^^^^^^^^^^^^^^^^^^^^^^^^^^^^^^^^^^^^^^^^^^^^^^^^^^^
  File "/Users/DE32/.pyenv/versions/3.11.9/envs/note/lib/python3.11/site-packages/airflow/models/baseoperator.py", line 401, in wrapper
    return func(self, *args, **kwargs)
           ^^^^^^^^^^^^^^^^^^^^^^^^^^^
  File "/Users/DE32/.pyenv/versions/3.11.9/envs/note/lib/python3.11/site-packages/airflow/operators/bash.py", line 243, in execute
    raise AirflowException(
airflow.exceptions.AirflowException: Bash command failed. The command returned a non-zero exit code 1.
[2024-07-24T14:34:38.418+0900] {taskinstance.py:1206} INFO - Marking task as FAILED. dag_id=simple_bash, task_id=copy.log, run_id=scheduled__2024-07-22T00:00:00+00:00, execution_date=20240722T000000, start_date=20240724T053438, end_date=20240724T053438
[2024-07-24T14:34:38.422+0900] {standard_task_runner.py:110} ERROR - Failed to execute job 174 for task copy.log (Bash command failed. The command returned a non-zero exit code 1.; 92340)
[2024-07-24T14:34:38.425+0900] {local_task_job_runner.py:243} INFO - Task exited with return code 1
[2024-07-24T14:34:38.433+0900] {taskinstance.py:3503} INFO - 1 downstream tasks scheduled from follow-on schedule check
[2024-07-24T14:34:38.434+0900] {local_task_job_runner.py:222} INFO - ::endgroup::
