[2024-07-24T16:07:25.763+0900] {local_task_job_runner.py:120} INFO - ::group::Pre task execution logs
[2024-07-24T16:07:25.770+0900] {taskinstance.py:2076} INFO - Dependencies all met for dep_context=non-requeueable deps ti=<TaskInstance: make_parquet.make.done scheduled__2024-07-13T00:00:00+00:00 [queued]>
[2024-07-24T16:07:25.773+0900] {taskinstance.py:2076} INFO - Dependencies all met for dep_context=requeueable deps ti=<TaskInstance: make_parquet.make.done scheduled__2024-07-13T00:00:00+00:00 [queued]>
[2024-07-24T16:07:25.773+0900] {taskinstance.py:2306} INFO - Starting attempt 1 of 1
[2024-07-24T16:07:25.777+0900] {taskinstance.py:2330} INFO - Executing <Task(BashOperator): make.done> on 2024-07-13 00:00:00+00:00
[2024-07-24T16:07:25.779+0900] {standard_task_runner.py:64} INFO - Started process 98007 to run task
[2024-07-24T16:07:25.782+0900] {standard_task_runner.py:90} INFO - Running: ['airflow', 'tasks', 'run', 'make_parquet', 'make.done', 'scheduled__2024-07-13T00:00:00+00:00', '--job-id', '376', '--raw', '--subdir', 'DAGS_FOLDER/make_parquet.py', '--cfg-path', '/var/folders/qv/0knwm5h50ml0skpppwpbks_r0000gp/T/tmp0prm13zx']
[2024-07-24T16:07:25.783+0900] {standard_task_runner.py:91} INFO - Job 376: Subtask make.done
[2024-07-24T16:07:25.797+0900] {task_command.py:426} INFO - Running <TaskInstance: make_parquet.make.done scheduled__2024-07-13T00:00:00+00:00 [running]> on host jeongui-MacBookPro.local
[2024-07-24T16:07:25.820+0900] {taskinstance.py:2648} INFO - Exporting env vars: AIRFLOW_CTX_DAG_OWNER='airflow' AIRFLOW_CTX_DAG_ID='make_parquet' AIRFLOW_CTX_TASK_ID='make.done' AIRFLOW_CTX_EXECUTION_DATE='2024-07-13T00:00:00+00:00' AIRFLOW_CTX_TRY_NUMBER='1' AIRFLOW_CTX_DAG_RUN_ID='scheduled__2024-07-13T00:00:00+00:00'
[2024-07-24T16:07:25.821+0900] {taskinstance.py:430} INFO - ::endgroup::
[2024-07-24T16:07:25.827+0900] {subprocess.py:63} INFO - Tmp dir root location: /var/folders/qv/0knwm5h50ml0skpppwpbks_r0000gp/T
[2024-07-24T16:07:25.827+0900] {subprocess.py:75} INFO - Running command: ['/bin/bash', '-c', '\n            echo "create.table"\n            echo "/Users/DE32/airflow/sql/create_to_talbe.sql"\n            sh /Users/DE32/airflow/sh/create_table.sh /Users/DE32/airflow/sql/create_to_table\n            echo "create done"\n            ']
[2024-07-24T16:07:25.830+0900] {subprocess.py:86} INFO - Output:
[2024-07-24T16:07:25.831+0900] {subprocess.py:93} INFO - create.table
[2024-07-24T16:07:25.832+0900] {subprocess.py:93} INFO - /Users/DE32/airflow/sql/create_to_talbe.sql
[2024-07-24T16:07:25.843+0900] {subprocess.py:93} INFO - create done
[2024-07-24T16:07:25.844+0900] {subprocess.py:97} INFO - Command exited with return code 0
[2024-07-24T16:07:25.844+0900] {taskinstance.py:441} INFO - ::group::Post task execution logs
[2024-07-24T16:07:25.850+0900] {taskinstance.py:1206} INFO - Marking task as SUCCESS. dag_id=make_parquet, task_id=make.done, run_id=scheduled__2024-07-13T00:00:00+00:00, execution_date=20240713T000000, start_date=20240724T070725, end_date=20240724T070725
[2024-07-24T16:07:25.887+0900] {local_task_job_runner.py:243} INFO - Task exited with return code 0
[2024-07-24T16:07:25.894+0900] {taskinstance.py:3503} INFO - 0 downstream tasks scheduled from follow-on schedule check
[2024-07-24T16:07:25.894+0900] {local_task_job_runner.py:222} INFO - ::endgroup::
[2024-07-24T16:35:38.555+0900] {local_task_job_runner.py:120} INFO - ::group::Pre task execution logs
[2024-07-24T16:35:38.562+0900] {taskinstance.py:2076} INFO - Dependencies all met for dep_context=non-requeueable deps ti=<TaskInstance: make_parquet.make.done scheduled__2024-07-13T00:00:00+00:00 [queued]>
[2024-07-24T16:35:38.565+0900] {taskinstance.py:2076} INFO - Dependencies all met for dep_context=requeueable deps ti=<TaskInstance: make_parquet.make.done scheduled__2024-07-13T00:00:00+00:00 [queued]>
[2024-07-24T16:35:38.565+0900] {taskinstance.py:2306} INFO - Starting attempt 1 of 2
[2024-07-24T16:35:38.569+0900] {taskinstance.py:2330} INFO - Executing <Task(BashOperator): make.done> on 2024-07-13 00:00:00+00:00
[2024-07-24T16:35:38.571+0900] {standard_task_runner.py:64} INFO - Started process 913 to run task
[2024-07-24T16:35:38.574+0900] {standard_task_runner.py:90} INFO - Running: ['airflow', 'tasks', 'run', 'make_parquet', 'make.done', 'scheduled__2024-07-13T00:00:00+00:00', '--job-id', '383', '--raw', '--subdir', 'DAGS_FOLDER/make_parquet.py', '--cfg-path', '/var/folders/qv/0knwm5h50ml0skpppwpbks_r0000gp/T/tmpgmd9rg2q']
[2024-07-24T16:35:38.575+0900] {standard_task_runner.py:91} INFO - Job 383: Subtask make.done
[2024-07-24T16:35:38.588+0900] {task_command.py:426} INFO - Running <TaskInstance: make_parquet.make.done scheduled__2024-07-13T00:00:00+00:00 [running]> on host jeongui-MacBookPro.local
[2024-07-24T16:35:38.611+0900] {taskinstance.py:2648} INFO - Exporting env vars: AIRFLOW_CTX_DAG_OWNER='airflow' AIRFLOW_CTX_DAG_ID='make_parquet' AIRFLOW_CTX_TASK_ID='make.done' AIRFLOW_CTX_EXECUTION_DATE='2024-07-13T00:00:00+00:00' AIRFLOW_CTX_TRY_NUMBER='1' AIRFLOW_CTX_DAG_RUN_ID='scheduled__2024-07-13T00:00:00+00:00'
[2024-07-24T16:35:38.611+0900] {taskinstance.py:430} INFO - ::endgroup::
[2024-07-24T16:35:38.617+0900] {subprocess.py:63} INFO - Tmp dir root location: /var/folders/qv/0knwm5h50ml0skpppwpbks_r0000gp/T
[2024-07-24T16:35:38.617+0900] {subprocess.py:75} INFO - Running command: ['/bin/bash', '-c', '\n        PARQUET_DONE_PATH=~/data/done/_parquet/20240713\n        mkdir -p $PARQUET_DONE_PATH\n        echo "PATH=$PARQUET_DONE_PATH"\n        touch $PARQUET_DONE_PATH/_DONE\n        ']
[2024-07-24T16:35:38.620+0900] {subprocess.py:86} INFO - Output:
[2024-07-24T16:35:38.623+0900] {subprocess.py:93} INFO - PATH=/Users/DE32/data/done/_parquet/20240713
[2024-07-24T16:35:38.625+0900] {subprocess.py:97} INFO - Command exited with return code 0
[2024-07-24T16:35:38.625+0900] {taskinstance.py:441} INFO - ::group::Post task execution logs
[2024-07-24T16:35:38.631+0900] {taskinstance.py:1206} INFO - Marking task as SUCCESS. dag_id=make_parquet, task_id=make.done, run_id=scheduled__2024-07-13T00:00:00+00:00, execution_date=20240713T000000, start_date=20240724T073538, end_date=20240724T073538
[2024-07-24T16:35:38.679+0900] {local_task_job_runner.py:243} INFO - Task exited with return code 0
[2024-07-24T16:35:38.686+0900] {taskinstance.py:3503} INFO - 0 downstream tasks scheduled from follow-on schedule check
[2024-07-24T16:35:38.686+0900] {local_task_job_runner.py:222} INFO - ::endgroup::
