[2024-07-24T16:31:09.815+0900] {local_task_job_runner.py:120} INFO - ::group::Pre task execution logs
[2024-07-24T16:31:09.824+0900] {taskinstance.py:2076} INFO - Dependencies all met for dep_context=non-requeueable deps ti=<TaskInstance: make_parquet.make.done scheduled__2024-07-13T00:00:00+00:00 [queued]>
[2024-07-24T16:31:09.827+0900] {taskinstance.py:2076} INFO - Dependencies all met for dep_context=requeueable deps ti=<TaskInstance: make_parquet.make.done scheduled__2024-07-13T00:00:00+00:00 [queued]>
[2024-07-24T16:31:09.827+0900] {taskinstance.py:2306} INFO - Starting attempt 2 of 3
[2024-07-24T16:31:09.831+0900] {taskinstance.py:2330} INFO - Executing <Task(BashOperator): make.done> on 2024-07-13 00:00:00+00:00
[2024-07-24T16:31:09.834+0900] {standard_task_runner.py:64} INFO - Started process 472 to run task
[2024-07-24T16:31:09.837+0900] {standard_task_runner.py:90} INFO - Running: ['airflow', 'tasks', 'run', 'make_parquet', 'make.done', 'scheduled__2024-07-13T00:00:00+00:00', '--job-id', '489', '--raw', '--subdir', 'DAGS_FOLDER/make_parquet.py', '--cfg-path', '/var/folders/qv/0knwm5h50ml0skpppwpbks_r0000gp/T/tmpc3kaygo7']
[2024-07-24T16:31:09.838+0900] {standard_task_runner.py:91} INFO - Job 489: Subtask make.done
[2024-07-24T16:33:46.004+0900] {local_task_job_runner.py:313} WARNING - State of this instance has been externally set to failed. Terminating instance.
[2024-07-24T16:33:46.005+0900] {local_task_job_runner.py:222} INFO - ::endgroup::
[2024-07-24T16:33:46.019+0900] {process_utils.py:132} INFO - Sending 15 to group 472. PIDs of all processes in the group: [472]
[2024-07-24T16:33:46.020+0900] {process_utils.py:87} INFO - Sending the signal 15 to group 472
[2024-07-24T16:33:46.022+0900] {process_utils.py:80} INFO - Process psutil.Process(pid=472, status='terminated', exitcode=<Negsignal.SIGTERM: -15>, started='16:31:09') (472) terminated with exit code -15
[2024-07-24T17:38:57.436+0900] {local_task_job_runner.py:120} INFO - ::group::Pre task execution logs
[2024-07-24T17:38:57.443+0900] {taskinstance.py:2076} INFO - Dependencies all met for dep_context=non-requeueable deps ti=<TaskInstance: make_parquet.make.done scheduled__2024-07-13T00:00:00+00:00 [queued]>
[2024-07-24T17:38:57.445+0900] {taskinstance.py:2076} INFO - Dependencies all met for dep_context=requeueable deps ti=<TaskInstance: make_parquet.make.done scheduled__2024-07-13T00:00:00+00:00 [queued]>
[2024-07-24T17:38:57.445+0900] {taskinstance.py:2306} INFO - Starting attempt 2 of 3
[2024-07-24T17:38:57.449+0900] {taskinstance.py:2330} INFO - Executing <Task(BashOperator): make.done> on 2024-07-13 00:00:00+00:00
[2024-07-24T17:38:57.451+0900] {standard_task_runner.py:64} INFO - Started process 8338 to run task
[2024-07-24T17:38:57.454+0900] {standard_task_runner.py:90} INFO - Running: ['airflow', 'tasks', 'run', 'make_parquet', 'make.done', 'scheduled__2024-07-13T00:00:00+00:00', '--job-id', '450', '--raw', '--subdir', 'DAGS_FOLDER/make_parquet2.py', '--cfg-path', '/var/folders/qv/0knwm5h50ml0skpppwpbks_r0000gp/T/tmpw5c_g25_']
[2024-07-24T17:38:57.455+0900] {standard_task_runner.py:91} INFO - Job 450: Subtask make.done
[2024-07-24T17:38:57.472+0900] {task_command.py:426} INFO - Running <TaskInstance: make_parquet.make.done scheduled__2024-07-13T00:00:00+00:00 [running]> on host jeongui-MacBookPro.local
[2024-07-24T17:38:57.499+0900] {taskinstance.py:2648} INFO - Exporting env vars: AIRFLOW_CTX_DAG_OWNER='airflow' AIRFLOW_CTX_DAG_ID='make_parquet' AIRFLOW_CTX_TASK_ID='make.done' AIRFLOW_CTX_EXECUTION_DATE='2024-07-13T00:00:00+00:00' AIRFLOW_CTX_TRY_NUMBER='2' AIRFLOW_CTX_DAG_RUN_ID='scheduled__2024-07-13T00:00:00+00:00'
[2024-07-24T17:38:57.499+0900] {taskinstance.py:430} INFO - ::endgroup::
[2024-07-24T17:38:57.507+0900] {subprocess.py:63} INFO - Tmp dir root location: /var/folders/qv/0knwm5h50ml0skpppwpbks_r0000gp/T
[2024-07-24T17:38:57.508+0900] {subprocess.py:75} INFO - Running command: ['/bin/bash', '-c', '\n        figlet "DONE"\n        PARQUET_DONE_PATH=~/data/make_done/2024-07-13\n        mkdir -p $PARQUET_DONE_PATH\n        echo "PATH=$PARQUET_DONE_PATH"\n        touch $PARQUET_DONE_PATH/_DONE\n        ']
[2024-07-24T17:38:57.511+0900] {subprocess.py:86} INFO - Output:
[2024-07-24T17:38:57.514+0900] {subprocess.py:93} INFO - /bin/bash: line 1: figlet: command not found
[2024-07-24T17:38:57.516+0900] {subprocess.py:93} INFO - PATH=/Users/DE32/data/make_done/2024-07-13
[2024-07-24T17:38:57.517+0900] {subprocess.py:97} INFO - Command exited with return code 0
[2024-07-24T17:38:57.518+0900] {taskinstance.py:441} INFO - ::group::Post task execution logs
[2024-07-24T17:38:57.523+0900] {taskinstance.py:1206} INFO - Marking task as SUCCESS. dag_id=make_parquet, task_id=make.done, run_id=scheduled__2024-07-13T00:00:00+00:00, execution_date=20240713T000000, start_date=20240724T083857, end_date=20240724T083857
[2024-07-24T17:38:57.561+0900] {local_task_job_runner.py:243} INFO - Task exited with return code 0
[2024-07-24T17:38:57.567+0900] {taskinstance.py:3503} INFO - 0 downstream tasks scheduled from follow-on schedule check
[2024-07-24T17:38:57.567+0900] {local_task_job_runner.py:222} INFO - ::endgroup::
