[2024-07-31T19:46:47.477+0900] {local_task_job_runner.py:120} INFO - ::group::Pre task execution logs
[2024-07-31T19:46:47.487+0900] {taskinstance.py:2076} INFO - Dependencies all met for dep_context=non-requeueable deps ti=<TaskInstance: movie.nation.f scheduled__2024-07-27T02:10:00+00:00 [queued]>
[2024-07-31T19:46:47.490+0900] {taskinstance.py:2076} INFO - Dependencies all met for dep_context=requeueable deps ti=<TaskInstance: movie.nation.f scheduled__2024-07-27T02:10:00+00:00 [queued]>
[2024-07-31T19:46:47.490+0900] {taskinstance.py:2306} INFO - Starting attempt 4 of 5
[2024-07-31T19:46:47.496+0900] {taskinstance.py:2330} INFO - Executing <Task(PythonVirtualenvOperator): nation.f> on 2024-07-27 02:10:00+00:00
[2024-07-31T19:46:47.499+0900] {standard_task_runner.py:64} INFO - Started process 33029 to run task
[2024-07-31T19:46:47.502+0900] {standard_task_runner.py:90} INFO - Running: ['airflow', 'tasks', 'run', 'movie', 'nation.f', 'scheduled__2024-07-27T02:10:00+00:00', '--job-id', '967', '--raw', '--subdir', 'DAGS_FOLDER/movie.py', '--cfg-path', '/var/folders/qv/0knwm5h50ml0skpppwpbks_r0000gp/T/tmp9ia6d99u']
[2024-07-31T19:46:47.503+0900] {standard_task_runner.py:91} INFO - Job 967: Subtask nation.f
[2024-07-31T19:46:47.517+0900] {task_command.py:426} INFO - Running <TaskInstance: movie.nation.f scheduled__2024-07-27T02:10:00+00:00 [running]> on host jeongui-MacBookPro.local
[2024-07-31T19:46:47.538+0900] {taskinstance.py:2648} INFO - Exporting env vars: AIRFLOW_CTX_DAG_OWNER='airflow' AIRFLOW_CTX_DAG_ID='movie' AIRFLOW_CTX_TASK_ID='nation.f' AIRFLOW_CTX_EXECUTION_DATE='2024-07-27T02:10:00+00:00' AIRFLOW_CTX_TRY_NUMBER='4' AIRFLOW_CTX_DAG_RUN_ID='scheduled__2024-07-27T02:10:00+00:00'
[2024-07-31T19:46:47.538+0900] {taskinstance.py:430} INFO - ::endgroup::
[2024-07-31T19:46:47.543+0900] {baseoperator.py:400} WARNING - PythonVirtualenvOperator.execute cannot be called outside TaskInstance!
[2024-07-31T19:46:47.544+0900] {process_utils.py:183} INFO - Executing cmd: /Users/DE32/.pyenv/versions/3.11.9/envs/note/bin/python -m virtualenv /var/folders/qv/0knwm5h50ml0skpppwpbks_r0000gp/T/venvn4ztn7lm --python=python
[2024-07-31T19:46:47.546+0900] {process_utils.py:187} INFO - Output:
[2024-07-31T19:46:47.720+0900] {process_utils.py:191} INFO - created virtual environment CPython3.11.9.final.0-64 in 116ms
[2024-07-31T19:46:47.720+0900] {process_utils.py:191} INFO -   creator CPython3Posix(dest=/private/var/folders/qv/0knwm5h50ml0skpppwpbks_r0000gp/T/venvn4ztn7lm, clear=False, no_vcs_ignore=False, global=False)
[2024-07-31T19:46:47.720+0900] {process_utils.py:191} INFO -   seeder FromAppData(download=False, pip=bundle, setuptools=bundle, wheel=bundle, via=copy, app_data_dir=/Users/DE32/Library/Application Support/virtualenv)
[2024-07-31T19:46:47.720+0900] {process_utils.py:191} INFO -     added seed packages: pip==24.1.2, setuptools==70.2.0, wheel==0.43.0
[2024-07-31T19:46:47.721+0900] {process_utils.py:191} INFO -   activators BashActivator,CShellActivator,FishActivator,NushellActivator,PowerShellActivator,PythonActivator
[2024-07-31T19:46:47.731+0900] {process_utils.py:183} INFO - Executing cmd: /var/folders/qv/0knwm5h50ml0skpppwpbks_r0000gp/T/venvn4ztn7lm/bin/pip install -r /var/folders/qv/0knwm5h50ml0skpppwpbks_r0000gp/T/venvn4ztn7lm/requirements.txt
[2024-07-31T19:46:47.733+0900] {process_utils.py:187} INFO - Output:
[2024-07-31T19:46:48.480+0900] {process_utils.py:191} INFO - Collecting git+https://github.com/Jeonghoon2/movie.git@0.2/api (from -r /var/folders/qv/0knwm5h50ml0skpppwpbks_r0000gp/T/venvn4ztn7lm/requirements.txt (line 1))
[2024-07-31T19:46:48.480+0900] {process_utils.py:191} INFO -   Cloning https://github.com/Jeonghoon2/movie.git (to revision 0.2/api) to /private/var/folders/qv/0knwm5h50ml0skpppwpbks_r0000gp/T/pip-req-build-wve8g_ws
[2024-07-31T19:46:48.492+0900] {process_utils.py:191} INFO -   Running command git clone --filter=blob:none --quiet https://github.com/Jeonghoon2/movie.git /private/var/folders/qv/0knwm5h50ml0skpppwpbks_r0000gp/T/pip-req-build-wve8g_ws
[2024-07-31T19:46:49.844+0900] {process_utils.py:191} INFO -   Running command git checkout -b 0.2/api --track origin/0.2/api
[2024-07-31T19:46:50.445+0900] {process_utils.py:191} INFO -   Switched to a new branch '0.2/api'
[2024-07-31T19:46:50.446+0900] {process_utils.py:191} INFO -   branch '0.2/api' set up to track 'origin/0.2/api'.
[2024-07-31T19:46:50.446+0900] {process_utils.py:191} INFO -   Resolved https://github.com/Jeonghoon2/movie.git to commit c2fdd392ce95b386519b05b3bab786608cdb1c58
[2024-07-31T19:46:50.469+0900] {process_utils.py:191} INFO -   Installing build dependencies: started
[2024-07-31T19:46:51.350+0900] {process_utils.py:191} INFO -   Installing build dependencies: finished with status 'done'
[2024-07-31T19:46:51.351+0900] {process_utils.py:191} INFO -   Getting requirements to build wheel: started
[2024-07-31T19:46:51.472+0900] {process_utils.py:191} INFO -   Getting requirements to build wheel: finished with status 'done'
[2024-07-31T19:46:51.474+0900] {process_utils.py:191} INFO -   Preparing metadata (pyproject.toml): started
[2024-07-31T19:46:51.598+0900] {process_utils.py:191} INFO -   Preparing metadata (pyproject.toml): finished with status 'done'
[2024-07-31T19:46:51.657+0900] {process_utils.py:191} INFO - Collecting requests>=2.32.3 (from mov==0.1.0->-r /var/folders/qv/0knwm5h50ml0skpppwpbks_r0000gp/T/venvn4ztn7lm/requirements.txt (line 1))
[2024-07-31T19:46:51.658+0900] {process_utils.py:191} INFO -   Using cached requests-2.32.3-py3-none-any.whl.metadata (4.6 kB)
[2024-07-31T19:46:51.722+0900] {process_utils.py:191} INFO - Collecting pandas>=2.2.2 (from mov==0.1.0->-r /var/folders/qv/0knwm5h50ml0skpppwpbks_r0000gp/T/venvn4ztn7lm/requirements.txt (line 1))
[2024-07-31T19:46:51.723+0900] {process_utils.py:191} INFO -   Using cached pandas-2.2.2-cp311-cp311-macosx_11_0_arm64.whl.metadata (19 kB)
[2024-07-31T19:46:51.820+0900] {process_utils.py:191} INFO - Collecting numpy>=2.0.1 (from mov==0.1.0->-r /var/folders/qv/0knwm5h50ml0skpppwpbks_r0000gp/T/venvn4ztn7lm/requirements.txt (line 1))
[2024-07-31T19:46:51.821+0900] {process_utils.py:191} INFO -   Using cached numpy-2.0.1-cp311-cp311-macosx_14_0_arm64.whl.metadata (60 kB)
[2024-07-31T19:46:51.867+0900] {process_utils.py:191} INFO - Collecting pyarrow>=17.0.0 (from mov==0.1.0->-r /var/folders/qv/0knwm5h50ml0skpppwpbks_r0000gp/T/venvn4ztn7lm/requirements.txt (line 1))
[2024-07-31T19:46:51.868+0900] {process_utils.py:191} INFO -   Using cached pyarrow-17.0.0-cp311-cp311-macosx_11_0_arm64.whl.metadata (3.3 kB)
[2024-07-31T19:46:51.889+0900] {process_utils.py:191} INFO - Collecting python-dateutil>=2.8.2 (from pandas>=2.2.2->mov==0.1.0->-r /var/folders/qv/0knwm5h50ml0skpppwpbks_r0000gp/T/venvn4ztn7lm/requirements.txt (line 1))
[2024-07-31T19:46:51.890+0900] {process_utils.py:191} INFO -   Using cached python_dateutil-2.9.0.post0-py2.py3-none-any.whl.metadata (8.4 kB)
[2024-07-31T19:46:51.917+0900] {process_utils.py:191} INFO - Collecting pytz>=2020.1 (from pandas>=2.2.2->mov==0.1.0->-r /var/folders/qv/0knwm5h50ml0skpppwpbks_r0000gp/T/venvn4ztn7lm/requirements.txt (line 1))
[2024-07-31T19:46:51.918+0900] {process_utils.py:191} INFO -   Using cached pytz-2024.1-py2.py3-none-any.whl.metadata (22 kB)
[2024-07-31T19:46:51.934+0900] {process_utils.py:191} INFO - Collecting tzdata>=2022.7 (from pandas>=2.2.2->mov==0.1.0->-r /var/folders/qv/0knwm5h50ml0skpppwpbks_r0000gp/T/venvn4ztn7lm/requirements.txt (line 1))
[2024-07-31T19:46:51.935+0900] {process_utils.py:191} INFO -   Using cached tzdata-2024.1-py2.py3-none-any.whl.metadata (1.4 kB)
[2024-07-31T19:46:51.982+0900] {process_utils.py:191} INFO - Collecting charset-normalizer<4,>=2 (from requests>=2.32.3->mov==0.1.0->-r /var/folders/qv/0knwm5h50ml0skpppwpbks_r0000gp/T/venvn4ztn7lm/requirements.txt (line 1))
[2024-07-31T19:46:51.983+0900] {process_utils.py:191} INFO -   Using cached charset_normalizer-3.3.2-cp311-cp311-macosx_11_0_arm64.whl.metadata (33 kB)
[2024-07-31T19:46:52.013+0900] {process_utils.py:191} INFO - Collecting idna<4,>=2.5 (from requests>=2.32.3->mov==0.1.0->-r /var/folders/qv/0knwm5h50ml0skpppwpbks_r0000gp/T/venvn4ztn7lm/requirements.txt (line 1))
[2024-07-31T19:46:52.013+0900] {process_utils.py:191} INFO -   Using cached idna-3.7-py3-none-any.whl.metadata (9.9 kB)
[2024-07-31T19:46:52.050+0900] {process_utils.py:191} INFO - Collecting urllib3<3,>=1.21.1 (from requests>=2.32.3->mov==0.1.0->-r /var/folders/qv/0knwm5h50ml0skpppwpbks_r0000gp/T/venvn4ztn7lm/requirements.txt (line 1))
[2024-07-31T19:46:52.051+0900] {process_utils.py:191} INFO -   Using cached urllib3-2.2.2-py3-none-any.whl.metadata (6.4 kB)
[2024-07-31T19:46:52.069+0900] {process_utils.py:191} INFO - Collecting certifi>=2017.4.17 (from requests>=2.32.3->mov==0.1.0->-r /var/folders/qv/0knwm5h50ml0skpppwpbks_r0000gp/T/venvn4ztn7lm/requirements.txt (line 1))
[2024-07-31T19:46:52.070+0900] {process_utils.py:191} INFO -   Using cached certifi-2024.7.4-py3-none-any.whl.metadata (2.2 kB)
[2024-07-31T19:46:52.096+0900] {process_utils.py:191} INFO - Collecting six>=1.5 (from python-dateutil>=2.8.2->pandas>=2.2.2->mov==0.1.0->-r /var/folders/qv/0knwm5h50ml0skpppwpbks_r0000gp/T/venvn4ztn7lm/requirements.txt (line 1))
[2024-07-31T19:46:52.097+0900] {process_utils.py:191} INFO -   Using cached six-1.16.0-py2.py3-none-any.whl.metadata (1.8 kB)
[2024-07-31T19:46:52.100+0900] {process_utils.py:191} INFO - Using cached numpy-2.0.1-cp311-cp311-macosx_14_0_arm64.whl (5.3 MB)
[2024-07-31T19:46:52.106+0900] {process_utils.py:191} INFO - Using cached pandas-2.2.2-cp311-cp311-macosx_11_0_arm64.whl (11.3 MB)
[2024-07-31T19:46:52.118+0900] {process_utils.py:191} INFO - Using cached pyarrow-17.0.0-cp311-cp311-macosx_11_0_arm64.whl (27.2 MB)
[2024-07-31T19:46:52.145+0900] {process_utils.py:191} INFO - Using cached requests-2.32.3-py3-none-any.whl (64 kB)
[2024-07-31T19:46:52.146+0900] {process_utils.py:191} INFO - Using cached certifi-2024.7.4-py3-none-any.whl (162 kB)
[2024-07-31T19:46:52.147+0900] {process_utils.py:191} INFO - Using cached charset_normalizer-3.3.2-cp311-cp311-macosx_11_0_arm64.whl (118 kB)
[2024-07-31T19:46:52.148+0900] {process_utils.py:191} INFO - Using cached idna-3.7-py3-none-any.whl (66 kB)
[2024-07-31T19:46:52.148+0900] {process_utils.py:191} INFO - Using cached python_dateutil-2.9.0.post0-py2.py3-none-any.whl (229 kB)
[2024-07-31T19:46:52.149+0900] {process_utils.py:191} INFO - Using cached pytz-2024.1-py2.py3-none-any.whl (505 kB)
[2024-07-31T19:46:52.151+0900] {process_utils.py:191} INFO - Using cached tzdata-2024.1-py2.py3-none-any.whl (345 kB)
[2024-07-31T19:46:52.152+0900] {process_utils.py:191} INFO - Using cached urllib3-2.2.2-py3-none-any.whl (121 kB)
[2024-07-31T19:46:52.153+0900] {process_utils.py:191} INFO - Using cached six-1.16.0-py2.py3-none-any.whl (11 kB)
[2024-07-31T19:46:52.194+0900] {process_utils.py:191} INFO - Building wheels for collected packages: mov
[2024-07-31T19:46:52.207+0900] {process_utils.py:191} INFO -   Building wheel for mov (pyproject.toml): started
[2024-07-31T19:46:52.342+0900] {process_utils.py:191} INFO -   Building wheel for mov (pyproject.toml): finished with status 'done'
[2024-07-31T19:46:52.342+0900] {process_utils.py:191} INFO -   Created wheel for mov: filename=mov-0.1.0-py3-none-any.whl size=3056 sha256=aae55b0c52cdefbb358d07ab932ad60613eb34c84e832cd601b498fda4da0adc
[2024-07-31T19:46:52.343+0900] {process_utils.py:191} INFO -   Stored in directory: /private/var/folders/qv/0knwm5h50ml0skpppwpbks_r0000gp/T/pip-ephem-wheel-cache-5oheuvgd/wheels/cf/ab/a7/d0c528d20fa8a5f19e169bdf1d98f2b2cefe79d8527bb89200
[2024-07-31T19:46:52.344+0900] {process_utils.py:191} INFO - Successfully built mov
[2024-07-31T19:46:52.371+0900] {process_utils.py:191} INFO - Installing collected packages: pytz, urllib3, tzdata, six, numpy, idna, charset-normalizer, certifi, requests, python-dateutil, pyarrow, pandas, mov
[2024-07-31T19:46:56.827+0900] {process_utils.py:191} INFO - Successfully installed certifi-2024.7.4 charset-normalizer-3.3.2 idna-3.7 mov-0.1.0 numpy-2.0.1 pandas-2.2.2 pyarrow-17.0.0 python-dateutil-2.9.0.post0 pytz-2024.1 requests-2.32.3 six-1.16.0 tzdata-2024.1 urllib3-2.2.2
[2024-07-31T19:46:56.830+0900] {process_utils.py:191} INFO - 
[2024-07-31T19:46:56.830+0900] {process_utils.py:191} INFO - [notice] A new release of pip is available: 24.1.2 -> 24.2
[2024-07-31T19:46:56.830+0900] {process_utils.py:191} INFO - [notice] To update, run: python -m pip install --upgrade pip
[2024-07-31T19:46:56.959+0900] {logging_mixin.py:188} WARNING - /Users/DE32/.pyenv/versions/3.11.9/envs/note/lib/python3.11/site-packages/airflow/utils/context.py:212 AirflowContextDeprecationWarning: Accessing 'next_ds' from the template is deprecated and will be removed in a future version. Please use '{{ data_interval_end | ds }}' instead.
[2024-07-31T19:46:56.960+0900] {logging_mixin.py:188} WARNING - /Users/DE32/.pyenv/versions/3.11.9/envs/note/lib/python3.11/site-packages/airflow/utils/context.py:212 AirflowContextDeprecationWarning: Accessing 'next_ds_nodash' from the template is deprecated and will be removed in a future version. Please use '{{ data_interval_end | ds_nodash }}' instead.
[2024-07-31T19:46:56.960+0900] {logging_mixin.py:188} WARNING - /Users/DE32/.pyenv/versions/3.11.9/envs/note/lib/python3.11/site-packages/airflow/utils/context.py:212 AirflowContextDeprecationWarning: Accessing 'prev_ds' from the template is deprecated and will be removed in a future version.
[2024-07-31T19:46:56.960+0900] {logging_mixin.py:188} WARNING - /Users/DE32/.pyenv/versions/3.11.9/envs/note/lib/python3.11/site-packages/airflow/utils/context.py:212 AirflowContextDeprecationWarning: Accessing 'prev_ds_nodash' from the template is deprecated and will be removed in a future version.
[2024-07-31T19:46:56.961+0900] {logging_mixin.py:188} WARNING - /Users/DE32/.pyenv/versions/3.11.9/envs/note/lib/python3.11/site-packages/airflow/utils/context.py:212 AirflowContextDeprecationWarning: Accessing 'tomorrow_ds' from the template is deprecated and will be removed in a future version.
[2024-07-31T19:46:56.961+0900] {logging_mixin.py:188} WARNING - /Users/DE32/.pyenv/versions/3.11.9/envs/note/lib/python3.11/site-packages/airflow/utils/context.py:212 AirflowContextDeprecationWarning: Accessing 'tomorrow_ds_nodash' from the template is deprecated and will be removed in a future version.
[2024-07-31T19:46:56.961+0900] {logging_mixin.py:188} WARNING - /Users/DE32/.pyenv/versions/3.11.9/envs/note/lib/python3.11/site-packages/airflow/utils/context.py:212 AirflowContextDeprecationWarning: Accessing 'yesterday_ds' from the template is deprecated and will be removed in a future version.
[2024-07-31T19:46:56.962+0900] {logging_mixin.py:188} WARNING - /Users/DE32/.pyenv/versions/3.11.9/envs/note/lib/python3.11/site-packages/airflow/utils/context.py:212 AirflowContextDeprecationWarning: Accessing 'yesterday_ds_nodash' from the template is deprecated and will be removed in a future version.
[2024-07-31T19:46:56.965+0900] {process_utils.py:183} INFO - Executing cmd: /var/folders/qv/0knwm5h50ml0skpppwpbks_r0000gp/T/venvn4ztn7lm/bin/python /var/folders/qv/0knwm5h50ml0skpppwpbks_r0000gp/T/venv-callty5ooyjw/script.py /var/folders/qv/0knwm5h50ml0skpppwpbks_r0000gp/T/venv-callty5ooyjw/script.in /var/folders/qv/0knwm5h50ml0skpppwpbks_r0000gp/T/venv-callty5ooyjw/script.out /var/folders/qv/0knwm5h50ml0skpppwpbks_r0000gp/T/venv-callty5ooyjw/string_args.txt /var/folders/qv/0knwm5h50ml0skpppwpbks_r0000gp/T/venv-callty5ooyjw/termination.log
[2024-07-31T19:46:56.967+0900] {process_utils.py:187} INFO - Output:
[2024-07-31T19:47:10.358+0900] {process_utils.py:191} INFO - {'boxOfficeResult': {'boxofficeType': '일별 박스오피스', 'showRange': '20240727~20240727', 'dailyBoxOfficeList': [{'rnum': '1', 'rank': '1', 'rankInten': '0', 'rankOldAndNew': 'OLD', 'movieCd': '20247781', 'movieNm': '데드풀과 울버린', 'openDt': '2024-07-24', 'salesAmt': '3267943467', 'salesShare': '58.1', 'salesInten': '1529420369', 'salesChange': '88', 'salesAcc': '8735597740', 'audiCnt': '311601', 'audiInten': '146944', 'audiChange': '89.2', 'audiAcc': '839684', 'scrnCnt': '1948', 'showCnt': '8847'}, {'rnum': '2', 'rank': '2', 'rankInten': '0', 'rankOldAndNew': 'OLD', 'movieCd': '20247440', 'movieNm': '슈퍼배드 4', 'openDt': '2024-07-24', 'salesAmt': '1365645842', 'salesShare': '24.3', 'salesInten': '756528536', 'salesChange': '124.2', 'salesAcc': '4130750924', 'audiCnt': '145871', 'audiInten': '80760', 'audiChange': '124', 'audiAcc': '442928', 'scrnCnt': '1167', 'showCnt': '4490'}, {'rnum': '3', 'rank': '3', 'rankInten': '0', 'rankOldAndNew': 'OLD', 'movieCd': '20235974', 'movieNm': '인사이드 아웃 2', 'openDt': '2024-06-12', 'salesAmt': '544154166', 'salesShare': '9.7', 'salesInten': '293178577', 'salesChange': '116.8', 'salesAcc': '79173567719', 'audiCnt': '55961', 'audiInten': '30162', 'audiChange': '116.9', 'audiAcc': '8233696', 'scrnCnt': '769', 'showCnt': '1616'}, {'rnum': '4', 'rank': '4', 'rankInten': '0', 'rankOldAndNew': 'OLD', 'movieCd': '20240983', 'movieNm': '명탐정 코난: 100만 달러의 펜타그램', 'openDt': '2024-07-17', 'salesAmt': '265643931', 'salesShare': '4.7', 'salesInten': '89146094', 'salesChange': '50.5', 'salesAcc': '5219084821', 'audiCnt': '27516', 'audiInten': '9278', 'audiChange': '50.9', 'audiAcc': '530083', 'scrnCnt': '587', 'showCnt': '1055'}, {'rnum': '5', 'rank': '5', 'rankInten': '1', 'rankOldAndNew': 'OLD', 'movieCd': '20235926', 'movieNm': '퍼펙트 데이즈', 'openDt': '2024-07-03', 'salesAmt': '34665334', 'salesShare': '0.6', 'salesInten': '17599778', 'salesChange': '103.1', 'salesAcc': '590446892', 'audiCnt': '3531', 'audiInten': '1752', 'audiChange': '98.5', 'audiAcc': '62397', 'scrnCnt': '57', 'showCnt': '75'}, {'rnum': '6', 'rank': '6', 'rankInten': '2', 'rankOldAndNew': 'OLD', 'movieCd': '20240850', 'movieNm': '극장판 도라에몽: 진구의 지구 교향곡', 'openDt': '2024-07-10', 'salesAmt': '24302200', 'salesShare': '0.4', 'salesInten': '16215900', 'salesChange': '200.5', 'salesAcc': '598422400', 'audiCnt': '2888', 'audiInten': '1945', 'audiChange': '206.3', 'audiAcc': '69269', 'scrnCnt': '129', 'showCnt': '178'}, {'rnum': '7', 'rank': '7', 'rankInten': '0', 'rankOldAndNew': 'NEW', 'movieCd': '20241924', 'movieNm': '극장총집편 봇치 더 록! 전편', 'openDt': '2024-08-07', 'salesAmt': '26252000', 'salesShare': '0.5', 'salesInten': '26252000', 'salesChange': '100', 'salesAcc': '50630000', 'audiCnt': '1945', 'audiInten': '1945', 'audiChange': '100', 'audiAcc': '3611', 'scrnCnt': '16', 'showCnt': '16'}, {'rnum': '8', 'rank': '8', 'rankInten': '-3', 'rankOldAndNew': 'OLD', 'movieCd': '20241343', 'movieNm': '우마무스메 프리티 더비 새로운 시대의 문', 'openDt': '2024-07-11', 'salesAmt': '21022751', 'salesShare': '0.4', 'salesInten': '277137', 'salesChange': '1.3', 'salesAcc': '437996952', 'audiCnt': '1927', 'audiInten': '52', 'audiChange': '2.8', 'audiAcc': '40612', 'scrnCnt': '78', 'showCnt': '93'}, {'rnum': '9', 'rank': '9', 'rankInten': '-2', 'rankOldAndNew': 'OLD', 'movieCd': '19960126', 'movieNm': '비포 선라이즈', 'openDt': '1996-03-30', 'salesAmt': '11753339', 'salesShare': '0.2', 'salesInten': '1221880', 'salesChange': '11.6', 'salesAcc': '656003557', 'audiCnt': '1129', 'audiInten': '138', 'audiChange': '13.9', 'audiAcc': '76819', 'scrnCnt': '41', 'showCnt': '52'}, {'rnum': '10', 'rank': '10', 'rankInten': '1', 'rankOldAndNew': 'OLD', 'movieCd': '20148830', 'movieNm': '마담 프루스트의 비밀정원', 'openDt': '2014-07-24', 'salesAmt': '9567200', 'salesShare': '0.2', 'salesInten': '4400583', 'salesChange': '85.2', 'salesAcc': '1305105679', 'audiCnt': '862', 'audiInten': '328', 'audiChange': '61.4', 'audiAcc': '165693', 'scrnCnt': '42', 'showCnt': '48'}]}}
[2024-07-31T19:47:10.359+0900] {process_utils.py:191} INFO - partitioning List : ['load_dt', 'repNationCd']
[2024-07-31T19:47:10.359+0900] {process_utils.py:191} INFO -   rnum rank rankInten rankOldAndNew  ... scrnCnt showCnt   load_dt repNationCd
[2024-07-31T19:47:10.360+0900] {process_utils.py:191} INFO - 0    1    1         0           OLD  ...    1948    8847  20240727           F
[2024-07-31T19:47:10.360+0900] {process_utils.py:191} INFO - 1    2    2         0           OLD  ...    1167    4490  20240727           F
[2024-07-31T19:47:10.360+0900] {process_utils.py:191} INFO - 2    3    3         0           OLD  ...     769    1616  20240727           F
[2024-07-31T19:47:10.361+0900] {process_utils.py:191} INFO - 3    4    4         0           OLD  ...     587    1055  20240727           F
[2024-07-31T19:47:10.361+0900] {process_utils.py:191} INFO - 4    5    5         1           OLD  ...      57      75  20240727           F
[2024-07-31T19:47:10.362+0900] {process_utils.py:191} INFO - 5    6    6         2           OLD  ...     129     178  20240727           F
[2024-07-31T19:47:10.362+0900] {process_utils.py:191} INFO - 6    7    7         0           NEW  ...      16      16  20240727           F
[2024-07-31T19:47:10.362+0900] {process_utils.py:191} INFO - 7    8    8        -3           OLD  ...      78      93  20240727           F
[2024-07-31T19:47:10.363+0900] {process_utils.py:191} INFO - 8    9    9        -2           OLD  ...      41      52  20240727           F
[2024-07-31T19:47:10.363+0900] {process_utils.py:191} INFO - 9   10   10         1           OLD  ...      42      48  20240727           F
[2024-07-31T19:47:10.363+0900] {process_utils.py:191} INFO - 
[2024-07-31T19:47:10.364+0900] {process_utils.py:191} INFO - [10 rows x 20 columns]
[2024-07-31T19:47:10.807+0900] {python.py:237} INFO - Done. Returned value was: None
[2024-07-31T19:47:10.807+0900] {taskinstance.py:441} INFO - ::group::Post task execution logs
[2024-07-31T19:47:10.811+0900] {taskinstance.py:1206} INFO - Marking task as SUCCESS. dag_id=movie, task_id=nation.f, run_id=scheduled__2024-07-27T02:10:00+00:00, execution_date=20240727T021000, start_date=20240731T104647, end_date=20240731T104710
[2024-07-31T19:47:10.821+0900] {local_task_job_runner.py:243} INFO - Task exited with return code 0
[2024-07-31T19:47:10.827+0900] {taskinstance.py:3503} INFO - 0 downstream tasks scheduled from follow-on schedule check
[2024-07-31T19:47:10.827+0900] {local_task_job_runner.py:222} INFO - ::endgroup::
