[2024-07-31T10:02:04.221+0900] {local_task_job_runner.py:120} INFO - ::group::Pre task execution logs
[2024-07-31T10:02:04.237+0900] {taskinstance.py:2076} INFO - Dependencies all met for dep_context=non-requeueable deps ti=<TaskInstance: movie.rm.dir scheduled__2024-07-25T02:10:00+00:00 [queued]>
[2024-07-31T10:02:04.240+0900] {taskinstance.py:2076} INFO - Dependencies all met for dep_context=requeueable deps ti=<TaskInstance: movie.rm.dir scheduled__2024-07-25T02:10:00+00:00 [queued]>
[2024-07-31T10:02:04.241+0900] {taskinstance.py:2306} INFO - Starting attempt 1 of 2
[2024-07-31T10:02:04.245+0900] {taskinstance.py:2330} INFO - Executing <Task(BashOperator): rm.dir> on 2024-07-25 02:10:00+00:00
[2024-07-31T10:02:04.248+0900] {standard_task_runner.py:64} INFO - Started process 7376 to run task
[2024-07-31T10:02:04.251+0900] {standard_task_runner.py:90} INFO - Running: ['airflow', 'tasks', 'run', 'movie', 'rm.dir', 'scheduled__2024-07-25T02:10:00+00:00', '--job-id', '680', '--raw', '--subdir', 'DAGS_FOLDER/movie.py', '--cfg-path', '/var/folders/qv/0knwm5h50ml0skpppwpbks_r0000gp/T/tmp06w7nvqc']
[2024-07-31T10:02:04.252+0900] {standard_task_runner.py:91} INFO - Job 680: Subtask rm.dir
[2024-07-31T10:02:04.266+0900] {task_command.py:426} INFO - Running <TaskInstance: movie.rm.dir scheduled__2024-07-25T02:10:00+00:00 [running]> on host jeongui-MacBookPro.local
[2024-07-31T10:02:04.287+0900] {taskinstance.py:2648} INFO - Exporting env vars: AIRFLOW_CTX_DAG_OWNER='airflow' AIRFLOW_CTX_DAG_ID='movie' AIRFLOW_CTX_TASK_ID='rm.dir' AIRFLOW_CTX_EXECUTION_DATE='2024-07-25T02:10:00+00:00' AIRFLOW_CTX_TRY_NUMBER='1' AIRFLOW_CTX_DAG_RUN_ID='scheduled__2024-07-25T02:10:00+00:00'
[2024-07-31T10:02:04.287+0900] {taskinstance.py:430} INFO - ::endgroup::
[2024-07-31T10:02:04.292+0900] {subprocess.py:63} INFO - Tmp dir root location: /var/folders/qv/0knwm5h50ml0skpppwpbks_r0000gp/T
[2024-07-31T10:02:04.292+0900] {subprocess.py:75} INFO - Running command: ['/bin/bash', '-c', 'rm -rf ~/tmp/test_parquet/load_dt=20240725']
[2024-07-31T10:02:04.295+0900] {subprocess.py:86} INFO - Output:
[2024-07-31T10:02:04.299+0900] {subprocess.py:97} INFO - Command exited with return code 0
[2024-07-31T10:02:04.299+0900] {taskinstance.py:441} INFO - ::group::Post task execution logs
[2024-07-31T10:02:04.306+0900] {taskinstance.py:1206} INFO - Marking task as SUCCESS. dag_id=movie, task_id=rm.dir, run_id=scheduled__2024-07-25T02:10:00+00:00, execution_date=20240725T021000, start_date=20240731T010204, end_date=20240731T010204
[2024-07-31T10:02:04.313+0900] {local_task_job_runner.py:243} INFO - Task exited with return code 0
[2024-07-31T10:02:04.323+0900] {taskinstance.py:3503} INFO - 1 downstream tasks scheduled from follow-on schedule check
[2024-07-31T10:02:04.324+0900] {local_task_job_runner.py:222} INFO - ::endgroup::
[2024-07-31T16:31:18.623+0900] {local_task_job_runner.py:120} INFO - ::group::Pre task execution logs
[2024-07-31T16:31:18.637+0900] {taskinstance.py:2076} INFO - Dependencies all met for dep_context=non-requeueable deps ti=<TaskInstance: movie.rm.dir scheduled__2024-07-25T02:10:00+00:00 [queued]>
[2024-07-31T16:31:18.640+0900] {taskinstance.py:2076} INFO - Dependencies all met for dep_context=requeueable deps ti=<TaskInstance: movie.rm.dir scheduled__2024-07-25T02:10:00+00:00 [queued]>
[2024-07-31T16:31:18.641+0900] {taskinstance.py:2306} INFO - Starting attempt 1 of 2
[2024-07-31T16:31:18.646+0900] {taskinstance.py:2330} INFO - Executing <Task(BashOperator): rm.dir> on 2024-07-25 02:10:00+00:00
[2024-07-31T16:31:18.649+0900] {standard_task_runner.py:64} INFO - Started process 18988 to run task
[2024-07-31T16:31:18.652+0900] {standard_task_runner.py:90} INFO - Running: ['airflow', 'tasks', 'run', 'movie', 'rm.dir', 'scheduled__2024-07-25T02:10:00+00:00', '--job-id', '789', '--raw', '--subdir', 'DAGS_FOLDER/movie.py', '--cfg-path', '/var/folders/qv/0knwm5h50ml0skpppwpbks_r0000gp/T/tmpiyywq2bd']
[2024-07-31T16:31:18.653+0900] {standard_task_runner.py:91} INFO - Job 789: Subtask rm.dir
[2024-07-31T16:31:18.669+0900] {task_command.py:426} INFO - Running <TaskInstance: movie.rm.dir scheduled__2024-07-25T02:10:00+00:00 [running]> on host jeongui-MacBookPro.local
[2024-07-31T16:31:18.688+0900] {taskinstance.py:2648} INFO - Exporting env vars: AIRFLOW_CTX_DAG_OWNER='airflow' AIRFLOW_CTX_DAG_ID='movie' AIRFLOW_CTX_TASK_ID='rm.dir' AIRFLOW_CTX_EXECUTION_DATE='2024-07-25T02:10:00+00:00' AIRFLOW_CTX_TRY_NUMBER='1' AIRFLOW_CTX_DAG_RUN_ID='scheduled__2024-07-25T02:10:00+00:00'
[2024-07-31T16:31:18.688+0900] {taskinstance.py:430} INFO - ::endgroup::
[2024-07-31T16:31:18.693+0900] {subprocess.py:63} INFO - Tmp dir root location: /var/folders/qv/0knwm5h50ml0skpppwpbks_r0000gp/T
[2024-07-31T16:31:18.694+0900] {subprocess.py:75} INFO - Running command: ['/bin/bash', '-c', 'rm -rf ~/tmp/test_parquet/load_dt=20240725']
[2024-07-31T16:31:18.697+0900] {subprocess.py:86} INFO - Output:
[2024-07-31T16:31:18.701+0900] {subprocess.py:97} INFO - Command exited with return code 0
[2024-07-31T16:31:18.702+0900] {taskinstance.py:441} INFO - ::group::Post task execution logs
[2024-07-31T16:31:18.708+0900] {taskinstance.py:1206} INFO - Marking task as SUCCESS. dag_id=movie, task_id=rm.dir, run_id=scheduled__2024-07-25T02:10:00+00:00, execution_date=20240725T021000, start_date=20240731T073118, end_date=20240731T073118
[2024-07-31T16:31:18.714+0900] {local_task_job_runner.py:243} INFO - Task exited with return code 0
[2024-07-31T16:31:18.722+0900] {taskinstance.py:3503} INFO - 0 downstream tasks scheduled from follow-on schedule check
[2024-07-31T16:31:18.723+0900] {local_task_job_runner.py:222} INFO - ::endgroup::
