[2024-07-24T15:09:25.000+0900] {local_task_job_runner.py:120} INFO - ::group::Pre task execution logs
[2024-07-24T15:09:25.008+0900] {taskinstance.py:2076} INFO - Dependencies all met for dep_context=non-requeueable deps ti=<TaskInstance: import_db.create.table scheduled__2024-07-16T00:00:00+00:00 [queued]>
[2024-07-24T15:09:25.010+0900] {taskinstance.py:2076} INFO - Dependencies all met for dep_context=requeueable deps ti=<TaskInstance: import_db.create.table scheduled__2024-07-16T00:00:00+00:00 [queued]>
[2024-07-24T15:09:25.010+0900] {taskinstance.py:2306} INFO - Starting attempt 1 of 1
[2024-07-24T15:09:25.014+0900] {taskinstance.py:2330} INFO - Executing <Task(BashOperator): create.table> on 2024-07-16 00:00:00+00:00
[2024-07-24T15:09:25.016+0900] {standard_task_runner.py:64} INFO - Started process 94855 to run task
[2024-07-24T15:09:25.019+0900] {standard_task_runner.py:90} INFO - Running: ['airflow', 'tasks', 'run', 'import_db', 'create.table', 'scheduled__2024-07-16T00:00:00+00:00', '--job-id', '273', '--raw', '--subdir', 'DAGS_FOLDER/import_db.py', '--cfg-path', '/var/folders/qv/0knwm5h50ml0skpppwpbks_r0000gp/T/tmp8sd0oa54']
[2024-07-24T15:09:25.020+0900] {standard_task_runner.py:91} INFO - Job 273: Subtask create.table
[2024-07-24T15:09:25.034+0900] {task_command.py:426} INFO - Running <TaskInstance: import_db.create.table scheduled__2024-07-16T00:00:00+00:00 [running]> on host jeongui-MacBookPro.local
[2024-07-24T15:09:25.056+0900] {taskinstance.py:2648} INFO - Exporting env vars: AIRFLOW_CTX_DAG_OWNER='airflow' AIRFLOW_CTX_DAG_ID='import_db' AIRFLOW_CTX_TASK_ID='create.table' AIRFLOW_CTX_EXECUTION_DATE='2024-07-16T00:00:00+00:00' AIRFLOW_CTX_TRY_NUMBER='1' AIRFLOW_CTX_DAG_RUN_ID='scheduled__2024-07-16T00:00:00+00:00'
[2024-07-24T15:09:25.056+0900] {taskinstance.py:430} INFO - ::endgroup::
[2024-07-24T15:09:25.062+0900] {subprocess.py:63} INFO - Tmp dir root location: /var/folders/qv/0knwm5h50ml0skpppwpbks_r0000gp/T
[2024-07-24T15:09:25.062+0900] {subprocess.py:75} INFO - Running command: ['/bin/bash', '-c', '\n            echo "create.table"\n            sh /Users/DE32/airflow/sh/create_table.sh /Users/DE32/airflow/sql/create_to_talbe.sql\n            echo "create done"\n            ']
[2024-07-24T15:09:25.065+0900] {subprocess.py:86} INFO - Output:
[2024-07-24T15:09:25.067+0900] {subprocess.py:93} INFO - create.table
[2024-07-24T15:09:25.070+0900] {subprocess.py:93} INFO - /Users/DE32/airflow/sh/create_table.sh: line 3: /Users/DE32/airflow/sql/create_to_talbe.sql.sql: No such file or directory
[2024-07-24T15:09:25.070+0900] {subprocess.py:93} INFO - create done
[2024-07-24T15:09:25.070+0900] {subprocess.py:97} INFO - Command exited with return code 0
[2024-07-24T15:09:25.070+0900] {taskinstance.py:441} INFO - ::group::Post task execution logs
[2024-07-24T15:09:25.076+0900] {taskinstance.py:1206} INFO - Marking task as SUCCESS. dag_id=import_db, task_id=create.table, run_id=scheduled__2024-07-16T00:00:00+00:00, execution_date=20240716T000000, start_date=20240724T060925, end_date=20240724T060925
[2024-07-24T15:09:25.125+0900] {local_task_job_runner.py:243} INFO - Task exited with return code 0
[2024-07-24T15:09:25.134+0900] {taskinstance.py:3503} INFO - 1 downstream tasks scheduled from follow-on schedule check
[2024-07-24T15:09:25.135+0900] {local_task_job_runner.py:222} INFO - ::endgroup::
