[2024-07-24T15:08:24.431+0900] {local_task_job_runner.py:120} INFO - ::group::Pre task execution logs
[2024-07-24T15:08:24.439+0900] {taskinstance.py:2076} INFO - Dependencies all met for dep_context=non-requeueable deps ti=<TaskInstance: import_db.to_csv scheduled__2024-07-18T00:00:00+00:00 [queued]>
[2024-07-24T15:08:24.441+0900] {taskinstance.py:2076} INFO - Dependencies all met for dep_context=requeueable deps ti=<TaskInstance: import_db.to_csv scheduled__2024-07-18T00:00:00+00:00 [queued]>
[2024-07-24T15:08:24.441+0900] {taskinstance.py:2306} INFO - Starting attempt 1 of 1
[2024-07-24T15:08:24.445+0900] {taskinstance.py:2330} INFO - Executing <Task(BashOperator): to_csv> on 2024-07-18 00:00:00+00:00
[2024-07-24T15:08:24.448+0900] {standard_task_runner.py:64} INFO - Started process 94782 to run task
[2024-07-24T15:08:24.450+0900] {standard_task_runner.py:90} INFO - Running: ['airflow', 'tasks', 'run', 'import_db', 'to_csv', 'scheduled__2024-07-18T00:00:00+00:00', '--job-id', '263', '--raw', '--subdir', 'DAGS_FOLDER/import_db.py', '--cfg-path', '/var/folders/qv/0knwm5h50ml0skpppwpbks_r0000gp/T/tmptt5gceg1']
[2024-07-24T15:08:24.452+0900] {standard_task_runner.py:91} INFO - Job 263: Subtask to_csv
[2024-07-24T15:08:24.466+0900] {task_command.py:426} INFO - Running <TaskInstance: import_db.to_csv scheduled__2024-07-18T00:00:00+00:00 [running]> on host jeongui-MacBookPro.local
[2024-07-24T15:08:24.486+0900] {taskinstance.py:2648} INFO - Exporting env vars: AIRFLOW_CTX_DAG_OWNER='airflow' AIRFLOW_CTX_DAG_ID='import_db' AIRFLOW_CTX_TASK_ID='to_csv' AIRFLOW_CTX_EXECUTION_DATE='2024-07-18T00:00:00+00:00' AIRFLOW_CTX_TRY_NUMBER='1' AIRFLOW_CTX_DAG_RUN_ID='scheduled__2024-07-18T00:00:00+00:00'
[2024-07-24T15:08:24.487+0900] {taskinstance.py:430} INFO - ::endgroup::
[2024-07-24T15:08:24.492+0900] {subprocess.py:63} INFO - Tmp dir root location: /var/folders/qv/0knwm5h50ml0skpppwpbks_r0000gp/T
[2024-07-24T15:08:24.493+0900] {subprocess.py:75} INFO - Running command: ['/bin/bash', '-c', '\n            echo "to.csv"\n\n            U_PATH=~/data/count/20240718/count.log\n            CSV_PATH=~/data/csv/20240718\n            CSV_FILE=~/data/csv/20240718/csv.csv\n\n            mkdir -p $CSV_PATH\n            cat $U_PATH | awk \'{print "^2024-07-18^,^" $2 "^,^" $1 "^"}\' > ${CSV_FILE}\n            echo "transfer done"\n            ']
[2024-07-24T15:08:24.496+0900] {subprocess.py:86} INFO - Output:
[2024-07-24T15:08:24.497+0900] {subprocess.py:93} INFO - to.csv
[2024-07-24T15:08:24.500+0900] {subprocess.py:93} INFO - transfer done
[2024-07-24T15:08:24.501+0900] {subprocess.py:97} INFO - Command exited with return code 0
[2024-07-24T15:08:24.501+0900] {taskinstance.py:441} INFO - ::group::Post task execution logs
[2024-07-24T15:08:24.508+0900] {taskinstance.py:1206} INFO - Marking task as SUCCESS. dag_id=import_db, task_id=to_csv, run_id=scheduled__2024-07-18T00:00:00+00:00, execution_date=20240718T000000, start_date=20240724T060824, end_date=20240724T060824
[2024-07-24T15:08:24.512+0900] {local_task_job_runner.py:243} INFO - Task exited with return code 0
[2024-07-24T15:08:24.520+0900] {taskinstance.py:3503} INFO - 1 downstream tasks scheduled from follow-on schedule check
[2024-07-24T15:08:24.520+0900] {local_task_job_runner.py:222} INFO - ::endgroup::
